"pcp-dstat 5.3.6 CSV Output"
"Author:","PCP team <pcp@groups.io> and Dag Wieers <dag@wieers.com>",,,,"URL:","https://pcp.io/ and http://dag.wieers.com/home-made/dstat/"
"Host:","ubuntu",,,,"User:","ubuntu"
"Cmdline:","dstat -tcmndrylpg --tcp --output /tmp/devstack_logs/dstat-csv.log",,,,"Date:","28 Aug 2024 11:22:30 UTC"
"system","total usage",,,,,"memory usage",,,,"net/total",,"dsk/total",,"io/total",,"system",,"load avg",,,"procs",,,"paging",,"tcp sockets",,,,
"time","total usage:usr","total usage:sys","total usage:idl","total usage:wai","total usage:stl","used","free","buf","cach","net/total:recv","net/total:send","dsk/total:read","dsk/total:writ","read","writ","int","csw","1m","5m","15m","run","blk","new","in","out","lis","act","syn","tim","clo"
28-08 11:22:30,,1041728,1353012,168556,5227708,,,,,,,1.910,1.080,0.580,1,0,,,,9,6,6,10,2
28-08 11:22:31,20.706,20.207,56.880,0.249,0,1051664,1340984,168620,5229624,332258.277,14294.724,0,2231.274,0,86.816,3408,5612,1.910,1.080,0.580,2,0,389.176,0,0,9,6,6,10,2
28-08 11:22:32,18.278,21.534,59.343,0.501,0,1056764,1334872,168664,5230428,384075.774,16934.401,0,1418.211,0,56.087,2955,4540,1.910,1.080,0.580,2,0,339.529,0,0,9,6,6,10,2
28-08 11:22:33,38.761,21.506,38.011,0.250,0,1060120,1317392,168688,5244364,483795.301,13841.014,148.043,4013.164,2.001,61.018,5139,10600,1.910,1.080,0.580,3,0,323.094,0,0,9,4,6,10,2
28-08 11:22:34,41.211,17.733,38.963,0.250,0,1204868,1171308,168688,5370028,11456.105,3637.541,263.749,535.491,2.997,23.977,3572,6933,2,1.110,0.590,2,0,137.869,0,0,10,5,6,10,2
28-08 11:22:35,34.967,11.489,52.450,0,0,1133524,1226300,168816,5385624,2385120.291,25556.798,383.637,3864.340,2.997,60.942,3005,3014,2,1.110,0.590,3,0,134.872,0,0,10,6,6,10,2
28-08 11:22:36,36.737,12.496,48.982,0.750,0,1181752,1153832,169348,5405972,6441.687,1693.392,79.971,4654.329,1.000,184.934,3041,4310,2,1.110,0.590,2,0,189.932,0,0,10,6,6,12,2
28-08 11:22:37,44.005,5.251,50.256,0.500,0,1219312,1082844,170756,5434108,4432.541,1694.207,0,4992.609,0,135.016,1729,2082,2,1.110,0.590,2,0,0,0,0,10,6,6,12,2
28-08 11:22:38,34.311,6.512,49.338,10.769,0,1202888,1104732,171452,5427912,13791.632,4435.923,0,40540.405,0,3070.484,14846,23600,2,1.110,0.590,4,0,55.098,0,0,10,6,6,12,0
28-08 11:22:39,40.987,11.496,41.987,4.998,0,1141992,1162044,171720,5431172,6066.077,1661.473,0,42250.607,0,3016.044,17808,35356,2.080,1.140,0.600,2,0,107.966,0,0,10,4,6,12,0
28-08 11:22:40,45.254,7.501,46.504,0,0,1173536,1130344,171720,5431320,7006.617,1628.143,0,1960.172,0,32.003,8437,16395,2.080,1.140,0.600,2,0,14.001,0,0,10,4,6,12,0
28-08 11:22:41,44.697,5.743,49.191,0,0,1116012,1187864,171720,5431236,6172.642,1564.136,0,739.119,0,26.968,1375,1570,2.080,1.140,0.600,2,0,21.974,0,0,10,4,6,12,0
28-08 11:22:42,29.237,3.748,65.971,0.750,0,1153924,1149940,171728,5431220,8247.371,1619.288,0,6525.129,0,358.842,1987,2498,2.080,1.140,0.600,1,0,51.977,0,0,10,4,6,12,0
28-08 11:22:43,13.014,15.016,70.825,0,0,1082816,1220852,171728,5431244,7127.548,1663.762,0,31781.657,0,81.086,2454,3495,2.080,1.140,0.600,1,0,263.279,0,0,10,4,6,12,0
28-08 11:22:44,10.490,19.231,69.182,0,0,1081908,1221708,171728,5431272,5596.510,1618.412,0,35.965,0,8.991,2688,4069,1.990,1.140,0.600,2,0,343.663,0,0,10,4,6,12,0
28-08 11:22:45,17.789,15.534,66.397,0,0,1083772,1219528,171728,5431716,5098.277,1771.919,0,12.027,0,3.007,4410,9211,1.990,1.140,0.600,2,0,181.401,0,0,10,4,6,12,0
28-08 11:22:46,44.246,9.999,44.496,0,0,1198588,1104668,171728,5431932,5771.452,1619.846,0,0,0,0,1900,2367,1.990,1.140,0.600,3,0,129.988,0,0,10,5,6,12,0
28-08 11:22:47,47.251,4.500,48.251,0,0,1253300,1048508,171748,5433468,5460.164,1620.049,0,1732.052,0,31.001,1150,3368,1.990,1.140,0.600,4,0,0,0,0,10,5,6,12,0
28-08 11:22:48,19.956,8.731,70.346,0,0,1272420,1027688,171768,5435028,10028.976,1550.595,0,22378.856,0,83.816,1945,3581,1.990,1.140,0.600,1,0,117.741,0,0,10,4,6,12,0
28-08 11:22:49,0.250,0.500,98.236,0,0,1272420,1027688,171768,5435028,5246.229,1565.770,0,1603.764,0,13.998,732,1322,1.830,1.120,0.600,1,0,0,0,0,10,4,6,12,0
28-08 11:22:50,19.295,4.260,76.177,0,0,1338148,961956,171788,5435032,7669.871,1623.783,0,453.056,0,27.063,1192,1554,1.830,1.120,0.600,3,0,22.051,0,0,10,4,6,12,0
28-08 11:22:51,24.218,1.248,73.653,0.499,0,1376720,923148,171792,5435252,6525.413,1617.871,0,359.527,0,28.962,1123,1867,1.830,1.120,0.600,1,0,0.999,0,0,10,10,6,12,0
28-08 11:22:52,21.451,5.737,70.837,0.998,0,1306040,993724,171860,5435288,6813.289,1616.273,0,3332.316,0,310.284,3071,5218,1.830,1.120,0.600,1,0,43.899,0,0,10,4,6,14,0
28-08 11:22:53,22.782,4.256,71.851,0,0,1346672,952648,171876,5435676,6950.773,1696.385,0,35061.296,0,96.135,1854,2771,1.830,1.120,0.600,2,0,1.001,0,0,10,16,6,14,0
28-08 11:22:54,21.046,4.510,73.411,0.501,0,1330072,968896,171880,5435936,6456.184,1697.730,232.511,577.268,58.128,18.040,1592,2173,1.770,1.120,0.600,1,0,45.099,0,0,10,28,6,14,0
28-08 11:22:55,20.499,9.749,69.496,0,0,1305032,993932,171880,5435940,5040.733,1511.920,0,11.999,0,3.000,1880,2810,1.770,1.120,0.600,4,0,155.992,0,0,10,28,6,14,0
28-08 11:22:56,44.717,5.996,49.213,0,0,1420240,878648,171880,5436008,5919.602,1618.797,0,0,0,0,1600,2398,1.770,1.120,0.600,2,0,0,0,0,10,30,6,14,0
28-08 11:22:57,57.295,17.263,24.769,0,0,1434084,864384,171892,5436376,7459.796,1567.218,0,1104.858,0,169.131,4471,9068,1.770,1.120,0.600,5,0,419.326,0,0,10,28,6,19,0
28-08 11:22:58,81.245,16.999,2.250,0.250,0,1622696,675680,171892,5436460,6947.597,1619.906,0,4887.717,0,39.998,5169,9357,1.770,1.120,0.600,6,0,158.991,0,0,10,31,6,19,0
28-08 11:22:59,63.995,12.749,23.248,0,0,1433792,864320,171892,5436692,5681.557,1619.874,0,739.942,0,55.996,4350,9015,2.190,1.220,0.640,3,0,199.984,0,0,10,28,6,19,0
28-08 11:23:00,23.248,8.499,67.244,0,0,1344932,953036,171900,5436828,5701.464,1619.848,0,243.977,0,20.998,2320,3870,2.190,1.220,0.640,1,0,109.990,0,0,10,28,6,19,0
28-08 11:23:01,21.703,4.490,72.093,0.249,0,1311960,985996,171908,5436824,4800.530,1690.313,0,1209.362,0,25.943,2020,4312,2.190,1.220,0.640,3,0,34.924,0,0,10,28,6,20,0
28-08 11:23:02,19.535,7.012,73.380,0.250,0,1375396,922492,171916,5436848,5520.755,1630.882,0,376.666,0,17.030,1202,1668,2.190,1.220,0.640,1,0,35.062,0,0,10,29,6,19,0
28-08 11:23:03,16.725,12.981,70.146,0.250,0,1309736,988140,171916,5436860,6120.935,1711.465,0,3646.599,0,36.945,2657,4500,2.190,1.220,0.640,2,0,150.777,0,0,10,28,6,19,0
28-08 11:23:04,13.258,22.013,62.287,0.250,0,1315984,981844,171916,5436980,6289.705,1620.955,0,292.172,0,15.009,3181,7166,2.090,1.210,0.640,1,0,391.230,0,0,10,28,6,19,0
28-08 11:23:05,58.328,27.286,13.768,0,0,1492036,805796,171920,5436884,5251.000,1568.090,0,236.315,0,22.029,2647,4315,2.090,1.210,0.640,5,0,525.701,0,0,10,28,6,19,0
28-08 11:23:06,79.226,11.996,8.497,0,0,1616792,680804,171928,5437104,5427.356,1661.497,0,1007.695,0,80.975,5144,12853,2.090,1.210,0.640,6,0,4.998,0,0,10,30,6,20,0
28-08 11:23:07,84.271,11.003,3.751,0.250,0,1466320,831072,171944,5437284,5229.323,1620.410,0,2732.691,0,186.047,3273,7210,2.090,1.210,0.640,5,0,141.036,0,0,10,28,6,20,0
28-08 11:23:08,77.751,16.500,4.250,0,0,1629108,667892,171948,5437672,5478.077,1620.023,0,71677.003,0,626.009,6618,13870,2.090,1.210,0.640,4,0,169.002,0,0,10,32,6,19,0
28-08 11:23:09,70.713,14.742,14.242,0,0,1441888,854744,171952,5438020,5460.117,1585.163,0,1403.259,0,19.989,6460,14455,2.160,1.240,0.650,2,0,199.894,0,0,10,29,6,20,0
28-08 11:23:10,41.943,9.737,47.435,0,0.250,1395524,901128,171964,5438048,5643.308,1617.795,0,487.336,0,35.951,3196,5516,2.160,1.240,0.650,2,0,97.867,0,0,10,28,5,22,0
28-08 11:23:11,43.562,6.760,48.319,0,0,1359204,937388,171984,5438088,6918.901,1622.322,0,400.573,0,27.039,4291,8249,2.160,1.240,0.650,2,0,37.053,0,0,10,28,5,23,0
28-08 11:23:12,53.256,18.502,28.753,0,0,1479568,816988,171988,5438116,7061.763,1620.175,0,348.038,0,22.002,2451,3525,2.160,1.240,0.650,3,0,343.037,0,0,10,28,5,23,0
28-08 11:23:13,62.778,14.507,23.010,0.250,0,1386584,909576,172004,5438492,8579.870,1566.707,0,496.224,0,51.023,4979,11389,2.160,1.240,0.650,4,0,258.116,0,0,10,28,5,24,0
28-08 11:23:14,81.470,11.746,5.998,0,0,1566392,729676,172004,5438552,10032.358,1619.412,0,1151.582,0,16.994,4129,6928,2.310,1.290,0.670,3,0,0,0,0,10,31,5,25,0
28-08 11:23:15,62.521,15.505,21.257,0,0,1414064,881864,172032,5438660,5378.791,1620.540,0,428.143,0,44.015,5037,12668,2.310,1.290,0.670,3,0,324.108,0,0,10,28,5,27,0
28-08 11:23:16,62.967,5.747,29.734,0,0,1508768,786888,172044,5438916,5679.990,1511.199,0,455.758,0,39.979,2683,7838,2.310,1.290,0.670,3,0,0,0,0,10,30,5,27,0
28-08 11:23:17,62.031,16.258,21.010,0.250,0,1481968,813532,172064,5439048,4650.311,1620.806,0,436.217,0,33.016,2573,5118,2.310,1.290,0.670,4,0,299.149,0,0,10,28,5,30,0
28-08 11:23:18,55.005,13.751,29.253,0,0,1399188,896156,172072,5439196,7049.634,1694.152,0,368.033,0,27.002,6201,13331,2.310,1.290,0.670,6,0,237.021,0,0,10,28,5,34,0
28-08 11:23:19,66.755,9.751,24.002,0,0,1510196,784664,172076,5439672,5638.389,1694.117,0,292.020,0,14.001,2430,3979,2.370,1.320,0.680,3,0,50.003,0,0,10,31,5,34,0
28-08 11:23:20,60.105,11.971,27.434,0,0,1450064,844420,172096,5440020,9845.234,1616.099,0,478.844,0,42.896,3867,7916,2.370,1.320,0.680,3,0,111.730,0,0,10,28,5,35,0
28-08 11:23:21,62.146,14.033,23.054,0,0,1348776,945632,172128,5440060,6048.250,1643.873,0,529.247,0,47.111,4358,10357,2.370,1.320,0.680,7,0,237.560,0,0,10,28,5,38,0
28-08 11:23:22,81.744,16.249,1.000,0,0,1568700,725512,172136,5440248,6891.483,1511.887,0,415.969,0,28.998,2525,4630,2.370,1.320,0.680,6,0,283.979,0,0,10,29,5,38,0
28-08 11:23:23,84.760,14.252,1.500,0,0,1463556,830408,172172,5440456,7292.824,1620.183,0,512.058,0,45.005,3821,8568,2.370,1.320,0.680,8,0,256.029,0,0,10,28,5,38,0
28-08 11:23:24,83.963,12.744,2.499,0,0,1494272,799420,172180,5440712,6554.129,1661.272,0,2195.039,0,47.979,4216,9731,2.820,1.430,0.720,6,0,195.914,0,0,10,30,5,38,0
28-08 11:23:25,77.785,19.009,3.001,0,0,1500048,793404,172192,5440928,5121.320,1620.734,0,232.105,0,10.005,3708,10323,2.820,1.430,0.720,5,0,327.148,0,0,10,30,5,38,0
28-08 11:23:26,49.500,22.750,26.750,0,0.250,1329008,964212,172196,5441148,6673.033,1694.008,0,244.001,0,14.000,7253,15323,2.820,1.430,0.720,3,0,632.003,0,0,10,28,5,38,0
28-08 11:23:27,8.979,22.447,66.591,0.249,0,1324756,968408,172196,5441188,5627.595,1616.150,0,203.515,0,10.974,2603,3529,2.820,1.430,0.720,1,0,367.126,0,0,10,28,5,35,0
28-08 11:23:28,9.987,20.223,68.408,0,0,1321848,971292,172196,5441212,7386.029,1843.511,0,479.353,0,18.974,2553,3382,2.820,1.430,0.720,1,0,293.604,0,0,10,28,6,35,0
28-08 11:23:29,50.938,31.366,17.314,0,0,1467220,825920,172204,5441200,5990.116,1537.677,0,847.128,0,60.222,3101,6422,2.750,1.440,0.730,8,0,907.350,0,0,10,28,6,35,0
28-08 11:23:30,74.753,20.251,4.250,0,0,1487112,805944,172212,5441272,6450.284,1620.071,0,412.018,0,34.001,4800,10230,2.750,1.440,0.730,9,0,360.016,0,0,10,29,6,35,0
28-08 11:23:31,79.505,17.751,2.250,0,0,1490016,802792,172236,5441492,7410.422,1736.099,0,628.036,0,57.003,5380,10493,2.750,1.440,0.730,6,0,265.015,0,0,10,28,6,35,0
28-08 11:23:32,83.473,11.746,3.999,0,0,1584572,707940,172252,5441724,5876.114,1619.480,0,211.932,0,10.996,4292,10530,2.750,1.440,0.730,8,0,121.961,0,0,10,30,6,35,0
28-08 11:23:33,81.012,13.502,5.501,0,0,1584328,707960,172264,5441932,6979.991,1704.242,0,536.076,0,44.006,9643,20314,2.750,1.440,0.730,9,0,39.006,0,0,10,30,6,35,0
28-08 11:23:34,80.759,16.252,2.500,0,0,1600596,691472,172296,5442112,5903.673,1694.193,0,1704.194,0,50.006,6467,23602,3.170,1.550,0.770,8,0,64.007,0,0,10,28,6,35,1
28-08 11:23:35,78.678,18.425,2.241,0,0,1602180,689400,172296,5442508,5112.102,1760.802,0,521.867,0,26.890,5177,12874,3.170,1.550,0.770,7,0,102.581,0,0,10,30,6,37,0
28-08 11:23:36,85.593,10.040,4.016,0.251,0,1578276,712604,172380,5443116,140864.727,10594.473,0,1196.798,0,53.213,4990,12630,3.170,1.550,0.770,7,0,92.370,0,0,10,32,6,37,0
28-08 11:23:37,80.254,15.251,4.500,0,0,1627224,662880,172512,5443588,41870.303,5297.291,0,1056.058,0,50.003,6620,16157,3.170,1.550,0.770,9,0,108.006,0,0,10,32,6,35,0
28-08 11:23:38,83.493,11.999,4.250,0,0,1583448,705224,172592,5444796,136865.914,5016.594,0,875.929,0,35.997,6670,17027,3.170,1.550,0.770,8,0,79.994,0,0,10,31,6,35,0
28-08 11:23:39,79.242,17.748,3.250,0,0,1606696,681636,172764,5444920,44235.355,9997.950,0,10490.898,0,347.963,5622,10255,3.480,1.640,0.800,6,0,127.987,0,0,10,32,6,35,0
28-08 11:23:40,80.765,11.752,7.251,0.250,0.250,1545148,742248,172924,5445592,65779.169,6963.288,0,1144.212,0,52.010,5845,12972,3.480,1.640,0.800,7,0,114.021,0,0,10,31,6,35,0
28-08 11:23:41,81.915,13.694,3.735,0,0,1596352,690232,172996,5446224,16389.916,5619.001,0,816.657,0,33.861,4875,11640,3.480,1.640,0.800,6,0,43.821,0,0,10,31,6,35,0
28-08 11:23:42,78.061,13.052,8.032,0,0,1592880,693340,173120,5446412,29005.616,8148.480,0,1678.691,0,109.436,5241,12371,3.480,1.640,0.800,6,0,141.564,0,0,10,31,6,35,0
28-08 11:23:43,84.753,12.500,2.750,0,0,1574576,709688,173240,5448196,333139.327,7980.271,0,1040.035,0,38.001,3979,7856,3.480,1.640,0.800,7,0,114.004,0,0,10,32,6,35,0
28-08 11:23:44,80.001,13.000,6.500,0,0,1625096,658652,173328,5448444,16549.132,5522.044,0,940.008,0,37.000,3506,12077,3.840,1.750,0.840,6,0,54.000,0,0,10,31,6,36,0
28-08 11:23:45,80.747,14.500,4.250,0,0,1555388,718708,173788,5456688,1417729.050,15718.513,0,2615.919,0,47.999,6769,12957,3.840,1.750,0.840,8,0,135.996,0,0,10,31,6,36,0
28-08 11:23:46,82.506,14.751,2.500,0,0,1585324,688188,173856,5456984,16378.163,5537.393,0,1072.076,0,49.003,4432,7556,3.840,1.750,0.840,6,0,149.011,0,0,10,32,6,36,0
28-08 11:23:47,80.990,11.749,6.249,0.250,0,1608528,664416,173976,5457292,26074.767,4789.406,0,1107.863,0,63.992,6521,13837,3.840,1.750,0.840,7,0,75.991,0,0,10,30,6,36,0
28-08 11:23:48,82.501,12.750,4.750,0,0,1535304,737012,174144,5457708,65273.110,7677.131,0,1248.021,0,60.001,3196,6352,3.840,1.750,0.840,7,0,142.002,0,0,10,30,6,36,0
28-08 11:23:49,77.753,12.500,8.750,0,0,1565168,706416,174224,5458232,36062.190,3313.109,0,944.031,0,52.002,6313,13148,3.930,1.800,0.860,7,0,55.002,0,0,10,32,6,38,0
28-08 11:23:50,80.993,14.999,4.250,0,0,1542056,729024,174372,5458532,80536.477,9310.246,0,1355.890,0,70.994,2968,5858,3.930,1.800,0.860,5,0,183.985,0,0,10,30,6,38,0
28-08 11:23:51,79.484,10.498,9.748,0,0,1580388,689028,174452,5459984,809110.605,12183.600,0,691.864,0,32.994,4806,11794,3.930,1.800,0.860,7,0,34.993,0,0,10,31,6,38,0
28-08 11:23:52,78.521,17.505,3.001,0.250,0,1589816,637444,174700,5500696,20919258.038,128587.976,0,23466.383,0,151.041,9259,6720,3.930,1.800,0.860,8,0,125.034,0,0,10,30,6,38,0
28-08 11:23:53,77.001,13.750,8.750,0.250,0,1524220,689072,174936,5513900,6675746.163,33036.595,0,8900.160,0,141.003,6772,9901,3.930,1.800,0.860,8,0,183.003,0,0,10,33,6,37,0
28-08 11:23:54,83.248,14.250,2.500,0,0,1616472,595736,175040,5514576,6595.815,1619.955,0,2347.934,0,37.999,4171,7944,4.100,1.870,0.890,7,0,75.998,0,0,10,34,6,37,0
28-08 11:23:55,81.503,14.000,4.000,0,0,1498732,712624,175108,5515264,7381.244,1620.053,72.002,868.029,1.000,18.001,3240,7217,4.100,1.870,0.890,6,0,141.005,0,0,10,34,6,37,0
28-08 11:23:56,82.491,12.999,4.500,0,0,1506192,704464,175144,5515800,6043.365,1619.830,0,803.916,0,48.995,4699,8711,4.100,1.870,0.890,9,0,97.990,0,0,10,34,6,37,0
28-08 11:23:57,80.252,15.000,3.500,0,0,1497724,711324,175224,5517284,5578.145,1620.042,0,2472.064,0,151.004,4873,9016,4.100,1.870,0.890,6,0,241.006,0,0,10,34,6,32,0
28-08 11:23:58,78.254,16.501,5.000,0,0,1549736,648880,175948,5525096,7454.343,1620.075,0,1736.080,0,39.002,5499,11537,4.100,1.870,0.890,7,0,86.004,0,0,10,35,6,32,0
28-08 11:23:59,79.251,14.000,8.000,0,0,1452684,745732,176028,5525308,6032.097,1586.025,0,6180.099,0,238.004,6245,11822,4.090,1.900,0.910,6,0,195.003,0,0,10,34,6,32,0
28-08 11:24:00,83.973,10.497,4.499,0,0,1564680,633092,176108,5525908,5410.274,1767.436,0,723.769,0,34.989,3458,6287,4.090,1.900,0.910,5,0,72.977,0,0,10,36,6,32,0
28-08 11:24:01,72.274,18.006,6.002,1.250,0,1459964,657580,177476,5598448,4999.670,1566.523,0,5845.953,0,225.075,5179,11455,4.090,1.900,0.910,5,0,242.081,0,0,10,34,6,32,0
28-08 11:24:02,64.240,13.248,23.996,0.500,0,1455844,605480,189208,5631240,6890.966,1693.746,0,13805.929,0,72.989,3860,8512,4.090,1.900,0.910,4,0,60.991,0,0,10,34,6,32,0
28-08 11:24:03,64.601,9.478,24.444,0.249,0,1525472,524924,190280,5638952,7091.661,1710.060,0,3200.626,0,45.894,1643,1972,4.090,1.900,0.910,5,0,32.924,0,0,10,35,6,32,0
28-08 11:24:04,66.912,14.034,18.795,0,0,1457924,592208,190296,5639204,7000.935,1623.928,0,493.193,0,23.056,12184,32368,4,1.920,0.920,3,0,115.279,0,0,10,34,6,35,0
28-08 11:24:05,60.185,14.235,24.723,0,0,1518792,531148,190296,5639380,4802.818,1618.254,0,719.224,0,26.971,2441,5422,4,1.920,0.920,5,0,0,0,0,10,35,6,34,0
28-08 11:24:06,56.562,19.021,24.026,0.250,0,1459920,636932,190300,5594516,7553.225,2044.226,0,1249.361,0,39.043,2873,4670,4,1.920,0.920,4,0,489.533,0,0,10,32,6,34,0
28-08 11:24:07,73.484,11.997,13.747,0,0,1523788,560652,190328,5607056,5275.882,1511.680,75.984,2143.546,1.000,32.993,6567,14791,4,1.920,0.920,4,0,183.961,0,0,10,32,6,35,0
28-08 11:24:08,50.193,24.472,24.223,0,0,1458176,625656,190340,5607548,6881.217,1692.086,0,375.575,0,18.979,3116,5051,4,1.920,0.920,4,0,588.335,0,0,10,32,6,34,0
28-08 11:24:09,43.309,9.513,48.065,0.250,0,1353888,728472,190340,5609020,6409.717,1642.233,0,400.545,0,23.031,3878,9347,3.840,1.920,0.930,3,0,141.192,0,0,10,32,6,37,0
28-08 11:24:10,26.481,11.492,61.455,0.250,0,1401128,681504,190344,5609200,5474.009,1618.820,0,18350.622,0,455.668,3028,3961,3.840,1.920,0.930,2,0,231.831,0,0,10,33,6,35,0
28-08 11:24:11,17.720,8.486,72.629,0,0,1370512,711984,190344,5609336,4962.707,1691.174,0,271.546,0,20.965,1645,2630,3.840,1.920,0.930,2,0,98.835,0,0,10,32,6,35,0
28-08 11:24:12,22.269,4.003,73.061,0,0,1337864,744608,190348,5609356,6756.649,1621.355,0,264.221,0,24.020,1793,3341,3.840,1.920,0.930,1,0,14.012,0,0,10,32,6,34,0
28-08 11:24:13,17.980,7.492,72.421,0.250,0,1384304,698156,190372,5609344,4975.582,1618.238,0,1326.555,0,84.908,1519,2184,3.840,1.920,0.930,1,0,81.911,0,0,10,32,6,34,0
28-08 11:24:14,23.263,5.003,71.789,0.250,0,1336248,746180,190376,5609372,7055.824,1512.820,0,192.104,0,22.012,2428,4572,3.620,1.910,0.930,1,0,30.016,0,0,10,32,6,34,0
28-08 11:24:15,21.742,3.499,73.225,0,0,1391276,690992,190384,5609524,5108.238,1767.390,0,143.950,0,7.997,1061,1600,3.620,1.910,0.930,1,0,0,0,0,10,32,6,34,0
28-08 11:24:16,20.750,6.750,71.998,0,0,1344024,738232,190388,5609532,5318.878,1661.962,0,107.998,0,7.000,2490,4820,3.620,1.910,0.930,1,0,55.999,0,0,10,32,6,30,0
28-08 11:24:17,22.539,3.256,73.377,0.250,0,1392876,689344,190392,5609564,8250.232,1568.706,0,116.200,0,7.012,1437,2290,3.620,1.910,0.930,2,0,0,0,0,10,33,6,30,0
28-08 11:24:18,18.213,7.984,72.352,0,0,1372576,709620,190400,5609580,5413.945,1616.699,0,223.544,0,23.951,1497,2160,3.620,1.910,0.930,1,0,90.815,0,0,10,32,6,26,0
28-08 11:24:19,21.013,5.253,72.296,0,0,1334144,748040,190404,5609588,6525.130,1621.026,0,208.132,0,20.013,2091,3459,3.410,1.890,0.930,1,0,45.029,0,0,10,32,6,27,0
28-08 11:24:20,20.999,5.250,72.998,0.500,0,1397980,684060,190412,5609724,9607.712,1511.955,0,3955.881,0,212.994,1403,1621,3.410,1.890,0.930,1,0,53.998,0,0,10,32,6,20,0
28-08 11:24:21,17.746,8.748,72.732,0,0,1346936,735100,190420,5609720,5782.583,1619.603,0,123.970,0,12.997,2237,3616,3.410,1.890,0.930,1,0,93.977,0,0,10,32,6,20,0
28-08 11:24:22,22.297,3.507,73.406,0,0,1389748,692288,190420,5609752,5160.952,1623.445,0,148.315,0,8.017,1387,2362,3.410,1.890,0.930,1,0,2.004,0,0,10,33,6,17,0
28-08 11:24:23,20.963,4.991,72.872,0,0,1368252,713764,190424,5609768,5956.576,1691.041,0,223.609,0,20.963,1521,3343,3.410,1.890,0.930,1,0,29.948,0,0,10,32,6,17,0
28-08 11:24:24,22.545,3.507,72.145,0.251,0,1393120,688872,190424,5609792,6123.326,1685.393,0,220.444,0,17.034,2074,4600,3.210,1.880,0.930,2,0,0,0,0,10,33,6,17,0
28-08 11:24:25,12.716,15.210,69.067,0.249,0,1329840,751708,190424,5610236,7287.739,1615.730,0,1508.014,0,43.884,2671,3720,3.210,1.880,0.930,1,0,265.299,0,0,10,32,6,17,0
28-08 11:24:26,35.507,11.502,51.261,0,0,1442888,638640,190444,5610236,6828.427,1620.339,0,396.083,0,26.005,2120,3109,3.210,1.880,0.930,2,0,220.046,0,0,10,32,6,19,0
28-08 11:24:27,39.753,10.251,47.254,3.250,0,1530308,547416,190676,5613764,4952.381,1512.116,0,9480.730,0,997.077,6090,10078,3.210,1.880,0.930,10,0,59.005,0,0,10,36,6,19,0
28-08 11:24:28,40.789,7.757,39.538,10.260,0,1479480,592768,191332,5618540,7931.591,1621.552,0,43701.823,0,4102.927,18304,31649,3.210,1.880,0.930,2,0,85.081,0,0,10,36,6,19,0
28-08 11:24:29,45.062,5.758,47.064,2.253,0,1500724,571928,191468,5617992,6461.827,1622.216,0,16750.882,0,1318.801,6256,9684,3.120,1.880,0.930,2,0,10.014,0,0,10,32,6,19,0
28-08 11:24:30,43.037,5.755,47.541,3.253,0,1484176,588076,191684,5618172,8491.252,1621.385,0,7690.568,0,1014.867,7758,12950,3.120,1.880,0.930,3,0,2.002,0,0,10,34,6,19,0
28-08 11:24:31,37.635,10.219,47.106,4.736,0,1459132,612500,191928,5618536,6942.817,1688.847,0,13108.007,0,1778.574,10982,19969,3.120,1.880,0.930,1,0,99.696,0,0,10,32,6,19,0
28-08 11:24:32,23.744,3.749,71.980,0.750,0,1411100,660484,191948,5618560,6636.188,1693.538,0,5818.412,0,317.913,1809,2567,3.120,1.880,0.930,1,0,2.999,0,0,10,32,6,19,0
28-08 11:24:33,22.295,3.257,73.648,0,0,1346608,724976,191948,5618560,6214.448,1569.143,0,52.104,0,7.014,1047,1323,3.120,1.880,0.930,1,0,3.006,0,0,10,32,6,19,0
28-08 11:24:34,22.966,3.495,72.394,0.250,0,1424200,647372,191964,5618556,6753.113,1509.790,0,1629.614,0,106.844,1261,1641,2.950,1.870,0.930,1,0,1.997,0,0,10,32,6,19,0
28-08 11:24:35,23.298,5.511,70.645,0,0,1366288,705312,191968,5618592,6574.517,1623.338,0,94273.827,0,320.659,2000,2175,2.950,1.870,0.930,3,0,7.014,0,0,10,32,6,19,0
28-08 11:24:36,22.196,4.240,72.823,0,0,1447960,623624,191968,5618600,5443.755,1616.068,0,16727.302,0,36.910,1053,1335,2.950,1.870,0.930,1,0,1.995,0,0,10,32,6,17,0
28-08 11:24:37,23.051,2.756,74.163,0,0,1390088,681484,191968,5618612,4927.846,1665.666,0,0,0,0,852,1079,2.950,1.870,0.930,1,0,1.002,0,0,10,32,6,17,0
28-08 11:24:38,22.994,2.499,73.731,0,0,1455068,616504,191968,5618612,4947.723,1619.582,0,0,0,0,880,1127,2.950,1.870,0.930,1,0,1.999,0,0,10,32,6,17,0
28-08 11:24:39,22.457,2.745,73.858,0,0,1388416,683108,191968,5618660,9479.742,1690.744,0,0,0,0,879,1082,2.790,1.850,0.930,1,0,0.998,0,0,10,32,6,17,0
28-08 11:24:40,23.000,3.500,73.249,0.250,0,1455192,616328,191984,5618648,6027.958,1565.989,0,2903.980,0,20.000,1101,1524,2.790,1.850,0.930,1,0,2.000,0,0,10,32,5,17,0
28-08 11:24:41,24.050,2.004,72.650,0.501,0,1405408,666000,191992,5618756,8493.539,1515.129,0,18618.447,0,427.884,1770,1338,2.790,1.850,0.930,1,0,1.002,0,0,10,32,5,17,0
28-08 11:24:42,22.703,2.245,74.097,0,0,1418860,652508,191992,5618796,9866.684,1616.671,0,3.992,0,0.998,974,1194,2.790,1.850,0.930,1,0,2.994,0,0,10,32,5,17,0
28-08 11:24:43,23.299,2.255,73.907,0,0,1350048,721300,191992,5618816,8122.219,1623.442,0,0,0,0,932,1104,2.790,1.850,0.930,1,0,3.006,0,0,10,32,5,17,0
28-08 11:24:44,23.245,2.250,73.984,0,0,1370532,700776,191996,5618848,7579.363,1619.650,0,0,0,0,876,1072,2.650,1.840,0.930,1,0,1.000,0,0,10,32,5,16,0
28-08 11:24:45,23.252,2.500,74.006,0,0,1451424,619884,191996,5618848,4845.407,1662.140,0,0,0,0,855,1077,2.650,1.840,0.930,1,0,2.000,0,0,10,32,5,16,0
28-08 11:24:46,16.500,9.250,72.999,0,0,1357936,713372,192008,5618836,6154.877,1619.968,0,107.998,0,2.000,1566,2165,2.650,1.840,0.930,1,0,135.997,0,0,10,32,5,16,0
28-08 11:24:47,10.502,19.753,68.511,0,0,1356008,715136,192008,5618996,6829.093,1620.259,0,736.118,0,8.001,2798,4130,2.650,1.840,0.930,2,0,392.063,0,0,10,32,5,16,0
28-08 11:24:48,8.993,19.235,69.945,0,0,1354272,716836,192012,5619024,6412.927,1572.756,0,475.624,0,8.993,2560,3797,2.650,1.840,0.930,2,0,321.745,0,0,10,32,5,16,0
28-08 11:24:49,9.000,21.251,69.504,0,0,1350344,720712,192012,5619060,7949.421,1694.090,0,92.005,0,1.000,2600,3789,2.510,1.820,0.940,1,0,334.018,0,0,10,32,5,16,0
28-08 11:24:50,12.239,14.237,71.437,0,0,1384864,686168,192012,5619084,8927.100,1618.568,0,163.855,0,10.990,2037,3037,2.510,1.820,0.940,1,0,190.831,0,0,10,32,5,16,0
28-08 11:24:51,23.003,2.750,73.758,0.250,0,1456700,614348,192012,5619068,5906.644,1620.177,0,328.036,0,23.003,1025,1327,2.510,1.820,0.940,1,0,2.000,0,0,10,32,5,14,0
28-08 11:24:52,22.489,2.999,73.715,0,0,1384408,686644,192012,5619064,8843.790,1693.194,0,15.992,0,1.000,912,1134,2.510,1.820,0.940,1,0,2.999,0,0,10,32,5,14,0
28-08 11:24:53,21.999,3.500,73.997,0,0,1450180,620872,192012,5619064,7435.695,1619.934,0,19.999,0,1.000,910,1131,2.510,1.820,0.940,1,0,2.000,0,0,10,32,5,14,0
28-08 11:24:54,23.247,2.250,73.990,0,0,1409064,661968,192012,5619084,6363.128,1511.793,0,3.999,0,1.000,852,1037,2.390,1.810,0.940,1,0,1.000,0,0,10,32,5,14,0
28-08 11:24:55,23.755,1.750,73.516,0,0,1450660,620388,192012,5619068,5967.313,1566.345,0,16.004,0,1.000,907,1101,2.390,1.810,0.940,1,0,2.000,0,0,10,32,5,13,0
28-08 11:24:56,22.745,3.499,73.233,0,0,1427928,643100,192012,5619088,6043.634,1693.617,0,239.946,0,4.999,963,1182,2.390,1.810,0.940,1,0,2.999,0,0,10,32,5,13,0
28-08 11:24:57,23.750,1.500,74.251,0,0,1363852,707128,192012,5619128,4649.093,1620.032,0,88.002,0,3.000,912,1138,2.390,1.810,0.940,1,0,1.000,0,0,10,32,5,13,0
28-08 11:24:58,21.994,3.499,73.230,0.250,0,1445772,625228,192012,5619108,8039.821,1845.500,0,283.923,0,9.997,1116,1447,2.390,1.810,0.940,1,0,1.999,0,0,10,32,6,13,0
28-08 11:24:59,22.770,2.502,73.815,0,0,1379224,691748,192012,5619132,6113.349,1695.484,0,20.018,0,1.001,894,1073,2.280,1.800,0.940,1,0,1.001,0,0,10,32,6,13,0
28-08 11:25:00,22.736,2.998,73.703,0,0,1446744,624240,192024,5619108,5669.417,1618.977,0,115.927,0,13.991,1118,1488,2.280,1.800,0.940,2,0,1.999,0,0,10,32,6,13,0
28-08 11:25:01,23.752,2.000,73.506,0,0,1393684,677264,192028,5619140,6652.532,1574.126,0,1968.157,0,31.002,1048,1316,2.280,1.800,0.940,2,0,1.000,0,0,10,32,6,13,0
28-08 11:25:02,22.747,3.499,73.739,0,0,1453684,617288,192028,5619116,4816.278,1619.757,0,23.996,0,1.000,968,1227,2.280,1.800,0.940,1,0,3.999,0,0,10,32,6,13,0
28-08 11:25:03,22.765,2.752,74.049,0,0,1401472,669472,192028,5619140,4782.195,1799.202,0,0,0,0,886,1087,2.280,1.800,0.940,1,0,1.001,0,0,10,32,6,12,0
28-08 11:25:04,27.483,7.246,63.462,0,0,1455552,615484,192032,5618872,5236.847,1692.981,0,91.945,0,0.999,1881,6198,2.180,1.780,0.940,1,0,178.892,0,0,10,32,6,13,0
28-08 11:25:05,23.262,2.751,74.038,0,0,1348180,722744,192032,5619140,4870.494,1768.906,0,12.006,0,1.001,851,1019,2.180,1.780,0.940,1,0,2.001,0,0,10,32,6,10,0
28-08 11:25:06,21.504,3.751,73.515,0,0,1427992,642932,192032,5619140,5088.013,1620.322,0,4.001,0,1.000,898,1117,2.180,1.780,0.940,1,0,2.000,0,0,10,32,6,10,0
28-08 11:25:07,23.247,3.000,74.242,0.250,0,1359960,710964,192032,5619140,5101.434,1619.820,0,967.893,0,143.984,1002,1109,2.180,1.780,0.940,1,0,1.000,0,0,10,32,6,10,0
28-08 11:25:08,22.239,3.248,73.964,0,0.250,1368668,702256,192032,5619140,12088.186,1457.299,0,19.990,0,1.000,940,1114,2.180,1.780,0.940,1,0,1.000,0,0,10,32,6,10,0
28-08 11:25:09,22.500,3.000,73.501,0,0,1443744,627192,192032,5619128,6627.060,1620.015,0,4.000,0,1.000,922,1121,2.080,1.770,0.940,1,0,2.000,0,0,10,32,6,7,0
28-08 11:25:10,16.019,11.514,71.584,0,0,1352356,718576,192032,5619132,6635.810,1621.909,0,224.264,0,13.015,1781,2537,2.080,1.770,0.940,1,0,161.190,0,0,10,32,6,7,0
28-08 11:25:11,12.734,19.226,66.917,0,0,1379580,691308,192040,5619164,6379.096,1617.995,0,954.817,0,72.910,2513,3714,2.080,1.770,0.940,1,0,315.609,0,0,10,32,6,6,0
28-08 11:25:12,23.750,1.500,73.749,0,0,1439852,630828,192040,5619372,5197.922,1619.976,0,4.000,0,1.000,885,1152,2.080,1.770,0.940,1,0,2.000,0,0,10,32,6,6,0
28-08 11:25:13,22.513,3.252,73.793,0,0,1421300,649316,192040,5619428,4631.710,1694.992,0,0,0,0,902,1146,2.080,1.770,0.940,1,0,9.005,0,0,10,32,6,5,0
28-08 11:25:14,18.025,11.516,69.596,0,0,1352452,718160,192040,5619432,5919.163,1696.339,0,0,0,0,1787,2550,2,1.760,0.940,1,0,188.260,0,0,10,32,6,5,0
28-08 11:25:15,7.236,20.461,70.117,0,0,1354664,715856,192040,5619524,5192.150,1455.239,0,119.773,0,4.991,2537,3597,2,1.760,0.940,1,0,306.419,0,0,10,32,6,4,0
28-08 11:25:16,9.502,21.256,68.768,0,0,1356364,714124,192040,5619556,8210.151,1620.425,0,428.112,0,8.002,2675,3808,2,1.760,0.940,1,0,347.091,0,0,10,32,6,4,0
28-08 11:25:17,10.009,20.518,69.810,0,0,1356076,714400,192040,5619580,4952.274,1621.399,0,16.014,0,4.003,2538,3590,2,1.760,0.940,1,0,311.269,0,0,10,32,6,4,0
28-08 11:25:18,8.734,19.714,69.123,0,0,1356232,714220,192040,5619592,7389.433,1617.031,0,738.644,0,8.984,2481,3476,2,1.760,0.940,1,0,303.443,0,0,10,32,6,4,0
28-08 11:25:19,9.262,19.276,69.592,0,0,1356392,714052,192040,5619600,4631.127,1622.146,0,829.097,0,9.012,2499,3607,1.920,1.740,0.940,2,0,322.427,0,0,10,32,6,3,0
28-08 11:25:20,8.257,22.769,68.056,0.250,0,1356948,713484,192048,5619604,7997.630,1695.405,0,1056.876,0,33.027,2836,4170,1.920,1.740,0.940,1,0,347.288,0,0,10,32,6,3,0
28-08 11:25:21,9.505,20.511,68.286,0.500,0,1358060,712348,192068,5619608,5543.916,1458.767,0,3982.095,0,167.088,3049,4501,1.920,1.740,0.940,1,0,355.187,0,0,10,32,6,3,0
28-08 11:25:22,7.996,19.991,70.968,0,0,1356000,714344,192068,5619672,5120.685,1619.268,0,99.955,0,4.998,2562,3753,1.920,1.740,0.940,1,0,321.855,0,0,10,32,6,3,0
28-08 11:25:23,10.753,18.505,70.018,0,0,1357472,712868,192068,5619676,4285.118,1620.423,0,144.038,0,6.002,2822,4249,1.920,1.740,0.940,1,0,398.104,0,0,10,32,6,3,0
28-08 11:25:24,20.264,23.766,55.288,0,0,1391936,678376,192076,5619696,4785.311,1663.151,0,572.396,0,27.019,3817,6188,1.760,1.710,0.930,4,0,637.441,0,0,10,32,6,5,0
28-08 11:25:25,69.500,26.500,3.750,0,0,1559748,498500,193148,5626940,5846.982,1661.995,3771.989,1379.996,20.000,62.000,9119,6793,1.760,1.710,0.930,4,0,644.998,0,0,10,32,6,10,0
28-08 11:25:26,73.478,16.495,8.497,2.499,0,1670676,378836,193416,5634428,5666.272,1619.506,399.878,18570.336,3.999,1364.584,7718,13943,1.760,1.710,0.930,1,1,85.974,0,0,10,38,6,11,0
28-08 11:25:27,56.497,13.999,18.499,10.249,0,1634172,403380,193928,5645528,5687.681,1619.909,0,74295.839,0,5846.673,21522,39547,1.760,1.710,0.930,4,0,194.989,0,0,10,36,6,9,0
28-08 11:25:28,59.021,14.505,16.006,9.253,0,1656920,370304,194568,5654868,10265.644,1620.575,0,86306.639,0,6367.260,24363,42056,1.760,1.710,0.930,6,0,95.034,0,0,10,37,6,9,0
28-08 11:25:29,48.991,11.748,26.245,12.998,0,1539064,479228,194968,5663052,5316.043,1585.715,0,68475.674,0,5712.972,21518,37832,1.940,1.750,0.950,3,1,134.976,0,0,10,34,6,9,0
28-08 11:25:30,37.709,13.985,36.210,12.486,0,1563252,446420,195616,5670724,5382.107,1712.125,0,65923.813,0,5174.334,23676,41812,1.940,1.750,0.950,2,0,207.772,0,0,10,35,6,9,0
28-08 11:25:31,38.037,7.007,42.541,9.760,0,1536264,468240,195908,5675452,4787.668,1621.581,0,37912.965,0,3437.351,17107,31677,1.940,1.750,0.950,2,1,51.050,0,0,10,34,6,10,0
28-08 11:25:32,38.761,8.252,41.011,11.503,0,1570440,433240,196048,5676056,8361.324,1694.471,0,52618.628,0,4384.219,17296,34420,1.940,1.750,0.950,3,0,20.006,0,0,10,35,6,11,0
28-08 11:25:33,36.999,8.750,42.249,10.750,0,1511728,490368,196304,5677332,9548.780,1619.963,0,62274.568,0,5256.879,25279,41976,1.940,1.750,0.950,3,0,98.998,0,0,10,34,6,13,0
28-08 11:25:34,41.751,7.250,40.251,10.000,0,1567036,432408,196444,5679804,7584.243,1620.052,0,39397.261,0,3595.115,18309,29638,1.950,1.760,0.960,2,0,38.001,0,0,10,35,6,13,0
28-08 11:25:35,41.665,7.485,42.414,9.231,0,1568140,427704,196596,5683124,6626.522,1616.712,0,37036.667,0,3538.802,18197,34327,1.950,1.760,0.960,2,0,52.892,0,0,10,34,6,17,0
28-08 11:25:36,36.531,10.509,40.284,12.511,0,1560012,431656,196872,5686880,5079.282,1621.367,0,58981.722,0,5182.369,16811,36306,1.950,1.760,0.960,6,0,72.061,0,0,10,36,6,17,0
28-08 11:25:37,39.294,8.009,41.296,10.762,0,1567684,420328,197052,5690256,5150.728,1587.766,0,52290.147,0,4581.094,17868,40078,1.950,1.760,0.960,2,0,96.107,0,0,10,37,6,19,0
28-08 11:25:38,39.245,8.249,41.745,10.249,0,1540952,444632,197136,5692524,8386.985,1639.802,0,51013.827,0,4278.482,17104,32875,1.950,1.760,0.960,3,0,78.990,0,0,10,36,6,20,0
28-08 11:25:39,38.653,6.484,40.648,12.469,0,1575912,414712,197268,5687372,5155.015,1689.744,0,45904.367,0,4533.580,18843,38057,2.030,1.780,0.970,2,1,8.977,0,0,10,36,6,22,0
28-08 11:25:40,39.106,11.281,44.371,3.760,0,1452608,537744,197288,5687624,6429.462,1624.412,0,21482.346,0,1570.265,7077,11714,2.030,1.780,0.970,2,0,185.504,0,0,10,32,6,23,0
28-08 11:25:41,22.194,6.982,69.575,0.249,0,1421968,568200,197292,5687804,7602.833,1689.740,0,1013.445,0,68.826,2151,3480,2.030,1.780,0.970,1,0,129.673,0,0,10,32,6,23,0
28-08 11:25:42,24.003,2.500,72.260,0,0,1452432,537736,197292,5687804,7037.943,1620.217,0,868.116,0,27.004,1883,3603,2.030,1.780,0.970,1,0,2.000,0,0,10,32,6,26,0
28-08 11:25:43,20.791,5.260,73.394,0,0,1447720,542420,197296,5687828,6592.942,1623.186,0,472.928,0,31.061,1204,1647,2.030,1.780,0.970,1,0,43.085,0,0,10,32,6,26,0
28-08 11:25:44,19.961,9.482,71.361,0.499,0,1396772,593356,197296,5687840,7834.777,1509.068,0,419.186,0,31.938,2636,4574,1.950,1.760,0.970,3,0,97.810,0,0,10,32,6,27,0
28-08 11:25:45,9.504,19.758,68.026,0,0,1392584,597496,197300,5687884,5483.116,1810.699,0,400.154,0,21.008,2426,3229,1.950,1.760,0.970,1,0,295.114,0,0,10,32,6,27,0
28-08 11:25:46,11.774,19.790,66.132,0,0,1394000,595976,197300,5688020,5836.685,1569.141,0,525.051,0,34.068,2777,4111,1.950,1.760,0.970,2,0,372.746,0,0,10,32,6,29,0
28-08 11:25:47,63.964,10.244,25.236,0.250,0,1577172,412420,197308,5688392,5530.908,1619.095,0,2662.512,0,185.896,2436,3122,1.950,1.760,0.970,3,0,113.936,0,0,10,32,6,33,0
28-08 11:25:48,66.462,8.495,24.236,0.250,0,1729108,258028,197368,5690588,6326.337,1661.038,0,2990.269,0,153.911,1880,2000,1.950,1.760,0.970,3,0,0,0,0,10,32,6,33,0
28-08 11:25:49,45.029,10.257,35.773,7.505,0,1784892,190756,197608,5701212,8725.645,1621.049,0,59106.242,0,4408.853,18895,31984,2.030,1.790,0.980,3,0,147.095,0,0,10,38,6,33,0
28-08 11:25:50,36.000,8.500,41.500,13.000,0,1789628,174404,197776,5712272,13167.921,1661.990,0,78075.532,0,6172.963,26853,45240,2.030,1.790,0.980,7,1,239.999,0,0,10,38,6,33,0
28-08 11:25:51,38.253,11.001,36.503,12.751,0,1668180,285428,197912,5722200,7232.651,1512.136,0,83907.552,0,6551.590,27435,46202,2.030,1.790,0.980,1,1,219.020,0,0,10,36,6,33,0
28-08 11:25:52,46.017,8.753,31.011,12.755,0,1719808,222000,198012,5733544,6556.360,1620.583,0,79096.475,0,6006.162,24394,41025,2.030,1.790,0.980,3,0,168.061,0,0,10,36,6,33,0
28-08 11:25:53,46.242,10.998,27.995,14.747,0,1778056,149732,198104,5746892,7556.655,1693.699,0,106293.080,0,7228.713,26599,44602,2.030,1.790,0.980,4,2,8.998,0,0,10,36,6,33,0
28-08 11:25:54,50.999,10.250,29.749,8.500,0,1673844,247224,198176,5753288,6469.812,1639.952,0,64754.122,0,5100.852,21175,35347,2.190,1.820,1,2,0,110.997,0,0,10,34,6,33,0
28-08 11:25:55,16.004,15.004,66.766,0,0,1413704,507260,198180,5753364,7373.770,1620.389,0,692.166,0,39.009,2279,3152,2.190,1.820,1,1,0,249.060,0,0,10,32,6,33,0
28-08 11:25:56,21.698,4.240,72.327,0.748,0,1473936,447016,198180,5753376,6036.573,1616.137,0,7593.851,0,340.187,1681,2532,2.190,1.820,1,1,0,0.998,0,0,10,32,6,33,0
28-08 11:25:57,22.442,2.743,74.059,0,0,1523420,397472,198180,5753408,6146.161,1615.836,0,3455.096,0,17.954,798,1214,2.190,1.820,1,1,0,0,0,0,10,36,6,33,0
28-08 11:25:58,22.863,3.266,73.110,0.502,0,1428444,492440,198180,5753412,4809.673,1519.479,0,393.939,0,12.059,1265,1692,2.190,1.820,1,2,0,27.134,0,0,10,32,6,33,0
28-08 11:25:59,22.750,2.750,73.751,0,0,1492696,428180,198180,5753416,10716.096,1620.015,0,32.000,0,4.000,918,1126,2.090,1.810,1,1,0,1.000,0,0,10,32,6,33,0
28-08 11:26:00,21.221,4.744,73.400,0,0,1406164,514712,198184,5753412,5786.085,1617.787,0,547.251,0,44.939,1390,2012,2.090,1.810,1,2,0,38.947,0,0,10,32,6,33,0
28-08 11:26:01,15.271,35.300,49.319,0,0,1415376,505484,198188,5753424,5731.052,1696.383,0,368.518,0,32.045,4899,8309,2.090,1.810,1,3,0,1053.480,0,0,10,32,6,33,0
28-08 11:26:02,13.466,32.916,52.367,0,0,1415184,505572,198188,5753524,5152.870,1635.832,0,219.441,0,29.924,4467,7480,2.090,1.810,1,1,0,946.588,0,0,10,32,6,33,0
28-08 11:26:03,6.755,11.758,80.054,0.250,0,1401140,519032,198220,5754048,5311.569,1715.153,516.347,116.078,7.005,3.002,1978,2724,2.090,1.810,1,1,0,162.109,0,0,11,12,6,33,20
28-08 11:26:04,13.019,22.032,65.093,0,0,1399644,520132,198220,5757536,6343.071,1622.320,0,16.023,0,4.006,3145,5925,1.930,1.780,0.990,2,0,362.518,0,0,11,12,6,34,20
28-08 11:26:05,14.969,18.213,64.618,0,0,1405684,514096,198220,5754540,5305.151,1508.914,0,15.967,0,3.992,3911,8018,1.930,1.780,0.990,1,0,209.571,0,0,11,12,6,34,20
28-08 11:26:06,21.508,20.258,57.771,0,0,1446312,472936,198236,5754824,5689.111,1620.601,0,8.003,0,2.001,2916,4743,1.930,1.780,0.990,2,0,313.116,0,0,13,12,6,33,20
28-08 11:26:07,9.495,20.739,68.714,0,0,1449644,469440,198236,5754948,6931.333,1619.143,0,23.987,0,5.997,2486,3612,1.930,1.780,0.990,2,0,272.856,0,0,13,12,6,33,20
28-08 11:26:08,23.793,17.532,56.602,0,0,1480036,438812,198236,5755120,7930.354,1622.938,0,300.544,0,4.007,4340,6697,1.930,1.780,0.990,2,0,191.346,0,0,13,12,6,33,20
28-08 11:26:09,10.987,21.974,65.671,0,0,1493908,424692,198236,5755332,6579.118,1638.038,0,15.981,0,3.995,2775,4224,1.770,1.750,0.980,2,0,315.622,0,0,15,12,6,33,20
28-08 11:26:10,14.992,18.989,64.464,0,0,1506236,412324,198236,5755608,5579.853,1619.087,0,603.660,0,36.979,5485,9531,1.770,1.750,0.980,1,0,224.873,0,0,15,12,5,33,20
28-08 11:26:11,52.630,15.539,31.328,0.251,0,1709112,209436,198268,5755352,7426.403,1515.756,0,665.649,0,7.017,2488,3388,1.770,1.750,0.980,13,0,98.243,0,0,17,12,5,33,20
28-08 11:26:12,80.004,20.501,0.250,0,0,1949112,127240,195964,5601188,4842.252,1620.084,1044.054,5908.307,23.001,365.019,3053,3613,1.770,1.750,0.980,8,0,56.003,0,0,17,12,5,33,20
28-08 11:26:13,19.210,15.967,62.620,0,0,1906628,178036,195952,5592988,5694.185,1616.645,1576.728,7.983,26.944,1.996,2470,3644,1.770,1.750,0.980,3,0,196.592,0,0,17,12,5,33,20
28-08 11:26:14,9.513,20.028,68.345,0.501,0,1911044,172104,195952,5594504,6355.822,1664.310,1253.740,24.033,62.086,6.008,2720,3955,1.710,1.740,0.990,3,0,252.350,0,0,17,12,5,33,20
28-08 11:26:15,15.476,18.221,63.899,0.499,0,1923732,156800,195952,5597508,5891.673,1617.440,2543.973,11.981,46.926,2.995,4696,10204,1.710,1.740,0.990,1,0,170.730,0,0,17,12,5,33,20
28-08 11:26:16,24.806,11.777,61.389,1.002,0,1961760,129628,195936,5586304,4744.718,1623.668,3223.281,2758.231,102.231,278.629,2821,3889,1.710,1.740,0.990,2,0,142.322,0,0,17,12,5,33,20
28-08 11:26:17,10.472,8.477,79.286,0,0,1988112,119580,195884,5570304,4055.080,1561.794,502.646,0,16.954,0,1725,2661,1.710,1.740,0.990,1,0,91.753,0,0,18,12,5,34,20
28-08 11:26:18,22.303,5.263,71.170,0.251,0,2037064,130920,195392,5511376,4745.332,1515.619,1246.978,1423.399,90.215,180.431,2169,2896,1.710,1.740,0.990,1,0,0,0,0,18,13,5,34,14
28-08 11:26:19,23.712,5.741,70.888,0.499,0,1995772,170808,195392,5512856,5612.110,1691.321,1561.527,523.171,40.935,44.929,2420,4766,1.730,1.740,0.990,1,0,39.937,0,0,18,18,5,39,0
28-08 11:26:20,9.752,20.005,66.765,0.250,0,1999732,166480,195392,5513192,10063.284,1694.385,204.046,404.092,7.002,27.006,3065,4520,1.730,1.740,0.990,2,0,296.067,0,0,18,18,5,39,0
28-08 11:26:21,9.253,18.255,69.771,0.250,0,2002612,163440,195392,5513352,5371.579,1620.476,0,116.034,0,8.002,2674,3892,1.730,1.740,0.990,1,0,253.074,0,0,18,18,5,39,0
28-08 11:26:22,11.006,20.262,67.289,0.250,0,2004012,161644,195396,5513744,8497.895,1694.976,396.228,96.055,15.009,10.006,2785,4209,1.730,1.740,0.990,3,0,268.154,0,0,18,18,5,39,0
28-08 11:26:23,10.255,19.010,68.537,0.250,0,2006296,157664,195396,5515784,4858.590,1620.864,1664.887,24.013,24.013,6.003,2977,5334,1.730,1.740,0.990,1,0,219.117,0,0,18,18,5,39,0
28-08 11:26:24,29.759,16.005,54.266,0,0,2049628,130044,195404,5500556,6440.868,1500.435,1972.572,2204.639,34.010,291.084,4838,8876,1.670,1.730,0.990,3,0,194.056,0,0,18,19,5,39,0
28-08 11:26:25,43.478,7.996,47.476,0,0,2150544,127328,195408,5404424,4787.577,1619.181,259.869,155.921,15.992,3.998,1584,2066,1.670,1.730,0.990,2,0,0,0,0,18,19,5,34,0
28-08 11:26:26,46.320,7.679,44.338,0.495,0,2220816,124472,195300,5338700,6686.872,1678.406,733.188,5909.099,96.107,311.109,6158,14461,1.670,1.730,0.990,2,0,5.945,0,0,18,35,5,34,0
28-08 11:26:27,35.665,10.298,51.740,0.251,0,2248888,145008,195352,5290524,5653.225,1627.550,20.093,2141.936,2.009,100.466,2400,3455,1.670,1.730,0.990,2,0,140.652,0,0,18,34,5,32,0
28-08 11:26:28,15.285,7.517,75.674,0.501,0,2269904,122680,195368,5291840,6208.242,2295.265,1323.035,260.598,46.106,14.032,2133,3270,1.670,1.730,0.990,0,0,119.274,0,0,18,35,5,32,0
28-08 11:26:29,4.762,1.504,93.232,0,0,2279472,127216,195496,5277952,183587.132,5852.573,128.320,846.107,3.007,110.275,1522,2045,1.540,1.700,0.990,1,0,0,0,0,18,34,5,33,0
28-08 11:26:30,16.239,9.743,68.704,3.248,0,2332380,128704,195584,5224784,5685.191,1618.915,4996.652,9349.736,183.877,589.605,4170,5924,1.540,1.700,0.990,2,0,69.953,0,0,18,34,5,33,0
28-08 11:26:31,17.497,10.248,70.737,1.500,0,2348436,150288,195632,5188288,5642.973,1457.735,2751.499,1111.798,486.911,8.998,2449,2745,1.540,1.700,0.990,1,0,34.994,0,0,18,34,5,33,0
28-08 11:26:32,13.757,13.257,72.287,0,0,2366708,131712,195632,5188368,6146.104,1620.819,0,120.061,0,4.002,2140,2857,1.540,1.700,0.990,1,0,69.035,0,0,18,34,5,33,0
28-08 11:26:33,20.752,6.001,71.008,0.250,0,2376728,120960,195648,5189024,7189.805,1704.191,500.056,0,15.002,0,1537,2051,1.540,1.700,0.990,1,0,34.004,0,0,18,34,5,31,0
28-08 11:26:34,21.481,4.746,72.686,0,0,2372884,128016,195652,5186064,6428.343,1692.511,23.979,0,3.996,0,1447,2154,1.500,1.690,0.990,1,0,25.977,0,0,18,34,5,31,0
28-08 11:26:35,19.484,7.994,71.192,0.500,0,2317592,232568,195964,5137452,5933.176,1692.624,795.353,3.997,65.946,0.999,2045,2942,1.500,1.690,0.990,0,1,96.921,0,0,18,34,5,28,0
28-08 11:26:36,16.038,13.282,68.915,1.002,0,2317584,229020,195968,5141344,7780.611,1623.884,3307.913,6603.796,212.508,339.813,6149,11833,1.500,1.690,0.990,6,0,245.587,0,0,18,34,5,28,0
28-08 11:26:37,6.482,3.989,87.263,0.249,0,2315616,230496,195972,5141476,6490.353,1615.607,442.796,43.881,19.946,3.989,2811,4837,1.500,1.690,0.990,0,0,54.851,0,0,18,34,5,26,0
28-08 11:26:38,3.502,1.251,95.308,0,0,2315868,230244,195972,5141476,4972.018,1458.886,0,4.002,0,1.001,1006,1790,1.500,1.690,0.990,0,0,3.002,0,0,18,34,5,26,0
28-08 11:26:39,2.249,0.250,96.449,0,0,2315848,230244,195972,5141492,5110.302,1619.145,11.994,0,0.999,0,1055,1770,1.380,1.660,0.980,0,0,2.998,0,0,18,34,5,23,0
28-08 11:26:40,1.000,0.750,96.494,0,0,2315848,230244,195972,5141492,5560.644,1619.896,0,4.000,0,1.000,1014,1802,1.380,1.660,0.980,0,0,1.000,0,0,18,34,5,23,0
28-08 11:26:41,8.270,8.521,82.201,0,0,2251580,294316,195976,5142024,5617.707,1623.962,68.166,0,4.010,0,2680,5323,1.380,1.660,0.980,1,0,167.408,0,0,18,34,5,20,0
28-08 11:26:42,16.736,13.739,67.943,0,0,2306268,239576,195976,5141708,6425.628,1618.647,51.957,103.913,3.997,3.997,4273,8128,1.380,1.660,0.980,1,0,260.782,0,0,18,34,5,20,0
28-08 11:26:43,19.981,19.981,58.195,0,0,2312888,230876,195984,5143772,5444.817,1930.162,1806.280,15.985,45.956,3.996,4774,9899,1.380,1.660,0.980,2,0,291.722,0,0,19,34,5,17,0
28-08 11:26:44,6.998,4.999,86.731,0,0,2310492,233244,195984,5143840,6196.624,1619.640,3.999,255.943,1.000,12.997,2300,3982,1.430,1.660,0.990,0,0,148.967,0,0,19,34,5,17,0
28-08 11:26:45,15.994,14.495,66.976,0,0,2319380,224324,195984,5144244,4926.256,1499.469,0,0,0,0,3258,9197,1.430,1.660,0.990,1,0,211.925,0,0,21,36,5,16,0
28-08 11:26:46,10.272,17.788,71.401,0,0,2319444,224256,195984,5143896,4857.297,1623.442,0,40.085,0,9.019,3260,5676,1.430,1.660,0.990,1,0,347.737,0,0,21,36,5,17,0
28-08 11:26:47,14.478,16.225,66.398,0,0,2321648,221964,195984,5143980,5777.115,1617.512,0,43.932,0,10.983,3754,7737,1.430,1.660,0.990,3,0,322.504,0,0,21,36,5,11,0
28-08 11:26:48,27.541,20.280,51.577,0.250,0,2369240,174368,195988,5143980,6084.047,1664.475,88.131,72.107,7.010,8.012,4024,8291,1.430,1.660,0.990,2,0,363.541,0,0,21,36,5,11,0
28-08 11:26:49,34.500,13.500,51.000,0,0,2430948,120108,196008,5137220,5457.016,1620.005,12.000,244.001,3.000,7.000,3262,8716,1.470,1.670,0.990,1,0,113.000,0,0,21,36,5,11,0
28-08 11:26:50,25.263,8.004,66.033,0.500,0,2506440,121784,196040,5061612,9283.614,1694.842,68.034,4806.389,6.003,488.243,2431,5022,1.470,1.670,0.990,8,0,12.006,0,0,21,44,5,15,0
28-08 11:26:51,24.001,3.750,71.253,0,0,2533872,129808,196044,5027016,8888.320,1620.058,0,0,0,0,1405,2159,1.470,1.670,0.990,2,0,5.000,0,0,21,44,5,15,0
28-08 11:26:52,6.232,2.992,89.745,0.249,0,2537432,159268,196044,4994704,5565.189,1453.870,3.989,3.989,0.997,0.997,2270,4044,1.470,1.670,0.990,0,0,5.983,0,0,21,44,5,15,0
28-08 11:26:53,2.501,3.001,92.790,0,0,2480628,215872,196048,4994904,5793.468,1710.729,256.109,0,17.007,0,1354,2217,1.470,1.670,0.990,1,0,25.011,0,0,21,44,5,15,0
28-08 11:26:54,19.543,17.288,62.386,0.251,0,2548264,147992,196048,4995216,7425.157,1623.533,108.236,525.143,9.020,4.009,5036,9574,1.520,1.680,1,1,0,237.517,0,0,21,42,5,15,0
28-08 11:26:55,15.497,15.247,67.987,0.500,0,2554460,141756,196048,4995556,5696.895,1661.678,0,48478.595,0,53.990,4492,6980,1.520,1.680,1,3,0,213.958,0,0,21,42,5,15,0
28-08 11:26:56,22.951,18.960,56.630,0.249,0.249,2564216,131828,196048,4995424,8829.238,1842.086,3.992,798.304,0.998,34.926,6151,12276,1.520,1.680,1,0,0,299.364,0,0,21,34,6,15,0
28-08 11:26:57,18.499,16.999,62.996,0,0,2562916,133120,196048,4995712,5493.615,1693.881,0,4.000,0,2.000,4707,8948,1.520,1.680,1,2,1,194.986,0,0,21,44,6,15,0
28-08 11:26:58,34.828,21.047,43.347,0.251,0,2389644,306344,196048,4995412,5762.857,1623.622,80.179,404.903,3.007,10.022,3521,6359,1.520,1.680,1,2,0,368.823,0,0,21,36,6,19,0
28-08 11:26:59,33.744,21.746,43.742,0,0,2451576,243784,196052,4996036,8035.505,1531.715,0,19.996,0,4.999,3396,7055,1.550,1.680,1,3,0,414.923,0,0,21,44,6,23,0
28-08 11:27:00,42.524,19.511,37.521,0,0,2535988,159320,196052,4996112,5051.824,1694.947,0,16.009,0,4.002,4097,11915,1.550,1.680,1,4,0,305.171,0,0,21,44,6,23,0
28-08 11:27:01,39.477,6.996,52.220,0.250,0,2626236,122628,196060,4943428,5671.733,1735.001,463.733,6524.242,6.996,492.716,2383,3439,1.550,1.680,1,2,0,39.977,0,0,21,44,6,24,0
28-08 11:27:02,24.454,4.242,69.618,0,0,2663536,123692,196156,4905568,7543.750,1616.946,3.992,0,0.998,0,1458,2741,1.550,1.680,1,1,0,5.989,0,0,21,44,6,24,0
28-08 11:27:03,24.295,6.011,63.368,5.761,0,2683668,131156,196476,4878332,6698.499,1955.649,813.518,27254.858,63.118,1773.309,8777,15051,1.550,1.680,1,2,1,5.009,0,0,21,46,6,24,0
28-08 11:27:04,24.710,6.739,60.154,5.990,0,2685896,119356,196580,4887776,6321.885,1617.412,11.981,20615.016,0.998,2061.701,13665,23706,1.670,1.700,1.020,2,0,3.994,0,0,21,46,6,24,0
28-08 11:27:05,34.276,22.267,40.780,0.751,0,2827168,129252,196588,4739080,5102.802,1621.208,80.060,9218.868,8.006,587.438,7305,24561,1.670,1.700,1.020,1,0,274.204,0,0,22,71,6,36,0
28-08 11:27:06,11.006,19.260,68.284,0,0,2828360,130404,196588,4736960,5596.798,1512.756,16.008,704.352,4.002,36.018,2890,4684,1.670,1.700,1.020,1,0,267.134,0,0,22,71,6,35,0
28-08 11:27:07,12.003,19.005,67.018,0.750,0,2831488,127404,196588,4736836,5120.413,1640.453,0,4325.194,0,232.064,3416,5351,1.670,1.700,1.020,1,0,259.072,0,0,22,71,6,35,0
28-08 11:27:08,26.241,17.994,54.731,0.250,0,2857844,119436,196588,4719256,4736.394,1693.426,119.959,111.962,3.999,6.998,4847,8827,1.670,1.700,1.020,4,0,222.924,0,0,22,71,6,35,0
28-08 11:27:09,44.422,7.736,46.668,0,0,2953712,119972,196592,4625108,5062.065,1691.015,207.634,191.662,5.989,0.998,1547,2088,1.700,1.710,1.020,4,0,6.988,0,0,22,72,6,35,0
28-08 11:27:10,21.049,13.782,62.397,0.251,0,2997132,122196,196608,4580620,5750.519,1623.818,176.415,1511.554,10.024,104.245,3077,5827,1.700,1.710,1.020,4,0,180.424,0,0,22,75,6,35,0
28-08 11:27:11,9.229,19.955,70.093,0,0,2991096,140384,196608,4568708,5280.183,1690.217,0,127.714,0,13.969,2796,4214,1.700,1.710,1.020,1,0,247.446,0,0,22,75,6,35,0
28-08 11:27:12,7.751,18.751,70.755,0,0,2998076,133396,196608,4568716,5057.379,1586.119,0,48.004,0,6.000,2645,3989,1.700,1.710,1.020,1,0,239.018,0,0,22,75,6,35,0
28-08 11:27:13,12.495,18.993,66.974,0,0,2999512,132704,196608,4567976,7622.020,1709.332,0,7.997,0,1.999,3017,4630,1.700,1.710,1.020,2,0,268.895,0,0,22,75,6,35,0
28-08 11:27:14,11.501,18.252,68.257,0,0,3010308,121884,196608,4568000,6561.682,1620.168,0,112.012,0,7.001,3302,5318,1.720,1.710,1.030,1,0,285.030,0,0,22,77,6,35,0
28-08 11:27:15,15.016,20.772,62.317,0.250,0,3007692,126772,196608,4566208,6782.311,1715.850,0,656.708,0,62.067,4281,7409,1.720,1.710,1.030,4,0,302.326,0,0,22,91,6,35,0
28-08 11:27:16,26.794,17.529,54.841,0,0,3028508,133564,196608,4538776,6506.782,1622.689,0,72.120,0,4.007,4595,7719,1.720,1.710,1.030,4,0,246.408,0,0,22,91,6,35,0
28-08 11:27:17,31.251,23.501,44.252,0.250,0,3092932,131520,196608,4477664,6134.270,1662.073,8.000,36.002,2.000,9.000,3424,6030,1.720,1.710,1.030,4,0,431.019,0,0,22,91,6,35,0
28-08 11:27:18,34.494,21.246,41.993,0.500,0,3170796,136452,196628,4395432,7453.770,1619.733,3.999,7974.684,1.000,580.904,8237,18370,1.720,1.710,1.030,2,0,211.965,0,0,22,103,6,34,0
28-08 11:27:19,48.937,24.968,25.717,0,0,3270608,139896,196628,4293940,4848.735,1510.049,103.866,0,4.994,0,3327,5760,1.820,1.740,1.040,5,0,452.415,0,0,24,103,6,34,0
28-08 11:27:20,57.828,21.028,21.028,0,0.250,3366096,129508,196628,4210832,7616.282,1622.190,0,456.616,0,39.053,5712,11717,1.820,1.740,1.040,6,0,394.533,0,0,24,107,6,29,0
28-08 11:27:21,43.432,22.215,33.198,0,0,3436316,132596,196632,4138976,7821.743,1617.465,0,447.299,0,26.958,6221,12027,1.820,1.740,1.040,7,0,377.409,0,0,24,123,6,29,0
28-08 11:27:22,34.788,21.023,43.297,0.501,0,3492392,135864,196636,4081020,3830.140,1567.695,0,6362.878,0,454.491,4247,5618,1.820,1.740,1.040,1,0,429.464,0,0,25,123,6,29,0
28-08 11:27:23,11.500,20.751,66.753,0,0,3503472,124908,196636,4081080,5571.234,1694.071,0,424.018,0,35.001,3219,5225,1.820,1.740,1.040,1,0,296.012,0,0,25,123,6,29,0
28-08 11:27:24,26.005,17.753,55.010,0,0,3540668,129560,196636,4039808,5381.953,1736.307,0,0,0,0,5552,11413,1.680,1.710,1.030,3,0,302.053,0,0,25,123,6,29,0
28-08 11:27:25,32.509,21.506,45.012,0,0,3611492,124168,196636,3976304,4574.267,1620.449,0,296.082,0,27.007,4230,8128,1.680,1.710,1.030,4,0,437.121,0,0,25,125,6,29,0
28-08 11:27:26,45.749,25.249,28.249,0,0,3697336,128168,196652,3887228,5350.872,1619.961,307.993,1123.973,10.000,56.999,8059,16189,1.680,1.710,1.030,4,0,477.989,0,0,25,137,6,29,0
28-08 11:27:27,32.686,23.204,43.165,0,0,3767628,128664,196652,3817144,5699.754,1509.023,327.354,67.866,7.984,8.982,4202,6985,1.680,1.710,1.030,5,0,618.779,0,0,25,139,6,29,0
28-08 11:27:28,23.288,24.790,50.832,0.501,0,3827012,127956,196652,3758760,6404.375,1696.749,84.136,997.616,6.010,60.097,5618,11869,1.680,1.710,1.030,2,0,357.579,0,0,25,151,6,28,0
28-08 11:27:29,16.435,17.681,63.003,0,0,3839608,124508,196652,3750052,6639.932,1613.665,0,354.608,0,13.945,4760,9365,1.620,1.690,1.030,2,0,191.249,0,0,25,151,6,28,0
28-08 11:27:30,38.277,12.259,46.782,0.500,0,3919912,127940,196652,3666836,6271.352,1567.088,1577.095,7749.378,47.033,612.425,3809,4413,1.620,1.690,1.030,2,0,117.081,0,0,25,151,6,27,0
28-08 11:27:31,47.755,8.001,43.754,0.500,0,4024744,121952,196652,3568212,6115.612,1694.169,480.048,328.033,38.004,28.003,2146,2915,1.620,1.690,1.030,2,0,0,0,0,25,151,6,28,0
28-08 11:27:32,34.104,13.040,52.158,0,0,3974176,232924,196652,3508192,5308.126,1624.937,232.707,156.475,16.049,7.021,2809,4403,1.620,1.690,1.030,2,0,183.558,0,0,25,154,6,27,0
28-08 11:27:33,40.126,23.428,34.892,0,0,4052312,153856,196656,3509156,4813.142,1615.014,3.988,514.412,0.997,39.877,5047,11647,1.620,1.690,1.030,4,0,438.646,0,0,25,159,6,27,0
28-08 11:27:34,40.862,22.311,35.848,0.752,0,4020224,190636,196672,3504772,4751.978,1516.141,2903.931,493.347,57.156,30.082,5006,10945,1.810,1.730,1.050,2,0,366.000,0,0,25,171,6,27,0
28-08 11:27:35,63.033,23.762,12.507,0,0,4133864,125892,196312,3457212,6141.224,1620.851,124.065,796.418,5.003,27.014,4743,9761,1.810,1.730,1.050,5,0,210.110,0,0,25,174,6,28,0
28-08 11:27:36,76.242,18.748,3.750,0.750,0,4201828,144624,195480,3373076,5554.445,1619.838,1791.821,10906.909,47.995,595.940,3775,7861,1.810,1.730,1.050,4,0,71.993,0,0,25,192,6,28,0
28-08 11:27:37,73.501,16.500,4.750,4.250,0,4286812,133332,195340,3300600,10378.145,1620.023,5576.078,1552.022,491.007,109.002,6733,15551,1.810,1.730,1.050,6,0,45.001,0,0,25,199,6,28,1
28-08 11:27:38,53.254,25.002,21.752,0,0,4310904,120500,195352,3289252,8370.594,1608.114,36.003,868.062,5.000,54.004,5916,11037,1.810,1.730,1.050,4,0,388.028,0,0,25,195,6,33,0
28-08 11:27:39,46.242,23.996,27.995,0,0,4239820,185936,195352,3295160,7337.657,1693.690,503.908,639.883,10.998,46.991,11428,30906,2.390,1.850,1.090,5,0,301.945,0,0,25,195,6,33,0
28-08 11:27:40,49.263,24.256,25.757,0,0,4340456,135124,195352,3245560,5689.513,1620.431,8.002,316.084,2.001,16.004,4467,8121,2.390,1.850,1.090,3,0,405.108,0,0,25,195,6,33,0
28-08 11:27:41,56.751,22.500,18.750,0.250,0,4379104,122520,195356,3220080,7586.144,1512.029,236.004,24780.471,20.000,752.014,6979,14339,2.390,1.850,1.090,16,0,320.006,0,0,25,199,5,33,0
28-08 11:27:42,59.246,23.498,15.499,0.500,0,4392424,172964,195364,3156724,5983.617,1619.896,839.946,955.939,43.997,60.996,6434,18279,2.390,1.850,1.090,5,0,420.973,0,0,25,203,5,36,0
28-08 11:27:43,58.309,24.918,15.948,0.498,0,4500104,137304,195360,3086960,9110.082,1614.697,454.507,8587.798,20.931,660.830,5879,13430,2.390,1.850,1.090,7,0,290.047,0,0,25,206,5,37,0
28-08 11:27:44,65.773,14.755,19.007,0,0,4559964,119692,195316,3045620,6715.357,1662.584,180.063,540.190,20.007,35.012,4606,12601,2.520,1.890,1.110,4,0,178.062,0,0,25,209,5,38,0
28-08 11:27:45,72.434,10.276,14.788,0.752,0,4664600,120484,195208,2942792,5394.719,1624.130,810.060,6243.878,54.138,568.446,5826,11342,2.520,1.890,1.110,4,0,1.003,0,0,25,219,5,39,0
28-08 11:27:46,56.241,10.248,32.245,0.250,0,4656624,152956,195204,2918916,29603.086,10500.257,675.888,1427.763,43.993,154.974,5079,10149,2.520,1.890,1.110,3,0,115.981,0,0,25,226,5,46,0
28-08 11:27:47,35.263,21.258,42.515,0.250,0,4646240,163212,195204,2919132,26327.531,8511.081,60.022,964.349,5.002,78.028,5748,11366,2.520,1.890,1.110,4,0,454.164,0,0,25,229,5,45,0
28-08 11:27:48,37.505,18.002,43.255,0,0,4689192,121256,195204,2918476,5121.615,1554.187,12.001,436.052,2.000,29.003,5574,9806,2.520,1.890,1.110,3,0,283.034,0,0,25,230,5,45,0
28-08 11:27:49,66.251,12.250,20.750,0.500,0,4741260,128152,195164,2860920,6463.142,1694.037,172.004,588.013,14.000,40.001,3788,8682,2.800,1.960,1.130,4,0,162.004,0,0,26,232,5,46,0
28-08 11:27:50,63.046,10.466,23.175,0.997,0,4870352,134852,195128,2728784,9119.489,1688.536,2065.317,6841.860,151.510,554.207,5088,7374,2.800,1.960,1.130,3,0,3.987,0,0,26,233,5,46,0
28-08 11:27:51,52.434,15.053,31.360,0.251,0,4891520,129052,195128,2713420,8692.537,2113.424,341.199,1127.963,38.134,81.286,5587,11999,2.800,1.960,1.130,1,0,218.769,0,0,26,234,5,43,0
28-08 11:27:52,20.664,5.477,71.700,0.249,0,4845960,174856,195128,2713292,9012.284,2737.543,0,545.716,0,41.825,3223,6155,2.800,1.960,1.130,1,0,38.837,0,0,26,234,5,43,0
28-08 11:27:53,5.250,1.000,93.252,0.250,0,4845936,174856,195128,2713316,22729.455,5357.107,0,372.007,0,28.001,1716,2896,2.800,1.960,1.130,1,0,0,0,0,26,235,5,43,0
28-08 11:27:54,3.250,1.500,93.490,0.250,0,4846156,174632,195128,2713320,161771.205,2759.696,0,287.968,0,20.998,1531,2624,2.570,1.930,1.130,1,0,1.000,0,0,26,236,5,43,0
28-08 11:27:55,11.029,5.765,81.213,0,0,4850236,149712,195128,2734144,21605558.803,115882.423,0,1439.782,0,89.234,7328,4374,2.570,1.930,1.130,1,0,52.137,0,0,26,235,5,43,0
28-08 11:27:56,14.966,15.216,67.349,0.499,0,4873208,124436,195128,2736448,6009.497,1732.108,2171.121,838.117,29.933,58.868,3180,5054,2.570,1.930,1.130,2,0,208.531,0,0,26,243,5,43,0
28-08 11:27:57,25.731,3.497,68.450,0.250,0,4900612,124836,195084,2708860,6733.044,1660.778,15.988,679.500,0.999,65.951,2740,5051,2.570,1.930,1.130,1,0,1.999,0,0,26,252,5,44,0
28-08 11:27:58,26.348,3.262,68.002,1.004,0,4909116,127464,195056,2697916,5275.567,1626.031,566.100,9539.382,28.104,505.876,4445,8375,2.570,1.930,1.130,2,0,1.004,0,0,26,256,5,45,0
28-08 11:27:59,25.652,3.487,68.487,0,0,4911100,125404,195056,2697992,5203.036,1613.808,0,486.135,0,44.828,4351,8804,2.450,1.910,1.120,2,0,0.996,0,0,26,257,5,42,0
28-08 11:28:00,26.515,8.004,61.784,2.251,0,4914448,142696,194972,2677480,9689.368,1620.898,1220.676,27315.133,33.018,322.178,6470,12120,2.450,1.910,1.120,1,0,21.012,0,0,26,257,5,51,0
28-08 11:28:01,16.250,13.750,66.999,0,0,4885028,171876,194976,2677712,5251.884,1693.963,75.998,535.988,15.000,38.999,3037,4619,2.450,1.910,1.120,1,0,188.996,0,0,26,259,5,47,0
28-08 11:28:02,21.998,6.999,69.743,0.500,0,4918436,121356,196372,2691056,5287.440,1457.845,15.998,2947.688,2.000,62.993,2005,3272,2.450,1.910,1.120,1,0,2.000,0,0,26,259,5,47,0
28-08 11:28:03,25.994,4.249,69.235,0.250,0,4912364,125672,196456,2692416,6858.539,1713.635,475.899,867.815,4.999,31.993,2160,3319,2.450,1.910,1.120,1,0,8.998,0,0,26,259,5,47,0
28-08 11:28:04,25.497,5.499,67.241,0,0,4946592,123604,196432,2660428,5691.277,1693.785,7.999,503.936,1.000,7.999,14724,29047,2.330,1.890,1.120,1,0,3.999,0,0,26,259,5,48,0
28-08 11:28:05,30.256,7.001,61.763,0.250,0,4961656,142828,196356,2626820,5162.100,1694.361,244.052,15707.346,26.006,142.030,2793,5502,2.330,1.890,1.120,1,0,34.007,0,0,26,259,5,37,0
28-08 11:28:06,23.582,5.519,69.742,0,0,4966976,137300,196356,2627112,5761.971,1625.634,0,136.473,0,16.056,4441,8077,2.330,1.890,1.120,1,0,3.010,0,0,26,259,5,38,0
28-08 11:28:07,25.751,3.000,71.004,0,0,4966976,137300,196356,2627112,5127.292,1620.092,0,32.002,0,4.000,1772,2883,2.330,1.890,1.120,1,0,0,0,0,26,259,5,38,0
28-08 11:28:08,24.248,4.750,69.494,0,0,4967728,136544,196356,2627112,6680.405,1457.870,11.999,319.972,3.000,35.997,1930,3074,2.330,1.890,1.120,1,0,20.998,0,0,26,263,5,39,0
28-08 11:28:09,23.750,4.000,70.250,0.250,0,4968640,135536,196356,2627208,6835.014,1620.003,16.000,348.001,1.000,28.000,1854,2977,2.220,1.880,1.120,2,0,0,0,0,26,263,5,39,0
28-08 11:28:10,27.749,1.500,69.996,0,0,4974164,129992,196356,2627228,8155.584,1619.917,0,171.991,0,22.999,1829,2776,2.220,1.880,1.120,1,0,1.000,0,0,26,265,5,39,0
28-08 11:28:11,25.179,3.241,70.550,0,0,4858964,247156,196356,2625312,6308.135,1615.425,107.695,79.774,7.977,3.989,1845,2789,2.220,1.880,1.120,1,0,24.929,0,0,26,265,5,39,0
28-08 11:28:12,19.238,18.738,59.962,0.500,0,4883152,222608,196376,2625636,6174.036,1618.961,259.833,7.995,38.975,1.999,3697,6077,2.220,1.880,1.120,1,0,423.728,0,0,26,265,5,39,0
28-08 11:28:13,27.566,5.513,66.659,0.251,0,4880976,224760,196376,2625656,5405.909,1698.055,12.029,657.570,3.007,55.132,2324,3624,2.220,1.880,1.120,1,0,39.093,0,0,26,269,5,39,0
28-08 11:28:14,10.727,17.712,69.101,0,0,4882820,222752,196376,2625820,7752.317,1616.521,0,63.863,0,5.987,3101,4753,2.050,1.850,1.120,1,0,229.506,0,0,26,269,5,39,0
28-08 11:28:15,9.282,19.819,68.991,0,0,4887168,218376,196376,2625848,5708.918,1625.672,0,96.336,0,6.021,3204,5090,2.050,1.850,1.120,1,0,262.917,0,0,26,269,5,39,0
28-08 11:28:16,6.973,10.459,80.186,0.249,0,4884552,220960,196376,2625880,5576.136,1452.306,3.984,15.938,0.996,1.992,2434,3983,2.050,1.850,1.120,2,0,150.410,0,0,26,269,5,39,0
28-08 11:28:17,12.547,2.760,83.310,0,0,4916660,188852,196376,2625880,4951.439,1626.055,0,0,0,0,1607,2665,2.050,1.850,1.120,1,0,9.034,0,0,26,269,5,39,0
28-08 11:28:18,25.427,3.490,69.302,0,0,4945244,160256,196376,2625892,4819.241,1657.268,0,131.624,0,12.963,2697,4948,2.050,1.850,1.120,1,0,0,0,0,26,271,5,39,0
28-08 11:28:19,17.758,11.255,69.531,0.250,0,4889096,216268,196380,2626024,5107.268,1620.720,156.069,264.117,14.006,20.009,2932,4578,1.960,1.830,1.120,1,0,137.061,0,0,26,273,5,40,0
28-08 11:28:20,12.994,17.242,68.467,0.250,0,4888860,216380,196380,2626132,10022.219,1693.192,0,115.945,0,7.996,2939,4385,1.960,1.830,1.120,1,0,152.927,0,0,26,273,5,40,0
28-08 11:28:21,13.000,17.250,68.499,0.250,0,4885432,219568,196380,2626372,6105.951,1619.987,36.000,259.998,3.000,18.000,2971,4581,1.960,1.830,1.120,2,0,160.999,0,0,26,273,5,40,0
28-08 11:28:22,13.794,17.055,67.717,0.251,0.251,4891756,213164,196380,2626452,8307.568,1516.851,12.038,2780.893,3.010,143.459,3367,5068,1.960,1.830,1.120,2,0,166.533,0,0,26,273,5,40,0
28-08 11:28:23,23.911,4.234,68.993,0,0,4951184,153720,196380,2626468,5187.671,1613.986,0,342.723,0,33.874,1959,3098,1.960,1.830,1.120,1,0,1.993,0,0,26,275,5,40,0
28-08 11:28:24,25.255,4.001,69.763,0.500,0,5003044,122500,196264,2606288,6980.312,1566.294,184.035,6989.314,9.002,456.086,2464,3053,1.880,1.820,1.110,1,0,2.000,0,0,26,279,5,40,0
28-08 11:28:25,25.747,3.000,70.243,0,0.250,4920076,208372,196220,2603644,4439.534,1661.826,35.996,243.974,4.999,19.998,1897,2975,1.880,1.820,1.110,1,0,4.999,0,0,26,275,5,40,0
28-08 11:28:26,26.005,3.751,69.764,0,0,4973048,155348,196220,2603692,5739.136,1846.366,0,380.075,0,18.004,1891,2935,1.880,1.820,1.110,3,0,1.000,0,0,26,275,6,40,0
28-08 11:28:27,24.501,3.000,69.752,0,0,4993284,135096,196220,2603708,5598.123,1694.037,0,0,0,0,3137,5386,1.880,1.820,1.110,1,0,1.000,0,0,26,281,6,40,0
28-08 11:28:28,24.999,4.000,69.748,0,0,4929044,199332,196220,2603712,7295.788,1619.953,0,0,0,0,1811,2695,1.880,1.820,1.110,4,0,15.000,0,0,26,275,6,40,0
28-08 11:28:29,22.831,7.527,68.996,0.251,0,4889268,239108,196220,2603712,7561.951,1591.673,0,44000.819,0,209.748,2763,3869,1.810,1.810,1.110,1,0,75.268,0,0,26,275,6,40,0
28-08 11:28:30,9.232,20.211,69.116,0.250,0,4889500,237440,196228,2605064,5408.518,1690.723,1369.346,1129.810,19.961,22.956,3496,5677,1.810,1.810,1.110,1,0,343.335,0,0,26,275,6,40,0
28-08 11:28:31,19.780,8.513,70.357,0,0,4904312,222368,196228,2605324,6780.340,1726.633,292.446,4.006,73.111,1.002,2531,3847,1.810,1.810,1.110,1,0,132.202,0,0,26,275,6,41,0
28-08 11:28:32,25.996,3.749,70.490,0.250,0,4936540,189608,196284,2605800,6235.140,1619.776,499.931,3.999,22.997,1.000,1908,2798,1.810,1.810,1.110,1,0,9.999,0,0,26,275,6,40,0
28-08 11:28:33,21.938,6.980,68.306,0.249,0,4921508,204364,196292,2606068,10446.291,4603.906,15.955,530.491,3.989,28.918,10676,21448,1.810,1.810,1.110,0,0,7.977,0,0,26,276,6,40,0
28-08 11:28:34,26.081,3.762,68.463,0,0,4947532,176280,196452,2607824,9746.331,2524.857,32.100,686.135,5.016,24.075,4140,7141,1.750,1.790,1.110,2,0,5.016,0,0,26,276,6,40,0
28-08 11:28:35,27.148,5.978,66.003,0.498,0,4932712,191108,196452,2607816,6705.906,1787.312,95.642,617.689,5.978,42.840,8140,15583,1.750,1.790,1.110,2,0,13.948,0,0,26,275,6,40,0
28-08 11:28:36,15.754,14.504,69.519,0,0,4923048,200872,196452,2607716,4617.288,1512.422,0,200.056,0,10.003,3071,4913,1.750,1.790,1.110,1,0,264.074,0,0,26,275,6,39,0
28-08 11:28:37,25.771,2.502,70.309,0,0,4956368,167160,196452,2608108,4412.676,1695.412,0,324.270,0,19.016,2419,4511,1.750,1.790,1.110,1,0,0,0,0,26,279,6,40,0
28-08 11:28:38,22.984,6.496,69.952,0,0,4928944,194536,196452,2608140,15329.423,1618.883,23.983,87.939,1.999,4.997,2950,4802,1.750,1.790,1.110,2,0,111.923,0,0,26,273,6,38,0
28-08 11:28:39,25.042,4.007,70.368,0,0,4896868,226596,196452,2608156,4633.799,1610.711,0,8.013,0,2.003,2533,4596,1.690,1.780,1.110,2,0,25.042,0,0,26,273,6,39,0
28-08 11:28:40,22.969,4.744,70.655,0,0,4958724,164720,196452,2608176,5882.083,1617.822,0,39.946,0,1.997,2110,3181,1.690,1.780,1.110,2,0,44.940,0,0,26,274,6,39,0
28-08 11:28:41,24.241,4.498,69.723,0.250,0,4918712,204728,196452,2608180,6571.457,1619.373,0,131.949,0,8.997,2835,4989,1.690,1.780,1.110,1,0,55.978,0,0,26,273,6,39,0
28-08 11:28:42,24.759,3.251,70.526,0,0,4958372,164912,196452,2608336,6821.517,1694.625,0,4.001,0,1.000,2363,4099,1.690,1.780,1.110,2,0,2.001,0,0,26,277,6,39,0
28-08 11:28:43,26.986,6.497,65.216,0,0,4936924,183648,196452,2611048,5716.011,1511.210,1567.180,303.841,15.992,23.987,2496,4090,1.690,1.780,1.110,1,0,35.981,0,0,26,273,6,41,0
28-08 11:28:44,27.254,5.751,66.260,0,0,4894468,226100,196452,2611052,6446.961,1620.241,0,372.055,0,43.006,3432,6155,1.630,1.770,1.110,1,0,25.004,0,0,26,273,6,38,0
28-08 11:28:45,27.603,6.023,66.750,0.251,0,4974612,147036,196452,2609972,5628.043,1700.358,0,212.796,0,21.079,2351,3702,1.630,1.770,1.110,3,0,22.083,0,0,26,274,6,38,0
28-08 11:28:46,25.912,4.983,69.014,0,0,4926348,195280,196452,2609992,8196.019,1614.488,0,430.530,0,15.946,2494,4267,1.630,1.770,1.110,1,0,31.891,0,0,26,273,6,32,0
28-08 11:28:47,25.242,2.999,69.728,0,0,4957080,164536,196452,2610004,6665.934,1607.502,0,67.979,0,8.997,2556,4666,1.630,1.770,1.110,1,0,0,0,0,26,275,6,32,0
28-08 11:28:48,15.770,16.021,66.836,0,0,4900544,221064,196452,2610012,5560.173,1622.092,0,356.460,0,35.045,3317,5275,1.630,1.770,1.110,2,0,269.347,0,0,26,273,6,33,0
28-08 11:28:49,12.009,20.515,66.047,0.250,0,4900700,220892,196452,2610028,5387.847,1621.158,0,200.143,0,17.012,3503,5659,1.820,1.800,1.130,2,0,391.279,0,0,26,273,6,33,0
28-08 11:28:50,11.260,22.020,66.561,0,0,4902328,219232,196452,2610060,8606.918,1513.392,0,412.379,0,30.028,3697,6037,1.820,1.800,1.130,2,0,407.375,0,0,26,273,6,32,0
28-08 11:28:51,9.742,22.731,66.196,0,0,4900892,220660,196452,2610068,5717.329,1618.678,0,279.771,0,24.980,3641,5986,1.820,1.800,1.130,1,0,384.686,0,0,26,273,6,32,0
28-08 11:28:52,11.006,21.262,66.536,0,0,4899260,222260,196452,2610100,7644.166,1620.883,0,116.063,0,14.008,3703,5963,1.820,1.800,1.130,1,0,410.224,0,0,26,273,6,31,0
28-08 11:28:53,9.467,21.924,66.270,0.249,0,4897796,223704,196452,2610120,7652.454,1614.400,0,466.382,0,41.855,3806,6263,1.820,1.800,1.130,2,0,414.562,0,0,26,273,6,31,0
28-08 11:28:54,12.304,20.088,66.289,0,0,4900780,220708,196452,2610132,9894.208,1701.430,0,112.491,0,13.057,3813,6188,1.760,1.790,1.130,2,0,452.978,0,0,26,273,6,31,0
28-08 11:28:55,11.449,19.662,67.200,0.249,0,4899132,222312,196452,2610176,8812.669,1559.042,0,3114.102,0,376.320,4221,6347,1.760,1.790,1.130,1,0,439.041,0,0,26,273,6,31,0
28-08 11:28:56,11.271,21.540,65.874,0,0,4899908,221520,196452,2610192,5932.147,1623.050,0,597.122,0,24.045,3626,5887,1.760,1.790,1.130,1,0,376.708,0,0,26,273,6,31,0
28-08 11:28:57,15.985,12.738,69.184,0.500,0,4917284,242092,196452,2574088,8498.935,1510.566,111.894,115.890,13.987,6.993,2825,4448,1.760,1.790,1.130,1,0,212.798,0,0,26,273,6,31,0
28-08 11:28:58,22.258,6.502,70.276,0.250,0,4940396,250856,196452,2548024,6612.460,1694.630,320.119,1220.454,47.017,7.003,9637,18554,1.760,1.790,1.130,1,0,8.003,0,0,26,273,6,30,0
28-08 11:28:59,16.491,2.249,79.706,0.250,0,4953340,236432,196452,2549216,14881.696,6129.580,87.951,1870.956,11.993,11.993,1856,2894,1.700,1.780,1.120,4,0,2.998,0,0,26,274,6,30,0
28-08 11:29:00,22.514,2.251,72.796,0.500,0,4963292,225848,196452,2549940,25979.575,12287.840,748.478,4775.046,53.034,238.152,2384,3117,1.700,1.780,1.120,1,0,0,0,0,26,274,6,20,0
28-08 11:29:01,8.245,1.999,88.448,0.750,0,4962904,225624,196456,2550548,14384.614,7902.393,255.851,679.604,27.984,22.987,1720,2846,1.700,1.780,1.120,0,0,0,0,0,26,274,6,21,0
28-08 11:29:02,20.509,0.750,76.033,0.500,0,4974172,213276,196456,2551596,20516.945,10679.656,908.396,1028.448,49.021,37.016,1842,3016,1.700,1.780,1.120,1,0,2.001,0,0,26,274,6,19,0
28-08 11:29:03,19.009,2.001,76.787,1.000,0,4980712,206248,196456,2552052,21479.418,13685.638,464.225,1560.757,41.020,75.036,2234,3595,1.700,1.780,1.120,0,0,0,0,0,26,274,6,19,0
28-08 11:29:04,20.996,4.999,72.988,1.750,0,4986484,158572,196532,2592596,11490.035,4033.310,12781.814,1891.677,260.955,70.988,2519,3519,1.640,1.760,1.120,1,0,0,0,0,26,274,6,18,0
28-08 11:29:05,28.488,4.998,63.722,1.249,0,5001912,135968,196492,2598572,4786.903,1619.291,31.986,5321.669,1.999,190.916,3748,7857,1.640,1.760,1.120,1,0,33.985,0,0,26,274,6,19,0
28-08 11:29:06,22.249,5.500,70.748,0.750,0,5004228,127052,196972,2602916,7903.747,1793.943,0,2843.909,0,106.997,2223,3347,1.640,1.760,1.120,1,0,0,0,0,26,273,6,19,0
28-08 11:29:07,23.262,3.502,71.038,0.250,0,4959308,170148,196980,2604628,6337.359,1694.898,432.229,20.011,7.004,2.001,1837,2873,1.640,1.760,1.120,1,0,6.003,0,0,26,273,6,17,0
28-08 11:29:08,25.824,5.265,68.197,0,0,4957536,171376,196980,2605088,5972.212,1698.896,0,96.277,0,3.009,9076,17755,1.640,1.760,1.120,2,0,17.049,0,0,26,273,6,18,0
28-08 11:29:09,23.677,6.231,68.538,0,0,4920012,208884,196980,2605056,5584.693,1614.995,0,119.629,0,7.975,8666,17319,1.590,1.750,1.120,1,0,12.960,0,0,26,273,6,17,0
28-08 11:29:10,23.993,5.498,68.730,0,0,4905976,222900,196980,2605076,5359.408,1639.513,0,419.875,0,4.999,9756,19483,1.590,1.750,1.120,2,0,52.984,0,0,26,273,6,17,0
28-08 11:29:11,24.253,6.001,68.008,0.250,0,4962412,166456,196984,2605080,6931.846,1512.184,0,1548.189,0,5.001,9300,18733,1.590,1.750,1.120,4,0,16.002,0,0,26,273,5,17,0
28-08 11:29:12,24.250,5.500,68.250,0,0,4941148,187580,196984,2605220,7287.978,1619.995,0,199.999,0,10.000,9395,18716,1.590,1.750,1.120,1,0,15.000,0,0,26,273,5,17,0
28-08 11:29:13,26.255,4.001,69.012,0,0,4957476,171384,196984,2605088,7037.224,1620.282,0,504.088,0,32.006,2012,3109,1.590,1.750,1.120,2,0,9.002,0,0,26,273,5,17,0
28-08 11:29:14,22.496,5.749,69.737,0,0,4916496,212344,196984,2605108,5729.929,1693.683,0,135.975,0,5.999,2440,3890,1.620,1.750,1.130,1,0,93.982,0,0,26,273,5,17,0
28-08 11:29:15,23.749,6.250,68.747,0,0,4942572,170276,197520,2618944,7200.719,1619.937,8.000,543.979,2.000,11.000,10627,20388,1.620,1.750,1.130,1,0,10.000,0,0,26,273,5,17,0
28-08 11:29:16,20.747,1.750,77.490,0.250,0,4954828,157676,197568,2619208,16462.876,8633.886,0,1351.826,0,18.998,1834,2726,1.620,1.750,1.130,0,0,0,0,0,26,274,5,17,0
28-08 11:29:17,17.500,1.250,78.750,0.750,0,4954708,157424,197604,2619536,53339.107,16927.034,0,1668.003,0,57.000,2074,3072,1.620,1.750,1.130,1,0,0,0,0,26,275,5,17,0
28-08 11:29:18,9.029,1.505,88.288,0.502,0,4955632,156192,197652,2619724,123612.606,11569.682,0,1155.764,0,52.170,1808,2893,1.620,1.750,1.130,1,0,0,0,0,26,275,5,17,0
28-08 11:29:19,22.972,2.247,73.661,0.250,0,4969988,141604,197708,2619820,32225.072,15166.679,0,1146.615,0,36.955,2048,2936,1.570,1.740,1.130,1,0,0,0,0,26,275,5,16,0
28-08 11:29:20,17.461,1.497,77.578,0.499,0,4980640,130516,197800,2620076,208395.030,16692.077,0,1396.910,0,47.894,1995,2953,1.570,1.740,1.130,0,0,0,0,0,26,275,5,16,0
28-08 11:29:21,13.518,2.503,82.363,1.252,0,4980568,129760,198128,2620436,131705.910,23491.089,52.071,2895.956,8.011,141.193,2454,3750,1.570,1.740,1.130,1,0,0,0,0,26,275,5,16,0
28-08 11:29:22,16.473,3.494,78.122,0.749,0,4984076,118760,198204,2627864,4664879.927,41712.675,75.876,5359.222,5.990,39.935,3486,3885,1.570,1.740,1.130,0,1,4.992,0,0,26,275,5,16,0
28-08 11:29:23,19.047,4.762,74.434,1.253,0,4973236,136776,198316,2621400,3432984.771,25543.168,188.466,5573.784,10.025,134.332,3533,4502,1.570,1.740,1.130,1,0,9.022,0,0,26,275,5,16,0
28-08 11:29:24,22.216,5.242,69.893,1.498,0,4969896,126096,201296,2630732,4987.399,1659.471,0,5655.381,0,153.766,2336,3504,1.530,1.730,1.130,1,0,0,0,0,26,275,5,16,0
28-08 11:29:25,23.255,5.751,70.516,0.250,0,4987988,129716,201844,2608384,5098.183,1458.338,0,1580.367,0,78.018,1957,3056,1.530,1.730,1.130,1,0,0,0,0,26,275,5,16,0
28-08 11:29:26,21.230,5.245,70.435,1.249,0,4988340,123776,202316,2611648,6862.693,1692.445,0,4104.228,0,327.699,2442,3420,1.530,1.730,1.130,1,0,0,0,0,26,275,5,16,0
28-08 11:29:27,25.511,2.501,69.780,0.500,0,4980376,123372,203640,2617092,6712.907,1620.702,0,2469.069,0,58.025,2008,3047,1.530,1.730,1.130,2,0,0,0,0,26,275,5,16,0
28-08 11:29:28,20.749,3.750,74.245,0.750,0,4973488,119812,204516,2625252,14209.020,3633.749,19.999,2899.800,3.000,93.994,2114,3326,1.530,1.730,1.130,2,0,0,0,0,26,276,5,16,0
28-08 11:29:29,24.241,3.249,71.225,0,0,4924748,199348,204548,2594484,7232.418,2207.212,67.976,95.966,1.999,4.998,1823,2789,1.480,1.720,1.120,1,0,5.998,0,0,26,273,5,16,0
28-08 11:29:30,23.014,7.504,67.790,0,0.250,4948236,173900,204636,2596356,6771.042,1620.968,0,8.005,0,2.001,9044,18423,1.480,1.720,1.120,1,0,12.007,0,0,26,273,5,16,0
28-08 11:29:31,25.729,6.744,65.196,0.250,0,4954848,167196,204640,2596528,5822.214,1692.609,0,28376.674,0,481.604,9602,17738,1.480,1.720,1.120,1,0,12.989,0,0,26,273,5,16,0
28-08 11:29:32,22.517,7.256,68.553,0,0,4915152,206856,204640,2596560,6456.998,1513.171,8.006,268.208,1.001,7.005,1788,2783,1.480,1.720,1.120,1,0,8.006,0,0,26,273,5,16,0
28-08 11:29:33,25.580,3.762,69.718,0.251,0,4945000,173280,204988,2599460,5493.150,1613.036,794.480,2138.677,19.060,42.132,3046,5534,1.480,1.720,1.120,1,0,0,0,0,26,274,5,19,0
28-08 11:29:34,26.404,4.235,67.753,0.498,0,4953724,164264,204988,2599752,5378.385,1687.844,35.869,629.703,2.989,65.760,4114,8729,1.360,1.690,1.120,2,0,0,0,0,26,276,5,24,0
28-08 11:29:35,27.994,5.249,64.737,1.500,0,4975856,140604,205000,2601236,4953.970,1693.648,1275.735,1531.681,92.981,176.963,4372,9744,1.360,1.690,1.120,1,0,6.999,0,0,26,286,5,26,0
28-08 11:29:36,20.072,14.552,61.722,1.004,0,4931912,184052,205000,2601840,4947.812,1625.853,606.182,59490.165,32.116,486.752,6278,11117,1.360,1.690,1.120,1,0,200.723,0,0,26,284,5,27,0
28-08 11:29:37,14.705,15.204,66.548,0.249,0,4929396,185180,205000,2603140,5541.171,1615.095,885.311,2352.854,10.967,336.977,3672,5211,1.360,1.690,1.120,2,0,238.276,0,0,26,284,5,31,0
28-08 11:29:38,11.770,6.511,68.368,10.769,0,4918668,153464,205012,2645572,4799.279,1696.927,42633.543,1799.103,3304.701,28.048,8615,9887,1.360,1.690,1.120,1,0,14.024,0,0,26,284,5,32,0
28-08 11:29:39,3.744,1.747,93.094,0,0,4922048,149936,205012,2645720,14736.243,4038.216,0,195.671,0,7.987,1506,2558,1.250,1.660,1.110,0,0,0.998,0,0,26,285,5,28,0
28-08 11:29:40,3.247,1.998,92.915,0.250,0,4923612,148200,205052,2645852,89213.548,3883.454,83.923,991.095,0.999,39.964,1681,2678,1.250,1.660,1.110,0,0,1.998,0,0,26,285,5,28,0
28-08 11:29:41,4.998,4.998,87.972,0.500,0,4911476,157692,205184,2648364,38929.737,118980.521,2659.162,8537.311,36.988,48.985,2073,3263,1.250,1.660,1.110,1,0,24.992,0,0,26,284,5,27,0
28-08 11:29:42,4.253,1.251,94.071,0,0,4911476,157692,205184,2648364,11181.464,1621.227,0,36.027,0,5.004,1609,2663,1.250,1.660,1.110,0,0,2.002,0,0,26,284,5,27,0
28-08 11:29:43,3.499,1.250,93.483,0.250,0,4911476,157692,205184,2648364,8509.494,1661.706,0,315.944,0,24.996,1764,3040,1.250,1.660,1.110,0,0,0,0,0,26,284,5,23,0
28-08 11:29:44,8.004,5.003,86.047,0,0,4914524,151900,205184,2651108,7674.182,1620.883,2221.211,160.087,20.011,18.010,2218,3561,1.230,1.650,1.110,1,0,4.002,0,0,26,284,5,23,0
28-08 11:29:45,5.495,1.998,90.419,0.250,0,4914484,151900,205184,2651148,5561.001,1618.545,0,207.813,0,26.976,2007,3325,1.230,1.650,1.110,0,0,0,0,0,26,284,5,23,0
28-08 11:29:46,6.513,3.507,88.422,0.501,0,4913104,153696,205184,2650732,5668.002,1514.940,0,15257.615,0,125.243,2275,3876,1.230,1.650,1.110,1,0,0,0,0,26,284,5,23,0
28-08 11:29:47,5.740,0.749,91.844,0.250,0,4913176,153748,205184,2650608,4812.828,1617.254,0,251.573,0,36.937,1892,3293,1.230,1.650,1.110,0,0,0,0,0,26,284,5,21,0
28-08 11:29:48,3.993,0.998,94.333,0,0,4913400,153524,205184,2650608,6948.701,1617.138,0,67.880,0,7.986,1408,2466,1.230,1.650,1.110,1,0,0,0,0,26,284,5,21,0
28-08 11:29:49,4.009,1.503,93.957,0.251,0,4913400,153524,205184,2650608,6152.566,1569.461,0,252.557,0,18.040,1441,2539,1.130,1.620,1.100,1,0,0,0,0,26,284,5,21,0
28-08 11:29:50,2.500,0.750,95.496,0,0,4913400,153524,205184,2650608,9773.590,1693.929,0,31.999,0,4.000,1442,2415,1.130,1.620,1.100,0,0,0,0,0,26,284,5,20,0
28-08 11:29:51,3.500,0.750,93.007,0.250,0,4913396,153524,205184,2650612,6149.449,1620.118,0,260.019,0,23.002,1735,3028,1.130,1.620,1.100,2,0,0,0,0,26,284,5,20,0
28-08 11:29:52,1.746,1.497,94.288,0.249,0,4913392,153524,205184,2650616,8642.554,1616.363,0,1293.091,0,225.493,1823,2583,1.130,1.620,1.100,0,0,1.996,0,0,26,284,5,20,0
28-08 11:29:53,2.757,1.002,93.476,0,0,4913392,153524,205184,2650616,6256.140,1515.668,0,252.611,0,23.056,1668,2979,1.130,1.620,1.100,0,0,0,0,0,26,284,5,20,0
28-08 11:29:54,3.498,0.750,93.959,0,0,4913392,153524,205184,2650616,9729.777,1619.297,0,51.977,0,6.997,1412,2429,1.040,1.590,1.100,0,0,0,0,0,26,284,5,20,0
28-08 11:29:55,3.251,1.000,94.542,0,0,4913392,153524,205184,2650616,6814.046,1620.724,0,32.014,0,4.002,1420,2536,1.040,1.590,1.100,1,0,0,0,0,26,284,5,20,0
28-08 11:29:56,4.002,3.501,90.535,0.750,0,4915196,151704,205184,2650632,5866.264,1792.692,16.006,37414.442,1.000,140.054,2122,3423,1.040,1.590,1.100,2,0,0,0,0,26,284,6,20,0
28-08 11:29:57,2.747,2.248,92.400,0,0,4916508,150456,205184,2650696,4894.704,1692.169,0,47113.024,0,173.812,2109,3279,1.040,1.590,1.100,0,0,0,0,0,26,286,6,20,0
28-08 11:29:58,3.501,0.500,94.776,0,0,4916508,150456,205184,2650696,12235.352,1620.444,0,4.001,0,1.000,1432,2401,1.040,1.590,1.100,0,0,0,0,0,26,286,6,20,0
28-08 11:29:59,3.500,1.000,94.254,0,0,4916504,150456,205184,2650700,5626.259,1694.078,0,0,0,0,1468,2514,0.960,1.570,1.090,0,0,0,0,0,26,286,6,20,0
28-08 11:30:00,2.749,0.750,94.718,0,0,4916496,150456,205184,2650708,4811.393,1585.470,7.997,3.999,1.000,1.000,1404,2464,0.960,1.570,1.090,1,0,0,0,0,26,286,6,20,0
28-08 11:30:01,4.250,1.250,93.760,0,0,4916496,150456,205184,2650708,8319.874,1694.178,0,64.007,0,4.000,1539,2646,0.960,1.570,1.090,0,0,0,0,0,26,286,6,21,0
28-08 11:30:02,3.000,3.250,91.493,0.750,0,4920224,146820,205184,2650712,6774.505,1703.876,4.000,57467.805,1.000,329.976,2222,3078,0.960,1.570,1.090,0,0,2.000,0,0,26,286,6,20,0
28-08 11:30:03,4.502,1.501,93.290,0,0,4920220,146820,205184,2650716,5250.231,1682.715,0,908.386,0,146.062,1877,2854,0.960,1.570,1.090,0,0,1.000,0,0,26,288,6,20,0
28-08 11:30:04,3.249,1.000,94.228,0,0,4920220,146820,205184,2650716,6390.492,1693.600,0,91.978,0,10.997,1477,2506,0.880,1.540,1.090,0,0,0,0,0,26,288,6,20,0
28-08 11:30:05,6.750,4.750,86.252,0.250,0,4916144,150892,205184,2650548,5416.135,1620.041,0,256.006,0,23.001,2645,6751,0.880,1.540,1.090,0,0,34.001,0,0,26,288,6,21,0
28-08 11:30:06,4.500,1.500,94.260,0,0,4915776,151244,205184,2650720,5699.610,1512.162,0,148.016,0,6.001,1505,2687,0.880,1.540,1.090,1,0,0,0,0,26,288,6,20,0
28-08 11:30:07,4.250,1.500,93.998,0,0,4916448,150572,205184,2650720,7650.870,1693.971,0,2151.963,0,6.000,1526,2702,0.880,1.540,1.090,0,0,0,0,0,26,288,6,20,0
28-08 11:30:08,3.499,1.000,93.722,0,0,4916448,150572,205184,2650720,9036.262,1619.509,0,3.999,0,1.000,1432,2442,0.880,1.540,1.090,2,0,0,0,0,26,288,6,21,0
28-08 11:30:09,2.750,1.000,95.009,0,0,4916448,150572,205184,2650720,7800.702,1620.146,0,8.001,0,1.000,1399,2427,0.810,1.510,1.080,2,0,0,0,0,26,288,6,21,0
28-08 11:30:10,2.750,0.750,94.741,0,0,4916448,150572,205184,2650720,7332.325,1619.851,0,0,0,0,1359,2389,0.810,1.510,1.080,0,0,0,0,0,26,288,6,20,0
28-08 11:30:11,4.001,1.000,94.762,0,0,4916448,150572,205184,2650720,5456.709,324.042,0,0,0,0,1422,2663,0.810,1.510,1.080,0,0,0,0,0,26,288,6,20,0
28-08 11:30:12,12.506,4.252,82.289,0,0,4928544,138036,205224,2651120,333717.515,6395.018,344.162,364.172,13.006,7.003,2014,3064,0.810,1.510,1.080,1,0,26.012,0,0,26,288,6,20,0
28-08 11:30:13,14.045,6.270,78.253,0.251,0,4928176,136620,205232,2652864,238352.547,7855.428,304.987,1328.300,17.055,171.555,2629,3620,0.810,1.510,1.080,1,0,39.127,0,0,26,288,6,20,0
