"pcp-dstat 5.3.6 CSV Output"
"Author:","PCP team <pcp@groups.io> and Dag Wieers <dag@wieers.com>",,,,"URL:","https://pcp.io/ and http://dag.wieers.com/home-made/dstat/"
"Host:","ubuntu",,,,"User:","ubuntu"
"Cmdline:","dstat -tcmndrylpg --tcp --output /tmp/devstack_logs/dstat-csv.log",,,,"Date:","15 Jan 2026 02:54:47 UTC"
"system","total usage",,,,,"memory usage",,,,"net/total",,"dsk/total",,"io/total",,"system",,"load avg",,,"procs",,,"paging",,"tcp sockets",,,,
"time","total usage:usr","total usage:sys","total usage:idl","total usage:wai","total usage:stl","used","free","buf","cach","net/total:recv","net/total:send","dsk/total:read","dsk/total:writ","read","writ","int","csw","1m","5m","15m","run","blk","new","in","out","lis","act","syn","tim","clo"
15-01 02:54:47,,950368,585784,173696,6060484,,,,,,,1.190,0.900,0.560,3,0,,,,9,2,6,12,0
15-01 02:54:48,17.980,23.723,56.686,0.250,0,930644,602008,173704,6063740,18635.811,4613.754,0,36354.665,0,133.848,3785,6117,1.190,0.900,0.560,1,0,541.384,0,0,9,4,6,11,0
15-01 02:54:49,18.698,27.423,52.104,0,0,945960,573904,173984,6073796,21630.284,2293.562,0,211.407,0,19.944,4178,7083,1.190,0.900,0.560,18,0,655.161,0,0,9,2,6,12,0
15-01 02:54:50,27.554,20.039,50.850,0,0,963784,555892,174004,6073476,15209.842,5041.892,0,1398.744,0,9.018,3474,6285,1.330,0.940,0.570,1,0,217.427,0,0,9,4,6,12,0
15-01 02:54:51,24.249,9.250,65.497,0.500,0,1054648,463740,174356,6198856,228202.905,8427.553,0,1519.919,0,41.998,3609,5462,1.330,0.940,0.570,2,0,62.997,0,0,10,2,6,12,0
15-01 02:54:52,32.562,16.531,49.845,0,0,1113656,397888,174904,6204576,7011.350,1623.090,52.099,228.435,13.025,9.017,4608,7678,1.330,0.940,0.570,5,0,277.528,0,0,10,4,6,12,0
15-01 02:54:53,78.990,17.998,1.750,0,0,1232528,248536,176520,6229112,10377.734,1681.795,79.990,3483.575,1.000,26.997,6753,12275,1.330,0.940,0.570,4,0,187.977,0,0,10,4,6,14,0
15-01 02:54:54,42.885,5.236,51.362,0,0,1260036,215924,176728,6233404,2946661.893,41011.131,0,4695.421,0,36.901,2418,2000,1.330,0.940,0.570,4,0,3.989,0,0,10,5,6,14,2
15-01 02:54:55,16.776,5.508,65.851,10.516,0,1213584,256272,177020,6239040,223833.241,6735.298,0,18944.967,0,1846.824,10965,18516,1.390,0.960,0.580,3,1,40.061,0,0,10,8,6,14,0
15-01 02:54:56,18.732,5.495,65.688,9.241,0,1211704,253576,177332,6243176,15004.790,3197.972,0,38159.863,0,3245.926,14369,25214,1.390,0.960,0.580,2,0,41.960,0,0,10,8,6,14,0
15-01 02:54:57,33.563,6.512,57.858,1.753,0,1192076,272784,177464,6243396,25494.701,7619.256,0,18582.768,0,1063.991,4390,6664,1.390,0.960,0.580,3,0,76.142,0,0,10,7,6,14,0
15-01 02:54:58,32.689,0.998,64.879,0.250,0,1227400,237280,177540,6243460,37851.369,9432.399,0,1401.385,0,60.886,1232,1413,1.390,0.960,0.580,5,0,0,0,0,10,8,6,14,0
15-01 02:54:59,35.487,8.497,55.480,0.750,0,1235628,228524,177676,6243736,25642.589,14224.780,0,6949.450,0,366.865,3061,9205,1.390,0.960,0.580,2,0,43.984,0,0,10,8,6,15,0
15-01 02:55:00,36.309,5.008,56.592,0.501,0,1160744,303216,177744,6243816,19265.403,9903.142,0,865.411,0,39.064,1623,2049,1.440,0.970,0.590,3,1,81.132,0,0,10,7,6,15,1
15-01 02:55:01,21.750,21.250,55.749,0.500,0,1175476,288128,177860,6244240,339850.863,15319.678,0,47491.003,0,569.988,4021,5621,1.440,0.970,0.590,2,0,355.993,0,0,10,7,6,14,1
15-01 02:55:02,25.023,20.519,53.550,0.250,0,1189244,274084,177956,6244664,44342.638,12193.450,0,1413.327,0,52.049,3610,6670,1.440,0.970,0.590,2,0,317.298,0,0,10,6,6,14,2
15-01 02:55:03,46.750,19.750,31.500,0.750,0,1258108,178848,178688,6267904,393675.063,10973.890,0,2683.973,0,72.999,3850,8503,1.440,0.970,0.590,3,0,307.997,0,0,10,7,6,14,2
15-01 02:55:04,67.133,8.236,25.206,0.499,0,1338700,125332,179028,6238796,9185.998,1617.183,31.944,11967.153,7.986,366.362,2236,2030,1.440,0.970,0.590,5,1,5.990,0,0,10,7,6,14,2
15-01 02:55:05,65.109,10.518,22.287,2.254,0,1364632,128852,178736,6207184,7960.373,1696.851,208.350,31993.749,4.007,407.685,3404,5805,1.560,1.010,0.600,2,0,12.020,0,0,10,6,6,15,2
15-01 02:55:06,22.199,11.723,63.603,1.746,0.249,1368848,127064,178992,6202584,9774.382,1857.701,1300.990,112802.974,47.889,743.280,3855,4578,1.560,1.010,0.600,1,0,105.755,0,0,10,6,7,15,2
15-01 02:55:07,20.768,5.255,72.813,0.250,0,1304836,205992,179100,6187844,13502.707,4115.568,1401.215,744.646,67.058,34.030,1568,1842,1.560,1.010,0.600,2,0,25.022,0,0,10,4,6,15,0
15-01 02:55:08,40.807,5.007,53.075,0.751,0,1419740,127744,178828,6151848,14414.295,3592.058,412.581,20741.204,27.038,212.299,1660,1461,1.560,1.010,0.600,2,1,7.010,0,0,10,5,6,15,0
15-01 02:55:09,44.723,5.247,48.971,0.500,0,1420140,135584,179088,6142712,7664.409,1792.926,671.598,1942.836,22.986,64.961,1933,2548,1.560,1.010,0.600,2,0,3.998,0,0,10,10,6,15,0
15-01 02:55:10,36.391,7.478,54.836,1.246,0,1352180,195068,179776,6149312,13045.979,4629.154,749.757,4195.451,28.914,297.111,3367,4920,1.520,1.010,0.600,3,0,46.860,0,0,10,4,6,17,0
15-01 02:55:11,43.911,9.033,46.420,0,0,1383852,161944,180128,6150192,4875.870,1700.231,417.530,999.664,17.063,9.033,9337,18343,1.520,1.010,0.600,2,0,18.066,0,0,10,11,6,17,0
15-01 02:55:12,41.745,9.999,46.494,0.500,0,1373384,171056,180780,6150676,9063.849,1693.785,863.890,3119.604,89.989,37.995,9853,18980,1.520,1.010,0.600,3,0,59.992,0,0,10,28,6,19,0
15-01 02:55:13,44.001,6.250,48.501,0.250,0,1308396,250248,180792,6138072,6842.178,1620.042,4.000,476.012,1.000,12.000,1820,2086,1.520,1.010,0.600,3,0,21.001,0,0,10,28,6,19,0
15-01 02:55:14,47.571,11.706,39.601,0.249,0,1405044,152728,180792,6138944,9533.146,1613.930,844.823,19.925,22.914,4.981,1960,2550,1.520,1.010,0.600,3,0,203.236,0,0,10,28,6,19,0
15-01 02:55:15,41.910,12.548,45.173,0,0,1299952,257616,180796,6139144,6343.257,1517.804,0,670.564,0,21.081,3718,8104,1.640,1.040,0.620,5,0,196.752,0,0,10,28,6,21,0
15-01 02:55:16,76.486,21.996,1.000,0,0,1545376,128424,179108,6026704,9130.338,1565.715,1687.693,5918.923,64.988,538.902,3173,4008,1.640,1.040,0.620,11,0,381.930,0,0,10,30,6,21,0
15-01 02:55:17,86.269,10.502,2.250,0,0,1680380,126572,177520,5898012,7964.760,1620.358,628.139,1492.330,23.005,204.045,4754,9551,1.640,1.040,0.620,7,0,1.000,0,0,10,29,6,21,0
15-01 02:55:18,46.724,14.492,38.229,0.250,0,1326008,480904,177536,5898156,6621.299,1693.054,19.989,535.701,3.998,57.968,3978,7953,1.640,1.040,0.620,4,0,309.827,0,0,10,28,6,21,0
15-01 02:55:19,23.208,2.246,73.367,0,0,1380496,426380,177552,5898176,11550.083,1617.071,15.971,183.667,2.995,9.982,1392,1866,1.640,1.040,0.620,2,0,0,0,0,10,28,6,21,0
15-01 02:55:20,19.757,6.752,72.525,0,0.250,1341608,465240,177556,5898200,7811.703,1620.561,8.003,180.062,2.001,21.007,1973,3177,1.590,1.040,0.620,2,0,68.024,0,0,10,28,6,21,0
15-01 02:55:21,22.476,2.747,72.923,0,0,1305156,501688,177560,5898200,6800.846,1618.298,0,243.744,0,28.970,1687,3008,1.590,1.040,0.620,2,0,1.998,0,0,10,28,5,21,0
15-01 02:55:22,9.518,22.041,67.877,0.501,0,1307060,499048,177564,5898932,9574.963,1609.019,709.331,945.774,9.017,50.094,2683,3580,1.590,1.040,0.620,4,0,338.635,0,0,10,28,5,21,0
15-01 02:55:23,21.776,25.781,51.562,0,0,1351504,454508,177564,5899028,6654.065,1621.966,208.252,116.141,2.002,17.021,2894,4715,1.590,1.040,0.620,4,0,572.694,0,0,10,28,5,20,0
15-01 02:55:24,84.502,13.250,2.500,0,0,1603268,202568,177568,5899200,9077.209,1566.036,0,152.003,0,12.000,2256,3604,1.590,1.040,0.620,5,0,126.003,0,0,10,29,5,20,0
15-01 02:55:25,78.438,9.992,9.742,0,0,1535860,269600,177596,5899548,7131.388,1618.726,3.997,395.689,0.999,59.953,6446,17447,1.780,1.090,0.640,5,0,59.953,0,0,10,28,5,23,0
15-01 02:55:26,85.559,13.509,1.251,0,0,1537544,267712,177600,5899748,5173.570,1621.119,0,184.127,0,13.009,2377,3818,1.780,1.090,0.640,6,0,171.118,0,0,10,29,5,23,0
15-01 02:55:27,81.243,14.999,4.000,0,0,1523600,281324,177600,5900080,9080.165,1693.844,0,195.982,0,9.999,7135,15379,1.780,1.090,0.640,7,0,138.987,0,0,10,28,5,24,0
15-01 02:55:28,54.252,9.750,35.751,0.250,0,1370824,433860,177616,5900304,10696.332,1694.053,0,680.021,0,40.001,3076,8492,1.780,1.090,0.640,5,0,170.005,0,0,10,28,5,24,0
15-01 02:55:29,41.661,8.981,48.895,0,0,1422984,381680,177620,5900320,5217.808,1508.764,0,183.606,0,12.972,1541,2194,1.780,1.090,0.640,4,0,68.852,0,0,10,29,5,24,0
15-01 02:55:30,42.341,18.790,37.581,0.251,0,1347780,454056,177632,5903120,10958.594,1697.655,2922.292,260.561,60.129,28.060,5216,10409,1.720,1.090,0.640,5,0,463.999,0,0,10,28,5,24,0
15-01 02:55:31,65.932,8.491,25.474,0,0,1499140,302352,177636,5903460,9343.414,1618.340,3.996,223.770,0.999,5.994,2474,4712,1.720,1.090,0.640,6,0,0,0,0,10,30,5,24,1
15-01 02:55:32,69.800,16.512,13.260,0.250,0,1465648,335620,177640,5903676,10344.469,1567.131,0,468.338,0,50.036,3687,8093,1.720,1.090,0.640,6,0,258.186,0,0,10,28,5,27,0
15-01 02:55:33,74.522,8.753,17.005,0,0,1567188,233868,177644,5903880,8086.402,1620.481,0,260.077,0,21.006,4005,10791,1.720,1.090,0.640,4,0,0,0,0,10,31,5,32,0
15-01 02:55:34,66.545,15.203,16.948,0.249,0,1457676,341856,177676,5905372,5001.565,1688.788,1315.939,3604.875,12.960,208.357,3169,6526,1.720,1.090,0.640,7,0,323.003,0,0,10,28,5,32,0
15-01 02:55:35,57.929,13.040,29.341,0.251,0,1377160,422184,177708,5905528,9607.717,1625.026,0,453.402,0,44.137,5362,12091,1.820,1.120,0.650,5,0,176.546,0,0,10,28,5,35,0
15-01 02:55:36,68.497,11.250,21.499,0,0,1502280,296988,177712,5905600,8988.631,1511.938,0,283.988,0,14.999,2035,3117,1.820,1.120,0.650,4,0,122.995,0,0,10,30,5,35,0
15-01 02:55:37,59.750,15.250,24.500,0,0,1397932,401052,177844,5905752,11237.933,1845.989,131.999,611.996,4.000,37.000,3709,8740,1.820,1.120,0.650,4,0,287.998,0,0,10,28,6,32,0
15-01 02:55:38,64.497,5.750,29.499,0,0,1500632,297732,177852,5906364,6327.715,1693.924,0,3979.821,0,155.993,4464,8291,1.820,1.120,0.650,4,0,0,0,0,10,30,6,34,0
15-01 02:55:39,63.344,11.971,23.692,0,0,1473368,324844,177852,5906516,10364.493,1616.023,0,315.224,0,27.931,2151,3330,1.820,1.120,0.650,5,0,111.725,0,0,10,28,6,35,0
15-01 02:55:40,63.163,16.793,19.550,0,0,1367252,430908,177864,5906552,6997.017,1644.234,0,541.394,0,49.127,3856,10979,1.910,1.150,0.660,7,0,384.991,0,0,10,28,6,36,0
15-01 02:55:41,82.999,14.750,2.250,0,0,1596204,201852,177876,5906644,5616.905,1661.972,0,463.992,0,28.000,2946,4809,1.910,1.150,0.660,7,0,151.997,0,0,10,28,6,36,0
15-01 02:55:42,83.746,13.749,1.500,0,0,1536064,261624,177904,5906984,7261.637,1735.913,0,491.975,0,36.998,4603,8525,1.910,1.150,0.660,9,0,244.988,0,0,10,28,6,36,0
15-01 02:55:43,80.995,15.749,2.500,0.250,0,1518136,279456,177912,5907072,10474.309,1565.897,4.000,1167.923,1.000,41.997,3640,6606,1.910,1.150,0.660,8,0,260.983,0,0,10,30,6,37,0
15-01 02:55:44,82.503,13.000,4.500,0,0,1506180,291212,177912,5907276,6705.255,1640.062,0,228.009,0,10.000,5266,11493,1.910,1.150,0.660,7,0,205.008,0,0,10,29,6,35,0
15-01 02:55:45,44.347,27.405,26.409,0,0,1319096,478056,177912,5907516,10481.817,1614.427,0,243.161,0,15.945,6434,12960,2.320,1.250,0.700,5,0,724.499,0,0,10,28,6,35,0
15-01 02:55:46,12.280,19.047,68.418,0,0,1319532,477596,177912,5907540,11309.754,1698.167,0,232.571,0,11.027,2440,3111,2.320,1.250,0.700,1,0,308.758,0,0,10,28,6,35,0
15-01 02:55:47,8.734,21.960,67.627,0,0,1321348,475772,177912,5907548,9456.864,1563.168,0,3.993,0,0.998,2427,3145,2.320,1.250,0.700,3,0,299.457,0,0,10,28,6,35,0
15-01 02:55:48,46.385,33.096,20.811,0,0,1443152,353924,177916,5907588,10526.664,1624.733,0,1315.833,0,95.278,3115,6409,2.320,1.250,0.700,6,0,837.439,0,0,10,28,6,34,0
15-01 02:55:49,80.502,16.501,3.000,0,0,1535352,261540,177916,5907772,5862.182,1662.052,4.000,396.012,1.000,34.001,4336,9031,2.320,1.250,0.700,8,0,321.010,0,0,10,29,6,34,0
15-01 02:55:50,80.243,16.998,1.750,0,0,1548252,248384,177916,5908028,5047.551,1619.856,0,531.953,0,45.996,4514,9242,2.780,1.360,0.740,7,0,338.970,0,0,10,29,6,33,0
15-01 02:55:51,81.565,15.465,2.744,0,0,1590276,206304,177920,5908060,10412.385,1508.579,15.964,191.566,2.993,7.982,4919,8734,2.780,1.360,0.740,6,0,160.636,0,0,10,30,6,33,0
15-01 02:55:52,82.681,11.776,5.763,0,0,1690228,123676,177684,5891316,8698.005,1771.872,8.018,4934.782,2.004,208.455,8118,19826,2.780,1.360,0.740,6,0,4.009,0,0,10,29,6,33,0
15-01 02:55:53,80.964,13.744,3.748,0,0,1615440,209596,177424,5880808,15781.898,4532.960,15.993,1063.521,3.998,146.934,4215,9929,2.780,1.360,0.740,6,0,89.960,0,0,10,30,6,33,0
15-01 02:55:54,84.208,12.706,2.491,0,0,1569508,248940,177636,5886488,7521.892,1787.795,7.972,1279.559,1.993,38.865,5105,9710,2.780,1.360,0.740,7,0,99.654,0,0,10,30,6,31,0
15-01 02:55:55,81.528,12.041,5.017,0,0,1647724,169996,177644,5887040,9412.057,1625.537,4.014,541.846,1.003,16.055,7741,52660,3.200,1.470,0.780,6,0,6.021,0,0,10,28,6,31,0
15-01 02:55:56,82.797,14.758,2.251,0,0,1586196,230540,177668,5887840,29918.113,5139.940,0,1937.108,0,21.012,3403,7223,3.200,1.470,0.780,5,0,212.121,0,0,10,32,6,31,0
15-01 02:55:57,83.010,10.251,6.001,0,0,1627680,188344,177808,5888376,377009.503,14585.838,0,1600.202,0,76.010,5572,13369,3.200,1.470,0.780,7,0,2.000,0,0,10,31,6,31,1
15-01 02:55:58,80.498,13.750,4.750,0,0,1527232,287932,177944,5889092,330235.744,12655.684,0,1799.955,0,82.998,6519,15535,3.200,1.470,0.780,6,0,147.996,0,0,10,30,6,31,0
15-01 02:55:59,84.000,14.500,1.250,0,0,1640784,174016,178000,5889464,27190.891,6917.972,8.000,919.996,1.000,45.000,5442,9906,3.200,1.470,0.780,8,0,64.000,0,0,10,31,6,32,0
15-01 02:56:00,79.688,14.489,5.246,0.250,0,1539000,274856,178140,5890140,64047.851,7271.307,0,1079.155,0,59.953,4949,13526,3.340,1.530,0.800,7,0,162.872,0,0,10,32,6,32,0
15-01 02:56:01,83.562,13.260,3.753,0,0,1551784,261832,178148,5890296,13883.343,2916.173,0,428.319,0,23.017,3875,9269,3.340,1.530,0.800,7,0,127.095,0,0,10,31,6,32,0
15-01 02:56:02,81.180,14.692,2.988,0,0,1645492,166728,178156,5891684,6987.428,2445.351,0,274.915,0,14.941,5617,9157,3.340,1.530,0.800,9,0,91.638,0,0,10,32,6,32,0
15-01 02:56:03,86.088,12.298,1.506,0,0,1623228,182088,178524,5897228,11036.373,1801.078,0,1068.198,0,31.122,2964,7461,3.340,1.530,0.800,8,0,74.292,0,0,10,31,6,32,0
15-01 02:56:04,84.444,12.991,2.498,0,0,1553824,250940,178600,5897588,12227.844,3941.371,3.997,1099.267,0.999,38.974,3526,8297,3.340,1.530,0.800,6,0,144.903,0,0,10,31,6,32,0
15-01 02:56:05,82.554,11.007,5.253,0,0,1630496,173832,178732,5897848,26975.561,8258.376,0,1388.904,0,87.057,5868,12902,3.470,1.590,0.820,6,0,72.047,0,0,10,31,6,32,0
15-01 02:56:06,80.008,13.251,6.251,0,0,1563440,240260,178828,5898320,26522.520,6708.637,0,1116.106,0,59.006,5558,14109,3.470,1.590,0.820,5,0,146.014,0,0,10,31,6,31,0
15-01 02:56:07,78.702,11.243,9.494,0.250,0,1536560,266668,178932,5898572,23212.724,6697.881,11.993,1551.046,2.998,77.952,4093,12407,3.470,1.590,0.820,5,0,157.903,0,0,10,30,6,31,0
15-01 02:56:08,83.183,11.741,4.247,0,0,1598908,204068,179008,5898712,21354.788,6901.437,0,999.195,0,48.961,2718,5136,3.470,1.590,0.820,8,0,76.938,0,0,10,31,6,31,0
15-01 02:56:09,70.596,15.772,13.268,0,0,1481888,320492,179084,5899168,22307.472,4684.399,0,865.182,0,56.077,4884,14769,3.470,1.590,0.820,6,0,221.302,0,0,10,31,6,31,0
15-01 02:56:10,87.996,10.000,3.000,0,0,1581588,212540,179684,5905712,8673.592,1933.909,0,863.959,0,18.999,2221,3126,3.520,1.630,0.840,5,0,67.997,0,0,10,31,6,29,0
15-01 02:56:11,65.999,10.250,24.000,0.250,0,1493956,299548,179756,5906148,19672.607,5664.887,0,1339.973,0,53.999,4175,13916,3.520,1.630,0.840,3,0,77.998,0,0,10,30,6,31,0
15-01 02:56:12,68.755,9.501,22.002,0.250,0,1577260,215468,179892,5906716,60838.380,6427.463,0,1216.088,0,75.005,2478,5191,3.520,1.630,0.840,6,0,33.002,0,0,10,36,6,31,0
15-01 02:56:13,73.744,13.499,12.249,0,0,1568644,222764,179912,5907980,12847.998,3846.700,0,375.971,0,28.998,4426,9974,3.520,1.630,0.840,6,0,121.990,0,0,10,35,6,31,0
15-01 02:56:14,80.505,11.501,7.250,0,0,1563056,220536,180540,5914020,9286.622,2523.169,416.028,848.057,6.000,21.001,3565,8049,3.520,1.630,0.840,5,0,59.004,0,0,10,34,6,31,0
15-01 02:56:15,73.232,13.949,11.707,0,0,1543048,239964,180588,5914520,37538.833,4150.833,0,1040.199,0,30.887,2809,5113,3.550,1.670,0.860,3,0,123.549,0,0,10,35,6,31,0
15-01 02:56:16,75.770,16.057,8.781,0.251,0,1474040,302000,181072,5920064,12018.847,2712.671,0,1164.150,0,44.157,6480,11791,3.550,1.670,0.860,4,0,209.748,0,0,10,34,6,30,0
15-01 02:56:17,77.248,13.250,10.250,0,0,1566548,207436,181252,5921512,52075.906,5768.879,0,1123.976,0,35.999,2348,3245,3.550,1.670,0.860,4,0,62.999,0,0,10,36,6,30,0
15-01 02:56:18,69.005,11.001,19.251,0.250,0,1490032,279304,181388,5925820,1869810.106,27566.095,104.008,1668.127,23.002,95.007,7038,14488,3.550,1.670,0.860,4,0,139.011,0,0,10,34,6,36,0
15-01 02:56:19,68.998,10.250,18.500,0.750,0,1552172,182904,181508,5958836,16972216.639,105477.574,0,21311.510,0,233.995,8059,6914,3.550,1.670,0.860,4,0,30.999,0,0,10,35,6,36,0
15-01 02:56:20,64.982,13.246,20.744,0.750,0,1522748,172912,181712,5996956,19546827.810,99332.081,0,20962.319,0,130.965,8884,11356,3.670,1.720,0.880,3,0,164.955,0,0,10,35,6,36,0
15-01 02:56:21,63.017,15.504,21.006,0,0,1452480,223440,181932,6015684,9536798.083,45753.536,0,11607.180,0,123.034,7044,11145,3.670,1.720,0.880,6,0,227.062,0,0,10,35,6,36,0
15-01 02:56:22,60.873,15.717,22.453,0,0,1517508,157788,182008,6016212,9469.190,1710.422,0,522.906,0,12.973,9701,19012,3.670,1.720,0.880,4,0,127.733,0,0,10,34,6,36,0
15-01 02:56:23,64.114,11.270,24.794,0,0,1486252,188452,182092,6016680,8086.369,1697.016,0,16970.156,0,535.952,4529,7610,3.670,1.720,0.880,4,0,66.117,0,0,10,34,6,37,0
15-01 02:56:24,65.770,8.753,25.758,0,0,1515316,158532,182256,6017248,9165.722,1620.481,0,812.241,0,35.010,2170,3649,3.670,1.720,0.880,3,0,7.002,0,0,10,35,6,37,0
15-01 02:56:25,61.725,11.995,25.490,0.750,0,1459036,133676,183660,6092108,8430.611,1531.384,15.994,5433.816,3.998,232.906,3372,5949,3.780,1.780,0.900,4,0,99.960,0,0,10,34,6,37,0
15-01 02:56:26,62.000,13.250,24.500,0.500,0,1506312,129672,189196,6037576,12780.013,1620.002,24.000,14640.015,2.000,174.000,2203,3066,3.780,1.780,0.900,4,0,0,0,0,10,36,6,37,0
15-01 02:56:27,62.781,12.256,24.762,0.250,0,1471924,151096,195848,6037404,11956.811,1620.788,356.173,11901.784,5.002,60.029,2842,5986,3.780,1.780,0.900,3,0,36.018,0,0,10,34,6,35,0
15-01 02:56:28,61.727,11.746,26.240,0,0,1475796,230240,196472,5958544,9817.407,1967.280,0,4046.519,0,44.984,3482,5478,3.780,1.780,0.900,3,0,110.959,0,0,10,34,6,35,0
15-01 02:56:29,63.513,20.754,15.753,0.250,0,1447088,249884,196636,5967432,6222.319,1620.344,1780.377,2172.461,40.008,32.007,5477,10879,3.780,1.780,0.900,6,0,421.089,0,0,10,32,6,34,0
15-01 02:56:30,61.985,18.246,18.496,0,0,1466528,224344,196640,5973528,8501.011,1619.621,667.844,1775.585,8.998,33.992,5363,10546,3.710,1.800,0.910,6,0,335.921,0,0,10,32,6,35,0
15-01 02:56:31,44.011,21.505,32.758,1.000,0,1414312,273104,196656,5977392,8861.144,1566.379,3300.799,111058.876,74.018,487.118,4841,7050,3.710,1.800,0.910,3,0,431.104,0,0,10,32,6,35,0
15-01 02:56:32,42.225,8.245,48.471,0,0,1401772,285492,196656,5977544,9270.456,1585.052,0,467.720,0,28.983,2967,5513,3.710,1.800,0.910,3,0,59.964,0,0,10,33,6,35,0
15-01 02:56:33,35.959,15.732,46.947,0,0,1400536,285772,196660,5978528,8826.053,1692.093,0,307.653,0,26.970,3189,5741,3.710,1.800,0.910,3,0,381.570,0,0,10,32,6,31,0
15-01 02:56:34,23.701,3.493,71.602,0.249,0,1334736,351288,196664,5978808,9052.307,1616.662,0,355.266,0,23.951,2172,4365,3.710,1.800,0.910,3,0,29.938,0,0,10,32,6,31,0
15-01 02:56:35,21.518,4.254,74.062,0,0,1393384,292632,196668,5978812,8560.191,1621.362,0,208.175,0,11.009,909,1524,3.500,1.780,0.910,3,0,0,0,0,10,32,6,26,0
15-01 02:56:36,20.733,5.495,72.191,0,0,1347232,338748,196672,5978844,6541.623,1618.669,0,167.862,0,10.991,1787,3745,3.500,1.780,0.910,3,0,55.954,0,0,10,32,6,29,0
15-01 02:56:37,22.741,3.998,73.220,0,0,1394320,291652,196676,5978848,8713.401,1619.331,0,291.879,0,22.991,1474,2458,3.500,1.780,0.910,6,0,1.000,0,0,10,32,6,26,0
15-01 02:56:38,17.777,8.764,72.863,0.250,0,1379716,306244,196684,5978852,8002.364,1460.256,0,180.279,0,10.015,1354,1733,3.500,1.780,0.910,1,0,91.141,0,0,10,32,6,26,0
15-01 02:56:39,20.493,6.248,72.476,0,0,1329636,356308,196688,5978864,5853.068,1619.466,0,259.914,0,21.993,2134,3556,3.500,1.780,0.910,3,0,58.981,0,0,10,32,6,23,0
15-01 02:56:40,21.776,4.255,73.087,0.250,0,1395336,290588,196704,5978868,8463.029,1621.922,0,748.887,0,56.066,1263,1783,3.300,1.770,0.910,2,0,40.047,0,0,10,32,6,23,0
15-01 02:56:41,19.226,7.491,72.410,0,0,1327772,358124,196704,5978896,8863.010,1691.902,0,191.762,0,20.974,2169,3600,3.300,1.770,0.910,2,0,93.884,0,0,10,32,6,22,0
15-01 02:56:42,23.020,2.752,73.563,0,0,1385732,300164,196704,5978896,9072.766,1695.451,0,148.127,0,9.008,1238,1701,3.300,1.770,0.910,2,0,0,0,0,10,33,6,22,0
15-01 02:56:43,22.744,3.749,72.231,0.250,0,1339244,346496,196708,5979048,7403.023,1619.568,0,203.946,0,19.995,2098,3994,3.300,1.770,0.910,2,0,29.992,0,0,10,32,6,21,0
15-01 02:56:44,24.024,2.502,73.573,0,0,1388128,297608,196712,5979048,5588.516,1567.547,0,144.142,0,8.008,1326,2167,3.300,1.770,0.910,2,0,0,0,0,10,33,6,21,0
15-01 02:56:45,17.009,11.757,70.289,0,0,1322032,363600,196712,5979152,10433.791,1512.840,0,144.080,0,11.006,2708,4528,3.110,1.760,0.920,2,0,148.082,0,0,10,32,6,21,0
15-01 02:56:46,19.955,19.457,59.866,0.249,0.249,1372852,312460,196720,5979464,10050.577,1616.394,11.973,383.145,0.998,24.944,2789,3999,3.110,1.760,0.920,2,0,337.248,0,0,10,32,6,23,0
15-01 02:56:47,44.723,6.246,49.220,0.250,0,1502072,180664,196720,5982040,5655.550,1619.012,1527.068,271.834,37.977,7.995,1388,1682,3.110,1.760,0.920,2,0,5.996,0,0,10,36,6,23,0
15-01 02:56:48,39.613,7.521,41.619,12.034,0,1432616,243292,197316,5988224,9626.484,1698.850,216.618,43267.529,23.066,3914.175,13572,30208,3.110,1.760,0.920,2,1,127.364,0,0,10,36,6,23,0
15-01 02:56:49,36.413,5.736,43.645,10.475,0,1508876,165932,197608,5989028,5574.626,1616.123,0,24936.178,0,2689.548,13502,23145,3.110,1.760,0.920,3,0,40.902,0,0,10,36,6,23,0
15-01 02:56:50,47.914,5.519,46.910,1.003,0,1438768,235956,197628,5989092,10747.703,1625.551,0,16973.966,0,978.341,4138,5547,3.100,1.780,0.930,2,0,6.021,0,0,10,32,6,23,0
15-01 02:56:51,40.002,6.750,45.002,7.000,0,1511564,162876,197692,5989312,6674.294,1458.064,0,8576.377,0,1745.077,11528,21561,3.100,1.780,0.930,2,0,3.000,0,0,10,34,5,23,0
15-01 02:56:52,34.898,10.469,50.353,3.739,0,1390040,284072,197724,5989608,5310.462,1615.274,0,13660.031,0,1448.761,8217,13703,3.100,1.780,0.930,2,0,98.711,0,0,10,32,5,23,0
15-01 02:56:53,22.551,2.756,72.163,0.752,0,1340220,333884,197724,5989612,10310.353,1623.678,0,2994.783,0,172.390,1471,1912,3.100,1.780,0.930,1,0,3.007,0,0,10,32,5,23,0
15-01 02:56:54,22.989,3.248,73.464,0,0,1421692,252392,197724,5989632,8416.926,1619.216,0,607.706,0,39.981,1043,1486,3.100,1.780,0.930,2,0,1.999,0,0,10,32,5,23,0
15-01 02:56:55,23.911,1.993,71.983,1.245,0,1364148,309920,197728,5989644,9884.329,1614.012,0,5232.587,0,301.880,1767,2408,3.020,1.780,0.930,1,0,0.996,0,0,10,32,5,23,0
15-01 02:56:56,23.233,4.497,71.698,0,0,1440936,233016,197728,5989672,7870.333,1618.834,0,44523.943,0,153.889,1526,1696,3.020,1.780,0.930,1,0,1.999,0,0,10,32,5,23,0
15-01 02:56:57,24.005,2.501,73.515,0,0,1381892,291992,197728,5989740,10844.266,1694.354,0,320.067,0,2.000,989,1191,3.020,1.780,0.930,2,0,2.000,0,0,10,32,5,23,0
15-01 02:56:58,23.020,2.252,73.813,0,0,1443880,230000,197728,5989740,7290.248,1533.314,0,0,0,0,916,1106,3.020,1.780,0.930,1,0,2.002,0,0,10,32,5,23,0
15-01 02:56:59,28.050,5.009,67.371,0,0,1382760,291012,197728,5989780,6010.771,1622.908,0,0,0,0,1313,3253,3.020,1.780,0.930,2,0,35.063,0,0,10,32,5,24,0
15-01 02:57:00,22.676,3.239,73.511,0,0,1401344,272416,197728,5989860,5024.660,1730.373,0,801.394,0,2.990,913,1077,2.850,1.770,0.930,1,0,0.997,0,0,10,32,5,24,0
15-01 02:57:01,22.835,4.517,71.517,0.502,0,1342072,331596,197732,5989896,9667.078,1626.068,0,46694.263,0,333.244,1576,1806,2.850,1.770,0.930,1,0,3.011,0,0,10,32,5,22,0
15-01 02:57:02,23.501,2.500,73.252,0,0.250,1330824,343048,197732,5989908,8745.271,1732.054,0,968.030,0,31.001,878,1236,2.850,1.770,0.930,2,0,1.000,0,0,10,32,5,22,0
15-01 02:57:03,22.478,2.498,73.678,0,0,1402804,271048,197732,5989928,9532.620,1618.407,0,0,0,0,914,1090,2.850,1.770,0.930,2,0,1.998,0,0,10,32,5,22,0
15-01 02:57:04,19.033,7.263,73.377,0,0,1335664,338080,197736,5990032,7325.688,1534.658,0,0,0,0,1330,1761,2.850,1.770,0.930,2,0,88.153,0,0,10,32,5,22,0
15-01 02:57:05,9.253,20.508,69.276,0,0,1341964,331736,197736,5990076,9715.614,1620.603,0,528.196,0,6.002,2473,3411,2.700,1.760,0.930,2,0,296.110,0,0,10,32,5,22,0
15-01 02:57:06,9.995,20.241,69.218,0,0,1346072,327420,197736,5990284,10242.268,1619.252,0,443.795,0,5.997,2449,3332,2.700,1.760,0.930,2,0,279.871,0,0,10,32,5,22,0
15-01 02:57:07,8.748,19.246,69.485,0.500,0,1343896,329444,197740,5990432,6794.492,1845.590,107.976,659.854,5.999,14.997,2574,3692,2.700,1.760,0.930,2,0,267.941,0,0,10,32,6,22,0
15-01 02:57:08,8.750,21.001,70.004,0,0,1348232,325084,197740,5990452,9959.528,1736.092,0,4.000,0,1.000,2409,3203,2.700,1.760,0.930,2,0,270.014,0,0,10,32,6,22,0
15-01 02:57:09,12.226,14.971,71.112,0,0,1375076,298212,197740,5990476,7095.214,1616.858,0,0,0,0,1783,2391,2.700,1.760,0.930,2,0,171.666,0,0,10,32,6,22,0
15-01 02:57:10,22.991,2.499,73.971,0,0,1446832,226468,197740,5990460,4896.095,1585.383,0,0,0,0,844,1077,2.570,1.740,0.930,3,0,1.999,0,0,10,32,6,22,0
15-01 02:57:11,23.005,3.251,72.515,0,0,1388292,285004,197740,5990464,8451.758,1566.326,0,176.037,0,16.003,1145,1575,2.570,1.740,0.930,3,0,1.000,0,0,10,32,6,22,0
15-01 02:57:12,22.734,3.248,72.948,0.500,0.250,1446756,226540,197740,5990464,9014.600,1702.791,0,5156.339,0,261.814,1607,2168,2.570,1.740,0.930,3,0,1.999,0,0,10,32,6,20,0
15-01 02:57:13,22.995,2.999,73.985,0,0,1416684,256600,197740,5990472,11108.689,1693.648,0,0,0,0,921,1034,2.570,1.740,0.930,3,0,1.000,0,0,10,32,6,20,0
15-01 02:57:14,23.319,2.758,72.966,0,0,1351020,322264,197740,5990472,7140.135,1699.029,0,20.059,0,3.009,888,1030,2.570,1.740,0.930,2,0,9.027,0,0,10,32,6,18,0
15-01 02:57:15,23.698,2.495,73.839,0,0,1418704,254588,197740,5990464,6335.145,1616.465,0,0,0,0,879,1104,2.440,1.730,0.930,3,0,0,0,0,10,32,6,18,0
15-01 02:57:16,22.767,3.002,73.804,0,0,1369192,304080,197740,5990484,10826.947,1695.244,0,20.015,0,1.001,903,1062,2.440,1.730,0.930,2,0,3.002,0,0,10,32,6,18,0
15-01 02:57:17,21.985,2.998,73.700,0,0,1445560,227724,197740,5990472,9175.779,1510.976,0,743.496,0,118.919,1055,1223,2.440,1.730,0.930,2,0,2.998,0,0,10,32,6,18,0
15-01 02:57:18,23.518,2.502,73.807,0,0,1377220,296052,197740,5990484,6134.761,1621.258,0,12.009,0,1.001,814,1026,2.440,1.730,0.930,3,0,1.001,0,0,10,32,6,14,0
15-01 02:57:19,23.236,2.249,73.954,0,0,1446040,227256,197740,5990460,10938.175,1565.023,0,0,0,0,918,1116,2.440,1.730,0.930,2,0,1.999,0,0,10,32,6,14,0
15-01 02:57:20,22.729,2.997,73.931,0,0,1390412,282948,197740,5990396,8158.405,1618.493,0,27.974,0,1.998,886,1059,2.330,1.720,0.930,2,0,0.999,0,0,10,32,6,11,0
15-01 02:57:21,23.717,2.247,73.399,0.250,0,1450376,222972,197744,5990404,10096.067,1617.767,0,207.713,0,13.981,1059,1492,2.330,1.720,0.930,2,0,1.997,0,0,10,32,6,11,0
15-01 02:57:22,23.636,2.263,73.924,0,0,1404508,268740,197744,5990492,7649.918,1872.751,0,2067.872,0,36.208,1007,1238,2.330,1.720,0.930,1,0,1.006,0,0,10,32,6,11,0
15-01 02:57:23,22.390,2.737,73.390,0,0,1413312,259956,197744,5990472,5723.913,1612.089,0,0,0,0,840,1063,2.330,1.720,0.930,2,0,0.995,0,0,10,32,6,11,0
15-01 02:57:24,24.025,2.503,73.826,0,0,1360548,312700,197744,5990492,9253.494,1513.553,0,20.021,0,1.001,920,1076,2.330,1.720,0.930,3,0,3.003,0,0,10,32,6,10,0
15-01 02:57:25,23.509,2.251,74.279,0,0,1429596,243652,197744,5990492,7091.752,1620.629,0,20.008,0,1.000,819,1100,2.220,1.710,0.940,2,0,0,0,0,10,32,6,10,0
15-01 02:57:26,22.979,2.997,73.684,0,0,1428560,244688,197744,5990492,8716.155,1618.543,0,3.996,0,0.999,891,1079,2.220,1.710,0.940,2,0,0.999,0,0,10,32,6,10,0
15-01 02:57:27,20.581,6.024,72.534,0,0,1362072,311184,197744,5990484,10197.894,1572.150,0,136.534,0,7.027,1346,1752,2.220,1.710,0.940,2,0,98.385,0,0,10,32,6,10,0
15-01 02:57:28,13.716,14.464,71.074,0,0,1382240,290960,197744,5990540,12632.759,1616.004,0,159.605,0,7.980,2533,3894,2.220,1.710,0.940,2,0,364.100,0,0,10,32,6,9,0
15-01 02:57:29,23.771,1.752,74.066,0,0,1436376,236808,197744,5990556,12012.775,1695.521,0,0,0,0,892,1058,2.220,1.710,0.940,2,0,0,0,0,10,32,6,9,0
15-01 02:57:30,23.267,2.252,73.553,0,0,1396376,276576,197744,5990788,5477.966,1621.174,0,0,0,0,900,1155,2.120,1.690,0.940,2,0,9.007,0,0,10,32,6,9,0
15-01 02:57:31,21.776,7.259,71.335,0,0,1340208,332744,197748,5990784,6329.583,1513.814,4.005,172.206,1.001,9.011,1655,2615,2.120,1.690,0.940,1,0,158.190,0,0,10,32,6,9,0
15-01 02:57:32,8.497,21.242,69.974,0,0,1347220,325616,197748,5990900,10228.256,1619.407,0,1343.508,0,85.969,3386,5028,2.120,1.690,0.940,4,0,482.823,0,0,10,32,6,8,0
15-01 02:57:33,9.000,20.749,68.748,0,0,1353564,319240,197748,5990928,9501.667,1619.943,0,211.993,0,4.000,3075,4647,2.120,1.690,0.940,1,0,469.984,0,0,10,32,6,8,0
15-01 02:57:34,10.507,20.513,69.294,0,0,1349028,323732,197756,5990960,10693.791,1621.029,8.005,808.513,2.001,10.006,3323,5169,2.120,1.690,0.940,2,0,533.339,0,0,10,32,6,8,0
15-01 02:57:35,8.486,21.216,68.640,0,0,1351316,321416,197756,5990988,6611.395,1563.492,0,734.821,0,7.987,2554,3624,1.950,1.670,0.930,2,0,330.470,0,0,10,32,6,8,0
15-01 02:57:36,8.746,21.990,68.218,0,0,1350264,322452,197756,5991004,9669.426,1619.234,0,827.609,0,8.996,2495,3349,1.950,1.670,0.930,2,0,301.857,0,0,10,32,6,5,0
15-01 02:57:37,9.002,20.754,68.512,0.250,0,1346908,325804,197760,5991016,8351.478,1512.268,0,1536.272,0,28.005,2592,3715,1.950,1.670,0.930,2,0,300.053,0,0,10,32,6,5,0
15-01 02:57:38,7.503,20.259,70.031,0,0,1348760,323932,197760,5991036,4834.132,1768.780,0,340.150,0,8.004,2524,3668,1.950,1.670,0.930,3,0,313.138,0,0,10,32,6,4,0
15-01 02:57:39,7.994,19.235,70.445,0,0,1345540,327124,197760,5991064,6845.626,1692.671,0,119.906,0,4.996,2415,3420,1.950,1.670,0.930,3,0,284.776,0,0,10,32,6,4,0
15-01 02:57:40,8.736,20.967,69.141,0,0,1352752,319900,197760,5991076,10885.833,1617.449,0,187.704,0,4.992,2465,3323,1.790,1.640,0.930,2,0,281.556,0,0,10,32,6,4,0
15-01 02:57:41,8.531,22.330,68.497,0,0,1349672,322776,197760,5991280,11090.950,1700.124,176.636,120.434,5.018,8.029,2545,3503,1.790,1.640,0.930,1,0,312.124,0,0,10,32,6,4,0
15-01 02:57:42,8.985,20.216,69.133,0.250,0,1345940,326496,197760,5991292,9864.300,1617.262,0,135.770,0,9.983,2498,3332,1.790,1.640,0.930,4,0,294.501,0,0,10,32,6,4,0
15-01 02:57:43,19.524,18.523,61.075,0.250,0,1349276,322672,197772,5991752,8604.506,1609.966,468.572,8.010,13.016,2.002,2774,3959,1.790,1.640,0.930,1,0,367.449,0,0,10,32,6,4,0
15-01 02:57:44,36.022,28.017,36.272,0,0,1422592,249288,197788,5991820,9776.856,1512.906,96.058,888.532,5.003,52.031,3720,6508,1.790,1.640,0.930,4,0,736.441,0,0,10,32,6,8,0
15-01 02:57:45,71.782,24.011,3.001,0.250,0,1591456,121420,198332,5948156,9633.277,1694.752,896.398,5118.273,25.011,335.149,9030,5067,2.130,1.710,0.950,5,0,380.169,0,0,10,32,6,10,0
15-01 02:57:46,61.746,13.499,16.499,8.249,0,1639668,140140,198496,5882088,7016.551,1693.892,7.999,37913.574,2.000,3130.800,13569,25693,2.130,1.710,0.950,2,2,124.992,0,0,10,38,6,8,0
15-01 02:57:47,55.997,14.749,16.999,11.499,0,1616716,150204,199604,5893820,9166.588,1693.924,0,90655.920,0,6809.694,25642,45200,2.130,1.710,0.950,6,1,195.991,0,0,10,36,6,8,0
15-01 02:57:48,58.211,15.989,20.486,7.495,0,1637492,143092,199752,5880316,6692.496,1618.910,67.954,81601.082,0.999,6166.850,21914,43068,2.130,1.710,0.950,4,1,94.936,0,0,10,37,6,9,0
15-01 02:57:49,42.531,16.512,28.270,11.508,0,1543456,229556,199864,5887704,5689.113,1695.226,0,54275.241,0,4647.360,16725,32063,2.130,1.710,0.950,6,0,282.204,0,0,10,34,6,9,0
15-01 02:57:50,33.229,8.745,42.474,13.242,0,1557424,208444,200264,5894396,9322.230,1618.998,0,62081.572,0,4817.018,22746,39072,2.120,1.720,0.960,1,1,35.978,0,0,10,35,6,13,0
15-01 02:57:51,36.972,7.244,42.967,11.241,0,1527836,234392,200576,5897712,6369.140,1456.888,0,43474.829,0,3858.056,19120,31911,2.120,1.720,0.960,5,0,92.929,0,0,10,34,6,15,0
15-01 02:57:52,39.786,7.507,39.786,11.010,0,1563096,199196,201012,5897124,8927.991,1621.451,0,54264.567,0,4527.052,20793,35791,2.120,1.720,0.960,2,1,27.024,0,0,10,35,6,16,0
15-01 02:57:53,35.966,11.489,42.460,10.240,0,1509136,251852,201152,5898260,8886.638,1618.477,0,41608.846,0,3823.402,19920,34021,2.120,1.720,0.960,2,1,109.897,0,0,10,34,6,16,0
15-01 02:57:54,38.976,8.994,38.726,12.992,0,1561992,196916,201344,5900104,4973.881,1766.892,0,54957.542,0,4412.234,19501,32324,2.120,1.720,0.960,4,1,38.976,0,0,10,35,6,16,0
15-01 02:57:55,40.711,8.492,41.210,6.993,0,1561884,194900,201368,5902160,8231.024,1618.432,0,42075.229,0,3643.469,19409,34790,2.190,1.740,0.970,2,0,41.959,0,0,10,34,6,21,0
15-01 02:57:56,37.272,9.256,41.775,11.257,0,1553288,200188,201544,5905176,7757.670,1620.976,0,50866.622,0,4503.711,17558,31550,2.190,1.740,0.970,3,0,81.049,0,0,10,36,6,21,0
15-01 02:57:57,37.230,8.745,43.726,9.995,0,1560336,189128,201704,5908956,7492.954,1619.126,0,50272.853,0,4195.734,20378,37210,2.190,1.740,0.970,5,0,51.972,0,0,10,37,6,21,0
15-01 02:57:58,36.256,12.502,41.507,11.252,0,1536560,209508,201900,5912072,9109.612,1512.268,0,46052.151,0,4115.728,18899,33171,2.190,1.740,0.970,2,1,154.027,0,0,10,36,6,21,0
15-01 02:57:59,40.475,7.495,39.476,11.993,0,1504876,238668,202008,5914424,9600.125,1619.009,0,55486.043,0,4673.140,20519,34906,2.190,1.740,0.970,2,1,59.963,0,0,10,36,6,21,0
15-01 02:58:00,40.837,7.767,38.081,11.274,0,1559360,189548,202052,5908988,10079.510,1611.439,0,57671.070,0,4600.818,19117,35864,2.260,1.760,0.980,4,0,71.152,0,0,10,36,6,22,0
15-01 02:58:01,42.352,8.221,43.598,6.726,0.249,1532640,215728,202064,5909516,10253.175,1614.359,0,29377.356,0,2480.334,11881,20470,2.260,1.760,0.980,2,0,89.687,0,0,10,34,6,22,0
15-01 02:58:02,27.595,12.292,58.701,0.502,0,1453900,294424,202064,5909556,5829.005,1699.834,0,2255.742,0,130.448,2887,4900,2.260,1.760,0.980,2,0,212.730,0,0,10,33,6,22,0
15-01 02:58:03,20.221,6.241,72.646,0.250,0,1421496,326676,202064,5909708,9700.158,1691.586,0,1178.319,0,74.893,1971,2966,2.260,1.760,0.980,3,0,42.939,0,0,10,32,6,22,0
15-01 02:58:04,24.304,2.506,72.661,0.251,0,1444928,303240,202064,5909712,7743.167,1623.600,0,573.271,0,44.098,2495,4551,2.260,1.760,0.980,3,0,0,0,0,10,32,6,22,0
15-01 02:58:05,10.498,18.247,69.990,0,0,1381584,366468,202064,5909828,9080.692,1511.782,0,523.925,0,29.996,2163,2730,2.320,1.780,0.990,3,0,224.968,0,0,10,32,6,22,0
15-01 02:58:06,8.992,20.232,68.439,0,0,1387556,360428,202064,5909896,7379.447,1618.563,0,495.560,0,28.974,2418,3088,2.320,1.780,0.990,3,0,277.753,0,0,10,32,6,22,0
15-01 02:58:07,28.160,22.179,49.093,0.249,0,1439908,308048,202072,5909916,10347.938,1614.841,3.987,2986.458,0.997,197.369,3620,5320,2.320,1.780,0.990,4,0,372.809,0,0,10,32,6,28,0
15-01 02:58:08,67.393,10.021,24.552,0,0,1622664,124928,202072,5910236,8748.608,1611.428,0,276.588,0,8.017,1516,1378,2.320,1.780,0.990,6,0,3.006,0,0,10,32,6,28,0
15-01 02:58:09,65.643,8.519,22.800,2.004,0,1763452,122380,200920,5776308,4859.594,1623.539,2689.864,6446.052,136.297,345.754,3022,3890,2.320,1.780,0.990,4,0,6.013,0,0,10,38,6,28,0
15-01 02:58:10,31.992,9.748,44.489,15.496,0,1765692,123192,201040,5773240,4997.801,1693.594,0,83168.040,0,6449.452,28384,46722,2.610,1.850,1.020,2,0,233.944,0,0,10,38,6,28,0
15-01 02:58:11,28.484,8.245,46.224,16.991,0,1765448,129044,201180,5767592,9183.930,1693.065,0,91845.301,0,7121.069,30010,48289,2.610,1.850,1.020,3,2,215.881,0,0,10,38,6,28,0
15-01 02:58:12,42.479,10.495,32.734,13.493,0,1644816,240848,201224,5776112,6842.592,1511.247,0,81551.387,0,6549.738,27721,47461,2.610,1.850,1.020,5,2,233.884,0,0,10,36,6,28,0
15-01 02:58:13,50.291,10.008,30.025,13.011,0,1710688,165168,201308,5785452,8967.380,1621.334,0,79421.364,0,5882.842,24222,40056,2.610,1.850,1.020,4,0,136.112,0,0,10,36,6,28,0
15-01 02:58:14,44.289,8.007,36.032,12.261,0,1757552,128444,201364,5775372,6908.100,1621.432,0,98054.582,0,6698.915,23693,40837,2.610,1.850,1.020,2,1,14.012,0,0,10,36,6,28,0
15-01 02:58:15,36.971,10.492,38.220,13.739,0,1660224,231812,201436,5769276,8780.020,1618.713,0,75527.955,0,6169.096,25002,41699,2.720,1.890,1.040,3,1,161.871,0,0,10,36,6,28,0
15-01 02:58:16,34.900,12.464,46.617,6.232,0,1401532,489328,201436,5770432,8880.619,1561.537,0,31178.891,0,2211.679,10498,16585,2.720,1.890,1.040,1,0,227.350,0,0,10,32,6,28,0
15-01 02:58:17,19.034,7.764,72.380,0,0,1461456,429376,201440,5770456,9324.785,1622.921,0,729.313,0,42.076,1355,1734,2.720,1.890,1.040,3,0,62.112,0,0,10,32,6,28,0
15-01 02:58:18,22.491,3.748,73.219,0.250,0,1523448,367384,201440,5770456,6700.186,1693.289,0,6569.241,0,387.837,1938,2605,2.720,1.890,1.040,2,0,1.999,0,0,10,32,6,28,0
15-01 02:58:19,22.802,3.257,73.418,0,0,1408316,482504,201440,5770464,11172.608,1515.473,0,144.331,0,12.028,1338,1783,2.720,1.890,1.040,3,0,27.062,0,0,10,32,6,28,0
15-01 02:58:20,22.250,3.750,73.750,0,0.250,1480136,410684,201440,5770464,8267.950,1619.990,0,32.000,0,4.000,971,1129,2.580,1.870,1.040,2,0,1.000,0,0,10,32,6,28,0
15-01 02:58:21,23.747,1.750,74.242,0,0,1517680,373136,201440,5770468,9627.951,1619.823,0,471.949,0,20.998,1210,1613,2.580,1.870,1.040,2,0,2.000,0,0,10,34,5,28,0
15-01 02:58:22,14.252,23.253,60.757,0,0,1405380,485376,201440,5770528,8980.970,1714.185,84.009,712.077,5.001,42.005,3067,4802,2.580,1.870,1.040,3,0,527.057,0,0,10,32,5,28,0
15-01 02:58:23,15.000,39.249,45.249,0,0,1410608,480008,201444,5770648,10027.709,1661.952,4.000,331.990,1.000,30.999,4788,8277,2.580,1.870,1.040,3,0,1045.970,0,0,10,32,5,28,0
15-01 02:58:24,10.726,26.441,61.612,0.249,0,1412140,478436,201444,5770684,8669.571,1562.498,0,155.651,0,15.964,3109,4790,2.580,1.870,1.040,2,0,520.833,0,0,10,32,5,28,0
15-01 02:58:25,2.497,1.997,95.379,0,0,1411916,478576,201444,5770768,5495.016,1617.944,0,0,0,0,708,1109,2.380,1.840,1.030,1,0,21.972,0,0,10,32,5,28,0
15-01 02:58:26,6.758,16.518,74.583,0.250,0,1401592,488200,201468,5771408,12426.819,1513.683,616.686,0,15.017,0,2383,3085,2.380,1.840,1.030,3,0,203.226,0,0,11,12,5,28,20
15-01 02:58:27,9.521,20.546,68.904,0,0,1396236,493540,201468,5771428,11073.728,1697.791,0,28.063,0,7.016,2401,3379,2.380,1.840,1.030,2,0,262.586,0,0,11,12,5,28,20
15-01 02:58:28,16.254,16.254,65.267,0,0,1398504,490536,201468,5772436,6831.756,1694.435,500.129,12.003,41.011,3.001,4469,7447,2.380,1.840,1.030,3,0,178.046,0,0,11,12,5,28,20
15-01 02:58:29,21.699,18.706,58.364,0,0.249,1429320,459000,201476,5772728,11544.045,1616.226,43.897,199.534,1.995,2.993,3182,6124,2.380,1.840,1.030,5,0,319.255,0,0,13,12,5,28,20
15-01 02:58:30,9.501,20.501,68.754,0,0,1440944,447336,201476,5772752,6284.339,1694.091,0,28.002,0,7.000,2533,3799,2.190,1.810,1.020,3,0,279.015,0,0,13,12,5,28,20
15-01 02:58:31,24.538,18.278,55.837,0,0,1474112,413908,201476,5772940,9793.189,1622.517,4.006,340.528,1.002,15.023,4279,8443,2.190,1.810,1.020,2,0,260.404,0,0,13,12,5,28,20
15-01 02:58:32,12.979,17.721,66.390,0,0,1485940,401824,201476,5773184,9665.033,1455.595,0,519.142,0,27.954,2705,3874,2.190,1.810,1.020,3,0,273.548,0,0,15,12,5,28,20
15-01 02:58:33,15.497,17.747,65.488,0,0,1494352,393356,201476,5773580,6271.871,1619.708,0,83.985,0,7.999,3867,7535,2.190,1.810,1.020,1,0,192.965,0,0,15,12,5,28,20
15-01 02:58:34,52.380,16.290,31.328,0,0,1705152,182464,201492,5773280,8508.100,1624.028,0,573.422,0,3.007,2454,3223,2.190,1.810,1.020,13,0,98.244,0,0,17,12,5,28,20
15-01 02:58:35,86.001,12.500,1.250,0,0,1946696,131768,201100,5586672,8996.090,1694.017,0,204.002,0,7.000,2111,3480,3.130,2.010,1.090,7,0,56.001,0,0,17,12,5,28,20
15-01 02:58:36,15.982,16.981,64.928,0,0,1931256,176936,201100,5557352,6447.856,1618.207,0,235.739,0,1.998,2578,3858,3.130,2.010,1.090,3,0,249.723,0,0,17,12,5,28,20
15-01 02:58:37,10.992,19.986,67.702,0,0,1932516,175640,201100,5557372,9370.375,1844.696,0,579.590,0,16.988,2761,4139,3.130,2.010,1.090,4,0,252.821,0,0,17,12,6,28,20
15-01 02:58:38,20.012,16.510,63.039,0,0,1937200,170756,201100,5557532,9181.647,1695.042,0,8.005,0,2.001,4561,9256,3.130,2.010,1.090,3,0,164.101,0,0,17,12,6,28,20
15-01 02:58:39,18.730,7.492,71.924,0.250,0,1981536,131448,200844,5552872,9161.289,1456.456,982.958,43.953,15.983,2.997,1720,2678,3.130,2.010,1.090,1,0,97.896,0,0,18,12,6,28,20
15-01 02:58:40,12.505,9.503,78.028,0,0,2009664,132032,200844,5524724,7865.855,1694.615,0,0,0,0,1716,2520,2.960,1.990,1.090,3,0,91.033,0,0,18,12,6,29,20
15-01 02:58:41,23.234,4.497,70.703,0.749,0,2051192,119012,200844,5496860,5181.539,1618.919,31.979,8046.625,1.999,379.746,3087,4567,2.960,1.990,1.090,3,0,0,0,0,18,19,6,30,4
15-01 02:58:42,16.271,13.768,68.590,0.250,0,1994128,193856,200204,5480076,9480.457,1706.242,284.374,568.747,3.004,48.063,2808,4878,2.960,1.990,1.090,3,0,179.236,0,0,18,18,6,34,0
15-01 02:58:43,9.988,20.226,68.919,0,0,1999144,188880,200204,5480136,7609.067,1692.014,0,203.761,0,10.987,2838,4183,2.960,1.990,1.090,3,0,279.672,0,0,18,18,6,35,0
15-01 02:58:44,9.758,19.265,68.804,0,0,2011112,176828,200204,5480172,9242.200,1769.378,0,48.037,0,7.005,2898,4442,2.960,1.990,1.090,4,0,285.222,0,0,18,18,6,33,0
15-01 02:58:45,11.518,19.531,67.858,0,0,2009920,177972,200204,5480220,9219.668,1622.582,0,32.051,0,8.013,2889,4390,2.730,1.960,1.090,2,0,290.462,0,0,18,18,6,33,0
15-01 02:58:46,23.999,17.249,57.248,0,0,2035164,152080,200204,5481120,10580.693,1457.958,327.990,295.991,3.000,14.000,4655,7425,2.730,1.960,1.090,4,0,180.995,0,0,18,18,6,29,0
15-01 02:58:47,46.815,7.221,45.321,0,0,2130488,125116,199772,5414684,5390.712,1613.628,0,191.245,0,1.992,1640,2473,2.730,1.960,1.090,5,0,53.788,0,0,18,19,6,29,0
15-01 02:58:48,46.080,5.510,46.831,0.501,0,2231468,129036,199624,5311900,8808.229,1622.806,96.166,368.637,2.003,20.035,2260,3611,2.730,1.960,1.090,3,0,19.033,0,0,18,35,6,28,0
15-01 02:58:49,44.536,8.507,45.536,0,0,2275084,129976,199624,5268228,5609.493,1621.299,0,1309.049,0,164.131,5952,11474,2.730,1.960,1.090,3,0,34.027,0,0,18,34,6,29,0
15-01 02:58:50,10.250,19.001,69.502,0,0,2282256,122708,199628,5268288,9550.296,1620.050,24.001,156.005,6.000,12.000,2891,4231,2.590,1.940,1.090,3,0,257.008,0,0,18,34,6,27,0
15-01 02:58:51,16.983,15.735,64.936,0.500,0,2301080,129904,199564,5242848,7725.421,1618.412,223.780,167.835,10.989,20.979,5594,9813,2.590,1.940,1.090,1,0,148.854,0,0,18,34,6,27,0
15-01 02:58:52,1.249,0.749,95.890,0,0,2302292,128924,199564,5242748,8374.403,1604.162,75.913,387.556,2.997,26.969,1185,1990,2.590,1.940,1.090,2,0,2.997,0,0,18,34,6,22,0
15-01 02:58:53,1.750,1.000,95.991,0.250,0,2302432,128672,199564,5242860,8071.217,1619.843,0,55.995,0,6.999,1030,1749,2.590,1.940,1.090,1,0,1.000,0,0,18,34,6,22,0
15-01 02:58:54,1.744,0.249,96.916,0,0,2302432,128672,199564,5242860,9005.005,1614.443,0,3.986,0,0.997,1036,1695,2.590,1.940,1.090,0,0,2.990,0,0,18,34,6,21,0
15-01 02:58:55,1.757,0.502,96.367,0,0,2302432,128672,199564,5242856,9816.420,1626.199,0,0,0,0,1009,1675,2.380,1.910,1.080,1,0,1.004,0,0,18,34,6,21,0
15-01 02:58:56,15.264,16.515,65.809,0.250,0,2313796,127444,199572,5233260,6860.174,1663.497,60.054,7682.915,5.005,480.432,4488,9556,2.380,1.910,1.080,2,0,221.199,0,0,18,34,6,16,0
15-01 02:58:57,11.507,15.760,71.295,0.250,0,2319548,121304,199572,5233212,9164.774,1621.021,300.189,8.005,20.013,2.001,3214,5444,2.380,1.910,1.080,1,0,234.148,0,0,19,34,6,16,0
15-01 02:58:58,14.237,19.733,63.444,0.500,0,2326900,120104,199568,5227552,14499.226,1856.365,735.352,1662.535,30.973,250.779,4755,7110,2.380,1.910,1.080,2,0,235.792,0,0,19,50,6,16,0
15-01 02:58:59,13.234,14.482,70.914,0,0,2320744,127964,199564,5225524,10890.735,1530.136,203.752,223.727,10.987,9.988,4355,6557,2.380,1.910,1.080,2,0,186.773,0,0,19,50,6,16,0
15-01 02:59:00,10.784,12.289,75.738,0,0,2323992,138712,199564,5211828,11569.339,1625.104,8.025,1500.714,1.003,263.829,3034,7557,2.270,1.900,1.080,3,0,176.555,0,0,21,50,6,16,0
15-01 02:59:01,14.495,16.745,65.979,0,0,2342612,119904,199564,5212024,10915.529,1661.472,171.945,0,7.997,0,4946,9778,2.270,1.900,1.080,2,0,198.937,0,0,21,52,6,16,0
15-01 02:59:02,11.488,20.479,66.432,0.250,0,2333096,135204,199564,5206320,11689.994,1618.338,3.996,1062.908,0.999,194.800,3316,4600,2.270,1.900,1.080,3,0,316.675,0,0,21,52,6,15,0
15-01 02:59:03,11.270,19.535,68.122,0,0,2338564,129708,199564,5206348,10287.487,1664.992,0,28.050,0,7.013,2712,4055,2.270,1.900,1.080,2,0,250.450,0,0,21,52,6,15,0
15-01 02:59:04,22.210,17.219,58.145,0,0,2345260,125812,199564,5203552,7426.551,1617.071,7.986,159.711,1.996,2.995,4576,7579,2.270,1.900,1.080,3,0,192.651,0,0,21,52,6,15,0
15-01 02:59:05,30.556,24.545,44.582,0,0,2404264,136604,199560,5135300,11124.391,1622.975,4.007,400.735,1.002,10.018,3459,5811,2.330,1.910,1.090,2,0,472.867,0,0,21,52,6,15,0
15-01 02:59:06,32.248,23.999,42.248,0.250,0,2474440,134328,199556,5068836,11526.458,1457.931,39.998,4383.794,4.000,271.987,4818,8884,2.330,1.910,1.090,2,0,479.977,0,0,21,56,6,17,0
15-01 02:59:07,31.727,22.484,44.218,0,0,2529940,129548,199560,5018916,5325.123,1618.821,11.991,947.310,2.998,25.981,4337,7378,2.330,1.910,1.090,3,0,381.722,0,0,21,56,6,17,0
15-01 02:59:08,38.276,19.013,41.529,0,0,2606532,129756,199560,4942096,11391.849,1785.230,0,0,0,0,4467,8543,2.330,1.910,1.090,3,0,300.207,0,0,21,56,6,11,0
15-01 02:59:09,54.268,24.508,21.257,0,0,2719856,124568,199560,4834528,7117.306,1768.573,8.003,32.010,2.001,8.003,4879,10754,2.330,1.910,1.090,3,0,544.176,0,0,21,56,6,11,0
15-01 02:59:10,68.756,21.502,8.751,0,0,2842380,120084,199556,4717420,9014.739,1620.133,8.001,16.001,1.000,4.000,3688,8730,2.540,1.970,1.110,5,0,462.038,0,0,21,56,6,11,0
15-01 02:59:11,68.422,23.473,5.743,0.499,0,2999844,119624,200000,4562488,9158.568,1692.073,443.495,10583.945,69.920,734.164,7456,15138,2.540,1.970,1.110,6,1,280.680,0,0,21,60,6,11,0
15-01 02:59:12,66.521,23.007,6.252,2.501,0,3106000,127604,200012,4449292,4536.402,1620.501,8.002,36371.239,2.001,3095.957,13536,28907,2.540,1.970,1.110,6,1,477.147,0,0,21,62,6,11,0
15-01 02:59:13,68.791,19.011,11.007,1.001,0,3205780,126376,200032,4352800,10252.141,1512.906,4.002,12039.211,1.001,1019.611,9479,22166,2.540,1.970,1.110,8,0,186.111,0,0,21,64,6,14,0
15-01 02:59:14,74.762,21.253,2.500,0,0,3289276,126424,200000,4270860,11153.818,1566.255,52.008,388.063,3.000,15.002,4566,16748,2.540,1.970,1.110,6,0,487.079,0,0,21,66,6,17,0
15-01 02:59:15,49.463,25.981,22.483,0.500,0,3384296,128092,199916,4176428,5428.934,1692.732,0,4380.719,0,421.684,7684,23858,2.980,2.070,1.150,4,1,422.683,0,0,21,79,6,22,0
15-01 02:59:16,43.761,18.755,35.509,0.250,0,3498860,131696,199848,4059996,9065.221,1620.397,204.050,9542.338,8.002,565.138,5537,9649,2.980,2.070,1.150,5,0,212.052,0,0,21,81,6,22,0
15-01 02:59:17,60.405,11.588,26.874,0.740,0,3626616,128508,199752,3937084,10859.146,1670.638,1045.381,8402.499,67.062,616.381,6001,15218,2.980,2.070,1.150,5,0,20.710,0,0,21,84,6,25,0
15-01 02:59:18,11.889,17.707,67.032,0.759,0,3645308,126456,199736,3920560,15451.286,1805.061,194.267,2484.995,11.130,264.081,3595,5010,2.980,2.070,1.150,2,0,250.928,0,0,21,87,6,26,0
15-01 02:59:19,11.511,19.769,67.814,0.250,0,3661732,123272,199732,3907368,10518.856,1621.519,16.015,708.664,1.001,96.090,3146,4594,2.980,2.070,1.150,4,0,257.241,0,0,21,87,6,26,2
15-01 02:59:20,9.241,18.981,69.929,0,0,3669732,133972,199716,3888780,10509.260,1692.270,0,171.824,0,10.989,2789,3988,2.900,2.070,1.150,3,0,247.747,0,0,21,87,6,26,2
15-01 02:59:21,10.004,18.758,70.031,0,0,3678660,125020,199716,3888804,12265.434,1458.646,0,316.140,0,21.009,2905,4250,2.900,2.070,1.150,2,0,267.118,0,0,21,87,6,26,2
15-01 02:59:22,9.005,20.511,69.286,0,0,3679244,124344,199716,3888896,8160.284,1714.900,68.036,40.021,1.001,6.003,2845,4313,2.900,2.070,1.150,3,0,269.141,0,0,21,87,6,26,2
15-01 02:59:23,11.771,20.035,66.366,0,0,3671876,132664,199716,3888288,8458.820,1622.843,76.133,28.049,2.004,7.012,3921,7399,2.900,2.070,1.150,6,0,256.449,0,0,21,87,6,26,2
15-01 02:59:24,24.709,17.721,54.659,0.749,0,3704116,120892,199712,3867496,7836.998,1765.072,778.708,1892.860,9.983,295.510,4464,7675,2.900,2.070,1.150,5,0,217.639,0,0,21,91,6,26,2
15-01 02:59:25,30.794,23.033,44.563,0,0,3764736,123936,199684,3804360,9415.342,1622.299,80.114,188.267,3.004,20.028,3536,5988,2.830,2.060,1.160,4,0,403.572,0,0,21,97,6,26,2
15-01 02:59:26,25.336,18.629,53.403,0.248,0,3790064,122888,199676,3780476,7532.109,1609.552,51.665,2368.625,3.974,287.136,6711,11353,2.830,2.060,1.160,3,0,238.452,0,0,21,101,6,26,2
15-01 02:59:27,53.864,25.925,19.884,0.503,0,3951332,117752,199352,3627700,5493.145,1631.029,479.241,8936.428,35.238,763.160,6671,17219,2.830,2.060,1.160,5,0,449.036,0,0,23,113,6,26,2
15-01 02:59:28,57.484,22.494,19.995,0,0,4053804,124468,199260,3520088,4861.673,1511.587,527.856,1019.722,21.994,135.963,5178,8777,2.830,2.060,1.160,10,0,444.879,0,0,23,127,6,26,2
15-01 02:59:29,48.233,20.493,29.489,0.750,0,4114404,124488,199236,3459652,9116.736,1655.407,91.967,7101.458,1.000,575.794,8555,16162,2.830,2.060,1.160,8,0,357.872,0,0,23,135,6,26,2
15-01 02:59:30,29.972,20.731,48.205,0,0,4162000,124240,199224,3412428,7652.845,1618.487,0,403.623,0,23.978,3374,5678,2.760,2.060,1.160,3,0,392.633,0,0,24,135,6,26,2
15-01 02:59:31,11.511,19.768,67.313,0,0,4169112,127112,199224,3402576,9991.342,1621.516,0,840.786,0,132.124,3312,4655,2.760,2.060,1.160,1,0,287.269,0,0,24,135,6,26,2
15-01 02:59:32,17.006,17.507,63.774,0.250,0,4181964,121836,199220,3395304,8270.143,1694.644,0,484.184,0,36.014,5065,10927,2.760,2.060,1.160,2,0,150.057,0,0,24,135,6,26,2
15-01 02:59:33,28.930,23.693,46.637,0,0,4242556,119432,199192,3338472,9259.629,1689.917,7.981,299.277,1.995,16.959,3317,5508,2.760,2.060,1.160,4,0,383.074,0,0,24,135,6,26,2
15-01 02:59:34,37.578,23.048,37.578,0,0,4326284,121592,199140,3254624,9110.805,1623.351,84.174,5046.416,20.041,716.479,6737,12984,2.760,2.060,1.160,5,0,293.606,0,0,24,147,6,26,2
15-01 02:59:35,27.998,21.749,48.497,0,0,4376724,120648,199120,3206504,6953.583,1511.909,55.997,251.985,4.000,14.999,4266,12280,2.700,2.060,1.170,5,0,316.981,0,0,24,147,6,26,2
15-01 02:59:36,34.770,25.514,38.522,0.250,0,4444156,127372,199060,3134524,6810.869,1620.921,64.036,3810.164,7.004,356.202,4332,7172,2.700,2.060,1.170,4,0,497.282,0,0,24,155,6,26,2
15-01 02:59:37,19.745,23.244,54.987,0.250,0,4488720,121908,199024,3096424,9274.802,1565.629,331.921,663.843,28.993,56.986,6972,13933,2.700,2.060,1.170,4,0,373.911,0,0,24,169,6,26,2
15-01 02:59:38,14.701,18.937,62.790,0.748,0,4497356,122816,199020,3087160,6996.624,1614.606,27.907,5720.887,2.990,515.278,4960,7682,2.700,2.060,1.170,3,0,323.918,0,0,24,171,6,27,2
15-01 02:59:39,19.257,17.756,61.022,0.500,0,4513352,120044,199012,3074388,11779.170,1620.574,228.081,512.181,3.001,43.015,5356,10895,2.700,2.060,1.170,4,0,172.061,0,0,24,183,6,27,2
15-01 02:59:40,40.033,13.011,45.788,0,0,4614648,125708,198900,2971176,9588.920,1695.400,216.179,2193.812,6.005,314.260,2926,3985,2.640,2.060,1.170,2,0,117.097,0,0,24,183,6,27,2
15-01 02:59:41,45.602,7.517,45.853,0.251,0,4732580,122396,198768,2860888,9782.953,1697.810,1643.688,380.855,69.155,60.135,2170,2829,2.640,2.060,1.170,4,0,4.009,0,0,24,183,6,26,2
15-01 02:59:42,34.981,14.492,49.723,0.250,0,4667660,199708,198756,2849068,12554.171,1511.178,323.824,627.659,4.997,41.977,3581,6606,2.640,2.060,1.170,3,0,286.844,0,0,24,190,6,26,2
15-01 02:59:43,37.771,24.263,37.020,0,0,4720512,143800,198756,2852124,5681.142,1620.896,116.064,296.164,18.010,23.013,4910,13484,2.640,2.060,1.170,2,0,425.235,0,0,24,195,6,22,2
15-01 02:59:44,42.466,22.981,30.475,3.247,0,4725516,186288,198724,2805360,9588.272,1618.695,35123.690,459.630,427.655,26.978,7151,15083,2.640,2.060,1.170,3,0,283.771,0,0,24,201,6,22,2
15-01 02:59:45,68.049,18.513,9.507,3.503,0.250,4837060,156396,198560,2727500,11648.410,1609.162,38143.540,540.390,467.337,33.024,4891,10676,2.990,2.140,1.200,4,0,155.112,0,0,24,203,6,21,2
15-01 02:59:46,71.327,15.961,2.494,8.978,0,4904172,117928,197912,2701332,7379.062,1616.071,62512.033,13403.416,920.762,678.351,4920,7340,2.990,2.140,1.200,6,0,51.874,0,0,24,208,6,21,2
15-01 02:59:47,59.891,20.549,14.785,4.761,0,4975308,125708,196880,2626196,12023.387,1623.834,45711.926,8937.100,585.382,564.332,8715,15397,2.990,2.140,1.200,3,0,203.480,0,0,24,209,6,27,2
15-01 02:59:48,42.491,28.994,24.745,3.749,0,4960256,124968,196404,2643844,7152.527,1693.651,45518.623,5402.887,452.907,329.932,7077,11934,2.990,2.140,1.200,3,0,469.903,0,0,24,211,6,27,2
15-01 02:59:49,47.089,23.171,25.413,2.491,0,4942852,159016,195536,2629808,9058.973,1506.839,29905.573,4205.596,312.928,336.846,7794,14909,2.990,2.140,1.200,8,0,272.068,0,0,24,215,5,27,2
15-01 02:59:50,61.802,28.908,5.732,2.492,0,5025940,127032,193672,2582892,10468.522,1614.836,41989.717,350.878,411.683,26.914,7206,25892,3.150,2.190,1.220,6,0,460.527,0,0,24,216,5,27,2
15-01 02:59:51,56.142,21.651,20.141,0.252,0,5047544,136796,193172,2552404,4592.034,1631.381,1417.891,1977.797,84.590,129.906,9343,31911,3.150,2.190,1.220,3,0,235.644,0,0,24,219,5,29,2
15-01 02:59:52,56.000,24.000,20.250,0.500,0,5147852,125324,191548,2467440,9118.945,1619.990,40.000,14655.912,3.000,760.995,5858,9023,3.150,2.190,1.220,3,0,510.997,0,0,24,223,5,29,2
15-01 02:59:53,59.271,19.425,17.931,0.747,0,5188424,123304,191028,2429680,7948.335,1559.982,382.524,6893.405,25.900,677.387,9342,18827,3.150,2.190,1.220,5,0,216.166,0,0,24,225,5,32,2
15-01 02:59:54,68.217,10.032,21.569,0.251,0,5320220,126644,188556,2299088,6106.437,1625.173,995.168,453.443,74.236,34.109,4478,9566,3.150,2.190,1.220,3,0,2.006,0,0,24,231,5,32,2
15-01 02:59:55,64.714,7.746,26.235,0.500,0,5366396,186412,187940,2196264,54010.700,17491.187,627.648,5588.865,37.979,521.707,7254,12487,3.140,2.200,1.230,3,0,7.996,0,0,24,241,5,36,2
15-01 02:59:56,34.541,21.025,42.049,0.501,0,5274828,277808,187984,2196392,13455.824,2609.068,0,732.862,0,64.075,5318,10488,3.140,2.200,1.230,3,0,386.454,0,0,24,244,5,36,2
15-01 02:59:57,44.457,20.480,33.717,0.500,0,5357276,194384,188036,2197596,12309.109,1692.365,407.606,1094.942,20.980,141.863,6454,14054,3.140,2.200,1.230,4,0,392.621,0,0,24,244,5,36,2
15-01 02:59:58,53.025,17.508,28.764,0,0,5391844,159576,188072,2197920,8817.188,1694.805,80.038,724.344,6.003,63.030,5691,12490,3.140,2.200,1.230,5,0,198.094,0,0,25,248,5,36,2
15-01 02:59:59,66.361,8.233,23.451,1.746,0,5503544,138964,186516,2111292,6111.221,1616.620,1828.177,4682.209,140.706,519.913,4710,6710,3.140,2.200,1.230,9,0,3.992,0,0,25,248,5,37,2
15-01 03:00:00,61.915,15.291,22.059,0.251,0,5530604,129604,186140,2095048,9800.117,1624.329,649.732,1066.843,53.142,79.211,5012,17929,3.530,2.300,1.270,2,0,172.460,0,0,25,249,5,39,2
15-01 03:00:01,27.874,6.222,64.209,0.249,0,5496180,170884,185992,2088456,24944.128,5545.905,31.856,549.513,4.977,41.811,3789,7099,3.530,2.300,1.270,2,0,87.604,0,0,25,253,5,39,0
15-01 03:00:02,33.871,5.520,62.222,0,0,5546640,125604,185564,2084188,13739959.355,83675.139,0,405.449,0,29.104,6167,4440,3.530,2.300,1.270,3,0,0,0,0,25,253,5,38,0
15-01 03:00:03,20.937,15.703,60.569,0.748,0,5503192,173128,185244,2080868,8271290.485,41533.607,2061.825,673.981,22.931,64.806,6460,7930,3.530,2.300,1.270,2,0,230.310,0,0,25,253,5,38,0
15-01 03:00:04,22.054,6.516,70.172,0.501,0,5553512,139836,184600,2065532,9426.113,1623.982,0,5926.532,0,553.357,2579,3271,3.530,2.300,1.270,2,0,64.157,0,0,25,253,5,38,0
15-01 03:00:05,27.683,2.993,68.584,0.249,0,5567308,126172,184636,2065448,7447.008,1731.816,0,1883.450,0,142.655,3515,7274,3.330,2.280,1.270,2,0,4.988,0,0,25,269,5,40,0
15-01 03:00:06,27.533,6.257,63.575,1.502,0,5569648,170432,183368,2021324,5572.581,1663.965,444.525,22995.157,27.032,296.350,4306,8321,3.330,2.280,1.270,1,0,3.004,0,0,25,272,5,41,0
15-01 03:00:07,24.978,5.745,67.441,0.250,0,5570516,169224,183416,2021616,6143.612,1618.581,0,555.513,0,66.941,4598,8962,3.330,2.280,1.270,2,0,1.998,0,0,25,275,5,43,0
15-01 03:00:08,23.811,12.281,61.406,1.504,0,5527700,207828,183072,2026800,12171.929,1624.127,100.255,25957.959,10.025,535.360,6347,11099,3.330,2.280,1.270,2,0,102.260,0,0,25,273,5,51,0
15-01 03:00:09,18.190,10.714,68.772,0.249,0,5566120,169060,183076,2027144,6826.377,1453.184,79.736,374.758,12.957,18.937,2303,3483,3.330,2.280,1.270,3,0,106.647,0,0,25,273,5,51,0
15-01 03:00:10,16.548,8.525,69.199,5.767,0,5559096,146120,183344,2057924,8414.225,1624.677,5110.714,4188.057,799.301,121.349,3697,4801,3.140,2.260,1.270,3,1,0,0,0,25,273,5,51,0
15-01 03:00:11,21.751,5.000,70.502,1.750,0,5562688,139744,183500,2060548,7134.250,1620.057,1228.043,740.026,218.008,17.001,2317,3410,3.140,2.260,1.270,1,0,10.000,0,0,25,275,5,51,0
15-01 03:00:12,20.903,9.705,65.448,1.493,0,5571124,137944,183180,2054616,8337.489,1612.552,696.782,47687.730,147.320,440.963,16129,29891,3.140,2.260,1.270,3,0,4.977,0,0,25,277,5,52,0
15-01 03:00:13,23.499,6.000,68.998,0.250,0,5589880,137556,182692,2038260,6918.799,1693.951,8.000,455.987,2.000,59.998,4682,8794,3.140,2.260,1.270,2,0,4.000,0,0,25,277,5,54,0
15-01 03:00:14,23.522,5.005,69.566,0,0,5592748,134604,182704,2038332,5237.950,1695.602,0,272.257,0,18.017,1734,2911,3.140,2.260,1.270,2,0,6.006,0,0,25,277,5,49,0
15-01 03:00:15,25.882,10.554,63.071,0.503,0.251,5510876,238368,182224,2018300,4829.549,1628.277,804.087,2368.037,98.501,107.547,2736,4419,2.970,2.240,1.270,7,0,77.393,0,0,25,277,5,49,0
15-01 03:00:16,18.642,12.677,66.864,0,0,5546616,202404,182224,2018352,9131.249,1503.315,95.449,186.920,3.977,7.954,3192,5423,2.970,2.240,1.270,4,0,371.852,0,0,25,277,5,43,0
15-01 03:00:17,20.762,7.004,70.542,0.500,0,5517568,231380,182228,2018420,10027.016,1566.940,68.041,104.062,17.010,11.007,2208,3351,2.970,2.240,1.270,2,0,70.042,0,0,25,277,5,43,0
15-01 03:00:18,9.500,20.000,68.249,0,0,5522472,226284,182252,2018588,10048.889,1619.982,40.000,703.992,3.000,60.999,3575,5742,2.970,2.240,1.270,4,0,281.997,0,0,25,281,5,39,0
15-01 03:00:19,10.288,19.322,69.510,0,0,5523180,225504,182252,2018660,10533.342,1626.073,32.120,0,2.007,0,3040,4710,2.970,2.240,1.270,2,0,255.956,0,0,25,281,5,39,0
15-01 03:00:20,4.232,5.974,88.364,0.249,0,5523220,225432,182252,2018692,10016.259,1612.956,23.896,2086.887,1.991,62.726,1963,3043,2.730,2.200,1.260,1,0,64.717,0,0,25,281,5,39,0
15-01 03:00:21,18.517,4.754,75.321,0.250,0,5581892,166744,182260,2018700,8065.574,1621.523,0,128.120,0,10.009,1781,2925,2.730,2.200,1.260,2,0,11.010,0,0,25,283,5,39,0
15-01 03:00:22,24.258,4.752,68.524,0.250,0,5528876,219232,182296,2019192,6093.120,1788.622,544.189,320.111,8.003,34.012,3182,6405,2.730,2.200,1.260,2,0,36.013,0,0,25,289,5,39,0
15-01 03:00:23,12.304,18.832,68.297,0.251,0,5532348,215564,182312,2019372,10938.605,1518.609,124.542,377.644,5.022,26.114,3270,5078,2.730,2.200,1.260,2,0,207.905,0,0,25,291,5,39,0
15-01 03:00:24,10.941,18.400,68.628,0.249,0,5532888,214768,182316,2019608,8013.566,1611.267,55.698,175.051,5.968,9.946,3024,4486,2.730,2.200,1.260,4,0,166.100,0,0,25,291,5,39,0
15-01 03:00:25,13.307,16.320,68.293,0,0,5533564,213880,182320,2019832,5398.196,1572.758,8.035,88.380,2.009,10.043,2878,4327,2.590,2.180,1.260,2,0,148.639,0,0,25,291,5,39,0
15-01 03:00:26,15.693,13.202,69.745,0,0,5555660,191704,182320,2019912,8706.153,1614.096,15.942,51.810,2.989,3.985,2636,3950,2.590,2.180,1.260,3,0,138.493,0,0,25,291,5,39,0
15-01 03:00:27,24.525,3.253,72.323,0,0,5617848,129468,182320,2019960,8090.195,1621.643,48.049,8.008,6.006,2.002,1673,2593,2.590,2.180,1.260,2,0,2.002,0,0,25,291,5,39,0
15-01 03:00:28,25.760,3.751,69.277,0.750,0,5652352,128856,181600,1988896,10598.101,1620.627,192.074,4605.782,8.003,548.212,3452,4219,2.590,2.180,1.260,4,0,5.002,0,0,25,295,5,39,0
15-01 03:00:29,24.059,4.511,70.924,0,0,5576028,205104,181620,1988952,9291.793,1698.166,40.098,160.393,6.015,11.027,2002,2887,2.590,2.180,1.260,1,0,5.012,0,0,25,291,5,39,0
15-01 03:00:30,24.728,4.246,70.188,0,0,5636684,144380,181640,1988984,5229.377,1510.665,0,167.852,0,18.983,1949,2999,2.460,2.160,1.260,2,0,3.996,0,0,25,291,5,39,0
15-01 03:00:31,26.916,2.243,69.034,0.498,0,5637828,143148,181664,1989048,11082.257,1614.937,35.887,287.100,4.984,28.909,3111,5768,2.460,2.160,1.260,4,0,1.994,0,0,25,299,5,40,0
15-01 03:00:32,25.485,3.748,69.210,0,0.250,5575508,205188,181800,1989192,7504.707,1565.105,115.934,259.851,5.997,28.983,1992,3074,2.460,2.160,1.260,3,0,14.991,0,0,25,293,5,40,0
15-01 03:00:33,24.813,5.263,70.681,0,0,5523092,257604,181800,1989192,5907.093,1624.150,0,104.266,0,8.020,1802,2828,2.460,2.160,1.260,3,0,51.131,0,0,25,293,5,40,0
15-01 03:00:34,9.755,18.509,69.786,0,0,5532652,246788,181800,1990448,9752.984,1620.828,1424.728,452.231,24.012,16.008,3222,5217,2.460,2.160,1.260,3,0,293.150,0,0,25,293,5,40,0
15-01 03:00:35,14.015,14.766,69.574,0.250,0,5560644,218568,181816,1990660,6937.381,1621.726,128.136,260.277,18.019,31.033,3053,5000,2.350,2.140,1.260,4,0,227.242,0,0,25,295,5,40,0
15-01 03:00:36,27.198,5.240,66.623,0.250,0,5603740,171748,182112,1994072,9428.096,1616.929,2631.004,19.962,67.871,4.991,2102,3085,2.350,2.140,1.260,3,0,10.979,0,0,25,295,5,40,0
15-01 03:00:37,19.814,2.508,75.746,0.251,0,5620244,148092,182604,2000732,12591.861,3676.932,280.912,304.990,59.192,8.026,2184,3217,2.350,2.140,1.260,2,3,1.003,0,0,25,296,5,40,0
15-01 03:00:38,26.982,5.496,67.205,0.749,0,5597608,171524,182736,1999792,7528.963,1866.751,31.979,1467.019,0.999,43.971,2391,3810,2.350,2.140,1.260,3,0,4.997,0,0,25,295,5,39,0
15-01 03:00:39,18.181,1.494,77.456,0,0,5609988,157916,182740,2001016,17447.751,4525.815,23.909,187.289,4.981,7.970,1682,2588,2.350,2.140,1.260,3,0,0.996,0,0,25,296,5,39,0
15-01 03:00:40,23.509,6.502,68.276,0.500,0,5598200,160924,183336,2009184,10771.082,1740.660,3281.244,1048.397,36.014,23.009,10121,19872,2.240,2.120,1.250,2,0,14.005,0,0,25,295,5,39,0
15-01 03:00:41,19.484,2.998,77.186,0.250,0,5594228,164200,183400,2009812,17492.429,4713.074,215.820,551.541,11.990,13.988,1942,3081,2.240,2.120,1.250,4,0,4.996,0,0,25,296,5,39,0
15-01 03:00:42,25.532,8.511,65.083,0.250,0,5598224,159916,183468,2010032,10024.751,1622.063,0,740.942,0,25.032,10034,20182,2.240,2.120,1.250,2,0,16.020,0,0,25,296,5,39,0
15-01 03:00:43,22.501,8.751,68.004,0.250,0,5538732,230776,183572,1998556,9828.590,1794.108,48.003,1104.066,3.000,34.002,2747,4291,2.240,2.120,1.250,2,0,118.007,0,0,25,295,5,40,0
15-01 03:00:44,20.546,9.271,68.653,0,0,5594592,174868,183584,1998592,9396.946,1515.378,0,276.617,0,20.045,2653,4271,2.240,2.120,1.250,2,0,148.331,0,0,25,295,5,40,0
15-01 03:00:45,26.975,2.248,69.685,0.250,0,5613232,155996,183608,1998800,5944.466,1618.493,0,295.725,0,26.975,2190,4345,2.140,2.100,1.250,2,0,0.999,0,0,25,299,5,40,0
15-01 03:00:46,21.423,6.975,69.999,0,0,5571984,197072,183616,1998964,7835.877,1729.792,27.900,151.456,2.989,9.964,2580,4323,2.140,2.100,1.250,3,0,111.599,0,0,25,295,5,41,0
15-01 03:00:47,24.733,4.247,70.200,0,0,5605716,163304,183636,1998980,11639.782,1692.805,0,127.910,0,11.992,2095,4244,2.140,2.100,1.250,2,0,0.999,0,0,25,295,5,42,0
15-01 03:00:48,24.779,8.260,67.079,0.250,0,5599644,169324,183656,1999012,10014.807,1641.936,20.024,380.449,2.002,33.039,2293,3590,2.140,2.100,1.250,3,0,71.084,0,0,25,295,5,43,0
15-01 03:00:49,23.034,4.757,69.604,0,0,5556256,212684,183660,1999036,9988.943,1622.427,4.006,276.414,1.001,18.027,2566,5403,2.140,2.100,1.250,2,0,56.084,0,0,25,295,5,37,0
15-01 03:00:50,23.985,4.747,71.456,0,0,5609924,159008,183664,1999040,7586.334,1692.959,0,167.897,0,9.994,1718,2772,2.050,2.080,1.250,2,0,0,0,0,25,296,5,37,0
15-01 03:00:51,25.313,4.261,70.175,0,0,5575556,193344,183672,1999064,9616.937,1515.773,0,184.459,0,10.025,2874,4910,2.050,2.080,1.250,1,0,32.080,0,0,25,295,5,39,0
15-01 03:00:52,25.963,2.746,69.651,0.250,0,5615844,153052,183676,1999064,7907.803,1617.709,0,183.740,0,20.970,2491,4215,2.050,2.080,1.250,3,0,0,0,0,25,297,5,40,0
15-01 03:00:53,24.488,4.498,69.716,0,0,5575872,192716,183708,1999340,4976.561,1619.207,0,435.786,0,44.978,2668,4997,2.050,2.080,1.250,3,0,46.977,0,0,25,295,5,36,0
15-01 03:00:54,24.501,2.250,70.504,0.250,0,5608116,160460,183720,1999340,9101.464,1810.092,0,124.006,0,8.000,2522,4481,2.050,2.080,1.250,2,0,0,0,0,25,299,5,37,0
15-01 03:00:55,24.092,5.772,70.018,0,0,5592400,176084,183724,1999428,7144.349,1572.018,0,168.646,0,14.054,2072,3186,1.960,2.060,1.250,2,0,32.123,0,0,25,295,5,34,0
15-01 03:00:56,26.164,3.738,69.521,0,0,5607984,160460,183728,1999464,6977.011,1614.680,79.737,314.962,4.984,27.908,2838,5269,1.960,2.060,1.250,4,0,0,0,0,25,295,5,34,0
15-01 03:00:57,9.016,22.540,66.118,0,0,5544812,223456,183728,1999640,11977.356,1514.701,0,224.400,0,18.032,3451,5442,1.960,2.060,1.250,2,0,346.618,0,0,25,295,5,34,0
15-01 03:00:58,11.249,20.248,65.993,0.250,0,5547748,220464,183744,1999680,7321.231,1619.830,15.998,491.948,1.000,41.996,3803,6232,1.960,2.060,1.250,3,0,383.960,0,0,25,295,5,34,0
15-01 03:00:59,10.254,22.008,65.525,0.500,0,5551416,216772,183744,1999704,12965.914,1620.614,0,4357.652,0,522.198,4239,5980,1.960,2.060,1.250,3,0,391.148,0,0,25,295,5,34,0
15-01 03:01:00,13.466,24.438,60.348,0,0.249,5546880,221272,183764,1999632,9265.660,1657.824,0,331.166,0,29.925,4219,8765,1.970,2.060,1.250,3,0,431.912,0,0,25,295,5,35,0
15-01 03:01:01,10.516,21.283,65.853,0,0,5552608,215516,183768,1999744,6214.689,1622.530,0,268.418,0,20.031,3383,5553,1.970,2.060,1.250,2,0,365.570,0,0,25,295,5,33,0
15-01 03:01:02,12.773,21.539,63.614,0.250,0,5553372,214716,183780,1999768,20597.953,5492.854,0,657.179,0,50.090,3783,5971,1.970,2.060,1.250,1,0,371.667,0,0,25,295,5,33,0
15-01 03:01:03,11.716,21.687,63.316,0.499,0,5553252,214128,183784,2000472,9864.305,1689.086,486.585,191.443,9.971,17.948,3611,5754,1.970,2.060,1.250,2,0,352.973,0,0,25,295,5,33,0
15-01 03:01:04,11.995,19.992,66.973,0,0,5553848,213336,183788,2000664,7341.093,1457.423,0,423.832,0,45.982,3393,5321,1.970,2.060,1.250,2,0,341.865,0,0,25,295,5,33,0
15-01 03:01:05,10.270,20.540,66.629,0,0,5549396,217772,183788,2000680,9464.294,1623.138,0,96.186,0,8.015,3241,5045,1.810,2.030,1.250,2,0,301.583,0,0,25,295,5,31,0
15-01 03:01:06,13.239,22.981,62.698,0.250,0,5542340,224656,183820,2000820,10520.205,1618.647,3.997,723.395,0.999,58.951,3539,5547,1.810,2.030,1.250,2,0,325.728,0,0,25,295,5,31,0
15-01 03:01:07,15.712,11.472,69.333,0.748,0,5560788,204780,183820,2002248,10426.923,1616.113,1372.699,15.962,90.782,1.995,2857,4318,1.810,2.030,1.250,2,0,183.559,0,0,25,295,5,30,0
15-01 03:01:08,21.499,12.000,59.498,6.000,0,5557492,197372,183852,2022280,6779.790,1619.950,11895.631,3063.905,972.970,16.000,9158,14897,1.810,2.030,1.250,2,0,6.000,0,0,25,293,5,30,2
15-01 03:01:09,22.743,2.499,74.228,0,0,5582360,169532,183980,2025184,10973.730,2871.144,15.995,11.996,2.999,1.000,1654,2602,1.810,2.030,1.250,1,0,2.999,0,0,25,294,5,18,2
15-01 03:01:10,14.985,0.749,81.915,0.749,0,5593456,157688,184020,2025888,19611.721,9692.977,651.327,1606.339,41.957,35.963,1896,2855,1.740,2.010,1.250,1,0,0,0,0,25,294,5,18,2
15-01 03:01:11,9.755,1.000,87.041,0.750,0,5592784,157688,184052,2026528,18969.840,9484.420,476.222,916.427,43.020,31.014,1841,2692,1.740,2.010,1.250,1,0,0,0,0,25,294,5,18,2
15-01 03:01:12,17.743,2.999,78.219,0.750,0,5617728,131732,184100,2027492,23029.811,9502.209,863.655,1263.496,47.981,64.974,2213,3261,1.740,2.010,1.250,2,0,0,0,0,25,294,5,18,2
15-01 03:01:13,12.010,1.751,84.318,1.001,0,5619468,129464,184156,2027964,15927.758,7320.864,508.407,964.773,39.031,56.045,2000,3131,1.740,2.010,1.250,2,0,1.001,0,0,25,294,5,18,2
15-01 03:01:14,12.509,2.752,82.559,0.500,0.250,5614920,133500,184208,2028428,21834.502,8971.370,520.369,2369.682,41.029,48.034,2038,2966,1.740,2.010,1.250,4,0,6.004,0,0,25,294,5,18,2
15-01 03:01:15,16.746,2.749,77.981,1.500,0,5636784,126380,183892,2014944,300418.196,12323.931,363.909,2779.308,33.992,308.923,3655,3621,1.770,2.010,1.250,2,0,2.000,0,0,25,296,5,16,2
15-01 03:01:16,17.817,3.513,75.033,2.259,0,5634476,134644,183224,2010680,15334.858,6504.542,15482.415,4914.543,200.757,310.170,2694,3249,1.770,2.010,1.250,2,0,0,0,0,25,296,5,16,2
15-01 03:01:17,21.742,7.247,68.474,1.000,0,5642156,170928,183120,1969704,5897.718,1619.373,0,5209.984,0,224.913,6747,3905,1.770,2.010,1.250,2,0,1.999,0,0,25,296,5,16,2
15-01 03:01:18,22.518,4.253,71.306,0.500,0,5663684,152284,183392,1966704,9538.497,1533.205,0,2445.922,0,91.072,2024,3083,1.770,2.010,1.250,3,0,0,0,0,25,296,5,16,2
15-01 03:01:19,21.660,4.730,70.457,1.245,0,5651360,142684,184268,1987828,9250.536,1613.292,3.983,3947.586,0.996,158.342,3075,3798,1.770,2.010,1.250,3,0,0,0,0,25,296,4,16,2
15-01 03:01:20,23.986,5.747,68.711,0.750,0,5551940,260612,184592,1968356,10328.185,1792.991,423.761,17845.953,7.995,148.916,2259,3134,1.700,1.990,1.250,3,0,1.999,0,0,25,295,4,16,2
15-01 03:01:21,19.999,5.500,72.746,0,0,5611196,201256,184620,1968452,12782.374,2871.859,0,0,0,0,1846,2653,1.700,1.990,1.250,2,0,7.000,0,0,25,296,4,16,2
15-01 03:01:22,23.374,3.267,72.383,0.251,0,5589420,216072,184780,1974772,11835.682,2737.498,0,2151.394,0,34.181,2031,3232,1.700,1.990,1.250,1,0,3.016,0,0,25,295,4,16,2
15-01 03:01:23,18.688,2.741,76.995,0.249,0,5611780,192332,184784,1975988,14108.259,4520.025,0,402.666,0,16.944,1811,2779,1.700,1.990,1.250,3,0,2.990,0,0,25,296,4,16,2
15-01 03:01:24,24.061,6.015,67.671,0,0,5603768,194160,185100,1980952,6333.042,1798.556,0,794.011,0,13.033,8569,17144,1.700,1.990,1.250,1,0,14.036,0,0,25,295,4,16,2
15-01 03:01:25,25.652,7.970,65.002,0.249,0,5606824,190684,185120,1981096,8084.215,1506.264,0,81222.704,0,416.414,9042,17955,1.730,1.990,1.250,5,0,12.951,0,0,25,297,4,16,2
15-01 03:01:26,22.528,6.007,70.838,0.250,0,5544076,267212,185168,1968544,11257.926,1567.940,0,480.594,0,15.019,1994,2863,1.730,1.990,1.250,3,0,17.021,0,0,25,297,4,16,2
15-01 03:01:27,25.593,5.520,67.495,0,0,5577716,232544,185168,1969572,16672.438,1668.047,0,0,0,0,9397,18443,1.730,1.990,1.250,3,0,47.171,0,0,25,297,4,16,2
15-01 03:01:28,25.365,2.735,71.122,0,0,5612428,197796,185176,1969600,11317.812,2089.886,0,1050.414,0,12.931,1942,2876,1.730,1.990,1.250,2,0,9.947,0,0,25,298,4,16,2
15-01 03:01:29,20.105,3.770,75.141,0.251,0,5598444,205040,185216,1975916,14741.686,3566.553,0,1182.150,0,28.146,1789,2776,1.730,1.990,1.250,3,0,2.010,0,0,25,297,4,16,2
15-01 03:01:30,18.193,2.991,77.505,0.249,0,5623116,179680,185240,1976452,17431.915,4520.715,0,1068.623,0,155.509,2041,3013,1.590,1.960,1.250,2,0,4.984,0,0,25,298,4,16,2
15-01 03:01:31,24.718,4.994,67.663,0.250,0,5607500,188848,185344,1982028,5653.729,1757.740,0,866.885,0,13.982,8900,17425,1.590,1.960,1.250,3,0,13.982,0,0,25,297,4,17,2
15-01 03:01:32,24.735,6.746,66.459,0.250,0,5600896,194840,185428,1982428,6017.329,1619.012,0,1335.186,0,59.963,9596,18774,1.590,1.960,1.250,2,0,19.988,0,0,25,297,4,16,2
15-01 03:01:33,23.613,4.019,72.096,0.251,0,5586156,223576,185440,1969620,9351.870,1573.550,0,896.300,0,20.096,1889,2870,1.590,1.960,1.250,2,0,6.029,0,0,25,297,4,16,2
15-01 03:01:34,22.163,6.225,70.223,0,0,5553160,256548,185440,1969644,7525.358,1613.644,0,3.984,0,0.996,2044,2968,1.590,1.960,1.250,2,0,56.776,0,0,25,297,4,16,2
15-01 03:01:35,22.768,8.006,68.305,0,0,5571460,225192,185456,1981948,4475.585,1695.358,0,1184.949,0,14.011,14234,27744,1.620,1.960,1.250,3,0,45.036,0,0,25,297,4,16,2
15-01 03:01:36,26.445,2.994,68.607,0,0,5597884,194756,185456,1985448,14565.543,2736.278,3.992,838.247,0.998,9.979,1912,2898,1.620,1.960,1.250,2,0,6.985,0,0,25,298,4,16,2
15-01 03:01:37,17.844,2.513,78.915,0.251,0,5603404,188740,185476,1985924,22245.925,11934.729,386.029,1234.488,9.048,36.190,2193,3278,1.620,1.960,1.250,1,0,1.005,0,0,25,298,4,16,2
15-01 03:01:38,12.207,1.993,82.958,0.747,0,5606276,184456,185504,1987340,49601.700,11429.836,1303.420,1275.518,19.930,47.832,2277,3394,1.620,1.960,1.250,1,0,0,0,0,25,299,4,16,2
15-01 03:01:39,8.242,1.249,87.669,0.500,0,5613248,177584,185560,1987148,132378.418,9193.487,0,1043.034,0,50.953,1894,2892,1.620,1.960,1.250,2,1,0,0,0,25,299,4,16,2
15-01 03:01:40,19.741,1.999,76.964,0.500,0,5631904,158740,185604,1987260,18736.344,9617.557,0,1151.468,0,50.976,1987,3139,1.570,1.940,1.250,5,0,0,0,0,25,299,4,16,2
15-01 03:01:41,16.747,1.750,80.234,0.500,0,5637704,152748,185644,1987380,26516.750,13510.325,0,1259.751,0,46.991,1919,2905,1.570,1.940,1.250,1,0,0,0,0,25,299,4,16,2
15-01 03:01:42,15.750,2.250,79.502,1.000,0,5649060,140736,185808,1987776,312552.751,16488.462,0,2144.060,0,105.003,2452,3512,1.570,1.940,1.250,1,0,0,0,0,25,299,4,16,2
15-01 03:01:43,11.517,2.253,83.627,1.002,0,5649740,139560,186012,1988004,113571.834,17713.801,52.079,2251.406,8.012,113.171,2363,3558,1.570,1.940,1.250,1,0,1.002,0,0,25,299,4,17,2
15-01 03:01:44,17.488,2.998,78.198,0.750,0,5640312,157212,185884,1979840,1085622.404,22457.156,103.931,2342.452,5.996,180.880,2824,3420,1.570,1.940,1.250,3,1,0.999,0,0,25,299,4,16,2
15-01 03:01:45,11.504,8.253,76.028,1.501,0,5654584,200792,184468,1928736,6127552.301,35640.938,10015.636,14885.403,83.030,540.196,6007,7233,1.530,1.930,1.250,1,0,5.002,0,0,25,299,4,16,2
15-01 03:01:46,23.246,3.499,71.739,0.750,0,5663200,184496,184952,1935932,320053.752,5211.182,0,2203.654,0,71.989,2410,3592,1.530,1.930,1.250,2,0,1.000,0,0,25,299,4,16,2
15-01 03:01:47,24.461,5.741,67.391,0.998,0,5667312,165920,187836,1947368,8021.062,1617.391,0,35898.096,0,335.459,2922,4048,1.530,1.930,1.250,6,0,0.998,0,0,25,299,4,16,2
15-01 03:01:48,23.255,5.001,69.514,1.000,0,5684752,183140,187452,1914860,6949.383,1620.322,0,2832.564,0,92.018,2175,3297,1.530,1.930,1.250,3,0,0,0,0,25,299,4,14,2
15-01 03:01:49,21.762,6.504,69.288,1.501,0,5669724,182792,171024,1946932,9696.284,1566.854,0,18033.828,0,189.103,2483,3506,1.530,1.930,1.250,5,0,0,0,0,25,299,4,14,2
15-01 03:01:50,21.989,5.747,70.715,0.750,0.250,5670212,212056,161840,1925800,8615.761,1619.203,3.998,5161.461,1.000,101.950,2055,3127,1.480,1.910,1.250,4,0,0,0,0,25,299,4,14,2
15-01 03:01:51,23.019,4.254,71.560,0.751,0,5671000,179240,162908,1955724,8913.443,1621.354,0,2954.467,0,87.073,2128,3279,1.480,1.910,1.250,2,0,0,0,0,25,299,4,14,2
15-01 03:01:52,19.465,3.244,74.614,0.749,0,5666288,213152,163276,1925860,14077.393,4180.396,51.906,1924.499,5.989,62.886,2154,3301,1.480,1.910,1.250,4,0,0,0,0,25,297,4,12,2
15-01 03:01:53,24.142,5.030,69.912,0,0,5611756,267336,163292,1926172,11091.428,1629.613,168.997,583.442,11.065,20.119,2149,3224,1.480,1.910,1.250,2,0,9.053,0,0,25,297,4,12,2
15-01 03:01:54,20.267,1.751,76.313,0.500,0,5594048,278188,163516,1932380,15280.561,3884.193,0,1112.915,0,10.008,1781,2704,1.480,1.910,1.250,3,0,2.002,0,0,25,297,4,10,2
15-01 03:01:55,19.963,6.239,72.367,0.499,0,5623004,248796,163520,1932520,13711.839,4526.694,0,90901.196,0,539.011,3309,3926,1.360,1.880,1.240,3,0,3.993,0,0,25,298,4,10,2
15-01 03:01:56,26.053,6.513,65.885,0.251,0,5608040,256336,164152,1938628,5078.370,1785.646,0,2132.354,0,182.372,9360,18067,1.360,1.880,1.240,3,0,14.029,0,0,25,297,4,7,2
15-01 03:01:57,24.002,6.251,69.007,0.250,0,5602368,261652,164220,1938852,9363.908,1620.157,0,2256.219,0,12.001,8915,17525,1.360,1.880,1.240,4,0,6.001,0,0,25,297,4,7,2
15-01 03:01:58,21.627,6.215,70.600,0,0,5608296,255392,164276,1939048,8346.691,1610.870,0,330.129,0,13.921,2988,5103,1.360,1.880,1.240,3,0,15.910,0,0,25,297,4,7,2
15-01 03:01:59,21.616,5.781,71.132,0,0,5563184,314432,164308,1926288,10777.899,1594.566,0,1097.898,0,31.167,1846,2917,1.360,1.880,1.240,2,0,6.032,0,0,25,297,4,7,2
15-01 03:02:00,26.983,5.996,63.209,2.249,0,5589204,282988,164568,1931584,7680.031,1618.953,3034.037,527.659,344.777,12.992,3379,6305,1.330,1.870,1.240,2,0,36.976,0,0,25,298,4,7,2
15-01 03:02:01,26.707,2.995,67.641,0.749,0,5589936,281992,164592,1931668,9906.022,1659.324,71.884,2020.741,4.992,67.890,4026,8605,1.330,1.870,1.240,4,0,0,0,0,25,299,4,11,2
15-01 03:02:02,28.476,2.748,66.693,0.500,0,5592148,279220,164648,1932176,21335.886,5338.468,271.769,819.304,15.986,95.919,4191,8501,1.330,1.870,1.240,2,0,0,0,0,25,305,4,12,2
15-01 03:02:03,27.023,3.253,67.306,1.501,0,5593208,276952,164748,1933284,6432.358,1621.351,1016.847,1217.014,77.064,148.123,3982,7494,1.330,1.870,1.240,2,0,2.002,0,0,25,305,4,12,2
15-01 03:02:04,28.226,3.997,65.694,0.999,0,5600008,268636,164852,1934696,6784.179,1564.658,975.163,2529.829,70.939,264.773,4340,8227,1.330,1.870,1.240,2,0,0.999,0,0,25,307,4,12,2
15-01 03:02:05,11.279,19.299,67.671,0,0,5558140,310324,164864,1934864,10808.367,1515.838,128.325,316.802,1.003,14.036,3221,4859,1.310,1.850,1.240,3,0,276.701,0,0,25,307,4,12,2
15-01 03:02:06,14.243,15.242,67.715,1.499,0,5563652,301188,165608,1937744,8507.593,1619.161,3558.157,3606.132,88.954,471.756,3812,4607,1.310,1.850,1.240,2,1,165.914,0,0,25,307,4,14,2
15-01 03:02:07,13.704,4.485,68.521,11.462,0,5543828,276244,165660,1982424,9269.992,1656.459,44491.177,3639.825,3514.245,159.467,6687,10397,1.310,1.850,1.240,2,0,9.967,0,0,25,307,4,14,2
15-01 03:02:08,5.499,2.750,89.236,1.250,0,5542428,273468,165692,1986568,15527.640,4182.364,4203.361,807.877,152.977,19.997,2099,3348,1.310,1.850,1.240,1,0,5.999,0,0,25,308,4,14,2
15-01 03:02:09,5.501,1.250,92.773,0,0,5542928,272964,165692,1986572,46783.696,3499.875,0,28.007,0,4.001,1595,2586,1.310,1.850,1.240,1,0,0,0,0,25,308,4,14,1
15-01 03:02:10,6.272,2.007,90.312,0,0,5537460,276152,165756,1988692,273986.995,4240.673,919.180,0,10.035,0,1637,2585,1.200,1.820,1.230,2,0,3.010,0,0,25,307,4,14,2
15-01 03:02:11,4.985,1.994,90.470,0.748,0,5534740,275160,166156,1991924,7173.804,118666.845,2994.734,462.569,52.837,0.997,1507,2461,1.200,1.820,1.230,1,0,8.972,0,0,25,307,4,14,1
15-01 03:02:12,4.749,2.499,91.723,0.750,0,5534660,275160,166196,1991964,8374.521,1573.534,31.991,4810.576,1.999,226.933,2053,3648,1.200,1.820,1.230,2,0,0,0,0,25,307,4,14,1
15-01 03:02:13,4.744,1.248,92.128,0.250,0,5534848,274936,166224,1991972,8144.209,1659.801,0,423.439,0,31.958,1700,2847,1.200,1.820,1.230,1,0,0.999,0,0,25,307,4,15,1
15-01 03:02:14,4.000,2.750,92.491,0.250,0,5534844,274936,166240,1991976,4953.510,1619.840,4.000,335.967,1.000,36.996,1718,3047,1.200,1.820,1.230,1,0,5.999,0,0,25,307,4,15,1
15-01 03:02:15,3.501,0.250,93.779,0,0,5534824,274936,166260,1991976,9406.897,1620.499,0,188.058,0,23.007,1729,3090,1.110,1.790,1.220,1,0,1.000,0,0,25,307,4,14,1
15-01 03:02:16,3.498,1.499,93.946,0.250,0,5534812,274936,166260,1991988,8198.327,1693.035,0,127.927,0,11.993,1534,2679,1.110,1.790,1.220,1,0,0,0,0,25,307,4,14,1
15-01 03:02:17,3.762,0.752,94.796,0,0,5534812,274936,166264,1991984,9382.273,1625.070,0,284.889,0,19.059,1522,2528,1.110,1.790,1.220,1,0,1.003,0,0,25,307,4,14,1
15-01 03:02:18,4.229,0.498,94.280,0,0,5534804,274936,166268,1991988,9975.224,1450.761,0,27.861,0,3.980,1390,2352,1.110,1.790,1.220,1,0,0,0,0,25,307,4,14,1
15-01 03:02:19,3.257,3.758,92.446,0,0,5533704,276036,166268,1991988,7796.552,1623.447,0,0,0,0,1398,2313,1.110,1.790,1.220,1,0,0,0,0,25,307,4,14,1
15-01 03:02:20,2.000,1.000,94.761,0,0,5533844,275896,166268,1991988,11077.274,1620.186,0,4.000,0,1.000,1434,2443,1.020,1.760,1.220,2,0,0,0,0,25,307,4,14,1
15-01 03:02:21,3.000,2.750,92.265,0.250,0,5535768,273880,166276,1992072,9414.506,1620.259,76.012,35989.758,7.001,104.017,1764,2678,1.020,1.760,1.220,2,0,0,0,0,25,307,4,14,1
15-01 03:02:22,3.000,1.000,92.747,0.500,0,5535756,273880,166280,1992080,7811.727,1619.943,0,1935.932,0,231.992,2068,3021,1.020,1.760,1.220,1,0,0,0,0,25,307,4,14,1
15-01 03:02:23,4.766,1.254,93.572,0,0,5535756,273880,166288,1992072,8596.624,1625.602,0,144.498,0,17.059,1577,2643,1.020,1.760,1.220,4,0,0,0,0,25,307,4,14,1
15-01 03:02:24,3.739,0.499,94.979,0,0,5535732,273880,166292,1992092,8932.551,1527.648,0,75.784,0,8.974,1470,2534,1.020,1.760,1.220,1,0,0,0,0,25,307,4,14,1
15-01 03:02:25,4.251,1.250,93.514,0.500,0,5535716,273880,166316,1992084,9042.365,1620.245,0,332.050,0,28.004,1728,2975,0.940,1.730,1.210,1,0,0,0,0,25,307,4,14,1
15-01 03:02:26,2.750,2.750,92.991,0.250,0,5539076,270756,166320,1992092,6956.318,1619.841,0,30333.027,0,271.973,1874,2460,0.940,1.730,1.210,1,0,0,0,0,25,307,4,14,1
15-01 03:02:27,2.500,0.750,95.255,0,0,5539076,270756,166320,1992092,5148.278,1620.087,0,0,0,0,1333,2289,0.940,1.730,1.210,1,0,1.000,0,0,25,307,4,14,1
15-01 03:02:28,3.502,1.251,94.546,0,0.250,5539076,270756,166332,1992080,8938.371,1620.793,0,64.031,0,9.004,1549,2601,0.940,1.730,1.210,1,0,1.000,0,0,25,307,4,14,1
15-01 03:02:29,3.251,0.500,94.519,0,0,5538920,270756,166344,1992224,9511.864,1620.318,0,192.038,0,14.003,1549,2689,0.940,1.730,1.210,1,0,0,0,0,25,307,4,14,1
15-01 03:02:30,2.752,1.001,94.055,0.250,0,5538904,270756,166360,1992224,11671.770,1620.940,0,80.046,0,13.008,1604,2757,0.860,1.700,1.200,1,0,1.001,0,0,25,307,4,14,1
15-01 03:02:31,2.999,2.249,93.208,0,0,5538904,270756,166360,1992224,9621.641,1457.340,0,2195.006,0,7.996,1573,2575,0.860,1.700,1.200,2,0,0,0,0,25,307,4,14,1
15-01 03:02:32,3.248,1.249,93.697,0.250,0,5538892,270756,166376,1992220,10014.322,1619.082,0,719.592,0,40.977,1805,3053,0.860,1.700,1.200,1,0,0,0,0,25,307,4,14,1
15-01 03:02:33,2.748,1.499,95.169,0,0,5538884,270756,166376,1992228,9099.257,1692.560,0,27.976,0,3.997,1434,2407,0.860,1.700,1.200,1,0,0,0,0,25,307,4,14,1
15-01 03:02:34,4.001,0.500,94.283,0.250,0,5538884,270756,166380,1992224,6607.332,1620.572,32.011,104.037,1.000,12.004,1488,2632,0.860,1.700,1.200,2,0,0,0,0,25,307,4,14,1
15-01 03:02:35,2.499,1.749,94.454,0,0,5538808,270756,166392,1992288,5593.287,1619.215,0,299.855,0,20.990,1568,2771,0.790,1.670,1.200,1,0,0,0,0,25,307,4,14,1
15-01 03:02:36,4.005,1.001,94.378,0,0,5538804,270756,166396,1992288,9658.058,1622.193,0,76.103,0,7.009,1507,2548,0.790,1.670,1.200,1,0,0,0,0,25,307,4,14,1
15-01 03:02:37,6.751,3.500,88.007,0,0,5542752,265972,166396,1993124,6337.526,1458.121,0,40.003,0,4.000,1818,2903,0.790,1.670,1.200,1,0,5.000,0,0,25,307,4,14,1
15-01 03:02:38,4.994,1.998,91.638,0.250,0,5542060,265748,166400,1994036,8348.823,1618.028,934.860,103.873,10.987,6.991,1924,3087,0.790,1.670,1.200,3,0,0,0,0,25,307,4,14,1
15-01 03:02:39,4.750,2.250,91.256,0,0,5534216,272556,166400,1995072,6774.454,1620.109,1636.110,68.005,19.001,4.000,1579,2577,0.790,1.670,1.200,1,0,0,0,0,25,307,4,14,1
15-01 03:02:40,2.749,1.000,94.469,0,0.250,5534428,272332,166408,1995076,11240.291,1693.441,0,43.985,0,5.998,1463,2439,0.730,1.650,1.190,1,0,0,0,0,25,307,4,14,1
15-01 03:02:41,3.002,1.501,94.816,0,0,5534428,272332,166408,1995076,7204.043,432.303,0,2866.006,0,12.008,1358,2357,0.730,1.650,1.190,1,0,0,0,0,25,307,4,14,1
15-01 03:02:42,9.490,4.245,85.160,0.250,0,5548588,257504,166452,1995668,224532.771,5254.425,603.360,467.504,18.980,26.971,2066,3126,0.730,1.650,1.190,1,0,18.980,0,0,25,307,4,14,1
15-01 03:02:43,14.576,5.780,79.162,0,0,5558712,246720,166468,1996312,348223.808,8739.471,253.318,305.590,11.058,19.099,2244,3187,0.730,1.650,1.190,2,0,36.188,0,0,25,307,4,14,1
