"pcp-dstat 5.3.6 CSV Output"
"Author:","PCP team <pcp@groups.io> and Dag Wieers <dag@wieers.com>",,,,"URL:","https://pcp.io/ and http://dag.wieers.com/home-made/dstat/"
"Host:","ubuntu",,,,"User:","ubuntu"
"Cmdline:","dstat -tcmndrylpg --tcp --output /tmp/devstack_logs/dstat-csv.log",,,,"Date:","17 Feb 2026 18:58:47 UTC"
"system","total usage",,,,,"memory usage",,,,"net/total",,"dsk/total",,"io/total",,"system",,"load avg",,,"procs",,,"paging",,"tcp sockets",,,,
"time","total usage:usr","total usage:sys","total usage:idl","total usage:wai","total usage:stl","used","free","buf","cach","net/total:recv","net/total:send","dsk/total:read","dsk/total:writ","read","writ","int","csw","1m","5m","15m","run","blk","new","in","out","lis","act","syn","tim","clo"
17-02 18:58:47,,1058788,363288,177796,6158256,,,,,,,1.340,0.920,0.540,4,0,,,,9,6,6,12,0
17-02 18:58:48,45.991,19.996,32.244,0.250,0,1034752,381844,177816,6163636,2945278.507,51684.077,0,6098.829,0,130.975,5028,7942,1.470,0.960,0.560,4,0,515.901,0,0,9,6,6,12,0
17-02 18:58:49,46.497,19.749,32.998,0.500,0,1074600,341304,177852,6164348,68354.104,15968.090,0,2255.871,0,80.995,3071,6392,1.470,0.960,0.560,3,0,353.980,0,0,9,6,6,12,0
17-02 18:58:50,41.711,17.734,38.964,0.500,0,1059120,346680,178092,6173752,1311532.897,34569.919,0,3680.584,0,99.907,4248,9472,1.470,0.960,0.560,2,0,240.777,0,0,9,5,6,12,1
17-02 18:58:51,39.939,11.732,44.932,0.998,0,1211852,175020,178776,6314708,1988326.743,25988.497,0,4437.255,0,89.863,3771,5756,1.470,0.960,0.560,2,0,17.973,0,0,10,4,7,12,2
17-02 18:58:52,38.765,11.254,49.269,0.500,0,1198456,167552,179360,6332380,21084.244,3882.518,0,1840.720,0,70.027,2058,2742,1.470,0.960,0.560,2,0,107.042,0,0,10,6,6,12,2
17-02 18:58:53,36.579,13.780,49.106,1.503,0,1213384,124308,180708,6356092,5536.988,1623.515,80.174,4742.267,1.002,180.391,2885,4285,1.590,0.990,0.570,2,0,180.391,0,0,10,6,6,14,2
17-02 18:58:54,42.660,6.985,47.150,1.497,0,1243008,130572,180428,6318508,10085.699,1616.586,31.933,16453.251,7.983,780.352,2921,2284,1.590,0.990,0.570,2,0,1.996,0,0,10,6,6,14,2
17-02 18:58:55,33.806,6.511,55.091,4.507,0,1168660,225620,180328,6298052,18351.445,4349.215,328.545,25334.029,11.018,2054.408,10900,18585,1.590,0.990,0.570,2,1,42.070,0,0,10,6,6,13,0
17-02 18:58:56,36.513,7.003,49.268,7.253,0,1130936,258860,180884,6301976,16684.023,3600.300,56.020,42587.374,10.004,3289.187,14815,23839,1.590,0.990,0.570,2,0,64.023,0,0,10,5,6,13,0
17-02 18:58:57,41.511,9.753,48.013,1.000,0.250,1196844,186052,181316,6307652,8488.241,1794.474,172.045,16160.266,17.004,851.225,3466,5393,1.590,0.990,0.570,2,0,63.017,0,0,10,4,6,13,0
17-02 18:58:58,40.682,4.493,54.409,0.250,0,1123936,252124,181868,6312588,16181.992,4635.264,0,1996.668,0,91.847,1452,1598,1.630,1.010,0.580,2,0,18.968,0,0,10,4,6,13,0
17-02 18:58:59,45.809,8.261,44.557,0.501,0,1217500,157676,181936,6313232,8108.427,1770.277,0,5879.561,0,298.384,12774,24472,1.630,1.010,0.580,3,0,13.017,0,0,10,4,6,13,0
17-02 18:59:00,38.755,18.252,42.005,0,0,1128620,249688,181996,6309884,7440.900,1694.205,180.022,147345.829,3.000,403.049,7829,13238,1.630,1.010,0.580,2,0,184.022,0,0,10,4,6,13,0
17-02 18:59:01,31.742,21.995,45.989,0.250,0,1088608,297956,182000,6302776,5594.624,1619.602,267.934,55.986,26.993,10.997,2837,4523,1.630,1.010,0.580,2,0,386.905,0,0,10,4,6,13,0
17-02 18:59:02,22.951,20.457,56.131,0,0,1070228,315280,182004,6304008,9783.230,1690.411,850.195,23.949,23.949,5.987,3413,8575,1.630,1.010,0.580,1,0,295.373,0,0,10,4,6,13,0
17-02 18:59:03,42.835,10.020,47.344,0.501,0,1175044,209036,182004,6305672,9633.160,1460.906,1490.966,4.008,51.102,1.002,2012,2892,1.660,1.030,0.590,2,0,130.259,0,0,10,5,6,13,0
17-02 18:59:04,48.245,2.500,49.495,0,0,1219992,163452,182128,6306192,10590.983,1619.844,123.988,375.964,4.000,36.996,1121,1086,1.660,1.030,0.590,2,0,0,0,0,10,5,6,13,0
17-02 18:59:05,30.182,11.973,56.374,0,0,1256668,123932,182216,6308944,9787.106,1616.384,95.786,3671.786,7.982,149.665,3166,6648,1.660,1.030,0.590,0,0,123.723,0,0,10,4,6,13,0
17-02 18:59:06,0.500,1.250,97.274,0,0,1256592,123932,182228,6309008,11272.784,1620.400,0,1832.453,0,19.005,878,1368,1.660,1.030,0.590,0,0,0,0,0,10,4,6,13,0
17-02 18:59:07,8.506,3.252,88.059,0.500,0,1280576,127792,181824,6281808,11497.669,1695.131,164.109,384.256,7.005,28.019,1287,1526,1.660,1.030,0.590,1,0,22.015,0,0,10,4,6,13,0
17-02 18:59:08,22.496,3.999,72.488,0,0,1335336,133160,181524,6222600,52712.408,1693.724,315.949,7990.698,3.999,120.980,1066,1195,1.600,1.020,0.590,1,0,0,0,0,10,4,6,13,0
17-02 18:59:09,23.541,3.506,71.623,0.751,0,1354636,129016,181428,6207712,6763.661,1696.925,292.504,12072.814,15.026,201.347,2403,3792,1.600,1.020,0.590,1,0,1.002,0,0,10,10,6,13,0
17-02 18:59:10,20.454,5.488,71.840,1.247,0,1288664,194556,181492,6208168,10515.561,1454.757,582.701,2777.808,32.927,195.564,2380,3375,1.600,1.020,0.590,1,0,42.904,0,0,10,4,6,15,0
17-02 18:59:11,23.255,2.501,73.515,0,0,1327056,155616,181632,6208556,7218.451,1736.349,232.047,516.104,16.003,7.001,1139,1488,1.600,1.020,0.590,1,0,1.000,0,0,10,11,6,15,0
17-02 18:59:12,20.254,5.751,72.014,1.000,0,1291768,190108,181988,6208964,12633.388,1620.306,616.116,1756.332,77.015,34.006,2238,3150,1.600,1.020,0.590,1,0,45.009,0,0,10,28,6,15,0
17-02 18:59:13,23.490,2.999,73.469,0,0,1337112,144752,181988,6208972,10327.631,1619.315,0,0,0,0,1304,1730,1.560,1.020,0.590,1,0,0,0,0,10,28,6,15,0
17-02 18:59:14,29.821,13.783,56.134,0.251,0,1368840,123400,181860,6198724,10234.399,1623.871,116.277,19310.035,4.010,523.247,2818,2423,1.560,1.020,0.590,2,0,156.373,0,0,10,28,6,15,0
17-02 18:59:15,44.698,6.742,48.194,0,0,1350660,196028,181652,6145664,11366.803,1765.950,103.879,423.508,1.998,17.979,3765,7327,1.560,1.020,0.590,3,0,12.985,0,0,10,28,6,19,0
17-02 18:59:16,69.583,22.527,7.259,0.250,0,1504188,121404,181044,6069040,4869.805,1621.933,336.401,368.439,43.051,28.033,2486,4081,1.560,1.020,0.590,6,0,481.574,0,0,10,28,6,19,0
17-02 18:59:17,82.163,13.236,3.996,0,0,1669344,124592,178360,5907060,10214.224,1510.407,2205.673,2549.310,236.750,299.684,5340,10417,1.560,1.020,0.590,6,0,83.911,0,0,10,30,6,19,0
17-02 18:59:18,60.293,11.508,27.019,0.250,0,1377736,433232,178092,5890812,9145.484,1567.111,284.201,932.661,29.021,125.089,4195,8092,1.590,1.040,0.600,2,0,236.167,0,0,10,28,6,19,0
17-02 18:59:19,19.236,8.244,72.699,0,0,1364292,446668,178100,5890812,6001.763,1618.857,19.986,159.887,3.997,8.994,1368,1826,1.590,1.040,0.600,1,0,73.948,0,0,10,28,6,19,0
17-02 18:59:20,20.018,7.257,72.065,0,0,1319684,491240,178112,5890836,12339.142,1621.464,4.004,200.181,1.001,18.016,2348,3748,1.590,1.040,0.600,1,0,69.062,0,0,10,28,6,19,0
17-02 18:59:21,22.209,2.495,73.363,0.499,0,1367696,442632,178112,5891432,6745.413,1710.808,570.935,119.776,5.989,7.985,1466,2282,1.590,1.040,0.600,1,0,0,0,0,10,29,6,19,0
17-02 18:59:22,14.004,16.255,69.770,0,0,1303264,506868,178120,5891620,64162.222,1620.460,192.055,304.086,5.001,30.009,2697,4025,1.590,1.040,0.600,2,0,220.062,0,0,10,28,6,19,0
17-02 18:59:23,9.011,24.030,66.081,0,0,1309948,500072,178120,5891732,6659.211,1696.091,80.099,224.277,1.001,11.014,2757,3852,1.620,1.060,0.610,2,0,418.516,0,0,10,28,6,19,0
17-02 18:59:24,75.537,19.510,5.503,0,0,1543936,266056,178128,5891752,4594.260,1586.781,132.065,852.419,2.001,62.031,2667,4502,1.620,1.060,0.610,5,0,400.197,0,0,10,28,6,18,0
17-02 18:59:25,81.995,10.749,6.750,0,0,1503548,306084,178136,5892104,18264.941,1565.909,8.000,407.976,2.000,44.997,6287,15270,1.620,1.060,0.610,5,0,31.998,0,0,10,29,6,18,0
17-02 18:59:26,84.756,12.751,2.000,0.500,0,1507832,301524,178144,5892372,7110.505,1620.115,0,328.023,0,33.002,2918,4883,1.620,1.060,0.610,5,0,147.010,0,0,10,28,6,18,0
17-02 18:59:27,84.503,12.750,3.000,0,0,1522740,286376,178144,5892612,6230.193,1620.050,4.000,232.007,1.000,14.000,5018,11727,1.620,1.060,0.610,6,0,154.005,0,0,10,29,6,18,0
17-02 18:59:28,65.611,9.729,23.949,0,0,1438736,369872,178160,5893104,11621.328,1616.568,0,375.203,0,30.934,4555,10562,1.650,1.070,0.620,2,0,176.625,0,0,10,28,6,19,0
17-02 18:59:29,43.004,7.751,48.504,0,0,1421144,387452,178160,5893116,10190.846,1620.134,0,184.015,0,9.001,1577,1999,1.650,1.070,0.620,2,0,98.008,0,0,10,28,6,19,0
17-02 18:59:30,39.566,17.279,42.320,0,0,1328628,479792,178168,5893284,14630.301,1622.695,0,248.413,0,25.042,4078,8788,1.650,1.070,0.620,3,0,356.592,0,0,10,28,6,23,0
17-02 18:59:31,65.491,9.749,25.246,0,0,1507572,300788,178176,5893336,7240.965,1585.773,0,191.973,0,7.999,1669,3263,1.650,1.070,0.620,3,0,22.997,0,0,10,29,6,23,0
17-02 18:59:32,63.278,18.008,17.508,0,0,1420944,385820,178192,5894916,5226.279,1694.739,1472.642,432.188,15.007,47.021,4598,12101,1.650,1.070,0.620,4,0,292.127,0,0,10,28,6,23,0
17-02 18:59:33,78.234,9.998,11.998,0,0,1574692,231888,178192,5895088,10220.874,1565.674,0,3303.313,0,181.962,3843,8045,1.760,1.110,0.630,2,0,0,0,0,10,32,6,29,0
17-02 18:59:34,63.486,15.247,20.745,0,0,1418976,387552,178208,5895120,7108.415,1619.639,0,483.892,0,39.991,3550,9004,1.760,1.110,0.630,3,0,323.928,0,0,10,28,6,32,0
17-02 18:59:35,62.013,8.752,28.506,0.250,0,1439268,367076,178228,5895284,10030.106,1620.340,0,392.082,0,30.006,4085,8828,1.760,1.110,0.630,4,0,13.003,0,0,10,29,6,33,0
17-02 18:59:36,62.762,14.503,23.005,0,0,1470736,335320,178248,5895552,9602.882,1620.318,0,440.086,0,31.006,2402,3747,1.760,1.110,0.630,3,0,286.056,0,0,10,28,6,33,0
17-02 18:59:37,60.504,14.001,24.752,0,0,1345288,460684,178256,5895628,8789.580,1620.107,0,332.022,0,29.002,4389,11056,1.760,1.110,0.630,4,0,242.016,0,0,10,28,6,35,0
17-02 18:59:38,65.681,9.490,24.474,0,0.250,1509580,295940,178260,5896076,7804.774,1510.408,0,3732.066,0,113.880,2235,3808,1.860,1.140,0.640,3,0,44.953,0,0,10,30,6,33,0
17-02 18:59:39,62.057,9.759,28.526,0.250,0,1436144,368952,178280,5896480,19301.622,1695.548,0,412.376,0,40.037,2881,7037,1.860,1.140,0.640,3,0,112.102,0,0,10,28,6,34,0
17-02 18:59:40,58.995,7.999,32.747,0,0,1506388,298672,178296,5896500,6511.479,1619.870,0,399.968,0,38.997,5284,9846,1.860,1.140,0.640,3,0,1.000,0,0,10,28,5,37,0
17-02 18:59:41,73.016,20.755,6.501,0,0,1525728,279256,178304,5896568,14300.103,1620.352,0,300.065,0,24.005,2404,3738,1.860,1.140,0.640,5,0,423.092,0,0,10,28,5,37,0
17-02 18:59:42,81.244,15.249,3.000,0,0,1453008,351740,178316,5896792,9544.256,1565.878,0,663.948,0,50.996,4657,9148,1.860,1.140,0.640,8,0,214.983,0,0,10,28,5,37,0
17-02 18:59:43,81.256,17.001,1.500,0,0,1610060,194496,178328,5896972,9775.733,1620.122,0,384.029,0,27.002,2743,4859,2.270,1.230,0.680,7,0,241.018,0,0,10,29,5,37,0
17-02 18:59:44,79.246,16.249,4.750,0.250,0,1508888,295596,178336,5897032,7396.667,1619.927,0,343.985,0,21.999,5420,12245,2.270,1.230,0.680,6,0,315.986,0,0,10,30,5,34,0
17-02 18:59:45,61.500,21.500,15.000,0,0,1445868,358360,178336,5897284,9905.990,1619.998,0,244.000,0,14.000,5772,12110,2.270,1.230,0.680,3,0,575.999,0,0,10,28,5,34,0
17-02 18:59:46,25.202,25.951,48.657,0,0.250,1317312,486728,178336,5897484,10470.065,1509.127,0,203.612,0,10.979,4638,8429,2.270,1.230,0.680,3,0,575.903,0,0,10,28,5,34,0
17-02 18:59:47,10.020,23.296,66.381,0,0,1321912,482096,178340,5897512,4918.690,1623.198,0,200.395,0,11.022,2659,3749,2.270,1.230,0.680,2,0,377.744,0,0,10,28,5,34,0
17-02 18:59:48,62.996,27.998,8.999,0,0,1512752,291228,178344,5897536,6368.612,1619.901,4.000,1531.907,1.000,31.998,2636,5328,2.570,1.310,0.700,5,0,680.958,0,0,10,28,5,34,0
17-02 18:59:49,76.499,18.750,3.250,0,0,1485436,318288,178352,5897752,12644.874,1693.983,4.000,1099.989,1.000,84.999,5175,11802,2.570,1.310,0.700,9,0,415.996,0,0,10,29,5,34,0
17-02 18:59:50,81.269,18.254,0.750,0,0,1541952,260652,178352,5898872,10784.534,1640.385,1068.251,368.087,18.004,23.005,3089,6516,2.570,1.310,0.700,6,0,346.081,0,0,10,29,5,34,0
17-02 18:59:51,86.476,10.997,2.999,0,0,1630124,171960,178368,5899368,17179.327,1619.559,143.961,175.952,5.998,9.997,4339,9829,2.570,1.310,0.700,5,0,70.981,0,0,10,31,5,34,0
17-02 18:59:52,82.576,10.259,6.506,0.250,0,1645716,188092,177884,5868644,17933.481,4687.308,12.011,5469.026,3.003,337.310,5616,15015,2.570,1.310,0.700,4,0,23.021,0,0,10,33,5,34,0
17-02 18:59:53,82.181,12.240,4.996,0,0,1513996,313628,177948,5874060,13649.575,1684.590,355.702,1922.391,3.997,72.939,5678,13237,2.850,1.390,0.730,6,0,126.894,0,0,10,28,5,34,0
17-02 18:59:54,85.078,13.682,0.995,0,0,1632168,194900,177972,5874556,10612.299,1611.995,0,362.201,0,14.926,13271,24708,2.850,1.390,0.730,6,0,52.738,0,0,10,30,5,34,0
17-02 18:59:55,80.148,9.045,10.050,0,0,1686268,140068,178000,5875096,26984.111,5021.959,0,1700.451,0,21.105,7865,16924,2.850,1.390,0.730,5,0,3.015,0,0,10,33,5,34,0
17-02 18:59:56,77.748,16.000,6.250,0,0,1571428,253496,178036,5876396,650498.835,18181.436,0,2151.933,0,69.998,5469,14202,2.850,1.390,0.730,5,0,194.994,0,0,10,32,5,34,0
17-02 18:59:57,84.751,10.750,4.000,0,0,1619668,204844,178248,5876556,79926.359,9624.164,136.002,1844.031,5.000,88.001,4448,8180,2.850,1.390,0.730,5,0,95.002,0,0,10,31,6,34,0
17-02 18:59:58,79.997,11.000,8.750,0.250,0,1644860,179192,178256,5876972,30613.867,8307.693,0,1455.946,0,69.997,5633,15613,3.100,1.470,0.760,6,0,29.999,0,0,10,32,6,34,0
17-02 18:59:59,82.499,12.000,4.500,0,0,1523304,300396,178260,5877272,31930.489,6413.897,0,1043.983,0,53.999,4564,12843,3.100,1.470,0.760,5,0,135.998,0,0,10,31,6,34,0
17-02 19:00:00,83.547,11.006,5.003,0,0,1613220,210180,178320,5877400,29228.543,6446.649,0,1116.632,0,64.036,4318,11325,3.100,1.470,0.760,7,0,45.025,0,0,10,31,6,34,0
17-02 19:00:01,78.135,16.226,5.242,0,0,1617556,205432,178452,5877648,32164.493,7962.240,0,1385.953,0,68.898,6084,12735,3.100,1.470,0.760,5,0,202.701,0,0,10,31,6,34,1
17-02 19:00:02,82.822,11.510,5.004,0,0,1617056,205552,178532,5877944,35002.627,6586.763,0,1901.664,0,62.054,4491,12153,3.100,1.470,0.760,5,0,89.078,0,0,10,30,6,34,0
17-02 19:00:03,84.004,11.000,3.750,0.250,0,1593540,228676,178628,5878168,21600.929,6550.282,0,1112.048,0,64.003,4413,8657,3.250,1.530,0.780,5,0,153.007,0,0,10,30,6,35,0
17-02 19:00:04,83.991,10.999,4.750,0,0,1642428,179040,178744,5878720,29964.884,7442.226,0,1091.886,0,53.994,7186,13440,3.250,1.530,0.780,4,0,33.996,0,0,10,33,6,35,0
17-02 19:00:05,78.752,13.750,6.750,0,0,1554632,266240,178896,5879132,82102.642,9493.190,68.001,1832.037,1.000,108.002,5492,14722,3.250,1.530,0.780,7,0,195.004,0,0,10,30,6,35,0
17-02 19:00:06,81.747,12.499,5.250,0,0,1578208,224840,179048,5896684,9469184.294,73786.901,0,9511.601,0,94.996,6248,7204,3.250,1.530,0.780,5,0,91.996,0,0,10,30,6,35,0
17-02 19:00:07,80.424,13.737,5.745,0.250,0,1586480,162992,179288,5949648,26922776.976,113179.046,11.989,29651.979,2.997,160.848,10934,9091,3.250,1.530,0.780,6,0,131.875,0,0,10,32,6,35,0
17-02 19:00:08,74.793,15.759,8.255,0.250,0,1483624,275248,179340,5940144,12396899.630,51151.207,0,49704.381,0,791.452,9378,11797,3.250,1.530,0.780,6,0,179.102,0,0,10,30,6,36,0
17-02 19:00:09,85.030,11.754,3.001,0,0.250,1587112,170960,179380,5940652,10662.700,1620.562,0,324.112,0,17.006,3345,40235,3.310,1.570,0.800,6,0,90.031,0,0,10,31,6,36,0
17-02 19:00:10,76.892,14.979,8.488,0,0,1515936,241588,179420,5941116,5745.956,1617.735,0,974.636,0,21.969,4637,13196,3.310,1.570,0.800,9,0,125.824,0,0,10,31,6,37,0
17-02 19:00:11,82.049,12.758,4.503,0.750,0,1551020,154420,180864,5987784,9876.936,1662.999,0,5011.012,0,220.132,4389,7886,3.310,1.570,0.800,6,0,33.020,0,0,10,33,6,35,0
17-02 19:00:12,84.832,11.761,2.753,0.500,0,1537968,127928,181900,6022352,11818.440,1695.641,16.016,20171.526,3.003,271.263,4181,6505,3.310,1.570,0.800,5,0,94.091,0,0,10,35,6,35,0
17-02 19:00:13,78.172,14.486,7.493,0.250,0,1515040,187528,192712,5966580,8992.017,1692.309,0,11416.595,0,41.958,4065,11429,3.310,1.570,0.800,6,0,59.940,0,0,10,35,6,35,0
17-02 19:00:14,83.078,14.764,1.501,0,0,1483604,264920,193596,5918856,12570.779,1861.744,56.053,3703.470,3.003,46.043,2129,3489,3.530,1.640,0.830,5,0,192.180,0,0,10,32,6,35,0
17-02 19:00:15,77.749,11.250,10.250,0,0,1579460,166460,193768,5921292,8892.911,1619.984,1199.988,1763.982,52.999,24.000,5823,12461,3.530,1.640,0.830,7,0,78.999,0,0,10,33,6,37,0
17-02 19:00:16,78.002,18.501,1.750,0,0,1460192,274352,193768,5932540,12377.371,1566.047,168.005,1700.051,5.000,34.001,4415,10280,3.530,1.640,0.830,5,0,505.015,0,0,10,32,6,37,0
17-02 19:00:17,64.492,18.248,15.248,1.250,0,1456928,273144,193800,5936940,10238.700,1619.794,3807.516,93680.103,93.988,552.930,6021,12089,3.530,1.640,0.830,6,0,333.958,0,0,10,32,6,35,0
17-02 19:00:18,58.241,16.247,24.996,0,0,1493592,236156,193800,5937496,5510.102,1619.736,0,53299.312,0,186.970,3019,4643,3.530,1.640,0.830,3,0,239.961,0,0,10,33,6,35,0
17-02 19:00:19,64.020,8.503,26.758,0,0,1443928,285264,193808,5938152,5444.682,1620.501,292.090,328.101,39.012,33.010,4533,10719,3.490,1.670,0.840,4,0,137.042,0,0,10,33,6,36,0
17-02 19:00:20,64.351,10.226,25.441,0.499,0,1499820,229060,193840,5938432,10157.425,1690.077,0,2410.405,0,155.639,4200,8726,3.490,1.670,0.840,3,0,29.931,0,0,10,34,6,36,0
17-02 19:00:21,62.868,11.772,25.548,0.250,0,1478176,250672,193844,5938460,12050.704,1717.235,0,364.687,0,34.064,4309,8378,3.490,1.670,0.840,5,0,99.187,0,0,10,33,6,37,0
17-02 19:00:22,60.768,12.254,26.508,0,0,1393056,335376,193844,5938876,10210.022,1512.448,0,188.056,0,13.004,6996,13408,3.490,1.670,0.840,6,0,223.066,0,0,10,33,6,39,0
17-02 19:00:23,41.393,11.221,48.125,0,0,1439968,288224,193852,5939120,6966.949,1615.813,3.990,698.191,0.997,12.966,1749,2311,3.490,1.670,0.840,2,0,141.633,0,0,10,32,6,39,0
17-02 19:00:24,43.258,8.251,48.259,0,0,1363860,364284,193868,5939152,9374.687,1566.282,0,340.061,0,38.007,2893,5895,3.370,1.670,0.850,3,0,99.018,0,0,10,32,6,40,0
17-02 19:00:25,45.974,4.747,48.722,0,0,1446480,281628,193868,5939188,11796.288,1619.079,0,187.893,0,10.994,1553,3373,3.370,1.670,0.850,3,0,0,0,0,10,33,6,40,0
17-02 19:00:26,43.788,7.006,48.292,0.250,0,1410132,317880,193880,5939272,8161.051,1621.401,0,360.311,0,39.034,2032,4503,3.370,1.670,0.850,2,0,35.030,0,0,10,32,6,41,0
17-02 19:00:27,47.336,5.009,48.088,0,0,1402292,325432,193896,5939544,11039.169,1622.965,0,665.215,0,36.066,2369,6223,3.370,1.670,0.850,2,0,5.009,0,0,10,32,6,42,0
17-02 19:00:28,41.767,8.754,48.770,0,0,1446348,281324,193896,5939596,8772.553,1694.686,0,188.076,0,9.004,1589,2709,3.370,1.670,0.850,3,0,56.023,0,0,10,33,6,42,0
17-02 19:00:29,37.108,15.939,47.319,0.249,0,1366208,361408,193912,5939636,5901.398,1579.949,0,466.214,0,44.828,4019,6993,3.260,1.680,0.850,3,0,381.539,0,0,10,32,6,42,0
17-02 19:00:30,45.711,5.525,48.725,0,0,1452896,274244,193920,5940104,10927.386,1701.847,0,301.390,0,23.107,1719,3162,3.260,1.680,0.850,5,0,0,0,0,10,33,6,42,1
17-02 19:00:31,39.624,11.962,47.350,0,0,1405828,320808,193920,5940608,10192.689,1614.881,430.635,259.178,4.984,18.940,2533,4004,3.260,1.680,0.850,3,0,140.554,0,0,10,32,6,43,0
17-02 19:00:32,49.515,7.002,43.513,0,0,1451504,273952,193932,5941772,14778.345,1640.482,0,348.102,0,26.008,3388,10331,3.260,1.680,0.850,2,0,34.010,0,0,10,33,6,42,0
17-02 19:00:33,33.821,20.543,44.845,0.251,0,1385888,339244,193952,5942080,7162.141,1623.432,0,5631.906,0,290.614,3521,5123,3.260,1.680,0.850,1,0,378.801,0,0,10,32,6,42,0
17-02 19:00:34,20.986,6.496,72.204,0,0,1323328,401740,193952,5942144,5488.465,1618.957,0,155.900,0,6.995,2398,4417,3.160,1.680,0.860,2,0,51.967,0,0,10,32,6,37,0
17-02 19:00:35,22.253,3.251,73.762,0,0,1385308,339748,193952,5942156,10796.695,1512.237,0,0,0,0,1117,1353,3.160,1.680,0.860,1,0,4.001,0,0,10,33,6,37,0
17-02 19:00:36,17.961,9.230,72.341,0,0,1348516,376536,193952,5942160,13506.327,1616.449,0,203.553,0,20.954,1945,3046,3.160,1.680,0.860,1,0,90.801,0,0,10,32,6,33,0
17-02 19:00:37,23.544,2.254,73.388,0,0,1389832,335208,193956,5942168,6831.851,1697.192,0,136.256,0,10.019,1322,2178,3.160,1.680,0.860,1,0,0,0,0,10,33,6,33,0
17-02 19:00:38,20.002,7.501,72.008,0.250,0,1341272,383760,193960,5942172,56325.971,1694.180,4.000,332.035,1.000,26.003,1916,2557,3.160,1.680,0.860,1,0,99.010,0,0,10,32,6,31,0
17-02 19:00:39,22.959,3.494,72.621,0,0,1386808,338200,193964,5942192,12470.914,1691.005,0,147.738,0,13.975,1596,2514,2.980,1.670,0.860,1,0,0,0,0,10,32,6,32,0
17-02 19:00:40,19.290,7.015,73.153,0.501,0,1361860,363120,193972,5942212,9926.707,1569.274,0,1090.274,0,76.159,2153,3123,2.980,1.670,0.860,1,0,94.196,0,0,10,32,6,31,0
17-02 19:00:41,22.752,3.250,72.258,0,0,1389296,335680,193976,5942212,10126.073,1694.180,0,40.004,0,6.001,2187,4025,2.980,1.670,0.860,1,0,1.000,0,0,10,33,6,31,0
17-02 19:00:42,21.962,4.492,73.372,0,0,1374800,350020,193980,5942364,5613.211,1509.368,0,307.464,0,28.950,1375,2192,2.980,1.670,0.860,1,0,29.948,0,0,10,32,6,25,0
17-02 19:00:43,23.986,4.997,71.459,0,0,1325972,398824,193980,5942388,8895.840,1619.061,0,23930.121,0,38.977,2238,4414,2.980,1.670,0.860,1,0,9.994,0,0,10,32,6,27,0
17-02 19:00:44,10.511,21.523,68.074,0,0,1329368,395204,193980,5942708,7640.297,1621.761,0,392.426,0,5.005,2446,3196,2.820,1.660,0.860,1,0,299.325,0,0,10,32,6,27,0
17-02 19:00:45,38.055,12.017,49.321,0.250,0,1446752,277448,193996,5943064,11265.211,1770.548,132.190,1714.467,8.012,27.039,2018,2914,2.820,1.660,0.860,3,0,177.255,0,0,10,32,6,29,0
17-02 19:00:46,39.753,6.000,46.003,6.000,0,1504004,213524,194308,5949116,13344.961,1620.117,1412.102,15017.081,32.002,1470.106,9108,15123,2.820,1.660,0.860,7,1,80.006,0,0,10,36,6,29,0
17-02 19:00:47,40.267,8.254,41.518,10.505,0,1478816,234068,194876,5953088,10141.381,1620.700,0,55956.173,0,4614.994,19107,33538,2.820,1.660,0.860,4,0,91.039,0,0,10,36,6,29,0
17-02 19:00:48,44.471,6.746,46.220,1.749,0,1391092,322460,194912,5952376,7086.351,1564.973,0,38830.527,0,991.350,4590,6458,2.820,1.660,0.860,2,0,7.995,0,0,10,32,6,29,0
17-02 19:00:49,42.761,6.752,47.012,3.751,0,1492144,221244,195024,5952532,5092.329,1512.395,0,8538.228,0,1345.351,8846,15078,2.760,1.670,0.870,1,1,3.001,0,0,10,34,6,29,0
17-02 19:00:50,38.498,9.750,46.748,4.250,0,1362732,350272,195104,5952836,6328.728,1619.930,0,12867.447,0,1673.928,10701,18585,2.760,1.670,0.870,2,0,61.997,0,0,10,32,6,29,0
17-02 19:00:51,23.195,5.238,70.583,0.249,0,1434652,278292,195108,5952892,12396.620,1616.170,0,4210.022,0,233.447,1858,2388,2.760,1.670,0.870,2,0,39.905,0,0,10,32,6,29,0
17-02 19:00:52,23.249,2.750,73.498,0.250,0,1403060,309864,195108,5952912,9566.790,1619.964,0,1191.974,0,65.999,1176,1464,2.760,1.670,0.870,1,0,1.000,0,0,10,32,6,29,0
17-02 19:00:53,23.502,3.000,72.005,0.750,0,1445384,267528,195116,5952916,9387.713,1694.129,0,5488.417,0,290.022,1711,2254,2.760,1.670,0.870,1,0,2.000,0,0,10,32,6,29,0
17-02 19:00:54,22.001,3.250,73.754,0,0,1425108,287792,195116,5952928,8340.400,1694.081,0,4.000,0,1.000,818,1080,2.620,1.660,0.870,2,0,1.000,0,0,10,32,6,29,0
17-02 19:00:55,23.744,2.249,73.981,0,0,1342848,369976,195116,5952996,10890.169,1661.568,0,0,0,0,873,1014,2.620,1.660,0.870,2,0,2.999,0,0,10,32,6,29,0
17-02 19:00:56,22.506,3.001,74.020,0,0,1422984,289840,195116,5952996,13126.505,1458.389,0,8.002,0,1.000,912,1062,2.620,1.660,0.870,2,0,2.001,0,0,10,32,6,27,0
17-02 19:00:57,23.755,2.250,73.764,0,0,1355608,357124,195116,5953084,7302.417,1620.314,0,0,0,0,867,1043,2.620,1.660,0.870,2,0,1.000,0,0,10,32,6,27,0
17-02 19:00:58,22.491,3.249,73.719,0,0,1377184,335516,195116,5953116,8525.411,1661.301,0,0,0,0,891,1051,2.620,1.660,0.870,2,0,1.000,0,0,10,32,6,27,0
17-02 19:00:59,23.254,2.000,73.512,0,0,1438672,274028,195116,5953116,11525.902,1620.267,0,212.035,0,2.000,923,1081,2.650,1.680,0.880,2,0,2.000,0,0,10,32,6,27,0
17-02 19:01:00,23.998,2.500,72.994,0.250,0,1393788,318884,195116,5953144,7639.404,1619.874,0,479.963,0,37.997,1198,1649,2.650,1.680,0.880,2,0,1.000,0,0,10,32,6,27,0
17-02 19:01:01,22.753,3.250,74.259,0,0,1395276,317364,195116,5953176,11924.431,1694.203,0,0,0,0,1014,1235,2.650,1.680,0.880,2,0,2.000,0,0,10,32,6,27,0
17-02 19:01:02,22.516,3.502,73.301,0,0,1344292,368348,195116,5953176,12097.347,1533.058,0,4.003,0,1.001,1041,1198,2.650,1.680,0.880,3,0,19.013,0,0,10,32,6,27,0
17-02 19:01:03,9.251,20.752,70.006,0,0,1346716,365812,195116,5953288,11327.895,1620.128,0,352.028,0,4.000,2461,3359,2.650,1.680,0.880,2,0,288.023,0,0,10,32,6,27,0
17-02 19:01:04,8.249,21.996,68.988,0,0,1350168,362308,195116,5953340,10633.224,1619.730,0,615.897,0,6.999,2511,3518,2.590,1.680,0.890,2,0,305.949,0,0,10,32,6,26,0
17-02 19:01:05,9.252,19.753,69.511,0,0,1345524,366764,195116,5953524,5824.961,1620.267,108.018,876.145,6.001,107.018,2488,3433,2.590,1.680,0.890,1,0,262.043,0,0,10,32,6,26,0
17-02 19:01:06,9.243,21.732,69.694,0,0,1350800,361412,195116,5953568,14107.573,1618.689,0,91.926,0,1.998,2455,3295,2.590,1.680,0.890,1,0,273.778,0,0,10,32,6,26,0
17-02 19:01:07,10.271,17.286,70.898,0,0,1358512,353688,195116,5953580,8528.765,1623.382,0,0,0,0,2203,2955,2.590,1.680,0.890,1,0,228.476,0,0,10,32,6,26,0
17-02 19:01:08,22.699,3.243,73.836,0,0,1429396,282820,195116,5953564,6654.194,1454.763,0,11.973,0,1.996,810,1102,2.590,1.680,0.890,1,0,1.996,0,0,10,32,6,25,0
17-02 19:01:09,23.263,2.001,74.040,0,0,1364224,347972,195116,5953584,10590.740,1694.919,0,16.009,0,1.001,898,1009,2.470,1.670,0.890,1,0,1.001,0,0,10,32,6,25,0
17-02 19:01:10,22.993,2.999,72.977,0,0,1437312,274892,195116,5953576,6980.843,1619.500,0,507.843,0,35.989,1236,1658,2.470,1.670,0.890,2,0,1.999,0,0,10,32,5,24,0
17-02 19:01:11,22.247,3.499,73.489,0,0,1386820,325364,195116,5953596,17868.427,1661.761,0,19.997,0,1.000,959,1133,2.470,1.670,0.890,3,0,2.000,0,0,10,32,5,24,0
17-02 19:01:12,23.002,3.000,74.005,0,0,1440756,271440,195116,5953584,7747.527,1620.110,0,20.001,0,3.000,976,1158,2.470,1.670,0.890,2,0,2.000,0,0,10,32,5,24,0
17-02 19:01:13,23.501,2.250,74.005,0,0,1390316,321868,195116,5953596,9244.573,1620.100,0,0,0,0,872,1119,2.470,1.670,0.890,2,0,1.000,0,0,10,32,5,24,0
17-02 19:01:14,23.054,2.506,74.173,0,0,1346900,365284,195116,5953596,10379.256,1623.795,0,28.066,0,2.005,951,1104,2.350,1.660,0.890,2,0,3.007,0,0,10,32,5,24,0
17-02 19:01:15,22.699,2.744,73.085,0,0,1411172,301024,195116,5953584,9069.557,1454.721,0,319.280,0,63.856,1107,1167,2.350,1.660,0.890,2,0,1.996,0,0,10,32,5,24,0
17-02 19:01:16,23.749,2.250,74.246,0,0,1348588,363592,195116,5953596,8609.501,1619.906,0,67.996,0,3.000,870,1081,2.350,1.660,0.890,2,0,1.000,0,0,10,32,5,24,0
17-02 19:01:17,22.750,2.750,73.750,0,0,1425472,286732,195116,5953572,18395.018,1620.002,0,0,0,0,960,1154,2.350,1.660,0.890,2,0,2.000,0,0,10,32,5,22,0
17-02 19:01:18,22.552,2.756,73.669,0,0,1382536,329644,195116,5953596,8656.859,1623.725,0,28.064,0,2.005,835,1071,2.350,1.660,0.890,2,0,1.002,0,0,10,32,5,22,0
17-02 19:01:19,23.191,3.741,72.567,0.249,0,1435220,277032,195116,5953508,9575.831,1689.735,0,2972.497,0,89.773,1117,1267,2.240,1.650,0.890,2,0,1.995,0,0,10,32,5,20,0
17-02 19:01:20,24.005,2.251,73.016,0.500,0,1377400,334768,195120,5953604,8876.988,1694.380,0,4456.998,0,228.051,1697,2294,2.240,1.650,0.890,2,0,1.000,0,0,10,32,5,20,0
17-02 19:01:21,22.549,3.257,73.410,0,0,1396264,315904,195120,5953604,7358.077,1609.517,0,140.307,0,26.057,965,1183,2.240,1.650,0.890,2,0,2.004,0,0,10,32,5,18,0
17-02 19:01:22,24.220,1.997,74.157,0,0,1326140,386028,195120,5953604,13142.493,1637.943,0,19.975,0,0.999,982,1074,2.240,1.650,0.890,1,0,2.996,0,0,10,32,5,18,0
17-02 19:01:23,22.535,3.505,73.613,0,0,1330460,381708,195120,5953604,9118.005,1622.492,0,20.031,0,1.002,943,1081,2.240,1.650,0.890,1,0,1.002,0,0,10,32,5,16,0
17-02 19:01:24,22.745,2.499,74.483,0,0,1412624,299556,195120,5953592,11343.380,1619.626,0,3.999,0,1.000,980,1114,2.220,1.650,0.900,1,0,2.000,0,0,10,32,5,16,0
17-02 19:01:25,17.460,9.728,71.834,0,0,1341188,370984,195124,5953596,10462.893,1616.276,0,103.761,0,4.989,1591,1996,2.220,1.650,0.900,2,0,124.713,0,0,10,32,5,15,0
17-02 19:01:26,9.250,21.499,68.248,0,0,1343188,368940,195124,5953640,12236.633,1693.949,0,163.995,0,9.000,2519,3333,2.220,1.650,0.900,2,0,297.991,0,0,10,32,5,15,0
17-02 19:01:27,21.241,5.498,72.969,0,0,1416456,295660,195128,5953648,9484.950,1845.212,0,311.867,0,9.996,1336,1704,2.220,1.650,0.900,1,0,36.984,0,0,10,32,6,14,0
17-02 19:01:28,22.515,3.502,74.049,0,0,1344732,367124,195128,5953908,6851.563,1695.129,0,0,0,0,941,1114,2.220,1.650,0.900,1,0,9.006,0,0,10,32,6,14,0
17-02 19:01:29,23.992,2.249,74.225,0,0,1416552,295304,195128,5953908,6536.764,1511.483,0,175.940,0,2.999,914,1116,2.200,1.660,0.900,2,0,0,0,0,10,32,6,12,0
17-02 19:01:30,13.024,17.032,68.627,0,0,1335612,376164,195128,5953988,11181.753,1643.049,4.007,553.026,1.002,35.065,2580,3779,2.200,1.660,0.900,1,0,284.528,0,0,10,32,6,12,0
17-02 19:01:31,9.982,19.964,69.623,0,0,1342724,369008,195128,5954032,13157.041,1617.055,0,119.782,0,4.991,2569,3736,2.200,1.660,0.900,1,0,313.429,0,0,10,32,6,11,0
17-02 19:01:32,13.029,21.547,63.890,0,0,1360896,350820,195128,5956972,10619.320,1707.750,0,208.458,0,4.009,3130,7626,2.200,1.660,0.900,2,0,362.797,0,0,11,33,6,11,0
17-02 19:01:33,9.247,21.993,67.979,0,0,1342704,368984,195128,5954072,9976.847,1619.488,0,3.999,0,1.000,2589,4076,2.200,1.660,0.900,1,0,309.902,0,0,10,32,6,9,0
17-02 19:01:34,8.496,21.239,68.965,0,0,1346720,364924,195128,5954116,10064.837,1767.093,0,539.723,0,6.996,2451,3262,2.030,1.630,0.900,1,0,282.855,0,0,10,32,6,9,0
17-02 19:01:35,9.239,20.975,68.420,0,0,1345236,366380,195128,5954140,9868.434,1584.143,0,823.035,0,9.988,2468,3345,2.030,1.630,0.900,1,0,297.651,0,0,10,32,6,6,0
17-02 19:01:36,8.759,22.274,68.323,0,0,1343052,368544,195128,5954160,7409.951,1621.740,0,652.700,0,9.010,2491,3452,2.030,1.630,0.900,1,0,299.321,0,0,10,32,6,6,0
17-02 19:01:37,6.494,22.728,69.182,0,0,1347084,364504,195128,5954168,6088.003,1564.459,0,643.366,0,6.993,2371,3263,2.030,1.630,0.900,1,0,277.726,0,0,10,32,6,6,0
17-02 19:01:38,10.236,20.471,69.153,0,0,1350628,360936,195128,5954192,10126.833,1617.737,0,778.910,0,10.985,2475,3334,2.030,1.630,0.900,1,0,290.593,0,0,10,32,6,6,0
17-02 19:01:39,7.771,20.556,70.691,0,0,1351896,359664,195128,5954196,7216.513,1624.392,0,104.282,0,6.016,2501,3504,1.940,1.620,0.900,1,0,300.813,0,0,10,32,6,6,0
17-02 19:01:40,8.989,20.475,69.663,0,0,1345112,366412,195128,5954232,12809.053,1617.986,0,199.751,0,6.991,2512,3392,1.940,1.620,0.900,1,0,285.644,0,0,10,32,6,6,0
17-02 19:01:41,11.258,17.763,70.052,0,0,1344136,367372,195128,5954248,14911.109,1621.208,168.125,236.176,4.003,5.004,2387,3278,1.940,1.620,0.900,1,0,258.192,0,0,10,32,6,5,0
17-02 19:01:42,10.738,20.726,68.172,0,0,1347096,364224,195128,5954436,11707.665,1584.196,0,35.959,0,8.990,2493,3305,1.940,1.620,0.900,1,0,292.667,0,0,10,32,6,5,0
17-02 19:01:43,9.251,19.753,69.010,0,0,1346292,364892,195128,5954572,9535.316,1694.234,0,28.004,0,7.001,2434,3299,1.940,1.620,0.900,1,0,286.039,0,0,10,32,6,4,0
17-02 19:01:44,15.012,18.765,64.303,1.001,0,1342072,365952,195136,5957740,5236.283,1567.282,3122.554,16.013,69.056,4.003,2635,3846,1.870,1.610,0.900,2,0,351.287,0,0,10,32,6,4,0
17-02 19:01:45,35.556,28.545,35.806,0,0,1442516,265496,195148,5957752,8997.134,1622.549,96.151,965.517,5.008,58.091,3776,6543,1.870,1.610,0.900,5,0,677.064,0,0,10,32,6,5,0
17-02 19:01:46,73.500,24.750,1.500,0.250,0,1613132,125688,195928,5923632,11111.933,1619.990,835.995,2575.985,26.000,326.998,8928,5212,1.870,1.610,0.900,4,0,408.998,0,0,10,32,6,7,0
17-02 19:01:47,61.252,14.250,18.001,7.250,0,1656668,119632,196108,5886500,5227.152,1620.047,400.012,61665.788,4.000,4516.131,15605,32517,1.870,1.610,0.900,7,0,142.004,0,0,10,38,6,9,0
17-02 19:01:48,58.747,16.499,18.499,8.250,0,1647260,133644,196956,5881292,12554.310,1619.911,0,89939.053,0,6589.638,25202,44055,1.870,1.610,0.900,7,1,174.990,0,0,10,36,6,9,0
17-02 19:01:49,55.762,15.253,20.504,9.252,0,1571504,217352,197128,5873312,6682.457,1512.330,68.015,87807.142,1.000,6649.450,26268,46676,2.120,1.670,0.920,2,1,143.031,0,0,10,36,6,9,0
17-02 19:01:50,46.484,16.744,31.239,4.998,0,1557236,221196,197304,5883296,9430.822,1693.429,0,66713.518,0,5290.217,21833,37242,2.120,1.670,0.920,5,0,250.915,0,0,10,34,6,9,0
17-02 19:01:51,38.748,8.250,42.748,8.500,0,1570008,204684,197588,5886424,8964.588,1661.924,0,56917.382,0,4796.779,20273,39851,2.120,1.670,0.920,4,0,57.997,0,0,10,35,6,11,0
17-02 19:01:52,34.992,10.497,40.990,9.748,0,1556092,215740,197800,5888952,5582.649,1619.608,0,54886.717,0,4518.906,17071,34505,2.120,1.670,0.920,5,0,77.981,0,0,10,34,6,11,0
17-02 19:01:53,40.731,6.747,41.981,8.746,0,1571840,199136,198104,5889460,10058.353,1565.277,0,46438.545,0,4171.073,15118,35266,2.120,1.670,0.920,3,0,35.983,0,0,10,35,6,11,0
17-02 19:01:54,38.487,10.746,43.735,6.748,0,1536856,232940,198296,5890400,7631.413,1619.451,0,57028.667,0,4953.321,19721,37129,2.430,1.740,0.950,2,1,103.965,0,0,10,34,6,11,0
17-02 19:01:55,42.550,7.258,40.798,7.759,0,1569632,197912,198380,5892516,6012.004,1705.987,0,41212.012,0,3629.228,18325,29773,2.430,1.740,0.950,2,1,45.052,0,0,10,35,6,11,0
17-02 19:01:56,37.751,8.500,43.751,8.750,0,1518332,246068,198476,5895488,13416.349,1512.039,0,47421.233,0,4252.111,21418,36469,2.430,1.740,0.950,3,1,84.002,0,0,10,34,6,12,0
17-02 19:01:57,38.683,11.231,40.430,10.482,0,1563360,197432,198656,5898800,7107.689,1617.199,0,61697.141,0,5033.282,21240,34857,2.430,1.740,0.950,4,0,59.896,0,0,10,37,6,12,0
17-02 19:01:58,40.562,8.763,42.064,9.014,0,1496332,260148,198760,5902904,9998.307,1622.484,0,52027.654,0,4553.972,24478,40786,2.430,1.740,0.950,2,0,110.169,0,0,10,36,6,14,0
17-02 19:01:59,40.419,11.726,40.169,9.980,0,1561756,191856,198944,5905524,7003.901,1690.597,0,55647.981,0,5021.891,20402,34707,2.400,1.740,0.960,3,0,97.803,0,0,10,36,6,14,0
17-02 19:02:00,34.299,11.767,43.562,8.011,0,1529516,229152,199012,5900376,5448.797,1696.428,0,53356.353,0,4734.775,20534,37761,2.400,1.740,0.960,6,0,55.079,0,0,10,36,6,17,0
17-02 19:02:01,41.735,8.497,44.734,5.248,0,1443952,314304,199032,5900744,12773.427,1639.413,0,25198.979,0,2070.259,9632,16926,2.400,1.740,0.960,3,0,64.977,0,0,10,32,6,18,0
17-02 19:02:02,22.974,12.985,63.179,0.250,0,1440688,317528,199032,5900784,8480.510,1618.189,0,1274.574,0,71.920,2064,2971,2.400,1.740,0.960,3,0,231.741,0,0,10,32,6,18,0
17-02 19:02:03,22.000,5.000,71.999,0.250,0,1390500,367704,199032,5900792,9380.822,1585.970,0,1035.980,0,61.999,2753,4509,2.400,1.740,0.960,2,0,42.999,0,0,10,32,6,19,0
17-02 19:02:04,24.002,2.250,73.257,0,0,1445032,313020,199032,5900944,10043.014,1620.164,0,812.082,0,45.005,1343,1962,2.280,1.730,0.960,3,0,0,0,0,10,33,6,19,0
17-02 19:02:05,18.013,11.008,69.550,0.250,0.250,1378520,379516,199036,5900956,11014.854,1621.156,0,2930.089,0,186.133,3356,5437,2.280,1.730,0.960,1,0,141.101,0,0,10,32,6,20,0
17-02 19:02:06,9.994,20.987,67.958,0,0,1382116,375740,199040,5901124,10238.662,1618.998,0,211.869,0,14.991,2616,3467,2.280,1.730,0.960,1,0,312.806,0,0,10,32,6,20,0
17-02 19:02:07,16.021,24.282,58.075,0.250,0,1410732,347124,199060,5901108,4829.273,1696.203,4.005,620.806,1.001,48.062,3317,5093,2.280,1.730,0.960,3,0,428.557,0,0,10,32,6,26,0
17-02 19:02:08,66.174,9.489,24.222,0,0,1621344,134968,199096,5902444,53783.418,1692.063,0,499.428,0,18.978,1515,1517,2.280,1.730,0.960,3,0,2.997,0,0,10,32,6,26,0
17-02 19:02:09,66.595,8.512,23.784,1.502,0,1764976,129108,197828,5769276,8742.537,1534.200,1886.706,4282.141,80.115,163.234,2131,2217,2.340,1.750,0.970,3,0,6.009,0,0,10,32,6,26,0
17-02 19:02:10,38.020,9.255,39.770,11.256,0,1776488,125312,197972,5761448,9495.871,1620.831,0,83138.650,0,6286.225,25087,44461,2.340,1.750,0.970,3,1,225.115,0,0,10,38,6,26,0
17-02 19:02:11,38.038,12.763,39.540,12.012,0,1776816,129712,198108,5756528,11629.734,1695.711,0,100881.790,0,8107.180,32654,60268,2.340,1.750,0.970,4,0,229.231,0,0,10,38,6,26,0
17-02 19:02:12,43.957,13.736,31.469,10.989,0.250,1664344,232940,198248,5765372,8144.945,1618.399,0,80692.195,0,6674.399,26568,49859,2.340,1.750,0.970,4,1,257.745,0,0,10,36,6,26,0
17-02 19:02:13,48.497,8.999,29.498,12.499,0,1729340,158148,198348,5774824,11432.360,1619.909,0,75807.755,0,5968.666,26973,40596,2.340,1.750,0.970,3,2,108.994,0,0,10,36,6,26,0
17-02 19:02:14,44.497,10.499,32.248,15.499,0,1778008,131252,198416,5753140,10890.292,1619.895,0,90050.147,0,6643.568,26672,42742,2.390,1.770,0.980,6,0,22.999,0,0,10,38,6,26,0
17-02 19:02:15,36.186,10.481,41.427,13.975,0,1663628,241584,198488,5757124,7062.513,1764.880,0,88719.145,0,6920.764,28129,45503,2.390,1.770,0.980,2,0,185.672,0,0,10,36,6,26,0
17-02 19:02:16,27.025,14.263,57.805,0.500,0,1391300,514160,198488,5756864,11567.909,1513.427,0,2750.594,0,184.174,2787,3656,2.390,1.770,0.980,1,0,204.193,0,0,10,32,6,26,0
17-02 19:02:17,20.007,6.502,73.526,0.250,0,1456480,448960,198492,5756880,9418.325,1566.553,0,1136.401,0,70.025,1442,1739,2.390,1.770,0.980,1,0,46.016,0,0,10,32,6,26,0
17-02 19:02:18,22.498,3.750,72.995,0.250,0,1512672,392764,198492,5756884,21687.460,1619.885,0,5939.578,0,357.975,1841,2468,2.390,1.770,0.980,1,0,2.000,0,0,10,32,6,26,0
17-02 19:02:19,22.706,3.493,73.359,0,0,1410668,494764,198492,5756888,12922.099,1686.750,0,163.685,0,14.971,1507,1941,2.280,1.760,0.980,2,0,26.948,0,0,10,32,6,26,0
17-02 19:02:20,22.261,3.252,73.785,0,0,1484500,420928,198492,5756892,8904.203,1620.765,0,32.015,0,4.002,875,1155,2.280,1.760,0.980,1,0,1.000,0,0,10,32,6,26,0
17-02 19:02:21,23.989,2.249,73.217,0.250,0,1524312,381112,198492,5756892,14703.354,1713.226,0,599.729,0,46.979,1287,1726,2.280,1.760,0.980,1,0,2.999,0,0,10,34,6,26,0
17-02 19:02:22,14.521,29.543,54.829,0,0,1407080,498336,198492,5756900,10526.179,1622.339,36.052,52.075,2.003,13.019,3654,5939,2.280,1.760,0.980,2,0,703.014,0,0,10,32,6,26,0
17-02 19:02:23,14.762,40.031,45.035,0,0,1409468,495844,198492,5757000,6387.020,1587.248,0,336.264,0,30.024,4661,8154,2.280,1.760,0.980,2,0,1024.805,0,0,10,32,6,26,0
17-02 19:02:24,8.480,21.199,68.836,0,0,1406860,498288,198492,5757148,9120.266,1689.973,0,143.658,0,11.971,2682,4054,2.260,1.770,0.990,0,0,390.070,0,0,10,32,6,26,0
17-02 19:02:25,9.265,20.282,69.361,0.250,0,1401720,502708,198520,5757788,7255.624,1568.513,616.988,681.091,15.024,137.220,2915,3625,2.260,1.770,0.990,3,0,253.406,0,0,11,12,6,26,20
17-02 19:02:26,9.990,21.479,68.681,0,0,1406592,497816,198520,5757800,8957.043,1618.382,0,23.976,0,5.994,2368,3363,2.260,1.770,0.990,1,0,254.745,0,0,11,12,6,26,20
17-02 19:02:27,21.044,15.783,62.129,0,0,1407752,495920,198568,5758384,11701.327,1623.375,481.000,8.017,45.094,2.004,4960,8031,2.260,1.770,0.990,3,0,176.367,0,0,11,12,6,26,20
17-02 19:02:28,16.209,22.693,61.347,0,0,1447092,455980,198580,5758972,8629.409,1657.852,43.890,15.960,1.995,3.990,2753,4104,2.260,1.770,0.990,3,0,318.204,0,0,13,12,6,26,20
17-02 19:02:29,10.251,20.502,68.507,0,0,1452008,450916,198580,5759248,12935.255,1620.157,0,344.033,0,11.001,2576,3548,2.160,1.750,0.990,1,0,238.023,0,0,13,12,6,26,20
17-02 19:02:30,22.304,18.295,57.139,0,0,1481540,421248,198584,5759216,10444.443,1515.692,4.010,8.020,1.002,1.002,3849,9710,2.160,1.750,0.990,2,0,220.537,0,0,13,12,6,26,20
17-02 19:02:31,11.473,22.198,65.846,0.249,0,1494712,407908,198584,5759348,10520.445,1690.055,0,630.528,0,31.925,2879,4613,2.160,1.750,0.990,1,0,300.299,0,0,15,12,6,26,20
17-02 19:02:32,16.500,18.750,64.249,0,0,1504204,398044,198584,5759876,11826.905,1693.986,0,87.999,0,8.000,4362,8775,2.160,1.750,0.990,1,0,205.998,0,0,15,12,6,26,20
17-02 19:02:33,62.652,18.796,18.796,0,0,1774248,128116,198616,5759516,13152.935,1569.812,0,573.392,0,4.010,3139,5299,2.160,1.750,0.990,14,0,132.321,0,0,17,12,6,27,20
17-02 19:02:34,76.192,14.489,8.993,0,0,1928956,176044,197620,5561916,8853.245,1618.765,3.997,3757.133,0.999,323.753,2946,3707,3.270,1.990,1.070,2,0,85.934,0,0,17,12,6,26,20
17-02 19:02:35,9.486,20.470,70.397,0,0,1933196,171780,197620,5561928,10642.377,1617.625,0,3.994,0,0.999,2698,3856,3.270,1.990,1.070,2,0,248.635,0,0,17,12,6,26,20
17-02 19:02:36,9.501,21.253,67.259,0,0,1934420,170528,197620,5561952,17246.346,1620.220,0,24.003,0,6.001,2716,3919,3.270,1.990,1.070,1,0,252.034,0,0,17,12,6,26,20
17-02 19:02:37,21.036,18.532,59.101,0,0,1956412,148296,197620,5562100,5788.905,1514.591,0,404.692,0,4.007,4293,7621,3.270,1.990,1.070,2,0,189.324,0,0,17,12,6,26,20
17-02 19:02:38,15.399,4.222,78.984,0.248,0,1983068,120328,197624,5563380,11286.200,1609.476,973.633,0,13.909,0,1445,2367,3.270,1.990,1.070,0,0,44.708,0,0,18,12,6,26,20
17-02 19:02:39,17.077,7.785,73.329,0,0,2010012,127712,197368,5530076,6976.338,1701.644,0,0,0,0,1841,2630,3.010,1.960,1.060,1,0,91.411,0,0,18,12,6,27,20
17-02 19:02:40,25.010,3.752,70.529,0,0,2042484,124744,197368,5501024,11928.962,1566.652,32.013,400.166,2.001,27.011,2903,4867,3.010,1.960,1.060,1,0,0,0,0,18,21,6,28,0
17-02 19:02:41,13.246,16.994,67.727,0.750,0,1988368,178344,197368,5501656,12184.894,1619.454,283.904,659.778,2.999,56.981,3047,4681,3.010,1.960,1.060,1,0,212.928,0,0,18,18,5,32,0
17-02 19:02:42,9.760,20.520,69.568,0,0,1996080,170616,197372,5501668,8931.726,1621.584,0,116.113,0,8.008,2902,4333,3.010,1.960,1.060,1,0,286.280,0,0,18,18,5,32,0
17-02 19:02:43,11.491,18.235,68.694,0,0,2001936,164740,197372,5501688,10245.701,1618.689,0,371.699,0,8.993,2825,4117,3.010,1.960,1.060,2,0,252.795,0,0,18,18,5,32,0
17-02 19:02:44,9.757,22.015,67.547,0,0,2005760,160876,197372,5501708,9877.845,1513.049,0,24.017,0,6.004,2794,4090,2.840,1.940,1.060,1,0,247.171,0,0,18,18,5,32,0
17-02 19:02:45,17.232,17.482,64.432,0,0,2007864,158700,197372,5501772,9315.238,1618.304,7.992,11.987,0.999,2.997,4282,9077,2.840,1.940,1.060,4,0,144.848,0,0,18,18,5,31,0
17-02 19:02:46,47.004,8.001,44.254,0,0,2080396,128464,197188,5460972,9936.865,1620.141,328.029,196.017,3.000,2.000,2134,3073,2.840,1.940,1.060,2,0,125.011,0,0,18,19,5,31,0
17-02 19:02:47,45.336,6.512,47.089,0.250,0,2184428,127036,197184,5360328,8874.791,1623.071,4.008,4516.545,1.002,344.652,2227,2184,2.840,1.940,1.060,2,0,1.002,0,0,18,23,5,24,0
17-02 19:02:48,46.913,4.741,46.913,0.250,0,2257944,122488,197260,5292792,13483.987,1563.100,87.837,1093.971,0.998,91.830,2466,3684,2.840,1.940,1.060,2,0,19.963,0,0,18,35,5,24,0
17-02 19:02:49,20.273,18.521,60.320,0,0,2272212,119428,197268,5281896,8563.926,1695.966,32.037,216.251,5.006,13.015,5322,12847,2.780,1.940,1.070,1,0,211.245,0,0,18,34,5,24,0
17-02 19:02:50,16.273,17.525,63.839,0,0,2273956,118436,197268,5281412,9428.199,1588.224,0,100.140,0,10.014,4615,7830,2.780,1.940,1.070,1,0,201.282,0,0,18,34,5,24,0
17-02 19:02:51,5.484,5.484,88.238,0.499,0,2295372,131416,197260,5247452,10263.497,1615.200,223.336,438.696,10.967,33.899,2010,3120,2.780,1.940,1.070,1,0,26.920,0,0,18,34,5,23,0
17-02 19:02:52,1.250,1.000,96.004,0,0,2295616,131164,197260,5247460,11408.525,1736.080,8.000,0,2.000,0,1044,1721,2.780,1.940,1.070,0,0,3.000,0,0,18,34,5,23,0
17-02 19:02:53,2.750,0.750,95.733,0,0,2296088,130688,197260,5247464,12120.818,1619.708,0,59.989,0,6.999,1195,1876,2.780,1.940,1.070,0,0,2.999,0,0,18,34,5,23,0
17-02 19:02:54,1.500,0.250,96.759,0,0,2296088,130688,197260,5247464,6576.605,1620.149,0,4.000,0,1.000,994,1715,2.550,1.910,1.060,0,0,1.000,0,0,18,34,5,23,0
17-02 19:02:55,9.274,11.781,77.702,0,0,2256344,170244,197264,5247976,10293.815,1624.231,32.084,0,3.008,0,3169,5247,2.550,1.910,1.060,4,0,167.436,0,0,18,34,5,23,0
17-02 19:02:56,17.460,16.212,65.847,0,0,2293176,134332,197264,5246628,10503.663,1678.112,79.815,7.982,9.977,1.995,5069,8713,2.550,1.910,1.060,2,0,224.480,0,0,18,34,5,23,0
17-02 19:02:57,11.272,21.541,65.877,0.751,0,2307228,127072,197272,5240028,6387.296,1753.375,641.234,7438.319,33.064,453.874,3556,4951,2.550,1.910,1.060,2,0,259.500,0,0,19,34,5,22,0
17-02 19:02:58,19.961,15.220,63.874,0.499,0,2308156,127844,197280,5238352,12094.162,1616.813,211.583,1792.467,12.974,272.463,5338,9819,2.550,1.910,1.060,3,0,161.681,0,0,19,50,5,22,0
17-02 19:02:59,5.756,8.259,84.339,0,0,2313156,122812,197280,5238416,7627.024,1621.706,36.038,240.253,3.003,10.011,1944,3033,2.590,1.930,1.070,2,0,141.148,0,0,19,50,5,20,0
17-02 19:03:00,18.231,16.733,63.434,0.250,0,2312964,128920,197268,5232632,9674.957,1618.320,171.822,1434.511,7.992,273.716,5968,9125,2.590,1.930,1.070,0,0,169.824,0,0,21,50,5,20,0
17-02 19:03:01,10.264,18.775,70.094,0,0,2322292,119392,197268,5232784,10233.662,1664.222,0,0,0,0,2871,4256,2.590,1.930,1.070,1,0,269.360,0,0,21,52,5,16,0
17-02 19:03:02,9.488,19.975,68.665,0,0,2328876,127000,197268,5218908,6114.400,1701.885,0,655.186,0,124.845,2984,4293,2.590,1.930,1.070,1,0,260.676,0,0,21,52,5,16,0
17-02 19:03:03,15.521,18.526,65.340,0,0,2330648,125196,197268,5218956,9684.335,1460.010,0,20.028,0,5.007,4141,6635,2.590,1.930,1.070,2,0,208.287,0,0,21,52,5,15,0
17-02 19:03:04,27.521,21.517,49.539,0.250,0,2378304,149252,197276,5148924,9364.314,1695.324,4.003,260.203,1.001,9.007,4143,8425,2.540,1.930,1.080,2,0,375.293,0,0,21,52,5,15,0
17-02 19:03:05,30.039,24.532,43.556,0,0,2437156,125688,197332,5113940,5636.271,1696.188,16.021,276.356,2.003,3.004,4605,10208,2.540,1.930,1.080,3,0,569.735,0,0,21,52,5,14,0
17-02 19:03:06,27.713,25.965,44.940,0,0,2479896,165812,197364,5031336,13817.443,1617.827,43.941,23.968,4.993,5.992,3878,6412,2.540,1.930,1.080,3,0,428.425,0,0,21,56,5,16,0
17-02 19:03:07,38.175,18.963,41.418,0.499,0,2535852,129064,197376,5012488,8763.692,1706.629,7.984,12966.391,1.996,740.537,5911,9690,2.540,1.930,1.080,1,0,273.460,0,0,21,56,5,16,0
17-02 19:03:08,43.098,22.301,35.080,0,0,2648416,123904,197384,4905076,9549.668,1623.684,8.018,1202.729,2.005,56.127,4284,7699,2.540,1.930,1.080,3,0,451.023,0,0,21,56,5,16,0
17-02 19:03:09,57.249,21.000,20.250,0,0,2748612,129600,197408,4800116,12035.807,1457.977,8.000,139.998,2.000,12.000,5302,14886,2.660,1.960,1.090,5,0,244.996,0,0,21,56,5,10,0
17-02 19:03:10,70.749,23.500,4.000,0.750,0,2893104,126456,198412,4660112,5528.912,1619.974,863.986,991.984,69.999,93.998,2633,7618,2.660,1.960,1.090,4,0,581.991,0,0,21,60,5,10,0
17-02 19:03:11,65.786,22.262,7.754,2.001,0,3003364,131104,198428,4546704,13243.297,1620.893,4.002,26770.751,1.001,1720.948,12361,24905,2.660,1.960,1.090,7,1,234.129,0,0,21,60,5,10,0
17-02 19:03:12,66.943,23.979,6.744,1.499,0,3121448,133984,198444,4427996,10535.981,1618.614,7.993,23895.545,1.998,2401.944,13188,26381,2.660,1.960,1.090,7,0,467.600,0,0,21,62,5,10,0
17-02 19:03:13,75.773,18.005,6.002,0,0,3223100,122436,198540,4339164,11232.426,1694.517,32.010,1440.439,4.001,60.018,5273,15244,2.660,1.960,1.090,5,0,234.071,0,0,21,66,5,14,0
17-02 19:03:14,73.248,22.499,3.750,0.250,0,3328032,125868,198544,4233044,10040.719,1619.955,16.000,10151.716,2.000,628.982,6692,22913,2.850,2.010,1.110,4,0,418.988,0,0,21,79,5,20,0
17-02 19:03:15,43.739,24.244,30.742,0.250,0,3424348,122144,198544,4142460,10298.467,1619.602,0,3015.258,0,320.921,6915,24468,2.850,2.010,1.110,2,0,393.903,0,0,21,81,5,20,0
17-02 19:03:16,52.373,16.211,30.675,0.748,0,3518712,120988,198552,4049996,9643.576,1616.075,957.674,13283.734,51.874,814.023,6260,16507,2.850,2.010,1.110,3,0,163.603,0,0,21,80,5,21,0
17-02 19:03:17,36.273,10.507,51.032,0.750,0,3606308,126876,198568,3957684,4738.995,1603.013,676.428,2753.740,41.026,296.187,3214,5151,2.850,2.010,1.110,2,0,84.053,0,0,21,83,5,22,0
17-02 19:03:18,8.993,19.985,69.946,0.250,0,3608784,134840,198568,3947316,8261.597,1564.787,0,231.820,0,15.988,2802,4266,2.850,2.010,1.110,1,0,267.792,0,0,21,83,5,22,0
17-02 19:03:19,9.001,18.501,70.006,0.250,0,3616280,127324,198568,3947336,9727.768,1620.128,0,488.039,0,34.003,2902,4230,2.620,1.980,1.110,1,0,233.018,0,0,21,83,5,22,0
17-02 19:03:20,8.001,20.501,70.504,0,0,3622564,130132,198568,3938244,7342.463,1694.107,0,40.003,0,4.000,2756,4066,2.620,1.980,1.110,1,0,243.015,0,0,21,83,5,22,0
17-02 19:03:21,8.763,20.279,69.600,0,0,3633532,119092,198568,3938324,12638.110,1716.460,68.098,0,1.001,0,2832,4094,2.620,1.980,1.110,1,0,250.359,0,0,21,83,5,22,0
17-02 19:03:22,9.003,20.508,69.276,0,0,3629952,124488,198568,3936516,10193.853,1620.613,0,12.005,0,3.001,2842,4287,2.620,1.980,1.110,1,0,257.097,0,0,21,83,5,22,0
17-02 19:03:23,16.260,17.760,63.787,0,0,3630684,132776,198568,3927932,10816.328,1620.948,0,136.080,0,13.008,4529,7934,2.620,1.980,1.110,0,0,218.128,0,0,21,85,5,23,0
17-02 19:03:24,25.493,20.744,51.485,0,0,3672620,124724,198568,3893704,8980.450,1511.571,647.816,195.944,7.998,14.996,4060,6724,2.570,1.980,1.110,4,0,302.914,0,0,21,91,5,23,0
17-02 19:03:25,29.700,26.456,43.677,0.499,0,3727200,129296,198576,3834960,5411.919,1563.377,119.799,2875.175,12.978,484.188,4048,5678,2.570,1.980,1.110,2,0,368.382,0,0,21,93,5,23,0
17-02 19:03:26,25.808,18.040,54.873,0.501,0,3754252,119528,198576,3818344,7943.738,1623.626,148.331,2164.834,7.016,266.595,6169,11810,2.570,1.980,1.110,3,0,203.454,0,0,23,101,5,23,0
17-02 19:03:27,58.989,27.245,13.747,0,0.250,3919408,119600,198500,3655820,10817.923,1619.689,203.961,8926.286,19.996,718.862,6872,25134,2.570,1.980,1.110,3,0,521.900,0,0,23,111,5,23,0
17-02 19:03:28,56.149,23.208,20.713,0,0,4012588,125436,198436,3558576,9842.245,1706.921,79.856,566.977,0.998,48.912,6876,17270,2.570,1.980,1.110,13,0,376.321,0,0,23,127,5,23,0
17-02 19:03:29,37.250,19.000,41.249,0.500,0,4074960,118176,198392,3503868,12656.835,1619.979,115.998,7355.904,7.000,597.992,5456,8897,2.440,1.960,1.110,3,0,276.996,0,0,23,127,5,23,0
17-02 19:03:30,26.636,23.151,50.534,0,0,4112324,124956,198376,3460164,8839.212,1579.249,0,187.200,0,9.957,3364,5553,2.440,1.960,1.110,1,0,422.195,0,0,24,127,5,23,0
17-02 19:03:31,10.051,21.609,68.092,0.251,0.251,4121480,120048,198376,3455968,11657.603,1702.559,0,446.243,0,30.152,2889,4260,2.440,1.960,1.110,1,0,247.243,0,0,24,127,5,23,0
17-02 19:03:32,16.520,18.773,63.327,0,0,4127008,119564,198376,3451280,10002.193,1621.977,0,528.644,0,40.049,5537,9956,2.440,1.960,1.110,14,0,188.229,0,0,24,127,5,23,0
17-02 19:03:33,30.988,22.991,45.483,0.250,0,4169868,121472,198356,3406124,6762.437,1681.363,255.903,7.997,28.989,1.999,4217,10989,2.440,1.960,1.110,2,0,431.836,0,0,24,127,5,24,0
17-02 19:03:34,37.248,19.249,41.997,0,0,4217028,126972,198344,3355396,11602.257,1619.896,4.000,147.991,1.000,12.999,4944,11749,2.410,1.970,1.120,2,0,318.980,0,0,24,129,5,23,0
17-02 19:03:35,40.012,27.508,31.010,0,0,4333808,124068,198260,3243820,7406.281,1620.499,20.006,4061.251,5.002,442.136,6042,10700,2.410,1.970,1.120,2,0,427.132,0,0,24,139,5,23,0
17-02 19:03:36,32.491,26.492,41.238,0.250,0,4415560,126716,198208,3161724,9209.320,1619.529,43.987,539.843,1.999,38.989,4671,9421,2.410,1.970,1.120,4,0,500.854,0,0,24,151,5,23,0
17-02 19:03:37,13.212,19.942,64.065,0,0,4424788,119840,198208,3159536,24294.909,1581.438,99.712,343.010,9.971,24.928,4551,10395,2.410,1.970,1.120,2,0,332.042,0,0,24,151,5,23,0
17-02 19:03:38,12.733,21.222,63.415,0.250,0,4429344,122276,198204,3152648,52259.182,1691.740,0,635.151,0,48.935,3456,5686,2.410,1.970,1.120,2,0,297.602,0,0,24,167,5,23,0
17-02 19:03:39,22.619,18.347,57.805,0,0,4453388,119120,198192,3132220,15444.439,1702.980,0,434.290,0,26.138,4873,9603,2.460,1.980,1.130,2,0,182.965,0,0,24,167,5,23,0
17-02 19:03:40,47.692,6.991,44.196,0.250,0,4586652,121860,198048,3000988,7081.354,1618.024,215.737,7371.000,5.993,659.195,3346,2953,2.460,1.980,1.130,2,0,8.989,0,0,24,167,5,22,0
17-02 19:03:41,42.884,6.732,49.117,0.499,0,4675004,126228,197944,2911752,10396.814,1635.566,1607.642,466.735,63.827,61.832,2440,3558,2.460,1.980,1.130,1,0,6.981,0,0,24,172,5,22,0
17-02 19:03:42,33.352,16.300,48.649,0,0,4621028,180084,197956,2911860,11561.297,1624.961,4.012,509.556,1.003,44.135,3597,7019,2.460,1.980,1.130,3,0,385.176,0,0,24,175,5,17,0
17-02 19:03:43,36.208,24.222,37.457,1.748,0,4669132,120500,197964,2923256,8197.573,1618.139,14643.160,4750.537,226.739,421.515,7235,17252,2.460,1.980,1.130,3,0,490.436,0,0,24,181,5,17,0
17-02 19:03:44,51.678,22.719,22.968,1.997,0,4687980,164288,197940,2862004,6460.053,1509.909,37663.836,4549.699,437.394,348.517,7301,13011,2.580,2.020,1.140,8,0,256.645,0,0,24,180,5,17,0
17-02 19:03:45,74.677,14.284,7.017,3.759,0,4823420,129852,197920,2765344,9550.597,1772.193,37167.939,2225.265,456.079,110.261,4787,7649,2.580,2.020,1.140,4,0,37.088,0,0,24,188,5,17,0
17-02 19:03:46,71.285,16.258,4.502,8.254,0,4842696,121380,197924,2756536,9179.562,1620.806,59829.735,4774.373,1039.517,293.146,6817,11072,2.580,2.020,1.140,4,1,45.022,0,0,24,198,5,19,0
17-02 19:03:47,50.112,23.435,20.942,3.490,0,4882740,158112,196556,2683444,9530.667,1615.536,33487.474,6553.892,362.000,394.909,6928,14383,2.580,2.020,1.140,3,0,365.989,0,0,24,194,5,24,0
17-02 19:03:48,44.107,25.813,26.815,2.757,0,4882708,126680,196316,2715468,8360.249,1623.933,45033.070,9130.113,444.076,514.246,7381,12849,2.580,2.020,1.140,7,0,358.869,0,0,24,193,5,24,0
17-02 19:03:49,57.700,25.478,13.238,2.748,0,4912664,142892,195484,2671140,5047.598,1606.599,44349.327,651.432,456.602,40.964,5575,10898,2.530,2.020,1.150,5,0,433.622,0,0,24,193,5,25,0
17-02 19:03:50,66.913,25.217,5.493,1.748,0,4983684,119416,195100,2627548,9811.177,1617.885,28966.141,699.086,330.568,40.946,6534,37080,2.530,2.020,1.150,11,0,314.589,0,0,24,200,5,25,0
17-02 19:03:51,58.614,22.043,17.534,0,0,5013440,122572,194888,2595112,12802.927,1514.950,324.632,19129.245,21.041,1029.003,8698,23434,2.530,2.020,1.150,4,0,426.831,0,0,24,201,5,29,0
17-02 19:03:52,58.266,21.506,19.255,0,0,5085748,126112,193860,2521400,9976.664,1620.433,228.061,672.179,11.003,44.012,7524,20276,2.530,2.020,1.150,4,0,282.075,0,0,24,209,5,33,0
17-02 19:03:53,65.284,14.701,19.186,0.249,0,5191764,128140,192480,2416820,7736.346,1730.262,175.418,6713.737,12.957,639.878,4776,6499,2.530,2.020,1.150,4,0,176.415,0,0,24,207,5,35,0
17-02 19:03:54,68.159,10.525,21.300,0.501,0,5222492,182708,191280,2334584,19417.203,1697.953,1142.660,862.007,81.189,75.175,6536,14561,2.650,2.050,1.160,8,0,2.005,0,0,24,214,5,38,0
17-02 19:03:55,51.783,14.259,33.021,0.500,0,5259296,153788,191124,2327140,57560.666,18564.826,280.178,3902.486,11.007,257.164,5417,9320,2.650,2.050,1.160,4,0,166.106,0,0,24,223,5,38,0
17-02 19:03:56,37.763,21.757,40.264,0.250,0,5241676,171428,191124,2327116,8644.974,1620.557,0,592.204,0,47.016,5216,10349,2.650,2.050,1.160,3,0,382.131,0,0,24,226,5,38,0
17-02 19:03:57,42.380,19.196,36.148,0.249,0,5286460,125880,191124,2328252,6903.518,1561.593,374.942,1064.995,25.927,141.600,8307,16356,2.650,2.050,1.160,2,0,244.311,0,0,24,228,5,39,0
17-02 19:03:58,61.667,15.291,22.060,0,0,5342208,118580,190280,2280988,10364.035,1516.101,124.336,7091.182,12.033,648.755,5171,7101,2.650,2.050,1.160,3,0,190.515,0,0,25,230,5,40,0
17-02 19:03:59,65.749,9.000,24.250,1.750,0,5412804,149620,189712,2182680,9576.837,1619.972,2031.965,1131.981,150.997,64.999,3989,7464,2.680,2.070,1.170,3,0,10.000,0,0,25,230,5,42,0
17-02 19:04:00,48.089,13.206,35.880,0.498,0,5472412,124232,189268,2150372,13054.346,2798.641,203.320,717.600,17.940,52.823,4072,11751,2.680,2.070,1.170,1,0,212.290,0,0,25,233,5,44,0
17-02 19:04:01,33.033,7.257,58.058,0,0,5454836,130856,189004,2161720,22004957.923,113924.127,0,468.465,0,36.036,8178,5805,2.680,2.070,1.170,2,0,61.061,0,0,25,231,5,44,0
17-02 19:04:02,40.094,13.281,45.857,0.752,0,5524688,126660,187796,2099136,11849.752,1623.803,2076.864,10568.752,24.056,596.397,4772,7577,2.680,2.070,1.170,4,0,202.474,0,0,25,231,5,44,0
17-02 19:04:03,32.140,3.488,61.788,0.249,0,5487240,167192,187736,2096120,13901.305,1614.461,0,9331.982,0,168.422,3930,6962,2.680,2.070,1.170,1,0,37.870,0,0,25,238,5,45,0
17-02 19:04:04,26.847,3.262,69.251,0.502,0,5497240,156508,187756,2096784,5965.643,1517.506,433.573,698.534,29.106,57.208,3251,7547,2.620,2.060,1.180,2,0,3.011,0,0,25,246,5,46,0
17-02 19:04:05,27.748,5.250,64.496,0.500,0,5502488,151016,187792,2096992,8416.495,1607.904,0,763.954,0,78.995,4143,9431,2.620,2.060,1.180,1,0,10.999,0,0,25,257,5,48,0
17-02 19:04:06,27.443,11.476,60.374,0.998,0,5465376,189356,187512,2097316,12141.636,1658.535,646.649,33410.206,21.954,470.018,6293,10999,2.620,2.060,1.180,2,0,93.804,0,0,25,255,5,56,2
17-02 19:04:07,18.034,12.273,68.128,0,0,5513448,141004,187524,2097568,11291.295,1623.061,80.151,404.763,13.025,30.057,2427,3630,2.620,2.060,1.180,1,0,118.223,0,0,25,255,5,54,2
17-02 19:04:08,19.246,7.499,69.236,4.499,0,5479528,147084,188584,2125556,12250.587,1619.681,5642.888,6130.792,904.822,318.937,3488,5011,2.620,2.060,1.180,1,0,0,0,0,25,255,5,54,2
17-02 19:04:09,23.733,4.996,70.449,0.999,0,5492080,133112,188676,2126904,10811.108,1692.764,751.451,439.679,122.910,19.985,3681,3176,2.490,2.050,1.180,1,0,8.993,0,0,25,255,5,54,2
17-02 19:04:10,21.193,7.231,67.817,1.247,0,5507168,126744,188452,2118752,12364.677,1615.646,662.215,430.839,138.626,3.989,14690,28502,2.490,2.050,1.180,1,0,3.989,0,0,25,255,5,55,2
17-02 19:04:11,22.743,7.248,70.478,0,0,5516748,133712,188136,2103356,11014.596,1511.533,0,0,0,0,4406,7936,2.490,2.050,1.180,2,0,2.999,0,0,25,255,4,56,2
17-02 19:04:12,22.762,6.003,69.286,0,0,5514068,136388,188136,2103360,5648.971,1620.853,0,392.206,0,39.021,1918,3216,2.490,2.050,1.180,2,0,0,0,0,25,255,4,56,2
17-02 19:04:13,22.751,12.500,62.002,1.250,0,5441512,223916,187968,2089348,9623.356,1566.058,692.026,35365.309,92.003,151.006,3851,5342,2.490,2.050,1.180,1,0,223.008,0,0,25,255,4,56,2
17-02 19:04:14,19.807,9.026,69.700,0,0,5495920,169240,187976,2089596,8454.213,1624.653,0,228.655,0,24.069,2909,4804,2.450,2.040,1.180,2,0,230.661,0,0,25,255,4,56,2
17-02 19:04:15,15.945,12.706,70.008,0,0,5461900,203256,188000,2089576,6384.953,1614.425,15.945,310.926,0.997,26.907,2886,4549,2.450,2.040,1.180,1,0,172.405,0,0,25,255,4,46,2
17-02 19:04:16,11.267,19.029,68.102,0.250,0,5467748,197296,188008,2089680,13476.268,1622.440,36.054,352.530,3.005,32.048,3357,5257,2.450,2.040,1.180,1,0,263.396,0,0,25,261,4,46,2
17-02 19:04:17,9.735,16.724,73.387,0,0,5472284,192692,188016,2089740,5928.887,1617.514,0,243.626,0,14.977,2909,4582,2.450,2.040,1.180,0,0,235.638,0,0,25,261,4,45,2
17-02 19:04:18,5.753,2.001,89.804,0,0,5488160,176816,188020,2089736,11516.887,1554.930,0,32.019,0,4.002,1521,2505,2.450,2.040,1.180,1,0,9.005,0,0,25,261,4,45,2
17-02 19:04:19,24.475,2.747,70.677,0.250,0,5539696,125156,188032,2089848,8368.381,1692.257,3.996,255.737,0.999,18.980,1933,3334,2.420,2.040,1.190,2,0,0,0,0,25,262,4,44,2
17-02 19:04:20,17.816,12.547,69.006,0,0,5470252,196168,188000,2088312,5561.617,1646.102,293.086,184.685,21.078,12.045,2861,5698,2.420,2.040,1.190,2,0,132.491,0,0,25,267,4,44,0
17-02 19:04:21,12.978,18.468,69.130,0,0,5479672,186404,188000,2088656,11567.001,1617.204,119.793,127.779,9.983,6.988,3073,4508,2.420,2.040,1.190,2,0,160.722,0,0,25,267,4,44,0
17-02 19:04:22,11.985,17.478,68.165,0,0,5484448,181092,188004,2089188,10546.806,1785.766,519.350,291.635,4.994,22.971,3301,5008,2.420,2.040,1.190,1,0,171.785,0,0,25,267,4,44,0
17-02 19:04:23,11.533,18.803,68.443,0.251,0,5483148,182084,188008,2089492,5629.910,1624.591,4.011,296.839,1.003,30.085,3349,5066,2.420,2.040,1.190,2,0,199.564,0,0,25,267,4,45,0
17-02 19:04:24,24.015,3.752,71.044,0.250,0,5530060,135204,187952,2089516,10618.520,1620.995,4.002,148.091,1.001,10.006,1775,2675,2.300,2.030,1.180,1,0,15.009,0,0,25,267,4,45,0
17-02 19:04:25,26.231,2.998,68.699,0.749,0,5573988,126396,187280,2057204,13946.666,1510.880,211.843,11343.594,12.990,485.640,2999,3438,2.300,2.030,1.180,1,0,3.997,0,0,25,271,4,44,0
17-02 19:04:26,25.764,3.752,69.037,0.500,0,5489112,211056,187288,2057412,12546.675,1694.902,32.017,512.273,5.003,47.025,2401,3414,2.300,2.030,1.180,1,0,25.013,0,0,25,269,4,45,0
17-02 19:04:27,25.733,2.498,71.454,0,0,5555492,144544,187288,2057540,9571.817,1618.954,19.987,107.930,3.997,6.995,1732,2432,2.300,2.030,1.180,1,0,0.999,0,0,25,269,4,45,0
17-02 19:04:28,25.731,3.248,69.698,0,0,5570692,129328,187288,2057556,61953.411,1564.823,15.988,383.711,0.999,31.976,3116,5376,2.300,2.030,1.180,1,0,3.997,0,0,25,275,4,45,0
17-02 19:04:29,24.259,4.002,70.527,0.250,0,5510400,189596,187408,2057460,13514.149,1620.617,120.046,232.088,5.002,20.008,1985,3001,2.280,2.030,1.190,1,0,16.006,0,0,25,269,4,45,0
17-02 19:04:30,23.988,4.498,70.464,0,0,5462696,237052,187408,2057708,11259.292,1619.179,0,7876.007,0,123.937,2085,2961,2.280,2.030,1.190,1,0,29.985,0,0,25,271,4,45,0
17-02 19:04:31,10.986,16.978,69.911,0.250,0,5471820,226680,187536,2058828,13636.668,1617.944,1486.111,423.462,22.971,17.977,3249,4993,2.280,2.030,1.190,3,0,228.709,0,0,25,271,4,45,0
17-02 19:04:32,13.248,17.748,68.241,0,0,5487460,210932,187536,2058992,7564.017,1619.789,63.992,391.949,7.999,34.995,3401,5402,2.280,2.030,1.190,1,0,292.962,0,0,25,273,4,45,0
17-02 19:04:33,29.596,4.765,64.961,0.502,0,5532680,164744,188096,2059264,9712.566,1516.930,995.235,100.326,62.202,5.016,2495,4520,2.280,2.030,1.190,2,0,38.124,0,0,25,273,4,45,0
17-02 19:04:34,21.172,2.491,74.726,0.498,0,5552628,139512,188540,2064240,13067.161,3836.953,278.979,856.863,58.785,28.894,2008,2975,2.180,2.010,1.190,2,0,22.916,0,0,25,275,4,45,1
17-02 19:04:35,27.603,6.273,65.745,0,0,5549248,139636,188652,2067372,7117.498,1754.532,1907.100,778.900,19.071,31.116,2160,3464,2.180,2.010,1.190,2,0,10.037,0,0,25,275,4,45,0
17-02 19:04:36,23.690,2.992,72.068,0.499,0,5520276,162936,189172,2072524,14573.217,4705.124,19.950,993.492,3.990,23.940,1950,3216,2.180,2.010,1.190,2,0,1.995,0,0,25,275,4,45,0
17-02 19:04:37,24.221,6.742,67.419,0.250,0.250,5512040,167508,189224,2076136,17505.853,2868.535,3280.038,91.889,36.955,2.996,9794,18919,2.180,2.010,1.190,1,0,11.986,0,0,25,276,4,45,0
17-02 19:04:38,23.769,5.004,69.306,0.250,0,5537352,141804,189256,2076492,11212.082,3293.668,212.172,768.623,11.009,19.015,9696,19288,2.180,2.010,1.190,1,0,13.011,0,0,25,276,4,45,0
17-02 19:04:39,24.983,3.997,70.703,0.500,0,5527032,161600,189372,2066900,10319.158,1768.827,0,807.465,0,28.981,1986,2920,2.080,1.990,1.190,2,0,7.995,0,0,25,275,4,45,0
17-02 19:04:40,13.999,14.999,69.243,0,0,5498696,190040,189372,2066792,19899.129,1619.848,0,0,0,0,3057,4910,2.080,1.990,1.190,1,0,263.975,0,0,25,275,4,45,0
17-02 19:04:41,24.758,3.251,70.022,0,0.250,5544880,143672,189372,2066976,12514.905,1620.506,0,1616.504,0,295.092,2175,2590,2.080,1.990,1.190,2,0,1.000,0,0,25,275,4,45,0
17-02 19:04:42,23.571,8.526,66.702,0,0,5500216,188244,189384,2067056,8441.603,1624.928,24.073,818.482,2.006,34.103,3523,6151,2.080,1.990,1.190,1,0,112.341,0,0,25,277,4,47,0
17-02 19:04:43,27.175,5.236,65.818,0,0,5543916,144492,189392,2067100,5163.738,1635.483,0,231.361,0,21.939,3310,6621,2.080,1.990,1.190,1,0,1.994,0,0,25,278,4,47,0
17-02 19:04:44,24.993,7.498,66.480,0,0,5509496,178828,189392,2067184,6446.098,1619.522,0,207.939,0,19.994,3116,5248,2.080,1.990,1.190,1,0,70.979,0,0,25,277,4,47,0
17-02 19:04:45,27.250,3.000,67.500,0.500,0,5545508,142540,189460,2067392,11986.024,1620.003,96.000,3116.006,6.000,215.000,3757,6194,2.080,1.990,1.190,1,0,0,0,0,25,279,4,47,0
17-02 19:04:46,24.250,5.250,69.999,0,0,5518760,169156,189468,2067516,12065.759,1511.970,0,131.997,0,7.000,2308,3763,2.080,1.990,1.190,1,0,55.999,0,0,25,277,4,47,0
17-02 19:04:47,26.497,3.500,70.241,0.250,0,5544488,143404,189480,2067528,9807.725,1619.789,0,187.976,0,9.999,2338,4483,2.080,1.990,1.190,1,0,0,0,0,25,277,4,50,0
17-02 19:04:48,23.497,5.499,70.240,0,0,5532384,155480,189484,2067552,6526.086,1619.773,0,127.982,0,6.999,1891,2909,2.080,1.990,1.190,3,0,31.996,0,0,25,277,4,43,0
17-02 19:04:49,25.013,4.002,69.537,0,0,5493308,194544,189500,2067548,12871.771,1662.875,0,312.164,0,31.016,3076,5443,1.990,1.980,1.190,4,0,22.012,0,0,25,277,4,43,0
17-02 19:04:50,24.001,3.500,71.503,0,0,5544808,143016,189500,2067576,10366.404,1694.066,4.000,324.013,1.000,18.001,1878,2897,1.990,1.980,1.190,4,0,25.001,0,0,25,278,4,42,0
17-02 19:04:51,23.746,5.249,69.737,0,0,5501092,186720,189500,2067588,15021.281,1565.717,0,223.959,0,11.998,3105,5222,1.990,1.980,1.190,2,0,32.994,0,0,25,277,4,44,0
17-02 19:04:52,26.004,2.000,70.761,0,0,5548872,138868,189500,2067660,10627.690,1620.258,0,260.041,0,23.004,2190,3843,1.990,1.980,1.190,1,0,0,0,0,25,277,4,40,0
17-02 19:04:53,22.274,8.259,67.322,0.250,0,5493976,193740,189508,2067676,8664.323,1555.674,0,544.586,0,44.047,3326,5881,1.990,1.980,1.190,2,0,135.145,0,0,25,277,4,41,0
17-02 19:04:54,11.232,22.215,66.395,0,0,5492380,195320,189520,2067680,7421.289,1617.448,0,387.389,0,27.956,3537,5775,1.990,1.980,1.190,1,0,395.376,0,0,25,277,4,35,0
17-02 19:04:55,11.251,21.751,65.503,0.250,0,5492896,194768,189532,2067704,10604.520,1620.079,32.002,1008.049,1.000,72.004,3804,6156,1.990,1.980,1.190,2,0,363.018,0,0,25,277,4,35,0
17-02 19:04:56,11.996,19.994,66.481,0,0,5490740,196852,189536,2067772,10799.836,1619.525,0,247.927,0,21.994,3451,5599,1.990,1.980,1.190,2,0,346.898,0,0,25,277,4,32,0
17-02 19:04:57,11.292,21.831,65.745,0,0,5491344,196084,189536,2067936,10436.877,1626.057,0,64.239,0,11.041,3414,5364,1.990,1.980,1.190,1,0,359.339,0,0,25,277,4,32,0
17-02 19:04:58,11.713,21.432,65.793,0,0,5486032,201368,189548,2067952,9400.361,1614.908,0,334.944,0,28.909,3650,6021,1.990,1.980,1.190,2,0,379.802,0,0,25,277,4,30,0
17-02 19:04:59,10.749,21.998,65.494,0,0,5492408,194968,189556,2067968,7698.253,1457.859,0,399.961,0,31.997,3519,5733,1.990,1.980,1.200,1,0,352.966,0,0,25,277,4,30,0
17-02 19:05:00,9.506,23.765,66.291,0,0,5490252,197096,189556,2067996,12756.909,1695.051,0,172.107,0,14.009,3495,5523,1.990,1.980,1.200,1,0,361.224,0,0,25,277,4,28,0
17-02 19:05:01,11.777,20.546,65.899,0.752,0,5489432,197900,189564,2068004,9837.242,1697.839,0,1772.007,0,125.283,3644,5734,1.990,1.980,1.200,1,0,358.811,0,0,25,277,4,28,0
17-02 19:05:02,10.494,21.488,66.464,0,0,5486968,200328,189568,2068036,12520.189,1619.119,0,407.778,0,31.983,3790,6007,1.990,1.980,1.200,3,0,381.792,0,0,25,277,4,26,0
17-02 19:05:03,11.975,18.960,67.857,0.499,0,5486704,199692,189584,2068920,9957.060,1690.445,906.094,387.186,31.933,35.924,3353,5293,1.990,1.980,1.200,1,0,286.398,0,0,25,277,4,26,0
17-02 19:05:04,18.791,9.020,65.894,5.512,0,5504728,177864,189592,2081948,13166.690,1623.538,12314.834,2240.883,1034.254,16.035,8613,15171,1.910,1.960,1.200,1,0,44.096,0,0,25,277,4,25,0
17-02 19:05:05,25.680,5.984,67.567,0,0,5520176,158848,189592,2085504,15727.347,1615.618,15.957,7.978,2.992,1.995,1839,2719,1.910,1.960,1.200,2,0,9.973,0,0,25,277,4,25,0
17-02 19:05:06,17.993,2.999,77.469,0.500,0,5535224,142816,189600,2086476,24153.218,8980.363,575.767,1895.232,31.987,23.990,1889,2839,1.910,1.960,1.200,0,0,1.999,0,0,25,276,4,18,2
17-02 19:05:07,15.303,1.254,81.781,1.254,0,5537012,140044,189632,2087420,27686.157,15144.050,750.580,1613.546,75.259,58.200,1988,3081,1.910,1.960,1.200,2,0,0,0,0,25,276,4,18,2
17-02 19:05:08,20.696,1.496,74.806,0.748,0,5547520,128200,189636,2088752,67160.122,9666.972,1109.128,841.821,53.861,32.915,2167,3188,1.910,1.960,1.200,0,0,0,0,0,25,276,4,14,2
17-02 19:05:09,18.992,2.249,76.720,1.000,0,5559196,131312,188756,2076340,22979.877,11986.241,967.616,4342.276,61.975,465.815,3546,3103,1.840,1.940,1.200,1,0,0,0,0,25,276,4,14,2
17-02 19:05:10,18.253,2.500,76.764,2.000,0,5555364,141288,188300,2070992,26380.696,11279.008,7685.368,6265.115,112.020,319.057,2456,3176,1.840,1.940,1.200,1,0,0,0,0,25,276,4,14,2
17-02 19:05:11,21.250,7.750,68.750,1.750,0,5556436,142212,188012,2072216,11611.930,1661.990,8007.952,23619.858,110.999,173.999,2748,3663,1.840,1.940,1.200,1,0,2.000,0,0,25,276,4,14,2
17-02 19:05:12,24.995,3.749,69.237,0.500,0.250,5571808,141036,187576,2059796,10301.125,1457.735,0,6570.804,0,97.982,2148,3252,1.840,1.940,1.200,2,0,0,0,0,25,276,4,12,2
17-02 19:05:13,23.079,4.265,70.241,1.505,0,5563492,128996,188460,2078376,9713.287,1625.571,0,3708.710,0,176.605,2501,4255,1.840,1.940,1.200,1,0,1.003,0,0,25,276,4,12,2
17-02 19:05:14,23.665,5.480,68.254,0.747,0,5583804,138972,188476,2049872,7584.672,1787.559,0,21893.119,0,287.962,2647,3787,1.770,1.930,1.190,1,0,0.996,0,0,25,275,4,12,2
17-02 19:05:15,26.010,4.252,68.027,0.250,0,5536844,185424,188484,2050292,5181.067,1736.693,488.195,544.217,8.003,14.006,2198,2777,1.770,1.930,1.190,4,0,8.003,0,0,25,277,4,12,2
17-02 19:05:16,19.311,4.514,75.239,0.251,0,5542972,173792,188540,2055740,18354.238,3893.354,0,1328.214,0,18.057,1845,2805,1.770,1.930,1.190,1,0,5.016,0,0,25,277,4,12,2
17-02 19:05:17,20.435,3.240,75.011,0.249,0,5558108,157540,188544,2056840,12230.011,4520.588,0,314.996,0,9.968,1614,2449,1.770,1.930,1.190,1,0,3.987,0,0,25,278,4,12,2
17-02 19:05:18,24.503,6.251,68.259,0,0,5539264,171404,188932,2061352,10516.409,1794.240,0,840.113,0,13.002,9907,19324,1.770,1.930,1.190,1,0,14.002,0,0,25,277,4,12,2
17-02 19:05:19,24.076,5.267,68.968,0,0,5558340,152148,189012,2061376,6320.003,1462.629,0,84.267,0,1.003,9218,18401,1.710,1.910,1.190,1,0,16.051,0,0,25,277,4,12,2
17-02 19:05:20,22.999,3.750,70.747,0.250,0,5503800,217468,189028,2050516,9824.587,1619.932,4.000,5019.789,1.000,28.999,1900,2926,1.710,1.910,1.190,1,0,13.999,0,0,25,277,4,12,2
17-02 19:05:21,25.165,5.232,68.769,0,0,5519412,200992,189028,2051428,8622.004,1614.570,0,0,0,0,10549,21151,1.710,1.910,1.190,1,0,48.836,0,0,25,277,4,12,2
17-02 19:05:22,20.496,3.999,74.234,0,0,5566180,154164,189060,2051456,14581.938,3734.216,0,839.824,0,31.993,1891,2992,1.710,1.910,1.190,1,0,6.999,0,0,25,278,4,12,2
17-02 19:05:23,25.553,3.507,70.396,0,0,5543360,171392,189072,2057028,5710.856,1863.869,0,941.955,0,20.042,1860,2950,1.710,1.910,1.190,1,0,3.006,0,0,25,277,4,13,2
17-02 19:05:24,20.463,2.246,75.865,0.250,0,5524344,185392,189108,2062008,16141.172,4774.473,0,1193.868,0,23.957,1828,2780,1.650,1.900,1.190,1,0,3.993,0,0,25,277,4,12,2
17-02 19:05:25,25.600,5.522,68.267,0,0,5535648,173464,189128,2062468,7305.601,1626.367,0,313.226,0,4.016,10061,19761,1.650,1.900,1.190,2,0,15.059,0,0,25,279,4,12,2
17-02 19:05:26,25.143,5.975,67.464,0,0,5538824,170088,189168,2062596,11573.973,1451.850,0,175.258,0,3.983,9575,19072,1.650,1.900,1.190,1,0,18.920,0,0,25,279,4,12,2
17-02 19:05:27,23.256,5.001,71.269,0,0,5529912,190140,189196,2051524,12453.288,1620.428,0,476.126,0,11.003,1742,2708,1.650,1.900,1.190,1,0,8.002,0,0,25,279,4,12,2
17-02 19:05:28,22.801,5.512,69.405,0.251,0,5501284,218780,189216,2051492,11183.974,1623.626,0,889.987,0,28.063,2473,3917,1.650,1.900,1.190,2,0,81.181,0,0,25,279,4,12,2
17-02 19:05:29,22.774,7.508,67.322,0,0,5520120,185736,189248,2065520,8524.112,1621.734,0,1865.995,0,28.030,12313,24667,1.600,1.880,1.190,1,0,21.022,0,0,25,279,4,12,2
17-02 19:05:30,18.684,2.491,76.978,0.249,0,5520408,183884,189284,2066920,14728.963,6809.940,3.986,864.944,0.996,14.947,1737,2763,1.600,1.880,1.190,0,0,2.989,0,0,25,280,4,12,2
17-02 19:05:31,19.495,1.750,77.481,0.500,0,5530984,173080,189372,2067024,28791.888,12723.857,0,1495.631,0,55.986,2051,3220,1.600,1.880,1.190,1,0,1.000,0,0,25,280,4,12,2
17-02 19:05:32,12.258,2.251,82.051,1.501,0,5531312,172100,189596,2067356,174443.201,20125.599,0,2397.501,0,122.076,2562,3989,1.600,1.880,1.190,1,0,0,0,0,25,281,4,12,2
17-02 19:05:33,25.744,3.749,69.733,0.250,0,5554112,149028,189660,2067360,16873.967,8929.866,0,683.837,0,23.994,2403,5355,1.600,1.880,1.190,1,0,33.992,0,0,25,281,4,13,2
17-02 19:05:34,19.077,1.506,77.562,0.502,0,5566592,136080,189740,2067916,289571.525,16012.450,0,1365.496,0,41.166,2131,2971,1.470,1.850,1.180,1,0,0,0,0,25,281,4,13,2
17-02 19:05:35,15.487,4.996,76.184,0.999,0,5588140,147740,189804,2035584,128080.211,22265.740,2465.867,2813.566,28.975,141.877,2646,3757,1.470,1.850,1.180,0,0,3.997,0,0,25,281,4,12,2
17-02 19:05:36,22.180,3.489,74.765,0.498,0,5605332,129352,189916,2036720,59343.247,12502.654,334.946,1228.135,7.975,47.849,3795,3518,1.470,1.850,1.180,1,0,0,0,0,25,281,4,12,2
17-02 19:05:37,14.249,6.750,75.995,1.250,0,5596600,140468,189656,2035144,7505110.652,63930.653,10111.312,16750.861,63.996,362.975,5462,4903,1.470,1.850,1.180,2,0,4.000,0,0,25,281,4,12,2
17-02 19:05:38,22.325,5.519,69.483,1.254,0,5607752,130904,192708,2028364,6763.679,1625.450,0,7196.129,0,185.622,3565,3577,1.470,1.850,1.180,1,0,1.003,0,0,25,281,4,12,2
17-02 19:05:39,24.252,4.000,71.007,0.500,0,5599684,143620,192968,2022664,10192.050,1512.156,0,6244.643,0,107.011,1998,3088,1.510,1.850,1.190,1,0,0,0,0,25,281,4,12,2
17-02 19:05:40,23.677,5.981,67.790,1.246,0,5611932,126540,193680,2026580,8023.168,1615.002,0,90244.693,0,674.911,3615,4310,1.510,1.850,1.190,1,0,0,0,0,25,281,4,12,2
17-02 19:05:41,23.011,5.753,69.532,0.750,0,5607672,124604,193944,2032236,7146.309,1566.725,0,2409.115,0,90.042,2106,3390,1.510,1.850,1.190,1,0,1.000,0,0,25,281,3,12,2
17-02 19:05:42,24.482,4.996,69.448,0.999,0,5611364,126680,194868,2025008,13450.912,1618.786,0,15156.633,0,143.892,2266,3421,1.510,1.850,1.190,1,0,0,0,0,25,281,3,12,2
17-02 19:05:43,22.003,7.501,68.511,0.750,0,5609740,122348,194324,2031160,9222.439,1620.253,0,52052.120,0,303.047,2979,4358,1.510,1.850,1.190,1,0,1.000,0,0,25,281,3,10,2
17-02 19:05:44,25.338,2.509,72.250,0.251,0,5517228,248072,194332,1997900,29093.664,7972.585,44.153,1091.778,3.010,29.101,2097,3064,1.470,1.840,1.190,1,0,3.010,0,0,25,279,3,10,2
17-02 19:05:45,25.169,5.482,68.779,0,0,5562084,202208,194332,1998904,12471.853,3695.105,19.936,263.153,1.994,2.990,3096,5898,1.470,1.840,1.190,2,0,7.974,0,0,25,280,3,10,2
17-02 19:05:46,29.616,5.020,65.506,0,0,5552900,206276,194500,2003492,5001.536,1692.611,0,971.796,0,7.027,2072,3323,1.470,1.840,1.190,1,0,4.016,0,0,25,279,3,13,2
17-02 19:05:47,20.231,4.995,73.182,0.250,0,5552004,200828,195004,2008612,19906.606,4704.653,0,1546.571,0,34.968,2448,3714,1.470,1.840,1.190,2,0,7.993,0,0,25,279,3,13,2
17-02 19:05:48,23.919,7.973,67.520,0.498,0,5530484,221632,195028,2009048,6726.091,1698.216,0,64807.266,0,507.272,8788,16097,1.470,1.840,1.190,1,0,7.973,0,0,25,279,3,13,2
17-02 19:05:49,23.506,6.252,67.768,0,0,5547832,204248,195076,2009036,11586.082,1682.448,0,2772.738,0,19.005,9933,19424,1.430,1.820,1.180,2,0,13.003,0,0,25,279,3,10,2
17-02 19:05:50,22.500,6.750,70.501,0,0,5535900,216672,195140,2008448,9312.130,1694.024,0,680.010,0,28.000,1936,2765,1.430,1.820,1.180,2,0,7.000,0,0,25,279,3,10,2
17-02 19:05:51,23.571,5.266,70.965,1.505,0,5539016,222188,195140,2000776,12640.287,1624.922,1255.804,670.030,168.510,10.030,2165,3085,1.430,1.820,1.180,1,0,7.021,0,0,25,279,3,9,2
17-02 19:05:52,24.692,3.991,68.339,0.998,0,5544320,214152,195152,2003496,11296.352,1731.914,1556.329,2789.420,177.581,73.826,3858,7409,1.430,1.820,1.180,1,0,0,0,0,25,280,3,9,2
17-02 19:05:53,26.983,4.247,67.457,0.500,0,5546952,211156,195152,2003860,5807.312,1511.040,23.985,463.706,3.997,48.969,4076,8305,1.430,1.820,1.180,2,0,0,0,0,25,282,3,13,2
17-02 19:05:54,26.596,3.262,66.992,1.756,0,5548460,208384,195260,2005016,5856.164,1625.876,1051.801,5363.383,56.203,442.600,5284,10379,1.400,1.810,1.180,1,0,0,0,0,25,286,3,13,2
17-02 19:05:55,27.871,2.737,68.183,0.747,0,5555580,200348,195296,2005868,10851.594,1612.510,410.095,768.431,43.797,79.630,3240,5753,1.400,1.810,1.180,2,0,1.991,0,0,25,287,3,12,2
17-02 19:05:56,20.807,10.529,63.676,1.253,0,5505620,249136,195308,2007028,9542.308,1698.683,894.466,2502.900,54.149,235.650,4917,9328,1.400,1.810,1.180,1,0,128.354,0,0,25,289,3,13,2
17-02 19:05:57,10.263,19.524,68.334,0,0,5507184,247516,195308,2007084,12367.261,1567.935,4.005,360.445,1.001,23.028,3241,4992,1.400,1.810,1.180,1,0,279.345,0,0,25,289,3,12,2
17-02 19:05:58,14.240,7.245,69.202,7.745,0,5486080,231504,195344,2044168,11633.903,1618.873,37098.180,1067.257,1989.615,28.980,6236,7431,1.400,1.810,1.180,1,0,44.969,0,0,25,289,3,14,2
17-02 19:05:59,8.726,2.742,82.768,3.740,0,5488592,217420,195360,2055724,12032.298,2631.629,11675.297,4168.325,1621.458,437.774,5845,6386,1.370,1.800,1.180,0,0,6.980,0,0,25,290,3,14,2
17-02 19:06:00,3.500,0.500,93.761,0,0.250,5489408,216440,195360,2055888,50572.917,5065.593,0,0,0,0,1462,2319,1.370,1.800,1.180,0,0,0,0,0,25,290,3,14,2
17-02 19:06:01,4.997,3.498,88.952,0.999,0,5469816,231848,195876,2059560,14436.176,119205.391,4077.790,2242.784,66.964,97.947,2109,3598,1.370,1.800,1.180,1,0,12.993,0,0,25,289,3,14,2
17-02 19:06:02,3.000,1.000,94.265,0.250,0,5469916,231848,195884,2059452,12410.986,1620.259,0,268.043,0,24.004,1578,2730,1.370,1.800,1.180,0,0,0,0,0,25,289,3,14,2
17-02 19:06:03,4.250,1.250,92.492,0.250,0,5469892,231848,195904,2059456,8435.241,1619.854,0,199.982,0,23.998,1673,2906,1.370,1.800,1.180,0,0,0,0,0,25,289,3,14,2
17-02 19:06:04,2.250,0.750,94.764,0,0,5469888,231848,195904,2059460,4714.674,1640.235,0,68.010,0,10.001,1373,2396,1.260,1.770,1.170,0,0,0,0,0,25,289,3,14,2
17-02 19:06:05,6.001,2.750,89.760,0.250,0,5473972,227764,195904,2059460,10281.151,1694.190,0,324.036,0,22.002,1631,2508,1.260,1.770,1.170,0,0,6.001,0,0,25,289,3,14,2
17-02 19:06:06,3.250,1.750,92.750,0.250,0,5473904,227816,195932,2059448,8608.983,1511.997,0,667.999,0,65.000,1886,3422,1.260,1.770,1.170,0,0,2.000,0,0,25,289,3,14,2
17-02 19:06:07,3.500,1.000,94.760,0,0,5473876,227816,195932,2059476,12098.222,1620.164,0,52.005,0,8.001,1435,2406,1.260,1.770,1.170,0,0,0,0,0,25,289,3,14,1
17-02 19:06:08,2.750,0.500,94.509,0,0.250,5473876,227816,195936,2059472,9736.954,1620.159,0,84.008,0,12.001,1504,2613,1.260,1.770,1.170,1,0,0,0,0,25,289,3,14,1
17-02 19:06:09,3.000,0.750,94.742,0,0,5473740,227816,195936,2059608,5280.530,1619.856,0,79.993,0,8.999,1362,2340,1.160,1.740,1.170,0,0,0,0,0,25,289,3,14,1
17-02 19:06:10,3.002,1.001,94.825,0,0,5473736,227816,195936,2059612,8891.024,1621.281,0,0,0,0,1393,2347,1.160,1.740,1.170,0,0,0,0,0,25,289,3,14,1
17-02 19:06:11,2.498,1.249,93.658,0,0,5473736,227816,195936,2059612,8981.225,1564.472,0,0,0,0,1542,2738,1.160,1.740,1.170,0,0,0.999,0,0,25,289,3,14,1
17-02 19:06:12,3.252,1.251,94.551,0.250,0,5473732,227816,195940,2059612,7428.982,1620.869,0,96.051,0,12.006,1509,2731,1.160,1.740,1.170,0,0,0,0,0,25,289,3,14,1
17-02 19:06:13,2.999,1.000,93.954,0,0,5473948,227592,195948,2059612,11021.654,1511.267,0,187.909,0,20.990,1571,2676,1.160,1.740,1.170,0,0,1.000,0,0,25,289,3,14,1
17-02 19:06:14,3.250,4.750,90.000,0.750,0,5474236,227488,195968,2059604,9978.040,1620.006,0,48220.193,0,363.001,2767,3132,1.060,1.710,1.160,0,0,1.000,0,0,25,289,3,14,1
17-02 19:06:15,1.750,0.750,94.774,0,0,5474424,227284,195968,2059620,11551.876,1620.403,0,0,0,0,1386,2382,1.060,1.710,1.160,0,0,0,0,0,25,289,3,14,1
17-02 19:06:16,3.500,1.000,93.246,0.250,0,5474412,227284,195976,2059624,10458.603,1619.938,0,555.979,0,43.998,1807,3339,1.060,1.710,1.160,0,0,0,0,0,25,289,3,14,1
17-02 19:06:17,2.750,1.000,95.006,0,0,5474404,227284,195976,2059632,8960.565,1620.102,0,32.002,0,4.000,1309,2290,1.060,1.710,1.160,0,0,0,0,0,25,289,3,14,1
17-02 19:06:18,1.250,1.000,94.994,0,0,5474404,227284,195976,2059632,10319.319,1619.893,0,0,0,0,1316,2277,1.060,1.710,1.160,0,0,0,0,0,25,289,3,14,1
17-02 19:06:19,3.000,0.250,95.004,0,0,5474404,227284,195976,2059632,10300.412,1458.058,0,96.004,0,5.000,1388,2383,1.060,1.690,1.160,0,0,0,0,0,25,289,3,14,1
17-02 19:06:20,2.750,0.500,95.257,0,0,5474404,227284,195976,2059632,10023.782,1694.132,0,0,0,0,1392,2347,1.060,1.690,1.160,0,0,0,0,0,25,289,3,14,1
17-02 19:06:21,2.499,1.500,93.221,0,0,5474304,227036,195980,2059976,9199.167,1619.501,243.925,71.978,4.998,2.999,1710,2995,1.060,1.690,1.160,0,0,1.000,0,0,25,289,3,14,1
17-02 19:06:22,2.751,1.000,94.020,0.250,0,5474264,227036,195988,2060008,43452.168,1620.342,4.001,320.068,1.000,30.006,1926,2673,1.060,1.690,1.160,0,0,0,0,0,25,289,3,14,1
17-02 19:06:23,3.252,0.751,94.067,0,0,5474260,227036,195988,2060012,7852.575,1621.151,0,72.051,0,11.008,1485,2595,1.060,1.690,1.160,0,0,0,0,0,25,289,3,15,1
17-02 19:06:24,2.499,1.499,93.945,0.250,0,5474904,226364,195988,2060016,6077.445,1619.053,0,7507.608,0,215.874,1727,2448,0.970,1.670,1.150,0,0,0,0,0,25,289,3,14,1
17-02 19:06:25,2.250,0.750,94.497,0,0.250,5474964,226364,195988,2060020,6290.774,1619.942,0,12.000,0,2.000,1453,2508,0.970,1.670,1.150,1,0,0,0,0,25,289,3,14,1
17-02 19:06:26,4.000,1.750,93.251,0.250,0,5474668,226644,195988,2060036,12465.100,1458.012,16.000,724.006,1.000,42.000,1815,3254,0.970,1.670,1.150,0,0,0,0,0,25,289,3,15,1
17-02 19:06:27,3.750,1.000,95.249,0,0,5474652,226644,195988,2060052,13952.847,1619.982,0,32.000,0,4.000,1415,2254,0.970,1.670,1.150,3,0,0,0,0,25,289,3,15,1
17-02 19:06:28,3.249,0.750,92.964,0.250,0,5474652,226644,195992,2060048,11681.468,1661.355,0,255.901,0,24.990,1621,2822,0.970,1.670,1.150,0,0,1.000,0,0,25,289,3,14,1
17-02 19:06:29,4.000,1.750,91.753,0,0,5475636,225636,195992,2060072,9692.330,1620.055,16.001,180.006,1.000,21.001,1690,2961,0.890,1.640,1.150,0,0,2.000,0,0,25,291,3,14,1
17-02 19:06:30,1.751,0.500,95.029,0,0,5475636,225636,195992,2060072,17564.287,1694.510,0,12.004,0,1.000,1392,2393,0.890,1.640,1.150,1,0,0,0,0,25,291,3,14,1
17-02 19:06:31,3.749,1.000,93.730,0.250,0,5475636,225636,195992,2060072,10164.835,1207.743,0,195.958,0,11.997,1574,2858,0.890,1.640,1.150,0,0,1.000,0,0,25,291,3,14,1
17-02 19:06:32,5.771,1.756,90.830,0.251,0,5488264,212788,196012,2060272,110658.691,1535.574,566.055,345.253,12.044,32.117,1584,2938,0.890,1.640,1.150,1,0,3.011,0,0,25,291,3,14,1
17-02 19:06:33,15.197,7.972,76.482,0,0,5474760,225712,196024,2060828,233043.813,9144.014,175.386,107.624,7.972,3.986,2752,5313,0.890,1.640,1.150,2,0,66.766,0,0,25,291,3,15,1
17-02 19:06:34,15.751,9.751,73.504,0.250,0,5486528,207880,196040,2066888,243701.672,3860.201,540.028,80.004,76.004,3.000,2195,3107,0.980,1.640,1.150,3,0,46.002,0,0,25,291,3,14,1
