"pcp-dstat 5.3.6 CSV Output"
"Author:","PCP team <pcp@groups.io> and Dag Wieers <dag@wieers.com>",,,,"URL:","https://pcp.io/ and http://dag.wieers.com/home-made/dstat/"
"Host:","ubuntu",,,,"User:","ubuntu"
"Cmdline:","dstat -tcmndrylpg --tcp --output /tmp/devstack_logs/dstat-csv.log",,,,"Date:","10 Jul 2025 12:45:32 UTC"
"system","total usage",,,,,"memory usage",,,,"net/total",,"dsk/total",,"io/total",,"system",,"load avg",,,"procs",,,"paging",,"tcp sockets",,,,
"time","total usage:usr","total usage:sys","total usage:idl","total usage:wai","total usage:stl","used","free","buf","cach","net/total:recv","net/total:send","dsk/total:read","dsk/total:writ","read","writ","int","csw","1m","5m","15m","run","blk","new","in","out","lis","act","syn","tim","clo"
10-07 12:45:32,,974640,889248,177344,5729772,,,,,,,1.140,0.930,0.560,3,0,,,,9,5,6,11,0
10-07 12:45:33,15.992,20.239,63.717,0.500,0,986096,877476,177376,5730096,39087.479,13497.914,0,1415.257,0,53.972,2945,4324,1.140,0.930,0.560,2,0,308.838,0,0,9,6,6,11,0
10-07 12:45:34,25.000,22.250,52.250,0,0,1005548,857728,177432,5730236,32652.771,12795.910,0,1579.989,0,50.000,2855,4541,1.130,0.930,0.560,3,0,375.997,0,0,9,6,6,11,0
10-07 12:45:35,26.988,19.991,52.228,1.000,0,1017232,845748,177528,5730576,62641.190,16982.731,0,12526.639,0,308.868,3751,7435,1.130,0.930,0.560,1,0,269.884,0,0,9,5,7,11,1
10-07 12:45:36,27.318,15.539,56.141,0.251,0,1154636,692008,177556,5871064,437162.655,15581.015,0,2213.543,0,61.153,3774,9824,1.130,0.930,0.560,2,0,110.276,0,0,10,4,7,11,2
10-07 12:45:37,29.248,8.749,60.746,0.750,0,1162404,660824,178392,5890556,6215.633,1693.900,0,2271.866,0,86.995,1838,2607,1.130,0.930,0.560,3,0,97.994,0,0,10,6,7,11,2
10-07 12:45:38,33.501,17.250,48.251,1.000,0,1189828,605860,179304,5914436,6451.174,1532.041,80.002,3584.097,1.000,149.004,2785,4003,1.130,0.930,0.560,3,0,195.005,0,0,10,6,7,12,2
10-07 12:45:39,43.236,5.498,48.984,1.250,0,1256880,505096,180720,5942940,5502.217,1693.451,0,5730.143,0,145.953,1768,2912,1.200,0.950,0.570,3,1,0,0,0,10,6,7,12,2
10-07 12:45:40,35.255,6.751,54.007,3.500,0.250,1176844,590044,181292,5936516,11407.494,4358.571,0,19398.541,0,1805.236,9552,15588,1.200,0.950,0.570,2,1,31.004,0,0,10,6,7,12,0
10-07 12:45:41,39.649,9.227,41.644,7.980,0,1157916,603892,181820,5941088,14790.403,2776.941,0,41195.282,0,3177.922,13723,25577,1.200,0.950,0.570,1,0,85.782,0,0,10,5,7,13,0
10-07 12:45:42,39.771,8.004,51.777,0.250,0,1182304,571832,182156,5947320,10968.693,2782.444,0,1792.931,0,42.022,1689,2080,1.200,0.950,0.570,2,0,78.041,0,0,10,4,7,12,0
10-07 12:45:43,40.491,5.249,53.238,0.250,0,1157488,587692,182732,5954284,13390.987,4615.961,0,9469.869,0,537.879,2472,2903,1.200,0.950,0.570,2,0,13.997,0,0,10,5,7,12,0
10-07 12:45:44,44.354,8.520,46.108,0,0,1195188,550076,182804,5953880,6096.247,1635.823,0,2044.779,0,19.045,8885,17484,1.270,0.960,0.580,2,0,13.030,0,0,10,4,7,12,0
10-07 12:45:45,40.255,13.002,45.256,0.250,0,1137500,607552,182900,5953992,4636.612,1620.214,0,7124.940,0,322.043,11006,21102,1.270,0.960,0.580,2,0,148.020,0,0,10,4,7,12,0
10-07 12:45:46,29.467,24.223,45.699,0.250,0,1081280,677892,182932,5941408,8130.918,1660.146,0,2832.836,0,106.881,3235,5342,1.270,0.960,0.580,2,0,433.516,0,0,10,4,7,12,0
10-07 12:45:47,31.032,18.769,49.551,0,0,1079896,679244,182932,5941444,5428.570,1621.664,0,20.021,0,5.005,3146,8751,1.270,0.960,0.580,1,0,290.298,0,0,10,4,7,12,0
10-07 12:45:48,44.402,9.230,45.400,0,0,1205696,553200,182932,5942100,5507.811,1616.423,0,0,0,0,1710,2293,1.270,0.960,0.580,2,0,124.724,0,0,10,5,7,12,0
10-07 12:45:49,49.339,3.005,47.335,0,0,1256496,500040,182932,5944460,9645.313,1622.913,0,945.698,0,89.160,1444,3990,1.410,1,0.590,2,0,0,0,0,10,5,7,12,0
10-07 12:45:50,6.986,7.735,84.583,0,0,1262892,492996,182932,5945068,7955.288,1602.834,0,3.992,0,0.998,1546,2942,1.410,1,0.590,0,0,118.765,0,0,10,4,7,13,0
10-07 12:45:51,3.253,4.755,91.087,0,0,1275936,479960,182952,5945052,8601.171,1621.540,0,46328.012,0,151.144,1494,2121,1.410,1,0.590,2,0,21.020,0,0,10,4,7,13,0
10-07 12:45:52,22.983,2.498,73.446,0.250,0,1353512,402376,182952,5945068,9440.052,1692.754,0,111.918,0,3.997,954,1174,1.410,1,0.590,2,0,0,0,0,10,4,7,13,0
10-07 12:45:53,23.248,3.000,72.492,1.250,0,1372436,383224,183016,5945232,6068.363,1619.830,0,5135.461,0,274.971,2727,5168,1.410,1,0.590,3,0,1.000,0,0,10,10,7,13,0
10-07 12:45:54,21.501,5.000,72.755,0,0,1326724,428680,183024,5945480,12550.866,1620.112,16.001,0,4.000,0,1229,1606,1.370,1,0.590,2,0,42.003,0,0,10,4,7,15,0
10-07 12:45:55,23.235,2.498,72.952,0.250,0,1283944,471044,183024,5945768,11387.541,1618.940,231.848,1846.790,57.962,21.986,1968,2993,1.370,1,0.590,3,0,3.997,0,0,10,28,7,15,0
10-07 12:45:56,21.256,5.502,71.770,0.500,0,1354012,400848,183036,5945776,17330.922,1458.414,0,10771.059,0,162.046,1770,1967,1.370,1,0.590,1,0,44.012,0,0,10,29,7,15,0
10-07 12:45:57,25.553,11.774,62.630,0,0,1339696,415124,183036,5945812,15735.588,1697.516,0,12.025,0,3.006,2104,2810,1.370,1,0.590,2,0,156.324,0,0,10,28,7,16,0
10-07 12:45:58,44.489,5.999,48.489,0,0,1424860,329748,183036,5946020,59814.824,1619.616,0,115.973,0,6.998,3061,5530,1.370,1,0.590,2,0,0,0,0,10,30,7,17,0
10-07 12:45:59,59.844,19.280,19.781,0,0,1462404,292164,183040,5946032,6498.248,1622.559,0,132.208,0,22.035,3554,6602,1.660,1.070,0.620,5,0,456.720,0,0,10,28,7,17,0
10-07 12:46:00,81.963,15.493,2.999,0,0,1632572,121604,183044,5946388,41522.481,1619.278,0,411.816,0,21.990,5308,9599,1.660,1.070,0.620,5,0,122.945,0,0,10,32,7,17,0
10-07 12:46:01,69.192,12.989,17.235,0.250,0,1438104,355444,183064,5907868,15856.633,1660.600,155.869,36649.105,9.992,146.876,3851,7540,1.660,1.070,0.620,2,0,199.832,0,0,10,28,7,17,0
10-07 12:46:02,27.189,8.730,62.110,0.249,0,1351520,441996,183072,5907896,13542.556,1454.730,43.901,546.771,5.987,41.906,2540,4516,1.660,1.070,0.620,1,0,109.753,0,0,10,28,7,17,0
10-07 12:46:03,22.254,4.001,73.012,0,0,1317436,476036,183072,5907940,11252.789,1620.258,0,348.055,0,27.004,1694,3296,1.660,1.070,0.620,1,0,6.001,0,0,10,28,7,18,0
10-07 12:46:04,19.502,7.251,72.757,0,0,1368212,425240,183072,5907960,6042.550,1662.151,0,216.020,0,14.001,1222,1726,1.610,1.060,0.620,2,0,62.006,0,0,10,28,7,18,0
10-07 12:46:05,20.764,8.005,71.048,0.250,0,1313296,480120,183104,5907964,8966.025,1621.089,12.008,792.533,2.001,52.035,2511,4464,1.610,1.060,0.620,3,0,91.061,0,0,10,28,7,18,0
10-07 12:46:06,8.500,21.751,68.252,0.250,0,1312152,481272,183108,5908124,18659.672,1694.061,4.000,10712.386,1.000,450.016,2967,3195,1.610,1.060,0.620,1,0,319.011,0,0,10,28,7,18,0
10-07 12:46:07,36.058,27.043,37.310,0,0,1410020,383428,183116,5908124,12462.891,1588.535,12.019,1598.551,2.003,103.165,3186,5279,1.610,1.060,0.620,6,0,610.975,0,0,10,28,7,18,0
10-07 12:46:08,85.822,10.509,3.503,0,0,1625348,168028,183116,5908196,15063.699,1715.446,0,116.098,0,7.006,2912,5169,1.610,1.060,0.620,5,0,18.015,0,0,10,31,7,18,0
10-07 12:46:09,80.416,11.987,6.743,0,0,1435352,357564,183132,5908640,7405.262,1618.309,59.937,607.365,3.996,70.926,6473,15056,1.960,1.150,0.650,6,0,119.875,0,0,10,28,7,18,0
10-07 12:46:10,83.267,14.753,2.000,0,0,1588860,203964,183132,5908732,5831.201,1694.349,0,236.049,0,14.003,3326,6064,1.960,1.150,0.650,5,0,191.039,0,0,10,31,7,18,0
10-07 12:46:11,79.742,13.999,5.249,0,0,1493072,299440,183132,5909044,8839.134,1619.841,0,76532.500,0,167.984,7482,15370,1.960,1.150,0.650,4,0,117.988,0,0,10,28,7,17,0
10-07 12:46:12,44.726,10.994,43.976,0.250,0,1346388,445876,183152,5909292,113422.206,1619.132,0,3785.971,0,139.925,4930,9356,1.960,1.150,0.650,3,0,165.911,0,0,10,28,7,21,0
10-07 12:46:13,43.671,6.239,48.662,0.250,0,1452124,340128,183156,5909300,6256.738,1617.089,0,183.669,0,9.982,1720,2471,1.960,1.150,0.650,2,0,13.975,0,0,10,29,7,22,0
10-07 12:46:14,40.072,18.533,41.074,0,0,1355836,436356,183168,5909348,6452.550,1628.916,0,320.574,0,27.048,4756,8907,2.040,1.180,0.660,4,0,378.678,0,0,10,28,7,23,0
10-07 12:46:15,66.289,7.254,26.015,0,0,1507400,284748,183172,5909388,7887.685,1695.007,0,184.109,0,6.004,1961,4438,2.040,1.180,0.660,5,0,0,0,0,10,30,7,24,0
10-07 12:46:16,70.495,11.999,16.499,0,0,1472144,319652,183192,5909720,8993.424,1693.892,0,695.955,0,48.997,3124,8383,2.040,1.180,0.660,5,0,257.983,0,0,10,28,7,24,0
10-07 12:46:17,76.153,8.240,14.731,0,0,1594300,197368,183204,5909836,6119.229,1617.945,0,279.645,0,16.978,4612,10487,2.040,1.180,0.660,6,0,0,0,0,10,30,7,25,0
10-07 12:46:18,66.837,16.021,16.521,0,0,1456308,335320,183228,5909852,4970.467,1696.207,0,412.537,0,32.042,2915,6294,2.040,1.180,0.660,4,0,324.422,0,0,10,28,7,26,0
10-07 12:46:19,60.747,10.250,28.749,0.250,0,1401996,389328,183244,5910140,4981.771,1619.925,0,471.978,0,51.998,5159,11277,2.120,1.210,0.670,6,0,161.993,0,0,10,28,7,29,0
10-07 12:46:20,64.843,11.472,23.194,0,0,1497340,293808,183244,5910316,5908.695,1616.087,0,235.430,0,11.971,1745,2606,2.120,1.210,0.670,4,0,137.667,0,0,10,31,7,29,0
10-07 12:46:21,63.877,15.531,21.042,0,0,1392724,398368,183248,5910368,7927.792,1460.910,0,464.926,0,26.052,3939,10688,2.120,1.210,0.670,4,0,287.573,0,0,10,28,7,31,0
10-07 12:46:22,64.558,7.257,28.275,0.250,0,1505276,285276,183248,5910908,6060.436,1769.587,0,292.262,0,19.017,3224,6803,2.120,1.210,0.670,4,0,0,0,0,10,30,7,33,0
10-07 12:46:23,63.065,11.965,24.428,0,0,1446100,344112,183256,5911240,5535.775,1615.266,0,757.779,0,27.918,2489,4240,2.120,1.210,0.670,4,0,111.673,0,0,10,28,7,31,0
10-07 12:46:24,60.887,12.027,25.307,0,0,1383420,406740,183264,5911284,7124.022,1623.652,0,509.145,0,47.106,4766,9904,2.350,1.270,0.700,5,0,188.424,0,0,10,28,7,32,0
10-07 12:46:25,82.769,16.754,0.750,0,0,1556748,233356,183272,5911332,6989.601,1620.371,0,304.070,0,24.005,2456,3988,2.350,1.270,0.700,7,0,288.066,0,0,10,28,7,31,0
10-07 12:46:26,82.751,14.000,3.750,0,0,1431748,357996,183296,5911668,7197.079,1458.016,0,672.007,0,56.001,4545,9170,2.350,1.270,0.700,8,0,257.003,0,0,10,28,7,31,0
10-07 12:46:27,81.746,14.749,2.500,0,0,1559052,230612,183304,5911740,6373.669,1619.916,0,4043.790,0,140.993,3473,5377,2.350,1.270,0.700,7,0,235.988,0,0,10,28,7,31,0
10-07 12:46:28,77.503,17.251,6.000,0,0,1523032,266380,183320,5911976,4750.209,1620.071,0,368.016,0,22.001,5458,12651,2.350,1.270,0.700,9,0,318.014,0,0,10,29,7,31,0
10-07 12:46:29,55.739,23.745,19.246,0,0,1384228,404988,183320,5912172,6827.600,1457.701,0,211.957,0,12.997,5511,10987,2.320,1.280,0.710,3,0,664.864,0,0,10,29,7,29,0
10-07 12:46:30,20.210,23.205,56.140,0,0,1322284,466860,183320,5912244,7694.926,1690.688,0,195.617,0,10.978,3960,6960,2.320,1.280,0.710,3,0,515.989,0,0,10,28,7,29,0
10-07 12:46:31,29.315,29.565,40.590,0,0,1396936,392188,183320,5912264,8746.303,1697.747,0,48.106,0,12.027,3197,6033,2.320,1.280,0.710,6,0,807.783,0,0,10,28,7,29,0
10-07 12:46:32,81.760,16.002,2.000,0,0,1591076,197820,183336,5912476,5982.724,1620.196,0,684.083,0,43.005,3328,7269,2.320,1.280,0.710,8,0,403.049,0,0,10,30,7,29,0
10-07 12:46:33,82.750,15.000,2.000,0,0,1489656,299208,183352,5912492,9174.972,1457.996,4.000,2475.993,1.000,174.999,5671,10230,2.320,1.280,0.710,6,0,328.999,0,0,10,29,7,29,0
10-07 12:46:34,83.484,13.997,2.500,0,0,1517616,270976,183356,5912760,5839.890,1619.692,7.998,403.923,1.000,23.995,4908,8581,2.620,1.360,0.730,6,0,228.956,0,0,10,29,7,29,0
10-07 12:46:35,85.267,12.252,2.500,0,0,1662524,125860,183356,5912968,7346.455,1662.329,12.002,304.060,1.000,19.004,4255,12330,2.620,1.360,0.730,7,0,3.001,0,0,10,30,7,29,0
10-07 12:46:36,83.778,10.253,4.752,0,0,1625688,176748,181872,5900400,8850.956,2750.919,312.104,6042.018,16.005,193.064,6118,15242,2.620,1.360,0.730,7,0,64.021,0,0,10,31,7,29,0
10-07 12:46:37,80.967,12.495,5.498,0,0,1620936,180944,181888,5900952,9569.105,2492.985,207.915,383.844,9.996,33.986,6500,12526,2.620,1.360,0.730,6,0,102.958,0,0,10,30,7,29,0
10-07 12:46:38,82.788,11.755,5.002,0,0,1615488,185140,181896,5902196,7122.305,2600.206,72.033,368.171,3.001,16.007,5328,11086,2.620,1.360,0.730,8,0,74.034,0,0,10,31,7,29,0
10-07 12:46:39,83.466,13.744,2.999,0.250,0,1610504,194964,181908,5896532,6153.508,1941.214,367.851,1143.537,6.997,22.991,6398,16157,2.890,1.440,0.760,7,0,51.979,0,0,10,31,7,27,0
10-07 12:46:40,82.002,13.750,4.250,0,0,1565784,238524,181920,5897584,5718.120,1620.034,4.000,800.017,1.000,21.000,11580,23228,2.890,1.440,0.760,8,0,161.003,0,0,10,29,7,27,0
10-07 12:46:41,84.253,13.461,2.243,0,0,1561288,242432,181920,5900408,6815.046,2751.942,7.977,1862.546,1.994,33.901,6930,12202,2.890,1.440,0.760,7,0,127.626,0,0,10,30,7,26,0
10-07 12:46:42,82.241,12.788,4.513,0,0,1604752,198780,181924,5898324,8639.365,2388.011,0,373.095,0,25.074,4481,11900,2.890,1.440,0.760,8,0,80.236,0,0,10,31,7,27,0
10-07 12:46:43,79.749,13.750,5.500,0.250,0,1532104,271184,181936,5898556,17682.682,2961.947,0,375.993,0,17.000,5914,11910,2.890,1.440,0.760,5,0,138.997,0,0,10,31,7,27,0
10-07 12:46:44,83.440,11.742,4.247,0,0,1631828,171088,181956,5898908,14787.338,3389.556,0,391.718,0,27.980,4309,9746,3.060,1.500,0.790,5,0,58.957,0,0,10,33,7,27,0
10-07 12:46:45,81.801,14.759,3.502,0,0,1547120,255524,181980,5899156,106386.066,4434.754,0,816.507,0,48.030,5117,10784,3.060,1.500,0.790,7,0,150.093,0,0,10,32,7,27,0
10-07 12:46:46,86.258,10.501,2.750,0,0,1598460,203976,182000,5899308,31343.946,4415.415,12.001,704.066,2.000,39.004,4075,7087,3.060,1.500,0.790,6,0,64.006,0,0,10,32,7,27,0
10-07 12:46:47,83.225,10.247,5.998,0,0,1571672,230240,182044,5899756,104914.421,5611.311,3.999,815.754,1.000,38.988,5278,12539,3.060,1.500,0.790,10,0,82.975,0,0,10,32,6,27,0
10-07 12:46:48,84.014,12.252,3.501,0,0,1576608,224912,182076,5900112,390820.830,9709.660,0,800.137,0,23.004,3646,9873,3.060,1.500,0.790,5,0,111.019,0,0,10,31,6,27,0
10-07 12:46:49,81.492,11.999,5.749,0,0,1529244,271844,182152,5900436,59034.510,5623.477,0,991.908,0,61.994,4750,11639,3.210,1.560,0.810,5,0,114.989,0,0,10,31,6,28,0
10-07 12:46:50,77.805,14.464,6.982,0,0,1574896,225692,182212,5900836,22149.361,4869.767,0,774.056,0,35.910,5337,11630,3.210,1.560,0.810,6,0,140.647,0,0,10,31,6,28,0
10-07 12:46:51,77.883,12.021,9.516,0,0,1513612,286496,182288,5901200,19029.541,5002.554,0,965.651,0,52.089,5275,10927,3.210,1.560,0.810,5,0,138.236,0,0,10,31,6,28,0
10-07 12:46:52,83.082,12.262,4.504,0,0,1551620,248304,182352,5901288,15723.535,4189.139,0,872.862,0,55.054,3662,6414,3.210,1.560,0.810,6,0,149.147,0,0,10,31,6,27,0
10-07 12:46:53,78.751,10.250,9.750,0,0,1503124,295916,182436,5902052,54233.705,4476.058,0,740.010,0,35.000,6264,14296,3.210,1.560,0.810,7,0,106.001,0,0,10,31,6,30,0
10-07 12:46:54,68.060,11.219,19.196,0.249,0.249,1514860,283996,182484,5902136,19912.385,3921.049,0,574.396,0,25.928,2823,4562,3.200,1.580,0.820,3,0,108.696,0,0,10,31,6,28,0
10-07 12:46:55,63.425,10.278,26.573,0,0,1483144,315444,182560,5902280,22587.250,4197.568,0,834.299,0,56.155,5718,10285,3.200,1.580,0.820,4,0,96.265,0,0,10,35,6,31,0
10-07 12:46:56,66.104,8.946,24.354,0.249,0,1546820,251592,182612,5902368,22494.416,4127.306,0,763.432,0,51.691,3358,6332,3.200,1.580,0.820,5,0,58.649,0,0,10,35,6,33,0
10-07 12:46:57,65.386,12.323,23.388,0.251,0,1466748,331256,182668,5902680,24064.983,4927.070,0,6361.533,0,223.318,2877,5774,3.200,1.580,0.820,3,0,146.867,0,0,10,34,6,34,0
10-07 12:46:58,65.250,9.250,24.750,0,0,1448756,348988,182732,5902872,17765.107,4887.029,0,820.005,0,43.000,3858,8534,3.200,1.580,0.820,3,0,67.000,0,0,10,35,6,34,0
10-07 12:46:59,61.742,12.498,24.997,0.250,0,1500436,297064,182820,5902988,14691.061,4991.341,0,935.876,0,59.992,3525,6633,3.180,1.610,0.830,4,0,184.976,0,0,10,35,6,34,0
10-07 12:47:00,64.974,8.746,25.740,0,0,1522092,275056,182884,5903244,49364.205,4156.333,0,799.679,0,48.980,6033,12195,3.180,1.610,0.830,3,0,68.972,0,0,10,35,6,36,0
10-07 12:47:01,62.780,12.756,25.012,0,0,1516084,279940,182936,5904316,19288.085,4156.958,0,792.373,0,53.025,3874,7710,3.180,1.610,0.830,3,0,125.059,0,0,10,34,6,37,0
10-07 12:47:02,66.489,11.248,21.997,0.250,0,1494592,301132,183044,5904404,25183.996,4140.342,0,991.842,0,55.991,3970,8606,3.180,1.610,0.830,4,0,169.973,0,0,10,35,6,37,0
10-07 12:47:03,62.941,12.239,24.727,0,0,1437716,357668,183092,5904692,18091.157,4033.245,7.993,719.330,1.998,38.964,4542,8666,3.180,1.610,0.830,2,0,230.785,0,0,10,34,6,38,0
10-07 12:47:04,45.298,6.507,47.300,0.250,0,1445432,349688,183184,5904828,18820.913,5013.304,0,852.902,0,48.051,3361,6090,3.090,1.610,0.840,2,0,30.032,0,0,10,34,6,39,0
10-07 12:47:05,44.902,6.735,47.896,0.249,0,1449364,345428,183252,5905080,12874.933,4269.692,3.991,1073.659,0.998,61.865,2839,4931,3.090,1.610,0.840,2,0,4.989,0,0,10,34,7,39,0
10-07 12:47:06,55.142,8.271,35.842,0.251,0,1461192,332848,183380,5905664,79723.208,4498.579,0,769.982,0,33.085,2947,6361,3.090,1.610,0.840,3,0,66.170,0,0,10,35,7,39,0
10-07 12:47:07,55.281,8.255,37.271,0.500,0,1463080,330540,183440,5905888,25510.260,4195.345,0,6271.506,0,272.152,2335,3526,3.090,1.610,0.840,2,0,5.003,0,0,10,34,7,39,0
10-07 12:47:08,41.714,8.992,48.209,0,0,1411636,381940,183508,5905864,51480.778,5588.200,0,939.193,0,48.958,3250,5268,3.090,1.610,0.840,3,0,123.894,0,0,10,34,7,39,0
10-07 12:47:09,41.251,11.500,47.001,0.250,0,1418172,374984,183552,5906204,49901.447,3865.112,0,824.024,0,52.002,3409,6395,3,1.620,0.850,3,0,284.008,0,0,10,34,7,39,0
10-07 12:47:10,46.251,6.000,47.001,0.250,0,1428360,364564,183600,5906344,43790.270,4385.127,0,628.018,0,34.001,2660,5078,3,1.620,0.850,3,0,26.001,0,0,10,35,7,39,0
10-07 12:47:11,49.740,9.248,41.242,0,0,1460380,330908,183608,5907932,1010055.049,23223.495,0,251.951,0,10.998,3427,5246,3,1.620,0.850,2,0,77.985,0,0,10,35,7,40,0
10-07 12:47:12,46.252,6.750,46.252,0,0,1448956,337024,183616,5913136,2703733.002,42624.302,0,8248.445,0,45.002,5280,8999,3,1.620,0.850,3,0,44.002,0,0,10,35,7,38,0
10-07 12:47:13,26.675,17.202,55.345,0.249,0,1426676,349400,183628,5922548,4439689.310,51617.523,0,8312.733,0,46.869,4838,5773,3,1.620,0.850,1,0,401.875,0,0,10,34,7,38,0
10-07 12:47:14,28.289,6.759,63.838,0,0,1390468,368292,183644,5939616,9131806.420,54240.068,92.128,492.682,2.003,34.047,3798,3950,2.840,1.610,0.850,2,0,37.051,0,0,10,34,7,35,0
10-07 12:47:15,24.806,6.264,69.155,0.251,0,1446112,303432,183748,5948256,4419250.637,29644.582,0,11233.230,0,84.189,2725,2273,2.840,1.610,0.850,1,0,59.133,0,0,10,34,7,35,0
10-07 12:47:16,30.154,5.233,64.295,0.498,0,1410480,312104,183784,5974520,13334547.136,52211.810,107.657,16272.206,1.994,64.794,6381,6784,2.840,1.610,0.850,1,0,30.902,0,0,10,34,7,34,0
10-07 12:47:17,27.001,2.750,68.003,0.750,0,1469632,247284,183948,5979716,2744015.273,17879.679,0,6724.256,0,241.009,2620,2500,2.840,1.610,0.850,1,0,1.000,0,0,10,34,7,34,0
10-07 12:47:18,24.770,6.505,67.304,1.001,0,1436256,272072,184104,5987804,3973447.785,26419.109,0,6877.495,0,126.101,4722,6277,2.840,1.610,0.850,1,0,59.047,0,0,10,34,7,32,0
10-07 12:47:19,37.560,5.008,55.339,0.501,0,1415552,281048,184208,5999128,5749686.245,28647.093,0,7207.597,0,53.085,7439,11935,2.770,1.620,0.850,3,0,7.011,0,0,10,34,7,33,0
10-07 12:47:20,42.143,9.975,47.131,0,0,1492504,203472,184256,5999556,4603.358,1763.540,0,658.335,0,9.975,6833,12412,2.770,1.620,0.850,3,0,105.733,0,0,10,34,7,30,0
10-07 12:47:21,41.501,9.750,48.251,0,0,1443488,252296,184304,5999660,6676.134,1620.032,0,304.006,0,23.000,2767,4534,2.770,1.620,0.850,2,0,101.002,0,0,10,34,7,32,0
10-07 12:47:22,45.995,4.749,47.995,0.250,0,1491476,204048,184408,5999784,4729.470,1619.819,0,887.901,0,47.995,2537,3926,2.770,1.620,0.850,3,0,1.000,0,0,10,34,7,31,0
10-07 12:47:23,42.365,9.025,48.131,0.501,0,1455448,239288,184488,6000372,5223.207,1461.977,0,2466.709,0,145.395,2051,2682,2.770,1.620,0.850,3,0,95.259,0,0,10,34,7,31,0
10-07 12:47:24,41.903,6.984,48.887,1.497,0,1406256,223476,185856,6059452,5435.433,1616.263,0,5563.138,0,216.499,4124,6600,2.710,1.620,0.860,5,0,6.984,0,0,10,34,7,27,0
10-07 12:47:25,39.586,10.773,48.355,0.752,0,1429684,126408,190336,6120016,4916.699,1623.533,12.026,12002.117,3.007,381.831,1998,1810,2.710,1.620,0.860,3,0,24.052,0,0,10,34,7,27,0
10-07 12:47:26,38.660,14.466,46.392,0.249,0,1375440,185668,197872,6100628,8807.514,1616.241,973.735,12223.568,19.954,39.907,3778,5986,2.710,1.620,0.860,2,0,132.691,0,0,10,34,7,27,0
10-07 12:47:27,15.498,11.248,71.489,0.500,0,1306328,305672,198496,6049748,8255.770,2041.696,3.999,2647.606,1.000,43.993,1658,2231,2.710,1.620,0.860,2,0,97.985,0,0,10,32,7,27,0
10-07 12:47:28,30.580,5.264,63.416,0,0,1363100,242544,198564,6056132,63198.770,1461.834,778.041,124.326,35.092,1.003,2274,3942,2.710,1.620,0.860,6,0,60.158,0,0,10,32,7,27,0
10-07 12:47:29,22.715,16.725,60.158,0.250,0,1314388,284548,198564,6062820,5054.297,1617.535,167.744,79.878,4.992,7.988,5140,9644,2.570,1.610,0.860,1,0,283.568,0,0,10,32,7,27,0
10-07 12:47:30,8.248,20.246,69.986,0.250,0.250,1325184,272276,198564,6064344,5135.009,1619.687,1455.719,124919.890,62.988,410.921,3584,4407,2.570,1.610,0.860,1,0,282.945,0,0,10,32,7,27,0
10-07 12:47:31,10.754,22.008,67.024,0.250,0.250,1322916,274284,198572,6064596,6948.446,1620.570,12.004,2152.758,1.000,13.005,2682,3931,2.570,1.610,0.860,2,0,385.136,0,0,10,34,7,27,0
10-07 12:47:32,43.714,5.995,49.209,0.250,0,1464924,131524,198760,6065156,5132.760,1618.663,135.888,799.340,3.997,28.976,1529,2240,2.570,1.610,0.860,2,0,57.952,0,0,10,32,7,28,0
10-07 12:47:33,42.021,7.504,46.023,7.004,0,1506928,120372,199164,6033884,4604.316,1458.734,148.074,23767.955,6.003,2010.011,11228,18207,2.570,1.610,0.860,3,0,89.045,0,0,10,36,7,28,0
10-07 12:47:34,39.056,7.761,40.558,12.268,0,1461372,162000,199844,6037116,7439.713,1622.336,668.963,43218.234,81.117,3815.494,17676,29615,2.530,1.620,0.870,2,0,76.110,0,0,10,36,7,28,0
10-07 12:47:35,44.400,6.735,43.403,4.989,0,1380668,242424,200104,6037132,4525.839,1616.371,219.507,18111.340,8.980,1431.786,7264,11563,2.530,1.620,0.870,2,0,13.969,0,0,10,32,7,28,0
10-07 12:47:36,42.998,6.750,49.498,1.500,0,1473900,146172,200420,6039836,7127.694,1693.927,2747.882,8635.629,32.999,1178.949,8490,13771,2.530,1.620,0.870,2,0,3.000,0,0,10,34,6,28,0
10-07 12:47:37,36.281,11.510,48.542,3.253,0,1326340,292840,200656,6040476,6870.950,1695.468,0,11465.929,0,1585.373,10516,17598,2.530,1.620,0.870,1,0,107.093,0,0,10,32,6,28,0
10-07 12:47:38,23.740,2.749,73.468,0.500,0,1407876,211304,200660,6040472,5293.703,1693.265,0,1027.554,0,58.974,1173,1536,2.530,1.620,0.870,1,0,1.999,0,0,10,32,6,28,0
10-07 12:47:39,23.283,2.754,72.852,0.501,0,1355760,263384,200672,6040496,34715.637,1622.273,0,7045.871,0,429.602,1978,2734,2.400,1.610,0.870,1,0,1.001,0,0,10,32,6,28,0
10-07 12:47:40,24.268,2.001,73.553,0,0,1426288,192856,200672,6040496,5172.745,1533.110,0,0,0,0,949,1160,2.400,1.610,0.870,1,0,3.002,0,0,10,32,6,28,0
10-07 12:47:41,23.444,1.746,73.825,0,0,1372208,246920,200672,6040512,7376.488,1616.163,0,0,0,0,928,1123,2.400,1.610,0.870,1,0,0.998,0,0,10,32,6,28,0
10-07 12:47:42,26.241,5.998,67.728,0,0,1427928,191200,200676,6040508,5515.213,1619.475,0,0,0,0,1460,3387,2.400,1.610,0.870,1,0,35.988,0,0,10,32,6,29,0
10-07 12:47:43,23.255,2.501,73.765,0,0,1403216,215836,200676,6040580,5705.158,1620.329,0,4.001,0,1.000,849,1047,2.400,1.610,0.870,2,0,1.000,0,0,10,32,6,28,0
10-07 12:47:44,23.048,2.756,74.156,0,0,1332900,286060,200676,6040672,6369.395,1697.570,0,0,0,0,895,1070,2.290,1.600,0.870,1,0,3.006,0,0,10,32,6,28,0
10-07 12:47:45,23.254,2.751,74.013,0,0,1349752,269168,200684,6040704,4788.872,1694.308,0,180.033,0,2.000,928,1173,2.290,1.600,0.870,1,0,1.000,0,0,10,32,6,28,0
10-07 12:47:46,22.000,3.500,73.251,0,0,1428460,190324,200684,6040840,7345.110,1532.023,0,144.002,0,9.000,1103,1538,2.290,1.600,0.870,1,0,2.000,0,0,10,32,6,28,0
10-07 12:47:47,21.947,3.242,74.070,0,0,1386028,232736,200688,6040856,9011.094,1616.071,0,375.088,0,23.942,1029,1290,2.290,1.600,0.870,1,0,0.998,0,0,10,32,6,28,0
10-07 12:47:48,23.305,2.255,74.176,0,0,1365180,253548,200688,6040892,6702.926,1535.649,0,0,0,0,883,1121,2.290,1.600,0.870,1,0,1.002,0,0,10,32,6,28,0
10-07 12:47:49,22.250,3.250,73.751,0,0,1434480,184248,200688,6040892,6690.107,1620.026,0,4.000,0,1.000,939,1183,2.190,1.590,0.870,1,0,2.000,0,0,10,32,6,27,0
10-07 12:47:50,15.978,11.734,71.899,0,0,1340772,277840,200692,6041000,13106.625,1617.732,0,0,0,0,1896,2500,2.190,1.590,0.870,1,0,169.762,0,0,10,32,6,27,0
10-07 12:47:51,9.990,19.481,69.183,0,0,1346152,272328,200692,6041132,15439.132,1456.597,0,735.292,0,7.992,2702,3782,2.190,1.590,0.870,2,0,338.674,0,0,10,32,6,27,0
10-07 12:47:52,9.498,19.246,69.987,0,0,1349700,268588,200692,6041332,10053.070,1767.661,279.946,379.927,14.997,6.999,2425,3367,2.190,1.590,0.870,1,0,269.948,0,0,10,32,6,27,0
10-07 12:47:53,8.505,22.013,69.541,0,0,1346316,271924,200700,6041372,4925.877,1620.947,4.002,328.192,1.001,7.004,2391,3279,2.190,1.590,0.870,1,0,272.159,0,0,10,32,6,27,0
10-07 12:47:54,7.996,20.489,70.211,0,0,1353536,264632,200708,6041404,5244.110,1457.197,7.996,0,1.999,0,2417,3412,2.090,1.580,0.870,2,0,276.847,0,0,10,32,6,27,0
10-07 12:47:55,21.262,5.253,73.793,0,0,1425744,192408,200708,6041416,5004.888,1620.935,0,4.002,0,1.001,997,1314,2.090,1.580,0.870,1,0,17.010,0,0,10,32,6,22,0
10-07 12:47:56,23.524,4.457,71.066,0.990,0,1354652,263632,200708,6041420,15157.173,1604.563,0,48437.978,0,712.148,2472,1829,2.090,1.580,0.870,1,0,2.971,0,0,10,32,6,22,0
10-07 12:47:57,22.973,3.029,73.716,0,0,1431444,186828,200712,6041428,19862.969,1472.303,0,371.610,0,27.265,1029,1312,2.090,1.580,0.870,1,0,2.020,0,0,10,32,6,18,0
10-07 12:47:58,24.489,1.249,73.715,0,0,1376888,241380,200712,6041432,7282.584,1619.241,0,19.991,0,1.000,834,1054,2.090,1.580,0.870,2,0,1.000,0,0,10,32,6,18,0
10-07 12:47:59,23.750,3.000,73.752,0,0,1442100,176156,200712,6041444,9317.196,1620.034,0,12.000,0,1.000,888,1141,2,1.570,0.870,1,0,2.000,0,0,10,32,6,17,0
10-07 12:48:00,23.242,2.249,73.475,0,0,1402136,216108,200712,6041456,13730.387,1693.431,0,0,0,0,1057,1178,2,1.570,0.870,1,0,1.999,0,0,10,32,6,17,0
10-07 12:48:01,24.753,2.750,72.760,0.250,0,1439560,178620,200712,6041436,16110.127,1736.229,0,20878.756,0,66.009,1168,1270,2,1.570,0.870,1,0,2.000,0,0,10,32,6,13,0
10-07 12:48:02,22.001,3.250,73.753,0,0,1423196,194964,200712,6041456,12249.465,1458.055,0,36.001,0,1.000,1000,1172,2,1.570,0.870,1,0,1.000,0,0,10,32,6,13,0
10-07 12:48:03,23.499,2.750,73.748,0,0,1354176,263984,200712,6041456,12398.591,1619.947,0,563.981,0,4.000,999,1139,2,1.570,0.870,2,0,3.000,0,0,10,32,6,12,0
10-07 12:48:04,22.502,3.250,73.506,0,0,1427752,190432,200712,6041432,8142.708,1662.145,0,0,0,0,852,1134,1.920,1.560,0.870,1,0,2.000,0,0,10,32,6,12,0
10-07 12:48:05,22.754,3.251,74.264,0,0,1373916,244244,200712,6041456,5490.027,1620.303,0,24.004,0,1.000,880,1094,1.920,1.560,0.870,1,0,1.000,0,0,10,32,6,10,0
10-07 12:48:06,23.247,2.500,73.491,0,0,1440720,177524,200716,6041368,10929.688,1619.806,0,1979.762,0,14.998,1111,1438,1.920,1.560,0.870,1,0,2.000,0,0,10,32,6,10,0
10-07 12:48:07,23.549,2.756,73.653,0.251,0,1391012,227116,200724,6041464,13549.101,1623.367,0,641.330,0,60.125,1100,1292,1.920,1.560,0.870,1,0,1.002,0,0,10,32,6,10,0
10-07 12:48:08,23.200,1.996,73.841,0,0,1393152,224976,200724,6041464,8349.008,1690.357,0,11.974,0,0.998,892,1069,1.920,1.560,0.870,1,0,0.998,0,0,10,32,6,10,0
10-07 12:48:09,23.995,1.750,73.483,0,0,1439256,178892,200724,6041444,6342.567,1531.654,0,19.995,0,1.000,891,1101,1.850,1.550,0.870,1,0,2.000,0,0,10,32,6,10,0
10-07 12:48:10,23.254,3.001,74.014,0,0,1402532,215596,200724,6041464,7839.474,1620.305,0,0,0,0,856,1164,1.850,1.550,0.870,1,0,2.000,0,0,10,32,6,10,0
10-07 12:48:11,22.502,3.000,74.006,0,0,1398180,219948,200724,6041464,6860.521,1620.123,0,20.002,0,1.000,889,1112,1.850,1.550,0.870,1,0,1.000,0,0,10,32,6,9,0
10-07 12:48:12,23.252,2.250,73.506,0,0,1343768,274372,200724,6041452,5058.384,1620.123,0,12.001,0,1.000,946,1184,1.850,1.550,0.870,1,0,2.000,0,0,10,32,6,9,0
10-07 12:48:13,10.003,21.007,68.522,0,0,1343164,274944,200724,6041484,4911.542,1662.522,0,148.046,0,11.003,2566,3710,1.850,1.550,0.870,2,0,336.106,0,0,10,32,6,9,0
10-07 12:48:14,20.244,5.998,72.980,0,0,1398696,219400,200724,6041496,5080.588,1551.569,0,0,0,0,1184,1547,1.780,1.540,0.870,1,0,55.984,0,0,10,32,6,9,0
10-07 12:48:15,23.293,3.757,73.636,0,0,1369368,248540,200724,6041684,116745.278,1622.993,0,0,0,0,988,1208,1.780,1.540,0.870,1,0,9.017,0,0,10,32,6,9,0
10-07 12:48:16,23.958,2.496,72.622,0.250,0,1423132,194712,200732,6041740,9056.007,1691.014,0,3038.634,0,157.721,1521,2195,1.780,1.540,0.870,1,0,0,0,0,10,32,6,8,0
10-07 12:48:17,11.009,21.268,67.307,0.250,0,1346152,271640,200740,6041784,5672.794,1459.233,4.003,460.389,1.001,25.021,2666,3924,1.780,1.540,0.870,1,0,342.289,0,0,10,32,6,8,0
10-07 12:48:18,9.248,19.746,69.736,0,0,1349192,268488,200744,6041860,6352.742,1619.679,0,163.968,0,7.998,2447,3443,1.780,1.540,0.870,2,0,281.944,0,0,10,32,5,8,0
10-07 12:48:19,8.993,20.734,68.947,0,0,1352444,265212,200744,6041884,8951.117,1618.755,0,211.837,0,3.997,2458,3391,1.640,1.510,0.870,1,0,290.776,0,0,10,32,5,8,0
10-07 12:48:20,9.013,21.532,68.602,0,0,1351424,266216,200744,6041900,5235.780,1460.170,0,280.417,0,4.006,2476,3491,1.640,1.510,0.870,2,0,295.439,0,0,10,32,5,6,0
10-07 12:48:21,9.734,20.717,68.890,0,0,1349264,268352,200744,6041924,9512.780,1617.412,0,746.805,0,8.986,2447,3468,1.640,1.510,0.870,2,0,293.530,0,0,10,32,5,6,0
10-07 12:48:22,9.503,20.507,68.773,0,0,1351528,266080,200744,6041932,5272.729,1620.532,0,644.211,0,7.002,2402,3356,1.640,1.510,0.870,3,0,290.095,0,0,10,32,5,4,0
10-07 12:48:23,9.510,20.272,68.824,0,0,1346184,271408,200744,6041948,4971.354,1621.747,0,836.901,0,10.011,2479,3520,1.640,1.510,0.870,1,0,305.329,0,0,10,32,5,4,0
10-07 12:48:24,11.498,18.997,68.489,0,0,1347588,269988,200744,6041964,6058.994,1457.758,0,827.863,0,8.999,2468,3488,1.510,1.490,0.860,2,0,309.949,0,0,10,32,5,3,0
10-07 12:48:25,7.745,20.487,70.956,0,0,1350416,267152,200744,6041972,4930.958,1619.001,0,147.909,0,4.997,2343,3263,1.510,1.490,0.860,1,0,259.840,0,0,10,32,5,3,0
10-07 12:48:26,8.750,20.499,70.248,0.250,0,1353604,263932,200756,6041992,6902.786,1693.947,0,255.992,0,14.000,2562,3685,1.510,1.490,0.860,1,0,279.991,0,0,10,32,5,3,0
10-07 12:48:27,8.996,19.742,69.721,0,0,1352828,264844,200756,6042028,4740.000,1693.285,0,3170.662,0,127.946,2774,3744,1.510,1.490,0.860,1,0,316.866,0,0,10,32,5,3,0
10-07 12:48:28,8.757,21.268,68.557,0,0,1353544,264224,200756,6042052,7208.033,1621.357,8.007,32.027,1.001,8.007,2457,3427,1.510,1.490,0.860,1,0,299.250,0,0,10,32,5,3,0
10-07 12:48:29,10.753,20.506,69.019,0,0,1342636,275112,200756,6042072,7069.902,1532.412,0,28.008,0,7.002,2511,3486,1.550,1.500,0.870,1,0,310.083,0,0,10,32,5,3,0
10-07 12:48:30,18.272,20.524,59.320,0,0,1357928,258764,200764,6043120,5849.932,1621.922,1137.348,336.399,19.023,17.020,2917,4804,1.550,1.500,0.870,2,0,466.553,0,0,10,32,5,5,0
10-07 12:48:31,52.756,28.003,18.752,0,0,1482168,133968,200796,6043628,38231.702,1620.199,148.018,1492.184,8.001,68.008,4102,8344,1.550,1.500,0.870,5,0,898.110,0,0,10,32,5,9,0
10-07 12:48:32,76.997,16.749,4.500,1.250,0,1624060,150040,201432,5884440,5266.821,1619.945,2283.922,15507.473,68.998,1008.966,10667,7698,1.550,1.500,0.870,4,0,121.996,0,0,10,36,5,7,0
10-07 12:48:33,55.751,16.750,19.000,9.000,0,1590964,204544,201652,5863120,5123.046,1694.015,1720.015,72156.649,85.001,5524.050,19145,38723,1.550,1.500,0.870,2,1,185.002,0,0,10,36,5,8,0
10-07 12:48:34,63.001,14.250,11.750,10.500,0,1645164,137008,202308,5875732,4260.055,1620.021,164.002,90973.183,9.000,6694.087,26723,43191,1.900,1.570,0.900,5,0,114.001,0,0,10,36,5,8,0
10-07 12:48:35,50.259,16.003,24.755,8.252,0,1600204,189500,202876,5867884,6495.182,1738.316,532.097,80826.710,14.003,6061.103,24111,43254,1.900,1.570,0.900,6,0,155.028,0,0,10,36,6,8,0
10-07 12:48:36,43.407,15.217,30.435,9.979,0,1568832,212256,203316,5875884,7759.418,1636.503,127.727,65611.788,0.998,4968.383,17955,36533,1.900,1.570,0.900,1,1,220.529,0,0,10,34,6,8,0
10-07 12:48:37,39.816,8.013,41.819,10.017,0,1572168,205520,203492,5879036,4389.260,1622.684,16.027,51076.480,3.005,4269.061,21837,37947,1.900,1.570,0.900,2,0,57.094,0,0,10,34,6,11,0
10-07 12:48:38,38.699,10.486,41.445,11.235,0,1559436,214440,203740,5882556,4706.745,1691.752,0,52626.060,0,4759.674,20169,33647,1.900,1.570,0.900,4,0,80.892,0,0,10,34,6,11,0
10-07 12:48:39,40.064,6.761,43.069,9.766,0,1570240,202652,203972,5883292,6654.707,1460.350,8.013,46911.481,2.003,4137.657,20854,36374,1.830,1.560,0.900,3,0,30.048,0,0,10,35,6,12,0
10-07 12:48:40,35.779,11.259,43.785,7.506,0,1534924,237004,204204,5884020,6051.829,1705.361,0,51184.846,0,4387.501,18492,33766,1.830,1.560,0.900,5,0,105.084,0,0,10,34,6,12,0
10-07 12:48:41,42.494,8.749,42.744,5.999,0,1564500,204804,204376,5886468,6709.101,1693.773,0,45553.896,0,3892.478,18755,32301,1.830,1.560,0.900,4,0,44.994,0,0,10,35,6,13,0
10-07 12:48:42,43.940,9.737,37.200,8.988,0,1512480,253460,204524,5889704,4340.119,1603.827,0,50966.940,0,4266.219,22139,44325,1.830,1.560,0.900,2,0,120.836,0,0,10,34,6,15,0
10-07 12:48:43,39.739,8.248,42.988,9.747,0,1563492,198632,204620,5893180,5406.497,1619.550,0,53968.997,0,4543.737,20609,33224,1.830,1.560,0.900,2,1,65.982,0,0,10,37,6,15,0
10-07 12:48:44,39.773,7.754,43.025,9.255,0,1564468,194096,204736,5896504,4892.828,1620.937,0,51457.743,0,4561.637,23138,41134,2,1.600,0.920,3,1,99.057,0,0,10,36,6,15,0
10-07 12:48:45,38.717,9.492,40.466,11.240,0,1552220,203248,204904,5899320,6633.382,1456.766,0,60045.142,0,4846.895,16354,33246,2,1.600,0.920,3,0,108.908,0,0,10,36,6,15,0
10-07 12:48:46,35.017,8.754,42.521,10.005,0,1510672,250220,204960,5893800,14752.170,1620.788,0,51673.113,0,4580.226,17985,37792,2,1.600,0.920,1,1,49.024,0,0,10,36,6,18,0
10-07 12:48:47,41.475,10.244,47.221,1.749,0,1461948,298664,204984,5894048,7381.505,1619.014,0,18005.035,0,1491.092,6948,12672,2,1.600,0.920,4,0,132.919,0,0,10,32,6,19,0
10-07 12:48:48,22.030,10.014,67.341,0.250,0,1436276,324256,204996,5894112,5284.165,1459.980,0,3640.937,0,218.296,2547,4230,2,1.600,0.920,2,0,157.213,0,0,10,32,6,19,0
10-07 12:48:49,24.700,0.998,72.852,0.249,0,1454664,305860,204996,5894116,6430.926,1616.713,0,451.083,0,24.949,2174,4694,1.920,1.590,0.920,3,0,0,0,0,10,32,6,21,0
10-07 12:48:50,21.495,5.249,73.483,0,0,1448744,311756,204996,5894140,6711.416,1767.583,0,439.896,0,25.994,1220,1526,1.920,1.590,0.920,3,0,43.990,0,0,10,32,6,21,0
10-07 12:48:51,19.743,7.747,70.976,0.500,0,1387588,372908,204996,5894144,8213.191,1619.446,0,2607.108,0,153.947,3076,6187,1.920,1.590,0.920,2,0,110.962,0,0,10,32,6,21,0
10-07 12:48:52,11.008,20.764,68.547,0,0,1392976,367276,204996,5894388,5941.105,1621.120,0,84.058,0,6.004,2428,3221,1.920,1.590,0.920,1,0,308.213,0,0,10,32,6,21,0
10-07 12:48:53,14.279,24.549,59.870,0,0,1411728,348464,205000,5894444,5707.449,1665.341,88.177,577.158,3.006,36.072,3131,4782,1.920,1.590,0.920,3,0,442.888,0,0,10,34,6,24,0
10-07 12:48:54,65.542,9.968,24.672,0.249,0,1597812,161552,205008,5895264,7408.441,1614.865,0,538.288,0,34.889,1831,2067,2.010,1.620,0.930,5,0,23.924,0,0,10,32,6,27,0
10-07 12:48:55,65.200,10.783,23.572,1.254,0,1746900,134256,205128,5775528,5575.099,1504.615,3562.927,4192.860,128.394,175.538,2248,2514,2.010,1.620,0.930,4,0,0,0,0,10,32,6,27,0
10-07 12:48:56,47.499,7.500,36.249,9.250,0,1755924,130176,205316,5770404,15946.729,1619.972,0,65610.885,0,5285.910,23485,38874,2.010,1.620,0.930,5,0,194.997,0,0,10,38,6,27,0
10-07 12:48:57,32.271,9.006,43.278,13.258,0,1761036,130456,205392,5765292,10174.522,1695.087,0,79162.743,0,6597.229,27465,50405,2.010,1.620,0.930,3,2,234.150,0,0,10,38,6,27,0
10-07 12:48:58,40.144,9.724,35.157,13.714,0,1638004,244724,205512,5773840,59985.817,1615.739,3.989,97123.884,0.997,7800.430,31888,53096,2.010,1.620,0.930,5,0,184.513,0,0,10,36,6,27,0
10-07 12:48:59,45.747,13.249,29.248,11.499,0,1694652,177752,205632,5783896,6789.545,1619.891,415.972,81830.517,11.999,6451.568,21851,42516,2.170,1.660,0.940,4,0,207.986,0,0,10,36,6,27,0
10-07 12:49:00,42.114,12.785,32.588,12.534,0,1755396,125480,205712,5775316,13228.837,1624.401,0,89077.310,0,6810.450,23862,46914,2.170,1.660,0.940,4,0,19.052,0,0,10,36,6,27,0
10-07 12:49:01,41.927,11.979,35.188,11.979,0,1650956,233540,205772,5771732,12880.485,1617.173,3.993,89779.066,0.998,7083.618,26047,48329,2.170,1.660,0.940,4,0,188.670,0,0,10,36,6,27,0
10-07 12:49:02,28.707,11.483,56.914,1.747,0,1395836,488612,205788,5771752,11818.107,1455.796,3.994,16019.746,0.998,998.488,4697,7237,2.170,1.660,0.940,1,0,195.704,0,0,10,32,6,27,0
10-07 12:49:03,19.803,7.019,72.443,0.251,0,1452348,432056,205792,5771788,13145.955,1624.319,0,2879.657,0,124.331,1501,1860,2.170,1.660,0.940,2,0,56.149,0,0,10,32,6,27,0
10-07 12:49:04,22.999,2.500,73.746,0.250,0,1517364,367040,205796,5771784,7027.578,1619.903,0,4287.743,0,243.985,1424,2108,2.080,1.640,0.950,2,0,0,0,0,10,32,6,27,0
10-07 12:49:05,22.002,4.500,72.006,0,0,1412344,472048,205796,5771796,12270.104,1512.136,0,536.048,0,27.002,1511,2113,2.080,1.640,0.950,2,0,27.002,0,0,10,32,6,27,0
10-07 12:49:06,21.702,3.991,74.086,0,0,1475092,409300,205796,5771796,9949.951,1562.537,0,99.779,0,9.978,1020,1234,2.080,1.640,0.950,2,0,2.993,0,0,10,32,6,27,0
10-07 12:49:07,24.496,1.000,73.238,0,0,1515632,368756,205800,5771796,9832.387,1767.710,0,107.982,0,15.997,1160,1557,2.080,1.640,0.950,2,0,0,0,0,10,34,6,27,0
10-07 12:49:08,16.267,27.779,55.558,0.250,0,1401308,483076,205800,5771800,6424.656,1695.757,156.162,1085.124,7.007,55.057,3702,5965,2.080,1.640,0.950,3,0,670.695,0,0,10,32,6,27,0
10-07 12:49:09,13.769,39.804,45.311,0,0,1405436,478724,205800,5772024,35291.467,1459.964,8.011,308.415,2.003,29.039,4812,8408,2.070,1.650,0.950,4,0,1078.451,0,0,10,32,6,27,0
10-07 12:49:10,7.982,17.211,74.083,0,0,1407368,476148,205800,5772664,5651.256,1690.189,534.794,31.928,15.964,7.982,2435,3855,2.070,1.650,0.950,1,0,364.179,0,0,10,32,6,27,0
10-07 12:49:11,9.749,16.999,72.994,0.250,0,1401008,480608,205828,5774548,8061.315,1619.862,1843.843,0,33.997,0,2560,3396,2.070,1.650,0.950,1,0,217.981,0,0,11,12,6,27,20
10-07 12:49:12,10.000,20.001,69.003,0,0,1408152,473388,205828,5774628,5526.221,1662.066,0,24.001,0,6.000,2531,3730,2.070,1.650,0.950,1,0,298.012,0,0,11,12,6,27,20
10-07 12:49:13,19.544,17.289,62.392,0,0,1419748,461072,205832,5775320,38610.840,1461.325,669.523,8.018,41.093,2.005,4112,8882,2.070,1.650,0.950,2,0,200.456,0,0,11,12,6,27,20
10-07 12:49:14,17.457,22.195,59.353,0.499,0,1446816,432804,205844,5776492,6160.703,1783.571,490.781,1843.423,5.985,241.401,3461,4859,2.060,1.660,0.960,2,0,412.975,0,0,13,12,6,27,20
10-07 12:49:15,16.774,17.024,63.840,0,0,1452216,427168,205844,5776640,5599.868,1696.383,0,12.017,0,3.004,4515,6904,2.060,1.660,0.960,7,0,168.236,0,0,13,12,6,27,20
10-07 12:49:16,20.723,20.473,58.424,0,0,1490000,389140,205844,5776800,6635.394,1691.806,71.907,27.964,1.997,5.992,3485,5360,2.060,1.660,0.960,2,0,459.404,0,0,15,12,6,27,20
10-07 12:49:17,18.746,15.496,64.735,0,0,1497416,381612,205844,5777148,9050.882,1619.621,0,235.945,0,11.997,5398,10181,2.060,1.660,0.960,1,0,196.954,0,0,15,12,6,27,20
10-07 12:49:18,56.150,15.040,28.576,0,0,1703540,175292,205876,5777088,4849.930,1536.095,0,525.401,0,23.061,2573,3489,2.060,1.660,0.960,13,0,98.262,0,0,17,12,6,27,20
10-07 12:49:19,83.744,14.249,1.500,0,0,1957060,153820,205884,5550216,7244.449,1619.877,0,771.941,0,9.999,2068,3469,2.300,1.710,0.980,2,0,60.995,0,0,17,12,6,27,20
10-07 12:49:20,10.726,18.209,69.595,0,0,1937536,173064,205884,5550472,7576.113,1616.397,0,7.982,0,1.996,2642,3946,2.300,1.710,0.980,1,0,255.431,0,0,17,12,6,27,20
10-07 12:49:21,13.253,18.004,68.016,0,0,1943952,166632,205884,5550488,7633.847,1620.392,0,264.064,0,9.002,2622,3885,2.300,1.710,0.980,1,0,255.062,0,0,17,12,6,27,20
10-07 12:49:22,21.750,17.000,59.499,0,0,1966236,144224,205884,5550512,7870.850,1767.966,0,4.000,0,1.000,4942,8182,2.300,1.710,0.980,2,0,182.997,0,0,17,12,6,27,20
10-07 12:49:23,19.486,4.747,75.945,0.250,0,1996264,136524,205888,5528392,5226.227,1618.831,1067.229,39.971,15.988,0.999,1495,2488,2.300,1.710,0.980,0,0,61.955,0,0,18,12,6,27,20
10-07 12:49:24,16.258,9.254,73.785,0,0,2031252,126204,205888,5504204,4920.303,1458.683,0,380.178,0,5.002,1769,2678,2.270,1.720,0.980,1,0,91.043,0,0,18,12,6,28,20
10-07 12:49:25,22.753,4.751,71.009,0.250,0,2071360,125252,205888,5465688,4128.495,1620.194,32.004,132.016,2.000,13.002,2095,4180,2.270,1.720,0.980,1,0,0,0,0,18,19,6,29,4
10-07 12:49:26,16.268,13.264,68.825,0.250,0,2013296,182896,205888,5466108,6870.454,1621.760,232.252,516.560,5.005,46.050,2705,4329,2.270,1.720,0.980,1,0,167.181,0,0,18,18,6,33,0
10-07 12:49:27,11.746,19.243,68.225,0.250,0,2015780,180276,205888,5466244,19547.806,1457.464,0,179.934,0,13.995,2979,4423,2.270,1.720,0.980,1,0,275.898,0,0,18,18,6,33,0
10-07 12:49:28,10.492,20.484,68.946,0,0,2017644,178388,205888,5466268,5143.947,1618.724,0,743.414,0,28.977,2871,4314,2.270,1.720,0.980,1,0,257.797,0,0,18,18,6,33,0
10-07 12:49:29,9.756,21.013,67.543,0,0,2019708,176284,205888,5466292,6546.163,1621.031,0,5167.286,0,252.160,3170,4283,2.250,1.720,0.990,1,0,266.169,0,0,18,18,6,33,0
10-07 12:49:30,17.736,16.986,64.198,0,0,2025572,170348,205888,5466540,9594.267,1530.766,0,15.987,0,3.997,5227,9107,2.250,1.720,0.990,1,0,167.865,0,0,18,18,6,33,0
10-07 12:49:31,42.599,10.274,45.856,0,0,2113316,127868,205892,5422412,6270.504,1697.927,328.760,188.436,3.007,1.002,2589,3773,2.250,1.720,0.990,3,0,130.301,0,0,18,19,6,27,0
10-07 12:49:32,49.403,6.487,43.665,0,0,2204740,123840,205892,5336980,8799.805,1455.157,0,3.992,0,0.998,5971,10758,2.250,1.720,0.990,2,0,1.996,0,0,18,25,6,27,0
10-07 12:49:33,45.576,7.012,46.327,1.002,0,2263600,127072,205944,5275612,6723.167,1622.695,188.313,8502.122,2.003,456.759,2661,3197,2.250,1.720,0.990,3,0,23.038,0,0,18,34,6,26,0
10-07 12:49:34,9.474,20.195,67.567,0.499,0,2273008,121372,205956,5272028,7418.932,1615.630,0,4643.439,0,252.317,3758,5584,2.150,1.710,0.990,1,0,300.188,0,0,18,34,6,26,0
10-07 12:49:35,17.016,14.513,67.311,0.751,0,2275568,122888,205964,5267996,6636.059,1459.332,216.197,4107.750,10.009,215.196,6316,10689,2.150,1.710,0.990,0,0,122.111,0,0,18,34,6,26,0
10-07 12:49:36,2.499,0.750,95.206,0,0,2275568,122888,205964,5267996,7436.542,1619.247,0,123.942,0,12.994,1249,2081,2.150,1.710,0.990,0,0,2.999,0,0,18,34,6,26,0
10-07 12:49:37,2.500,1.250,95.502,0,0.250,2275568,122888,205964,5267996,7539.128,1620.028,0,0,0,0,1119,1825,2.150,1.710,0.990,1,0,8.000,0,0,18,34,6,23,0
10-07 12:49:38,1.750,0.250,96.759,0,0,2275568,122888,205964,5267996,7596.737,1694.164,0,640.062,0,4.000,954,1649,2.150,1.710,0.990,0,0,2.000,0,0,18,34,6,23,0
10-07 12:49:39,2.500,3.000,93.256,0,0,2231516,166956,205964,5267996,5327.314,1620.096,0,12.001,0,3.000,1235,2100,2.140,1.710,1,0,0,24.001,0,0,18,34,6,23,0
10-07 12:49:40,18.798,17.043,63.411,0,0,2276952,137308,205964,5252584,5970.116,1535.889,192.487,0,13.033,0,4849,7818,2.140,1.710,1,1,1,240.609,0,0,18,34,6,22,0
10-07 12:49:41,9.241,16.483,73.176,0,0,2290996,123032,205964,5252816,5929.012,1618.365,71.927,3.996,4.995,0.999,2814,4378,2.140,1.710,1,2,0,222.775,0,0,19,34,6,22,0
10-07 12:49:42,20.254,22.254,56.260,0.750,0.250,2299460,129032,205960,5238864,8610.550,1858.335,584.105,3332.600,33.006,396.071,5634,11467,2.140,1.710,1,2,0,270.049,0,0,19,34,6,22,0
10-07 12:49:43,11.479,7.986,79.356,0,0,2300508,127884,205964,5238712,12576.174,1658.989,127.768,343.377,6.987,11.978,2601,3947,2.140,1.710,1,0,0,151.725,0,0,19,34,6,23,0
10-07 12:49:44,9.274,14.788,74.944,0,0,2308504,119884,205964,5239060,23019.436,1624.194,4.010,4.010,1.003,1.003,3691,5964,2.130,1.720,1,16,0,174.450,0,0,21,34,6,20,0
10-07 12:49:45,16.237,15.987,66.445,0,0,2303420,125820,205964,5237812,7286.996,1618.666,0,1378.864,0,251.793,4633,6831,2.130,1.720,1,1,0,173.857,0,0,21,36,6,20,0
10-07 12:49:46,10.497,19.745,69.483,0,0,2306448,122784,205964,5237840,9410.666,1735.570,0,3.999,0,1.000,2762,4191,2.130,1.720,1,1,0,252.937,0,0,21,36,6,20,0
10-07 12:49:47,11.237,18.977,67.669,0,0,2303380,125700,205964,5237992,17021.574,1540.152,0,27.966,0,6.992,2813,4120,2.130,1.720,1,1,0,249.700,0,0,21,36,6,20,0
10-07 12:49:48,23.547,21.042,54.359,0,0,2305488,137340,205972,5224436,8511.073,1623.256,0,1751.514,0,271.545,6112,10002,2.130,1.720,1,2,0,250.503,0,0,21,36,5,16,0
10-07 12:49:49,30.010,24.258,44.765,0,0,2380476,124760,205984,5163496,7766.656,1620.554,4.001,328.112,1.000,8.003,3515,6072,2.130,1.720,1,4,0,501.171,0,0,21,36,5,16,0
10-07 12:49:50,31.277,26.273,43.037,0,0,2425764,128792,206044,5115020,7690.683,1621.409,32.028,20.017,2.002,5.004,3626,7034,2.120,1.720,1.010,2,0,438.381,0,0,21,40,5,16,0
10-07 12:49:51,31.647,23.673,43.358,0,0,2473240,128316,206052,5069748,6486.814,1614.726,7.974,31.896,1.993,7.974,3727,7071,2.120,1.720,1.010,2,0,340.887,0,0,21,40,5,16,0
10-07 12:49:52,40.378,21.568,38.371,0,0,2563124,129952,206060,4979548,10530.307,1552.912,0,0,0,0,4585,11478,2.120,1.720,1.010,3,0,431.364,0,0,21,40,5,16,0
10-07 12:49:53,56.004,21.251,20.501,0,0,2681096,118332,206080,4873672,7025.464,1620.107,8.001,4768.315,2.000,364.024,5902,13189,2.120,1.720,1.010,5,0,416.027,0,0,21,40,5,16,0
10-07 12:49:54,71.201,19.736,7.245,0.500,0,2811236,123424,206532,4737608,33811.569,1660.849,303.789,1043.277,61.957,87.939,3305,9515,2.120,1.720,1.010,4,0,475.670,0,0,21,40,5,10,0
10-07 12:49:55,69.507,22.502,7.001,0.500,0,2979652,123656,206536,4571976,6134.589,1458.140,4.000,7432.714,1.000,796.076,7528,16015,2.270,1.760,1.020,12,0,266.026,0,0,21,44,5,10,0
10-07 12:49:56,67.386,24.904,5.371,1.465,0.244,3095532,139328,206560,4442252,14740.006,1654.381,0,38857.442,0,2923.977,12561,30531,2.270,1.760,1.020,8,0,501.979,0,0,21,46,5,10,0
10-07 12:49:57,75.232,22.774,1.791,0.256,0,3193960,136800,206660,4347080,10539.676,1568.106,28.660,13150.797,3.071,922.234,10016,23104,2.270,1.760,1.020,8,0,193.454,0,0,21,50,5,14,0
10-07 12:49:58,68.291,22.013,8.505,0,0,3308976,131404,206664,4239848,5020.987,1620.964,32.019,1052.626,4.002,61.036,4790,12768,2.270,1.760,1.020,5,0,562.335,0,0,21,63,5,20,0
10-07 12:49:59,47.394,23.697,27.439,0,0,3379296,130776,206664,4171668,5121.558,1690.224,0,830.145,0,45.897,9249,26844,2.270,1.760,1.020,2,0,354.209,0,0,21,63,5,20,0
10-07 12:50:00,60.634,14.783,24.053,0,0,3539996,130368,206668,4013604,13555.011,1461.235,457.012,733.624,14.031,35.078,3993,9870,2.250,1.770,1.030,4,0,129.286,0,0,21,66,5,20,0
10-07 12:50:01,35.175,15.716,48.147,0.499,0,3615332,129340,206692,3940264,9960.764,1616.554,315.328,15251.484,26.943,957.958,6029,13216,2.250,1.770,1.030,1,0,154.670,0,0,21,71,5,23,0
10-07 12:50:02,9.510,19.522,70.077,0,0,3623188,121372,206692,3940420,16700.404,1711.886,0,264.291,0,20.022,2833,4157,2.250,1.770,1.030,1,0,246.271,0,0,21,71,5,23,0
10-07 12:50:03,9.487,18.973,70.651,0,0,3631620,122200,206692,3931392,40441.140,1691.622,0,215.697,0,14.979,2880,4251,2.250,1.770,1.030,2,0,238.664,0,0,21,71,5,23,0
10-07 12:50:04,10.512,19.021,70.079,0.250,0,3629548,129096,206692,3926660,7294.221,1459.645,4.005,496.560,1.001,37.042,2853,4166,2.250,1.770,1.030,1,0,246.278,0,0,21,71,5,23,0
10-07 12:50:05,8.738,19.722,69.403,0,0,3636556,122064,206692,3926684,9236.097,1843.425,0,291.593,0,10.985,2941,4423,2.230,1.770,1.040,1,0,260.636,0,0,21,71,6,23,0
10-07 12:50:06,10.024,19.046,67.916,0,0,3639384,119236,206692,3926696,7381.990,1698.138,4.010,316.772,1.002,8.020,2874,4593,2.230,1.770,1.040,2,0,269.657,0,0,21,71,6,23,0
10-07 12:50:07,19.005,16.005,63.518,0,0,3625912,141764,206692,3918092,10304.937,1620.462,0,116.033,0,7.002,4983,10225,2.230,1.770,1.040,1,0,168.048,0,0,21,73,6,23,0
10-07 12:50:08,27.497,22.998,47.745,0.500,0,3677436,127524,206692,3880620,9635.979,1693.820,1455.846,247.974,53.994,21.998,4104,7902,2.230,1.770,1.040,3,0,339.964,0,0,21,79,6,23,0
10-07 12:50:09,32.534,22.273,44.297,0.250,0,3725832,133356,206704,3826776,6829.177,1459.534,212.223,324.341,10.011,22.023,3749,6762,2.230,1.770,1.040,5,0,398.419,0,0,21,85,6,24,0
10-07 12:50:10,35.694,23.213,40.187,0.499,0,3838504,131080,206712,3716996,5493.353,1617.454,63.899,882.611,8.986,62.901,7479,17426,2.290,1.790,1.050,5,4,224.646,0,0,23,93,6,24,0
10-07 12:50:11,57.976,22.990,17.993,0.500,0,3973340,120584,206668,3594752,7590.857,1693.299,819.661,7420.928,47.980,618.744,4802,7313,2.290,1.790,1.050,6,0,544.774,0,0,23,101,6,24,0
10-07 12:50:12,54.298,21.769,22.270,0,0,4030700,123180,206648,3536272,7542.713,1607.431,72.064,6681.947,2.002,516.460,9560,19055,2.290,1.790,1.050,3,0,220.196,0,0,23,117,6,24,0
10-07 12:50:13,36.451,21.971,41.694,0,0,4097564,129460,206592,3463696,5397.767,1707.712,63.914,563.245,3.995,30.959,3583,6153,2.290,1.790,1.050,2,0,398.466,0,0,23,117,6,25,0
10-07 12:50:14,23.472,21.724,53.686,0,0.250,4137368,124404,206580,3429156,6456.272,1711.951,0,195.766,0,12.984,3555,6314,2.290,1.790,1.050,1,0,473.433,0,0,24,117,6,25,0
10-07 12:50:15,13.778,20.291,65.133,0,0,4143372,126344,206576,3421252,4825.825,1460.975,0,2380.847,0,339.692,4960,8246,2.270,1.800,1.050,1,0,208.424,0,0,24,117,6,25,0
10-07 12:50:16,27.012,19.258,52.022,0,0,4176228,124272,206560,3390644,6550.797,1662.710,0,236.101,0,8.003,4474,7454,2.270,1.800,1.050,2,0,279.119,0,0,24,117,6,25,0
10-07 12:50:17,32.501,21.500,45.251,0,0,4232788,124568,206532,3334352,8780.202,1620.037,4.000,832.019,1.000,142.003,3865,6529,2.270,1.800,1.050,2,0,391.009,0,0,24,117,6,25,0
10-07 12:50:18,32.000,22.250,44.001,0.250,0,4308340,125732,206484,3259460,4936.074,1458.022,28.000,2260.034,6.000,295.004,8427,16169,2.270,1.800,1.050,2,0,206.003,0,0,24,129,6,25,0
10-07 12:50:19,32.751,22.250,44.251,0,0,4371088,124464,206448,3199276,4758.100,1662.035,156.003,260.005,10.000,22.000,3802,6607,2.270,1.800,1.050,2,0,506.011,0,0,24,131,6,25,0
10-07 12:50:20,27.664,26.418,45.109,0,0,4434392,126336,205952,3136604,5674.308,1762.505,131.590,1028.792,15.950,68.786,6038,15704,2.320,1.820,1.060,1,0,527.356,0,0,24,141,6,25,0
10-07 12:50:21,15.052,21.575,60.961,0.251,0,4452600,120540,205416,3124868,5109.726,1463.075,192.668,618.144,11.038,37.129,5877,11386,2.320,1.820,1.060,1,0,368.278,0,0,24,149,6,25,0
10-07 12:50:22,19.486,16.988,61.706,0,0,4460480,125652,205312,3112292,7722.471,1618.841,123.911,231.834,8.994,13.990,6044,10495,2.320,1.820,1.060,2,0,148.893,0,0,24,149,6,25,0
10-07 12:50:23,42.627,10.719,45.120,0.249,0,4580792,119728,205200,3001636,7290.936,1615.333,1200.532,303.124,16.951,25.925,2544,3883,2.320,1.820,1.060,3,0,85.752,0,0,24,149,6,25,0
10-07 12:50:24,45.251,9.250,44.751,0.500,0,4693236,127208,205068,2885504,5415.119,1620.036,548.012,7556.166,49.001,630.014,2829,2728,2.320,1.820,1.060,2,0,3.000,0,0,24,150,6,25,0
10-07 12:50:25,33.096,12.286,54.157,0.251,0,4621760,198172,205072,2886012,4979.410,1624.702,320.929,649.881,4.012,48.139,3306,6355,2.300,1.820,1.070,3,0,248.720,0,0,24,157,6,24,0
10-07 12:50:26,38.233,22.740,37.983,0.250,0,4679236,137328,205084,2889384,4653.906,1457.344,1835.174,363.836,80.964,30.986,6361,15694,2.300,1.820,1.070,2,1,483.782,0,0,24,171,6,24,0
10-07 12:50:27,46.784,22.766,25.769,3.753,0,4627964,173332,205060,2906064,8350.012,1695.221,50180.130,500.360,564.406,29.021,6840,14336,2.300,1.820,1.070,6,0,269.194,0,0,24,169,6,19,0
10-07 12:50:28,69.743,21.998,5.749,3.000,0,4781896,200576,204872,2729568,58027.081,1619.835,40747.844,8887.094,486.950,481.951,4991,7181,2.300,1.820,1.070,5,0,167.983,0,0,24,177,6,20,0
10-07 12:50:29,70.801,13.961,9.473,5.734,0,4829520,207572,204856,2677664,5683.994,1615.451,57557.917,981.237,770.829,53.848,5053,9567,2.300,1.820,1.070,4,1,53.848,0,0,24,190,6,21,0
10-07 12:50:30,66.697,17.552,10.531,5.015,0,4915740,118160,204872,2681728,7749.924,1462.326,44475.559,1765.222,689.038,127.377,5762,15823,2.430,1.860,1.080,3,0,184.546,0,0,24,192,6,27,0
10-07 12:50:31,41.973,30.231,24.235,3.997,0,4879180,141380,204496,2696888,6317.975,1618.969,51259.348,899.427,520.668,57.963,6750,15386,2.430,1.860,1.080,2,0,487.689,0,0,24,193,6,28,0
10-07 12:50:32,49.735,25.992,20.244,2.249,0,4942616,120728,204324,2655892,10825.655,1619.500,39631.754,331.897,402.876,14.995,5848,12187,2.430,1.860,1.080,4,0,338.895,0,0,24,195,6,28,0
10-07 12:50:33,56.295,29.274,13.010,0.751,0,4962268,122748,204144,2635904,6976.609,1459.173,14335.526,864.695,145.117,69.056,8667,24050,2.430,1.860,1.080,4,0,423.340,0,0,24,197,6,28,0
10-07 12:50:34,63.007,20.002,15.252,0.750,0,5029488,124216,204280,2568808,38919.087,1620.170,1872.197,27118.847,78.008,838.088,10362,17619,2.430,1.860,1.080,4,0,280.029,0,0,24,203,6,32,0
10-07 12:50:35,54.947,24.726,19.481,0,0,5084492,119772,203404,2520184,6276.924,1456.590,95.907,1414.631,4.995,98.904,5589,10152,2.480,1.870,1.090,3,0,417.596,0,0,24,203,6,32,0
10-07 12:50:36,59.875,20.707,17.962,0.499,0,5162260,124040,201812,2440496,4784.999,1616.621,475.007,3364.967,38.919,215.550,10661,24789,2.480,1.870,1.090,3,0,206.568,0,0,24,211,6,34,0
10-07 12:50:37,67.191,11.031,22.063,0.251,0,5259944,128000,199932,2343404,8773.980,1773.048,601.713,9021.685,45.128,750.136,3429,4398,2.480,1.870,1.090,2,1,19.054,0,0,24,215,6,34,0
10-07 12:50:38,62.767,9.252,26.757,0.750,0,5294540,147156,199140,2291368,46250.349,17054.554,612.163,804.215,37.010,70.019,7322,14643,2.480,1.870,1.090,3,0,9.002,0,0,24,227,6,41,0
10-07 12:50:39,39.245,23.747,37.995,0,0,5291988,149764,199148,2291396,11348.423,1859.741,143.980,683.905,8.999,54.992,5534,10751,2.480,1.870,1.090,2,0,392.945,0,0,24,232,6,41,0
10-07 12:50:40,34.990,22.993,40.488,0.500,0,5283100,158104,199148,2292272,6713.047,1693.507,159.953,1287.625,9.997,147.957,6049,10221,2.520,1.890,1.100,2,0,387.887,0,0,24,230,6,41,0
10-07 12:50:41,50.295,16.515,32.029,0,0,5319776,123716,199108,2290052,6611.918,1621.451,144.129,720.645,15.013,46.041,6310,11323,2.520,1.890,1.100,4,0,206.185,0,0,25,231,6,42,0
10-07 12:50:42,70.443,11.741,16.986,0.250,0,5446480,170688,197276,2122640,15004.951,1618.700,607.512,691.445,56.954,41.966,2799,9490,2.520,1.890,1.100,3,0,60.951,0,0,25,235,6,43,0
10-07 12:50:43,64.495,9.499,24.998,1.000,0,5461728,153172,197308,2124760,13162.973,1457.886,619.952,1595.876,41.997,106.992,5847,13093,2.520,1.890,1.100,3,0,52.996,0,0,25,235,6,43,0
10-07 12:50:44,29.658,12.711,57.572,0,0,5499012,128320,197156,2112992,13820.226,3185.142,3.988,382.815,0.997,25.920,3572,6136,2.520,1.890,1.100,1,0,167.482,0,0,25,238,6,44,0
10-07 12:50:45,25.733,5.496,67.705,0.250,0,5497272,130044,197156,2113008,17208.591,3650.580,79.947,611.595,4.997,50.966,2800,4500,2.640,1.930,1.120,1,0,4.997,0,0,25,237,6,45,0
10-07 12:50:46,30.850,3.261,63.204,0.752,0,5502688,132172,196800,2106528,9866475.249,56315.674,4.013,10297.219,1.003,942.039,6797,6900,2.640,1.930,1.120,2,0,1.003,0,0,25,238,6,45,0
10-07 12:50:47,11.240,11.490,74.685,0.250,0,5452756,168360,196804,2120300,12136823.826,43372.223,2062.204,311.728,23.979,17.984,5001,4143,2.640,1.930,1.120,1,0,132.884,0,0,25,237,6,45,0
10-07 12:50:48,16.465,13.971,67.608,0.249,0,5487128,133788,196804,2120500,7121.067,1690.455,0,490.970,0,36.923,2938,4561,2.640,1.930,1.120,2,0,163.657,0,0,25,243,6,45,0
10-07 12:50:49,27.696,3.992,68.865,0.250,0,5506276,132532,196384,2103548,5987.223,1700.655,0,1213.613,0,85.831,2679,4569,2.640,1.930,1.120,0,0,1.996,0,0,25,253,6,47,0
10-07 12:50:50,29.549,6.511,62.103,0.751,0,5533440,141832,195744,2069448,6559.830,1460.411,452.747,685.131,25.041,71.117,4699,9362,2.590,1.930,1.120,1,0,5.008,0,0,25,256,6,49,0
10-07 12:50:51,26.585,4.013,68.719,0.251,0,5537632,137072,195768,2069992,7905.178,1625.176,24.077,21909.783,3.010,111.355,4379,10665,2.590,1.930,1.120,0,0,1.003,0,0,25,259,6,50,0
10-07 12:50:52,27.473,10.740,59.942,1.499,0,5473152,201296,195280,2071992,8370.855,1808.241,103.899,24508.154,10.989,454.558,6455,11606,2.590,1.930,1.120,1,0,114.888,0,0,25,257,6,60,0
10-07 12:50:53,19.956,8.980,70.096,0,0,5523244,151080,195280,2072116,5750.326,1454.794,79.824,339.252,12.971,19.956,2371,3761,2.590,1.930,1.120,1,0,93.793,0,0,25,257,6,60,0
10-07 12:50:54,16.242,8.496,69.716,4.998,0,5528504,129312,196060,2089148,7923.157,1619.215,4661.739,1259.389,831.597,12.994,2779,4481,2.590,1.930,1.120,1,0,0,0,0,25,257,6,60,0
10-07 12:50:55,24.786,4.006,69.601,1.001,0,5531548,124664,196164,2090648,5580.074,1664.408,741.072,2539.675,119.172,86.125,2360,3665,2.540,1.930,1.130,1,0,10.014,0,0,25,259,6,60,0
10-07 12:50:56,22.472,6.991,67.915,1.248,0,5542396,126184,195868,2079372,12964.690,1456.168,687.136,651.181,144.818,19.975,14034,27050,2.540,1.930,1.130,2,0,3.995,0,0,25,259,6,61,0
10-07 12:50:57,23.022,6.506,69.565,0,0,5544708,143268,195536,2061744,8633.115,1621.524,0,868.817,0,152.143,4695,8567,2.540,1.930,1.130,1,0,6.006,0,0,25,259,6,59,0
10-07 12:50:58,22.744,6.998,69.731,0,0,5555072,132892,195544,2061748,6395.292,1619.568,0,267.928,0,24.993,4251,3451,2.540,1.930,1.130,2,0,1.000,0,0,25,259,6,59,0
10-07 12:50:59,26.516,10.006,61.537,0.750,0,5465860,224180,195492,2059788,4968.981,1458.875,1396.838,320.192,132.079,17.010,2933,4749,2.540,1.930,1.130,1,0,223.134,0,0,25,259,6,52,0
10-07 12:51:00,18.294,11.527,69.666,0,0,5503608,186224,195492,2059996,12347.424,1698.046,0,108.258,0,10.024,2917,4723,2.500,1.930,1.130,1,0,228.545,0,0,25,259,6,52,0
10-07 12:51:01,19.186,9.718,70.016,0,0,5482156,207664,195492,2060008,9498.238,1688.354,0,147.507,0,17.940,2588,4217,2.500,1.930,1.130,1,0,111.627,0,0,25,259,6,49,0
10-07 12:51:02,11.772,17.784,69.382,0.250,0,5484660,205000,195512,2060148,15314.204,1623.095,4.008,549.047,1.002,45.086,3453,5468,2.500,1.930,1.130,1,0,279.533,0,0,25,263,6,49,0
10-07 12:51:03,11.226,18.710,69.351,0,0,5485656,203936,195512,2060216,13641.684,1616.526,3.991,0,0.998,0,3349,5155,2.500,1.930,1.130,0,0,281.395,0,0,25,263,6,49,0
10-07 12:51:04,3.750,1.750,93.501,0,0,5485472,204112,195512,2060224,7799.078,1620.016,0,4.000,0,1.000,1512,2506,2.500,1.930,1.130,1,0,9.000,0,0,25,263,6,49,0
10-07 12:51:05,24.257,4.251,70.019,0.250,0,5547048,142456,195528,2060288,7001.947,1458.405,4.001,232.065,1.000,26.007,2034,3529,2.380,1.920,1.130,1,0,20.006,0,0,25,266,6,49,0
10-07 12:51:06,20.749,8.250,69.498,0.500,0,5483076,206244,195544,2060456,12287.656,1619.955,67.998,523.985,5.000,36.999,3713,6415,2.380,1.920,1.130,1,0,104.997,0,0,25,269,6,50,0
10-07 12:51:07,13.000,18.000,68.251,0,0,5482020,207048,195572,2060680,12250.196,1620.026,104.002,276.004,13.000,21.000,3196,4990,2.380,1.920,1.130,1,0,161.003,0,0,25,269,6,50,0
10-07 12:51:08,12.020,18.531,68.614,0,0,5484608,204308,195580,2060824,9549.910,1534.557,108.180,64.107,11.018,6.010,3316,5043,2.380,1.920,1.130,1,0,193.322,0,0,25,269,6,50,0
10-07 12:51:09,13.488,17.984,68.939,0,0,5485888,202716,195580,2061136,5770.870,1618.561,95.915,0,4.996,0,3248,5071,2.380,1.920,1.130,2,0,206.816,0,0,25,269,6,50,0
10-07 12:51:10,24.081,5.017,70.489,0,0,5544592,143916,195580,2061232,6259.181,1699.752,20.068,8.027,2.007,2.007,1812,2975,2.270,1.900,1.130,2,0,12.041,0,0,25,269,6,49,2
10-07 12:51:11,25.979,3.747,68.446,0.250,0,5595060,126072,194192,2032448,4461.471,1456.848,111.911,5563.599,2.998,476.623,2534,3282,2.270,1.900,1.130,4,0,3.997,0,0,25,275,6,49,0
10-07 12:51:12,24.914,3.737,69.511,0.498,0,5512488,208624,194192,2032512,7986.574,1614.456,123.576,446.467,9.966,45.843,2175,3376,2.270,1.900,1.130,1,0,5.979,0,0,25,271,6,49,0
10-07 12:51:13,25.749,3.500,69.747,0,0,5581116,139860,194208,2032632,6951.687,1619.927,19.999,471.979,4.000,42.998,2105,3355,2.270,1.900,1.130,1,0,4.000,0,0,25,271,6,50,0
10-07 12:51:14,26.243,2.749,67.731,0.750,0,5599300,121268,194236,2033012,7210.981,1621.546,479.866,2531.291,5.998,163.954,3454,6541,2.270,1.900,1.130,1,0,1.000,0,0,25,277,6,50,0
10-07 12:51:15,25.518,3.502,69.799,0,0,5537572,182692,194276,2033276,4746.299,1621.127,16.011,368.256,3.002,29.020,1997,3328,2.170,1.890,1.130,2,0,15.010,0,0,25,273,6,50,0
10-07 12:51:16,24.502,6.000,69.506,0,0,5490588,229648,194276,2033304,7111.576,1620.131,0,47011.808,0,170.014,2237,3463,2.170,1.890,1.130,1,0,50.004,0,0,25,273,6,50,0
10-07 12:51:17,9.023,19.801,69.679,0,0,5497916,221104,194280,2034516,7471.171,1535.941,1371.519,1022.624,19.049,14.036,3207,5054,2.170,1.890,1.130,1,0,258.664,0,0,25,273,6,50,0
10-07 12:51:18,15.453,14.456,69.040,0.249,0,5501892,216284,194288,2035352,6371.579,1615.077,570.262,554.310,69.787,30.906,2949,4591,2.170,1.890,1.130,1,0,200.389,0,0,25,273,5,50,0
10-07 12:51:19,23.580,4.515,71.742,0.251,0,5529548,187836,194392,2036040,113375.870,1625.489,670.263,272.922,53.180,11.037,2093,3267,2.170,1.890,1.130,1,0,46.156,0,0,25,273,5,50,0
10-07 12:51:20,26.498,8.249,63.995,0.500,0,5559612,151760,194400,2042028,4834.642,1619.880,5223.613,159.988,75.994,24.998,9530,18561,2.070,1.870,1.130,1,0,36.997,0,0,25,277,5,50,0
10-07 12:51:21,21.428,2.990,73.255,0.498,0,5545408,165552,194420,2042420,11148.774,4527.881,267.108,390.695,19.933,20.930,2402,3852,2.070,1.870,1.130,2,0,0,0,0,25,280,5,50,0
10-07 12:51:22,26.508,7.002,65.019,0.250,0,5583176,126680,194560,2043380,8151.405,1620.478,52.015,800.236,13.004,42.012,10343,20289,2.070,1.870,1.130,1,0,8.002,0,0,25,280,5,50,0
10-07 12:51:23,23.074,6.270,69.974,0.251,0,5617396,124700,193712,2014060,4524.456,1462.673,0,116.372,0,7.022,1853,2890,2.070,1.870,1.130,2,0,7.022,0,0,25,280,5,50,0
10-07 12:51:24,21.666,2.739,73.715,0,0,5630576,124292,193744,2002836,14318.701,3870.054,199.231,792.938,40.842,14.942,1890,2896,2.070,1.870,1.130,2,0,0,0,0,25,280,5,50,0
10-07 12:51:25,25.761,4.252,70.030,0.250,0,5629112,124748,193852,2003876,5410.321,1662.713,0,428.184,0,24.010,2111,3386,1.990,1.860,1.130,3,0,6.003,0,0,25,282,5,50,0
10-07 12:51:26,21.825,2.760,74.758,0.251,0,5635508,127000,193616,1995760,12950.693,4675.134,20.069,441.524,4.014,21.073,1843,2862,1.990,1.860,1.130,1,0,1.003,0,0,25,283,5,50,0
10-07 12:51:27,26.155,5.729,66.757,0.249,0,5623236,133680,194216,2000752,6591.972,1753.608,0,1092.020,0,24.909,8886,17794,1.990,1.860,1.130,1,0,14.946,0,0,25,282,5,50,0
10-07 12:51:28,25.250,6.250,67.000,0,0,5619576,136868,194312,2001124,4730.028,1566.009,0,756.005,0,28.000,9217,18274,1.990,1.860,1.130,1,0,18.000,0,0,25,282,5,50,0
10-07 12:51:29,20.263,8.506,70.546,0,0,5489188,280172,194324,1988196,34381.554,1869.226,0,504.331,0,18.012,2329,3591,1.990,1.860,1.130,1,0,76.050,0,0,25,281,5,50,0
10-07 12:51:30,19.492,11.495,68.972,0,0,5521992,247628,194332,1988076,4962.010,1457.416,0,563.774,0,6.997,2803,4581,1.990,1.860,1.130,1,0,191.923,0,0,25,281,5,43,0
10-07 12:51:31,28.091,4.264,67.218,0,0,5555792,213564,194344,1988328,6020.549,1625.277,60.195,228.743,5.016,19.062,2621,4956,1.990,1.860,1.130,1,0,0,0,0,25,282,5,45,0
10-07 12:51:32,23.426,10.218,65.293,0,0,5524872,244308,194348,1988500,41778.853,1614.892,43.861,167.470,3.987,8.972,3196,6323,1.990,1.860,1.130,4,0,111.647,0,0,25,279,5,44,0
10-07 12:51:33,28.013,3.502,68.032,0,0,5487424,281732,194352,1988520,6726.155,1532.719,0,128.060,0,8.004,2355,4523,1.990,1.860,1.130,3,0,5.002,0,0,25,279,5,44,0
10-07 12:51:34,22.792,7.264,69.880,0.250,0,5540984,228020,194352,1988672,7092.206,1623.022,0,124.231,0,7.013,2119,3175,1.990,1.860,1.130,1,0,65.121,0,0,25,279,5,40,0
10-07 12:51:35,25.199,5.489,68.111,0.499,0,5492956,275740,194392,1988940,6702.367,1842.253,115.765,562.855,3.992,41.915,3302,6019,1.910,1.840,1.130,1,0,53.890,0,0,25,279,6,42,0
10-07 12:51:36,26.242,4.499,68.728,0,0,5550732,217952,194396,1988948,6828.828,1531.513,3.999,299.905,1.000,16.995,2061,3263,1.910,1.840,1.130,2,0,1.999,0,0,25,280,6,40,0
10-07 12:51:37,23.766,6.754,68.545,0,0,5523164,245496,194404,1988964,7353.854,1621.070,0,172.114,0,14.009,2548,4973,1.910,1.840,1.130,3,0,38.025,0,0,25,279,6,42,0
10-07 12:51:38,26.232,3.248,69.202,0.250,0,5562976,205680,194412,1988960,5554.168,1692.832,0,147.898,0,15.989,2324,4398,1.910,1.840,1.130,2,0,0,0,0,25,281,6,36,0
10-07 12:51:39,23.742,4.498,69.977,0,0,5542564,226052,194420,1988992,7394.523,1619.457,0,331.889,0,35.988,2426,4099,1.910,1.840,1.130,2,0,46.984,0,0,25,279,6,36,0
10-07 12:51:40,25.758,3.251,69.772,0,0,5567256,201356,194420,1988996,7662.375,1458.452,0,116.036,0,8.002,2334,4578,1.920,1.850,1.140,1,0,1.000,0,0,25,279,6,37,0
10-07 12:51:41,22.007,6.002,71.023,0,0.250,5551940,216648,194432,1989008,6402.055,1694.544,0,232.074,0,16.005,1972,2878,1.920,1.850,1.140,2,0,32.010,0,0,25,279,6,37,0
10-07 12:51:42,24.083,5.519,67.734,0.502,0,5506724,261732,194476,1989440,7042.296,1774.121,0,4856.756,0,539.863,4061,6391,1.920,1.850,1.140,3,0,70.242,0,0,25,279,6,37,0
10-07 12:51:43,17.217,20.461,60.386,0,0,5509192,259236,194488,1989244,13646.222,1616.946,0,515.027,0,37.928,4625,10352,1.920,1.850,1.140,1,0,449.152,0,0,25,279,6,39,0
10-07 12:51:44,12.244,20.990,65.969,0,0,5507264,261120,194492,1989196,12921.978,1619.245,0,223.896,0,19.991,3733,5955,1.920,1.850,1.140,1,0,382.822,0,0,25,279,6,36,0
10-07 12:51:45,11.741,21.234,66.201,0,0,5513408,254964,194508,1989192,4634.547,1660.763,0,351.738,0,25.981,3804,6369,1.760,1.820,1.130,3,0,399.702,0,0,25,279,6,36,0
10-07 12:51:46,9.259,21.772,66.318,0.250,0,5516092,252224,194520,1989236,5356.485,1621.661,0,544.558,0,44.045,3575,5802,1.760,1.820,1.130,2,0,378.387,0,0,25,279,6,36,0
10-07 12:51:47,11.008,22.267,65.300,0,0,5518752,249544,194528,1989248,7514.719,1459.110,0,608.463,0,24.018,3717,6002,1.760,1.820,1.130,2,0,403.307,0,0,25,279,6,35,0
10-07 12:51:48,12.518,19.779,66.097,0,0,5520256,248012,194528,1989276,7417.934,1622.391,0,32.047,0,8.012,3433,5444,1.760,1.820,1.130,3,0,342.505,0,0,25,279,6,35,0
10-07 12:51:49,11.237,22.225,66.426,0,0,5520720,247528,194536,1989288,7823.230,1618.186,0,127.857,0,10.988,3680,5986,1.760,1.820,1.130,2,0,407.543,0,0,25,279,6,35,0
10-07 12:51:50,12.740,21.484,64.701,0,0,5521968,246252,194540,1989312,6144.300,1456.885,0,127.902,0,13.989,3691,6237,1.620,1.790,1.130,1,0,408.687,0,0,25,279,6,35,0
10-07 12:51:51,11.232,20.468,66.894,0,0,5521756,246428,194540,1989348,5918.631,1765.206,0,23.962,0,5.991,3577,5765,1.620,1.790,1.130,1,0,368.417,0,0,25,279,6,31,0
10-07 12:51:52,17.989,12.992,66.710,0.750,0,5536888,239400,194548,1986184,8264.991,1619.019,1275.227,1587.038,83.949,16.990,2913,4684,1.620,1.790,1.130,1,0,182.889,0,0,25,277,6,31,2
10-07 12:51:53,21.262,7.254,65.036,5.503,0,5561096,192972,194548,2012544,7689.314,1458.818,12202.846,2529.419,959.538,13.007,8602,14704,1.620,1.790,1.130,1,0,6.003,0,0,25,277,6,18,2
10-07 12:51:54,18.989,3.248,76.456,0.250,0,5570348,182032,194548,2014224,13089.382,4445.413,19.988,831.516,3.998,3.998,1737,2667,1.620,1.790,1.130,1,0,2.998,0,0,25,278,6,18,2
10-07 12:51:55,15.999,1.750,79.495,1.000,0,5577136,174248,194580,2015184,20849.749,12642.241,859.948,1459.912,65.996,54.997,2112,3444,1.570,1.770,1.120,1,0,0,0,0,25,278,6,18,2
10-07 12:51:56,16.262,2.252,79.811,0.751,0,5598412,151820,194632,2016276,38458.305,11848.028,992.756,1453.107,62.047,53.040,2260,3143,1.570,1.770,1.120,3,0,0,0,0,25,278,6,18,2
10-07 12:51:57,17.987,1.749,77.695,0.999,0,5600620,148796,194704,2017016,24723.471,10690.420,667.527,1231.127,51.963,51.963,2273,3438,1.570,1.770,1.120,1,0,0.999,0,0,25,278,6,17,2
10-07 12:51:58,17.000,2.250,78.749,1.250,0,5610756,137484,194736,2018156,76983.537,12695.759,791.985,1439.973,60.999,63.999,2486,3772,1.570,1.770,1.120,0,0,1.000,0,0,25,278,6,17,2
10-07 12:51:59,20.583,4.267,72.544,2.259,0,5610564,129952,194228,2027468,13866.158,5682.012,15197.550,1212.912,194.789,54.220,2610,3906,1.570,1.770,1.120,2,0,3.012,0,0,25,280,6,16,2
10-07 12:52:00,23.659,4.483,70.728,0.747,0,5611792,135276,193720,2022264,14736.383,1613.800,0,1821.004,0,66.744,2169,3350,1.520,1.760,1.120,2,0,0.996,0,0,25,280,6,16,2
10-07 12:52:01,22.588,4.769,70.274,1.506,0,5631828,134572,193092,2006224,10052.194,1626.341,0,8882.633,0,569.219,2999,3713,1.520,1.760,1.120,2,0,0,0,0,25,280,6,16,2
10-07 12:52:02,22.739,4.998,70.965,1.499,0,5628428,124912,193604,2018388,15117.577,1619.205,0,2858.596,0,105.948,2284,3432,1.520,1.760,1.120,2,0,0,0,0,25,280,6,16,2
10-07 12:52:03,24.259,3.751,70.777,0.250,0,5554504,209804,193840,2006672,11978.540,1794.680,256.097,896.340,9.003,32.012,1929,2769,1.520,1.760,1.120,4,0,2.001,0,0,25,279,6,16,2
10-07 12:52:04,20.228,3.996,74.671,0.250,0.250,5598016,165228,193876,2007700,11463.814,3545.231,0,687.269,0,3.996,1761,2659,1.520,1.760,1.120,2,0,6.993,0,0,25,280,6,16,2
10-07 12:52:05,24.681,4.487,68.807,0.249,0,5582732,174212,193892,2013328,11746.064,1788.984,247.307,1651.370,18.947,31.911,2422,3208,1.480,1.750,1.120,1,0,2.992,0,0,25,279,6,16,2
10-07 12:52:06,21.003,5.001,72.761,0,0,5584700,165416,194144,2019232,17232.516,4651.679,0,52235.626,0,181.026,2228,3245,1.480,1.750,1.120,2,0,5.001,0,0,25,279,6,16,2
10-07 12:52:07,24.247,5.999,67.741,0.250,0.250,5573256,176020,194204,2019776,21866.179,1767.772,3.999,1935.750,1.000,22.997,9633,19033,1.480,1.750,1.120,2,0,12.998,0,0,25,279,6,15,2
10-07 12:52:08,25.252,6.500,67.505,0,0,5588592,160428,194252,2019952,44706.353,1694.127,0,380.029,0,7.001,8610,17037,1.480,1.750,1.120,1,0,19.001,0,0,25,279,6,15,2
10-07 12:52:09,23.048,4.259,70.646,0,0,5532944,229880,194264,2007256,6132.695,1623.360,0,292.606,0,12.025,2188,3400,1.480,1.750,1.120,1,0,43.089,0,0,25,279,6,15,2
10-07 12:52:10,24.470,5.743,67.666,0,0,5553708,207956,194292,2008452,7260.041,1584.045,0,0,0,0,9560,18990,1.440,1.730,1.120,1,0,15.980,0,0,25,279,6,15,2
10-07 12:52:11,20.045,2.506,76.171,0,0,5596736,164892,194324,2008456,11913.782,3665.239,0,954.145,0,4.009,1847,2799,1.440,1.730,1.120,2,0,7.016,0,0,25,280,6,15,2
10-07 12:52:12,25.754,2.750,70.010,0.500,0,5582572,172064,194372,2014792,8471.161,1794.246,0,1580.216,0,141.019,2113,3265,1.440,1.730,1.120,1,0,4.001,0,0,25,279,6,15,2
10-07 12:52:13,20.414,3.485,74.684,0.249,0,5564832,183264,194660,2020524,12765.004,4631.409,0,1421.985,0,46.802,2239,3391,1.440,1.730,1.120,1,0,5.975,0,0,25,279,6,15,2
10-07 12:52:14,24.362,7.535,66.806,0,0,5573100,174072,194688,2021220,6722.790,1796.227,0,429.969,0,10.046,9235,18159,1.440,1.730,1.120,3,0,13.060,0,0,25,279,6,16,2
10-07 12:52:15,24.659,6.725,66.505,0.249,0,5584020,162904,194732,2021392,7146.700,1526.383,0,832.935,0,45.831,10446,20337,1.410,1.720,1.120,1,0,18.930,0,0,25,279,6,15,2
10-07 12:52:16,23.775,5.005,70.323,0.250,0,5555448,205580,194740,2008528,6962.192,1695.752,0,892.922,0,20.021,1849,2913,1.410,1.720,1.120,1,0,7.007,0,0,25,279,6,15,2
10-07 12:52:17,23.733,5.746,70.449,0,0,5531364,229636,194740,2008556,7887.290,1618.828,0,199.855,0,8.993,2101,3261,1.410,1.720,1.120,2,0,57.958,0,0,25,279,6,15,2
10-07 12:52:18,23.747,6.499,68.241,0,0,5530976,215224,194740,2022320,4782.350,1531.792,0,243.967,0,11.998,12232,23887,1.410,1.720,1.120,1,0,42.994,0,0,25,279,6,15,2
10-07 12:52:19,21.057,3.510,75.204,0.251,0,5551612,192408,194744,2024304,12311.376,5193.078,4.011,1824.947,1.003,17.046,1812,2833,1.410,1.720,1.120,0,0,4.011,0,0,25,282,6,15,2
10-07 12:52:20,21.189,4.487,73.537,0.748,0,5560356,180504,194780,2027364,25387.604,14210.916,1591.399,1679.146,21.937,62.818,2282,3474,1.370,1.710,1.120,2,0,4.986,0,0,25,282,6,15,2
10-07 12:52:21,13.247,2.749,83.481,0.250,0,5560892,178740,194788,2028548,58746.782,12209.253,1091.754,747.832,10.998,25.994,2328,3522,1.370,1.710,1.120,0,0,0,0,0,25,281,6,15,2
10-07 12:52:22,17.068,4.016,77.310,0.502,0,5581848,158764,194832,2027460,125146.839,11819.396,0,1417.685,0,61.246,2289,3459,1.370,1.710,1.120,1,0,0,0,0,25,281,6,15,2
10-07 12:52:23,20.923,0.996,75.723,0.747,0,5584444,156020,194924,2027516,19692.963,12192.400,0,1502.504,0,68.749,2264,3636,1.370,1.710,1.120,1,0,0,0,0,25,281,6,15,2
10-07 12:52:24,16.023,2.253,78.862,1.001,0,5592492,147284,195080,2027980,271473.864,18110.608,0,2066.923,0,87.123,2199,3202,1.370,1.710,1.120,1,0,0,0,0,25,281,6,15,2
10-07 12:52:25,15.777,3.506,80.139,1.252,0,5592496,146528,195368,2028232,105820.493,18311.753,56.097,2360.092,9.016,118.205,2644,3952,1.340,1.700,1.120,0,0,0,0,0,25,281,6,15,2
10-07 12:52:26,16.690,2.989,78.719,0.249,0,5602324,123792,195424,2041020,2264587.687,34619.443,91.673,2714.313,4.982,51.815,2886,3459,1.340,1.700,1.120,0,0,1.993,0,0,25,281,6,15,2
10-07 12:52:27,14.300,4.516,78.776,1.756,0,5603068,154864,194900,2010564,5186266.118,39259.447,10115.414,7662.828,70.246,103.362,4225,4493,1.340,1.700,1.120,1,0,3.011,0,0,25,281,6,15,2
10-07 12:52:28,25.505,4.751,67.264,1.250,0,5610024,130808,198020,2022272,4822.008,1566.327,0,6465.351,0,333.070,3692,6618,1.340,1.700,1.120,1,0,2.000,0,0,25,281,6,15,2
10-07 12:52:29,26.417,5.981,66.541,0.498,0,5636292,139108,197344,1988152,6417.797,1614.916,0,1244.084,0,47.849,3245,3464,1.340,1.700,1.120,1,0,0,0,0,25,281,6,15,2
10-07 12:52:30,22.585,5.521,70.012,1.004,0,5637344,124660,197684,2001936,7243.126,1626.090,0,2457.202,0,104.391,2596,3536,1.320,1.690,1.120,1,0,1.004,0,0,25,281,6,15,2
10-07 12:52:31,22.999,5.750,69.248,1.000,0,5631336,123264,198544,2007524,5817.796,1693.941,0,10391.636,0,131.995,3901,3558,1.320,1.690,1.120,5,0,0,0,0,25,281,6,15,2
10-07 12:52:32,24.910,8.220,64.517,0.747,0,5626508,138360,199028,1998636,7920.407,1687.907,0,160373.053,0,774.205,4000,4251,1.320,1.690,1.120,1,0,0,0,0,25,281,6,12,2
10-07 12:52:33,20.995,3.499,73.732,1.250,0,5635448,173936,194396,1958856,10928.301,4062.996,39.990,3135.226,2.999,174.957,2331,3424,1.320,1.690,1.120,1,0,0,0,0,25,279,6,12,2
10-07 12:52:34,24.750,6.500,67.751,0,0,5544920,264716,194404,1958636,6178.049,1620.013,0,340.003,0,16.000,3949,2688,1.320,1.690,1.120,1,0,5.000,0,0,25,279,6,12,2
10-07 12:52:35,22.256,3.001,73.770,0,0,5573260,233752,194424,1961240,12197.354,3712.021,0,652.179,0,46.013,2112,3144,1.290,1.670,1.120,1,0,4.001,0,0,25,280,6,12,2
10-07 12:52:36,26.496,3.999,67.989,0.250,0,5575800,227236,194648,1964988,43896.669,1631.728,0,2051.657,0,96.984,2431,3603,1.290,1.670,1.120,1,0,5.999,0,0,25,279,6,10,2
10-07 12:52:37,19.057,7.773,73.219,1.254,0,5570576,225728,195228,1971124,19189.492,4731.175,0,36461.238,0,348.043,2662,3084,1.290,1.670,1.120,2,0,12.036,0,0,25,279,6,10,2
10-07 12:52:38,25.180,6.482,67.811,0,0,5559244,236692,195272,1971448,8705.702,1731.168,3.989,1739.146,0.997,13.961,9008,17878,1.290,1.670,1.120,1,0,7.978,0,0,25,279,6,8,2
10-07 12:52:39,25.474,5.994,65.682,0.749,0,5574532,221348,195340,1971436,12932.692,1456.501,0,2629.294,0,110.886,9899,19521,1.290,1.670,1.120,1,0,12.987,0,0,25,279,6,8,2
10-07 12:52:40,24.018,4.253,71.303,0,0,5565784,242680,195388,1958804,10047.415,1695.251,0,556.411,0,19.014,2041,3148,1.270,1.660,1.120,1,0,8.006,0,0,25,279,6,8,2
10-07 12:52:41,22.578,4.516,70.744,1.505,0,5559720,245344,195660,1961972,6266.639,1625.613,1733.987,16.055,248.859,2.007,2125,3491,1.270,1.660,1.120,1,0,6.021,0,0,25,279,6,8,2
10-07 12:52:42,25.165,2.990,69.017,0.997,0,5559808,243360,195692,1963856,9158.037,1453.087,1088.320,2204.546,88.700,45.845,4043,7527,1.270,1.660,1.120,2,0,2.990,0,0,25,280,6,10,2
10-07 12:52:43,31.247,4.250,61.744,1.000,0,5564624,237964,195748,1964396,5160.463,1619.832,271.972,2351.755,16.998,360.962,5347,16640,1.270,1.660,1.120,1,0,34.996,0,0,25,287,6,16,2
10-07 12:52:44,28.098,2.760,66.482,0.753,0,5566380,235192,195864,1965300,6692.350,1625.672,838.927,1160.047,44.154,154.539,4897,9129,1.270,1.660,1.120,1,0,2.007,0,0,25,287,6,14,2
10-07 12:52:45,22.671,7.474,67.015,1.246,0,5513604,286516,195964,1966652,5606.350,1614.342,988.535,1339.306,67.762,152.466,4122,7695,1.250,1.650,1.120,1,0,61.783,0,0,25,289,6,14,2
10-07 12:52:46,12.499,19.748,66.493,0.250,0,5519600,280252,196040,1966844,5828.376,1457.844,4.000,1719.816,1.000,110.988,3686,5946,1.250,1.650,1.120,1,0,299.968,0,0,25,289,6,13,2
10-07 12:52:47,14.507,10.255,68.784,5.753,0,5514788,262392,196172,1989384,7064.447,1736.848,22635.046,388.189,1398.683,22.011,5168,6420,1.250,1.650,1.120,1,1,88.043,0,0,25,289,6,15,2
10-07 12:52:48,12.237,4.495,73.919,8.740,0,5500120,251336,196240,2015040,51665.065,2636.095,25851.512,3667.958,2139.642,154.829,6519,7780,1.250,1.650,1.120,0,0,5.993,0,0,25,290,5,15,2
10-07 12:52:49,4.003,1.001,93.310,0,0,5499880,251336,196260,2015264,25704.631,3514.274,0,652.422,0,31.020,1799,3018,1.250,1.650,1.120,0,0,0,0,0,25,290,5,15,2
10-07 12:52:50,5.749,1.750,88.731,0,0,5509384,241008,196260,2016088,144440.812,4072.149,659.862,195.959,6.999,7.998,1803,2806,1.150,1.620,1.110,1,0,3.999,0,0,25,290,5,15,2
10-07 12:52:51,9.005,4.753,86.048,0.500,0,5503912,243332,196404,2019096,64414.944,119794.846,3149.758,760.424,47.026,10.006,2070,3155,1.150,1.620,1.110,1,0,29.016,0,0,25,289,5,15,2
10-07 12:52:52,3.998,0.750,93.943,0,0,5503912,243332,196404,2019096,9162.448,1565.052,0,0,0,0,1486,2551,1.150,1.620,1.110,0,0,0,0,0,25,289,5,15,2
10-07 12:52:53,3.751,0.500,94.031,0,0,5503892,243332,196404,2019116,5791.923,1554.516,0,0,0,0,1558,2649,1.150,1.620,1.110,0,0,0,0,0,25,289,5,15,2
10-07 12:52:54,3.998,0.750,92.705,0.250,0,5503892,243332,196420,2019100,6290.949,1619.215,0,463.775,0,20.990,1600,2744,1.150,1.620,1.110,0,0,0,0,0,25,289,5,15,1
10-07 12:52:55,5.501,1.500,92.020,0.250,0,5503812,243332,196452,2019148,5775.282,1620.360,16.004,280.062,1.000,43.010,1989,3375,1.130,1.610,1.110,0,0,0,0,0,25,289,5,15,1
10-07 12:52:56,4.433,1.232,93.594,0.246,0,5503812,243332,196456,2019144,15153.381,1668.931,0,457.133,0,28.571,1704,2752,1.130,1.610,1.110,1,0,0,0,0,25,289,5,15,1
10-07 12:52:57,3.807,1.015,93.152,0.254,0,5503772,243332,196460,2019180,14160.153,1555.414,0,113.712,0,16.245,1673,2838,1.130,1.610,1.110,0,0,1.015,0,0,25,289,5,15,1
10-07 12:52:58,3.250,1.500,92.998,0.250,0,5503768,243332,196476,2019168,6177.864,1619.964,0,331.993,0,27.999,1845,3148,1.130,1.610,1.110,0,0,1.000,0,0,25,289,5,15,1
10-07 12:52:59,5.999,0.750,93.728,0,0,5503752,243332,196476,2019184,4874.864,1693.605,0,0,0,0,1547,2716,1.130,1.610,1.110,0,0,0,0,0,25,289,5,15,1
10-07 12:53:00,3.751,0.750,94.278,0,0,5503752,243332,196476,2019184,13837.151,1458.438,0,0,0,0,1627,2656,1.040,1.590,1.100,0,0,1.000,0,0,25,289,5,15,1
10-07 12:53:01,4.000,1.250,93.757,0,0,5503744,243332,196484,2019184,9490.721,1620.123,0,180.014,0,12.001,1571,2585,1.040,1.590,1.100,0,0,0,0,0,25,289,5,15,1
10-07 12:53:02,4.000,2.250,93.243,0,0,5504416,242660,196484,2019184,15124.866,1619.879,0,17766.667,0,47.996,1638,2575,1.040,1.590,1.100,0,0,0,0,0,25,289,5,15,1
10-07 12:53:03,4.250,1.500,94.244,0,0.250,5504512,242660,196484,2019192,11411.270,1531.902,0,143.991,0,1.000,1442,2450,1.040,1.590,1.100,1,0,0,0,0,25,289,5,15,1
10-07 12:53:04,3.497,0.999,93.658,0.250,0,5504512,242660,196484,2019192,7762.354,1618.406,0,2221.812,0,298.706,1911,2521,1.040,1.590,1.100,0,0,0,0,0,25,289,5,15,1
10-07 12:53:05,4.754,1.501,92.836,0.500,0,5504508,242660,196492,2019188,7571.003,1621.500,0,148.137,0,22.020,1808,3116,0.960,1.560,1.100,0,0,0,0,0,25,289,5,15,1
10-07 12:53:06,4.250,1.000,93.998,0,0,5504476,242660,196508,2019204,10955.715,1457.962,0,427.989,0,24.999,1707,2807,0.960,1.560,1.100,0,0,0,0,0,25,289,5,15,1
10-07 12:53:07,4.750,1.750,92.991,0.250,0,5505456,241664,196516,2019200,12831.768,1619.844,0,30313.090,0,257.975,2010,2833,0.960,1.560,1.100,0,0,0,0,0,25,289,5,15,1
10-07 12:53:08,4.251,0.500,93.281,0.250,0,5505516,241860,196528,2019204,7550.469,1620.530,4.001,528.173,1.000,15.005,1676,2843,0.960,1.560,1.100,3,0,0,0,0,25,289,5,15,1
10-07 12:53:09,3.501,0.500,94.517,0,0,5505444,241924,196528,2019212,28470.267,1620.300,0,8.001,0,1.000,1495,2520,0.960,1.560,1.100,0,0,0,0,0,25,289,5,15,1
10-07 12:53:10,2.257,2.257,94.527,0,0,5506428,240940,196528,2019212,5289.504,1462.286,0,0,0,0,1596,2681,0.880,1.530,1.090,0,0,1.003,0,0,25,289,5,15,1
10-07 12:53:11,3.740,0.997,94.252,0,0,5506452,240916,196528,2019212,6102.961,1689.560,0,43.885,0,2.992,1455,2551,0.880,1.530,1.090,0,0,0,0,0,25,289,5,15,1
10-07 12:53:12,4.752,1.751,93.531,0,0,5506668,240692,196536,2019212,9526.134,1620.533,0,128.042,0,15.005,1703,2998,0.880,1.530,1.090,0,0,1.000,0,0,25,289,5,15,1
10-07 12:53:13,4.744,1.997,92.623,0.250,0,5506640,240692,196556,2019220,7140.232,1691.686,0,2704.301,0,34.952,1839,3124,0.880,1.530,1.090,0,0,0.999,0,0,25,289,5,16,1
10-07 12:53:14,4.251,1.250,93.266,0,0,5506864,240468,196556,2019220,5697.957,1620.272,0,4.001,0,1.000,1589,2755,0.880,1.530,1.090,0,0,0,0,0,25,289,5,17,1
10-07 12:53:15,4.500,1.250,93.507,0.250,0,5506848,240468,196572,2019220,6078.474,1458.114,0,208.016,0,27.002,1893,3362,0.810,1.510,1.080,0,0,0,0,0,25,289,5,15,1
10-07 12:53:16,4.000,0.500,94.011,0,0,5506840,240468,196576,2019224,6023.675,1620.181,0,648.073,0,42.005,1571,2729,0.810,1.510,1.080,0,0,0,0,0,25,289,5,15,1
10-07 12:53:17,3.749,1.500,94.485,0,0,5506772,240468,196580,2019288,8277.659,1619.738,0,27.995,0,3.999,1454,2572,0.810,1.510,1.080,1,0,0,0,0,25,289,5,15,1
10-07 12:53:18,3.501,0.500,94.530,0,0,5506768,240468,196580,2019292,33181.685,1458.470,0,12.004,0,3.001,1486,2682,0.810,1.510,1.080,0,0,0,0,0,25,289,5,15,1
10-07 12:53:19,4.501,1.000,94.514,0,0,5506768,240468,196580,2019292,7516.135,1620.245,0,4.001,0,1.000,1460,2609,0.810,1.510,1.080,0,0,0,0,0,25,289,5,15,1
10-07 12:53:20,5.752,2.251,91.539,0.250,0,5518596,228124,196580,2019808,4886.086,1458.623,0,856.366,0,167.071,1861,2722,0.750,1.480,1.080,1,0,3.001,0,0,25,289,5,15,1
10-07 12:53:21,7.502,3.001,88.529,0,0,5491720,252196,196580,2022612,51392.600,4194.355,2608.843,12.004,30.010,1.000,2099,3155,0.750,1.480,1.080,0,0,2.001,0,0,25,289,5,15,1
10-07 12:53:22,10.990,3.996,83.176,0,0,5502732,240648,196600,2023128,226177.928,5419.182,467.584,183.837,9.991,7.993,2173,3329,0.750,1.480,1.080,1,0,15.986,0,0,25,289,5,15,1
10-07 12:53:23,13.498,6.249,79.737,0.500,0,5511592,232260,196600,2022656,345390.083,9716.455,151.976,199.968,5.999,8.999,2376,3469,0.750,1.480,1.080,1,0,29.995,0,0,25,289,5,15,1
