"pcp-dstat 5.3.6 CSV Output"
"Author:","PCP team <pcp@groups.io> and Dag Wieers <dag@wieers.com>",,,,"URL:","https://pcp.io/ and http://dag.wieers.com/home-made/dstat/"
"Host:","ubuntu",,,,"User:","ubuntu"
"Cmdline:","dstat -tcmndrylpg --tcp --output /tmp/devstack_logs/dstat-csv.log",,,,"Date:","19 Jan 2026 11:52:38 UTC"
"system","total usage",,,,,"memory usage",,,,"net/total",,"dsk/total",,"io/total",,"system",,"load avg",,,"procs",,,"paging",,"tcp sockets",,,,
"time","total usage:usr","total usage:sys","total usage:idl","total usage:wai","total usage:stl","used","free","buf","cach","net/total:recv","net/total:send","dsk/total:read","dsk/total:writ","read","writ","int","csw","1m","5m","15m","run","blk","new","in","out","lis","act","syn","tim","clo"
19-01 11:52:38,,1009156,466208,178152,6107944,,,,,,,1.150,0.940,0.580,4,0,,,,9,5,6,11,1
19-01 11:52:39,20.963,19.216,57.398,0.499,0,1023636,451328,178176,6108264,45193.871,12621.622,0,2283.951,0,92.835,3242,5340,1.150,0.940,0.580,4,0,375.335,0,0,9,4,6,11,2
19-01 11:52:40,25.802,22.044,50.602,0.752,0,1026668,422668,178352,6131528,397177.120,9342.798,0,3054.145,0,89.179,3108,4788,1.150,0.940,0.580,2,0,374.754,0,0,9,4,6,11,2
19-01 11:52:41,35.690,18.469,44.675,0.250,0,1053452,375428,178868,6149356,6197.582,1563.372,0,1784.999,0,61.896,4003,9135,1.220,0.960,0.580,2,1,242.592,0,0,9,4,6,11,2
19-01 11:52:42,28.231,11.492,58.210,1.249,0,1170588,228012,180216,6299260,9272.602,1712.818,0,4153.134,0,164.886,4116,7467,1.220,0.960,0.580,1,0,48.966,0,0,10,4,6,11,2
19-01 11:52:43,30.267,9.255,59.032,0.750,0,1170288,198204,181296,6325180,13214.228,2873.572,0,2841.554,0,95.052,2152,2924,1.220,0.960,0.580,1,0,101.055,0,0,10,7,6,11,2
19-01 11:52:44,34.744,12.748,51.241,0.250,0,1119128,265364,181316,6309500,7652.645,3035.463,79.986,983.826,1.000,30.995,2322,3334,1.220,0.960,0.580,2,0,188.967,0,0,10,4,6,13,0
19-01 11:52:45,39.828,5.761,54.106,0.250,0,1214032,164436,181532,6314892,15847.951,3606.043,0,17317.822,0,440.861,1670,1553,1.220,0.960,0.580,2,0,5.010,0,0,10,5,6,13,0
19-01 11:52:46,36.167,8.481,47.391,7.233,0,1226676,142620,182188,6322456,10887.069,2917.319,0,20054.076,0,1770.945,10823,17500,1.280,0.970,0.590,1,0,51.881,0,0,10,7,6,13,0
19-01 11:52:47,33.564,7.514,45.587,9.769,0,1218200,138628,183356,6332332,12580.879,3667.962,0,46127.550,0,3351.361,20196,36323,1.280,0.970,0.590,3,0,48.091,0,0,10,4,6,13,0
19-01 11:52:48,42.764,12.004,43.264,1.250,0,1193056,162896,183556,6332792,11737.744,1620.517,0,13776.395,0,694.221,11698,23811,1.280,0.970,0.590,2,0,89.028,0,0,10,4,6,13,0
19-01 11:52:49,43.667,7.735,48.408,0,0,1120620,249156,183636,6320408,8104.520,1563.015,0,1177.750,0,33.935,1541,1758,1.280,0.970,0.590,2,0,23.954,0,0,10,4,6,13,0
19-01 11:52:50,43.991,8.498,47.491,0.250,0,1173080,196984,183652,6320328,10294.982,1661.674,0,37604.629,0,359.929,2228,2694,1.280,0.970,0.590,2,0,13.997,0,0,10,4,6,13,0
19-01 11:52:51,28.250,8.000,62.749,0.250,0,1084156,285844,183652,6320328,9434.915,1619.985,0,2927.974,0,118.999,1769,2025,1.340,0.990,0.600,1,0,118.999,0,0,10,4,6,13,0
19-01 11:52:52,9.758,19.266,70.307,0,0,1083920,286044,183652,6320364,7537.120,1513.229,0,8.007,0,2.002,2375,3232,1.340,0.990,0.600,1,0,252.205,0,0,10,4,6,13,0
19-01 11:52:53,9.994,20.487,68.456,0,0.250,1085992,283952,183652,6320380,10478.273,1618.961,0,23.985,0,5.996,2376,3252,1.340,0.990,0.600,1,0,252.838,0,0,10,4,6,13,0
19-01 11:52:54,13.275,18.285,66.876,0,0,1085168,284380,183652,6320848,8369.794,1697.203,0,16.030,0,4.008,3491,5926,1.340,0.990,0.600,5,0,185.350,0,0,10,4,6,13,0
19-01 11:52:55,38.997,12.499,47.496,0,0,1192008,177488,183652,6321124,6505.512,1619.879,0,11287.153,0,31.998,2811,5027,1.340,0.990,0.600,5,0,158.988,0,0,10,5,6,13,0
19-01 11:52:56,46.993,2.750,48.993,0.250,0,1241716,127340,183652,6321568,11652.357,1565.779,0,1643.768,0,138.980,1448,1213,1.390,1.010,0.610,3,0,0,0,0,10,5,6,13,0
19-01 11:52:57,34.894,9.471,53.837,0.249,0,1247164,123140,183656,6320220,10596.934,1615.113,15.952,1080.730,1.994,52.840,3407,7669,1.390,1.010,0.610,3,0,112.659,0,0,10,4,6,14,0
19-01 11:52:58,1.001,0.500,97.338,0.250,0,1247772,122412,183668,6320408,9713.762,1513.365,24.022,388.350,2.002,26.023,733,1141,1.390,1.010,0.610,0,0,5.005,0,0,10,4,6,14,0
19-01 11:52:59,15.755,7.503,75.275,0,0,1291884,134856,181904,6266172,9275.126,1620.546,60.020,13032.392,4.001,162.055,1711,1764,1.390,1.010,0.610,2,0,23.008,0,0,10,4,6,14,0
19-01 11:53:00,23.753,2.000,74.011,0,0,1327524,125056,181468,6240848,4929.705,1620.232,440.063,0,7.001,0,873,1053,1.390,1.010,0.610,3,0,0,0,0,10,4,6,14,0
19-01 11:53:01,23.746,6.749,66.237,1.750,0,1351368,122664,181308,6219652,9028.294,1619.694,215.959,123728.615,5.999,740.860,4261,6119,1.360,1.010,0.610,1,0,1.000,0,0,10,4,6,16,0
19-01 11:53:02,19.797,5.513,73.673,0.251,0,1311816,161232,181596,6220348,9206.636,1623.816,1142.685,0,44.104,0,1200,1485,1.360,1.010,0.610,1,0,42.099,0,0,10,4,6,16,0
19-01 11:53:03,22.998,2.750,73.243,0.500,0,1338656,133540,181816,6220972,9800.069,1767.832,563.946,1575.850,73.993,16.998,1613,2554,1.360,1.010,0.610,2,0,3.000,0,0,10,29,6,16,0
19-01 11:53:04,20.202,5.986,72.578,0.499,0,1322136,149988,181848,6221068,7865.390,1690.001,0,2518.042,0,125.703,1490,2097,1.360,1.010,0.610,2,0,42.899,0,0,10,28,6,16,0
19-01 11:53:05,20.549,10.525,68.162,0,0,1288512,183480,181848,6221200,10254.334,1461.468,24.057,56.133,5.012,9.021,1997,3017,1.360,1.010,0.610,3,0,156.371,0,0,10,28,6,17,0
19-01 11:53:06,43.242,7.499,47.991,0.500,0,1406428,131016,181232,6157056,9221.312,1693.690,83.985,2935.463,10.998,357.934,2230,2600,1.410,1.020,0.620,4,0,0,0,0,10,29,6,17,0
19-01 11:53:07,45.759,17.253,36.257,0.250,0,1356264,180200,181284,6158028,8089.513,1620.303,920.172,520.097,34.006,44.008,4923,10052,1.410,1.020,0.620,6,0,402.075,0,0,10,28,6,18,0
19-01 11:53:08,80.753,17.001,2.000,0.250,0,1563820,135340,180312,5999508,5315.207,1662.065,1444.056,92.004,142.006,7.000,3351,5567,1.410,1.020,0.620,6,0,165.006,0,0,10,30,6,18,0
19-01 11:53:09,79.442,14.240,5.746,0.250,0,1413260,373412,180136,5914076,9348.195,1618.821,1183.139,3273.617,145.894,397.710,4832,10920,1.410,1.020,0.620,2,0,211.846,0,0,10,28,6,18,0
19-01 11:53:10,32.023,9.006,57.541,0,0,1310208,476144,180156,5914436,9707.893,1695.204,60.043,360.256,12.009,35.025,2374,5378,1.410,1.020,0.620,3,0,110.078,0,0,10,28,6,18,0
19-01 11:53:11,22.498,3.250,73.744,0,0,1361080,425240,180168,5914456,9050.294,1735.865,7.999,151.988,2.000,7.999,1573,2387,1.380,1.020,0.620,2,0,0,0,0,10,29,6,18,0
19-01 11:53:12,18.704,7.731,72.822,0,0,1332968,453316,180180,5914480,8902.216,1528.260,7.980,191.531,1.995,18.954,1950,2878,1.380,1.020,0.620,2,0,67.834,0,0,10,28,6,18,0
19-01 11:53:13,23.038,3.005,72.621,0.250,0,1292676,493592,180184,5914492,9184.338,1622.710,0,232.388,0,23.038,1743,3150,1.380,1.020,0.620,2,0,24.040,0,0,10,28,6,18,0
19-01 11:53:14,9.245,21.987,68.711,0,0.250,1294320,491728,180184,5914712,9529.530,1619.071,199.885,187.892,5.997,9.994,2529,3232,1.380,1.020,0.620,1,0,343.803,0,0,10,28,6,17,0
19-01 11:53:15,23.284,28.792,46.568,0,0,1371868,414176,180188,5914712,5644.212,1696.468,80.117,232.338,1.001,21.031,2801,4752,1.380,1.020,0.620,7,0,625.911,0,0,10,28,6,17,0
19-01 11:53:16,83.752,13.000,3.250,0,0,1600096,185640,180208,5915000,6478.130,1662.033,160.003,644.013,6.000,42.001,2934,4725,1.670,1.090,0.640,6,0,45.001,0,0,10,30,6,17,0
19-01 11:53:17,78.746,13.749,7.000,0,0,1422916,362440,180216,5915356,13255.244,1619.908,0,827.953,0,80.995,4160,13066,1.670,1.090,0.640,6,0,116.993,0,0,10,29,6,19,0
19-01 11:53:18,84.505,13.001,2.750,0,0,1560080,225112,180216,5915520,8418.514,1620.099,0,240.015,0,23.001,3184,6241,1.670,1.090,0.640,7,0,157.010,0,0,10,29,6,19,0
19-01 11:53:19,83.999,11.000,3.750,0,0,1470460,314416,180220,5915832,9019.856,1659.973,4.000,195.997,1.000,11.000,4763,14347,1.670,1.090,0.640,5,0,113.998,0,0,10,28,6,19,0
19-01 11:53:20,45.245,11.249,42.745,0.500,0,1304592,479900,180244,5916192,8397.093,1565.831,0,339.963,0,34.996,3085,7916,1.670,1.090,0.640,4,0,215.977,0,0,10,28,6,18,0
19-01 11:53:21,43.407,6.985,49.893,0,0,1430884,353576,180248,5916220,8955.763,1616.528,3.991,159.657,0.998,9.979,1337,2057,1.700,1.100,0.650,5,0,4.989,0,0,10,28,6,19,0
19-01 11:53:22,48.609,16.036,34.578,0,0,1400124,384280,180260,5916264,10059.624,1623.652,0,296.667,0,25.056,3278,6863,1.700,1.100,0.650,5,0,378.852,0,0,10,28,6,19,0
19-01 11:53:23,61.746,7.500,30.248,0,0,1505516,278720,180260,5916432,5648.661,1619.903,0,259.984,0,17.999,3958,8482,1.700,1.100,0.650,4,0,0,0,0,10,30,6,23,0
19-01 11:53:24,75.749,17.250,7.000,0.250,0,1510232,273928,180268,5916500,9814.853,1619.976,0,431.994,0,33.999,2833,5256,1.700,1.100,0.650,5,0,257.996,0,0,10,28,6,25,0
19-01 11:53:25,67.730,11.205,19.672,0,0,1505756,278060,180276,5916836,9262.137,1613.578,0,382.478,0,33.865,5256,13098,1.700,1.100,0.650,8,0,120.520,0,0,10,28,6,26,0
19-01 11:53:26,69.024,13.554,17.821,0,0,1493404,290368,180276,5916880,6973.693,1518.028,0,200.797,0,10.040,1697,2695,1.960,1.170,0.680,4,0,203.809,0,0,10,29,6,25,0
19-01 11:53:27,58.999,14.750,24.999,0.250,0,1367492,414912,180280,5918244,9544.761,1693.958,1243.969,479.988,12.000,53.999,4443,11424,1.960,1.170,0.680,4,0,298.993,0,0,10,28,6,28,0
19-01 11:53:28,63.190,9.241,27.224,0.250,0,1508256,274044,180320,5918308,7418.959,1638.445,0,3224.940,0,188.821,2747,5940,1.960,1.170,0.680,8,0,0,0,0,10,29,6,26,1
19-01 11:53:29,62.310,17.016,21.270,0,0,1445512,336548,180328,5918540,10181.754,1621.553,0,240.230,0,12.012,3383,6579,1.960,1.170,0.680,5,0,288.276,0,0,10,28,6,27,0
19-01 11:53:30,64.186,8.991,26.224,0,0,1463404,318032,180344,5921384,7371.599,1618.375,7.992,431.567,0.999,37.962,4118,10926,1.960,1.170,0.680,4,0,67.932,0,0,10,28,6,29,0
19-01 11:53:31,64.649,10.983,23.963,0,0,1502368,279012,180348,5919200,5345.650,1617.474,0,215.663,0,12.980,1665,7853,2.210,1.230,0.700,2,0,77.878,0,0,10,31,6,30,0
19-01 11:53:32,58.406,18.800,22.811,0,0,1385348,395832,180360,5919388,9135.465,1624.350,0,497.332,0,52.140,5326,11502,2.210,1.230,0.700,8,0,389.042,0,0,10,28,6,32,0
19-01 11:53:33,85.236,13.748,0.750,0,0,1605416,175640,180368,5919472,7174.852,1511.758,0,379.939,0,24.996,2819,4653,2.210,1.230,0.700,8,0,120.981,0,0,10,29,6,32,0
19-01 11:53:34,80.380,17.474,1.997,0,0,1504256,276560,180380,5919700,9271.167,1563.667,0,547.184,0,43.934,4887,8484,2.210,1.230,0.700,10,0,292.563,0,0,10,28,6,29,0
19-01 11:53:35,82.039,14.257,3.752,0,0,1651684,128920,180384,5919908,7569.641,1736.835,16.008,364.175,1.000,24.012,3685,7368,2.210,1.230,0.700,7,0,179.086,0,0,10,31,6,29,0
19-01 11:53:36,69.578,23.276,5.006,0,0,1421236,359148,180392,5920136,9046.104,1695.894,0,412.461,0,26.029,5288,12318,2.510,1.310,0.730,4,0,508.568,0,0,10,28,6,29,0
19-01 11:53:37,48.246,25.998,24.248,0,0,1379276,400988,180392,5920256,6479.456,1619.864,0,231.981,0,8.999,6041,12371,2.510,1.310,0.730,5,0,676.943,0,0,10,28,6,30,0
19-01 11:53:38,9.992,21.232,65.946,0,0,1316496,463628,180396,5920392,5162.741,1618.665,0,211.825,0,11.990,2663,3682,2.510,1.310,0.730,3,0,388.679,0,0,10,28,6,30,0
19-01 11:53:39,41.031,31.274,26.520,0,0,1423288,356820,180400,5920404,4537.412,1621.219,4.003,52.039,1.001,13.010,2841,5973,2.510,1.310,0.730,10,0,835.628,0,0,10,28,6,30,0
19-01 11:53:40,78.479,17.995,2.749,0,0,1528692,251188,180404,5920628,11469.892,1511.590,3.999,6958.114,1.000,198.946,4744,9340,2.510,1.310,0.730,9,0,317.914,0,0,10,29,6,30,0
19-01 11:53:41,78.271,19.505,1.250,0,0,1541988,237840,180412,5920672,8601.357,1620.444,20.005,548.150,4.001,46.013,4910,10122,2.870,1.410,0.760,7,0,368.101,0,0,10,28,6,30,0
19-01 11:53:42,82.636,15.479,1.748,0,0,1566076,212828,180444,5921556,9414.018,1657.714,754.959,299.587,17.975,14.979,5216,9830,2.870,1.410,0.760,9,0,148.795,0,0,10,30,6,30,0
19-01 11:53:43,83.264,12.465,2.742,0,0,1686152,133080,180376,5882156,13795.957,4595.993,11.966,4602.974,2.992,306.134,4720,12921,2.870,1.410,0.760,7,0,16.952,0,0,10,30,6,31,0
19-01 11:53:44,85.097,10.794,4.518,0.251,0,1611428,213332,180680,5875804,9372.201,1801.342,0,1638.679,0,118.483,5641,15314,2.870,1.410,0.760,7,0,62.254,0,0,10,30,5,30,0
19-01 11:53:45,84.269,12.753,2.501,0,0,1534072,289440,180748,5876792,8166.829,1620.363,4.001,920.206,1.000,37.008,4410,13241,2.870,1.410,0.760,8,0,108.024,0,0,10,29,5,30,0
19-01 11:53:46,82.169,13.944,3.735,0,0,1581016,241636,180764,5877572,5480.950,1613.509,91.631,306.766,3.984,14.940,5406,43015,3.120,1.480,0.790,7,0,41.832,0,0,10,29,5,31,0
19-01 11:53:47,81.493,13.499,4.500,0,0,1603216,218540,180816,5878384,135525.022,7640.381,0,1983.839,0,32.997,4940,13768,3.120,1.480,0.790,6,0,138.989,0,0,10,32,5,31,0
19-01 11:53:48,84.333,10.793,4.016,0,0,1584652,235984,180940,5879348,532724.796,13194.130,0,1827.219,0,70.278,4751,12137,3.120,1.480,0.790,6,0,93.369,0,0,10,31,5,31,0
19-01 11:53:49,81.758,12.001,5.751,0,0,1643920,176384,181060,5879528,76665.513,9026.885,0,1272.125,0,63.006,6227,12800,3.120,1.480,0.790,7,0,56.005,0,0,10,32,5,32,0
19-01 11:53:50,81.749,11.750,6.750,0,0,1589544,230372,181156,5879748,28637.656,6525.922,0,1035.988,0,56.999,4595,11253,3.120,1.480,0.790,7,0,93.999,0,0,10,32,5,32,0
19-01 11:53:51,81.282,12.467,5.236,0,0,1597684,221528,181288,5880284,66052.112,6994.269,0,1017.276,0,44.880,4478,10619,3.350,1.560,0.820,8,0,99.733,0,0,10,32,5,32,0
19-01 11:53:52,83.891,12.771,3.005,0.250,0.250,1597988,219776,181308,5881644,15667.274,3787.351,4.007,508.853,1.002,28.047,4004,11747,3.350,1.560,0.820,7,0,90.151,0,0,10,31,5,32,0
19-01 11:53:53,85.554,12.508,2.251,0.250,0,1647500,163584,181812,5886900,12634.960,1869.178,0,1248.787,0,29.018,3871,6862,3.350,1.560,0.820,7,0,133.084,0,0,10,31,5,32,0
19-01 11:53:54,81.954,13.701,3.986,0,0,1539892,270000,181912,5887840,15516.937,4714.965,0,1096.040,0,44.838,5588,12388,3.350,1.560,0.820,6,0,94.658,0,0,10,32,5,32,0
19-01 11:53:55,84.083,13.554,2.008,0,0,1584404,225356,182024,5887824,26387.389,6617.178,0,1228.861,0,64.254,3464,7048,3.350,1.560,0.820,7,0,140.556,0,0,10,31,5,32,0
19-01 11:53:56,82.505,12.251,5.250,0,0,1660112,149104,182120,5888192,26331.712,7338.477,0,1128.073,0,64.004,4251,11309,3.480,1.620,0.840,6,0,43.003,0,0,10,32,5,32,0
19-01 11:53:57,80.968,14.994,3.998,0.250,0,1596920,211660,182224,5888684,20336.845,6501.393,0,1167.532,0,62.975,5742,12383,3.480,1.620,0.840,5,0,182.927,0,0,10,31,5,33,0
19-01 11:53:58,82.453,12.704,4.733,0,0,1586348,221864,182308,5888932,25194.150,6383.979,3.986,1227.573,0.996,78.716,4898,11595,3.480,1.620,0.840,6,0,77.720,0,0,10,32,5,34,0
19-01 11:53:59,79.053,16.564,3.263,0,0,1573068,234632,182388,5889280,16820.507,3528.532,4.015,662.541,1.004,26.100,2748,5300,3.480,1.620,0.840,5,0,196.755,0,0,10,32,5,33,0
19-01 11:54:00,85.449,8.995,5.247,0,0,1629892,170840,182876,5894864,15415.766,2789.329,0,1127.325,0,31.981,4863,13509,3.480,1.620,0.840,6,0,0.999,0,0,10,31,5,33,0
19-01 11:54:01,72.609,15.470,11.228,0,0,1481400,317272,183044,5896440,12332.051,4168.904,3.992,1493.100,0.998,51.899,2924,5191,3.690,1.690,0.870,3,0,284.448,0,0,10,30,6,33,0
19-01 11:54:02,66.417,9.775,24.812,0.251,0,1509268,288896,183144,5896732,23940.186,6625.657,0,1014.551,0,48.121,3653,9790,3.690,1.690,0.870,5,0,34.086,0,0,10,32,6,33,0
19-01 11:54:03,73.513,10.502,14.503,0,0,1553900,243788,183232,5897084,58553.188,5137.894,0,844.147,0,52.009,3471,6446,3.690,1.690,0.870,5,0,79.014,0,0,10,36,6,33,0
19-01 11:54:04,77.999,13.750,7.500,0,0,1488888,301520,183748,5902940,11752.824,1933.971,0,1123.983,0,43.999,5605,11475,3.690,1.690,0.870,4,0,77.999,0,0,10,35,6,33,0
19-01 11:54:05,76.246,10.999,12.749,0,0,1539608,248908,183916,5904344,37465.827,3444.800,0,879.949,0,25.998,4251,9190,3.690,1.690,0.870,4,0,94.994,0,0,10,35,6,33,0
19-01 11:54:06,79.743,10.499,9.249,0,0,1552368,234776,183940,5905632,17510.547,3652.697,0,451.962,0,21.998,4025,8244,3.710,1.730,0.890,4,0,88.993,0,0,10,35,6,33,0
19-01 11:54:07,79.248,12.000,8.000,0.250,0,1486028,293712,184560,5911324,9550.771,2411.942,0,1359.967,0,32.999,3640,6963,3.710,1.730,0.890,5,0,137.997,0,0,10,35,6,31,0
19-01 11:54:08,69.262,12.252,17.753,0.250,0,1482696,296544,184748,5911528,169192.763,12099.057,0,2356.401,0,109.019,4523,7224,3.710,1.730,0.890,7,0,167.028,0,0,10,34,6,31,0
19-01 11:54:09,70.990,8.249,20.497,0,0,1589256,153152,184808,5948116,18431717.128,91829.052,0,18517.389,0,54.992,8626,11892,3.710,1.730,0.890,4,0,3.000,0,0,10,36,6,32,0
19-01 11:54:10,66.490,15.498,17.247,0.500,0,1516204,190112,185100,5982936,17909967.775,81365.551,0,19936.950,0,165.975,7660,7146,3.710,1.730,0.890,3,0,169.974,0,0,10,34,6,32,0
19-01 11:54:11,62.765,12.253,23.256,0.250,0,1514072,180208,185276,5994472,5790831.590,24273.850,0,7737.865,0,125.030,6040,13185,3.730,1.770,0.900,4,0,98.024,0,0,10,35,6,32,0
19-01 11:54:12,73.750,12.750,13.750,0,0,1514676,167968,185356,6005512,5672942.692,28794.115,0,6300.025,0,53.000,8392,22444,3.730,1.770,0.900,7,0,273.001,0,0,10,35,6,32,0
19-01 11:54:13,62.573,11.717,24.929,0.499,0,1457888,224084,185408,6006076,10275.858,1615.419,0,1104.867,0,37.893,4715,9586,3.730,1.770,0.900,5,0,146.584,0,0,10,34,6,35,0
19-01 11:54:14,65.688,10.029,24.069,0,0,1506432,174380,185628,6006908,6704.140,1462.175,4.011,22030.898,1.003,575.643,3930,5419,3.730,1.770,0.900,4,0,4.011,0,0,10,35,6,36,0
19-01 11:54:15,62.079,10.721,24.682,1.247,0,1463704,177348,186556,6043148,8428.821,1615.557,0,5205.684,0,207.430,2812,5039,3.730,1.770,0.900,4,0,69.808,0,0,10,34,6,36,0
19-01 11:54:16,63.672,12.032,23.814,1.253,0,1432340,195436,187376,6052316,7312.730,1698.583,8.022,69740.159,2.005,589.591,3646,5207,3.680,1.790,0.910,5,0,22.060,0,0,10,35,6,36,0
19-01 11:54:17,58.746,15.749,24.748,0.500,0,1465324,130668,199120,6061320,5854.625,1693.892,751.952,28094.202,55.996,325.979,3434,5284,3.680,1.790,0.910,3,0,76.995,0,0,10,34,6,35,0
19-01 11:54:18,65.002,9.250,25.001,0.250,0,1513204,203660,200248,5942864,6022.151,1968.049,8.000,10324.258,1.000,67.002,3095,6503,3.680,1.790,0.910,3,0,0,0,0,10,33,6,36,0
19-01 11:54:19,64.004,10.501,25.252,0.250,0,1458644,258852,200260,5943016,8861.558,1620.102,48.003,780.049,9.001,21.001,2268,3503,3.680,1.790,0.910,4,0,147.009,0,0,10,32,6,36,0
19-01 11:54:20,72.246,12.499,14.249,0.250,0,1501908,201652,200396,5956792,6397.674,1457.926,1583.919,1787.909,20.999,15.999,6879,15060,3.680,1.790,0.910,5,0,185.991,0,0,10,33,6,37,0
19-01 11:54:21,44.954,29.059,23.843,0.745,0,1412460,286764,200412,5961136,8600.443,1609.416,4132.823,766.956,102.327,32.784,4465,7229,3.620,1.810,0.930,3,0,834.512,0,0,10,32,6,38,0
19-01 11:54:22,44.276,7.799,48.050,0,0,1401552,297112,200424,5961684,9572.715,1630.169,0,398.486,0,23.144,2838,5450,3.620,1.810,0.930,2,0,116.728,0,0,10,33,6,38,0
19-01 11:54:23,44.175,7.238,47.170,0,0,1433788,264152,200428,5962356,9687.589,1617.260,519.121,72728.797,4.992,165.719,2187,2827,3.620,1.810,0.930,4,0,45.922,0,0,10,33,6,36,0
19-01 11:54:24,44.085,7.765,47.592,0,0,1417328,279656,200428,5963312,15299.513,1697.274,0,324.626,0,25.048,3933,7356,3.620,1.810,0.930,2,0,94.182,0,0,10,33,6,36,0
19-01 11:54:25,33.386,16.693,48.584,0,0,1382776,313752,200428,5963768,7358.862,1614.485,0,354.788,0,24.915,3888,7270,3.620,1.810,0.930,1,0,346.815,0,0,10,33,6,31,0
19-01 11:54:26,21.530,5.007,73.103,0.250,0,1370332,326172,200440,5963780,5979.449,1622.292,0,316.447,0,24.034,1312,1782,3.410,1.790,0.930,1,0,30.042,0,0,10,32,6,31,0
19-01 11:54:27,25.231,2.248,71.945,0,0,1383924,312564,200440,5963796,9071.088,1456.890,0,175.866,0,8.993,2664,5014,3.410,1.790,0.930,1,0,0,0,0,10,32,6,27,0
19-01 11:54:28,20.008,6.252,73.029,0,0,1368696,327772,200440,5963816,9808.855,1620.637,0,152.060,0,8.003,1284,1510,3.410,1.790,0.930,1,0,56.022,0,0,10,32,6,27,0
19-01 11:54:29,18.998,7.749,71.994,0.250,0,1315920,380544,200452,5963808,9839.124,1619.856,0,235.979,0,19.998,2189,3351,3.410,1.790,0.930,1,0,91.992,0,0,10,32,6,24,0
19-01 11:54:30,22.993,2.749,73.478,0,0,1378648,317796,200452,5963828,9700.100,1619.516,0,143.957,0,7.998,1242,1654,3.410,1.790,0.930,1,0,0,0,0,10,32,6,24,0
19-01 11:54:31,25.311,10.275,64.906,0.251,0,1331320,365104,200460,5963840,21171.982,1623.910,0,617.487,0,37.089,2807,5952,3.460,1.830,0.940,1,0,133.321,0,0,10,32,6,23,0
19-01 11:54:32,23.443,2.494,72.822,0,0,1372164,324292,200464,5963836,7354.049,1657.953,0,111.727,0,7.981,1366,2473,3.460,1.830,0.940,1,0,0,0,0,10,33,6,24,0
19-01 11:54:33,16.253,10.002,72.264,0.250,0,1342784,353596,200488,5963888,6809.328,1606.313,0,1460.285,0,85.017,1898,2821,3.460,1.830,0.940,1,0,94.018,0,0,10,32,6,21,0
19-01 11:54:34,24.270,1.751,73.059,0,0,1369592,326660,200488,5964016,6408.184,1695.372,0,76.062,0,7.006,1749,3221,3.460,1.830,0.940,1,0,0,0,0,10,33,6,21,0
19-01 11:54:35,21.982,4.496,72.941,0.500,0,1331688,364532,200496,5964040,11416.718,1618.684,0,259.789,0,22.981,2103,3710,3.460,1.830,0.940,1,0,29.976,0,0,10,32,6,21,0
19-01 11:54:36,23.501,2.000,73.002,0,0,1368688,327516,200496,5964056,6773.217,1694.054,0,0,0,0,1672,2903,3.260,1.820,0.940,1,0,0,0,0,10,33,6,21,0
19-01 11:54:37,15.477,13.730,69.398,0,0,1303528,392352,200496,5964380,9587.925,1617.625,0,35.947,0,1.997,2486,3883,3.260,1.820,0.940,1,0,176.741,0,0,10,32,6,20,0
19-01 11:54:38,22.582,19.070,57.962,0,0,1372284,323584,200508,5964380,7582.669,1625.933,100.366,2982.885,6.022,210.769,2975,3978,3.260,1.820,0.940,2,0,310.132,0,0,10,32,6,22,0
19-01 11:54:39,42.773,7.504,48.276,1.001,0,1494276,198592,200580,5967300,8924.766,1458.779,1440.769,3053.631,33.018,166.089,2209,3009,3.260,1.820,0.940,4,1,9.005,0,0,10,36,6,22,0
19-01 11:54:40,40.740,6.998,41.739,10.247,0,1430320,256556,200924,5972932,8009.973,1619.590,0,32655.738,0,3483.119,17151,27908,3.260,1.820,0.940,2,0,120.969,0,0,10,36,6,22,0
19-01 11:54:41,39.657,8.729,40.405,10.475,0,1497592,188264,201164,5973712,4737.838,1690.018,0,43190.244,0,3846.937,17492,29360,3.240,1.840,0.950,2,0,43.897,0,0,10,36,6,22,0
19-01 11:54:42,44.872,6.518,48.632,0,0,1434696,251140,201192,5973704,9315.235,1792.857,0,12902.954,0,747.024,3096,4357,3.240,1.840,0.950,3,0,6.016,0,0,10,32,6,22,0
19-01 11:54:43,39.216,7.993,49.207,3.747,0,1499920,185144,201600,5974068,8610.517,1692.529,0,16777.420,0,2332.973,15059,25017,3.240,1.840,0.950,2,0,2.997,0,0,10,34,6,22,0
19-01 11:54:44,32.527,8.257,57.298,1.501,0,1399900,284872,201756,5974204,4506.750,1621.349,0,7153.952,0,740.616,5197,8166,3.240,1.840,0.950,1,0,99.082,0,0,10,32,6,21,0
19-01 11:54:45,24.688,1.247,73.564,0,0,1431208,253520,201760,5974244,10490.511,1689.733,0,825.915,0,49.874,1119,1419,3.240,1.840,0.950,2,0,1.995,0,0,10,32,6,21,0
19-01 11:54:46,24.000,3.250,71.999,0.500,0.250,1402172,282512,201776,5974272,8101.927,1619.985,0,6863.938,0,367.997,1766,2600,3.060,1.820,0.950,2,0,7.000,0,0,10,32,6,20,0
19-01 11:54:47,24.062,2.757,73.189,0.251,0,1355032,329640,201776,5974284,9678.952,1461.768,0,316.817,0,35.090,1161,1318,3.060,1.820,0.950,3,0,3.008,0,0,10,32,6,20,0
19-01 11:54:48,22.190,5.984,70.558,0.499,0,1424984,259668,201776,5974284,10851.516,1615.610,0,83612.824,0,703.090,2330,1580,3.060,1.820,0.950,1,0,1.995,0,0,10,32,6,19,0
19-01 11:54:49,23.564,2.256,73.699,0,0,1361820,322756,201784,5974352,11919.253,1772.797,0,0,0,0,960,1115,3.060,1.820,0.950,1,0,2.005,0,0,10,32,6,19,0
19-01 11:54:50,21.930,3.738,73.514,0,0,1432884,251692,201784,5974352,12196.921,1614.826,0,0,0,0,972,1105,3.060,1.820,0.950,1,0,1.994,0,0,10,32,6,18,0
19-01 11:54:51,23.574,2.257,73.982,0,0,1384912,299576,201788,5974436,7951.953,1625.100,0,0,0,0,882,1047,2.900,1.810,0.960,2,0,1.003,0,0,10,32,6,18,0
19-01 11:54:52,22.944,2.743,74.068,0,0,1399704,284748,201788,5974472,12691.804,1616.028,0,0,0,0,920,1037,2.900,1.810,0.960,1,0,0.998,0,0,10,32,6,18,0
19-01 11:54:53,22.998,2.750,73.245,0,0,1346788,337644,201788,5974500,8421.444,1619.893,0,2523.833,0,16.999,1176,1455,2.900,1.810,0.960,1,0,3.000,0,0,10,32,6,18,0
19-01 11:54:54,23.737,2.998,72.961,0,0,1414212,270220,201792,5974496,10295.492,1457.220,0,12973.059,0,52.972,1102,1284,2.900,1.810,0.960,1,0,0,0,0,10,32,6,18,0
19-01 11:54:55,21.265,4.003,73.801,0,0,1413072,271324,201792,5974532,8681.042,1621.128,0,0,0,0,968,1151,2.900,1.810,0.960,1,0,1.001,0,0,10,32,6,18,0
19-01 11:54:56,20.249,5.500,73.495,0,0,1346120,338276,201792,5974532,6582.513,1619.880,0,0,0,0,1263,1585,2.740,1.800,0.960,1,0,61.995,0,0,10,32,6,18,0
19-01 11:54:57,9.751,19.253,69.510,0,0,1342752,341492,201796,5974680,7488.116,1694.252,0,528.079,0,6.001,2461,3399,2.740,1.800,0.960,1,0,306.046,0,0,10,32,6,18,0
19-01 11:54:58,8.499,20.497,69.491,0,0,1343856,340368,201800,5974696,10391.711,1693.790,0,439.945,0,4.999,2468,3404,2.740,1.800,0.960,1,0,285.965,0,0,10,32,6,17,0
19-01 11:54:59,9.751,19.003,69.760,0.250,0,1337524,346436,201800,5974960,7986.190,1620.241,108.016,932.139,6.001,127.019,2506,3346,2.740,1.800,0.960,2,0,258.038,0,0,10,32,6,17,0
19-01 11:55:00,7.501,21.503,69.760,0,0,1335164,348768,201800,5974988,9317.276,1512.207,0,88.012,0,1.000,2440,3316,2.740,1.800,0.960,1,0,277.038,0,0,10,32,6,16,0
19-01 11:55:01,13.773,13.523,71.370,0,0,1350248,333660,201800,5975012,9449.838,1568.629,0,0,0,0,1930,2615,2.600,1.780,0.960,1,0,187.314,0,0,10,32,6,16,0
19-01 11:55:02,23.003,3.000,73.759,0,0,1427372,256548,201800,5975000,9835.190,1662.201,0,0,0,0,972,1149,2.600,1.780,0.960,1,0,2.000,0,0,10,32,6,16,0
19-01 11:55:03,22.960,2.246,73.623,0.250,0,1384532,299364,201804,5975020,6054.526,1617.202,0,139.758,0,11.979,1026,1408,2.600,1.780,0.960,2,0,0.998,0,0,10,32,6,16,0
19-01 11:55:04,23.993,1.750,73.729,0,0,1435452,248460,201808,5975000,6946.048,1619.545,0,459.871,0,27.992,1033,1237,2.600,1.780,0.960,1,0,1.999,0,0,10,32,6,14,0
19-01 11:55:05,22.749,2.500,73.746,0,0,1407968,275932,201808,5975012,5108.704,1693.902,0,8.000,0,2.000,923,1109,2.600,1.780,0.960,1,0,1.000,0,0,10,32,6,14,0
19-01 11:55:06,22.258,3.001,73.778,0,0,1359812,324076,201808,5975024,9475.563,1694.637,0,12.005,0,1.000,918,1048,2.470,1.770,0.960,2,0,3.001,0,0,10,32,6,14,0
19-01 11:55:07,22.244,3.749,73.980,0,0,1438960,244948,201808,5975004,8697.626,1511.587,0,0,0,0,825,1101,2.470,1.770,0.960,1,0,1.999,0,0,10,32,6,14,0
19-01 11:55:08,25.748,5.750,67.745,0.500,0,1378116,302048,201816,5978740,13172.091,1619.888,3679.746,19.999,52.996,1.000,1636,2366,2.470,1.770,0.960,2,0,143.990,0,0,10,32,6,14,0
19-01 11:55:09,22.502,2.750,73.508,0,0,1439616,240560,201816,5978728,7026.738,1566.164,0,456.048,0,7.001,991,1194,2.470,1.770,0.960,2,0,3.000,0,0,10,32,6,14,0
19-01 11:55:10,22.748,3.000,73.494,0,0,1398292,281896,201816,5978716,9077.219,1619.861,0,0,0,0,905,1102,2.470,1.770,0.960,2,0,1.000,0,0,10,32,6,13,0
19-01 11:55:11,24.253,1.500,74.009,0,0,1343668,336520,201816,5978716,8879.101,1620.201,0,28.003,0,2.000,929,1071,2.360,1.760,0.960,2,0,3.000,0,0,10,32,6,13,0
19-01 11:55:12,22.747,2.750,73.490,0,0,1415740,264512,201816,5978652,6109.133,1619.770,0,0,0,0,928,1111,2.360,1.760,0.960,1,0,0,0,0,10,32,6,13,0
19-01 11:55:13,23.253,2.750,73.758,0.250,0,1342472,337684,201816,5978748,14015.584,1694.191,0,228.026,0,14.002,1167,1455,2.360,1.760,0.960,1,0,3.000,0,0,10,32,6,13,0
19-01 11:55:14,23.247,2.750,73.241,0,0,1361072,319080,201820,5978748,12732.421,1511.813,0,2399.702,0,132.984,1320,1421,2.360,1.760,0.960,1,0,1.000,0,0,10,32,5,10,0
19-01 11:55:15,23.248,3.250,73.743,0,0,1434648,245524,201820,5978728,4868.508,1619.836,0,4.000,0,1.000,929,1126,2.360,1.760,0.960,1,0,2.000,0,0,10,32,5,10,0
19-01 11:55:16,23.005,2.000,73.517,0,0,1383088,296936,201820,5978876,10283.314,1566.352,0,20.005,0,1.000,968,1085,2.250,1.740,0.960,1,0,1.000,0,0,10,32,5,9,0
19-01 11:55:17,23.521,2.502,73.567,0,0,1376944,303080,201820,5978876,7884.135,1621.467,0,24.022,0,2.002,953,1108,2.250,1.740,0.960,1,0,1.001,0,0,10,32,5,9,0
19-01 11:55:18,22.485,3.248,74.199,0,0,1443484,236552,201820,5978864,11500.088,1618.886,0,11.992,0,0.999,987,1159,2.250,1.740,0.960,1,0,1.999,0,0,10,32,5,7,0
19-01 11:55:19,13.753,15.254,69.767,0,0.250,1339412,340584,201824,5978900,8171.953,1620.387,0,212.051,0,8.002,2041,2729,2.250,1.740,0.960,3,0,217.052,0,0,10,32,5,7,0
19-01 11:55:20,12.246,15.494,70.224,0,0,1350756,329220,201824,5978920,6036.785,1511.445,0,119.956,0,4.998,2125,2989,2.250,1.740,0.960,2,0,243.910,0,0,10,32,5,6,0
19-01 11:55:21,23.496,2.000,73.739,0,0,1416736,263224,201824,5978936,9241.568,1619.749,0,7.999,0,1.000,920,1089,2.150,1.730,0.960,2,0,0,0,0,10,32,5,6,0
19-01 11:55:22,22.500,3.250,74.001,0,0,1376520,303196,201824,5979180,10192.183,1620.029,0,0,0,0,1035,1166,2.150,1.730,0.960,2,0,9.000,0,0,10,32,5,6,0
19-01 11:55:23,23.809,8.020,68.418,0.251,0,1332808,346908,201824,5979180,5230.863,1698.176,148.365,196.483,5.012,12.030,1663,2575,2.150,1.730,0.960,2,0,160.394,0,0,10,32,5,5,0
19-01 11:55:24,8.493,20.483,69.442,0,0,1335936,343540,201828,5979416,10932.827,1638.625,0,3273.254,0,111.906,2872,3973,2.150,1.730,0.960,1,0,345.710,0,0,10,32,5,5,0
19-01 11:55:25,9.736,18.973,69.400,0,0,1335444,344004,201828,5979444,9026.974,1617.666,0,71.896,0,2.996,2536,3539,2.150,1.730,0.960,1,0,311.550,0,0,10,32,5,5,0
19-01 11:55:26,9.015,21.035,68.114,0,0,1344348,335256,201832,5979456,11402.053,1696.835,0,284.475,0,6.010,2640,3727,2.060,1.720,0.960,1,0,324.542,0,0,10,32,5,5,0
19-01 11:55:27,8.750,20.500,68.500,0.250,0,1346400,333352,201832,5979476,9904.059,1512.009,0,3560.021,0,161.001,3077,4261,2.060,1.720,0.960,1,0,336.002,0,0,10,32,5,5,0
19-01 11:55:28,8.986,20.968,68.145,0,0,1342064,337664,201832,5979500,6419.140,1659.451,0,814.749,0,8.986,2732,3930,2.060,1.720,0.960,1,0,379.417,0,0,10,32,5,5,0
19-01 11:55:29,9.512,20.525,69.084,0,0,1339660,340044,201832,5979524,9559.644,1621.976,0,1077.312,0,14.017,2524,3420,2.060,1.720,0.960,1,0,296.361,0,0,10,32,5,5,0
19-01 11:55:30,9.251,21.503,69.011,0,0,1344812,334872,201832,5979544,7925.260,1694.269,0,736.117,0,8.001,2544,3527,2.060,1.720,0.960,2,0,316.050,0,0,10,32,5,5,0
19-01 11:55:31,12.230,21.963,64.392,0.250,0,1337300,342372,201836,5979532,12231.537,1842.917,0,1106.149,0,17.970,3237,5778,1.890,1.690,0.950,1,0,374.374,0,0,10,32,6,5,0
19-01 11:55:32,8.251,20.754,69.512,0,0,1335620,343972,201836,5979624,9496.605,1682.284,0,96.016,0,4.001,2491,3463,1.890,1.690,0.950,1,0,291.049,0,0,10,32,6,5,0
19-01 11:55:33,8.761,19.274,70.336,0,0,1340964,338612,201836,5979640,11153.708,1621.993,0,144.177,0,6.007,2502,3385,1.890,1.690,0.950,2,0,290.357,0,0,10,32,6,3,0
19-01 11:55:34,10.247,19.744,69.477,0,0,1340624,338760,201840,5979828,11200.349,1585.483,179.941,247.919,5.998,5.998,2480,3313,1.890,1.690,0.950,2,0,280.908,0,0,10,32,6,3,0
19-01 11:55:35,8.741,21.479,68.183,0,0,1340440,338904,201840,5979860,7678.429,1618.404,0,39.961,0,9.990,2507,3379,1.890,1.690,0.950,1,0,309.695,0,0,10,32,6,3,0
19-01 11:55:36,9.499,19.749,69.246,0,0,1339392,339928,201844,5979880,8119.497,1703.894,0,111.993,0,8.000,2519,3440,1.820,1.680,0.950,1,0,298.981,0,0,10,32,6,3,0
19-01 11:55:37,22.535,24.288,52.331,0,0,1362000,316888,201852,5980296,10799.804,1622.525,448.698,528.823,9.014,24.037,3478,5384,1.820,1.680,0.950,3,0,566.882,0,0,10,32,6,5,0
19-01 11:55:38,62.053,27.774,9.758,0.250,0,1533564,137044,202904,5984508,8833.588,1769.520,900.774,1393.197,24.021,62.053,9868,8016,1.820,1.680,0.950,4,0,775.666,0,0,10,32,6,9,0
19-01 11:55:39,78.742,12.749,6.749,1.750,0,1635848,146908,203176,5873668,12514.749,1693.831,495.950,21221.878,8.999,1701.830,8531,13804,1.820,1.680,0.950,4,0,80.992,0,0,10,38,6,8,0
19-01 11:55:40,58.002,15.251,20.001,8.000,0,1620272,150436,204224,5884504,7572.265,1458.051,0,94639.312,0,6988.245,26299,45378,1.820,1.680,0.950,5,1,196.007,0,0,10,36,6,8,0
19-01 11:55:41,64.255,12.751,14.001,8.751,0,1650852,122720,204648,5881508,9927.725,1620.118,68.005,76445.581,1.000,6035.441,23146,42257,2.070,1.730,0.980,5,0,90.007,0,0,10,37,6,9,0
19-01 11:55:42,47.997,16.499,25.498,9.499,0,1538328,243904,204828,5872976,8779.412,1713.885,0,59995.980,0,5248.648,19690,36873,2.070,1.730,0.980,3,1,250.983,0,0,10,34,6,10,0
19-01 11:55:43,35.252,10.001,41.002,13.001,0,1550760,222676,205116,5881408,5086.259,1620.083,0,60963.109,0,4796.245,22390,39584,2.070,1.730,0.980,4,0,119.006,0,0,10,35,6,10,0
19-01 11:55:44,38.236,9.497,40.735,11.246,0,1509712,259592,205448,5885140,4626.298,1619.404,0,60257.825,0,4855.213,20617,36405,2.070,1.730,0.980,1,1,83.969,0,0,10,34,6,10,0
19-01 11:55:45,41.250,6.000,40.750,10.750,0,1546896,222100,205768,5885116,8732.052,1620.010,0,51192.307,0,4341.026,20229,34916,2.070,1.730,0.980,6,0,36.000,0,0,10,35,6,11,0
19-01 11:55:46,38.765,9.754,40.765,9.504,0,1491872,275144,205920,5886928,11318.290,1620.614,0,42452.089,0,4187.587,20871,35062,2.390,1.800,1,2,0,116.044,0,0,10,34,6,11,0
19-01 11:55:47,41.727,8.245,40.228,9.994,0,1548816,217184,205988,5887860,9128.943,1767.021,0,44139.547,0,3921.827,18250,29092,2.390,1.800,1,2,0,38.978,0,0,10,34,6,12,0
19-01 11:55:48,44.255,8.501,40.504,6.251,0,1549220,214440,206100,5890124,7782.833,1458.156,0,37139.974,0,3572.382,20385,34337,2.390,1.800,1,3,1,54.006,0,0,10,34,6,15,0
19-01 11:55:49,39.758,12.503,40.258,7.252,0,1540504,219296,206244,5893836,10091.129,1620.342,0,55999.816,0,5096.075,17265,35182,2.390,1.800,1,3,1,91.019,0,0,10,36,6,15,0
19-01 11:55:50,37.742,8.998,41.741,9.498,0,1550432,205968,206428,5897044,7390.418,1619.653,0,66737.718,0,5610.799,21790,43562,2.390,1.800,1,7,1,77.983,0,0,10,37,6,18,0
19-01 11:55:51,36.460,10.488,42.204,10.239,0,1523008,229988,206652,5900220,5238.238,1618.220,0,51767.056,0,4960.543,20107,38007,2.440,1.820,1.010,2,0,141.844,0,0,10,36,6,19,0
19-01 11:55:52,42.053,7.009,42.804,10.013,0,1558444,198012,206708,5896696,9778.223,1664.080,0,54552.190,0,4870.088,21196,37467,2.440,1.820,1.010,2,1,24.030,0,0,10,36,6,19,0
19-01 11:55:53,40.508,10.002,41.258,8.752,0,1552832,204132,206724,5896148,7600.528,1620.326,0,46217.290,0,3719.748,16963,28071,2.440,1.820,1.010,2,0,73.015,0,0,10,34,6,21,0
19-01 11:55:54,31.479,14.490,53.214,0.250,0,1407724,349220,206724,5896164,7264.082,1692.854,0,3217.822,0,200.864,3373,5274,2.440,1.820,1.010,1,0,271.816,0,0,10,32,6,21,0
19-01 11:55:55,23.247,3.250,72.991,0.250,0,1442656,314248,206724,5896204,10532.747,1511.820,0,1019.879,0,52.994,1737,3221,2.440,1.820,1.010,1,0,0,0,0,10,33,6,21,0
19-01 11:55:56,21.472,4.494,72.654,0.250,0,1417988,338760,206724,5896356,7064.696,1563.940,0,794.953,0,51.932,1848,2834,2.400,1.830,1.020,1,0,42.943,0,0,10,32,6,21,0
19-01 11:55:57,24.277,1.752,72.581,0.250,0,1438648,318096,206724,5896360,9137.234,1621.816,0,921.032,0,60.067,2330,4199,2.400,1.830,1.020,1,0,0,0,0,10,32,6,21,0
19-01 11:55:58,9.742,18.985,68.946,0,0,1373676,382936,206724,5896492,7966.730,1618.726,0,495.610,0,29.976,2344,2987,2.400,1.830,1.020,1,0,259.796,0,0,10,32,6,21,0
19-01 11:55:59,7.994,21.483,68.196,0,0,1376892,379664,206724,5896548,5165.940,1618.728,0,543.573,0,30.976,2458,3276,2.400,1.830,1.020,1,0,282.778,0,0,10,32,6,21,0
19-01 11:56:00,38.583,20.544,41.088,0.501,0,1472232,284308,206744,5896544,9113.594,1623.491,4.009,3299.093,1.002,203.437,3428,5182,2.400,1.830,1.020,3,0,335.722,0,0,10,32,6,27,0
19-01 11:56:01,66.776,8.503,24.009,0.250,0,1656204,138028,206812,5859400,9032.523,1620.632,12.005,1568.612,2.001,70.027,1749,1807,2.530,1.860,1.040,3,0,2.001,0,0,10,32,6,27,0
19-01 11:56:02,58.750,9.250,29.000,3.500,0,1777108,129420,206860,5749792,7794.984,1511.997,2683.995,14051.972,95.000,1130.998,7493,11767,2.530,1.860,1.040,5,1,69.000,0,0,10,38,6,27,0
19-01 11:56:03,37.254,9.501,38.504,12.251,0,1778068,130216,206976,5748156,13926.420,1694.173,0,95537.745,0,7803.796,31953,57941,2.530,1.860,1.040,6,0,267.027,0,0,10,38,6,27,0
19-01 11:56:04,42.452,11.487,33.213,11.237,0,1779268,118956,207136,5757752,8925.940,1638.154,0,111586.242,0,9224.604,32347,66483,2.530,1.860,1.040,5,1,188.787,0,0,10,38,6,27,0
19-01 11:56:05,46.043,12.762,30.028,11.260,0,1685072,217452,207184,5753476,10323.560,1695.570,0,87260.804,0,6797.294,23655,43914,2.530,1.860,1.040,1,1,255.236,0,0,10,36,6,27,0
19-01 11:56:06,48.744,11.749,30.246,9.249,0,1753256,135608,207244,5766604,9716.863,1619.810,0,95700.803,0,6997.181,24386,46125,2.730,1.910,1.060,2,1,45.995,0,0,10,36,6,27,0
19-01 11:56:07,47.235,8.997,30.740,12.496,0,1783988,120776,207308,5750852,6304.976,1693.456,0,92174.412,0,7108.718,25116,48690,2.730,1.910,1.060,4,2,97.969,0,0,10,38,6,27,0
19-01 11:56:08,35.434,12.477,48.409,4.492,0,1402116,501356,207320,5752096,11611.229,1616.968,0,46065.627,0,3157.080,13108,21004,2.730,1.910,1.060,1,0,202.620,0,0,10,32,6,27,0
19-01 11:56:09,14.275,12.772,71.125,0,0,1435160,468400,207320,5752000,7014.352,1622.858,0,705.242,0,43.076,1836,2419,2.730,1.910,1.060,1,0,158.279,0,0,10,32,6,27,0
19-01 11:56:10,23.002,3.500,72.505,0.750,0,1503412,400248,207320,5752000,9775.733,1512.113,0,9032.677,0,378.028,1967,2515,2.730,1.910,1.060,1,0,1.000,0,0,10,32,6,27,0
19-01 11:56:11,23.465,1.997,73.888,0,0,1530372,373284,207320,5752004,8964.464,1691.446,0,83.873,0,5.991,1228,1697,2.590,1.900,1.060,1,0,1.997,0,0,10,38,6,27,0
19-01 11:56:12,21.009,4.252,73.533,0,0,1462908,440736,207320,5752012,13083.901,1640.740,0,116.052,0,11.005,1208,1400,2.590,1.900,1.060,1,0,28.013,0,0,10,32,6,27,0
19-01 11:56:13,23.284,2.504,74.107,0,0,1531452,372192,207320,5752012,8937.915,1696.451,0,0,0,0,980,1130,2.590,1.900,1.060,1,0,2.003,0,0,10,32,6,27,0
19-01 11:56:14,19.255,9.252,70.018,0,0,1402436,501200,207320,5752020,6603.743,1620.428,48.013,612.162,3.001,48.013,1884,2644,2.590,1.900,1.060,2,0,147.039,0,0,10,32,6,27,0
19-01 11:56:15,13.751,38.503,46.003,0,0,1406696,496804,207320,5752136,4980.344,1694.117,44.003,588.041,3.000,26.002,4622,8014,2.590,1.900,1.060,3,0,980.068,0,0,10,32,6,27,0
19-01 11:56:16,13.943,34.856,50.044,0,0,1409480,493916,207320,5752224,9728.897,1613.350,0,322.670,0,31.869,4343,7231,2.540,1.900,1.060,1,0,889.334,0,0,10,32,6,27,0
19-01 11:56:17,10.016,17.278,72.118,0,0,1397468,505264,207336,5752876,6598.835,1514.487,629.033,4.007,17.028,1.002,2644,3516,2.540,1.900,1.060,1,0,238.391,0,0,11,12,6,27,20
19-01 11:56:18,9.017,20.790,69.633,0,0,1406292,496328,207336,5752976,9622.388,1623.102,0,28.054,0,6.011,2556,3570,2.540,1.900,1.060,1,0,287.550,0,0,11,12,6,27,20
19-01 11:56:19,11.244,18.741,67.217,0.250,0,1403804,497828,207380,5753976,8011.075,1767.134,555.728,15.992,47.976,3.998,4497,7427,2.540,1.900,1.060,0,0,184.909,0,0,11,12,6,27,20
19-01 11:56:20,22.496,20.246,55.740,0.250,0,1445064,456068,207388,5754168,9167.350,1565.718,43.992,0,2.000,0,3040,4642,2.540,1.900,1.060,1,0,291.947,0,0,13,12,6,27,20
19-01 11:56:21,8.735,20.216,68.885,0,0,1449152,451840,207388,5754324,7370.706,1617.302,0,363.394,0,8.985,2362,3439,2.340,1.870,1.060,1,0,249.584,0,0,13,12,6,27,20
19-01 11:56:22,15.792,16.544,65.424,0,0,1458504,442472,207388,5754376,6991.542,1624.308,0,16.043,0,3.008,4686,8859,2.340,1.870,1.060,1,0,151.402,0,0,13,12,6,27,20
19-01 11:56:23,19.224,20.223,58.421,0,0,1494460,406244,207388,5754608,6506.197,1617.811,3.995,35.951,0.999,2.996,3359,6199,2.340,1.870,1.060,2,0,343.535,0,0,15,12,6,27,20
19-01 11:56:24,9.988,20.475,67.669,0,0,1498220,402332,207388,5754760,13513.743,1510.183,0,739.111,0,39.952,2751,4130,2.340,1.870,1.060,1,0,240.710,0,0,15,12,6,27,20
19-01 11:56:25,24.310,16.541,57.392,0,0,1525836,374636,207388,5754776,9947.570,1624.011,0,577.426,0,4.010,5331,9006,2.340,1.870,1.060,2,0,156.386,0,0,15,12,6,27,20
19-01 11:56:26,75.518,16.004,8.752,0,0,1833808,120896,207392,5701396,10282.416,1620.381,0,0,0,0,1945,2363,2.630,1.940,1.080,13,0,28.007,0,0,17,12,6,27,20
19-01 11:56:27,56.091,15.456,27.671,0,0.249,1918904,191596,207392,5548912,7593.412,1635.351,0,6274.163,0,351.002,3077,3927,2.630,1.940,1.080,3,0,150.572,0,0,17,12,6,27,20
19-01 11:56:28,9.770,19.541,69.144,0,0,1934424,176012,207392,5548976,10042.879,1739.617,0,12.025,0,3.006,2696,3860,2.630,1.940,1.080,2,0,261.544,0,0,17,12,6,27,20
19-01 11:56:29,12.996,18.994,66.479,0.250,0,1937980,172232,207392,5549160,8907.221,1619.495,0,531.834,0,7.998,3700,7166,2.630,1.940,1.080,1,0,222.930,0,0,17,12,6,27,20
19-01 11:56:30,25.513,12.506,60.780,0.250,0,1984132,124952,207392,5550184,5880.905,1620.801,1040.514,0,17.008,0,4078,6509,2.630,1.940,1.080,3,0,176.087,0,0,17,12,6,27,20
19-01 11:56:31,15.234,8.991,74.921,0,0.250,1981236,158492,207392,5520076,9267.269,1510.414,7.992,0,0.999,0,2345,5417,2.580,1.940,1.090,1,0,97.897,0,0,18,12,6,29,20
19-01 11:56:32,21.741,5.498,71.470,0,0,2047772,120476,207392,5491980,8100.557,1661.294,0,39.983,0,2.999,1433,2162,2.580,1.940,1.090,1,0,27.988,0,0,18,12,6,28,20
19-01 11:56:33,22.771,5.255,70.564,0.500,0,1991680,191136,207396,5477840,8088.336,1621.471,336.305,648.588,7.006,52.047,2849,5701,2.580,1.940,1.090,1,0,41.037,0,0,18,18,6,33,0
19-01 11:56:34,9.739,21.477,67.676,0,0,1995892,186828,207396,5477936,12253.680,1618.241,0,359.609,0,24.973,3068,4379,2.580,1.940,1.090,1,0,297.676,0,0,18,18,6,33,0
19-01 11:56:35,9.252,19.004,70.014,0.250,0,1997640,185020,207396,5477996,13481.629,1640.320,0,204.040,0,12.002,2789,4167,2.580,1.940,1.090,1,0,267.052,0,0,18,18,6,33,0
19-01 11:56:36,10.751,20.001,67.254,0,0,1998220,184408,207396,5478032,13705.809,1694.100,0,308.018,0,9.001,3074,4464,2.620,1.960,1.100,2,0,302.018,0,0,18,18,6,33,0
19-01 11:56:37,16.784,18.037,63.881,0,0,2012920,169668,207400,5478428,7025.402,1623.328,0,120.247,0,9.018,5141,9972,2.620,1.960,1.100,12,0,227.466,0,0,18,18,6,33,0
19-01 11:56:38,37.978,12.743,48.722,0,0,2094652,130552,207400,5436452,5745.645,1511.118,327.809,39.977,2.998,2.998,2755,5393,2.620,1.960,1.100,2,0,132.922,0,0,18,19,6,27,0
19-01 11:56:39,46.251,4.000,48.001,0,0,2182728,124756,207400,5356160,9267.287,1620.050,0,196.006,0,2.000,1561,1969,2.620,1.960,1.100,2,0,1.000,0,0,18,19,6,27,0
19-01 11:56:40,46.424,5.491,46.674,0,0,2245296,130844,207412,5288640,10303.237,1617.369,179.708,1397.726,1.997,136.777,2765,4090,2.620,1.960,1.100,2,0,20.966,0,0,18,35,6,26,0
19-01 11:56:41,28.244,15.247,56.237,0,0,2265396,128432,207412,5271252,5381.800,1619.639,0,343.923,0,10.998,7080,12788,2.570,1.960,1.100,1,0,167.963,0,0,18,34,6,26,0
19-01 11:56:42,14.277,17.534,65.626,0,0.250,2273856,119724,207412,5271416,9081.491,1717.308,0,941.814,0,14.027,4035,7277,2.570,1.960,1.100,1,0,215.415,0,0,18,34,6,24,0
19-01 11:56:43,8.231,7.483,82.312,0,0,2271524,131088,207412,5262496,7576.680,1636.260,215.507,7814.137,9.977,477.908,3820,5692,2.570,1.960,1.100,0,0,57.868,0,0,18,34,6,24,0
19-01 11:56:44,3.000,1.750,93.497,0.250,0,2302208,129360,207412,5234244,10081.667,1619.947,0,399.987,0,29.999,1270,2128,2.570,1.960,1.100,0,0,3.000,0,0,18,34,5,24,0
19-01 11:56:45,1.500,0.500,96.000,0,0,2302296,129360,207412,5234244,9285.981,1511.997,0,36.000,0,4.000,1049,1755,2.570,1.960,1.100,0,0,3.000,0,0,18,34,5,24,0
19-01 11:56:46,2.000,1.500,95.770,0,0,2302296,129360,207412,5234244,6236.310,1620.340,0,0,0,0,1028,1752,2.440,1.940,1.100,2,0,7.001,0,0,18,34,5,24,0
19-01 11:56:47,6.008,6.759,86.370,0,0,2251900,179756,207412,5234244,12143.892,1622.257,24.033,0,1.001,0,1937,2974,2.440,1.940,1.100,3,0,97.135,0,0,18,34,5,23,0
19-01 11:56:48,17.490,15.991,64.965,0,0,2257576,180824,207412,5227516,9583.777,1661.095,251.863,1175.359,11.993,216.882,5108,8829,2.440,1.940,1.100,2,0,210.885,0,0,18,34,5,23,0
19-01 11:56:49,13.488,19.732,65.941,0.500,0,2315580,129304,207420,5221188,9363.610,1856.337,867.223,1258.872,35.968,216.806,3574,5202,2.440,1.940,1.100,2,0,263.764,0,0,19,34,5,19,0
19-01 11:56:50,19.005,16.004,61.767,0,0,2327292,123808,207408,5215000,8436.320,1566.431,196.054,332.091,9.002,28.008,5804,9946,2.440,1.940,1.100,0,0,204.056,0,0,19,50,5,19,0
19-01 11:56:51,4.999,6.749,86.731,0.250,0,2321624,129620,207408,5214968,8898.096,1511.677,3.999,231.950,1.000,10.998,1871,2925,2.320,1.930,1.100,2,0,114.975,0,0,19,50,5,17,0
19-01 11:56:52,15.505,18.256,64.022,0,0,2325348,132572,207408,5208816,6079.073,1620.553,0,1684.574,0,314.107,4588,8438,2.320,1.930,1.100,1,0,198.068,0,0,21,50,5,17,0
19-01 11:56:53,11.746,16.244,69.725,0,0,2330980,126744,207408,5208624,5597.007,1693.397,167.940,3.999,6.998,1.000,3291,6813,2.320,1.930,1.100,1,0,237.915,0,0,21,52,5,16,0
19-01 11:56:54,11.505,17.257,69.028,0,0,2335408,122300,207408,5208640,5468.247,1778.731,0,8.003,0,2.001,2804,4407,2.320,1.930,1.100,1,0,276.113,0,0,21,52,5,16,0
19-01 11:56:55,10.773,21.046,67.396,0,0,2318128,140404,207408,5208160,11201.273,1623.518,0,1391.014,0,228.495,4014,6747,2.320,1.930,1.100,7,0,251.545,0,0,21,52,5,14,0
19-01 11:56:56,24.227,17.733,55.948,0,0,2349904,128152,207412,5188652,8729.829,1692.416,0,183.828,0,2.997,4018,7759,2.220,1.910,1.100,2,0,217.796,0,0,21,52,5,14,0
19-01 11:56:57,32.505,23.754,42.756,0,0,2419984,128228,207420,5120252,9541.422,1620.241,0,380.057,0,9.001,3506,5957,2.220,1.910,1.100,2,0,478.071,0,0,21,52,5,14,0
19-01 11:56:58,29.521,25.518,43.781,0.250,0,2491928,127568,207440,5050132,8111.792,1459.042,40.029,4174.981,4.003,277.198,5257,10136,2.220,1.910,1.100,2,0,447.319,0,0,21,56,5,16,0
19-01 11:56:59,32.250,23.500,43.749,0,0,2538524,129624,207444,5002036,9988.850,1619.976,8.000,32.000,2.000,8.000,3994,6905,2.220,1.910,1.100,2,0,338.995,0,0,21,56,5,16,0
19-01 11:57:00,44.251,21.000,35.000,0,0,2633180,121392,207456,4915540,9907.119,1784.021,0,0,0,0,4341,6396,2.220,1.910,1.100,3,0,401.005,0,0,21,56,5,16,0
19-01 11:57:01,56.502,22.751,19.501,0,0,2741548,127612,207460,4801312,7511.270,1846.066,8.000,1028.037,2.000,28.001,4628,11602,2.200,1.910,1.110,4,0,453.016,0,0,21,56,6,10,0
19-01 11:57:02,70.481,21.744,6.498,0.500,0,2866864,128560,207688,4676900,7924.837,1693.538,155.957,6290.283,18.995,495.865,4028,8573,2.200,1.910,1.110,4,0,476.870,0,0,21,56,6,10,0
19-01 11:57:03,68.990,20.747,6.749,1.500,0,2991328,141528,208484,4540464,9794.629,1619.773,795.889,7514.948,68.990,724.899,9387,17925,2.200,1.910,1.110,4,1,246.965,0,0,21,60,6,10,0
19-01 11:57:04,64.760,24.254,7.001,2.750,0,3101836,127780,208488,4444572,9799.558,1532.244,0,32893.230,0,2550.406,14263,26870,2.200,1.910,1.110,5,1,449.071,0,0,21,62,6,10,0
19-01 11:57:05,64.506,23.002,10.751,0.250,0,3191108,128488,208548,4356236,14121.412,1620.162,4.000,10725.073,1.000,833.083,7269,16404,2.200,1.910,1.110,5,0,244.024,0,0,21,66,6,13,0
19-01 11:57:06,79.010,18.252,2.250,0,0,3284324,131228,208552,4262280,9233.117,1620.196,72.009,1024.124,7.001,53.006,5536,15759,2.350,1.950,1.120,4,0,342.041,0,0,21,72,6,18,0
19-01 11:57:07,43.688,25.963,29.208,0.250,0,3369284,125660,208552,4184548,9934.823,1617.692,7.989,11787.180,1.997,671.042,9930,20958,2.350,1.950,1.120,2,0,444.366,0,0,21,79,6,19,0
19-01 11:57:08,42.555,16.772,40.052,0.250,0,3428520,128892,208548,4123648,7891.219,1770.293,16.021,708.918,2.003,35.045,4092,13070,2.350,1.950,1.120,5,0,189.245,0,0,21,81,6,19,0
19-01 11:57:09,54.969,13.742,30.233,0.500,0,3579256,134820,208532,3968712,8910.028,1693.055,1055.411,8978.990,72.959,673.624,7230,11819,2.350,1.950,1.120,2,0,114.936,0,0,21,84,6,22,0
19-01 11:57:10,16.980,17.729,63.177,0.250,0,3616536,124940,208540,3941396,7535.237,1708.014,191.777,898.955,13.984,55.935,3408,5499,2.350,1.950,1.120,2,0,212.753,0,0,21,87,6,22,0
19-01 11:57:11,10.491,18.484,70.188,0.500,0,3619760,130812,208540,3932300,9846.266,1456.708,3.996,319.716,0.999,22.980,3020,4571,2.320,1.950,1.130,2,0,262.767,0,0,21,87,6,22,0
19-01 11:57:12,10.016,18.279,70.611,0,0,3628172,122620,208540,3932216,8727.685,1622.544,0,540.848,0,35.055,2966,4367,2.320,1.950,1.130,1,0,266.418,0,0,21,87,6,22,0
19-01 11:57:13,10.233,18.719,69.885,0,0,3621440,138496,208540,3923112,9298.759,1617.349,0,0,0,0,2914,4344,2.320,1.950,1.130,1,0,289.525,0,0,21,87,6,22,0
19-01 11:57:14,10.774,19.544,68.402,0,0,3630700,129216,208540,3923132,9803.833,1623.616,0,88.196,0,6.013,3070,4685,2.320,1.950,1.130,1,0,298.665,0,0,21,87,6,22,0
19-01 11:57:15,14.998,17.497,65.490,0,0,3633836,125924,208540,3923656,8596.719,1619.759,0,3363.499,0,166.975,5130,9729,2.320,1.950,1.130,4,0,223.967,0,0,21,87,6,22,0
19-01 11:57:16,28.869,20.656,48.530,0.249,0,3662176,128192,208540,3892688,7530.855,1686.354,931.775,254.845,12.941,18.914,3556,5875,2.210,1.930,1.130,3,0,366.339,0,0,21,93,6,22,0
19-01 11:57:17,32.568,21.796,43.842,0.501,0,3713032,127024,208544,3843168,5191.861,1697.551,120.252,3363.035,13.027,390.818,3867,5318,2.210,1.930,1.130,3,1,364.763,0,0,21,97,6,22,0
19-01 11:57:18,29.591,18.306,50.655,0.251,0,3754564,125376,208536,3803752,10865.324,1516.652,88.271,662.030,4.012,36.111,5985,11470,2.210,1.930,1.130,3,0,208.640,0,0,23,105,6,22,0
19-01 11:57:19,62.497,23.999,11.749,0,0,3930188,130260,208436,3625904,7153.664,1565.926,827.961,9039.575,43.998,708.967,7649,16465,2.210,1.930,1.130,3,0,536.975,0,0,23,113,6,22,0
19-01 11:57:20,57.921,21.471,20.222,0.250,0,4024884,132104,208300,3531500,4936.282,1707.676,139.810,1657.744,5.992,194.735,6340,10552,2.210,1.930,1.130,6,0,309.579,0,0,23,133,6,22,0
19-01 11:57:21,40.798,23.778,34.290,0,0,4097832,131128,208256,3460072,10214.001,1621.906,92.108,416.489,1.001,22.026,6892,11943,2.190,1.930,1.130,2,0,405.476,0,0,23,133,6,23,0
19-01 11:57:22,22.961,21.713,55.157,0.250,0,4127160,129900,208248,3432048,8117.257,1617.262,0,6928.270,0,556.059,3803,5068,2.190,1.930,1.130,1,0,366.380,0,0,24,133,6,23,0
19-01 11:57:23,10.512,21.024,67.326,0,0,4133172,127464,208248,3428616,12008.630,1621.841,0,212.241,0,14.016,3027,4342,2.190,1.930,1.130,1,0,266.302,0,0,24,133,6,23,0
19-01 11:57:24,20.763,19.762,58.035,0.250,0,4152596,128324,208240,3408452,8249.024,1695.032,0,452.275,0,28.017,4726,8884,2.190,1.930,1.130,3,0,186.113,0,0,24,133,6,23,0
19-01 11:57:25,30.253,22.252,45.504,0,0,4211412,124996,208216,3353448,6169.512,1512.126,0,2340.194,0,356.030,3920,5948,2.190,1.930,1.130,4,0,432.036,0,0,24,133,6,23,0
19-01 11:57:26,37.958,21.976,37.958,0,0,4296084,127220,208168,3268992,11275.529,1564.270,59.934,343.620,12.986,22.975,7268,20445,2.260,1.950,1.140,3,0,215.761,0,0,24,145,6,23,0
19-01 11:57:27,33.537,24.277,40.294,0,0,4376544,167496,208084,3151008,9491.412,1621.779,100.110,5061.553,11.012,439.482,4227,6189,2.260,1.950,1.140,2,0,460.505,0,0,24,145,6,23,0
19-01 11:57:28,28.952,25.208,44.426,0.250,0,4444380,128684,208068,3122856,7084.191,1659.234,143.760,690.848,21.963,43.927,5815,13973,2.260,1.950,1.140,2,0,523.128,0,0,24,157,6,23,0
19-01 11:57:29,16.276,20.783,60.595,0.250,0,4457452,123348,208064,3115488,9461.855,1622.547,276.434,761.195,19.030,47.074,5782,10302,2.260,1.950,1.140,2,0,362.569,0,0,24,163,6,23,0
19-01 11:57:30,15.577,17.802,63.050,0.247,0,4460448,132776,208060,3103360,9829.908,1602.219,3.956,486.600,0.989,42.528,3849,8087,2.260,1.950,1.140,1,0,247.256,0,0,24,179,6,23,0
19-01 11:57:31,36.889,17.434,45.227,0,0,4531796,130008,207988,3037004,9841.871,1637.280,254.688,772.149,29.309,49.523,4749,12360,2.160,1.940,1.140,2,0,186.973,0,0,24,179,6,24,0
19-01 11:57:32,44.619,8.724,45.367,0.249,0,4651504,124736,207856,2926920,8223.888,1657.141,271.205,5894.717,15.953,551.383,2509,2729,2.160,1.940,1.140,2,0,0.997,0,0,24,179,6,22,0
19-01 11:57:33,37.757,7.001,53.760,0.500,0,4596892,235392,207796,2873152,10250.978,1586.306,1548.299,268.052,51.010,15.003,2377,3728,2.160,1.940,1.140,1,0,41.008,0,0,24,182,6,22,0
19-01 11:57:34,36.591,24.311,37.844,0,0,4674128,157272,207796,2874036,10283.596,1644.092,32.080,461.148,8.020,33.082,4480,8483,2.160,1.940,1.140,3,0,546.360,0,0,24,187,6,17,0
19-01 11:57:35,41.766,21.008,34.263,1.751,0,4622928,220612,207748,2863256,7770.054,1694.666,19779.773,392.154,299.118,24.009,7668,16736,2.160,1.940,1.140,2,0,369.145,0,0,24,191,6,17,0
19-01 11:57:36,57.811,21.834,16.376,2.977,0,4753296,253736,207716,2703800,8930.228,1607.798,39353.347,631.210,407.904,31.759,6099,13167,2.390,1.990,1.160,4,0,192.539,0,0,24,198,6,17,0
19-01 11:57:37,73.584,16.128,5.292,4.032,0,4799720,178744,207684,2733220,7906.780,1707.558,50025.200,11632.361,614.882,620.930,5290,8549,2.390,1.990,1.160,5,0,42.336,0,0,24,204,6,18,0
19-01 11:57:38,70.245,16.249,3.750,8.999,0,4918768,131456,206056,2665788,9791.334,1619.890,58512.021,1783.879,1021.931,121.992,6295,11569,2.390,1.990,1.160,5,0,41.997,0,0,24,207,6,23,0
19-01 11:57:39,42.255,29.254,24.753,2.750,0,4904768,135992,205472,2676600,8472.025,1554.188,40816.939,756.091,414.050,57.007,7016,13868,2.390,1.990,1.160,5,0,510.062,0,0,24,207,6,25,0
19-01 11:57:40,44.249,24.000,27.000,2.750,0,4921036,133544,204848,2664132,11317.853,1619.979,37247.516,299.996,377.995,18.000,6816,13146,2.390,1.990,1.160,4,1,234.997,0,0,24,209,6,25,0
19-01 11:57:41,59.746,30.248,7.250,2.750,0,4969852,134156,204408,2618428,8996.442,1693.895,54308.633,959.940,535.967,67.996,4852,9947,2.600,2.040,1.180,5,0,565.965,0,0,24,211,6,26,0
19-01 11:57:42,60.254,24.501,13.251,0.500,0,5016320,130332,204432,2576972,9651.579,1734.104,2168.130,704.042,95.006,33.002,10288,40438,2.600,2.040,1.180,8,0,221.013,0,0,24,214,6,27,0
19-01 11:57:43,56.947,27.225,14.736,0.250,0,5079952,131248,203600,2514088,9251.378,1692.423,143.866,27890.007,12.988,1082.991,8116,14403,2.600,2.040,1.180,5,0,482.550,0,0,24,215,6,31,0
19-01 11:57:44,55.789,20.264,22.266,0.500,0,5129344,123044,203096,2474156,10019.023,1621.136,256.180,6716.708,13.009,637.447,9707,17938,2.600,2.040,1.180,6,0,261.183,0,0,24,221,6,35,0
19-01 11:57:45,67.466,13.941,18.423,0,0,5248956,130880,201320,2351240,7802.184,1686.905,581.554,330.609,24.895,21.908,3285,6219,2.600,2.040,1.180,5,0,70.703,0,0,24,221,6,35,0
19-01 11:57:46,64.182,8.524,24.820,0.501,0,5275120,160480,200276,2297628,36168.393,11138.533,942.669,846.396,81.230,69.196,6182,12975,2.630,2.050,1.190,4,0,13.037,0,0,24,230,6,41,0
19-01 11:57:47,47.300,11.012,40.793,0.250,0,5288384,171000,199868,2274532,31001.645,8967.443,16.017,532.561,1.001,47.050,4647,8474,2.630,2.050,1.190,4,0,180.190,0,0,24,238,6,42,0
19-01 11:57:48,41.518,20.759,35.515,0.750,0,5283632,175596,199868,2274740,6959.944,1690.715,176.074,904.383,11.005,76.032,5703,11543,2.630,2.050,1.190,5,0,436.185,0,0,24,240,6,42,0
19-01 11:57:49,41.746,18.248,38.496,0,0,5311328,147164,199872,2275504,11222.833,1713.822,339.965,1859.807,15.998,180.981,7317,16510,2.630,2.050,1.190,5,0,199.979,0,0,24,241,6,43,0
19-01 11:57:50,64.114,14.220,19.958,0.249,0.249,5390168,188296,198944,2159296,8297.343,1616.560,371.210,6669.807,33.928,612.696,3959,4370,2.630,2.050,1.190,3,1,163.652,0,0,25,245,6,43,0
19-01 11:57:51,67.051,8.256,23.017,1.001,0,5439652,164220,198652,2135392,5474.160,1621.232,1929.466,972.739,141.107,64.049,3867,6192,2.820,2.100,1.210,12,0,8.006,0,0,25,246,6,43,0
19-01 11:57:52,39.295,12.765,45.802,0.501,0,5494500,142200,197984,2104416,16665.082,3256.729,80.092,4437.080,10.011,272.312,7696,15609,2.820,2.100,1.210,2,0,213.244,0,0,25,248,6,44,0
19-01 11:57:53,32.469,6.244,58.694,0,0,5486096,135120,197984,2119900,16060733.243,97872.923,0,671.362,0,50.952,7439,5947,2.820,2.100,1.210,3,0,4.995,0,0,25,246,6,44,0
19-01 11:57:54,36.544,15.769,46.556,0.501,0,5522296,133096,197264,2087384,5936495.541,31465.885,2074.498,588.709,24.029,54.065,5832,8427,2.820,2.100,1.210,4,0,258.311,0,0,25,247,6,44,0
19-01 11:57:55,24.999,6.500,66.997,0,0,5515644,139940,197264,2087280,7277.709,1619.935,0,743.970,0,19.999,2024,3573,2.820,2.100,1.210,3,0,36.999,0,0,25,250,6,44,0
19-01 11:57:56,26.501,3.250,69.002,0.500,0,5515780,139464,197288,2087600,5223.172,1620.053,236.008,532.018,16.001,45.001,4235,8731,2.670,2.080,1.210,2,0,2.000,0,0,25,256,6,45,0
19-01 11:57:57,27.242,4.999,64.481,0.500,0,5543860,132568,197052,2066824,9272.265,1723.492,239.929,887.738,13.996,94.972,4906,9187,2.670,2.080,1.210,3,0,5.998,0,0,25,269,6,46,0
19-01 11:57:58,29.494,8.498,58.489,2.250,0,5524172,172412,196196,2051540,9301.223,1693.677,55.989,37216.892,7.998,765.854,6134,10749,2.670,2.080,1.210,1,0,22.996,0,0,25,269,6,54,0
19-01 11:57:59,14.255,16.756,67.526,0.250,0,5477000,219492,196196,2051632,7479.857,1620.619,132.050,440.168,16.006,33.013,2791,4311,2.670,2.080,1.210,4,0,189.072,0,0,25,269,6,54,0
19-01 11:58:00,22.411,7.221,67.232,1.494,0,5507236,148412,196804,2091868,8972.272,1506.003,1760.988,1055.796,200.203,26.893,2278,3194,2.670,2.080,1.210,0,1,0.996,0,0,25,269,6,54,0
19-01 11:58:01,18.265,5.755,69.306,5.004,0,5485372,160272,197464,2101192,5008.077,1621.320,4647.783,3622.949,820.668,95.077,3833,4973,2.540,2.070,1.210,1,0,9.007,0,0,25,269,6,54,0
19-01 11:58:02,22.798,6.013,67.141,1.503,0,5520088,137592,197180,2089612,10000.962,1623.403,713.495,577.210,151.317,39.082,14070,27247,2.540,2.070,1.210,1,0,24.050,0,0,25,271,6,56,0
19-01 11:58:03,21.682,7.227,70.778,0,0,5528740,133828,197084,2085048,7872.305,1614.934,0,315.012,0,11.962,1839,3022,2.540,2.070,1.210,1,0,0,0,0,25,271,6,56,0
19-01 11:58:04,23.080,7.777,67.735,0.251,0,5542672,127872,196924,2077244,7255.124,1625.630,0,62765.356,0,299.036,5280,8535,2.540,2.070,1.210,1,0,3.010,0,0,25,271,6,57,0
19-01 11:58:05,22.712,5.241,70.131,0,0,5471904,218872,196628,2058024,10505.246,1637.233,0,87.852,0,11.980,2005,3147,2.540,2.070,1.210,1,0,13.976,0,0,25,271,6,57,0
19-01 11:58:06,22.718,18.973,57.668,0.749,0,5471008,218008,196764,2059736,9544.409,1691.591,1765.486,411.414,171.755,26.962,4266,6684,2.900,2.150,1.240,1,0,438.376,0,0,25,271,6,50,0
19-01 11:58:07,24.513,4.002,69.286,0.250,0,5470476,218540,196764,2059736,9655.011,1512.785,28.015,192.100,3.002,17.009,1962,3216,2.900,2.150,1.240,2,0,5.003,0,0,25,271,6,50,2
19-01 11:58:08,10.496,18.492,67.972,0,0,5480088,208856,196772,2059800,7886.766,1619.336,3.998,451.815,1.000,40.983,3345,5366,2.900,2.150,1.240,1,0,246.899,0,0,25,277,6,48,0
19-01 11:58:09,10.529,18.551,68.690,0,0,5486084,202820,196772,2059840,11391.452,1624.485,32.089,156.432,2.006,10.028,3154,4766,2.900,2.150,1.240,3,0,254.703,0,0,25,277,6,48,0
19-01 11:58:10,6.728,12.211,78.249,0.249,0,5490748,198100,196772,2059896,9819.440,1614.810,3.987,139.551,0.997,8.971,2567,3935,2.900,2.150,1.240,0,0,168.459,0,0,25,277,6,45,0
19-01 11:58:11,9.504,2.501,86.535,0,0,5512924,175924,196772,2059896,5323.129,1620.648,0,104.042,0,10.004,1467,2403,2.660,2.110,1.230,2,0,9.004,0,0,25,277,6,45,0
19-01 11:58:12,25.344,3.011,71.012,0,0,5552900,135940,196772,2059904,5769.289,1626.000,0,0,0,0,1944,4038,2.660,2.110,1.230,2,0,0,0,0,25,279,6,46,0
19-01 11:58:13,15.687,13.197,68.476,0.249,0,5491424,197108,196788,2060196,8758.982,1525.899,87.650,143.427,9.960,14.940,3087,5139,2.660,2.110,1.230,2,0,154.383,0,0,25,281,6,46,0
19-01 11:58:14,11.538,18.311,68.980,0,0,5490772,197580,196788,2060376,7247.169,1625.421,64.214,333.111,6.020,18.060,3054,4647,2.660,2.110,1.230,1,0,156.522,0,0,25,281,6,46,0
19-01 11:58:15,11.504,17.756,67.772,0.500,0,5488664,198836,196792,2061224,10580.407,1620.522,432.139,184.059,11.004,14.005,3210,5013,2.660,2.110,1.230,1,0,175.056,0,0,25,281,5,46,0
19-01 11:58:16,12.722,15.965,67.603,0,0,5489348,197708,196800,2061644,11735.557,1616.495,43.905,219.524,3.991,18.959,3090,4689,2.450,2.080,1.230,2,0,163.645,0,0,25,281,5,46,0
19-01 11:58:17,21.964,6.240,70.633,0.250,0,5561384,125644,196800,2061672,8796.459,1617.327,35.941,167.723,1.997,15.974,2013,3112,2.450,2.080,1.230,1,0,26.955,0,0,25,283,5,45,0
19-01 11:58:18,24.572,4.263,68.702,0.752,0,5600912,133452,195140,2019196,7849.068,1624.775,120.354,5552.318,8.024,540.589,2736,2792,2.450,2.080,1.230,2,0,4.012,0,0,25,287,5,45,0
19-01 11:58:19,24.435,2.244,70.561,0.249,0,5507192,235044,194968,2011960,5298.836,1615.681,115.691,367.019,6.981,31.915,2118,3211,2.450,2.080,1.230,1,0,6.981,0,0,25,285,5,45,0
19-01 11:58:20,24.251,3.500,71.002,0.250,0,5578160,164012,194976,2012016,5434.130,1458.035,20.000,252.006,4.000,20.000,1846,2981,2.450,2.080,1.230,1,0,2.000,0,0,25,285,5,45,0
19-01 11:58:21,25.851,4.267,69.772,0,0,5602772,139400,194988,2012004,9821.323,1626.346,0,381.489,0,31.121,3329,5915,2.330,2.060,1.230,2,0,4.016,0,0,25,291,5,45,0
19-01 11:58:22,25.981,2.748,69.949,0.250,0,5527424,214580,195108,2012052,9338.248,1618.830,127.908,315.772,6.995,26.980,1983,2950,2.330,2.060,1.230,1,0,14.989,0,0,25,285,5,46,0
19-01 11:58:23,26.704,2.995,69.130,0.250,0,5492800,248944,195128,2012292,9801.954,1691.059,0,431.250,0,46.918,2211,3264,2.330,2.060,1.230,1,0,7.986,0,0,25,287,5,45,0
19-01 11:58:24,9.247,18.244,69.976,0,0.250,5497564,242908,195256,2013436,10094.538,1693.419,1491.488,499.829,23.992,20.993,3149,4701,2.330,2.060,1.230,2,0,236.919,0,0,25,287,5,45,0
19-01 11:58:25,13.237,16.484,68.932,0,0,5504424,235896,195256,2013588,10727.444,1618.407,55.945,107.894,2.997,3.996,3261,5031,2.330,2.060,1.230,1,0,305.699,0,0,25,287,5,45,0
19-01 11:58:26,23.742,3.749,71.225,0.250,0,5551016,188224,195820,2014104,8672.964,1693.407,1051.632,3.999,68.976,1.000,1873,2716,2.230,2.040,1.220,1,0,3.999,0,0,25,287,5,45,0
19-01 11:58:27,21.257,2.001,75.276,0.250,0,5572732,165120,195844,2015468,11949.182,3612.264,248.087,496.174,48.017,33.012,2204,3412,2.230,2.040,1.220,1,0,23.008,0,0,25,290,5,45,0
19-01 11:58:28,27.244,5.749,65.486,0.500,0,5563780,164660,196396,2024320,10178.771,1835.598,2399.475,1291.717,41.991,32.993,2410,3322,2.230,2.040,1.220,1,0,6.998,0,0,25,289,5,45,0
19-01 11:58:29,20.501,2.750,75.505,0.250,0,5584136,143016,196412,2025592,20243.397,4535.313,24.002,220.015,5.000,8.001,2216,3306,2.230,2.040,1.220,1,0,4.000,0,0,25,290,5,45,0
19-01 11:58:30,24.495,6.499,67.485,0.500,0,5550548,183928,196644,2019044,12046.326,1867.585,3151.300,14396.804,34.992,426.905,2843,21157,2.230,2.040,1.220,1,0,5.999,0,0,25,289,5,45,0
19-01 11:58:31,20.337,6.528,72.562,0.251,0,5551856,181956,196684,2021988,16765.056,3718.984,152.656,490.106,5.022,16.069,2307,16838,2.130,2.020,1.220,4,0,40.173,0,0,25,290,5,45,0
19-01 11:58:32,22.906,6.972,66.230,0.249,0,5551732,181460,196736,2020228,8332.985,2483.861,191.219,195.203,7.967,4.980,9339,19461,2.130,2.020,1.220,1,0,14.939,0,0,25,290,5,47,0
19-01 11:58:33,23.511,6.253,69.783,0.250,0,5547464,195512,196876,2010304,18412.728,1794.851,0,972.461,0,44.021,2403,3530,2.130,2.020,1.220,3,0,8.004,0,0,25,291,5,46,0
19-01 11:58:34,18.500,14.750,64.750,0,0,5520860,223600,196880,2008868,15000.955,1511.995,48.000,647.998,3.000,11.000,4560,8080,2.130,2.020,1.220,1,0,264.999,0,0,25,291,5,46,0
19-01 11:58:35,28.503,3.250,68.506,0,0,5566184,178072,196900,2009052,5467.503,1566.144,0,296.027,0,33.003,2285,3679,2.130,2.020,1.220,1,0,1.000,0,0,25,291,5,46,0
19-01 11:58:36,20.814,8.024,69.713,0.251,0,5524932,219264,196912,2009100,8662.446,1624.961,28.086,224.686,3.009,21.064,3023,5735,2.040,2.010,1.220,1,0,113.346,0,0,25,291,5,48,0
19-01 11:58:37,24.498,4.250,70.745,0,0,5585084,159064,196912,2009148,6948.493,1619.882,15.999,299.978,1.000,26.998,2017,3523,2.040,2.010,1.220,1,0,0,0,0,25,291,5,48,0
19-01 11:58:38,22.001,6.750,70.002,0,0,5553628,190368,196912,2009300,6051.212,1694.059,0,168.006,0,8.000,2284,3896,2.040,2.010,1.220,1,0,70.002,0,0,25,291,5,48,0
19-01 11:58:39,25.502,3.500,69.006,0,0,5580792,163200,196912,2009304,9196.782,1694.144,0,148.013,0,9.001,4362,4185,2.040,2.010,1.220,1,0,1.000,0,0,25,291,5,41,0
19-01 11:58:40,23.170,4.983,70.257,0,0,5551256,192644,196924,2009384,7343.577,1614.411,0,458.413,0,27.903,2025,3043,2.040,2.010,1.220,1,0,55.807,0,0,25,291,5,41,0
19-01 11:58:41,24.243,4.499,69.230,0.250,0,5503552,240244,196928,2009484,9189.317,1619.527,79.977,99.971,4.999,4.999,2595,4748,1.950,1.990,1.220,2,0,31.991,0,0,25,291,5,42,0
19-01 11:58:42,24.763,3.002,70.787,0,0,5569424,174368,196932,2009484,8182.255,1552.807,0,124.065,0,12.006,1930,3352,1.950,1.990,1.220,1,0,0,0,0,25,291,5,42,0
19-01 11:58:43,24.237,5.247,68.713,0.250,0,5535536,208224,196944,2009504,4874.407,1619.139,3.998,475.747,0.999,48.974,3467,5785,1.950,1.990,1.220,1,0,46.975,0,0,25,291,5,37,0
19-01 11:58:44,25.849,3.764,70.269,0,0,5570388,173284,196948,2009588,8745.522,1626.233,0,140.539,0,8.031,2636,4725,1.950,1.990,1.220,2,0,0,0,0,25,295,5,39,0
19-01 11:58:45,23.912,4.484,69.495,0.249,0,5548704,194888,196964,2009652,9079.659,1614.073,0,219.195,0,17.934,2216,3498,1.950,1.990,1.220,1,0,31.883,0,0,25,291,5,36,0
19-01 11:58:46,24.999,4.000,68.748,0,0,5567632,175800,196976,2009800,6138.816,1619.951,0,2671.920,0,418.987,3928,5892,1.960,1.990,1.220,1,0,6.000,0,0,25,291,5,36,0
19-01 11:58:47,12.510,20.266,65.802,0.250,0,5504244,239160,196984,2009820,10424.214,1695.336,0,2890.278,0,183.144,4013,6525,1.960,1.990,1.220,1,0,397.313,0,0,25,291,5,29,0
19-01 11:58:48,10.750,20.999,66.497,0,0,5505484,237892,196984,2009848,9277.638,1511.941,0,111.996,0,14.999,3511,5536,1.960,1.990,1.220,1,0,362.986,0,0,25,291,5,29,0
19-01 11:58:49,11.783,20.558,66.185,0,0,5505912,237436,196984,2009876,10783.171,1624.545,0,200.561,0,19.053,3491,5520,1.960,1.990,1.220,1,0,361.010,0,0,25,291,5,28,0
19-01 11:58:50,10.999,20.498,66.242,0,0,5507992,235344,196984,2009888,9433.896,1565.817,0,207.976,0,20.998,3678,5959,1.960,1.990,1.220,2,0,383.955,0,0,25,291,5,28,0
19-01 11:58:51,9.722,21.688,65.812,0.499,0,5508632,234672,197000,2009904,8615.394,1615.386,0,458.690,0,39.886,3689,6044,1.880,1.970,1.220,1,0,383.904,0,0,25,291,5,28,0
19-01 11:58:52,13.275,18.034,66.877,0,0,5508616,234672,197000,2009920,11508.809,1623.076,0,188.357,0,17.032,3452,5281,1.880,1.970,1.220,1,0,336.638,0,0,25,291,5,29,0
19-01 11:58:53,11.230,21.710,66.130,0.250,0,5515972,227284,197004,2009948,8629.277,1617.054,0,371.323,0,31.942,3611,5845,1.880,1.970,1.220,1,0,357.349,0,0,25,291,5,27,0
19-01 11:58:54,10.499,20.249,67.246,0,0,5513796,229308,197008,2010096,8993.424,1693.892,0,271.983,0,21.999,3464,5455,1.880,1.970,1.220,1,0,351.977,0,0,25,291,5,27,0
19-01 11:58:55,10.519,20.286,67.118,0.250,0,5518264,224820,197016,2010108,8383.772,1514.669,0,212.374,0,16.028,3442,5524,1.880,1.970,1.220,1,0,363.641,0,0,25,291,5,27,0
19-01 11:58:56,11.248,19.247,67.241,0,0,5516740,226316,197028,2010124,10346.541,1619.772,0,339.952,0,36.995,3722,5966,1.890,1.970,1.230,1,0,383.946,0,0,25,291,5,26,0
19-01 11:58:57,16.784,9.770,71.395,1.002,0,5540856,214804,197028,2007160,9112.453,1623.287,1611.263,20.041,122.248,3.006,2366,3556,1.890,1.970,1.230,1,0,79.160,0,0,25,291,5,26,0
19-01 11:58:58,27.145,8.218,59.022,4.483,0.249,5551096,177724,197052,2034032,4970.773,1559.966,11627.027,11.954,938.370,2.988,8536,15313,1.890,1.970,1.230,1,0,7.969,0,0,25,289,5,25,2
19-01 11:58:59,16.748,2.750,78.989,0.500,0,5568420,159384,197084,2035016,17145.668,7669.957,531.928,3235.560,27.996,22.997,1884,2824,1.890,1.970,1.230,1,0,3.000,0,0,25,290,5,25,2
19-01 11:59:00,14.764,1.752,80.074,1.001,0.250,5572020,155100,197104,2035676,26465.295,12599.566,612.562,1229.128,60.055,46.042,2041,2998,1.890,1.970,1.230,1,0,0,0,0,25,290,5,15,2
19-01 11:59:01,20.733,1.998,76.439,0.999,0,5595104,130908,197156,2036824,33085.532,14813.149,987.210,5159.872,58.953,248.801,2513,3060,1.900,1.970,1.230,0,0,0,0,0,25,290,5,15,2
19-01 11:59:02,16.247,1.250,79.483,1.000,0,5596700,128416,197176,2037700,25701.500,11246.593,699.850,1175.748,56.988,39.991,2023,2862,1.900,1.970,1.230,1,0,0,0,0,25,290,5,16,2
19-01 11:59:03,18.747,2.999,75.237,0.750,0,5607216,132044,196868,2025296,23032.992,10397.191,855.851,1027.821,49.991,43.992,2727,3190,1.900,1.970,1.230,0,0,0,0,0,25,290,5,16,2
19-01 11:59:04,17.007,3.001,75.782,2.001,0,5612124,127972,196216,2026972,17373.418,5745.453,15382.568,1512.646,196.084,64.027,2432,3397,1.900,1.970,1.230,2,0,1.000,0,0,25,290,5,14,2
19-01 11:59:05,24.465,4.993,69.899,0.499,0,5604344,159484,195648,2006872,14235.487,1691.562,0,2033.070,0,71.896,3422,3521,1.900,1.970,1.230,6,0,0.999,0,0,25,290,5,14,2
19-01 11:59:06,22.280,5.007,69.845,1.502,0,5621808,133688,195832,2015188,7488.184,1568.133,0,5195.065,0,172.234,3376,4057,1.830,1.960,1.230,3,0,1.001,0,0,25,290,5,13,2
19-01 11:59:07,23.325,5.016,69.724,1.003,0,5612104,136992,195924,2021476,5196.681,1699.455,32.103,2849.146,2.006,106.341,3193,3682,1.830,1.960,1.230,1,0,1.003,0,0,25,292,5,13,2
19-01 11:59:08,23.253,3.000,70.760,0.500,0,5544100,218608,195968,2007272,12817.846,1686.243,448.065,920.132,7.001,32.005,1956,2809,1.830,1.960,1.230,1,0,3.000,0,0,25,291,5,13,2
19-01 11:59:09,18.686,3.986,75.490,0,0,5588248,173416,195976,2008304,12510.850,3694.259,0,972.645,0,18.935,1811,2740,1.830,1.960,1.230,2,0,6.976,0,0,25,292,5,13,2
19-01 11:59:10,24.251,3.500,71.753,0,0,5579908,175808,195984,2013624,12313.591,2267.109,0,864.041,0,7.000,1793,2618,1.830,1.960,1.230,1,0,6.000,0,0,25,292,5,13,2
19-01 11:59:11,20.261,4.002,73.539,0.500,0,5568672,180024,196228,2019516,15049.961,4312.281,0,1296.686,0,20.011,7200,14215,1.760,1.940,1.230,2,0,6.003,0,0,25,291,5,13,2
19-01 11:59:12,26.073,5.265,68.442,0,0,5565796,182384,196292,2019900,11717.822,1698.758,0,96.270,0,3.008,10068,20034,1.760,1.940,1.230,2,0,13.037,0,0,25,291,5,13,2
19-01 11:59:13,21.509,4.752,70.030,0,0,5551312,204500,196356,2012300,7916.420,1640.709,0,2012.870,0,32.014,3867,6867,1.760,1.940,1.230,2,0,15.006,0,0,25,291,5,13,2
19-01 11:59:14,23.207,5.490,70.869,0.250,0,5537148,224428,196360,2007376,5399.994,1617.004,0,790.535,0,20.961,2319,3736,1.760,1.940,1.230,1,0,50.906,0,0,25,291,5,12,2
19-01 11:59:15,23.971,4.994,68.418,0,0,5559484,201048,196364,2008412,8653.581,1584.093,0,487.413,0,9.988,10215,19911,1.760,1.940,1.230,1,0,10.987,0,0,25,291,5,12,2
19-01 11:59:16,19.747,4.999,73.738,0,0,5595612,158700,196364,2014632,12161.981,3706.385,0,191.968,0,8.999,1870,2760,1.700,1.930,1.230,1,0,4.999,0,0,25,294,5,12,2
19-01 11:59:17,23.976,2.997,71.428,0,0,5604344,149484,196368,2014780,7895.089,2847.147,0,2637.357,0,308.691,2319,2811,1.700,1.930,1.230,0,0,6.993,0,0,25,296,5,12,2
19-01 11:59:18,20.518,4.004,73.565,0,0,5585340,161932,196384,2020552,15984.130,3656.232,0,1028.910,0,21.019,6567,12798,1.700,1.930,1.230,2,0,6.005,0,0,25,295,5,12,2
19-01 11:59:19,21.749,8.500,67.497,0,0,5580296,166352,196440,2021052,7658.625,1767.913,0,83.996,0,1.000,10990,21924,1.700,1.930,1.230,2,0,18.999,0,0,25,295,5,12,2
19-01 11:59:20,21.258,7.503,71.528,0.250,0,5543688,216640,196488,2008452,9200.551,1620.626,0,956.369,0,27.010,2141,3410,1.700,1.930,1.230,1,0,12.005,0,0,25,295,5,12,2
19-01 11:59:21,24.241,5.998,66.726,0.500,0,5578852,181592,196496,2008432,6960.473,1565.432,0,89447.531,0,379.862,3021,3788,1.640,1.910,1.230,7,0,8.997,0,0,25,295,5,12,2
19-01 11:59:22,23.569,5.516,70.456,0,0,5551104,209028,196496,2008460,6700.566,1516.428,0,8.023,0,2.006,2430,3805,1.640,1.910,1.230,1,0,94.275,0,0,25,295,5,12,2
19-01 11:59:23,23.915,6.726,66.761,0,0,5567240,175932,197080,2023504,9933.508,1656.083,0,1562.417,0,20.925,13118,25701,1.640,1.910,1.230,3,0,6.975,0,0,25,295,5,12,2
19-01 11:59:24,19.001,2.000,77.505,0.250,0.250,5580380,162356,197136,2023852,21855.464,7539.505,4.000,1048.070,1.000,38.003,2043,3119,1.640,1.910,1.230,2,0,1.000,0,0,25,296,5,12,2
19-01 11:59:25,14.247,1.250,82.235,0.500,0,5580272,162104,197240,2024064,26327.287,13990.496,0,1439.742,0,55.990,1878,2931,1.640,1.910,1.230,2,0,0,0,0,25,296,5,12,2
19-01 11:59:26,5.000,1.750,91.008,0.750,0,5580480,161628,197320,2024228,130735.851,9650.801,0,10824.898,0,120.010,2023,2831,1.510,1.880,1.220,0,0,1.000,0,0,25,299,5,12,2
19-01 11:59:27,13.001,1.500,82.755,0.250,0,5605728,136204,197416,2024308,47468.038,9428.603,0,2224.142,0,237.015,2042,2864,1.510,1.880,1.220,1,0,0,0,0,25,299,5,12,2
19-01 11:59:28,21.764,3.252,74.048,0.500,0,5616220,146092,197304,2004336,24305.653,11248.244,1649.062,1052.678,21.014,39.025,2240,3230,1.510,1.880,1.220,3,0,4.003,0,0,25,299,5,12,2
19-01 11:59:29,20.995,2.249,74.733,0.250,0,5625832,135568,197384,2005224,287882.363,13850.842,511.883,999.772,7.998,27.994,2318,3431,1.510,1.880,1.220,1,0,1.000,0,0,25,299,5,12,2
19-01 11:59:30,12.752,4.501,81.263,1.000,0,5618276,168104,197540,1980228,108302.653,19252.138,52.008,2540.414,8.001,124.020,2554,3657,1.510,1.880,1.220,0,0,0,0,0,25,299,5,12,2
19-01 11:59:31,16.491,1.499,79.457,0.999,0,5624276,161516,197724,1980568,93833.049,13100.886,103.944,1679.088,5.997,80.956,2634,3447,1.390,1.850,1.210,2,0,0,0,0,25,299,5,12,2
19-01 11:59:32,16.747,5.999,73.986,0.500,0,5628492,137572,197836,2000152,5668377.345,41727.155,0,6530.772,0,55.989,4730,7179,1.390,1.850,1.210,0,0,36.993,0,0,25,299,5,12,2
19-01 11:59:33,16.004,4.251,77.021,1.500,0,5638276,135992,197564,1992956,1841331.890,14206.950,10114.812,3580.996,63.018,92.026,4261,3900,1.390,1.850,1.210,2,0,2.001,0,0,25,299,5,12,2
19-01 11:59:34,20.245,5.499,70.234,1.250,0,5645164,124820,200560,1992768,7605.296,1619.637,0,5774.706,0,158.964,3114,3782,1.390,1.850,1.210,1,0,0,0,0,25,299,5,12,2
19-01 11:59:35,22.751,4.750,70.253,0.750,0,5655912,138244,200232,1970532,8642.389,1532.069,0,5068.228,0,221.010,2280,3327,1.390,1.850,1.210,2,0,1.000,0,0,25,299,5,12,2
19-01 11:59:36,24.757,10.003,65.017,0.750,0,5658872,136968,200204,1968960,9488.514,1620.429,20.005,2912.772,2.001,113.030,3764,7089,1.440,1.850,1.220,1,0,2.001,0,0,25,299,5,10,2
19-01 11:59:37,23.497,4.749,68.991,1.000,0,5651820,137532,198288,1975432,5127.364,1619.799,63.992,2615.676,4.000,103.987,2525,3799,1.440,1.850,1.220,4,0,0,0,0,25,300,5,12,2
19-01 11:59:38,25.837,3.763,68.982,0.502,0,5642464,139356,189276,1993012,5691.174,1625.476,0,2937.898,0,68.230,2313,3802,1.440,1.850,1.220,1,0,0,0,0,25,299,5,12,2
19-01 11:59:39,18.933,5.231,73.489,1.246,0,5648216,154796,189880,1970952,14485.461,4207.031,39.858,89079.057,2.989,567.979,3409,4275,1.440,1.850,1.220,1,0,0.996,0,0,25,297,5,12,2
19-01 11:59:40,26.269,2.252,70.802,0,0,5582112,221028,189900,1970864,8583.343,1621.198,0,4.003,0,1.001,1781,2468,1.440,1.850,1.220,1,0,6.004,0,0,25,297,5,12,2
19-01 11:59:41,17.299,4.764,76.217,0.501,0,5583156,214160,190048,1976092,14396.945,3892.069,0,2222.320,0,45.128,1864,2765,1.320,1.820,1.210,1,0,4.011,0,0,25,297,5,12,2
19-01 11:59:42,20.176,2.740,75.472,0,0,5604164,191840,190128,1977196,12053.619,3552.918,0,0,0,0,1732,2453,1.320,1.820,1.210,0,0,4.982,0,0,25,298,5,12,2
19-01 11:59:43,23.809,5.012,68.920,0.251,0,5582300,205700,190720,1983776,11396.160,2709.696,545.348,1503.716,25.062,32.079,9081,17623,1.320,1.820,1.210,1,0,11.027,0,0,25,297,5,10,2
19-01 11:59:44,22.528,5.507,70.087,0,0,5577032,210568,190776,1984056,8421.485,1664.072,0,2759.435,0,36.045,2056,3208,1.320,1.820,1.210,2,0,5.006,0,0,25,297,5,10,2
19-01 11:59:45,23.521,6.256,69.313,0,0,5587928,199508,190828,1984136,5619.074,1621.464,4.004,368.333,1.001,11.010,9732,19395,1.320,1.820,1.210,1,0,16.014,0,0,25,297,4,7,2
19-01 11:59:46,22.982,5.246,69.445,0.250,0,5558148,243296,190840,1971428,7943.685,1618.713,0,1007.199,0,137.890,2037,2760,1.300,1.810,1.210,1,0,8.993,0,0,25,297,4,7,2
19-01 11:59:47,21.434,5.483,69.786,2.492,0,5583852,212232,191200,1976428,10223.634,1615.045,2954.934,2771.497,345.939,49.847,3023,4340,1.300,1.810,1.210,1,0,6.979,0,0,25,297,4,7,2
19-01 11:59:48,26.001,2.750,69.503,0,0,5584700,210972,191252,1976628,10543.411,1620.063,60.002,552.022,6.000,57.002,4219,9139,1.300,1.810,1.210,1,0,0,0,0,25,298,4,7,2
19-01 11:59:49,25.495,2.999,69.487,0.500,0,5586816,208456,191276,1977008,10009.168,1457.733,307.944,619.887,22.996,65.988,4150,8410,1.300,1.810,1.210,1,0,1.000,0,0,25,305,4,11,2
19-01 11:59:50,27.486,2.998,67.215,0.999,0,5589096,204928,191320,1978212,9653.912,1619.147,1063.440,1259.336,78.958,153.919,4219,8704,1.300,1.810,1.210,1,0,3.998,0,0,25,307,4,11,2
19-01 11:59:51,27.249,3.500,65.999,1.750,0,5595076,197116,191412,1979920,11051.790,1619.969,1039.980,1743.967,68.999,240.995,4966,9040,1.270,1.790,1.210,1,0,2.000,0,0,25,307,4,11,2
19-01 11:59:52,11.290,19.569,65.983,0.502,0,5554064,237884,191480,1980096,8865.303,1625.740,128.454,4058.330,1.004,238.843,3691,5981,1.270,1.790,1.210,1,0,293.035,0,0,25,307,4,12,2
19-01 11:59:53,13.250,15.750,68.000,0.750,0,5543536,243908,191764,1984316,7218.007,1694.002,4564.005,344.000,203.000,33.000,3293,5075,1.270,1.790,1.210,0,1,157.000,0,0,25,307,4,13,2
19-01 11:59:54,4.980,1.494,89.138,1.743,0,5537848,243296,191812,1990536,14769.990,4233.798,6131.089,2979.893,295.798,145.409,2691,4135,1.270,1.790,1.210,1,0,5.976,0,0,25,308,4,13,2
19-01 11:59:55,2.753,0.500,94.087,0,0,5537820,243296,191812,1990564,45822.156,5133.723,0,172.158,0,4.004,1486,2456,1.270,1.790,1.210,0,0,0,0,0,25,308,4,13,2
19-01 11:59:56,5.747,3.248,89.450,0.500,0,5519492,257496,192084,1994356,88305.196,119894.380,3797.858,3286.147,53.970,395.777,2475,3055,1.170,1.760,1.200,0,0,11.993,0,0,25,307,4,13,2
19-01 11:59:57,3.001,0.750,93.266,0,0,5519096,257496,192096,1994644,8945.565,1620.284,0,796.139,0,34.006,1618,2663,1.170,1.760,1.200,0,0,0,0,0,25,307,4,13,2
19-01 11:59:58,5.242,1.498,91.355,0,0,5518892,257696,192096,1994648,7825.573,1617.432,0,3.994,0,0.998,1500,2568,1.170,1.760,1.200,0,0,1.997,0,0,25,307,4,13,2
19-01 11:59:59,3.006,1.503,93.924,0,0,5518836,257748,192096,1994652,9396.383,1665.080,0,4.007,0,1.002,1553,2618,1.170,1.760,1.200,0,0,1.002,0,0,25,307,4,13,1
19-01 12:00:00,1.749,0.750,94.471,0.250,0,5518824,257748,192104,1994656,9429.134,1693.485,0,151.954,0,11.996,1409,2473,1.170,1.760,1.200,0,0,0,0,0,25,307,4,13,1
19-01 12:00:01,5.250,1.000,90.503,0.500,0,5518780,257748,192128,1994676,18629.689,5343.198,0,332.012,0,48.002,1948,3409,1.080,1.730,1.190,0,0,0,0,0,25,307,4,13,1
19-01 12:00:02,3.500,0.500,94.755,0,0,5518696,257748,192128,1994760,8849.496,1458.082,84.005,396.022,7.000,26.001,1475,2499,1.080,1.730,1.190,1,0,0,0,0,25,307,4,14,1
19-01 12:00:03,3.250,0.750,93.750,0,0,5518696,257748,192128,1994760,8867.982,1619.997,0,140.000,0,13.000,1606,2887,1.080,1.730,1.190,1,0,0,0,0,25,307,4,13,1
19-01 12:00:04,2.250,0.500,94.999,0.250,0,5518696,257748,192128,1994760,6461.903,1619.976,0,191.997,0,15.000,1401,2502,1.080,1.730,1.190,0,0,0,0,0,25,307,4,13,1
19-01 12:00:05,2.751,0.500,94.523,0,0,5518568,257748,192128,1994888,8492.106,1620.402,0,96.024,0,15.004,1514,2696,1.080,1.730,1.190,0,0,1.000,0,0,25,307,4,13,1
19-01 12:00:06,2.501,0.750,93.793,0,0,5518564,257748,192132,1994888,10663.873,1662.760,0,252.115,0,23.011,1638,2990,1.070,1.720,1.190,0,0,1.000,0,0,25,307,4,13,1
19-01 12:00:07,2.250,3.250,92.508,0,0,5517520,258788,192132,1994892,9864.878,1620.144,0,0,0,0,1555,2522,1.070,1.720,1.190,1,0,0,0,0,25,307,4,13,1
19-01 12:00:08,2.248,0.999,94.676,0,0,5517520,258788,192132,1994892,8493.392,1530.809,0,35.972,0,2.998,1395,2496,1.070,1.720,1.190,1,0,0,0,0,25,307,4,13,1
19-01 12:00:09,3.499,0.250,94.481,0.250,0,5518020,258288,192132,1994892,5056.958,1693.651,0,235.951,0,18.996,1439,2545,1.070,1.720,1.190,0,0,1.000,0,0,25,307,4,13,1
19-01 12:00:10,2.249,3.248,92.448,0,0,5521512,254964,192132,1994900,11152.732,1619.090,0,119484.850,0,522.706,2495,3156,1.070,1.720,1.190,0,0,0,0,0,25,307,4,13,1
19-01 12:00:11,1.752,1.502,94.605,0.250,0,5521512,254964,192140,1994892,9182.211,1621.803,0,2855.175,0,238.265,1743,2832,0.980,1.690,1.180,0,0,0,0,0,25,307,4,13,1
19-01 12:00:12,2.750,0.250,94.740,0,0,5521572,254964,192144,1994916,9467.015,1619.832,0,347.964,0,22.998,1410,2474,0.980,1.690,1.180,0,0,0,0,0,25,307,4,13,1
19-01 12:00:13,3.500,0.500,94.005,0.500,0,5521564,254964,192148,1994920,7236.376,1620.084,0,164.009,0,25.001,1708,2948,0.980,1.690,1.180,0,0,0,0,0,25,307,4,13,1
19-01 12:00:14,3.750,1.000,94.261,0,0,5521564,254964,192148,1994920,9156.053,1620.186,0,204.023,0,16.002,1559,2622,0.980,1.690,1.180,0,0,0,0,0,25,307,4,13,1
19-01 12:00:15,3.748,0.750,94.707,0,0,5521548,254964,192156,1994928,6567.032,1457.341,3.998,127.942,1.000,12.994,1394,2459,0.980,1.690,1.180,0,0,0,0,0,25,307,4,13,1
19-01 12:00:16,2.250,0.750,94.480,0,0,5521544,254964,192156,1994932,5851.736,1619.650,0,51.989,0,5.999,1491,2680,0.910,1.660,1.180,0,0,0,0,0,25,307,4,13,1
19-01 12:00:17,3.002,0.500,95.075,0,0,5521544,254964,192156,1994932,6495.118,1695.336,0,8.006,0,2.002,1343,2425,0.910,1.660,1.180,0,0,0,0,0,25,307,4,13,1
19-01 12:00:18,2.751,0.500,95.273,0,0,5521544,254964,192156,1994932,9232.271,1620.399,0,0,0,0,1372,2493,0.910,1.660,1.180,0,0,0,0,0,25,307,4,13,1
19-01 12:00:19,2.749,0.500,94.966,0,0,5521544,254964,192156,1994932,6914.532,1619.422,0,7.997,0,1.000,1410,2360,0.910,1.660,1.180,1,0,1.000,0,0,25,307,4,13,1
19-01 12:00:20,2.990,2.243,93.939,0.249,0,5522408,254068,192160,1994928,8906.493,1614.651,0,2499.718,0,17.941,1696,2888,0.910,1.660,1.180,1,0,0.997,0,0,25,307,4,13,1
19-01 12:00:21,3.509,1.003,93.503,0.501,0,5522352,254068,192176,1994968,6693.112,1516.103,16.043,421.140,1.003,39.106,1797,3207,0.830,1.640,1.170,5,0,1.003,0,0,25,307,4,13,1
19-01 12:00:22,3.250,1.000,93.753,0.250,0,5522352,254068,192180,1994964,9304.270,1566.045,0,752.022,0,134.004,1716,2588,0.830,1.640,1.170,0,0,0,0,0,25,307,4,14,1
19-01 12:00:23,3.001,0.750,93.520,0,0,5522324,254068,192204,1994968,7427.619,1620.353,92.020,228.050,3.001,24.005,1626,2791,0.830,1.640,1.170,0,0,0,0,0,25,307,4,14,1
19-01 12:00:24,2.000,0.750,94.479,0.250,0,5522216,254068,192220,1995060,5972.680,1693.626,0,567.874,0,38.991,1523,2612,0.830,1.640,1.170,0,0,0,0,0,25,307,4,13,1
19-01 12:00:25,3.251,0.750,95.286,0,0,5522216,254068,192220,1995060,6278.367,1620.611,0,24.009,0,4.002,1333,2369,0.830,1.640,1.170,0,0,0,0,0,25,307,4,13,1
19-01 12:00:26,2.249,0.500,94.718,0,0,5522216,254068,192220,1995060,13125.564,971.672,0,0,0,0,1438,2558,0.770,1.610,1.160,0,0,0,0,0,25,307,4,13,1
19-01 12:00:27,5.500,2.000,90.750,0,0,5523532,252304,192228,1995500,114529.229,1654.003,500.001,8.000,13.000,2.000,1624,2629,0.770,1.610,1.160,1,0,4.000,0,0,25,307,4,13,1
19-01 12:00:28,14.006,7.003,78.033,0.250,0,5528780,246392,192240,1996152,352602.798,9924.188,288.122,12.005,20.008,3.001,2345,3341,0.770,1.610,1.160,1,0,38.016,0,0,25,307,4,13,1
