"pcp-dstat 5.3.6 CSV Output"
"Author:","PCP team <pcp@groups.io> and Dag Wieers <dag@wieers.com>",,,,"URL:","https://pcp.io/ and http://dag.wieers.com/home-made/dstat/"
"Host:","ubuntu",,,,"User:","ubuntu"
"Cmdline:","dstat -tcmndrylpg --tcp --output /tmp/devstack_logs/dstat-csv.log",,,,"Date:","16 Dec 2024 19:44:16 UTC"
"system","total usage",,,,,"memory usage",,,,"net/total",,"dsk/total",,"io/total",,"system",,"load avg",,,"procs",,,"paging",,"tcp sockets",,,,
"time","total usage:usr","total usage:sys","total usage:idl","total usage:wai","total usage:stl","used","free","buf","cach","net/total:recv","net/total:send","dsk/total:read","dsk/total:writ","read","writ","int","csw","1m","5m","15m","run","blk","new","in","out","lis","act","syn","tim","clo"
16-12 19:44:16,,1004304,1399300,175524,5210816,,,,,,,1.430,1.070,0.600,3,0,,,,9,5,6,11,1
16-12 19:44:17,22.723,20.975,53.937,0.749,0,1007268,1380504,175588,5224684,303824.917,8412.141,0,3823.519,0,127.850,3278,5220,1.430,1.070,0.600,4,0,365.572,0,0,9,4,6,11,2
16-12 19:44:18,29.526,22.520,45.540,1.501,0,1026732,1329940,176140,5252568,8158.138,1621.419,0,4395.846,0,172.151,3410,5287,1.550,1.100,0.620,5,0,408.357,0,0,9,4,6,11,2
16-12 19:44:19,34.721,18.734,43.214,0.999,0,1027600,1296556,177472,5280316,7896.375,1618.642,0,3281.247,0,114.904,5260,10096,1.550,1.100,0.620,6,0,237.800,0,0,9,4,6,11,2
16-12 19:44:20,28.277,9.259,61.310,0.250,0,1086284,1250340,177584,5392120,10946.629,4200.078,0,808.785,0,20.019,3831,5916,1.550,1.100,0.620,3,0,51.050,0,0,10,2,6,10,0
16-12 19:44:21,32.430,11.974,54.881,0,0,1118748,1216416,177676,5393452,9593.154,1616.487,0,139.696,0,8.980,9986,19327,1.550,1.100,0.620,3,0,119.740,0,0,10,4,6,10,0
16-12 19:44:22,36.982,15.742,46.228,0,0,1152028,1182708,177680,5393876,8129.122,1619.228,79.962,2542.787,1.000,37.982,11489,21895,1.550,1.100,0.620,3,0,194.907,0,0,10,4,6,12,0
16-12 19:44:23,44.825,6.010,49.082,0.250,0,1166516,1166884,177752,5394788,11465.158,1696.835,0,1254.096,0,15.025,1363,1437,1.670,1.130,0.630,3,0,15.025,0,0,10,4,6,12,0
16-12 19:44:24,27.753,8.501,57.506,6.501,0,1159620,1167188,177956,5401092,4866.482,1736.172,0,21058.085,0,1920.190,9965,18667,1.670,1.130,0.630,3,0,90.009,0,0,10,6,6,12,0
16-12 19:44:25,17.993,3.749,66.973,8.247,0,1063752,1259488,178064,5404444,5606.769,1693.326,0,38468.689,0,3099.766,12725,23242,1.670,1.130,0.630,1,0,44.982,0,0,10,4,6,12,0
16-12 19:44:26,20.006,6.252,72.773,0.500,0,1127952,1195280,178068,5404448,43510.488,1620.502,0,5649.751,0,324.100,2143,3256,1.670,1.130,0.630,1,0,62.019,0,0,10,4,6,12,0
16-12 19:44:27,23.259,1.751,73.780,0,0.250,1082032,1241192,178072,5404448,5631.258,1532.615,0,700.281,0,44.018,1001,1270,1.670,1.130,0.630,1,0,10.004,0,0,10,4,6,12,0
16-12 19:44:28,22.732,3.747,71.694,0.500,0,1149592,1173556,178092,5404460,6618.844,1618.739,0,37762.583,0,451.648,2134,2905,1.610,1.130,0.630,1,0,1.998,0,0,10,4,6,12,0
16-12 19:44:29,20.744,5.748,72.729,0.250,0,1086780,1236328,178096,5404472,6726.103,1619.543,0,3946.887,0,264.925,2071,2446,1.610,1.130,0.630,3,0,150.957,0,0,10,4,6,12,0
16-12 19:44:30,9.754,19.259,70.031,0,0,1084780,1238256,178096,5404508,5774.570,1620.721,0,28.012,0,7.003,2902,4604,1.610,1.130,0.630,1,0,390.174,0,0,10,4,6,12,0
16-12 19:44:31,16.995,17.495,64.981,0,0,1091304,1231360,178096,5404792,5212.473,1735.492,0,19.994,0,4.999,4821,7945,1.610,1.130,0.630,1,0,243.929,0,0,10,4,6,12,0
16-12 19:44:32,44.941,9.238,44.941,0,0,1209996,1112552,178100,5405280,6755.124,1691.777,0,155.795,0,2.996,1934,2856,1.610,1.130,0.630,2,0,133.824,0,0,10,5,6,12,0
16-12 19:44:33,48.776,7.004,43.273,0.250,0,1265476,1054868,178236,5407212,4869.595,1532.817,0,28747.322,0,823.439,3506,8452,1.650,1.140,0.640,3,0,34.018,0,0,10,5,6,13,0
16-12 19:44:34,14.753,7.251,77.263,0.500,0,1274772,1044576,178268,5408084,5550.966,1620.282,0,2784.485,0,96.017,2000,3724,1.650,1.140,0.640,1,0,118.021,0,0,10,4,6,13,0
16-12 19:44:35,2.748,1.999,95.181,0,0,1274944,1044404,178292,5408060,5190.222,1692.768,0,63.953,0,7.994,1032,1460,1.650,1.140,0.640,2,0,20.985,0,0,10,4,6,13,0
16-12 19:44:36,21.993,3.499,73.977,0,0,1354200,965160,178292,5408084,4823.495,1619.495,0,435.864,0,21.993,1039,1355,1.650,1.140,0.640,1,0,1.999,0,0,10,4,6,13,0
16-12 19:44:37,24.291,2.254,72.623,0.751,0,1379416,939736,178296,5408288,4857.199,1622.739,0,841.420,0,110.186,1876,3420,1.650,1.140,0.640,0,1,1.002,0,0,10,10,6,13,0
16-12 19:44:38,20.973,5.493,71.906,0.999,0,1313128,1005972,178300,5408336,4699.857,1617.885,0,13666.138,0,244.680,2171,3583,1.590,1.140,0.640,1,0,43.943,0,0,10,4,6,15,0
16-12 19:44:39,23.240,2.749,72.719,0.250,0,1287416,1030956,178300,5408904,4538.035,1605.305,231.900,2694.833,57.975,20.991,1927,2895,1.590,1.140,0.640,1,0,3.998,0,0,10,28,6,15,0
16-12 19:44:40,20.059,5.516,73.466,0,0.251,1338452,979892,178300,5408924,4687.806,1624.785,0,345.016,0,13.038,1248,1867,1.590,1.140,0.640,1,0,44.130,0,0,10,28,6,15,0
16-12 19:44:41,27.506,12.003,61.014,0,0,1357048,961264,178304,5408952,5135.150,1620.363,0,12.003,0,3.001,2028,2830,1.590,1.140,0.640,2,0,161.036,0,0,10,28,6,15,0
16-12 19:44:42,45.990,5.749,48.490,0.250,0,1362296,955780,178304,5409156,6945.500,1619.650,0,951.794,0,18.996,3123,6895,1.590,1.140,0.640,2,0,5.999,0,0,10,28,6,16,0
16-12 19:44:43,66.512,21.254,10.752,0,0,1506656,811376,178308,5409192,4829.869,1620.292,0,31509.672,0,106.019,2720,4500,1.950,1.220,0.670,7,0,468.084,0,0,10,28,6,16,0
16-12 19:44:44,81.163,14.484,3.746,0,0,1511496,806172,178312,5409548,5262.332,1618.257,0,3300.445,0,48.947,5832,13615,1.950,1.220,0.670,6,0,165.821,0,0,10,28,6,17,0
16-12 19:44:45,42.160,13.471,42.160,0,0,1321932,995684,178312,5409588,4898.537,1616.547,0,4318.775,0,156.665,3173,5966,1.950,1.220,0.670,2,0,225.518,0,0,10,28,6,17,0
16-12 19:44:46,22.028,5.507,72.843,0,0.250,1382440,935168,178316,5409592,4996.390,1459.867,0,156.200,0,8.010,1441,2131,1.950,1.220,0.670,1,0,42.054,0,0,10,28,6,17,0
16-12 19:44:47,20.011,6.003,72.541,0,0,1353124,964464,178320,5409608,6538.701,1694.959,0,192.109,0,19.011,1915,3149,1.950,1.220,0.670,2,0,70.040,0,0,10,28,6,17,0
16-12 19:44:48,21.733,3.997,73.442,0.250,0,1314016,1003536,178324,5409640,4873.170,1692.670,0,267.790,0,29.976,1888,3463,1.870,1.220,0.670,2,0,23.981,0,0,10,28,6,17,0
16-12 19:44:49,9.505,22.762,67.035,0.250,0,1317996,999448,178332,5409648,6059.120,1714.883,0,36366.729,0,154.079,3039,4109,1.870,1.220,0.670,1,0,386.199,0,0,10,28,6,17,0
16-12 19:44:50,37.522,25.765,36.021,0,0,1426848,890576,178332,5409668,5477.155,1620.934,0,124.071,0,18.010,2868,5076,1.870,1.220,0.670,5,0,606.349,0,0,10,28,6,16,0
16-12 19:44:51,85.008,8.501,6.251,0,0,1594984,722240,178332,5409860,9136.877,1620.156,0,180.017,0,15.001,4701,9322,1.870,1.220,0.670,6,0,33.003,0,0,10,30,6,16,0
16-12 19:44:52,81.747,14.749,2.750,0,0,1447732,869268,178332,5410080,11312.559,1619.937,0,543.979,0,58.998,4312,10076,1.870,1.220,0.670,6,0,152.994,0,0,10,28,6,17,0
16-12 19:44:53,78.997,17.499,3.000,0,0,1539000,777720,178336,5410352,10682.658,1511.952,0,227.993,0,15.000,3968,9214,2.280,1.310,0.710,6,0,205.993,0,0,10,31,6,17,0
16-12 19:44:54,68.502,11.750,18.501,0,0,1437860,878516,178340,5410704,6842.192,1566.044,0,31376.879,0,77.002,4001,9402,2.280,1.310,0.710,3,0,163.005,0,0,10,30,6,18,0
16-12 19:44:55,40.731,9.995,48.478,0,0,1399496,916716,178340,5410868,5197.614,1693.223,0,375.827,0,30.986,3407,6335,2.280,1.310,0.710,3,0,101.953,0,0,10,28,6,18,0
16-12 19:44:56,44.771,12.506,42.270,0.250,0,1391572,924620,178340,5410888,41642.739,1694.803,0,268.127,0,26.012,4203,8337,2.280,1.310,0.710,6,0,280.133,0,0,10,28,6,19,0
16-12 19:44:57,65.001,11.250,23.250,0,0,1498092,818032,178340,5410956,5042.066,1620.021,0,196.003,0,7.000,2910,5213,2.280,1.310,0.710,4,0,104.001,0,0,10,30,6,19,0
16-12 19:44:58,67.812,15.264,16.265,0.250,0,1465524,850332,178344,5411212,5615.099,1621.472,0,476.433,0,50.045,4833,10376,2.500,1.370,0.730,5,0,266.242,0,0,10,28,6,20,0
16-12 19:44:59,73.431,11.989,15.485,0,0,1504820,810832,178348,5411408,5894.471,1618.482,0,435.591,0,23.978,6428,12177,2.500,1.370,0.730,4,0,49.953,0,0,10,30,6,21,0
16-12 19:45:00,60.309,16.516,22.772,0.250,0,1471500,844116,178348,5411456,4957.854,1513.482,0,336.329,0,24.024,3120,5919,2.500,1.370,0.730,4,0,280.274,0,0,10,28,6,22,0
16-12 19:45:01,60.209,14.740,24.983,0,0,1354812,960680,178352,5411576,6405.689,1618.910,0,411.723,0,36.975,4973,11123,2.500,1.370,0.730,4,0,299.798,0,0,10,28,6,24,0
16-12 19:45:02,66.228,7.747,26.241,0,0,1500636,814540,178356,5411888,8777.077,1607.465,0,375.875,0,34.988,2795,5231,2.500,1.370,0.730,4,0,5.998,0,0,10,30,6,25,0
16-12 19:45:03,65.570,15.767,18.019,0,0,1469560,845536,178356,5411968,4853.207,1695.820,0,240.258,0,14.015,2805,6436,2.540,1.400,0.740,4,0,293.315,0,0,10,28,6,25,0
16-12 19:45:04,59.686,11.737,28.470,0.250,0,1376532,937984,178360,5412536,5165.473,1618.268,0,715.235,0,40.956,4138,9001,2.540,1.400,0.740,4,0,111.880,0,0,10,28,6,26,0
16-12 19:45:05,62.548,8.757,28.522,0,0,1503212,811004,178360,5412836,4679.561,1621.234,0,3991.037,0,127.097,3621,6803,2.540,1.400,0.740,4,0,6.005,0,0,10,30,5,27,0
16-12 19:45:06,74.194,18.736,7.494,0,0,1507124,807012,178360,5412912,5010.207,1618.775,0,447.661,0,36.972,3120,6979,2.540,1.400,0.740,6,0,433.672,0,0,10,28,5,27,0
16-12 19:45:07,77.748,17.250,4.250,0,0,1530576,783304,178368,5413124,4782.871,1619.956,0,699.981,0,52.999,5336,9910,2.540,1.400,0.740,8,0,245.993,0,0,10,28,5,27,0
16-12 19:45:08,82.250,16.250,1.500,0,0,1557456,756216,178368,5413328,5133.985,1511.995,0,355.999,0,23.000,2658,5019,2.820,1.480,0.770,7,0,267.999,0,0,10,29,5,27,0
16-12 19:45:09,72.277,20.508,7.253,0,0,1504272,809272,178368,5413552,9842.632,1620.598,0,5562.052,0,347.128,6667,13989,2.820,1.480,0.770,7,0,353.130,0,0,10,29,5,27,0
16-12 19:45:10,51.254,25.502,22.502,0,0,1385336,928004,178368,5413756,6172.426,1566.108,0,256.018,0,16.001,5161,9962,2.820,1.480,0.770,4,0,658.045,0,0,10,28,5,27,0
16-12 19:45:11,20.984,22.233,54.707,0.250,0,1323716,989564,178368,5413816,7208.377,1618.737,0,203.841,0,9.992,3854,7140,2.820,1.480,0.770,2,0,495.613,0,0,10,28,5,26,0
16-12 19:45:12,15.506,27.011,57.774,0,0,1345364,967912,178368,5413820,5333.187,1620.664,0,216.089,0,16.007,2992,4454,2.820,1.480,0.770,5,0,490.201,0,0,10,28,5,26,0
16-12 19:45:13,69.371,25.952,4.492,0,0,1533396,779780,178368,5413904,6704.563,1690.863,0,654.785,0,44.917,3257,7809,2.990,1.540,0.790,8,0,663.769,0,0,10,30,5,24,0
16-12 19:45:14,76.386,21.288,2.004,0,0,1482796,830156,178384,5414104,6116.876,1697.017,0,1021.817,0,80.142,4023,9670,2.990,1.540,0.790,7,0,374.666,0,0,10,29,5,24,0
16-12 19:45:15,81.256,15.751,2.250,0,0,1507296,805408,178384,5414336,6251.475,1512.115,0,2128.162,0,131.010,4171,8068,2.990,1.540,0.790,7,0,263.020,0,0,10,29,5,25,0
16-12 19:45:16,84.242,11.714,4.486,0,0,1637380,675124,178392,5414528,6756.272,1688.819,0,159.511,0,10.966,5387,14935,2.990,1.540,0.790,7,0,37.884,0,0,10,31,5,25,0
16-12 19:45:17,83.455,14.034,2.256,0.251,0,1599720,712340,178404,5414948,7028.276,1623.992,0,417.025,0,33.081,5105,48554,2.990,1.540,0.790,7,0,69.170,0,0,10,31,5,25,0
16-12 19:45:18,78.624,18.529,2.754,0,0,1528480,783380,178408,5415056,4893.712,1568.472,0,1450.286,0,52.082,4472,10888,3.310,1.630,0.830,7,0,127.200,0,0,10,28,5,25,0
16-12 19:45:19,84.547,13.468,1.247,0,0,1641428,669960,178440,5415440,31002.408,6491.382,0,722.262,0,26.935,3666,14189,3.310,1.630,0.830,6,0,12.969,0,0,10,32,5,25,0
16-12 19:45:20,81.368,13.728,4.243,0,0,1625420,685296,178532,5415984,131964.218,6718.117,0,1122.182,0,44.927,6222,15171,3.310,1.630,0.830,8,1,172.720,0,0,10,33,5,25,0
16-12 19:45:21,79.485,12.537,7.522,0,0,1466988,843124,178632,5416436,123137.734,8363.773,0,1335.957,0,72.214,4968,15568,3.310,1.630,0.830,6,0,150.446,0,0,10,31,5,25,0
16-12 19:45:22,82.045,13.758,3.502,0,0,1604572,705112,178708,5416740,17847.834,5235.885,0,1136.626,0,56.031,3274,7970,3.310,1.630,0.830,6,0,104.057,0,0,10,31,6,25,0
16-12 19:45:23,81.209,11.244,6.997,0,0,1592708,716612,178792,5417008,23371.338,6001.005,0,871.565,0,39.980,5300,14473,3.450,1.680,0.850,7,0,71.964,0,0,10,32,6,23,0
16-12 19:45:24,82.731,13.997,3.999,0,0,1587364,721136,178880,5417644,55635.371,4492.980,0,991.775,0,54.988,4924,14588,3.450,1.680,0.850,7,0,80.982,0,0,10,31,6,23,0
16-12 19:45:25,82.022,13.754,4.751,0,0,1565384,742732,178916,5417952,9600.525,4127.085,0,2344.617,0,39.010,2740,5722,3.450,1.680,0.850,6,0,210.055,0,0,10,31,6,23,0
16-12 19:45:26,83.468,11.212,5.232,0.249,0,1669180,638404,178996,5418316,57092.855,6651.498,0,6346.530,0,187.366,5139,15426,3.450,1.680,0.850,6,0,1.993,0,0,10,32,6,24,0
16-12 19:45:27,80.766,14.297,4.515,0,0,1516508,790740,179080,5418540,20443.258,6642.855,0,1099.618,0,58.191,3892,9517,3.450,1.680,0.850,6,0,227.749,0,0,10,30,6,25,0
16-12 19:45:28,84.194,9.494,5.996,0,0,1659316,645700,179160,5420556,326824.028,8887.046,0,735.507,0,24.983,5430,12312,3.650,1.760,0.880,8,0,4.997,0,0,10,32,6,25,0
16-12 19:45:29,81.044,14.258,3.752,0,0,1508236,796360,179236,5420824,15731.479,5747.098,0,1220.658,0,83.045,4222,12593,3.650,1.760,0.880,5,0,207.112,0,0,10,30,6,26,0
16-12 19:45:30,79.995,11.499,7.499,0,0,1611636,689924,179304,5423684,1418185.982,18591.754,0,2111.859,0,39.997,4968,8913,3.650,1.760,0.880,6,0,80.995,0,0,10,33,6,29,0
16-12 19:45:31,77.770,13.503,7.752,0,0,1457296,837156,179712,5429316,10745.719,4024.018,0,1416.358,0,43.011,3810,12179,3.650,1.760,0.880,5,0,230.058,0,0,10,30,6,34,0
16-12 19:45:32,82.244,13.249,5.500,0,0,1572100,722124,179804,5429396,18736.651,4170.700,0,995.928,0,57.996,4856,8922,3.650,1.760,0.880,6,0,64.995,0,0,10,31,6,34,0
16-12 19:45:33,73.053,15.762,11.759,0,0,1523320,770360,179856,5430392,9289.800,4031.951,0,672.492,0,31.023,3550,6732,3.680,1.790,0.900,6,0,225.165,0,0,10,30,6,34,0
16-12 19:45:34,63.956,11.492,22.984,0.250,0,1427616,865720,179952,5429976,20881.696,6500.547,0,1175.195,0,59.959,4745,11621,3.680,1.790,0.900,4,0,140.903,0,0,10,30,6,35,0
16-12 19:45:35,75.051,8.506,15.761,0.250,0,1553532,739092,180056,5430496,49064.364,4385.982,0,1164.792,0,45.031,3408,6884,3.680,1.790,0.900,4,0,5.003,0,0,10,32,6,34,0
16-12 19:45:36,70.696,13.739,15.488,0,0,1518552,773532,180168,5430832,46425.392,4321.685,0,4660.425,0,189.854,2977,5279,3.680,1.790,0.900,4,0,168.870,0,0,10,30,6,35,0
16-12 19:45:37,60.009,12.502,25.754,0.250,0,1400148,891472,180280,5431128,84497.097,7179.113,0,1296.201,0,65.010,4285,11339,3.680,1.790,0.900,5,0,152.024,0,0,10,30,6,37,0
16-12 19:45:38,73.728,8.997,17.995,0,0,1558180,731088,180332,5433340,1330412.207,15077.492,0,539.839,0,27.992,3260,5016,3.710,1.830,0.910,5,0,8.997,0,0,10,32,6,37,0
16-12 19:45:39,57.990,18.247,22.746,0.500,0,1481188,785132,180352,5455612,10944566.923,62706.775,0,10046.202,0,58.989,7049,9842,3.710,1.830,0.910,4,0,317.943,0,0,10,30,6,36,0
16-12 19:45:40,65.711,12.243,22.237,0,0,1507392,746148,180432,5467816,6370956.910,26273.341,0,13040.228,0,272.837,6209,10172,3.710,1.830,0.910,6,0,97.942,0,0,10,35,6,37,0
16-12 19:45:41,68.770,9.253,20.506,0.750,0,1526204,706848,180512,5487540,9810031.859,46902.367,0,11167.183,0,68.019,6123,7754,3.710,1.830,0.910,4,0,42.012,0,0,10,36,6,37,0
16-12 19:45:42,63.293,12.008,23.016,0.250,0,1513292,713980,180680,5493060,2863530.382,25295.353,0,4915.372,0,120.082,5575,9639,3.710,1.830,0.910,4,0,105.072,0,0,10,35,6,37,0
16-12 19:45:43,62.499,11.250,25.249,0.250,0,1511268,702184,180792,5506252,6562580.623,30461.330,0,8023.823,0,97.998,7417,13630,3.730,1.870,0.930,6,0,121.997,0,0,10,34,6,41,0
16-12 19:45:44,64.315,12.513,22.523,0,0,1513276,699556,180904,5506712,6760.876,1695.725,0,476.485,0,26.026,2066,3165,3.730,1.870,0.930,5,0,120.122,0,0,10,35,6,41,0
16-12 19:45:45,57.445,17.233,24.476,0,0,1435852,771808,181120,5511176,5606.606,1618.443,0,987.050,0,47.954,4389,9517,3.730,1.870,0.930,4,0,350.663,0,0,10,34,6,45,0
16-12 19:45:46,65.238,10.248,24.995,0,0,1516520,685412,181660,5515032,7850.508,1619.692,0,1487.717,0,29.994,2958,6809,3.730,1.870,0.930,3,0,8.998,0,0,10,35,6,44,0
16-12 19:45:47,62.321,12.014,25.029,0,0,1488656,712732,181720,5515484,5225.958,1621.849,0,360.411,0,18.021,2644,4280,3.730,1.870,0.930,4,0,146.167,0,0,10,34,6,44,0
16-12 19:45:48,61.173,10.487,26.966,1.248,0,1467028,698240,182240,5549216,4600.227,1617.969,0,4238.680,0,185.767,3908,9801,3.670,1.890,0.940,4,0,31.960,0,0,10,35,6,45,0
16-12 19:45:49,50.902,20.710,26.948,0.499,0,1450584,625468,184528,5629424,4689.972,1549.018,0,2722.759,0,90.825,3455,6760,3.670,1.890,0.940,3,0,347.331,0,0,10,35,6,45,0
16-12 19:45:50,39.283,12.010,48.540,0,0,1438708,590672,195148,5654964,4848.029,1621.347,0,8719.246,0,27.022,1559,2184,3.670,1.890,0.940,3,0,58.048,0,0,10,34,6,46,0
16-12 19:45:51,40.053,12.266,47.563,0.501,0,1421228,600956,195820,5660076,4703.236,1622.151,0,6408.498,0,58.077,5832,11526,3.670,1.890,0.940,4,0,105.139,0,0,10,34,6,46,0
16-12 19:45:52,41.998,9.500,46.998,0,0,1481704,540224,195832,5660304,5518.741,1619.924,0,911.957,0,31.998,7317,14771,3.670,1.890,0.940,4,0,10.000,0,0,10,35,6,45,0
16-12 19:45:53,37.035,14.013,49.046,0,0,1368620,707392,195832,5608364,10884.188,1969.844,0,520.487,0,31.029,1860,2990,3.540,1.890,0.950,3,0,97.091,0,0,10,32,6,45,0
16-12 19:45:54,39.942,10.485,48.929,0,0,1438416,636940,195836,5609016,5114.533,1765.422,0,1342.041,0,23.965,2119,5280,3.540,1.890,0.950,2,0,111.837,0,0,10,32,6,45,0
16-12 19:45:55,49.401,19.960,29.191,0,0,1392372,670368,195872,5621228,4364.232,1528.928,75.848,1636.712,0.998,21.956,5701,12084,3.540,1.890,0.950,2,0,323.350,0,0,10,32,6,45,0
16-12 19:45:56,29.785,20.024,49.308,0.250,0,1364932,697472,195872,5621564,44331.355,1621.915,0,1790.114,0,16.019,3378,6649,3.540,1.890,0.950,1,0,462.546,0,0,10,32,6,44,0
16-12 19:45:57,23.028,2.753,73.090,0.501,0,1340916,720704,195872,5622348,5018.192,1696.093,0,4437.476,0,220.272,1669,2536,3.540,1.890,0.950,1,0,15.019,0,0,10,32,6,45,0
16-12 19:45:58,18.461,7.983,72.598,0,0,1392712,668908,195872,5622348,6029.356,1616.610,0,147.690,0,9.979,1369,1704,3.330,1.870,0.950,1,0,77.837,0,0,10,32,6,42,0
16-12 19:45:59,19.020,7.258,72.076,0,0,1343684,717912,195872,5622372,5819.128,1621.708,0,244.257,0,20.021,1983,3761,3.330,1.870,0.950,2,0,99.104,0,0,10,32,6,42,0
16-12 19:46:00,23.014,3.002,74.046,0,0,1401236,660232,195872,5622500,6088.757,1621.000,0,144.089,0,9.006,1080,1690,3.330,1.870,0.950,2,0,2.001,0,0,10,33,6,40,0
16-12 19:46:01,19.268,7.006,72.316,0.500,0,1366292,695148,195872,5622528,5319.868,1695.551,0,348.319,0,36.033,2047,3411,3.330,1.870,0.950,2,0,97.089,0,0,10,32,6,40,0
16-12 19:46:02,24.195,2.245,72.834,0,0,1395104,666196,195872,5622668,5320.852,1528.510,0,175.599,0,7.982,1466,3728,3.330,1.870,0.950,2,0,0,0,0,10,33,6,38,0
16-12 19:46:03,21.536,5.259,72.871,0,0,1385852,675432,195872,5622684,4505.493,1696.822,0,1033.719,0,74.123,1510,2279,3.150,1.860,0.950,2,0,32.053,0,0,10,32,6,38,0
16-12 19:46:04,21.494,5.998,71.979,0,0,1331312,729952,195872,5622704,4552.666,1619.525,0,83.975,0,7.998,1993,4087,3.150,1.860,0.950,2,0,61.982,0,0,10,32,6,35,0
16-12 19:46:05,11.254,22.508,65.024,0.250,0,1336452,724508,195876,5623004,4793.769,1694.625,0,276.102,0,17.006,2619,3777,3.150,1.860,0.950,2,0,362.134,0,0,10,32,6,37,0
16-12 19:46:06,42.540,7.507,49.046,0,0.250,1479100,581360,195876,5623500,5096.822,1621.534,0,256.242,0,11.010,1520,1976,3.150,1.860,0.950,2,0,66.062,0,0,10,32,6,33,0
16-12 19:46:07,41.204,6.493,46.698,7.492,0,1528692,526004,195908,5629028,5259.189,1618.212,0,23066.512,0,1986.805,10329,18161,3.150,1.860,0.950,1,1,97.892,0,0,10,36,6,33,0
16-12 19:46:08,39.027,7.255,40.779,11.008,0,1495204,557316,195972,5631084,7105.981,1621.136,0,38254.817,0,3393.379,15832,27191,2.970,1.840,0.950,2,0,51.036,0,0,10,36,6,33,0
16-12 19:46:09,44.492,6.249,47.741,1.000,0,1421056,631432,195976,5631108,4703.111,1605.697,0,6394.791,0,406.923,2398,3258,2.970,1.840,0.950,2,0,9.998,0,0,10,32,6,33,0
16-12 19:46:10,40.000,7.250,44.500,7.250,0,1508308,544240,196060,5631444,5918.964,1619.990,0,30039.820,0,2294.986,13136,20853,2.970,1.840,0.950,2,0,5.000,0,0,10,34,6,33,0
16-12 19:46:11,34.711,9.240,51.941,3.496,0,1373240,679064,196124,5631624,10104.562,1618.168,0,7731.248,0,1027.836,7730,12234,2.970,1.840,0.950,1,0,99.887,0,0,10,32,6,33,0
16-12 19:46:12,23.743,2.249,73.727,0.250,0,1451576,600724,196128,5631624,9684.959,1619.491,0,907.715,0,49.984,1197,1595,2.970,1.840,0.950,1,0,3.999,0,0,10,32,6,33,0
16-12 19:46:13,24.287,2.754,71.608,1.002,0,1387696,664552,196136,5631668,6419.687,1622.448,0,6718.138,0,338.511,1791,2532,2.820,1.830,0.950,1,0,1.002,0,0,10,32,6,33,0
16-12 19:46:14,22.754,4.251,73.263,0.250,0,1457496,594752,196136,5631668,5963.067,1620.290,0,136.024,0,16.003,1006,1260,2.820,1.830,0.950,1,0,4.001,0,0,10,32,6,33,0
16-12 19:46:15,23.961,1.997,73.630,0,0,1413636,638668,196140,5631688,6599.237,1617.362,0,0,0,0,903,1078,2.820,1.830,0.950,1,0,2.995,0,0,10,32,6,33,0
16-12 19:46:16,23.250,2.250,74.000,0,0,1458236,594064,196140,5631692,5710.011,1458.003,0,1032.002,0,14.000,890,1041,2.820,1.830,0.950,1,0,2.000,0,0,10,32,6,32,0
16-12 19:46:17,23.506,3.001,73.520,0,0,1430920,621364,196140,5631704,6946.910,1694.466,0,0,0,0,942,1172,2.820,1.830,0.950,1,0,5.001,0,0,10,32,6,32,0
16-12 19:46:18,23.982,2.248,73.694,0.250,0,1373600,678632,196144,5631752,5185.090,1692.724,0,1319.005,0,165.875,1201,1170,2.670,1.820,0.950,1,0,0.999,0,0,10,32,6,32,0
16-12 19:46:19,22.514,3.002,72.797,0,0.250,1448944,603288,196148,5631748,7413.767,1621.042,0,256.165,0,2.001,937,1182,2.670,1.820,0.950,1,0,4.003,0,0,10,32,6,32,0
16-12 19:46:20,25.022,2.002,73.064,0,0,1376780,675368,196148,5631848,10010.830,1621.430,0,300.265,0,25.022,1146,1540,2.670,1.820,0.950,1,0,1.001,0,0,10,32,6,32,0
16-12 19:46:21,23.950,5.988,69.606,0,0,1390108,661956,196148,5631888,6841.858,1616.658,0,144098.149,0,348.280,2046,2099,2.670,1.820,0.950,1,0,5.988,0,0,10,32,6,32,0
16-12 19:46:22,23.024,3.003,73.576,0.250,0,1463152,588904,196152,5631888,5775.978,1501.554,0,60.062,0,5.005,919,1106,2.670,1.820,0.950,1,0,2.002,0,0,10,32,6,32,0
16-12 19:46:23,23.260,2.251,74.032,0,0,1420656,631368,196152,5631920,11295.948,1620.710,0,0,0,0,846,1109,2.540,1.800,0.950,2,0,3.001,0,0,10,32,6,32,0
16-12 19:46:24,22.256,3.501,74.018,0,0,1422404,629600,196152,5631940,7781.930,1662.412,0,0,0,0,920,1130,2.540,1.800,0.950,2,0,3.001,0,0,10,32,6,32,0
16-12 19:46:25,20.749,4.750,73.248,0,0,1353332,698664,196152,5631944,5945.834,1735.951,0,0,0,0,1090,1410,2.540,1.800,0.950,2,0,42.999,0,0,10,32,6,32,0
16-12 19:46:26,9.741,19.482,68.937,0,0,1354308,697688,196152,5632100,43025.718,1618.522,0,15322.011,0,60.944,2672,3614,2.540,1.800,0.950,1,0,308.718,0,0,10,32,6,32,0
16-12 19:46:27,7.755,22.764,69.292,0,0,1356816,695212,196152,5632116,4973.029,1695.032,0,1100.670,0,11.007,2498,3484,2.540,1.800,0.950,2,0,305.186,0,0,10,32,6,31,0
16-12 19:46:28,10.487,18.227,70.161,0,0,1356240,695432,196152,5632472,7718.206,1617.947,0,191.757,0,5.992,2401,3345,2.330,1.770,0.940,1,0,269.658,0,0,10,32,6,31,0
16-12 19:46:29,9.266,19.283,69.618,0,0,1357852,693792,196152,5632496,5094.646,1460.478,0,88.150,0,1.002,2545,3628,2.330,1.770,0.940,1,0,314.534,0,0,10,32,6,30,0
16-12 19:46:30,17.490,10.244,70.960,0.250,0,1395584,656056,196156,5632496,7079.029,1619.092,0,6744.216,0,339.809,2487,3949,2.330,1.770,0.940,1,0,137.923,0,0,10,32,6,30,0
16-12 19:46:31,23.497,3.000,73.489,0,0,1458080,593560,196156,5632496,5232.226,1619.760,0,139.979,0,9.999,943,1191,2.330,1.770,0.940,6,0,2.000,0,0,10,32,6,23,0
16-12 19:46:32,23.000,2.750,73.501,0,0,1411144,640500,196156,5632492,8370.117,1620.023,0,44.001,0,4.000,983,1110,2.330,1.770,0.940,1,0,4.000,0,0,10,32,6,23,0
16-12 19:46:33,23.225,2.747,73.670,0,0,1458012,593628,196156,5632492,4668.906,1692.154,0,19.978,0,0.999,975,1110,2.230,1.760,0.940,1,0,1.998,0,0,10,32,6,21,0
16-12 19:46:34,26.026,6.006,67.819,0,0,1430484,621152,196156,5632496,4688.773,1621.651,0,4.004,0,1.001,1674,3619,2.230,1.760,0.940,1,0,37.038,0,0,10,32,6,22,0
16-12 19:46:35,23.229,2.747,73.683,0,0,1368436,683184,196156,5632512,4765.658,1456.673,0,15.985,0,0.999,963,1138,2.230,1.760,0.940,1,0,2.997,0,0,10,32,5,21,0
16-12 19:46:36,23.522,2.502,73.820,0,0,1444548,607084,196156,5632500,5107.817,1621.529,0,88.083,0,2.002,995,1161,2.230,1.760,0.940,2,0,4.004,0,0,10,32,5,21,0
16-12 19:46:37,22.978,2.498,73.430,0,0,1389036,662584,196156,5632512,5700.556,1618.454,0,59.943,0,2.997,913,1032,2.230,1.760,0.940,2,0,0.999,0,0,10,32,5,19,0
16-12 19:46:38,23.283,2.504,74.106,0,0,1459108,592532,196156,5632492,4403.292,1622.318,0,20.029,0,1.001,961,1154,2.130,1.750,0.940,3,0,4.006,0,0,10,32,5,19,0
16-12 19:46:39,22.495,3.249,73.234,0,0,1413200,638432,196156,5632500,4294.068,1619.649,0,0,0,0,954,1145,2.130,1.750,0.940,2,0,2.999,0,0,10,32,5,16,0
16-12 19:46:40,23.994,1.999,73.480,0,0,1459816,591812,196156,5632500,6561.242,1457.609,0,319.914,0,25.993,1124,1441,2.130,1.750,0.940,1,0,1.999,0,0,10,32,5,16,0
16-12 19:46:41,22.980,2.748,73.436,0.250,0,1429436,622200,196156,5632492,5160.521,1618.595,0,4975.681,0,106.907,1194,1228,2.130,1.750,0.940,1,0,2.997,0,0,10,32,5,15,0
16-12 19:46:42,22.773,3.504,73.825,0,0,1363960,687752,196156,5632516,6947.030,1621.641,0,164.166,0,5.005,953,1124,2.130,1.750,0.940,1,0,4.004,0,0,10,32,5,15,0
16-12 19:46:43,22.500,3.000,74.001,0,0,1436872,614928,196156,5632428,4854.068,1694.024,0,0,0,0,964,1188,2.040,1.730,0.950,1,0,4.000,0,0,10,32,5,13,0
16-12 19:46:44,23.498,2.250,73.493,0,0,1369992,681716,196156,5632520,6557.403,1693.846,0,87.992,0,1.000,859,1017,2.040,1.730,0.950,1,0,1.000,0,0,10,32,5,13,0
16-12 19:46:45,21.989,3.748,73.964,0,0,1377104,674604,196156,5632520,5061.535,1619.211,0,11.994,0,1.000,981,1199,2.040,1.730,0.950,3,0,4.998,0,0,10,32,5,6,0
16-12 19:46:46,22.263,4.002,73.043,0,0,1449196,602532,196156,5632500,5103.001,1532.901,0,8.005,0,2.001,954,1130,2.040,1.730,0.950,2,0,8.005,0,0,10,32,5,6,0
16-12 19:46:47,23.255,2.751,74.016,0,0,1400996,650732,196156,5632500,4936.081,1620.355,0,76.017,0,3.001,911,1110,2.040,1.730,0.950,3,0,3.001,0,0,10,32,5,6,0
16-12 19:46:48,22.495,3.499,73.482,0,0,1404820,646896,196156,5632508,5180.746,1619.608,0,19.995,0,1.000,903,1125,1.950,1.720,0.950,2,0,2.999,0,0,10,32,5,6,0
16-12 19:46:49,22.239,3.748,73.714,0.250,0,1454024,597756,196156,5632508,6678.727,1713.161,0,639.687,0,111.945,1034,1113,1.950,1.720,0.950,2,0,1.999,0,0,10,32,5,5,0
16-12 19:46:50,11.995,16.743,69.970,0,0,1358120,693608,196160,5632556,5354.676,1693.265,0,459.800,0,32.986,2947,4425,1.950,1.720,0.950,2,0,391.830,0,0,10,32,5,5,0
16-12 19:46:51,23.249,2.250,73.495,0,0,1434620,617056,196160,5632576,5128.682,1619.900,0,155.990,0,7.000,930,1193,1.950,1.720,0.950,2,0,2.000,0,0,10,32,5,4,0
16-12 19:46:52,22.501,3.500,73.003,0,0,1395888,655536,196160,5632820,5714.251,1846.081,0,416.018,0,15.001,1106,1466,1.950,1.720,0.950,2,0,12.001,0,0,10,32,6,4,0
16-12 19:46:53,21.297,6.514,71.909,0,0,1350648,700776,196160,5632820,10538.237,1535.386,0,0,0,0,1485,2156,1.880,1.710,0.950,2,0,139.307,0,0,10,32,6,4,0
16-12 19:46:54,8.997,20.243,69.727,0,0.250,1354776,696520,196160,5632916,5547.136,1619.456,0,167.944,0,6.998,3001,4552,1.880,1.710,0.950,2,0,435.854,0,0,10,32,6,4,0
16-12 19:46:55,9.007,20.265,69.301,0,0,1358496,692772,196160,5632944,5465.044,1695.254,0,204.151,0,4.003,3197,5010,1.880,1.710,0.950,1,0,496.367,0,0,10,32,6,4,0
16-12 19:46:56,8.494,21.736,68.954,0,0,1358032,693192,196160,5632980,42125.029,1618.925,0,1371.090,0,17.988,3334,5150,1.880,1.710,0.950,1,0,529.648,0,0,10,32,6,4,0
16-12 19:46:57,9.500,21.250,69.000,0,0,1358264,692928,196160,5633008,6937.028,1704.007,0,1352.005,0,16.000,3332,5118,1.880,1.710,0.950,1,0,532.002,0,0,10,32,6,4,0
16-12 19:46:58,8.000,20.750,69.502,0,0,1359184,691984,196160,5633032,5294.127,1694.041,0,920.022,0,14.000,3111,4870,1.810,1.700,0.950,3,0,472.011,0,0,10,32,6,4,0
16-12 19:46:59,7.751,21.004,70.513,0,0,1358672,692460,196160,5633068,4570.818,1606.288,0,168.030,0,7.001,3022,4826,1.810,1.700,0.950,1,0,448.080,0,0,10,32,6,3,0
16-12 19:47:00,12.500,23.000,63.249,0.250,0,1373388,677708,196160,5633104,5100.949,1661.983,0,915.991,0,52.999,4043,6678,1.810,1.700,0.950,2,0,618.994,0,0,10,32,6,5,0
16-12 19:47:01,58.996,29.498,10.999,0.250,0,1509096,530204,197244,5640048,4673.682,1619.890,3771.744,1259.914,19.999,54.996,9468,7708,1.810,1.700,0.950,4,0,786.946,0,0,10,32,6,9,0
16-12 19:47:02,77.008,14.002,5.751,2.500,0,1664948,366720,197432,5646644,5358.584,1620.177,400.044,14217.550,4.000,998.109,6950,11333,1.810,1.700,0.950,4,0,90.010,0,0,10,36,6,10,0
16-12 19:47:03,54.737,13.747,20.995,8.998,0,1605244,415236,197608,5657184,4808.860,1619.616,0,78921.296,0,6011.575,23637,41403,1.980,1.730,0.960,5,0,191.955,0,0,10,36,6,10,0
16-12 19:47:04,63.012,13.003,13.003,11.002,0,1669616,338796,197668,5668776,4990.973,1620.316,0,95790.679,0,6958.357,28368,44623,1.980,1.730,0.960,6,0,93.018,0,0,10,37,6,11,0
16-12 19:47:05,48.253,12.751,30.252,8.251,0,1623156,376352,197740,5677244,5527.370,1620.109,0,71984.823,0,5775.387,23132,39262,1.980,1.730,0.960,4,0,152.010,0,0,10,36,6,12,0
16-12 19:47:06,38.993,13.747,34.243,10.248,0,1559996,430812,197840,5685524,4575.131,1457.723,0,60404.523,0,5070.037,22303,40054,1.980,1.730,0.960,3,0,223.957,0,0,10,35,6,13,0
16-12 19:47:07,38.255,9.001,44.506,8.251,0,1507816,477748,197924,5690504,4811.611,1620.206,0,49382.272,0,4158.528,19665,37791,1.980,1.730,0.960,4,0,45.006,0,0,10,34,6,18,0
16-12 19:47:08,41.776,6.504,42.026,8.505,0,1565924,419816,197984,5690224,5149.198,1839.142,0,47877.732,0,4308.676,18284,31419,2.060,1.760,0.970,4,1,17.011,0,0,10,34,6,17,0
16-12 19:47:09,36.183,7.985,44.418,8.484,0,1566232,417800,198048,5691820,7048.003,1617.018,0,55896.926,0,4843.069,22151,40132,2.060,1.760,0.970,4,0,38.928,0,0,10,34,6,19,0
16-12 19:47:10,43.092,10.272,39.083,8.518,0,1564784,416608,198064,5694360,5643.054,1623.468,0,46575.485,0,3859.243,13710,29035,2.060,1.760,0.970,3,1,100.214,0,0,10,34,6,19,0
16-12 19:47:11,38.910,6.984,44.148,6.984,0,1565744,411820,198100,5698072,7390.993,1616.281,0,37769.093,0,3600.715,17431,35098,2.060,1.760,0.970,2,1,44.897,0,0,10,35,6,22,0
16-12 19:47:12,38.782,8.257,42.284,8.757,0,1533368,440120,198160,5701992,6041.924,1621.321,0,54056.056,0,4701.832,18174,36696,2.060,1.760,0.970,3,0,78.064,0,0,10,36,6,23,0
16-12 19:47:13,38.670,9.231,39.418,11.975,0,1560280,408144,198216,5706820,8883.513,1616.636,0,54805.949,0,4620.385,18456,37305,2.140,1.780,0.990,1,1,86.819,0,0,10,37,6,23,0
16-12 19:47:14,40.548,10.262,41.549,8.760,0,1522044,443536,198256,5709508,10667.556,1587.869,0,56009.924,0,4918.789,22781,38462,2.140,1.780,0.990,2,0,91.107,0,0,10,36,6,23,0
16-12 19:47:15,36.551,10.765,42.559,9.764,0,1569388,401200,198280,5704544,6954.695,1568.186,0,55437.280,0,5198.246,20622,41639,2.140,1.780,0.990,2,0,20.028,0,0,10,35,6,26,0
16-12 19:47:16,35.218,12.738,50.454,0.500,0,1440484,530056,198284,5704588,6555.988,1618.516,0,9115.641,0,519.524,3719,6082,2.140,1.780,0.990,1,0,247.773,0,0,10,32,6,26,0
16-12 19:47:17,21.250,5.250,72.000,0.500,0,1406876,563656,198284,5704596,5909.994,1619.998,0,1527.998,0,113.000,2209,3351,2.140,1.780,0.990,1,0,60.000,0,0,10,32,6,26,0
16-12 19:47:18,23.026,2.253,73.582,0.250,0,1444136,526372,198284,5704604,6484.223,1621.807,0,548.611,0,39.043,1677,2930,2.050,1.760,0.990,1,0,2.002,0,0,10,33,6,26,0
16-12 19:47:19,21.712,4.742,71.874,0.250,0,1423136,547352,198284,5704624,4935.373,1617.173,0,3901.181,0,233.592,2496,4313,2.050,1.760,0.990,1,0,44.921,0,0,10,32,6,27,0
16-12 19:47:20,23.029,3.504,73.091,0.250,0.250,1389264,581208,198284,5704640,6962.669,1622.019,0,1778.214,0,181.226,1900,3827,2.050,1.760,0.990,1,0,17.021,0,0,10,32,6,27,0
16-12 19:47:21,8.499,21.996,68.488,0,0,1392248,578124,198284,5704736,7155.791,1511.745,0,239.959,0,10.998,2864,4046,2.050,1.760,0.990,1,0,438.926,0,0,10,32,6,27,0
16-12 19:47:22,39.257,19.003,41.257,0.250,0,1475512,494776,198296,5704840,5634.014,1566.282,0,1504.271,0,78.014,3458,5237,2.050,1.760,0.990,3,0,424.076,0,0,10,32,6,33,0
16-12 19:47:23,65.735,9.748,24.495,0,0.250,1694164,273852,198340,5706804,10230.739,1661.633,0,1087.760,0,35.992,1487,1412,2.200,1.800,1,3,0,5.999,0,0,10,32,6,33,0
16-12 19:47:24,56.783,10.006,29.267,4.252,0,1787024,173624,198484,5713512,5397.114,1769.021,0,21144.200,0,1673.966,9281,14420,2.200,1.800,1,5,1,78.045,0,0,10,38,6,33,0
16-12 19:47:25,34.979,9.994,39.976,15.241,0,1787996,160296,198556,5725464,6959.768,1734.945,3.998,100195.081,0.999,7613.371,30072,52187,2.200,1.800,1,3,0,206.874,0,0,10,38,6,33,0
16-12 19:47:26,36.518,8.504,38.269,15.007,0,1789352,148704,198632,5735240,42373.551,1620.786,0,82636.078,0,6536.170,27782,45372,2.200,1.800,1,5,0,171.083,0,0,10,38,6,33,0
16-12 19:47:27,42.520,12.256,30.764,14.007,0,1704320,222156,198728,5746380,5889.774,1694.798,0,89738.267,0,6957.277,28484,45558,2.200,1.800,1,4,0,255.120,0,0,10,36,6,33,0
16-12 19:47:28,48.460,9.992,28.976,11.990,0,1769492,145296,198776,5757772,6532.624,1618.668,0,85717.455,0,6525.629,25750,42619,2.350,1.840,1.020,5,1,65.946,0,0,10,36,6,33,0
16-12 19:47:29,43.770,12.006,33.266,12.756,0,1658812,249392,198804,5763664,5942.781,1512.708,32.015,73446.373,5.002,5822.725,23784,40835,2.350,1.840,1.020,5,0,99.046,0,0,10,36,6,33,0
16-12 19:47:30,40.280,6.004,48.786,4.753,0,1384860,519892,198812,5767012,5151.776,1567.149,0,38063.901,0,2795.049,10961,20177,2.350,1.840,1.020,1,0,86.063,0,0,10,32,6,33,0
16-12 19:47:31,15.988,13.490,68.698,1.998,0,1404744,499984,198812,5767036,9027.212,1692.727,3.997,16627.496,0.999,990.255,4603,6955,2.350,1.840,1.020,2,0,195.853,0,0,10,32,6,33,0
16-12 19:47:32,23.487,2.998,73.209,0,0,1472840,431884,198812,5767036,6360.470,1693.060,0,5668.854,0,87.951,1166,1608,2.350,1.840,1.020,1,0,0.999,0,0,10,32,6,33,0
16-12 19:47:33,23.749,2.500,72.997,0.500,0,1504740,399880,198812,5767136,4396.820,1693.931,91.996,3991.836,3.000,229.991,1674,2539,2.240,1.820,1.020,1,0,0,0,0,10,34,6,33,0
16-12 19:47:34,24.983,6.745,67.454,0,0,1445484,459132,198812,5767140,4698.772,1618.888,0,91.937,0,7.995,1786,4665,2.240,1.820,1.020,1,0,63.956,0,0,10,32,6,33,0
16-12 19:47:35,23.251,3.000,73.254,0,0,1509492,395124,198812,5767140,7016.414,1694.100,0,104.006,0,19.001,1039,1379,2.240,1.820,1.020,1,0,0,0,0,10,34,6,33,0
16-12 19:47:36,15.020,19.525,64.334,0.250,0,1408024,496516,198816,5767208,4750.189,1513.973,72.094,476.621,8.010,38.050,2557,3992,2.240,1.820,1.020,2,0,382.498,0,0,10,32,6,33,0
16-12 19:47:37,15.000,40.001,45.251,0,0,1402272,502180,198816,5767292,5509.176,1662.053,0,1204.039,0,31.001,5046,8881,2.240,1.820,1.020,2,0,1146.037,0,0,10,32,6,33,0
16-12 19:47:38,9.984,25.460,63.400,0,0,1402940,501456,198816,5767340,8484.569,1563.525,0,351.444,0,21.965,3296,5271,2.140,1.810,1.020,0,0,572.094,0,0,10,32,6,33,0
16-12 19:47:39,7.500,15.001,75.255,0,0,1395844,507892,198848,5767932,5503.341,1768.110,564.035,0,10.001,0,2362,3136,2.140,1.810,1.020,1,0,204.013,0,0,11,12,6,33,20
16-12 19:47:40,10.002,19.003,69.012,0,0,1395928,507784,198848,5767956,6730.198,1620.288,0,28.005,0,7.001,2445,3601,2.140,1.810,1.020,2,0,287.051,0,0,11,12,6,33,20
16-12 19:47:41,17.269,16.018,64.572,0,0,1401844,501608,198848,5768120,5784.438,1621.805,128.143,8.009,2.002,2.002,4905,10348,2.140,1.810,1.020,2,0,163.182,0,0,11,12,6,33,20
16-12 19:47:42,20.265,21.015,58.042,0,0,1442956,459804,198868,5768712,5159.751,1513.100,0,20.015,0,5.004,3146,5042,2.140,1.810,1.020,1,0,466.339,0,0,13,12,6,33,20
16-12 19:47:43,16.213,16.213,65.599,0,0,1452992,449584,198868,5768876,5514.334,1616.287,0,323.257,0,4.989,3900,8323,2.370,1.860,1.040,2,0,178.590,0,0,13,12,6,33,20
16-12 19:47:44,19.262,21.764,58.787,0,0,1491120,411208,198868,5769116,5374.418,1621.031,0,12.008,0,2.001,2951,4372,2.370,1.860,1.040,1,0,308.196,0,0,15,12,6,33,20
16-12 19:47:45,11.237,19.227,67.920,0,0.250,1495112,407176,198868,5769140,5235.827,1618.092,0,219.741,0,14.982,2496,3742,2.370,1.860,1.040,1,0,237.720,0,0,15,12,6,33,20
16-12 19:47:46,19.810,17.553,60.434,0.251,0,1505264,396928,198868,5769164,5126.616,1570.785,0,465.418,0,29.089,5601,9664,2.370,1.860,1.040,2,0,187.571,0,0,15,12,6,33,20
16-12 19:47:47,72.194,12.990,13.739,0,0,1784624,126000,198296,5761168,5076.096,1692.698,0,547.579,0,2.998,1856,2266,2.370,1.860,1.040,13,0,30.976,0,0,17,12,6,33,20
16-12 19:47:48,66.704,17.238,15.240,0,0,1924308,169672,195740,5582276,5049.536,1692.839,2478.300,7003.196,34.976,475.674,3119,4075,2.580,1.920,1.060,1,0,107.926,0,0,17,12,6,33,20
16-12 19:47:49,8.251,19.752,70.007,0.500,0,1931180,161516,195740,5583544,6176.574,1606.149,1416.132,4.000,43.004,1.000,2650,3769,2.580,1.920,1.060,2,0,243.023,0,0,17,12,6,33,20
16-12 19:47:50,12.006,18.759,68.282,0,0,1939340,153100,195740,5583800,5015.317,1620.749,0,24.011,0,6.003,2586,3908,2.580,1.920,1.060,1,0,249.115,0,0,17,12,6,33,20
16-12 19:47:51,23.207,17.967,56.646,0.998,0,1967404,123256,195804,5585544,5576.722,1617.020,2116.100,503.073,69.871,4.991,5350,8517,2.580,1.920,1.060,2,0,198.634,0,0,17,12,6,33,20
16-12 19:47:52,15.262,3.253,79.314,0.751,0,1979824,133468,195252,5563924,5535.484,1621.313,2618.121,1861.508,56.045,244.198,1850,2311,2.580,1.920,1.060,1,0,21.017,0,0,18,12,6,33,20
16-12 19:47:53,15.228,10.235,72.645,0.250,0,2021300,131256,194968,5525552,10935.166,1563.736,283.589,0,15.977,0,1897,2803,2.450,1.900,1.060,2,0,92.866,0,0,18,12,6,34,20
16-12 19:47:54,23.823,4.514,71.970,0,0,2052004,123472,194884,5503172,4229.927,1624.966,240.736,104.319,12.037,12.037,1785,4075,2.450,1.900,1.060,1,0,0,0,0,18,19,6,35,2
16-12 19:47:55,13.984,16.231,67.173,0.499,0,2003380,187248,194644,5488552,4649.671,1692.061,1530.246,2537.092,37.957,258.704,3394,5036,2.450,1.900,1.060,1,0,223.744,0,0,18,18,6,39,0
16-12 19:47:56,10.759,19.516,69.307,0,0,2005840,184640,194644,5488700,41596.317,1513.248,4.003,240.198,1.001,16.013,2929,4384,2.450,1.900,1.060,1,0,273.225,0,0,18,18,6,39,0
16-12 19:47:57,10.746,19.243,68.473,0,0,2004832,185332,194648,5488996,5010.056,1693.343,151.941,15.994,3.998,3.998,2725,4120,2.450,1.900,1.060,2,0,262.898,0,0,18,18,6,39,0
16-12 19:47:58,9.748,20.496,67.988,0.250,0,2008808,181336,194648,5489016,5502.043,1619.718,0,295.949,0,20.996,2827,4255,2.340,1.880,1.060,3,0,257.955,0,0,18,18,6,39,0
16-12 19:47:59,18.978,17.729,61.677,0.499,0,2025860,160240,194660,5493368,5333.722,1618.096,3735.603,71.915,67.920,3.995,6019,10543,2.340,1.880,1.060,5,0,139.835,0,0,18,18,6,39,0
16-12 19:48:00,45.224,11.244,42.726,0,0,2136416,127812,194604,5417016,5331.987,1619.085,447.747,195.889,67.962,1.999,2013,2932,2.340,1.880,1.060,2,0,111.937,0,0,18,19,6,39,0
16-12 19:48:01,48.050,8.008,43.295,0.501,0.250,2211264,130668,194616,5340748,4944.186,1567.644,1381.449,7051.397,87.091,499.524,3075,8789,2.340,1.880,1.060,2,0,5.005,0,0,18,31,6,37,0
16-12 19:48:02,42.783,6.255,49.789,0,0,2256260,135988,194592,5291196,6258.863,1621.260,320.249,1357.054,28.022,154.120,2314,3162,2.340,1.880,1.060,1,0,45.035,0,0,18,34,6,38,0
16-12 19:48:03,12.223,15.716,69.847,0.499,0,2274508,131036,194604,5278216,4402.385,1508.705,1349.054,554.788,49.891,17.961,2727,4025,2.230,1.870,1.060,1,0,214.531,0,0,18,34,6,33,0
16-12 19:48:04,9.758,1.501,87.325,0.250,0,2281008,124512,194612,5278232,6937.925,2366.021,24.021,204.174,4.003,16.014,1171,1856,2.230,1.870,1.060,0,0,2.002,0,0,18,35,6,33,0
16-12 19:48:05,2.501,1.000,95.534,0,0,2284944,120508,194612,5278300,45841.182,3199.129,16.006,68.024,2.001,5.002,1099,1761,2.230,1.870,1.060,2,0,0,0,0,18,35,5,32,0
16-12 19:48:06,2.501,2.251,94.033,0,0,2313648,136388,194612,5234816,79517.831,3337.168,0,572.200,0,30.011,1374,2294,2.230,1.870,1.060,0,0,0,0,0,18,35,5,32,0
16-12 19:48:07,7.742,2.248,86.416,2.248,0,2328644,130884,194772,5225512,68678.451,3069.026,4691.454,1570.478,151.853,199.806,1733,2208,2.230,1.870,1.060,1,0,5.994,0,0,18,34,5,29,0
16-12 19:48:08,15.289,11.279,69.176,2.506,0,2350496,127352,194904,5207440,5486.964,1624.133,417.061,9315.708,44.112,439.118,3837,5293,2.050,1.840,1.050,2,0,65.166,0,0,18,34,5,29,0
16-12 19:48:09,16.715,10.727,70.850,0.998,0,2357268,154540,194904,5174428,4883.637,1646.506,2857.935,0,481.977,0,2419,2663,2.050,1.840,1.050,1,0,31.932,0,0,18,34,5,26,0
16-12 19:48:10,15.252,11.751,71.008,0.250,0,2376488,133784,194904,5175348,4828.517,1512.162,920.098,0,12.001,0,2022,2655,2.050,1.840,1.050,1,0,54.006,0,0,18,34,5,26,0
16-12 19:48:11,18.499,7.750,72.248,0.250,0,2382616,127016,194908,5175948,4865.839,1619.947,483.984,0,11.000,0,1639,2280,2.050,1.840,1.050,1,0,45.998,0,0,18,34,5,22,0
16-12 19:48:12,21.751,5.000,72.253,0,0,2397616,126556,194924,5161984,5140.206,1620.065,36.001,0,7.000,0,1434,2003,2.050,1.840,1.050,1,0,20.001,0,0,18,34,5,22,0
16-12 19:48:13,22.004,5.251,71.763,0.250,0,2397836,126304,194924,5162016,6404.134,1694.300,0,112.020,0,3.001,1676,2168,1.970,1.820,1.050,1,0,27.005,0,0,18,34,5,20,0
16-12 19:48:14,17.493,7.747,71.971,0.750,0,2329856,243832,195360,5113260,6734.300,1693.321,2570.969,19.992,105.958,2.999,1951,2875,1.970,1.820,1.050,1,0,86.965,0,0,18,34,5,20,0
16-12 19:48:15,13.508,20.012,66.290,0,0,2323016,249440,195408,5114452,5166.089,1620.969,976.584,0,78.047,0,3983,6196,1.970,1.820,1.050,2,0,237.142,0,0,18,34,5,20,0
16-12 19:48:16,9.982,5.490,82.350,0,0,2324716,247440,195412,5114728,6817.619,1529.223,375.318,0,20.962,0,3405,5640,1.970,1.820,1.050,0,0,60.889,0,0,18,34,5,20,0
16-12 19:48:17,2.002,1.001,95.339,0.250,0,2324960,247188,195412,5114732,4872.527,1847.717,0,932.867,0,25.023,1254,2132,1.970,1.820,1.050,0,0,3.003,0,0,18,34,6,17,0
16-12 19:48:18,3.248,1.999,93.451,0,0,2318744,253404,195412,5114732,4671.566,1693.118,0,47.975,0,3.998,1145,1764,1.810,1.790,1.050,0,0,2.998,0,0,18,34,6,17,0
16-12 19:48:19,1.250,1.000,96.508,0,0,2318572,253572,195412,5114736,4786.388,1620.131,0,8.001,0,2.000,956,1757,1.810,1.790,1.050,0,0,1.000,0,0,18,34,6,16,0
16-12 19:48:20,5.758,5.508,87.629,0,0,2262648,309248,195412,5114976,8173.006,1770.601,4.006,0,1.001,0,1789,2846,1.810,1.790,1.050,1,0,87.128,0,0,18,34,6,16,0
16-12 19:48:21,16.991,17.240,64.214,0,0,2266104,305708,195412,5115048,4978.232,1619.100,51.971,3.998,3.998,0.999,4983,10353,1.810,1.790,1.050,1,0,247.862,0,0,18,34,6,16,0
16-12 19:48:22,12.019,18.780,66.857,0.501,0,2316444,254304,195420,5116092,8664.838,1903.039,1390.220,140.224,41.066,4.006,2945,4562,1.810,1.790,1.050,4,0,223.357,0,0,19,34,6,16,0
16-12 19:48:23,17.493,18.243,61.727,0,0,2324604,245748,195420,5116480,9805.294,1457.449,0,0,0,0,4737,9011,1.740,1.780,1.050,3,0,203.923,0,0,19,34,6,10,0
16-12 19:48:24,4.995,4.745,88.910,0,0,2324604,245748,195420,5116480,4917.049,1734.254,0,235.763,0,9.990,1648,2713,1.740,1.780,1.050,0,0,99.899,0,0,19,34,6,10,0
16-12 19:48:25,14.488,17.985,65.694,0,0,2330968,239212,195420,5116836,6869.141,1618.619,0,27.976,0,5.995,4052,6522,1.740,1.780,1.050,4,0,182.844,0,0,21,34,6,10,0
16-12 19:48:26,14.272,17.026,68.355,0,0,2331644,238516,195420,5116640,41493.776,1622.494,0,24.037,0,6.009,3886,6310,1.740,1.780,1.050,1,0,238.366,0,0,21,36,6,10,0
16-12 19:48:27,9.494,19.987,68.704,0,0,2328888,241236,195420,5116676,4782.786,1618.912,3.997,15.989,0.999,3.997,2750,4083,1.740,1.780,1.050,2,0,251.831,0,0,21,36,6,10,0
16-12 19:48:28,13.738,18.734,65.445,0,0,2329828,240268,195420,5117076,6015.959,1692.582,0,23.980,0,5.995,3606,5890,2,1.830,1.070,1,0,208.825,0,0,21,36,6,10,0
16-12 19:48:29,27.556,19.540,52.107,0.501,0,2366320,203628,195436,5116840,5160.559,1535.141,92.189,212.435,8.016,10.021,5063,8565,2,1.830,1.070,2,0,330.677,0,0,21,36,6,10,0
16-12 19:48:30,35.734,15.243,48.478,0,0,2433396,136072,195468,5117284,5666.484,1619.281,7.996,27.988,1.999,4.998,4468,9686,2,1.830,1.070,2,0,147.934,0,0,21,36,6,10,0
16-12 19:48:31,24.719,7.241,66.168,0.499,0,2488900,133192,195636,5066052,5855.739,1617.994,195.757,10942.431,7.990,537.334,2788,3809,2,1.830,1.070,1,0,9.988,0,0,21,44,6,14,0
16-12 19:48:32,22.775,5.006,71.329,0,0,2534324,129984,195636,5024888,5192.738,1695.874,4.004,0,1.001,0,1492,2124,2,1.830,1.070,1,0,10.011,0,0,21,44,6,14,0
16-12 19:48:33,8.233,2.245,88.318,0,0,2547368,129984,195640,5012156,5072.566,1706.490,0,0,0,0,1905,4047,1.840,1.800,1.060,0,0,1.996,0,0,21,44,6,14,0
16-12 19:48:34,6.012,6.513,85.414,0,0,2492568,211060,195644,4986008,5179.956,1623.120,256.493,629.209,20.039,7.013,2091,3652,1.840,1.800,1.060,0,0,59.114,0,0,21,44,6,15,0
16-12 19:48:35,19.506,16.255,63.269,0,0,2548068,155524,195648,4986180,5056.542,1620.494,100.031,36.011,7.002,9.003,4532,8931,1.840,1.800,1.060,1,0,242.074,0,0,21,42,6,16,0
16-12 19:48:36,14.017,15.519,68.583,0.250,0,2553260,150264,195648,4986224,4475.429,1459.771,0,45779.531,0,48.058,4145,7121,1.840,1.800,1.060,2,0,211.256,0,0,21,42,6,15,0
16-12 19:48:37,22.756,16.755,59.516,0,0,2561052,142480,195648,4986564,4655.252,1620.436,4.001,4.001,1.000,1.000,5569,11398,1.840,1.800,1.060,1,0,192.052,0,0,19,34,6,15,0
16-12 19:48:38,18.730,19.230,61.684,0,0,2559848,143556,195648,4986628,6171.440,1692.201,0,3.996,0,0.999,5545,9483,1.780,1.790,1.060,2,0,276.706,0,0,21,42,6,15,0
16-12 19:48:39,30.978,21.235,46.966,0,0,2373584,329680,195648,4986472,4793.529,1618.828,79.942,391.716,2.998,5.996,3307,5553,1.780,1.790,1.060,3,0,341.753,0,0,21,36,6,18,0
16-12 19:48:40,32.524,21.766,45.534,0,0,2442908,260320,195648,4986508,5037.718,1621.196,0,60.044,0,11.008,3219,5911,1.780,1.790,1.060,4,0,412.304,0,0,21,36,6,18,0
16-12 19:48:41,39.535,20.518,39.535,0,0,2500972,201696,195648,4987072,5356.703,1621.424,0,212.186,0,6.005,5409,9114,1.780,1.790,1.060,3,0,232.204,0,0,21,44,6,22,0
16-12 19:48:42,46.686,14.480,37.448,0.499,0,2616044,126852,195648,4947676,5919.848,1617.772,467.356,5496.431,7.989,459.367,3841,5450,1.780,1.790,1.060,1,0,176.757,0,0,21,44,6,22,0
16-12 19:48:43,25.209,3.494,70.137,0,0,2660076,130412,195696,4901000,4778.274,1641.346,0,0,0,0,1348,3571,1.710,1.780,1.060,2,0,3.994,0,0,21,44,6,22,0
16-12 19:48:44,24.545,4.759,66.874,4.007,0,2690232,122912,196816,4877576,4997.250,1568.904,973.803,6864.707,69.128,707.309,5483,8938,1.710,1.780,1.060,1,1,5.009,0,0,21,46,6,22,0
16-12 19:48:45,24.452,7.984,53.396,11.977,0,2688276,124232,196824,4878496,4883.463,1690.698,3.992,38704.410,0.998,3217.716,17748,27752,1.710,1.780,1.060,2,1,3.992,0,0,21,46,6,22,0
16-12 19:48:46,37.252,18.751,40.752,2.000,0,2816584,134404,196932,4742316,4817.294,1620.099,168.010,8336.509,11.001,673.041,8551,25085,1.710,1.780,1.060,1,0,209.013,0,0,22,71,6,34,0
16-12 19:48:47,9.509,21.770,68.314,0.250,0,2812352,144408,196932,4736640,4856.560,1621.523,0,1421.335,0,71.067,3446,5707,1.710,1.780,1.060,2,0,325.305,0,0,22,71,6,34,0
16-12 19:48:48,12.763,19.520,64.817,0,0,2839184,130164,196936,4724868,4837.993,1621.674,16.017,800.826,4.004,51.053,4225,7476,1.740,1.780,1.070,3,0,303.313,0,0,22,71,6,34,0
16-12 19:48:49,34.489,13.246,50.234,0.750,0,2877332,130348,196940,4687576,4668.511,1787.430,267.915,4582.538,5.998,248.921,4611,10616,1.740,1.780,1.070,2,0,161.948,0,0,22,72,6,34,0
16-12 19:48:50,37.219,10.242,50.458,0.250,0,2980164,119244,196956,4597880,5312.628,1510.757,175.855,811.332,9.992,53.956,2221,4553,1.740,1.780,1.070,1,0,57.952,0,0,22,75,6,34,0
16-12 19:48:51,9.764,18.777,70.102,0,0,2987608,124088,196956,4585960,4627.747,1622.365,0,785.145,0,50.073,2954,4489,1.740,1.780,1.070,1,0,281.410,0,0,22,75,6,34,0
16-12 19:48:52,10.735,17.476,70.154,0,0,2987776,129396,196956,4580484,5560.404,1563.864,0,63.913,0,7.989,2955,4537,1.740,1.780,1.070,2,0,299.591,0,0,22,75,6,34,0
16-12 19:48:53,8.996,19.242,70.219,0,0,2992688,124624,196956,4580464,10615.382,1709.256,0,115.950,0,9.996,3037,4616,1.600,1.750,1.060,1,0,318.861,0,0,22,75,6,34,0
16-12 19:48:54,10.263,19.024,69.837,0,0,2986844,133464,196956,4577476,5233.505,1696.108,0,8.010,0,2.002,2936,4621,1.600,1.750,1.060,1,0,298.371,0,0,22,75,6,33,0
16-12 19:48:55,11.751,20.502,65.505,0,0,2988712,132344,196956,4577184,5775.445,1694.130,0,32.002,0,8.001,4622,8208,1.600,1.750,1.060,1,0,291.022,0,0,22,75,6,33,0
16-12 19:48:56,27.506,18.504,52.011,0,0,3024244,128688,196956,4545660,42747.105,1620.345,0,584.124,0,58.012,5566,9827,1.600,1.750,1.060,2,0,340.072,0,0,22,91,6,28,0
16-12 19:48:57,32.204,22.967,43.438,0.250,0,3095192,132456,196956,4472608,8474.991,1583.756,3.994,7385.535,0.999,538.237,4381,9148,1.600,1.750,1.060,7,0,478.322,0,0,22,91,6,28,0
16-12 19:48:58,51.052,24.775,23.524,0.250,0,3234196,129584,196980,4337924,5539.617,1621.644,12.012,632.641,3.003,41.042,6093,16531,1.710,1.770,1.070,3,0,321.326,0,0,24,103,6,28,0
16-12 19:48:59,54.188,23.723,20.976,0,0,3355832,130932,196980,4217680,4766.542,1618.147,11.986,215.753,2.997,18.978,3762,8705,1.710,1.770,1.070,6,0,568.349,0,0,24,103,6,28,0
16-12 19:49:00,54.823,22.029,22.029,0,0,3443964,127780,196980,4134236,7088.456,1568.092,4.005,732.978,1.001,44.059,4899,17616,1.710,1.770,1.070,2,0,368.492,0,0,24,123,6,28,0
16-12 19:49:01,37.986,19.743,40.485,0,0,3502760,134936,196980,4069716,4612.298,1693.375,3.999,655.758,1.000,37.986,3521,6101,1.710,1.770,1.070,2,0,456.831,0,0,24,123,6,28,0
16-12 19:49:02,11.502,20.004,66.762,0.250,0,3514628,130816,196980,4062524,7171.291,1694.305,4.001,140.025,1.000,13.002,3106,4970,1.710,1.770,1.070,5,0,287.052,0,0,25,123,6,28,0
16-12 19:49:03,26.034,17.523,54.071,0.501,0,3544568,130220,196980,4033112,5205.856,1696.234,748.986,484.638,130.171,25.033,5718,9667,1.730,1.780,1.080,4,0,256.338,0,0,25,123,6,28,0
16-12 19:49:04,31.470,23.727,43.708,0.250,0,3600060,134280,196980,3975172,4556.653,1510.559,3.996,9738.709,0.999,695.337,4777,5982,1.730,1.780,1.080,4,0,448.572,0,0,25,123,6,27,0
16-12 19:49:05,42.504,20.502,35.503,0,0,3694900,132416,196996,3883140,6498.591,1694.154,152.014,352.032,6.001,21.002,7774,16407,1.730,1.780,1.080,3,0,259.024,0,0,25,135,6,28,0
16-12 19:49:06,31.496,23.497,43.994,0.250,0,3758736,127580,196996,3824812,4976.368,1619.794,575.927,463.941,18.998,39.995,4930,8259,1.730,1.780,1.080,5,0,759.903,0,0,25,137,6,27,0
16-12 19:49:07,27.978,22.982,46.463,0.250,0.250,3822932,129932,196996,3758628,5848.345,1618.712,71.943,495.605,0.999,33.973,6607,12613,1.730,1.780,1.080,1,0,489.610,0,0,25,143,6,27,0
16-12 19:49:08,17.511,17.511,61.539,0.250,0,3839284,122684,196996,3749756,5240.338,1566.998,64.041,7604.844,4.003,562.358,5242,9022,1.670,1.760,1.080,3,0,175.112,0,0,25,149,6,26,0
16-12 19:49:09,40.505,11.501,46.255,0.500,0,3933588,136864,196996,3641836,5245.588,1768.198,2060.231,168.019,68.008,9.001,2647,3957,1.670,1.760,1.080,2,0,121.014,0,0,25,149,6,26,0
16-12 19:49:10,46.221,7.495,44.722,0.250,0,4034464,134096,196992,3544028,6938.608,1618.975,111.929,223.858,18.988,20.987,2210,3023,1.670,1.760,1.080,2,0,1.999,0,0,25,149,6,26,0
16-12 19:49:11,33.269,13.508,53.030,0,0,3991884,220332,196968,3501076,6024.398,1512.853,164.093,368.208,9.005,23.013,3309,5678,1.670,1.760,1.080,3,0,235.133,0,0,25,153,6,26,0
16-12 19:49:12,35.500,23.000,39.500,0.750,0,4055176,155164,196972,3502960,7703.008,1620.002,612.001,380.000,10.000,24.000,6027,12619,1.670,1.760,1.080,3,0,552.001,0,0,25,165,6,26,0
16-12 19:49:13,45.001,23.619,29.338,0,0,4056456,157176,196976,3500176,6973.402,1611.083,2915.861,735.927,55.692,51.714,7205,15157,1.860,1.800,1.090,6,0,239.673,0,0,25,169,6,26,0
16-12 19:49:14,80.272,17.866,2.013,0,0,4200892,122908,196960,3392152,6155.026,1630.604,104.681,10971.347,8.052,480.122,3683,6858,1.860,1.800,1.090,4,0,159.034,0,0,25,172,6,26,0
16-12 19:49:15,73.147,18.225,3.448,4.187,0.246,4237056,145348,196984,3334648,5517.808,1595.938,6498.029,1469.839,470.900,103.440,5265,11389,1.860,1.800,1.090,5,0,66.005,0,0,25,190,6,26,0
16-12 19:49:16,64.642,19.519,14.956,0.253,0,4289168,145572,196960,3282380,5267.657,1587.902,628.671,1326.294,54.755,66.923,5147,15414,1.860,1.800,1.090,8,0,343.741,0,0,25,190,6,31,0
16-12 19:49:17,51.870,26.932,21.197,0,0,4275688,159732,196956,3281964,4843.856,1615.949,410.970,678.300,6.982,41.895,9271,23858,1.860,1.800,1.090,8,0,368.077,0,0,25,191,6,33,0
16-12 19:49:18,49.132,24.064,25.067,0.501,0,4283168,160980,196956,3273252,4103.999,1590.262,72.193,23928.127,6.016,711.908,9164,26160,1.950,1.820,1.100,3,0,379.016,0,0,25,191,6,34,0
16-12 19:49:19,56.344,24.432,17.701,0.249,0,4394776,122612,196896,3200580,4639.159,1689.324,901.505,458.730,45.873,28.920,4069,8004,1.950,1.820,1.100,3,0,333.078,0,0,25,191,6,34,0
16-12 19:49:20,56.153,23.063,19.052,0.752,0,4414176,133508,196872,3170784,6859.700,1624.428,268.733,1078.941,26.071,93.254,8146,17919,1.950,1.820,1.100,3,0,438.195,0,0,25,199,6,37,0
16-12 19:49:21,55.797,22.519,19.767,0,0,4501280,131432,196784,3087852,4821.030,1663.391,416.348,6661.569,21.018,547.458,7787,17948,1.950,1.820,1.100,5,0,294.246,0,0,25,203,6,39,0
16-12 19:49:22,63.954,16.738,18.986,0,0,4586944,122000,196628,3013272,8329.053,1618.844,143.897,5827.839,11.991,534.618,5948,11670,1.950,1.820,1.100,3,0,189.864,0,0,25,209,6,39,0
16-12 19:49:23,71.131,9.983,18.968,0.499,0,4624972,155696,196524,2943320,10284.752,1733.094,894.500,774.701,57.903,50.915,4747,8886,2.120,1.860,1.120,3,1,6.988,0,0,25,218,6,46,0
16-12 19:49:24,56.626,14.783,28.313,0.251,0,4677444,146512,196440,2901288,50581.392,17254.339,617.372,1487.305,46.102,184.410,8439,15622,2.120,1.860,1.120,2,0,157.350,0,0,25,230,6,49,0
16-12 19:49:25,32.376,21.169,44.330,0.498,0,4669832,153924,196440,2901516,6168.301,1687.517,0,884.601,0,64.751,5257,9759,2.120,1.860,1.120,3,0,410.423,0,0,25,229,6,49,0
16-12 19:49:26,36.867,20.064,41.632,0,0,4700192,123272,196440,2902020,41969.337,1667.297,0,734.333,0,56.178,5675,13327,2.120,1.860,1.120,15,0,283.902,0,0,25,229,6,49,0
16-12 19:49:27,59.218,15.492,23.487,0.500,0,4773344,122540,196296,2831968,5727.913,1619.127,115.938,2698.545,7.996,165.911,3625,6239,2.120,1.860,1.120,3,0,167.909,0,0,26,233,6,49,0
16-12 19:49:28,67.527,8.753,23.509,1.751,0,4847692,119724,196228,2762332,6433.554,1620.643,2056.817,6554.602,159.063,580.230,4455,5853,2.190,1.880,1.130,3,0,11.004,0,0,26,232,6,49,0
16-12 19:49:29,47.982,11.246,39.486,0.500,0,4879404,127024,196204,2723864,12677.373,2806.975,435.841,627.771,41.985,46.983,4287,9958,2.190,1.880,1.130,2,0,212.922,0,0,26,236,6,50,0
16-12 19:49:30,26.526,4.254,68.568,0,0,4868804,137432,196204,2724060,14371.314,3894.879,60.060,512.510,7.007,47.047,2769,4419,2.190,1.880,1.130,1,0,7.007,0,0,26,235,6,50,0
16-12 19:49:31,25.919,3.240,69.532,0.249,0,4883452,122620,196204,2724224,14142.747,1740.554,0,334.952,0,33.894,3113,5964,2.190,1.880,1.130,1,0,0,0,0,26,234,6,49,1
16-12 19:49:32,13.242,3.998,80.451,0.250,0,4843792,141044,196208,2745424,21934562.982,96720.904,3.998,359.780,0.999,31.980,6631,3864,2.190,1.880,1.130,1,0,38.976,0,0,26,231,6,50,1
16-12 19:49:33,12.512,16.015,68.563,0.500,0,4849256,133356,196208,2747632,4892.511,1729.595,2178.008,480.443,30.028,12.011,3247,4936,2.090,1.860,1.130,3,0,256.236,0,0,26,231,6,47,0
16-12 19:49:34,29.762,9.004,60.525,0.750,0,4887020,136248,196156,2706988,6114.544,1778.740,284.118,14149.886,33.014,546.227,4546,7499,2.090,1.860,1.130,1,0,42.017,0,0,26,244,6,48,0
16-12 19:49:35,25.457,4.243,69.133,0,0,4889184,134040,196160,2707344,4896.715,1617.264,55.905,958.378,4.992,69.882,3546,7318,2.090,1.860,1.130,3,0,0,0,0,26,249,5,49,0
16-12 19:49:36,29.343,4.013,65.458,0.502,0,4909816,124256,196144,2696580,5867.659,1625.168,425.353,541.723,25.080,60.191,4197,8399,2.090,1.860,1.130,1,0,3.010,0,0,26,255,5,51,0
16-12 19:49:37,30.482,7.246,59.465,1.749,0,4918444,132712,196108,2679640,5653.704,1457.150,139.918,28115.609,12.992,384.776,6464,12050,2.090,1.860,1.130,1,0,20.988,0,0,26,255,5,60,0
16-12 19:49:38,17.729,13.734,66.672,0.749,0,4896456,154632,196112,2679704,5848.175,1618.112,99.883,2912.601,16.980,174.796,3220,4978,2.080,1.860,1.130,2,0,187.781,0,0,26,255,5,60,0
16-12 19:49:39,24.319,8.775,66.689,0.251,0,4915320,136604,197408,2675392,9177.983,1624.599,8.023,1736.917,2.006,39.111,2122,3349,2.080,1.860,1.130,1,0,23.065,0,0,26,255,5,59,0
16-12 19:49:40,25.930,3.989,69.564,0,0,4920592,129096,197608,2676992,5762.551,1615.668,3.989,3139.583,0.997,102.725,2219,3258,2.080,1.860,1.130,1,0,11.968,0,0,26,257,5,59,0
16-12 19:49:41,22.507,6.752,68.272,0.250,0,4940304,118904,197608,2667664,7461.440,1620.530,44.014,544.178,2.001,10.003,12944,25201,2.080,1.860,1.130,1,0,4.001,0,0,26,257,5,56,0
16-12 19:49:42,22.532,6.509,69.598,0,0,4944548,137892,197608,2645464,6332.910,1622.283,0,11800.603,0,154.217,4746,8368,2.080,1.860,1.130,1,0,5.007,0,0,26,259,5,57,0
16-12 19:49:43,21.714,5.740,71.131,0,0,4945780,136660,197608,2645464,5822.224,1691.161,0,315.470,0,21.963,1754,2906,2,1.850,1.130,1,0,0,0,0,26,259,5,57,0
16-12 19:49:44,25.505,12.002,60.761,0.250,0,4890908,201964,197620,2635304,5024.950,1532.290,360.068,0,46.009,0,3001,4783,2,1.850,1.130,1,0,292.055,0,0,26,259,5,57,0
16-12 19:49:45,21.477,8.491,69.675,0,0,4942296,150460,197620,2635408,5543.047,1618.262,3.996,0,0.999,0,2477,4212,2,1.850,1.130,1,0,156.832,0,0,26,259,5,57,0
16-12 19:49:46,16.237,14.489,67.448,0.250,0,4897948,194584,197620,2635632,7477.190,1692.685,15.988,467.637,0.999,37.970,3237,5203,2,1.850,1.130,1,0,178.861,0,0,26,263,5,57,0
16-12 19:49:47,8.520,20.298,68.160,0.501,0,4893912,198568,197620,2635668,6039.168,1850.341,0,934.192,0,60.141,3361,5178,2,1.850,1.130,4,0,243.571,0,0,26,265,6,45,0
16-12 19:49:48,9.483,17.219,72.371,0,0,4896568,195844,197620,2635728,4607.812,1690.995,15.972,247.560,3.993,26.952,3176,5137,1.840,1.820,1.130,0,0,267.525,0,0,26,267,6,45,0
16-12 19:49:49,10.269,4.258,83.656,0.501,0,4909600,180748,197620,2637792,6080.346,1717.204,1635.051,88.165,18.034,7.013,1889,2950,1.840,1.820,1.130,3,0,13.024,0,0,26,267,6,45,0
16-12 19:49:50,27.255,4.001,66.263,0,0.250,4954204,135920,197620,2638016,5901.157,1660.325,0,108.021,0,13.003,2366,3848,1.840,1.820,1.130,2,0,2.000,0,0,26,269,6,45,0
16-12 19:49:51,17.973,14.728,65.653,0,0,4895468,195196,197624,2637472,5550.757,1563.678,91.864,91.864,7.988,3.994,3171,5497,1.840,1.820,1.130,1,0,153.772,0,0,26,271,6,45,0
16-12 19:49:52,14.516,16.518,67.823,0.250,0,4897056,193344,197624,2637720,4899.242,1621.735,0,240.257,0,19.020,3226,5086,1.840,1.820,1.130,2,0,168.180,0,0,26,271,6,45,0
16-12 19:49:53,12.233,17.975,67.406,0,0,4898240,192064,197624,2637816,297267.798,1617.751,23.967,307.572,0.999,20.971,3835,4443,1.770,1.800,1.120,1,0,161.775,0,0,26,271,6,45,0
16-12 19:49:54,17.748,12.249,69.493,0,0,4928176,162064,197624,2637880,9122.042,1693.822,4.000,0,1.000,0,2627,3999,1.770,1.800,1.120,1,0,131.986,0,0,26,271,6,45,0
16-12 19:49:55,24.487,3.998,69.963,0.250,0,4973608,128324,197600,2626384,6379.651,1619.150,7.996,5017.366,0.999,408.785,2342,2710,1.770,1.800,1.120,1,0,2.998,0,0,26,271,6,45,0
16-12 19:49:56,25.251,5.750,68.001,0.750,0,5005588,120432,197248,2603064,41727.876,1620.034,368.008,46128.969,14.000,238.005,2551,3791,1.770,1.800,1.120,1,0,2.000,0,0,26,275,6,45,0
16-12 19:49:57,23.594,3.765,72.037,0.251,0,4931288,194732,197248,2603064,4461.780,1518.049,32.128,570.273,5.020,33.132,1702,2653,1.770,1.800,1.120,1,0,5.020,0,0,26,271,6,45,0
16-12 19:49:58,24.498,2.750,72.245,0,0,4993228,132748,197248,2603108,4900.632,1565.883,0,83.994,0,6.999,1730,2819,1.710,1.790,1.120,3,0,3.000,0,0,26,271,6,45,0
16-12 19:49:59,26.102,2.237,69.606,0,0,4904784,221044,197248,2603256,4939.065,1684.473,0,79.550,0,5.966,2463,4703,1.710,1.790,1.120,2,0,1.989,0,0,26,271,6,45,0
16-12 19:50:00,24.057,5.012,70.166,0,0,4944288,181408,197364,2603272,5351.689,1698.026,124.295,204.485,6.014,22.052,1966,3120,1.710,1.790,1.120,2,0,16.038,0,0,26,271,6,46,0
16-12 19:50:01,17.751,9.501,71.255,0.500,0,4904572,219812,197368,2604580,5522.392,1620.115,1444.103,300.021,23.002,8.001,2534,4122,1.710,1.790,1.120,1,0,136.010,0,0,26,271,6,46,0
16-12 19:50:02,10.266,19.781,67.357,0.250,0.250,4904272,220080,197368,2604612,5461.646,1622.569,0,312.495,0,26.041,3425,5405,1.710,1.790,1.120,2,0,301.477,0,0,26,271,6,46,0
16-12 19:50:03,20.228,7.991,70.422,0,0,4924560,199444,197368,2604960,5798.616,1692.137,291.679,267.705,72.920,14.984,2485,3600,1.650,1.780,1.120,1,0,114.874,0,0,26,271,6,46,0
16-12 19:50:04,25.029,3.504,71.083,0,0,4953580,169988,197460,2605304,4834.671,1621.902,520.611,4.005,16.019,1.001,1804,2670,1.650,1.780,1.120,1,0,8.009,0,0,26,271,6,46,0
16-12 19:50:05,22.734,5.996,70.449,0.250,0,4937372,185832,197472,2605656,9895.875,4365.857,23.983,447.678,5.996,22.983,9280,18535,1.650,1.780,1.120,0,0,7.994,0,0,26,272,6,47,0
16-12 19:50:06,24.544,3.757,69.875,0.250,0,4967304,154092,197632,2607256,7206.900,2471.424,20.036,1065.908,2.004,50.090,4649,8516,1.650,1.780,1.120,3,0,5.009,0,0,26,272,6,46,0
16-12 19:50:07,25.714,3.745,68.903,0,0,4912336,209184,197632,2607132,7708.201,1791.490,0,415.418,0,27.961,6331,12296,1.650,1.780,1.120,2,0,7.989,0,0,26,271,6,46,0
16-12 19:50:08,12.012,17.017,69.069,0.250,0,4927408,194208,197632,2607036,5636.654,1695.701,0,148.149,0,5.005,3089,4831,1.600,1.760,1.120,1,0,264.265,0,0,26,271,6,46,0
16-12 19:50:09,23.700,3.992,70.353,0,0,4967252,154168,197632,2607232,7052.233,1616.615,0,71.850,0,5.987,2176,3699,1.600,1.760,1.120,1,0,1.996,0,0,26,271,6,47,0
16-12 19:50:10,20.468,9.735,68.891,0,0,4926468,194904,197632,2607280,6596.604,1659.385,23.962,0,1.997,0,2704,5025,1.600,1.760,1.120,1,0,111.824,0,0,26,271,6,50,0
16-12 19:50:11,26.245,3.249,68.988,0,0,4967224,154136,197632,2607292,6605.824,1619.712,0,115.979,0,5.999,2465,4009,1.600,1.760,1.120,1,0,2.000,0,0,26,272,6,50,0
16-12 19:50:12,28.872,5.774,65.779,0,0,4946980,174116,197632,2607540,4983.118,1518.435,8.034,212.902,2.009,20.085,2709,5634,1.600,1.760,1.120,2,0,73.311,0,0,26,271,6,50,0
16-12 19:50:13,26.474,4.496,66.434,0,0,4906772,214216,197632,2607648,5322.736,1564.453,31.968,315.688,1.998,27.972,3065,5922,1.630,1.770,1.130,1,0,45.955,0,0,26,271,6,50,0
16-12 19:50:14,24.919,2.990,70.273,0,0,4967548,153396,197632,2607692,5594.889,1614.773,0,123.600,0,10.965,2233,3809,1.630,1.770,1.130,1,0,11.961,0,0,26,271,6,50,0
16-12 19:50:15,23.278,6.007,69.084,0,0,4941492,179440,197632,2607704,6855.288,1696.051,0,120.145,0,8.010,2371,4053,1.630,1.770,1.130,1,0,34.041,0,0,26,271,6,52,0
16-12 19:50:16,25.524,3.003,69.065,0.250,0,4967352,153540,197632,2607744,7248.807,1621.523,16.015,472.444,1.001,45.042,3065,6019,1.630,1.770,1.130,1,0,0,0,0,26,271,6,48,0
16-12 19:50:17,22.735,6.745,69.454,0.500,0,4961684,159200,197632,2607752,5672.205,1618.917,0,671.551,0,23.984,2088,3228,1.630,1.770,1.130,1,0,48.967,0,0,26,271,6,48,0
16-12 19:50:18,24.331,4.766,70.233,0,0,4930728,190004,197636,2607900,6070.135,1517.032,0,172.572,0,11.037,2616,4859,1.580,1.760,1.130,1,0,34.113,0,0,26,271,6,49,0
16-12 19:50:19,26.477,3.497,67.940,0.250,0,4957468,163260,197636,2607904,7184.706,1692.517,0,191.832,0,19.982,2768,5345,1.580,1.760,1.130,1,0,0,0,0,26,271,6,49,0
16-12 19:50:20,14.208,17.947,66.054,0,0,4905132,215564,197636,2607936,6695.136,1615.208,0,255.243,0,29.911,3450,5426,1.580,1.760,1.130,1,0,304.098,0,0,26,271,6,45,0
16-12 19:50:21,10.533,22.822,65.957,0,0,4907228,213452,197636,2607952,8650.127,1570.926,0,212.667,0,16.050,3432,5422,1.580,1.760,1.130,2,0,362.136,0,0,26,271,6,45,0
16-12 19:50:22,11.959,20.181,65.526,0.249,0,4907880,212780,197636,2607972,6504.741,1614.475,0,550.117,0,35.877,3898,6466,1.580,1.760,1.130,1,0,399.632,0,0,26,271,6,43,0
16-12 19:50:23,10.269,22.291,66.371,0,0,4905544,215092,197636,2607996,13392.441,1665.039,0,484.885,0,36.066,3750,6027,1.530,1.740,1.120,2,0,383.700,0,0,26,271,6,43,0
16-12 19:50:24,11.024,21.045,66.142,0,0,4907680,212940,197636,2608012,4780.297,1697.657,0,40.086,0,10.022,3584,5789,1.530,1.740,1.120,1,0,365.788,0,0,26,271,6,33,0
16-12 19:50:25,11.752,20.753,65.759,0,0,4910828,209768,197636,2608036,4917.659,1628.218,0,240.032,0,20.003,3463,5439,1.530,1.740,1.120,2,0,345.046,0,0,26,271,6,33,0
16-12 19:50:26,9.494,22.237,66.210,0,0,4908980,211600,197636,2608052,42761.300,1619.027,0,143.914,0,16.990,3598,5618,1.530,1.740,1.120,2,0,357.785,0,0,26,271,6,33,0
16-12 19:50:27,8.242,23.727,66.435,0.250,0,4906856,213688,197636,2608072,6391.768,1692.350,0,4363.745,0,463.548,4508,6282,1.530,1.740,1.120,2,0,446.565,0,0,26,271,6,33,0
16-12 19:50:28,11.758,21.015,66.796,0.250,0,4911196,209400,197636,2608100,5989.133,1641.132,0,132.091,0,10.007,3519,5700,1.490,1.730,1.120,1,0,377.260,0,0,26,271,6,33,0
16-12 19:50:29,10.739,20.478,67.928,0,0,4907536,213040,197636,2608120,6365.208,1692.194,0,191.795,0,10.988,3478,5489,1.490,1.730,1.120,1,0,345.631,0,0,26,271,6,33,0
16-12 19:50:30,18.783,10.268,69.121,0.501,0,4930920,275588,197876,2530916,6124.694,1622.833,396.693,20.035,56.098,2.003,7873,14774,1.490,1.730,1.120,2,0,77.135,0,0,26,271,6,33,0
16-12 19:50:31,23.190,5.735,69.820,0,0,4951392,240436,198704,2543704,5808.062,1763.464,19.949,107.723,4.987,7.979,8698,16702,1.490,1.730,1.120,1,0,3.990,0,0,26,271,6,33,0
16-12 19:50:32,17.731,2.248,77.665,0.250,0,4964532,226520,198748,2544416,16160.401,7710.603,439.521,3775.888,21.976,46.949,2018,3104,1.490,1.730,1.120,1,0,0.999,0,0,26,272,6,32,0
16-12 19:50:33,14.990,1.999,80.948,1.249,0,4964076,226072,198820,2545216,23012.180,14509.656,595.616,1531.014,52.966,59.961,2002,3118,1.530,1.730,1.130,0,0,0,0,0,26,272,6,32,0
16-12 19:50:34,21.329,3.011,73.773,0.753,0,5002076,186788,198864,2548456,18065.952,9771.212,919.407,1023.794,44.164,34.126,2208,4021,1.530,1.730,1.130,3,0,32.119,0,0,26,272,6,32,0
16-12 19:50:35,13.215,1.995,81.786,0.249,0,4985052,203380,198916,2546736,16739.244,10681.080,327.145,901.643,30.919,30.919,2128,4924,1.530,1.730,1.130,0,0,1.995,0,0,26,272,6,34,0
16-12 19:50:36,18.995,0.750,77.979,1.000,0,4994152,193600,198960,2547372,18898.878,10372.189,623.831,1119.697,36.990,40.989,2041,3152,1.530,1.730,1.130,2,0,0,0,0,26,272,6,28,0
16-12 19:50:37,22.253,5.751,68.010,2.500,0,5000448,146212,199732,2585992,5390.782,1728.251,13205.915,3376.490,146.021,81.012,2487,3533,1.530,1.730,1.130,2,0,0,0,0,26,270,6,28,2
16-12 19:50:38,25.029,3.754,69.331,1.251,0,4994764,126920,200684,2608240,16158.922,5096.969,0,3207.756,0,148.174,2349,3558,1.490,1.720,1.130,0,1,0,0,0,26,270,6,19,2
16-12 19:50:39,23.485,4.747,69.455,0.999,0.250,4998560,127048,201524,2602396,6772.605,1758.859,0,2650.280,0,98.936,2134,3477,1.490,1.720,1.130,1,0,0,0,0,26,269,6,19,2
16-12 19:50:40,26.015,3.502,70.291,0,0,4953152,171080,201608,2603684,5236.068,1620.950,432.253,28.016,6.004,3.002,1755,2592,1.490,1.720,1.130,2,0,6.004,0,0,26,269,6,17,2
16-12 19:50:41,25.775,5.255,67.815,0,0,4953228,170500,201616,2604180,5893.658,1621.557,0,84.081,0,1.001,9600,19178,1.490,1.720,1.130,1,0,13.012,0,0,26,269,6,17,2
16-12 19:50:42,24.258,7.502,67.522,0.500,0,4927180,196412,201616,2604268,6217.027,1620.528,0,2668.870,0,174.057,9459,18306,1.490,1.720,1.130,1,0,15.005,0,0,26,269,6,17,2
16-12 19:50:43,23.199,6.236,67.603,0.249,0,4925724,197948,201616,2604172,5177.728,1616.481,0,323.296,0,15.965,8591,17341,1.450,1.710,1.130,1,0,53.883,0,0,26,269,6,15,2
16-12 19:50:44,23.752,5.500,68.505,0,0,4959768,163884,201616,2604188,6874.474,1640.113,0,8.001,0,2.000,8429,16810,1.450,1.710,1.130,1,0,15.001,0,0,26,269,6,15,2
16-12 19:50:45,23.552,8.519,67.649,0,0,4963020,160516,201624,2604296,5006.053,1623.585,0,108.239,0,7.015,9009,17790,1.450,1.710,1.130,1,0,16.035,0,0,26,269,6,15,2
16-12 19:50:46,24.945,4.989,68.350,0,0,4936484,187128,201624,2604220,7139.322,1508.687,31.930,343.246,1.996,16.963,2170,3335,1.450,1.710,1.130,1,0,12.972,0,0,26,269,6,15,2
16-12 19:50:47,22.504,6.001,70.512,0,0,4909912,213676,201632,2604236,6458.143,1620.287,0,324.057,0,16.003,2096,3316,1.450,1.710,1.130,1,0,56.010,0,0,26,269,6,15,2
16-12 19:50:48,21.730,8.242,67.687,0,0,4928256,179676,202284,2617700,5769.611,1618.488,19.981,15.985,3.996,3.996,14802,28754,1.410,1.700,1.130,1,0,46.956,0,0,26,269,6,15,2
16-12 19:50:49,22.765,5.003,70.796,0,0,4949444,153804,202484,2621680,10681.911,3808.464,748.484,12.008,8.005,3.002,1874,3088,1.410,1.700,1.130,0,0,7.005,0,0,26,270,6,15,2
16-12 19:50:50,20.249,2.250,74.746,0.750,0,4961708,141456,202540,2621656,20207.929,11996.364,0,2351.875,0,41.998,2303,3436,1.410,1.700,1.130,1,0,0,0,0,26,270,6,15,2
16-12 19:50:51,13.272,3.005,81.384,0.250,0,4958016,145428,202600,2621276,47853.053,12191.140,0,1001.655,0,38.063,2169,3402,1.410,1.700,1.130,0,0,0,0,0,26,271,6,15,2
16-12 19:50:52,12.001,1.250,84.504,0.750,0,4959880,143160,202732,2621480,123786.447,12648.557,0,1508.066,0,77.003,2251,3439,1.410,1.700,1.130,1,0,1.000,0,0,26,271,6,15,2
16-12 19:50:53,19.731,1.499,76.427,0.250,0,4976852,126052,202780,2621536,22319.640,9884.540,0,1058.987,0,40.961,1825,2821,1.380,1.690,1.120,3,0,0,0,0,26,271,6,15,2
16-12 19:50:54,18.480,1.998,77.415,0.499,0,4989520,124832,202688,2610348,217449.328,15189.398,0,1198.690,0,39.956,2141,3196,1.380,1.690,1.120,0,0,0,0,0,26,271,6,15,2
16-12 19:50:55,10.021,1.754,85.681,1.253,0,4990052,123852,202916,2610556,87794.334,14450.505,24.051,1896.002,4.008,94.199,2196,3231,1.380,1.690,1.120,1,0,0,0,0,26,271,6,15,2
16-12 19:50:56,11.730,2.496,83.360,1.248,0,4992880,120576,203092,2610816,119376.969,14881.939,95.839,1677.176,5.990,82.860,2212,3347,1.380,1.690,1.120,0,0,0,0,0,26,271,6,15,2
16-12 19:50:57,11.486,1.998,83.399,0.250,0,4991976,121988,202984,2611284,1161503.450,18926.966,0,1761.856,0,24.970,2195,3034,1.380,1.690,1.120,0,0,0.999,0,0,26,271,6,15,2
16-12 19:50:58,9.008,4.004,85.075,0.500,0,4993224,123976,202744,2608848,5159865.682,46857.234,0,5604.932,0,34.030,3710,4029,1.270,1.660,1.120,0,0,3.003,0,0,26,271,6,15,2
16-12 19:50:59,7.247,2.999,86.962,1.000,0,4994484,124948,202728,2606716,1850059.524,22515.161,163.928,3022.679,3.998,64.972,2581,3445,1.270,1.660,1.120,1,0,1.000,0,0,26,271,6,15,2
16-12 19:51:00,23.542,4.758,68.871,1.002,0,4999000,127120,204724,2596364,4905.649,1696.992,0,5072.944,0,167.295,2339,3687,1.270,1.660,1.120,1,0,0,0,0,26,271,6,16,2
16-12 19:51:01,23.212,4.992,70.384,0.499,0,5000928,150996,205548,2569436,5244.326,1617.325,0,2148.446,0,55.908,1965,3240,1.270,1.660,1.120,1,0,0,0,0,26,271,6,15,2
16-12 19:51:02,22.521,4.754,70.316,1.001,0,4998472,130848,206524,2589296,5556.212,1621.521,8.008,2514.358,1.001,119.112,2348,3607,1.270,1.660,1.120,1,0,1.001,0,0,26,271,6,15,2
16-12 19:51:03,22.530,7.260,67.589,1.752,0,4995424,131932,208024,2588252,6758.949,1622.148,0,33616.508,0,602.798,2946,3743,1.250,1.650,1.120,1,0,0,0,0,26,271,6,15,2
16-12 19:51:04,23.496,4.999,69.489,1.000,0,4998084,130472,208844,2585764,5301.141,1619.738,0,3291.467,0,72.988,2055,3219,1.250,1.650,1.120,1,1,0,0,0,26,271,6,15,2
16-12 19:51:05,20.496,2.250,74.485,0.500,0,5000780,163372,209248,2549372,15005.984,4225.151,23.995,1495.699,3.999,46.991,2106,3049,1.250,1.650,1.120,1,0,0,0,0,26,269,5,15,2
16-12 19:51:06,24.691,5.736,68.088,0,0,4955008,207864,209248,2550648,4966.210,1616.163,0,814.067,0,13.967,3643,6185,1.250,1.650,1.120,2,0,9.976,0,0,26,269,5,15,2
16-12 19:51:07,25.038,5.508,68.102,0,0,4941740,220904,209248,2550848,6617.927,1460.190,4.006,1602.404,1.002,8.012,7629,14902,1.250,1.650,1.120,1,0,9.014,0,0,26,269,5,15,2
16-12 19:51:08,23.016,7.505,67.798,0,0,4962724,199824,209248,2550880,6382.532,1621.151,0,13709.734,0,43.031,9843,19508,1.230,1.640,1.120,1,0,12.009,0,0,26,269,5,15,2
16-12 19:51:09,24.023,5.005,70.066,0.250,0,4940556,219936,209460,2552548,6650.265,1621.527,168.158,100.094,4.004,3.003,1865,2995,1.230,1.640,1.120,1,0,6.006,0,0,26,269,5,15,2
16-12 19:51:10,25.189,4.489,68.583,0.249,0,4948880,209916,209520,2553884,5330.037,1616.070,570.612,2781.236,20.949,46.886,4009,8144,1.230,1.640,1.120,1,0,1.995,0,0,26,270,5,17,2
16-12 19:51:11,26.185,4.489,67.333,0.499,0,4956712,201600,209520,2554368,9409.608,1615.983,247.385,574.572,16.958,67.831,3928,7829,1.230,1.640,1.120,1,0,0,0,0,26,276,5,21,2
16-12 19:51:12,28.578,5.014,62.922,2.005,0,4974172,182356,209528,2556144,5652.437,1624.436,1536.195,1945.313,108.296,276.756,5637,10509,1.230,1.640,1.120,2,0,3.008,0,0,26,277,5,23,2
16-12 19:51:13,15.283,16.535,64.889,0.501,0,4925148,231080,209528,2556400,6774.531,1697.641,128.275,53594.961,1.002,272.585,4202,7201,1.210,1.630,1.120,1,0,257.552,0,0,26,276,5,23,2
16-12 19:51:14,16.246,12.247,67.733,2.999,0,4914212,230428,209564,2567960,5071.692,1531.605,11613.004,2679.309,378.902,322.917,4108,5654,1.210,1.630,1.120,2,1,190.951,0,0,26,276,5,25,2
16-12 19:51:15,7.737,4.243,82.863,3.744,0,4917780,217072,209576,2577724,11724.666,3241.655,9460.400,3346.482,1537.465,145.760,4296,8222,1.210,1.630,1.120,0,0,5.990,0,0,26,277,5,23,2
16-12 19:51:16,6.749,1.750,89.989,0,0,4917772,217072,209576,2577732,42401.742,4494.443,0,111.986,0,13.998,2046,3308,1.210,1.630,1.120,2,0,0,0,0,26,277,5,26,2
16-12 19:51:17,7.997,2.249,86.714,0.500,0,4901608,230016,210116,2580408,107556.934,122014.876,3202.658,1167.511,50.979,27.988,2398,3796,1.210,1.630,1.120,0,0,26.989,0,0,26,276,6,25,2
16-12 19:51:18,3.000,1.500,94.015,0,0,4901708,229792,210116,2580492,5018.793,1694.268,0,68.011,0,4.001,1494,2570,1.110,1.600,1.110,3,0,0,0,0,26,276,6,25,2
16-12 19:51:19,4.495,2.747,91.400,0.250,0,4899096,232408,210116,2580488,4855.688,1618.230,0,691.244,0,25.972,1578,2715,1.110,1.600,1.110,0,0,0,0,0,26,276,6,22,2
16-12 19:51:20,2.501,0.250,93.771,0,0,4899092,232408,210116,2580492,6632.506,1768.401,0,228.052,0,11.002,1515,2604,1.110,1.600,1.110,0,0,0,0,0,26,276,6,22,2
16-12 19:51:21,4.250,0.500,94.000,0,0,4899088,232408,210116,2580496,7425.030,1458.006,0,4.000,0,1.000,1464,2496,1.110,1.600,1.110,0,0,0,0,0,26,276,6,22,2
16-12 19:51:22,6.262,1.503,90.672,0.250,0,4899588,231908,210116,2580496,6926.132,1623.077,0,432.821,0,65.123,2373,4204,1.110,1.600,1.110,0,0,1.002,0,0,26,276,6,22,2
16-12 19:51:23,3.252,1.751,92.803,0.250,0,4901160,230348,210116,2580508,10238.836,1620.924,4.002,16601.463,1.001,100.057,1925,3279,1.020,1.570,1.100,0,0,0,0,0,26,276,6,22,2
16-12 19:51:24,4.747,1.499,92.946,0.250,0,4901156,230348,210116,2580512,7423.672,1619.056,0,527.692,0,16.990,1726,3031,1.020,1.570,1.100,0,0,0,0,0,26,276,6,22,2
16-12 19:51:25,3.499,1.750,92.980,0,0,4901148,230348,210116,2580520,5734.750,1693.631,0,335.927,0,29.993,1748,3050,1.020,1.570,1.100,0,0,0,0,0,26,276,6,22,2
16-12 19:51:26,3.249,0.500,93.208,0.250,0,4901140,230348,210116,2580528,42923.770,1619.275,0,155.930,0,19.991,1617,2672,1.020,1.570,1.100,0,0,0,0,0,26,276,6,22,2
16-12 19:51:27,2.750,1.000,94.238,0,0,4901140,230348,210116,2580528,4678.425,1457.821,0,47.994,0,5.999,1404,2620,1.020,1.570,1.100,0,0,0,0,0,26,276,6,22,2
16-12 19:51:28,3.253,1.502,94.347,0.250,0,4901140,230348,210116,2580528,5825.006,1621.672,0,200.206,0,15.015,1499,2500,0.940,1.540,1.100,1,0,0,0,0,26,276,6,22,2
16-12 19:51:29,3.499,0.500,94.969,0,0,4901140,230348,210116,2580528,5848.064,1693.439,0,0,0,0,1414,2594,0.940,1.540,1.100,0,0,0,0,0,26,276,6,22,2
16-12 19:51:30,4.504,1.501,92.082,0,0,4901140,230348,210116,2580528,5540.931,1695.509,0,144.128,0,14.012,1857,3129,0.940,1.540,1.100,0,0,0,0,0,26,276,6,23,2
16-12 19:51:31,2.747,1.249,94.412,0.250,0,4901136,230348,210116,2580532,7988.539,1618.488,0,199.813,0,14.986,1597,2586,0.940,1.540,1.100,0,0,0,0,0,26,276,6,23,2
16-12 19:51:32,3.749,1.750,92.737,0,0,4901136,230348,210116,2580532,5631.217,1619.775,0,219.969,0,28.996,1797,3177,0.940,1.540,1.100,1,0,1.000,0,0,26,276,6,22,2
16-12 19:51:33,2.999,3.499,90.983,0.500,0,4902864,228388,210116,2580536,9072.276,1585.699,0,98549.276,0,508.903,3092,4186,0.860,1.520,1.090,0,0,0,0,0,26,276,6,22,2
16-12 19:51:34,3.250,1.500,94.490,0,0,4902960,228436,210116,2580540,6513.316,1639.828,0,1671.824,0,13.999,1493,2650,0.860,1.520,1.090,0,0,0,0,0,26,276,6,22,2
16-12 19:51:35,8.261,2.754,88.364,0.250,0,4897776,233668,210116,2580540,5094.572,1622.092,0,1445.865,0,264.341,2534,4587,0.860,1.520,1.090,1,0,34.044,0,0,26,276,6,24,2
16-12 19:51:36,3.247,0.999,94.158,0,0,4897840,233604,210116,2580540,5314.802,1618.417,0,0,0,0,1429,2422,0.860,1.520,1.090,0,0,0,0,0,26,276,6,22,2
16-12 19:51:37,2.499,0.999,94.447,0,0,4897840,233604,210116,2580540,4691.392,1619.100,0,31.982,0,2.998,1447,2676,0.860,1.520,1.090,0,0,0,0,0,26,276,6,22,2
16-12 19:51:38,3.746,1.998,92.652,0.250,0,4900376,231048,210116,2580584,15362.731,5085.614,3.996,44792.565,0.999,129.862,1953,3032,0.860,1.520,1.090,0,0,0,0,0,26,276,6,22,1
16-12 19:51:39,3.000,0.750,94.485,0,0,4900280,231176,210116,2580588,5237.146,1619.736,0,0,0,0,1427,2628,0.790,1.490,1.080,0,0,0,0,0,26,276,6,22,1
16-12 19:51:40,3.755,1.001,94.117,0,0,4900280,231176,210116,2580588,5695.107,1459.822,0,788.985,0,5.006,1458,2399,0.790,1.490,1.080,0,0,0,0,0,26,276,6,22,1
16-12 19:51:41,2.002,1.001,94.585,0,0,4900276,231176,210116,2580592,7269.521,1621.454,0,0,0,0,1440,2523,0.790,1.490,1.080,0,0,0,0,0,26,276,6,22,1
16-12 19:51:42,3.497,0.999,93.657,0.250,0,4900524,230924,210116,2580596,5954.099,1618.396,0,175.826,0,25.974,1729,3102,0.790,1.490,1.080,0,0,0.999,0,0,26,276,6,22,1
16-12 19:51:43,3.752,1.751,92.795,0.750,0,4900516,230924,210116,2580604,6670.235,1620.786,0,6463.135,0,245.119,2354,4002,0.790,1.490,1.080,0,0,0,0,0,26,276,6,22,1
16-12 19:51:44,3.501,0.500,94.784,0,0,4900516,230924,210116,2580604,7477.662,1620.577,0,4.001,0,1.000,1343,2486,0.730,1.470,1.080,0,0,0,0,0,26,276,6,22,1
16-12 19:51:45,2.498,0.999,94.180,0,0,4900516,230924,210116,2580604,5226.096,1692.736,0,7.994,0,0.999,1507,2690,0.730,1.470,1.080,0,0,0,0,0,26,276,6,22,1
16-12 19:51:46,3.997,2.248,92.426,0,0,4900512,230928,210116,2580604,6250.968,1618.697,0,287.768,0,11.990,1820,3177,0.730,1.470,1.080,1,0,5.995,0,0,26,276,6,22,1
16-12 19:51:47,3.754,1.001,93.851,0.250,0.250,4900760,230676,210120,2580604,5356.769,1459.572,0,644.694,0,30.032,1485,2801,0.730,1.470,1.080,2,0,0,0,0,26,276,6,22,1
16-12 19:51:48,3.258,1.002,94.478,0.251,0,4902652,228660,210120,2580728,108675.909,1144.759,124.300,8.019,2.005,2.005,1429,2493,0.730,1.470,1.080,3,0,3.007,0,0,26,276,6,22,1
16-12 19:51:49,13.981,5.992,78.890,0,0,4918020,212128,210284,2581696,234275.591,9311.067,335.534,175.756,14.979,5.992,2194,3218,0.750,1.460,1.080,2,0,32.954,0,0,26,276,6,22,1
16-12 19:51:50,17.271,8.510,72.839,0,0,4935244,185556,210332,2590996,232745.812,4323.309,3011.698,8.010,74.091,2.002,2608,3894,0.750,1.460,1.080,2,0,47.058,0,0,26,276,6,22,1
