"pcp-dstat 5.3.6 CSV Output"
"Author:","PCP team <pcp@groups.io> and Dag Wieers <dag@wieers.com>",,,,"URL:","https://pcp.io/ and http://dag.wieers.com/home-made/dstat/"
"Host:","ubuntu",,,,"User:","ubuntu"
"Cmdline:","dstat -tcmndrylpg --tcp --output /tmp/devstack_logs/dstat-csv.log",,,,"Date:","14 Feb 2026 02:36:34 UTC"
"system","total usage",,,,,"memory usage",,,,"net/total",,"dsk/total",,"io/total",,"system",,"load avg",,,"procs",,,"paging",,"tcp sockets",,,,
"time","total usage:usr","total usage:sys","total usage:idl","total usage:wai","total usage:stl","used","free","buf","cach","net/total:recv","net/total:send","dsk/total:read","dsk/total:writ","read","writ","int","csw","1m","5m","15m","run","blk","new","in","out","lis","act","syn","tim","clo"
14-02 02:36:34,,1055372,362156,178184,6161940,,,,,,,2.080,1.180,0.660,2,0,,,,9,5,7,12,1
14-02 02:36:35,32.469,20.980,45.206,0.250,0,1081824,333968,178228,6163440,884999.206,26516.359,0,3037.063,0,123.880,4345,6709,2.080,1.180,0.660,2,0,518.499,0,0,9,7,7,12,1
14-02 02:36:36,44.537,20.017,34.028,0.751,0,1069496,327156,178292,6181808,2444610.248,36783.383,0,17626.560,0,479.396,5960,7623,2.080,1.180,0.660,3,0,325.269,0,0,9,4,7,12,2
14-02 02:36:37,49.637,20.204,29.183,0.748,0,1145056,226704,179156,6327112,11212.380,3965.938,0,2813.571,0,92.788,6742,11483,2.080,1.180,0.660,1,0,217.503,0,0,10,4,7,11,2
14-02 02:36:38,30.572,11.778,56.132,1.002,0,1181208,163868,180048,6350160,9560.553,1623.831,0,3387.992,0,125.296,2438,3380,2.080,1.180,0.660,2,0,101.239,0,0,10,6,7,11,2
14-02 02:36:39,35.480,14.242,48.473,0.500,0,1188564,130904,181380,6371068,8275.415,1619.103,79.956,14236.113,0.999,422.766,3350,3966,2.080,1.200,0.670,2,0,184.898,0,0,10,6,7,13,2
14-02 02:36:40,40.420,5.988,52.896,0.250,0.250,1138516,244056,181896,6307380,15040.385,4345.444,35.929,2626.828,8.982,50.900,1446,1631,2.080,1.200,0.670,2,0,1.996,0,0,10,4,7,13,0
14-02 02:36:41,37.856,6.268,50.892,6.017,0,1212684,163508,182236,6313400,12235.197,3717.390,168.471,19185.624,11.031,1569.386,9968,15925,2.080,1.200,0.670,3,1,47.132,0,0,10,7,7,13,0
14-02 02:36:42,38.172,6.986,44.160,7.734,0,1117072,247792,183384,6322832,15713.087,1682.583,0,46808.931,0,3276.346,14768,24747,2.080,1.200,0.670,2,0,52.893,0,0,10,4,7,13,0
14-02 02:36:43,37.061,8.514,53.588,1.002,0,1173964,184328,183916,6327892,14045.951,4650.599,32.052,4130.750,5.008,188.308,2171,2946,2.080,1.200,0.670,2,0,72.118,0,0,10,4,7,13,0
14-02 02:36:44,44.001,8.000,46.501,0,0,1129856,227612,183988,6328344,4961.094,1736.033,0,1180.022,0,35.001,9296,17815,2.230,1.240,0.690,2,0,24.000,0,0,10,4,7,13,0
14-02 02:36:45,41.661,15.966,41.411,0.748,0,1218836,138432,184056,6328604,6084.954,1764.218,0,174525.817,0,1057.732,10342,19417,2.230,1.240,0.690,2,0,17.961,0,0,10,4,7,13,0
14-02 02:36:46,40.085,11.775,48.604,0.251,0,1099272,270360,184064,6317644,9289.797,1569.344,8.017,240.513,1.002,11.023,2017,2580,2.230,1.240,0.690,2,0,166.355,0,0,10,4,7,13,0
14-02 02:36:47,22.498,20.999,54.746,0,0,1080648,288736,184064,6317912,6970.519,1619.888,211.985,39.997,18.999,9.999,3281,5557,2.230,1.240,0.690,1,0,509.965,0,0,10,4,7,13,0
14-02 02:36:48,16.998,16.498,63.992,0,0,1083812,285220,184064,6318268,10345.727,1619.801,323.960,11.999,9.999,3.000,4339,7036,2.230,1.240,0.690,1,0,178.978,0,0,10,4,7,13,0
14-02 02:36:49,46.863,12.713,39.634,0.249,0,1201052,166948,184064,6319764,9679.648,1507.584,909.337,0,23.930,0,2237,4578,2.210,1.260,0.700,2,0,160.530,0,0,10,5,7,14,0
14-02 02:36:50,48.540,2.002,49.290,0,0,1237868,129180,184088,6320692,9475.723,1621.321,0,340.277,0,16.013,1109,1075,2.210,1.260,0.700,2,0,0,0,0,10,5,7,13,0
14-02 02:36:51,23.995,8.998,65.987,0,0,1254852,123576,182900,6310520,10384.944,1619.679,507.899,1519.699,18.996,39.992,1945,5572,2.210,1.260,0.700,0,0,117.977,0,0,10,4,7,14,0
14-02 02:36:52,0.500,0,98.284,0,0,1254852,123576,182900,6310520,9759.396,1694.590,0,336.117,0,11.004,734,1278,2.210,1.260,0.700,2,0,0,0,0,10,4,7,14,0
14-02 02:36:53,17.995,7.248,74.980,0.750,0,1298044,132532,181764,6260092,10113.290,1607.569,167.955,16255.643,7.998,379.898,1884,1938,2.210,1.260,0.700,2,0,20.994,0,0,10,4,7,14,0
14-02 02:36:54,23.755,2.251,73.017,0.250,0,1330288,123964,181460,6236884,7792.761,1620.366,864.195,0,27.006,0,967,1122,2.200,1.270,0.700,2,0,0,0,0,10,4,7,14,0
14-02 02:36:55,22.501,4.000,71.252,1.000,0,1255360,219232,181384,6216872,5602.168,1512.045,1060.032,1432.043,12.000,190.006,2913,4927,2.200,1.270,0.700,2,0,12.000,0,0,10,4,7,16,0
14-02 02:36:56,20.748,5.250,73.493,0.750,0,1311520,162156,181720,6217452,10250.077,1619.854,847.924,2439.780,44.996,143.987,1530,2055,2.200,1.270,0.700,1,0,30.997,0,0,10,4,7,16,0
14-02 02:36:57,22.496,4.249,72.486,0.750,0,1337712,134744,182124,6218176,7806.509,1619.691,735.859,1543.705,76.985,25.995,2024,3134,2.200,1.270,0.700,1,0,3.999,0,0,10,28,7,16,0
14-02 02:36:58,20.751,5.500,73.255,0.250,0,1329912,142540,182124,6218180,10875.729,1620.109,0,696.047,0,18.001,1286,1562,2.200,1.270,0.700,3,0,43.003,0,0,10,28,7,16,0
14-02 02:36:59,21.301,10.274,66.909,0,0,1296492,175828,182124,6218312,13470.032,1623.862,120.286,20.048,5.012,5.012,2090,2824,2.100,1.260,0.710,2,0,156.372,0,0,10,28,7,16,0
14-02 02:37:00,44.748,6.250,48.248,0.250,0,1404084,130748,181968,6157096,6854.740,1693.936,127.995,3415.870,4.000,396.985,2425,3104,2.100,1.260,0.710,2,0,1.000,0,0,10,29,7,16,0
14-02 02:37:01,52.749,15.500,31.499,0,0,1382708,151744,181968,6157440,10336.783,1693.964,51.999,211.996,11.000,28.999,4347,8945,2.100,1.260,0.710,6,0,438.991,0,0,10,28,7,18,0
14-02 02:37:02,81.995,17.196,0.748,0,0,1580260,125852,181116,5990268,8501.543,1527.247,1220.203,11.963,125.609,2.991,3446,6263,2.100,1.260,0.710,7,0,138.569,0,0,10,30,7,18,0
14-02 02:37:03,76.303,13.259,9.757,0.250,0,1427120,329964,180900,5940508,6756.682,1695.175,624.433,2934.033,109.076,346.240,4378,8826,2.100,1.260,0.710,3,0,200.139,0,0,10,29,7,18,0
14-02 02:37:04,29.252,9.251,60.504,0.250,0,1315628,441372,180916,5940576,13446.901,1620.109,28.002,340.023,6.000,36.002,2924,5396,2.090,1.280,0.710,2,0,110.007,0,0,10,28,7,18,0
14-02 02:37:05,23.294,4.007,72.636,0,0,1359692,397272,180920,5940600,9618.988,1697.174,8.015,208.390,1.002,14.026,1597,2881,2.090,1.280,0.710,2,0,6.011,0,0,10,28,7,18,0
14-02 02:37:06,20.211,6.238,72.859,0,0,1347104,409844,180920,5940616,9274.988,1616.860,0,147.713,0,10.979,1418,1973,2.090,1.280,0.710,1,0,67.868,0,0,10,28,7,18,0
14-02 02:37:07,20.504,6.001,72.513,0.250,0,1297836,458952,180928,5940768,7174.320,1620.298,144.027,288.053,5.001,34.006,2222,4140,2.090,1.280,0.710,1,0,46.008,0,0,10,28,7,18,0
14-02 02:37:08,8.761,21.025,67.581,0.501,0,1298172,458252,180932,5941128,4325.208,1621.953,212.256,1293.557,8.010,84.101,2817,3745,2.090,1.280,0.710,1,0,324.391,0,0,10,28,7,18,0
14-02 02:37:09,32.284,28.280,40.042,0,0,1393200,363096,180932,5941224,10004.585,1533.623,80.085,52.055,1.001,13.014,2984,5082,2.080,1.290,0.720,5,0,665.704,0,0,10,28,7,18,0
14-02 02:37:10,86.743,10.999,2.000,0,0,1614116,142148,180932,5941256,9543.189,1693.856,35.997,131.989,4.000,9.999,3198,5393,2.080,1.290,0.720,6,0,4.000,0,0,10,30,7,18,0
14-02 02:37:11,79.002,11.750,8.500,0,0.250,1439624,316168,180960,5941692,10492.220,1694.036,8.000,664.014,2.000,71.001,5222,12438,2.080,1.290,0.720,5,0,96.002,0,0,10,28,7,20,0
14-02 02:37:12,80.757,16.751,2.750,0,0,1578892,176788,180960,5941804,7899.671,1620.138,0,172.015,0,11.001,3008,5577,2.080,1.290,0.720,7,0,214.018,0,0,10,30,7,21,0
14-02 02:37:13,81.247,12.749,5.250,0,0,1474320,307952,180896,5915916,9613.615,1693.932,8.000,2735.891,2.000,173.993,5493,13025,2.080,1.290,0.720,6,0,131.995,0,0,10,28,7,21,0
14-02 02:37:14,46.250,11.250,41.500,0.250,0,1321856,460176,180908,5916144,13205.974,1661.997,28.000,455.999,5.000,36.000,3713,7838,2,1.280,0.720,3,0,167.000,0,0,10,28,7,23,0
14-02 02:37:15,45.149,5.238,48.891,0,0,1426824,354616,180916,5916728,7663.925,1710.190,578.711,151.662,7.982,9.978,1798,2978,2,1.280,0.720,3,0,0,0,0,10,30,7,23,0
14-02 02:37:16,50.235,19.994,28.991,0,0,1424152,357188,180924,5916788,7524.750,1457.564,0,291.913,0,24.993,3337,6598,2,1.280,0.720,4,0,377.887,0,0,10,28,7,23,0
14-02 02:37:17,65.910,5.764,27.316,0,0,1501460,278088,180944,5918560,14660.684,1772.314,1395.396,445.083,14.034,47.115,5502,10549,2,1.280,0.720,4,0,1.002,0,0,10,28,7,28,0
14-02 02:37:18,80.259,15.502,4.000,0,0,1526852,252608,180996,5918596,9419.074,1620.185,0,3524.402,0,205.023,2817,3779,2,1.280,0.720,4,0,258.029,0,0,10,28,7,27,0
14-02 02:37:19,66.503,12.001,20.251,0,0,1438640,340744,181008,5918660,11701.608,1620.084,0,440.023,0,37.002,7828,15616,2.160,1.330,0.740,5,0,204.011,0,0,10,28,7,33,0
14-02 02:37:20,65.480,11.996,22.243,0,0,1495752,283580,181008,5918712,7315.732,1619.498,0,283.912,0,15.995,1931,2702,2.160,1.330,0.740,3,0,119.963,0,0,10,28,7,33,0
14-02 02:37:21,57.263,14.503,26.256,0.250,0,1365072,413832,181028,5919120,9356.143,1620.371,4.001,464.106,1.000,47.011,6591,13427,2.160,1.330,0.740,3,0,299.068,0,0,10,28,7,35,0
14-02 02:37:22,64.474,7.468,28.130,0,0,1499856,279012,181036,5919148,8592.268,1613.104,0,282.791,0,13.940,3355,5608,2.160,1.330,0.740,1,1,0,0,0,10,31,7,35,0
14-02 02:37:23,61.262,16.822,20.588,0,0,1447580,331140,181036,5919296,4694.100,1518.502,0,377.617,0,29.125,4206,8024,2.160,1.330,0.740,3,0,288.234,0,0,10,28,7,37,0
14-02 02:37:24,61.998,8.250,28.999,0.250,0,1436828,341132,181056,5920036,10097.667,1565.948,0,479.984,0,43.999,4856,9362,2.140,1.340,0.750,3,0,56.998,0,0,10,28,7,36,0
14-02 02:37:25,64.236,11.747,24.245,0,0,1494500,283412,181076,5920064,20991.382,1693.627,0,1491.672,0,92.980,2037,2450,2.140,1.340,0.750,3,0,54.988,0,0,10,28,7,36,0
14-02 02:37:26,62.259,17.753,20.253,0,0,1391460,386360,181096,5920136,7987.206,1694.256,0,472.071,0,48.007,4564,11076,2.140,1.340,0.750,6,0,377.057,0,0,10,28,7,37,0
14-02 02:37:27,84.003,13.501,1.500,0,0.250,1598528,179216,181100,5920176,9621.385,1620.065,0,364.015,0,23.001,3163,5036,2.140,1.340,0.750,6,0,149.006,0,0,10,29,7,37,0
14-02 02:37:28,80.995,18.249,1.250,0,0,1510952,266388,181112,5920564,9220.474,1619.908,0,459.974,0,34.998,4002,7047,2.140,1.340,0.750,8,0,244.986,0,0,10,28,7,39,0
14-02 02:37:29,82.920,13.987,2.747,0,0,1507260,270012,181120,5920624,12049.433,1692.375,0,347.666,0,31.969,5473,9987,2.530,1.430,0.780,6,0,221.787,0,0,10,30,7,39,0
14-02 02:37:30,72.579,19.271,7.008,0,0,1493092,283972,181124,5920828,7455.096,1587.724,0,156.170,0,9.010,4551,10369,2.530,1.430,0.780,4,0,426.463,0,0,10,28,7,36,0
14-02 02:37:31,44.455,26.973,27.972,0,0,1311544,465300,181124,5921048,5376.602,1618.375,0,179.819,0,10.989,5114,12069,2.530,1.430,0.780,2,0,705.292,0,0,10,28,7,36,0
14-02 02:37:32,8.254,22.010,68.031,0,0,1308052,468756,181124,5921084,9242.150,1640.737,0,176.079,0,9.004,2446,3071,2.530,1.430,0.780,2,0,312.140,0,0,10,28,7,36,0
14-02 02:37:33,16.509,27.265,56.280,0,0,1331288,445508,181128,5921092,10579.660,1694.907,0,192.103,0,14.007,3005,4473,2.530,1.430,0.780,4,0,504.270,0,0,10,28,7,36,0
14-02 02:37:34,69.529,25.761,4.752,0,0,1534016,242728,181132,5921140,7357.053,1620.673,8.003,400.166,2.001,27.011,3231,7072,2.730,1.490,0.800,6,0,628.261,0,0,10,29,7,36,0
14-02 02:37:35,79.222,17.994,2.249,0,0,1444320,332212,181148,5921336,11171.034,1693.399,0,1019.638,0,67.976,4918,11114,2.730,1.490,0.800,7,0,395.859,0,0,10,29,7,36,0
14-02 02:37:36,79.738,16.998,2.750,0,0,1567172,209136,181176,5921528,7885.849,1693.753,147.978,347.949,10.998,24.996,3775,7196,2.730,1.490,0.800,7,0,205.970,0,0,10,28,7,36,0
14-02 02:37:37,83.657,11.987,3.996,0,0,1634604,141348,181176,5921884,11082.709,1510.325,0,195.783,0,8.990,6457,13393,2.730,1.490,0.800,6,0,71.920,0,0,10,31,7,36,0
14-02 02:37:38,84.255,10.501,4.500,0.250,0,1668236,131192,181192,5898948,14527.814,4609.258,388.022,6816.382,12.001,231.013,6448,17228,2.730,1.490,0.800,7,0,30.002,0,0,10,31,7,36,0
14-02 02:37:39,83.596,14.266,2.253,0,0,1545048,262300,181420,5890224,6480.453,1796.065,8.009,5426.240,2.002,244.281,4403,10940,2.990,1.570,0.830,6,0,93.107,0,0,10,29,7,36,0
14-02 02:37:40,82.438,13.240,4.497,0,0,1612320,194388,181428,5890724,10757.846,1564.814,0,323.755,0,12.990,4523,31085,2.990,1.570,0.830,7,0,79.939,0,0,10,29,7,36,0
14-02 02:37:41,84.314,10.758,4.503,0.250,0,1656336,149632,181432,5891300,136029.382,8162.203,0,1985.509,0,32.024,4650,11936,2.990,1.570,0.830,5,0,71.054,0,0,10,33,7,34,0
14-02 02:37:42,78.489,13.206,6.977,0,0.249,1601980,202628,181496,5892560,578995.734,18137.783,0,2308.336,0,83.722,5863,15240,2.990,1.570,0.830,5,0,131.563,0,0,10,32,7,36,0
14-02 02:37:43,85.276,11.537,2.257,0,0,1551572,252176,181504,5893272,101403.344,13692.336,0,2472.004,0,125.406,5178,10775,2.990,1.570,0.830,7,0,91.296,0,0,10,31,6,37,0
14-02 02:37:44,84.753,13.000,2.500,0,0,1707756,127240,181504,5862640,13201.409,2838.088,0,5336.165,0,234.007,4328,9158,3.390,1.680,0.870,5,0,30.001,0,0,10,31,6,37,0
14-02 02:37:45,81.502,13.000,4.750,0,0,1606472,230560,181824,5859724,14647.395,2633.071,4.000,1700.046,1.000,66.002,8792,15773,3.390,1.680,0.870,7,0,98.003,0,0,10,32,6,37,0
14-02 02:37:46,83.750,14.000,2.500,0,0,1514228,335336,181916,5848412,7158.986,2009.996,0,295.999,0,7.000,4850,9454,3.390,1.680,0.870,7,0,168.000,0,0,10,30,6,37,0
14-02 02:37:47,79.503,16.751,3.000,0.250,0,1575756,273068,182060,5849168,4900.172,1620.057,628.022,1040.036,39.001,44.002,5894,11455,3.390,1.680,0.870,7,0,268.009,0,0,10,28,6,37,0
14-02 02:37:48,81.205,15.491,2.998,0,0,1583544,265064,182064,5849384,8777.173,1607.116,0,231.872,0,11.993,3932,10870,3.390,1.680,0.870,8,0,314.827,0,0,10,30,6,37,0
14-02 02:37:49,84.187,13.490,1.999,0,0,1507704,339960,182064,5850192,8234.881,1618.797,703.477,383.715,29.978,25.981,3543,12795,3.680,1.770,0.900,8,0,244.818,0,0,10,30,6,38,0
14-02 02:37:50,79.350,16.271,3.004,0.250,0,1530040,314532,182068,5853416,10821.679,1622.050,2923.696,2635.331,44.056,167.211,4103,8045,3.680,1.770,0.900,7,0,229.290,0,0,10,29,6,38,0
14-02 02:37:51,83.551,12.758,4.253,0,0,1519372,324972,182068,5853644,17505.749,1586.974,0,468.288,0,39.024,7917,13463,3.680,1.770,0.900,6,0,61.037,0,0,10,28,6,36,0
14-02 02:37:52,78.452,15.740,5.746,0,0,1525072,319072,182068,5853844,11783.729,1692.955,0,319.803,0,25.984,7139,13054,3.680,1.770,0.900,9,0,146.909,0,0,10,30,6,36,0
14-02 02:37:53,80.501,10.750,8.000,0,0,1438312,405408,182068,5854268,8148.106,1620.021,0,488.006,0,33.000,4886,10381,3.680,1.770,0.900,5,0,116.002,0,0,10,28,6,36,0
14-02 02:37:54,81.498,14.000,3.250,0,0,1559828,283712,182068,5854448,53209.829,1693.963,0,295.993,0,13.000,4468,8385,3.710,1.800,0.920,7,0,127.997,0,0,10,30,6,36,0
14-02 02:37:55,71.573,17.207,9.975,0.249,0,1396060,447216,182068,5854712,7298.899,1615.992,0,502.753,0,40.899,3943,10545,3.710,1.800,0.920,4,0,283.297,0,0,10,28,6,38,0
14-02 02:37:56,64.083,8.261,28.036,0,0,1511548,331548,182068,5854892,9761.671,1568.035,0,288.374,0,14.018,2845,7639,3.710,1.800,0.920,3,0,0,0,0,10,30,6,42,0
14-02 02:37:57,63.667,9.488,25.467,0,0,1431948,410952,182080,5855076,7599.076,1617.887,0,371.515,0,34.954,3133,8000,3.710,1.800,0.920,4,0,108.858,0,0,10,30,6,40,0
14-02 02:37:58,64.656,10.024,25.311,0,0,1393184,449660,182092,5855120,9395.738,1589.847,0,433.048,0,39.095,4985,9029,3.710,1.800,0.920,4,0,71.172,0,0,10,33,6,41,0
14-02 02:37:59,64.751,9.500,25.250,0,0,1446364,396284,182092,5855316,9821.108,1620.018,0,180.002,0,9.000,3634,7678,3.810,1.860,0.940,4,0,79.001,0,0,10,33,6,41,0
14-02 02:38:00,62.340,11.221,26.183,0,0,1438672,403808,182092,5855496,13237.073,1915.092,0,470.793,0,23.939,4699,8341,3.810,1.860,0.940,4,0,106.726,0,0,10,32,7,41,0
14-02 02:38:01,65.394,8.018,25.556,0,0,1474720,367736,182092,5855520,8080.843,1818.014,0,276.611,0,19.042,5307,9746,3.810,1.860,0.940,6,0,34.075,0,0,10,34,7,41,0
14-02 02:38:02,62.019,13.254,25.008,0,0,1467680,374568,182092,5855728,7011.124,1740.527,0,404.122,0,41.012,4203,7110,3.810,1.860,0.940,4,0,209.063,0,0,10,32,7,41,0
14-02 02:38:03,61.003,13.251,25.251,0.500,0,1446356,394856,182096,5856760,6137.344,1694.095,308.017,324.018,44.002,32.002,4556,8379,3.810,1.860,0.940,3,0,146.008,0,0,10,33,7,42,0
14-02 02:38:04,62.745,11.249,26.998,0,0,1419100,421820,182104,5857044,11312.140,1577.880,0,2399.818,0,154.988,4740,10102,3.750,1.870,0.950,3,0,81.994,0,0,10,32,7,42,0
14-02 02:38:05,62.501,11.750,25.500,0,0,1470500,370404,182104,5857060,8590.086,1662.017,0,5496.055,0,217.002,3365,6285,3.750,1.870,0.950,3,0,100.001,0,0,10,34,7,43,0
14-02 02:38:06,62.234,10.997,26.493,0,0,1407536,433080,182104,5857348,11258.152,1777.550,0,279.929,0,20.995,5249,12157,3.750,1.870,0.950,5,0,133.966,0,0,10,33,7,46,0
14-02 02:38:07,44.265,13.254,42.514,0.250,0,1425348,414916,182104,5857700,6120.044,1768.591,0,380.127,0,28.009,2967,5800,3.750,1.870,0.950,3,0,164.055,0,0,10,33,7,46,0
14-02 02:38:08,42.228,8.246,47.476,0,0,1426932,413124,182104,5857908,10547.557,1619.165,0,159.917,0,10.994,2311,4586,3.750,1.870,0.950,2,0,101.947,0,0,10,32,7,46,0
14-02 02:38:09,42.993,9.249,48.492,0,0,1369580,470452,182108,5857928,4831.227,1619.741,0,307.951,0,20.997,2177,3967,3.610,1.880,0.960,2,0,68.989,0,0,10,32,7,46,0
14-02 02:38:10,42.021,9.255,49.024,0.250,0,1391136,448876,182108,5857948,11515.643,1620.794,0,252.124,0,25.012,2156,3679,3.610,1.880,0.960,2,0,94.046,0,0,10,33,7,46,0
14-02 02:38:11,43.942,7.240,48.436,0,0,1411988,427928,182108,5858044,4530.043,1456.085,0,347.543,0,26.965,2155,4201,3.610,1.880,0.960,2,0,4.993,0,0,10,33,7,44,0
14-02 02:38:12,44.217,6.495,48.464,0.250,0,1422136,417624,182112,5858196,9603.807,1618.788,0,363.728,0,34.974,3234,6684,3.610,1.880,0.960,2,0,29.978,0,0,10,32,7,44,0
14-02 02:38:13,47.471,4.497,48.220,0,0,1442144,397456,182112,5858356,9757.979,1619.001,0,179.889,0,7.995,2308,3901,3.610,1.880,0.960,2,0,4.997,0,0,10,32,7,44,0
14-02 02:38:14,39.353,13.034,46.872,0,0,1370616,468944,182112,5858396,9725.413,1624.244,0,288.755,0,23.060,3279,5529,3.400,1.860,0.960,2,0,210.550,0,0,10,32,7,44,0
14-02 02:38:15,38.168,13.471,47.149,0,0,1389860,449600,182120,5858488,6485.135,1784.185,0,1868.006,0,32.930,2767,4747,3.400,1.860,0.960,2,0,228.511,0,0,10,32,7,45,0
14-02 02:38:16,43.850,7.267,49.864,0,0,1384668,454388,182120,5858892,12882.423,1697.878,0,224.513,0,11.025,3111,5557,3.400,1.860,0.960,2,0,46.105,0,0,10,32,7,43,0
14-02 02:38:17,42.981,8.246,48.729,0,0,1416012,422880,182120,5859056,11156.114,1619.291,0,399.825,0,31.986,2598,4030,3.400,1.860,0.960,2,0,94.958,0,0,10,33,7,44,0
14-02 02:38:18,43.759,7.001,47.760,0,0,1376160,461656,182120,5860132,6212.249,1458.293,0,308.062,0,28.006,3040,8037,3.400,1.860,0.960,3,0,68.014,0,0,10,33,7,39,0
14-02 02:38:19,25.741,13.745,59.480,0.250,0,1370056,467456,182124,5860432,9501.855,1619.464,0,419.861,0,26.991,2530,4378,3.290,1.860,0.970,1,0,309.897,0,0,10,32,7,39,0
14-02 02:38:20,23.199,2.993,72.589,0.249,0,1383368,454100,182128,5860472,7155.173,1616.424,3.991,806.217,0.998,69.846,2246,4625,3.290,1.860,0.970,1,0,0,0,0,10,32,7,33,0
14-02 02:38:21,20.264,6.254,73.050,0,0,1368020,469440,182132,5860476,6252.252,1621.102,0,256.174,0,10.007,1265,1557,3.290,1.860,0.970,1,0,56.038,0,0,10,32,7,33,0
14-02 02:38:22,18.528,8.763,72.610,0,0,1316380,521072,182132,5860484,9243.003,1696.570,0,272.413,0,20.030,2098,3402,3.290,1.860,0.970,1,0,91.138,0,0,10,32,7,31,0
14-02 02:38:23,21.755,3.501,73.767,0.250,0,1381368,456084,182132,5860484,6528.547,1620.384,0,180.043,0,10.002,1023,1699,3.290,1.860,0.970,1,0,0,0,0,10,32,7,31,0
14-02 02:38:24,18.248,8.249,72.493,0.250,0,1332228,505224,182132,5860484,10319.020,1619.846,0,235.978,0,21.998,2188,3574,3.100,1.850,0.970,1,0,98.991,0,0,10,32,7,28,0
14-02 02:38:25,21.964,2.995,73.379,0,0,1384864,452556,182132,5860516,7335.940,1509.518,0,143.764,0,7.987,1272,2030,3.100,1.850,0.970,1,0,0,0,0,10,33,7,28,0
14-02 02:38:26,17.741,9.245,72.213,0.250,0,1341004,496388,182132,5860528,5665.094,1565.197,0,363.813,0,28.985,2013,3084,3.100,1.850,0.970,1,0,93.952,0,0,10,32,7,25,0
14-02 02:38:27,22.767,3.252,73.054,0.250,0,1377384,459876,182132,5860660,9175.735,1621.190,0,244.179,0,20.015,2134,3995,3.100,1.850,0.970,3,0,1.001,0,0,10,33,7,26,0
14-02 02:38:28,21.034,4.257,72.617,0,0,1354960,482276,182136,5860680,7446.010,1664.685,0,252.407,0,20.032,1934,3103,3.100,1.850,0.970,1,0,30.048,0,0,10,32,7,24,0
14-02 02:38:29,23.756,3.251,72.017,0.250,0,1372496,461864,182136,5863652,7025.672,1620.386,2928.697,212.050,37.009,8.002,2706,4517,2.850,1.820,0.960,1,0,1.000,0,0,10,33,6,24,0
14-02 02:38:30,10.732,19.218,68.634,0,0,1312396,521816,182136,5863800,10323.615,1617.277,0,1225.936,0,65.889,2524,3518,2.850,1.820,0.960,3,0,255.570,0,0,10,32,6,25,0
14-02 02:38:31,31.731,14.741,52.219,0.250,0,1426316,407716,182144,5863972,8003.270,1692.999,119.929,4393.403,7.995,265.843,2585,3272,2.850,1.820,0.960,2,0,229.864,0,0,10,32,6,27,0
14-02 02:38:32,42.358,5.263,50.128,3.008,0,1499428,328336,182336,5870076,8911.779,1590.064,1443.690,13558.656,33.085,1232.149,7618,13173,2.850,1.820,0.960,3,0,71.182,0,0,10,36,6,27,0
14-02 02:38:33,38.994,7.499,41.993,10.998,0,1453064,370224,182788,5873968,10204.306,1639.728,0,42884.881,0,3752.377,18003,29360,2.850,1.820,0.960,3,0,93.984,0,0,10,36,6,27,0
14-02 02:38:34,46.277,4.503,46.527,2.501,0,1473628,350212,182920,5873280,9225.351,1620.940,0,20756.039,0,1547.898,6823,11151,2.790,1.820,0.970,3,0,13.008,0,0,10,32,6,27,0
14-02 02:38:35,40.726,6.746,46.722,5.497,0,1477860,345328,183192,5873628,10501.741,1734.966,0,7639.447,0,1414.157,10295,17522,2.790,1.820,0.970,4,0,1.999,0,0,10,34,6,27,0
14-02 02:38:36,36.246,8.999,50.994,3.000,0,1344668,478128,183392,5873820,9003.956,1619.812,0,10922.733,0,1226.858,7989,13290,2.790,1.820,0.970,1,0,100.988,0,0,10,32,6,27,0
14-02 02:38:37,23.444,3.492,72.079,0.249,0,1423772,399000,183412,5873824,15102.223,1616.171,0,3020.844,0,178.577,1507,2074,2.790,1.820,0.970,2,0,1.995,0,0,10,32,6,27,0
14-02 02:38:38,24.058,3.007,73.176,0.251,0,1370248,452480,183432,5873844,7097.090,1623.910,0,6194.917,0,336.811,1613,2407,2.790,1.820,0.970,2,0,2.005,0,0,10,32,6,27,0
14-02 02:38:39,23.198,2.494,73.586,0.249,0,1435512,387212,183436,5873844,9436.974,1582.474,0,99.778,0,10.976,979,1142,2.640,1.810,0.970,2,0,1.996,0,0,10,32,6,27,0
14-02 02:38:40,23.500,1.750,73.501,0,0,1380788,441924,183436,5873856,22536.361,1694.027,0,48.001,0,6.000,879,1064,2.640,1.810,0.970,2,0,1.000,0,0,10,32,6,27,0
14-02 02:38:41,23.241,2.999,73.973,0,0,1409572,412640,183436,5874356,5685.891,1639.392,499.815,0,3.999,0,834,1039,2.640,1.810,0.970,2,0,1.999,0,0,10,32,6,27,0
14-02 02:38:42,22.511,3.001,73.787,0,0,1400624,421512,183436,5874424,4576.284,1620.809,0,0,0,0,851,1072,2.640,1.810,0.970,2,0,1.000,0,0,10,32,6,25,0
14-02 02:38:43,23.997,2.250,73.741,0,0,1339272,482776,183436,5874512,8777.955,1693.798,0,0,0,0,883,1002,2.640,1.810,0.970,2,0,3.000,0,0,10,32,6,25,0
14-02 02:38:44,23.500,2.500,74.001,0,0,1365664,456352,183436,5874544,6699.080,1620.019,0,0,0,0,865,1047,2.510,1.800,0.970,2,0,1.000,0,0,10,32,6,24,0
14-02 02:38:45,23.499,2.000,73.496,0,0,1433692,388312,183436,5874552,9278.518,1619.916,0,283.985,0,11.999,1073,1353,2.510,1.800,0.970,2,0,2.000,0,0,10,32,6,24,0
14-02 02:38:46,23.748,2.250,73.495,0,0,1392212,429768,183440,5874572,62897.660,1511.896,0,583.960,0,24.998,986,1175,2.510,1.800,0.970,2,0,1.000,0,0,10,32,6,24,0
14-02 02:38:47,23.769,2.502,73.809,0,0,1388936,433012,183440,5874604,9592.684,1811.451,0,92.074,0,4.003,962,1134,2.510,1.800,0.970,3,0,1.001,0,0,10,32,6,24,0
14-02 02:38:48,23.239,3.248,73.714,0,0,1326288,495656,183440,5874604,6790.659,1607.209,0,0,0,0,934,1080,2.510,1.800,0.970,2,0,3.998,0,0,10,32,6,24,0
14-02 02:38:49,14.030,19.792,65.390,0,0,1352616,469152,183440,5876980,10082.627,1623.482,0,440.946,0,5.011,2984,6207,2.470,1.800,0.970,2,0,393.845,0,0,10,32,6,24,0
14-02 02:38:50,10.471,20.444,68.562,0,0,1335184,486564,183440,5874800,11659.958,1615.560,39.890,538.520,1.995,8.975,2847,4494,2.470,1.800,0.970,2,0,323.112,0,0,10,32,6,24,0
14-02 02:38:51,9.017,20.038,69.883,0,0,1339096,482436,183440,5875016,6929.179,1623.087,68.130,2091.979,4.008,233.444,2935,3659,2.470,1.800,0.970,1,0,307.585,0,0,10,32,6,24,0
14-02 02:38:52,7.752,21.505,69.765,0.250,0,1339768,481744,183440,5875036,6854.501,1620.355,0,732.160,0,112.025,2705,3495,2.470,1.800,0.970,2,0,296.065,0,0,10,32,6,24,0
14-02 02:38:53,18.474,7.739,72.896,0,0,1397476,424036,183440,5875028,11448.651,1509.844,0,0,0,0,1416,1790,2.470,1.800,0.970,1,0,81.883,0,0,10,32,6,24,0
14-02 02:38:54,23.490,2.999,73.969,0,0,1334964,486532,183440,5875044,8070.635,1619.325,0,47.980,0,1.999,970,1104,2.350,1.790,0.970,1,0,2.999,0,0,10,32,6,24,0
14-02 02:38:55,23.254,2.250,73.264,0,0,1414364,407152,183448,5875016,11517.211,1640.315,0,136.026,0,11.002,1125,1411,2.350,1.790,0.970,1,0,2.000,0,0,10,32,6,24,0
14-02 02:38:56,22.996,2.750,73.737,0.250,0,1361832,459640,183452,5875052,11066.019,1735.689,0,463.917,0,27.995,1085,1229,2.350,1.790,0.970,1,0,1.000,0,0,10,32,6,18,0
14-02 02:38:57,22.502,3.750,73.757,0,0,1423072,398408,183452,5875044,6053.539,1620.144,0,68.006,0,8.001,953,1170,2.350,1.790,0.970,1,0,2.000,0,0,10,32,6,18,0
14-02 02:38:58,22.502,2.500,73.756,0,0,1393748,427740,183452,5875036,8559.676,1620.128,0,12.001,0,1.000,967,1106,2.350,1.790,0.970,1,0,2.000,0,0,10,32,6,18,0
14-02 02:38:59,23.749,2.250,74.246,0,0,1438604,382884,183452,5875036,6966.645,1511.923,0,19.999,0,1.000,908,1069,2.240,1.770,0.980,2,0,2.000,0,0,10,32,6,17,0
14-02 02:39:00,22.753,2.750,73.510,0,0,1412568,408912,183452,5875044,5391.755,1620.227,0,0,0,0,936,1099,2.240,1.770,0.980,1,0,3.000,0,0,10,32,6,17,0
14-02 02:39:01,23.493,2.749,73.977,0,0,1355532,465936,183452,5875056,11957.257,1619.493,0,499.844,0,4.998,959,1074,2.240,1.770,0.980,1,0,1.000,0,0,10,32,6,17,0
14-02 02:39:02,21.505,3.501,74.017,0,0,1433868,387624,183452,5875032,11003.465,1620.363,0,0,0,0,987,1135,2.240,1.770,0.980,1,0,2.000,0,0,10,32,6,17,0
14-02 02:39:03,23.749,2.000,73.746,0.250,0,1364728,456736,183456,5875056,10706.486,1639.921,0,119.994,0,5.000,1012,1178,2.240,1.770,0.980,1,0,1.000,0,0,10,32,6,15,0
14-02 02:39:04,23.503,2.500,74.009,0,0,1431092,390460,183456,5874968,8307.030,1620.201,0,88.011,0,1.000,911,1063,2.140,1.760,0.980,1,0,2.000,0,0,10,32,6,15,0
14-02 02:39:05,23.997,2.750,72.492,0,0,1396876,424588,183460,5875052,4555.499,1585.826,0,139.985,0,9.999,1022,1333,2.140,1.760,0.980,1,0,6.999,0,0,10,32,6,14,0
14-02 02:39:06,23.254,2.751,73.014,0,0,1409884,411576,183460,5875064,10195.968,1620.313,0,1896.366,0,29.006,1100,1279,2.140,1.760,0.980,1,0,1.000,0,0,10,32,6,14,0
14-02 02:39:07,23.500,2.500,73.750,0,0,1341304,480152,183464,5875064,17499.017,1620.002,0,160.000,0,8.000,1109,1312,2.140,1.760,0.980,1,0,3.000,0,0,10,32,6,10,0
14-02 02:39:08,23.500,2.500,73.501,0.250,0,1343348,478100,183472,5875064,11444.217,1620.031,0,3684.070,0,180.003,1431,1801,2.140,1.760,0.980,1,0,2.000,0,0,10,32,6,10,0
14-02 02:39:09,23.749,2.250,73.746,0,0,1425260,396200,183472,5875052,7766.612,1619.919,0,51.997,0,6.000,971,1126,2.050,1.750,0.980,1,0,2.000,0,0,10,32,6,10,0
14-02 02:39:10,16.760,11.007,71.543,0,0.250,1341028,480416,183472,5875068,12437.400,1662.989,0,72.043,0,4.002,1728,2236,2.050,1.750,0.980,1,0,155.092,0,0,10,32,6,10,0
14-02 02:39:11,11.769,17.528,70.113,0,0,1353020,468380,183472,5875112,9398.122,1568.524,0,140.226,0,7.011,2403,3503,2.050,1.750,0.980,2,0,305.492,0,0,10,32,6,9,0
14-02 02:39:12,22.448,2.494,73.828,0,0,1407696,413696,183472,5875120,8145.079,1582.324,0,35.917,0,0.998,882,1067,2.050,1.750,0.980,3,0,0,0,0,10,32,6,9,0
14-02 02:39:13,22.826,3.010,73.998,0,0,1376184,444928,183472,5875364,7807.130,1625.440,0,0,0,0,924,1118,2.050,1.750,0.980,2,0,9.030,0,0,10,32,5,9,0
14-02 02:39:14,20.701,6.734,72.330,0.249,0,1328900,492204,183472,5875372,10617.018,1616.197,3.991,0,0.998,0,1240,1543,1.970,1.730,0.980,4,0,67.840,0,0,10,32,5,9,0
14-02 02:39:15,9.750,20.250,68.501,0,0,1336788,484260,183484,5875416,8502.085,1714.017,0,344.003,0,16.000,2696,3875,1.970,1.730,0.980,1,0,313.003,0,0,10,32,5,7,0
14-02 02:39:16,9.499,19.749,69.246,0,0,1335632,485340,183488,5875488,10224.407,1619.906,0,423.975,0,22.999,2596,3541,1.970,1.730,0.980,1,0,283.984,0,0,10,32,5,7,0
14-02 02:39:17,8.502,21.255,69.016,0,0,1336124,484824,183488,5875504,11987.745,1620.371,0,296.068,0,8.002,2640,3609,1.970,1.730,0.980,1,0,316.072,0,0,10,32,5,6,0
14-02 02:39:18,8.504,22.261,69.033,0,0,1337180,483752,183492,5875516,10797.096,1458.689,4.002,4.002,1.000,1.000,2484,3281,1.970,1.730,0.980,2,0,280.132,0,0,10,32,5,6,0
14-02 02:39:19,9.237,20.221,68.900,0,0,1334648,486260,183492,5875536,8520.611,1617.648,0,527.233,0,5.991,2425,3273,1.810,1.700,0.970,1,0,287.582,0,0,10,32,5,6,0
14-02 02:39:20,7.759,23.776,68.326,0,0,1340360,480528,183492,5875556,4939.483,1621.800,0,716.796,0,8.009,2385,3252,1.810,1.700,0.970,1,0,296.329,0,0,10,32,5,6,0
14-02 02:39:21,9.248,19.996,68.986,0,0,1334764,486108,183492,5875572,9015.224,1693.666,0,743.853,0,9.998,2392,3252,1.810,1.700,0.970,1,0,280.945,0,0,10,32,5,6,0
14-02 02:39:22,8.240,21.725,68.920,0,0,1333276,487584,183492,5875584,13490.257,1692.025,0,759.114,0,10.987,2457,3327,1.810,1.700,0.970,2,0,280.672,0,0,10,32,5,6,0
14-02 02:39:23,9.249,20.998,69.245,0,0,1338428,482412,183492,5875604,7159.485,1619.883,0,991.929,0,77.994,2477,3260,1.810,1.700,0.970,2,0,279.980,0,0,10,32,5,6,0
14-02 02:39:24,9.515,18.529,70.611,0,0,1339408,481408,183492,5875628,88406.887,1696.665,0,72.113,0,3.005,2424,3311,1.740,1.690,0.970,1,0,275.433,0,0,10,32,5,6,0
14-02 02:39:25,9.993,18.238,70.703,0,0,1336172,484624,183492,5875644,10459.066,1457.034,0,119.920,0,4.997,2391,3264,1.740,1.690,0.970,1,0,267.822,0,0,10,32,5,6,0
14-02 02:39:26,8.494,20.235,69.950,0,0,1341436,479348,183492,5875656,9218.390,1618.839,0,259.814,0,5.996,2419,3311,1.740,1.690,0.970,2,0,282.797,0,0,10,32,5,6,0
14-02 02:39:27,10.251,20.502,68.505,0,0,1342812,477644,183496,5875976,9226.738,1620.130,168.013,424.034,4.000,65.005,2535,3492,1.740,1.690,0.970,2,0,309.025,0,0,10,32,5,5,0
14-02 02:39:28,9.256,20.764,69.296,0,0,1336064,484376,183496,5875992,5964.979,1695.131,0,28.019,0,7.005,2418,3360,1.740,1.690,0.970,2,0,300.200,0,0,10,32,5,5,0
14-02 02:39:29,13.264,20.522,64.319,0.250,0,1348588,471220,183496,5876668,5592.000,1621.740,580.623,16.017,11.012,4.004,2719,3900,1.680,1.680,0.970,2,0,364.391,0,0,10,32,5,4,0
14-02 02:39:30,36.283,32.280,31.279,0,0,1448752,371016,183508,5876688,11263.362,1847.700,96.088,1233.134,5.005,63.058,4047,7117,1.680,1.680,0.970,6,0,787.725,0,0,10,32,6,8,0
14-02 02:39:31,78.972,19.243,1.499,0.250,0,1646000,162740,184560,5883068,9573.592,1693.397,707.748,1083.614,20.993,35.987,8152,4302,1.680,1.680,0.970,4,0,271.903,0,0,10,34,6,7,0
14-02 02:39:32,60.238,12.997,17.997,7.998,0,1581384,216204,185284,5892896,12144.644,1457.717,0,66323.133,0,5157.000,21604,38613,1.680,1.680,0.970,3,1,179.965,0,0,10,36,6,8,0
14-02 02:39:33,55.237,15.746,17.746,8.748,0,1645104,139768,185664,5905140,7416.250,1735.590,0,85047.929,0,6444.479,25021,43629,1.680,1.680,0.970,4,2,153.964,0,0,10,36,6,8,0
14-02 02:39:34,48.769,14.506,27.261,9.504,0,1581980,201860,186004,5905896,9068.510,1620.627,4.002,84980.888,1.000,6146.379,25221,41943,1.790,1.700,0.980,2,1,150.058,0,0,10,36,6,8,0
14-02 02:39:35,43.003,14.001,37.002,4.750,0,1551896,223068,186596,5914036,9072.535,1746.103,0,82240.852,0,5955.351,25226,39426,1.790,1.700,0.980,3,1,218.013,0,0,10,34,6,8,0
14-02 02:39:36,36.271,8.255,42.525,11.006,0,1559692,208508,186960,5920376,4865.822,1694.983,0,54803.786,0,4390.547,21101,37893,1.790,1.700,0.980,2,1,60.035,0,0,10,35,6,9,0
14-02 02:39:37,37.207,9.239,42.201,11.736,0,1545424,220068,187120,5922884,30509.792,1765.962,0,58983.933,0,4838.416,19735,34915,1.790,1.700,0.980,3,1,83.903,0,0,10,34,6,9,0
14-02 02:39:38,37.004,7.751,44.505,9.001,0,1561320,203940,187220,5922980,10012.041,1620.168,0,49405.138,0,4162.433,19503,34735,1.790,1.700,0.980,4,0,25.003,0,0,10,35,6,9,0
14-02 02:39:39,35.253,11.251,43.503,11.001,0,1527964,235912,187340,5924236,5310.404,1458.111,0,47251.591,0,4379.333,21167,36268,1.890,1.720,1,2,0,113.009,0,0,10,34,6,9,0
14-02 02:39:40,41.258,7.001,40.258,9.502,0,1564624,196852,187420,5926552,10684.169,1620.329,0,37879.690,0,3815.775,18618,32510,1.890,1.720,1,3,0,51.010,0,0,10,35,6,10,0
14-02 02:39:41,38.501,9.250,42.501,10.500,0,1510256,248272,187648,5929260,11845.249,1620.034,0,48037.009,0,4269.090,20896,37320,1.890,1.720,1,2,1,81.002,0,0,10,34,6,12,0
14-02 02:39:42,38.750,8.250,41.750,11.000,0.250,1561332,193432,187868,5932736,10981.945,1619.992,0,61891.691,0,5156.974,18313,37529,1.890,1.720,1,3,2,63.000,0,0,10,36,6,12,0
14-02 02:39:43,36.526,11.008,43.281,11.008,0,1559776,191668,187968,5935940,7277.276,1621.175,0,58454.379,0,4888.544,23019,42420,1.890,1.720,1,3,0,87.063,0,0,10,36,6,14,0
14-02 02:39:44,35.975,8.994,43.220,10.493,0,1544988,204312,188012,5938020,8336.190,1618.872,0,51640.007,0,4474.881,18660,32600,1.980,1.750,1.010,2,1,108.924,0,0,10,36,6,14,0
14-02 02:39:45,36.498,9.500,42.748,10.250,0,1509096,245104,188060,5933064,12882.407,1693.922,0,41714.081,0,4089.812,19706,34303,1.980,1.750,1.010,2,0,48.998,0,0,10,36,6,14,0
14-02 02:39:46,38.990,7.998,43.489,9.747,0,1566404,187144,188084,5933676,9922.440,1693.563,0,41473.300,0,3651.058,16505,27610,1.980,1.750,1.010,2,0,38.990,0,0,10,34,6,15,0
14-02 02:39:47,32.685,12.974,51.647,0.998,0,1427724,325740,188092,5933728,12259.481,1508.982,0,11776.447,0,725.549,4829,6976,1.980,1.750,1.010,2,0,271.457,0,0,10,32,6,15,0
14-02 02:39:48,24.800,2.756,72.896,0.251,0,1447868,305580,188092,5933736,12334.657,1569.137,0,1154.307,0,68.136,2223,4314,1.980,1.750,1.010,2,0,1.002,0,0,10,32,6,15,0
14-02 02:39:49,20.206,5.488,72.591,0.249,0,1438612,314620,188092,5933928,9371.448,1658.363,0,774.302,0,49.891,1225,1643,1.900,1.730,1.010,1,0,42.906,0,0,10,32,6,15,0
14-02 02:39:50,24.006,9.502,65.516,0.250,0,1375624,377584,188092,5933952,10370.603,1620.407,0,580.146,0,41.010,3383,7842,1.900,1.730,1.010,2,0,113.028,0,0,10,32,6,15,0
14-02 02:39:51,9.748,21.496,67.987,0,0,1382324,370788,188092,5934048,10166.028,1619.686,0,439.915,0,22.996,2575,3412,1.900,1.730,1.010,1,0,328.936,0,0,10,32,6,15,0
14-02 02:39:52,15.276,23.290,58.350,0.501,0,1408860,344184,188092,5934116,8976.404,1622.785,4.007,1065.829,1.002,76.131,3560,5417,1.900,1.730,1.010,3,0,468.804,0,0,10,32,6,21,0
14-02 02:39:53,67.147,8.986,24.213,0,0,1613624,138392,188100,5935132,11405.538,1691.410,0,6721.709,0,355.456,2637,2867,1.900,1.730,1.010,3,0,2.995,0,0,10,32,6,21,0
14-02 02:39:54,69.139,7.515,23.046,1.253,0,1762628,118368,188184,5808500,26825.947,1515.047,3206.448,7767.621,232.467,405.816,2712,2735,1.990,1.760,1.020,4,0,6.012,0,0,10,32,6,21,0
14-02 02:39:55,37.693,6.740,40.439,13.480,0,1777004,123772,188396,5789212,14197.562,1563.639,11.982,75406.137,1.997,5733.343,21929,41884,1.990,1.760,1.020,3,0,215.674,0,0,10,38,6,21,0
14-02 02:39:56,26.784,6.759,46.059,17.522,0,1776848,129612,188512,5783628,7758.908,1664.125,0,82253.037,0,6402.176,24160,46213,1.990,1.760,1.020,2,2,204.261,0,0,10,38,6,21,0
14-02 02:39:57,33.015,6.503,44.020,15.507,0,1777132,121576,188560,5791244,15541.978,1620.728,0,60006.943,0,5303.381,20316,38482,1.990,1.760,1.020,11,0,162.073,0,0,10,38,6,21,0
14-02 02:39:58,40.500,11.250,34.750,13.000,0,1685376,201868,188680,5802272,10888.967,1661.995,171.999,90015.730,10.000,6861.979,26543,45509,1.990,1.760,1.020,1,1,238.999,0,0,10,36,6,21,0
14-02 02:39:59,46.000,10.000,29.500,15.000,0,1754208,119744,188792,5815120,6357.987,1619.997,0,92451.815,0,6746.987,25719,43872,2.150,1.790,1.030,2,1,0,0,0,10,36,6,21,0
14-02 02:40:00,42.978,9.495,32.484,15.242,0,1668052,224068,188816,5797060,7068.430,1619.182,0,76457.389,0,6148.895,24461,41723,2.150,1.790,1.030,2,0,149.924,0,0,10,36,6,21,0
14-02 02:40:01,37.679,5.739,47.411,6.987,0,1534828,355440,188832,5798824,11967.549,1690.828,0,45794.090,0,3571.300,14350,23661,2.150,1.790,1.030,1,0,95.820,0,0,10,32,6,21,0
14-02 02:40:02,14.535,14.034,70.923,0,0,1423188,467040,188832,5798848,11490.981,1589.871,0,729.777,0,43.105,2087,2707,2.150,1.790,1.030,1,0,212.517,0,0,10,32,6,21,0
14-02 02:40:03,23.447,3.243,73.085,0.249,0,1484896,405328,188832,5798852,11964.971,1636.304,0,5591.369,0,341.229,1816,2463,2.150,1.790,1.030,2,0,0.998,0,0,10,32,6,21,0
14-02 02:40:04,24.499,2.000,73.746,0.250,0,1520900,369320,188832,5798856,10330.483,1619.919,0,115.994,0,10.000,1345,1833,2.060,1.780,1.030,2,0,2.000,0,0,10,38,6,21,0
14-02 02:40:05,21.548,5.512,72.912,0,0,1457716,432504,188832,5798856,11907.399,1697.764,0,100.222,0,7.016,1262,1436,2.060,1.780,1.030,2,0,34.076,0,0,10,32,6,21,0
14-02 02:40:06,22.447,3.242,73.824,0,0,1524244,365976,188832,5798856,8453.871,1616.152,0,35.914,0,4.988,914,1191,2.060,1.780,1.030,1,0,1.995,0,0,10,32,6,21,0
14-02 02:40:07,19.047,11.779,68.167,0.251,0,1405448,484708,188832,5798920,9747.824,1623.969,48.118,553.352,3.007,47.115,2116,3173,2.060,1.780,1.030,2,0,204.500,0,0,10,32,6,21,0
14-02 02:40:08,13.749,39.998,45.748,0.250,0,1414496,475568,188832,5799012,8606.561,1511.923,35.998,315.984,2.000,30.998,5402,9341,2.060,1.780,1.030,3,0,1179.940,0,0,10,32,6,21,0
14-02 02:40:09,10.976,29.186,59.869,0,0,1416068,473928,188832,5799080,7192.242,1690.297,0,183.598,0,19.956,3909,6286,2.130,1.800,1.040,1,0,732.395,0,0,10,32,6,21,0
14-02 02:40:10,5.749,10.748,82.487,0.250,0,1402964,486372,188868,5799704,5934.086,1693.739,615.905,519.920,14.998,110.983,2001,2617,2.130,1.800,1.040,1,0,143.978,0,0,11,12,6,21,20
14-02 02:40:11,10.501,17.502,69.507,0,0,1405184,484120,188868,5799740,35882.445,1640.157,0,24.002,0,6.001,2585,3581,2.130,1.800,1.040,1,0,296.028,0,0,11,12,6,21,20
14-02 02:40:12,14.750,17.499,65.998,0,0.250,1410640,477972,188912,5800724,11207.641,1619.948,515.983,23.999,49.998,6.000,4566,8740,2.130,1.800,1.040,1,0,200.994,0,0,11,12,6,21,20
14-02 02:40:13,20.276,21.027,58.575,0.250,0,1443376,444528,188924,5801000,10231.045,1696.163,72.092,4.005,3.004,1.001,3308,6498,2.130,1.800,1.040,1,0,326.416,0,0,13,12,6,21,20
14-02 02:40:14,12.234,17.976,68.909,0.250,0,1447916,439912,188924,5801072,8247.081,1617.858,0,331.561,0,7.989,2492,3533,1.960,1.770,1.040,1,0,260.655,0,0,13,12,6,21,20
14-02 02:40:15,23.047,15.281,59.872,0,0,1469944,417872,188928,5801084,5406.007,1609.276,0,12.024,0,2.004,5341,9120,1.960,1.770,1.040,2,0,178.363,0,0,13,12,6,21,20
14-02 02:40:16,12.976,21.211,65.132,0,0,1494076,393424,188928,5801364,13867.788,1617.060,3.993,47.913,0.998,4.991,2809,4215,1.960,1.770,1.040,1,0,314.428,0,0,15,12,6,21,20
14-02 02:40:17,14.004,17.506,66.271,0,0,1496468,390828,188928,5801864,13114.131,1768.557,0,752.237,0,42.013,4561,9229,1.960,1.770,1.040,4,0,219.069,0,0,15,12,6,21,20
14-02 02:40:18,48.335,17.281,34.311,0,0,1722280,164668,188960,5801780,7245.789,1664.939,72.127,701.238,1.002,8.014,2418,3512,1.960,1.770,1.040,13,0,126.223,0,0,17,12,6,21,20
14-02 02:40:19,83.750,12.750,2.750,0,0,1953460,118840,188984,5620684,11134.967,1565.995,0,16.000,0,4.000,2288,3713,2.920,1.970,1.110,5,0,62.000,0,0,17,12,6,21,20
14-02 02:40:20,14.966,17.461,66.101,0,0,1944572,157972,188984,5591096,8853.019,1616.352,0,235.469,0,1.995,2702,3841,2.920,1.970,1.110,2,0,256.421,0,0,17,12,6,21,20
14-02 02:40:21,10.770,19.537,68.380,0,0,1940980,161544,188984,5591116,9172.455,1623.089,0,56.107,0,9.017,2588,3827,2.920,1.970,1.110,1,0,238.454,0,0,17,12,6,21,20
14-02 02:40:22,17.746,17.996,62.735,0,0,1944360,157948,188984,5591276,10065.655,1511.648,0,3.999,0,1.000,4955,10742,2.920,1.970,1.110,2,0,157.963,0,0,17,12,6,21,20
14-02 02:40:23,20.706,8.732,70.102,0.249,0,1980432,135476,188988,5577756,4328.875,1686.445,997.896,371.217,14.968,2.994,1727,2721,2.920,1.970,1.110,0,0,103.781,0,0,18,12,6,21,20
14-02 02:40:24,13.533,7.769,78.689,0,0,2008044,129996,188988,5556084,9899.819,1623.907,0,4.010,0,1.002,1751,2544,2.770,1.960,1.110,1,0,91.219,0,0,18,12,6,22,20
14-02 02:40:25,24.258,3.251,70.272,0.500,0,2047320,129356,188988,5518264,8270.564,1620.502,0,5529.714,0,389.121,2947,3953,2.770,1.960,1.110,2,0,0,0,0,18,19,6,23,10
14-02 02:40:26,15.977,13.730,68.400,0.499,0,2003624,172448,188988,5518864,10780.164,1691.515,283.583,427.372,2.996,39.941,2879,4780,2.770,1.960,1.110,1,0,189.721,0,0,18,18,6,27,0
14-02 02:40:27,10.001,20.503,68.510,0,0.250,2009280,166772,188988,5518884,11666.668,1640.235,0,456.065,0,27.004,2979,4442,2.770,1.960,1.110,1,0,269.038,0,0,18,18,6,27,0
14-02 02:40:28,10.497,19.245,69.482,0,0,2010760,165272,188988,5518904,10002.349,1619.571,0,91.976,0,8.998,2744,4072,2.770,1.960,1.110,2,0,252.933,0,0,18,18,6,27,0
14-02 02:40:29,9.741,19.982,67.689,0.250,0,2009564,166468,188988,5518928,7499.296,1510.649,0,95.914,0,9.991,2709,4220,2.710,1.960,1.110,1,0,260.767,0,0,18,18,6,27,0
14-02 02:40:30,15.249,19.248,64.744,0,0,2018208,157704,188988,5519332,5479.518,1619.857,0,75.993,0,5.999,4580,7217,2.710,1.960,1.110,1,0,165.985,0,0,18,18,6,27,0
14-02 02:40:31,42.597,13.781,43.599,0,0,2137816,120912,188996,5438488,8755.946,1623.699,328.749,4.009,3.007,1.002,2514,3446,2.710,1.960,1.110,2,0,130.297,0,0,18,19,6,21,0
14-02 02:40:32,45.161,5.988,47.407,0,0,2218308,125336,189012,5355088,13730.089,1616.831,159.687,299.413,1.996,11.977,2426,3622,2.710,1.960,1.110,2,0,18.963,0,0,18,35,6,21,0
14-02 02:40:33,44.625,9.777,46.380,0,0,2274828,122952,189072,5301904,8556.042,1624.565,0,846.378,0,27.076,6214,13423,2.710,1.960,1.110,1,0,84.237,0,0,18,34,6,20,0
14-02 02:40:34,12.215,17.699,67.305,0.499,0,2274676,129280,189076,5296100,8549.173,1689.095,0,8032.673,0,417.787,4423,7300,2.570,1.940,1.110,1,0,294.146,0,0,18,34,6,20,0
14-02 02:40:35,10.762,6.757,81.088,0,0,2282920,120796,189076,5295952,6158.682,1575.710,224.243,188.204,11.012,10.011,3018,4755,2.570,1.940,1.110,1,0,61.066,0,0,18,34,6,21,0
14-02 02:40:36,1.997,0.499,95.871,0,0,2282884,120796,189076,5295988,10034.474,1617.819,0,67.908,0,4.993,1080,1784,2.570,1.940,1.110,1,0,2.996,0,0,18,34,6,21,0
14-02 02:40:37,3.500,2.500,93.499,0.250,0,2308008,138476,189076,5254004,10676.872,1619.981,0,407.995,0,30.000,1396,2282,2.570,1.940,1.110,0,0,3.000,0,0,18,34,6,20,0
14-02 02:40:38,1.500,0.500,96.504,0,0,2308008,138476,189076,5254004,4785.196,1620.066,0,36.001,0,4.000,1041,1835,2.570,1.940,1.110,0,0,2.000,0,0,18,34,6,20,0
14-02 02:40:39,5.764,5.764,87.218,0,0.251,2258684,187768,189076,5254028,5451.602,1624.052,48.120,0,4.010,0,1886,3058,2.450,1.930,1.110,2,0,102.255,0,0,18,34,6,20,0
14-02 02:40:40,16.719,16.220,64.880,0,0,2277864,176744,189076,5246144,9583.214,1658.921,283.474,1445.317,18.965,256.524,4483,9849,2.450,1.930,1.110,1,0,235.563,0,0,18,34,6,20,0
14-02 02:40:41,11.761,19.519,67.064,0.250,0,2333564,120660,189084,5246544,7205.889,1751.675,600.574,0,34.033,0,3066,5070,2.450,1.930,1.110,2,0,271.259,0,0,19,34,6,18,0
14-02 02:40:42,18.471,15.475,65.147,0.499,0,2333380,121364,189084,5245904,13433.694,1637.403,0,1992.839,0,295.531,5462,7742,2.450,1.930,1.110,0,0,200.682,0,0,19,50,6,18,0
14-02 02:40:43,6.005,6.005,87.577,0,0,2332756,121956,189084,5245936,7073.217,1621.425,0,184.162,0,10.009,1658,2746,2.450,1.930,1.110,1,0,116.102,0,0,19,50,5,16,0
14-02 02:40:44,19.033,15.777,63.109,0,0,2330756,125140,189084,5244796,9709.759,1622.801,0,1298.241,0,243.420,5538,7731,2.730,1.990,1.140,1,0,174.301,0,0,21,50,5,16,0
14-02 02:40:45,10.238,16.480,70.915,0.250,0,2333120,122668,189084,5244812,7182.395,1618.062,39.952,0,4.994,0,2885,4454,2.730,1.990,1.140,1,0,284.659,0,0,21,52,5,15,0
14-02 02:40:46,11.239,18.482,68.684,0,0,2333956,121824,189084,5244836,5597.621,1660.404,0,11.988,0,2.997,2813,4279,2.730,1.990,1.140,1,0,267.743,0,0,21,52,5,15,0
14-02 02:40:47,15.955,17.949,65.563,0.249,0,2337244,118488,189084,5245220,16533.911,1657.280,0,586.330,0,36.895,5473,9367,2.730,1.990,1.140,12,0,224.361,0,0,21,52,5,14,0
14-02 02:40:48,28.887,19.593,49.233,0,0,2370752,126968,189080,5203568,7073.514,1627.712,0,1760.340,0,269.276,3888,5556,2.730,1.990,1.140,2,0,356.690,0,0,21,52,5,14,0
14-02 02:40:49,30.248,22.998,44.247,0,0,2431416,120824,189160,5149968,5436.609,1457.895,4.000,283.980,1.000,5.000,3883,9660,2.670,1.990,1.140,2,0,489.965,0,0,21,52,5,15,0
14-02 02:40:50,35.012,27.509,37.013,0,0,2496992,156236,189176,5051244,9567.234,1620.548,48.016,28.009,5.002,7.002,3762,9102,2.670,1.990,1.140,3,0,480.162,0,0,21,56,5,17,0
14-02 02:40:51,32.501,20.001,46.252,0,0,2542984,128428,189180,5033940,8309.299,1694.061,0,32.001,0,8.000,3053,7537,2.670,1.990,1.140,2,0,329.012,0,0,21,56,5,16,0
14-02 02:40:52,33.251,20.000,45.501,0,0,2621476,126684,189188,4959100,12505.275,1784.039,0,5172.114,0,316.007,5064,8258,2.670,1.990,1.140,3,0,300.007,0,0,21,56,5,16,0
14-02 02:40:53,54.435,24.221,21.474,0,0,2734536,119320,189204,4855328,8916.407,1618.078,7.991,651.226,1.998,12.985,5440,9874,2.670,1.990,1.140,14,0,390.536,0,0,21,56,5,10,0
14-02 02:40:54,69.831,22.526,6.257,0,0,2853628,128952,189352,4726088,7833.039,1695.957,0,945.091,0,69.080,3459,8479,2.780,2.030,1.160,5,0,502.580,0,0,21,56,5,10,0
14-02 02:40:55,70.143,22.965,5.991,0.499,0,3005120,121472,190032,4581524,11199.898,1617.530,674.969,10807.497,69.893,1001.471,8937,16634,2.780,2.030,1.160,4,1,278.575,0,0,21,60,5,10,0
14-02 02:40:56,65.500,22.750,6.500,1.750,0,3115588,130424,190044,4464868,9207.945,1661.990,0,32095.807,0,2399.986,10576,26194,2.780,2.030,1.160,5,0,440.997,0,0,21,62,5,10,0
14-02 02:40:57,69.605,21.533,9.264,0.751,0,3222584,122168,190140,4367368,10396.709,1502.270,68.103,6654.054,6.009,470.711,7316,17761,2.780,2.030,1.160,6,0,247.374,0,0,21,65,5,12,0
14-02 02:40:58,75.241,19.748,4.249,0,0,3314256,125832,190140,4272416,13420.376,1693.795,7.999,827.900,2.000,46.994,6197,20227,2.780,2.030,1.160,7,0,313.962,0,0,21,74,5,18,0
14-02 02:40:59,45.493,26.996,25.996,0,0,3393524,119852,190140,4201052,7734.747,1619.738,0,743.879,0,41.993,7618,23042,2.800,2.040,1.170,2,0,461.925,0,0,21,79,5,19,0
14-02 02:41:00,41.789,20.269,35.283,0.250,0,3458480,125876,190148,4132024,9480.836,1621.511,0,15358.314,0,915.854,7088,10495,2.800,2.040,1.170,4,0,219.204,0,0,21,81,5,19,0
14-02 02:41:01,55.447,13.737,30.971,0,0,3604040,129428,190168,3985940,8620.810,1618.462,23.977,7129.227,5.994,483.541,4138,11438,2.800,2.040,1.170,2,0,46.955,0,0,21,84,5,22,0
14-02 02:41:02,13.212,18.447,64.565,1.246,0,3621028,129308,190168,3969296,9507.722,1705.108,175.497,7454.613,9.971,545.435,4196,7330,2.800,2.040,1.170,3,0,247.291,0,0,21,87,5,23,0
14-02 02:41:03,8.252,19.254,69.515,0.500,0,3629732,125368,190168,3964568,10069.175,1662.359,8.002,656.142,2.000,40.009,2913,4421,2.800,2.040,1.170,2,0,239.052,0,0,21,87,5,23,0
14-02 02:41:04,11.014,18.524,70.090,0,0,3618764,154532,190168,3946428,8207.489,1513.935,0,2671.414,0,137.175,2959,4386,2.730,2.040,1.170,1,0,238.305,0,0,21,87,5,23,0
14-02 02:41:05,11.734,17.477,69.158,0,0,3635576,137668,190168,3946448,9553.285,1563.918,0,39.947,0,3.995,2789,4180,2.730,2.040,1.170,1,0,269.641,0,0,21,87,5,23,0
14-02 02:41:06,9.251,19.252,69.257,0,0,3635692,137528,190168,3946472,7124.755,1620.172,0,8.001,0,2.000,2789,4154,2.730,2.040,1.170,1,0,262.028,0,0,21,87,5,24,0
14-02 02:41:07,12.267,20.528,67.844,0,0,3630964,142072,190168,3946656,38520.235,1696.344,0,28.039,0,7.010,2846,4396,2.730,2.040,1.170,2,0,248.343,0,0,21,87,5,24,0
14-02 02:41:08,22.527,18.772,57.819,0,0,3647260,134540,190168,3937892,35220.159,1696.030,16.019,2166.593,4.005,304.364,5908,8877,2.730,2.040,1.170,3,0,175.210,0,0,21,93,5,24,0
14-02 02:41:09,30.945,23.708,44.920,0.250,0,3707808,124932,190168,3887340,6200.913,1617.109,582.958,67.879,15.971,8.984,3235,5689,2.670,2.040,1.180,2,0,413.261,0,0,21,95,5,24,0
14-02 02:41:10,25.233,21.485,51.714,0.749,0,3736744,131920,190184,3851752,5600.153,1618.888,51.964,647.555,3.997,42.970,4750,9047,2.670,2.040,1.180,1,0,289.801,0,0,21,105,5,24,0
14-02 02:41:11,47.027,22.513,28.517,0,0,3840472,122488,190168,3759160,8589.974,1512.876,1316.762,176.102,33.019,10.006,8413,20782,2.670,2.040,1.180,9,1,423.245,0,0,23,107,5,24,0
14-02 02:41:12,52.169,28.456,18.721,0.499,0,3986016,134564,190112,3602840,11636.858,1707.338,942.531,9736.820,79.875,778.786,6723,10021,2.670,2.040,1.180,11,0,448.301,0,0,23,117,5,24,0
14-02 02:41:13,54.625,22.552,20.798,0,0,4067480,121488,190108,3535336,9539.856,1569.596,88.202,557.277,2.005,40.092,9339,21534,2.670,2.040,1.180,1,1,282.648,0,0,23,133,5,24,0
14-02 02:41:14,35.291,22.777,41.298,0.250,0,4136308,125676,190084,3462976,4904.758,1621.904,92.108,7348.627,1.001,618.726,4129,5213,2.620,2.040,1.180,2,0,384.451,0,0,23,133,5,24,0
14-02 02:41:15,11.247,19.495,66.983,0,0,4145588,128272,190084,3451484,9679.561,1713.568,0,287.927,0,12.997,2904,4313,2.620,2.040,1.180,1,0,271.931,0,0,24,133,5,24,0
14-02 02:41:16,12.469,19.951,65.091,0.249,0,4151028,126064,190084,3448628,10426.497,1689.867,0,478.829,0,32.919,3880,5883,2.620,2.040,1.180,1,0,243.405,0,0,24,133,5,24,0
14-02 02:41:17,25.046,19.035,55.351,0,0,4176436,130672,190072,3418984,9875.032,1622.964,0,372.681,0,23.042,4762,8469,2.620,2.040,1.180,2,0,208.381,0,0,24,133,5,24,0
14-02 02:41:18,31.526,22.769,44.788,0,0,4246148,136960,190012,3344780,8781.359,1513.268,0,472.396,0,58.049,3602,6189,2.620,2.040,1.180,2,0,407.341,0,0,24,134,5,24,0
14-02 02:41:19,32.952,22.217,43.187,0.499,0,4326232,123256,189960,3279056,10223.044,1617.633,11.982,5751.585,2.996,481.296,8157,15308,2.650,2.060,1.190,3,0,219.679,0,0,24,145,5,24,0
14-02 02:41:20,31.768,25.014,42.273,0,0.250,4384752,127968,189904,3216664,9904.477,1620.896,92.051,1072.593,9.005,173.096,3914,6188,2.650,2.060,1.190,2,0,447.247,0,0,24,151,5,24,0
14-02 02:41:21,34.989,24.243,38.988,0.250,0,4456340,128200,189852,3146168,11726.423,1565.523,315.904,567.827,30.991,39.988,7982,15819,2.650,2.060,1.190,2,0,511.844,0,0,24,163,5,24,0
14-02 02:41:22,10.236,18.974,67.407,0,0,4463704,123948,189800,3143220,10558.472,1617.774,187.742,311.571,6.990,23.967,3449,5435,2.650,2.060,1.190,1,0,275.621,0,0,24,163,5,24,0
14-02 02:41:23,13.781,19.795,65.148,0.251,0,4460052,130960,189776,3140336,9349.279,1697.864,0,681.551,0,58.132,4107,6491,2.650,2.060,1.190,2,0,275.627,0,0,24,179,5,24,0
14-02 02:41:24,23.003,18.752,56.006,0.250,0,4483136,126056,189780,3122324,6591.758,1620.186,12.001,700.081,3.000,52.006,5110,8051,2.520,2.040,1.190,2,0,180.021,0,0,24,179,5,23,0
14-02 02:41:25,47.117,6.980,44.873,0,0,4624016,133432,189616,2978240,5294.013,1507.732,231.345,67.808,9.972,3.989,1861,2304,2.520,2.040,1.190,2,0,0.997,0,0,24,179,5,23,0
14-02 02:41:26,40.988,6.498,50.986,1.000,0,4703300,126472,189544,2908016,8803.526,1619.545,1567.560,271.924,61.983,18.995,2454,3252,2.520,2.040,1.190,2,0,5.998,0,0,24,184,5,18,0
14-02 02:41:27,33.068,19.791,45.344,0,0,4664588,165148,189544,2908052,14323.607,1623.355,32.066,509.052,8.017,46.095,3764,6407,2.520,2.040,1.190,3,0,399.826,0,0,24,187,5,18,0
14-02 02:41:28,39.025,23.765,35.022,1.001,0,4701096,129456,189540,2907556,4875.091,1663.054,8201.200,9562.062,183.116,824.523,8011,15580,2.520,2.040,1.190,3,1,436.277,0,0,24,191,5,18,0
14-02 02:41:29,48.279,24.014,24.765,2.251,0,4695956,133628,189516,2910164,9195.536,1566.943,32943.832,640.386,341.205,27.016,6139,14554,2.560,2.060,1.200,7,0,206.124,0,0,24,197,5,18,0
14-02 02:41:30,68.990,18.747,9.499,2.000,0,4750836,284236,189176,2710536,9043.734,1619.773,18473.414,603.915,262.963,37.995,4674,9119,2.560,2.060,1.200,6,0,148.979,0,0,24,200,5,20,0
14-02 02:41:31,67.288,18.510,6.504,7.254,0,4897768,203740,189196,2647940,10710.008,1620.909,68558.461,1568.880,1092.613,95.053,5370,10037,2.560,2.060,1.200,6,0,42.024,0,0,24,208,5,21,0
14-02 02:41:32,56.224,20.741,18.741,2.999,0,4872228,187360,189208,2689836,8879.942,1585.276,37095.048,963.560,401.816,59.973,6717,15435,2.560,2.060,1.200,3,0,247.887,0,0,24,207,5,29,0
14-02 02:41:33,43.735,27.491,24.492,3.249,0,4937660,133440,188648,2680876,5221.240,1693.429,45452.682,20613.053,464.843,691.767,7635,13076,2.560,2.060,1.200,3,0,456.846,0,0,24,209,5,29,0
14-02 02:41:34,51.489,26.494,17.746,2.000,0,4936484,126312,188240,2690180,9013.017,1619.644,28181.800,1779.608,287.937,106.976,10010,34408,2.670,2.090,1.210,13,0,248.945,0,0,24,211,5,29,0
14-02 02:41:35,54.713,21.885,21.388,0.249,0,5002288,135992,186908,2618004,10027.456,1726.951,903.267,604.831,38.797,45.760,5049,14522,2.670,2.090,1.210,4,0,438.701,0,0,24,211,5,29,0
14-02 02:41:36,55.831,23.892,20.622,0.251,0,5034360,138480,186784,2583720,9394.654,1629.654,466.765,14892.222,46.274,783.642,7301,18961,2.670,2.090,1.210,4,0,233.383,0,0,24,215,5,32,0
14-02 02:41:37,52.488,25.244,21.495,0,0,5069716,151852,186788,2535944,12902.020,1565.638,107.975,1847.573,4.999,251.942,5161,10846,2.670,2.090,1.210,4,0,477.890,0,0,24,217,5,33,0
14-02 02:41:38,55.982,22.992,19.494,1.000,0,5156212,130884,186388,2471444,5194.286,1619.466,443.854,6793.758,24.992,643.788,7530,22587,2.670,2.090,1.210,7,0,237.921,0,0,24,223,5,36,0
14-02 02:41:39,65.278,12.505,22.760,0,0,5254468,126724,185396,2382660,11878.013,1586.670,304.128,256.108,5.002,17.007,2771,4093,2.700,2.100,1.220,5,0,6.003,0,0,24,221,5,37,0
14-02 02:41:40,63.741,8.999,26.246,0.500,0,5289608,160344,184788,2317496,47792.452,14967.949,715.902,5699.219,62.991,606.917,7579,12745,2.700,2.100,1.220,4,0,7.999,0,0,24,235,5,42,0
14-02 02:41:41,50.707,14.488,32.972,0,0,5300764,148756,184792,2317924,16214.315,5412.432,191.838,743.373,11.990,69.941,7134,10893,2.700,2.100,1.220,3,0,256.783,0,0,24,241,5,42,0
14-02 02:41:42,33.493,23.245,40.492,0.750,0,5273544,175572,184808,2318300,13655.337,1619.684,159.969,5234.979,9.998,419.918,6544,12087,2.700,2.100,1.220,4,0,410.920,0,0,24,241,5,42,0
14-02 02:41:43,42.050,19.273,37.294,0.250,0,5318484,130584,184828,2318720,10128.972,1696.005,60.071,776.918,8.009,52.062,5901,12591,2.700,2.100,1.220,5,0,187.221,0,0,25,241,5,43,0
14-02 02:41:44,64.002,16.250,18.251,1.250,0,5405096,138004,183316,2228372,9420.264,1620.045,1640.046,3708.104,130.004,446.012,3755,4677,3.200,2.220,1.270,4,0,124.003,0,0,25,244,5,43,0
14-02 02:41:45,67.233,8.498,23.244,0.750,0,5457712,164036,183240,2152380,7249.122,1565.595,619.839,1399.637,41.989,91.976,3816,6684,3.200,2.220,1.270,4,0,12.997,0,0,25,248,5,43,0
14-02 02:41:46,29.898,15.696,52.321,0.249,0,5507572,140232,182956,2128176,40820.435,3068.509,3.986,422.555,0.997,26.908,6521,10080,3.200,2.220,1.270,4,0,206.295,0,0,25,248,5,45,0
14-02 02:41:47,24.040,9.766,65.359,0.250,0,5461584,165004,182988,2149360,22017937.045,117448.727,0,597.000,0,52.087,9085,6849,3.200,2.220,1.270,2,0,112.188,0,0,25,245,5,45,0
14-02 02:41:48,15.490,14.491,69.207,0.250,0,5494220,130224,182996,2151492,7431.422,1692.957,2066.727,319.803,22.986,18.988,2820,4320,3.200,2.220,1.270,1,0,183.887,0,0,25,247,5,45,0
14-02 02:41:49,27.061,3.257,68.655,0,0,5527016,128876,182380,2121428,8736.666,1623.655,0,316.713,0,25.056,2650,4289,3.030,2.200,1.260,4,0,0,0,0,25,253,5,46,0
14-02 02:41:50,31.263,7.503,58.274,0,0,5529516,177920,181544,2073020,9840.064,1620.669,660.273,1420.587,52.021,106.044,4399,10782,3.030,2.200,1.260,1,0,41.017,0,0,25,256,5,47,0
14-02 02:41:51,25.156,4.234,67.746,0.498,0,5545684,161508,181568,2073240,7887.454,1697.641,111.582,553.925,5.978,58.780,3927,8038,3.030,2.200,1.260,1,0,4.981,0,0,25,267,5,46,0
14-02 02:41:52,28.851,5.519,64.476,0.251,0,5547952,146924,181580,2085544,12685.463,1625.698,8.028,574.012,2.007,52.183,5265,9586,3.030,2.200,1.260,3,0,0,0,0,25,270,5,52,0
14-02 02:41:53,17.177,16.680,65.225,0.498,0,5490616,194808,181608,2094952,6868.992,1451.869,87.630,21584.847,6.971,73.689,4267,7145,3.030,2.200,1.260,2,0,187.209,0,0,25,267,5,57,0
14-02 02:41:54,12.537,15.295,68.952,1.504,0,5493648,188104,181908,2098292,11950.038,1624.764,3771.057,10157.783,120.353,130.382,3429,4839,2.860,2.180,1.260,2,0,219.644,0,0,25,269,5,57,0
14-02 02:41:55,19.694,9.722,69.802,0.249,0,5482460,192016,182056,2105240,8535.835,1615.427,3250.797,8611.621,113.678,79.774,5498,19668,2.860,2.180,1.260,0,0,19.944,0,0,25,269,5,57,0
14-02 02:41:56,4.498,1.000,93.714,0.250,0,5482456,192016,182060,2105240,5201.976,1735.325,0,215.916,0,28.989,1748,3072,2.860,2.180,1.260,0,0,0,0,0,25,269,5,57,0
14-02 02:41:57,3.752,1.001,93.301,0.500,0,5482660,191792,182084,2105236,11215.101,1694.922,0,348.189,0,44.024,1695,2916,2.860,2.180,1.260,1,0,1.001,0,0,25,269,5,57,0
14-02 02:41:58,3.239,1.246,93.187,0.249,0,5482860,191540,182104,2105268,8141.660,1656.438,0,183.384,0,19.933,1658,2955,2.860,2.180,1.260,0,0,1.993,0,0,25,269,5,57,0
14-02 02:41:59,3.516,2.009,90.923,1.758,0,5486296,188052,182104,2105320,7240.691,1464.816,48.224,23095.463,2.009,994.628,3018,2752,2.710,2.160,1.260,0,0,1.005,0,0,25,269,5,48,2
14-02 02:42:00,2.996,0.749,93.874,0,0,5486288,188052,182112,2105320,12261.594,1617.835,0,151.797,0,15.979,1465,2512,2.710,2.160,1.260,0,0,0.999,0,0,25,271,5,48,2
14-02 02:42:01,3.501,1.500,93.765,0,0,5486388,187828,182120,2105436,11426.783,1620.253,108.017,192.030,8.001,20.003,1681,2896,2.710,2.160,1.260,1,0,0,0,0,25,271,5,47,2
14-02 02:42:02,3.749,1.499,93.718,0.500,0,5486372,187828,182132,2105440,11415.073,1619.443,0,407.860,0,31.989,1549,2622,2.710,2.160,1.260,0,0,0,0,0,25,271,5,47,2
14-02 02:42:03,3.750,1.500,93.759,0.250,0,5486360,187828,182140,2105444,9904.951,1620.156,0,164.016,0,20.002,1573,2651,2.710,2.160,1.260,0,0,2.000,0,0,25,275,5,44,2
14-02 02:42:04,3.248,0.750,94.706,0,0,5486360,187828,182140,2105444,8417.052,1693.206,0,0,0,0,1291,2249,2.500,2.120,1.250,0,0,0,0,0,25,275,5,44,2
14-02 02:42:05,3.751,2.250,91.015,0.250,0,5480744,189584,182380,2109064,11437.887,118077.483,3864.638,216.036,52.009,17.003,1622,2492,2.500,2.120,1.250,3,0,6.001,0,0,25,275,5,44,2
14-02 02:42:06,4.755,1.251,93.349,0.250,0,5480936,189360,182388,2109088,7692.146,1459.546,4.004,348.369,1.001,32.034,1715,2963,2.500,2.120,1.250,0,0,0,0,0,25,275,5,45,2
14-02 02:42:07,4.247,0.500,93.442,0,0,5480916,189360,182396,2109100,8215.865,1618.988,7.995,355.778,1.999,34.978,1537,2667,2.500,2.120,1.250,0,0,0,0,0,25,275,5,45,2
14-02 02:42:08,2.997,1.748,91.158,1.498,0,5480044,189360,182404,2109964,9782.179,1618.375,487.511,103.896,9.990,10.989,1633,2739,2.500,2.120,1.250,0,0,0.999,0,0,25,275,5,45,2
14-02 02:42:09,3.002,1.001,94.309,0,0,5480040,189360,182404,2109968,7009.402,1663.044,0,32.020,0,3.002,1379,2432,2.300,2.090,1.250,0,0,1.001,0,0,25,277,5,45,2
14-02 02:42:10,2.751,0.750,94.774,0,0,5479952,189360,182404,2110056,9344.392,1620.415,80.020,296.076,4.001,2.001,1474,2486,2.300,2.090,1.250,0,0,0,0,0,25,277,5,45,2
14-02 02:42:11,3.506,1.252,92.920,0.250,0,5482284,187028,182408,2110052,6858.551,1622.970,48.088,120.220,3.006,14.026,1704,2969,2.300,2.090,1.250,0,0,2.004,0,0,25,279,5,45,0
14-02 02:42:12,4.242,1.497,94.330,0,0,5482224,187028,182416,2110104,7668.220,1529.252,0,415.254,0,32.941,1513,2743,2.300,2.090,1.250,0,0,0.998,0,0,25,279,5,45,0
14-02 02:42:13,4.249,1.500,93.728,0.250,0,5482212,187028,182432,2110100,9697.740,1619.623,0,187.956,0,22.995,1775,3088,2.300,2.090,1.250,0,0,1.000,0,0,25,279,4,45,0
14-02 02:42:14,3.500,0.750,94.758,0,0,5482200,187028,182436,2110108,8595.722,1620.136,0,128.011,0,10.001,1398,2418,2.110,2.050,1.240,0,0,0,0,0,25,279,4,45,0
14-02 02:42:15,2.250,1.000,95.262,0,0,5482196,187028,182440,2110108,9422.197,1620.206,0,116.015,0,9.001,1390,2427,2.110,2.050,1.240,0,0,0,0,0,25,279,4,45,0
14-02 02:42:16,3.750,1.000,93.247,0.250,0,5482172,187028,182456,2110116,12065.626,1619.950,0,191.994,0,24.999,1720,2851,2.110,2.050,1.240,0,0,0,0,0,25,279,4,45,0
14-02 02:42:17,2.999,0.750,94.726,0,0,5482168,187028,182460,2110116,16301.843,1619.587,0,251.936,0,14.996,1458,2433,2.110,2.050,1.240,0,0,0,0,0,25,279,4,45,0
14-02 02:42:18,4.749,0.500,93.974,0,0,5482164,187028,182464,2110116,12215.616,1457.596,0,31.991,0,3.999,1467,2433,2.110,2.050,1.240,0,0,1.000,0,0,25,279,4,45,0
14-02 02:42:19,3.251,1.251,94.791,0,0,5482164,187028,182464,2110116,9564.113,1620.697,0,0,0,0,1372,2378,1.940,2.020,1.230,0,0,0,0,0,25,279,4,45,0
14-02 02:42:20,4.750,3.000,91.248,0.250,0,5481868,187296,182468,2110140,5497.907,1619.972,12.000,139.998,3.000,22.000,1577,2729,1.940,2.020,1.230,0,0,20.000,0,0,25,281,4,45,0
14-02 02:42:21,4.751,1.000,93.520,0,0,5482088,187072,182468,2110144,9615.038,1694.359,32.007,132.028,1.000,12.003,1629,2750,1.940,2.020,1.230,1,0,1.000,0,0,25,283,4,45,0
14-02 02:42:22,3.748,1.249,94.949,0.250,0,5482044,187072,182480,2110176,8795.242,1693.084,0,315.829,0,24.986,1433,2458,1.940,2.020,1.230,0,0,0,0,0,25,283,4,45,0
14-02 02:42:23,3.252,2.501,92.299,0.250,0,5481436,187680,182488,2110168,10092.379,1620.864,0,104.055,0,11.006,1559,2545,1.940,2.020,1.230,1,0,0,0,0,25,283,4,45,0
14-02 02:42:24,3.249,0.750,94.956,0,0,5481428,187548,182488,2110308,7344.629,1693.223,0,0,0,0,1341,2333,1.790,1.980,1.230,1,0,0,0,0,25,283,4,45,0
14-02 02:42:25,3.750,1.500,92.740,0.500,0,5481428,187548,182488,2110308,11990.741,1457.847,0,7895.171,0,506.947,1964,2523,1.790,1.980,1.230,0,0,0,0,0,25,283,4,45,0
14-02 02:42:26,4.750,1.000,90.995,0.500,0,5481420,187548,182508,2110296,9671.468,1661.909,0,231.987,0,32.998,1962,3248,1.790,1.980,1.230,0,0,2.000,0,0,25,287,4,45,0
14-02 02:42:27,7.252,4.251,87.778,0,0,5482624,186288,182512,2110428,4901.549,1620.512,0,256.081,0,20.006,3122,6020,1.790,1.980,1.230,1,0,2.001,0,0,25,287,4,45,0
14-02 02:42:28,7.250,1.500,89.502,0.250,0.250,5482612,186288,182520,2110432,4935.084,1694.029,0,216.004,0,23.000,2008,3429,1.790,1.980,1.230,0,0,2.000,0,0,25,287,4,46,0
14-02 02:42:29,4.501,1.751,93.280,0,0,5482584,186288,182536,2110444,10745.471,1662.537,0,208.067,0,21.007,1734,2925,1.720,1.970,1.230,2,0,0,0,0,25,287,4,46,0
14-02 02:42:30,2.500,1.000,93.736,0.750,0,5482584,186288,182536,2110444,9454.553,1619.752,0,1711.738,0,279.957,1651,2453,1.720,1.970,1.230,1,0,0,0,0,25,287,4,46,0
14-02 02:42:31,3.753,1.001,93.830,0,0,5482568,186288,182552,2110444,10106.601,1459.242,16.014,304.259,1.001,25.021,1754,3018,1.720,1.970,1.230,0,0,0,0,0,25,287,4,46,0
14-02 02:42:32,2.747,1.249,93.660,0.250,0,5482540,186288,182556,2110468,10577.803,1618.440,0,279.730,0,19.981,1431,2407,1.720,1.970,1.230,0,0,0,0,0,25,287,4,43,0
14-02 02:42:33,4.251,0.250,94.272,0,0,5482540,186288,182556,2110468,9964.352,1620.382,0,64.015,0,6.001,1427,2356,1.720,1.970,1.230,0,0,0,0,0,25,287,4,43,0
14-02 02:42:34,3.999,1.250,94.729,0,0,5482540,186288,182556,2110468,6799.497,1619.642,0,0,0,0,1338,2292,1.670,1.950,1.220,0,0,0,0,0,25,287,4,35,0
14-02 02:42:35,2.500,0.500,95.504,0,0,5482536,186288,182556,2110472,3883.179,1134.052,0,144.007,0,28.001,1369,2308,1.670,1.950,1.220,0,0,0,0,0,25,287,4,35,0
14-02 02:42:36,5.009,1.252,91.924,0,0,5483184,185284,182572,2110812,109334.642,579.094,384.727,264.500,5.009,21.040,1716,3022,1.670,1.950,1.220,1,0,3.006,0,0,25,287,4,35,0
14-02 02:42:37,12.478,5.490,80.360,0.499,0,5490264,177856,182620,2111112,240055.024,9335.784,243.577,379.341,13.976,18.967,2184,3074,1.670,1.950,1.220,0,0,29.948,0,0,25,287,4,36,0
14-02 02:42:38,16.759,7.504,75.292,0,0,5502224,160532,182636,2116460,236004.398,4130.317,352.198,304.171,19.011,19.011,2349,3457,1.670,1.950,1.220,1,0,39.022,0,0,25,287,4,30,0
