"pcp-dstat 5.3.6 CSV Output"
"Author:","PCP team <pcp@groups.io> and Dag Wieers <dag@wieers.com>",,,,"URL:","https://pcp.io/ and http://dag.wieers.com/home-made/dstat/"
"Host:","ubuntu",,,,"User:","ubuntu"
"Cmdline:","dstat -tcmndrylpg --tcp --output /tmp/devstack_logs/dstat-csv.log",,,,"Date:","17 Dec 2025 13:56:37 UTC"
"system","total usage",,,,,"memory usage",,,,"net/total",,"dsk/total",,"io/total",,"system",,"load avg",,,"procs",,,"paging",,"tcp sockets",,,,
"time","total usage:usr","total usage:sys","total usage:idl","total usage:wai","total usage:stl","used","free","buf","cach","net/total:recv","net/total:send","dsk/total:read","dsk/total:writ","read","writ","int","csw","1m","5m","15m","run","blk","new","in","out","lis","act","syn","tim","clo"
17-12 13:56:37,,981828,496008,177364,6106340,,,,,,,1.060,0.950,0.570,3,0,,,,9,5,6,11,1
17-12 13:56:38,20.224,18.976,58.175,0.499,0,1009660,467624,177388,6106752,34626.367,15795.639,0,2005.415,0,69.910,2725,3856,1.060,0.950,0.570,3,0,299.614,0,0,9,5,6,11,1
17-12 13:56:39,25.283,21.278,53.070,0.250,0,1014296,462776,177416,6106904,36024.372,10956.408,0,1249.643,0,40.053,2689,4179,1.060,0.950,0.570,3,0,348.458,0,0,9,5,6,11,1
17-12 13:56:40,26.965,18.976,53.182,0.499,0,1031676,445280,177436,6106988,43497.237,14597.286,0,1697.823,0,58.924,3247,6342,1.220,0.990,0.580,2,0,245.685,0,0,9,5,6,11,1
17-12 13:56:41,32.729,16.489,48.969,0.500,0,1161988,298432,177444,6247904,432325.609,14457.790,0,2014.717,0,56.964,5283,9670,1.220,0.990,0.580,2,0,177.887,0,0,10,4,6,11,2
17-12 13:56:42,24.256,9.252,64.265,1.000,0,1170296,265224,178180,6268540,10142.373,1620.379,0,2556.598,0,93.022,1887,2652,1.220,0.990,0.580,3,0,79.018,0,0,10,6,6,11,2
17-12 13:56:43,35.305,15.274,48.075,1.252,0,1189848,218540,179132,6291876,6655.322,1514.349,80.124,3681.710,1.002,149.231,2922,4153,1.220,0.990,0.580,2,0,209.325,0,0,10,6,6,13,2
17-12 13:56:44,41.746,6.999,49.245,0.750,0,1251116,122700,180584,6321160,8331.167,1565.843,0,5355.464,0,127.987,1564,2183,1.220,0.990,0.580,2,0,0,0,0,10,6,6,13,2
17-12 13:56:45,37.002,5.250,52.752,4.000,0,1172440,223580,180664,6298824,14207.639,4354.196,36.002,18312.824,9.000,1193.054,6046,9894,1.360,1.020,0.590,3,1,14.001,0,0,10,6,6,13,0
17-12 13:56:46,33.763,9.003,48.769,8.253,0,1231680,157588,181232,6304908,14157.493,2947.143,56.022,51119.834,7.003,4181.622,17704,30635,1.360,1.020,0.590,2,1,70.027,0,0,10,7,6,13,0
17-12 13:56:47,38.209,9.240,48.697,2.747,0,1148524,232676,181756,6311496,9518.691,2700.076,167.818,16829.773,15.983,1119.787,5420,8515,1.360,1.020,0.590,2,0,86.906,0,0,10,4,6,13,0
17-12 13:56:48,40.438,4.243,54.666,0.250,0,1237324,136060,182344,6317508,12512.743,4635.865,0,3758.216,0,203.687,1492,1417,1.360,1.020,0.590,4,0,3.994,0,0,10,4,6,13,0
17-12 13:56:49,44.862,9.774,45.363,0.501,0,1175136,197360,182440,6318048,10138.366,1624.063,0,7025.578,0,268.672,9482,17898,1.360,1.020,0.590,3,0,24.060,0,0,10,4,6,13,0
17-12 13:56:50,46.075,11.955,41.094,0,0,1231796,140320,182512,6318288,5307.862,1506.285,87.667,169229.942,6.974,777.052,10469,19233,1.410,1.040,0.600,3,0,24.906,0,0,10,4,6,13,0
17-12 13:56:51,31.613,21.326,46.918,0,0,1111384,274780,182520,6305800,6138.005,1625.829,196.705,264.950,15.054,16.058,2999,4791,1.410,1.040,0.600,2,0,407.461,0,0,10,4,6,13,0
17-12 13:56:52,21.934,20.688,55.583,0,0,1081084,305068,182520,6306348,8747.792,1561.322,0,39.881,0,9.970,3079,4931,1.410,1.040,0.600,5,0,380.859,0,0,10,4,6,13,0
17-12 13:56:53,32.299,17.526,48.573,0.501,0,1152032,233256,182520,6307216,10542.867,1622.442,845.272,0,24.036,0,4774,8289,1.410,1.040,0.600,3,0,194.292,0,0,10,5,6,13,0
17-12 13:56:54,47.496,3.250,49.246,0,0,1237940,146820,182644,6307732,12364.924,1735.849,123.989,187.984,4.000,1.000,1192,1100,1.410,1.040,0.600,4,0,0,0,0,10,5,6,13,0
17-12 13:56:55,40.047,7.509,50.810,0.250,0,1254540,130484,182592,6307588,9757.533,1696.005,0,10099.938,0,215.254,2018,4955,1.460,1.050,0.610,2,0,56.066,0,0,10,4,6,14,0
17-12 13:56:56,2.997,4.496,91.917,0.250,0,1256372,128620,182600,6307704,6424.231,1618.547,67.939,1510.643,1.998,11.989,1051,1638,1.460,1.050,0.610,2,0,61.944,0,0,10,4,6,14,0
17-12 13:56:57,21.986,6.995,70.204,0.500,0,1328600,121400,180828,6244764,8711.338,1511.018,207.865,3829.511,8.994,390.746,2205,1973,1.460,1.050,0.610,2,0,21.986,0,0,10,4,6,14,0
17-12 13:56:58,24.422,1.744,73.516,0,0,1351524,118908,180548,6224680,10005.174,1614.863,223.290,207.340,6.978,43.860,982,1122,1.460,1.050,0.610,2,0,0,0,0,10,6,6,14,0
17-12 13:56:59,19.820,5.520,71.504,1.756,0.251,1266256,226308,180324,6203132,8522.220,1625.765,521.850,3669.010,20.071,326.157,3187,5517,1.460,1.050,0.610,2,0,43.153,0,0,10,4,6,16,0
17-12 13:57:00,23.239,2.999,73.464,0,0,1319836,172128,180464,6203592,7321.383,1565.227,551.727,511.747,17.991,6.997,845,1195,1.420,1.050,0.610,2,0,0,0,0,10,4,6,16,0
17-12 13:57:01,22.507,3.751,72.523,0.750,0,1276068,214768,180808,6204280,8166.630,1620.522,704.227,1732.558,78.025,37.012,2016,3180,1.420,1.050,0.610,2,0,16.005,0,0,10,28,6,16,0
17-12 13:57:02,21.553,4.511,73.430,0,0,1344824,146000,180812,6204288,7048.297,1698.167,0,48.118,0,4.010,1189,1553,1.420,1.050,0.610,3,0,31.076,0,0,10,29,6,16,0
17-12 13:57:03,30.666,13.214,55.349,0,0,1337264,153360,180812,6204488,5682.498,1615.593,19.946,11.967,3.989,2.992,2631,5480,1.420,1.050,0.610,3,0,189.483,0,0,10,28,6,17,0
17-12 13:57:04,44.343,6.764,48.853,0,0,1409020,124756,180524,6161996,5813.254,1515.194,8.017,108.228,1.002,7.015,3957,6934,1.420,1.050,0.610,4,0,0,0,0,10,30,5,17,0
17-12 13:57:05,61.450,20.649,17.166,0.249,0.249,1456664,137160,180140,6103184,9073.702,1612.130,816.016,290.581,38.811,32.840,3046,5493,1.470,1.070,0.620,6,0,484.634,0,0,10,28,5,17,0
17-12 13:57:06,82.967,13.325,3.771,0,0,1616580,127152,177308,5959608,7349.347,1629.166,1669.392,4155.378,191.075,481.710,5021,8194,1.470,1.070,0.620,6,0,91.515,0,0,10,31,5,17,0
17-12 13:57:07,67.556,10.470,20.940,0.249,0,1440248,320820,176916,5942976,8337.056,1615.361,921.354,279.198,88.745,25.926,3546,7432,1.470,1.070,0.620,4,0,199.427,0,0,10,30,5,17,0
17-12 13:57:08,24.499,9.750,64.497,0,0,1340736,420044,176932,5943248,8248.678,1565.939,159.994,331.987,8.000,34.999,2287,4042,1.470,1.070,0.620,2,0,109.996,0,0,10,28,5,18,0
17-12 13:57:09,21.752,5.251,72.508,0,0,1295524,465180,176952,5943304,8312.906,1620.177,16.002,180.020,3.000,20.002,1845,3371,1.470,1.070,0.620,3,0,47.005,0,0,10,28,5,20,0
17-12 13:57:10,20.990,4.998,73.215,0,0,1360284,400416,176952,5943308,8232.114,1661.216,0,115.945,0,7.996,1175,1594,1.430,1.070,0.620,2,0,20.990,0,0,10,29,5,20,0
17-12 13:57:11,17.013,12.009,69.301,0.751,0,1296800,463860,176964,5943336,6115.495,1513.112,208.153,1188.874,9.007,86.063,2954,4796,1.430,1.070,0.620,3,0,168.124,0,0,10,28,5,23,0
17-12 13:57:12,9.255,22.513,68.538,0,0,1298060,462404,176968,5943528,5158.879,1694.946,0,172.096,0,11.006,2435,3049,1.430,1.070,0.620,2,0,297.166,0,0,10,28,5,22,0
17-12 13:57:13,46.062,28.538,25.284,0,0,1464004,296348,176968,5943640,11023.871,1696.288,80.108,48.065,1.001,12.016,2845,4713,1.430,1.070,0.620,5,0,574.775,0,0,10,28,5,22,0
17-12 13:57:14,84.990,11.999,3.000,0,0,1634116,126024,176976,5943844,6592.202,1619.804,0,139.983,0,12.998,3912,9109,1.430,1.070,0.620,6,0,0,0,0,10,29,5,23,0
17-12 13:57:15,79.262,13.502,6.001,0,0,1440408,319536,176984,5944032,8433.299,1640.253,0,484.075,0,57.009,4239,10783,1.640,1.110,0.640,5,0,142.022,0,0,10,28,5,24,0
17-12 13:57:16,79.990,14.498,4.749,0,0,1632488,127012,176984,5944476,6842.131,1619.794,0,195.975,0,12.998,3221,7084,1.640,1.110,0.640,8,0,167.979,0,0,10,29,5,24,0
17-12 13:57:17,77.509,13.502,9.001,0.250,0,1506436,252848,176996,5944680,8960.048,1512.177,0,300.035,0,22.003,4895,12325,1.640,1.110,0.640,4,0,150.018,0,0,10,28,5,24,0
17-12 13:57:18,41.898,10.973,44.891,0,0,1384992,374212,177004,5944752,9827.100,1616.070,0,335.185,0,26.934,2969,5535,1.640,1.110,0.640,5,0,147.641,0,0,10,28,5,24,0
17-12 13:57:19,44.359,12.030,43.607,0,0,1374968,384068,177008,5944916,6048.838,1698.166,0,264.649,0,26.064,3408,7330,1.640,1.110,0.640,5,0,269.661,0,0,10,29,5,24,0
17-12 13:57:20,69.272,10.753,19.756,0,0,1497396,261588,177012,5944964,10064.231,1620.520,0,192.062,0,9.003,2312,3374,1.830,1.160,0.660,5,0,109.035,0,0,10,29,5,23,0
17-12 13:57:21,63.227,14.994,21.492,0,0,1401468,356632,177156,5945704,10556.094,1939.282,699.741,703.740,8.997,55.979,3955,9504,1.830,1.160,0.660,5,0,258.904,0,0,10,28,6,26,0
17-12 13:57:22,83.474,8.997,7.498,0,0,1571112,186784,177156,5945908,6275.036,1693.470,0,175.945,0,7.997,4468,8027,1.830,1.160,0.660,4,0,0,0,0,10,32,6,27,0
17-12 13:57:23,62.856,13.968,22.449,0,0,1409152,348556,177164,5946088,11020.817,1616.307,0,431.015,0,39.909,4450,9316,1.830,1.160,0.660,5,0,323.261,0,0,10,28,6,28,0
17-12 13:57:24,64.864,6.261,29.552,0.250,0,1504784,252808,177172,5946164,6247.959,1576.766,0,248.436,0,24.042,3722,8561,1.830,1.160,0.660,12,0,0,0,0,10,29,6,31,1
17-12 13:57:25,64.056,15.263,19.767,0.250,0,1475368,280932,177196,5947432,8927.758,1621.409,1084.943,3795.298,11.010,232.202,3171,6168,1.920,1.190,0.670,3,0,299.260,0,0,10,28,6,32,0
17-12 13:57:26,58.588,13.961,27.175,0,0,1321492,434784,177204,5947448,6663.575,1699.301,0,267.261,0,22.937,5547,11402,1.920,1.190,0.670,5,0,286.209,0,0,10,28,6,32,0
17-12 13:57:27,68.690,7.019,24.819,0,0,1504100,251928,177212,5947688,5394.949,1698.707,0,188.522,0,9.025,1844,2899,1.920,1.190,0.670,4,0,0,0,0,10,30,6,33,0
17-12 13:57:28,64.496,9.499,26.498,0,0,1429552,325920,177228,5948228,10159.401,1767.896,0,415.975,0,36.998,3162,7854,1.920,1.190,0.670,4,0,111.993,0,0,10,28,6,30,0
17-12 13:57:29,61.002,10.500,27.751,0,0,1439404,315864,177236,5948424,8772.272,1620.050,0,320.010,0,34.001,4488,9394,1.920,1.190,0.670,8,0,88.003,0,0,10,29,6,32,1
17-12 13:57:30,78.500,19.500,1.750,0,0,1547896,207296,177240,5948464,6122.976,1619.994,0,259.999,0,20.000,2473,3937,2.170,1.260,0.700,5,0,345.999,0,0,10,28,6,33,0
17-12 13:57:31,81.499,15.000,3.500,0,0,1474864,280108,177244,5948680,9067.846,1457.975,0,619.989,0,49.999,5241,10457,2.170,1.260,0.700,7,0,245.996,0,0,10,28,6,33,0
17-12 13:57:32,82.497,15.250,2.000,0,0,1605180,149588,177252,5948876,10278.681,1619.950,0,1235.962,0,23.999,3157,5163,2.170,1.260,0.700,6,0,235.993,0,0,10,29,6,30,0
17-12 13:57:33,75.007,17.502,6.001,0.250,0,1500324,254208,177260,5949104,9894.970,1620.159,0,344.034,0,24.002,5992,14233,2.170,1.260,0.700,7,0,320.031,0,0,10,29,6,30,0
17-12 13:57:34,56.500,24.250,17.750,0,0,1451056,303292,177264,5949284,10687.989,1619.998,0,204.000,0,10.000,3988,8487,2.170,1.260,0.700,4,0,628.999,0,0,10,28,6,30,0
17-12 13:57:35,22.495,26.244,48.739,0,0,1314996,439256,177268,5949376,5444.813,1619.647,0,203.956,0,11.997,4363,7873,2.230,1.290,0.710,4,0,603.868,0,0,10,28,6,30,0
17-12 13:57:36,22.503,30.755,45.507,0,0,1369072,385156,177272,5949396,9053.367,1694.256,4.001,40.006,1.000,10.002,3204,5380,2.230,1.290,0.710,6,0,684.103,0,0,10,28,6,30,0
17-12 13:57:37,78.000,19.500,2.500,0,0,1561412,192764,177280,5949440,9595.990,1693.998,4.000,5979.994,1.000,200.000,3757,7430,2.230,1.290,0.710,8,0,412.000,0,0,10,29,6,31,0
17-12 13:57:38,75.750,21.500,2.750,0.500,0,1467528,285416,177292,5950668,11669.035,1458.004,1072.003,748.002,17.000,57.000,5437,11419,2.230,1.290,0.710,7,0,447.001,0,0,10,28,6,32,0
17-12 13:57:39,84.500,14.250,1.000,0,0,1598412,154212,177308,5950972,9883.990,1619.998,160.000,236.000,12.000,15.000,3615,6385,2.230,1.290,0.710,7,0,159.000,0,0,10,28,6,32,0
17-12 13:57:40,82.303,13.717,4.240,0,0,1673372,131036,176276,5901308,14717.751,4458.322,191.541,3375.915,42.897,350.161,5692,11031,2.540,1.360,0.740,8,0,70.830,0,0,10,32,6,32,0
17-12 13:57:41,84.450,10.776,4.009,0.251,0,1616564,212484,175780,5876948,8374.823,1798.256,64.152,3476.228,14.033,211.501,6139,15173,2.540,1.360,0.740,10,0,62.147,0,0,10,30,6,32,0
17-12 13:57:42,82.501,14.750,2.500,0,0,1493312,334884,175856,5877712,4911.059,1620.019,0,1084.013,0,55.001,4201,10841,2.540,1.360,0.740,7,0,100.001,0,0,10,29,6,32,0
17-12 13:57:43,81.751,15.250,2.750,0,0,1620372,207064,175872,5878336,5786.075,1694.022,4.000,776.010,1.000,17.000,10678,26503,2.540,1.360,0.740,8,0,42.001,0,0,10,29,6,32,0
17-12 13:57:44,81.500,11.000,6.000,0,0,1586464,240096,175920,5879008,34470.862,5728.977,0,1571.994,0,23.000,4918,14137,2.540,1.360,0.740,6,1,90.000,0,0,10,33,6,33,0
17-12 13:57:45,82.746,12.499,4.500,0,0,1548204,277608,176032,5879632,234541.680,9217.594,0,1395.939,0,64.997,5251,14887,2.810,1.440,0.770,8,0,110.995,0,0,10,31,6,31,0
17-12 13:57:46,85.843,11.729,2.246,0,0,1641780,183272,176064,5880356,457432.356,14379.700,0,1836.641,0,68.874,4450,10527,2.810,1.440,0.770,8,0,88.838,0,0,10,32,6,31,0
17-12 13:57:47,85.709,10.245,3.748,0.250,0,1551092,273504,176148,5880684,23756.621,6510.881,0,1143.452,0,65.968,4504,12858,2.810,1.440,0.770,8,0,92.955,0,0,10,31,6,31,0
17-12 13:57:48,83.445,14.283,1.754,0,0,1601880,221808,176252,5881332,66426.105,6235.560,0,930.172,0,44.103,4300,7544,2.810,1.440,0.770,8,0,97.227,0,0,10,32,6,32,0
17-12 13:57:49,82.247,11.750,6.000,0,0,1640172,182212,176260,5882620,14146.505,3706.870,4.000,455.984,1.000,27.999,7203,14687,2.810,1.440,0.770,7,0,39.999,0,0,10,33,6,34,0
17-12 13:57:50,84.501,13.500,1.500,0,0,1567672,247756,176452,5888452,5332.043,1794.014,80.001,1148.009,2.000,36.000,2817,6755,3.150,1.530,0.800,8,0,253.002,0,0,10,31,6,34,0
17-12 13:57:51,85.789,11.472,2.993,0,0,1646356,168640,176528,5888608,13932.670,4893.941,0,1400.549,0,53.867,4942,8873,3.150,1.530,0.800,6,0,31.921,0,0,10,32,6,34,0
17-12 13:57:52,74.935,13.283,11.027,0,0,1428556,385840,176644,5889088,26349.214,7098.569,0,1259.116,0,64.159,5763,12620,3.150,1.530,0.800,6,0,159.395,0,0,10,31,6,41,0
17-12 13:57:53,82.753,14.501,3.000,0,0,1580272,233716,176752,5889316,26542.956,6682.241,0,960.035,0,46.002,4411,8357,3.150,1.530,0.800,6,0,49.002,0,0,10,30,6,41,0
17-12 13:57:54,79.499,12.000,8.000,0,0,1615108,198372,176876,5889668,23719.763,6499.935,0,1271.987,0,83.999,4799,11783,3.150,1.530,0.800,7,0,31.000,0,0,10,31,6,42,0
17-12 13:57:55,80.791,13.007,5.753,0,0,1497260,315784,177040,5889892,30624.710,7369.781,8.004,1436.737,2.001,79.041,3498,8700,3.460,1.620,0.830,7,0,262.134,0,0,10,30,6,42,0
17-12 13:57:56,82.963,9.746,6.247,0,0,1592264,220316,177048,5890204,14855.360,3779.311,0,399.821,0,17.992,3322,7604,3.460,1.620,0.830,6,0,12.994,0,0,10,31,6,42,0
17-12 13:57:57,81.740,13.248,4.249,0,0,1551868,253088,177596,5896348,6940.139,1793.778,4.000,1035.872,1.000,26.997,3875,9828,3.460,1.620,0.830,6,0,189.976,0,0,10,30,6,41,0
17-12 13:57:58,81.749,10.750,7.250,0,0,1600112,203532,177696,5897268,11627.907,3974.968,0,1047.992,0,46.000,4365,8545,3.460,1.620,0.830,4,0,71.999,0,0,10,30,6,41,0
17-12 13:57:59,65.193,13.738,20.482,0,0,1516584,286188,177876,5897888,66468.306,7760.264,0,1298.873,0,60.947,4683,8690,3.460,1.620,0.830,6,0,196.829,0,0,10,31,6,41,0
17-12 13:58:00,76.321,11.761,11.260,0,0,1502988,298468,177896,5899144,13878.838,3850.562,0,404.374,0,27.025,6264,11241,3.580,1.680,0.850,5,0,67.062,0,0,10,32,6,41,0
17-12 13:58:01,83.744,11.999,4.250,0,0,1552332,241772,178504,5904776,5303.623,1909.864,0,1827.870,0,66.995,3195,6380,3.580,1.680,0.850,5,0,63.995,0,0,10,34,6,39,0
17-12 13:58:02,73.505,12.751,14.001,0,0,1586744,206560,178588,5905344,35781.362,3938.260,0,640.042,0,20.001,5344,12580,3.580,1.680,0.850,5,0,64.004,0,0,10,35,6,39,0
17-12 13:58:03,77.743,15.749,6.249,0,0,1518100,268544,179064,5910924,11994.860,3407.676,7.999,895.915,1.000,19.998,3589,9619,3.580,1.680,0.850,4,0,170.984,0,0,10,34,6,39,0
17-12 13:58:04,73.345,12.973,13.721,0,0,1443136,341328,179240,5912324,46466.096,4287.965,0,1197.477,0,49.895,4864,9003,3.580,1.680,0.850,6,0,99.790,0,0,10,35,6,39,0
17-12 13:58:05,70.630,13.274,16.280,0.501,0,1507528,276224,179388,5912788,129077.373,10663.610,0,1466.697,0,79.146,3592,6692,3.530,1.700,0.870,5,0,145.267,0,0,10,35,6,39,0
17-12 13:58:06,69.519,14.004,16.004,0.500,0,1510440,217776,179548,5967504,28264722.799,160647.178,4.001,28959.964,1.000,140.039,10497,6902,3.530,1.700,0.870,4,0,158.043,0,0,10,35,6,39,0
17-12 13:58:07,62.215,10.494,26.235,0.750,0,1579496,136640,179508,5979004,13866075.328,75454.123,463.743,26401.347,5.997,714.603,9878,13739,3.530,1.700,0.870,6,0,4.997,0,0,10,36,6,42,0
17-12 13:58:08,75.290,18.009,5.753,0.250,0,1547432,173588,179624,5974072,5653683.491,25116.236,396.209,18769.892,62.033,330.174,4532,39952,3.530,1.700,0.870,4,0,173.091,0,0,10,34,6,43,0
17-12 13:58:09,72.532,11.755,16.007,0,0,1598624,121708,179672,5974652,5497.463,1620.726,0,788.353,0,20.009,6406,13785,3.530,1.700,0.870,4,0,15.007,0,0,10,36,6,43,0
17-12 13:58:10,73.469,17.992,7.997,0,0,1500112,219040,179856,5975612,8279.498,1619.315,0,571.758,0,37.984,3076,7245,3.650,1.760,0.890,4,0,299.873,0,0,10,34,6,43,0
17-12 13:58:11,63.750,9.000,26.500,0.500,0,1374016,312072,180524,6005888,10263.041,1620.006,0,3396.014,0,134.001,4584,9315,3.650,1.760,0.890,4,0,48.000,0,0,10,34,6,41,0
17-12 13:58:12,62.245,13.749,23.498,0.750,0,1488216,130460,181116,6067752,12220.035,1511.881,4.000,78729.780,1.000,489.961,3064,3014,3.650,1.760,0.890,5,0,120.990,0,0,10,34,6,41,0
17-12 13:58:13,60.752,13.250,25.251,0.500,0,1453928,177080,191508,6035924,9124.265,1620.047,16.000,11572.336,3.000,65.002,4060,7528,3.650,1.760,0.890,4,0,94.003,0,0,10,34,6,43,0
17-12 13:58:14,66.755,8.001,24.752,0.250,0,1488924,123924,193284,6049096,5820.425,1620.118,352.026,5288.386,4.000,36.003,1519,1712,3.650,1.760,0.890,5,0,5.000,0,0,10,34,6,43,0
17-12 13:58:15,58.750,13.500,27.000,0.250,0,1364960,335440,193324,5966896,9742.068,1914.013,48.000,2940.021,9.000,53.000,4921,8677,3.600,1.780,0.900,4,0,146.001,0,0,10,32,6,41,0
17-12 13:58:16,72.753,11.500,14.501,0.250,0,1488440,199864,193456,5978856,7128.285,1694.068,1612.064,1444.058,20.001,12.000,3547,6718,3.600,1.780,0.900,4,0,102.004,0,0,10,32,6,41,0
17-12 13:58:17,53.497,22.499,22.999,0.250,0,1362372,322896,193460,5981868,10206.377,1693.897,923.944,1487.909,43.997,70.996,6252,13090,3.600,1.780,0.900,4,0,466.972,0,0,10,32,6,41,0
17-12 13:58:18,46.445,12.735,39.204,0.749,0,1459200,222864,193468,5985064,7421.265,1618.096,3052.407,231.727,59.929,8.989,2775,4577,3.600,1.780,0.900,7,0,191.774,0,0,10,34,6,41,0
17-12 13:58:19,34.038,18.521,45.551,0.250,0,1380948,300944,193468,5985236,8792.769,1621.802,0,420.467,0,44.049,3721,6459,3.600,1.780,0.900,3,0,383.426,0,0,10,32,6,41,0
17-12 13:58:20,44.189,6.990,48.683,0,0,1395456,286076,193472,5985592,8146.749,1509.915,0,295.592,0,23.967,2692,4345,3.470,1.780,0.910,3,0,93.870,0,0,10,32,6,42,0
17-12 13:58:21,43.064,8.262,48.572,0,0,1420228,261096,193472,5985800,6251.302,1716.554,0,212.316,0,10.015,2684,4191,3.470,1.780,0.910,4,0,47.070,0,0,10,33,6,39,0
17-12 13:58:22,45.378,6.483,47.622,0.249,0,1415420,264840,193480,5986856,4727.298,1615.659,0,215.421,0,20.944,2289,5984,3.470,1.780,0.910,4,0,29.920,0,0,10,33,6,39,0
17-12 13:58:23,39.350,13.284,47.120,0,0,1390748,289252,193484,5987112,9435.059,1570.004,0,280.716,0,21.054,3042,6718,3.470,1.780,0.910,5,0,281.718,0,0,10,33,6,37,0
17-12 13:58:24,21.922,7.972,69.753,0,0,1352476,327424,193484,5987212,9644.800,1688.014,0,203.279,0,8.968,2294,3751,3.470,1.780,0.910,3,0,122.565,0,0,10,32,6,37,0
17-12 13:58:25,23.025,3.003,73.328,0,0,1318492,361392,193488,5987224,9432.045,1621.727,0,224.239,0,21.022,1696,2748,3.270,1.770,0.910,2,0,12.013,0,0,10,32,6,37,0
17-12 13:58:26,18.248,6.999,72.741,0,0,1368084,311800,193488,5987224,7572.076,1585.807,0,139.983,0,6.999,1335,1655,3.270,1.770,0.910,3,0,78.990,0,0,10,32,6,33,0
17-12 13:58:27,18.277,8.012,72.609,0.250,0,1314428,365444,193492,5987232,8778.132,1622.427,0,244.366,0,23.034,2099,3637,3.270,1.770,0.910,2,0,74.111,0,0,10,32,6,33,0
17-12 13:58:28,22.474,3.746,73.166,0,0,1380436,299420,193492,5987248,8418.327,1618.141,0,107.876,0,5.993,1102,1389,3.270,1.770,0.910,2,0,24.971,0,0,10,33,6,31,0
17-12 13:58:29,19.497,6.999,71.741,0.750,0,1324628,355084,193496,5987388,5441.282,1619.786,0,1463.807,0,104.986,2771,4898,3.270,1.770,0.910,3,0,93.988,0,0,10,32,6,31,0
17-12 13:58:30,22.749,3.250,73.248,0,0,1382572,297124,193496,5987404,5483.830,1565.951,0,75.998,0,7.000,1083,1659,3.090,1.760,0.910,3,0,0,0,0,10,33,6,27,0
17-12 13:58:31,22.545,4.259,72.896,0,0,1346536,333128,193504,5987428,9526.071,1623.250,0,248.497,0,21.042,1842,4475,3.090,1.760,0.910,2,0,31.062,0,0,10,32,6,27,0
17-12 13:58:32,22.952,3.243,73.098,0,0,1381804,297848,193504,5987440,8762.738,1690.477,0,0,0,0,1685,3377,3.090,1.760,0.910,2,0,0,0,0,10,33,6,27,0
17-12 13:58:33,15.268,14.767,68.831,0,0,1315332,363992,193504,5987768,10223.053,1513.785,0,4.005,0,1.001,2237,3443,3.090,1.760,0.910,3,0,207.244,0,0,10,32,6,27,0
17-12 13:58:34,22.479,19.482,57.197,0.250,0,1385212,294088,193516,5987780,6597.884,1618.500,99.907,427.604,5.994,27.974,2470,3636,3.090,1.760,0.910,3,0,278.742,0,0,10,32,5,29,0
17-12 13:58:35,43.845,5.762,48.355,2.505,0,1502664,172652,193656,5991612,9769.140,1623.513,1443.123,6029.047,33.072,550.191,4430,6573,3,1.760,0.910,3,1,35.076,0,0,10,36,5,29,0
17-12 13:58:36,37.543,6.758,41.798,12.014,0,1415744,253544,194320,5996912,10772.270,1621.847,0,45455.774,0,3956.506,18400,31534,3,1.760,0.910,7,1,115.131,0,0,10,36,5,29,0
17-12 13:58:37,42.356,7.973,44.349,5.980,0,1443080,225816,194528,5997080,6870.660,1614.515,0,26920.551,0,2248.362,9285,17763,3,1.760,0.910,4,0,27.905,0,0,10,32,5,29,0
17-12 13:58:38,45.385,4.263,48.896,0.752,0,1437572,231208,194556,5997168,9053.945,1570.674,0,5432.166,0,601.791,3965,5733,3,1.760,0.910,2,1,2.006,0,0,10,34,5,27,0
17-12 13:58:39,39.469,6.995,45.964,5.995,0,1437380,230728,194736,5997656,8816.079,1618.729,0,16602.967,0,2298.196,14350,24453,3,1.760,0.910,2,0,13.989,0,0,10,32,5,27,0
17-12 13:58:40,24.950,6.736,67.115,0.249,0,1396508,271588,194740,5997664,5724.517,1508.973,0,2566.851,0,153.692,1691,2520,2.840,1.750,0.920,2,0,86.826,0,0,10,32,5,27,0
17-12 13:58:41,24.001,1.750,73.252,0,0,1439092,229000,194744,5997664,9980.299,1620.049,0,444.013,0,35.001,1033,1294,2.840,1.750,0.920,2,0,3.000,0,0,10,32,5,27,0
17-12 13:58:42,22.250,4.000,73.000,0.250,0,1409004,259060,194748,5997684,10300.041,1694.007,0,6312.025,0,318.001,1370,2128,2.840,1.750,0.920,2,0,1.000,0,0,10,32,5,27,0
17-12 13:58:43,23.496,6.249,70.240,0.500,0,1358000,309872,194756,5997712,9746.548,1693.748,0,163431.649,0,829.876,2540,1979,2.840,1.750,0.920,2,0,3.000,0,0,10,32,5,27,0
17-12 13:58:44,22.002,3.500,73.508,0,0,1436372,231500,194756,5997712,7342.815,1620.180,0,0,0,0,964,1108,2.840,1.750,0.920,2,0,2.000,0,0,10,32,5,27,0
17-12 13:58:45,23.045,2.254,74.143,0,0,1360944,306848,194756,5997780,5756.121,1697.279,0,0,0,0,824,977,2.690,1.740,0.920,1,0,1.002,0,0,10,32,5,27,0
17-12 13:58:46,22.455,3.243,73.851,0,0,1433520,234272,194756,5997780,11098.625,1455.067,0,0,0,0,970,1131,2.690,1.740,0.920,2,0,1.996,0,0,10,32,5,26,0
17-12 13:58:47,22.752,2.750,73.756,0,0,1385300,282404,194756,5997868,13056.136,1662.145,0,0,0,0,976,1071,2.690,1.740,0.920,2,0,1.000,0,0,10,32,5,26,0
17-12 13:58:48,23.552,4.009,72.409,0,0,1402296,265532,194756,5997900,8135.875,1623.567,0,30599.227,0,76.167,1306,1509,2.690,1.740,0.920,2,0,1.002,0,0,10,32,5,26,0
17-12 13:58:49,23.450,1.996,73.342,0,0,1354684,313164,194760,5997928,12454.199,1690.362,0,1393.002,0,37.918,1204,1592,2.690,1.740,0.920,2,0,2.994,0,0,10,32,5,26,0
17-12 13:58:50,23.798,3.257,72.896,0,0,1353748,314068,194760,5997960,9950.942,1623.253,0,0,0,0,925,1078,2.560,1.720,0.920,2,0,7.014,0,0,10,32,5,23,0
17-12 13:58:51,22.705,2.994,73.354,0,0,1422688,245128,194760,5997960,10689.791,1842.345,0,319.366,0,9.980,1090,1335,2.560,1.720,0.920,2,0,2.994,0,0,10,32,6,23,0
17-12 13:58:52,20.491,5.747,73.217,0,0,1349992,317824,194760,5997960,9784.607,1693.240,0,0,0,0,1345,1702,2.560,1.720,0.920,2,0,80.964,0,0,10,32,6,16,0
17-12 13:58:53,8.254,21.511,69.285,0,0,1346740,320920,194760,5998116,6130.132,1500.767,0,532.272,0,7.004,2439,3471,2.560,1.720,0.920,4,0,297.152,0,0,10,32,6,16,0
17-12 13:58:54,9.741,20.731,69.188,0,0,1346480,320992,194760,5998304,9811.150,1692.473,0,447.596,0,6.994,2488,3450,2.560,1.720,0.920,2,0,282.745,0,0,10,32,6,15,0
17-12 13:58:55,8.768,19.540,70.145,0,0,1343396,323788,194760,5998592,8102.773,1623.360,108.224,272.564,6.012,5.010,2419,3323,2.430,1.710,0.920,3,0,265.550,0,0,10,32,6,15,0
17-12 13:58:56,7.746,20.490,69.718,0,0,1345804,321356,194760,5998616,9625.534,1703.210,0,0,0,0,2458,3360,2.430,1.710,0.920,2,0,276.872,0,0,10,32,6,15,0
17-12 13:58:57,16.238,10.742,72.198,0,0,1386720,280428,194760,5998624,9061.512,1692.788,0,115.917,0,1.999,1592,2175,2.430,1.710,0.920,2,0,113.918,0,0,10,32,6,15,0
17-12 13:58:58,22.750,3.000,74.000,0,0,1440664,226500,194760,5998608,10820.011,1768.002,0,16.000,0,1.000,961,1134,2.430,1.710,0.920,2,0,2.000,0,0,10,32,6,15,0
17-12 13:58:59,23.295,3.256,73.391,0.501,0,1399232,267900,194772,5998628,9184.681,1623.125,0,496.957,0,39.075,1075,1577,2.430,1.710,0.920,4,0,1.002,0,0,10,32,6,15,0
17-12 13:59:00,23.206,1.497,73.860,0,0,1343460,323664,194772,5998632,5194.131,1455.235,0,27.947,0,2.994,779,1009,2.320,1.700,0.920,2,0,2.994,0,0,10,32,6,15,0
17-12 13:59:01,23.000,4.500,73.501,0,0,1423856,243280,194772,5998620,7865.055,1620.011,0,0,0,0,917,1127,2.320,1.700,0.920,2,0,3.000,0,0,10,32,6,15,0
17-12 13:59:02,23.294,2.755,74.140,0,0,1363796,303328,194772,5998632,14337.140,1623.072,0,12.023,0,1.002,881,1036,2.320,1.700,0.920,2,0,1.002,0,0,10,32,6,15,0
17-12 13:59:03,26.187,5.986,67.836,0,0,1422780,244332,194772,5998468,20451.609,1616.097,0,0,0,0,1621,4096,2.320,1.700,0.920,1,0,35.913,0,0,10,32,6,16,0
17-12 13:59:04,22.252,2.500,73.256,0,0,1373044,294048,194772,5998664,15913.209,1620.123,0,24.002,0,2.000,957,1026,2.320,1.700,0.920,2,0,1.000,0,0,10,32,6,15,0
17-12 13:59:05,23.501,2.250,74.002,0,0,1429000,238104,194772,5998652,13883.417,1662.050,0,60.002,0,4.000,942,1050,2.210,1.690,0.920,2,0,2.000,0,0,10,32,6,15,0
17-12 13:59:06,22.732,2.998,73.941,0,0,1398420,268672,194772,5998664,13829.881,1618.699,0,3.997,0,0.999,849,1031,2.210,1.690,0.920,2,0,0.999,0,0,10,32,6,14,0
17-12 13:59:07,22.761,3.252,73.787,0,0,1428428,238684,194772,5998640,10265.102,1660.825,0,24.012,0,1.000,816,989,2.210,1.690,0.920,2,0,2.001,0,0,10,32,6,14,0
17-12 13:59:08,22.257,3.501,73.772,0,0,1389432,277744,194772,5998576,9464.830,1566.468,0,40.012,0,2.001,879,1086,2.210,1.690,0.920,2,0,1.000,0,0,10,32,6,14,0
17-12 13:59:09,23.249,2.750,73.247,0.250,0,1317448,349620,194776,5998676,8989.667,1619.940,0,3007.889,0,165.994,1380,1645,2.210,1.690,0.920,2,0,3.000,0,0,10,32,6,10,0
17-12 13:59:10,22.757,3.501,73.521,0,0,1337572,329496,194776,5998676,10198.917,1620.463,0,12.003,0,1.000,844,1115,2.120,1.680,0.920,2,0,1.000,0,0,10,32,6,10,0
17-12 13:59:11,22.999,3.000,73.997,0,0,1417980,249108,194776,5998656,8806.639,1619.934,0,4.000,0,1.000,1026,1216,2.120,1.680,0.920,2,0,3.000,0,0,10,32,6,8,0
17-12 13:59:12,23.002,1.750,74.008,0,0,1364408,302660,194776,5998676,10750.150,1620.173,0,24.003,0,2.000,940,1053,2.120,1.680,0.920,2,0,1.000,0,0,10,32,6,8,0
17-12 13:59:13,23.496,2.999,73.736,0,0,1352600,314468,194776,5998676,8026.483,1693.680,0,19.996,0,1.000,896,1030,2.120,1.680,0.920,2,0,1.000,0,0,10,32,6,6,0
17-12 13:59:14,22.808,3.008,73.688,0,0,1431992,235088,194776,5998664,13893.414,1515.864,0,60.153,0,1.003,941,1075,2.120,1.680,0.920,2,0,2.005,0,0,10,32,6,6,0
17-12 13:59:15,16.748,9.999,71.491,0.250,0,1342216,324848,194788,5998668,12723.397,1565.803,0,4047.490,0,194.975,2100,3245,2.030,1.660,0.920,4,0,173.978,0,0,10,32,6,4,0
17-12 13:59:16,11.472,17.956,69.079,0,0,1348348,318664,194788,5998720,6817.121,1615.999,0,119.704,0,5.985,2328,3248,2.030,1.660,0.920,3,0,285.294,0,0,10,32,6,4,0
17-12 13:59:17,23.754,2.751,73.764,0,0,1421416,245584,194788,5998732,8737.625,1620.301,0,8.001,0,1.000,922,1089,2.030,1.660,0.920,4,0,0,0,0,10,32,6,4,0
17-12 13:59:18,22.999,2.750,73.998,0,0,1373732,293028,194788,5998968,13674.658,1619.960,0,4.000,0,1.000,957,1110,2.030,1.660,0.920,4,0,9.000,0,0,10,32,6,4,0
17-12 13:59:19,22.540,3.757,72.628,0.250,0,1337152,329800,194792,5998972,9938.551,1622.866,0,3758.638,0,119.211,1354,1768,2.030,1.660,0.920,3,0,30.053,0,0,10,32,6,4,0
17-12 13:59:20,8.251,22.753,67.758,0,0,1342804,324036,194792,5999084,9922.161,1620.190,4.000,132.015,1.000,7.001,2586,3628,2.020,1.670,0.920,2,0,330.039,0,0,10,32,6,4,0
17-12 13:59:21,7.497,21.991,68.472,0.250,0,1345492,321332,194796,5999096,15394.642,1605.337,0,523.784,0,18.992,2610,3627,2.020,1.670,0.920,5,0,280.884,0,0,10,32,6,3,0
17-12 13:59:22,10.239,19.729,69.428,0,0,1337928,328872,194796,5999116,9898.666,1618.310,0,199.791,0,2.997,2488,3363,2.020,1.670,0.920,3,0,286.701,0,0,10,32,6,3,0
17-12 13:59:23,9.252,21.254,68.513,0.250,0,1335604,331168,194800,5999136,10532.064,1714.336,4.001,96.019,1.000,3.001,2517,3479,2.020,1.670,0.920,2,0,297.058,0,0,10,32,6,3,0
17-12 13:59:24,9.763,20.277,68.592,0,0,1343852,322896,194800,5999160,6809.172,1696.285,0,849.144,0,11.015,2437,3337,2.020,1.670,0.920,2,0,297.401,0,0,10,32,6,3,0
17-12 13:59:25,8.981,21.205,69.105,0,0,1336848,329896,194800,5999164,10804.257,1616.597,0,734.454,0,7.983,2544,3488,1.860,1.640,0.920,3,0,322.322,0,0,10,32,6,3,0
17-12 13:59:26,8.996,21.240,68.718,0,0,1343512,323208,194800,5999188,8382.060,1693.204,0,935.560,0,10.995,2462,3344,1.860,1.640,0.920,2,0,291.863,0,0,10,32,6,3,0
17-12 13:59:27,8.763,20.782,69.106,0,0,1343432,323272,194800,5999204,7151.985,1622.492,0,644.991,0,7.011,2377,3276,1.860,1.640,0.920,3,0,287.442,0,0,10,32,6,3,0
17-12 13:59:28,7.509,20.524,70.081,0,0,1346148,320540,194800,5999220,10824.502,1555.797,0,300.347,0,4.005,2381,3217,1.860,1.640,0.920,4,0,269.311,0,0,10,32,6,3,0
17-12 13:59:29,8.741,20.479,70.179,0,0,1344636,322028,194800,5999244,6355.530,1618.353,0,131.866,0,7.992,2337,3279,1.860,1.640,0.920,2,0,266.728,0,0,10,32,6,3,0
17-12 13:59:30,7.503,20.007,70.526,0,0,1347660,318996,194800,5999252,9370.495,1640.612,0,104.039,0,6.002,2376,3215,1.710,1.610,0.910,2,0,267.100,0,0,10,32,6,3,0
17-12 13:59:31,8.994,19.986,69.203,0,0,1344260,322196,194800,5999452,8537.161,1692.842,175.880,299.795,4.997,7.995,2441,3337,1.710,1.610,0.910,2,0,268.816,0,0,10,32,6,3,0
17-12 13:59:32,9.004,22.011,68.284,0,0,1345672,320772,194800,5999464,6915.451,1694.846,0,32.016,0,8.004,2408,3256,1.710,1.610,0.910,1,0,286.143,0,0,10,32,6,3,0
17-12 13:59:33,8.493,20.484,69.445,0,0,1345004,321428,194800,5999476,10093.995,1618.716,0,23.981,0,5.995,2479,3344,1.710,1.610,0.910,2,0,287.772,0,0,10,32,6,3,0
17-12 13:59:34,21.283,23.035,54.834,0.250,0.250,1364640,298260,194812,6002992,11755.020,1696.601,3473.325,336.516,54.083,18.028,3253,4921,1.710,1.610,0.910,4,0,460.706,0,0,10,32,6,5,0
17-12 13:59:35,48.282,30.270,20.514,0.250,0,1482000,180896,194820,6003032,11617.679,1513.000,144.095,1040.688,9.006,57.038,3516,6925,1.740,1.620,0.920,4,0,789.522,0,0,10,32,6,7,0
17-12 13:59:36,75.981,19.245,3.499,1.000,0,1627140,127656,194540,5909752,8270.924,1619.593,1063.733,11093.216,20.995,681.829,10487,6312,1.740,1.620,0.920,5,0,126.968,0,0,10,36,6,7,2
17-12 13:59:37,53.751,14.000,22.250,8.250,0,1593288,181260,194620,5890252,9943.099,1620.016,92.001,74476.745,3.000,5778.058,23500,41194,1.740,1.620,0.920,4,0,197.002,0,0,10,36,6,9,0
17-12 13:59:38,58.535,14.259,17.761,7.505,0,1641004,119428,195460,5903420,9704.881,1715.039,68.041,94357.180,1.001,6864.160,21229,44044,1.740,1.620,0.920,5,1,106.064,0,0,10,37,6,9,0
17-12 13:59:39,55.202,15.736,23.480,6.245,0,1593428,179524,195652,5891088,7521.509,1618.603,3.997,72581.362,0.999,5678.100,21067,39303,1.740,1.620,0.920,3,0,158.863,0,0,10,36,6,9,0
17-12 13:59:40,40.252,16.001,31.001,10.750,0,1554780,208484,195932,5900412,8196.377,1620.075,0,72295.326,0,5400.248,23871,40409,1.840,1.640,0.930,1,1,233.011,0,0,10,35,6,11,0
17-12 13:59:41,35.980,10.744,41.227,12.243,0,1492548,267452,196128,5903476,9018.058,1619.113,0,52671.136,0,4455.558,20511,36819,1.840,1.640,0.930,5,0,84.953,0,0,10,34,6,21,0
17-12 13:59:42,38.309,7.511,40.562,12.018,0,1555500,204044,196412,5903640,8984.729,1514.314,0,43101.860,0,3842.872,18312,29778,1.840,1.640,0.930,2,1,39.060,0,0,10,34,6,21,0
17-12 13:59:43,39.200,6.492,42.446,10.237,0,1556084,201020,196704,5905780,9731.709,1617.957,0,48326.963,0,4132.780,20980,36864,1.840,1.640,0.930,3,0,41.947,0,0,10,34,6,27,0
17-12 13:59:44,35.266,8.754,41.268,11.505,0,1543900,212096,196844,5906740,6893.040,1620.715,0,48969.596,0,4187.847,18354,31571,1.840,1.640,0.930,1,1,110.049,0,0,10,34,6,27,0
17-12 13:59:45,41.753,6.250,42.253,8.501,0,1556176,197732,196928,5908740,10996.704,1620.104,0,38758.481,0,3501.224,17498,31875,1.770,1.630,0.930,6,0,42.003,0,0,10,35,6,29,0
17-12 13:59:46,36.256,8.751,43.007,10.752,0,1534428,215900,197012,5912204,7849.303,1694.281,0,47387.866,0,4133.686,18983,32772,1.770,1.630,0.930,4,0,84.014,0,0,10,36,6,31,0
17-12 13:59:47,36.963,8.242,42.707,12.737,0,1556044,190224,197188,5916080,6010.977,1638.358,0,58409.474,0,4745.245,22268,38374,1.770,1.630,0.930,3,1,59.940,0,0,10,37,6,35,0
17-12 13:59:48,36.000,10.000,41.500,11.500,0,1519448,223228,197264,5919564,6620.007,1620.002,0,51828.052,0,4649.005,21201,37226,1.770,1.630,0.930,8,0,157.000,0,0,10,36,6,37,0
17-12 13:59:49,37.157,9.227,42.643,10.224,0,1556844,183412,197448,5921792,13213.886,1615.950,0,41938.901,0,4124.664,18425,33082,1.770,1.630,0.930,7,0,41.895,0,0,10,36,6,39,0
17-12 13:59:50,36.404,11.220,41.141,11.470,0,1547388,198244,197540,5916328,8411.801,1508.020,0,54831.300,0,4847.208,20195,36638,1.870,1.660,0.940,2,1,60.839,0,0,10,36,6,39,0
17-12 13:59:51,36.970,13.078,44.767,4.275,0,1390044,355328,197548,5916572,9317.532,1629.713,0,17584.805,0,1512.012,8997,14383,1.870,1.660,0.940,2,0,222.325,0,0,10,32,6,40,0
17-12 13:59:52,23.912,7.472,67.501,1.494,0,1442772,302544,197548,5916624,7300.114,1614.055,0,8309.396,0,463.294,3010,4631,1.870,1.660,0.940,2,0,69.743,0,0,10,33,6,40,0
17-12 13:59:53,20.567,5.016,72.739,0,0,1407728,337564,197548,5916648,11350.229,1625.331,0,509.672,0,32.105,2163,3757,1.870,1.660,0.940,2,0,43.142,0,0,10,32,6,40,0
17-12 13:59:54,23.708,3.244,72.620,0,0,1436700,308584,197548,5916656,9649.737,1690.975,0,367.343,0,19.964,1575,3295,1.870,1.660,0.940,3,0,0,0,0,10,33,6,41,0
17-12 13:59:55,11.996,17.745,69.729,0.250,0,1376480,368784,197552,5916672,5028.476,1565.526,0,495.850,0,32.990,2220,2995,1.800,1.650,0.940,2,0,223.932,0,0,10,32,6,41,0
17-12 13:59:56,8.765,20.534,68.365,0,0.250,1380648,364508,197552,5916812,12465.930,1588.667,0,420.706,0,19.032,2407,3078,1.800,1.650,0.940,2,0,279.469,0,0,10,32,6,41,0
17-12 13:59:57,30.268,21.513,47.029,0.250,0,1450884,294232,197552,5916856,10613.442,1620.984,4.002,3814.315,1.001,312.189,3528,4961,1.800,1.650,0.940,3,0,373.227,0,0,10,32,6,47,0
17-12 13:59:58,67.510,9.001,24.253,0,0,1647648,128980,197540,5885872,7591.093,1620.233,0,512.074,0,8.001,1453,1411,1.800,1.650,0.940,3,0,3.000,0,0,10,32,6,47,0
17-12 13:59:59,64.745,9.499,23.998,1.750,0,1771236,123580,197572,5770664,9578.243,1661.869,2167.829,8199.352,116.991,502.960,3903,5103,1.800,1.650,0.940,4,0,14.999,0,0,10,38,6,47,0
17-12 14:00:00,31.749,7.500,42.999,15.000,0,1771624,125380,197664,5768396,8637.827,1619.968,0,84846.303,0,6747.865,30224,49135,1.970,1.680,0.960,3,1,257.995,0,0,10,38,6,47,0
17-12 14:00:01,36.511,10.253,36.261,14.754,0,1772196,129676,197808,5763408,9312.757,1620.480,0,105743.300,0,8589.543,39254,64381,1.970,1.680,0.960,3,1,211.062,0,0,10,38,6,47,0
17-12 14:00:02,36.258,7.752,40.259,13.503,0,1636616,255816,197888,5772604,8305.836,1620.358,0,67846.994,0,5664.252,21527,38854,1.970,1.680,0.960,4,1,258.057,0,0,10,36,6,47,0
17-12 14:00:03,50.227,10.995,27.237,11.245,0,1695316,187520,197920,5781844,8308.137,1531.288,0,74905.169,0,5414.482,23937,40909,1.970,1.680,0.960,1,1,118.945,0,0,10,36,6,48,0
17-12 14:00:04,41.021,13.007,31.266,17.509,0,1751900,133436,197996,5778964,10120.101,1620.817,0,96440.606,0,6695.374,29074,45563,1.970,1.680,0.960,4,2,35.018,0,0,10,36,5,47,0
17-12 14:00:05,48.721,10.994,28.733,13.492,0,1650204,246512,198036,5767828,10162.055,1619.053,0,84478.580,0,6589.145,25654,43476,2.620,1.820,1.010,2,1,173.898,0,0,10,36,5,47,0
17-12 14:00:06,25.998,12.499,59.495,0.750,0,1385028,511580,198048,5767880,10300.135,1661.860,0,8599.278,0,527.956,3228,4653,2.620,1.820,1.010,3,0,191.984,0,0,10,32,5,47,0
17-12 14:00:07,19.001,8.000,72.004,0.500,0,1438928,457656,198048,5767904,9277.529,1620.092,0,8516.485,0,355.020,2065,2674,2.620,1.820,1.010,2,0,58.003,0,0,10,32,5,47,0
17-12 14:00:08,21.728,3.496,73.176,0,0,1496384,400200,198048,5767904,9205.684,1660.320,0,107.891,0,6.993,1047,1261,2.620,1.820,1.010,2,0,1.998,0,0,10,34,5,47,0
17-12 14:00:09,21.469,4.494,73.394,0,0,1400688,495888,198048,5767912,6546.534,1617.661,0,147.786,0,12.981,1438,1927,2.620,1.820,1.010,2,0,26.961,0,0,10,32,5,47,0
17-12 14:00:10,22.501,2.750,73.754,0,0,1469484,427092,198048,5767912,5095.270,1512.080,0,28.001,0,4.000,783,1098,2.490,1.810,1.010,2,0,1.000,0,0,10,32,5,47,0
17-12 14:00:11,24.497,2.000,72.992,0.500,0,1508032,388536,198048,5767920,5310.389,1565.820,0,527.939,0,43.995,1182,1736,2.490,1.810,1.010,2,0,3.000,0,0,10,34,5,47,0
17-12 14:00:12,13.036,28.327,57.156,0,0,1397212,499268,198052,5768004,8854.154,1698.634,116.317,513.401,12.033,30.082,3714,5862,2.490,1.810,1.010,3,0,681.860,0,0,10,32,5,47,0
17-12 14:00:13,14.999,38.748,45.498,0,0,1401724,494756,198052,5768108,9199.549,1693.917,0,463.977,0,78.996,5392,8934,2.490,1.810,1.010,4,0,1163.943,0,0,10,32,5,47,0
17-12 14:00:14,8.228,13.464,76.796,0,0,1399288,497096,198052,5768204,8705.903,1615.714,27.926,23.936,0.997,5.984,2118,3136,2.490,1.810,1.010,1,0,272.278,0,0,10,32,5,47,0
17-12 14:00:15,7.760,14.519,78.105,0.250,0,1394052,501716,198076,5768792,9904.301,1696.278,624.839,16.022,16.022,2.003,2369,3190,2.290,1.780,1,2,0,206.277,0,0,11,12,5,47,20
17-12 14:00:16,10.242,18.985,69.194,0,0,1394472,501208,198076,5768872,12327.089,1618.699,0,23.981,0,5.995,2534,3541,2.290,1.780,1,2,0,278.776,0,0,11,12,5,47,20
17-12 14:00:17,16.271,19.024,63.580,0,0,1398676,496504,198120,5769476,9137.559,1513.915,496.628,8.010,46.058,2.003,4911,8754,2.290,1.780,1,2,0,201.255,0,0,11,12,5,47,20
17-12 14:00:18,20.503,20.753,58.757,0,0,1435528,458892,198124,5770004,8260.024,1566.194,44.005,1748.217,2.000,216.027,3452,5172,2.290,1.780,1,2,0,445.055,0,0,13,12,5,47,20
17-12 14:00:19,15.002,15.752,67.007,0,0,1442744,451520,198124,5770524,10070.027,1694.173,0,12.001,0,3.000,4487,10617,2.290,1.780,1,2,0,174.018,0,0,13,12,5,47,20
17-12 14:00:20,19.235,21.234,58.456,0,0,1483280,410736,198124,5770412,12202.738,1618.771,3.997,47.964,0.999,5.995,3621,5897,2.270,1.780,1.010,2,0,416.684,0,0,15,12,5,47,20
17-12 14:00:21,14.971,16.718,66.621,0,0,1489828,404064,198124,5770880,10224.226,1936.255,67.869,782.487,0.998,45.911,4656,7574,2.270,1.780,1.010,1,0,216.581,0,0,15,12,6,47,20
17-12 14:00:22,48.160,14.047,37.374,0,0,1650776,243112,198144,5770512,9892.953,1699.662,4.013,196.655,1.003,4.013,3447,5141,2.270,1.780,1.010,13,0,127.424,0,0,17,12,6,47,20
17-12 14:00:23,85.219,13.495,0.750,0,0,1927184,129852,198160,5610584,8399.942,1619.411,0,5881.859,0,342.875,2741,3252,2.270,1.780,1.010,9,0,45.983,0,0,17,12,6,47,20
17-12 14:00:24,24.977,16.485,57.698,0,0,1930216,157264,198160,5580708,9421.511,1692.475,0,11.989,0,2.997,2627,3824,2.270,1.780,1.010,3,0,223.798,0,0,17,12,6,47,20
17-12 14:00:25,9.741,19.981,68.436,0,0,1926808,160640,198160,5580724,9846.764,1510.583,0,27.974,0,6.993,2735,4113,2.160,1.770,1.010,2,0,290.727,0,0,17,12,6,47,20
17-12 14:00:26,18.516,17.265,63.806,0,0,1934676,152736,198160,5580768,6952.146,1651.460,0,4.004,0,1.001,3410,10899,2.160,1.770,1.010,4,0,151.134,0,0,17,12,6,47,20
17-12 14:00:27,20.234,9.242,68.444,0.500,0,1984180,130772,198160,5553632,5719.356,1692.626,1023.169,0,16.986,0,1832,2994,2.160,1.770,1.010,3,2,106.913,0,0,18,12,6,47,20
17-12 14:00:28,12.201,8.964,76.445,0.498,0,2008524,124544,198160,5535916,8883.537,1760.970,0,7183.324,0,359.565,2747,4303,2.160,1.770,1.010,2,0,90.638,0,0,18,12,6,48,20
17-12 14:00:29,22.798,4.760,70.648,0.752,0,2049432,119504,198160,5500716,8499.824,1623.404,32.067,2356.943,2.004,128.269,2419,3858,2.160,1.770,1.010,2,0,0,0,0,18,19,6,49,10
17-12 14:00:30,17.492,11.995,68.970,0.250,0,1993368,190096,198156,5486516,9108.093,1619.305,287.877,339.854,3.998,34.985,2825,4768,2.070,1.760,1.010,2,0,160.931,0,0,18,18,6,54,0
17-12 14:00:31,10.779,19.553,67.933,0.251,0,1998304,184996,198156,5486680,8279.354,1516.093,0,425.148,0,28.076,2962,4366,2.070,1.760,1.010,2,0,263.712,0,0,18,18,6,54,0
17-12 14:00:32,10.755,18.759,69.035,0,0.250,1997396,185884,198156,5486700,9577.798,1620.812,0,400.201,0,8.004,2724,3890,2.070,1.760,1.010,2,0,240.120,0,0,18,18,6,54,0
17-12 14:00:33,10.499,19.997,67.491,0,0,1998888,184356,198156,5486720,7580.977,1619.781,0,91.988,0,10.999,2811,4040,2.070,1.760,1.010,2,0,259.965,0,0,18,18,6,54,0
17-12 14:00:34,14.498,18.248,65.492,0,0,2000928,182260,198156,5487120,6139.288,1685.804,0,71.992,0,6.999,3055,6945,2.070,1.760,1.010,3,0,185.978,0,0,18,18,6,54,0
17-12 14:00:35,36.973,14.739,46.966,0.250,0,2082964,129764,198164,5458276,12275.150,1738.746,327.764,3861.216,2.998,309.777,3465,4099,1.980,1.740,1.010,3,0,158.885,0,0,18,19,6,52,0
17-12 14:00:36,46.984,5.748,47.483,0,0,2170012,130584,198164,5372336,8937.863,1619.432,0,187.934,0,1.000,1537,1932,1.980,1.740,1.010,3,0,0,0,0,18,19,6,52,0
17-12 14:00:37,45.781,6.254,47.283,0,0,2244020,129032,198168,5301184,5513.793,1889.300,152.105,1905.311,2.001,172.118,2793,4187,1.980,1.740,1.010,3,0,21.014,0,0,18,35,6,48,0
17-12 14:00:38,28.974,14.237,56.698,0,0,2262308,122008,198168,5290000,8771.010,1510.624,0,243.778,0,12.988,2720,9259,1.980,1.740,1.010,2,0,153.860,0,0,18,34,6,49,0
17-12 14:00:39,14.255,17.506,66.271,0,0,2266572,131776,198168,5276276,8871.874,1620.525,0,80.026,0,4.001,4030,7015,1.980,1.740,1.010,4,0,229.074,0,0,18,34,6,47,0
17-12 14:00:40,9.495,5.747,84.208,0.250,0,2272076,126004,198168,5276508,70993.645,1619.194,215.892,83.958,9.995,8.996,2705,5403,1.910,1.730,1.010,1,0,54.973,0,0,18,34,6,47,0
17-12 14:00:41,3.000,2.250,93.015,0,0,2301592,131300,198168,5242496,6712.081,1566.252,0,1156.186,0,36.006,1272,2178,1.910,1.730,1.010,1,0,4.001,0,0,18,34,6,42,0
17-12 14:00:42,1.250,0.500,96.512,0,0,2302096,130796,198168,5242496,6536.824,1620.204,0,32.004,0,4.001,1057,1834,1.910,1.730,1.010,2,0,3.000,0,0,18,34,6,42,0
17-12 14:00:43,1.500,1.000,96.531,0,0,2302096,130796,198168,5242496,9018.940,1620.528,0,4.001,0,1.000,960,1641,1.910,1.730,1.010,1,0,1.000,0,0,18,34,6,33,0
17-12 14:00:44,6.265,6.014,86.205,0,0,2244668,188096,198172,5242608,8280.716,1698.043,28.067,0,2.005,0,1929,3100,1.910,1.730,1.010,2,0,120.286,0,0,18,34,6,33,0
17-12 14:00:45,17.188,16.441,64.020,0.747,0,2254668,184912,198172,5235996,8706.682,1506.581,275.011,5990.452,13.950,435.434,5337,9424,1.910,1.740,1.010,2,0,189.319,0,0,18,34,6,29,0
17-12 14:00:46,13.762,18.766,66.308,0.250,0,2309352,129456,198180,5236736,9369.179,1859.623,996.870,8.007,37.032,2.002,3364,5216,1.910,1.740,1.010,2,0,282.246,0,0,19,34,6,29,0
17-12 14:00:47,19.488,14.741,63.461,0,0,2312260,129268,198176,5233912,10143.762,1619.004,155.904,2306.581,5.996,350.784,5964,12208,1.910,1.740,1.010,2,0,183.887,0,0,19,50,6,25,0
17-12 14:00:48,4.505,6.007,87.347,0.250,0,2314368,127284,198176,5233912,8902.838,1621.792,0,252.279,0,10.011,1794,2853,1.910,1.740,1.010,2,0,116.128,0,0,19,50,6,25,0
17-12 14:00:49,15.518,18.271,64.824,0,0,2315844,126888,198172,5233036,5818.622,1609.832,0,1149.308,0,222.253,4527,6655,1.910,1.740,1.010,4,0,169.193,0,0,21,50,6,19,0
17-12 14:00:50,10.505,18.758,68.530,0,0,2323008,119596,198172,5232884,5999.646,1620.715,24.011,0,2.001,0,3171,4701,1.840,1.720,1.010,1,0,261.115,0,0,21,52,6,19,0
17-12 14:00:51,10.479,19.461,68.614,0,0,2321928,120664,198172,5232900,12940.326,1616.792,0,526.955,0,17.964,3074,4568,1.840,1.720,1.010,2,0,271.461,0,0,21,52,6,16,0
17-12 14:00:52,14.257,20.511,64.283,0,0,2322104,120292,198172,5233260,7253.779,1512.788,0,20.010,0,5.003,4227,6793,1.840,1.720,1.010,6,0,211.110,0,0,21,52,6,16,0
17-12 14:00:53,28.551,21.538,48.836,0,0,2363716,124712,198168,5187880,10009.717,1771.135,12.021,1538.724,3.005,234.415,4637,7099,1.840,1.720,1.010,3,0,352.624,0,0,21,52,6,16,0
17-12 14:00:54,33.753,25.002,40.004,0,0,2430692,130696,198200,5116784,10605.955,1694.152,8.001,292.026,2.000,7.001,3294,8309,1.840,1.720,1.010,4,0,460.041,0,0,21,52,6,17,0
17-12 14:00:55,31.530,23.522,44.042,0,0,2481212,152824,198212,5045412,10157.579,1621.529,44.042,28.026,5.005,7.007,3593,6261,1.850,1.730,1.020,2,0,444.419,0,0,21,56,6,17,0
17-12 14:00:56,37.618,19.681,42.849,0,0,2522192,132084,198216,5025488,7711.893,1688.066,3.986,597.898,0.996,7.972,4720,9767,1.850,1.730,1.020,2,0,253.110,0,0,21,56,6,17,0
17-12 14:00:57,45.395,23.826,30.347,0,0,2664004,130208,198220,4885796,5375.179,1661.310,0,4.013,0,1.003,3665,6463,1.850,1.730,1.020,3,0,468.497,0,0,21,56,6,15,0
17-12 14:00:58,55.979,22.492,20.492,0,0,2758532,126084,198228,4795808,5149.100,1619.402,7.997,635.765,1.999,8.997,6556,16691,1.850,1.730,1.020,9,0,353.869,0,0,21,56,6,15,0
17-12 14:00:59,69.498,21.499,7.500,1.000,0,2880608,121260,199140,4679340,8690.765,1511.959,863.977,7711.792,69.998,502.986,4086,9940,1.850,1.730,1.020,4,0,475.987,0,0,21,60,6,11,0
17-12 14:01:00,61.729,21.743,11.996,4.249,0,2979100,125032,199160,4578516,8592.139,1735.422,0,23196.276,0,1618.461,10897,24891,2.110,1.780,1.040,7,0,223.925,0,0,21,60,6,12,0
17-12 14:01:01,69.584,21.621,3.976,2.734,0,3109984,124244,199240,4449416,8544.868,1683.923,3.976,24763.813,0.994,2465.248,12381,24399,2.110,1.780,1.040,4,0,423.466,0,0,21,62,6,12,0
17-12 14:01:02,71.187,22.639,4.528,0.503,0,3180708,119528,199240,4385212,7038.229,1704.469,24.148,7349.138,2.012,429.639,8527,21588,2.110,1.780,1.040,7,0,252.551,0,0,21,72,6,18,0
17-12 14:01:03,56.501,26.001,15.250,0,0,3310872,127008,199244,4250028,9267.185,1620.032,192.004,1196.024,9.000,98.002,5294,11522,2.110,1.780,1.040,7,0,545.011,0,0,21,79,6,22,0
17-12 14:01:04,45.508,26.254,27.255,0,0,3390744,119624,199244,4179564,7752.318,1694.288,92.016,4244.722,22.004,328.056,8720,22724,2.110,1.780,1.040,16,0,443.075,0,0,21,79,6,23,0
17-12 14:01:05,49.869,18.451,30.669,0.249,0.249,3493220,122600,199224,4075492,6626.532,1657.630,115.695,10895.280,8.976,664.249,4600,8621,2.100,1.790,1.040,6,0,165.564,0,0,21,82,6,22,0
17-12 14:01:06,53.109,12.275,33.819,1.002,0,3618620,129028,199152,3945108,8965.424,1461.002,1162.389,4156.542,74.152,411.846,4835,14073,2.100,1.790,1.040,2,0,28.058,0,0,21,87,6,25,0
17-12 14:01:07,8.746,18.742,69.971,0.500,0,3627724,139952,199136,3925272,8781.382,1709.296,3.998,5101.898,1.000,374.846,3397,4820,2.100,1.790,1.040,3,0,297.877,0,0,21,87,6,25,0
17-12 14:01:08,8.508,20.018,71.064,0,0,3638364,129404,199136,3925204,5008.523,1769.598,0,216.195,0,17.015,3228,5302,2.100,1.790,1.040,2,0,383.346,0,0,21,87,6,25,0
17-12 14:01:09,10.243,17.489,70.204,0,0,3638668,129076,199136,3925228,11942.226,1618.946,0,255.833,0,19.987,2971,4619,2.100,1.790,1.040,3,0,295.807,0,0,21,87,6,25,0
17-12 14:01:10,9.502,19.504,69.515,0,0,3637508,130204,199136,3925260,9876.123,1620.348,0,8.002,0,2.000,2907,4489,2.010,1.770,1.040,1,0,287.062,0,0,21,87,6,25,0
17-12 14:01:11,10.722,20.696,66.576,0,0,3644892,122660,199136,3925776,8199.607,1615.784,67.823,23.938,0.997,5.984,3634,6657,2.010,1.770,1.040,2,0,261.318,0,0,21,87,6,25,0
17-12 14:01:12,25.579,18.056,54.920,0,0,3661836,122328,199136,3908832,6600.382,1516.684,934.887,1504.646,12.037,240.743,4786,8210,2.010,1.770,1.040,2,0,248.768,0,0,21,89,6,25,0
17-12 14:01:13,30.748,23.999,44.247,0.500,0,3730156,118472,199108,3844588,6098.628,1565.904,123.992,451.972,13.999,31.998,3427,6151,2.010,1.770,1.040,3,0,404.975,0,0,21,99,6,25,0
17-12 14:01:14,25.969,20.226,52.688,0,0,3751144,121984,199100,3820200,8654.744,1618.083,27.967,451.465,5.993,26.968,5459,9258,2.010,1.770,1.040,2,0,214.746,0,0,23,103,6,25,0
17-12 14:01:15,57.819,25.280,17.020,0.501,0,3918524,119852,199104,3657164,7456.874,1621.930,164.195,11814.059,19.023,990.178,8189,16239,2.170,1.810,1.060,3,0,489.583,0,0,23,111,6,25,0
17-12 14:01:16,58.047,22.920,17.439,0,0,4024392,133416,199104,3540408,9522.642,1614.345,713.501,1929.242,32.885,287.991,5820,12653,2.170,1.810,1.060,13,0,418.534,0,0,23,129,6,25,0
17-12 14:01:17,45.058,22.028,32.041,0,0,4095228,121748,199108,3481088,8771.333,1786.308,92.119,512.662,1.001,35.045,6120,18389,2.170,1.810,1.060,4,0,306.396,0,0,23,133,6,25,0
17-12 14:01:18,26.018,22.516,51.035,0.500,0,4138684,119248,199100,3440684,11757.124,1695.171,0,7156.945,0,600.415,4467,5934,2.170,1.810,1.060,5,0,430.297,0,0,24,133,6,25,0
17-12 14:01:19,9.512,21.527,67.336,0,0,4134416,131696,199096,3432580,9724.350,1513.923,0,212.270,0,14.018,2952,4697,2.170,1.810,1.060,2,0,287.365,0,0,24,133,6,25,0
17-12 14:01:20,19.732,17.984,58.697,0.500,0,4152684,122476,199092,3423528,10068.837,1564.576,0,2062.123,0,286.739,5399,9515,2.070,1.800,1.060,4,0,186.830,0,0,24,133,6,25,0
17-12 14:01:21,28.429,24.937,45.386,0,0,4218324,124408,199060,3356364,6585.457,1709.705,478.797,163.589,3.990,13.965,3409,5897,2.070,1.800,1.060,4,0,412.963,0,0,24,133,6,25,0
17-12 14:01:22,38.764,23.258,37.514,0.250,0,4300160,127108,199020,3274464,8790.200,1620.590,268.098,2508.913,11.004,334.122,6923,19146,2.070,1.800,1.060,4,0,243.088,0,0,24,145,6,25,0
17-12 14:01:23,30.559,21.291,46.840,0.250,0,4361996,118248,199008,3222296,9278.908,1623.133,56.108,4316.331,4.008,369.714,4439,8147,2.070,1.800,1.060,4,0,388.750,0,0,24,145,6,25,0
17-12 14:01:24,36.260,25.757,36.010,0,0,4452232,120404,199000,3132396,9403.483,1694.447,144.038,680.180,20.005,52.014,5101,11348,2.070,1.800,1.060,4,0,552.146,0,0,24,157,6,25,0
17-12 14:01:25,11.491,19.735,65.200,0,0,4453752,124784,199000,3126568,5029.178,1618.770,119.909,339.742,12.990,22.983,4025,8687,1.990,1.780,1.060,3,0,316.759,0,0,24,157,6,25,0
17-12 14:01:26,18.695,22.684,57.083,0,0,4469588,127312,199000,3109248,8506.154,1689.066,207.394,5894.781,11.965,539.424,6847,13326,1.990,1.780,1.060,2,0,354.963,0,0,24,167,6,25,0
17-12 14:01:27,31.348,13.793,53.166,0.251,0,4522280,122800,199000,3062028,8784.354,1516.723,12.037,1151.586,3.009,183.572,5207,10697,1.990,1.780,1.060,2,0,157.490,0,0,24,179,6,25,0
17-12 14:01:28,46.032,7.755,46.283,0.250,0,4656592,124852,199000,2930228,5080.582,1567.105,208.147,556.392,4.003,99.070,2029,2560,1.990,1.780,1.060,5,0,1.001,0,0,24,179,6,25,0
17-12 14:01:29,36.770,8.254,52.278,0.500,0,4603500,235596,198888,2874752,5158.755,1620.866,1540.823,476.254,60.032,32.017,2465,3775,1.990,1.780,1.060,1,0,60.032,0,0,24,182,6,25,0
17-12 14:01:30,36.717,25.227,36.967,0,0,4691084,147380,198892,2875380,8815.040,1660.501,387.650,531.520,15.986,36.967,4560,7873,2.070,1.800,1.070,3,0,535.516,0,0,24,187,6,20,0
17-12 14:01:31,41.049,22.777,33.540,2.002,0,4655416,173336,198824,2885652,8540.223,1621.941,19275.072,364.436,298.357,24.029,7986,15694,2.070,1.800,1.070,5,0,358.429,0,0,24,191,6,20,0
17-12 14:01:32,60.006,23.654,12.698,2.988,0,4759312,146196,198760,2811436,8746.376,1613.429,51171.578,649.355,518.887,33.862,5524,10612,2.070,1.800,1.070,10,1,181.262,0,0,24,198,6,19,0
17-12 14:01:33,72.022,15.810,8.783,3.764,0,4829152,189684,198472,2702976,8027.343,1700.428,38336.914,9660.517,493.867,619.341,5726,8759,2.070,1.800,1.070,5,1,61.231,0,0,24,204,6,19,0
17-12 14:01:34,70.173,16.732,5.244,7.742,0,4922416,124236,197156,2678344,9735.330,1510.345,57896.545,1302.572,985.919,96.894,6109,10281,2.070,1.800,1.070,7,0,37.958,0,0,24,212,5,20,0
17-12 14:01:35,45.808,26.784,23.279,3.504,0,4903744,129064,196892,2693084,8947.283,1622.045,49318.190,2679.379,498.629,176.222,7380,14842,2.140,1.820,1.080,3,0,430.543,0,0,24,205,5,23,0
17-12 14:01:36,44.752,23.001,28.001,2.250,0,4929076,137036,196524,2661400,6415.263,1620.066,29953.228,500.021,309.013,34.001,7795,13684,2.140,1.820,1.080,4,0,297.012,0,0,24,209,5,23,0
17-12 14:01:37,58.192,25.474,11.488,3.496,0,4989580,118972,195104,2622948,5737.251,1564.432,53242.651,20607.351,524.474,756.242,6799,9654,2.140,1.820,1.080,4,0,463.536,0,0,24,211,5,25,0
17-12 14:01:38,58.054,24.022,16.015,0.500,0,5033500,125104,194172,2575800,9521.874,1621.511,1525.422,10057.373,63.059,544.507,13190,37380,2.140,1.820,1.080,4,0,271.253,0,0,24,213,5,24,0
17-12 14:01:39,54.002,24.501,20.251,0,0,5077052,122076,193488,2536236,9935.457,1620.075,128.006,5232.241,10.000,466.021,8035,14548,2.140,1.820,1.080,3,0,411.019,0,0,24,215,5,28,0
17-12 14:01:40,57.752,20.751,20.751,0.250,0,5091688,152244,192660,2493492,11317.328,1620.047,416.012,2484.072,28.001,361.010,9272,18871,2.210,1.840,1.090,3,0,299.009,0,0,24,220,5,31,0
17-12 14:01:41,56.751,17.750,24.751,0.500,0,5211240,120124,191068,2408956,8931.214,1512.036,364.009,6492.156,24.001,679.016,6222,9703,2.210,1.840,1.090,3,0,173.004,0,0,24,223,5,31,0
17-12 14:01:42,68.757,9.251,22.752,0.250,0,5282568,118720,189928,2341784,8716.941,1694.183,904.098,2172.235,59.006,277.030,5221,7929,2.210,1.840,1.090,3,0,6.001,0,0,24,227,5,34,0
17-12 14:01:43,62.169,7.709,28.100,0.995,0,5366444,126724,188356,2252952,58584.918,18528.300,326.262,2542.456,26.857,338.198,7450,12629,2.210,1.840,1.090,5,0,5.968,0,0,24,238,5,38,0
17-12 14:01:44,39.452,21.360,37.945,0,0,5323496,169780,188364,2253000,8615.170,1628.349,192.989,631.236,16.082,55.283,4942,9203,2.210,1.840,1.090,3,0,396.030,0,0,24,242,5,39,0
17-12 14:01:45,36.719,22.980,38.717,0.250,0,5293992,198748,188424,2253840,10728.805,1638.596,183.842,1606.623,12.989,196.831,6464,12142,2.200,1.850,1.100,2,0,388.667,0,0,24,243,5,40,0
17-12 14:01:46,55.544,14.511,29.273,0,0,5387420,123312,188004,2236356,8218.509,1621.284,28.022,8.006,4.003,2.002,4621,8303,2.200,1.850,1.100,5,0,192.152,0,0,25,248,5,40,0
17-12 14:01:47,67.005,8.501,22.752,1.000,0,5474552,152632,187256,2124092,5239.377,1620.117,1824.131,6268.451,141.010,631.045,4503,5406,2.200,1.850,1.100,5,0,10.001,0,0,25,246,5,41,0
17-12 14:01:48,58.747,11.249,28.249,0.750,0,5483924,174672,186528,2094080,8596.562,1511.923,479.976,6847.651,31.998,603.969,5498,14440,2.200,1.850,1.100,3,0,146.993,0,0,25,247,5,43,0
17-12 14:01:49,27.743,6.998,63.484,0.250,0,5546868,125464,186132,2081272,3377725.169,26976.013,11.997,487.874,2.999,31.992,3514,4576,2.200,1.850,1.100,6,0,71.981,0,0,25,248,5,43,0
17-12 14:01:50,25.111,17.404,56.189,0.746,0,5490228,183768,185668,2080404,18511674.972,94660.810,2060.611,763.779,23.868,63.648,8559,7960,2.260,1.870,1.110,4,0,298.351,0,0,25,247,5,43,0
17-12 14:01:51,23.507,5.001,69.520,0.250,0,5546468,135084,185496,2073020,8415.407,1620.463,0,392.112,0,27.008,2105,3576,2.260,1.870,1.110,4,0,2.001,0,0,25,249,5,43,0
17-12 14:01:52,27.214,2.497,68.658,0,0,5546924,134608,185496,2073092,5527.599,1617.834,0,387.481,0,30.959,4066,7945,2.260,1.870,1.110,4,0,0,0,0,25,255,5,44,0
17-12 14:01:53,26.532,6.258,63.577,0.501,0,5552356,151044,185148,2052052,9268.187,1664.008,420.508,921.112,26.031,102.123,4974,8624,2.260,1.870,1.110,1,0,9.011,0,0,25,273,5,45,0
17-12 14:01:54,29.337,5.767,63.690,0.501,0,5564828,140280,184888,2050776,6541.494,1612.806,8.024,778.319,2.006,70.209,4481,10086,2.260,1.870,1.110,2,0,1.003,0,0,25,278,5,51,0
17-12 14:01:55,18.790,17.287,62.384,1.754,0,5512768,199272,184528,2044928,8497.286,1515.261,108.233,29102.629,9.019,516.111,5492,8357,2.160,1.850,1.100,1,0,191.412,0,0,25,275,5,56,0
17-12 14:01:56,20.176,5.978,70.740,0.996,0,5565888,138288,184656,2052664,5838.526,1614.063,1183.647,609.757,113.582,16.938,2045,2979,2.160,1.850,1.100,3,0,19.927,0,0,25,275,5,54,0
17-12 14:01:57,14.971,7.735,68.615,6.737,0,5551380,130040,185252,2075300,9487.386,1616.828,5205.786,50117.669,912.210,480.058,3863,5472,2.160,1.850,1.100,2,0,0,0,0,25,275,5,54,0
17-12 14:01:58,23.389,3.521,70.671,1.006,0,5555064,133700,185092,2068588,5881.045,1704.155,663.957,273.631,143.857,12.072,2180,3083,2.160,1.850,1.100,2,0,11.066,0,0,25,275,5,54,0
17-12 14:01:59,23.201,7.983,67.357,0,0,5579376,138428,183840,2042376,6949.261,1690.415,123.738,443.060,13.970,18.960,14234,27577,2.160,1.850,1.100,3,0,1.996,0,0,25,275,5,55,0
17-12 14:02:00,23.653,6.723,67.475,0.747,0,5587956,147684,183516,2025760,5808.302,1655.247,23.902,22022.150,2.988,223.090,4715,8309,2.070,1.840,1.100,2,0,4.980,0,0,25,277,5,57,0
17-12 14:02:01,21.496,5.749,71.988,0,0,5596904,138840,183520,2025632,9977.344,1511.749,0,27.995,0,3.999,1616,2783,2.070,1.840,1.100,2,0,1.000,0,0,25,277,5,56,0
17-12 14:02:02,24.077,13.293,60.695,0.502,0,5515936,234856,183292,2011856,7869.268,1571.045,1364.381,409.314,139.448,26.084,3449,5756,2.070,1.840,1.100,4,0,320.028,0,0,25,277,5,56,0
17-12 14:02:03,21.677,8.970,67.523,0,0,5576632,173924,183300,2012040,8225.297,1614.562,0,183.382,0,19.933,2582,4156,2.070,1.840,1.100,3,0,134.547,0,0,25,277,5,50,0
17-12 14:02:04,21.567,14.545,63.448,0,0,5520804,229728,183320,2012124,7655.886,1625.070,4.013,260.814,1.003,25.078,3299,7058,2.070,1.840,1.100,2,0,224.701,0,0,25,277,5,51,0
17-12 14:02:05,11.254,18.507,68.274,0.250,0,5524508,225960,183336,2012092,9508.404,1662.595,4.001,524.188,1.000,47.017,3495,5433,1.980,1.820,1.100,2,0,282.101,0,0,25,281,5,46,0
17-12 14:02:06,6.230,14.204,77.252,0,0,5524776,225632,183340,2012148,9208.496,1614.826,23.923,59.808,1.994,4.984,2718,4191,1.980,1.820,1.100,1,0,198.364,0,0,25,281,5,46,0
17-12 14:02:07,9.506,2.752,86.308,0,0.250,5543252,207156,183340,2012148,6678.495,1695.141,0,0,0,0,1539,2478,1.980,1.820,1.100,2,0,9.006,0,0,25,281,5,43,0
17-12 14:02:08,24.709,2.995,70.632,0,0,5582416,167980,183340,2012160,7590.347,1455.574,0,0,0,0,1920,3630,1.980,1.820,1.100,3,0,0,0,0,25,283,5,43,0
17-12 14:02:09,18.027,11.768,68.102,0.751,0,5525100,225104,183372,2012320,8697.054,1622.435,160.241,444.667,16.024,32.048,3082,5060,1.980,1.820,1.100,3,1,136.204,0,0,25,287,5,43,0
17-12 14:02:10,14.573,15.326,68.843,0,0,5530200,219652,183376,2012668,8302.362,1628.111,44.220,257.282,7.035,22.110,3277,5111,1.820,1.790,1.100,2,0,184.921,0,0,25,289,5,43,0
17-12 14:02:11,11.739,17.233,67.934,0.500,0,5530216,219404,183428,2012832,9461.775,1618.422,71.930,2042.009,1.998,123.879,3509,5335,1.820,1.790,1.100,2,0,179.825,0,0,25,289,5,43,0
17-12 14:02:12,11.722,17.708,68.089,0,0,5533372,216156,183456,2012896,8566.714,1616.173,3.991,1508.428,0.998,85.797,3121,4762,1.820,1.790,1.100,2,0,177.579,0,0,25,289,5,43,0
17-12 14:02:13,23.495,3.249,70.984,0,0.250,5611180,138288,183460,2012952,9690.790,1619.631,0,67.984,0,7.998,1833,2728,1.820,1.790,1.100,2,0,1.000,0,0,25,289,5,43,0
17-12 14:02:14,25.295,2.755,70.375,0.250,0,5640308,132792,182768,1991092,7106.650,1697.021,116.207,1410.511,7.012,69.123,2000,2868,1.820,1.790,1.100,7,0,4.007,0,0,25,293,5,43,0
17-12 14:02:15,25.423,3.240,69.290,0,0,5551388,235040,182596,1979088,5429.581,1507.441,79.759,3585.158,8.973,472.571,2650,3727,1.840,1.800,1.100,2,0,24.925,0,0,25,291,5,44,0
17-12 14:02:16,24.217,3.745,70.903,0,0,5611124,175156,182596,1979236,5365.649,1563.858,0,0,0,0,1591,2416,1.840,1.800,1.100,3,0,0.999,0,0,25,291,5,44,0
17-12 14:02:17,26.249,3.000,69.247,0,0,5630616,155360,182628,1979508,9356.570,1619.925,75.997,767.965,1.000,51.998,2960,6060,1.840,1.800,1.100,2,0,4.000,0,0,25,297,5,44,0
17-12 14:02:18,24.919,4.782,69.470,0.252,0,5570624,215000,182768,1979720,7368.902,1631.045,314.127,213.445,8.055,20.136,2083,3310,1.840,1.800,1.100,2,0,16.109,0,0,25,291,5,44,0
17-12 14:02:19,23.965,5.742,68.899,0,0,5522316,263220,182788,1979772,10353.811,1617.627,3.994,271.602,0.999,32.952,2182,3127,1.840,1.800,1.100,2,0,56.917,0,0,25,291,5,44,0
17-12 14:02:20,10.232,17.968,68.876,0,0,5530204,253936,182928,1981028,7681.120,1617.078,1489.309,554.997,23.957,24.955,3307,5141,1.770,1.780,1.100,3,0,243.560,0,0,25,291,5,44,0
17-12 14:02:21,13.279,16.035,69.403,0,0,5541244,242720,182932,1981200,10519.153,1609.543,68.150,76.168,7.015,4.009,3001,4665,1.770,1.780,1.100,5,0,251.554,0,0,25,291,5,44,0
17-12 14:02:22,23.775,3.754,71.325,0.501,0,5579200,203688,183500,1981708,8398.777,1621.695,1037.084,4.004,66.069,1.001,1793,2698,1.770,1.780,1.100,2,0,4.004,0,0,25,291,5,44,0
17-12 14:02:23,20.898,2.985,74.387,0.498,0,5596736,184064,183520,1983776,11091.839,3708.889,708.540,226.892,54.733,2.985,1974,3043,1.770,1.780,1.100,2,0,2.985,0,0,25,292,5,44,0
17-12 14:02:24,25.983,4.997,66.207,0.250,0,5578432,193264,184112,1992276,8872.215,1866.783,2438.410,883.424,40.973,27.982,2157,3199,1.770,1.780,1.100,2,0,26.982,0,0,25,293,5,44,0
17-12 14:02:25,22.876,3.268,71.646,0.503,0,5588084,182272,184152,1993576,13833.471,4560.209,136.756,1041.759,11.061,46.256,2453,3866,1.710,1.770,1.100,3,0,3.017,0,0,25,294,5,44,0
17-12 14:02:26,28.744,6.249,63.988,0.500,0,5572812,189568,184760,2000936,5544.930,1867.640,3151.392,1023.802,34.993,17.997,8652,17450,1.710,1.770,1.100,1,0,10.998,0,0,25,293,5,44,0
17-12 14:02:27,19.416,3.485,74.427,0.249,0,5556940,204576,184820,2001720,15207.002,4581.118,342.513,473.943,12.944,18.918,2045,3074,1.710,1.770,1.100,2,0,3.983,0,0,25,294,5,44,0
17-12 14:02:28,22.263,8.255,68.792,0,0,5574464,186788,184888,2001912,6382.855,1512.914,0,356.215,0,7.004,10113,19914,1.710,1.770,1.100,4,0,19.011,0,0,25,294,5,44,0
17-12 14:02:29,22.106,7.787,67.574,0.251,0,5533804,238808,185020,1990420,8702.791,1802.656,0,1282.157,0,40.193,2530,3530,1.710,1.770,1.100,3,1,52.251,0,0,25,295,5,44,0
17-12 14:02:30,20.882,12.679,63.144,0.249,0,5563512,208892,185028,1990696,9477.613,1684.511,47.731,334.118,2.983,22.871,4264,7791,1.730,1.770,1.100,4,0,212.801,0,0,25,295,5,45,0
17-12 14:02:31,28.778,4.004,67.316,0,0,5587848,184316,185044,1990920,5415.318,1641.612,8.008,244.240,1.001,20.020,2789,4570,1.730,1.770,1.100,3,0,1.001,0,0,25,299,5,45,0
17-12 14:02:32,21.752,8.001,69.255,0.500,0,5558568,213572,185060,1990928,8857.638,1694.122,28.002,204.015,3.000,21.002,3076,5349,1.730,1.770,1.100,6,0,113.008,0,0,25,295,5,46,0
17-12 14:02:33,24.761,4.252,69.782,0,0,5598076,173892,185080,1991080,9036.184,1620.750,0,224.104,0,21.010,2599,4436,1.730,1.770,1.100,3,0,1.000,0,0,25,296,5,46,0
17-12 14:02:34,20.975,7.241,70.416,0,0,5566368,205476,185084,1991200,5134.838,1691.970,0,243.708,0,7.990,2344,3758,1.730,1.770,1.100,2,0,69.916,0,0,25,295,5,47,0
17-12 14:02:35,24.799,2.505,70.640,0,0,5585380,186380,185088,1991280,8116.119,1515.009,0,196.390,0,18.036,2949,5271,1.670,1.760,1.100,3,0,0,0,0,25,295,5,44,0
17-12 14:02:36,21.460,7.486,70.869,0,0,5572400,199332,185088,1991308,6843.319,1617.004,0,3.993,0,0.998,1988,2910,1.670,1.760,1.100,3,0,55.896,0,0,25,295,5,44,0
17-12 14:02:37,23.977,4.496,69.933,0,0,5527432,244156,185088,1991452,9127.293,1618.456,0,0,0,0,2688,5019,1.670,1.760,1.100,3,0,21.979,0,0,25,295,5,45,0
17-12 14:02:38,24.504,3.751,71.261,0,0,5594752,176720,185088,1991568,8787.318,1768.265,0,8.001,0,2.000,1714,2788,1.670,1.760,1.100,2,0,10.002,0,0,25,296,5,45,0
17-12 14:02:39,25.832,4.264,68.719,0.502,0,5541496,229972,185120,1991540,6970.228,1571.010,8.026,714.278,2.006,56.179,3035,5557,1.670,1.760,1.100,3,0,47.150,0,0,25,295,5,42,0
17-12 14:02:40,24.395,3.236,70.696,0,0,5594124,177072,185132,1991800,8590.003,1613.053,0,187.194,0,11.949,2127,3584,1.620,1.750,1.100,2,0,0,0,0,25,295,5,42,0
17-12 14:02:41,24.308,5.012,69.414,0,0,5573160,197960,185140,1991868,7858.601,1623.844,0,188.446,0,14.033,2837,4585,1.620,1.750,1.100,5,0,33.078,0,0,25,295,5,44,0
17-12 14:02:42,24.861,3.265,70.815,0,0,5596056,175032,185144,1991880,4463.873,1518.762,0,100.447,0,14.063,2510,4519,1.620,1.750,1.100,2,0,0,0,0,25,297,5,41,0
17-12 14:02:43,16.668,15.922,66.423,0.249,0,5530360,240708,185164,1991880,10194.882,1612.075,0,429.887,0,45.775,3599,5774,1.620,1.750,1.100,2,0,241.811,0,0,25,295,5,41,0
17-12 14:02:44,11.032,22.315,66.192,0,0,5532364,238668,185172,1991908,8440.494,1624.715,0,220.640,0,17.049,3255,4969,1.620,1.750,1.100,2,0,322.937,0,0,25,295,5,34,0
17-12 14:02:45,10.479,21.457,65.869,0,0,5533944,236940,185176,1992052,9276.604,1616.794,0,1664.699,0,134.733,3598,5342,1.570,1.740,1.100,3,0,328.349,0,0,25,295,5,35,0
17-12 14:02:46,9.277,22.315,66.444,0.752,0,5542416,228468,185188,1992068,8399.527,1570.586,0,3217.395,0,429.253,4239,5791,1.570,1.740,1.100,2,0,381.113,0,0,25,295,5,33,0
17-12 14:02:47,10.501,20.003,66.509,0.250,0,5540808,230048,185196,1992088,5295.715,1764.238,0,396.053,0,34.005,3634,5897,1.570,1.740,1.100,3,0,374.050,0,0,25,295,5,33,0
17-12 14:02:48,10.466,21.679,65.536,0,0,5536608,234220,185212,1992100,9170.005,1622.692,0,314.970,0,29.902,3892,6258,1.570,1.740,1.100,2,0,392.715,0,0,25,295,5,32,0
17-12 14:02:49,13.017,21.027,65.334,0,0,5534816,235972,185212,1992140,8988.613,1622.096,0,168.217,0,17.022,3368,5233,1.570,1.740,1.100,4,1,333.431,0,0,25,295,5,32,0
17-12 14:02:50,9.013,23.534,65.596,0.250,0.250,5536160,234596,185232,1992152,8879.974,1622.370,0,456.667,0,38.056,3457,5420,1.440,1.710,1.090,2,0,326.477,0,0,25,295,5,30,0
17-12 14:02:51,9.004,22.011,66.533,0,0,5536708,234008,185240,1992184,7627.745,1620.796,0,468.230,0,48.024,3373,5131,1.440,1.710,1.090,2,0,330.162,0,0,25,295,5,30,0
17-12 14:02:52,9.987,22.221,66.663,0,0,5537480,233216,185240,1992204,9637.481,1617.898,0,75.901,0,6.991,3289,5179,1.440,1.710,1.090,2,0,332.568,0,0,25,295,5,29,0
17-12 14:02:53,9.968,21.183,66.789,0.249,0,5535036,235616,185252,1992236,8341.624,1614.894,0,287.092,0,31.899,3341,5202,1.440,1.710,1.090,5,0,312.013,0,0,25,295,5,29,0
17-12 14:02:54,18.745,11.997,66.981,1.000,0,5538596,244872,185252,1988952,6370.172,1565.551,1327.619,27.992,89.974,3.999,2295,3612,1.440,1.710,1.090,4,0,89.974,0,0,25,295,5,28,0
17-12 14:02:55,26.228,7.244,59.949,4.996,0,5557812,199000,185252,2015608,5487.374,1584.664,11885.980,7.993,972.180,1.998,8768,15317,1.490,1.710,1.100,3,0,6.994,0,0,25,293,5,28,2
17-12 14:02:56,18.482,2.498,77.426,0.500,0,5568692,186748,185260,2016972,20825.029,7597.714,527.494,3308.827,27.973,25.975,1843,2684,1.490,1.710,1.100,2,0,2.997,0,0,25,294,5,17,2
17-12 14:02:57,18.260,1.751,78.293,1.251,0,5572412,182212,185260,2017788,25307.045,13562.527,632.351,1320.733,64.036,48.027,2019,3062,1.490,1.710,1.100,2,0,0,0,0,25,294,5,17,2
17-12 14:02:58,18.752,2.000,76.760,0.750,0,5595984,157268,185268,2019148,25931.241,11163.395,1220.153,1216.152,64.008,45.006,2099,3105,1.490,1.710,1.100,2,0,0,0,0,25,294,5,17,2
17-12 14:02:59,18.556,1.505,77.483,1.254,0,5598216,154244,185284,2019916,24092.349,12229.726,661.988,1279.843,60.181,50.151,2014,3074,1.490,1.710,1.100,5,0,0,0,0,25,294,5,17,2
17-12 14:03:00,19.731,0.749,76.926,0.999,0,5608804,142652,185312,2020880,23926.958,12121.327,811.219,1394.657,58.943,57.944,2290,3362,1.450,1.700,1.100,2,0,0,0,0,25,294,5,17,2
17-12 14:03:01,20.732,6.245,69.189,2.498,0,5614008,150292,184404,2012700,9832.357,2411.880,15162.672,32783.184,176.845,574.495,3375,3684,1.450,1.700,1.100,3,0,1.998,0,0,25,294,5,17,2
17-12 14:03:02,23.500,6.000,69.499,0.500,0,5644212,136384,183896,1999160,4991.940,1619.981,0,7615.909,0,134.998,2694,3566,1.450,1.700,1.100,4,0,1.000,0,0,25,294,5,15,2
17-12 14:03:03,22.490,6.497,68.471,1.999,0,5638740,146428,184292,1994528,6634.194,1693.284,0,10499.559,0,329.860,3246,4483,1.450,1.700,1.100,3,0,1.000,0,0,25,294,5,15,2
17-12 14:03:04,27.662,6.538,63.371,1.006,0,5646544,146180,184288,1988368,9948.257,1629.543,32.188,7302.765,2.012,156.919,3220,5149,1.450,1.700,1.100,2,0,35.206,0,0,25,296,4,15,2
17-12 14:03:05,24.617,5.719,67.634,0,0,5578944,228224,184380,1973960,19255.673,5487.270,433.650,449.564,4.973,18.898,2311,2811,1.410,1.690,1.100,2,0,5.968,0,0,25,295,4,15,2
17-12 14:03:06,21.020,3.253,75.322,0.250,0,5606056,195764,184412,1979260,15964.342,3884.733,0,1561.501,0,11.011,1767,2628,1.410,1.690,1.100,5,0,3.003,0,0,25,295,4,15,2
17-12 14:03:07,22.264,3.252,73.795,0,0,5596316,204368,184448,1980292,11256.867,2873.753,0,348.212,0,6.004,1728,2562,1.410,1.690,1.100,1,0,6.004,0,0,25,296,4,15,2
17-12 14:03:08,21.065,4.514,71.722,0.251,0,5592968,200636,184748,1986188,11052.251,3305.243,0,983.046,0,19.059,8709,17006,1.410,1.690,1.100,4,0,7.022,0,0,25,295,4,15,2
17-12 14:03:09,24.768,6.755,66.548,0,0,5598988,194028,184820,1986604,6824.955,1621.177,0,42342.741,0,273.198,8314,16961,1.410,1.690,1.100,4,0,13.009,0,0,25,295,4,15,2
17-12 14:03:10,20.948,7.232,70.327,0.249,0,5598664,206604,184836,1974336,6499.991,1657.917,3.990,1153.160,0.998,40.899,2222,3419,1.380,1.680,1.100,4,0,13.966,0,0,25,295,4,15,2
17-12 14:03:11,22.721,4.245,70.909,0,0,5563472,243048,184836,1974064,8138.526,1617.918,0,459.409,0,5.992,2160,3413,1.380,1.680,1.100,3,0,51.933,0,0,25,295,4,15,2
17-12 14:03:12,26.247,4.500,67.993,0,0,5588816,216652,184852,1975100,11631.825,1693.829,0,527.947,0,5.999,9222,18081,1.380,1.680,1.100,2,0,9.999,0,0,25,295,4,15,2
17-12 14:03:13,19.569,3.512,74.762,0,0,5607600,193500,184860,1979460,10630.248,3794.295,40.141,248.872,2.007,9.032,1762,2621,1.380,1.680,1.100,3,0,4.014,0,0,25,296,4,15,2
17-12 14:03:14,25.002,4.000,70.755,0.500,0.250,5597956,200984,184928,1981488,9615.615,1794.115,0,972.062,0,11.001,1832,2579,1.380,1.680,1.100,4,0,6.000,0,0,25,297,4,15,2
17-12 14:03:15,19.875,3.230,74.033,0.248,0,5578452,213428,185204,1987408,13156.038,4633.779,0,1053.358,0,20.868,4090,7435,1.350,1.660,1.100,3,0,5.962,0,0,25,297,4,16,2
17-12 14:03:16,24.646,7.042,67.400,0,0,5592764,198636,185252,1987776,8925.940,1629.666,0,88.525,0,2.012,15477,31424,1.350,1.660,1.100,2,0,16.095,0,0,25,297,4,15,2
17-12 14:03:17,20.008,8.253,70.527,0,0,5560016,244664,185284,1975156,7412.847,1620.622,0,1536.590,0,36.014,2192,3417,1.350,1.660,1.100,5,0,14.005,0,0,25,297,4,15,2
17-12 14:03:18,25.607,2.735,70.109,0.249,0,5579180,225492,185288,1975160,5336.208,1611.006,0,194.912,0,16.906,1993,3173,1.350,1.660,1.100,6,0,8.950,0,0,25,297,4,15,2
17-12 14:03:19,22.608,5.526,71.090,0,0,5564316,240336,185300,1975168,9782.791,1702.141,0,1205.767,0,205.985,2544,3806,1.350,1.660,1.100,5,0,94.452,0,0,25,297,4,15,2
17-12 14:03:20,24.499,6.000,67.997,0,0,5580560,208444,185324,1990280,8747.563,1619.919,0,1959.902,0,49.998,12357,23846,1.320,1.650,1.090,3,0,8.000,0,0,25,297,4,15,2
17-12 14:03:21,19.942,1.496,78.274,0.499,0,5594164,194360,185336,1990556,21161.800,7648.879,3.988,614.224,0.997,17.948,1754,2688,1.320,1.650,1.090,5,0,0.997,0,0,25,298,4,15,2
17-12 14:03:22,12.987,1.748,81.920,0.500,0,5594456,193632,185408,1990844,55449.103,17440.048,0,1734.314,0,61.940,1967,3093,1.320,1.650,1.090,1,0,0,0,0,25,299,4,15,2
17-12 14:03:23,14.019,2.754,82.114,0.501,0,5619252,168460,185540,1991052,133037.789,13937.359,0,1450.014,0,60.083,1853,2930,1.320,1.650,1.090,4,0,0,0,0,25,299,4,15,2
17-12 14:03:24,20.321,1.004,77.020,0.502,0,5625528,161968,185620,1991116,23485.387,11392.967,0,1164.084,0,40.141,1780,2721,1.320,1.650,1.090,4,0,2.007,0,0,25,299,4,15,2
17-12 14:03:25,20.157,3.982,73.910,0.498,0,5648436,135052,185720,1994952,290261.635,15792.292,2273.533,1497.107,51.762,51.762,3538,3557,1.290,1.640,1.090,5,0,1.991,0,0,25,299,4,15,2
17-12 14:03:26,12.499,2.500,81.746,1.250,0,5649760,133064,185928,1995280,127271.273,21521.032,51.998,2687.879,8.000,127.994,2544,3945,1.290,1.640,1.090,1,0,0,0,0,25,299,4,15,2
17-12 14:03:27,18.314,3.261,77.021,0.502,0,5646600,133652,185880,1998108,1548720.301,30075.746,104.367,3098.896,6.021,76.268,2772,3744,1.290,1.640,1.090,1,0,1.004,0,0,25,299,4,15,2
17-12 14:03:28,14.200,4.733,76.978,1.495,0,5638808,139740,185752,2000780,5951626.050,32142.345,9948.821,9000.175,93.669,245.133,3961,3972,1.290,1.640,1.090,3,0,2.989,0,0,25,299,4,15,2
17-12 14:03:29,23.115,6.281,69.344,0.754,0,5636200,144264,188816,1994124,8795.679,1539.646,0,6789.718,0,157.784,4572,3231,1.290,1.640,1.090,3,0,1.005,0,0,25,299,4,15,2
17-12 14:03:30,24.717,5.243,68.158,0.499,0,5663320,144856,188932,1965184,7260.177,1617.811,0,82460.431,0,666.099,4091,3890,1.750,1.730,1.130,2,0,0,0,0,25,299,4,16,2
17-12 14:03:31,22.934,5.235,69.799,0.997,0,5662072,129772,189852,1979164,8700.985,1615.356,0,7143.463,0,159.541,3216,3542,1.750,1.730,1.130,3,0,0.997,0,0,25,299,4,15,2
17-12 14:03:32,24.480,6.245,66.195,0.749,0,5655572,138408,187180,1979912,8349.020,1618.647,0,2837.628,0,114.904,3462,6375,1.750,1.730,1.130,6,0,0.999,0,0,25,299,4,15,2
17-12 14:03:33,25.864,6.780,66.794,0.502,0,5650668,130176,181900,1997748,5443.932,1627.153,0,10016.030,0,216.954,2899,4557,1.750,1.730,1.130,2,0,2.009,0,0,25,299,4,13,2
17-12 14:03:34,25.360,5.967,66.880,0.994,0,5640284,150592,164840,2004916,9852.447,2856.185,7.956,12260.116,1.989,252.601,2859,4124,1.750,1.730,1.130,1,0,0,0,0,25,300,4,15,2
17-12 14:03:35,24.021,2.252,72.812,0,0,5561936,262204,164980,1971588,11227.633,2972.550,324.278,100.086,13.011,7.006,1766,2617,1.690,1.720,1.120,4,0,3.003,0,0,25,297,4,14,2
17-12 14:03:36,19.737,3.498,75.451,0.250,0,5606992,215928,165020,1972768,13551.138,3596.648,0,1015.336,0,14.990,1710,2666,1.690,1.720,1.120,3,0,5.996,0,0,25,298,4,14,2
17-12 14:03:37,23.783,4.256,70.599,0,0,5606128,210696,165212,1978080,8830.354,1816.541,0,1197.676,0,20.028,1736,2764,1.690,1.720,1.120,4,0,5.007,0,0,25,297,4,13,2
17-12 14:03:38,20.551,3.509,74.687,0.251,0,5597196,212292,165808,1983988,14472.253,4720.826,0,1022.562,0,19.048,4185,7696,1.690,1.720,1.120,2,0,7.018,0,0,25,297,4,13,2
17-12 14:03:39,23.558,6.516,67.665,0.501,0,5588376,220532,165848,1984408,9459.109,1623.967,0,23020.238,0,305.747,7467,13443,1.690,1.720,1.120,3,0,8.020,0,0,25,297,4,10,2
17-12 14:03:40,25.352,5.717,66.364,0,0,5599708,209252,165876,1984396,7041.000,1610.621,0,1729.927,0,24.855,9580,18957,1.720,1.720,1.130,2,0,12.925,0,0,25,297,4,10,2
17-12 14:03:41,22.973,5.993,70.169,0.250,0,5595244,226724,165928,1971848,7634.144,1660.074,0,599.305,0,30.964,2038,3319,1.720,1.720,1.130,3,0,7.991,0,0,25,297,4,7,2
17-12 14:03:42,23.309,3.258,70.429,1.504,0,5583988,235384,166076,1975128,4872.351,1666.224,1784.524,629.596,255.648,9.023,2290,3279,1.720,1.720,1.130,3,0,6.015,0,0,25,297,4,7,2
17-12 14:03:43,25.244,3.499,67.983,0.750,0,5586000,231416,166152,1976848,9043.757,1511.625,1075.733,2595.356,84.979,91.977,4761,8494,1.720,1.720,1.130,2,0,2.000,0,0,25,298,4,8,2
17-12 14:03:44,25.736,3.998,68.712,0.750,0,5586456,230408,166208,1977344,7690.732,1693.060,239.867,743.587,13.992,92.948,4405,8599,1.720,1.720,1.130,3,0,0,0,0,25,302,4,11,2
17-12 14:03:45,26.620,3.516,66.801,1.256,0,5589240,226376,166280,1978524,8961.398,1573.091,972.384,1498.756,70.317,169.765,4796,9649,1.660,1.710,1.130,2,0,2.009,0,0,25,305,4,11,2
17-12 14:03:46,26.002,2.500,69.256,1.000,0,5595632,219068,166356,1979332,9105.728,1620.130,580.046,1356.108,46.004,134.011,3373,5873,1.660,1.710,1.130,1,0,1.000,0,0,25,307,4,11,2
17-12 14:03:47,18.747,12.248,66.991,0.750,0,5554448,259168,166448,1980324,14283.086,1661.777,743.900,1055.859,40.995,121.984,4569,7774,1.660,1.710,1.130,4,0,190.974,0,0,25,307,4,11,2
17-12 14:03:48,13.750,16.500,68.250,0.250,0,5552304,259652,166872,1981528,12261.951,1619.994,1603.994,571.998,32.000,41.000,3516,5502,1.660,1.710,1.130,4,0,251.999,0,0,25,307,4,13,2
17-12 14:03:49,11.176,5.215,70.035,12.169,0,5547572,219896,166896,2025960,39932.051,1609.322,43988.139,2956.384,3512.693,434.120,6591,9920,1.660,1.710,1.130,5,0,8.941,0,0,25,307,4,13,2
17-12 14:03:50,7.549,3.020,85.057,1.510,0,5546024,217652,166984,2029660,12795.838,3226.138,3829.088,4094.829,69.455,170.115,2603,4151,1.520,1.680,1.120,2,1,12.079,0,0,25,308,4,13,2
17-12 14:03:51,3.480,1.491,93.203,0.249,0,5545992,217652,167012,2029664,46210.881,4329.598,0,1073.701,0,66.609,1810,2975,1.520,1.680,1.120,2,0,0.994,0,0,25,308,4,13,2
17-12 14:03:52,3.501,0.750,93.515,0,0,5545984,217652,167020,2029664,15440.517,6947.132,0,104.017,0,8.001,1497,2530,1.520,1.680,1.120,1,0,0,0,0,25,308,4,13,2
17-12 14:03:53,6.524,2.258,88.574,1.004,0,5538044,221036,167636,2033540,89088.708,120538.689,4098.986,1196.374,72.264,29.106,2029,3142,1.520,1.680,1.120,1,0,12.044,0,0,25,307,4,13,2
17-12 14:03:54,3.490,0.249,93.485,0.249,0,5537768,221036,167660,2033704,8693.328,1689.206,3.989,159.547,0.997,19.943,1561,2778,1.520,1.680,1.120,2,0,0,0,0,25,307,4,13,2
17-12 14:03:55,4.245,2.247,90.634,0,0,5530528,228068,167680,2033892,10230.904,1617.929,203.739,187.760,22.971,18.976,1654,2662,1.480,1.670,1.120,1,0,1.997,0,0,25,307,4,13,1
17-12 14:03:56,2.754,1.252,95.122,0,0,5530596,227844,167688,2034040,8577.963,1588.030,0,32.041,0,5.006,1392,2345,1.480,1.670,1.120,1,0,0,0,0,25,307,4,13,1
17-12 14:03:57,3.000,1.250,94.263,0.250,0,5530556,227844,167720,2034048,5224.737,1620.228,0,464.065,0,43.006,1674,3018,1.480,1.670,1.120,1,0,0,0,0,25,307,4,13,1
17-12 14:03:58,3.000,1.000,94.002,0,0,5530552,227844,167736,2034036,12066.193,1620.026,0,84.001,0,10.000,1567,2613,1.480,1.670,1.120,1,0,0,0,0,25,307,4,13,1
17-12 14:03:59,3.246,0.999,94.627,0.250,0,5530532,227844,167748,2034044,8524.875,1617.889,0,75.901,0,9.987,1411,2453,1.480,1.670,1.120,1,1,0,0,0,25,307,4,13,1
17-12 14:04:00,3.501,1.250,93.029,0,0,5530444,227844,167756,2034124,6894.185,1640.520,72.023,244.077,6.002,19.006,1559,2731,1.360,1.640,1.110,1,0,0,0,0,25,307,4,14,1
17-12 14:04:01,3.503,0.500,95.079,0,0,5530692,227596,167756,2034124,9003.446,1621.341,0,28.023,0,4.003,1373,2354,1.360,1.640,1.110,1,0,1.001,0,0,25,307,4,13,1
17-12 14:04:02,6.001,2.501,90.271,0.250,0,5525384,232888,167784,2034112,7765.848,1512.360,4.001,448.107,1.000,36.009,1810,3099,1.360,1.640,1.110,1,0,2.000,0,0,25,307,4,14,1
17-12 14:04:03,4.003,1.751,91.808,0,0,5532264,225940,167784,2034180,9038.703,1621.023,0,84.053,0,12.008,1786,3006,1.360,1.640,1.110,2,0,1.001,0,0,25,307,4,14,1
17-12 14:04:04,6.996,3.498,88.201,0,0,5534320,223808,167784,2034256,6896.173,1619.101,75.958,3.998,7.996,0.999,1873,4202,1.360,1.640,1.110,1,0,33.981,0,0,25,307,4,15,1
17-12 14:04:05,4.997,4.247,88.697,0.250,0,5535956,222328,167800,2034268,18680.941,5339.839,0,120740.522,0,676.599,2841,3740,1.330,1.630,1.110,1,0,0,0,0,25,307,4,15,1
17-12 14:04:06,2.501,0.750,95.051,0,0,5535956,222328,167800,2034268,9421.031,1620.866,0,24.013,0,4.002,1403,2380,1.330,1.630,1.110,1,0,0,0,0,25,307,4,14,1
17-12 14:04:07,3.249,1.500,94.231,0.250,0,5535928,222328,167820,2034276,7810.430,1565.685,0,375.924,0,29.994,1672,2943,1.330,1.630,1.110,1,0,0,0,0,25,307,4,14,1
17-12 14:04:08,4.247,0.749,94.682,0,0,5535924,222328,167820,2034280,9355.274,1618.836,0,0,0,0,1352,2304,1.330,1.630,1.110,1,0,0,0,0,25,307,4,14,1
17-12 14:04:09,2.499,1.249,94.458,0,0,5535924,222328,167832,2034268,9692.735,1585.302,0,87.961,0,12.994,1464,2524,1.330,1.630,1.110,2,0,0,0,0,25,307,4,14,1
17-12 14:04:10,4.274,1.257,92.518,1.006,0,5535900,222328,167880,2034244,9024.492,1629.115,0,8789.175,0,363.031,2410,3536,1.230,1.600,1.110,1,2,0,0,0,25,307,4,14,1
17-12 14:04:11,2.488,1.493,94.036,0.249,0,5536052,222332,167888,2034280,7600.469,1612.040,0,1623.981,0,85.577,1663,2894,1.230,1.600,1.110,1,0,0.995,0,0,25,307,4,14,1
17-12 14:04:12,2.003,1.252,94.402,0,0,5536016,222332,167896,2034308,5073.158,1622.609,4.006,224.361,1.002,22.035,1415,2488,1.230,1.600,1.110,1,0,0,0,0,25,307,4,14,1
17-12 14:04:13,2.997,0.749,94.412,0,0.250,5535996,222332,167896,2034328,7298.220,1618.496,0,47.955,0,5.994,1465,2543,1.230,1.600,1.110,1,0,0,0,0,25,307,4,14,1
17-12 14:04:14,1.750,0.250,94.991,0,0,5535996,222332,167896,2034328,10927.984,1619.849,0,0,0,0,1309,2306,1.230,1.600,1.110,1,0,0,0,0,25,307,4,14,1
17-12 14:04:15,3.256,1.503,93.917,0.250,0.250,5536792,221408,167896,2034456,6918.335,1460.604,0,2660.744,0,88.157,1507,2349,1.130,1.580,1.100,2,1,0,0,0,25,307,4,15,1
17-12 14:04:16,3.240,0.997,94.957,0,0,5536768,221408,167896,2034456,8612.405,1615.013,0,287.113,0,57.821,1513,2414,1.130,1.580,1.100,4,0,0,0,0,25,307,4,14,1
17-12 14:04:17,3.751,0.750,92.786,0.500,0,5536712,221408,167916,2034492,8825.468,1620.637,32.013,896.352,1.000,55.022,1907,3378,1.130,1.580,1.100,3,0,1.000,0,0,25,307,4,14,1
17-12 14:04:18,4.254,1.001,93.841,0,0,5536672,221408,167932,2034516,10411.068,1695.640,0,100.097,0,18.017,1785,3114,1.130,1.580,1.100,1,0,1.001,0,0,25,307,4,14,1
17-12 14:04:19,3.502,1.001,94.558,0,0,5536672,221408,167936,2034512,7229.461,1663.026,0,72.044,0,9.006,1372,2405,1.130,1.580,1.100,1,0,0,0,0,25,307,4,14,1
17-12 14:04:20,2.248,0.250,94.415,0.500,0,5536660,221408,167944,2034516,7270.471,1618.547,0,403.638,0,28.974,1504,2672,1.040,1.550,1.090,1,0,0,0,0,25,307,4,14,1
17-12 14:04:21,2.749,0.500,94.222,0,0,5536660,221408,167948,2034512,5044.477,1457.560,0,87.973,0,10.997,1418,2533,1.040,1.550,1.090,1,0,1.000,0,0,25,307,4,14,1
17-12 14:04:22,3.251,0.750,94.793,0,0,5536580,221408,167948,2034592,8978.094,1620.739,76.035,4.002,6.003,1.000,1439,2425,1.040,1.550,1.090,1,0,0,0,0,25,307,4,14,1
17-12 14:04:23,2.999,1.000,94.958,0,0,5536492,221408,167948,2034680,6094.325,1457.360,87.961,0,5.997,0,1356,2380,1.040,1.550,1.090,1,0,0,0,0,25,307,4,14,1
17-12 14:04:24,6.261,0.751,91.163,0,0,5535796,221624,167968,2035140,112795.129,1723.088,544.977,8.014,13.023,2.004,1525,2520,1.040,1.550,1.090,1,0,4.007,0,0,25,307,4,14,1
17-12 14:04:25,12.491,6.995,77.697,0,0,5547572,208748,167984,2036224,348462.000,9591.449,471.678,563.615,14.990,4.997,2350,3310,1.030,1.540,1.090,2,0,37.974,0,0,25,307,4,14,1
17-12 14:04:26,17.752,8.251,71.757,1.000,0,5547836,200092,167992,2044560,122593.259,3190.319,2676.268,1220.122,139.014,203.020,3024,3845,1.030,1.540,1.090,5,0,47.005,0,0,25,307,4,14,1
