"pcp-dstat 5.3.6 CSV Output"
"Author:","PCP team <pcp@groups.io> and Dag Wieers <dag@wieers.com>",,,,"URL:","https://pcp.io/ and http://dag.wieers.com/home-made/dstat/"
"Host:","ubuntu",,,,"User:","ubuntu"
"Cmdline:","dstat -tcmndrylpg --tcp --output /tmp/devstack_logs/dstat-csv.log",,,,"Date:","03 Sep 2024 10:16:06 UTC"
"system","total usage",,,,,"memory usage",,,,"net/total",,"dsk/total",,"io/total",,"system",,"load avg",,,"procs",,,"paging",,"tcp sockets",,,,
"time","total usage:usr","total usage:sys","total usage:idl","total usage:wai","total usage:stl","used","free","buf","cach","net/total:recv","net/total:send","dsk/total:read","dsk/total:writ","read","writ","int","csw","1m","5m","15m","run","blk","new","in","out","lis","act","syn","tim","clo"
03-09 10:16:06,,1082404,1330332,168068,5211508,,,,,,,1.320,0.990,0.580,3,0,,,,9,6,6,11,2
03-09 10:16:07,51.735,23.743,23.243,0.250,0,1053280,1338300,168340,5229996,7477.764,1933.422,0,3906.832,0,142.957,4029,6959,1.320,0.990,0.580,3,0,640.808,0,0,9,4,6,11,2
03-09 10:16:08,43.249,21.999,31.749,1.000,0,1083436,1283208,169200,5251572,2396228.491,21053.495,0,6787.837,0,188.995,5611,9076,1.320,0.990,0.580,13,0,359.991,0,0,9,4,6,11,2
03-09 10:16:09,27.692,13.222,57.629,0.748,0,1140908,1198748,170192,5399268,10669.573,3626.377,0,2446.857,0,85.820,4232,6408,1.320,0.990,0.580,0,0,53.887,0,0,10,5,6,11,2
03-09 10:16:10,35.566,12.273,51.345,0.250,0,1113224,1240696,170212,5385148,8006.829,2290.242,0,408.757,0,16.030,1903,2274,1.540,1.040,0.600,2,0,123.228,0,0,10,4,6,11,0
03-09 10:16:11,39.478,13.492,46.224,0,0,1146456,1206368,170264,5386172,6675.262,1619.093,79.955,2122.811,0.999,30.983,10023,19254,1.540,1.040,0.600,3,0,182.898,0,0,10,4,6,13,0
03-09 10:16:12,44.237,8.498,45.737,0,0,1167572,1184052,170300,5387248,6851.992,1619.525,0,2391.299,0,15.995,9052,17854,1.540,1.040,0.600,2,0,12.996,0,0,10,4,6,13,0
03-09 10:16:13,33.046,8.762,46.064,10.014,0,1176728,1166444,170796,5395048,7867.850,1622.237,0,33269.879,0,3040.192,13464,25747,1.540,1.040,0.600,3,0,67.093,0,0,10,6,6,13,0
03-09 10:16:14,21.230,8.742,62.692,5.745,0,1078772,1262220,171028,5396916,8323.293,1510.601,0,32278.110,0,2454.727,9185,16629,1.540,1.040,0.600,1,0,139.870,0,0,10,4,6,13,0
03-09 10:16:15,22.750,2.750,73.998,0,0,1152104,1188888,171028,5396916,8861.814,1619.966,0,655.986,0,29.999,970,1193,1.500,1.040,0.600,1,0,0,0,0,10,4,6,13,0
03-09 10:16:16,23.216,2.496,73.892,0.250,0,1099048,1241884,171044,5396924,6983.762,1765.412,0,7305.290,0,399.414,1839,2845,1.500,1.040,0.600,1,0,9.985,0,0,10,4,6,13,0
03-09 10:16:17,23.751,1.500,73.753,0,0,1152464,1188460,171052,5396924,10386.405,1566.061,0,152.006,0,14.001,925,1093,1.500,1.040,0.600,1,0,0,0,0,10,4,6,13,0
03-09 10:16:18,16.497,10.248,72.486,0,0,1073976,1266924,171060,5396940,8782.323,1619.691,0,11.998,0,2.000,1816,2424,1.500,1.040,0.600,2,0,166.968,0,0,10,4,6,13,0
03-09 10:16:19,10.020,18.036,69.637,0.250,0,1075748,1264988,171060,5397100,7159.132,1623.204,0,344.680,0,61.121,2406,3309,1.500,1.040,0.600,1,0,264.522,0,0,10,4,6,13,0
03-09 10:16:20,10.488,20.228,69.173,0,0,1075180,1265536,171060,5397120,8256.851,1618.207,0,27.969,0,6.992,2353,3386,1.460,1.040,0.600,1,0,254.718,0,0,10,4,6,13,0
03-09 10:16:21,24.277,19.021,55.062,0,0,1117700,1222652,171060,5397644,5707.432,1513.706,0,31787.825,0,77.087,4164,10693,1.460,1.040,0.600,3,0,235.265,0,0,10,5,6,13,0
03-09 10:16:22,45.417,4.741,49.160,0,0,1237996,1102080,171092,5397996,6457.196,1617.044,0,1545.175,0,5.989,1028,1092,1.460,1.040,0.600,2,0,0,0,0,10,5,6,13,0
03-09 10:16:23,48.828,4.257,46.825,0,0,1273732,1063340,171160,5400684,6324.119,1696.715,0,869.391,0,88.141,1504,7045,1.460,1.040,0.600,2,0,0,0,0,10,4,6,13,0
03-09 10:16:24,3.246,6.742,88.897,0.250,0,1275964,1060836,171180,5400796,6135.907,1618.129,0,4510.786,0,117.864,1627,2589,1.460,1.040,0.600,1,0,117.864,0,0,10,4,6,13,0
03-09 10:16:25,7.499,3.000,88.992,0,0,1296588,1040196,171192,5400800,8654.221,1565.859,0,0,0,0,1018,1353,1.340,1.020,0.600,2,0,21.998,0,0,10,4,6,13,0
03-09 10:16:26,23.241,3.499,72.971,0,0,1360720,976020,171192,5400800,10765.737,1619.359,0,20951.703,0,53.979,999,1161,1.340,1.020,0.600,2,0,0,0,0,10,4,6,13,0
03-09 10:16:27,23.006,2.251,72.018,1.000,0,1379536,956896,171252,5401040,6473.586,1620.397,0,2532.620,0,215.053,2661,4857,1.340,1.020,0.600,1,0,1.000,0,0,10,10,6,13,0
03-09 10:16:28,19.996,5.749,73.235,0,0,1327404,1008840,171252,5401228,6961.573,1511.690,0,0,0,0,1137,1468,1.340,1.020,0.600,2,0,41.991,0,0,10,4,6,15,0
03-09 10:16:29,22.281,4.256,72.602,0.501,0,1290384,1045312,171260,5401608,7980.260,1622.289,232.328,1722.430,58.082,19.027,2040,3240,1.340,1.020,0.600,2,0,28.040,0,0,10,28,6,15,0
03-09 10:16:30,22.499,3.500,72.748,0.250,0,1351376,984356,171264,5401640,7591.810,1619.960,0,591.985,0,17.000,1300,1978,1.310,1.020,0.600,1,0,20.000,0,0,10,28,6,15,0
03-09 10:16:31,34.494,9.998,54.990,0,0,1395832,939956,171264,5401656,5783.959,1661.701,0,32290.188,0,68.988,2009,2696,1.310,1.020,0.600,3,0,155.972,0,0,10,28,6,15,0
03-09 10:16:32,42.032,12.760,43.534,0,0,1328788,1006800,171276,5401848,5381.154,1641.267,0,808.624,0,26.020,5395,10186,1.310,1.020,0.600,5,0,255.197,0,0,10,28,6,18,0
03-09 10:16:33,77.980,19.745,2.999,0,0,1551852,783652,171276,5401900,5375.597,1693.558,0,23.994,0,5.998,3023,5543,1.310,1.020,0.600,7,0,320.916,0,0,10,30,6,18,0
03-09 10:16:34,77.517,13.503,9.502,0,0,1416768,918324,171304,5402268,5335.136,1694.361,0,936.199,0,102.022,5777,12489,1.310,1.020,0.600,3,0,202.043,0,0,10,28,6,18,0
03-09 10:16:35,36.418,9.229,52.381,0.249,0,1341324,993716,171320,5402304,5382.819,1508.586,0,578.690,0,42.903,3252,6044,1.370,1.040,0.610,2,0,109.752,0,0,10,28,6,20,0
03-09 10:16:36,23.044,4.258,71.886,0.250,0,1313644,1021552,171324,5402304,8966.939,1697.206,0,15120.563,0,475.899,2618,3428,1.370,1.040,0.610,3,0,15.028,0,0,10,28,6,21,0
03-09 10:16:37,18.216,8.234,72.863,0,0,1370776,964408,171328,5402324,5544.549,1616.952,0,323.390,0,16.968,1282,1849,1.370,1.040,0.610,1,0,58.889,0,0,10,29,6,21,0
03-09 10:16:38,15.765,13.263,69.816,0.250,0,1315124,1020016,171348,5402348,6142.805,1621.532,0,2774.622,0,62.059,2884,4836,1.370,1.040,0.610,1,0,174.165,0,0,10,28,6,22,0
03-09 10:16:39,10.006,20.512,68.789,0,0,1317456,1017676,171348,5402356,4708.656,1620.914,0,352.199,0,17.010,2355,2987,1.370,1.040,0.610,1,0,294.166,0,0,10,28,6,21,0
03-09 10:16:40,51.793,25.021,22.269,0,0,1476552,858536,171356,5402388,5878.903,1641.369,0,2349.960,0,148.124,2991,4969,1.420,1.050,0.620,5,0,542.452,0,0,10,28,6,21,0
03-09 10:16:41,78.724,13.246,6.748,0,0,1552552,782196,171360,5402728,6581.789,1619.456,0,65446.010,0,202.932,6146,12839,1.420,1.050,0.620,6,0,57.981,0,0,10,31,6,21,0
03-09 10:16:42,82.017,15.003,2.501,0.250,0,1484272,850400,171372,5402792,5599.170,1512.316,0,1148.240,0,62.013,3712,8462,1.420,1.050,0.620,6,0,113.024,0,0,10,28,6,21,0
03-09 10:16:43,78.474,16.745,4.748,0,0,1619388,714860,171372,5403216,6577.856,1619.472,0,231.924,0,13.995,6259,13700,1.420,1.050,0.620,6,0,168.945,0,0,10,31,6,21,0
03-09 10:16:44,68.611,11.227,19.211,0,0,1439516,894352,171384,5403576,5978.905,1616.729,0,335.322,0,23.952,4523,11322,1.420,1.050,0.620,4,0,199.596,0,0,10,29,6,21,0
03-09 10:16:45,42.104,9.273,48.621,0,0,1422348,911500,171388,5403592,5330.224,1698.213,0,3480.635,0,120.298,2175,3582,1.460,1.070,0.630,3,0,98.244,0,0,10,28,6,21,0
03-09 10:16:46,45.971,17.489,34.978,0.250,0,1372632,961012,171400,5403764,8309.790,1692.939,0,1567.017,0,33.979,3598,9229,1.460,1.070,0.630,4,0,377.763,0,0,10,28,6,22,0
03-09 10:16:47,64.050,8.006,27.772,0,0,1496620,836776,171408,5403964,5990.697,1621.271,0,408.320,0,18.014,2558,6837,1.460,1.070,0.630,9,0,0,0,0,10,30,6,22,0
03-09 10:16:48,74.736,17.747,6.749,0,0,1525420,807904,171428,5404016,7881.566,1713.688,0,415.924,0,39.993,3274,5758,1.460,1.070,0.630,5,0,257.953,0,0,10,28,6,23,0
03-09 10:16:49,63.248,13.250,21.499,0,0,1450172,882896,171456,5404240,6682.813,1553.956,0,451.987,0,35.999,7413,16996,1.460,1.070,0.630,5,0,213.994,0,0,10,28,6,27,0
03-09 10:16:50,68.969,11.495,20.241,0,0,1498032,834844,171460,5404396,5237.680,1619.283,0,235.895,0,11.995,2494,4426,1.670,1.120,0.650,4,0,111.950,0,0,10,30,6,28,0
03-09 10:16:51,65.716,15.742,18.490,0,0,1440156,892436,171476,5404644,6078.821,1619.153,0,459.760,0,38.980,5355,11920,1.670,1.120,0.650,3,0,298.844,0,0,10,28,6,30,0
03-09 10:16:52,60.060,11.261,28.529,0.250,0,1416864,915652,171492,5404700,6056.086,1695.704,0,412.414,0,36.036,6046,13274,1.670,1.120,0.650,5,0,174.175,0,0,10,28,6,32,0
03-09 10:16:53,65.792,10.507,23.265,0,0,1500496,831444,171492,5405276,5635.562,1621.024,0,228.144,0,11.007,2013,3282,1.670,1.120,0.650,4,0,113.071,0,0,10,29,6,31,0
03-09 10:16:54,61.460,10.493,26.732,0.250,0,1444324,887264,171520,5405596,6405.804,1618.940,0,3057.997,0,213.860,4604,8887,1.670,1.120,0.650,3,0,111.927,0,0,10,28,6,35,0
03-09 10:16:55,63.000,12.750,23.500,0.250,0,1360096,971272,171524,5405808,6509.974,1619.994,0,491.998,0,42.000,5863,11367,1.690,1.130,0.650,7,0,262.999,0,0,10,28,6,37,0
03-09 10:16:56,80.253,16.251,2.750,0,0,1577500,753828,171532,5405836,9095.300,1458.048,0,496.016,0,29.001,2759,5013,1.690,1.130,0.650,7,0,238.008,0,0,10,30,6,37,0
03-09 10:16:57,80.498,16.499,2.500,0,0,1505352,825700,171540,5406088,6319.804,1777.945,0,471.985,0,35.999,4379,8472,1.690,1.130,0.650,8,0,330.990,0,0,10,28,6,34,0
03-09 10:16:58,79.782,15.756,3.751,0,0,1537140,793696,171552,5406280,6291.498,1620.643,0,428.170,0,33.013,5519,10218,1.690,1.130,0.650,9,0,222.088,0,0,10,29,6,34,0
03-09 10:16:59,71.223,19.992,7.747,0,0,1448268,882324,171556,5406512,5030.104,1619.389,0,207.922,0,10.996,5632,13094,1.690,1.130,0.650,3,0,469.823,0,0,10,29,6,34,0
03-09 10:17:00,36.484,24.489,36.984,0,0,1330092,1000272,171560,5406736,6197.335,1693.272,0,215.907,0,12.994,5629,13394,1.960,1.200,0.680,2,0,654.718,0,0,10,28,6,35,0
03-09 10:17:01,8.232,22.451,68.600,0.249,0,1326640,1003704,171564,5406748,5729.475,1616.466,0,163.642,0,6.985,2322,2915,1.960,1.200,0.680,2,0,295.354,0,0,10,28,6,35,0
03-09 10:17:02,26.818,30.578,40.603,0,0,1378244,952068,171568,5406812,8059.544,1624.140,8.020,625.595,2.005,19.049,3545,8338,1.960,1.200,0.680,5,0,757.932,0,0,10,28,6,36,0
03-09 10:17:03,75.504,22.001,2.500,0,0,1557100,773156,171580,5406816,6251.356,1458.083,0,684.039,0,49.003,4063,8098,1.960,1.200,0.680,8,0,466.027,0,0,10,30,6,32,0
03-09 10:17:04,76.054,18.763,3.002,0,0,1492484,837528,171604,5407032,6811.809,1695.197,0,644.455,0,52.037,5555,11517,1.960,1.200,0.680,6,0,352.249,0,0,10,28,6,32,0
03-09 10:17:05,80.696,15.739,2.998,0,0,1541568,788188,171612,5407248,8016.589,1786.794,0,1494.991,0,17.988,5305,10034,2.280,1.280,0.700,7,0,216.854,0,0,10,29,6,32,0
03-09 10:17:06,83.786,13.006,4.002,0,0,1583860,745468,171636,5407644,9572.097,1620.694,0,312.134,0,22.009,7254,19057,2.280,1.280,0.700,6,0,45.019,0,0,10,30,6,32,0
03-09 10:17:07,78.682,16.236,4.246,0,0,1601672,727596,171648,5407716,7947.102,1618.595,0,2006.259,0,124.892,13151,27282,2.280,1.280,0.700,6,0,66.942,0,0,10,30,6,32,0
03-09 10:17:08,80.524,17.755,2.251,0,0.250,1594620,734404,171680,5407880,7731.265,1620.475,0,1668.489,0,54.016,4614,9106,2.280,1.280,0.700,7,0,90.026,0,0,10,30,6,32,0
03-09 10:17:09,80.252,14.500,5.500,0,0,1645892,682636,171680,5408376,9775.186,3595.068,0,428.008,0,15.000,6470,19667,2.280,1.280,0.700,4,0,12.000,0,0,10,32,6,32,0
03-09 10:17:10,74.956,18.739,5.497,0,0,1563088,764392,171908,5409156,170880.351,11445.259,0,1687.006,0,69.959,6871,18449,2.500,1.340,0.730,7,0,226.866,0,0,10,32,6,32,0
03-09 10:17:11,79.795,14.758,4.753,0,0,1576596,749352,172008,5410252,136597.314,4461.525,0,868.492,0,35.020,6397,11335,2.500,1.340,0.730,6,0,86.049,0,0,10,31,6,32,0
03-09 10:17:12,83.754,12.001,4.000,0,0,1573696,751748,172144,5410568,35342.555,7184.316,0,1388.061,0,81.004,6477,11527,2.500,1.340,0.730,5,0,97.004,0,0,10,30,6,32,0
03-09 10:17:13,80.778,13.255,5.752,0,0,1588252,736636,172276,5410924,26632.215,8138.816,0,1200.415,0,55.019,5471,12509,2.500,1.340,0.730,5,0,68.024,0,0,10,32,6,32,0
03-09 10:17:14,85.723,11.246,2.749,0,0,1622768,701072,172412,5411736,56054.343,5301.330,0,939.704,0,44.986,4154,15182,2.500,1.340,0.730,5,0,71.977,0,0,10,31,5,32,0
03-09 10:17:15,84.502,13.000,2.500,0,0,1556396,767048,172548,5411944,23864.549,6464.149,0,1452.033,0,87.002,3395,6949,2.700,1.400,0.750,7,0,195.004,0,0,10,31,5,32,0
03-09 10:17:16,78.999,12.250,8.250,0,0,1610704,710456,172712,5413840,341306.246,10475.885,0,7671.916,0,194.998,7291,15202,2.700,1.400,0.750,8,0,46.999,0,0,10,33,5,33,0
03-09 10:17:17,81.742,12.999,4.500,0,0,1606968,713812,172800,5414100,15534.540,5575.476,0,1267.881,0,49.995,6178,12669,2.700,1.400,0.750,6,0,82.992,0,0,10,31,5,33,0
03-09 10:17:18,82.250,14.500,2.250,0,0,1561708,749392,173244,5422164,1414829.926,13192.934,0,3023.985,0,66.000,5722,10372,2.700,1.400,0.750,7,0,151.999,0,0,10,31,5,33,0
03-09 10:17:19,82.005,14.251,4.250,0,0,1578308,731948,173396,5422788,22643.291,6322.360,0,1140.065,0,48.003,6420,12080,2.700,1.400,0.750,7,0,96.005,0,0,10,32,5,33,0
03-09 10:17:20,80.707,12.743,5.747,0.250,0,1541728,768092,173448,5423032,9709.873,3948.915,0,1930.980,0,51.973,5837,14267,2.890,1.460,0.770,7,0,144.923,0,0,10,30,5,33,1
03-09 10:17:21,82.537,12.506,4.502,0,0,1548220,760932,173632,5423432,65311.933,7308.238,0,1236.548,0,58.026,3787,6521,2.890,1.460,0.770,5,0,103.046,0,0,10,31,5,33,0
03-09 10:17:22,82.749,12.000,5.000,0,0,1466900,841420,173744,5424036,33020.769,3254.977,0,955.993,0,52.000,5032,13477,2.890,1.460,0.770,8,0,88.999,0,0,10,30,5,33,0
03-09 10:17:23,83.505,14.001,2.000,0,0,1581428,726500,173944,5424176,94779.782,10501.641,0,1600.098,0,82.005,3368,7331,2.890,1.460,0.770,5,0,159.010,0,0,10,31,5,33,0
03-09 10:17:24,77.752,12.500,8.250,0.250,0,1507556,764820,174016,5458604,17816457.411,88296.207,0,17928.448,0,53.001,9178,10982,2.890,1.460,0.770,5,0,113.003,0,0,10,30,5,33,0
03-09 10:17:25,84.731,11.747,4.249,0.250,0,1619928,630524,174448,5479136,10410584.671,61094.559,0,13968.927,0,208.954,6615,8076,3.060,1.520,0.800,4,0,46.990,0,0,10,30,5,33,0
03-09 10:17:26,82.271,12.753,4.001,0.250,0,1505736,744208,174576,5479428,59853.963,2523.631,0,900.225,0,52.013,4067,7508,3.060,1.520,0.800,5,0,196.049,0,0,10,30,5,33,0
03-09 10:17:27,81.001,13.500,4.250,0,0,1502412,746320,174620,5480432,6102.067,1566.017,72.001,836.009,1.000,21.000,3646,9282,3.060,1.520,0.800,6,0,114.001,0,0,10,30,5,33,0
03-09 10:17:28,83.273,12.504,3.251,0,0,1577404,670608,174688,5481020,7012.978,1620.457,0,740.209,0,28.008,5101,9091,3.060,1.520,0.800,5,0,141.040,0,0,10,31,5,31,0
03-09 10:17:29,80.967,12.745,5.498,0,0,1569540,677492,174732,5481920,6135.534,1693.319,0,655.736,0,50.980,4698,10340,3.060,1.520,0.800,6,0,85.965,0,0,10,35,5,31,0
03-09 10:17:30,78.237,17.747,3.749,0,0,1508080,729436,175176,5489768,6256.986,1845.701,0,999.838,0,58.990,4556,9149,3.290,1.600,0.830,5,0,325.947,0,0,10,34,6,31,0
03-09 10:17:31,78.732,13.747,5.499,0,0,1546436,689100,175512,5490756,6895.393,1735.596,0,1399.674,0,23.994,6255,12298,3.290,1.600,0.830,6,0,102.976,0,0,10,36,6,31,0
03-09 10:17:32,78.276,15.005,7.502,0.250,0,1527836,707220,175560,5491188,5325.752,1512.498,0,980.323,0,61.020,5259,9892,3.290,1.600,0.830,5,0,127.042,0,0,10,34,6,30,0
03-09 10:17:33,82.232,10.498,6.249,0,0,1517832,687184,175936,5519608,7790.271,1693.624,0,2919.352,0,136.970,4846,9328,3.290,1.600,0.830,6,0,98.978,0,0,10,35,6,30,0
03-09 10:17:34,72.518,18.005,8.002,0.500,0,1482628,661000,178404,5572184,6479.639,1620.410,0,4097.037,0,147.037,3882,9714,3.290,1.600,0.830,5,0,204.052,0,0,10,34,6,28,0
03-09 10:17:35,61.504,10.501,26.252,0.250,0,1482644,612908,189152,5598696,6884.475,1566.108,0,11960.825,0,53.004,4428,8568,3.190,1.600,0.830,3,0,30.002,0,0,10,35,6,28,0
03-09 10:17:36,64.214,10.744,24.736,0.250,0,1523700,564008,189884,5604340,10918.896,1619.095,0,4573.443,0,61.965,3080,11187,3.190,1.600,0.830,3,0,15.991,0,0,10,35,6,26,0
03-09 10:17:37,58.537,17.011,23.765,0,0,1470132,617092,189892,5604812,5893.743,1769.123,0,21961.946,0,547.348,4295,35298,3.190,1.600,0.830,3,0,290.184,0,0,10,34,6,26,0
03-09 10:17:38,58.749,17.500,24.499,0.250,0,1478476,608924,189892,5605072,6030.873,1693.964,0,619.987,0,32.999,2616,4815,3.190,1.600,0.830,3,0,159.997,0,0,10,34,6,24,0
03-09 10:17:39,59.961,14.740,25.233,0,0,1471112,663216,189896,5560232,5864.141,1858.777,0,959.369,0,8.994,3145,6515,3.190,1.600,0.830,4,0,156.897,0,0,10,33,6,24,0
03-09 10:17:40,71.039,15.509,12.507,0,0,1505244,615996,189920,5573172,7223.002,1620.898,76.042,1656.918,1.001,27.015,6305,14796,3.330,1.660,0.850,5,0,217.120,0,0,10,33,6,24,0
03-09 10:17:41,38.922,29.192,30.190,0,0,1341552,778576,189928,5574328,6813.353,1616.762,0,818.361,0,27.944,5065,10959,3.330,1.660,0.850,2,0,815.367,0,0,10,32,6,24,0
03-09 10:17:42,24.496,6.249,68.738,0.250,0,1398752,721028,189932,5574672,6236.927,1619.721,0,6162.940,0,249.957,1952,2302,3.330,1.660,0.850,2,0,68.988,0,0,10,33,6,24,0
03-09 10:17:43,16.999,9.249,71.995,0.250,0,1367808,751956,189932,5574688,6714.537,1565.892,0,235.984,0,19.999,2219,3507,3.330,1.660,0.850,1,0,98.993,0,0,10,32,6,24,0
03-09 10:17:44,23.500,2.500,72.750,0.250,0,1397364,722248,189940,5574832,5775.971,1619.992,0,283.999,0,29.000,1912,3328,3.330,1.660,0.850,1,0,0,0,0,10,32,6,24,0
03-09 10:17:45,18.257,7.753,73.028,0,0,1385364,734232,189940,5574848,5947.260,1620.616,0,228.087,0,14.005,1471,1856,3.150,1.650,0.860,1,0,94.036,0,0,10,32,6,24,0
03-09 10:17:46,22.253,4.751,72.009,0.250,0,1337560,782008,189944,5574872,6543.831,1586.201,0,292.037,0,20.003,2875,5579,3.150,1.650,0.860,1,0,30.004,0,0,10,32,6,24,0
03-09 10:17:47,22.244,3.249,73.729,0,0,1395008,724552,189948,5574876,8848.460,1619.535,0,175.950,0,7.998,1146,1690,3.150,1.650,0.860,1,0,0,0,0,10,33,6,24,0
03-09 10:17:48,21.288,5.760,72.130,0,0,1338160,781368,189948,5574908,6346.417,1622.920,0,180.324,0,9.016,3139,6009,3.150,1.650,0.860,1,0,56.101,0,0,10,32,6,24,0
03-09 10:17:49,22.720,3.246,73.404,0,0,1391580,727944,189948,5574912,6619.302,1659.819,0,151.801,0,8.988,1227,1876,3.150,1.650,0.860,2,0,0,0,0,10,33,6,24,0
03-09 10:17:50,17.745,8.997,72.728,0,0,1368892,750488,189956,5575048,5708.276,1693.489,0,267.919,0,23.993,1638,2391,2.970,1.640,0.860,1,0,92.972,0,0,10,32,6,19,0
03-09 10:17:51,21.999,4.750,72.247,0.250,0,1333364,785956,189964,5575100,6826.686,1565.928,0,1351.938,0,24.999,2133,3899,2.970,1.640,0.860,1,0,51.998,0,0,10,32,6,19,0
03-09 10:17:52,20.239,5.497,73.459,0,0,1392328,726988,189964,5575104,6170.594,1511.166,0,143.921,0,8.995,1067,1426,2.970,1.640,0.860,1,0,46.974,0,0,10,32,6,19,0
03-09 10:17:53,18.010,8.004,72.791,0.250,0,1350600,768684,189972,5575128,7734.331,1694.949,0,564.316,0,26.015,2161,3945,2.970,1.640,0.860,1,0,94.053,0,0,10,32,6,15,0
03-09 10:17:54,23.502,2.500,72.255,0,0,1393168,726096,189976,5575144,7952.509,1620.104,0,260.017,0,23.001,1287,3417,2.970,1.640,0.860,2,0,0,0,0,10,33,6,15,0
03-09 10:17:55,22.744,4.499,71.981,0.500,0,1382692,736548,189984,5575160,6342.288,1619.563,0,995.731,0,72.980,1629,3206,2.820,1.630,0.860,2,0,29.992,0,0,10,32,6,13,0
03-09 10:17:56,22.524,3.754,72.827,0,0,1331576,787504,189984,5575320,7239.696,1621.724,0,120.128,0,7.007,1938,5220,2.820,1.630,0.860,1,0,40.043,0,0,10,32,6,14,0
03-09 10:17:57,11.259,22.768,65.302,0,0,1339820,778964,190000,5575600,7965.324,1621.287,0,232.184,0,16.013,2718,3871,2.820,1.630,0.860,2,0,384.305,0,0,10,32,6,13,0
03-09 10:17:58,43.986,7.498,48.985,0.250,0,1478684,639720,190056,5575924,5941.134,1619.491,0,395.876,0,13.996,1577,2052,2.820,1.630,0.860,2,0,61.981,0,0,10,32,6,13,0
03-09 10:17:59,38.740,8.195,45.196,6.457,0,1426816,685076,190500,5581920,5567.586,1489.987,0,21618.722,0,2025.389,10388,18841,2.820,1.630,0.860,4,1,113.239,0,0,10,36,6,13,0
03-09 10:18:00,42.761,9.307,44.774,4.025,0,1496132,613516,191076,5583568,5700.855,1629.966,0,47478.282,0,3725.779,14599,27592,2.990,1.680,0.880,2,0,35.215,0,0,10,32,6,13,0
03-09 10:18:01,44.707,5.495,48.703,0,0,1520224,589396,191084,5583624,6122.068,1618.432,0,2581.499,0,136.867,1377,1786,2.990,1.680,0.880,2,0,6.993,0,0,10,32,6,12,0
03-09 10:18:02,44.296,8.509,40.793,5.506,0.250,1489480,619380,191456,5584096,6488.774,1695.770,0,17266.026,0,2268.368,14290,25441,2.990,1.680,0.880,2,0,36.038,0,0,10,34,6,13,0
03-09 10:18:03,32.206,8.488,55.924,2.247,0,1457304,651244,191620,5584152,11684.145,1691.704,0,8664.243,0,836.864,6355,10563,2.990,1.680,0.880,1,0,99.864,0,0,10,32,6,12,0
03-09 10:18:04,23.500,2.250,73.500,0,0,1419964,688560,191624,5584168,10166.990,1693.998,0,811.999,0,40.000,1187,1486,2.990,1.680,0.880,2,0,1.000,0,0,10,32,6,12,0
03-09 10:18:05,23.257,3.751,72.521,0.500,0,1355308,753196,191640,5584172,7039.027,1714.494,0,6593.899,0,352.101,1857,2549,2.830,1.670,0.880,2,0,3.001,0,0,10,32,6,12,0
03-09 10:18:06,22.751,3.000,73.254,0,0,1432788,675700,191640,5584188,9496.503,1532.081,0,228.012,0,16.001,1061,1310,2.830,1.670,0.880,2,0,2.000,0,0,10,32,6,12,0
03-09 10:18:07,23.503,2.000,73.758,0,0,1357400,751068,191640,5584208,6078.687,1620.183,0,0,0,0,882,1081,2.830,1.670,0.880,2,0,1.000,0,0,10,32,6,12,0
03-09 10:18:08,23.272,6.256,70.067,0.500,0,1434680,673688,191640,5584208,7108.753,1621.540,0,114092.388,0,630.599,2579,2185,2.830,1.670,0.880,2,0,2.002,0,0,10,32,6,12,0
03-09 10:18:09,23.977,1.748,73.429,0,0,1367832,740508,191640,5584220,7087.182,1618.443,0,0,0,0,904,1104,2.830,1.670,0.880,2,0,0.999,0,0,10,32,6,12,0
03-09 10:18:10,23.498,2.500,73.494,0,0,1445700,662640,191640,5584220,6803.442,1693.861,0,0,0,0,874,1189,2.680,1.660,0.880,3,0,3.000,0,0,10,32,6,12,0
03-09 10:18:11,23.000,2.750,73.750,0,0,1374524,733696,191644,5584268,7358.985,1735.997,0,2823.994,0,8.000,905,1119,2.680,1.660,0.880,2,0,2.000,0,0,10,32,6,12,0
03-09 10:18:12,24.000,2.500,73.000,0,0,1442060,666160,191648,5584264,6032.030,1694.008,0,252.001,0,40.000,1230,1669,2.680,1.660,0.880,2,0,0,0,0,10,32,6,12,0
03-09 10:18:13,23.749,2.000,72.997,0.500,0,1368328,739772,191664,5584368,5449.787,1457.943,0,6003.766,0,314.988,1658,2119,2.680,1.660,0.880,2,0,3.000,0,0,10,32,6,10,0
03-09 10:18:14,22.751,3.250,73.504,0,0,1377708,730356,191664,5584400,7638.397,1694.088,0,12320.641,0,30.002,946,1111,2.680,1.660,0.880,2,0,1.000,0,0,10,32,6,10,0
03-09 10:18:15,23.000,2.500,74.001,0,0,1458096,649968,191664,5584400,12027.096,1620.013,0,0,0,0,891,1071,2.550,1.650,0.880,2,0,2.000,0,0,10,32,6,10,0
03-09 10:18:16,21.749,4.000,73.496,0,0,1383664,724376,191664,5584420,6042.650,1619.906,0,0,0,0,851,1065,2.550,1.650,0.880,2,0,1.000,0,0,10,32,6,10,0
03-09 10:18:17,21.999,3.750,73.747,0,0,1386284,721724,191664,5584452,8508.694,1619.942,0,0,0,0,877,1048,2.550,1.650,0.880,2,0,1.000,0,0,10,32,6,9,0
03-09 10:18:18,23.755,2.250,73.765,0,0,1456592,651416,191664,5584452,6800.421,1768.370,0,260.054,0,4.001,871,1091,2.550,1.650,0.880,2,0,2.000,0,0,10,32,6,9,0
03-09 10:18:19,12.757,14.008,72.041,0,0,1358772,749216,191664,5584468,5317.052,1620.930,0,0,0,0,1776,2416,2.550,1.650,0.880,3,0,178.102,0,0,10,32,6,9,0
03-09 10:18:20,9.752,20.004,69.263,0,0,1356640,751196,191664,5584612,4426.801,1512.274,0,644.117,0,7.001,2401,3299,2.420,1.640,0.880,2,0,283.051,0,0,10,32,6,9,0
03-09 10:18:21,7.499,20.498,69.745,0,0,1358472,749348,191668,5584624,5322.595,1565.881,0,379.971,0,6.999,2387,3409,2.420,1.640,0.880,3,0,271.979,0,0,10,32,6,9,0
03-09 10:18:22,7.756,21.768,68.806,0,0.250,1357464,750316,191668,5584664,5149.222,1621.329,0,456.374,0,14.011,2618,3723,2.420,1.640,0.880,1,0,285.234,0,0,10,32,6,9,0
03-09 10:18:23,7.991,19.728,70.423,0,0,1359304,748464,191668,5584676,6448.971,1618.236,0,315.656,0,21.976,2463,3391,2.420,1.640,0.880,1,0,265.710,0,0,10,32,6,9,0
03-09 10:18:24,17.745,8.248,72.229,0,0,1419212,688552,191668,5584680,5991.239,1619.524,0,15.995,0,2.999,1479,1970,2.420,1.640,0.880,1,0,92.973,0,0,10,32,6,9,0
03-09 10:18:25,23.242,3.249,73.976,0,0.250,1469864,637900,191668,5584680,5407.253,1619.477,0,15.995,0,1.000,925,1117,2.230,1.610,0.880,1,0,1.999,0,0,10,32,6,9,0
03-09 10:18:26,22.252,3.250,73.757,0,0,1414904,692864,191668,5584676,6168.549,1694.151,0,0,0,0,908,1081,2.230,1.610,0.880,1,0,1.000,0,0,10,32,6,9,0
03-09 10:18:27,22.746,2.250,73.987,0,0,1461020,646748,191668,5584676,6897.786,1585.721,0,19.996,0,1.000,877,1030,2.230,1.610,0.880,1,0,2.000,0,0,10,32,6,9,0
03-09 10:18:28,23.254,2.750,73.762,0,0,1421932,685832,191668,5584680,7442.221,1620.266,0,696.114,0,123.020,1131,1119,2.230,1.610,0.880,1,0,1.000,0,0,10,32,6,9,0
03-09 10:18:29,22.763,3.502,73.793,0,0,1460876,646888,191668,5584680,6139.616,1566.923,0,1873.103,0,10.006,923,1083,2.230,1.610,0.880,1,0,2.001,0,0,10,32,6,9,0
03-09 10:18:30,23.237,2.499,73.708,0,0,1430640,677120,191668,5584684,7730.563,1619.071,0,3.998,0,0.999,909,1100,2.130,1.600,0.880,1,0,0.999,0,0,10,32,6,9,0
03-09 10:18:31,21.998,3.750,73.993,0,0,1423240,684520,191668,5584684,6143.459,1661.854,0,11.999,0,1.000,912,1061,2.130,1.600,0.880,1,0,4.000,0,0,10,32,6,9,0
03-09 10:18:32,22.762,3.502,73.288,0.250,0,1437464,670292,191668,5584688,5921.049,1620.835,0,208.107,0,10.005,1044,1476,2.130,1.600,0.880,1,0,3.002,0,0,10,32,6,9,0
03-09 10:18:33,23.535,2.253,73.608,0,0,1361508,746224,191668,5584708,6874.084,1622.380,0,324.476,0,24.035,910,1119,2.130,1.600,0.880,1,0,1.001,0,0,10,32,6,9,0
03-09 10:18:34,23.006,2.751,74.021,0,0,1437876,669868,191668,5584696,6229.744,1586.444,0,396.111,0,2.001,942,1158,2.130,1.600,0.880,1,0,2.001,0,0,10,32,6,9,0
03-09 10:18:35,22.948,3.243,73.833,0,0,1361516,746216,191668,5584708,5920.631,1658.256,0,15.964,0,1.995,908,1100,2.040,1.590,0.880,1,0,0.998,0,0,10,32,6,9,0
03-09 10:18:36,22.002,4.250,73.007,0,0,1443180,664576,191668,5584684,9748.975,1640.164,0,8.001,0,2.000,936,1203,2.040,1.590,0.880,1,0,8.001,0,0,10,32,6,9,0
03-09 10:18:37,22.749,3.000,73.998,0,0,1372372,735360,191668,5584708,5828.860,1619.961,0,23.999,0,1.000,795,1034,2.040,1.590,0.880,1,0,1.000,0,0,10,32,6,9,0
03-09 10:18:38,22.251,3.250,73.754,0,0,1441260,666564,191668,5584616,5879.282,1620.078,0,68.003,0,2.000,801,1133,2.040,1.590,0.880,1,0,2.000,0,0,10,32,6,9,0
03-09 10:18:39,22.497,2.750,73.489,0,0,1377436,730292,191668,5584712,6883.981,1619.760,0,91.986,0,1.000,811,1029,2.040,1.590,0.880,1,0,1.000,0,0,10,32,6,9,0
03-09 10:18:40,22.242,3.499,74.472,0,0,1388160,719568,191668,5584712,7737.044,1619.381,0,11.995,0,1.000,805,1025,1.960,1.580,0.880,1,0,1.000,0,0,10,32,6,9,0
03-09 10:18:41,21.508,4.001,73.527,0,0,1450928,656820,191668,5584692,5983.160,1512.546,0,8.003,0,1.000,853,1141,1.960,1.580,0.880,1,0,4.001,0,0,10,32,6,9,0
03-09 10:18:42,23.299,2.756,73.905,0,0.251,1402300,705448,191676,5584684,7836.425,1697.558,0,132.277,0,11.023,1096,1427,1.960,1.580,0.880,1,0,1.002,0,0,10,32,6,9,0
03-09 10:18:43,23.708,1.747,73.619,0,0,1405400,702320,191684,5584704,6030.284,1563.222,0,327.418,0,22.959,981,1212,1.960,1.580,0.880,1,0,0.998,0,0,10,32,6,9,0
03-09 10:18:44,23.258,2.501,73.024,0,0,1453024,654692,191684,5584708,6091.040,1620.543,0,3205.074,0,82.027,957,1116,1.960,1.580,0.880,1,0,2.001,0,0,10,32,5,9,0
03-09 10:18:45,14.265,15.516,70.323,0,0,1354948,752736,191684,5584740,7346.655,1621.690,0,72.075,0,6.006,2206,2987,1.960,1.590,0.890,1,0,270.282,0,0,10,32,5,9,0
03-09 10:18:46,17.975,9.736,71.650,0,0,1408080,699572,191688,5584768,6200.320,1617.735,0,23.966,0,1.997,1530,2051,1.960,1.590,0.890,1,0,121.829,0,0,10,32,5,9,0
03-09 10:18:47,22.039,2.755,74.381,0,0,1360948,746476,191688,5584996,9307.437,1622.866,0,4.007,0,1.002,917,1077,1.960,1.590,0.890,1,0,9.016,0,0,10,32,5,9,0
03-09 10:18:48,23.731,2.748,73.940,0.250,0,1431864,675560,191688,5584996,6676.565,1552.736,0,135.889,0,2.998,880,1071,1.960,1.590,0.890,1,0,0,0,0,10,32,5,6,0
03-09 10:18:49,17.494,11.746,69.728,0,0,1357816,749516,191688,5585080,5778.180,1619.490,0,59.981,0,1.999,1921,2765,1.960,1.590,0.890,1,0,223.929,0,0,10,32,5,6,0
03-09 10:18:50,9.998,18.996,69.486,0,0,1357368,749948,191688,5585096,5248.934,1565.682,0,95.981,0,3.999,2463,3481,1.800,1.560,0.880,1,0,306.938,0,0,10,32,5,6,0
03-09 10:18:51,7.746,22.738,68.713,0,0,1352016,755244,191688,5585148,5191.228,1619.135,0,255.863,0,4.997,2605,3677,1.800,1.560,0.880,1,0,325.826,0,0,10,32,5,6,0
03-09 10:18:52,8.508,20.269,69.063,0,0,1356896,750340,191688,5585164,6598.064,1621.490,0,108.099,0,5.005,2502,3478,1.800,1.560,0.880,1,0,308.283,0,0,10,32,5,6,0
03-09 10:18:53,8.746,21.741,68.221,0,0,1359152,748056,191692,5585188,7616.809,1619.322,0,839.648,0,10.995,2557,3531,1.800,1.560,0.880,1,0,307.871,0,0,10,32,5,6,0
03-09 10:18:54,8.747,20.744,68.229,0,0,1358864,748324,191692,5585204,7997.553,1511.537,0,747.771,0,10.997,2579,3512,1.800,1.560,0.880,1,0,319.902,0,0,10,32,5,6,0
03-09 10:18:55,10.271,21.543,68.637,0,0,1359744,747432,191692,5585216,7018.036,1623.246,0,829.659,0,9.018,2602,3609,1.740,1.550,0.880,2,0,335.671,0,0,10,32,5,6,0
03-09 10:18:56,9.993,19.737,68.454,0,0,1354948,752208,191692,5585236,8059.616,1692.869,0,867.421,0,10.993,2571,3558,1.740,1.550,0.880,1,0,323.784,0,0,10,32,5,4,0
03-09 10:18:57,9.499,17.998,70.992,0,0,1358136,748996,191692,5585260,6593.229,1639.808,0,163.981,0,4.000,2439,3302,1.740,1.550,0.880,1,0,273.968,0,0,10,32,5,4,0
03-09 10:18:58,10.249,18.248,69.991,0,0,1360116,746988,191696,5585284,6612.107,1661.776,0,187.975,0,5.999,2414,3378,1.740,1.550,0.880,2,0,281.962,0,0,10,32,5,1,0
03-09 10:18:59,8.998,19.496,69.987,0,0,1358876,748208,191696,5585304,6989.686,1693.682,0,563.894,0,60.989,2461,3338,1.740,1.550,0.880,2,0,282.947,0,0,10,32,5,1,0
03-09 10:19:00,21.023,27.030,52.057,0,0,1403128,703920,191708,5585328,7755.469,1848.018,0,957.045,0,53.058,3599,5572,1.760,1.560,0.890,3,0,527.576,0,0,10,32,6,3,0
03-09 10:19:01,60.251,33.500,5.500,0.250,0,1545676,549520,192768,5592492,5586.056,1586.016,3772.038,1180.012,15.000,53.001,8959,6440,1.760,1.560,0.890,4,0,665.007,0,0,10,32,6,7,0
03-09 10:19:02,76.287,13.757,5.253,4.252,0,1681584,404992,193080,5601264,7379.550,1620.780,400.192,16555.963,4.002,1315.633,8056,14947,1.760,1.560,0.890,7,0,124.060,0,0,10,36,6,8,0
03-09 10:19:03,54.469,16.990,18.489,7.496,0.250,1610292,464532,193760,5610320,11450.496,1766.996,0,84124.217,0,6311.415,23330,44975,1.760,1.560,0.890,3,1,156.911,0,0,10,36,6,9,0
03-09 10:19:04,63.008,14.502,16.502,7.251,0,1668420,395516,194144,5620420,6569.795,1620.196,0,87682.610,0,6344.768,21990,41278,1.760,1.560,0.890,3,1,95.011,0,0,10,37,6,8,0
03-09 10:19:05,52.001,11.250,25.500,11.250,0,1627884,426148,194572,5629648,6324.070,1744.019,0,75620.832,0,5947.065,24263,39344,1.860,1.580,0.900,3,0,155.002,0,0,10,36,6,8,0
03-09 10:19:06,39.772,14.758,35.519,10.256,0,1564952,479232,195100,5638532,10548.707,1620.877,0,66876.180,0,4870.635,19532,36735,1.860,1.580,0.900,2,0,221.120,0,0,10,35,6,8,0
03-09 10:19:07,37.477,9.494,45.222,6.996,0,1525456,514164,195496,5642520,6673.889,1619.003,0,47270.881,0,4097.476,19750,35135,1.860,1.580,0.900,2,1,44.972,0,0,10,34,6,9,0
03-09 10:19:08,38.006,8.751,43.257,8.751,0,1566536,472864,195728,5642436,9575.455,1660.252,0,47679.247,0,4179.635,18790,31953,1.860,1.580,0.900,1,1,15.002,0,0,10,35,6,9,0
03-09 10:19:09,36.778,8.256,44.785,8.256,0,1507908,529792,195884,5643920,5430.192,1621.252,0,43989.960,0,4245.277,18686,39344,1.860,1.580,0.900,3,0,63.049,0,0,10,34,6,9,0
03-09 10:19:10,38.464,9.241,39.963,8.992,0,1563076,472000,196048,5646308,9274.430,1618.505,0,48071.582,0,3924.374,17735,29121,2.030,1.620,0.920,4,0,73.932,0,0,10,34,6,9,0
03-09 10:19:11,41.987,8.497,42.237,8.747,0,1565248,466736,196212,5649212,8797.378,1693.495,0,35777.338,0,3561.939,20413,35571,2.030,1.620,0.920,3,2,49.985,0,0,10,35,6,12,0
03-09 10:19:12,38.037,10.510,41.541,10.510,0,1555512,472156,196452,5653168,6953.843,1621.596,0,54978.098,0,4514.442,18322,34039,2.030,1.620,0.920,2,0,72.071,0,0,10,36,6,12,0
03-09 10:19:13,38.427,8.234,42.419,10.230,0,1565388,457316,196708,5657744,5402.670,1563.012,0,58220.682,0,4733.949,24298,41734,2.030,1.620,0.920,4,1,74.857,0,0,10,37,6,12,0
03-09 10:19:14,35.562,10.017,41.071,9.767,0,1541612,478136,196820,5660492,5065.774,1622.811,0,43855.959,0,3939.824,19643,32970,2.030,1.620,0.920,3,0,103.179,0,0,10,36,6,12,0
03-09 10:19:15,40.210,7.243,41.459,10.490,0,1572972,451676,196840,5655536,5123.953,1618.406,0,49623.121,0,4360.705,20892,35433,2.190,1.660,0.940,3,0,11.988,0,0,10,36,6,12,0
03-09 10:19:16,36.493,13.497,45.491,3.499,0,1451036,573380,196860,5655748,5387.944,1659.675,0,21151.854,0,1751.657,8277,13076,2.190,1.660,0.940,2,0,173.966,0,0,10,33,6,13,0
03-09 10:19:17,21.725,9.988,67.422,0.499,0,1423156,601204,196860,5655800,5040.133,1618.117,0,2533.052,0,148.827,2640,3953,2.190,1.660,0.940,1,0,140.836,0,0,10,32,6,14,0
03-09 10:19:18,23.992,2.749,71.975,0.250,0,1450368,573988,196860,5655804,5830.936,1619.427,0,1211.571,0,75.973,2103,3826,2.190,1.660,0.940,1,0,0,0,0,10,32,6,15,0
03-09 10:19:19,20.502,5.501,73.258,0,0,1446452,577880,196860,5655828,5484.636,1620.188,0,800.093,0,45.005,1244,1543,2.190,1.660,0.940,1,0,43.005,0,0,10,32,6,15,0
03-09 10:19:20,17.249,10.500,70.747,0.250,0,1388564,635756,196864,5655844,4857.777,1619.925,0,1055.951,0,81.996,2448,4310,2.090,1.650,0.940,2,0,116.995,0,0,10,32,6,15,0
03-09 10:19:21,7.998,24.494,67.483,0.250,0,1390128,634056,196868,5655976,5731.544,1661.578,0,547.861,0,30.992,2565,3407,2.090,1.650,0.940,1,0,296.925,0,0,10,32,6,15,0
03-09 10:19:22,13.283,22.305,62.656,0.251,0,1400672,623468,196884,5656004,5786.397,1569.906,0,2241.577,0,131.327,3198,4734,2.090,1.650,0.940,3,0,409.018,0,0,10,32,6,17,0
03-09 10:19:23,63.476,12.495,24.741,0,0,1590096,433368,196924,5656640,7109.362,1511.439,0,663.754,0,42.984,2004,2377,2.090,1.650,0.940,3,0,58.978,0,0,10,32,6,21,0
03-09 10:19:24,67.916,7.491,24.220,0,0,1785544,234716,197092,5659384,5627.073,1618.008,0,3056.238,0,125.845,1759,1806,2.090,1.650,0.940,4,0,0,0,0,10,32,6,21,0
03-09 10:19:25,43.819,10.266,37.810,8.764,0,1784112,222616,197284,5672156,7730.245,1622.570,0,66080.672,0,5260.332,23514,38338,2.490,1.740,0.970,3,0,219.347,0,0,10,38,6,21,0
03-09 10:19:26,41.252,9.000,36.002,12.001,0,1784712,210272,197488,5683280,5898.271,1620.075,0,99244.565,0,7736.356,28629,53727,2.490,1.740,0.970,3,0,198.009,0,0,10,38,6,21,0
03-09 10:19:27,46.246,12.999,28.998,10.749,0,1681236,301960,197636,5694520,6224.471,1619.862,0,89976.352,0,7037.402,26471,44438,2.490,1.740,0.970,6,0,251.979,0,0,10,36,6,21,0
03-09 10:19:28,48.772,11.755,32.015,7.003,0,1744204,231176,197728,5701964,7370.346,1694.769,0,76450.709,0,5520.506,23061,36671,2.490,1.740,0.970,4,0,106.048,0,0,10,36,6,21,0
03-09 10:19:29,46.222,9.244,30.731,12.992,0,1781220,177028,197832,5718320,6165.221,1619.008,0,110392.330,0,7702.279,30919,49553,2.490,1.740,0.970,3,0,17.989,0,0,10,38,6,21,0
03-09 10:19:30,46.993,8.499,38.245,4.499,0,1387232,566920,197884,5722208,7438.944,1457.793,0,32987.316,0,2845.596,12819,20928,2.610,1.780,0.990,2,0,121.983,0,0,10,32,6,21,0
03-09 10:19:31,12.224,16.465,69.602,0.249,0,1409880,544248,197884,5722228,7516.966,1658.462,0,834.221,0,50.891,2248,3000,2.610,1.780,0.990,1,0,227.515,0,0,10,32,6,21,0
03-09 10:19:32,22.543,3.006,72.889,0.751,0,1472344,481780,197884,5722228,6373.115,1697.226,0,5077.653,0,313.596,1619,2357,2.610,1.780,0.990,1,1,1.002,0,0,10,32,6,21,0
03-09 10:19:33,23.711,2.246,73.129,0,0,1514416,439696,197888,5722236,7640.340,1691.198,0,3653.945,0,107.821,1447,2188,2.610,1.780,0.990,1,0,0,0,0,10,38,6,21,0
03-09 10:19:34,21.995,4.249,73.232,0,0,1434796,519316,197888,5722236,8070.063,1693.594,0,3.999,0,1.000,1170,1403,2.610,1.780,0.990,1,0,27.993,0,0,10,32,6,21,0
03-09 10:19:35,23.006,2.751,73.519,0,0,1497936,456176,197888,5722236,5822.496,1620.416,0,3484.896,0,18.005,992,1221,2.480,1.760,0.990,1,0,0,0,0,10,32,6,21,0
03-09 10:19:36,20.033,7.012,72.119,0.250,0,1400712,553380,197892,5722240,11634.196,1738.869,0,881.454,0,42.069,1606,2148,2.480,1.760,0.990,1,0,66.109,0,0,10,32,6,21,0
03-09 10:19:37,13.757,38.019,47.024,0,0,1399664,554380,197892,5722288,5692.858,1512.759,0,280.141,0,26.013,4535,7716,2.480,1.760,0.990,2,0,948.476,0,0,10,32,6,21,0
03-09 10:19:38,12.727,37.933,48.414,0,0,1401136,552836,197892,5722356,6063.226,1563.222,0,191.659,0,25.954,4442,7657,2.480,1.760,0.990,1,0,974.269,0,0,10,32,6,21,0
03-09 10:19:39,4.747,9.993,83.689,0,0,1385460,568488,197892,5722380,7413.573,1618.815,0,7.994,0,1.999,1554,2099,2.480,1.760,0.990,1,0,118.913,0,0,9,12,6,21,20
03-09 10:19:40,9.516,20.534,69.615,0.250,0,1395076,558104,197928,5723048,6034.964,1696.801,516.853,12.020,7.012,2.003,2699,3680,2.360,1.750,0.990,1,0,269.445,0,0,11,12,6,21,20
03-09 10:19:41,9.995,19.740,68.966,0,0,1394444,558688,197928,5723076,7332.392,1693.167,0,23.988,0,5.997,2348,3276,2.360,1.750,0.990,1,0,241.881,0,0,11,12,6,21,20
03-09 10:19:42,18.491,15.742,64.469,0.250,0,1399840,552980,197928,5723220,7267.533,1693.192,0,1319.371,0,220.895,4475,10027,2.360,1.750,0.990,3,0,162.922,0,0,11,12,6,21,20
03-09 10:19:43,18.510,21.012,59.033,0,0,1445392,506820,197940,5723808,6572.628,1620.895,0,372.205,0,4.002,2654,3956,2.360,1.750,0.990,1,0,314.173,0,0,13,12,6,21,20
03-09 10:19:44,9.738,20.975,67.920,0,0,1445652,506536,197940,5723832,5748.200,1584.126,0,23.972,0,5.993,2420,3534,2.360,1.750,0.990,1,0,246.708,0,0,13,12,6,21,20
03-09 10:19:45,21.795,18.288,58.371,0,0,1474900,476996,197948,5724132,7126.781,1569.255,0,40.083,0,3.006,4162,9975,2.490,1.790,1,3,0,185.384,0,0,13,12,6,21,20
03-09 10:19:46,11.971,20.201,66.338,0.249,0,1493060,458628,197948,5724252,6499.116,1616.050,0,554.644,0,33.917,2803,4350,2.490,1.790,1,1,0,291.288,0,0,15,12,6,21,20
03-09 10:19:47,14.540,19.805,66.182,0,0,1494616,457100,197948,5724288,5614.473,1624.477,0,88.243,0,9.025,3747,6053,2.490,1.790,1,1,0,210.580,0,0,15,12,6,21,20
03-09 10:19:48,40.250,15.000,43.250,0,0,1621412,330232,197996,5724284,8256.942,1767.988,0,555.996,0,5.000,3312,4942,2.490,1.790,1,13,0,132.999,0,0,17,12,6,21,20
03-09 10:19:49,83.750,15.750,0.250,0,0,1904224,122012,196268,5652060,5239.984,1619.995,483.999,0,6.000,0,2002,2908,2.490,1.790,1,12,0,38.000,0,0,17,12,6,21,20
03-09 10:19:50,33.718,17.484,49.703,0,0,1916656,180164,195356,5583120,4951.331,1618.474,1922.187,5890.445,33.968,353.666,3074,4157,2.450,1.790,1.010,2,0,199.812,0,0,17,12,6,21,20
03-09 10:19:51,9.985,20.969,67.898,0.499,0,1919032,176624,195356,5584252,5370.938,1509.734,970.543,27.958,57.913,6.990,2668,3960,2.450,1.790,1.010,2,0,241.637,0,0,17,12,6,21,20
03-09 10:19:52,15.284,19.544,64.144,0.501,0,1926220,168240,195356,5585800,5583.569,1623.655,1330.996,513.155,28.063,7.016,4272,8881,2.450,1.790,1.010,2,0,197.444,0,0,17,12,6,21,20
03-09 10:19:53,24.240,10.746,62.724,0.500,0,1966900,124264,195424,5588696,5806.590,1607.333,3070.726,0,97.959,0,2482,3843,2.450,1.790,1.010,3,0,140.942,0,0,17,12,6,21,20
03-09 10:19:54,11.746,8.747,78.225,0.250,0,1988264,118588,195108,5573372,7389.672,1619.490,835.737,2599.181,18.994,278.912,2366,2884,2.450,1.790,1.010,1,0,91.971,0,0,18,12,6,22,20
03-09 10:19:55,23.753,4.251,71.010,0.500,0,2042236,131280,194484,5508156,5892.813,1620.224,156.022,432.060,11.002,21.003,1597,2750,2.340,1.780,1.010,2,0,0,0,0,18,12,6,22,10
03-09 10:19:56,20.005,7.502,70.016,0.500,0,2003108,186504,194392,5492516,7830.770,1694.383,1032.233,2044.462,13.003,261.059,3060,5343,2.340,1.780,1.010,1,0,60.014,0,0,18,18,6,27,0
03-09 10:19:57,8.998,21.995,67.486,0,0,2006008,183448,194392,5492692,6264.672,1619.657,203.957,243.948,6.999,11.997,2788,3954,2.340,1.780,1.010,1,0,281.940,0,0,18,18,6,27,0
03-09 10:19:58,10.494,17.990,70.210,0,0,2010972,178452,194392,5492724,6185.456,1511.134,0,39.977,0,3.998,2710,3930,2.340,1.780,1.010,2,0,247.858,0,0,18,18,6,27,0
03-09 10:19:59,10.252,21.253,68.010,0.250,0,2008516,180424,194392,5493160,5757.858,1620.241,384.057,24.004,13.002,6.001,2775,4241,2.340,1.780,1.010,1,0,265.039,0,0,18,18,6,27,0
03-09 10:20:00,12.259,19.515,66.051,0.250,0,2009456,179128,194392,5493844,5286.054,1567.202,392.301,24.018,6.005,6.005,3559,5806,2.150,1.750,1,3,0,248.190,0,0,18,18,6,27,0
03-09 10:20:01,32.535,15.016,51.305,0,0,2062392,124176,194408,5495968,6067.510,1621.740,1938.080,28.030,46.049,2.002,4634,7386,2.150,1.750,1,5,0,167.179,0,0,18,19,6,27,0
03-09 10:20:02,44.973,7.995,46.472,0,0,2146608,124264,194092,5413628,8851.680,1692.983,179.892,2090.743,9.994,258.844,1894,1867,2.150,1.750,1,4,0,0,0,0,18,19,6,21,0
03-09 10:20:03,53.155,9.483,36.934,0.749,0.250,2219976,133400,194032,5333104,7391.813,1659.040,1752.873,5865.536,83.850,310.446,6159,16140,2.150,1.750,1,2,0,41.925,0,0,18,35,6,22,0
03-09 10:20:04,30.266,12.757,56.030,0,0,2251504,128984,194036,5306088,10625.653,1694.902,916.488,1856.988,74.039,114.061,2668,3644,2.150,1.750,1,2,0,175.093,0,0,18,34,6,21,0
03-09 10:20:05,13.988,7.494,76.184,0.500,0,2267404,126040,194044,5293348,9803.520,2274.033,1630.590,591.488,42.963,71.938,1999,2811,2.060,1.740,1,0,0,82.928,0,0,18,35,6,21,0
03-09 10:20:06,2.500,2.500,92.759,0.250,0,2294976,129608,194052,5262720,60655.823,3140.301,12.001,864.083,2.000,92.009,1460,2354,2.060,1.740,1,0,0,0,0,0,18,35,6,21,0
03-09 10:20:07,1.750,0.500,96.232,0,0,2295164,129356,194052,5262784,84838.559,3269.405,0,139.975,0,5.999,1074,1786,2.060,1.740,1,1,0,0,0,0,18,35,6,21,0
03-09 10:20:08,12.754,7.503,80.027,0.750,0,2334692,132432,194168,5221128,53085.731,2754.920,3281.096,584.195,66.022,28.009,1625,2312,2.060,1.740,1,1,0,24.008,0,0,18,34,6,21,0
03-09 10:20:09,16.243,11.745,68.470,2.749,0,2336928,166924,194316,5186128,7663.597,1619.281,771.657,8760.111,55.975,414.816,3768,5286,2.060,1.740,1,2,0,62.972,0,0,18,34,6,21,0
03-09 10:20:10,17.751,9.000,71.753,1.000,0,2359212,140240,194324,5189408,7315.271,1662.061,3232.120,0,468.017,0,2465,2823,1.970,1.720,1,2,0,34.001,0,0,18,34,6,21,0
03-09 10:20:11,15.272,12.017,71.852,0,0,2364832,134452,194324,5189524,6166.714,1664.352,0,0,0,0,1991,2570,1.970,1.720,1,1,0,63.089,0,0,18,34,6,21,0
03-09 10:20:12,22.720,4.744,71.905,0,0,2369048,129556,194336,5190164,7638.917,1510.007,495.346,7.989,13.982,1.997,1465,2019,1.970,1.720,1,1,0,24.967,0,0,18,34,6,18,0
03-09 10:20:13,22.002,4.500,72.508,0,0,2372352,126304,194340,5190016,5765.617,1694.181,4.000,0,1.000,0,1487,2065,1.970,1.720,1,1,0,23.002,0,0,18,34,6,18,0
03-09 10:20:14,17.264,9.008,72.060,0,0,2311484,236828,194340,5141160,5795.857,1621.359,112.094,140.117,7.006,3.003,1906,2701,1.970,1.720,1,1,0,91.076,0,0,18,34,5,18,0
03-09 10:20:15,14.005,15.005,69.523,1.250,0,2313344,230768,194784,5144908,7065.289,1620.525,4125.337,16.005,130.042,2.001,2511,3705,1.810,1.700,1,1,0,195.063,0,0,18,34,5,18,0
03-09 10:20:16,14.741,11.743,70.455,0.500,0,2318244,224704,194832,5145980,5741.354,1565.006,1235.216,579.632,78.950,33.978,4142,8931,1.810,1.700,1,0,0,107.931,0,0,18,34,5,17,0
03-09 10:20:17,1.750,0.250,96.495,0,0,2318244,224544,194832,5146144,4679.752,1619.914,0,35.998,0,4.000,961,1652,1.810,1.700,1,1,0,3.000,0,0,18,34,5,17,0
03-09 10:20:18,2.249,0.750,95.967,0,0,2318244,224544,194832,5146144,5954.951,1619.443,0,7.997,0,1.999,1056,1800,1.810,1.700,1,0,0,1.999,0,0,18,34,5,16,0
03-09 10:20:19,1.751,0.500,96.801,0,0,2318244,224544,194836,5146140,5191.726,1512.794,4.002,4.002,1.001,1.001,1018,1774,1.810,1.700,1,0,0,2.001,0,0,18,34,5,16,0
03-09 10:20:20,4.246,3.996,90.655,0,0,2245864,296924,194836,5146144,6421.258,1618.301,0,7.992,0,1.998,1256,2121,1.750,1.680,1,0,0,24.974,0,0,18,34,5,15,0
03-09 10:20:21,19.801,16.292,62.412,0,0,2301996,240452,194836,5146532,6336.468,1624.221,224.584,1764.586,7.018,296.771,4994,10154,1.750,1.680,1,3,0,240.625,0,0,18,34,5,16,0
03-09 10:20:22,10.491,16.735,72.936,0,0,2297184,245240,194836,5146512,6999.903,1692.526,7.993,135.882,0.999,3.997,2857,4428,1.750,1.680,1,1,0,224.804,0,0,19,34,5,16,0
03-09 10:20:23,15.012,17.514,63.802,0.250,0,2310240,230504,194844,5148276,6228.095,1879.537,1389.136,4.003,41.034,1.001,4732,10021,1.750,1.680,1,14,0,223.183,0,0,19,34,5,16,0
03-09 10:20:24,9.987,9.737,78.648,0,0,2311932,228740,194844,5148184,6094.120,1617.908,0,231.700,0,8.988,2528,4299,1.750,1.680,1,0,0,150.805,0,0,19,34,5,10,0
03-09 10:20:25,7.759,16.019,74.338,0,0,2318700,221940,194844,5148560,6218.363,1587.880,0,4.005,0,1.001,2965,5497,1.770,1.690,1,1,0,177.210,0,0,21,34,5,10,0
03-09 10:20:26,14.726,15.974,67.891,0,0,2322700,217936,194844,5148220,6158.110,1617.402,0,55.910,0,7.987,3062,7178,1.770,1.690,1,1,0,182.707,0,0,21,36,5,10,0
03-09 10:20:27,10.993,17.488,69.454,0,0,2320228,220364,194844,5148248,6166.874,1618.917,0,23.984,0,5.996,2695,4041,1.770,1.690,1,2,0,245.836,0,0,21,36,5,10,0
03-09 10:20:28,11.499,19.248,67.744,0,0,2313316,227252,194844,5148620,11098.968,1619.849,0,27.997,0,6.999,2958,4574,1.770,1.690,1,3,0,245.977,0,0,21,36,5,10,0
03-09 10:20:29,25.033,20.527,54.322,0,0,2348592,191944,194856,5148272,7986.598,1696.251,92.122,240.319,8.011,8.011,5477,12182,1.770,1.690,1,2,0,263.349,0,0,21,36,5,10,0
03-09 10:20:30,38.444,16.476,42.937,0.250,0,2420576,126668,194896,5141572,7715.666,1843.292,15.977,671.014,3.994,50.925,5222,10282,1.790,1.690,1.010,3,3,241.645,0,0,21,36,6,10,0
03-09 10:20:31,26.810,5.763,66.650,0.251,0,2459884,145392,195060,5084976,7829.648,1643.705,192.434,4117.280,7.016,492.109,2586,3813,1.790,1.690,1.010,1,0,12.027,0,0,21,44,6,14,0
03-09 10:20:32,23.998,4.750,71.493,0,0,2505908,126640,195064,5058200,5422.501,1511.861,4.000,0,1.000,0,1415,2050,1.790,1.690,1.010,2,0,5.999,0,0,21,44,6,14,0
03-09 10:20:33,5.738,2.744,89.561,0,0,2518584,130196,195064,5042448,7474.244,1780.247,7.983,0,0.998,0,1875,3603,1.790,1.690,1.010,1,0,2.994,0,0,21,44,6,14,0
03-09 10:20:34,1.750,1.000,94.992,0.500,0,2518576,130196,195064,5042456,5825.528,1619.869,11.999,547.956,3.000,6.000,1014,1777,1.790,1.690,1.010,0,0,1.000,0,0,21,44,6,14,0
03-09 10:20:35,14.717,15.964,68.845,0,0,2524536,123880,195068,5043164,5851.816,1658.264,351.209,0,22.948,0,5279,10326,1.960,1.730,1.020,10,0,207.532,0,0,21,42,6,14,0
03-09 10:20:36,15.772,16.773,64.338,1.252,0,2527600,127088,195072,5036984,9054.386,1664.277,288.395,52904.373,20.027,387.530,4060,5474,1.960,1.730,1.020,4,0,241.330,0,0,21,42,6,14,0
03-09 10:20:37,20.575,18.567,59.967,0,0,2525464,131068,195072,5034780,5367.457,1700.163,4.015,28.102,1.004,7.025,5353,12106,1.960,1.730,1.020,2,0,191.695,0,0,19,34,6,14,0
03-09 10:20:38,19.701,19.203,59.852,0,0,2534656,121852,195072,5035252,5920.371,1643.938,179.556,3.990,14.963,0.998,5220,10036,1.960,1.730,1.020,1,0,302.253,0,0,21,44,6,14,0
03-09 10:20:39,10.993,6.496,81.197,0,0,2536644,119860,195072,5034900,5207.620,1618.949,3.997,167.891,0.999,2.998,2795,5550,1.960,1.730,1.020,0,0,40.973,0,0,21,44,6,14,0
03-09 10:20:40,30.831,16.543,51.636,0,0,2365204,291072,195072,5035128,8032.092,1624.265,80.211,276.727,3.008,3.008,2926,4897,2.050,1.750,1.030,3,0,401.053,0,0,21,36,6,18,0
03-09 10:20:41,32.500,21.250,45.250,0,0,2419404,236864,195072,5035168,6668.973,1619.994,0,28.000,0,7.000,3203,5339,2.050,1.750,1.030,2,0,406.998,0,0,21,36,6,18,0
03-09 10:20:42,42.763,21.506,34.010,0,0,2499036,156692,195076,5035720,6158.811,1620.476,28.008,12.004,3.001,3.001,5872,10399,2.050,1.750,1.030,3,0,312.092,0,0,21,44,6,22,0
03-09 10:20:43,42.646,8.230,48.382,0.499,0,2613284,125080,195072,4954764,7172.442,1705.824,0,4241.617,0,410.994,2484,3448,2.050,1.750,1.030,1,0,6.983,0,0,21,44,6,22,0
03-09 10:20:44,23.506,4.751,71.019,0,0,2647136,130404,195156,4916228,5786.562,1620.438,0,0,0,0,1321,2516,2.050,1.750,1.030,1,0,4.001,0,0,21,44,6,22,0
03-09 10:20:45,25.051,4.760,64.882,5.010,0,2669380,131268,196228,4892140,6731.659,1460.964,973.976,16196.863,69.140,1464.972,7318,11638,1.960,1.740,1.030,2,1,5.010,0,0,21,46,6,22,0
03-09 10:20:46,25.255,7.251,53.761,11.752,0,2671800,124784,196264,4896348,6255.245,1694.337,12.002,31790.326,3.001,2774.552,17571,27489,1.960,1.740,1.030,3,1,7.001,0,0,21,46,6,22,0
03-09 10:20:47,34.234,20.240,43.979,1.000,0,2806340,130160,196340,4759176,7481.431,1693.192,819.609,9895.280,134.936,644.692,7452,16943,1.960,1.740,1.030,2,0,167.920,0,0,22,71,6,33,0
03-09 10:20:48,10.974,19.952,67.090,0.748,0,2813836,135032,196348,4747024,8370.021,1616.142,7.981,6783.807,1.995,380.093,3890,6270,1.960,1.740,1.030,1,0,270.355,0,0,22,71,6,33,0
03-09 10:20:49,9.526,20.808,67.437,0,0,2820884,128044,196348,4747012,5486.213,1624.505,0,886.458,0,49.136,3048,4723,1.960,1.740,1.030,1,0,292.812,0,0,22,71,6,33,0
03-09 10:20:50,18.714,19.463,60.135,0,0,2836420,176828,196348,4683896,5449.597,1616.913,0,119.771,0,9.981,5307,12543,1.890,1.730,1.030,1,0,146.720,0,0,22,71,6,33,0
03-09 10:20:51,43.978,12.494,42.729,0.250,0,2941308,133012,196348,4624568,5969.039,1619.197,355.824,15.992,6.997,3.998,2148,3419,1.890,1.730,1.030,2,0,121.940,0,0,22,72,6,34,0
03-09 10:20:52,26.551,12.774,59.364,0.250,0,2989060,128728,196368,4582136,5664.843,1460.796,176.338,1510.892,10.019,83.159,2872,5054,1.890,1.730,1.030,1,0,162.311,0,0,22,75,6,35,0
03-09 10:20:53,10.242,17.985,70.442,0,0,2997256,120696,196368,4582088,6551.641,1708.602,0,143.882,0,16.986,2859,4366,1.890,1.730,1.030,1,0,259.787,0,0,22,75,6,35,0
03-09 10:20:54,9.255,20.012,70.041,0,0.250,2994696,123236,196368,4582108,6020.558,1695.002,0,44.026,0,4.002,2790,4154,1.890,1.730,1.030,1,0,266.157,0,0,22,75,6,35,0
03-09 10:20:55,10.246,18.743,69.224,0.500,0,2994332,125808,196368,4579900,5765.797,1619.381,0,3434.688,0,356.864,3602,4602,1.810,1.720,1.030,2,0,285.891,0,0,22,75,6,34,0
03-09 10:20:56,11.504,17.506,68.772,0,0,3001376,118840,196368,4579824,6644.126,1620.519,0,176.056,0,7.002,3278,5126,1.810,1.720,1.030,1,0,270.086,0,0,22,77,6,34,0
03-09 10:20:57,16.256,19.507,62.523,0.250,0,3003128,129752,196368,4567860,6399.400,1620.608,0,668.251,0,61.023,4501,8362,1.810,1.720,1.030,12,0,296.111,0,0,22,91,6,29,0
03-09 10:20:58,25.509,18.756,54.269,0,0,3028572,128756,196368,4543528,7836.688,1620.556,0,68.023,0,4.001,3892,7278,1.810,1.720,1.030,2,0,251.086,0,0,22,91,6,29,0
03-09 10:20:59,31.998,21.999,44.998,0,0,3090548,129080,196368,4482776,5003.735,1511.920,4.000,35.998,1.000,9.000,3190,5562,1.810,1.720,1.030,3,0,409.978,0,0,22,91,6,29,0
03-09 10:21:00,36.006,20.753,39.757,0.500,0,3180708,125884,196388,4397268,5269.885,1566.263,16.003,6805.143,3.001,489.082,8791,15884,1.910,1.740,1.040,3,0,226.038,0,0,24,103,6,29,0
03-09 10:21:01,51.763,26.756,21.505,0,0,3287500,118544,196388,4298832,8094.959,1620.392,116.028,260.063,5.001,18.004,4272,7439,1.910,1.740,1.040,4,0,697.169,0,0,24,103,6,29,0
03-09 10:21:02,62.225,20.992,15.494,0.250,0,3395960,122996,196388,4188156,6311.513,1693.333,0,243.904,0,24.990,5269,16187,1.910,1.740,1.040,5,0,256.899,0,0,24,109,6,29,0
03-09 10:21:03,47.000,24.000,28.000,0.750,0,3480872,137504,196388,4090800,6400.968,1619.992,247.999,6695.967,27.000,477.998,4752,9771,1.910,1.740,1.040,3,0,540.997,0,0,24,123,6,29,0
03-09 10:21:04,19.997,21.246,56.490,0,0.250,3509344,135920,196392,4064564,6478.886,1619.721,7.999,259.955,2.000,18.997,3424,5560,1.910,1.740,1.040,2,0,394.932,0,0,25,123,6,29,0
03-09 10:21:05,21.240,16.242,60.970,0,0,3526476,118640,196392,4064732,9712.299,1713.171,3.998,455.779,1.000,32.984,4231,8476,1.840,1.730,1.040,3,0,197.904,0,0,25,123,6,28,0
03-09 10:21:06,30.225,23.231,45.713,0,0,3566152,127648,196392,4016836,9355.338,1510.763,35.971,99.918,2.998,5.995,3174,5404,1.840,1.730,1.040,3,0,372.695,0,0,25,123,6,28,0
03-09 10:21:07,35.541,19.773,42.799,0,0,3606628,129460,196400,3975596,8080.300,1695.952,0,196.226,0,21.024,5002,8563,1.840,1.730,1.040,2,0,253.292,0,0,25,129,6,28,0
03-09 10:21:08,37.498,23.999,36.498,0.500,0.250,3713412,126560,196408,3873336,7414.563,1639.903,231.986,5583.671,10.999,444.974,8235,13119,1.840,1.730,1.040,3,0,373.978,0,0,25,139,6,28,0
03-09 10:21:09,29.748,25.498,43.997,0,0.250,3764536,130104,196408,3819144,6147.533,1619.877,187.986,179.986,5.000,12.999,3658,6355,1.840,1.730,1.040,3,0,497.962,0,0,25,139,6,27,0
03-09 10:21:10,25.212,23.215,48.428,0.250,0,3811872,129248,196408,3773172,7724.437,1691.468,63.904,1102.350,3.994,75.886,6092,11940,2.250,1.810,1.080,3,0,404.395,0,0,25,151,6,27,0
03-09 10:21:11,10.250,19.999,66.997,0,0,3818300,122984,196408,3773092,6481.728,1693.929,0,215.991,0,19.999,3192,5013,2.250,1.810,1.080,4,0,264.989,0,0,25,151,6,27,0
03-09 10:21:12,22.039,19.785,57.602,0.250,0,3837096,134612,196408,3742728,6083.793,1739.085,1021.813,84.149,14.025,5.009,5673,10447,2.250,1.810,1.080,3,0,211.375,0,0,25,151,6,27,0
03-09 10:21:13,44.947,9.988,43.948,0.499,0,3954796,134144,196408,3626532,5489.533,1510.221,1078.729,4894.235,58.931,398.531,2843,3089,2.250,1.810,1.080,2,0,4.994,0,0,25,151,6,27,0
03-09 10:21:14,44.743,9.499,45.493,0.250,0,4064448,129972,196408,3521280,5213.202,1767.730,303.953,55.991,25.996,3.999,1956,2504,2.250,1.810,1.080,2,0,3.999,0,0,25,153,6,27,0
03-09 10:21:15,31.784,14.766,52.557,0.250,0,4001576,195092,196416,3519032,8359.053,1621.756,12.013,704.763,3.003,48.052,3685,6542,2.150,1.800,1.070,2,0,329.357,0,0,25,159,6,28,0
03-09 10:21:16,36.762,22.007,39.513,0.500,0,4050872,143808,196428,3520992,5830.930,1566.519,816.270,216.072,18.006,20.007,6388,12741,2.150,1.800,1.070,5,0,446.148,0,0,25,173,6,28,0
03-09 10:21:17,48.543,22.903,27.881,0.249,0,4038012,169344,196424,3508408,9619.052,1613.133,2035.336,6109.990,37.839,422.203,6543,13754,2.150,1.800,1.070,7,0,279.809,0,0,25,173,6,28,0
03-09 10:21:18,74.316,17.575,7.030,0,0,4182276,123716,196344,3411920,5448.177,1701.237,20.085,5117.771,2.009,321.367,4358,8491,2.150,1.800,1.070,5,0,169.722,0,0,25,188,6,29,0
03-09 10:21:19,76.481,17.746,1.750,2.499,0,4254176,126104,196308,3338892,6644.365,1619.602,4974.776,815.799,295.927,19.995,3588,7069,2.150,1.800,1.070,5,1,56.986,0,0,25,193,6,29,0
03-09 10:21:20,65.485,22.495,11.248,2.000,0,4241560,228340,196268,3250272,4565.986,1511.664,2199.512,10169.742,230.949,430.904,8614,16384,2.300,1.840,1.090,3,0,186.958,0,0,25,193,6,33,0
03-09 10:21:21,48.321,28.395,21.171,0.249,0,4294376,165408,196288,3260432,6653.316,1614.012,434.388,522.063,11.956,31.882,10526,31914,2.300,1.840,1.090,9,0,487.193,0,0,25,194,6,33,0
03-09 10:21:22,48.206,19.835,31.887,0,0,4305676,153752,196288,3260772,5855.071,1701.285,68.292,470.013,4.017,36.155,5987,12202,2.300,1.840,1.090,3,0,301.290,0,0,25,193,6,33,0
03-09 10:21:23,51.994,25.247,20.497,0.250,0,4370652,131580,196292,3218824,6532.183,1619.798,47.994,18473.691,2.000,736.908,6654,11564,2.300,1.840,1.090,4,0,427.947,0,0,25,197,6,33,0
03-09 10:21:24,60.715,23.986,13.742,0.250,0,4415980,133720,196272,3171456,6145.466,1565.100,979.437,639.632,54.968,31.982,6610,15685,2.300,1.840,1.090,4,0,412.763,0,0,25,202,6,36,0
03-09 10:21:25,55.956,22.232,20.983,0.250,0,4461820,128184,196236,3132052,5870.351,1618.718,115.908,895.291,9.992,71.943,6696,13855,2.600,1.910,1.120,5,0,328.740,0,0,25,203,6,36,0
03-09 10:21:26,67.078,17.020,15.018,0,0,4572196,131960,196028,3020616,6273.334,1621.896,236.276,648.758,21.025,39.046,8339,15462,2.600,1.910,1.120,4,0,174.204,0,0,25,210,6,38,1
03-09 10:21:27,71.453,11.492,15.989,0.250,0,4647332,122140,195908,2956976,5775.177,1584.951,591.608,627.585,42.972,55.963,3454,7378,2.600,1.910,1.120,3,0,5.996,0,0,25,216,6,42,0
03-09 10:21:28,52.520,14.255,31.512,1.000,0,4625244,190808,195904,2911612,32049.083,11303.261,828.312,10736.047,51.019,976.368,8554,14326,2.600,1.910,1.120,2,0,123.046,0,0,25,226,6,48,0
03-09 10:21:29,34.264,21.009,43.018,0,0,4679292,136656,195904,2911716,27485.241,7842.207,0,676.277,0,54.022,5328,10632,2.600,1.910,1.120,4,0,398.163,0,0,25,231,6,48,0
03-09 10:21:30,35.956,19.726,43.198,0.250,0,4668560,146916,195904,2912560,6793.766,1618.039,199.758,699.153,3.995,50.938,4852,8603,2.630,1.920,1.130,2,0,302.633,0,0,25,229,6,48,0
03-09 10:21:31,57.257,15.752,24.503,0,0,4716244,144328,195860,2868512,6253.738,1620.191,40.005,5900.696,7.001,536.063,5418,8776,2.630,1.920,1.130,4,0,193.023,0,0,26,232,6,48,0
03-09 10:21:32,65.068,10.010,22.523,1.752,0,4852484,120396,195736,2759520,5815.059,1567.633,1849.928,1733.807,156.163,207.216,3176,5593,2.630,1.920,1.130,4,0,4.004,0,0,26,234,6,45,0
03-09 10:21:33,57.022,12.505,29.261,0.500,0,4874692,126432,195728,2732052,8857.446,1620.630,424.165,1976.769,30.012,145.056,5376,13662,2.630,1.920,1.130,4,0,169.066,0,0,26,233,6,46,0
03-09 10:21:34,27.209,5.492,66.401,0.499,0,4893972,119076,195716,2720420,12590.178,4003.015,83.875,3127.325,4.993,197.704,3495,7105,2.630,1.920,1.130,1,0,48.927,0,0,26,236,6,46,0
03-09 10:21:35,9.246,3.499,85.216,0.250,0,4843796,169216,195716,2720456,17994.874,4387.263,0,395.843,0,36.985,2178,3634,2.500,1.910,1.130,0,0,36.985,0,0,26,235,6,46,0
03-09 10:21:36,5.253,2.001,90.303,0.250,0,4848416,162284,195716,2722768,2960424.730,20197.876,76.045,284.167,5.003,22.013,2425,2902,2.500,1.910,1.130,1,0,7.004,0,0,26,236,6,46,0
03-09 10:21:37,11.758,6.755,78.806,0.751,0,4837888,152500,195716,2743080,18779735.731,87764.664,1617.155,1184.846,16.011,65.046,6659,4170,2.500,1.910,1.130,2,0,89.064,0,0,26,235,6,46,0
03-09 10:21:38,19.207,11.724,67.597,0,0,4869688,144896,195676,2719264,6256.859,1700.158,482.909,694.431,8.980,66.849,3131,5361,2.500,1.910,1.130,1,0,170.614,0,0,26,241,6,46,0
03-09 10:21:39,25.717,3.995,68.663,0.250,0,4894680,119696,195676,2719476,5956.453,1733.803,0,199.747,0,28.963,2853,5955,2.500,1.910,1.130,2,0,2.996,0,0,26,252,6,47,0
03-09 10:21:40,25.528,4.255,68.074,0.250,0,4908984,123148,195656,2701740,6775.365,1459.587,468.509,384.418,23.025,36.039,3873,8352,2.380,1.890,1.130,1,0,1.001,0,0,26,256,6,45,0
03-09 10:21:41,25.971,4.245,68.423,0.250,0,4910460,122896,195656,2700680,7333.742,1618.178,99.888,459.483,7.991,46.947,4183,8295,2.380,1.890,1.130,2,0,2.997,0,0,26,259,6,48,0
03-09 10:21:42,24.318,13.538,60.671,1.003,0,4868964,193884,195588,2671588,6178.398,1624.575,1191.355,35913.131,28.079,642.810,6417,11235,2.380,1.890,1.130,1,0,112.316,0,0,26,259,6,51,0
03-09 10:21:43,20.223,9.238,69.907,0.250,0,4919008,143744,195592,2671680,6022.983,1691.748,63.915,223.702,10.985,6.991,2256,3515,2.380,1.890,1.130,1,0,97.870,0,0,26,259,6,51,0
03-09 10:21:44,19.767,9.258,70.062,0.250,0,4871404,180512,197104,2678168,6189.478,1621.435,0,3110.753,0,47.042,1923,2932,2.380,1.890,1.130,1,1,9.008,0,0,26,259,5,51,0
03-09 10:21:45,25.041,3.506,68.862,0.250,0,4933592,118044,197128,2678424,5594.074,1622.632,108.175,949.540,8.013,61.099,5781,10670,2.270,1.880,1.120,2,0,5.008,0,0,26,261,5,51,0
03-09 10:21:46,24.398,5.726,67.716,0,0,4959724,128952,197124,2641556,6388.221,1613.237,0,250.948,0,3.983,11797,22726,2.270,1.880,1.120,1,0,0,0,0,26,261,5,52,0
03-09 10:21:47,24.818,5.264,67.936,0,0,4969884,118984,197128,2641528,6144.831,1462.004,0,62214.405,0,344.945,2925,3887,2.270,1.880,1.120,2,0,0,0,0,26,261,5,52,0
03-09 10:21:48,26.017,4.003,69.045,0.750,0,4976124,123828,196956,2630848,6698.367,1621.057,8.005,1617.054,2.001,174.114,4760,8299,2.270,1.880,1.120,1,0,23.015,0,0,26,265,5,42,0
03-09 10:21:49,24.239,5.497,69.967,0,0,4976372,123576,196956,2630852,8590.979,1619.242,0,91.957,0,8.996,1901,2999,2.270,1.880,1.120,2,0,0,0,0,26,265,5,42,0
03-09 10:21:50,26.473,5.994,66.931,0,0,4985644,137700,196604,2608712,5463.345,1618.325,7.992,243.748,1.998,29.969,1915,3182,2.170,1.860,1.120,1,0,20.978,0,0,26,269,5,42,0
03-09 10:21:51,27.010,3.001,68.525,0.250,0,4987696,135508,196604,2608852,5654.052,1620.588,12.004,912.331,3.001,83.030,2182,3239,2.170,1.860,1.120,1,0,2.001,0,0,26,269,5,44,0
03-09 10:21:52,27.748,2.250,69.496,0,0,4997740,125456,196604,2608860,7728.505,1693.892,0,175.989,0,24.998,1832,2645,2.170,1.860,1.120,2,0,2.000,0,0,26,273,5,42,0
03-09 10:21:53,28.203,8.486,61.646,0.250,0,4891548,230700,196624,2609788,5418.885,1691.155,323.456,11.980,41.929,0.998,2383,4032,2.170,1.860,1.120,1,0,231.610,0,0,26,273,5,42,0
03-09 10:21:54,19.520,9.760,69.570,0,0,4933924,188408,196624,2609720,5754.824,1459.477,0,4.004,0,1.001,2608,4460,2.170,1.860,1.120,2,0,215.218,0,0,26,273,5,42,0
03-09 10:21:55,17.029,13.022,69.369,0.250,0,4896168,226152,196624,2609732,7271.456,1696.907,0,540.927,0,39.067,2844,4427,2.070,1.850,1.120,1,0,142.244,0,0,26,273,5,42,0
03-09 10:21:56,11.008,17.763,68.799,0,0,4902428,219736,196624,2609888,8700.221,1621.159,0,92.066,0,5.004,3172,4908,2.070,1.850,1.120,1,0,249.178,0,0,26,273,5,42,0
03-09 10:21:57,11.232,18.221,69.141,0,0,4900588,221548,196624,2609916,7579.040,1617.448,3.994,91.855,0.998,5.991,3209,5071,2.070,1.850,1.120,0,0,269.575,0,0,26,273,5,42,0
03-09 10:21:58,3.479,1.243,93.188,0,0,4900424,221696,196624,2609932,6935.146,1610.282,0,11.928,0,1.988,1503,2680,2.070,1.850,1.120,1,0,8.946,0,0,26,273,5,42,0
03-09 10:21:59,26.641,2.011,70.625,0,0,4959000,163112,196624,2609940,6277.339,1703.045,0,52.278,0,3.016,1919,3377,2.070,1.850,1.120,1,0,0,0,0,26,273,5,43,0
03-09 10:22:00,20.283,9.516,68.613,0,0,4902696,219340,196624,2610016,6755.092,1740.858,140.230,508.836,10.016,33.054,3337,5738,1.990,1.840,1.120,2,0,106.174,0,0,26,277,6,43,0
03-09 10:22:01,11.247,17.995,68.232,0.250,0,4902996,218692,196628,2610360,6262.334,1639.564,167.955,227.939,14.996,18.995,3245,5122,1.990,1.840,1.120,1,0,164.956,0,0,26,277,6,43,0
03-09 10:22:02,13.498,16.748,68.490,0,0,4903720,217668,196628,2610660,6117.131,1619.770,43.994,127.982,6.999,7.999,3051,4808,1.990,1.840,1.120,1,0,162.977,0,0,26,277,6,43,0
03-09 10:22:03,16.766,18.768,62.561,0.250,0,4905644,215604,196628,2610784,6753.592,1695.655,40.039,2998.927,5.005,388.379,3790,10341,1.990,1.840,1.120,2,0,217.212,0,0,26,277,6,44,0
03-09 10:22:04,25.209,3.245,70.885,0,0,4962596,158652,196628,2610784,6280.819,1617.378,0,95.845,0,6.989,1864,2798,1.990,1.840,1.120,5,0,0.998,0,0,26,277,6,43,0
03-09 10:22:05,26.240,3.999,68.975,0.250,0,5001908,124296,196556,2605908,9377.577,1713.375,831.696,635.768,16.994,62.977,2379,3623,1.990,1.840,1.130,3,0,2.999,0,0,26,283,6,43,0
03-09 10:22:06,25.754,2.250,70.260,0.500,0,4910676,215520,196556,2605916,9009.324,1620.238,20.003,380.056,2.000,36.005,2046,3272,1.990,1.840,1.130,3,0,5.001,0,0,26,279,6,43,0
03-09 10:22:07,23.704,3.743,71.612,0,0,4971440,154700,196556,2605972,6552.328,1616.873,19.961,107.792,3.992,6.986,1599,2814,1.990,1.840,1.130,2,0,0,0,0,26,279,6,43,0
03-09 10:22:08,25.756,3.251,70.016,0,0,4997260,128828,196560,2606020,6711.571,1606.376,16.004,116.027,1.000,8.002,2809,5106,1.990,1.840,1.130,3,0,2.000,0,0,26,285,6,43,0
03-09 10:22:09,26.019,3.503,69.551,0,0.250,4928844,197128,196676,2606020,6508.758,1663.216,116.085,0,4.003,0,1833,2600,1.990,1.840,1.130,2,0,15.011,0,0,26,279,6,43,0
03-09 10:22:10,24.277,5.006,69.828,0,0,4895336,230508,196676,2606148,6561.362,1621.820,0,176.198,0,14.016,1931,2941,1.990,1.840,1.130,1,0,34.038,0,0,26,279,6,43,0
03-09 10:22:11,10.508,18.014,69.303,0,0,4908248,216436,196680,2607304,9581.291,1621.234,1381.051,820.624,19.014,40.030,3511,5586,1.990,1.840,1.130,1,0,249.190,0,0,26,279,6,43,0
03-09 10:22:12,15.489,14.489,68.699,0.250,0,4925608,198808,196680,2607576,9749.775,1618.800,247.816,75.944,61.954,5.996,2740,4155,1.990,1.840,1.130,1,0,180.866,0,0,26,279,6,43,0
03-09 10:22:13,19.995,7.998,70.983,0,0,4935148,188824,196752,2607948,5734.612,1693.590,427.896,3.999,29.993,1.000,2249,3565,1.990,1.840,1.130,1,0,91.978,0,0,26,279,6,43,0
03-09 10:22:14,24.998,5.250,67.994,0.250,0,4960748,162988,196768,2608168,6414.436,1619.857,159.986,0,7.999,0,8788,17268,1.990,1.840,1.130,1,0,9.999,0,0,26,279,6,43,0
03-09 10:22:15,24.243,2.749,71.480,0.250,0,4941748,181652,196788,2608484,12990.285,5202.512,0,811.768,0,34.990,2299,3512,1.830,1.810,1.130,3,0,2.999,0,0,26,280,6,43,0
03-09 10:22:16,26.302,6.262,65.380,0,0,4967244,154224,196932,2610032,5430.758,1697.362,8.016,488.969,2.004,18.036,9206,17984,1.830,1.810,1.130,2,0,6.012,0,0,26,280,6,43,0
03-09 10:22:17,20.502,11.251,66.006,0,0.250,4901064,220540,196932,2609896,5647.503,1868.166,0,660.059,0,40.004,2982,4897,1.830,1.810,1.130,1,0,127.011,0,0,26,279,6,42,0
03-09 10:22:18,18.433,10.960,68.502,0.249,0,4943848,177732,196932,2609920,5737.203,1614.149,0,127.538,0,11.957,2521,4016,1.830,1.810,1.130,4,0,143.480,0,0,26,279,6,42,0
03-09 10:22:19,27.555,3.006,68.637,0,0,4903932,217400,196932,2610168,5255.522,1623.250,16.032,1242.487,1.002,123.247,2708,4730,1.830,1.810,1.130,1,0,2.004,0,0,26,277,6,44,0
03-09 10:22:20,21.036,10.017,68.367,0,0,4970848,149260,196932,2611392,17562.945,1706.910,701.196,216.369,9.015,10.017,2409,3832,1.760,1.800,1.120,2,0,112.191,0,0,26,277,6,44,0
03-09 10:22:21,27.262,8.004,63.779,0,0,4918144,201364,196932,2611992,6039.736,1620.734,776.352,532.241,8.004,36.016,3444,5805,1.760,1.800,1.120,1,0,74.034,0,0,26,277,6,41,0
03-09 10:22:22,26.408,3.737,67.763,0,0,4966300,153036,196932,2612164,5647.263,1506.734,0,87.694,0,10.962,2307,3709,1.760,1.800,1.120,1,0,0,0,0,26,279,6,41,0
03-09 10:22:23,24.241,7.497,68.226,0,0,4938692,181088,196932,2611720,5660.985,1565.443,0,3.999,0,1.000,2368,4745,1.760,1.800,1.120,3,0,55.980,0,0,26,277,6,41,0
03-09 10:22:24,26.532,2.253,70.336,0,0,4963196,156448,196932,2611856,5840.142,1696.074,0,965.180,0,6.007,2584,4859,1.760,1.800,1.120,1,0,0,0,0,26,277,6,45,0
03-09 10:22:25,24.504,4.501,70.261,0.500,0,4958276,161348,196932,2611876,6229.959,1620.250,0,268.041,0,20.003,1997,3253,1.700,1.780,1.120,1,0,32.005,0,0,26,277,6,42,0
03-09 10:22:26,24.260,5.502,68.777,0.250,0,4905480,214128,196932,2611892,6082.409,1620.642,0,368.146,0,38.015,3495,6099,1.700,1.780,1.120,1,0,47.019,0,0,26,277,6,43,0
03-09 10:22:27,26.753,2.250,69.758,0.250,0,4959400,160200,196932,2611900,16000.904,1620.193,0,340.040,0,39.005,2495,3841,1.700,1.780,1.120,4,0,0,0,0,26,277,6,39,0
03-09 10:22:28,25.296,4.258,69.877,0,0,4935808,183776,196932,2611916,7208.068,1622.942,0,124.225,0,8.015,2380,4036,1.700,1.780,1.120,1,0,32.058,0,0,26,277,6,41,0
03-09 10:22:29,26.408,2.740,69.508,0.249,0,4960248,159332,196932,2611920,6247.260,1506.756,0,306.932,0,34.879,2365,5231,1.700,1.780,1.120,3,0,0,0,0,26,277,6,33,0
03-09 10:22:30,11.743,20.487,65.709,0,0,4908180,211368,196936,2611948,5890.366,1565.034,0,631.610,0,31.980,3348,5141,1.640,1.770,1.120,2,0,318.803,0,0,26,277,6,33,0
03-09 10:22:31,10.531,22.066,66.197,0,0,4909000,210536,196936,2611960,8097.081,1624.832,0,425.265,0,28.084,3332,5263,1.640,1.770,1.120,1,0,338.005,0,0,26,277,6,33,0
03-09 10:22:32,12.463,20.938,66.053,0,0,4909400,210116,196936,2611980,7152.706,1688.972,0,203.394,0,18.944,3379,5315,1.640,1.770,1.120,2,0,327.026,0,0,26,277,6,33,0
03-09 10:22:33,9.504,22.259,66.027,0,0,4909824,209672,196936,2612000,5871.360,1694.681,0,108.043,0,14.006,3358,5371,1.640,1.770,1.120,1,0,344.138,0,0,26,277,6,32,0
03-09 10:22:34,10.531,21.815,66.447,0,0,4914168,205316,196936,2612012,7721.841,1699.026,0,2567.595,0,335.994,3819,5332,1.640,1.770,1.120,1,0,339.003,0,0,26,277,6,32,0
03-09 10:22:35,12.003,20.006,65.269,0.500,0,4912560,206888,196936,2612032,6727.911,1620.460,0,940.267,0,66.019,3655,5928,1.910,1.820,1.140,1,1,330.094,0,0,26,277,6,31,0
03-09 10:22:36,11.986,20.726,64.674,0,0,4914252,205168,196936,2612060,8612.845,1626.083,0,1757.927,0,99.882,3563,5705,1.910,1.820,1.140,3,0,346.591,0,0,26,279,6,31,0
03-09 10:22:37,11.507,20.762,66.538,0,0,4912024,207384,196936,2612072,6007.460,1662.958,4.002,176.101,1.001,14.008,3290,5150,1.910,1.820,1.140,1,0,313.180,0,0,26,279,6,31,0
03-09 10:22:38,12.511,20.517,65.556,0,0,4911368,208012,196936,2612100,19831.817,5041.275,0,100.085,0,11.009,3480,5572,1.910,1.820,1.140,2,0,337.286,0,0,26,279,6,31,0
03-09 10:22:39,10.988,21.477,66.428,0.250,0,4914044,205308,196936,2612128,5262.285,1618.243,0,167.818,0,11.987,3571,5719,1.910,1.820,1.140,2,0,377.590,0,0,26,279,6,30,0
03-09 10:22:40,10.225,19.951,68.332,0,0,4915192,204136,196936,2612152,5864.620,1689.856,0,35.912,0,5.985,3469,5551,2,1.840,1.150,1,0,354.132,0,0,26,279,6,30,0
03-09 10:22:41,20.030,9.514,69.105,0.751,0,4929724,262280,197520,2546776,8311.584,1696.569,436.661,8.012,62.094,2.003,10618,20439,2,1.840,1.150,1,0,49.074,0,0,26,279,6,27,0
03-09 10:22:42,26.208,4.243,68.641,0,0,4959244,228068,197792,2550652,5668.016,1859.053,0,3.994,0,0.998,1755,2721,2,1.840,1.150,1,0,2.995,0,0,26,279,7,27,0
03-09 10:22:43,17.990,2.499,76.459,0.500,0,4970860,215496,197848,2551488,26192.066,13172.992,659.649,3610.079,44.976,43.977,2074,3130,2,1.840,1.150,2,0,0,0,0,26,280,6,18,0
03-09 10:22:44,19.584,1.758,76.077,0.753,0,4983300,201916,197920,2552520,25310.786,14456.132,907.902,1558.699,64.276,51.220,2023,2990,2,1.840,1.150,2,0,0,0,0,26,280,6,18,0
03-09 10:22:45,21.471,1.748,74.900,1.248,0,4986096,198164,197988,2553372,26349.665,13711.613,635.148,1713.702,49.933,73.901,2334,3430,2.080,1.860,1.160,3,0,0,0,0,26,280,6,18,0
03-09 10:22:46,19.983,2.748,74.936,1.499,0,4992260,165404,198060,2579864,21454.571,9611.744,13028.808,907.221,287.753,33.971,2474,3338,2.080,1.860,1.160,1,0,0,0,0,26,280,6,18,0
03-09 10:22:47,25.004,4.251,69.010,1.000,0,5016296,124112,198972,2594276,5371.800,1620.241,32.005,3592.535,2.000,166.025,2554,3953,2.080,1.860,1.160,2,0,0,0,0,26,280,6,17,0
03-09 10:22:48,23.261,3.752,70.033,1.251,0,5012608,128220,199736,2591812,6212.889,1768.823,0,3509.632,0,151.070,2243,3532,2.080,1.860,1.160,1,0,0,0,0,26,280,6,17,0
03-09 10:22:49,23.705,4.242,70.118,0.499,0,4946784,201756,200128,2583084,8719.598,1790.632,391.264,2555.194,7.985,42.919,1986,2939,2.080,1.860,1.160,1,0,2.994,0,0,26,279,6,16,0
03-09 10:22:50,24.531,5.257,68.837,0,0,4978384,168008,200248,2585076,4898.172,1513.908,0,8.010,0,2.003,9766,19505,2.070,1.870,1.170,1,0,15.019,0,0,26,279,6,16,0
03-09 10:22:51,27.227,7.244,64.197,0,0,4980504,165700,200252,2585260,5917.107,1618.661,0,127.894,0,10.991,8525,16593,2.070,1.870,1.170,1,0,14.988,0,0,26,279,6,18,0
03-09 10:22:52,22.731,4.996,70.691,0,0,4923884,222336,200256,2585240,5432.458,1618.647,0,99.916,0,2.997,2312,3472,2.070,1.870,1.170,1,0,48.959,0,0,26,279,6,16,0
03-09 10:22:53,25.845,5.520,67.999,0,0,4947344,198864,200256,2585252,5816.334,1571.765,0,0,0,0,9076,16902,2.070,1.870,1.170,1,0,12.044,0,0,26,279,6,16,0
03-09 10:22:54,23.766,6.004,68.295,0,0,4968312,177768,200276,2585360,6979.593,1621.067,0,7584.991,0,201.132,9956,19118,2.070,1.870,1.170,1,0,14.009,0,0,26,279,6,16,0
03-09 10:22:55,26.216,4.744,67.412,0,0,4944508,201636,200280,2585372,7695.957,1617.889,0,635.171,0,38.949,9812,19342,2.470,1.950,1.200,1,1,16.978,0,0,26,279,6,16,0
03-09 10:22:56,25.254,2.750,71.261,0,0,4910320,235932,200284,2585260,7692.138,1620.240,0,220.033,0,12.002,1917,2906,2.470,1.950,1.200,1,0,14.002,0,0,26,279,6,16,0
03-09 10:22:57,22.430,8.224,68.038,0,0,4923020,211184,200652,2595788,5859.770,1581.081,15.950,167.479,3.988,11.963,11078,21353,2.470,1.950,1.200,2,0,90.718,0,0,26,279,6,16,0
03-09 10:22:58,24.272,3.003,71.815,0,0,4954840,175204,200908,2599260,6234.636,2102.901,0,0,0,0,1787,2865,2.470,1.950,1.200,1,0,3.003,0,0,26,280,6,16,0
03-09 10:22:59,17.794,1.002,78.694,0.752,0,4961820,167924,200968,2599436,27669.094,13651.597,0,2450.030,0,45.111,1895,2944,2.470,1.950,1.200,1,0,0,0,0,26,280,6,16,0
03-09 10:23:00,16.250,2.250,80.749,0.750,0,4966292,162912,201148,2599764,157536.582,19592.824,0,1983.982,0,83.999,2210,3277,2.270,1.920,1.190,2,0,0,0,0,26,281,6,15,0
03-09 10:23:01,21.447,1.746,74.315,0.748,0,4983324,145524,201204,2599952,19922.334,11618.036,0,1037.414,0,35.910,1885,2918,2.270,1.920,1.190,1,0,1.995,0,0,26,281,6,15,0
03-09 10:23:02,19.758,1.751,77.033,0.750,0,4994360,133960,201328,2600276,214278.711,17973.693,0,1700.728,0,63.027,2149,3152,2.270,1.920,1.190,0,0,0,0,0,26,281,6,15,0
03-09 10:23:03,17.976,4.244,72.653,1.498,0,4993932,153112,201308,2582116,125673.101,22552.869,127.829,2836.211,13.981,135.819,3034,5011,2.270,1.920,1.190,1,0,33.955,0,0,26,281,6,16,0
03-09 10:23:04,16.556,3.512,77.262,1.003,0,4994788,118984,201448,2615188,7138732.274,72094.906,136.464,7369.033,5.017,61.208,4277,4426,2.270,1.920,1.190,4,0,6.020,0,0,26,281,6,15,0
03-09 10:23:05,24.007,2.751,71.519,1.250,0,4993416,120332,201560,2615352,1025800.018,8675.360,52.014,5429.477,5.001,387.105,3126,4400,2.330,1.940,1.200,4,0,6.002,0,0,26,281,6,15,0
03-09 10:23:06,22.211,5.740,70.377,0.998,0,4987304,122316,204560,2614112,11996.043,1691.046,0,5083.120,0,121.787,2155,3433,2.330,1.940,1.200,1,0,0,0,0,26,281,6,15,0
03-09 10:23:07,24.039,4.257,70.113,0.501,0,4986804,139780,205288,2595804,5637.098,1622.619,0,2343.783,0,108.175,2211,3404,2.330,1.940,1.200,1,0,0,0,0,26,281,6,15,0
03-09 10:23:08,21.942,4.987,70.562,0.997,0,4988112,131964,206104,2600052,6555.569,1561.847,3.989,2601.084,0.997,101.730,2226,3388,2.330,1.940,1.200,2,0,0,0,0,26,281,6,15,0
03-09 10:23:09,23.232,4.496,70.445,0.500,0,4988844,124820,207452,2603496,5631.602,1618.736,0,2633.943,0,56.956,2020,3105,2.330,1.940,1.200,4,0,0,0,0,26,281,6,15,0
03-09 10:23:10,20.252,9.251,69.006,1.250,0,5006008,150660,208048,2559052,11047.939,4114.350,20.002,210745.913,3.000,869.074,3899,5305,2.220,1.920,1.200,2,0,0,0,0,26,279,6,15,0
03-09 10:23:11,23.752,6.000,69.505,0,0,4957028,197960,208160,2560636,5969.436,1620.118,0,4.000,0,1.000,1836,2681,2.220,1.920,1.200,3,0,8.001,0,0,26,279,6,15,0
03-09 10:23:12,23.836,5.771,68.747,0,0,4940428,214176,208164,2561016,5819.899,1625.838,0,96.346,0,3.011,8984,17929,2.220,1.920,1.200,2,0,12.043,0,0,26,279,6,15,0
03-09 10:23:13,25.499,5.750,67.748,0,0,4966108,188472,208168,2561036,6050.837,1693.954,0,2375.936,0,27.999,10118,19835,2.220,1.920,1.200,2,1,13.000,0,0,26,279,6,15,0
03-09 10:23:14,23.750,4.250,70.751,0,0,4939792,213764,208200,2562028,8457.127,1620.024,168.003,848.013,4.000,18.000,2272,2751,2.220,1.920,1.200,2,0,6.000,0,0,26,279,6,15,0
03-09 10:23:15,26.444,4.740,67.357,0.499,0,4956108,194736,208292,2564064,5748.830,1616.578,570.792,52169.557,17.962,303.358,4052,7899,2.290,1.940,1.210,2,1,0,0,0,26,280,6,16,0
03-09 10:23:16,26.768,3.502,69.297,1.001,0,4965300,185188,208296,2564416,7232.889,1458.986,244.165,1252.847,16.011,107.072,3994,9244,2.290,1.940,1.210,3,0,0,0,0,26,288,6,22,0
03-09 10:23:17,25.925,4.487,66.060,0.997,0,4985440,163040,208304,2566384,5133.206,1615.345,1543.551,1160.655,108.687,163.529,4886,8986,2.290,1.940,1.210,2,0,0.997,0,0,26,291,6,24,0
03-09 10:23:18,13.550,17.314,67.751,0.251,0,4942376,205712,208304,2566760,5730.207,1626.018,140.520,1031.819,4.015,78.290,4307,7430,2.290,1.940,1.210,3,0,418.549,0,0,26,290,5,24,0
03-09 10:23:19,14.507,6.253,68.031,9.254,0,4922808,184148,208340,2607872,5738.646,1620.747,41239.011,512.236,2960.365,26.012,8843,11062,2.290,1.940,1.210,1,0,32.015,0,0,26,290,5,26,0
03-09 10:23:20,9.724,2.992,85.019,0.748,0,4922868,181180,208352,2610772,10320.999,4099.877,2684.716,3733.870,366.007,321.129,3401,4257,2.180,1.920,1.210,2,0,5.984,0,0,26,291,5,25,0
03-09 10:23:21,7.495,3.998,86.698,0.250,0,4925060,175364,208352,2614396,39910.934,5284.813,2718.361,243.853,23.986,16.990,2050,3110,2.180,1.920,1.210,1,0,5.996,0,0,26,291,5,27,0
03-09 10:23:22,6.760,2.754,87.875,0.250,0,4914756,182168,208860,2617388,13851.725,119532.214,3484.963,745.061,66.094,20.029,2187,3230,2.180,1.920,1.210,1,0,12.017,0,0,26,290,5,25,0
03-09 10:23:23,5.742,2.247,89.618,0.499,0,4918912,178972,208860,2616428,5658.687,1529.753,0,2759.946,0,153.774,2126,3641,2.180,1.920,1.210,0,0,0,0,0,26,290,5,25,0
03-09 10:23:24,2.751,1.000,94.275,0,0,4918908,178972,208864,2616428,14330.755,1620.425,0,112.029,0,12.003,1503,2569,2.180,1.920,1.210,0,0,0,0,0,26,290,5,23,0
03-09 10:23:25,2.745,0.998,93.590,0,0.250,4918908,178972,208864,2616428,6165.432,1691.101,0,83.856,0,12.978,1658,2833,2.010,1.890,1.200,0,0,0,0,0,26,290,5,23,0
03-09 10:23:26,4.256,1.252,93.626,0.250,0,4918900,178972,208864,2616436,5966.042,1622.187,0,344.464,0,28.038,1660,2897,2.010,1.890,1.200,0,0,0,0,0,26,290,5,20,0
03-09 10:23:27,3.254,1.001,92.358,0.250,0,4918900,178972,208864,2616436,5755.711,1621.891,0,336.392,0,49.057,1813,3177,2.010,1.890,1.200,0,0,0,0,0,26,290,5,20,0
03-09 10:23:28,4.249,1.250,93.239,0.500,0,4918872,178972,208864,2616464,6679.178,1619.801,15.998,159.980,1.000,23.997,1695,2998,2.010,1.890,1.200,0,0,0,0,0,26,290,5,18,0
03-09 10:23:29,4.498,1.499,92.950,0.500,0,4918868,178972,208864,2616468,6133.712,1531.179,0,575.691,0,51.972,1900,3332,2.010,1.890,1.200,0,0,0,0,0,26,290,5,18,0
03-09 10:23:30,2.999,1.499,94.206,0,0,4918864,178972,208864,2616472,5874.286,1619.252,0,99.954,0,12.994,1473,2648,1.850,1.860,1.200,0,0,0,0,0,26,290,5,18,0
03-09 10:23:31,2.753,0.751,94.861,0,0,4918864,178972,208864,2616472,7391.626,1621.893,0,0,0,0,1384,2492,1.850,1.860,1.200,0,0,2.002,0,0,26,290,5,18,0
03-09 10:23:32,3.251,1.000,94.532,0,0,4918864,178972,208864,2616472,6059.036,1620.545,0,280.094,0,22.007,1502,2536,1.850,1.860,1.200,1,0,0,0,0,26,290,5,18,0
03-09 10:23:33,2.250,1.000,94.493,0,0,4918864,178972,208864,2616472,7358.419,1619.872,0,0,0,0,1419,2449,1.850,1.860,1.200,1,0,0,0,0,26,290,5,18,0
03-09 10:23:34,4.997,1.249,92.698,0,0,4918864,178972,208864,2616472,5680.841,1619.100,0,143.920,0,21.988,1769,3006,1.850,1.860,1.200,0,0,0,0,0,26,290,5,18,0
03-09 10:23:35,3.250,1.250,93.004,0.500,0,4918864,178972,208864,2616472,6929.305,1458.064,0,2204.097,0,143.006,1871,3307,1.700,1.830,1.190,1,0,0,0,0,26,290,5,18,0
03-09 10:23:36,3.498,1.499,93.445,0,0.250,4919108,178724,208864,2616476,10118.020,1619.043,0,231.863,0,15.991,1592,2571,1.700,1.830,1.190,0,0,5.996,0,0,26,290,5,18,0
03-09 10:23:37,2.748,0.749,94.433,0,0,4919108,178724,208864,2616476,4886.521,1618.847,0,163.883,0,7.994,1403,2446,1.700,1.830,1.190,0,0,0,0,0,26,290,5,18,0
03-09 10:23:38,4.500,0.750,92.491,0.500,0,4919096,178724,208864,2616488,16223.410,5164.494,0,967.905,0,58.994,1935,3326,1.700,1.830,1.190,0,0,0,0,0,26,290,5,18,0
03-09 10:23:39,3.252,1.501,94.063,0,0,4919096,178724,208864,2616488,6373.264,1695.134,0,420.281,0,41.027,1620,2855,1.700,1.830,1.190,0,0,0,0,0,26,290,5,18,0
03-09 10:23:40,2.752,1.501,94.328,0,0,4919096,178724,208864,2616488,7575.242,1621.336,0,8.007,0,1.001,1383,2474,1.560,1.800,1.180,1,0,0,0,0,26,290,5,18,0
03-09 10:23:41,2.004,1.503,93.419,0.501,0,4919760,178056,208864,2616492,7600.727,1622.931,0,4868.793,0,245.443,1971,2809,1.560,1.800,1.180,0,0,2.004,0,0,26,290,5,18,0
03-09 10:23:42,3.747,0.749,94.674,0,0,4919984,177832,208864,2616492,5856.280,1510.782,0,3.997,0,0.999,1498,2581,1.560,1.800,1.180,0,0,0,0,0,26,290,5,18,0
03-09 10:23:43,3.250,1.000,93.756,0,0,4919984,177832,208864,2616492,8621.509,1566.092,0,0,0,0,1485,2537,1.560,1.800,1.180,0,0,0,0,0,26,290,5,18,0
03-09 10:23:44,3.753,0.250,94.567,0,0.250,4919984,177832,208864,2616492,8643.145,1621.153,0,188.134,0,3.002,1432,2527,1.560,1.800,1.180,0,0,0,0,0,26,290,5,18,0
03-09 10:23:45,3.249,0.750,93.711,0,0,4919976,177832,208864,2616500,5888.533,1619.322,0,167.930,0,25.989,1669,3076,1.440,1.770,1.180,0,0,0,0,0,26,290,5,18,0
03-09 10:23:46,2.246,1.498,94.101,0.250,0,4920900,176908,208864,2616500,7571.015,1617.440,0,9940.265,0,166.736,1756,2625,1.440,1.770,1.180,0,0,0,0,0,26,290,5,18,0
03-09 10:23:47,3.753,0.751,93.583,0,0,4920996,176908,208864,2616500,6285.594,1695.509,0,88.078,0,12.011,1783,3083,1.440,1.770,1.180,0,0,0,0,0,26,290,5,18,0
03-09 10:23:48,3.506,0.751,93.653,0.250,0,4920956,176908,208864,2616540,8279.504,1622.647,32.052,424.693,1.002,28.046,1654,2959,1.440,1.770,1.180,0,0,0,0,0,26,290,5,18,0
03-09 10:23:49,3.987,0.249,94.687,0.249,0,4920952,176908,208864,2616544,5529.724,1507.019,0,143.526,0,7.974,1428,2513,1.440,1.770,1.180,0,0,0,0,0,26,290,5,18,0
03-09 10:23:50,2.506,1.253,94.229,0,0,4920944,176908,208864,2616552,7760.851,1569.813,4.010,144.351,1.002,17.041,1509,2618,1.320,1.740,1.170,0,0,0,0,0,26,290,5,18,0
03-09 10:23:51,6.737,2.495,89.571,0,0,4915604,182216,208864,2616584,5999.982,1616.762,0,1441.113,0,214.570,1923,2700,1.320,1.740,1.170,0,0,1.996,0,0,26,290,5,18,0
03-09 10:23:52,2.003,0.751,94.898,0,0,4915604,182216,208864,2616584,4200.540,486.758,0,8.012,0,1.002,1354,2476,1.320,1.740,1.170,1,0,0,0,0,26,290,5,18,0
03-09 10:23:53,9.007,3.753,85.571,0.250,0,4924664,172696,209016,2616892,334659.102,6059.035,428.356,0,12.010,0,1846,2879,1.320,1.740,1.170,1,0,24.020,0,0,26,290,5,18,0
03-09 10:23:54,13.736,6.244,79.170,0,0,4934988,161392,209024,2617864,237976.881,8031.896,263.734,11.988,9.990,2.997,2103,3098,1.320,1.740,1.170,1,0,35.964,0,0,26,290,5,18,0
