"pcp-dstat 5.3.6 CSV Output"
"Author:","PCP team <pcp@groups.io> and Dag Wieers <dag@wieers.com>",,,,"URL:","https://pcp.io/ and http://dag.wieers.com/home-made/dstat/"
"Host:","ubuntu",,,,"User:","ubuntu"
"Cmdline:","dstat -tcmndrylpg --tcp --output /tmp/devstack_logs/dstat-csv.log",,,,"Date:","31 Oct 2025 16:01:35 UTC"
"system","total usage",,,,,"memory usage",,,,"net/total",,"dsk/total",,"io/total",,"system",,"load avg",,,"procs",,,"paging",,"tcp sockets",,,,
"time","total usage:usr","total usage:sys","total usage:idl","total usage:wai","total usage:stl","used","free","buf","cach","net/total:recv","net/total:send","dsk/total:read","dsk/total:writ","read","writ","int","csw","1m","5m","15m","run","blk","new","in","out","lis","act","syn","tim","clo"
31-10 16:01:35,,964184,518564,176848,6101908,,,,,,,1.170,0.850,0.520,1,0,,,,9,5,6,11,0
31-10 16:01:36,19.219,19.719,60.903,0.250,0,982760,499728,176856,6102124,26597.524,8435.528,0,1904.958,0,79.872,2901,4319,1.170,0.850,0.520,3,0,335.464,0,0,9,6,6,11,0
31-10 16:01:37,19.007,18.507,60.523,0.500,0,984028,498024,176916,6102428,38365.694,15761.036,0,1980.759,0,68.026,2682,3841,1.170,0.850,0.520,3,0,289.111,0,0,9,6,6,11,0
31-10 16:01:38,29.259,19.006,50.015,0.250,0,1008148,473772,176936,6102508,20226.250,9825.036,0,1072.331,0,36.011,3275,5778,1.170,0.850,0.520,3,0,284.088,0,0,9,5,6,11,1
31-10 16:01:39,27.464,16.229,54.679,0.250,0.250,1134436,347000,176952,6227600,59610.864,12648.633,0,1514.041,0,52.932,4809,11601,1.240,0.870,0.530,1,0,150.805,0,0,10,5,6,10,1
31-10 16:01:40,15.973,6.739,76.872,0.499,0,1136900,344096,176972,6227940,44893.073,12286.494,0,1321.794,0,43.927,1686,2328,1.240,0.870,0.530,3,1,74.875,0,0,10,6,6,10,2
31-10 16:01:41,32.115,14.552,52.688,0.502,0,1146644,307936,177612,6251344,408411.889,8033.737,80.287,2954.568,1.004,90.323,2481,3332,1.240,0.870,0.530,2,0,178.639,0,0,10,6,6,11,2
31-10 16:01:42,41.206,7.991,49.197,0.999,0,1209692,223188,178364,6269888,10468.788,1456.440,0,3076.705,0,81.912,1788,2522,1.240,0.870,0.530,3,0,33.964,0,0,10,6,6,12,2
31-10 16:01:43,39.504,7.251,48.005,4.250,0,1248336,151408,179872,6297908,8337.817,1620.159,0,16213.589,0,1035.101,5593,10315,1.240,0.870,0.530,3,0,10.001,0,0,10,8,6,12,2
31-10 16:01:44,32.504,10.001,45.006,12.502,0,1252616,130660,181568,6310008,8867.117,2676.337,0,57971.304,0,3947.497,15611,28167,1.460,0.920,0.550,2,2,64.008,0,0,10,9,6,12,2
31-10 16:01:45,38.773,8.255,50.029,2.001,0,1149256,249648,181780,6294500,10444.152,3137.848,256.151,20924.324,11.006,1407.829,5711,9067,1.460,0.920,0.550,3,0,81.048,0,0,10,4,6,12,0
31-10 16:01:46,41.469,3.747,54.209,0.500,0,1229980,161796,181976,6300900,15184.551,3778.151,31.976,2254.300,7.994,84.936,1380,1494,1.460,0.920,0.550,2,1,2.998,0,0,10,5,6,12,0
31-10 16:01:47,41.996,6.749,50.495,0.750,0,1209272,182028,182120,6300896,10646.999,2937.724,0,7787.268,0,402.962,2495,3424,1.460,0.920,0.550,2,0,15.998,0,0,10,5,5,12,0
31-10 16:01:48,39.051,11.014,49.315,0.250,0,1128012,255520,182736,6306812,10757.113,3341.384,8.011,1209.587,1.001,32.042,10239,19389,1.460,0.920,0.550,2,0,112.147,0,0,10,4,5,12,0
31-10 16:01:49,29.739,27.240,40.985,0.250,0,1136392,246064,182816,6307568,6588.542,1661.380,171.936,161131.898,15.994,707.736,13291,24110,1.420,0.930,0.550,2,0,425.841,0,0,10,4,5,12,0
31-10 16:01:50,32.535,22.849,43.214,0,0,1097708,298052,182864,6295756,8642.853,1502.068,345.714,4458.520,7.947,30.796,3962,10492,1.420,0.930,0.550,3,0,283.128,0,0,10,4,5,12,0
31-10 16:01:51,63.700,12.589,22.660,0,0,1230788,164280,182868,6296548,10161.783,1577.141,652.610,76.541,19.135,9.064,2389,4730,1.420,0.930,0.550,5,0,144.017,0,0,10,5,5,12,0
31-10 16:01:52,51.214,4.247,44.469,0,0,1249476,143600,182900,6298504,5975.829,1618.870,0,1003.300,0,105.926,2111,4621,1.420,0.930,0.550,3,0,49.965,0,0,10,5,5,12,0
31-10 16:01:53,10.454,10.454,79.399,0,0,1259336,132640,182924,6299584,8266.487,1505.351,0,143.367,0,20.908,1860,3339,1.420,0.930,0.550,1,0,117.481,0,0,10,4,5,13,0
31-10 16:01:54,7.019,2.758,89.244,0.251,0,1274348,131832,181856,6286636,6488.753,1570.296,140.384,4680.807,2.005,128.351,1332,1575,1.310,0.910,0.550,3,0,22.060,0,0,10,4,5,13,0
31-10 16:01:55,21.484,4.996,71.947,0.500,0,1337776,133764,181328,6221976,8389.875,1692.764,39.971,12255.054,8.993,286.791,1434,1636,1.310,0.910,0.550,3,0,0,0,0,10,4,5,13,0
31-10 16:01:56,23.690,2.494,72.566,0.499,0,1354404,130300,180804,6209748,8537.315,1689.708,7.980,1512.159,1.995,188.521,2246,4211,1.310,0.910,0.550,2,0,0.997,0,0,10,10,5,13,0
31-10 16:01:57,19.512,6.004,72.296,1.001,0.250,1314012,169804,181116,6210324,7992.059,1621.026,948.600,2421.533,26.016,148.094,1591,2157,1.310,0.910,0.550,2,0,42.027,0,0,10,4,5,15,0
31-10 16:01:58,22.729,2.747,72.683,0.749,0,1337088,145920,181252,6211000,9632.129,1618.509,475.562,1786.355,70.935,28.973,2048,3151,1.310,0.910,0.550,2,0,2.997,0,0,10,28,5,15,0
31-10 16:01:59,21.376,5.533,73.683,0.251,0,1332572,150428,181256,6211004,6771.784,1637.621,0,506.978,0,18.106,1210,1564,1.280,0.910,0.550,4,0,43.254,0,0,10,28,5,15,0
31-10 16:02:00,25.744,10.248,63.985,0,0,1326256,156700,181256,6211048,4842.857,1661.608,15.996,11.997,2.999,2.999,1925,2835,1.280,0.910,0.550,4,0,155.963,0,0,10,28,5,17,0
31-10 16:02:01,43.001,7.750,48.001,0,0,1406452,128844,180496,6159932,8629.181,1566.033,572.012,2968.062,9.000,377.008,3372,4651,1.280,0.910,0.550,4,0,1.000,0,0,10,30,5,20,0
31-10 16:02:02,49.710,19.984,29.476,0.500,0,1408476,125348,180560,6161444,7525.979,1618.705,1418.865,267.786,47.962,27.978,3239,6988,1.280,0.910,0.550,7,0,410.671,0,0,10,28,5,20,0
31-10 16:02:03,80.108,17.469,1.248,0,0,1579104,144116,179592,5976548,8522.914,1691.007,1876.678,1868.692,57.898,264.532,4088,10110,1.280,0.910,0.550,7,0,200.645,0,0,10,31,5,21,0
31-10 16:02:04,74.284,11.467,13.212,0,0,1422052,319016,179488,5959508,10711.850,1615.303,195.432,893.402,24.928,129.623,4618,9063,1.740,1.010,0.580,4,0,199.420,0,0,10,29,5,20,0
31-10 16:02:05,33.934,8.798,56.808,0.503,0,1327404,413488,179636,5959536,10644.758,1856.071,269.462,599.252,7.038,43.235,3052,5704,1.740,1.010,0.580,2,0,110.600,0,0,10,28,6,22,0
31-10 16:02:06,24.000,2.500,73.001,0,0,1361528,379216,179648,5959672,8582.094,1586.017,0,240.003,0,18.000,1967,3418,1.740,1.010,0.580,2,0,0,0,0,10,28,6,24,0
31-10 16:02:07,20.140,7.211,72.356,0,0,1346136,394584,179652,5959692,9816.549,1611.227,7.957,119.350,0.995,7.957,1515,1943,1.740,1.010,0.580,3,0,73.599,0,0,10,28,6,24,0
31-10 16:02:08,20.756,6.752,71.519,0.250,0,1283260,457300,179664,5959840,6232.670,1640.440,140.038,236.063,4.001,25.007,2197,4066,1.740,1.010,0.580,2,0,81.022,0,0,10,28,6,24,0
31-10 16:02:09,9.035,21.584,68.015,0.251,0,1286012,454340,179668,5960044,9366.511,1626.339,56.219,1160.524,2.008,60.235,2602,3461,1.760,1.030,0.590,1,0,336.311,0,0,10,28,6,24,0
31-10 16:02:10,37.771,29.517,31.768,0,0,1430260,309980,179668,5960156,9302.293,1620.922,80.046,132.075,1.001,19.011,2841,4785,1.760,1.030,0.590,7,0,594.338,0,0,10,28,6,24,0
31-10 16:02:11,81.750,12.250,6.250,0,0,1607836,132352,179668,5960208,10365.990,1585.998,0,136.000,0,10.000,4091,7997,1.760,1.030,0.590,4,0,29.000,0,0,10,32,6,24,0
31-10 16:02:12,79.496,15.249,5.500,0,0,1394632,362936,179640,5943188,6541.673,1713.914,31.998,2599.870,7.000,243.988,4925,11954,1.760,1.030,0.590,7,0,135.993,0,0,10,28,6,25,0
31-10 16:02:13,81.036,14.960,2.743,0,0,1591084,166184,179652,5943476,7767.463,1615.728,3.989,195.483,0.997,12.966,3211,7366,1.760,1.030,0.590,7,0,173.541,0,0,10,31,6,25,0
31-10 16:02:14,78.420,13.529,7.767,0,0,1420276,336792,179656,5943672,9349.307,1515.291,4.009,196.427,1.002,12.026,3700,11441,2.180,1.130,0.630,3,0,200.435,0,0,10,29,6,25,0
31-10 16:02:15,42.008,8.752,47.759,0,0.250,1367544,388776,179672,5944404,5000.945,1660.314,568.107,372.070,5.001,32.006,3790,7390,2.180,1.130,0.630,3,0,98.019,0,0,10,28,6,26,0
31-10 16:02:16,44.710,6.244,48.956,0,0,1358612,397540,179680,5944564,5910.692,1618.547,0,271.756,0,22.979,2903,5793,2.180,1.130,0.630,2,0,10.990,0,0,10,29,6,27,0
31-10 16:02:17,54.801,19.018,25.274,0,0,1459460,296644,179688,5944604,9540.911,1513.414,0,220.206,0,17.016,2870,4880,2.180,1.130,0.630,4,0,367.343,0,0,10,28,6,27,0
31-10 16:02:18,59.262,12.503,27.256,0.500,0,1382956,372944,179720,5944776,6848.397,1566.320,0,516.105,0,44.009,4918,11177,2.180,1.130,0.630,7,0,216.044,0,0,10,28,6,33,0
31-10 16:02:19,84.836,10.947,3.981,0,0,1563072,192760,179732,5944832,8140.267,1612.131,3.981,183.106,0.995,7.961,2408,3586,2.330,1.180,0.650,6,0,41.796,0,0,10,31,6,33,0
31-10 16:02:20,58.287,16.330,25.124,0,0,1330716,424752,179748,5945180,7685.868,1668.219,0,381.882,0,38.188,6410,13588,2.330,1.180,0.650,4,0,325.604,0,0,10,28,6,37,0
31-10 16:02:21,64.948,8.743,26.479,0,0,1501088,254456,179756,5945208,7862.726,1564.751,0,223.821,0,9.992,2492,4445,2.330,1.180,0.650,5,0,0.999,0,0,10,30,6,39,0
31-10 16:02:22,52.575,17.525,28.791,0,0,1401920,353396,179764,5945428,6742.649,1514.167,0,448.642,0,48.069,4230,10440,2.330,1.180,0.650,6,0,299.428,0,0,10,28,6,42,0
31-10 16:02:23,63.130,7.985,28.446,0.250,0,1434416,320844,179776,5945472,5112.271,1616.923,0,319.392,0,24.953,3656,8154,2.330,1.180,0.650,6,0,0.998,0,0,10,30,6,43,0
31-10 16:02:24,62.067,16.518,21.523,0,0,1477604,277540,179776,5945588,4942.313,1621.743,0,256.275,0,16.017,2255,3709,2.380,1.210,0.660,4,0,286.308,0,0,10,28,6,44,0
31-10 16:02:25,62.012,10.502,27.005,0,0,1372084,382304,179776,5946344,8950.763,1620.319,0,400.079,0,36.007,4584,10115,2.380,1.210,0.660,4,0,112.022,0,0,10,28,6,45,0
31-10 16:02:26,66.758,5.001,28.253,0.250,0,1502300,251040,179780,5947388,8420.010,1566.188,1100.132,284.034,11.001,21.003,2990,6333,2.380,1.210,0.660,8,0,0,0,0,10,29,6,43,0
31-10 16:02:27,74.503,17.251,7.250,0,0,1503020,250132,179808,5947548,7869.354,1694.076,4.000,7080.319,1.000,318.014,4297,7929,2.380,1.210,0.660,7,0,426.019,0,0,10,28,6,43,0
31-10 16:02:28,81.249,14.500,3.750,0,0,1591152,161752,179816,5947788,5933.935,1619.982,0,775.991,0,51.999,5319,10559,2.380,1.210,0.660,10,0,236.997,0,0,10,28,6,42,0
31-10 16:02:29,82.757,15.751,0.500,0,0,1588052,164680,179820,5947956,8405.731,1512.132,0,328.029,0,21.002,2824,4886,2.670,1.290,0.690,8,0,245.021,0,0,10,28,6,42,0
31-10 16:02:30,79.995,16.999,3.250,0,0.250,1517144,235412,179824,5948192,8080.523,1619.904,0,323.981,0,24.999,5895,11168,2.670,1.290,0.690,8,0,246.985,0,0,10,30,6,42,0
31-10 16:02:31,64.487,21.246,13.247,0,0,1451256,301088,179824,5948404,4691.062,1565.687,0,203.959,0,10.998,5847,13125,2.670,1.290,0.690,6,0,510.898,0,0,10,30,6,42,0
31-10 16:02:32,21.401,23.143,53.752,0,0,1316652,435620,179828,5948472,8177.319,1505.065,0,199.083,0,9.954,3225,5308,2.670,1.290,0.690,2,0,530.555,0,0,10,28,6,39,0
31-10 16:02:33,10.554,21.863,66.845,0,0,1314668,437596,179828,5948480,6503.558,1628.403,0,168.871,0,10.052,3138,4666,2.670,1.290,0.690,3,0,534.759,0,0,10,28,6,39,0
31-10 16:02:34,66.665,25.467,6.991,0,0,1516612,235588,179836,5948536,5337.158,1563.995,3.995,655.160,0.999,44.942,2993,6072,2.860,1.350,0.710,7,0,742.049,0,0,10,28,6,39,0
31-10 16:02:35,77.554,18.263,4.003,0.250,0,1429764,322224,179848,5948736,7913.516,1513.055,4.003,972.678,1.001,66.046,6188,12035,2.860,1.350,0.710,10,0,398.278,0,0,10,29,6,39,0
31-10 16:02:36,78.992,17.998,2.250,0,0,1551456,200288,179856,5948972,11488.874,1767.827,7.999,395.961,1.000,25.997,4143,7581,2.860,1.350,0.710,8,0,295.971,0,0,10,28,6,39,0
31-10 16:02:37,85.959,11.245,2.499,0,0,1625544,126028,179880,5949112,9783.363,1639.223,139.934,635.699,9.995,8.996,4246,8339,2.860,1.350,0.710,7,0,69.967,0,0,10,30,6,39,0
31-10 16:02:38,77.310,9.726,12.220,0,0,1694996,125896,179820,5881376,15089.002,4350.333,31.922,5646.156,6.983,467.853,6349,17597,2.860,1.350,0.710,5,0,3.990,0,0,10,32,6,42,0
31-10 16:02:39,84.004,13.792,1.755,0.251,0,1484452,330148,179920,5886824,5280.943,1873.657,16.048,1235.731,3.009,60.182,3997,8866,3.110,1.430,0.740,7,0,152.460,0,0,10,28,6,42,0
31-10 16:02:40,85.242,14.499,1.000,0,0,1649288,164332,179932,5887588,8613.199,1565.854,0,511.952,0,14.999,11109,21556,3.110,1.430,0.740,9,0,50.995,0,0,10,30,6,42,0
31-10 16:02:41,73.940,8.993,15.487,0.250,0,1615012,197788,179940,5888244,130917.219,6909.417,0,2022.366,0,32.973,6613,15895,3.110,1.430,0.740,5,0,31.974,0,0,10,34,6,45,0
31-10 16:02:42,77.831,11.512,9.510,0,0,1566816,245468,179992,5888668,40923.642,6508.782,0,892.930,0,40.042,5387,16412,3.110,1.430,0.740,6,0,141.147,0,0,10,30,6,45,0
31-10 16:02:43,85.562,11.759,2.252,0,0.250,1618272,192948,180140,5889512,540887.603,14230.303,0,2253.632,0,74.054,5070,8870,3.110,1.430,0.740,6,0,118.085,0,0,10,32,6,43,0
31-10 16:02:44,78.227,12.246,8.498,0,0,1598244,212604,180208,5889776,17940.815,5148.512,0,827.761,0,46.986,7512,14493,3.260,1.490,0.760,7,0,63.982,0,0,10,32,6,43,0
31-10 16:02:45,86.464,9.496,3.998,0,0,1614016,196488,180296,5889948,25964.251,6685.232,0,1019.578,0,54.977,5903,12731,3.260,1.490,0.760,9,0,63.974,0,0,10,32,6,43,0
31-10 16:02:46,82.244,13.499,4.250,0,0.250,1634552,175072,180352,5890696,61293.280,5672.563,0,855.934,0,50.996,4393,10312,3.260,1.490,0.760,9,0,131.990,0,0,10,32,6,43,0
31-10 16:02:47,84.754,11.965,3.490,0,0,1591248,217116,180360,5891940,13171.815,3696.284,0,458.670,0,25.925,4302,10936,3.260,1.490,0.760,8,0,121.647,0,0,10,32,6,43,0
31-10 16:02:48,82.495,14.042,2.006,0,0,1611308,191376,180668,5896492,8851.271,1873.561,0,1047.108,0,27.080,4437,11197,3.260,1.490,0.760,7,0,112.333,0,0,10,30,6,43,0
31-10 16:02:49,86.021,9.752,3.001,0,0.250,1633144,167676,180708,5898020,8416.062,2366.580,0,860.211,0,28.007,5065,10442,3.480,1.560,0.790,6,0,57.014,0,0,10,32,6,43,0
31-10 16:02:50,83.480,14.497,3.249,0,0,1618164,182472,180728,5898148,24211.335,6586.459,0,955.776,0,47.989,3912,7662,3.480,1.560,0.790,6,0,143.966,0,0,10,31,6,43,0
31-10 16:02:51,80,11.500,7.750,0,0,1567472,232868,180736,5898388,11598,3338,0,656,0,51,7110,15297,3.480,1.560,0.790,6,0,123,0,0,10,31,6,43,0
31-10 16:02:52,81.746,11.499,5.250,0,0,1527428,272556,180792,5898656,21859.951,5351.743,0,1031.950,0,63.997,4807,11017,3.480,1.560,0.790,8,0,146.993,0,0,10,30,6,43,0
31-10 16:02:53,78.491,12.998,8.249,0.250,0,1537644,261776,180888,5899056,22352.318,6512.219,0,1867.776,0,60.993,5128,10846,3.480,1.560,0.790,6,0,139.983,0,0,10,31,6,42,0
31-10 16:02:54,81.758,9.251,9.251,0,0,1610040,188956,180976,5899348,20568.913,6623.616,0,1152.107,0,61.006,4173,9277,3.520,1.600,0.810,5,0,43.004,0,0,10,30,6,42,0
31-10 16:02:55,73.502,12.250,13.500,0,0,1471776,326760,181096,5899612,21512.731,5905.201,0,1256.043,0,75.003,4735,9387,3.520,1.600,0.810,5,0,275.009,0,0,10,30,6,42,0
31-10 16:02:56,79.241,10.999,9.999,0,0,1521500,275636,181112,5900956,13528.471,3610.592,0,399.955,0,16.998,6181,12030,3.520,1.600,0.810,7,0,53.994,0,0,10,32,6,46,0
31-10 16:02:57,80.010,11.502,8.001,0,0,1502776,286768,181748,5906724,7793.021,2528.331,0,1048.137,0,33.004,3380,5654,3.520,1.600,0.810,5,0,68.009,0,0,10,31,6,44,0
31-10 16:02:58,63.413,9.487,26.214,0.250,0,1446228,343028,181804,5906924,23442.930,5916.906,0,7397.880,0,262.641,5590,11730,3.520,1.600,0.810,3,0,81.888,0,0,10,35,6,44,0
31-10 16:02:59,62.578,12.516,24.531,0,0,1518336,270256,181920,5907440,57780.225,6398.999,0,913.141,0,42.053,4019,7331,3.480,1.620,0.820,5,0,91.114,0,0,10,35,6,44,0
31-10 16:03:00,75.500,13.750,10.500,0,0,1515804,271480,181940,5908688,14242.986,3822.996,0,340.000,0,13.000,4744,9320,3.480,1.620,0.820,8,0,89.000,0,0,10,36,6,44,0
31-10 16:03:01,83.754,12.251,3.500,0.250,0,1555320,224684,182540,5914292,7131.335,1868.088,0,1388.065,0,42.002,3868,8891,3.480,1.620,0.820,5,0,36.002,0,0,10,36,6,42,0
31-10 16:03:02,69.668,16.481,13.484,0,0,1499680,279464,182636,5914844,33892.109,4927.201,0,1218.566,0,50.940,3424,7016,3.480,1.620,0.820,4,0,273.678,0,0,10,35,6,42,0
31-10 16:03:03,79.271,11.003,10.003,0,0,1513112,258284,183152,5921108,13989.777,2891.781,8.002,988.267,1.000,31.008,4147,8383,3.480,1.620,0.820,6,0,67.018,0,0,10,36,6,39,0
31-10 16:03:04,73.310,14.762,12.260,0,0,1481788,287580,183316,5922680,56878.299,6592.366,0,1505.225,0,55.045,3770,10207,3.440,1.650,0.830,4,0,137.112,0,0,10,34,6,40,0
31-10 16:03:05,69.006,10.501,20.002,0.250,0,1520156,248796,183444,5922916,118098.684,9004.738,0,1388.114,0,75.006,4182,8435,3.440,1.650,0.830,6,0,94.008,0,0,10,36,6,37,0
31-10 16:03:06,64.250,12.000,22.750,0,0,1476616,285400,183452,5929804,3624286.751,56377.887,0,451.999,0,32.000,6393,11532,3.440,1.650,0.830,5,0,182.000,0,0,10,35,6,37,0
31-10 16:03:07,49.706,9.991,39.216,0.749,0,1483872,255200,183496,5952576,11732616.762,115060.976,0,8580.466,0,62.945,7816,8508,3.440,1.650,0.830,5,0,122.892,0,0,10,34,6,35,0
31-10 16:03:08,48.077,10.016,41.316,0.250,0,1486244,223968,183608,5980584,14396365.392,123532.405,0,20729.125,0,101.162,8643,8298,3.440,1.650,0.830,3,0,104.166,0,0,10,34,6,35,0
31-10 16:03:09,47.228,9.995,41.231,1.249,0,1453304,236904,183900,5999876,9731286.683,85205.465,0,19838.795,0,406.811,6660,7087,3.410,1.670,0.840,2,0,70.967,0,0,10,34,6,35,0
31-10 16:03:10,50.727,11.495,36.983,0.500,0,1464816,208156,184080,6016212,8401799.387,68127.207,0,9671.628,0,99.955,5716,6879,3.410,1.670,0.840,5,0,97.956,0,0,10,35,6,35,0
31-10 16:03:11,68.067,8.759,23.273,0,0,1512944,159300,184132,6016832,11389.150,1459.429,268.263,976.956,60.059,34.033,12469,25835,3.410,1.670,0.840,4,0,24.024,0,0,10,35,6,35,0
31-10 16:03:12,66.916,8.989,24.220,0,0,1435380,235864,184264,6017664,6997.205,1617.966,519.347,2952.289,4.994,183.769,2864,6292,3.410,1.670,0.840,4,0,38.951,0,0,10,34,6,36,0
31-10 16:03:13,64.989,6.749,27.495,0.500,0,1441624,208552,184656,6037320,5076.137,1619.725,7.999,2335.603,2.000,89.985,2975,5656,3.410,1.670,0.840,6,0,57.990,0,0,10,35,6,34,0
31-10 16:03:14,59.027,17.508,22.260,0.500,0,1455304,125960,185900,6099812,10097.655,1458.672,0,32867.152,0,523.241,4367,7415,3.370,1.690,0.860,5,0,285.131,0,0,10,34,6,35,0
31-10 16:03:15,58.750,15.750,25.750,0.250,0,1459624,118044,197148,6081936,6630.947,1713.986,375.997,1831.985,6.000,37.000,3487,6280,3.370,1.690,0.860,6,0,98.999,0,0,10,34,6,34,0
31-10 16:03:16,65.562,9.009,25.024,0.250,0,1488592,129044,198928,6038264,8242.789,1533.449,0,14685.878,0,68.064,2808,4504,3.370,1.690,0.860,5,0,46.044,0,0,10,35,6,34,0
31-10 16:03:17,58.099,15.890,25.574,0.248,0,1454336,249688,198948,5957192,7173.538,1954.524,47.671,2701.374,8.938,40.719,4780,9153,3.370,1.690,0.860,8,0,203.596,0,0,10,32,5,33,0
31-10 16:03:18,62.179,20.391,16.615,0,0,1447788,241984,199084,5971304,5387.171,1631.256,1627.228,849.864,58.403,19.132,7564,16579,3.370,1.690,0.860,4,0,539.724,0,0,10,33,5,33,0
31-10 16:03:19,31.688,18.963,48.156,0.749,0,1380928,305020,199084,5975124,9411.694,1455.170,3820.569,1217.632,84.835,26.948,3278,4732,3.260,1.700,0.860,5,0,467.092,0,0,10,32,5,27,0
31-10 16:03:20,23.955,9.732,65.628,0.250,0,1328980,356804,199092,5975456,9181.931,1616.994,0,119717.445,0,667.759,3629,5545,3.260,1.700,0.860,2,0,91.829,0,0,10,32,5,27,0
31-10 16:03:21,20.823,5.018,73.256,0.251,0,1389592,296580,199100,5975472,7600.556,1625.680,0,822.875,0,9.032,1106,1317,3.260,1.700,0.860,2,0,43.151,0,0,10,32,5,20,0
31-10 16:03:22,17.500,9.250,72.251,0,0,1335140,351016,199104,5975484,8789.097,1620.018,0,248.003,0,21.000,1966,2944,3.260,1.700,0.860,3,0,92.001,0,0,10,32,5,20,0
31-10 16:03:23,23.736,2.748,72.957,0,0,1389568,296584,199108,5975484,8399.019,1619.040,0,143.915,0,6.996,1224,1786,3.260,1.700,0.860,2,0,0,0,0,10,33,5,21,0
31-10 16:03:24,18.765,8.257,73.058,0,0,1355992,330132,199120,5975500,9578.653,1513.209,0,224.179,0,20.016,2148,3183,3.080,1.690,0.860,2,0,99.079,0,0,10,32,5,17,0
31-10 16:03:25,22.195,5.486,72.818,0.249,0,1315964,370132,199128,5975520,6724.210,1562.099,0,291.273,0,26.933,2228,3589,3.080,1.690,0.860,5,0,59.851,0,0,10,32,5,17,0
31-10 16:03:26,21.541,4.008,73.139,0.250,0,1380840,305232,199144,5975528,5186.845,1697.221,0,1086.061,0,74.141,1488,2173,3.080,1.690,0.860,1,0,34.065,0,0,10,33,5,15,0
31-10 16:03:27,22.492,4.249,72.226,0,0,1341532,344516,199144,5975552,8727.059,1693.429,0,171.942,0,17.994,3015,5051,3.080,1.690,0.860,2,0,29.990,0,0,10,32,5,15,0
31-10 16:03:28,22.960,2.496,73.121,0,0,1379952,305960,199148,5975684,6710.190,1455.438,0,111.803,0,7.986,2178,3597,3.080,1.690,0.860,2,0,0,0,0,10,33,5,14,0
31-10 16:03:29,16.780,14.777,67.872,0.501,0.250,1324864,360652,199156,5976072,9777.590,1697.053,12.022,316.570,1.002,23.041,3360,5296,3.080,1.710,0.870,4,0,420.757,0,0,10,32,5,16,0
31-10 16:03:30,44.312,5.975,48.793,0.249,0,1465812,218020,199156,5977756,96167.672,1613.151,1198.909,223.053,19.915,11.949,1847,2078,3.080,1.710,0.870,4,0,65.721,0,0,10,32,5,16,0
31-10 16:03:31,41.392,6.522,46.409,6.271,0,1407376,270100,199440,5983768,74556.056,1463.005,329.126,18647.794,19.065,2188.487,9510,20068,3.080,1.710,0.870,5,0,108.371,0,0,10,36,5,16,0
31-10 16:03:32,39.730,7.746,45.477,4.998,0,1479392,196168,199792,5985332,9881.079,1619.194,0,43622.276,0,4203.906,19294,30939,3.080,1.710,0.870,2,0,65.967,0,0,10,36,5,16,0
31-10 16:03:33,46.603,6.230,47.350,0.748,0,1425368,250192,199812,5985300,4917.466,1688.666,0,12859.377,0,749.632,3212,4752,3.080,1.710,0.870,3,0,5.981,0,0,10,32,5,16,0
31-10 16:03:34,39.111,7.521,46.131,6.268,0,1503436,171568,200048,5985616,6727.159,1462.164,0,10794.743,0,2144.106,13453,24640,2.910,1.700,0.880,5,0,3.009,0,0,10,34,5,16,0
31-10 16:03:35,30.300,7.763,60.099,1.252,0,1372852,301900,200088,5985828,9419.589,1849.060,0,10401.214,0,802.328,3963,5929,2.910,1.700,0.880,2,0,99.164,0,0,10,32,6,16,0
31-10 16:03:36,22.652,3.236,72.684,0.747,0.249,1438596,236128,200116,5985828,11014.165,1686.675,0,11103.776,0,601.388,2862,4083,2.910,1.700,0.880,3,0,1.991,0,0,10,32,6,16,0
31-10 16:03:37,24.237,2.249,72.960,0.250,0,1394372,280328,200120,5985848,8925.082,1457.197,0,1363.249,0,85.953,1157,1431,2.910,1.700,0.880,2,0,0.999,0,0,10,32,6,16,0
31-10 16:03:38,24.250,2.250,74.250,0,0,1340108,334580,200120,5985860,7819.031,1694.007,0,4.000,0,1.000,860,1029,2.910,1.700,0.880,3,0,3.000,0,0,10,32,6,16,0
31-10 16:03:39,23.752,2.750,73.005,0,0,1423008,251672,200120,5985868,10805.810,1620.122,0,132.010,0,12.001,1075,1320,2.760,1.680,0.880,3,0,2.000,0,0,10,32,6,16,0
31-10 16:03:40,23.014,2.502,74.045,0,0,1367208,307400,200120,5985936,6697.085,1542.941,0,0,0,0,946,1125,2.760,1.680,0.880,4,0,1.001,0,0,10,32,6,13,0
31-10 16:03:41,22.485,3.248,73.701,0,0,1430460,244148,200120,5985936,4996.682,1692.876,0,0,0,0,934,1176,2.760,1.680,0.880,3,0,1.999,0,0,10,32,6,13,0
31-10 16:03:42,22.763,3.252,73.541,0,0,1382720,291776,200120,5986048,11403.340,1768.984,0,0,0,0,1009,1148,2.760,1.680,0.880,3,0,2.001,0,0,10,32,6,10,0
31-10 16:03:43,23.744,1.750,74.232,0,0,1392068,282416,200120,5986060,10019.535,1619.602,0,0,0,0,959,1165,2.760,1.680,0.880,3,0,1.000,0,0,10,32,6,10,0
31-10 16:03:44,24.010,2.251,72.530,0,0,1345596,328868,200124,5986076,6082.543,1620.677,0,280.117,0,15.006,1138,1581,2.620,1.670,0.880,2,0,3.001,0,0,10,32,6,10,0
31-10 16:03:45,23.623,4.021,72.378,0.251,0,1347076,327292,200128,5986160,9130.708,1628.509,0,48284.285,0,159.835,1553,1803,2.620,1.670,0.880,1,0,1.005,0,0,10,32,6,10,0
31-10 16:03:46,22.750,3.000,74.249,0,0,1433508,240860,200128,5986160,7515.940,1457.988,0,0,0,0,946,1196,2.620,1.670,0.880,2,0,2.000,0,0,10,32,6,10,0
31-10 16:03:47,16.476,9.986,72.895,0,0,1351788,322440,200128,5986300,8339.025,1617.677,0,275.604,0,2.996,2143,3228,2.620,1.670,0.880,3,0,268.614,0,0,10,32,6,10,0
31-10 16:03:48,10.251,18.501,70.506,0,0,1352440,321500,200128,5986584,8591.696,1566.127,108.009,932.075,6.000,13.001,3399,5445,2.620,1.670,0.880,2,0,543.044,0,0,10,32,6,10,0
31-10 16:03:49,10.250,19.751,70.252,0,0.250,1354632,319336,200128,5986556,5889.159,1512.041,0,144.004,0,4.000,3226,5106,2.490,1.660,0.880,2,0,498.013,0,0,10,32,6,10,0
31-10 16:03:50,23.179,3.739,72.528,0,0,1427476,246464,200132,5986680,8324.469,1762.594,0,30322.999,0,77.762,1282,1548,2.490,1.660,0.880,2,0,8.972,0,0,10,32,6,10,0
31-10 16:03:51,22.795,3.006,74.398,0,0,1378976,294828,200132,5986696,8584.039,1460.900,0,609.209,0,111.221,1124,1098,2.490,1.660,0.880,2,0,1.002,0,0,10,32,6,10,0
31-10 16:03:52,24.003,2.500,74.010,0,0,1452552,221272,200132,5986676,5132.688,1620.217,0,20.003,0,1.000,933,1118,2.490,1.660,0.880,2,0,3.000,0,0,10,32,6,10,0
31-10 16:03:53,23.526,1.752,73.833,0,0,1404360,269456,200132,5986684,9460.643,1621.825,0,0,0,0,862,1001,2.490,1.660,0.880,2,0,1.001,0,0,10,32,6,10,0
31-10 16:03:54,22.916,2.989,73.231,0,0,1357292,316512,200132,5986696,8536.602,1452.657,0,1060.101,0,15.941,1082,1408,2.370,1.650,0.880,3,0,2.989,0,0,10,32,6,10,0
31-10 16:03:55,23.255,3.001,74.014,0.250,0,1430640,243184,200132,5986676,11688.279,1662.324,0,452.088,0,32.006,1091,1288,2.370,1.650,0.880,2,0,2.000,0,0,10,32,6,10,0
31-10 16:03:56,23.602,3.013,74.573,0,0,1391200,282616,200132,5986684,10136.974,1627.058,0,4656.199,0,239.037,1162,1084,2.370,1.650,0.880,2,0,1.004,0,0,10,32,6,7,0
31-10 16:03:57,23.143,2.240,73.908,0,0,1448656,225160,200132,5986684,6431.249,1524.946,0,11.945,0,0.995,858,1069,2.370,1.650,0.880,2,0,1.991,0,0,10,32,6,7,0
31-10 16:03:58,23.254,2.000,74.012,0,0,1423612,250208,200132,5986680,8852.470,1662.276,0,0,0,0,913,1087,2.370,1.650,0.880,2,0,1.000,0,0,10,32,6,6,0
31-10 16:03:59,23.250,2.500,74.000,0,0,1360056,313740,200132,5986704,7520.955,1619.990,0,24.000,0,1.000,907,1082,2.260,1.640,0.880,2,0,3.000,0,0,10,32,6,6,0
31-10 16:04:00,23.057,3.258,73.681,0,0,1435836,238140,200132,5986612,9689.827,1666.097,0,40.099,0,3.007,979,1131,2.260,1.640,0.880,1,0,2.005,0,0,10,32,6,6,0
31-10 16:04:01,23.446,2.494,74.080,0,0,1388300,285592,200132,5986692,7437.885,1616.281,0,1061.557,0,3.991,868,1034,2.260,1.640,0.880,2,0,0.998,0,0,10,32,6,6,0
31-10 16:04:02,23.999,2.250,73.747,0,0,1408656,265244,200132,5986684,10802.568,1619.935,0,19.999,0,3.000,971,1118,2.260,1.640,0.880,2,0,2.000,0,0,10,32,6,6,0
31-10 16:04:03,23.083,2.509,74.268,0,0,1356148,317732,200132,5986704,11319.853,1463.281,0,20.072,0,1.004,918,1013,2.260,1.640,0.880,2,0,3.011,0,0,10,32,6,6,0
31-10 16:04:04,27.635,3.236,68.962,0,0,1345528,328344,200132,5986712,6387.333,1613.265,0,167.302,0,10.954,1535,3721,2.160,1.630,0.880,3,0,34.854,0,0,10,32,6,6,0
31-10 16:04:05,23.993,2.749,72.979,0.500,0,1425812,245716,200144,5989040,5396.430,1619.529,2315.326,775.774,27.992,41.988,1131,1572,2.160,1.630,0.880,2,0,1.999,0,0,10,32,6,6,0
31-10 16:04:06,16.843,10.810,72.149,0,0,1347816,323676,200144,5989076,8843.951,1629.017,0,828.586,0,11.061,2021,3068,2.160,1.630,0.880,2,0,273.514,0,0,10,32,6,6,0
31-10 16:04:07,19.902,7.961,72.145,0,0,1405292,266164,200144,5989112,7933.001,1598.144,0,71.648,0,2.985,1806,2631,2.160,1.630,0.880,2,0,195.041,0,0,10,32,6,6,0
31-10 16:04:08,21.834,3.764,74.035,0,0,1371112,300108,200144,5989348,7665.497,1700.544,0,4.015,0,1.004,981,1129,2.160,1.630,0.880,2,0,9.035,0,0,10,32,6,6,0
31-10 16:04:09,21.009,5.502,72.531,0,0,1343516,327704,200144,5989348,7152.083,1620.699,4.002,0,1.000,0,1278,1807,2.060,1.620,0.880,2,0,95.041,0,0,10,32,6,6,0
31-10 16:04:10,9.004,21.008,69.528,0,0,1346376,324736,200144,5989456,8202.289,1532.615,0,324.130,0,9.004,3143,4944,2.060,1.620,0.880,3,0,483.194,0,0,10,32,6,6,0
31-10 16:04:11,9.492,21.482,69.191,0,0,1344160,326904,200144,5989500,9295.127,1618.629,0,527.553,0,7.993,3918,6414,2.060,1.620,0.880,2,0,683.421,0,0,10,32,6,6,0
31-10 16:04:12,9.502,19.505,69.017,0,0,1346956,324060,200144,5989544,7465.881,1620.408,0,1932.487,0,21.005,4346,7224,2.060,1.620,0.880,2,0,804.203,0,0,10,32,6,6,0
31-10 16:04:13,8.748,21.246,69.737,0,0,1352288,318696,200144,5989576,4397.165,1457.723,0,1187.774,0,14.997,3869,6673,2.060,1.620,0.880,2,0,712.865,0,0,10,32,6,5,0
31-10 16:04:14,10.750,18.250,70.250,0,0,1347760,322992,200144,5989808,8386.025,1694.005,176.001,632.002,5.000,27.000,4219,7040,1.980,1.610,0.880,2,0,698.002,0,0,10,32,6,5,0
31-10 16:04:15,12.248,18.497,69.239,0.250,0,1340048,329608,200148,5990892,7619.804,1679.736,1087.829,447.930,16.997,35.994,3982,6623,1.980,1.610,0.880,6,0,643.899,0,0,10,32,6,4,0
31-10 16:04:16,39.272,29.016,30.517,0.250,0,1427528,241988,200156,5991060,7873.385,1640.914,96.054,604.337,5.003,29.016,3937,7016,1.980,1.610,0.880,6,0,852.475,0,0,10,34,6,7,0
31-10 16:04:17,75.496,22.499,1.750,0,0,1585980,124020,201232,5947116,6485.689,1619.922,723.965,5595.731,21.999,352.983,9135,5372,1.980,1.610,0.880,5,0,440.979,0,0,10,32,6,10,0
31-10 16:04:18,64.493,12.499,15.998,5.999,0,1644276,128052,201736,5885316,9731.910,1693.810,495.944,43323.148,5.999,3334.627,15999,26968,1.980,1.610,0.880,8,1,136.985,0,0,10,38,6,11,0
31-10 16:04:19,60.503,14.751,16.751,8.750,0,1633000,125332,202680,5898332,7777.428,1458.080,0,89916.945,0,6759.372,27979,45609,2.140,1.650,0.900,6,1,192.011,0,0,10,36,6,11,0
31-10 16:04:20,60.794,13.510,18.013,7.255,0,1580868,203840,202936,5872476,4815.462,1621.166,68.049,92826.742,1.001,7075.087,24743,46315,2.140,1.650,0.900,5,0,124.089,0,0,10,36,6,15,0
31-10 16:04:21,40.970,14.989,33.476,9.993,0,1540324,234344,203252,5882060,8850.557,1618.821,0,68689.994,0,5651.885,23440,40431,2.140,1.650,0.900,6,0,252.816,0,0,10,34,6,15,0
31-10 16:04:22,38.487,6.748,44.485,9.247,0,1553156,216256,203632,5886888,8103.310,1767.413,0,60939.768,0,4935.361,22774,39819,2.140,1.650,0.900,6,1,63.979,0,0,10,35,6,17,0
31-10 16:04:23,35.968,9.741,41.713,10.990,0,1537952,229092,203988,5888884,8199.743,1618.568,0,61010.006,0,5013.563,21421,36309,2.140,1.650,0.900,3,0,77.931,0,0,10,34,6,17,0
31-10 16:04:24,38.720,8.743,41.218,9.493,0,1559648,204452,204284,5891532,8608.243,1618.729,0,51791.344,0,4375.565,20084,35335,2.130,1.650,0.910,5,0,44.965,0,0,10,35,6,20,0
31-10 16:04:25,37.552,9.513,44.811,8.512,0,1516812,246268,204420,5892412,9021.377,1460.003,0,49696.183,0,4360.983,21218,36055,2.130,1.650,0.910,6,0,110.151,0,0,10,34,6,20,0
31-10 16:04:26,43.793,7.507,40.289,9.259,0,1558584,201916,204460,5894948,9756.542,1621.586,0,40936.035,0,3727.646,15688,31054,2.130,1.650,0.910,3,0,48.047,0,0,10,35,6,20,0
31-10 16:04:27,37.450,7.989,43.692,9.487,0,1509640,246540,204632,5899056,8686.386,1617.837,0,46549.763,0,4556.907,19250,39257,2.130,1.650,0.910,5,1,98.868,0,0,10,34,6,21,0
31-10 16:04:28,38.232,9.746,40.981,10.745,0,1558308,193928,204824,5902804,6336.085,1457.330,0,72154.809,0,6565.980,21041,42753,2.130,1.650,0.910,4,0,98.954,0,0,10,37,6,21,0
31-10 16:04:29,37.050,8.011,42.808,8.762,0,1496968,252364,204968,5905564,8647.666,1622.188,0,54020.874,0,4762.425,19954,41465,2.120,1.660,0.910,6,1,127.172,0,0,10,36,6,22,0
31-10 16:04:30,40.254,7.501,41.754,8.751,0,1566612,187600,205076,5900516,9953.876,1694.149,0,47588.188,0,4281.377,16127,34958,2.120,1.660,0.910,8,0,15.001,0,0,10,36,6,22,0
31-10 16:04:31,39.505,10.251,45.755,3.750,0,1419852,333884,205100,5900964,6592.771,1532.179,0,35240.123,0,2696.315,10442,20903,2.120,1.660,0.910,4,0,178.021,0,0,10,32,6,23,0
31-10 16:04:32,22.458,7.236,68.372,1.248,0,1378056,375616,205112,5901016,8459.114,1616.963,0,6403.973,0,365.314,3265,5256,2.120,1.660,0.910,2,0,140.736,0,0,10,32,6,23,0
31-10 16:04:33,21.179,4.734,73.254,0,0,1438328,315344,205112,5901016,7819.749,1614.580,0,1395.316,0,77.739,1421,1965,2.120,1.660,0.910,3,0,20.930,0,0,10,33,6,23,0
31-10 16:04:34,22.250,4.750,72.498,0,0,1400876,352640,205112,5901172,7965.825,1457.968,0,595.987,0,31.999,2458,4356,2.030,1.650,0.910,3,0,42.999,0,0,10,32,6,25,0
31-10 16:04:35,23.535,2.504,72.609,0.250,0,1438600,314896,205112,5901192,9720.581,1622.434,0,620.931,0,44.066,2512,4668,2.030,1.650,0.910,2,0,0,0,0,10,32,6,26,0
31-10 16:04:36,10.527,19.550,68.173,0.251,0,1377840,375604,205116,5901240,8364.228,1461.710,0,1066.707,0,71.181,2632,3634,2.030,1.650,0.910,1,0,291.740,0,0,10,32,6,26,0
31-10 16:04:37,10.495,19.491,68.469,0.250,0,1378784,374544,205116,5901356,9819.532,1619.263,0,895.593,0,55.975,2733,3658,2.030,1.650,0.910,2,0,320.854,0,0,10,32,6,26,0
31-10 16:04:38,53.264,15.254,30.508,0.250,0,1520900,232272,205124,5901504,8023.094,1694.442,8.002,3508.916,2.001,231.060,3165,4445,2.030,1.650,0.910,4,0,267.070,0,0,10,32,6,32,0
31-10 16:04:39,66.829,9.261,24.029,0,0,1682100,122768,205124,5850852,8559.177,1696.017,12.014,2643.143,2.002,115.137,1636,1669,2.110,1.670,0.920,6,0,0,0,0,10,32,6,32,0
31-10 16:04:40,50.514,11.003,30.758,7.002,0,1763664,121960,205136,5772160,7170.965,1620.444,2028.556,43227.844,86.024,3313.908,16030,25247,2.110,1.670,0.920,5,0,126.035,0,0,10,38,6,32,0
31-10 16:04:41,32.898,9.471,43.614,12.710,0.249,1765180,123568,205304,5768900,7780.809,1614.979,0,93521.242,0,7450.835,29388,53778,2.110,1.670,0.920,4,0,293.089,0,0,10,38,6,32,0
31-10 16:04:42,46.877,10.027,31.084,10.278,0,1765612,129396,205456,5762600,8030.828,1461.974,0,96498.282,0,8026.817,33037,61822,2.110,1.670,0.920,1,1,169.461,0,0,10,38,6,32,0
31-10 16:04:43,45.590,11.709,30.892,10.463,0,1695652,187824,205512,5773688,8246.040,1656.183,27.902,90912.715,1.993,6997.425,27783,48217,2.110,1.670,0.920,6,0,237.167,0,0,10,36,6,32,0
31-10 16:04:44,41.930,13.478,39.434,5.740,0,1763460,128640,205540,5764964,8251.245,1617.304,0,90285.494,0,6156.737,24516,41538,2.420,1.740,0.950,5,0,1.997,0,0,10,36,6,32,0
31-10 16:04:45,39.714,11.814,41.725,7.541,0,1658768,235556,205608,5762728,8290.628,1628.768,0,81390.123,0,6699.061,24749,45235,2.420,1.740,0.950,3,0,177.958,0,0,10,36,6,32,0
31-10 16:04:46,33.517,9.755,51.026,4.252,0,1407256,485828,205628,5763904,9455.728,1694.847,0,38979.490,0,2737.369,10912,17795,2.420,1.740,0.950,2,0,191.096,0,0,10,32,6,32,0
31-10 16:04:47,19.959,7.485,72.351,0.249,0,1453400,439640,205628,5763932,9395.617,1616.665,0,1181.562,0,70.854,1602,2152,2.420,1.740,0.950,1,0,88.817,0,0,10,32,5,32,0
31-10 16:04:48,23.434,2.742,72.544,0.249,0,1517728,375308,205628,5763932,9627.696,1615.419,0,9568.863,0,422.801,1954,2819,2.420,1.740,0.950,2,0,1.994,0,0,10,34,5,32,0
31-10 16:04:49,23.496,3.749,72.987,0.250,0,1422232,470788,205628,5763940,7941.578,1457.739,0,671.880,0,65.988,1504,1942,2.380,1.750,0.960,2,0,28.995,0,0,10,32,5,32,0
31-10 16:04:50,22.998,3.500,73.244,0,0,1496040,396980,205628,5763940,6704.457,1619.869,0,51.996,0,6.999,893,1113,2.380,1.750,0.960,3,0,1.000,0,0,10,32,5,32,0
31-10 16:04:51,21.566,4.263,73.475,0.251,0,1397180,495836,205628,5763944,4562.944,1624.966,48.147,128.392,3.009,17.052,1412,2005,2.380,1.750,0.960,2,0,47.144,0,0,10,32,5,32,0
31-10 16:04:52,14.535,37.340,47.615,0.251,0,1407116,485764,205628,5764076,4510.853,1623.907,36.087,693.669,2.005,48.116,4991,8583,2.380,1.750,0.960,2,0,1085.612,0,0,10,32,5,32,0
31-10 16:04:53,11.221,33.413,52.614,0,0,1410336,482468,205628,5764152,8202.722,1615.809,0,777.982,0,40.894,4635,7652,2.380,1.750,0.960,1,0,930.586,0,0,10,32,5,32,0
31-10 16:04:54,3.251,5.001,91.268,0,0,1409508,483284,205628,5764160,8355.621,1458.283,0,172.033,0,7.001,1076,1542,2.190,1.720,0.950,0,0,57.011,0,0,10,32,5,32,0
31-10 16:04:55,8.754,19.008,70.030,0,0,1398540,493716,205636,5764676,7594.205,1620.684,644.272,0,18.008,0,2763,3684,2.190,1.720,0.950,3,0,269.114,0,0,11,12,5,32,20
31-10 16:04:56,10.763,19.773,69.081,0,0,1400596,491448,205636,5764852,6225.277,1533.793,0,52.061,0,10.012,2675,3863,2.190,1.720,0.950,4,0,303.355,0,0,11,12,5,32,20
31-10 16:04:57,24.231,18.236,56.955,0,0,1434408,456332,205680,5766076,8210.571,1692.675,583.543,0,52.959,0,3395,9538,2.190,1.720,0.950,4,0,279.781,0,0,11,12,5,32,20
31-10 16:04:58,12.256,20.260,66.785,0,0,1447680,442924,205680,5766176,7276.769,1620.840,12.006,28.015,1.001,7.004,2970,4503,2.190,1.720,0.950,2,0,381.197,0,0,13,12,5,32,20
31-10 16:04:59,25.985,15.491,57.716,0.250,0,1477412,412888,205680,5766368,5648.662,1573.070,3.998,311.816,0.999,3.998,3294,9525,2.180,1.720,0.960,3,0,329.805,0,0,13,12,5,32,20
31-10 16:05:00,12.953,18.184,67.505,0,0.249,1487540,402476,205680,5766968,8672.527,1655.990,0,39.855,0,8.967,4007,7279,2.180,1.720,0.960,1,0,339.767,0,0,15,12,5,32,20
31-10 16:05:01,33.402,14.566,51.736,0,0,1581664,308320,205680,5766648,8143.157,1627.426,0,221.008,0,10.046,3778,7067,2.180,1.720,0.960,11,0,159.729,0,0,17,12,5,32,20
31-10 16:05:02,86.732,13.497,0,0,0,1895972,118760,205672,5644408,6475.660,1457.698,0,1099.772,0,24.995,2020,2960,2.180,1.720,0.960,13,0,37.992,0,0,17,12,5,32,20
31-10 16:05:03,36.907,16.708,44.389,0,0,1927696,179676,205672,5553536,9325.583,1689.757,0,195.509,0,7.980,2635,4164,2.180,1.720,0.960,2,0,195.509,0,0,17,12,5,32,20
31-10 16:05:04,13.017,21.527,62.830,0,0,1908512,198664,205672,5553700,9087.541,1622.060,8.010,264.336,1.001,9.011,3207,6434,2.240,1.740,0.970,3,0,341.434,0,0,17,12,5,33,20
31-10 16:05:05,18.497,17.747,61.739,0,0,1925764,181316,205672,5553740,9554.252,1457.733,0,11.998,0,2.999,5361,9521,2.240,1.740,0.970,3,0,185.966,0,0,17,12,5,33,20
31-10 16:05:06,19.929,6.477,72.491,0.249,0,1980092,125640,205672,5555020,10599.077,1614.224,996.435,39.857,14.947,0.996,1841,2949,2.240,1.740,0.970,1,0,96.654,0,0,18,12,5,32,20
31-10 16:05:07,14.249,8.999,76.243,0,0,2006512,129252,205672,5525616,5073.518,1619.846,0,35.997,0,2.000,1776,2689,2.240,1.740,0.970,3,0,96.991,0,0,18,12,5,33,20
31-10 16:05:08,25.048,3.006,70.885,0.250,0,2041896,130412,205672,5489864,9764.562,1623.085,56.107,464.884,5.010,17.032,2859,4886,2.240,1.740,0.970,3,0,0,0,0,18,21,5,35,0
31-10 16:05:09,12.524,16.031,69.883,0.250,0,2001716,170176,205672,5490280,6686.725,1623.089,284.541,565.075,3.006,46.088,3570,6146,2.060,1.710,0.960,2,0,452.862,0,0,18,18,5,39,0
31-10 16:05:10,10.765,18.776,69.345,0,0,2008056,163732,205672,5490336,10302.104,1622.221,0,144.197,0,12.016,3665,6153,2.060,1.710,0.960,3,0,480.658,0,0,18,18,5,39,0
31-10 16:05:11,17.264,15.012,65.053,0.250,0,2013636,157708,205672,5491100,7947.437,1695.373,328.266,416.337,3.002,15.012,5530,10775,2.060,1.710,0.960,4,0,216.175,0,0,18,18,5,39,0
31-10 16:05:12,47.144,12.223,40.160,0,0,2130776,124320,205672,5409088,8040.980,1528.574,0,598.658,0,21.951,2159,3325,2.060,1.710,0.960,4,0,121.727,0,0,18,19,5,39,0
31-10 16:05:13,49.136,4.467,45.910,0,0,2207916,129108,205664,5328732,8601.316,1608.094,174.706,357.354,1.985,19.853,2142,2987,2.060,1.710,0.960,6,0,6.949,0,0,18,35,5,39,0
31-10 16:05:14,42.299,9.064,46.831,0.755,0,2261736,128560,205664,5276256,5970.227,1631.540,0,8657.233,0,515.647,5546,12032,2.140,1.740,0.980,4,0,64.456,0,0,18,34,5,40,0
31-10 16:05:15,11.006,20.262,68.040,0,0,2274460,130668,205664,5262144,7591.426,1715.000,0,280.163,0,13.008,4088,6842,2.140,1.740,0.980,14,0,304.177,0,0,18,34,5,40,0
31-10 16:05:16,12.488,9.491,76.179,0,0,2278916,126788,205664,5261168,8545.984,1618.482,215.798,55.948,9.991,3.996,3589,5840,2.140,1.740,0.980,0,0,71.933,0,0,18,34,5,38,0
31-10 16:05:17,1.994,1.496,95.720,0,0,2279180,126548,205664,5261172,8371.488,1615.270,0,3.988,0,0.997,1052,1713,2.140,1.740,0.980,1,0,2.991,0,0,18,34,5,39,0
31-10 16:05:18,2.000,1.000,96.240,0,0,2279008,126548,205664,5261344,9982.922,1457.843,0,119.987,0,9.999,1109,1810,2.140,1.740,0.980,1,0,3.000,0,0,18,34,5,34,0
31-10 16:05:19,2.249,0.500,96.962,0,0,2278984,126548,205664,5261368,6701.380,1619.367,0,791.690,0,5.998,1008,1725,1.970,1.710,0.970,1,0,1.000,0,0,18,34,5,34,0
31-10 16:05:20,3.750,4.250,91.007,0,0,2218240,187168,205664,5261492,7819.571,1694.124,12.001,4.000,1.000,1.000,1478,2355,1.970,1.710,0.970,2,0,47.003,0,0,18,34,5,30,0
31-10 16:05:21,16.739,19.238,62.460,0.250,0,2249808,176112,205652,5241556,8883.306,1618.962,255.836,6651.736,12.992,459.705,6080,9369,1.970,1.710,0.970,1,0,257.835,0,0,18,34,5,30,0
31-10 16:05:22,12.574,18.106,68.903,0.503,0,2307668,124384,205660,5235660,6432.611,1705.975,647.788,1307.646,37.218,187.094,3811,5804,1.970,1.710,0.970,3,0,351.053,0,0,19,34,5,28,0
31-10 16:05:23,14.429,13.683,69.658,0,0,2314292,131168,205660,5222272,5454.231,1612.088,195.043,294.554,8.956,14.927,4641,10100,1.970,1.710,0.970,2,0,214.945,0,0,19,34,5,28,0
31-10 16:05:24,6.534,8.042,84.194,0,0,2321844,123584,205660,5222652,10459.172,1628.591,0,0,0,0,2765,4806,1.890,1.690,0.970,13,0,177.939,0,0,21,36,5,26,0
31-10 16:05:25,15.231,14.731,68.414,0.250,0,2315716,136216,205660,5215796,7392.715,1456.171,0,1785.757,0,297.626,4582,7619,1.890,1.690,0.970,5,1,252.683,0,0,21,36,5,27,0
31-10 16:05:26,12.499,18.998,68.243,0,0,2321792,130148,205660,5216260,8781.139,1619.841,0,259.975,0,42.996,4545,8522,1.890,1.690,0.970,2,0,490.952,0,0,21,36,5,25,0
31-10 16:05:27,25.530,19.272,52.811,0,0,2342548,130268,205660,5195324,6497.557,1780.070,0,120.140,0,5.006,5216,11359,1.890,1.690,0.970,3,0,442.515,0,0,21,36,5,25,0
31-10 16:05:28,30.976,22.732,45.214,0,0,2405988,139532,205648,5124328,8303.457,1456.852,0,807.364,0,10.991,4407,8444,1.890,1.690,0.970,5,0,664.476,0,0,21,36,5,24,0
31-10 16:05:29,34.042,22.278,42.302,0,0.250,2457192,173792,205652,5041004,7975.898,1622.013,40.050,32.040,4.005,8.010,5965,11489,1.980,1.720,0.980,4,0,376.467,0,0,21,40,5,26,0
31-10 16:05:30,58.524,24.010,16.757,0,0,2628600,127596,205652,4915888,5365.173,1620.656,0,4.002,0,1.000,3346,6595,1.980,1.720,0.980,3,0,496.201,0,0,21,40,5,26,0
31-10 16:05:31,55.961,23.733,19.237,0,0.250,2735648,120336,205660,4816548,9220.555,1456.982,0,31.978,0,7.994,5438,14107,1.980,1.720,0.980,4,0,352.753,0,0,21,40,5,25,0
31-10 16:05:32,68.744,23.498,6.999,0.500,0,2875664,129364,206720,4668296,9608.193,1751.853,1031.913,8787.262,90.992,542.954,4156,7354,1.980,1.720,0.980,5,0,473.960,0,0,21,44,5,25,0
31-10 16:05:33,67.012,24.004,6.251,1.000,0,2970828,151496,206724,4552756,5584.961,1458.251,8.001,10273.767,2.000,1207.208,8606,18449,1.980,1.720,0.980,6,1,278.048,0,0,21,44,5,22,0
31-10 16:05:34,68.732,24.493,3.749,2.499,0,3090540,120492,206732,4464488,8403.748,1619.566,19.995,34870.655,4.999,2598.304,11608,28576,2.220,1.770,1,6,0,466.875,0,0,21,46,5,22,0
31-10 16:05:35,74.247,21.499,3.000,0,0,3161836,123008,206732,4392232,7780.704,1619.938,4.000,1359.948,1.000,65.997,6981,18807,2.220,1.770,1,8,0,249.991,0,0,21,54,5,26,0
31-10 16:05:36,62.754,22.251,13.751,0,0.250,3288640,133156,206736,4257896,11802.744,1620.102,32.002,10408.656,4.000,810.051,5565,12006,2.220,1.770,1,4,0,493.031,0,0,21,63,5,29,0
31-10 16:05:37,45.963,24.231,28.727,0,0,3367556,121140,206736,4192960,9332.571,1692.653,0,555.558,0,31.975,6378,20975,2.220,1.770,1,5,0,381.696,0,0,21,63,5,28,0
31-10 16:05:38,58.042,15.011,25.519,0,0,3510552,128604,206736,4044696,6962.061,1695.232,280.204,9574.961,23.017,634.461,5280,8648,2.220,1.770,1,4,0,157.114,0,0,21,66,5,28,0
31-10 16:05:39,35.969,16.486,45.711,0.749,0,3590312,128288,206736,3966184,8559.724,1618.624,563.521,8588.700,32.972,516.561,5333,13720,2.200,1.780,1.010,2,0,167.857,0,0,21,71,5,25,0
31-10 16:05:40,7.995,19.987,69.954,0.250,0,3599612,121504,206736,3963712,6414.792,1530.996,0,687.549,0,42.972,2966,4404,2.200,1.780,1.010,1,0,283.814,0,0,21,71,5,25,0
31-10 16:05:41,9.235,19.719,69.640,0,0,3597928,142180,206736,3944856,6777.299,1617.446,0,111.823,0,11.981,2772,4165,2.200,1.780,1.010,2,0,241.618,0,0,21,71,5,25,0
31-10 16:05:42,8.746,18.492,70.470,0,0,3604964,135120,206736,3944880,8577.372,1619.315,0,39.983,0,3.998,2865,4294,2.200,1.780,1.010,2,0,278.882,0,0,21,71,5,25,0
31-10 16:05:43,10.540,18.068,70.013,0,0.251,3607124,132924,206736,3944900,8949.660,1553.844,4.015,4.015,1.004,1.004,2806,4136,2.200,1.780,1.010,2,0,267.004,0,0,21,71,5,25,0
31-10 16:05:44,13.227,18.717,66.883,0,0,3608456,131404,206736,3945092,10232.063,1691.036,0,35.937,0,8.984,2992,4376,2.110,1.760,1.010,2,0,283.503,0,0,21,71,5,25,0
31-10 16:05:45,22.773,18.018,56.557,0.250,0,3627696,134000,206736,3923280,7640.709,1695.711,936.945,84.085,13.013,4.004,5369,12153,2.110,1.760,1.010,5,0,188.190,0,0,21,73,5,25,0
31-10 16:05:46,30.263,24.010,44.769,0.500,0,3685020,124984,206736,3875288,7435.160,1532.651,624.265,2449.041,37.016,349.148,4817,7689,2.110,1.760,1.010,3,0,614.261,0,0,21,81,5,25,0
31-10 16:05:47,48.501,21.001,29.251,0,0,3810900,119260,206672,3756148,8490.221,1690.044,84.002,3156.082,10.000,433.011,8385,17329,2.110,1.760,1.010,6,0,262.007,0,0,23,93,5,26,0
31-10 16:05:48,54.503,22.751,21.501,0.250,0,3928840,122884,206620,3636308,8480.424,1694.085,136.007,4492.225,16.001,368.018,4566,7153,2.110,1.760,1.010,6,0,638.032,0,0,23,95,5,26,0
31-10 16:05:49,62.988,19.746,16.497,0.250,0,4039352,130376,206440,3520780,7221.577,1457.713,875.827,5362.944,42.992,479.905,9519,23714,2.420,1.830,1.040,5,0,247.951,0,0,23,117,5,26,0
31-10 16:05:50,37.498,20.999,40.997,0.500,0,4108792,130360,206400,3452000,7689.492,1619.893,83.994,4611.696,6.000,340.977,4216,5781,2.420,1.830,1.040,4,0,466.969,0,0,23,117,5,26,0
31-10 16:05:51,15.001,20.501,63.504,0.250,0,4129868,118736,206396,3442632,8121.569,1620.113,0,432.030,0,31.002,3575,6061,2.420,1.830,1.040,3,0,390.027,0,0,24,117,5,26,0
31-10 16:05:52,22.001,17.751,59.504,0,0,4151952,119040,206388,3420312,8716.523,1606.096,0,328.020,0,22.001,4951,10415,2.420,1.830,1.040,3,0,216.013,0,0,24,117,5,26,0
31-10 16:05:53,31.489,21.242,45.484,0,0,4205752,123528,206360,3362468,4848.255,1709.385,0,227.918,0,13.995,3328,5842,2.420,1.830,1.040,3,0,411.852,0,0,24,117,5,26,0
31-10 16:05:54,37.225,20.986,39.973,0,0,4283748,121020,206320,3288752,5674.238,1618.927,19.987,483.679,3.997,31.979,7096,19291,3.350,2.040,1.110,3,0,254.831,0,0,24,129,5,26,0
31-10 16:05:55,30.031,25.026,44.546,0,0,4351792,120568,206308,3222656,8457.762,1621.680,128.133,264.274,9.009,20.021,4855,8627,3.350,2.040,1.110,3,0,787.816,0,0,24,129,5,26,0
31-10 16:05:56,31.486,23.490,44.480,0,0,4419276,125244,206304,3152384,7882.500,1457.353,87.961,6105.289,16.992,513.772,7695,15495,3.350,2.040,1.110,2,0,614.727,0,0,24,135,5,26,0
31-10 16:05:57,18.996,17.246,62.487,0.250,0,4432288,129680,206296,3135484,8000.328,1619.661,63.987,999.791,3.999,68.986,5772,10016,3.350,2.040,1.110,4,0,179.962,0,0,24,141,5,26,0
31-10 16:05:58,43.270,9.755,45.771,0.250,0,4561372,121220,206180,3018448,6691.125,1662.777,216.101,5738.680,6.003,519.242,3205,3730,3.350,2.040,1.110,3,0,103.048,0,0,24,141,5,26,0
31-10 16:05:59,47.521,9.952,39.808,0.498,0,4679108,131164,206024,2895300,8413.405,1612.221,1771.453,585.177,72.649,49.760,4928,8928,3.240,2.030,1.110,8,0,32.842,0,0,24,149,5,28,0
31-10 16:06:00,31.652,14.067,53.507,0.251,0.251,4608408,201324,206024,2896212,7580.348,1581.584,321.542,518.486,4.019,25.120,3042,5538,3.240,2.030,1.110,3,0,250.200,0,0,24,153,5,28,0
31-10 16:06:01,39.479,24.237,35.981,0.250,0,4663572,144552,206028,2897800,5743.944,1693.099,303.838,827.560,43.977,51.972,5806,12778,3.240,2.030,1.110,3,0,453.759,0,0,24,165,5,28,0
31-10 16:06:02,45.700,26.221,23.474,4.245,0,4620768,169192,205992,2917252,6737.602,1618.223,52414.449,551.395,600.341,33.963,8133,13406,3.240,2.030,1.110,5,0,309.660,0,0,24,169,5,28,0
31-10 16:06:03,71.428,19.298,5.263,3.007,0,4788680,207564,205876,2716776,9552.767,1461.637,35885.283,9238.987,441.097,584.454,4679,6351,3.240,2.030,1.110,7,0,155.387,0,0,24,170,5,28,0
31-10 16:06:04,73.980,15.588,3.711,4.948,0,4845020,147568,205228,2725788,7868.062,1603.303,62263.587,1159.921,962.972,62.351,5575,12290,3.380,2.080,1.130,6,2,84.124,0,0,25,191,5,28,0
31-10 16:06:05,65.182,20.211,11.369,3.790,0,4903276,129932,204404,2684788,11574.041,1637.121,44157.802,1224.809,556.823,92.972,7956,15661,3.380,2.080,1.130,7,0,203.124,0,0,24,189,5,34,0
31-10 16:06:06,42.689,28.459,24.465,4.244,0,4881056,135836,204404,2702024,7596.183,1455.927,51127.195,1158.351,525.252,78.888,6464,12949,3.380,2.080,1.130,4,0,479.317,0,0,24,191,5,35,0
31-10 16:06:07,50.508,24.504,21.503,2.750,0,4923080,126556,204220,2669956,8440.291,1620.248,35653.455,17654.701,345.053,569.087,7826,13077,3.380,2.080,1.130,5,0,289.044,0,0,24,193,5,34,0
31-10 16:06:08,58.567,27.031,12.264,1.001,0,4949692,123812,203972,2647380,7401.452,1695.937,18280.877,901.029,188.215,55.063,8034,31501,3.380,2.080,1.130,7,0,433.495,0,0,24,191,5,34,0
31-10 16:06:09,59.189,23.226,16.983,0.499,0,5030000,124424,202716,2570852,4449.426,1456.503,1142.825,17753.749,78.919,1062.907,10215,23291,3.510,2.130,1.150,4,0,276.716,0,0,24,201,5,30,2
31-10 16:06:10,55.997,22.499,21.249,0,0,5084324,126084,201792,2516492,8075.637,1619.927,135.994,475.979,10.000,36.998,4707,10569,3.510,2.130,1.150,7,0,471.979,0,0,24,201,5,30,2
31-10 16:06:11,64.976,19.493,14.994,0.500,0,5136376,143172,200608,2449700,7477.189,1619.391,535.799,855.678,43.983,68.974,7152,19051,3.510,2.130,1.150,4,0,218.918,0,0,24,207,5,32,2
31-10 16:06:12,68.029,9.504,22.259,0.250,0,5275616,130628,198664,2327944,5288.216,1620.679,628.263,6538.740,43.018,587.246,4737,6231,3.510,2.130,1.150,6,0,2.001,0,0,24,213,5,32,2
31-10 16:06:13,63.286,9.756,26.015,0.250,0,5317580,121592,198048,2296024,45784.823,14742.315,476.269,5463.081,29.016,505.285,7437,10957,3.510,2.130,1.150,5,0,8.005,0,0,24,221,5,39,2
31-10 16:06:14,42.881,19.945,35.901,0,0,5236264,211740,197892,2287496,18325.349,5328.273,195.460,997.244,13.961,88.755,6534,12674,3.470,2.150,1.160,5,0,394.908,0,0,24,226,5,40,2
31-10 16:06:15,35.827,21.546,41.088,0.501,0,5307060,139856,197916,2288860,8220.633,1717.684,637.367,1322.837,14.030,152.327,6394,10750,3.470,2.150,1.160,4,0,353.759,0,0,24,227,5,41,2
31-10 16:06:16,48.763,19.802,29.951,0,0,5317180,137676,197756,2281244,9246.690,1677.256,15.842,776.251,2.970,61.387,6090,12745,3.470,2.150,1.160,14,0,223.766,0,0,25,230,5,40,2
31-10 16:06:17,64.661,11.574,21.637,1.510,0,5443276,154716,196480,2142896,6175.231,1630.358,1698.792,4162.444,144.921,491.120,4760,6346,3.470,2.150,1.160,12,0,2.013,0,0,25,230,5,41,2
31-10 16:06:18,65.809,11.805,22.104,0.754,0,5487376,125420,196284,2128640,8172.320,1627.632,864.052,2937.775,47.221,194.914,8491,8824,3.470,2.150,1.160,4,0,83.391,0,0,25,232,4,41,2
31-10 16:06:19,27.954,9.485,61.400,0,0,5462104,166072,196096,2113884,22227.769,4475.705,87.857,443.277,6.989,37.938,3828,7055,3.270,2.130,1.160,2,0,142.767,0,0,25,235,4,41,2
31-10 16:06:20,28.535,4.255,66.331,0,0,5507372,125976,195796,2109284,10634901.119,62186.116,4.005,296.363,1.001,27.033,5217,5176,3.270,2.130,1.160,1,0,1.001,0,0,25,236,4,41,2
31-10 16:06:21,16.731,10.239,69.672,0.749,0,5463268,172520,195520,2107160,11323313.213,42204.773,2065.688,719.195,22.974,76.914,5690,5802,3.270,2.130,1.160,3,0,153.828,0,0,25,235,4,42,2
31-10 16:06:22,17.277,10.016,70.860,0,0,5516068,119680,195524,2107196,6385.937,1622.525,0,192.299,0,10.016,2507,4073,3.270,2.130,1.160,2,0,143.223,0,0,25,235,4,42,2
31-10 16:06:23,27.172,3.490,67.308,0.249,0,5529180,133500,194940,2081816,9494.873,1657.265,19.943,442.735,1.994,41.880,3462,6140,3.270,2.130,1.160,2,0,4.986,0,0,25,249,4,44,0
31-10 16:06:24,26.127,3.732,66.936,0.746,0,5536180,143456,194716,2065400,6919.520,1654.235,418.038,10948.607,22.893,654.926,4574,8735,3.170,2.130,1.170,4,0,2.986,0,0,25,256,4,45,0
31-10 16:06:25,26.223,3.247,67.930,0.749,0,5536048,143232,194792,2065680,4324.515,1618.322,0,3935.918,0,252.738,4550,9737,3.170,2.130,1.170,2,0,0.999,0,0,25,259,4,47,0
31-10 16:06:26,25.777,12.513,60.563,0.751,0,5497068,188956,194184,2060448,8372.649,1695.752,132.136,21770.489,11.011,80.083,5791,10088,3.170,2.130,1.170,2,0,117.121,0,0,25,257,4,54,0
31-10 16:06:27,18.746,9.748,68.986,0,0,5544420,141444,194184,2060608,9331.096,1531.688,79.984,311.936,12.997,14.997,2281,3432,3.170,2.130,1.170,6,0,91.981,0,0,25,257,4,54,0
31-10 16:06:28,17.612,7.548,69.692,5.535,0,5532312,126428,194824,2087984,7875.925,1630.335,6030.226,1908.095,980.214,44.281,3916,5152,3.170,2.130,1.170,2,0,20.128,0,0,25,259,4,55,0
31-10 16:06:29,25.305,4.217,68.968,0.992,0,5525132,132608,194896,2088896,8224.564,1681.034,516.020,19533.339,79.388,115.112,2311,3260,2.990,2.110,1.170,2,0,11.908,0,0,25,261,4,55,0
31-10 16:06:30,21.008,7.503,68.277,1.000,0,5549000,132720,194268,2066760,9551.735,1458.570,508.199,600.235,108.042,22.009,13452,26313,2.990,2.110,1.170,5,0,4.002,0,0,25,261,4,54,0
31-10 16:06:31,23.173,6.297,70.023,0.252,0,5559304,143836,193256,2047564,9969.482,1632.194,0,197.475,0,23.173,4535,8264,2.990,2.110,1.170,3,0,3.023,0,0,25,261,4,55,0
31-10 16:06:32,22.240,6.247,71.219,0,0,5562292,140848,193256,2047564,7295.812,1619.292,0,175.923,0,10.995,1787,2843,2.990,2.110,1.170,4,0,1.000,0,0,25,261,4,55,0
31-10 16:06:33,25.965,16.228,57.422,0.499,0,5490720,246168,192708,2017224,6766.838,1529.928,2332.841,255.654,177.759,29.959,3612,6327,2.990,2.110,1.170,2,0,433.413,0,0,25,265,4,55,0
31-10 16:06:34,26.787,4.506,66.842,0.250,0,5550100,185448,192708,2018564,8808.173,1622.242,1101.522,4.006,11.015,1.001,2276,3688,2.830,2.090,1.160,2,0,42.058,0,0,25,265,4,55,0
31-10 16:06:35,13.709,17.448,67.301,0.249,0,5496992,238776,192712,2018340,6633.385,1615.224,7.976,370.903,1.994,19.941,3517,5790,2.830,2.090,1.160,3,0,248.266,0,0,25,265,4,55,0
31-10 16:06:36,12.292,21.824,65.220,0,0,5498056,238496,192712,2017556,11231.964,1462.945,0,509.723,0,47.159,3809,6108,2.830,2.090,1.160,3,0,306.034,0,0,25,269,4,46,0
31-10 16:06:37,6.466,7.710,83.314,0,0,5498360,238164,192712,2017584,9652.450,1611.560,3.979,167.125,0.995,9.948,2293,3651,2.830,2.090,1.160,3,0,118.380,0,0,25,269,4,46,0
31-10 16:06:38,15.741,2.499,80.956,0.250,0,5540692,195832,192712,2017584,9611.781,1619.121,0,143.922,0,9.995,1655,2630,2.830,2.090,1.160,4,0,8.995,0,0,25,269,4,46,0
31-10 16:06:39,24.880,3.267,69.865,0,0,5565052,171388,192712,2017668,6779.443,1465.662,64.336,269.408,4.021,22.116,2634,4871,2.850,2.100,1.170,2,0,1.005,0,0,25,273,4,47,0
31-10 16:06:40,13.748,13.998,69.239,0,0,5495296,241092,192732,2017700,5605.131,1619.749,123.981,111.983,6.999,8.999,3013,4752,2.850,2.100,1.170,3,0,178.972,0,0,25,273,4,44,0
31-10 16:06:41,11.733,17.475,68.400,0,0,5491868,244304,192736,2017912,5811.544,1691.539,15.977,239.651,1.997,18.972,3477,5472,2.850,2.100,1.170,1,0,195.715,0,0,25,273,4,44,0
31-10 16:06:42,13.430,15.171,69.887,0.249,0,5495008,240840,192740,2018232,10092.629,1685.255,167.133,238.761,7.959,15.917,3191,4867,2.850,2.100,1.170,4,0,174.097,0,0,25,273,4,44,0
31-10 16:06:43,16.754,13.003,68.516,0,0,5516440,219280,192744,2018356,9409.174,1620.374,4.001,40.009,1.000,4.001,2588,3979,2.850,2.100,1.170,2,0,123.028,0,0,25,273,4,44,0
31-10 16:06:44,26.242,3.749,68.980,0,0,5590180,145504,192744,2018392,9505.177,1457.567,0,79.976,0,4.999,1932,2786,2.700,2.080,1.170,3,0,2.999,0,0,25,275,4,44,0
31-10 16:06:45,24.670,3.021,71.242,0.503,0,5491360,261272,192176,2003096,7399.061,1673.549,120.834,4527.243,8.056,528.648,2980,3642,2.700,2.080,1.170,3,0,9.063,0,0,25,275,4,44,0
31-10 16:06:46,25.322,3.724,70.009,0,0,5563084,189452,192188,2003180,9429.896,1650.430,67.527,285.995,5.958,23.833,1956,2981,2.700,2.080,1.170,3,0,0,0,0,25,275,4,44,0
31-10 16:06:47,25.144,4.023,69.147,0.503,0,5601184,151184,192204,2003332,10437.861,1629.344,80.461,341.961,2.012,29.167,2667,4898,2.700,2.080,1.170,2,0,4.023,0,0,25,281,4,45,0
31-10 16:06:48,25.241,4.498,70.225,0,0,5531504,220692,192332,2003376,5925.867,1619.417,151.945,171.938,6.997,11.996,1830,2707,2.700,2.080,1.170,1,0,14.995,0,0,25,275,4,44,0
31-10 16:06:49,24.741,2.499,71.225,0,0,5558288,193756,192340,2003520,10447.260,1619.420,19.993,187.933,1.999,8.997,1795,2791,2.560,2.070,1.170,4,0,0,0,0,25,275,4,44,0
31-10 16:06:50,13.007,16.259,70.037,0,0,5513400,237436,192420,2004648,11109.944,1532.820,1488.797,752.403,31.017,36.019,3858,6429,2.560,2.070,1.170,2,0,390.209,0,0,25,275,4,44,0
31-10 16:06:51,18.268,10.260,69.820,1.001,0,5547540,202280,192764,2005320,8445.488,1621.630,820.825,436.439,58.058,37.037,3090,5012,2.560,2.070,1.170,5,0,166.167,0,0,25,275,4,44,0
31-10 16:06:52,21.382,3.978,74.587,0,0,5579644,170052,192780,2005428,12714.549,2921.810,3.978,314.259,0.994,9.945,1681,2653,2.560,2.070,1.170,1,0,4.972,0,0,25,276,4,44,0
31-10 16:06:53,23.847,3.012,72.043,0.502,0,5562268,180808,193336,2011476,9109.065,2639.741,277.128,855.481,58.237,18.074,1925,2815,2.560,2.070,1.170,1,0,1.004,0,0,25,275,4,44,0
31-10 16:06:54,23.163,4.234,72.977,0,0,5581544,160888,193380,2012072,12310.896,2861.284,3.985,410.463,0.996,11.955,1950,2980,2.440,2.050,1.170,2,0,4.981,0,0,25,278,4,44,0
31-10 16:06:55,22.638,2.515,74.201,0.252,0,5556204,179960,193952,2017864,8927.314,3478.161,20.122,4664.378,4.024,202.230,2198,3073,2.440,2.050,1.170,2,0,2.012,0,0,25,277,4,44,0
31-10 16:06:56,22.097,5.710,69.518,0.248,0,5550556,181720,194016,2021704,8996.671,2691.354,3301.130,488.615,43.697,16.883,10187,20267,2.440,2.050,1.170,2,0,11.917,0,0,25,278,4,44,0
31-10 16:06:57,22.649,4.027,71.975,0.252,0,5575300,156520,194080,2022096,11469.665,3421.572,213.408,813.366,11.073,31.206,10805,21592,2.440,2.050,1.170,2,0,13.086,0,0,25,278,4,44,0
31-10 16:06:58,22.839,5.462,70.255,0.248,0,5562896,167568,194192,2023340,6594.528,1692.076,0,488.557,0,12.909,1936,2969,2.440,2.050,1.170,8,0,7.944,0,0,25,278,4,45,0
31-10 16:06:59,13.756,14.006,69.529,0,0,5535000,208088,194208,2010704,6217.568,1632.674,0,408.169,0,15.006,3041,5033,2.320,2.030,1.170,3,0,264.109,0,0,25,277,4,45,0
31-10 16:07:00,27.250,3.750,67.751,0,0,5577268,165528,194220,2011076,9285.084,1620.015,32.000,47052.423,2.000,213.002,2714,4356,2.320,2.030,1.170,4,0,0,0,0,25,281,4,45,0
31-10 16:07:01,26.623,9.795,64.800,0,0,5528040,214584,194228,2011240,8738.485,1627.540,28.130,2366.966,3.014,295.368,4802,7895,2.320,2.030,1.170,1,0,113.526,0,0,25,281,4,45,0
31-10 16:07:02,27.995,3.999,66.738,0.250,0,5564480,178076,194232,2011304,10027.235,1457.743,3.999,231.959,1.000,19.996,3112,5054,2.320,2.030,1.170,1,0,1.000,0,0,25,281,4,45,0
31-10 16:07:03,22.889,5.474,70.161,0,0,5554552,187980,194232,2011328,8491.950,1612.207,3.981,214.961,0.995,17.913,2167,3426,2.320,2.030,1.170,6,0,69.663,0,0,25,281,4,45,0
31-10 16:07:04,27.254,5.501,66.510,0,0,5512572,229928,194248,2011344,7177.048,1620.237,0,240.035,0,19.003,3208,5552,2.220,2.010,1.170,3,0,56.008,0,0,25,281,4,45,0
31-10 16:07:05,30.180,5.785,64.888,0.503,0,5574404,168076,194256,2011356,8742.270,1466.770,0,800.788,0,24.144,2899,5965,2.220,2.010,1.170,2,0,35.211,0,0,25,281,4,45,0
31-10 16:07:06,25.105,4.226,69.101,0,0,5548200,194104,194260,2011528,7672.728,1610.706,15.908,302.256,0.994,27.839,2822,4821,2.220,2.010,1.170,3,0,32.811,0,0,25,281,4,48,0
31-10 16:07:07,26.246,3.250,68.990,0,0,5578676,163624,194260,2011532,8164.775,1693.746,0,215.968,0,10.998,2921,4912,2.220,2.010,1.170,3,0,5.999,0,0,25,282,4,41,0
31-10 16:07:08,23.365,5.276,70.096,0.251,0,5561680,180560,194288,2011564,6056.903,1539.601,0,406.004,0,47.233,2238,3491,2.220,2.010,1.170,2,0,47.233,0,0,25,281,4,41,0
31-10 16:07:09,24.309,4.010,69.920,0,0,5526028,216192,194292,2011580,7962.412,1623.959,0,140.342,0,10.024,2650,4790,2.120,2,1.170,2,0,32.078,0,0,25,281,4,43,0
31-10 16:07:10,26.524,3.253,70.062,0,0,5583200,159016,194296,2011580,8084.195,1737.546,4.004,176.157,1.001,13.012,2154,3608,2.120,2,1.170,1,0,0,0,0,25,283,4,43,0
31-10 16:07:11,18.216,12.726,67.624,0.499,0,5526196,215784,194328,2011784,5759.230,1616.976,0,2671.005,0,392.266,5462,8898,2.120,2,1.170,3,0,444.169,0,0,25,281,4,40,0
31-10 16:07:12,9.501,21.752,67.507,0.250,0,5519336,222580,194340,2011836,7872.811,1620.167,0,392.040,0,34.004,4705,8157,2.120,2,1.170,2,0,710.073,0,0,25,281,4,40,0
31-10 16:07:13,10.246,20.991,67.221,0,0,5529308,212568,194348,2011868,9681.817,1619.300,0,207.910,0,20.991,4598,7945,2.120,2,1.170,3,0,650.719,0,0,25,281,4,32,0
31-10 16:07:14,9.265,22.537,67.612,0,0,5523840,218004,194348,2011900,6578.908,1588.634,0,392.651,0,34.056,4533,8024,2.030,1.980,1.170,1,0,660.094,0,0,25,281,4,32,0
31-10 16:07:15,10.237,21.223,67.164,0.250,0,5528528,213272,194352,2011940,8500.179,1657.890,0,239.695,0,29.962,4581,7894,2.030,1.980,1.170,3,0,618.213,0,0,25,281,4,30,0
31-10 16:07:16,11.472,19.703,68.336,0,0,5526856,214912,194352,2011972,5374.097,1616.120,0,155.626,0,19.952,4297,7389,2.030,1.980,1.170,4,0,582.601,0,0,25,281,4,30,0
31-10 16:07:17,17.800,9.025,69.697,2.006,0,5544160,205120,194356,2013620,8191.099,1624.581,4007.301,20.057,358.010,2.006,3989,6823,2.030,1.980,1.170,5,0,95.269,0,0,25,281,4,30,0
31-10 16:07:18,24.749,4.000,66.747,3.500,0,5553572,173148,194388,2036132,18663.030,5342.722,9319.515,19.999,710.963,4.000,6812,12195,2.030,1.980,1.170,3,0,4.000,0,0,25,281,4,30,0
31-10 16:07:19,17.005,1.750,78.772,0.500,0,5567328,158532,194396,2036984,15945.449,7673.141,512.143,3332.930,25.007,26.007,1863,3003,1.870,1.950,1.160,2,0,0,0,0,25,282,4,29,0
31-10 16:07:20,13.904,1.738,81.438,1.241,0,5566472,158532,194412,2037820,24684.578,15556.597,719.036,1644.645,75.479,66.541,2185,3583,1.870,1.950,1.160,1,0,0.993,0,0,25,282,4,29,0
31-10 16:07:21,20.030,2.003,75.864,0.751,0,5590288,133352,194428,2039172,20626.878,9529.265,1113.667,1598.393,55.082,83.124,2437,3914,1.870,1.950,1.160,2,0,1.001,0,0,25,282,4,28,0
31-10 16:07:22,15.538,1.002,80.446,1.002,0,5592292,130328,194440,2040176,25804.887,12874.375,926.257,1435.498,66.161,52.127,2069,3171,1.870,1.950,1.160,2,0,1.002,0,0,25,282,4,28,0
31-10 16:07:23,18.198,1.994,77.776,0.748,0,5605536,132520,194092,2026560,22522.091,11220.662,522.494,1116.781,51.851,40.882,2604,3043,1.870,1.950,1.160,1,0,0,0,0,25,282,4,26,0
31-10 16:07:24,21.057,5.766,70.691,2.256,0.251,5597452,140468,193212,2030648,8800.806,1732.687,15205.130,2390.466,172.467,97.263,2531,3697,1.800,1.930,1.160,2,0,1.003,0,0,25,282,4,26,0
31-10 16:07:25,22.429,5.732,69.780,0.249,0,5623804,148536,192088,1999580,8352.706,1507.255,0,1315.858,0,39.874,2573,3220,1.800,1.930,1.160,2,0,0,0,0,25,282,4,25,0
31-10 16:07:26,25.407,6.540,65.655,1.509,0,5622556,142096,192112,2008308,8324.361,1575.722,0,10166.729,0,600.706,4371,4074,1.800,1.930,1.160,2,0,0,0,0,25,280,4,25,2
31-10 16:07:27,22.495,3.499,72.483,1.000,0,5626208,145340,192112,2002180,6580.427,1793.571,0,2567.386,0,89.978,2812,3510,1.800,1.930,1.160,2,0,0,0,0,25,279,4,15,2
31-10 16:07:28,25.998,3.500,69.745,0,0,5563396,207612,192132,2002700,9476.365,1511.899,499.967,27.998,8.999,3.000,1825,2776,1.800,1.930,1.160,2,0,6.000,0,0,25,279,4,16,2
31-10 16:07:29,21.004,2.250,75.266,0.250,0,5561904,202628,192268,2008672,14441.047,3827.808,0,1596.337,0,12.003,1819,2923,1.810,1.930,1.170,2,0,6.001,0,0,25,279,4,15,2
31-10 16:07:30,20.497,2.000,75.991,0,0,5576124,187936,192308,2009040,12443.469,4468.450,0,523.936,0,12.998,1849,2972,1.810,1.930,1.170,5,0,4.999,0,0,25,280,4,15,2
31-10 16:07:31,25.248,5.250,67.745,0.250,0,5557876,198876,192704,2015120,8071.451,1705.884,0,2807.809,0,38.997,9035,17869,1.810,1.930,1.170,4,0,13.999,0,0,25,279,4,13,2
31-10 16:07:32,24.620,5.969,68.141,0,0,5565056,191376,192760,2015356,8828.509,1611.514,0,1778.634,0,23.874,8465,17486,1.810,1.930,1.170,5,0,13.927,0,0,25,279,4,13,2
31-10 16:07:33,23.007,5.502,71.023,0.250,0,5547376,222628,192856,2002792,8963.895,1620.523,0,2360.763,0,118.038,2140,3300,1.810,1.930,1.170,5,0,8.003,0,0,25,279,4,13,2
31-10 16:07:34,27.911,7.795,62.612,0.251,0,5547668,218160,192868,2006956,6613.251,1466.482,2554.777,941.445,22.128,27.157,7780,14766,1.750,1.920,1.160,2,0,58.337,0,0,25,279,4,13,2
31-10 16:07:35,26.839,4.225,67.345,0.249,0.249,5581600,184128,192888,2007036,5118.229,1610.319,0,516.892,0,16.898,4666,8468,1.750,1.920,1.160,4,0,9.940,0,0,25,279,4,13,2
31-10 16:07:36,22.993,3.999,71.478,0.250,0,5557760,202084,192916,2012724,17256.599,3879.786,0,1403.561,0,40.987,2269,3445,1.750,1.920,1.160,2,0,3.999,0,0,25,279,4,13,2
31-10 16:07:37,19.984,3.497,74.942,0,0,5579028,179412,192940,2013976,14764.528,4357.614,31.975,595.537,1.998,16.987,1957,2899,1.750,1.920,1.160,2,0,5.995,0,0,25,282,4,13,2
31-10 16:07:38,24.155,6.290,68.438,0.252,0,5572880,179724,192968,2018940,7335.965,1880.036,0,1062.804,0,21.135,9751,19471,1.750,1.920,1.160,2,0,14.090,0,0,25,281,4,13,2
31-10 16:07:39,23.750,6.000,68.249,0,0,5575492,176748,192980,2019192,8574.854,1565.973,0,551.991,0,7.000,10735,21165,1.690,1.900,1.160,3,0,20.000,0,0,25,281,4,13,2
31-10 16:07:40,23.008,5.252,70.274,0,0,5547700,218240,192984,2006448,7821.644,1662.562,0,388.131,0,12.004,1799,2760,1.690,1.900,1.160,2,0,6.002,0,0,25,281,4,12,2
31-10 16:07:41,23.183,5.983,70.046,0,0,5534312,231588,193008,2006464,7977.785,1615.299,0,626.178,0,16.951,2328,3712,1.690,1.900,1.160,2,0,61.820,0,0,25,281,4,12,2
31-10 16:07:42,22.568,6.520,68.457,0.251,0,5546376,204796,193016,2020384,10355.304,1624.912,244.740,545.649,5.015,18.055,12609,24865,1.690,1.900,1.160,2,0,41.124,0,0,25,281,4,12,2
31-10 16:07:43,20.444,1.247,76.043,0.249,0,5564836,184296,193044,2022204,13317.802,5152.994,3.989,1567.739,0.997,14.959,1694,2822,1.690,1.900,1.160,2,0,2.992,0,0,25,282,4,12,2
31-10 16:07:44,17.164,2.239,79.602,0.249,0,5578264,170688,193076,2022320,27371.117,12481.580,0,1110.447,0,38.806,1942,3046,1.630,1.890,1.160,2,0,0,0,0,25,282,4,12,2
31-10 16:07:45,8.265,1.252,88.408,0.501,0,5578256,170436,193108,2022544,52612.018,10363.520,0,949.697,0,40.072,1799,2856,1.630,1.890,1.160,1,0,0,0,0,25,283,4,12,2
31-10 16:07:46,5.013,1.253,92.238,0.251,0,5578032,170436,193124,2022688,110913.045,6576.962,0,617.593,0,30.078,1729,2725,1.630,1.890,1.160,1,0,0,0,0,25,283,4,12,2
31-10 16:07:47,18.794,2.255,76.930,0.501,0,5591440,156828,193180,2022792,29365.775,11362.611,0,1262.958,0,52.122,2046,3146,1.630,1.890,1.160,2,0,1.002,0,0,25,285,4,13,2
31-10 16:07:48,17.698,2.243,80.265,0.499,0,5604784,143220,193248,2022944,24775.482,13484.531,0,1192.510,0,42.875,1955,3061,1.630,1.890,1.160,2,0,0,0,0,25,285,3,12,2
31-10 16:07:49,11.249,2.250,84.996,0.750,0,5606148,141484,193300,2023264,295329.710,15222.315,91.996,1347.939,3.000,54.998,2260,3346,1.660,1.890,1.170,2,0,0,0,0,25,285,3,12,2
31-10 16:07:50,10.009,3.003,84.831,1.251,0,5605944,141008,193476,2023604,114464.627,18206.278,56.053,2282.166,9.009,112.106,2557,3811,1.660,1.890,1.170,1,0,1.001,0,0,25,285,3,12,2
31-10 16:07:51,16.939,3.238,76.473,0.498,0,5617328,169088,193128,1985212,48343.947,12088.229,103.625,16723.444,5.978,126.542,2686,4083,1.660,1.890,1.170,1,0,1.993,0,0,25,285,3,12,2
31-10 16:07:52,8.022,3.259,86.736,0.501,0.251,5616776,168928,193008,1986348,4257488.597,59429.470,4.011,2522.855,1.003,43.117,4391,4699,1.660,1.890,1.170,1,0,2.005,0,0,25,285,3,12,2
31-10 16:07:53,11.811,4.774,80.412,1.508,0,5632108,130068,193024,2010000,3277473.160,36991.731,10164.132,7623.099,63.325,100.516,4257,3913,1.660,1.890,1.170,2,0,2.010,0,0,25,285,3,12,2
31-10 16:07:54,23.090,3.973,71.008,1.241,0,5638156,128168,196124,2000364,9052.340,1501.606,0,5041.105,0,115.203,2253,3495,1.610,1.870,1.170,2,0,0.993,0,0,25,285,3,12,2
31-10 16:07:55,22.764,5.003,71.042,0.250,0,5658520,140392,196008,1967464,8092.840,1566.937,0,1456.871,0,59.035,1971,3186,1.610,1.870,1.170,3,0,0,0,0,25,285,3,12,2
31-10 16:07:56,21.606,7.286,68.085,1.005,0,5655428,137800,196384,1973048,8483.740,1702.376,88.435,63102.464,4.020,624.070,4252,4169,1.610,1.870,1.170,2,0,0,0,0,25,285,3,12,2
31-10 16:07:57,23.526,4.255,70.328,1.001,0,5651208,135280,197000,1979140,7819.633,1587.753,0,5077.606,0,324.358,2523,3380,1.610,1.870,1.170,2,0,0,0,0,25,285,3,12,2
31-10 16:07:58,24.711,7.738,66.396,0.250,0,5650956,142800,192192,1977672,4435.081,1605.495,0,139969.647,0,488.238,4020,4588,1.610,1.870,1.170,2,0,0,0,0,25,285,3,12,2
31-10 16:07:59,19.634,4.722,73.813,0.746,0,5648668,171172,192780,1950052,14640.227,4270.688,39.764,2719.879,2.982,98.417,2382,3679,1.480,1.840,1.160,2,0,0,0,0,25,283,3,12,2
31-10 16:08:00,27.946,4.784,66.466,0.252,0,5561696,258036,192780,1950176,11535.866,1522.674,76.537,543.812,6.042,15.106,2887,5453,1.480,1.840,1.160,2,0,7.049,0,0,25,283,3,12,2
31-10 16:08:01,22.824,3.473,72.193,0.248,0,5595508,219732,192880,1954568,12111.631,3625.054,3.969,476.328,0.992,23.816,2167,3332,1.480,1.840,1.160,3,0,2.977,0,0,25,284,3,12,2
31-10 16:08:02,25.163,5.033,67.939,0.252,0,5594336,218728,193112,1956496,9855.727,1994.899,0,2685.364,0,204.321,2529,3240,1.480,1.840,1.160,2,0,7.046,0,0,25,283,4,10,2
31-10 16:08:03,19.632,5.467,72.813,0.497,0,5579132,226620,193644,1962452,14935.343,4394.619,7.952,1168.983,1.988,28.827,7049,13295,1.480,1.840,1.160,3,0,5.964,0,0,25,283,3,10,2
31-10 16:08:04,26.704,7.054,66.004,0.252,0,5576488,228752,193712,1962848,8560.324,1578.042,0,63387.712,0,378.891,5090,8073,1.440,1.830,1.160,1,0,9.069,0,0,25,283,3,10,2
31-10 16:08:05,27.221,8.241,62.682,0,0,5595168,209884,193776,1962940,6986.441,1660.204,0,2029.804,0,15.983,9976,20012,1.440,1.830,1.160,3,0,50.945,0,0,25,283,3,11,2
31-10 16:08:06,21.130,6.712,70.846,0.249,0,5547140,271264,193792,1950356,7363.031,1610.818,0,640.350,0,36.790,1909,3010,1.440,1.830,1.160,2,0,4.972,0,0,25,283,3,7,2
31-10 16:08:07,22.528,5.006,69.836,2.002,0,5574556,238532,194168,1955368,8061.965,1567.938,2783.440,20.025,337.417,2.002,2274,3731,1.440,1.830,1.160,2,0,13.016,0,0,25,284,3,7,2
31-10 16:08:08,25.702,4.991,68.124,0.250,0,5575424,237524,194224,1955452,6204.484,1563.099,51.904,2387.569,3.993,67.874,4447,9106,1.440,1.830,1.160,6,0,0,0,0,25,285,3,10,2
31-10 16:08:09,27.559,2.756,68.145,0.501,0,5577556,234784,194276,1956012,4607.801,1623.453,248.529,729.552,17.036,87.185,4400,8956,1.410,1.810,1.160,2,0,0,0,0,25,290,3,13,2
31-10 16:08:10,26.961,2.746,67.403,1.248,0,5581032,229996,194372,1957228,7943.514,1617.661,982.579,1374.013,71.896,167.757,3748,6851,1.410,1.810,1.160,3,0,1.997,0,0,25,291,3,11,2
31-10 16:08:11,22.250,9.000,65.749,0.500,0,5537080,272780,194464,1958300,8258.843,1693.968,815.984,2651.950,42.999,231.996,4878,8378,1.410,1.810,1.160,4,0,105.998,0,0,25,293,3,11,2
31-10 16:08:12,10.528,20.054,67.932,0.251,0,5539892,269908,194472,1958352,10273.543,1644.409,4.011,461.237,1.003,28.075,3255,4972,1.410,1.810,1.160,2,0,276.742,0,0,25,293,3,11,2
31-10 16:08:13,15.171,6.964,67.646,7.461,0,5518960,260532,195652,1987460,8193.109,1611.563,30154.143,3135.585,1795.600,412.839,6259,7350,1.410,1.810,1.160,4,0,70.630,0,0,25,293,3,13,2
31-10 16:08:14,9.013,5.007,79.366,6.009,0,5513464,246704,195692,2006732,5016.314,2642.853,19300.140,4021.864,1917.796,162.237,4361,7695,1.370,1.800,1.160,1,0,6.009,0,0,25,294,3,13,2
31-10 16:08:15,3.753,1.001,94.327,0,0,5513464,246704,195692,2006732,30297.723,3488.847,0,168.137,0,4.003,1556,2550,1.370,1.800,1.160,1,0,0,0,0,25,294,3,13,2
31-10 16:08:16,3.748,0.500,93.454,0,0.250,5514260,245696,195696,2006940,30480.973,4939.565,211.896,0,39.980,0,1503,2508,1.370,1.800,1.160,2,0,0,0,0,25,294,3,13,2
31-10 16:08:17,5.752,3.001,89.275,1.250,0,5497456,255524,195940,2013668,14842.215,119183.848,6981.983,872.248,277.079,22.006,2264,3006,1.370,1.800,1.160,1,0,12.003,0,0,25,293,3,14,2
31-10 16:08:18,5.744,0.999,91.899,0.250,0,5497452,255524,195940,2013672,19115.953,5337.124,0,91.899,0,10.988,1608,2662,1.370,1.800,1.160,1,0,0,0,0,25,293,3,13,2
31-10 16:08:19,3.512,1.004,93.834,0,0,5497448,255524,195940,2013676,8111.838,1655.887,0,52.186,0,5.018,1556,2627,1.420,1.800,1.160,1,1,0,0,0,25,293,3,13,2
31-10 16:08:20,5.979,0.747,93.165,0.498,0,5497416,255524,195956,2013692,7445.234,1506.584,0,227.183,0,30.889,1793,3100,1.420,1.800,1.160,2,0,0.996,0,0,25,293,3,13,2
31-10 16:08:21,6.255,2.002,90.074,0.500,0,5497372,255524,195984,2013708,4741.903,1621.334,0,832.685,0,100.082,2575,4489,1.420,1.800,1.160,1,0,1.001,0,0,25,293,3,13,2
31-10 16:08:22,3.752,0.750,93.288,0.500,0,5497328,255524,196028,2013708,5220.151,1566.645,0,2677.103,0,159.066,1903,3326,1.420,1.800,1.160,1,0,1.000,0,0,25,293,3,13,2
31-10 16:08:23,4.995,1.249,93.909,0.250,0,5497316,255524,196036,2013712,10502.854,1552.500,3.996,319.691,0.999,18.982,1504,2552,1.420,1.800,1.160,1,0,0,0,0,25,293,3,13,2
31-10 16:08:24,3.999,0.500,93.220,0.250,0,5497312,255524,196040,2013712,8125.408,1619.483,0,1731.448,0,102.967,1762,2917,1.470,1.810,1.170,1,0,0,0,0,25,293,3,13,2
31-10 16:08:25,3.503,1.501,94.588,0,0,5497312,255524,196040,2013712,7448.928,1567.458,0,0,0,0,1337,2365,1.470,1.810,1.170,1,0,0,0,0,25,293,3,13,2
31-10 16:08:26,4.249,1.250,94.227,0,0,5497312,255524,196040,2013712,6612.406,1511.636,0,0,0,0,1431,2464,1.470,1.810,1.170,1,0,0,0,0,25,293,3,13,2
31-10 16:08:27,3.506,0.250,95.155,0,0,5497260,255524,196040,2013764,9816.020,1696.769,0,0,0,0,1406,2385,1.470,1.810,1.170,2,0,0,0,0,25,293,3,13,1
31-10 16:08:28,3.258,1.504,93.984,0,0,5497260,255524,196040,2013764,7579.897,1569.914,0,4.010,0,1.002,1492,2623,1.470,1.810,1.170,0,0,0,0,0,25,293,3,14,1
31-10 16:08:29,4.478,1.741,93.042,0,0,5498560,254152,196040,2013768,4983.486,1504.599,0,23866.600,0,49.755,1603,2652,1.350,1.780,1.160,1,0,1.990,0,0,25,293,3,13,1
31-10 16:08:30,3.003,0.751,94.091,0,0,5498556,254152,196044,2013768,6142.953,1621.571,0,556.539,0,13.013,1431,2569,1.350,1.780,1.160,2,0,0,0,0,25,293,3,13,1
31-10 16:08:31,4.267,1.506,92.863,0.251,0,5498508,254152,196060,2013800,8631.785,1463.729,16.063,281.100,1.004,42.165,2005,3578,1.350,1.780,1.160,1,0,0,0,0,25,293,3,13,1
31-10 16:08:32,2.991,1.745,94.204,0.498,0,5498500,254152,196068,2013800,6707.910,1614.923,0,406.721,0,30.903,1570,2761,1.350,1.780,1.160,1,0,0.997,0,0,25,293,3,13,1
31-10 16:08:33,2.761,4.016,90.869,0,0,5490868,261784,196068,2013800,9568.830,1626.601,0,1249.069,0,237.966,1877,2558,1.350,1.780,1.160,3,0,0,0,0,25,293,3,13,1
31-10 16:08:34,6.751,2.751,88.518,0.250,0,5497484,253252,196068,2015716,7012.424,1566.318,760.154,4937.002,12.002,203.041,2137,3039,1.320,1.760,1.160,1,0,4.001,0,0,25,293,3,13,1
31-10 16:08:35,5.222,1.989,91.015,0.249,0,5495972,253028,196076,2017444,7769.588,1503.984,1651.199,171.088,15.915,13.926,2092,3377,1.320,1.760,1.160,1,0,0.995,0,0,25,293,3,13,1
31-10 16:08:36,6.246,1.999,88.938,0,0,5492904,257316,196076,2016224,10479.664,1618.867,0,259.818,0,24.983,2134,3475,1.320,1.760,1.160,1,0,0.999,0,0,25,293,3,13,1
31-10 16:08:37,3.500,1.750,92.502,0,0,5491748,256560,196076,2018136,9096.246,1694.046,1104.030,132.004,21.001,7.000,1624,2767,1.320,1.760,1.160,2,0,0,0,0,25,293,3,13,1
31-10 16:08:38,1.250,0.750,95.024,0,0,5491748,256560,196076,2018136,8534.142,1694.425,0,0,0,0,1353,2382,1.320,1.760,1.160,1,0,0,0,0,25,293,3,13,1
31-10 16:08:39,3.500,1.500,93.741,0,0,5491736,256560,196084,2018136,11514.941,1619.851,0,2383.781,0,20.998,1601,2643,1.220,1.730,1.150,3,0,0,0,0,25,293,3,13,1
31-10 16:08:40,4.001,1.500,94.765,0,0,5491736,256560,196084,2018136,5280.845,1532.245,0,0,0,0,1411,2521,1.220,1.730,1.150,2,0,0,0,0,25,293,3,13,1
31-10 16:08:41,4.500,1.000,92.493,0.500,0,5491940,256336,196092,2018148,8605.346,1661.874,0,371.972,0,20.998,1853,3296,1.220,1.730,1.150,2,0,0,0,0,25,293,3,13,1
31-10 16:08:42,3.753,0.751,94.314,0,0,5492192,256084,196092,2018148,8455.716,1663.124,0,400.271,0,27.018,1534,2709,1.220,1.730,1.150,2,0,1.001,0,0,25,293,3,13,1
31-10 16:08:43,3.515,1.004,94.391,0,0,5492192,256084,196092,2018148,8284.355,1464.072,0,36.150,0,4.017,1489,2584,1.220,1.730,1.150,1,0,0,0,0,25,293,3,13,1
31-10 16:08:44,3.982,1.742,94.080,0,0,5492384,255836,196092,2018204,10566.788,1686.465,3.982,31.858,0.996,0.996,1597,2576,1.280,1.740,1.160,1,0,0,0,0,25,293,3,13,1
31-10 16:08:45,2.763,0.502,94.177,0.251,0,5492272,255836,196092,2018316,8372.997,1627.385,0,124.565,0,12.055,1493,2612,1.280,1.740,1.160,1,0,0,0,0,25,293,3,13,1
31-10 16:08:46,3.482,1.741,94.266,0,0,5492268,255836,196092,2018320,8791.828,1450.547,0,47.755,0,5.969,1524,2619,1.280,1.740,1.160,1,0,0,0,0,25,293,3,13,1
31-10 16:08:47,4.272,1.005,94.229,0,0,5492268,255836,196092,2018320,6712.097,814.136,0,4.020,0,1.005,1382,2400,1.280,1.740,1.160,1,0,0,0,0,25,293,3,13,1
31-10 16:08:48,8.461,1.742,87.842,0.249,0,5503612,244024,196096,2018784,224743.169,3848.110,465.834,7.963,9.954,1.991,1706,2705,1.280,1.740,1.160,1,0,7.963,0,0,25,293,3,13,1
31-10 16:08:49,10.537,4.516,83.792,0,0,5514112,233296,196096,2019012,236797.001,9840.284,220.769,68.238,8.028,4.014,2290,3352,1.180,1.710,1.150,1,0,35.122,0,0,25,293,3,13,1
