"pcp-dstat 5.3.6 CSV Output"
"Author:","PCP team <pcp@groups.io> and Dag Wieers <dag@wieers.com>",,,,"URL:","https://pcp.io/ and http://dag.wieers.com/home-made/dstat/"
"Host:","ubuntu",,,,"User:","ubuntu"
"Cmdline:","dstat -tcmndrylpg --tcp --output /tmp/devstack_logs/dstat-csv.log",,,,"Date:","20 Aug 2025 21:18:44 UTC"
"system","total usage",,,,,"memory usage",,,,"net/total",,"dsk/total",,"io/total",,"system",,"load avg",,,"procs",,,"paging",,"tcp sockets",,,,
"time","total usage:usr","total usage:sys","total usage:idl","total usage:wai","total usage:stl","used","free","buf","cach","net/total:recv","net/total:send","dsk/total:read","dsk/total:writ","read","writ","int","csw","1m","5m","15m","run","blk","new","in","out","lis","act","syn","tim","clo"
20-08 21:18:44,,991356,510428,176460,6083972,,,,,,,1.510,1.050,0.620,2,0,,,,9,6,6,10,0
20-08 21:18:45,26.279,17.019,54.310,0.250,0,1007764,493948,176464,6084132,47257.795,11497.601,0,1425.562,0,52.057,2942,4216,1.510,1.050,0.620,3,0,341.374,0,0,9,6,6,10,0
20-08 21:18:46,21.958,21.708,56.391,0.749,0,1017712,483668,176488,6084384,80755.384,15260.593,0,1772.584,0,61.881,2959,4160,1.510,1.050,0.620,3,0,318.386,0,0,9,5,6,10,1
20-08 21:18:47,28.693,20.958,49.152,0.250,0,1021780,459888,176584,6102964,426073.540,14725.711,0,2487.053,0,77.845,3791,6122,1.510,1.050,0.620,2,0,277.448,0,0,9,4,6,10,2
20-08 21:18:48,34.059,16.028,49.086,0.250,0,1158596,300204,177120,6246876,28827.275,1460.547,0,2352.102,0,62.108,4414,6961,1.550,1.070,0.630,2,0,127.222,0,0,10,4,6,10,2
20-08 21:18:49,34.999,12.500,50.999,0.750,0,1165124,262668,178400,6273296,25033.624,1619.976,0,4295.936,0,175.997,2576,3464,1.550,1.070,0.630,3,0,114.998,0,0,10,6,6,10,2
20-08 21:18:50,36.254,14.252,49.256,0.500,0,1200996,195212,179544,6300364,15651.816,2676.310,80.009,4056.471,1.000,126.015,2711,3730,1.550,1.070,0.630,2,0,170.020,0,0,10,7,6,12,2
20-08 21:18:51,43.269,3.752,51.523,0.250,0,1164856,246196,179672,6285528,31411.947,3141.395,0,1912.849,0,17.008,1511,1310,1.550,1.070,0.630,5,0,3.001,0,0,10,4,6,12,0
20-08 21:18:52,31.021,7.005,49.283,11.258,0,1225852,177428,180204,6292632,28558.305,3713.510,0,30116.359,0,2660.799,13840,22383,1.550,1.070,0.630,2,0,58.039,0,0,10,7,6,12,0
20-08 21:18:53,37.718,9.992,44.213,6.495,0,1136956,256308,180988,6300412,29543.302,1866.440,0,39498.979,0,2825.638,12240,18980,1.510,1.060,0.630,2,0,67.943,0,0,10,4,6,12,0
20-08 21:18:54,38.737,6.248,54.232,0.500,0,1197628,187744,181588,6306356,35934.926,4627.445,0,1867.373,0,84.971,1762,1732,1.510,1.060,0.630,2,0,35.988,0,0,10,4,6,12,0
20-08 21:18:55,46.854,7.016,44.599,0.752,0,1138824,245812,181696,6306744,27568.119,1665.693,0,10358.966,0,452.002,11093,20214,1.510,1.060,0.630,2,0,27.060,0,0,10,4,6,12,0
20-08 21:18:56,42.408,10.228,46.399,0,0,1198204,186076,181756,6306992,31950.348,1616.476,0,694.486,0,25.943,8778,15864,1.510,1.060,0.630,2,0,14.967,0,0,10,4,6,12,0
20-08 21:18:57,39.822,10.769,48.087,0,0,1097176,301820,181780,6294216,21758.230,1622.926,0,881.590,0,32.058,2545,3498,1.510,1.060,0.630,2,0,247.446,0,0,10,4,6,12,0
20-08 21:18:58,18.723,24.964,57.666,0,0,1075376,323452,181780,6294384,32149.030,1455.873,0,43.936,0,10.984,3365,5177,1.460,1.060,0.630,1,0,464.322,0,0,10,4,6,12,0
20-08 21:18:59,25.540,21.283,51.581,0,0,1097952,300744,181780,6294872,21204.312,1622.549,0,32587.194,0,84.132,5173,8579,1.460,1.060,0.630,4,0,239.376,0,0,10,4,6,13,0
20-08 21:19:00,45.742,8.249,45.992,0,0,1217700,180548,181780,6295320,23068.871,1619.710,0,359.936,0,36.993,1549,1618,1.460,1.060,0.630,2,0,64.988,0,0,10,5,6,12,0
20-08 21:19:01,49.015,3.251,47.015,0,0,1258220,137748,181792,6297344,29725.185,1694.524,0,560.173,0,69.021,3385,4920,1.460,1.060,0.630,3,0,0,0,0,10,5,6,12,0
20-08 21:19:02,8.479,7.730,83.290,0,0,1265008,130448,181792,6297860,13514.848,1615.917,0,379.042,0,3.990,1878,3108,1.460,1.060,0.630,0,0,117.703,0,0,10,4,5,13,0
20-08 21:19:03,4.753,4.253,90.312,1.001,0,1273592,129240,181824,6290432,29559.366,1459.005,0,12280.461,0,520.359,2333,2010,1.350,1.050,0.630,1,0,24.017,0,0,10,4,5,13,0
20-08 21:19:04,22.000,3.750,73.000,0,0,1328684,130032,180036,6236932,25955.948,1619.997,100.000,140.000,8.000,4.000,1170,1258,1.350,1.050,0.630,2,0,0,0,0,10,4,5,13,0
20-08 21:19:05,22.544,3.256,72.640,1.002,0,1354788,125368,179532,6216064,34010.709,1623.136,336.650,2212.274,7.014,243.470,3143,4715,1.350,1.050,0.630,1,0,1.002,0,0,10,10,5,13,0
20-08 21:19:06,20.953,4.989,73.084,0.249,0,1295448,183856,179540,6216908,37997.859,1454.702,850.073,35.919,23.946,2.993,1487,1674,1.350,1.050,0.630,2,0,41.905,0,0,10,4,5,15,0
20-08 21:19:07,21.250,4.250,72.999,0.750,0,1331260,146868,179936,6217624,24743.654,1619.977,759.989,1767.975,87.999,20.000,1897,2693,1.350,1.050,0.630,2,0,3.000,0,0,10,27,5,15,0
20-08 21:19:08,21.551,4.761,72.923,0,0,1314680,163428,179936,6217644,21891.840,1665.945,0,12016.455,0,27.064,1514,1876,1.320,1.040,0.630,4,0,44.104,0,0,10,28,5,15,0
20-08 21:19:09,20.236,8.494,69.952,0,0,1273124,204932,179936,6217796,19918.316,1456.999,23.984,120733.056,4.997,328.774,1969,2811,1.320,1.040,0.630,3,0,66.954,0,0,10,28,5,15,0
20-08 21:19:10,40.688,9.735,48.925,0.250,0,1392384,129116,179528,6175160,29836.410,1691.416,427.347,7.988,13.979,1.997,1801,1994,1.320,1.040,0.630,2,0,88.864,0,0,10,29,5,15,0
20-08 21:19:11,41.342,15.284,41.592,0.251,0,1316188,221808,179412,6159072,30190.903,1697.762,573.270,5259.655,24.053,160.355,6102,11433,1.320,1.040,0.630,5,0,299.664,0,0,10,28,5,17,0
20-08 21:19:12,79.739,19.747,1.750,0,0,1536780,138712,178464,6024596,25122.407,1457.792,955.863,23.997,118.983,5.999,2708,3491,1.320,1.040,0.630,7,0,248.964,0,0,10,28,5,17,1
20-08 21:19:13,82.258,11.001,5.751,0.250,0,1608916,172460,178100,5921796,27069.761,1694.173,2024.206,8220.839,210.021,629.064,7742,13402,1.850,1.160,0.670,6,0,30.003,0,0,10,28,5,17,0
20-08 21:19:14,45.647,11.474,42.404,0,0,1367976,413272,178124,5921960,9676.151,1616.350,163.631,315.288,14.966,28.935,3125,6415,1.850,1.160,0.670,3,0,249.437,0,0,10,28,5,17,0
20-08 21:19:15,19.755,6.752,72.518,0.250,0,1352016,429232,178132,5921952,22153.428,1620.397,20.005,120.029,4.001,8.002,1503,1730,1.850,1.160,0.670,1,0,60.015,0,0,10,28,5,17,0
20-08 21:19:16,20.008,5.002,73.031,0.250,0,1299940,481244,178132,5922016,22260.305,1458.610,16.007,204.085,4.002,22.009,2003,3331,1.850,1.160,0.670,2,0,53.022,0,0,10,28,5,17,0
20-08 21:19:17,22.732,2.998,73.691,0,0,1364916,416260,178132,5922024,33300.127,1692.634,3.997,0,0.999,0,1358,1448,1.850,1.160,0.670,1,0,15.987,0,0,10,29,5,17,0
20-08 21:19:18,17.510,12.007,70.039,0.250,0,1307948,472984,178144,5922256,27171.134,1620.903,200.111,1276.711,6.003,85.047,2791,4388,1.870,1.170,0.680,1,0,151.084,0,0,10,28,5,17,0
20-08 21:19:19,10.252,21.005,68.016,0.250,0,1306864,473928,178280,5922260,30058.124,1846.438,136.032,300.071,5.001,11.003,2807,3293,1.870,1.170,0.680,1,0,314.074,0,0,10,28,6,17,0
20-08 21:19:20,49.834,25.543,23.289,0,0,1458200,322456,178288,5922388,24252.034,1696.871,80.136,184.312,1.002,22.037,2761,4356,1.870,1.170,0.680,6,0,573.971,0,0,10,28,6,17,0
20-08 21:19:21,86.001,10.000,4.000,0,0,1633408,147064,178296,5922564,16932.186,1662.018,12.000,284.003,3.000,22.000,3651,7199,1.870,1.170,0.680,7,0,0,0,0,10,30,6,16,0
20-08 21:19:22,78.499,12.000,8.000,0,0,1404856,375260,178324,5922892,24958.725,1693.981,0,563.994,0,62.999,6763,14060,1.870,1.170,0.680,6,0,141.998,0,0,10,28,6,17,0
20-08 21:19:23,83.247,13.500,2.750,0,0,1601116,178756,178324,5923136,21055.242,1511.946,0,191.993,0,11.000,3756,7369,2.360,1.290,0.720,7,0,167.994,0,0,10,29,6,17,0
20-08 21:19:24,78.244,13.999,7.749,0,0,1419688,359980,178324,5923340,28675.878,1649.878,0,379.972,0,12.999,5237,11571,2.360,1.290,0.720,5,0,184.986,0,0,10,28,6,17,0
20-08 21:19:25,41.725,10.244,47.721,0.250,0,1332168,447316,178336,5923512,30048.971,1619.029,0,391.765,0,36.978,4068,8143,2.360,1.290,0.720,2,0,112.932,0,0,10,28,6,19,0
20-08 21:19:26,44.937,5.243,49.181,0,0,1430032,349316,178336,5923648,6047.515,1765.523,0,143.798,0,10.985,1807,3181,2.360,1.290,0.720,2,0,0,0,0,10,29,6,19,0
20-08 21:19:27,50.826,18.277,30.045,0.250,0,1412588,366688,178348,5923708,29497.039,1696.533,0,316.472,0,27.040,4286,7763,2.360,1.290,0.720,3,0,379.567,0,0,10,28,6,19,0
20-08 21:19:28,62.933,7.214,30.596,0,0,1504640,274456,178360,5923876,21838.954,1611.878,3.980,214.917,0.995,14.925,5302,9456,2.410,1.320,0.730,3,0,0,0,0,10,30,6,20,0
20-08 21:19:29,74.416,16.844,7.542,0,0,1511368,267668,178368,5923928,30299.404,1466.198,0,370.069,0,35.197,2936,4391,2.410,1.320,0.730,4,0,259.451,0,0,10,28,6,20,0
20-08 21:19:30,71.237,7.971,20.424,0,0,1511316,267368,178380,5924268,25639.186,1655.877,0,278.968,0,25.904,6700,12957,2.410,1.320,0.730,5,0,49.816,0,0,10,30,6,25,0
20-08 21:19:31,61.685,16.299,22.317,0,0,1464260,314384,178388,5924300,21002.862,1666.989,0,377.129,0,27.081,2575,4333,2.410,1.320,0.730,3,0,274.823,0,0,10,28,6,25,0
20-08 21:19:32,59.072,9.512,30.287,0.250,0,1380200,398220,178404,5924508,29656.181,1459.781,0,400.489,0,42.051,4708,10427,2.410,1.320,0.730,4,0,96.117,0,0,10,28,6,32,0
20-08 21:19:33,64.708,13.491,22.735,0,0,1496232,282164,178408,5924528,14554.569,1618.951,0,199.870,0,10.993,1985,3108,2.460,1.350,0.740,5,0,202.869,0,0,10,29,6,31,0
20-08 21:19:34,57.500,15.250,26.250,0,0,1368792,409444,178416,5924680,22070.956,1585.997,0,3663.993,0,120.000,4602,9244,2.460,1.350,0.740,3,0,286.999,0,0,10,28,6,33,0
20-08 21:19:35,63.750,8.250,28.250,0,0,1503872,273896,178416,5925148,29831.851,1639.992,0,139.999,0,8.000,3460,5532,2.460,1.350,0.740,2,0,0,0,0,10,31,6,30,0
20-08 21:19:36,62.498,12.500,24.499,0.250,0,1451380,325048,178432,5926472,24531.338,1619.956,1027.972,2883.922,11.000,207.994,3700,6195,2.460,1.350,0.740,3,0,111.997,0,0,10,28,6,30,0
20-08 21:19:37,62.745,12.999,24.248,0.250,0,1401012,375228,178444,5926648,29396.795,1511.887,91.993,443.967,4.000,36.997,4270,8907,2.460,1.350,0.740,4,0,177.987,0,0,10,28,6,30,0
20-08 21:19:38,81.261,17.502,1.000,0,0.250,1560472,215732,178444,5926684,15354.119,1566.216,0,316.044,0,22.003,2229,3633,2.660,1.410,0.770,6,0,303.042,0,0,10,28,6,30,0
20-08 21:19:39,80.755,16.751,2.250,0,0,1404304,371500,178464,5927064,22950.285,1620.091,0,1744.098,0,122.007,4618,9145,2.660,1.410,0.770,6,0,364.020,0,0,10,28,6,30,0
20-08 21:19:40,82.291,15.007,1.751,0,0,1540208,235524,178476,5927124,29280.582,1512.753,0,296.147,0,27.013,3216,5332,2.660,1.410,0.770,6,0,168.084,0,0,10,28,6,30,0
20-08 21:19:41,80.755,16.251,3.500,0,0,1617340,158184,178480,5927328,26446.772,1620.109,0,144.010,0,8.001,5737,11225,2.660,1.410,0.770,6,0,192.013,0,0,10,30,6,27,0
20-08 21:19:42,62.583,19.947,14.461,0,0.249,1383040,392256,178480,5927556,31068.203,1689.497,0,11.968,0,2.992,6545,13506,2.660,1.410,0.770,4,0,531.583,0,0,10,28,6,27,0
20-08 21:19:43,12.759,25.017,61.291,0,0,1314480,460788,178480,5927584,29858.214,1567.061,0,12.008,0,3.002,3023,3954,2.530,1.400,0.770,2,0,460.312,0,0,10,28,6,27,0
20-08 21:19:44,9.242,22.231,68.192,0.500,0,1314788,460464,178484,5927596,21245.835,1618.616,3.997,3193.270,0.999,147.874,2756,3036,2.530,1.400,0.770,2,0,309.735,0,0,10,28,6,27,0
20-08 21:19:45,28.811,30.063,40.586,0,0,1373308,401904,178488,5927632,15069.752,1623.421,4.008,376.794,1.002,26.055,3210,5571,2.530,1.400,0.770,5,0,746.573,0,0,10,28,6,27,0
20-08 21:19:46,78.472,19.493,1.999,0,0,1579216,195800,178492,5927824,21039.468,1619.420,3.999,151.946,1.000,16.994,3065,6816,2.530,1.400,0.770,9,0,406.854,0,0,10,29,6,28,0
20-08 21:19:47,78.523,19.756,1.500,0.250,0,1494228,280148,178500,5928456,21490.168,1606.461,572.164,544.156,6.002,44.013,4986,10052,2.530,1.400,0.770,6,0,325.093,0,0,10,29,6,28,0
20-08 21:19:48,82.258,15.252,2.250,0,0,1536588,237564,178516,5928664,30085.009,1566.157,40.004,348.035,7.001,23.002,3562,7316,2.810,1.480,0.790,6,0,199.020,0,0,10,29,6,28,0
20-08 21:19:49,82.610,13.934,3.235,0,0,1666872,131572,178576,5904868,24950.061,1612.378,159.247,3973.219,7.962,235.885,5450,10752,2.810,1.480,0.790,8,0,61.708,0,0,10,30,6,31,0
20-08 21:19:50,83.505,11.001,5.250,0,0,1634680,187200,178616,5881856,21470.181,4501.248,20.001,1884.104,5.000,248.014,5115,12972,2.810,1.480,0.790,6,0,63.003,0,0,10,32,6,32,0
20-08 21:19:51,83.881,11.552,4.521,0,0,1570932,245044,178860,5886780,26283.406,1822.279,0,1478.718,0,63.288,3813,10100,2.810,1.480,0.790,7,0,99.452,0,0,10,29,6,30,0
20-08 21:19:52,83.506,12.751,3.000,0,0,1589184,225148,178940,5888184,28430.990,1694.119,0,516.036,0,10.001,3908,9414,2.810,1.480,0.790,8,0,49.003,0,0,10,29,6,30,0
20-08 21:19:53,82.998,14.000,3.250,0,0,1624696,189308,178948,5888468,26180.450,1511.968,20.000,843.982,1.000,11.000,5807,27808,3.380,1.620,0.840,6,0,74.998,0,0,10,31,6,30,0
20-08 21:19:54,80.634,11.733,6.241,0,0,1618824,194200,178984,5889368,156664.716,9257.687,3.994,1805.404,0.999,48.930,5860,19170,3.380,1.620,0.840,6,0,118.829,0,0,10,32,6,31,0
20-08 21:19:55,84.124,13.270,3.255,0,0,1562604,249540,179048,5890108,516956.061,11681.265,0,1798.658,0,79.117,4378,8775,3.380,1.620,0.840,7,0,148.219,0,0,10,30,6,31,0
20-08 21:19:56,82.245,11.749,5.500,0,0,1649552,162040,179184,5890460,97755.939,10453.352,0,1455.910,0,64.996,5797,10287,3.380,1.620,0.840,5,0,66.996,0,0,10,32,6,31,0
20-08 21:19:57,80.662,12.736,5.993,0.250,0,1568460,242708,179272,5890728,22989.849,6660.713,0,990.916,0,44.951,4795,11802,3.380,1.620,0.840,5,0,139.847,0,0,10,32,6,31,0
20-08 21:19:58,85.092,9.761,4.505,0,0,1637940,172504,179380,5891312,81456.810,5282.695,0,912.984,0,44.047,5674,12287,3.510,1.670,0.870,6,0,60.065,0,0,10,31,6,31,0
20-08 21:19:59,82.501,12.750,4.250,0,0,1544684,265320,179476,5891620,40392.646,6776.108,8.000,1276.020,1.000,75.001,4568,12287,3.510,1.670,0.870,7,0,128.002,0,0,10,31,6,31,0
20-08 21:20:00,83.243,12.749,3.500,0,0,1582744,226824,179568,5891896,43920.091,7327.348,0,1119.900,0,51.995,3862,8006,3.510,1.670,0.870,5,0,119.989,0,0,10,31,6,31,0
20-08 21:20:01,82.002,11.750,6.500,0,0,1557600,251544,179684,5892188,41918.006,8219.197,0,1236.030,0,56.001,4174,10783,3.510,1.670,0.870,6,0,74.002,0,0,10,32,6,31,0
20-08 21:20:02,82.255,11.751,4.500,0,0,1580856,227916,179736,5892476,16724.937,5219.292,0,820.046,0,44.002,4428,11856,3.510,1.670,0.870,5,0,143.008,0,0,10,30,6,31,0
20-08 21:20:03,83.506,13.001,3.250,0,0,1663356,144936,179884,5892724,46381.200,5917.408,0,1124.078,0,63.004,5059,9782,3.790,1.760,0.900,8,0,52.004,0,0,10,31,6,31,0
20-08 21:20:04,80.764,10.002,9.252,0,0,1610680,197068,179968,5893132,34390.018,5621.984,4.001,1020.179,1.000,58.010,5047,10944,3.790,1.760,0.900,4,0,96.017,0,0,10,31,6,31,0
20-08 21:20:05,81.171,16.234,1.998,0,0,1601700,205284,180108,5893672,76070.755,6312.839,0,1042.982,0,44.956,2851,8101,3.790,1.760,0.900,7,0,149.854,0,0,10,31,6,31,0
20-08 21:20:06,79.622,12.770,6.760,0,0,1518632,287656,180208,5894160,55821.519,3516.387,0,5540.488,0,199.305,5914,12201,3.790,1.760,0.900,6,0,116.178,0,0,10,30,6,33,0
20-08 21:20:07,86.182,11.991,1.499,0,0,1610912,194984,180352,5894324,97587.101,9509.507,0,1366.923,0,69.945,3126,4907,3.790,1.760,0.900,5,0,160.873,0,0,10,34,6,33,0
20-08 21:20:08,79.502,9.500,10.750,0,0,1483528,321740,180420,5894836,374075.230,9193.202,0,916.020,0,47.001,5718,11095,3.890,1.820,0.920,5,0,140.003,0,0,10,34,6,31,0
20-08 21:20:09,70.342,14.468,15.216,0.748,0,1501612,263200,180544,5935072,20500677.979,120818.005,0,19508.243,0,95.785,8344,5722,3.890,1.820,0.920,4,0,120.729,0,0,10,34,6,31,0
20-08 21:20:10,64.895,12.779,21.548,0,0,1502568,233652,180632,5963456,14813723.230,69494.111,0,16881.680,0,101.226,7421,7292,3.890,1.820,0.920,5,0,120.268,0,0,10,35,6,31,0
20-08 21:20:11,68.753,11.001,20.501,0.750,0,1533948,178000,180924,5986640,11803814.779,59593.801,0,15116.710,0,161.008,8084,10319,3.890,1.820,0.920,4,0,48.002,0,0,10,36,6,34,0
20-08 21:20:12,77.745,16.749,4.500,0,0,1547008,164376,181004,5987040,26751.395,1457.913,0,559.966,0,10.999,11683,22469,3.890,1.820,0.920,5,0,105.994,0,0,10,35,6,33,0
20-08 21:20:13,81.000,13.500,5.000,0,0,1502804,208448,181024,5987152,29922.820,1619.990,0,795.995,0,43.000,5741,10935,3.900,1.850,0.940,4,0,70.000,0,0,10,35,6,33,0
20-08 21:20:14,82.999,13.750,3.500,0,0,1484888,225100,181108,5988248,14615.883,1619.987,0,667.995,0,36.000,3590,7911,3.900,1.850,0.940,4,0,235.998,0,0,10,34,6,33,0
20-08 21:20:15,80.743,11.999,6.749,0,0,1586084,123252,181192,5988776,29595.573,1693.861,0,487.960,0,28.998,3866,9567,3.900,1.850,0.940,4,0,76.994,0,0,10,35,6,33,0
20-08 21:20:16,79.008,14.751,5.251,1.000,0,1500268,191196,181952,6004160,25266.552,1694.171,12.001,20134.034,3.000,621.063,4750,7084,3.900,1.850,0.940,4,0,131.013,0,0,10,34,6,33,0
20-08 21:20:17,76.248,15.250,7.750,0.250,0,1511640,156676,182760,6022916,25194.395,1619.961,0,122421.062,0,685.984,5273,8958,3.900,1.850,0.940,4,0,94.998,0,0,10,34,6,33,0
20-08 21:20:18,75.499,18.250,6.500,0.250,0,1493796,153148,194160,6022424,21105.683,1619.976,359.995,83490.748,6.000,555.992,4060,8779,3.990,1.910,0.960,3,0,203.997,0,0,10,35,6,33,0
20-08 21:20:19,64.253,10.750,24.501,0.250,0,1466288,185324,195704,6014140,29531.211,1458.060,0,40509.661,0,324.013,3782,8075,3.990,1.910,0.960,3,0,30.001,0,0,10,34,6,33,0
20-08 21:20:20,61.750,12.250,25.000,0.250,0,1488168,218916,195736,5959556,32403.194,1968.012,48.000,1312.008,9.000,20.000,2384,2656,3.990,1.910,0.960,3,0,116.001,0,0,10,32,6,33,0
20-08 21:20:21,64.728,20.743,13.745,0,0,1400924,292228,195872,5973344,19055.521,1661.435,1551.472,1863.366,25.991,32.989,7260,16897,3.990,1.910,0.960,5,0,378.871,0,0,10,32,6,33,0
20-08 21:20:22,45.021,28.013,25.262,0.750,0,1449952,238952,195872,5977596,25806.077,1458.683,4221.976,472.221,101.047,22.010,3876,6251,3.990,1.910,0.960,4,0,591.277,0,0,10,33,6,33,0
20-08 21:20:23,44.719,12.242,43.220,0.500,0,1373644,314492,195916,5978320,29607.482,1692.827,487.662,2546.235,64.955,163.886,3619,6540,3.830,1.910,0.970,4,0,216.850,0,0,10,32,6,33,0
20-08 21:20:24,45.265,6.002,49.016,0,0,1388872,298964,195916,5978620,12414.134,1694.564,0,164.055,0,14.005,1892,4197,3.830,1.910,0.970,3,0,25.008,0,0,10,33,6,32,0
20-08 21:20:25,44.011,8.002,47.762,0,0,1391368,296416,195932,5978656,6285.540,1458.357,0,212.052,0,22.005,3182,6278,3.830,1.910,0.970,3,0,75.018,0,0,10,33,6,32,0
20-08 21:20:26,24.688,16.210,57.856,0.249,0,1349248,337836,195932,5979356,5183.073,1615.970,518.706,3.990,4.988,0.998,3333,5854,3.830,1.910,0.970,1,0,338.157,0,0,10,32,6,30,0
20-08 21:20:27,23.754,3.501,72.763,0,0,1395044,292028,195932,5979368,14375.616,1620.295,0,0,0,0,1764,2966,3.830,1.910,0.970,1,0,1.000,0,0,10,33,6,30,0
20-08 21:20:28,17.258,8.754,72.783,0,0,1371880,315040,195944,5979508,13851.191,1458.652,0,312.140,0,22.010,1721,2212,3.600,1.890,0.970,1,0,99.044,0,0,10,32,6,29,0
20-08 21:20:29,23.245,3.249,73.234,0,0,1330308,356568,195968,5979528,15758.596,1619.650,0,267.942,0,24.995,2216,3412,3.600,1.890,0.970,1,0,16.996,0,0,10,32,6,29,0
20-08 21:20:30,18.993,7.497,73.225,0,0,1379284,307588,195968,5979532,10314.431,1457.496,0,195.932,0,8.997,1349,1674,3.600,1.890,0.970,1,0,76.973,0,0,10,32,6,25,0
20-08 21:20:31,23.760,2.751,72.030,0.250,0,1326140,360684,195996,5979552,14719.212,1694.715,0,1000.422,0,73.031,3354,5579,3.600,1.890,0.970,2,0,14.006,0,0,10,32,6,25,0
20-08 21:20:32,22.747,3.749,73.490,0,0,1390724,296096,195996,5979556,10023.587,1661.766,0,0,0,0,1111,1432,3.600,1.890,0.970,1,0,15.998,0,0,10,33,5,18,0
20-08 21:20:33,21.005,5.501,72.017,0,0,1324220,362188,195996,5979968,7533.778,1620.382,0,88.021,0,6.001,2913,5135,3.390,1.880,0.970,1,0,56.013,0,0,10,32,5,21,0
20-08 21:20:34,23.244,2.749,73.730,0,0,1383656,302744,195996,5979976,14977.941,1619.561,0,0,0,0,1181,1698,3.390,1.880,0.970,1,0,0,0,0,10,32,5,17,0
20-08 21:20:35,18.993,7.747,72.222,0,0,1346388,339864,196012,5980108,13637.749,1619.377,0,323.875,0,23.991,2009,2765,3.390,1.880,0.970,1,0,90.965,0,0,10,32,5,17,0
20-08 21:20:36,23.020,2.502,73.564,0,0,1384432,301812,196012,5980116,8848.672,1459.265,0,4.003,0,1.001,1662,2751,3.390,1.880,0.970,1,0,0,0,0,10,33,5,17,0
20-08 21:20:37,18.986,8.494,71.946,0.250,0,1354088,332124,196020,5980140,13538.819,1618.783,0,111.916,0,12.990,1773,2333,3.390,1.880,0.970,1,0,105.920,0,0,10,32,5,17,0
20-08 21:20:38,22.540,3.256,72.378,0.501,0,1314696,371356,196032,5980288,13399.758,1622.877,0,392.696,0,40.071,2307,3875,3.200,1.860,0.970,1,0,17.030,0,0,10,32,5,17,0
20-08 21:20:39,19.759,6.253,73.284,0,0.250,1366440,319600,196036,5980296,18829.812,1458.683,0,176.082,0,10.005,1407,1803,3.200,1.860,0.970,1,0,77.036,0,0,10,32,5,17,0
20-08 21:20:40,22.776,3.754,71.831,0.250,0,1381112,304004,196044,5981212,13663.426,1695.915,0,3660.132,0,254.287,3224,5602,3.200,1.860,0.970,1,0,0,0,0,10,32,5,17,0
20-08 21:20:41,22.180,3.987,73.766,0,0,1370708,314404,196044,5981216,13570.939,1688.642,0,7.975,0,0.997,1197,1369,3.200,1.860,0.970,1,0,29.905,0,0,10,32,5,17,0
20-08 21:20:42,23.266,2.252,72.800,0,0,1312396,372556,196044,5981376,14683.043,1458.998,0,0,0,0,2709,4854,3.200,1.860,0.970,3,0,1.001,0,0,10,32,5,17,0
20-08 21:20:43,9.757,20.765,68.048,0,0,1316464,368180,196044,5981684,14920.459,1695.188,0,20.014,0,5.004,2556,3251,3.100,1.870,0.970,3,0,318.223,0,0,10,32,5,17,0
20-08 21:20:44,38.540,11.262,49.551,0,0,1440748,243692,196044,5981888,5613.793,1621.674,12.012,800.826,1.001,32.033,2011,2863,3.100,1.870,0.970,2,0,167.173,0,0,10,32,5,19,0
20-08 21:20:45,36.232,7.996,51.225,3.248,0,1507408,170668,196336,5987860,13232.437,1457.277,1531.241,22236.970,38.981,1797.109,10046,15718,3.100,1.870,0.970,1,1,70.965,0,0,10,36,5,19,0
20-08 21:20:46,37.788,7.257,43.544,11.011,0,1458320,215580,196964,5991404,11540.725,1663.690,0,47023.776,0,4077.142,19517,31082,3.100,1.870,0.970,2,0,94.096,0,0,10,36,5,19,0
20-08 21:20:47,43.436,7.239,44.684,4.493,0,1477480,196756,197048,5990976,13678.837,1711.477,0,14187.088,0,1233.182,7046,10813,3.100,1.870,0.970,2,0,13.979,0,0,10,32,5,18,0
20-08 21:20:48,42.280,6.254,46.032,4.003,0,1462696,211208,197180,5991176,11230.839,1533.070,0,14538.148,0,1469.025,7611,13229,3.100,1.880,0.990,3,0,2.001,0,0,10,34,5,18,0
20-08 21:20:49,38.471,8.993,45.466,5.995,0,1327048,346368,197352,5991488,5502.867,1844.615,0,11311.505,0,1748.687,10307,18684,3.100,1.880,0.990,3,0,77.941,0,0,10,32,6,18,0
20-08 21:20:50,22.984,4.747,71.950,0.500,0,1409240,264400,197352,5991488,15824.034,1692.827,0,12295.479,0,520.639,1804,1632,3.100,1.880,0.990,1,0,24.983,0,0,10,32,6,18,0
20-08 21:20:51,22.494,3.749,72.479,0.500,0,1357224,316388,197352,5991508,11747.675,1619.542,0,6606.130,0,355.899,1666,2707,3.100,1.880,0.990,1,0,1.000,0,0,10,32,6,14,0
20-08 21:20:52,22.247,3.250,73.241,0,0,1430804,242804,197352,5991512,12865.340,1693.782,0,111.986,0,15.998,1104,1304,3.100,1.880,0.990,1,0,2.000,0,0,10,32,6,14,0
20-08 21:20:53,22.994,2.499,74.230,0,0,1398308,275288,197352,5991524,11233.989,1457.609,0,0,0,0,872,1091,2.930,1.870,0.990,3,0,1.000,0,0,10,32,6,14,0
20-08 21:20:54,22.503,3.250,73.761,0,0,1337592,335928,197352,5991592,14245.165,1704.259,0,0,0,0,906,1080,2.930,1.870,0.990,2,0,3.000,0,0,10,32,6,14,0
20-08 21:20:55,22.000,3.500,73.749,0,0,1405912,267588,197352,5991600,10371.855,1619.977,0,12747.822,0,51.999,1044,1207,2.930,1.870,0.990,2,0,0,0,0,10,32,6,13,0
20-08 21:20:56,23.749,2.250,73.748,0,0,1347548,325860,197352,5991692,6295.824,1767.950,0,0,0,0,852,1072,2.930,1.870,0.990,2,0,3.000,0,0,10,32,6,13,0
20-08 21:20:57,23.954,2.495,73.608,0,0,1366932,306444,197352,5991724,16037.999,1690.732,0,0,0,0,901,1147,2.930,1.870,0.990,2,0,1.996,0,0,10,32,6,13,0
20-08 21:20:58,22.543,3.507,73.389,0.250,0,1440256,233112,197352,5991732,14494.452,1623.074,0,605.146,0,30.057,1093,1527,2.770,1.850,0.990,2,0,2.004,0,0,10,32,6,13,0
20-08 21:20:59,27.250,4.250,67.999,0,0,1384496,288836,197352,5991764,15072.819,1457.983,0,0,0,0,1542,2696,2.770,1.850,0.990,1,0,35.000,0,0,10,32,6,14,0
20-08 21:21:00,22.998,3.000,73.993,0,0,1382616,290696,197352,5991784,14038.708,1619.851,0,135.987,0,5.999,978,1130,2.770,1.850,0.990,2,0,1.000,0,0,10,32,6,14,0
20-08 21:21:01,23.993,2.499,73.478,0,0,1441272,231992,197352,5991828,9652.114,1619.516,0,31.990,0,4.999,952,1184,2.770,1.850,0.990,1,0,1.999,0,0,10,32,6,13,0
20-08 21:21:02,11.518,17.528,69.860,0,0,1340304,332816,197352,5991968,20411.250,1622.564,0,368.582,0,4.006,2567,3441,2.770,1.850,0.990,2,0,293.464,0,0,10,32,6,13,0
20-08 21:21:03,8.983,20.711,69.369,0,0,1346376,326692,197352,5991988,16346.041,1616.938,0,642.783,0,6.987,2681,3713,2.550,1.820,0.980,3,0,343.350,0,0,10,32,6,13,0
20-08 21:21:04,9.515,19.531,69.863,0,0,1339872,333048,197352,5992132,5514.890,1534.474,108.174,196.316,6.010,5.008,2396,3375,2.550,1.820,0.980,1,0,275.444,0,0,10,32,6,13,0
20-08 21:21:05,8.506,20.763,70.296,0,0,1346516,326376,197352,5992160,15925.320,1695.098,0,92.060,0,1.001,2972,4232,2.550,1.820,0.980,1,0,386.250,0,0,10,32,6,12,0
20-08 21:21:06,22.459,2.745,73.866,0,0,1414928,257904,197352,5992212,9471.799,1617.063,0,127.768,0,1.996,916,1288,2.550,1.820,0.980,1,0,18.966,0,0,10,32,6,12,0
20-08 21:21:07,23.554,2.506,73.670,0,0,1367052,305780,197352,5992212,9688.322,1461.367,0,64.148,0,5.012,894,1171,2.550,1.820,0.980,1,0,4.009,0,0,10,32,6,10,0
20-08 21:21:08,22.456,3.493,73.607,0,0,1444852,227968,197356,5992216,12814.038,1616.850,0,319.378,0,24.951,1155,1494,2.430,1.810,0.980,2,0,1.996,0,0,10,32,6,10,0
20-08 21:21:09,24.556,1.503,73.920,0,0,1375236,297576,197356,5992224,5424.471,1665.830,0,20.046,0,1.002,862,1091,2.430,1.810,0.980,2,0,1.002,0,0,10,32,6,10,0
20-08 21:21:10,23.268,3.002,73.557,0.250,0.250,1431160,241640,197356,5992236,13395.341,1459.126,0,1345.038,0,200.155,1152,1115,2.430,1.810,0.980,2,0,2.002,0,0,10,32,6,10,0
20-08 21:21:11,22.674,2.990,74.004,0,0,1401216,271604,197356,5992216,9131.592,1614.623,0,27.907,0,3.987,815,1114,2.430,1.810,0.980,5,0,0.997,0,0,10,32,6,9,0
20-08 21:21:12,24.249,1.500,74.498,0,0,1346784,326016,197356,5992236,6093.854,1693.959,0,20.000,0,1.000,796,1015,2.430,1.810,0.980,2,0,3.000,0,0,10,32,6,9,0
20-08 21:21:13,23,2.500,73.500,0,0,1426116,246692,197356,5992224,13440,1458,0,4,0,1,986,1129,2.310,1.800,0.980,2,0,2,0,0,10,32,6,6,0
20-08 21:21:14,24.009,2.751,73.527,0,0,1376004,296816,197356,5992212,45756.518,1620.585,0,12.004,0,1.000,932,1051,2.310,1.800,0.980,2,0,1.000,0,0,10,32,6,6,0
20-08 21:21:15,23.991,1.749,73.972,0,0,1434108,238688,197356,5992236,8424.799,1457.446,0,1643.376,0,4.998,890,1058,2.310,1.800,0.980,2,0,1.999,0,0,10,32,6,6,0
20-08 21:21:16,22.529,3.004,73.844,0,0,1392560,280328,197356,5992144,13635.412,1622.071,0,124.159,0,2.003,860,1092,2.310,1.800,0.980,3,0,1.001,0,0,10,32,6,6,0
20-08 21:21:17,23.778,2.503,73.836,0,0,1328400,344396,197356,5992236,13246.366,1621.881,0,92.107,0,1.001,880,1109,2.310,1.800,0.980,2,0,4.005,0,0,10,32,6,6,0
20-08 21:21:18,23.255,3.001,73.517,0.250,0,1349544,323244,197356,5992244,17971.061,1620.366,0,228.052,0,17.004,1228,1491,2.210,1.780,0.980,2,0,1.000,0,0,10,32,6,6,0
20-08 21:21:19,21.695,3.990,73.315,0.249,0,1414668,255456,197360,5994904,14738.843,1615.926,2637.351,510.712,31.920,23.940,1183,1403,2.210,1.780,0.980,1,0,1.995,0,0,10,32,6,6,0
20-08 21:21:20,23.752,2.250,73.755,0,0,1372356,297768,197360,5994904,6460.439,1694.115,0,20.001,0,1.000,887,1072,2.210,1.780,0.980,1,0,1.000,0,0,10,32,6,6,0
20-08 21:21:21,23.252,2.500,73.756,0.250,0,1362952,307188,197364,5994912,16029.314,1532.126,0,856.070,0,84.007,1106,1159,2.210,1.780,0.980,1,0,1.000,0,0,10,32,6,6,0
20-08 21:21:22,22.998,2.250,73.993,0,0,1431496,238644,197364,5994912,9976.012,1735.828,0,39.996,0,5.000,939,1121,2.210,1.780,0.980,1,0,2.000,0,0,10,32,6,6,0
20-08 21:21:23,13.031,16.539,69.914,0,0,1343068,327020,197364,5994964,13686.080,1623.806,0,216.507,0,10.023,2837,4216,2.110,1.770,0.980,2,0,418.982,0,0,10,32,6,6,0
20-08 21:21:24,22.245,3.749,73.983,0,0,1410320,259752,197364,5994980,7347.281,1693.604,0,0,0,0,1017,1489,2.110,1.770,0.980,1,0,43.990,0,0,10,32,6,6,0
20-08 21:21:25,22.953,2.744,73.350,0,0,1370364,299468,197364,5995220,9325.910,1658.605,0,3.992,0,0.998,995,1114,2.110,1.770,0.980,1,0,8.982,0,0,10,32,6,6,0
20-08 21:21:26,21.052,6.516,71.677,0,0,1338200,331624,197364,5995228,42687.181,1624.002,4.010,36.089,1.002,1.002,1520,1995,2.110,1.770,0.980,2,0,136.336,0,0,10,32,6,6,0
20-08 21:21:27,9.495,19.740,69.966,0,0,1346264,323456,197364,5995332,14088.055,1511.255,0,283.860,0,8.996,3122,4686,2.110,1.770,0.980,1,0,450.778,0,0,10,32,6,6,0
20-08 21:21:28,11.499,18.999,68.497,0,0,1341312,328372,197368,5995364,6635.688,1565.926,0,363.983,0,13.999,3491,5614,2.100,1.770,0.990,1,0,525.975,0,0,10,32,6,6,0
20-08 21:21:29,8.997,20.742,68.974,0,0,1344876,324776,197368,5995396,16404.701,1693.350,0,1423.453,0,30.988,3390,5113,2.100,1.770,0.990,1,0,507.805,0,0,10,32,6,6,0
20-08 21:21:30,9.489,19.978,68.424,0.250,0,1353312,316284,197368,5995420,9526.397,1692.117,0,1266.590,0,16.981,3148,4678,2.100,1.770,0.990,1,0,484.461,0,0,10,32,6,6,0
20-08 21:21:31,9.766,19.783,70.118,0,0,1352372,317204,197368,5995440,14956.246,1576.661,0,1037.752,0,13.022,3137,4564,2.100,1.770,0.990,2,0,455.769,0,0,10,32,6,6,0
20-08 21:21:32,9.761,18.019,70.326,0,0,1346068,323464,197368,5995480,9406.159,1621.751,0,208.225,0,8.009,3288,5039,2.100,1.770,0.990,2,0,503.544,0,0,10,32,6,6,0
20-08 21:21:33,11.241,18.485,69.194,0,0,1344816,324496,197368,5995700,14682.078,1692.626,175.857,299.757,4.996,12.989,3653,5658,1.930,1.740,0.980,3,0,590.520,0,0,10,32,6,6,0
20-08 21:21:34,10.244,20.239,69.962,0,0,1348188,320340,197368,5996484,9955.534,1457.200,955.475,35.980,15.991,8.995,3079,4746,1.930,1.740,0.980,9,0,427.765,0,0,10,32,6,3,0
20-08 21:21:35,34.770,26.015,38.272,0.500,0,1420152,247868,197384,5996984,6475.795,1620.950,148.087,880.516,7.004,44.026,4033,7148,1.930,1.740,0.980,5,0,848.497,0,0,10,34,6,6,0
20-08 21:21:36,72.253,24.501,2.250,0,0,1560852,148900,198432,5952000,6846.253,1620.060,820.030,5892.218,23.001,351.013,9132,5701,1.930,1.740,0.980,4,0,460.017,0,0,10,32,6,9,0
20-08 21:21:37,69.273,13.504,13.504,3.751,0.250,1636544,141104,198680,5884600,14481.765,1606.529,64.021,35951.828,4.001,2785.917,13022,23445,1.930,1.740,0.980,6,0,134.044,0,0,10,36,6,10,0
20-08 21:21:38,59.225,16.493,18.242,6.247,0,1625916,141952,199500,5893484,15851.232,1619.309,0,84387.966,0,6375.278,21578,41191,2.260,1.810,1.010,6,1,170.927,0,0,10,36,6,10,0
20-08 21:21:39,57.938,14.984,20.478,8.241,0,1643580,133676,200040,5883824,13692.390,1618.273,67.928,84961.346,0.999,6580.978,25816,46235,2.260,1.810,1.010,7,0,103.889,0,0,10,36,6,10,0
20-08 21:21:40,48.651,13.473,28.193,8.732,0,1533868,233896,200292,5892996,8770.118,1455.033,0,69697.886,0,5586.609,22086,37337,2.260,1.810,1.010,3,0,178.636,0,0,10,34,6,10,0
20-08 21:21:41,35.469,11.490,42.463,11.240,0,1561320,198384,200512,5900764,14225.709,1618.602,0,46196.087,0,3892.637,18006,32964,2.260,1.810,1.010,4,0,141.877,0,0,10,35,6,12,0
20-08 21:21:42,36.596,12.031,41.609,10.026,0,1508388,247616,200776,5904172,15148.614,1624.247,0,67857.447,0,5225.665,20528,39298,2.260,1.810,1.010,3,0,78.205,0,0,10,34,6,12,0
20-08 21:21:43,37.035,7.007,43.791,10.760,0,1569548,184168,201044,5906148,8947.393,1621.521,0,31545.590,0,3013.827,15646,26104,2.240,1.820,1.020,2,0,42.039,0,0,10,34,6,13,0
20-08 21:21:44,38.483,6.497,43.731,8.746,0,1569776,183188,201188,5906748,7213.826,1619.288,0,31837.991,0,3177.602,18618,32088,2.240,1.820,1.020,4,0,29.987,0,0,10,35,6,17,0
20-08 21:21:45,33.460,11.986,41.700,11.736,0,1539404,212524,201344,5907572,14605.459,1584.097,0,53739.459,0,4561.522,20489,34067,2.240,1.820,1.020,2,0,106.872,0,0,10,34,6,18,0
20-08 21:21:46,41.782,8.006,40.281,9.257,0,1568688,181304,201408,5909396,13620.351,1641.247,0,41007.165,0,3650.775,18387,30620,2.240,1.820,1.020,4,0,39.030,0,0,10,35,6,18,0
20-08 21:21:47,39.037,8.508,41.789,10.260,0,1518396,228764,201484,5912096,17845.811,1715.616,0,45382.751,0,4194.952,20782,36940,2.240,1.820,1.020,1,1,91.086,0,0,10,36,6,20,0
20-08 21:21:48,37.221,9.493,40.469,13.240,0,1566268,177664,201616,5915092,13276.684,1618.742,0,53182.677,0,4533.477,18949,33142,2.300,1.840,1.030,4,0,44.965,0,0,10,36,6,20,0
20-08 21:21:49,36.770,9.255,42.773,10.756,0,1564724,176152,201740,5917928,13880.412,1620.866,0,48702.007,0,4244.266,20867,37987,2.300,1.840,1.030,6,0,81.043,0,0,10,36,6,24,0
20-08 21:21:50,35.028,10.759,41.784,13.010,0,1547488,190360,201920,5920708,15150.181,1621.304,0,52141.922,0,4592.693,21183,35858,2.300,1.840,1.030,2,0,127.102,0,0,10,36,6,24,0
20-08 21:21:51,38.493,9.248,40.992,10.498,0,1510404,229004,201992,5919008,5757.941,1619.702,0,51634.499,0,4478.176,16838,34899,2.300,1.840,1.030,3,1,57.989,0,0,10,36,6,25,0
20-08 21:21:52,39.647,6.483,43.637,9.725,0,1571908,169812,202020,5916648,14119.431,1615.815,0,47253.613,0,4008.618,15036,30732,2.300,1.840,1.030,2,0,32.915,0,0,10,34,6,26,0
20-08 21:21:53,35.754,13.502,49.256,0.750,0,1415404,326272,202020,5916688,15634.845,1586.187,0,6708.792,0,401.047,3910,5820,2.270,1.840,1.030,1,0,272.032,0,0,10,32,6,26,0
20-08 21:21:54,23.251,2.500,73.002,0.250,0,1442596,299056,202020,5916712,5929.166,1694.047,0,940.026,0,63.002,2471,4922,2.270,1.840,1.030,1,0,0,0,0,10,32,6,29,0
20-08 21:21:55,21.748,4.999,72.992,0.250,0,1434448,307196,202024,5916716,14672.445,1565.834,0,3331.647,0,206.978,1697,2145,2.270,1.840,1.030,1,0,42.995,0,0,10,32,6,29,0
20-08 21:21:56,21.754,4.251,72.763,0,0,1376992,364500,202024,5916868,44694.090,1620.293,0,124.022,0,16.003,2675,5166,2.270,1.840,1.030,2,0,40.007,0,0,10,32,6,29,0
20-08 21:21:57,9.996,21.742,67.475,0.250,0.250,1382124,359240,202024,5916996,16743.788,1619.399,0,1903.294,0,181.933,2935,3433,2.270,1.840,1.030,1,0,342.873,0,0,10,32,6,29,0
20-08 21:21:58,10.277,22.809,65.419,0,0,1385108,356212,202024,5917040,10222.384,1624.192,4.010,316.818,1.003,22.057,2810,3979,2.090,1.810,1.030,2,0,363.939,0,0,10,32,6,31,0
20-08 21:21:59,61.490,12.998,24.246,0,0,1573988,165992,202024,5918912,5930.039,1661.731,399.935,647.895,3.999,45.993,2319,4210,2.090,1.810,1.030,4,0,171.972,0,0,10,32,6,35,0
20-08 21:22:00,69.258,10.751,19.002,0.750,0,1750224,136432,202120,5774996,14269.670,1512.177,1312.154,2520.295,69.008,102.012,2104,5008,2.090,1.810,1.030,3,0,2.000,0,0,10,32,6,35,0
20-08 21:22:01,40.256,10.252,38.006,9.501,0,1767740,122672,202296,5771128,11238.731,1640.253,1240.191,63161.727,48.007,4795.739,22230,36140,2.090,1.810,1.030,1,2,180.028,0,0,10,38,6,35,0
20-08 21:22:02,35.004,9.751,41.004,14.752,0,1766044,129568,202396,5765836,5880.635,1620.175,0,87181.416,0,6863.741,28044,46993,2.090,1.810,1.030,3,0,234.025,0,0,10,38,5,35,0
20-08 21:22:03,46.693,10.737,28.965,11.985,0,1644696,257408,202512,5759252,12957.218,1510.161,0,96414.567,0,8000.256,37643,61776,2.160,1.830,1.040,3,0,180.780,0,0,10,36,5,35,0
20-08 21:22:04,46.292,11.510,31.779,10.259,0,1699516,191556,202624,5769824,9323.456,1567.422,0,65743.629,0,5210.726,22794,37027,2.160,1.830,1.040,3,0,227.206,0,0,10,36,5,35,0
20-08 21:22:05,45.994,10.499,31.246,14.748,0.250,1752616,123796,202692,5783956,14382.130,1619.789,0,109953.706,0,8100.947,29691,53968,2.160,1.830,1.040,3,1,0,0,0,10,36,5,35,0
20-08 21:22:06,41.442,11.983,33.703,10.985,0,1665476,232820,202748,5762356,9181.174,1509.891,0,75246.880,0,6173.376,25862,42513,2.160,1.830,1.040,2,0,141.802,0,0,10,36,5,35,0
20-08 21:22:07,35.015,8.253,48.020,6.003,0,1378708,517880,202764,5764012,5697.387,1566.656,0,36903.463,0,2921.224,10397,19767,2.160,1.830,1.040,2,0,179.075,0,0,10,32,5,35,0
20-08 21:22:08,16.266,11.761,71.320,0.500,0,1418228,478348,202764,5764024,14843.502,1621.584,0,776.759,0,42.041,1724,2183,2.070,1.820,1.040,1,0,136.133,0,0,10,32,5,35,0
20-08 21:22:09,21.992,4.248,72.974,0.250,0,1482740,413836,202764,5764024,11667.835,1553.445,0,6325.742,0,376.865,1858,2778,2.070,1.820,1.040,1,0,2.999,0,0,10,32,5,35,0
20-08 21:22:10,24.243,1.250,73.479,0,0,1508920,387656,202764,5764024,17174.037,1565.548,0,155.955,0,15.995,1346,1751,2.070,1.820,1.040,2,0,0,0,0,10,34,4,35,0
20-08 21:22:11,21.458,4.242,73.358,0,0,1444764,451804,202764,5764032,18246.620,1690.722,0,79.845,0,5.988,1198,1366,2.070,1.820,1.040,1,0,29.942,0,0,10,32,5,35,0
20-08 21:22:12,22.512,3.252,73.540,0,0,1511180,385388,202764,5764032,13532.348,1586.862,0,1596.867,0,14.008,1017,1145,2.070,1.820,1.040,1,0,0,0,0,10,34,5,35,0
20-08 21:22:13,17.046,16.795,65.928,0.251,0,1396552,499944,202764,5764100,247072.354,1624.381,84.227,910.455,5.014,53.143,3162,3661,1.990,1.800,1.040,2,0,299.809,0,0,10,32,5,35,0
20-08 21:22:14,14.495,38.736,46.483,0,0,1400580,495804,202764,5764212,22478.615,1693.368,0,287.893,0,26.990,4718,8039,1.990,1.800,1.040,2,0,1007.624,0,0,10,32,5,35,0
20-08 21:22:15,12.975,31.938,54.894,0,0,1398688,497660,202764,5764248,5398.543,1562.973,0,183.644,0,21.957,3793,6233,1.990,1.800,1.040,1,0,762.523,0,0,10,32,5,35,0
20-08 21:22:16,2.749,3.498,92.954,0,0,1400084,496256,202764,5764256,18096.079,1619.202,0,0,0,0,987,1273,1.990,1.800,1.040,0,0,39.980,0,0,10,32,5,35,0
20-08 21:22:17,9.261,15.769,74.088,0.250,0,1402132,493528,202796,5764908,18333.725,1621.922,624.740,0,16.019,0,2607,3305,1.990,1.800,1.040,1,0,216.256,0,0,11,12,5,35,20
20-08 21:22:18,9.487,20.472,68.656,0,0,1394360,501276,202796,5764932,15476.920,1583.843,0,47.935,0,8.988,2536,3492,1.910,1.790,1.040,1,0,267.635,0,0,11,12,5,35,20
20-08 21:22:19,16.782,18.536,63.874,0,0,1398784,496296,202840,5765468,11626.509,1623.142,565.094,8.016,49.095,2.004,4176,6567,1.910,1.790,1.040,2,0,172.334,0,0,11,12,5,35,20
20-08 21:22:20,20.484,20.484,56.706,0,0,1436468,457780,202848,5766260,14126.109,1618.752,43.966,247.809,1.998,2.998,2747,3901,1.910,1.790,1.040,1,0,326.748,0,0,13,12,5,35,20
20-08 21:22:21,9.990,19.980,68.681,0,0,1443488,450740,202848,5766280,11156.810,1618.377,0,23.976,0,5.994,2457,3472,1.910,1.790,1.040,1,0,244.755,0,0,13,12,5,35,20
20-08 21:22:22,21.045,17.788,58.624,0,0,1464568,429600,202848,5766328,6035.784,1665.528,0,12.025,0,2.004,4142,9158,1.910,1.790,1.040,2,0,194.412,0,0,13,12,5,35,20
20-08 21:22:23,14.990,19.237,64.206,0,0,1485560,408320,202852,5766568,8127.433,1564.928,3.997,699.521,0.999,34.976,2861,4207,1.830,1.770,1.040,1,0,289.801,0,0,15,12,5,35,20
20-08 21:22:24,11.986,19.726,66.919,0,0,1491696,402044,202852,5767056,14190.914,1618.052,0,107.870,0,10.987,3088,4799,1.830,1.770,1.040,1,0,220.734,0,0,15,12,5,35,20
20-08 21:22:25,34.578,13.531,50.364,0,0,1587536,306100,202880,5766772,13794.244,1515.432,32.073,569.289,1.002,4.009,3499,6916,1.830,1.770,1.040,11,0,131.297,0,0,17,12,5,35,20
20-08 21:22:26,84.995,14.999,0,0,0,1909552,124932,202908,5628772,14346.240,1693.910,0,15.999,0,1.000,2058,2789,1.830,1.770,1.040,13,0,33.998,0,0,17,12,5,35,20
20-08 21:22:27,35.414,15.712,47.136,0.249,0,1935500,170504,202908,5558852,8641.097,1689.912,0,2577.764,0,195.527,2947,4234,1.830,1.770,1.040,2,0,219.469,0,0,17,12,5,35,20
20-08 21:22:28,10.247,19.245,67.731,0,0,1937376,168568,202908,5558880,13835.140,1457.593,0,47.987,0,6.998,2801,4056,1.770,1.760,1.040,1,0,267.925,0,0,17,12,5,35,20
20-08 21:22:29,16.006,19.007,64.023,0,0,1937724,168080,202908,5559028,10047.557,1620.574,0,364.129,0,5.002,4664,7458,1.770,1.760,1.040,1,0,165.058,0,0,17,12,5,35,20
20-08 21:22:30,24.993,9.747,64.481,0.250,0,1984424,134884,202912,5545636,6253.149,1619.521,1023.697,43.987,15.995,1.999,1942,3121,1.770,1.760,1.040,0,0,135.960,0,0,18,12,5,35,20
20-08 21:22:31,9.782,8.528,81.014,0,0,1990888,135428,202912,5538720,14302.598,1462.766,0,0,0,0,1789,2534,1.770,1.760,1.040,1,0,91.297,0,0,18,12,5,36,20
20-08 21:22:32,22.496,3.999,71.987,0.250,0,2040368,135820,202912,5489836,14314.352,1619.700,63.988,235.956,3.999,11.998,1862,3120,1.770,1.760,1.040,1,0,0,0,0,18,16,5,36,10
20-08 21:22:33,18.229,10.738,69.421,0,0,1990424,185128,202912,5490444,6041.131,1618.160,323.632,3196.366,5.993,77.911,3024,5907,1.700,1.750,1.030,1,0,123.859,0,0,18,18,5,41,0
20-08 21:22:34,8.984,21.960,67.877,0,0,1998180,177296,202912,5490504,13301.990,1455.373,0,179.676,0,7.986,2869,4004,1.700,1.750,1.030,1,0,282.490,0,0,18,18,5,41,0
20-08 21:22:35,10.505,17.508,69.532,0,0,2005416,170020,202912,5490528,9859.585,1694.788,0,280.130,0,2.001,2785,4064,1.700,1.750,1.030,1,0,256.119,0,0,18,18,5,39,0
20-08 21:22:36,11.005,19.009,67.784,0,0,2006136,169264,202912,5490548,14482.198,1620.806,0,32.016,0,8.004,2770,4024,1.700,1.750,1.030,1,0,243.121,0,0,18,18,5,39,0
20-08 21:22:37,14.771,19.277,63.840,0.250,0,2009940,165124,202912,5491236,15711.216,1460.065,0,296.419,0,15.021,3953,5972,1.700,1.750,1.030,2,0,210.297,0,0,18,18,5,35,0
20-08 21:22:38,39.174,12.226,48.157,0,0,2082152,135140,202924,5450104,8176.171,1616.870,327.366,1113.844,2.994,90.824,2715,3924,1.730,1.750,1.040,2,0,158.693,0,0,18,19,5,35,0
20-08 21:22:39,44.845,6.976,46.838,0,0,2185464,132928,202916,5351160,16892.670,1614.425,0,215.257,0,2.990,1576,1968,1.730,1.750,1.040,6,0,0,0,0,18,19,5,34,0
20-08 21:22:40,48.130,7.520,42.865,0.251,0,2239892,137560,202984,5292708,12580.868,1504.049,96.259,1106.980,1.003,105.283,3357,10025,1.730,1.750,1.040,2,0,9.024,0,0,18,35,5,35,0
20-08 21:22:41,17.265,15.514,65.558,0,0,2257632,126088,202992,5286544,11256.996,1621.440,0,320.284,0,14.012,2700,3987,1.730,1.750,1.040,1,0,207.184,0,0,18,34,5,36,0
20-08 21:22:42,15.774,18.027,63.846,0,0,2267820,130040,202992,5272712,16485.894,1696.562,0,84.127,0,5.008,5198,10228,1.730,1.750,1.040,2,0,207.313,0,0,18,34,5,36,0
20-08 21:22:43,2.993,1.996,93.546,0.249,0,2267588,130040,202996,5272936,11872.119,1616.476,219.521,562.773,10.976,11.974,1422,2235,1.590,1.720,1.030,1,0,23.948,0,0,18,34,5,34,0
20-08 21:22:44,1.502,0.501,96.099,0,0,2267588,130040,202996,5272936,14457.819,1621.662,0,604.620,0,2.002,1084,1685,1.590,1.720,1.030,1,0,3.003,0,0,18,34,5,34,0
20-08 21:22:45,1.249,0.250,96.889,0,0,2267584,130040,202996,5272940,14808.060,1510.272,0,0,0,0,1146,1771,1.590,1.720,1.030,0,0,2.997,0,0,18,34,5,26,0
20-08 21:22:46,1.000,0.500,96.776,0,0,2267584,130040,202996,5272940,5717.549,1566.425,0,4.001,0,1.000,1002,1749,1.590,1.720,1.030,0,0,1.000,0,0,18,34,5,26,0
20-08 21:22:47,11.773,12.024,74.646,0,0,2220172,177340,202996,5273076,15231.870,1717.368,0,0,0,0,3573,6543,1.590,1.720,1.030,2,0,177.348,0,0,18,34,5,24,0
20-08 21:22:48,14.222,16.967,66.619,0.250,0,2275576,129844,202996,5265364,9859.626,1562.929,63.874,7816.640,7.984,490.037,4682,6301,1.540,1.710,1.030,2,0,260.488,0,0,18,34,5,24,0
20-08 21:22:49,14.788,18.798,64.415,0.501,0,2285096,134396,202992,5251900,13978.884,1754.504,593.524,1712.396,32.082,290.746,4578,6515,1.540,1.710,1.030,6,0,242.623,0,0,19,34,5,20,0
20-08 21:22:50,15.958,13.963,68.320,0.499,0,2287340,131948,202992,5251736,10700.835,1615.747,247.349,295.223,11.968,11.968,3510,6602,1.540,1.710,1.030,0,0,189.501,0,0,19,34,5,20,0
20-08 21:22:51,5.000,8.000,85.003,0,0,2289540,129664,202992,5251836,14701.559,1640.062,4.000,0,1.000,0,1804,2719,1.540,1.710,1.030,1,0,97.004,0,0,21,34,5,19,0
20-08 21:22:52,16.771,16.020,66.584,0,0,2290588,128608,202992,5251852,13476.061,1588.010,0,0,0,0,4309,8265,1.540,1.710,1.030,1,0,153.194,0,0,21,34,5,19,0
20-08 21:22:53,9.246,19.992,69.223,0,0,2291492,127612,202992,5251880,6367.498,1619.364,0,0,0,0,2787,4306,1.500,1.700,1.030,1,0,284.888,0,0,21,36,5,19,0
20-08 21:22:54,10.994,19.989,67.712,0,0,2291320,127640,202992,5252032,5564.917,1615.105,0,59.967,0,10.994,2722,4138,1.500,1.700,1.030,2,0,263.854,0,0,21,36,5,18,0
20-08 21:22:55,19.780,18.027,61.342,0,0,2286380,133516,202996,5251096,14180.157,1622.421,0,2275.395,0,331.495,5028,8587,1.500,1.700,1.030,2,0,191.285,0,0,21,36,5,18,0
20-08 21:22:56,28.267,25.515,44.777,0,0,2344656,133040,203000,5194636,11344.750,1620.964,0,304.181,0,7.004,3433,5727,1.500,1.700,1.030,2,0,467.278,0,0,21,36,5,15,0
20-08 21:22:57,32.525,24.519,42.283,0,0,2392884,129072,203084,5151188,16016.445,1459.134,40.031,104.081,4.003,4.003,4170,9127,1.500,1.700,1.030,2,0,473.368,0,0,21,40,5,17,0
20-08 21:22:58,29.628,23.902,44.566,0,0,2454988,130964,203204,5088576,12894.886,1613.355,127.475,39.836,7.967,9.959,3553,5821,1.540,1.700,1.040,3,0,427.240,0,0,21,40,5,17,0
20-08 21:22:59,36.627,17.059,45.156,0,0,2520640,125296,203220,5030132,19207.419,1790.190,0,4.014,0,1.003,4755,12350,1.540,1.700,1.040,4,0,202.701,0,0,21,40,5,17,0
20-08 21:23:00,55.747,25.999,17.499,0.250,0,2641816,133252,203220,4901428,18306.975,1693.905,15.999,6571.632,3.000,427.976,4572,9469,1.540,1.700,1.040,5,0,542.970,0,0,21,40,5,12,0
20-08 21:23:01,56.489,21.496,20.746,0,0,2723000,135340,203288,4818112,6000.860,1693.678,0,307.941,0,31.994,6540,13352,1.540,1.700,1.040,5,0,228.956,0,0,21,40,5,12,0
20-08 21:23:02,70.260,24.503,3.751,0.500,0,2904940,125608,204244,4647372,6384.900,1620.228,864.122,748.105,93.013,64.009,4060,9094,1.540,1.700,1.040,8,0,575.081,0,0,21,44,5,11,0
20-08 21:23:03,57.494,26.747,11.999,2.000,0,3001236,129020,204268,4548732,13844.546,1531.839,0,25725.299,0,1909.799,11989,26567,1.900,1.780,1.070,7,0,306.968,0,0,21,44,5,11,0
20-08 21:23:04,63.783,26.764,5.503,2.501,0,3108344,138168,204372,4433612,10660.447,1620.828,0,22671.585,0,2137.092,12829,24387,1.900,1.780,1.070,5,0,358.183,0,0,21,46,5,11,0
20-08 21:23:05,77.115,19.715,2.995,0.250,0,3194824,129476,204376,4357228,14398.716,1617.160,71.874,1325.672,4.991,49.912,6513,18191,1.900,1.780,1.070,7,0,237.583,0,0,21,54,5,18,0
20-08 21:23:06,57.828,27.036,14.770,0.250,0,3309824,135700,204380,4238276,11692.762,1622.187,4.005,9669.034,1.001,601.811,6730,12104,1.900,1.780,1.070,4,0,507.684,0,0,21,63,5,21,0
20-08 21:23:07,43.712,22.480,33.471,0,0,3390852,130232,204380,4164556,16579.460,1766.451,0,8740.335,0,567.502,7416,22065,1.900,1.780,1.070,2,0,303.734,0,0,21,65,5,21,0
20-08 21:23:08,56.057,18.769,24.775,0.250,0,3516336,127184,204384,4044192,11591.777,1621.648,128.130,5617.708,10.010,418.425,7385,15139,1.910,1.780,1.070,3,0,169.172,0,0,21,66,5,24,0
20-08 21:23:09,37.711,11.988,49.699,0.749,0,3604328,134192,204404,3950108,5973.865,1618.338,683.298,6229.602,36.962,414.574,3291,4405,1.910,1.780,1.070,2,0,82.915,0,0,21,71,5,24,0
20-08 21:23:10,8.485,18.717,69.128,0,0,3615552,125448,204404,3947632,13276.540,1545.270,0,858.483,0,47.915,2927,4321,1.910,1.780,1.070,2,0,250.557,0,0,21,71,5,25,0
20-08 21:23:11,7.755,20.764,70.049,0,0,3612036,130832,204404,3945868,9602.703,1621.132,0,116.081,0,12.008,2831,4181,1.910,1.780,1.070,1,0,251.175,0,0,21,71,5,25,0
20-08 21:23:12,8.995,19.240,70.712,0,0,3611840,135140,204404,3941756,6097.701,1619.124,0,35.981,0,3.998,2626,3803,1.910,1.780,1.070,2,0,228.876,0,0,21,71,5,25,0
20-08 21:23:13,9.748,19.245,68.982,0,0,3622252,124880,204404,3941680,13722.514,1619.589,0,3.999,0,1.000,2904,4227,1.750,1.750,1.060,1,0,266.932,0,0,21,71,5,25,0
20-08 21:23:14,10.774,19.543,68.651,0,0,3622260,124712,204404,3941840,12681.837,1461.207,4.009,112.246,1.002,7.015,2928,4297,1.750,1.750,1.060,5,0,270.594,0,0,21,73,5,25,0
20-08 21:23:15,15.995,17.745,64.480,0,0,3612184,136224,204404,3940748,14582.509,1693.478,0,1655.490,0,269.917,5094,7494,1.750,1.750,1.060,0,0,201.938,0,0,21,73,5,25,0
20-08 21:23:16,26.013,21.761,50.775,0.500,0,3656508,134208,204404,3898328,5682.813,1694.839,1448.717,232.115,27.013,12.006,3287,5215,1.750,1.750,1.060,2,0,294.146,0,0,21,77,5,25,0
20-08 21:23:17,33.754,21.753,43.256,0.250,0,3715896,131412,204420,3842092,6729.861,1458.187,200.026,40.005,30.004,10.001,3412,5704,1.750,1.750,1.060,3,0,410.052,0,0,21,80,5,25,0
20-08 21:23:18,30.458,22.469,45.687,0.499,0,3797572,125388,204408,3766972,14474.952,1617.759,127.823,3359.347,11.983,398.448,8897,18022,1.770,1.760,1.070,6,0,167.768,0,0,23,95,5,25,0
20-08 21:23:19,54.092,25.043,18.782,0.250,0,3946196,123804,204356,3621700,11749.975,1622.759,685.165,5184.814,35.060,463.788,4865,7264,1.770,1.760,1.070,5,0,553.942,0,0,23,101,5,25,0
20-08 21:23:20,60.708,19.736,18.238,0,0,4025740,124580,204200,3543412,4970.595,1588.912,147.899,435.702,17.988,26.982,7644,18981,1.770,1.760,1.070,10,0,325.777,0,0,23,115,5,25,0
20-08 21:23:21,38.015,22.259,39.016,0.250,0,4105300,128832,204168,3460344,13879.580,1662.668,16.006,6646.672,4.002,524.211,5094,7634,1.770,1.760,1.070,2,0,448.180,0,0,23,117,5,25,0
20-08 21:23:22,22.748,21.748,54.745,0,0,4133820,130968,204156,3430228,8833.205,1619.854,0,283.974,0,9.999,3261,4974,1.770,1.760,1.070,1,0,375.966,0,0,24,117,5,25,0
20-08 21:23:23,13.489,19.733,65.195,0.500,0,4146276,126076,204152,3423056,14976.330,1530.705,0,527.554,0,37.968,4037,6576,1.710,1.740,1.070,15,0,271.770,0,0,24,117,5,25,0
20-08 21:23:24,25.540,18.529,54.587,0,0,4166280,129008,204144,3399912,9323.778,1622.572,0,0,0,0,4282,6982,1.710,1.740,1.070,2,0,229.364,0,0,24,117,5,25,0
20-08 21:23:25,31.491,23.243,44.987,0,0,4231192,128868,204112,3335800,5050.500,1619.519,0,255.924,0,18.994,3474,5928,1.710,1.740,1.070,2,0,404.880,0,0,24,117,5,25,0
20-08 21:23:26,38.730,21.989,37.980,0,0,4323616,123880,204068,3250272,13538.933,1619.155,19.990,3422.214,1.999,367.808,8440,17479,1.710,1.740,1.070,2,0,207.891,0,0,24,129,5,25,2
20-08 21:23:27,34.503,24.502,40.503,0,0,4395536,141516,203996,3163084,13343.001,1620.122,100.008,680.051,11.001,43.003,3823,6569,1.710,1.740,1.070,2,0,447.034,0,0,24,129,5,25,2
20-08 21:23:28,30.681,24.196,44.650,0.499,0.249,4456836,126096,203956,3118568,13810.981,1454.733,219.507,6924.448,23.946,566.727,7889,14213,1.650,1.730,1.070,1,0,609.631,0,0,24,141,5,25,2
20-08 21:23:29,15.737,20.983,61.200,0.250,0,4471616,122040,203952,3108120,11822.294,1618.671,415.659,407.665,26.978,23.980,6279,11263,1.650,1.730,1.070,1,0,388.681,0,0,24,147,5,25,2
20-08 21:23:30,22.306,18.547,58.398,0.251,0,4478364,132272,203948,3091440,13752.822,1624.112,264.670,304.772,10.025,20.051,5621,9323,1.650,1.730,1.070,3,0,168.426,0,0,24,147,5,25,2
20-08 21:23:31,46.011,9.502,43.760,0.250,0,4603316,128864,203828,2973716,16252.819,1694.398,1248.293,5433.277,18.004,493.116,3081,3654,1.650,1.730,1.070,3,0,67.016,0,0,24,147,5,25,2
20-08 21:23:32,44.745,9.249,45.495,0.250,0,4712128,130920,203700,2867244,7853.081,1619.810,551.935,159.981,49.994,8.999,2332,3210,1.650,1.730,1.070,1,0,4.000,0,0,24,152,4,24,2
20-08 21:23:33,31.469,15.485,50.200,0.250,0,4654416,188136,203700,2867740,7718.351,1618.396,319.683,603.402,3.996,45.954,4233,7160,1.760,1.750,1.080,2,0,435.568,0,0,24,155,4,24,2
20-08 21:23:34,39.267,21.509,38.517,0.250,0,4701280,138872,203704,2870440,13754.024,1620.710,836.366,384.168,38.017,34.015,7385,16073,1.760,1.750,1.080,2,0,502.220,0,0,24,169,4,19,2
20-08 21:23:35,57.340,18.279,19.781,3.506,0,4721496,130948,203612,2860572,9713.298,1514.385,51020.357,436.688,580.915,24.038,5860,12037,1.760,1.750,1.080,5,0,194.306,0,0,24,167,4,20,2
20-08 21:23:36,70.956,18.239,6.996,2.998,0,4877764,138276,203556,2701156,13847.359,1606.997,37412.655,9546.043,473.704,610.619,5631,8022,1.760,1.750,1.080,4,0,45.971,0,0,24,182,4,20,2
20-08 21:23:37,68.999,15.000,9.000,6.750,0,4872208,140776,203112,2706364,9037.846,1619.972,63170.926,1851.969,1043.982,110.998,7833,14267,1.760,1.750,1.080,4,0,57.999,0,0,24,194,4,21,2
20-08 21:23:38,51.684,25.967,20.723,2.996,0,4937812,126612,201720,2658092,14325.606,1617.923,42225.782,10047.100,434.442,438.437,7782,13903,2.260,1.860,1.120,5,0,471.395,0,0,24,193,4,26,2
20-08 21:23:39,44.559,22.780,28.037,2.253,0,4906092,142708,201648,2674096,11834.562,1459.920,37825.741,861.132,377.496,57.075,7917,15463,2.260,1.860,1.120,2,1,256.337,0,0,24,191,4,27,2
20-08 21:23:40,58.221,27.986,10.495,1.999,0,4992928,145796,201104,2587132,6224.919,1619.198,39172.610,623.691,414.795,41.979,5006,10764,2.260,1.860,1.120,3,1,522.741,0,0,24,191,4,29,2
20-08 21:23:41,62.587,27.927,6.732,1.745,0,5007600,132604,200984,2587716,10547.524,1689.599,29008.433,538.597,347.096,38.899,5887,50401,2.260,1.860,1.120,9,0,224.415,0,0,24,197,4,28,2
20-08 21:23:42,57.671,24.573,15.546,0.752,0,5040260,172636,199864,2516996,15015.596,1536.564,272.810,25435.544,20.060,1168.470,7154,17267,2.260,1.860,1.120,4,0,493.466,0,0,24,199,4,30,2
20-08 21:23:43,57.007,21.253,20.253,0,0,5123632,132068,199108,2475432,12316.552,1620.204,324.041,808.102,14.002,57.007,8353,19894,2.400,1.890,1.130,4,0,213.027,0,0,24,210,4,31,2
20-08 21:23:44,62.003,16.751,21.251,0.500,0,5210380,126192,197708,2397196,15275.703,1694.078,116.005,6536.301,7.000,633.029,5539,8004,2.400,1.890,1.130,5,0,179.008,0,0,24,205,4,32,2
20-08 21:23:45,66.731,10.997,20.744,0.500,0,5318180,129496,196048,2290388,13704.053,3091.110,939.729,799.770,69.980,60.982,6566,12351,2.400,1.890,1.130,4,0,1.999,0,0,24,212,4,39,2
20-08 21:23:46,49.942,11.237,38.205,0.499,0,5291600,176840,195680,2270268,58822.296,15725.632,267.687,655.235,17.979,68.920,4950,7772,2.400,1.890,1.130,3,0,93.890,0,0,24,220,4,39,2
20-08 21:23:47,39.762,21.756,37.511,0.250,0,5254932,212816,195680,2270928,14796.380,1714.507,500.148,684.203,7.002,54.016,5899,11861,2.400,1.890,1.130,8,0,459.136,0,0,24,223,4,40,2
20-08 21:23:48,40.493,19.247,37.994,0,0,5319072,148104,195720,2271856,6571.883,1531.740,271.954,1215.793,16.997,160.973,6521,12070,2.370,1.890,1.140,18,0,299.949,0,0,24,224,4,41,2
20-08 21:23:49,63.065,11.011,25.276,0.250,0,5348188,132336,195472,2258888,5693.842,1621.664,152.156,752.772,13.013,54.055,4676,9845,2.370,1.890,1.140,3,0,165.169,0,0,25,228,4,41,2
20-08 21:23:50,63.320,11.966,22.685,1.496,0,5493012,156184,193912,2096360,15693.337,1615.403,2113.984,1124.799,162.537,51.852,4266,7091,2.370,1.890,1.140,3,0,8.974,0,0,25,230,4,42,2
20-08 21:23:51,50.632,14.538,32.334,0,0,5507616,139600,193992,2098264,10480.301,2081.422,360.940,1183.082,32.084,103.269,4122,12198,2.370,1.890,1.140,1,0,219.572,0,0,25,230,4,45,2
20-08 21:23:52,26.912,2.492,69.024,0.249,0,5466700,180428,194000,2098344,29803.216,5038.469,3.987,534.247,0.997,36.879,3262,5533,2.370,1.890,1.140,1,0,4.984,0,0,25,231,4,46,2
20-08 21:23:53,33.008,7.502,57.764,0.500,0,5525164,129388,193440,2092032,21264283.164,97697.350,4.001,10274.456,1.000,872.208,8935,4528,2.420,1.910,1.150,3,0,0,0,0,25,231,4,46,2
20-08 21:23:54,23.520,14.512,59.800,0.751,0,5470600,190896,193260,2085636,742959.114,3404.846,2061.724,672.562,23.019,57.048,4530,8457,2.420,1.910,1.150,1,0,221.185,0,0,25,231,4,46,2
20-08 21:23:55,21.975,8.490,68.923,0,0,5529888,131564,193272,2085668,15096.077,1618.186,15.982,383.570,0.999,25.971,2466,3519,2.420,1.910,1.150,1,0,76.914,0,0,25,235,4,46,0
20-08 21:23:56,25.566,4.512,68.176,0.251,0,5538892,129680,193136,2078800,8042.726,1782.594,0,593.530,0,59.152,3662,6663,2.420,1.910,1.150,1,0,5.013,0,0,25,251,4,47,0
20-08 21:23:57,29.425,5.237,63.089,0.249,0,5566416,163824,191900,2020976,15097.411,1689.681,530.644,698.215,30.921,68.824,4323,8531,2.420,1.910,1.150,1,0,5.985,0,0,25,254,4,48,0
20-08 21:23:58,26.587,4.013,66.969,1.003,0,5568180,161636,191984,2021316,10067.872,1625.307,100.328,25511.294,8.026,313.022,5301,10202,2.310,1.900,1.150,2,0,1.003,0,0,25,257,4,50,0
20-08 21:23:59,23.719,12.983,59.673,0.749,0,5496236,215216,191944,2039692,5574.803,1617.911,95.876,21827.820,8.988,83.892,5336,10604,2.310,1.900,1.150,1,0,126.836,0,0,25,255,4,56,0
20-08 21:24:00,24.191,9.976,64.093,0,0,5548872,162236,191956,2040024,14743.907,1616.044,430.945,379.072,48.880,18.954,2984,5708,2.310,1.900,1.150,1,0,115.717,0,0,25,255,4,57,0
20-08 21:24:01,15.015,8.509,69.571,5.756,0,5548272,129612,193116,2073248,8852.091,1513.554,5133.272,3667.767,919.945,98.101,3653,5066,2.310,1.900,1.150,2,0,0,0,0,25,255,4,56,0
20-08 21:24:02,25.564,3.258,70.678,0.251,0,5547088,130208,193140,2073808,14044.364,1569.953,312.788,802.019,39.098,14.035,2067,3021,2.310,1.900,1.150,1,0,9.023,0,0,25,255,4,56,0
20-08 21:24:03,22.924,7.475,66.280,0.748,0,5553848,131480,192904,2066352,11476.942,1614.646,637.885,625.924,135.551,23.921,14765,28161,2.200,1.880,1.150,3,0,4.983,0,0,25,257,4,57,0
20-08 21:24:04,23.506,6.252,68.268,0.250,0,5564028,139108,192516,2050028,5684.495,1512.398,0,184.048,0,12.003,4505,8850,2.200,1.880,1.150,1,0,2.001,0,0,25,257,4,58,0
20-08 21:24:05,23.075,5.769,69.977,0.251,0,5565540,137596,192516,2050028,14290.329,1645.334,0,236.768,0,24.078,2122,3321,2.200,1.880,1.150,3,0,2.007,0,0,25,259,4,54,0
20-08 21:24:06,26.408,13.204,59.044,0.498,0,5487452,229720,191604,2037700,12980.788,1614.377,1530.669,318.889,151.472,22.920,3477,5689,2.200,1.880,1.150,1,0,279.028,0,0,25,259,4,54,0
20-08 21:24:07,21.256,8.252,69.519,0,0.250,5541060,176052,191616,2037748,8523.318,1512.411,0,192.052,0,12.003,2569,4297,2.200,1.880,1.150,1,0,173.047,0,0,25,259,4,48,0
20-08 21:24:08,15.795,11.784,69.951,0,0,5500052,216984,191628,2037812,12865.977,1570.514,32.092,465.337,1.003,38.110,3012,4613,2.100,1.870,1.150,1,0,168.484,0,0,25,259,4,48,0
20-08 21:24:09,12.229,18.968,67.634,0.250,0,5504688,212156,191644,2037988,10079.743,1617.231,7.986,423.275,1.997,37.935,3668,6326,2.100,1.870,1.150,2,0,278.523,0,0,25,263,4,45,0
20-08 21:24:10,8.489,13.733,75.407,0.250,0,5509272,207456,191656,2038092,13574.182,1510.129,7.990,207.743,1.998,19.975,2966,4815,2.100,1.870,1.150,0,0,225.720,0,0,25,263,4,46,0
20-08 21:24:11,8.996,2.749,86.466,0,0,5534944,181780,191660,2038092,13757.621,1565.388,0,159.937,0,13.995,1836,3019,2.100,1.870,1.150,1,0,10.996,0,0,25,265,4,45,0
20-08 21:24:12,24.772,3.753,69.812,0,0,5581296,135412,191668,2038100,5713.090,1695.511,0,100.089,0,12.011,1966,3588,2.100,1.870,1.150,1,0,0,0,0,25,267,4,45,0
20-08 21:24:13,18.288,12.025,68.141,0,0,5523536,192756,191704,2038512,21053.665,1515.142,92.191,436.906,11.023,33.069,4012,6354,1.940,1.840,1.140,2,0,169.351,0,0,25,271,4,46,0
20-08 21:24:14,11.737,17.232,67.928,0.499,0,5526884,189000,191704,2038944,17534.291,1564.331,155.834,4619.071,16.982,542.421,4336,5785,1.940,1.840,1.140,1,0,174.813,0,0,25,271,4,46,0
20-08 21:24:15,13.007,17.259,68.786,0,0,5524156,191576,191708,2039092,15984.296,1620.841,92.048,148.077,4.002,12.006,3337,4944,1.940,1.840,1.140,3,0,166.086,0,0,25,271,4,46,0
20-08 21:24:16,14.464,17.457,67.831,0.249,0,5524436,191100,191716,2039280,14114.896,1615.981,99.752,107.732,9.975,9.975,3285,4829,1.940,1.840,1.140,2,0,182.546,0,0,25,271,4,46,0
20-08 21:24:17,23.837,4.266,70.257,0,0,5586096,137452,191520,2031804,14702.798,1625.949,0,12.044,0,3.011,1948,2844,1.940,1.840,1.140,1,0,4.015,0,0,25,271,4,46,0
20-08 21:24:18,24.987,3.748,68.463,0.750,0,5635452,137436,190424,1985744,9231.024,1511.185,183.901,12365.335,8.995,490.735,3083,3655,1.860,1.820,1.140,1,0,1.999,0,0,25,275,4,46,0
20-08 21:24:19,25.675,3.739,69.298,0.249,0,5541412,231024,190436,1986184,7746.450,1615.298,19.942,307.106,1.994,27.919,2090,3430,1.860,1.820,1.140,3,0,5.983,0,0,25,273,4,46,0
20-08 21:24:20,25.753,2.500,69.757,0,0,5607316,165056,190448,1986236,5772.606,1566.164,28.003,368.039,6.001,39.004,1987,3211,1.860,1.820,1.140,2,0,4.000,0,0,25,273,4,47,0
20-08 21:24:21,26.252,4.250,68.756,0.250,0,5622164,149964,190448,1986480,14612.169,1620.130,32.003,280.022,2.000,25.002,3145,6002,1.860,1.820,1.140,5,0,3.000,0,0,25,281,4,47,0
20-08 21:24:22,25.845,4.015,70.258,0,0,5569244,202884,190448,1986480,13450.471,1700.254,0,176.650,0,9.033,1849,2603,1.860,1.820,1.140,2,0,15.055,0,0,25,275,4,47,0
20-08 21:24:23,24.207,5.740,68.627,0,0,5519144,252852,190452,1986604,14080.838,1690.978,0,40391.820,0,161.711,2676,3794,1.870,1.820,1.140,1,0,49.911,0,0,25,277,4,47,0
20-08 21:24:24,11.013,18.271,68.830,0.250,0,5528592,241976,190572,1987872,7425.614,1663.930,1541.788,1073.245,28.033,22.026,3595,5691,1.870,1.820,1.140,2,0,285.331,0,0,25,277,4,47,0
20-08 21:24:25,15.448,11.959,70.511,0.249,0,5524352,245880,190572,1988208,13692.541,1580.637,287.026,155.472,63.784,12.956,3031,4566,1.870,1.820,1.140,2,0,190.354,0,0,25,277,4,47,0
20-08 21:24:26,23.588,4.517,71.014,0.251,0,5553884,215668,190772,1988688,14759.862,1626.044,666.477,64.239,56.209,5.019,2127,2931,1.870,1.820,1.140,1,0,29.108,0,0,25,277,4,47,0
20-08 21:24:27,28.144,8.468,61.268,0.747,0,5562924,202888,190776,1992424,6023.238,1613.901,3327.426,490.148,50.808,31.880,9059,17703,1.870,1.820,1.140,2,0,37.857,0,0,25,279,4,48,0
20-08 21:24:28,23.727,3.247,71.181,0.749,0,5574072,188840,190932,1995160,15488.054,4476.680,331.680,1038.997,31.969,48.953,2671,4131,1.880,1.830,1.150,1,0,1.998,0,0,25,280,4,48,0
20-08 21:24:29,28.040,6.259,63.840,0,0,5629044,132560,190932,1996468,15682.190,1588.247,2074.936,52.074,19.027,3.004,9107,17585,1.880,1.830,1.150,2,0,9.013,0,0,25,280,4,48,0
20-08 21:24:30,20.762,5.003,72.543,0,0,5644832,133648,190552,1981684,21435.626,3709.185,112.066,268.158,19.011,10.006,2414,2763,1.880,1.830,1.150,1,0,4.002,0,0,25,281,4,48,0
20-08 21:24:31,25.466,3.745,69.908,0.250,0,5618656,168196,190728,1974408,15768.186,1737.706,87.884,870.850,21.971,21.971,1942,2927,1.880,1.830,1.150,1,0,1.997,0,0,25,280,4,48,0
20-08 21:24:32,21.256,3.001,74.021,0,0,5636832,150000,190740,1974416,15546.306,4404.220,16.004,344.095,3.001,4.001,1979,2756,1.880,1.830,1.150,0,0,4.001,0,0,25,281,4,48,0
20-08 21:24:33,28.851,3.763,66.984,0,0,5623736,163776,191144,1973548,16202.612,1812.332,40.140,1107.871,4.014,28.098,3084,5660,1.810,1.810,1.150,2,0,2.007,0,0,25,280,4,48,0
20-08 21:24:34,26.666,8.473,64.047,0.249,0,5641212,145468,191228,1974296,13352.752,1614.890,47.849,470.511,2.991,9.968,9825,18985,1.810,1.810,1.150,2,0,16.946,0,0,25,280,4,48,0
20-08 21:24:35,23.003,7.251,67.760,0,0,5646796,139736,191280,1974476,5324.756,1596.227,0,664.094,0,23.003,9612,19184,1.810,1.810,1.150,2,0,16.002,0,0,25,280,4,48,0
20-08 21:24:36,16.493,13.744,68.721,0.250,0,5550548,249012,191312,1961472,14352.857,1739.256,0,859.632,0,29.987,3149,4908,1.810,1.810,1.150,2,0,190.918,0,0,25,279,4,47,0
20-08 21:24:37,23.506,6.252,68.767,0,0,5604944,194440,191312,1961648,14529.691,1694.430,0,132.034,0,9.002,2319,3480,1.810,1.810,1.150,1,0,81.021,0,0,25,279,4,47,0
20-08 21:24:38,23.532,7.010,68.344,0.250,0,5555440,243852,191320,1961732,7919.890,1514.082,44.061,492.677,4.006,36.050,3048,5757,1.750,1.800,1.150,1,0,62.085,0,0,25,279,4,43,0
20-08 21:24:39,23.049,6.764,69.397,0,0,5597108,202012,191320,1961904,13481.527,1569.321,0,128.271,0,7.015,2239,3611,1.750,1.800,1.150,1,0,50.106,0,0,25,279,4,43,0
20-08 21:24:40,23.414,5.480,69.496,0.249,0,5547868,251228,191324,1961924,10398.971,1614.097,7.971,406.513,1.993,29.891,3037,5264,1.750,1.800,1.150,1,0,69.745,0,0,25,279,4,42,0
20-08 21:24:41,25.498,3.000,70.994,0,0,5598964,200128,191324,1961928,15590.612,1619.856,0,0,0,0,2310,3538,1.750,1.800,1.150,2,0,0,0,0,25,280,4,42,0
20-08 21:24:42,23.752,5.751,70.256,0,0,5552968,246092,191324,1961960,12500.150,1512.139,0,160.015,0,14.001,3027,4996,1.750,1.800,1.150,1,0,56.005,0,0,25,279,4,39,0
20-08 21:24:43,25.822,2.256,69.694,0,0,5589516,209328,191324,1962176,6988.449,1624.521,72.201,144.402,5.014,14.039,2544,4155,1.690,1.790,1.140,1,0,0,0,0,25,283,4,40,0
20-08 21:24:44,24.185,4.987,68.815,0.249,0,5567828,230848,191328,1962340,13300.249,1561.802,0,331.110,0,17.952,2794,4508,1.690,1.790,1.140,1,0,31.914,0,0,25,279,4,38,0
20-08 21:24:45,24.754,3.501,70.012,0,0.250,5591968,206684,191340,1962352,8660.429,1620.267,0,244.040,0,31.005,2986,5736,1.690,1.790,1.140,3,0,0,0,0,25,279,4,38,0
20-08 21:24:46,22.501,5.750,70.503,0.250,0,5575988,222640,191348,1962368,7340.279,1694.064,0,216.008,0,23.001,2168,3609,1.690,1.790,1.140,1,0,47.002,0,0,25,279,4,31,0
20-08 21:24:47,24.499,4.750,69.997,0,0,5530284,268324,191352,1962384,15001.385,1713.930,0,107.996,0,6.000,2902,5372,1.690,1.790,1.140,1,0,32.999,0,0,25,279,4,33,0
20-08 21:24:48,26.992,3.749,68.730,0,0,5590208,208348,191360,1962428,9729.179,1511.562,31.991,271.921,1.999,25.992,2364,3685,1.630,1.770,1.140,2,0,0,0,0,25,280,4,32,0
20-08 21:24:49,19.788,11.772,66.878,0.751,0,5527088,271252,191368,1962636,14487.628,1623.095,0,6111.655,0,579.104,4438,6509,1.630,1.770,1.140,1,0,139.266,0,0,25,279,4,32,0
20-08 21:24:50,12.271,20.535,65.110,0,0,5534116,264204,191376,1962648,13937.610,1622.749,0,424.719,0,32.054,3744,5644,1.630,1.770,1.140,1,0,348.591,0,0,25,279,4,31,0
20-08 21:24:51,12.699,22.161,64.988,0.249,0,5535680,262612,191384,1962668,5627.322,1613.498,39.839,322.700,3.984,29.880,3748,6026,1.630,1.770,1.140,2,0,372.499,0,0,25,279,4,31,0
20-08 21:24:52,12.504,20.507,66.273,0,0,5536520,261712,191384,1962728,14005.930,1566.551,0,212.075,0,18.006,3563,5478,1.630,1.770,1.140,1,0,350.123,0,0,25,279,4,27,0
20-08 21:24:53,13.256,21.010,64.779,0,0,5542532,255680,191384,1962748,13869.283,1694.768,0,652.295,0,48.022,3930,6124,1.660,1.780,1.150,1,0,385.174,0,0,25,279,4,27,0
20-08 21:24:54,11.281,21.810,65.430,0,0,5543088,254952,191384,1962920,13158.238,1516.176,0,613.690,0,53.146,3671,5760,1.660,1.780,1.150,1,0,357.986,0,0,25,279,4,27,0
20-08 21:24:55,9.997,21.743,66.229,0.250,0,5541016,257008,191384,1962936,17437.350,1619.475,0,251.918,0,20.993,3644,5507,1.660,1.780,1.150,1,0,334.891,0,0,25,279,4,27,0
20-08 21:24:56,12.495,20.741,66.222,0,0,5544864,253136,191384,1962960,31748.602,5034.875,0,95.960,0,10.995,3813,5758,1.660,1.780,1.150,1,0,389.835,0,0,25,279,4,26,0
20-08 21:24:57,11.502,21.254,64.511,0,0,5565704,232264,191384,1962992,16676.768,1512.251,0,144.024,0,14.002,3745,5842,1.660,1.780,1.150,2,0,363.060,0,0,25,279,4,26,0
20-08 21:24:58,11.731,22.463,64.892,0,0,5550860,247088,191384,1963012,8159.472,1617.318,0,103.828,0,7.987,3560,5643,1.770,1.800,1.160,1,0,356.409,0,0,25,279,4,23,0
20-08 21:24:59,16.992,18.741,62.222,0.500,0,5551244,245664,191388,1964048,9616.624,1565.288,983.552,1499.318,40.981,13.994,3514,5791,1.770,1.800,1.160,1,0,324.852,0,0,25,277,4,23,2
20-08 21:25:00,20.000,15.500,56.750,5.000,0,5570772,220268,191428,1979512,15409.877,1511.988,10471.916,911.993,883.993,9.000,8917,17330,1.770,1.800,1.160,1,1,220.998,0,0,25,277,4,15,2
20-08 21:25:01,24.745,3.499,69.485,1.250,0,5577876,204536,191532,1988056,10421.749,1619.650,2327.497,2479.464,141.969,11.997,2791,4377,1.770,1.800,1.160,1,0,3.999,0,0,25,277,4,15,2
20-08 21:25:02,17.545,2.256,78.200,0.251,0,5586444,195240,191556,1988752,28016.807,9989.603,573.470,1339.433,37.095,25.064,2023,2889,1.770,1.800,1.160,0,0,0,0,0,25,278,4,15,2
20-08 21:25:03,13.958,2.742,79.760,2.243,0,5585468,193980,191596,1990948,30678.535,14161.318,1419.721,1702.868,84.745,67.796,2464,3709,1.790,1.800,1.160,1,0,0,0,0,25,278,3,15,2
20-08 21:25:04,21.580,2.258,74.276,0.753,0,5604436,173596,191632,1992328,27875.586,10680.689,1100.088,1172.356,61.228,44.164,2211,3384,1.790,1.800,1.160,1,0,0,0,0,25,278,3,15,2
20-08 21:25:05,18.985,1.749,77.688,0.999,0,5616048,160996,191664,1993276,44553.268,14231.586,831.333,1626.695,64.948,66.946,2381,3708,1.790,1.800,1.160,3,0,0.999,0,0,25,278,3,13,2
20-08 21:25:06,21.457,2.994,70.858,2.246,0,5612984,148164,191368,2010196,14561.905,7138.737,15301.428,3337.332,202.595,181.637,3117,4621,1.790,1.800,1.160,1,0,1.996,0,0,25,278,3,13,2
20-08 21:25:07,22.997,6.249,68.740,0.500,0,5613828,134060,191372,2023036,5559.194,1619.765,47.993,2143.689,2.000,77.989,2477,3535,1.790,1.800,1.160,1,0,2.000,0,0,25,280,3,13,2
20-08 21:25:08,23.243,5.498,68.979,1.250,0,5637244,141748,190332,1996504,15121.358,1619.503,0,3690.867,0,167.948,2727,3976,1.720,1.790,1.160,3,0,0,0,0,25,280,3,13,2
20-08 21:25:09,24.329,5.769,68.222,1.254,0,5639828,137508,190016,1999516,13234.077,1625.290,0,2973.679,0,103.336,2684,3792,1.720,1.790,1.160,2,0,0,0,0,25,280,3,13,2
20-08 21:25:10,24.996,3.999,69.989,0.250,0,5553092,235888,190072,1987804,13492.814,1739.718,459.925,3007.513,5.999,327.947,2388,2786,1.720,1.790,1.160,2,0,2.000,0,0,25,279,3,14,2
20-08 21:25:11,20.182,2.741,74.499,0.249,0,5599448,189512,190080,1987816,15319.297,3772.269,3.987,793.323,0.997,8.970,1907,2662,1.720,1.790,1.160,1,0,6.976,0,0,25,280,3,13,2
20-08 21:25:12,24.519,3.753,70.303,0,0,5593192,189000,190184,1994148,13135.970,1761.337,0,888.675,0,8.006,1760,2664,1.720,1.790,1.160,1,0,3.002,0,0,25,279,3,13,2
20-08 21:25:13,21.264,3.252,73.548,0.250,0,5568440,206860,190456,1999920,17198.110,4720.049,0,1456.941,0,31.020,2169,3220,1.720,1.790,1.160,1,0,5.003,0,0,25,279,3,12,2
20-08 21:25:14,24.805,7.016,68.151,0,0,5576072,198516,190516,2000504,7195.982,1697.771,0,1595.544,0,14.031,9097,17781,1.670,1.770,1.160,1,0,13.029,0,0,25,279,3,12,2
20-08 21:25:15,22.923,7.724,68.521,0.249,0,5582168,192140,190560,2000676,16079.167,1614.594,0,510.292,0,8.970,9024,17954,1.670,1.770,1.160,1,0,18.937,0,0,25,279,3,12,2
20-08 21:25:16,24.252,8.251,66.756,0.500,0,5554740,232524,190592,1988620,18130.523,1662.140,776.065,884.074,20.002,23.002,2802,4273,1.670,1.770,1.160,1,0,135.011,0,0,25,279,3,12,2
20-08 21:25:17,25.012,5.253,67.283,0,0,5577200,208864,190592,1989816,6040.936,1620.788,8.004,516.251,1.000,4.002,8857,17382,1.670,1.770,1.160,1,0,11.005,0,0,25,281,3,12,2
20-08 21:25:18,20.495,3.499,73.981,0.250,0,5608292,176268,190592,1991352,28484.708,3622.073,0,139.964,0,3.999,2025,2816,1.670,1.770,1.160,1,0,4.999,0,0,25,282,3,12,2
20-08 21:25:19,25.027,4.755,69.826,0,0,5609188,170188,190624,1996312,9170.004,1795.959,0,880.961,0,10.011,1973,2987,1.610,1.760,1.160,1,0,5.005,0,0,25,281,3,12,2
20-08 21:25:20,21.231,3.497,72.685,0.500,0,5583080,189300,190740,2002404,22616.803,4646.850,0,7673.148,0,252.774,3852,6403,1.610,1.760,1.160,4,0,7.993,0,0,25,281,3,13,2
20-08 21:25:21,25.249,7.750,64.998,0,0,5593888,178204,190776,2002624,14542.549,1619.950,0,735.977,0,21.999,14910,30058,1.610,1.760,1.160,1,0,18.999,0,0,25,281,3,12,2
20-08 21:25:22,21.999,5.750,70.496,0.250,0,5550640,234740,190796,1989984,6022.687,1619.916,0,651.966,0,19.999,2046,3018,1.610,1.760,1.160,3,0,10.999,0,0,25,281,3,12,2
20-08 21:25:23,26.076,3.510,69.201,0,0,5574752,210676,190832,1989996,14127.999,1624.715,0,1022.969,0,49.143,2314,3428,1.610,1.760,1.160,2,0,8.023,0,0,25,281,3,12,2
20-08 21:25:24,24.253,6.751,69.759,0,0,5555160,230216,190844,1990036,8676.102,1620.206,0,76.010,0,5.001,2453,3903,1.560,1.750,1.160,1,0,94.012,0,0,25,281,3,12,2
20-08 21:25:25,25.675,5.235,66.805,0.249,0,5568392,200872,190900,2005356,5635.572,1453.762,0,1639.222,0,247.279,13877,26767,1.560,1.750,1.160,1,0,5.983,0,0,25,281,3,12,2
20-08 21:25:26,18.553,2.256,77.721,0.501,0,5583884,184800,190928,2005844,24370.431,7833.317,4.011,1724.914,1.003,20.057,1891,2758,1.560,1.750,1.160,2,0,2.006,0,0,25,282,3,12,2
20-08 21:25:27,16.936,1.992,79.450,0.747,0,5583860,184548,190976,2006072,30710.192,15851.225,0,1649.779,0,63.760,2082,3194,1.560,1.750,1.160,0,0,0.996,0,0,25,282,3,12,2
20-08 21:25:28,10.495,3.498,82.962,0.500,0,5583684,182944,191012,2007784,148559.217,8931.865,1151.467,919.574,14.993,42.980,2276,3504,1.560,1.750,1.160,0,0,3.998,0,0,25,283,3,12,2
20-08 21:25:29,19.268,3.003,76.821,0.250,0,5600724,164296,191060,2009280,32727.338,9072.410,1317.221,928.861,16.015,36.033,2453,3830,1.440,1.720,1.150,1,0,0,0,0,25,283,3,11,2
20-08 21:25:30,20.566,3.260,75.491,0.752,0,5601404,163700,191120,2009104,25775.430,13053.746,0,1336.273,0,51.164,2224,3146,1.440,1.720,1.150,1,0,0,0,0,25,283,3,11,2
20-08 21:25:31,18.174,1.992,77.175,0.747,0,5611544,152920,191356,2009412,296263.324,19405.342,3.983,2405.876,0.996,117.506,2721,3899,1.440,1.720,1.150,1,0,0,0,0,25,283,3,11,2
20-08 21:25:32,15.317,2.260,80.352,1.004,0,5616504,147152,191596,2009852,103246.841,17894.485,144.634,2044.969,13.057,90.396,2433,3376,1.440,1.720,1.150,3,0,0,0,0,25,283,3,11,2
20-08 21:25:33,14.951,4.734,77.745,0.997,0,5617044,151960,191424,2005444,5675998.078,50080.835,5234.840,6977.129,30.899,90.703,4214,4684,1.440,1.720,1.150,3,0,2.990,0,0,25,283,3,11,2
20-08 21:25:34,17.754,5.501,73.017,1.500,0,5627512,137008,191676,2009780,1823972.690,15434.535,4861.113,3868.886,32.007,102.023,3007,4173,1.640,1.760,1.170,1,0,2.000,0,0,25,283,3,11,2
20-08 21:25:35,27.214,7.240,64.665,0.749,0,5633952,130300,194640,2004376,9107.024,1659.817,0,21319.964,0,170.775,3894,6751,1.640,1.760,1.170,2,0,0.999,0,0,25,283,3,11,2
20-08 21:25:36,25.806,5.763,66.145,0.752,0,5647704,137284,194984,1982584,14339.389,1461.199,0,2389.230,0,105.230,2911,4132,1.640,1.760,1.170,6,0,1.002,0,0,25,283,3,13,2
20-08 21:25:37,22.972,12.235,62.923,0.999,0,5645868,136600,195280,1984444,12207.010,1618.013,0,191692.601,0,1071.684,4566,4636,1.640,1.760,1.170,2,0,6.991,0,0,25,283,3,13,2
20-08 21:25:38,22.998,5.750,69.995,0.250,0.250,5643744,141016,191232,1985812,7505.505,1619.893,0,1239.918,0,49.997,2139,3138,1.640,1.760,1.170,1,0,0,0,0,25,283,3,13,2
20-08 21:25:39,23.774,4.755,68.819,0.751,0,5649728,140956,169344,2002344,17178.299,1621.633,0,4152.181,0,111.112,2633,3947,1.590,1.740,1.170,0,1,0,0,0,25,283,3,11,2
20-08 21:25:40,22.234,3.248,74.198,0.250,0,5546432,273540,169620,1972740,23166.691,4061.141,111.921,1127.206,7.994,31.977,1979,2774,1.590,1.740,1.170,1,0,0.999,0,0,25,281,3,12,2
20-08 21:25:41,21.994,5.998,70.981,0.500,0,5607020,212728,169640,1972928,15415.976,2675.302,91.976,783.795,4.999,20.995,2161,2971,1.590,1.740,1.170,0,0,7.998,0,0,25,282,3,11,2
20-08 21:25:42,21.255,3.501,73.517,0,0,5590616,222044,169864,1979224,26083.182,2903.688,0,26546.291,0,219.052,2307,2929,1.590,1.740,1.170,1,0,2.000,0,0,25,281,3,11,2
20-08 21:25:43,22.216,3.744,73.388,0.250,0,5627072,184364,169884,1980496,40650.049,4536.087,0,778.813,0,21.967,2500,3352,1.590,1.740,1.170,4,0,3.994,0,0,25,282,3,10,2
20-08 21:25:44,24.609,7.031,67.549,0.251,0,5610584,193904,170484,1985996,30317.275,1801.981,333.477,1462.477,11.049,43.191,10360,19969,1.540,1.730,1.170,1,0,14.062,0,0,25,281,3,10,2
20-08 21:25:45,25.002,5.500,68.005,0,0,5610100,194156,170540,1986140,5851.456,1620.126,0,2124.166,0,10.001,9350,18803,1.540,1.730,1.170,1,0,10.001,0,0,25,281,3,10,2
20-08 21:25:46,22.704,6.487,69.607,0.249,0,5610568,193432,170576,1986328,22284.362,1616.689,0,778.406,0,39.918,2387,3550,1.540,1.730,1.170,1,0,9.980,0,0,25,281,3,9,2
20-08 21:25:47,23.979,5.745,69.939,0.250,0,5569572,248368,170592,1973628,30561.198,1712.498,31.972,463.593,2.997,24.978,2317,3342,1.540,1.730,1.170,1,0,6.994,0,0,25,281,3,9,2
20-08 21:25:48,21.752,3.500,70.007,2.750,0,5588232,224260,171004,1978656,25747.652,1458.150,2824.291,1268.131,343.035,205.021,3376,4820,1.540,1.730,1.170,3,0,2.000,0,0,25,282,3,7,2
20-08 21:25:49,26.487,3.498,67.968,0.250,0,5588216,223756,171036,1979144,30735.431,1619.232,43.979,2966.594,4.998,91.956,5400,10071,1.500,1.720,1.170,1,0,0,0,0,25,283,3,11,2
20-08 21:25:50,25.298,5.260,68.130,0.250,0,5590100,221236,171060,1979728,9787.704,1623.102,372.712,733.402,27.052,85.163,4408,8449,1.500,1.720,1.170,2,0,1.002,0,0,25,288,3,15,2
20-08 21:25:51,27.543,2.754,66.103,1.252,0,5596352,213452,171112,1981176,30395.143,1622.517,1213.883,1330.063,87.135,163.253,4748,8345,1.500,1.720,1.170,1,0,5.008,0,0,25,293,3,15,2
20-08 21:25:52,18.987,11.492,67.454,1.249,0,5544060,264792,171128,1982112,22910.261,1692.837,735.495,2234.465,38.973,205.859,4719,8168,1.500,1.720,1.170,1,0,164.887,0,0,25,293,3,14,2
20-08 21:25:53,13.461,17.200,67.553,0.249,0,5553104,254500,171276,1983212,21377.641,1581.387,1360.033,502.534,21.936,36.892,3580,5564,1.500,1.720,1.170,1,0,266.223,0,0,25,295,3,15,2
20-08 21:25:54,9.247,4.748,81.470,1.749,0,5549764,248992,171764,1991580,29292.250,3191.829,8612.839,3758.621,203.925,203.925,3300,5197,1.460,1.710,1.170,0,0,23.991,0,0,25,294,3,16,2
20-08 21:25:55,3.752,0.750,93.554,0,0,5549984,248768,171764,1991584,66282.576,4503.621,0,48.028,0,8.005,1872,2794,1.460,1.710,1.170,0,0,0,0,0,25,294,3,16,2
20-08 21:25:56,5.496,1.249,90.682,0,0,5549112,248768,171780,1992440,179177.438,6232.320,623.532,451.661,6.995,19.985,2173,3049,1.460,1.710,1.170,2,0,1.998,0,0,25,294,3,16,2
20-08 21:25:57,4.751,3.501,89.020,0.500,0,5523260,270612,172312,1995760,95982.404,120256.817,3376.753,964.215,58.013,13.003,2086,3290,1.460,1.710,1.170,1,0,13.003,0,0,25,293,3,16,2
20-08 21:25:58,4.501,1.750,91.266,0,0,5526504,267384,172312,1995760,27228.874,1620.290,132.024,48.009,12.002,2.000,1876,2848,1.460,1.710,1.170,2,0,0,0,0,25,293,3,16,2
20-08 21:25:59,3.499,1.000,92.979,0,0,5526216,267384,172312,1996048,29914.389,1669.631,0,0,0,0,2043,3170,1.420,1.690,1.160,0,0,0,0,0,25,293,3,16,2
20-08 21:26:00,6.754,3.752,87.549,0,0,5513716,279836,172320,1996088,25326.284,1566.884,36.020,120.068,1.001,9.005,2428,4536,1.420,1.690,1.160,1,0,34.019,0,0,25,293,3,17,1
20-08 21:26:01,3.498,1.249,93.690,0,0,5514128,279388,172320,1996124,24183.547,1618.965,0,55.964,0,3.997,1708,2602,1.420,1.690,1.160,0,0,0,0,0,25,293,3,17,1
20-08 21:26:02,3.001,1.000,92.293,0.750,0,5514104,279388,172328,1996140,13496.303,1512.706,16.007,544.254,1.000,58.027,1998,3421,1.420,1.690,1.160,0,0,0,0,0,25,293,3,16,1
20-08 21:26:03,3.249,1.249,92.962,0.500,0,5514528,278940,172340,1996152,27654.662,1565.358,0,3322.638,0,457.812,2642,3084,1.420,1.690,1.160,0,0,0,0,0,25,293,3,16,1
20-08 21:26:04,5.002,1.501,92.285,0.250,0,5514480,278940,172356,1996184,19882.476,1620.609,0,4049.523,0,207.078,2215,3814,1.390,1.680,1.160,0,0,0,0,0,25,293,3,16,1
20-08 21:26:05,3.000,1.000,93.991,0.250,0,5514480,278940,172356,1996184,30006.179,1565.853,0,175.983,0,19.998,1848,2877,1.390,1.680,1.160,1,0,1.000,0,0,25,293,3,16,1
20-08 21:26:06,3.750,1.000,92.260,0,0,5514476,278940,172356,1996188,24945.719,1512.165,0,88.010,0,12.001,2006,3192,1.390,1.680,1.160,0,0,1.000,0,0,25,293,3,16,1
20-08 21:26:07,3.749,0.750,94.481,0,0,5514728,278688,172356,1996188,30006.119,1693.668,0,39.992,0,2.000,1739,2729,1.390,1.680,1.160,1,0,1.000,0,0,25,293,3,16,1
20-08 21:26:08,3.000,1.250,93.508,0.250,0,5515644,277736,172356,1996188,29644.668,1620.146,0,11449.030,0,48.004,1885,2797,1.390,1.680,1.160,0,0,0,0,0,25,293,3,16,1
20-08 21:26:09,4.000,1.000,93.492,0,0,5515484,277736,172356,1996348,11293.995,1619.856,0,27.998,0,4.000,1647,2887,1.440,1.690,1.170,0,0,0,0,0,25,293,3,16,1
20-08 21:26:10,2.501,1.000,94.527,0,0,5515484,277736,172356,1996348,37434.744,1620.465,0,4.001,0,1.000,1724,2490,1.440,1.690,1.170,0,0,0,0,0,25,293,3,16,1
20-08 21:26:11,1.750,0.500,94.755,0,0,5515484,277736,172356,1996348,26510.352,1690.086,0,0,0,0,1583,2450,1.440,1.690,1.170,0,0,0,0,0,25,293,3,16,1
20-08 21:26:12,2.499,4.499,90.472,0,0,5511232,281988,172356,1996348,71930.342,1457.541,0,447.859,0,37.988,2107,3341,1.440,1.690,1.170,1,0,0,0,0,25,293,3,16,1
20-08 21:26:13,6.000,2.000,90.748,0.500,0,5514436,279020,172360,1996356,31181.439,1619.971,0,56918.975,0,344.994,2729,3587,1.440,1.690,1.170,1,0,0,0,0,25,293,3,16,1
20-08 21:26:14,3.750,1.250,93.243,0,0,5514400,279020,172364,1996388,5014.629,1619.880,0,179.987,0,10.999,1514,3056,1.400,1.680,1.170,0,0,0,0,0,25,293,3,16,1
20-08 21:26:15,2.999,0.750,94.457,0,0,5514400,279020,172364,1996388,30529.262,1619.271,0,47.978,0,5.997,1673,2521,1.400,1.680,1.170,2,0,0,0,0,25,293,3,16,1
20-08 21:26:16,3.754,0.751,94.102,0,0,5514396,279020,172368,1996388,25833.952,1695.835,0,84.091,0,10.011,1721,2618,1.400,1.680,1.170,0,0,0,0,0,25,293,3,16,1
20-08 21:26:17,2.249,1.250,94.471,0,0,5514396,279020,172368,1996388,23454.917,1619.511,0,0,0,0,1657,2799,1.400,1.680,1.170,0,0,1.000,0,0,25,293,3,16,1
20-08 21:26:18,2.000,1.250,93.993,0,0.250,5514396,279020,172368,1996388,26217.929,1457.885,0,1875.852,0,6.000,1678,2644,1.400,1.680,1.170,0,0,0,0,0,25,293,3,16,1
20-08 21:26:19,4.503,4.253,89.560,0.500,0,5512444,276500,172380,2000848,30333.445,1847.245,1701.147,904.610,35.024,27.018,2099,3245,1.290,1.650,1.160,0,0,0,0,0,25,293,4,16,1
20-08 21:26:20,3.248,1.249,93.447,0.250,0,5512436,276500,172384,2000852,29646.279,1693.045,0,107.939,0,12.993,1882,2940,1.290,1.650,1.160,1,0,0.999,0,0,25,293,4,16,1
20-08 21:26:21,3.499,2.000,93.228,0,0,5512652,276276,172388,2000856,9684.666,1457.649,0,111.973,0,11.997,1706,3043,1.290,1.650,1.160,0,0,1.000,0,0,25,293,4,16,1
20-08 21:26:22,3.501,0.750,94.275,0.250,0,5512896,276024,172388,2000864,29490.815,1694.449,0,180.048,0,19.005,1919,3174,1.290,1.650,1.160,0,0,0,0,0,25,293,4,16,1
20-08 21:26:23,4.499,0.500,92.975,0.500,0,5512880,276024,172404,2000864,29029.220,1693.546,0,615.835,0,23.994,1956,3043,1.290,1.650,1.160,0,0,0,0,0,25,293,4,16,1
20-08 21:26:24,3.251,1.500,92.528,0.250,0,5512848,276024,172404,2000896,26829.076,1500.452,0,1868.562,0,247.074,2378,3241,1.190,1.620,1.150,0,0,0,0,0,25,293,4,16,1
20-08 21:26:25,3.250,0.750,94.740,0,0,5512836,276024,172416,2000896,23168.451,1619.822,0,107.988,0,8.999,1616,2601,1.190,1.620,1.150,1,0,0,0,0,25,293,4,16,1
20-08 21:26:26,1.750,1.000,94.498,0.250,0,5512824,276024,172428,2000896,15285.755,1693.973,0,315.995,0,20.000,1585,2594,1.190,1.620,1.150,2,0,0,0,0,25,293,4,16,1
20-08 21:26:27,3.253,1.001,94.096,0,0,5512820,276024,172432,2000896,30574.155,324.330,0,36.037,0,6.006,1715,2692,1.190,1.620,1.150,0,0,1.001,0,0,25,293,4,16,1
20-08 21:26:28,12.735,5.244,80.408,0,0,5541448,245596,172448,2002680,248677.270,5649.509,950.907,807.073,20.976,7.991,2451,3395,1.190,1.620,1.150,0,0,22.974,0,0,25,293,4,16,1
20-08 21:26:29,14.756,5.252,78.030,0,0,5552532,232496,172452,2004692,365158.491,9765.731,1912.731,4.002,35.013,1.000,2766,4074,1.090,1.590,1.150,1,0,27.010,0,0,25,293,4,16,1
