"pcp-dstat 5.3.6 CSV Output"
"Author:","PCP team <pcp@groups.io> and Dag Wieers <dag@wieers.com>",,,,"URL:","https://pcp.io/ and http://dag.wieers.com/home-made/dstat/"
"Host:","ubuntu",,,,"User:","ubuntu"
"Cmdline:","dstat -tcmndrylpg --tcp --output /tmp/devstack_logs/dstat-csv.log",,,,"Date:","21 Aug 2024 12:31:45 UTC"
"system","total usage",,,,,"memory usage",,,,"net/total",,"dsk/total",,"io/total",,"system",,"load avg",,,"procs",,,"paging",,"tcp sockets",,,,
"time","total usage:usr","total usage:sys","total usage:idl","total usage:wai","total usage:stl","used","free","buf","cach","net/total:recv","net/total:send","dsk/total:read","dsk/total:writ","read","writ","int","csw","1m","5m","15m","run","blk","new","in","out","lis","act","syn","tim","clo"
21-08 12:31:45,,1058788,1316928,168668,5246436,,,,,,,1.390,0.890,0.530,3,0,,,,9,5,6,12,2
21-08 12:31:46,30.701,28.704,39.686,0.250,0,1050076,1320260,168712,5251344,2425489.664,25722.689,383.384,4448.855,2.995,90.854,4328,6461,1.390,0.890,0.530,3,0,552.113,0,0,9,4,6,11,2
21-08 12:31:47,32.037,22.026,44.051,0.751,0,1022440,1324152,168868,5272528,5572.509,1621.894,0,3331.892,0,107.125,3625,6910,1.430,0.900,0.540,4,0,329.385,0,0,9,4,6,11,2
21-08 12:31:48,37.024,20.763,40.776,1.251,0,1144688,1177572,170020,5396164,4858.109,1621.037,0,4134.646,0,173.111,5482,10923,1.430,0.900,0.540,3,0,252.161,0,0,10,4,6,11,2
21-08 12:31:49,23.504,8.251,66.761,0.750,0,1167468,1147008,170860,5422300,11043.889,4192.717,0,2620.448,0,79.014,1816,2536,1.430,0.900,0.540,3,0,81.014,0,0,10,4,6,11,0
21-08 12:31:50,35.880,16.694,46.595,0,0,1129328,1184564,170924,5422908,4973.409,1614.614,79.734,956.808,0.997,24.917,7393,13618,1.430,0.900,0.540,6,0,214.285,0,0,10,4,6,13,0
21-08 12:31:51,45.589,9.018,44.587,0.250,0,1199164,1113548,170940,5424056,5389.537,1623.173,0,4071.961,0,115.225,11579,21974,1.430,0.900,0.540,2,0,14.027,0,0,10,4,6,13,0
21-08 12:31:52,39.290,6.757,49.050,4.254,0,1188896,1118848,171248,5428448,6104.177,1621.641,0,14234.405,0,1247.262,6388,11950,1.640,0.960,0.560,3,1,30.030,0,0,10,6,6,13,0
21-08 12:31:53,35.550,7.955,49.223,8.452,0,1178184,1123388,171608,5434004,5507.045,1684.531,0,45205.898,0,3566.950,14993,27007,1.640,0.960,0.560,3,0,109.385,0,0,10,6,6,13,0
21-08 12:31:54,18.579,7.783,72.308,1.004,0,1119220,1182240,171684,5434024,8749.210,1701.235,0,11151.427,0,623.652,3114,4615,1.640,0.960,0.560,1,0,77.329,0,0,10,4,6,13,0
21-08 12:31:55,23.499,1.750,73.497,0.250,0,1171888,1129572,171692,5434016,7305.722,1619.938,0,647.975,0,34.999,1031,1369,1.640,0.960,0.560,1,0,0,0,0,10,4,6,13,0
21-08 12:31:56,22.942,3.491,72.815,0.249,0,1139972,1161448,171712,5434036,7808.136,1615.889,0,5031.201,0,271.310,1678,2243,1.640,0.960,0.560,3,0,9.975,0,0,10,4,6,13,0
21-08 12:31:57,23.498,2.250,73.744,0,0,1086364,1214928,171716,5434160,6350.454,1511.870,0,4.000,0,1.000,951,1139,1.590,0.960,0.560,2,0,9.999,0,0,10,4,6,13,0
21-08 12:31:58,9.524,18.045,71.428,0,0,1089352,1211900,171716,5434196,5582.929,1569.917,0,4.010,0,1.003,2352,3337,1.590,0.960,0.560,1,0,264.660,0,0,10,4,6,13,0
21-08 12:31:59,9.500,21.001,69.002,0,0,1088728,1212488,171716,5434220,7137.193,1620.044,0,28.001,0,7.000,2371,3373,1.590,0.960,0.560,2,0,260.007,0,0,10,4,6,13,0
21-08 12:32:00,15.231,19.226,64.669,0,0,1091224,1209724,171716,5434260,7252.970,1617.986,0,32080.060,0,85.893,3269,6102,1.590,0.960,0.560,3,0,219.726,0,0,10,4,6,13,0
21-08 12:32:01,38.093,12.531,48.619,0,0,1195580,1105140,171716,5434676,6082.842,1698.143,0,0,0,0,3164,5137,1.590,0.960,0.560,3,0,164.401,0,0,10,5,6,13,0
21-08 12:32:02,47.494,3.500,48.994,0,0,1258828,1041160,171780,5435440,5264.389,1619.812,0,1851.785,0,77.991,1269,1292,1.620,0.970,0.570,3,0,0,0,0,10,5,6,13,0
21-08 12:32:03,29.183,12.721,56.870,0,0,1283340,1013752,171828,5437912,5864.605,1616.308,0,1424.746,0,55.872,2052,5832,1.620,0.970,0.570,1,0,117.731,0,0,10,4,5,14,0
21-08 12:32:04,0.749,0.250,98.089,0.499,0,1283336,1013752,171832,5437912,5384.143,1509.517,0,774.726,0,28.952,695,1121,1.620,0.970,0.570,1,0,1.997,0,0,10,4,5,14,0
21-08 12:32:05,20.754,5.001,73.762,0,0,1355084,942184,171844,5437916,5420.916,1620.274,0,20195.413,0,47.008,1552,1958,1.620,0.970,0.570,2,0,21.004,0,0,10,4,5,14,0
21-08 12:32:06,22.847,2.260,73.813,0.251,0,1383332,913736,171844,5438116,6500.536,1572.662,0,4093.339,0,100.425,1201,1507,1.620,0.970,0.570,2,0,1.004,0,0,10,8,5,14,0
21-08 12:32:07,22.689,3.740,71.309,1.247,0,1320448,976480,171920,5438164,4823.069,1615.668,0,3538.513,0,317.150,2993,5060,1.570,0.970,0.570,2,0,41.888,0,0,10,4,5,16,0
21-08 12:32:08,23.209,2.995,73.122,0.250,0,1357888,938456,171928,5438680,5013.212,1617.165,0,978.285,0,22.960,1596,2416,1.570,0.970,0.570,2,0,0.998,0,0,10,16,5,16,0
21-08 12:32:09,20.221,6.990,71.648,0.499,0,1342576,953388,171936,5438940,5970.528,1617.704,231.671,1190.311,57.918,17.974,1644,2233,1.570,0.970,0.570,2,0,50.928,0,0,10,28,5,16,0
21-08 12:32:10,19.798,7.518,71.925,0,0,1307568,988500,171936,5438940,6325.364,1623.945,0,32927.982,0,66.161,1788,2481,1.570,0.970,0.570,2,0,70.170,0,0,10,28,5,16,0
21-08 12:32:11,40.318,9.767,49.083,0,0,1431808,864080,171936,5438976,4901.303,1696.875,0,905.534,0,7.012,1693,2431,1.570,0.970,0.570,3,0,86.146,0,0,10,29,5,16,0
21-08 12:32:12,44.566,15.773,38.307,0.250,0,1378428,917248,171936,5439172,7740.433,1588.346,0,1289.905,0,182.269,4974,10260,1.610,0.990,0.580,6,0,353.522,0,0,10,28,5,18,0
21-08 12:32:13,81.338,15.767,2.753,0,0,1584864,710768,171940,5439212,7669.291,1567.695,0,16.017,0,4.004,3114,6020,1.610,0.990,0.580,6,0,215.233,0,0,10,31,5,18,0
21-08 12:32:14,71.646,14.729,12.482,0.250,0,1445080,850272,171944,5439444,6000.264,1691.537,0,467.320,0,39.942,5061,10775,1.610,0.990,0.580,3,0,211.692,0,0,10,29,5,18,0
21-08 12:32:15,33.613,8.466,58.014,0,0,1350976,944428,171948,5439584,6576.215,1613.429,0,19659.925,0,547.769,4123,6407,1.610,0.990,0.580,3,0,109.554,0,0,10,28,5,18,0
21-08 12:32:16,27.001,5.750,67.003,0,0,1390064,905288,171952,5439616,43472.261,1620.084,0,120.006,0,6.000,2298,4652,1.610,0.990,0.580,2,0,34.002,0,0,10,29,5,19,0
21-08 12:32:17,19.249,7.000,72.748,0.250,0,1369788,925540,171964,5439628,6562.790,1619.948,0,499.984,0,33.999,1569,2287,1.560,0.990,0.580,2,0,67.998,0,0,10,28,5,18,0
21-08 12:32:18,19.787,7.765,71.634,0.250,0,1331860,963464,171976,5439620,6584.352,1697.184,0,2428.556,0,35.066,2365,3939,1.560,0.990,0.580,3,0,72.135,0,0,10,28,5,18,0
21-08 12:32:19,9.265,20.783,68.109,0,0,1329748,965548,171976,5439648,4829.699,1514.414,0,180.287,0,8.013,2350,3088,1.560,0.990,0.580,2,0,308.492,0,0,10,28,5,18,0
21-08 12:32:20,28.277,27.526,43.542,0,0,1398940,896344,171984,5439652,7643.315,1889.809,0,62511.824,0,185.177,3371,5473,1.560,0.990,0.580,8,0,600.575,0,0,10,28,6,18,0
21-08 12:32:21,82.593,13.474,3.743,0,0,1604840,690316,171988,5439700,5227.042,1636.882,0,562.928,0,35.932,3558,5964,1.560,0.990,0.580,5,0,57.890,0,0,10,31,6,17,0
21-08 12:32:22,77.631,14.024,7.262,0,0,1471368,823420,171996,5440056,5673.566,1622.736,0,3069.175,0,179.302,7145,15205,1.910,1.080,0.610,7,0,120.203,0,0,10,29,6,17,0
21-08 12:32:23,82.767,13.503,3.001,0,0,1587092,707372,171996,5440432,5154.062,1694.349,0,308.063,0,21.004,5010,8799,1.910,1.080,0.610,7,0,190.039,0,0,10,32,6,17,0
21-08 12:32:24,82.338,12.263,5.756,0,0,1504548,789648,171996,5440664,8127.672,1621.730,0,224.239,0,11.012,7859,16105,1.910,1.080,0.610,6,0,123.131,0,0,10,28,6,17,0
21-08 12:32:25,42.023,11.687,45.007,0,0,1360872,933092,172012,5440876,6517.765,1736.612,0,2303.547,0,44.758,4699,8775,1.910,1.080,0.610,3,0,176.048,0,0,10,28,6,18,0
21-08 12:32:26,44.695,6.277,48.713,0.251,0,1446736,847192,172028,5440888,9070.648,1592.963,0,417.826,0,23.101,2767,4968,1.910,1.080,0.610,4,0,0,0,0,10,29,6,18,0
21-08 12:32:27,55.452,18.153,26.607,0.249,0,1459068,834788,172028,5440960,7980.162,1684.955,0,214.847,0,13.925,3817,6883,1.920,1.090,0.620,4,0,375.982,0,0,10,28,6,17,0
21-08 12:32:28,62.834,11.561,25.888,0,0,1387964,905584,172068,5441224,10785.324,1703.052,0,466.479,0,46.246,5201,11241,1.920,1.090,0.620,5,0,229.218,0,0,10,28,6,18,0
21-08 12:32:29,85.281,11.004,4.252,0,0,1575664,717684,172076,5441400,5864.158,1566.577,0,184.068,0,9.003,2145,3341,1.920,1.090,0.620,3,0,30.011,0,0,10,31,6,18,0
21-08 12:32:30,68.722,16.243,14.744,0.250,0,1408392,884884,172096,5441444,9320.188,1619.338,0,703.712,0,42.982,5917,13968,1.920,1.090,0.620,6,0,316.870,0,0,10,28,6,21,0
21-08 12:32:31,64.745,8.249,27.498,0,0,1512944,779888,172104,5441880,5581.609,1619.887,0,287.980,0,20.999,3783,8163,1.920,1.090,0.620,4,2,7.000,0,0,10,30,6,24,0
21-08 12:32:32,57.265,16.681,26.889,0.249,0,1463732,829056,172132,5441896,5299.220,1613.369,0,509.904,0,39.836,3625,6190,2.010,1.120,0.630,4,0,297.776,0,0,10,28,6,26,0
21-08 12:32:33,58.493,10.544,30.376,0,0,1401448,891092,172132,5442140,4466.563,1518.310,0,309.285,0,25.104,4602,11039,2.010,1.120,0.630,3,0,98.409,0,0,10,28,6,24,0
21-08 12:32:34,60.222,13.744,25.238,0,0,1515156,777032,172144,5442516,5795.299,1661.226,0,235.890,0,14.993,2066,2924,2.010,1.120,0.630,4,0,190.911,0,0,10,29,6,24,0
21-08 12:32:35,63.031,10.255,26.263,0.250,0,1432576,859232,172184,5442852,11995.830,1694.824,0,1456.708,0,56.027,3922,8876,2.010,1.120,0.630,4,0,112.054,0,0,10,28,6,22,0
21-08 12:32:36,59.946,10.740,27.975,0.250,0,1461464,830292,172204,5442880,13875.401,1692.463,0,407.630,0,40.963,4393,9259,2.010,1.120,0.630,5,0,59.946,0,0,10,29,6,23,0
21-08 12:32:37,74.806,20.515,3.252,0,0,1554780,736756,172264,5443036,6396.791,1621.214,0,6592.938,0,296.222,3067,5349,2.250,1.190,0.660,8,0,421.316,0,0,10,29,6,23,0
21-08 12:32:38,83.260,12.752,2.500,0,0,1514080,777168,172300,5443256,5539.692,1566.196,0,680.085,0,47.006,5324,9894,2.250,1.190,0.660,8,0,225.028,0,0,10,28,6,23,0
21-08 12:32:39,81.496,15.499,2.250,0,0,1635564,655572,172312,5443344,5059.767,1619.925,0,287.987,0,20.999,3288,6280,2.250,1.190,0.660,8,0,208.990,0,0,10,29,6,23,0
21-08 12:32:40,75.988,16.997,5.249,0,0,1541836,749068,172320,5443564,6483.002,1511.767,0,347.946,0,19.997,6481,15678,2.250,1.190,0.660,7,0,294.955,0,0,10,28,6,23,0
21-08 12:32:41,52.552,24.524,20.770,0,0,1462640,827848,172320,5443972,5812.702,1621.591,0,788.774,0,13.013,5670,12801,2.250,1.190,0.660,5,0,688.676,0,0,10,29,6,23,0
21-08 12:32:42,15.951,27.167,56.826,0,0,1334536,955896,172332,5444012,7034.439,1688.824,0,175.462,0,9.969,3398,5661,2.230,1.200,0.660,3,0,525.390,0,0,10,28,6,20,0
21-08 12:32:43,15.284,27.061,57.128,0,0,1353420,937004,172344,5444008,5042.300,1623.639,0,172.386,0,14.031,2882,4538,2.230,1.200,0.660,5,0,521.168,0,0,10,28,6,20,0
21-08 12:32:44,73.842,22.778,3.254,0,0,1543156,747208,172348,5444064,5302.575,1622.011,0,516.641,0,42.052,3217,7084,2.230,1.200,0.660,8,0,625.776,0,0,10,29,6,20,0
21-08 12:32:45,79.404,16.979,3.246,0,0,1500860,789436,172356,5444120,7950.348,1711.922,0,567.311,0,47.942,4583,9012,2.230,1.200,0.660,7,0,408.504,0,0,10,29,6,20,0
21-08 12:32:46,83.537,14.506,1.501,0,0,1508968,780940,172360,5444496,42212.869,1566.700,0,1748.782,0,64.029,4486,8603,2.230,1.200,0.660,8,0,203.091,0,0,10,30,6,20,0
21-08 12:32:47,82.241,11.999,5.249,0,0,1630960,658752,172368,5444672,5767.383,1511.838,0,327.965,0,20.998,6972,17547,2.530,1.280,0.690,7,0,60.993,0,0,10,29,6,21,0
21-08 12:32:48,81.967,13.994,3.749,0,0.250,1637308,652096,172392,5444948,5554.795,1619.357,0,435.827,0,34.986,8820,18480,2.530,1.280,0.690,8,0,69.972,0,0,10,30,6,20,0
21-08 12:32:49,79.384,17.474,2.746,0,0,1629936,659324,172416,5445016,5052.588,1617.627,0,1605.645,0,40.940,4746,10600,2.530,1.280,0.690,7,0,99.854,0,0,10,29,6,20,0
21-08 12:32:50,78.864,15.022,5.758,0,0,1654560,634400,172436,5445284,10529.162,2876.142,0,885.275,0,33.048,5715,15213,2.530,1.280,0.690,4,0,30.043,0,0,10,33,6,20,0
21-08 12:32:51,79.794,12.757,7.254,0.250,0,1603916,684148,172532,5446072,147418.670,10939.060,0,1448.803,0,62.034,6944,18572,2.530,1.280,0.690,8,0,160.089,0,0,10,32,6,21,0
21-08 12:32:52,79.729,13.246,5.748,0,0,1614272,671968,172748,5447412,159932.298,5269.593,0,1235.670,0,46.987,4916,10227,2.810,1.360,0.720,8,0,95.974,0,0,10,30,6,19,0
21-08 12:32:53,84.604,11.979,2.995,0,0,1663564,622292,172844,5447572,29467.228,5778.044,0,1070.156,0,59.897,5581,11725,2.810,1.360,0.720,8,0,54.905,0,0,10,31,6,19,0
21-08 12:32:54,81.224,13.496,4.998,0,0,1609776,675408,173012,5448016,29716.372,8027.399,0,1267.589,0,56.982,5591,13421,2.810,1.360,0.720,5,0,132.957,0,0,10,31,6,19,0
21-08 12:32:55,83.138,13.522,3.255,0,0,1620132,664108,173136,5448708,55963.956,5305.813,0,817.358,0,32.053,3584,9698,2.810,1.360,0.720,6,0,106.176,0,0,10,32,6,19,0
21-08 12:32:56,79.262,14.002,6.251,0,0,1607192,676612,173248,5448952,21431.279,6420.982,0,1320.202,0,76.012,5111,13299,2.810,1.360,0.720,8,0,127.019,0,0,10,32,6,19,0
21-08 12:32:57,83.254,12.501,4.250,0,0,1640452,642860,173392,5449212,27470.291,7985.375,0,1440.068,0,82.004,5176,10402,2.980,1.420,0.750,6,0,90.004,0,0,10,31,6,19,0
21-08 12:32:58,78.264,14.753,7.001,0,0,1551616,729320,173472,5451324,324568.475,6628.153,0,864.150,0,25.004,7323,15060,2.980,1.420,0.750,6,0,108.019,0,0,10,31,6,19,0
21-08 12:32:59,83.749,12.500,3.250,0,0,1653500,624112,173616,5454448,1426037.166,21408.807,0,2603.977,0,58.999,6497,11180,2.980,1.420,0.750,7,0,71.999,0,0,10,32,6,19,0
21-08 12:33:00,81.999,12.000,5.750,0,0,1541060,729688,174000,5459784,6356.911,2428.966,0,839.988,0,37.999,5923,13451,2.980,1.420,0.750,8,0,101.999,0,0,10,31,6,19,0
21-08 12:33:01,83.746,13.749,2.500,0,0,1603916,666224,174160,5460148,21980.033,5552.756,0,1483.935,0,61.997,2972,9114,2.980,1.420,0.750,8,0,143.994,0,0,10,30,6,19,0
21-08 12:33:02,79.748,11.750,8.750,0,0,1496012,773636,174264,5460440,22049.316,7214.776,0,1143.965,0,58.998,4136,12545,3.060,1.460,0.760,5,0,114.996,0,0,10,30,6,19,0
21-08 12:33:03,82.760,12.962,3.490,0,0,1607052,661960,174388,5460872,53141.050,4895.817,0,769.770,0,35.896,4575,8295,3.060,1.460,0.760,6,0,69.798,0,0,10,31,6,19,0
21-08 12:33:04,77.787,15.557,6.524,0.251,0,1466628,801752,174516,5461252,68638.413,5362.799,0,1340.951,0,75.278,4242,10362,3.060,1.460,0.760,5,0,241.893,0,0,10,30,6,18,0
21-08 12:33:05,84.421,10.990,3.746,0,0,1634656,630936,174688,5463652,1196085.268,15223.735,0,1302.779,0,65.938,3565,6965,3.060,1.460,0.760,4,0,0.999,0,0,10,33,6,19,0
21-08 12:33:06,78.740,14.248,6.499,0.250,0,1529020,694872,175004,5503768,20597555.306,114705.662,0,25680.790,0,161.980,8308,8691,3.060,1.460,0.760,5,1,156.980,0,0,10,30,6,20,0
21-08 12:33:07,77.309,14.761,7.506,0,0,1598964,610984,175200,5516840,6595317.418,18573.209,0,8378.409,0,116.089,6344,10630,3.220,1.520,0.790,7,0,63.048,0,0,10,31,6,20,0
21-08 12:33:08,79.201,17.489,3.498,0,0,1590156,619212,175296,5517320,5016.910,1619.003,0,7223.550,0,211.869,2848,4084,3.220,1.520,0.790,6,0,194.880,0,0,10,32,6,18,0
21-08 12:33:09,81.988,12.422,5.714,0,0,1623212,584872,175332,5518468,4855.676,1502.616,71.553,930.191,0.994,20.870,5212,11686,3.220,1.520,0.790,7,0,62.609,0,0,10,35,6,18,0
21-08 12:33:10,83.782,13.586,2.013,0,0,1546364,661396,175428,5518596,5278.487,1575.998,0,676.290,0,37.236,3170,6888,3.220,1.520,0.790,6,0,178.130,0,0,10,35,6,18,0
21-08 12:33:11,82.266,14.503,3.001,0,0,1539216,666984,175480,5520056,5310.004,1620.306,0,824.156,0,51.010,3601,9079,3.220,1.520,0.790,8,0,159.030,0,0,10,35,6,18,0
21-08 12:33:12,80.989,16.248,2.750,0,0,1555104,641128,176200,5527764,7096.042,1619.781,0,1219.835,0,27.996,3505,8433,3.440,1.600,0.810,7,0,187.975,0,0,10,34,6,16,0
21-08 12:33:13,73.488,14.748,10.748,0.250,0,1474900,720924,176256,5528192,6330.949,1619.731,0,1019.831,0,55.991,4930,13407,3.440,1.600,0.810,7,0,167.972,0,0,10,34,6,17,0
21-08 12:33:14,87.507,11.001,2.000,0,0,1576260,615984,176288,5531772,8163.645,1620.128,0,976.077,0,44.003,2219,3221,3.440,1.600,0.810,8,0,88.007,0,0,10,35,6,17,0
21-08 12:33:15,77.239,13.998,6.749,0.750,0,1523756,590828,177732,5601728,6258.149,1693.770,0,6111.169,0,241.967,4981,13789,3.440,1.600,0.810,5,0,98.987,0,0,10,35,6,18,0
21-08 12:33:16,68.614,18.463,11.228,0.250,0,1522388,535460,189520,5634748,43381.757,1582.853,0,19046.136,0,327.349,4105,10657,3.440,1.600,0.810,5,0,232.538,0,0,10,35,6,20,0
21-08 12:33:17,66.647,8.769,24.554,0.251,0,1529276,518720,190516,5641808,8005.693,1623.588,0,3026.689,0,57.126,1864,2347,3.410,1.620,0.830,4,0,36.080,0,0,10,34,6,20,0
21-08 12:33:18,61.634,13.420,24.355,0,0,1461940,585784,190520,5642040,5717.035,1556.751,0,572.598,0,27.835,8402,23981,3.410,1.620,0.830,6,0,80.522,0,0,10,34,6,22,0
21-08 12:33:19,62.627,11.821,24.900,0,0,1526564,549120,190520,5614420,6306.917,1762.597,0,587.532,0,25.151,2455,4865,3.410,1.620,0.830,5,0,0,0,0,10,32,6,23,2
21-08 12:33:20,52.970,20.238,25.236,0,0,1467588,626560,190524,5597556,7191.886,1834.950,0,1311.250,0,34.980,3197,5728,3.410,1.620,0.830,5,0,488.720,0,0,10,32,6,23,0
21-08 12:33:21,72.784,15.507,11.755,0.250,0,1413652,667712,190528,5610160,6817.150,1620.749,76.035,1908.882,1.000,33.015,5822,14592,3.410,1.620,0.830,4,0,203.094,0,0,10,32,6,23,0
21-08 12:33:22,45.302,24.145,29.372,0,0,1471876,609120,190528,5610572,5552.784,1654.783,0,378.350,0,18.918,3357,5009,3.370,1.640,0.840,3,0,566.529,0,0,10,33,6,24,0
21-08 12:33:23,42.159,11.794,46.927,0,0,1369788,709868,190528,5611912,6775.557,1592.005,0,353.333,0,23.087,3618,9232,3.370,1.640,0.840,4,0,144.545,0,0,10,32,6,27,0
21-08 12:33:24,28.399,13.950,57.296,0.249,0,1411732,667608,190532,5612224,8274.592,1614.263,0,298.938,0,22.919,2348,4068,3.370,1.640,0.840,3,0,230.182,0,0,10,32,6,27,0
21-08 12:33:25,18.243,8.747,72.222,0,0,1373280,706060,190532,5612240,5362.898,1693.336,0,243.904,0,17.993,1537,2020,3.370,1.640,0.840,2,0,98.961,0,0,10,32,6,27,0
21-08 12:33:26,21.246,5.249,72.988,0.250,0,1341996,737340,190532,5612244,6187.979,1565.742,0,303.950,0,25.996,1897,3340,3.370,1.640,0.840,2,0,22.996,0,0,10,32,6,28,0
21-08 12:33:27,20.317,6.271,72.740,0,0,1394264,685044,190536,5612268,7966.265,1625.359,0,224.741,0,13.043,1397,1713,3.180,1.630,0.840,1,0,71.235,0,0,10,32,6,27,0
21-08 12:33:28,22.701,2.994,73.094,0,0,1332468,746684,190536,5612424,5501.238,1616.544,0,327.300,0,26.942,2377,5097,3.180,1.630,0.840,2,0,8.981,0,0,10,32,6,27,0
21-08 12:33:29,23.027,3.754,73.586,0.250,0,1396952,682192,190536,5612432,9710.283,1621.885,0,176.205,0,8.009,1275,1787,3.180,1.630,0.840,2,0,21.024,0,0,10,33,6,26,0
21-08 12:33:30,21.954,5.239,72.349,0,0,1342696,736432,190536,5612448,8084.177,1508.860,0,211.560,0,11.975,3152,6106,3.180,1.630,0.840,2,0,55.884,0,0,10,32,6,27,0
21-08 12:33:31,23.505,3.501,72.766,0.500,0,1403664,675448,190536,5612464,6300.418,1620.365,0,2004.451,0,134.030,1593,2482,3.180,1.630,0.840,2,0,0,0,0,10,32,6,24,0
21-08 12:33:32,18.494,8.247,72.475,0,0,1375360,703732,190548,5612472,5047.249,1693.412,0,215.925,0,19.993,1738,2734,3.090,1.640,0.850,2,0,90.968,0,0,10,32,6,24,0
21-08 12:33:33,23.464,3.744,72.639,0.250,0,1405460,673492,190548,5612612,6107.680,1617.532,0,203.689,0,18.971,1901,3286,3.090,1.640,0.850,2,0,0,0,0,10,32,5,19,0
21-08 12:33:34,18.292,8.520,72.167,0,0,1389268,689680,190548,5612616,5252.164,1611.733,0,116.269,0,8.019,1442,1812,3.090,1.640,0.850,2,0,101.234,0,0,10,32,5,19,0
21-08 12:33:35,19.794,6.014,72.413,0,0,1346244,732696,190552,5612620,13663.702,1623.648,0,272.613,0,26.059,2254,3799,3.090,1.640,0.850,2,0,73.164,0,0,10,32,5,19,0
21-08 12:33:36,22.183,3.988,73.776,0,0,1401732,677176,190556,5612648,5968.896,1615.101,0,175.468,0,6.979,1036,1274,3.090,1.640,0.850,3,0,20.936,0,0,10,33,5,19,0
21-08 12:33:37,23.515,3.752,71.796,0.250,0,1355152,723704,190564,5612692,5485.494,1512.964,0,2073.321,0,63.040,2752,5546,2.920,1.630,0.850,2,0,30.019,0,0,10,32,5,18,0
21-08 12:33:38,23.251,2.250,73.504,0.250,0,1397980,680864,190564,5612704,8027.450,1620.091,0,72.004,0,7.000,1552,3075,2.920,1.630,0.850,2,0,0,0,0,10,33,5,18,0
21-08 12:33:39,17.055,12.792,69.476,0,0,1342684,735840,190564,5613024,8550.824,1625.289,0,4863.827,0,229.748,3145,5107,2.920,1.630,0.850,2,0,285.930,0,0,10,32,5,18,0
21-08 12:33:40,38.759,9.752,50.512,0.250,0,1460204,617996,190568,5613344,6711.564,1620.378,0,444.103,0,25.006,2093,3010,2.920,1.630,0.850,3,0,201.047,0,0,10,32,5,20,0
21-08 12:33:41,38.917,7.983,46.900,4.241,0,1537656,537132,190740,5616524,5475.272,1636.495,0,9052.609,0,834.213,5681,9879,2.920,1.630,0.850,3,0,43.906,0,0,10,36,5,20,0
21-08 12:33:42,37.110,11.033,39.869,10.281,0,1497628,572572,191312,5620540,5777.187,1699.055,0,150319.200,0,3812.342,16573,27675,3.010,1.670,0.860,3,0,94.280,0,0,10,36,5,20,0
21-08 12:33:43,43.282,8.457,44.029,5.224,0,1494956,574424,191748,5620904,5205.815,1611.892,0,24620.161,0,2074.565,9464,16427,3.010,1.670,0.860,3,0,15.920,0,0,10,32,5,20,0
21-08 12:33:44,45.948,4.268,47.956,0.251,0,1495264,574064,191772,5620932,5351.036,1592.857,0,1406.053,0,185.800,2431,3514,3.010,1.670,0.860,3,0,4.017,0,0,10,34,5,20,0
21-08 12:33:45,36.787,10.260,42.793,10.010,0,1542756,525724,192148,5621412,9206.298,1715.733,0,26570.837,0,2486.511,15490,27735,3.010,1.670,0.860,2,0,2.002,0,0,10,34,5,20,0
21-08 12:33:46,31.964,7.991,57.684,2.247,0,1426440,641956,192264,5621376,43730.104,1660.106,0,13640.436,0,870.007,4267,6769,3.010,1.670,0.860,3,0,98.887,0,0,10,32,5,20,0
21-08 12:33:47,22.896,3.733,72.172,0.249,0,1470068,598612,192268,5621452,5995.725,1612.664,0,24827.062,0,255.836,1629,1675,2.850,1.660,0.860,3,0,1.991,0,0,10,32,5,20,0
21-08 12:33:48,22.996,2.750,73.737,0,0,1428832,639828,192268,5621472,6112.924,1693.702,0,111.980,0,9.998,989,1234,2.850,1.660,0.860,5,0,1.000,0,0,10,32,5,20,0
21-08 12:33:49,23.129,3.017,73.661,0,0,1466380,602280,192268,5621472,4701.200,1574.776,0,84.471,0,12.067,1071,1347,2.850,1.660,0.860,2,0,2.011,0,0,10,32,5,20,0
21-08 12:33:50,23.194,2.494,73.821,0,0,1443628,625012,192272,5621488,5867.800,1841.543,0,299.276,0,9.976,1052,1377,2.850,1.660,0.860,3,0,2.993,0,0,10,32,6,20,0
21-08 12:33:51,23.038,2.755,73.622,0,0,1361584,707004,192272,5621536,7097.761,1588.632,0,4.007,0,1.002,950,1105,2.850,1.660,0.860,2,0,1.002,0,0,10,32,6,19,0
21-08 12:33:52,23.144,2.489,73.913,0,0,1440828,627760,192272,5621536,4533.314,1612.642,0,0,0,0,791,1106,2.700,1.650,0.870,2,0,1.991,0,0,10,32,6,19,0
21-08 12:33:53,22.501,3.250,74.002,0,0,1366324,702212,192272,5621584,5033.126,1694.042,0,44.001,0,2.000,854,1105,2.700,1.650,0.870,2,0,1.000,0,0,10,32,6,19,0
21-08 12:33:54,23.498,2.500,73.493,0,0,1436628,631904,192272,5621588,8406.176,1619.841,0,0,0,0,965,1191,2.700,1.650,0.870,2,0,2.000,0,0,10,32,6,19,0
21-08 12:33:55,23.358,2.009,73.338,0.502,0,1365852,702580,192280,5621680,6021.736,1669.691,0,538.480,0,31.143,1198,1583,2.700,1.650,0.870,2,0,3.014,0,0,10,32,6,19,0
21-08 12:33:56,23.027,2.753,73.837,0,0,1368476,699924,192280,5621712,5417.371,1683.980,0,0,0,0,929,1105,2.700,1.650,0.870,3,0,1.001,0,0,10,32,6,19,0
21-08 12:33:57,22.871,3.232,73.833,0,0,1446324,622076,192280,5621712,8430.410,1577.097,0,3.978,0,0.994,1031,1193,2.560,1.630,0.870,3,0,1.989,0,0,10,32,6,19,0
21-08 12:33:58,23.606,1.758,74.334,0,0,1375064,693316,192280,5621732,6094.370,1701.642,0,0,0,0,890,1074,2.560,1.630,0.870,2,0,1.005,0,0,10,32,6,19,0
21-08 12:33:59,23.503,2.000,74.260,0,0,1379908,688440,192280,5621764,5581.754,1620.219,0,8.001,0,1.000,903,1120,2.560,1.630,0.870,2,0,1.000,0,0,10,32,6,19,0
21-08 12:34:00,23.152,2.738,73.440,0,0,1455228,613120,192280,5621764,5739.738,1613.181,0,402.299,0,79.663,1017,1126,2.560,1.630,0.870,2,0,1.992,0,0,10,32,6,19,0
21-08 12:34:01,18.265,8.006,72.809,0,0,1361180,707164,192280,5621764,5665.572,1621.308,0,120.097,0,2.002,1644,2373,2.560,1.630,0.870,3,0,160.129,0,0,10,32,6,19,0
21-08 12:34:02,10.254,19.758,69.527,0,0,1364852,703332,192280,5621916,5267.075,1620.639,0,1012.399,0,11.004,2979,4604,2.440,1.620,0.870,4,0,455.179,0,0,10,32,6,19,0
21-08 12:34:03,10.029,19.054,70.200,0,0,1364044,703980,192280,5622072,5676.154,1624.624,0,292.833,0,7.020,2856,4566,2.440,1.620,0.870,2,0,404.150,0,0,10,32,6,19,0
21-08 12:34:04,10.251,19.002,71.008,0,0,1373640,694312,192280,5622128,5743.661,1458.168,0,0,0,0,2718,4056,2.440,1.620,0.870,2,0,359.041,0,0,10,32,6,19,0
21-08 12:34:05,22.675,4.236,73.257,0,0,1449476,618488,192280,5622112,5625.363,1614.651,0,494.362,0,36.878,1259,1685,2.440,1.620,0.870,2,0,1.993,0,0,10,32,6,19,0
21-08 12:34:06,23.078,2.258,73.750,0,0,1385160,682780,192280,5622136,4797.277,1774.019,0,16.054,0,1.003,840,1030,2.440,1.620,0.870,2,0,1.003,0,0,10,32,6,18,0
21-08 12:34:07,22.026,2.753,74.087,0,0,1464532,603428,192280,5622116,4553.323,1621.896,0,0,0,0,826,1139,2.320,1.610,0.870,2,0,2.002,0,0,10,32,6,18,0
21-08 12:34:08,22.883,2.985,73.873,0,0,1387984,679956,192280,5622136,8070.791,1611.770,0,19.898,0,0.995,884,1083,2.320,1.610,0.870,2,0,0.995,0,0,10,32,6,17,0
21-08 12:34:09,23.003,3.750,73.259,0,0,1465616,602340,192280,5622120,5279.681,1620.209,0,4.001,0,1.000,960,1185,2.320,1.610,0.870,3,0,5.001,0,0,10,32,6,17,0
21-08 12:34:10,22.081,3.011,74.022,0,0,1392104,675836,192280,5622136,6219.864,1625.977,0,16.059,0,1.004,930,1117,2.320,1.610,0.870,2,0,4.015,0,0,10,32,6,17,0
21-08 12:34:11,23.250,2.750,74.251,0.250,0,1463932,604016,192280,5622128,7692.077,1566.016,0,56.001,0,3.000,977,1206,2.320,1.610,0.870,2,0,2.000,0,0,10,32,6,17,0
21-08 12:34:12,23.661,1.743,73.475,0,0,1406396,661536,192280,5622144,5853.057,1580.076,0,11.955,0,0.996,920,1088,2.220,1.600,0.870,2,0,0.996,0,0,10,32,6,17,0
21-08 12:34:13,22.747,2.750,73.741,0,0,1470140,597812,192280,5622124,5902.292,1619.806,0,0,0,0,881,1104,2.220,1.600,0.870,2,0,2.000,0,0,10,32,6,17,0
21-08 12:34:14,22.590,2.761,74.045,0,0,1413636,654296,192280,5622144,8463.685,1626.473,0,20.080,0,1.004,994,1142,2.220,1.600,0.870,3,0,3.012,0,0,10,32,6,16,0
21-08 12:34:15,23.512,2.251,73.539,0,0,1472616,595328,192284,5622128,7267.837,1620.856,0,344.182,0,30.016,1173,1624,2.220,1.600,0.870,2,0,2.001,0,0,10,32,6,16,0
21-08 12:34:16,25.702,5.240,67.624,0.250,0,1406724,661200,192288,5622144,42713.212,1616.979,0,638.807,0,106.800,1649,2721,2.220,1.600,0.870,1,0,34.935,0,0,10,32,6,16,0
21-08 12:34:17,22.437,3.740,73.794,0,0,1465940,602008,192288,5622120,6192.735,1615.496,0,31.911,0,1.994,900,1131,2.120,1.590,0.870,2,0,1.994,0,0,10,32,6,16,0
21-08 12:34:18,23.595,2.761,74.299,0,0,1403560,664364,192288,5622144,5875.608,1626.535,0,1080.341,0,86.347,992,1011,2.120,1.590,0.870,2,0,1.004,0,0,10,32,6,13,0
21-08 12:34:19,22.250,3.000,73.999,0,0,1469172,598844,192288,5622052,6199.888,1457.974,0,0,0,0,974,1251,2.120,1.590,0.870,2,0,2.000,0,0,10,32,6,13,0
21-08 12:34:20,23.410,2.988,73.466,0.249,0,1413056,654932,192300,5622144,8030.004,1613.771,0,529.954,0,16.935,1020,1262,2.120,1.590,0.870,2,0,0.996,0,0,10,32,6,10,0
21-08 12:34:21,22.842,2.510,74.549,0,0,1417740,650248,192300,5622144,5717.923,1668.690,0,16.064,0,2.008,913,1130,2.120,1.590,0.870,2,0,1.004,0,0,10,32,6,10,0
21-08 12:34:22,22.748,2.500,73.742,0,0,1466896,601112,192300,5622124,6635.310,1767.816,0,55.994,0,2.000,831,1085,2.030,1.580,0.870,2,0,2.000,0,0,10,32,6,10,0
21-08 12:34:23,23.144,2.737,73.663,0,0,1429296,638692,192300,5622144,5778.557,1686.284,0,23.891,0,1.991,856,1069,2.030,1.580,0.870,2,0,0.995,0,0,10,32,6,10,0
21-08 12:34:24,23.017,2.752,74.055,0,0,1437196,630792,192300,5622144,7776.763,1621.201,0,0,0,0,906,1108,2.030,1.580,0.870,2,0,3.002,0,0,10,32,6,6,0
21-08 12:34:25,23.746,2.500,73.487,0,0,1369728,698260,192312,5622132,4645.173,1693.699,0,359.936,0,26.995,1069,1514,2.030,1.580,0.870,2,0,2.000,0,0,10,32,6,6,0
21-08 12:34:26,10.751,18.251,69.754,0.250,0,1384236,683696,192316,5622184,6869.385,1620.091,0,268.015,0,18.001,2736,4193,2.030,1.580,0.870,2,0,392.022,0,0,10,32,6,5,0
21-08 12:34:27,23.000,3.000,73.750,0,0,1457348,610396,192316,5622372,18120.964,1499.997,0,4.000,0,1.000,982,1097,1.950,1.570,0.870,2,0,0,0,0,10,32,6,5,0
21-08 12:34:28,22.756,2.251,74.021,0,0,1427244,640440,192316,5622428,9594.658,1620.449,0,32.009,0,1.000,951,1118,1.950,1.570,0.870,2,0,9.002,0,0,10,32,6,5,0
21-08 12:34:29,20.324,7.276,72.012,0,0,1369116,698564,192316,5622432,6999.436,1700.178,0,4.015,0,1.004,1530,2171,1.950,1.570,0.870,2,0,154.562,0,0,10,32,6,5,0
21-08 12:34:30,8.995,20.239,69.712,0,0,1366612,700976,192316,5622524,5567.005,1693.089,0,167.910,0,6.996,2959,4540,1.950,1.570,0.870,3,0,431.768,0,0,10,32,6,4,0
21-08 12:34:31,10.485,20.222,68.904,0,0,1367600,699960,192316,5622552,5046.934,1691.632,0,371.480,0,5.992,3273,5185,1.950,1.570,0.870,2,0,513.281,0,0,10,32,6,4,0
21-08 12:34:32,8.753,22.008,68.774,0,0,1367516,700008,192316,5622584,7388.564,1620.562,0,1116.387,0,15.005,3084,4732,1.950,1.580,0.880,3,0,473.164,0,0,10,32,6,4,0
21-08 12:34:33,8.013,22.787,69.363,0,0,1367864,699632,192316,5622608,5293.645,1738.840,0,1434.342,0,17.028,3056,4779,1.950,1.580,0.880,2,0,481.787,0,0,10,32,6,4,0
21-08 12:34:34,9.232,20.461,69.366,0,0,1369348,698120,192316,5622636,4510.304,1509.090,0,1101.876,0,11.977,3242,5153,1.950,1.580,0.880,4,0,519.997,0,0,10,32,6,4,0
21-08 12:34:35,8.258,21.021,70.322,0,0,1366592,700840,192316,5622668,12425.637,1567.594,0,176.179,0,8.008,3063,4694,1.950,1.580,0.880,2,0,447.455,0,0,10,32,6,4,0
21-08 12:34:36,9.513,24.534,67.093,0,0,1368312,699088,192316,5622696,9128.707,1622.258,0,761.059,0,61.085,3425,5221,1.950,1.580,0.880,5,0,516.719,0,0,10,32,6,5,0
21-08 12:34:37,47.750,32.750,19.500,0,0,1472828,593836,192320,5623428,8816.938,1767.988,419.997,1415.990,7.000,64.000,3681,7360,1.950,1.590,0.890,6,0,845.994,0,0,10,32,6,9,0
21-08 12:34:38,81.733,15.247,2.499,0.250,0,1659016,393820,193400,5632148,8736.157,1619.658,3351.293,3131.339,9.998,200.958,8856,4474,1.950,1.590,0.890,5,1,123.974,0,0,10,34,6,9,0
21-08 12:34:39,60.749,14.250,18.750,6.500,0,1618260,422020,194084,5643184,7321.868,1619.971,399.993,66386.805,4.000,5074.909,20792,37206,1.950,1.590,0.890,8,0,189.997,0,0,10,36,6,10,0
21-08 12:34:40,60.779,12.756,17.258,8.004,0,1662284,364924,194468,5655440,5774.749,1620.771,0,97726.518,0,7170.413,24079,45643,1.950,1.590,0.890,7,0,120.057,0,0,10,37,6,8,0
21-08 12:34:41,50.477,14.743,25.239,10.245,0,1628400,387152,195196,5665916,6736.948,1511.315,0,78968.227,0,6135.221,22855,42070,1.950,1.590,0.890,5,0,157.928,0,0,10,36,6,9,0
21-08 12:34:42,47.292,14.513,26.524,12.011,0,1576392,430640,195576,5673776,5225.682,1621.453,0,51225.898,0,4180.746,17022,31904,2.040,1.610,0.900,4,1,215.193,0,0,10,35,6,10,0
21-08 12:34:43,36.434,9.732,42.423,10.231,0,1528692,472720,195936,5678848,5754.550,1563.161,0,53562.730,0,4219.338,18039,36180,2.040,1.610,0.900,3,0,50.908,0,0,10,34,6,11,0
21-08 12:34:44,38.945,8.488,46.434,6.990,0,1578924,421620,196140,5679384,5101.771,1617.708,0,51630.839,0,4327.867,18146,31805,2.040,1.610,0.900,5,0,16.976,0,0,10,34,6,11,0
21-08 12:34:45,40.611,7.019,43.118,8.523,0,1577452,420384,196292,5681860,7025.193,1718.695,0,47726.388,0,4222.536,20501,37721,2.040,1.610,0.900,7,1,45.123,0,0,10,34,6,12,0
21-08 12:34:46,38.967,8.493,43.463,9.242,0,1574496,421984,196416,5683040,45589.568,1692.573,0,39638.585,0,3443.097,16829,27488,2.040,1.610,0.900,2,1,91.923,0,0,10,34,6,12,0
21-08 12:34:47,41.206,7.742,43.454,7.242,0,1582984,410392,196580,5685928,6458.135,1692.201,0,37460.180,0,3566.209,20049,34188,2.040,1.620,0.900,2,1,41.955,0,0,10,35,6,15,0
21-08 12:34:48,39.848,8.020,41.352,12.782,0,1564008,425584,196704,5689468,6649.417,1515.742,0,51799.894,0,4192.351,18025,32092,2.040,1.620,0.900,4,1,75.186,0,0,10,34,6,15,0
21-08 12:34:49,36.167,7.732,41.655,12.471,0,1580468,404976,196980,5693192,5851.588,1616.295,0,61315.465,0,4952.649,20876,40552,2.040,1.620,0.900,2,1,65.849,0,0,10,37,6,15,0
21-08 12:34:50,35.566,8.705,45.017,8.705,0,1550904,429924,197124,5697560,7962.848,1611.671,0,36809.767,0,3447.185,17304,31197,2.040,1.620,0.900,3,0,108.440,0,0,10,36,6,15,0
21-08 12:34:51,38.227,7.545,44.766,8.048,0,1592084,392148,197172,5694048,6580.026,1629.666,0,48495.628,0,4478.562,19388,35908,2.040,1.620,0.900,2,1,12.072,0,0,10,37,6,15,0
21-08 12:34:52,40.016,7.253,44.518,5.002,0,1519248,465644,197204,5693336,7623.042,1566.625,0,29335.705,0,2608.041,12694,21113,2.030,1.620,0.910,3,0,52.021,0,0,10,34,6,17,0
21-08 12:34:53,24.750,15.500,58.251,0.750,0,1417360,567464,197212,5693396,6305.076,1694.020,0,2148.026,0,130.002,3106,5057,2.030,1.620,0.910,2,0,272.003,0,0,10,32,6,17,0
21-08 12:34:54,22.488,3.248,73.212,0.250,0,1463656,521152,197212,5693412,10571.503,1619.158,0,1295.326,0,97.949,1850,2846,2.030,1.620,0.910,2,0,1.999,0,0,10,33,6,18,0
21-08 12:34:55,21.923,5.232,73.243,0,0,1446176,538604,197212,5693436,5900.272,1580.448,0,474.334,0,31.888,2168,3375,2.030,1.620,0.910,2,0,42.849,0,0,10,32,6,19,0
21-08 12:34:56,21.245,4.499,72.233,0,0,1403728,580900,197212,5693584,5879.577,1619.608,0,487.882,0,33.992,2494,4223,2.030,1.620,0.910,2,0,31.992,0,0,10,32,6,19,0
21-08 12:34:57,10.793,19.830,68.274,0.251,0,1401712,582872,197212,5693628,5497.065,1626.529,0,489.967,0,28.113,3223,4827,1.950,1.610,0.910,3,0,523.100,0,0,10,32,6,19,0
21-08 12:34:58,46.009,17.253,35.507,0,0,1516528,467920,197232,5693744,7705.472,1620.309,0,2652.507,0,170.032,3354,4926,1.950,1.610,0.910,4,0,326.062,0,0,10,32,6,25,0
21-08 12:34:59,66.033,9.682,24.080,0,0,1708068,273988,197348,5695820,5486.185,1608.619,0,2160.713,0,103.269,1633,1752,1.950,1.610,0.910,5,0,0,0,0,10,32,6,25,0
21-08 12:35:00,55.852,9.057,30.190,5.032,0,1789504,184568,197544,5703116,5763.332,1575.935,0,25448.427,0,1867.774,10171,16000,1.950,1.610,0.910,4,0,87.552,0,0,10,38,6,25,0
21-08 12:35:01,31.229,8.994,43.221,15.989,0,1788960,172752,197712,5714904,5792.154,1618.925,0,86198.764,0,6778.499,26017,47110,1.950,1.610,0.910,5,2,206.863,0,0,10,38,6,25,0
21-08 12:35:02,33.031,8.758,41.540,16.265,0,1789856,161232,197920,5725012,6412.098,1587.510,0,79095.220,0,6103.805,26580,43932,1.950,1.620,0.920,5,0,168.160,0,0,10,38,6,25,0
21-08 12:35:03,40.740,12.247,37.241,9.998,0,1697440,242988,198036,5735204,6480.393,1619.598,0,76085.131,0,5782.566,25717,41359,1.950,1.620,0.920,3,2,246.939,0,0,10,36,5,25,0
21-08 12:35:04,48.342,9.268,28.805,13.526,0,1762880,169948,198112,5742472,5421.338,1623.095,0,75363.719,0,5556.596,19682,37201,1.950,1.620,0.920,6,0,68.130,0,0,10,36,5,25,0
21-08 12:35:05,41.646,9.726,35.162,14.214,0,1672928,246312,198212,5755408,6603.439,1615.947,0,81108.580,0,5689.730,23037,40820,1.950,1.620,0.920,3,0,89.775,0,0,10,36,5,25,0
21-08 12:35:06,38.656,5.487,46.137,8.729,0.249,1669764,245556,198248,5759144,4934.954,1616.055,0,50277.273,0,4104.980,14608,28978,1.950,1.620,0.920,3,0,26.934,0,0,10,32,5,25,0
21-08 12:35:07,19.481,11.489,65.935,1.249,0.250,1439576,475692,198256,5759184,6960.096,1660.353,0,10981.107,0,673.332,3675,5661,1.880,1.610,0.920,2,0,249.752,0,0,10,32,5,25,0
21-08 12:35:08,22.489,2.749,73.463,0,0,1502824,412440,198256,5759188,5414.304,1565.221,0,1139.433,0,70.965,1019,1375,1.880,1.610,0.920,2,0,0,0,0,10,32,5,25,0
21-08 12:35:09,24.739,2.499,71.718,1.000,0,1528876,386344,198264,5759192,6412.147,1511.327,0,10763.210,0,326.855,2215,3466,1.880,1.610,0.920,2,0,0,0,0,10,34,5,25,0
21-08 12:35:10,20.870,5.783,72.919,0.251,0,1454216,460988,198264,5759200,5913.946,1629.352,0,108.623,0,10.058,1190,1424,1.880,1.610,0.920,2,0,34.196,0,0,10,32,5,25,0
21-08 12:35:11,22.751,2.500,74.003,0,0,1517468,397736,198264,5759200,5125.236,1694.078,0,0,0,0,843,1071,1.880,1.610,0.920,2,0,0,0,0,10,32,5,25,0
21-08 12:35:12,18.740,13.493,66.466,0.250,0,1406640,508552,198272,5759204,6317.797,1693.142,0,559.716,0,49.975,2364,3657,1.810,1.600,0.920,4,0,284.856,0,0,10,32,5,25,0
21-08 12:35:13,18.511,36.271,45.527,0,0,1409732,505396,198272,5759240,7124.189,1620.953,0,276.162,0,28.016,5313,9290,1.810,1.600,0.920,3,0,1184.697,0,0,10,32,5,25,0
21-08 12:35:14,9.466,22.170,67.507,0,0,1410896,504116,198272,5759336,6190.689,1687.917,0,386.607,0,29.892,3452,5755,1.810,1.600,0.920,1,0,631.723,0,0,10,32,5,25,0
21-08 12:35:15,7.507,12.512,79.329,0.250,0,1400296,514200,198308,5759816,8282.274,1567.566,516.516,4.004,7.007,1.001,2405,3378,1.810,1.600,0.920,3,0,236.236,0,0,11,12,5,25,20
21-08 12:35:16,14.968,20.706,63.116,0,0,1394628,519692,198308,5760280,43494.834,1508.803,0,31.932,0,7.983,3885,10561,1.810,1.600,0.920,2,0,400.152,0,0,11,12,5,26,20
21-08 12:35:17,22.817,20.059,56.666,0,0,1435764,477924,198320,5760432,10015.415,1624.772,0,0,0,0,4011,8447,1.740,1.590,0.920,3,0,327.963,0,0,13,12,5,25,20
21-08 12:35:18,11.005,19.759,67.532,0.250,0,1444160,469264,198320,5760652,6331.033,1694.812,0,1332.638,0,177.085,2746,3692,1.740,1.590,0.920,3,0,265.127,0,0,13,12,5,25,20
21-08 12:35:19,22.458,17.218,59.388,0,0,1464556,448732,198324,5760664,8093.759,1616.955,0,35.932,0,2.994,5454,9311,1.740,1.590,0.920,4,1,194.634,0,0,13,12,5,25,20
21-08 12:35:20,14.785,20.800,63.653,0,0,1492300,420680,198324,5760936,7299.490,1892.535,0,757.816,0,19.046,2939,4444,1.740,1.590,0.920,3,0,322.773,0,0,15,12,6,25,20
21-08 12:35:21,13.701,18.684,65.518,0,0,1498496,414388,198324,5761464,5767.571,1688.021,0,23.915,0,5.979,4385,8547,1.740,1.590,0.920,2,0,243.139,0,0,15,12,6,25,20
21-08 12:35:22,58.481,13.052,28.111,0.251,0,1718568,194096,198376,5761256,8134.097,1626.418,0,1236.881,0,39.155,2710,3645,1.760,1.600,0.920,14,0,98.388,0,0,17,12,6,25,20
21-08 12:35:23,81.520,15.754,2.751,0,0,1922628,124572,195500,5630868,5343.293,1532.371,1032.250,5149.246,20.005,376.091,2861,3632,1.760,1.600,0.920,3,0,61.015,0,0,17,12,6,25,20
21-08 12:35:24,13.965,20.449,64.839,0,0,1921568,158628,195312,5598288,7333.783,1615.986,1524.214,3.990,20.948,0.998,2692,3865,1.760,1.600,0.920,2,0,245.390,0,0,17,12,6,25,20
21-08 12:35:25,10.748,19.996,67.988,0.250,0.250,1924080,155100,195312,5599304,5393.051,1661.708,979.828,23.996,57.990,5.999,2566,3771,1.760,1.600,0.920,2,0,232.959,0,0,17,12,6,25,20
21-08 12:35:26,17.803,17.803,61.935,0.501,0,1931008,146272,195356,5601208,5382.038,1741.189,1917.715,8.024,46.137,2.006,5260,8508,1.760,1.600,0.920,4,0,187.559,0,0,17,12,6,25,20
21-08 12:35:27,23.171,6.976,67.770,0.747,0,1975224,121856,195128,5581836,6630.456,1688.260,2870.241,390.672,88.698,2.990,1938,2774,1.700,1.590,0.920,1,0,93.681,0,0,18,12,6,25,20
21-08 12:35:28,14.293,8.024,76.232,0.502,0,2000448,128312,194936,5550796,6733.477,1699.167,437.330,2844.651,14.043,284.866,2152,2748,1.700,1.590,0.920,2,0,91.278,0,0,18,12,6,26,20
21-08 12:35:29,22.698,4.739,71.338,0.499,0,2033104,122852,194512,5524476,9036.442,1616.323,862.039,275.374,134.694,21.950,2372,3943,1.700,1.590,0.920,2,0,0,0,0,18,19,6,28,10
21-08 12:35:30,14.700,15.198,67.769,0.498,0,1987892,184628,194352,5508420,7395.751,1453.039,952.747,6868.551,16.942,360.768,3807,6151,1.700,1.590,0.920,2,0,184.371,0,0,18,18,6,32,0
21-08 12:35:31,10.554,19.349,68.854,0.503,0,1993756,178496,194356,5508684,9940.052,1628.363,4.021,2641.567,1.005,144.743,3425,5347,1.700,1.590,0.920,3,0,339.745,0,0,18,18,6,32,0
21-08 12:35:32,10.237,20.725,68.416,0,0,2000592,171288,194364,5509048,6049.589,1618.018,391.520,427.476,14.982,31.961,3535,5668,1.640,1.580,0.920,2,0,374.541,0,0,18,18,6,32,0
21-08 12:35:33,17.236,17.236,64.949,0.250,0,2004420,167024,194364,5509480,5034.033,1618.724,303.761,303.761,8.993,19.984,4600,9801,1.640,1.580,0.920,3,0,239.811,0,0,18,18,6,32,0
21-08 12:35:34,42.614,10.528,44.870,0.251,0,2073332,125168,194328,5483556,4564.177,1666.446,1600.270,2887.704,43.115,306.819,2972,3478,1.640,1.580,0.920,3,0,132.353,0,0,18,19,6,32,0
21-08 12:35:35,46.260,6.751,46.760,0,0,2170696,130044,194148,5383624,12624.664,1620.342,812.171,20.004,106.022,1.000,2549,4654,1.640,1.580,0.920,4,0,0,0,0,18,19,6,32,0
21-08 12:35:36,45.976,8.450,44.982,0.497,0,2242020,130752,193956,5312620,10234.928,1757.513,469.200,5614.498,35.786,308.161,4285,11868,1.640,1.580,0.920,7,0,8.947,0,0,18,35,6,32,0
21-08 12:35:37,13.799,18.566,65.986,0.251,0,2265144,121792,193960,5298756,4838.321,1625.820,1328.757,413.480,110.395,11.040,2761,3894,1.590,1.570,0.920,3,0,215.772,0,0,18,34,6,32,0
21-08 12:35:38,15.469,5.239,78.092,0.748,0,2273892,142352,193940,5270268,9484.784,2177.588,1093.784,1852.247,39.919,154.687,1820,2546,1.590,1.570,0.920,1,0,41.915,0,0,18,35,6,26,0
21-08 12:35:39,1.998,0.999,95.898,0.250,0,2273836,142352,193940,5270324,49839.021,2811.012,7.992,199.788,1.998,10.988,1031,1777,1.590,1.570,0.920,1,0,0,0,0,18,35,6,26,0
21-08 12:35:40,2.999,0.500,95.728,0.250,0,2273812,141848,193944,5270848,73970.839,3273.241,263.939,191.955,2.999,13.997,1099,1845,1.590,1.570,0.920,2,0,0,0,0,18,35,6,25,0
21-08 12:35:41,8.007,3.503,86.580,1.251,0,2293792,131804,194072,5261152,66282.914,3140.886,4704.323,676.622,144.132,66.061,1657,2217,1.590,1.570,0.920,3,0,6.006,0,0,18,34,6,26,0
21-08 12:35:42,17.228,11.984,67.412,3.246,0,2337968,123924,194220,5225336,5250.170,1617.895,471.387,9759.303,52.931,494.357,3450,5742,1.710,1.590,0.940,2,0,67.912,0,0,18,34,6,25,0
21-08 12:35:43,17.015,9.258,70.061,1.001,0,2352844,146608,194240,5188956,6159.383,1695.482,2690.351,152.133,484.423,10.009,2437,2766,1.710,1.590,0.940,2,0,30.026,0,0,18,34,6,25,0
21-08 12:35:44,15.316,13.559,71.309,0.251,0,2362420,135688,194240,5189896,6751.253,1627.050,944.091,0,12.052,0,2101,2784,1.710,1.590,0.940,2,0,57.248,0,0,18,34,6,23,0
21-08 12:35:45,18.929,8.468,72.478,0,0,2369840,127200,194248,5190956,9025.075,1599.986,1056.030,3.985,17.933,0.996,1764,2406,1.710,1.590,0.940,3,0,47.820,0,0,18,34,6,23,0
21-08 12:35:46,24.761,3.502,70.782,0.250,0,2379708,131776,194260,5177044,46246.181,1620.742,32.015,0,6.003,0,1588,2011,1.710,1.590,0.940,2,0,18.008,0,0,18,34,6,22,0
21-08 12:35:47,18.341,8.794,71.355,0.251,0,2315468,245212,194260,5128704,9952.454,1573.820,590.936,8.040,15.075,2.010,2002,2887,1.650,1.580,0.940,2,0,96.479,0,0,18,34,6,23,0
21-08 12:35:48,16.164,12.434,68.635,0.995,0,2324520,231072,194748,5133728,5601.179,1611.421,5323.657,23.873,191.978,3.979,3720,6217,1.650,1.580,0.940,4,0,237.734,0,0,18,34,6,20,0
21-08 12:35:49,10.243,6.995,82.194,0.250,0,2325484,229504,194752,5133996,7857.649,1618.898,347.763,263.820,18.987,1.999,3588,6619,1.650,1.580,0.940,1,0,60.958,0,0,18,34,6,20,0
21-08 12:35:50,2.751,0.750,95.795,0.250,0,2325356,229504,194756,5134120,5615.651,1620.765,16.008,424.200,1.000,15.007,1134,1945,1.650,1.580,0.940,3,0,3.001,0,0,18,34,6,20,0
21-08 12:35:51,2.001,1.250,95.535,0,0,2325280,229504,194756,5134196,5538.049,1620.600,0,0,0,0,1094,1846,1.650,1.580,0.940,2,0,3.001,0,0,18,34,6,20,0
21-08 12:35:52,2.750,1.500,95.483,0,0,2325280,229504,194756,5134196,5815.965,1659.705,0,3.999,0,1.000,1047,1828,1.520,1.550,0.930,1,0,1.000,0,0,18,34,6,18,0
21-08 12:35:53,5.016,4.264,89.534,0,0,2267416,287240,194756,5134312,6020.078,1699.385,4.013,8.025,1.003,2.006,1784,2964,1.520,1.550,0.930,2,0,93.296,0,0,18,34,6,18,0
21-08 12:35:54,18.772,14.767,64.325,0,0,2269928,284608,194756,5134472,8633.040,1567.823,52.061,8.009,4.005,2.002,4797,11338,1.520,1.550,0.930,2,0,262.305,0,0,18,34,6,18,0
21-08 12:35:55,16.682,17.678,64.985,0.249,0.249,2325628,227468,194764,5136172,7211.562,1924.146,1254.878,3.984,40.833,0.996,4686,8142,1.520,1.550,0.930,4,0,343.597,0,0,19,34,6,18,0
21-08 12:35:56,11.990,7.993,78.433,0,0,2322788,230352,194764,5135816,5272.481,1618.613,0,323.723,0,12.989,3781,8267,1.520,1.550,0.930,1,0,176.848,0,0,19,34,6,16,0
21-08 12:35:57,13.075,11.063,74.929,0,0,2329680,223460,194764,5135816,7111.722,1629.330,0,0,0,0,3190,6300,1.480,1.540,0.930,2,0,184.054,0,0,21,36,6,16,0
21-08 12:35:58,12.979,15.474,70.384,0,0,2328216,224892,194764,5135848,8425.057,1617.323,0,35.941,0,7.987,4064,7723,1.480,1.540,0.930,2,0,301.501,0,0,21,36,6,11,0
21-08 12:35:59,11.224,18.458,68.842,0,0,2326400,226544,194764,5136356,6968.971,1582.361,0,47.890,0,11.972,3334,5489,1.480,1.540,0.930,5,0,367.156,0,0,21,36,6,11,0
21-08 12:36:00,27.161,19.934,53.075,0.249,0,2355564,197192,194780,5136184,5370.305,1730.299,151.501,67.777,6.977,6.977,5629,9288,1.480,1.540,0.930,6,0,400.680,0,0,21,36,6,11,0
21-08 12:36:01,33.320,13.528,52.360,0,0,2423632,128716,194816,5136564,5850.245,1697.553,16.034,248.520,4.008,6.013,3696,6103,1.480,1.540,0.930,5,0,103.216,0,0,21,36,6,11,0
21-08 12:36:02,26.496,7.749,65.990,0.750,0,2469924,126952,194852,5093304,6885.953,1565.762,63.990,10906.342,4.999,554.916,3222,5230,1.440,1.540,0.930,4,0,10.998,0,0,21,44,6,15,0
21-08 12:36:03,22.884,5.029,71.669,0,0,2528464,133084,194856,5030096,5732.530,1703.967,0,0,0,0,1446,2172,1.440,1.540,0.930,3,0,6.035,0,0,21,44,6,15,0
21-08 12:36:04,7.707,1.492,89.993,0,0,2533060,128052,194856,5030524,5135.049,1610.918,3.978,0,0.994,0,1767,4521,1.440,1.540,0.930,1,0,3.978,0,0,21,44,6,15,0
21-08 12:36:05,4.011,2.507,91.997,0.251,0,2483152,177736,194860,5030744,6503.468,1714.605,256.689,0,17.046,0,1519,2393,1.440,1.540,0.930,3,0,45.121,0,0,21,44,6,15,0
21-08 12:36:06,17.687,15.943,65.017,0.249,0,2481868,179896,194860,5030000,5712.509,1506.596,107.614,7903.650,8.968,391.595,5852,11853,1.440,1.540,0.930,2,0,240.139,0,0,21,42,6,15,0
21-08 12:36:07,18.583,14.063,65.795,0,0,2537144,131448,194860,5023332,5966.719,1775.953,8.036,5380.092,2.009,205.922,6220,10985,1.640,1.580,0.950,3,0,229.026,0,0,21,42,6,15,0
21-08 12:36:08,21.448,16.460,61.350,0,0,2545964,122384,194860,5023908,5755.973,1616.062,319.222,11.971,20.949,1.995,6090,12534,1.640,1.580,0.950,2,0,396.035,0,0,21,36,6,15,0
21-08 12:36:09,15.224,10.233,73.375,0.250,0,2538700,137328,194856,5016020,5453.740,1617.254,3.993,36789.531,0.998,225.617,3748,7522,1.640,1.580,0.950,1,0,69.881,0,0,21,44,6,15,0
21-08 12:36:10,30.139,16.577,52.241,0,0,2366408,309364,194856,5016276,5885.184,1573.267,160.742,510.357,5.023,9.042,3123,5128,1.640,1.580,0.950,4,0,413.912,0,0,21,36,6,19,0
21-08 12:36:11,32.871,22.412,44.077,0,0,2426660,249004,194856,5016400,6056.163,1613.649,0,27.890,0,6.973,3786,6795,1.640,1.580,0.950,4,0,412.377,0,0,21,38,6,20,0
21-08 12:36:12,45.339,20.040,34.568,0.250,0,2512488,162756,194856,5016784,13651.922,1623.201,56.111,4.008,3.006,1.002,5885,10654,1.670,1.580,0.950,2,0,299.591,0,0,21,44,6,23,0
21-08 12:36:13,40.594,7.016,51.369,0.251,0,2624076,136604,194860,4932776,6150.238,1515.508,4.009,3027.008,1.002,290.673,2085,3626,1.670,1.580,0.950,2,0,5.012,0,0,21,44,6,23,0
21-08 12:36:14,25.236,3.498,70.711,0,0,2655476,131120,194940,4907296,6484.388,1619.098,0,0,0,0,1476,2743,1.670,1.580,0.950,4,0,4.997,0,0,21,44,6,23,0
21-08 12:36:15,24.758,5.502,63.771,5.502,0,2676900,124200,196140,4891708,6769.281,1710.576,1104.372,8594.896,72.024,1007.339,7193,11033,1.670,1.580,0.950,4,1,6.002,0,0,21,46,6,23,0
21-08 12:36:16,24.732,7.744,50.713,13.990,0,2680024,130384,196148,4882836,43315.510,1692.769,7.994,33004.006,0.999,2884.903,15394,27926,1.670,1.580,0.950,5,1,15.988,0,0,21,46,6,23,0
21-08 12:36:17,37.562,22.287,38.063,0.751,0,2808460,130920,196224,4756096,5935.848,1696.815,92.153,13057.663,10.017,985.635,10279,24842,1.860,1.620,0.970,1,0,267.444,0,0,22,71,6,35,0
21-08 12:36:18,11.980,19.967,67.637,0.250,0,2817924,130284,196228,4747332,6209.624,1563.388,7.987,1233.938,1.997,68.885,3217,4962,1.860,1.620,0.970,2,0,270.548,0,0,22,71,6,35,0
21-08 12:36:19,11.721,19.951,67.582,0,0,2825888,122484,196228,4747268,5591.134,1615.992,0,730.189,0,39.901,3018,4487,1.860,1.620,0.970,2,0,264.344,0,0,22,71,6,35,0
21-08 12:36:20,26.828,16.799,54.909,1.003,0,2851552,121540,196228,4723336,5892.063,1516.391,284.825,9110.384,5.015,559.621,5581,12400,1.860,1.620,0.970,4,0,209.607,0,0,22,71,6,35,0
21-08 12:36:21,47.252,6.500,46.502,0,0,2959680,136040,196232,4603752,6851.233,1620.055,140.005,192.007,4.000,1.000,1650,2126,1.860,1.620,0.970,3,0,5.000,0,0,22,72,6,35,0
21-08 12:36:22,15.935,16.682,64.736,0.498,0,2987040,126724,196244,4586292,10677.468,1613.422,175.285,844.557,9.959,45.813,3296,5207,1.710,1.600,0.970,2,0,220.103,0,0,22,75,6,36,0
21-08 12:36:23,9.509,19.518,70.564,0,0,2990708,134908,196244,4574612,5907.393,1663.519,0,188.172,0,12.011,2711,4048,1.710,1.600,0.970,3,0,245.224,0,0,22,75,6,36,0
21-08 12:36:24,11.762,23.023,65.064,0,0,3007764,142112,196244,4551000,7889.771,1695.670,0,224.221,0,13.013,2951,4521,1.710,1.600,0.970,2,0,304.300,0,0,22,75,6,36,0
21-08 12:36:25,10.253,18.505,69.270,0,0,3009220,140640,196244,4551016,5271.518,1694.488,0,312.090,0,22.006,3126,4827,1.710,1.600,0.970,2,0,280.081,0,0,22,75,6,36,0
21-08 12:36:26,11.256,19.761,67.786,0.250,0,3015956,133872,196244,4551048,5628.028,1656.891,0,284.153,0,20.011,3485,5504,1.710,1.600,0.970,2,0,294.158,0,0,22,77,6,36,0
21-08 12:36:27,19.454,20.452,59.360,0.249,0,3023192,126596,196244,4551424,5675.617,1508.443,0,450.937,0,52.875,5682,10716,1.650,1.590,0.970,9,1,234.447,0,0,22,91,6,36,0
21-08 12:36:28,28.378,19.589,50.478,0,0,3045692,130208,196244,4525476,7771.165,1627.364,4.018,458.073,1.005,58.264,3919,6681,1.650,1.590,0.970,4,0,438.986,0,0,22,91,6,36,0
21-08 12:36:29,36.231,20.739,41.978,0,0,3119920,118856,196256,4463964,6047.783,1661.116,0,215.885,0,10.994,5097,11721,1.650,1.590,0.970,3,0,388.793,0,0,22,94,6,35,0
21-08 12:36:30,51.001,25.750,22.250,0,0,3236268,139136,196264,4328696,6800.102,1620.024,108.002,532.008,6.000,43.001,5737,13370,1.650,1.590,0.970,4,0,446.007,0,0,24,103,6,35,0
21-08 12:36:31,53.254,25.017,20.311,0.495,0,3347852,121312,196264,4236660,5808.942,1605.063,7.926,6646.151,1.982,489.445,5251,8204,1.650,1.590,0.970,9,0,404.238,0,0,24,103,6,29,0
21-08 12:36:32,53.738,22.958,21.697,0,0,3427888,129236,196264,4150748,6734.105,1709.512,36.330,565.128,3.027,37.339,6629,16116,2,1.660,0.990,4,0,414.764,0,0,24,123,6,29,0
21-08 12:36:33,38.746,19.998,39.996,0.250,0,3487108,128188,196268,4093780,6356.377,1619.841,0,6387.374,0,437.957,4025,5936,2,1.660,0.990,2,0,434.957,0,0,25,123,5,29,0
21-08 12:36:34,13.182,19.151,66.156,0.249,0,3503500,122052,196268,4084108,9339.491,1492.249,0,258.657,0,16.912,3701,7143,2,1.660,0.990,2,0,286.512,0,0,25,123,5,29,0
21-08 12:36:35,27.630,18.588,53.502,0,0,3526880,128092,196268,4054960,11992.461,1627.663,0,136.643,0,11.052,4700,7507,2,1.660,0.990,6,0,260.225,0,0,25,123,5,29,0
21-08 12:36:36,30.177,22.945,45.141,0,0,3583900,134796,196268,3992428,11355.565,1616.096,0,359.132,0,22.945,3585,5945,2,1.660,0.990,7,0,406.019,0,0,25,123,5,29,0
21-08 12:36:37,39.862,23.566,35.098,0,0,3677524,128880,196288,3905944,5921.598,1624.554,152.427,397.113,6.017,32.090,8742,16501,2.160,1.700,1.010,3,0,257.722,0,0,25,137,5,29,0
21-08 12:36:38,30.254,24.503,44.005,0.500,0,3738424,127092,196288,3847324,5668.697,1620.199,304.037,5472.673,15.002,450.055,4562,6361,2.160,1.700,1.010,2,0,519.064,0,0,25,137,5,29,0
21-08 12:36:39,26.102,23.864,48.474,0,0,3801752,128916,196288,3782716,5351.555,1610.836,71.593,457.398,0.994,28.836,5712,11917,2.160,1.700,1.010,2,0,447.454,0,0,25,143,5,29,0
21-08 12:36:40,14.014,19.019,66.566,0,0,3802356,138088,196288,3773096,8528.400,1621.597,80.079,532.525,5.005,40.039,3597,5855,2.160,1.700,1.010,2,0,312.308,0,0,25,149,5,29,0
21-08 12:36:41,19.755,18.755,61.516,0.250,0,3814848,129900,196288,3768836,5674.481,1532.400,72.019,376.098,2.001,19.005,5446,9200,2.160,1.700,1.010,3,0,185.048,0,0,25,149,5,28,0
21-08 12:36:42,42.605,10.776,45.111,1.002,0,3935360,125660,196288,3653476,5758.125,1698.166,1772.348,4775.715,62.152,399.981,3190,3619,2.150,1.700,1.020,2,0,86.211,0,0,25,149,5,28,0
21-08 12:36:43,45.898,7.982,45.399,0.249,0,4028376,126584,196288,3559780,8909.133,1616.395,335.252,251.439,26.940,20.953,2148,2960,2.150,1.700,1.020,5,0,2.993,0,0,25,151,5,28,0
21-08 12:36:44,34.897,17.574,47.199,0,0,3996860,193244,196292,3524868,5135.698,1701.188,16.068,389.646,4.017,26.110,3593,6496,2.150,1.700,1.020,4,0,295.247,0,0,25,152,5,28,0
21-08 12:36:45,38.746,21.998,39.246,0,0,4023132,169920,196300,3521972,5555.372,1619.817,11.999,671.924,1.000,48.994,6650,13483,2.150,1.700,1.020,4,0,488.945,0,0,25,169,5,28,0
21-08 12:36:46,48.702,21.978,27.473,0.250,0,4048284,139720,196312,3527344,41983.646,1712.313,2789.253,283.721,52.948,15.984,6601,14193,2.150,1.700,1.020,7,0,276.727,0,0,25,169,5,29,0
21-08 12:36:47,76.584,17.019,5.756,0.501,0,4182404,131120,196268,3403792,7421.163,1621.784,348.383,8697.567,13.014,474.522,4015,7980,2.300,1.740,1.030,5,0,156.172,0,0,25,178,5,29,0
21-08 12:36:48,76.994,14.499,3.500,3.500,0,4227288,133804,196288,3357524,6217.540,1531.887,6167.544,807.940,390.971,71.995,4427,8575,2.300,1.740,1.030,6,0,67.995,0,0,25,190,5,30,0
21-08 12:36:49,64.715,18.240,13.993,1.249,0,4287684,137728,196328,3293644,4794.435,1619.134,1099.412,1922.971,132.929,125.933,7119,16531,2.300,1.740,1.030,6,0,192.897,0,0,25,191,5,35,0
21-08 12:36:50,48.277,30.017,20.761,0,0,4276012,138952,196344,3304060,7569.178,1620.895,368.203,572.316,8.004,28.015,7293,35068,2.300,1.740,1.030,7,0,466.257,0,0,25,191,5,35,0
21-08 12:36:51,47.495,17.998,33.746,0.250,0,4268904,145540,196348,3304580,7860.151,1845.801,183.980,663.928,10.999,46.995,5181,14913,2.300,1.740,1.030,6,0,248.973,0,0,25,191,6,35,0
21-08 12:36:52,50.502,26.751,21.251,0.750,0,4343920,130868,196300,3244764,6789.299,1694.075,0,28329.246,0,869.038,6217,9270,2.350,1.760,1.040,4,0,453.020,0,0,25,197,6,35,0
21-08 12:36:53,62.505,19.751,15.501,0.250,0,4379944,130024,196272,3209912,7523.542,1620.117,1036.075,1044.075,57.004,68.005,9462,21404,2.350,1.760,1.040,4,0,243.017,0,0,25,199,6,38,0
21-08 12:36:54,55.000,25.250,18.000,0.250,0,4430148,189720,196144,3102400,7649.946,1693.988,79.999,6487.955,14.000,542.996,6026,10995,2.350,1.760,1.040,5,0,474.997,0,0,25,201,6,39,0
21-08 12:36:55,62.725,18.243,18.493,0.250,0,4520356,119136,196112,3083396,4914.025,1499.397,291.883,695.720,18.992,36.985,8255,17045,2.350,1.760,1.040,4,0,240.903,0,0,25,212,6,40,0
21-08 12:36:56,73.797,10.757,15.510,0,0,4594688,124192,195936,3006296,5895.726,1663.051,116.073,436.276,8.005,33.021,3597,7194,2.350,1.760,1.040,6,0,6.004,0,0,25,216,6,41,0
21-08 12:36:57,67.472,7.997,23.490,0.250,0,4688892,124660,195800,2914048,9422.099,3326.623,1267.475,1431.407,83.965,160.933,6965,14659,2.490,1.800,1.060,3,0,2.999,0,0,25,226,6,49,0
21-08 12:36:58,40.027,18.397,40.275,0.497,0,4658600,170888,195780,2898520,48684.487,15935.130,111.379,887.053,5.967,82.540,4864,8624,2.490,1.800,1.060,8,0,304.303,0,0,25,231,6,49,0
21-08 12:36:59,33.763,24.009,41.516,0.250,0,4633092,196284,195780,2898632,7391.779,1620.609,40.015,804.302,7.003,58.022,4828,9419,2.490,1.800,1.060,4,0,419.158,0,0,25,231,6,49,0
21-08 12:37:00,43.750,16.343,39.224,0.251,0,4692876,135684,195780,2899824,6690.167,1629.295,345.974,921.256,8.046,34.195,4214,14546,2.490,1.800,1.060,6,0,171.981,0,0,26,233,6,48,0
21-08 12:37:01,68.731,12.247,18.995,0,0,4746424,124184,195732,2858900,7228.041,1619.561,163.956,9301.479,14.996,814.779,4307,5194,2.490,1.800,1.060,4,0,119.967,0,0,26,234,6,49,0
21-08 12:37:02,65.977,9.247,22.742,1.499,0,4810044,162476,195620,2759848,6431.755,1511.472,2051.284,1067.627,153.946,52.982,3509,6160,2.530,1.820,1.070,4,0,6.998,0,0,26,234,6,50,0
21-08 12:37:03,38.289,13.514,47.048,0.250,0,4868488,138860,195592,2725944,6955.108,2605.663,188.192,804.823,21.021,62.063,4569,12207,2.530,1.820,1.070,4,0,213.218,0,0,26,238,6,51,0
21-08 12:37:04,15.373,4.463,78.351,0.496,0,4817320,190024,195592,2725948,22998.412,4913.284,0,638.707,0,50.581,2978,5740,2.530,1.820,1.070,1,0,36.696,0,0,26,237,6,47,1
21-08 12:37:05,4.750,1.000,93.499,0,0,4817680,189644,195592,2725968,8359.883,2514.965,0,323.995,0,22.000,1633,2710,2.530,1.820,1.070,1,0,3.000,0,0,26,239,6,47,0
21-08 12:37:06,14.004,12.253,71.519,0.250,0,4824844,159580,195592,2748852,21696858.455,91288.557,2156.580,332.089,32.009,18.005,7173,4385,2.530,1.820,1.070,2,0,141.038,0,0,26,237,6,47,0
21-08 12:37:07,19.252,11.751,67.757,0.500,0,4864916,125128,195588,2743236,5439.593,1620.177,44.005,1660.181,3.000,122.013,3054,4650,2.400,1.810,1.070,6,0,119.013,0,0,26,243,6,47,0
21-08 12:37:08,25.928,4.279,68.470,0.252,0,4889072,123924,195568,2720452,5721.277,1631.198,16.111,745.115,1.007,76.525,3514,6619,2.400,1.810,1.070,4,0,3.021,0,0,26,255,6,49,0
21-08 12:37:09,23.919,4.983,68.519,0.747,0,4903588,120840,195552,2709208,8602.974,1506.916,442.507,318.924,26.909,33.886,4715,9870,2.400,1.810,1.070,3,0,0.997,0,0,26,258,6,50,0
21-08 12:37:10,26.453,3.743,68.129,0.250,0,4905536,130992,195536,2697188,6208.012,1617.138,0,451.201,0,52.906,4136,8077,2.400,1.810,1.070,2,0,6.988,0,0,26,261,6,48,0
21-08 12:37:11,22.552,13.531,61.392,0.752,0,4843156,196496,195512,2694056,4438.230,1569.618,1126.597,21473.496,19.044,65.150,5196,9102,2.400,1.810,1.070,2,0,135.312,0,0,26,259,6,55,0
21-08 12:37:12,20.754,7.501,69.763,1.250,0,4897896,141700,195516,2694076,6437.184,1620.298,64.012,9861.815,11.002,123.023,2345,3602,2.290,1.790,1.070,1,0,74.014,0,0,26,259,6,51,0
21-08 12:37:13,22.171,6.975,69.752,0.249,0,4857920,166212,197012,2705280,6035.532,1687.996,0,1323.293,0,20.926,1925,2997,2.290,1.790,1.070,3,0,9.965,0,0,26,261,6,51,0
21-08 12:37:14,25.906,5.533,66.903,0.755,0,4909268,136296,197008,2683940,6778.808,1629.811,8.048,12511.318,1.006,599.610,12006,22504,2.290,1.790,1.070,2,0,4.024,0,0,26,263,6,51,0
21-08 12:37:15,26.016,5.003,69.042,0.250,0,4931400,125272,196992,2672880,7367.487,1620.987,8.005,872.531,2.001,52.032,4433,7889,2.290,1.790,1.070,2,0,22.013,0,0,26,263,6,53,0
21-08 12:37:16,25.742,3.499,70.477,0,0,4936092,120632,196992,2672868,49440.932,1511.509,0,91.970,0,9.997,1850,2667,2.290,1.790,1.070,1,0,0,0,0,26,263,6,53,0
21-08 12:37:17,29.603,4.975,64.180,0.249,0,4939512,151236,196828,2639472,6430.980,1611.974,250.752,282.593,27.861,32.837,5024,10449,2.190,1.780,1.070,2,0,36.817,0,0,26,263,6,56,0
21-08 12:37:18,21.737,6.246,71.456,0,0,4939680,150984,196828,2639556,6253.192,1619.014,0,231.859,0,14.991,1748,2825,2.190,1.780,1.070,3,0,0,0,0,26,263,6,43,0
21-08 12:37:19,22.492,5.248,71.225,0,0,4939932,150732,196828,2639556,5740.956,1565.443,0,47.983,0,5.998,1792,2877,2.190,1.780,1.070,2,0,1.000,0,0,26,265,6,43,0
21-08 12:37:20,27.249,2.250,70.248,0.500,0,4945056,145664,196828,2639564,6821.850,1619.964,0,58066.723,0,332.993,2258,3364,2.190,1.780,1.070,3,0,0,0,0,26,265,6,43,0
21-08 12:37:21,27.969,1.498,69.172,0.250,0,4959860,130796,196828,2639628,5664.650,1618.186,0,515.422,0,33.962,1878,2874,2.190,1.780,1.070,4,0,0.999,0,0,26,267,6,43,0
21-08 12:37:22,24.005,13.253,61.764,0.250,0,4863744,226116,196848,2640384,9411.127,1768.400,328.074,0,46.010,0,3368,5985,2.090,1.770,1.070,4,0,447.101,0,0,26,267,6,42,0
21-08 12:37:23,22.787,5.509,70.864,0,0,4850028,239824,196848,2640428,5984.629,1738.798,0,4.006,0,1.002,1875,2957,2.090,1.770,1.070,2,0,45.073,0,0,26,267,6,42,0
21-08 12:37:24,12.043,18.065,67.492,0.251,0,4862428,227384,196848,2640468,10553.793,1517.434,28.101,590.113,5.018,50.180,4123,7215,2.090,1.770,1.070,2,0,416.491,0,0,26,273,6,42,0
21-08 12:37:25,8.201,9.443,82.009,0,0,4863972,225776,196848,2640532,8061.694,1683.910,3.976,266.404,0.994,16.899,2848,4766,2.090,1.770,1.070,1,0,223.660,0,0,26,273,6,42,0
21-08 12:37:26,15.109,3.274,82.346,0,0.252,4900008,189740,196848,2640532,5499.813,1631.813,0,8.058,0,2.015,1597,2684,2.090,1.770,1.070,2,0,9.066,0,0,26,273,6,42,0
21-08 12:37:27,27.590,3.480,68.851,0.249,0,4865596,223932,196848,2640752,8139.814,1556.974,67.608,214.755,4.971,20.879,2812,5501,2,1.750,1.070,2,0,1.988,0,0,26,277,6,42,0
21-08 12:37:28,10.311,18.610,69.660,0,0,4876348,212940,196852,2640988,9183.107,1629.602,136.806,181.067,11.065,12.071,3555,5673,2,1.750,1.070,2,0,269.588,0,0,26,277,6,42,0
21-08 12:37:29,13.963,15.958,69.317,0.249,0.249,4876744,212356,196852,2641176,8201.291,1689.528,43.884,0,5.984,0,3410,5559,2,1.750,1.070,3,0,239.366,0,0,26,277,6,42,0
21-08 12:37:30,21.046,7.015,70.655,0.251,0,4926340,162616,196856,2641316,9778.444,1697.723,20.044,400.879,2.004,31.068,2595,4100,2,1.750,1.070,2,0,106.233,0,0,26,277,6,42,0
21-08 12:37:31,23.584,3.972,69.263,0.745,0,4980352,133188,196488,2617744,7464.487,1574.920,162.854,4782.356,4.965,434.940,2121,2658,2,1.750,1.070,2,0,0,0,0,26,277,6,42,0
21-08 12:37:32,25.933,3.273,70.750,0,0,4889244,223944,196488,2618096,5955.055,1631.522,189.337,197.394,8.057,24.171,2228,3557,1.920,1.740,1.070,2,0,7.050,0,0,26,277,6,42,0
21-08 12:37:33,25.073,3.724,70.254,0.248,0,4949648,163492,196488,2618144,7426.517,1682.113,35.747,178.737,4.965,7.944,1767,2618,1.920,1.740,1.070,4,0,0,0,0,26,277,6,42,0
21-08 12:37:34,26.481,5.044,68.850,0,0,4982868,130256,196488,2618160,4737.281,1676.610,0,351.059,0,33.290,3159,5618,1.920,1.740,1.070,2,0,2.018,0,0,26,283,6,42,0
21-08 12:37:35,25.778,3.718,68.905,0.496,0,4908156,204964,196604,2618048,11747.618,1552.601,115.007,2962.434,3.966,153.674,2351,3382,1.920,1.740,1.070,6,0,16.855,0,0,26,277,6,42,0
21-08 12:37:36,26.173,3.775,69.458,0,0,4877392,235484,196604,2618292,10938.126,1630.753,0,100.664,0,7.046,1916,2738,1.920,1.740,1.070,3,0,28.186,0,0,26,277,6,42,0
21-08 12:37:37,8.258,18.769,71.071,0.250,0,4886848,224796,196612,2619516,5394.427,1621.631,1381.390,468.471,22.022,19.019,3875,6624,1.770,1.710,1.060,2,0,434.437,0,0,26,277,6,42,0
21-08 12:37:38,22.233,5.995,71.196,0.250,0,4901284,209760,196684,2620044,5645.721,1658.743,671.491,0,87.933,0,2214,3494,1.770,1.710,1.060,2,0,91.930,0,0,26,277,6,42,0
21-08 12:37:39,24.746,5.249,68.988,0,0,4923432,187480,196704,2620156,5542.063,1619.726,159.973,115.980,7.999,3.999,9280,18970,1.770,1.710,1.060,2,0,5.999,0,0,26,277,6,42,0
21-08 12:37:40,21.367,3.230,74.039,0.497,0,4909116,201308,196728,2620620,13713.619,5332.798,31.802,854.679,0.994,50.684,2241,3496,1.770,1.710,1.060,2,0,6.957,0,0,26,278,6,42,0
21-08 12:37:41,24.501,5.750,68.753,0.500,0,4938264,170352,196872,2622068,5546.261,1620.076,0,580.027,0,22.001,9749,19346,1.770,1.710,1.060,2,0,6.000,0,0,26,278,6,42,0
21-08 12:37:42,21.371,7.040,70.649,0,0,4875644,233120,196872,2621920,6840.615,1804.185,0,124.704,0,10.057,2591,4256,1.710,1.700,1.060,2,0,140.795,0,0,26,277,6,42,0
21-08 12:37:43,22.862,6.958,70.077,0,0,4925952,182828,196872,2621996,5335.814,1556.611,3.976,298.201,0.994,8.946,2373,3780,1.710,1.700,1.060,4,0,130.215,0,0,26,277,6,42,0
21-08 12:37:44,25.902,5.281,68.904,0,0,4879900,228508,196872,2622368,5430.808,1629.544,16.094,152.896,1.006,13.077,3073,5777,1.710,1.700,1.060,2,0,41.242,0,0,26,277,6,45,0
21-08 12:37:45,24.090,6.457,67.303,0,0,4934840,173436,196872,2622500,5828.294,1585.471,11.921,206.628,1.987,11.921,2874,5115,1.710,1.700,1.060,6,0,72.518,0,0,26,277,6,46,0
21-08 12:37:46,25.777,5.756,68.070,0,0.250,4901744,206036,196872,2622996,43328.672,1789.845,476.491,0,5.005,0,2627,4846,1.710,1.700,1.060,3,0,70.072,0,0,26,277,6,47,0
21-08 12:37:47,27.766,2.752,69.039,0,0,4939256,168488,196872,2623032,6544.704,1694.959,0,464.263,0,25.014,2461,4925,1.730,1.710,1.070,2,0,0,0,0,26,279,6,47,0
21-08 12:37:48,24.255,5.001,70.514,0.250,0,4913080,194640,196872,2623056,7200.454,1620.327,16.003,160.032,1.000,12.002,2175,3252,1.730,1.710,1.070,2,0,56.011,0,0,26,277,6,47,0
21-08 12:37:49,24.751,4.750,69.502,0,0,4884340,223204,196872,2623232,5778.179,1620.050,84.003,128.004,8.000,12.000,2556,4393,1.730,1.710,1.070,2,0,32.001,0,0,26,277,6,48,0
21-08 12:37:50,25.253,2.750,71.259,0,0,4944756,162724,196872,2623296,7773.980,1620.204,0,0,0,0,1958,3190,1.730,1.710,1.070,4,0,0,0,0,26,277,6,48,0
21-08 12:37:51,23.853,5.273,70.304,0.251,0,4915676,191800,196872,2623300,4635.047,1464.333,32.139,277.199,2.009,36.156,2776,4917,1.730,1.710,1.070,2,0,47.204,0,0,26,277,6,43,0
21-08 12:37:52,25.130,2.986,70.166,0,0,4884116,223272,196872,2623388,6216.385,1612.319,0,171.184,0,8.957,2726,4688,1.670,1.690,1.060,2,0,4.976,0,0,26,277,6,46,0
21-08 12:37:53,23.601,5.021,70.802,0,0,4940868,166516,196872,2623392,6006.630,1626.942,80.343,208.891,5.021,17.073,2164,3351,1.670,1.690,1.060,3,0,27.116,0,0,26,278,6,46,0
21-08 12:37:54,23.135,7.712,67.662,0.249,0,4890132,214612,196892,2625964,8879.690,3265.704,1699.519,453.736,18.906,55.722,3963,7305,1.670,1.690,1.060,2,0,183.086,0,0,26,279,6,46,0
21-08 12:37:55,9.043,6.783,83.149,0,0,4896044,208872,196892,2625776,12247.802,5172.835,0,285.370,0,13.063,2641,4393,1.670,1.690,1.060,1,0,121.584,0,0,26,277,6,42,2
21-08 12:37:56,8.500,3.500,87.500,0.250,0,4878836,226432,196892,2625424,11142,3694,0,252,0,18,2099,3289,1.670,1.690,1.060,0,0,20,0,0,26,275,6,43,2
21-08 12:37:57,10.448,1.990,86.567,0.498,0,4879556,225284,196892,2625852,7579.089,1611.937,776.118,577.113,57.711,30.846,1895,3120,1.620,1.680,1.060,2,0,7.960,0,0,26,275,6,41,2
21-08 12:37:58,21.046,15.784,61.884,1.503,0,4856840,236928,197188,2636288,7360.936,117319.998,9015.519,10166.009,211.458,31.067,6623,11643,1.620,1.680,1.060,5,0,71.154,0,0,26,275,6,41,2
21-08 12:37:59,4.241,1.497,93.299,0,0,4856676,235416,197188,2637964,7764.314,1616.526,7.983,3.991,1.996,0.998,3310,6226,1.620,1.680,1.060,1,0,0,0,0,26,275,6,34,2
21-08 12:38:00,3.505,1.001,95.632,0,0,4856676,235416,197188,2637964,5411.495,1622.247,0,0,0,0,1346,2406,1.620,1.680,1.060,1,0,0,0,0,26,275,6,34,2
21-08 12:38:01,3.248,0.999,94.192,0,0,4856900,235192,197188,2637964,6576.968,1619.008,0,3.998,0,0.999,1351,2403,1.620,1.680,1.060,1,0,0,0,0,26,275,6,33,2
21-08 12:38:02,3.002,1.501,91.801,2.501,0,4857060,235192,197188,2637976,9423.211,1694.937,0,17597.732,0,1210.670,3313,2953,1.490,1.650,1.060,1,0,0,0,0,26,275,6,33,2
21-08 12:38:03,4.249,1.000,94.234,0,0,4857092,235192,197188,2637976,8673.517,1619.723,0,339.942,0,7.999,1550,2561,1.490,1.650,1.060,2,0,0,0,0,26,275,5,31,2
21-08 12:38:04,5.524,1.004,92.909,0.251,0,4857084,235192,197192,2637980,5282.242,1627.160,0,220.972,0,29.128,1702,2874,1.490,1.650,1.060,1,0,0,0,0,26,275,5,31,2
21-08 12:38:05,4.475,1.740,94.224,0,0,4857320,234940,197196,2637992,5023.946,1449.904,0,198.889,0,14.917,1516,2620,1.490,1.650,1.060,1,0,1.989,0,0,26,275,5,31,2
21-08 12:38:06,4.497,0.999,93.436,0,0,4857320,234940,197196,2637992,5417.316,1618.899,0,3.997,0,0.999,1390,2413,1.490,1.650,1.060,2,0,0,0,0,26,275,5,31,2
21-08 12:38:07,3.522,0.503,94.852,0,0,4857320,234940,197196,2637992,5013.818,1630.346,0,161.022,0,5.032,1437,2519,1.370,1.630,1.050,1,0,0,0,0,26,275,5,31,2
21-08 12:38:08,4.724,0.746,94.471,0,0,4857320,234940,197196,2637992,8373.144,1610.985,0,0,0,0,1472,2538,1.370,1.630,1.050,1,0,0,0,0,26,275,5,31,2
21-08 12:38:09,3.250,0.750,95.001,0,0,4857316,234940,197196,2637996,5737.052,1620.015,0,12.000,0,1.000,1372,2480,1.370,1.630,1.050,1,0,0,0,0,26,275,5,28,2
21-08 12:38:10,4.249,1.500,93.731,0,0,4858068,234188,197196,2637996,6814.637,1619.676,0,0,0,0,1460,2575,1.370,1.630,1.050,1,0,5.999,0,0,26,275,5,28,2
21-08 12:38:11,7.545,1.509,90.791,0,0,4858068,234188,197196,2637996,5213.065,1704.155,0,112.671,0,5.030,1513,2535,1.370,1.630,1.050,0,0,0,0,0,26,273,5,19,4
21-08 12:38:12,4.232,1.245,94.340,0,0,4858760,233488,197196,2637996,5763.933,1579.132,0,1350.128,0,3.983,1565,2619,1.260,1.600,1.050,1,0,0,0,0,26,273,5,19,4
21-08 12:38:13,4.499,1.000,94.477,0,0,4858756,233488,197196,2638000,5595.629,1565.616,3.999,171.958,1.000,7.998,1524,2632,1.260,1.600,1.050,1,0,0,0,0,26,273,5,19,4
21-08 12:38:14,5.499,1.250,93.237,0.250,0.250,4858752,233488,197196,2638004,6362.135,1693.770,0,143.980,0,20.997,1721,2947,1.260,1.600,1.050,2,0,0,0,0,26,273,5,19,4
21-08 12:38:15,3.252,1.501,94.053,0.250,0,4858752,233488,197196,2638004,7195.051,1620.913,0,240.135,0,17.010,1557,2572,1.260,1.600,1.050,1,0,2.001,0,0,26,273,5,18,4
21-08 12:38:16,4.244,0.998,93.607,0,0,4858748,233488,197196,2638008,42533.052,1617.530,0,31.951,0,2.995,1498,2512,1.260,1.600,1.050,1,0,0,0,0,26,273,5,18,4
21-08 12:38:17,8.250,3.000,87.247,0,0,4859716,232520,197196,2637836,5892.788,1619.942,31.999,475.983,2.000,13.000,2730,5605,1.240,1.590,1.050,1,0,33.999,0,0,26,273,5,17,4
21-08 12:38:18,3.746,0.999,93.655,0.250,0,4859616,232588,197196,2638040,7434.439,1692.279,0,251.744,0,14.985,1493,2463,1.240,1.590,1.050,2,0,0,0,0,26,273,5,17,4
21-08 12:38:19,3.505,1.252,94.645,0,0,4859616,232588,197196,2638040,6289.648,1514.323,0,4.006,0,1.002,1402,2510,1.240,1.590,1.050,1,0,0,0,0,26,273,5,17,4
21-08 12:38:20,4.022,0.251,95.022,0,0,4859616,232588,197196,2638040,6498.704,1574.651,0,8.044,0,1.006,1260,2266,1.240,1.590,1.050,2,0,0,0,0,26,273,5,17,4
21-08 12:38:21,2.987,0.996,95.075,0,0,4859616,232588,197196,2638040,8387.541,1612.797,0,0,0,0,1318,2376,1.240,1.590,1.050,1,0,0,0,0,26,273,5,17,4
21-08 12:38:22,3.999,0.750,94.972,0,0,4859616,232588,197196,2638040,5770.292,1619.521,0,35.989,0,1.000,1379,2418,1.140,1.560,1.040,1,0,0,0,0,26,273,5,17,4
21-08 12:38:23,3.749,1.000,94.975,0,0,4859616,232588,197196,2638040,6979.130,1619.566,0,0,0,0,1440,2457,1.140,1.560,1.040,3,0,0,0,0,26,273,5,17,4
21-08 12:38:24,6.246,1.999,90.198,0.250,0,4869080,223116,197196,2638048,7411.768,1619.076,0,215.877,0,19.989,1707,2963,1.140,1.560,1.040,1,0,0,0,0,26,273,5,17,4
21-08 12:38:25,5.505,1.001,94.335,0,0,4869552,222644,197196,2638048,5840.274,1621.464,0,240.217,0,16.014,1563,2662,1.140,1.560,1.040,1,0,2.002,0,0,26,273,5,17,4
21-08 12:38:26,3.985,1.992,92.391,0.498,0,4870028,222168,197196,2638048,5598.223,1731.265,0,633.536,0,25.899,1662,2854,1.140,1.560,1.040,2,0,0,0,0,26,273,6,17,4
21-08 12:38:27,3.262,1.756,93.844,0,0.251,4870028,222168,197196,2638048,6021.043,1720.298,0,76.279,0,9.033,1515,2571,1.050,1.540,1.030,1,0,0,0,0,26,273,6,17,4
21-08 12:38:28,5.256,1.251,93.352,0,0,4870028,222168,197196,2638048,19573.433,5170.662,0,128.140,0,1.001,1689,2627,1.050,1.540,1.030,1,0,0,0,0,26,273,6,17,4
21-08 12:38:29,5.025,1.256,93.965,0,0,4871112,220908,197196,2638224,109948.133,1244.157,249.233,0,3.015,0,1449,2432,1.050,1.540,1.030,6,0,3.015,0,0,26,273,6,17,4
21-08 12:38:30,12.920,3.727,82.239,0,0,4877808,213800,197232,2638600,233033.628,8843.076,162.988,0,8.944,0,2080,2999,1.050,1.540,1.030,1,0,29.815,0,0,26,273,6,17,4
21-08 12:38:31,15.586,7.290,75.918,0.251,0,4886500,198248,197328,2645364,233605.230,4372.073,486.680,8.044,63.349,2.011,2307,3226,1.050,1.540,1.030,2,0,46.255,0,0,26,273,6,17,4
