"pcp-dstat 5.3.6 CSV Output"
"Author:","PCP team <pcp@groups.io> and Dag Wieers <dag@wieers.com>",,,,"URL:","https://pcp.io/ and http://dag.wieers.com/home-made/dstat/"
"Host:","ubuntu",,,,"User:","ubuntu"
"Cmdline:","dstat -tcmndrylpg --tcp --output /tmp/devstack_logs/dstat-csv.log",,,,"Date:","17 Apr 2026 11:52:36 UTC"
"system","total usage",,,,,"memory usage",,,,"net/total",,"dsk/total",,"io/total",,"system",,"load avg",,,"procs",,,"paging",,"tcp sockets",,,,
"time","total usage:usr","total usage:sys","total usage:idl","total usage:wai","total usage:stl","used","free","buf","cach","net/total:recv","net/total:send","dsk/total:read","dsk/total:writ","read","writ","int","csw","1m","5m","15m","run","blk","new","in","out","lis","act","syn","tim","clo"
17-04 11:52:36,,972056,446180,176468,6164200,,,,,,,1.120,0.900,0.560,2,0,,,,9,6,6,12,0
17-04 11:52:37,15.982,20.726,61.930,0.749,0,983160,434380,176564,6164704,46097.633,16458.303,0,1773.985,0,66.924,3257,4944,1.120,0.900,0.560,1,0,401.544,0,0,9,6,6,12,0
17-04 11:52:38,24.218,19.225,53.929,0.250,0,1009724,407664,176600,6165156,18665.511,6689.224,0,846.889,0,32.957,3761,7689,1.120,0.900,0.560,2,0,409.463,0,0,9,5,6,12,1
17-04 11:52:39,25.809,16.788,55.877,0.251,0,1016504,400528,176724,6165092,65992.198,14354.671,0,1760.006,0,61.139,4527,9733,1.190,0.920,0.570,1,0,212.484,0,0,9,4,6,11,2
17-04 11:52:40,17.219,6.738,74.364,0.250,0,1158940,257420,176784,6290256,94999.246,10119.491,0,974.218,0,32.940,2336,4957,1.190,0.920,0.570,2,0,40.925,0,0,10,4,6,11,2
17-04 11:52:41,19.258,8.003,72.030,0.500,0,1164532,241880,176924,6299760,190598.242,13283.592,0,1440.606,0,53.022,1790,2425,1.190,0.920,0.570,3,0,95.040,0,0,10,6,6,11,2
17-04 11:52:42,25.303,12.276,61.880,1.002,0.501,1190728,206212,177128,6308592,1811739.783,36016.418,80.168,3904.175,1.002,93.195,3896,4605,1.190,0.920,0.570,1,1,187.392,0,0,10,6,6,13,2
17-04 11:52:43,43.996,5.999,49.245,0.750,0,1253120,120012,178096,6328312,9714.009,1619.835,0,3711.621,0,83.991,1434,1837,1.190,0.920,0.570,2,0,0,0,0,10,6,6,13,2
17-04 11:52:44,37.999,7.000,45.749,8.750,0,1255284,129044,179820,6313040,9632.769,1693.959,4.000,37543.099,1.000,2211.947,9310,17235,1.340,0.960,0.580,1,1,29.999,0,0,10,8,6,13,2
17-04 11:52:45,36.337,6.969,43.554,11.946,0,1264692,129836,180632,6299272,12197.137,2017.923,127.427,34421.174,0.996,2557.496,11968,23403,1.340,0.960,0.580,1,1,53.758,0,0,10,9,5,13,2
17-04 11:52:46,37.168,11.050,50.478,1.758,0,1153552,256320,180752,6283980,16137.846,3902.616,180.816,17169.503,15.068,998.507,2818,6303,1.340,0.960,0.580,2,0,78.354,0,0,10,4,5,13,0
17-04 11:52:47,42.699,4.994,52.188,0.250,0,1237628,166204,180956,6289408,18278.121,3652.628,103.876,7754.718,8.989,311.627,1783,2708,1.340,0.960,0.580,2,0,5.993,0,0,10,5,5,13,0
17-04 11:52:48,42.430,7.488,49.668,0.250,0,1227488,175644,181076,6289764,15007.373,3041.010,19.967,7435.798,2.995,341.440,1950,3004,1.340,0.960,0.580,1,0,22.962,0,0,10,5,5,13,0
17-04 11:52:49,40.108,13.286,43.618,0.501,0,1168568,227520,181628,6297120,15612.153,3408.202,132.357,135574.050,5.014,730.974,9674,20176,1.390,0.980,0.590,5,0,123.333,0,0,10,4,5,13,0
17-04 11:52:50,28.752,27.502,42.253,0,0,1154232,240876,181700,6295760,47877.304,1662.115,316.022,508.035,24.002,16.001,11817,23254,1.390,0.980,0.590,2,0,566.039,0,0,10,4,5,14,0
17-04 11:52:51,36.498,20.999,40.498,0.500,0,1138048,268404,181744,6285880,7686.631,1619.922,587.972,1703.918,15.999,16.999,4938,9280,1.390,0.980,0.590,4,0,216.990,0,0,10,4,5,13,0
17-04 11:52:52,66.392,11.232,22.214,0.250,0,1225916,179356,181880,6287036,7189.325,1455.636,910.521,7.987,28.953,1.997,1592,2109,1.390,0.980,0.590,2,0,142.768,0,0,10,5,5,13,0
17-04 11:52:53,48.082,3.756,48.082,0,0,1266904,136592,181908,6288784,11539.779,1696.909,0,572.982,0,80.137,2164,4133,1.390,0.980,0.590,2,0,0,0,0,10,5,5,13,0
17-04 11:52:54,18.691,7.975,73.021,0,0,1279720,122428,181952,6289988,9473.235,1688.694,0,3249.789,0,113.643,1858,3197,1.280,0.960,0.580,0,0,117.630,0,0,10,4,5,14,0
17-04 11:52:55,8.268,5.261,85.436,0.501,0,1294620,126948,180980,6271712,9914.634,1623.543,160.350,48044.834,6.013,376.822,1984,2097,1.280,0.960,0.580,1,0,22.048,0,0,10,4,5,14,0
17-04 11:52:56,21.725,4.745,73.165,0,0,1354348,124740,180136,6215648,7884.861,1692.039,7.991,0,0.999,0,922,1137,1.280,0.960,0.580,1,0,0,0,0,10,4,5,14,0
17-04 11:52:57,24.242,1.999,71.975,0.750,0,1370928,132552,179820,6192048,4235.556,1457.503,783.733,1403.521,14.995,107.963,1583,2659,1.280,0.960,0.580,1,0,1.000,0,0,10,10,5,14,0
17-04 11:52:58,19.970,5.742,71.644,1.248,0,1298672,203408,179888,6193436,10571.354,1659.544,1521.748,702.960,46.931,114.830,2383,3674,1.280,0.960,0.580,1,0,42.936,0,0,10,4,5,16,0
17-04 11:52:59,22.531,4.704,72.545,0,0,1345244,156328,180032,6193800,7112.891,1604.412,324.844,0,18.817,0,975,1158,1.260,0.960,0.590,2,0,0,0,0,10,5,5,16,0
17-04 11:53:00,22.794,2.786,72.688,1.520,0.253,1286904,213752,180432,6194232,5337.848,1641.168,672.676,4125.207,75.980,148.921,2267,3753,1.260,0.960,0.590,1,0,13.170,0,0,10,28,5,17,0
17-04 11:53:01,20.967,4.743,72.885,0,0,1347424,153204,180436,6194256,10778.958,1916.969,3.994,287.545,0.998,11.981,1305,1749,1.260,0.960,0.590,1,0,32.948,0,0,10,29,6,17,0
17-04 11:53:02,24.764,10.756,64.036,0,0,1344556,156048,180436,6194280,9006.079,1694.956,108.061,12.007,6.003,3.002,1968,2847,1.260,0.960,0.590,2,0,156.088,0,0,10,28,6,18,0
17-04 11:53:03,43.742,7.249,48.241,0.250,0,1427612,128668,180052,6140008,10918.035,1551.721,139.975,3147.433,4.999,394.929,2856,4670,1.260,0.960,0.590,2,0,1.000,0,0,10,29,6,18,0
17-04 11:53:04,52.851,19.037,27.302,0.250,0,1434864,120852,180072,6140520,9663.554,1697.259,500.962,376.723,24.046,41.079,3306,7207,1.560,1.030,0.610,5,0,418.804,0,0,10,28,6,18,0
17-04 11:53:05,81.446,16.989,1.749,0,0,1623008,126088,179440,5951948,5345.467,1618.930,1187.215,1726.859,112.925,181.880,3802,7703,1.560,1.030,0.610,7,0,159.894,0,0,10,30,6,18,0
17-04 11:53:06,75.553,12.759,10.257,0,0,1445264,372824,179160,5884816,12175.511,1621.133,748.523,1356.949,123.086,188.132,3499,7319,1.560,1.030,0.610,2,0,200.140,0,0,10,28,6,18,0
17-04 11:53:07,31.191,8.983,58.390,0,0,1345380,472640,179168,5884872,9315.403,1455.251,31.940,319.397,6.987,29.943,3236,5634,1.560,1.030,0.610,1,0,109.793,0,0,10,28,6,19,0
17-04 11:53:08,22.469,3.246,73.151,0,0,1392196,425796,179180,5884888,9295.358,1691.699,7.989,119.837,1.997,7.989,1326,2634,1.560,1.030,0.610,1,0,0.999,0,0,10,29,6,19,0
17-04 11:53:09,20.744,6.498,72.480,0.250,0.500,1366496,451348,179180,5885036,11119.964,1693.538,3.999,199.945,1.000,17.995,1611,2380,1.510,1.030,0.610,1,0,67.981,0,0,10,28,6,19,0
17-04 11:53:10,21.299,4.510,72.668,0.251,0,1318892,498808,179188,5885172,10084.355,1697.932,148.344,433.003,6.014,43.100,1901,3780,1.510,1.030,0.610,1,0,43.100,0,0,10,28,6,20,0
17-04 11:53:11,9.994,20.987,68.209,0,0.250,1318940,498568,179188,5885364,7531.436,1619.019,195.881,235.857,5.996,11.993,2414,3086,1.510,1.030,0.610,2,0,319.806,0,0,10,28,6,20,0
17-04 11:53:12,24.043,25.796,49.088,0.250,0,1369092,448360,179204,5885404,5099.127,1460.614,80.143,1154.066,1.002,75.134,2870,4687,1.510,1.030,0.610,5,0,579.036,0,0,10,28,6,19,0
17-04 11:53:13,85.096,12.192,2.488,0,0,1610980,206320,179204,5885552,5437.179,1612.343,3.981,175.168,0.995,13.934,2175,4429,1.510,1.030,0.610,6,0,96.542,0,0,10,29,6,19,0
17-04 11:53:14,80.603,9.793,9.040,0,0,1476152,340772,179204,5885924,11241.191,1627.120,0,506.215,0,55.242,6030,15740,1.950,1.130,0.650,5,0,90.396,0,0,10,29,6,20,0
17-04 11:53:15,84.533,15.256,0.750,0,0,1572380,244432,179208,5886032,13204.084,1620.624,0,348.134,0,31.012,2516,3824,1.950,1.130,0.650,6,0,141.054,0,0,10,28,6,20,0
17-04 11:53:16,83.352,12.228,3.743,0,0,1631372,185084,179208,5886388,9515.158,1455.424,3.993,167.703,0.998,7.986,6553,13515,1.950,1.130,0.650,7,0,101.820,0,0,10,29,6,20,0
17-04 11:53:17,63.106,8.765,27.797,0,0,1394336,421892,179208,5886616,7426.514,1696.859,0,412.695,0,35.059,5061,9622,1.950,1.130,0.650,2,0,195.329,0,0,10,28,6,22,0
17-04 11:53:18,42.403,9.229,48.639,0.249,0,1445592,370624,179208,5886628,10191.773,1690.148,0,175.600,0,11.973,1687,2034,1.950,1.130,0.650,2,0,80.816,0,0,10,28,6,22,0
17-04 11:53:19,42.083,15.531,39.828,0,0,1339216,476956,179208,5886672,7865.456,1623.190,0,921.811,0,60.118,4085,8408,2.120,1.170,0.660,5,0,367.723,0,0,10,28,6,23,0
17-04 11:53:20,66.273,9.003,24.758,0,0,1516008,300052,179208,5886784,5945.021,1620.551,0,44.015,0,6.002,1875,2901,2.120,1.170,0.660,5,0,11.004,0,0,10,29,6,22,0
17-04 11:53:21,65.747,14.749,18.749,0.250,0,1434300,381440,179220,5887092,5755.764,1619.934,0,475.980,0,46.998,3516,8417,2.120,1.170,0.660,5,0,257.989,0,0,10,28,6,26,0
17-04 11:53:22,77.494,10.499,13.249,0,0,1592968,222708,179220,5887156,12316.126,1457.896,0,119.991,0,6.000,3920,7415,2.120,1.170,0.660,2,0,0,0,0,10,32,6,26,0
17-04 11:53:23,64.305,14.456,19.441,0.249,0,1417896,397764,179224,5887168,7904.969,1615.090,0,398.788,0,36.888,4868,10600,2.120,1.170,0.660,5,0,323.018,0,0,10,28,6,29,0
17-04 11:53:24,65.686,6.268,28.330,0,0,1528388,286812,179232,5887620,10376.438,1624.609,0,365.036,0,31.088,3337,7771,2.270,1.220,0.680,5,0,0,0,0,10,30,6,30,0
17-04 11:53:25,66.265,15.254,18.004,0,0,1475640,339552,179232,5887628,12936.976,1694.390,0,348.080,0,27.006,2883,5505,2.270,1.220,0.680,5,0,299.069,0,0,10,28,6,32,0
17-04 11:53:26,60.001,11.250,28.501,0,0,1392176,422840,179232,5887804,12032.265,1620.036,0,380.008,0,36.001,6046,11065,2.270,1.220,0.680,7,0,110.002,0,0,10,28,6,33,0
17-04 11:53:27,64.256,14.751,21.002,0,0,1520952,293960,179232,5887908,8106.794,1458.143,0,232.023,0,12.001,1779,2721,2.270,1.220,0.680,5,0,177.017,0,0,10,28,6,33,0
17-04 11:53:28,61.000,11.750,26.250,0,0,1405384,408840,179244,5888584,5157.036,1620.011,0,416.003,0,42.000,4894,9373,2.270,1.220,0.680,4,0,113.001,0,0,10,28,6,31,0
17-04 11:53:29,63.193,7.743,28.225,0,0,1527324,286872,179244,5888612,9966.060,1618.548,0,191.828,0,11.989,2499,6555,2.410,1.270,0.700,3,0,0,0,0,10,31,6,31,0
17-04 11:53:30,65.801,18.264,15.012,0,0,1489980,324156,179252,5888664,10570.255,1705.332,0,488.381,0,53.041,2852,5292,2.410,1.270,0.700,8,0,401.313,0,0,10,28,6,31,0
17-04 11:53:31,85.248,12.250,2.500,0,0,1657804,156104,179264,5888880,5932.869,1619.964,4.000,863.981,1.000,60.999,4621,9054,2.410,1.270,0.700,8,0,185.996,0,0,10,29,6,31,0
17-04 11:53:32,85.499,13.500,0.500,0,0,1540944,272764,179276,5889068,9706.884,1457.983,0,475.994,0,37.000,3432,5826,2.410,1.270,0.700,9,0,242.997,0,0,10,28,6,28,0
17-04 11:53:33,79.501,16.500,3.500,0,0,1562160,251460,179276,5889156,9309.149,1694.027,0,356.006,0,23.000,5259,9399,2.410,1.270,0.700,8,0,257.004,0,0,10,29,6,28,0
17-04 11:53:34,73.251,19.000,6.750,0,0,1529340,284068,179276,5889368,10234.194,1694.032,0,244.005,0,12.000,6193,12564,2.610,1.330,0.720,5,0,371.007,0,0,10,29,6,28,0
17-04 11:53:35,41.900,24.941,31.425,0.499,0,1335696,476128,179284,5890944,9776.702,1689.973,1512.396,2573.866,13.967,155.629,6422,12218,2.610,1.330,0.720,3,0,631.495,0,0,10,28,6,29,0
17-04 11:53:36,8.501,22.002,68.006,0,0,1331524,480076,179284,5891168,7621.655,1620.139,0,4.000,0,1.000,2311,2970,2.610,1.330,0.720,1,0,313.027,0,0,10,28,6,29,0
17-04 11:53:37,13.283,27.568,58.645,0.251,0,1346404,465180,179292,5891176,10209.237,1698.198,4.010,6259.473,1.002,154.382,3163,4434,2.610,1.330,0.720,3,0,493.219,0,0,10,28,6,29,0
17-04 11:53:38,72.248,24.499,3.750,0,0,1538968,272576,179296,5891212,7568.750,1499.951,4.000,243.992,1.000,20.999,3236,6932,2.610,1.330,0.720,8,0,666.978,0,0,10,29,6,29,0
17-04 11:53:39,78.998,17.750,2.750,0,0,1606208,205144,179300,5891400,4891.863,1619.955,0,687.981,0,55.998,5282,11506,2.970,1.420,0.760,6,0,318.991,0,0,10,29,6,29,0
17-04 11:53:40,80.753,16.751,1.750,0,0.250,1579428,231672,179300,5891624,10165.386,1694.064,156.006,396.015,6.000,27.001,3583,7407,2.970,1.420,0.760,9,0,288.011,0,0,10,30,6,29,0
17-04 11:53:41,84.496,11.749,3.250,0,0,1636644,174232,179312,5891836,7598.673,1767.924,11.999,343.985,3.000,19.999,4396,10018,2.970,1.420,0.760,7,0,68.997,0,0,10,29,6,29,0
17-04 11:53:42,83.442,12.952,3.487,0,0,1710328,130240,179312,5862488,16606.688,4592.046,0,3809.934,0,306.867,6243,14854,2.970,1.420,0.760,7,0,32.879,0,0,10,31,6,29,0
17-04 11:53:43,85.789,11.288,2.508,0.251,0,1628480,220488,179320,5853744,9183.950,1637.518,357.204,3279.050,5.017,175.592,5619,12523,2.970,1.420,0.760,6,0,62.210,0,0,10,29,6,27,0
17-04 11:53:44,82.274,16.505,1.250,0,0,1616520,231444,179324,5854648,4921.442,1694.496,0,544.159,0,14.004,10970,22493,3.290,1.520,0.790,7,0,104.030,0,0,10,28,6,27,0
17-04 11:53:45,85.067,12.437,1.990,0,0,1680928,165980,179324,5855624,13413.697,2761.936,0,1468.522,0,13.929,6014,11652,3.290,1.520,0.790,7,0,77.605,0,0,10,31,6,28,0
17-04 11:53:46,79.146,13.568,6.281,0.251,0,1627256,218788,179352,5856332,260554.073,12397.047,0,1608.048,0,62.312,5487,16829,3.290,1.520,0.790,5,0,134.674,0,0,10,33,6,30,0
17-04 11:53:47,85.260,11.751,2.500,0,0,1663180,181868,179412,5857208,497427.696,18348.165,0,1968.232,0,86.010,5089,14629,3.290,1.520,0.790,6,0,55.006,0,0,10,31,6,30,0
17-04 11:53:48,79.996,14.749,4.750,0,0,1608172,236424,179472,5857520,28269.417,6875.615,71.996,1095.939,3.000,56.997,4988,10645,3.290,1.520,0.790,6,0,100.994,0,0,10,30,6,30,0
17-04 11:53:49,82.661,10.988,6.243,0,0,1692360,151844,179540,5857800,28020.990,6828.686,0,1058.866,0,56.939,4208,8864,3.430,1.580,0.820,8,0,29.968,0,0,10,32,6,31,0
17-04 11:53:50,82.261,12.215,5.484,0.249,0,1570516,273016,179636,5858208,25258.699,6774.341,7.977,1164.620,0.997,63.815,5500,18650,3.430,1.580,0.820,8,0,136.604,0,0,10,32,6,34,0
17-04 11:53:51,79.066,16.566,3.263,0,0,1525292,318160,179752,5858260,33360.174,8310.174,0,1365.451,0,68.273,2982,6765,3.430,1.580,0.820,6,0,238.954,0,0,10,30,6,33,0
17-04 11:53:52,79.752,14.250,5.500,0,0,1624952,217912,179860,5858636,25458.636,6652.166,0,956.024,0,46.001,4532,8634,3.430,1.580,0.820,6,0,80.002,0,0,10,31,6,33,0
17-04 11:53:53,81.950,10.743,6.746,0,0.250,1668316,174084,179992,5858936,31491.696,7614.332,0,1323.189,0,74.954,4311,10784,3.430,1.580,0.820,6,0,33.979,0,0,10,31,6,33,0
17-04 11:53:54,82.801,13.008,4.253,0,0,1565764,276392,180116,5859056,28798.769,7577.675,0,1312.810,0,74.046,3950,7703,3.550,1.630,0.840,6,0,152.094,0,0,10,30,6,33,0
17-04 11:53:55,80.747,12.499,7.000,0,0,1653204,188480,180228,5859296,27116.834,6736.710,0,1131.951,0,63.997,4870,9232,3.550,1.630,0.840,5,0,119.995,0,0,10,33,6,33,0
17-04 11:53:56,79.872,11.482,6.739,0.250,0,1667608,189300,180452,5844124,172013.402,16031.222,0,10918.443,0,429.310,7851,17797,3.550,1.630,0.840,6,0,52.915,0,0,10,33,6,33,0
17-04 11:53:57,80.127,16.025,3.005,0,0,1546428,309300,180476,5845312,767506.801,21977.901,0,616.980,0,29.046,3605,7027,3.550,1.630,0.840,4,0,234.372,0,0,10,30,6,33,0
17-04 11:53:58,81.250,8.250,10.750,0,0,1595028,243312,180476,5862664,9044897,105900,0,192,0,9,9595,14023,3.550,1.630,0.840,3,0,13,0,0,10,33,6,33,0
17-04 11:53:59,74.995,14.249,9.249,0.500,0,1497984,314144,180596,5888736,13386018.751,118221.961,0,19346.684,0,120.992,8945,12889,3.670,1.690,0.860,3,0,247.983,0,0,10,30,6,31,0
17-04 11:54:00,65.752,12.000,21.251,0.500,0,1553088,231928,180796,5915296,13350354.912,115599.930,0,19644.668,0,157.005,9727,10191,3.670,1.690,0.860,3,0,63.002,0,0,10,35,6,31,0
17-04 11:54:01,67.745,9.999,20.499,0.250,0,1580348,181332,181016,5937748,11706815.816,108715.281,0,21330.486,0,150.989,10143,13304,3.670,1.690,0.860,5,0,37.997,0,0,10,35,6,30,0
17-04 11:54:02,72.758,16.502,10.501,0.250,0,1518496,229860,181120,5950536,6481489.519,52217.587,0,7292.780,0,58.006,11371,18193,3.670,1.690,0.860,5,0,139.015,0,0,10,34,6,30,0
17-04 11:54:03,80.241,12.999,5.249,0,0,1602648,144592,181180,5951480,9202.988,1713.811,455.950,851.906,5.999,19.998,6237,15409,3.670,1.690,0.860,3,0,15.998,0,0,10,37,6,31,0
17-04 11:54:04,74.005,16.251,8.001,0.250,0,1495868,174772,183184,6018880,7478.471,1620.102,0,5956.375,0,220.014,4732,8462,3.780,1.740,0.880,4,0,153.010,0,0,10,34,6,32,0
17-04 11:54:05,84.008,9.501,6.251,0.250,0,1592128,120616,184212,5973860,10063.906,1532.138,12.001,17009.531,2.000,344.031,2647,2874,3.780,1.740,0.880,4,0,0,0,0,10,36,6,33,0
17-04 11:54:06,76.995,15.999,7.000,0,0,1460700,250132,195616,5954812,9730.338,1693.885,75.995,13119.108,3.000,44.997,4688,10519,3.780,1.740,0.880,4,0,183.987,0,0,10,34,6,34,0
17-04 11:54:07,86.499,11.750,2.000,0,0,1520736,242660,196332,5900964,5928.941,1967.980,0,2943.971,0,47.000,2262,3510,3.780,1.740,0.880,6,0,146.999,0,0,10,33,6,33,0
17-04 11:54:08,79.005,13.001,7.000,0.250,0,1516376,244036,196600,5903824,9368.590,1620.102,1552.098,1460.092,37.002,34.002,5372,12452,3.780,1.740,0.880,7,0,127.008,0,0,10,33,6,33,0
17-04 11:54:09,78.995,15.999,3.750,0,0,1550344,197860,196604,5915952,8513.489,1619.903,0,1155.931,0,30.998,7113,15701,3.950,1.810,0.910,4,0,213.987,0,0,10,32,6,33,0
17-04 11:54:10,71.249,20.250,8.500,1.000,0,1537268,206884,196612,5919948,5246.911,1619.972,3915.933,88730.492,94.998,319.995,4406,8942,3.950,1.810,0.910,5,0,465.992,0,0,10,33,6,33,0
17-04 11:54:11,59.490,15.997,22.746,0,0,1415440,327764,196624,5920824,10111.271,1457.751,459.921,403.931,4.999,27.995,4977,11358,3.950,1.810,0.910,3,0,308.947,0,0,10,32,6,33,0
17-04 11:54:12,40.421,13.474,44.912,0,0,1428816,314240,196636,5920960,8039.275,1690.693,0,435.149,0,34.932,2802,4756,3.950,1.810,0.910,2,0,240.530,0,0,10,32,6,33,0
17-04 11:54:13,42.834,9.519,47.844,0,0,1405380,337316,196640,5921316,10880.434,1623.198,0,328.647,0,21.041,2875,4992,3.950,1.810,0.910,4,0,101.199,0,0,10,33,6,33,0
17-04 11:54:14,44.963,6.495,48.210,0.500,0,1440052,302612,196640,5921348,9191.362,1618.655,0,339.718,0,27.977,2138,4014,3.800,1.820,0.920,4,0,30.974,0,0,10,33,6,33,0
17-04 11:54:15,44.474,6.746,48.721,0,0,1424444,318100,196644,5921464,5853.570,1619.051,0,347.796,0,27.984,2219,5908,3.800,1.820,0.920,2,0,4.997,0,0,10,33,5,32,0
17-04 11:54:16,42.293,9.510,48.550,0.250,0,1451436,290960,196648,5921608,12078.380,1459.496,0,676.694,0,17.017,1712,2976,3.800,1.820,0.920,2,0,64.066,0,0,10,33,5,32,0
17-04 11:54:17,43.255,7.501,48.756,0.250,0,1375680,366548,196660,5921764,7670.897,1620.190,0,424.050,0,40.005,2176,5066,3.800,1.820,0.920,2,0,74.009,0,0,10,32,5,30,0
17-04 11:54:18,44.930,5.491,48.923,0,0,1467968,274216,196660,5921808,10021.307,1617.467,0,295.537,0,25.959,2496,4734,3.800,1.820,0.920,2,0,25.959,0,0,10,33,5,30,0
17-04 11:54:19,42.742,7.249,48.241,0,0,1426240,315936,196664,5921812,7686.524,1619.689,0,271.948,0,20.996,2312,4242,3.650,1.820,0.920,2,0,34.993,0,0,10,32,5,29,0
17-04 11:54:20,42.583,9.769,47.843,0,0.250,1406564,335412,196676,5921996,13004.306,1623.159,0,320.624,0,26.051,3776,7987,3.650,1.820,0.920,2,0,114.222,0,0,10,32,5,32,0
17-04 11:54:21,37.762,14.254,47.765,0,0,1444628,296968,196692,5922360,9778.992,1458.446,360.110,2316.709,36.011,143.044,2504,3266,3.650,1.820,0.920,2,0,226.069,0,0,10,32,5,28,0
17-04 11:54:22,42.160,8.232,48.396,0,0,1421040,319996,196704,5922908,5975.177,1616.531,0,251.460,0,24.946,3939,7021,3.650,1.820,0.920,2,0,98.788,0,0,10,32,5,29,0
17-04 11:54:23,42.794,7.758,49.050,0,0,1464520,276472,196704,5922948,7556.708,1695.730,0,160.163,0,8.008,1539,1951,3.650,1.820,0.920,2,0,46.047,0,0,10,33,5,26,0
17-04 11:54:24,43.704,6.993,47.700,0,0,1444484,295472,196712,5923976,10028.450,1530.390,0,419.559,0,40.957,3435,7825,3.520,1.820,0.930,2,0,93.901,0,0,10,32,5,26,0
17-04 11:54:25,30.475,15.487,53.456,0.250,0,1405408,334128,196716,5924392,8761.719,1618.655,0,291.758,0,18.984,3632,6726,3.520,1.820,0.930,2,0,347.711,0,0,10,32,5,26,0
17-04 11:54:26,20.999,4.500,73.495,0,0.250,1393460,346076,196716,5924392,9464.375,1619.893,0,4579.698,0,217.986,1417,1596,3.520,1.820,0.930,1,0,29.998,0,0,10,32,5,23,0
17-04 11:54:27,22.761,4.002,72.035,0.250,0,1334012,405500,196724,5924408,9496.596,1694.820,0,648.314,0,38.018,2467,4414,3.520,1.820,0.930,2,0,34.016,0,0,10,32,5,24,0
17-04 11:54:28,22.787,3.005,73.120,0,0,1397096,342400,196724,5924424,12191.934,1622.653,0,0,0,0,1069,1315,3.520,1.820,0.930,1,0,23.038,0,0,10,33,5,22,0
17-04 11:54:29,19.004,7.502,72.265,0.250,0,1346364,393124,196724,5924432,9219.973,1458.312,0,396.085,0,36.008,2130,3209,3.240,1.790,0.920,1,0,91.019,0,0,10,32,5,22,0
17-04 11:54:30,22.959,2.995,73.369,0,0,1399780,339700,196724,5924440,6068.138,1659.030,0,0,0,0,1184,1787,3.240,1.790,0.920,1,0,0,0,0,10,33,5,20,0
17-04 11:54:31,20.234,6.495,71.693,0.500,0,1363124,376312,196740,5924464,7097.393,1918.484,0,539.574,0,36.971,2089,3350,3.240,1.790,0.920,1,0,98.922,0,0,10,32,6,20,0
17-04 11:54:32,23.501,2.750,73.004,0,0,1401020,338288,196752,5924580,12387.669,1694.091,0,332.018,0,23.001,1854,3071,3.240,1.790,0.920,1,0,0,0,0,10,32,6,21,0
17-04 11:54:33,18.542,7.267,72.917,0,0,1385036,354240,196756,5924608,7846.954,1623.715,0,148.339,0,10.023,1425,1809,3.240,1.790,0.920,1,0,94.216,0,0,10,32,6,21,0
17-04 11:54:34,21.503,5.251,72.510,0.250,0.250,1332660,406572,196768,5924640,10452.411,1532.207,0,800.108,0,55.007,2749,5208,3.060,1.780,0.920,1,0,30.004,0,0,10,32,6,21,0
17-04 11:54:35,21.749,3.750,73.747,0,0,1398276,340952,196768,5924644,7611.696,1619.935,0,8.000,0,2.000,1268,1788,3.060,1.780,0.920,1,0,0,0,0,10,32,6,21,0
17-04 11:54:36,18.760,10.756,69.286,0.250,0,1332304,406724,196768,5924832,10406.338,1662.853,0,89746.040,0,398.204,3609,5483,3.060,1.780,0.920,1,0,207.106,0,0,10,32,6,21,0
17-04 11:54:37,32.942,13.227,53.156,0,0,1450656,288320,196768,5925180,7528.727,1659.075,127.775,1197.888,6.988,30.945,2445,3577,3.060,1.780,0.920,2,0,278.509,0,0,10,32,6,23,0
17-04 11:54:38,40.534,6.756,46.038,5.755,0,1531444,203172,196916,5929032,4931.122,1621.355,376.315,13759.503,19.016,1312.097,7470,12407,3.060,1.780,0.920,6,0,63.053,0,0,10,36,6,23,0
17-04 11:54:39,39.046,8.510,41.049,12.265,0,1457344,272276,197192,5933624,9961.815,1649.957,0,51653.261,0,4586.440,19920,31984,3.050,1.800,0.930,5,1,94.112,0,0,10,36,6,23,0
17-04 11:54:40,42.924,7.487,45.669,4.742,0,1471780,257844,197272,5933532,13372.184,1732.914,0,11455.598,0,1304.676,7855,12433,3.050,1.800,0.930,3,0,21.961,0,0,10,32,6,23,0
17-04 11:54:41,45.577,7.262,44.826,2.755,0,1457464,272044,197324,5933596,6456.925,1622.746,0,62225.285,0,1514.563,7620,10948,3.050,1.800,0.930,2,0,2.003,0,0,10,34,6,23,0
17-04 11:54:42,38.717,8.243,44.712,6.744,0,1515892,212852,197588,5934064,13274.690,1618.621,0,11734.003,0,2065.240,14131,24635,3.050,1.800,0.930,3,0,1.998,0,0,10,32,6,23,0
17-04 11:54:43,25.197,7.235,66.609,0.249,0,1405024,323700,197600,5934068,7638.882,1616.589,0,3712.167,0,214.547,2031,2642,3.050,1.800,0.930,1,0,98.792,0,0,10,32,6,23,0
17-04 11:54:44,23.068,3.009,73.215,0.501,0,1338464,390248,197620,5934060,11638.158,1624.769,0,6739.781,0,368.080,1871,2645,2.890,1.790,0.940,1,0,3.009,0,0,10,32,6,23,0
17-04 11:54:45,21.191,3.740,73.794,0,0,1423816,304856,197620,5934100,13578.171,1615.499,0,27.922,0,3.989,1022,1204,2.890,1.790,0.940,1,0,1.994,0,0,10,32,6,23,0
17-04 11:54:46,23.996,2.250,73.489,0,0,1371888,356772,197624,5934108,7476.856,1531.766,0,139.979,0,13.998,1000,1202,2.890,1.790,0.940,1,0,1.000,0,0,10,32,6,22,0
17-04 11:54:47,23.252,2.750,74.005,0,0,1446440,282184,197624,5934112,10455.701,1694.114,0,4.000,0,1.000,920,1082,2.890,1.790,0.940,1,0,2.000,0,0,10,32,6,22,0
17-04 11:54:48,22.991,3.249,72.723,0,0,1381744,346800,197624,5934188,9168.562,1619.393,0,0,0,0,967,1101,2.890,1.790,0.940,1,0,7.997,0,0,10,32,6,20,0
17-04 11:54:49,22.506,3.001,73.771,0,0.250,1444744,283800,197624,5934188,8193.335,1620.462,0,4.001,0,1.000,878,1097,2.740,1.770,0.940,1,0,2.001,0,0,10,32,6,20,0
17-04 11:54:50,26.992,4.499,67.481,0,0,1390208,338248,197624,5934360,9712.203,1457.580,0,0,0,0,1578,2690,2.740,1.770,0.940,1,0,34.990,0,0,10,32,6,17,0
17-04 11:54:51,21.512,3.502,74.041,0,0,1413468,314952,197624,5934312,15518.489,1620.887,0,0,0,0,958,1077,2.740,1.770,0.940,3,0,1.001,0,0,10,32,6,17,0
17-04 11:54:52,24.250,1.750,73.501,0,0,1342532,385856,197628,5934340,11472.080,1620.011,0,628.004,0,35.000,1154,1573,2.740,1.770,0.940,1,0,3.000,0,0,10,32,6,17,0
17-04 11:54:53,22.776,2.753,73.833,0.250,0.250,1347216,381136,197628,5934376,9968.214,1621.825,0,32.036,0,5.006,916,1085,2.740,1.770,0.940,1,0,1.001,0,0,10,32,6,17,0
17-04 11:54:54,22.499,3.500,73.996,0,0,1431888,296464,197628,5934376,6306.622,1619.903,0,0,0,0,837,1081,2.600,1.760,0.940,1,0,2.000,0,0,10,32,6,17,0
17-04 11:54:55,17.765,9.007,72.560,0,0,1342248,386100,197628,5934380,10926.036,1533.268,0,8.007,0,1.001,1723,2466,2.600,1.760,0.940,1,0,177.147,0,0,10,32,6,17,0
17-04 11:54:56,10.737,19.228,69.419,0,0,1355908,372292,197628,5934528,7854.841,1618.113,0,966.873,0,10.987,3010,4743,2.600,1.760,0.940,2,0,474.447,0,0,10,32,6,16,0
17-04 11:54:57,8.767,21.542,69.885,0,0,1354496,373536,197628,5934696,9977.276,1623.136,108.209,284.550,6.012,6.012,2943,4491,2.600,1.760,0.940,2,0,417.807,0,0,10,32,6,16,0
17-04 11:54:58,12.959,14.454,71.275,0.249,0.249,1368504,359384,197628,5934840,11017.164,1614.894,0,163.483,0,1.994,2450,3631,2.600,1.760,0.940,1,0,300.051,0,0,10,32,6,16,0
17-04 11:54:59,22.985,2.998,73.201,0,0,1449564,278280,197628,5934884,9874.384,1660.887,0,7.995,0,1.999,939,1133,2.470,1.750,0.940,1,0,1.999,0,0,10,32,6,16,0
17-04 11:55:00,23.335,2.760,73.769,0,0,1400376,327452,197628,5934900,8050.344,1625.927,0,16.059,0,1.004,878,1028,2.470,1.750,0.940,1,0,1.004,0,0,10,32,6,16,0
17-04 11:55:01,23.982,1.749,73.696,0,0,1458860,268988,197632,5934876,5104.238,1456.926,0,479.647,0,17.987,1037,1328,2.470,1.750,0.940,1,0,1.999,0,0,10,32,6,16,0
17-04 11:55:02,23.005,3.001,73.267,0.250,0,1425204,302608,197636,5934908,6402.524,1620.386,0,508.121,0,35.008,1098,1568,2.470,1.750,0.940,1,0,1.000,0,0,10,32,6,16,0
17-04 11:55:03,25.226,5.495,68.185,0.250,0,1354004,370724,197640,5937988,9768.710,1786.301,3196.960,39.962,49.952,4.995,1617,2353,2.470,1.750,0.940,1,0,145.861,0,0,10,32,6,16,0
17-04 11:55:04,22.743,2.999,73.727,0,0,1426564,298016,197640,5938136,8268.371,1693.461,0,39.987,0,1.999,946,1141,2.350,1.740,0.940,1,0,1.999,0,0,10,32,6,13,0
17-04 11:55:05,22.723,3.496,73.911,0,0,1372912,351668,197640,5938136,9858.072,1530.149,0,23.971,0,1.998,881,1089,2.350,1.740,0.940,1,0,0.999,0,0,10,32,6,13,0
17-04 11:55:06,22.750,2.000,73.751,0,0.250,1442980,281612,197640,5938124,8516.136,1620.026,0,0,0,0,856,1121,2.350,1.740,0.940,1,0,2.000,0,0,10,32,6,11,0
17-04 11:55:07,22.501,2.500,74.005,0,0,1398272,326304,197640,5938140,10127.648,1814.116,0,16.001,0,2.000,933,1079,2.350,1.740,0.940,1,0,1.000,0,0,10,32,6,11,0
17-04 11:55:08,23.998,2.250,73.994,0,0,1444412,280192,197644,5938108,9165.203,1619.859,0,151.987,0,4.000,950,1144,2.350,1.740,0.940,1,0,3.000,0,0,10,32,6,11,0
17-04 11:55:09,21.501,3.750,73.505,0,0,1412032,312540,197644,5938140,6632.444,1740.117,0,0,0,0,902,1127,2.240,1.720,0.940,1,0,1.000,0,0,10,32,6,11,0
17-04 11:55:10,23.500,2.500,74.001,0,0,1347964,376608,197644,5938140,7264.094,1578.021,0,88.001,0,1.000,866,1062,2.240,1.720,0.940,1,0,3.000,0,0,10,32,6,11,0
17-04 11:55:11,24.587,4.265,70.499,0,0,1371508,352880,197644,5938324,10106.646,1699.996,321.133,5880.741,8.028,240.849,1762,1919,2.240,1.720,0.940,2,0,87.308,0,0,10,32,6,11,0
17-04 11:55:12,23.242,1.749,73.974,0.500,0,1449108,275160,197648,5938440,8856.882,1809.363,0,1311.538,0,160.943,1271,1704,2.240,1.720,0.940,2,0,1.999,0,0,10,32,6,11,0
17-04 11:55:13,22.940,2.493,73.307,0,0,1390024,334216,197648,5938468,10335.745,1615.739,0,55.853,0,5.984,921,1128,2.240,1.720,0.940,1,0,0.997,0,0,10,32,6,10,0
17-04 11:55:14,22.253,3.250,74.259,0,0,1392944,331296,197648,5938468,8711.002,1574.181,0,24.003,0,1.000,895,1106,2.140,1.710,0.940,2,0,1.000,0,0,10,32,6,10,0
17-04 11:55:15,23.245,2.499,73.984,0,0,1449656,274596,197648,5938456,10571.717,1619.650,0,11.997,0,1.000,922,1116,2.140,1.710,0.940,2,0,2.000,0,0,10,32,6,10,0
17-04 11:55:16,12.535,16.797,69.695,0,0,1351324,372880,197648,5938504,11256.530,1666.668,0,144.404,0,6.017,2277,3089,2.140,1.710,0.940,2,0,267.750,0,0,10,32,6,10,0
17-04 11:55:17,15.503,12.502,71.513,0,0,1400444,323712,197648,5938516,5190.908,1620.284,0,100.018,0,5.001,1841,2686,2.140,1.710,0.940,1,0,193.034,0,0,10,32,6,10,0
17-04 11:55:18,24.484,0.999,74.201,0,0,1445344,278632,197648,5938696,11509.369,1692.878,0,95.936,0,1.999,961,1142,2.140,1.710,0.940,1,0,0.999,0,0,10,32,6,10,0
17-04 11:55:19,22.255,2.751,74.016,0,0,1425368,298544,197648,5938772,7750.628,1458.306,0,4.001,0,1.000,989,1206,2.050,1.700,0.940,1,0,9.002,0,0,10,32,6,10,0
17-04 11:55:20,16.747,13.497,70.236,0,0,1358072,365840,197648,5938772,5903.849,1693.670,0,83.984,0,2.999,2486,4020,2.050,1.700,0.940,1,0,371.927,0,0,10,32,6,10,0
17-04 11:55:21,10.252,19.753,69.012,0,0,1357088,366708,197648,5938888,11676.950,1620.271,0,232.039,0,6.001,3248,4922,2.050,1.700,0.940,1,0,499.083,0,0,10,32,6,7,0
17-04 11:55:22,7.503,21.508,68.776,0.250,0,1359480,364264,197648,5938908,10176.888,1620.619,0,816.312,0,35.013,3439,5376,2.050,1.700,0.940,1,0,499.191,0,0,10,32,6,7,0
17-04 11:55:23,8.237,21.716,69.143,0,0.499,1358980,364724,197648,5938948,10718.387,1455.744,0,1357.895,0,18.971,3325,5123,2.050,1.700,0.940,1,0,525.186,0,0,10,32,6,6,0
17-04 11:55:24,8.512,21.280,68.845,0,0,1351764,371912,197648,5938976,8828.245,1622.250,0,1105.533,0,12.017,3165,4748,1.970,1.690,0.940,1,0,483.671,0,0,10,32,6,6,0
17-04 11:55:25,8.247,20.992,70.722,0,0,1355104,368532,197648,5939016,5234.911,1619.354,0,611.756,0,8.996,2853,4251,1.970,1.690,0.940,1,0,403.839,0,0,10,32,6,6,0
17-04 11:55:26,8.753,19.007,70.027,0,0,1349272,374356,197648,5939024,10876.144,1694.646,0,168.064,0,6.002,2897,4253,1.970,1.690,0.940,1,0,397.151,0,0,10,32,6,6,0
17-04 11:55:27,11.250,18.750,69.500,0,0,1348432,375152,197648,5939068,8826.982,1619.997,168.000,307.999,4.000,12.000,2976,4402,1.970,1.690,0.940,1,0,417.999,0,0,10,32,6,6,0
17-04 11:55:28,10.236,19.972,69.404,0,0.250,1355828,367572,197648,5939252,5079.954,1455.981,0,131.817,0,13.981,3200,5020,1.970,1.690,0.940,1,0,502.303,0,0,10,32,6,6,0
17-04 11:55:29,23.291,22.289,53.094,0.501,0,1406888,315904,197652,5939856,11602.548,1697.005,573.015,769.363,33.059,38.067,4111,6673,1.970,1.690,0.950,3,0,706.251,0,0,10,32,6,7,0
17-04 11:55:30,70.993,24.997,3.000,0,0.250,1584332,129712,198704,5944356,9002.064,1661.827,823.914,1551.839,26.997,62.993,8792,6392,1.970,1.690,0.950,4,0,653.932,0,0,10,32,6,11,0
17-04 11:55:31,72.650,11.984,11.235,1.997,0,1650912,144584,199204,5863696,10865.050,1617.774,415.428,26643.339,5.992,2030.206,9190,15811,1.970,1.690,0.950,9,0,99.863,0,0,10,38,6,12,0
17-04 11:55:32,54.045,13.511,23.019,6.756,0,1626996,172268,200148,5859160,10144.359,1621.336,0,85778.682,0,6391.266,24927,42989,1.970,1.690,0.950,9,0,194.160,0,0,10,36,6,12,0
17-04 11:55:33,58.031,14.758,18.760,8.004,0,1661664,143440,200444,5853176,5400.895,1620.869,68.036,84717.409,1.001,6254.352,25905,43513,1.970,1.690,0.950,5,0,116.062,0,0,10,37,6,12,0
17-04 11:55:34,45.501,14.000,32.251,8.750,0,1531544,266096,200672,5860276,10736.258,1512.036,0,75405.810,0,5882.141,24997,39500,2.050,1.710,0.960,4,0,196.005,0,0,10,34,6,12,0
17-04 11:55:35,33.241,10.497,43.239,11.747,0,1561012,226280,200992,5869868,10114.330,1639.567,0,34055.009,0,3087.185,17639,30884,2.050,1.710,0.960,3,1,118.969,0,0,10,35,6,15,0
17-04 11:55:36,37.761,7.502,43.513,11.253,0,1520360,264208,201336,5872164,9458.838,1694.508,0,70901.270,0,5233.570,22632,39476,2.050,1.710,0.960,2,0,81.024,0,0,10,34,6,21,0
17-04 11:55:37,37.983,6.747,42.481,11.745,0,1568472,213584,201604,5874304,10339.358,1619.273,0,42025.131,0,3636.367,16679,28131,2.050,1.710,0.960,2,0,44.980,0,0,10,35,6,18,0
17-04 11:55:38,39.202,7.241,43.197,9.239,0,1568452,213108,201760,5874620,9716.069,1618.013,0,46015.493,0,3870.247,19229,33760,2.050,1.710,0.960,1,1,21.973,0,0,10,34,6,19,0
17-04 11:55:39,35.558,9.265,44.823,12.270,0,1560276,220488,201840,5875308,7415.139,1514.479,0,41804.434,0,3689.039,14619,28078,2.050,1.720,0.960,1,2,110.180,0,0,10,34,6,19,0
17-04 11:55:40,40.687,7.988,43.932,8.237,0,1569144,209708,201896,5877120,4887.385,1605.499,0,45704.792,0,3689.252,16122,33010,2.050,1.720,0.960,2,1,35.944,0,0,10,35,6,23,0
17-04 11:55:41,39.809,8.262,40.310,11.267,0,1548552,227920,202004,5879376,5230.741,1622.401,0,46520.851,0,3965.869,15980,31025,2.050,1.720,0.960,2,0,81.120,0,0,10,36,6,24,0
17-04 11:55:42,35.711,7.741,43.951,12.486,0,1566268,206584,202252,5882604,10765.115,1692.132,0,50923.780,0,4279.276,18239,34737,2.050,1.720,0.960,4,0,53.940,0,0,10,37,6,28,0
17-04 11:55:43,33.021,10.256,43.277,12.508,0,1520024,250264,202396,5884928,9838.198,1621.021,0,49587.240,0,4243.674,18513,34859,2.050,1.720,0.960,3,0,100.063,0,0,10,36,6,30,0
17-04 11:55:44,37.996,8.499,38.996,15.249,0,1564812,202160,202548,5888008,9503.107,1619.848,0,47583.527,0,4117.613,19300,33106,2.040,1.720,0.970,1,1,89.992,0,0,10,37,6,31,0
17-04 11:55:45,34.752,8.500,41.252,13.751,0,1543964,221380,202592,5889532,8621.491,1458.083,0,40206.292,0,3537.202,16989,29231,2.040,1.720,0.970,2,1,76.004,0,0,10,36,5,31,0
17-04 11:55:46,34.990,9.747,41.239,12.996,0,1510340,260264,202636,5884188,12694.496,1619.553,0,46619.133,0,4301.813,19572,34477,2.040,1.720,0.970,5,0,71.980,0,0,10,36,5,32,0
17-04 11:55:47,40.747,8.999,41.997,8.999,0,1573964,195752,202672,5885056,8310.468,1619.896,0,41517.343,0,3184.796,13807,22982,2.040,1.720,0.970,4,0,35.998,0,0,10,35,5,33,0
17-04 11:55:48,30.683,15.217,53.384,0.249,0,1415936,353752,202672,5885072,7018.720,1616.481,0,2295.004,0,121.735,3596,5809,2.040,1.720,0.970,1,0,261.431,0,0,10,32,5,34,0
17-04 11:55:49,24.576,2.257,72.724,0.251,0,1455428,314216,202672,5885132,12388.180,1625.008,0,1019.141,0,57.176,2034,3466,1.960,1.710,0.970,1,0,0,0,0,10,33,5,34,0
17-04 11:55:50,17.493,17.243,64.973,0,0,1377424,392036,202672,5885316,8208.610,1511.376,0,675.721,0,45.981,3607,8759,1.960,1.710,0.970,1,0,464.808,0,0,10,32,5,35,0
17-04 11:55:51,35.016,19.509,45.270,0.750,0,1478792,290636,202688,5885316,7609.439,1566.708,4.002,1196.541,1.000,89.040,3624,5583,1.960,1.710,0.970,3,0,445.201,0,0,10,32,5,41,0
17-04 11:55:52,65.740,9.749,24.246,0.500,0,1652996,133748,202772,5868172,12328.151,1693.746,0,5523.172,0,297.955,2080,1567,1.960,1.710,0.970,4,1,3.000,0,0,10,32,5,40,0
17-04 11:55:53,63.332,9.475,24.186,2.992,0,1777484,135948,202928,5743684,7243.782,1689.518,1831.142,13185.020,125.667,693.161,4198,6299,1.960,1.710,0.970,5,1,20.944,0,0,10,38,5,40,0
17-04 11:55:54,29.073,9.273,44.111,15.539,0,1779552,122112,203152,5755272,11930.136,1624.102,0,85483.932,0,6541.524,28680,47562,2.200,1.770,0.990,7,1,225.570,0,0,10,38,5,40,0
17-04 11:55:55,27.743,8.748,47.488,16.246,0,1780168,127416,203288,5749392,9708.592,1531.620,0,73389.799,0,5977.518,26059,45209,2.200,1.770,0.990,5,1,218.946,0,0,10,38,5,40,0
17-04 11:55:56,35.752,9.751,37.252,14.751,0,1654624,245332,203356,5756796,5768.300,1620.084,28.001,85648.454,2.000,6395.333,26193,42816,2.200,1.770,0.990,2,1,216.011,0,0,10,36,5,40,0
17-04 11:55:57,45.271,9.754,30.014,16.007,0,1725516,164216,203460,5766532,10274.706,1662.762,0,77495.493,0,5855.682,25708,40012,2.200,1.770,0.990,3,0,145.066,0,0,10,36,5,40,0
17-04 11:55:58,45.484,9.497,29.739,16.244,0,1781520,128788,203580,5746056,10837.109,1661.404,0,71274.412,0,4988.209,23256,36023,2.200,1.770,0.990,1,1,8.997,0,0,10,38,5,40,0
17-04 11:55:59,31.989,10.247,40.736,15.745,0,1667112,238840,203624,5750324,13080.644,1693.436,0,87878.736,0,6805.734,27393,45169,2.110,1.750,0.990,3,2,149.950,0,0,10,36,5,40,0
17-04 11:56:00,34.259,8.752,48.763,8.502,0,1392860,510856,203632,5752496,11922.088,1620.420,0,44415.504,0,3496.906,14794,24590,2.110,1.750,0.990,1,0,153.040,0,0,10,32,5,40,0
17-04 11:56:01,17.003,11.252,70.764,0.250,0,1432916,470900,203632,5752376,12007.450,1684.344,0,2596.530,0,151.031,2208,2925,2.110,1.750,0.990,1,0,160.033,0,0,10,32,6,40,0
17-04 11:56:02,22.250,3.250,73.750,0.500,0,1505496,398324,203632,5752372,7886.032,1694.007,0,752.003,0,52.000,1185,1550,2.110,1.750,0.990,1,0,0,0,0,10,32,6,40,0
17-04 11:56:03,24.925,1.745,72.281,0.498,0,1527032,376652,203632,5752508,6862.235,1708.829,0,5790.478,0,356.920,2216,3065,2.110,1.750,0.990,1,0,1.994,0,0,10,34,6,40,0
17-04 11:56:04,20.754,4.501,74.013,0,0,1481032,422652,203632,5752508,5454.938,1694.291,0,152.026,0,11.002,1006,1353,2.020,1.740,0.990,1,0,28.005,0,0,10,32,6,40,0
17-04 11:56:05,23.750,1.750,72.999,0.250,0,1529920,373764,203632,5752508,9873.931,1619.989,0,131.999,0,20.000,1129,1582,2.020,1.740,0.990,3,0,2.000,0,0,10,34,6,40,0
17-04 11:56:06,18.559,22.822,59.187,0,0,1412224,491456,203636,5752508,10775.987,1558.917,44.139,505.595,3.009,38.120,4273,6922,2.020,1.740,0.990,4,0,833.629,0,0,10,32,6,40,0
17-04 11:56:07,14.245,35.488,48.483,0,0,1419660,483904,203636,5752624,9264.794,1681.418,0,415.856,0,42.985,5707,9623,2.020,1.740,0.990,2,0,1235.572,0,0,10,32,6,40,0
17-04 11:56:08,2.992,6.982,88.269,0.249,0.249,1418896,484600,203636,5752688,7508.381,1615.778,0,650.301,0,112.706,1400,1822,2.020,1.740,0.990,2,0,82.784,0,0,9,12,6,40,20
17-04 11:56:09,9.759,19.267,69.062,0,0,1411088,491760,203672,5753296,9608.686,1695.533,624.565,0,16.014,0,2815,3840,1.940,1.730,0.990,1,0,277.251,0,0,11,12,6,40,20
17-04 11:56:10,9.497,19.743,69.226,0,0,1408376,494328,203672,5753448,8658.961,1693.406,0,43.985,0,9.996,2370,3308,1.940,1.730,0.990,2,0,253.911,0,0,11,12,6,40,20
17-04 11:56:11,19.796,17.541,61.895,0,0.752,1426632,475528,203720,5753900,8034.850,1623.809,509.195,4.009,46.108,1.002,4455,9284,1.940,1.730,0.990,3,0,194.456,0,0,11,12,6,40,20
17-04 11:56:12,14.976,20.716,62.149,0,0,1451808,449612,203728,5754592,8661.855,1455.623,43.928,11.980,1.997,2.995,2682,4028,1.940,1.730,0.990,1,0,326.467,0,0,13,12,6,40,20
17-04 11:56:13,13.992,17.490,67.212,0,0,1460860,440352,203728,5755116,10475.155,1619.097,0,319.822,0,6.996,3491,5684,1.940,1.730,0.990,1,0,218.878,0,0,13,12,6,40,20
17-04 11:56:14,24.004,18.503,57.010,0,0,1494808,406140,203732,5754912,8207.371,1620.271,4.001,8.001,1.000,1.000,4011,7503,1.780,1.700,0.990,1,0,274.046,0,0,15,12,6,40,20
17-04 11:56:15,9.509,19.518,68.814,0.250,0,1500636,400200,203732,5755028,10440.741,1621.513,0,308.288,0,20.019,2793,4096,1.780,1.700,0.990,1,0,267.249,0,0,15,12,6,40,20
17-04 11:56:16,17.768,17.017,63.314,0,0,1505144,395736,203732,5755068,8774.880,1695.716,0,352.357,0,22.022,4714,8029,1.780,1.700,0.990,2,0,171.173,0,0,15,12,6,40,20
17-04 11:56:17,66.758,14.252,19.002,0,0,1803412,128940,203756,5724096,10232.187,1532.178,0,4828.560,0,368.043,2571,2776,1.780,1.700,0.990,14,0,83.010,0,0,17,12,6,40,20
17-04 11:56:18,68.527,12.459,18.191,0,0,1986876,156800,203780,5516948,9907.770,1614.747,0,79.741,0,7.974,1983,3313,1.780,1.700,0.990,1,0,62.796,0,0,17,12,6,40,20
17-04 11:56:19,1.000,0.500,97.238,0,0,1987100,156576,203780,5516948,6177.253,1619.804,0,0,0,0,772,1402,1.640,1.670,0.980,0,0,0,0,0,17,12,6,40,20
17-04 11:56:20,1.000,0.250,97.255,0,0,1987324,156352,203780,5516948,14482.695,1620.078,0,0,0,0,859,1415,1.640,1.670,0.980,0,0,0,0,0,17,12,6,40,20
17-04 11:56:21,2.001,0,97.047,0,0,1987324,156352,203780,5516948,12508.029,1620.781,0,0,0,0,875,1462,1.640,1.670,0.980,0,0,0,0,0,17,12,6,40,20
17-04 11:56:22,1.499,0.750,97.438,0,0,1987324,156352,203780,5516948,7863.998,1457.073,0,399.746,0,2.998,837,1454,1.640,1.670,0.980,0,0,0,0,0,17,12,6,40,20
17-04 11:56:23,1.000,1.000,97.043,0,0,1987320,156352,203780,5516952,10835.800,1694.751,0,16.007,0,3.001,927,1500,1.640,1.670,0.980,0,0,0,0,0,17,12,6,40,20
17-04 11:56:24,1.499,0.750,97.209,0,0,1987316,156352,203780,5516956,10837.383,1619.310,0,0,0,0,915,1443,1.510,1.640,0.980,0,0,0,0,0,17,12,6,40,20
17-04 11:56:25,1.001,0,96.810,0,0,1987316,156352,203780,5516956,10093.228,1621.000,0,108.067,0,10.006,1046,1789,1.510,1.640,0.980,0,0,0,0,0,17,12,6,40,20
17-04 11:56:26,0.999,0.500,96.921,0.250,0,1987316,156352,203780,5516956,7750.691,1618.682,0,275.776,0,18.985,988,1615,1.510,1.640,0.980,0,0,0,0,0,17,12,6,40,20
17-04 11:56:27,1.500,0.750,97.007,0,0,1987316,156352,203780,5516956,5448.370,1458.099,0,32.002,0,4.000,884,1537,1.510,1.640,0.980,0,0,0,0,0,17,12,6,40,20
17-04 11:56:28,1.500,0.750,97.027,0,0,1987316,156352,203780,5516956,10277.837,1620.447,0,8.002,0,1.000,924,1544,1.510,1.640,0.980,0,0,1.000,0,0,17,12,6,40,20
17-04 11:56:29,1.747,0.250,97.108,0,0,1987316,156352,203780,5516956,10661.434,1617.638,0,3.994,0,0.999,874,1468,1.390,1.620,0.970,0,0,0,0,0,17,12,6,40,20
17-04 11:56:30,1.503,0.250,97.192,0,0,1987316,156352,203780,5516956,5346.586,1665.297,0,0,0,0,823,1467,1.390,1.620,0.970,0,0,0,0,0,17,12,6,34,20
17-04 11:56:31,1.249,0.250,96.940,0.250,0.250,1987316,156352,203780,5516956,14659.882,1457.094,0,395.754,0,14.991,1015,1668,1.390,1.620,0.970,0,0,0,0,0,17,12,6,34,20
17-04 11:56:32,1.250,0.500,96.775,0,0.250,1987316,156352,203780,5516956,9673.525,1620.423,0,40.010,0,4.001,923,1532,1.390,1.620,0.970,0,0,0,0,0,17,12,6,33,20
17-04 11:56:33,1.000,0.500,97.239,0,0,1987252,156352,203780,5517020,12472.603,1693.810,0,0,0,0,928,1487,1.390,1.620,0.970,0,0,0,0,0,17,12,6,33,20
17-04 11:56:34,1.000,0,97.010,0,0,1987252,156352,203780,5517020,7947.795,1620.162,0,4.000,0,1.000,861,1451,1.270,1.590,0.970,0,0,0,0,0,17,12,6,33,20
17-04 11:56:35,1.500,0.250,97.014,0,0,1987252,156352,203780,5517020,5617.786,1532.215,0,68.010,0,9.001,1009,1830,1.270,1.590,0.970,0,0,0,0,0,17,12,6,32,20
17-04 11:56:36,1.250,0.500,96.965,0.250,0,1987252,156352,203780,5517020,10750.098,1693.385,0,275.900,0,17.993,1019,1670,1.270,1.590,0.970,0,0,0,0,0,17,12,6,32,20
17-04 11:56:37,1.250,0.750,97.017,0,0,1987252,156352,203780,5517020,9871.777,1620.292,0,32.006,0,4.001,925,1560,1.270,1.590,0.970,0,0,0,0,0,17,12,6,23,20
17-04 11:56:38,1.250,0.250,96.506,0.250,0,1987248,156352,203780,5517024,10476.618,1736.102,0,988.058,0,164.010,1180,1642,1.270,1.590,0.970,1,0,1.000,0,0,17,12,6,23,20
17-04 11:56:39,1.500,0.250,96.478,0,0,1987240,156352,203780,5517032,7758.208,1619.626,0,3.999,0,1.000,919,1538,1.170,1.560,0.960,0,0,0,0,0,17,12,6,22,20
17-04 11:56:40,1.501,1.000,97.284,0,0,1987240,156352,203780,5517032,9520.332,1500.525,0,8.003,0,1.000,912,1530,1.170,1.560,0.960,0,0,0,0,0,17,12,6,22,20
17-04 11:56:41,0.250,0,96.746,0,0,1987240,156352,203780,5517032,10237.580,1693.931,0,8.000,0,2.000,954,1569,1.170,1.560,0.960,0,0,0,0,0,17,12,6,17,20
17-04 11:56:42,2.250,0.250,97.244,0,0,1987240,156352,203780,5517032,6911.592,1767.896,0,83.995,0,2.000,880,1529,1.170,1.560,0.960,0,0,0,0,0,17,12,6,17,20
17-04 11:56:43,1.000,0.500,97.256,0,0,1987240,156352,203780,5517032,5303.318,1458.087,0,0,0,0,840,1517,1.170,1.560,0.960,0,0,0,0,0,17,12,6,11,20
17-04 11:56:44,0.750,0,97.251,0,0,1987240,156352,203780,5517032,9941.139,1694.024,0,0,0,0,905,1520,1.080,1.540,0.950,0,0,0,0,0,17,12,6,11,20
17-04 11:56:45,1.500,0.500,97.018,0,0,1987240,156352,203780,5517032,9263.686,1620.295,0,84.015,0,9.002,1058,1847,1.080,1.540,0.950,0,0,0,0,0,17,12,6,10,20
17-04 11:56:46,0.500,0.500,96.670,0,0,1987240,156352,203780,5517032,9813.894,1618.663,0,311.743,0,20.983,1006,1673,1.080,1.540,0.950,1,0,0,0,0,17,12,6,10,20
17-04 11:56:47,1.750,1.250,94.525,1.250,0.250,1987240,156352,203780,5517032,8090.120,1620.425,0,3372.884,0,207.054,1595,2662,1.080,1.540,0.950,0,0,0,0,0,17,12,6,9,20
17-04 11:56:48,6.000,3.250,88.500,0.500,0,1988212,170212,203780,5502580,11318.955,1531.994,0,3587.986,0,229.999,1647,2275,1.080,1.540,0.950,2,0,10.000,0,0,17,12,6,9,20
17-04 11:56:49,2.244,0.748,96.737,0,0,1988320,170096,203780,5502588,10123.484,1615.609,0,87.761,0,3.989,921,1496,0.990,1.510,0.950,1,0,0,0,0,17,12,6,7,20
17-04 11:56:50,4.763,2.758,91.002,0,0,1961972,196432,203780,5502440,6245.306,1698.707,8.022,0,1.003,0,1523,3732,0.990,1.510,0.950,0,0,34.094,0,0,17,12,6,8,20
17-04 11:56:51,1.754,0.501,97.451,0,0.251,1961956,196432,203780,5502600,5370.095,1623.354,0,0,0,0,915,1517,0.990,1.510,0.950,0,0,0,0,0,17,12,6,7,20
17-04 11:56:52,0.998,0,96.804,0,0,1961956,196432,203780,5502600,12012.662,1562.834,0,7.984,0,0.998,924,1486,0.990,1.510,0.950,0,0,0,0,0,17,12,6,7,20
17-04 11:56:53,1.001,0.250,97.065,0.250,0,1961956,196432,203780,5502600,11856.968,1513.017,0,400.269,0,53.036,982,1557,0.990,1.510,0.950,0,0,0,0,0,17,12,6,1,20
17-04 11:56:54,1.501,0.750,97.306,0,0,1961956,196432,203780,5502600,13782.884,1620.927,0,64.037,0,2.001,956,1505,0.910,1.480,0.940,0,0,0,0,0,17,12,6,1,20
17-04 11:56:55,1.498,0.499,97.396,0,0,1961956,196432,203780,5502600,8418.035,1618.277,0,0,0,0,895,1490,0.910,1.480,0.940,0,0,0,0,0,17,12,6,1,20
17-04 11:56:56,1.750,0.250,97.247,0,0,1961956,196432,203780,5502600,13393.652,1693.956,0,0,0,0,977,1481,0.910,1.480,0.940,1,0,0,0,0,17,12,6,1,20
17-04 11:56:57,4.506,6.258,87.867,0,0,1939808,218560,203780,5502620,12012.965,1696.254,0,0,0,0,1488,2165,0.910,1.480,0.940,1,0,80.106,0,0,17,12,6,1,20
17-04 11:56:58,9.251,19.753,68.760,0,0,1947676,210684,203780,5502628,7271.098,1458.220,0,668.101,0,127.019,2976,4158,0.910,1.480,0.940,2,0,284.043,0,0,17,12,6,1,20
17-04 11:56:59,14.232,18.477,65.669,0,0,1956432,201640,203780,5503200,10062.533,1659.943,0,23.970,0,5.993,3411,5569,0.920,1.480,0.940,1,0,216.731,0,0,17,12,6,1,20
17-04 11:57:00,24.992,14.745,59.730,0.250,0,2007072,150008,203780,5503824,9523.867,1619.467,979.678,87.971,13.995,1.999,4202,7490,0.920,1.480,0.940,2,0,175.942,0,0,17,12,6,1,20
17-04 11:57:01,9.254,7.003,82.282,0,0,2029080,127612,203784,5504116,5203.008,1620.626,0,0,0,0,1520,2505,0.920,1.480,0.940,1,0,66.025,0,0,18,12,6,2,20
17-04 11:57:02,20.288,6.763,71.633,0,0.250,2090568,128720,203784,5442804,10495.553,1623.024,0,0,0,0,1455,2079,0.920,1.480,0.940,1,0,26.049,0,0,18,12,6,2,20
17-04 11:57:03,24.252,3.750,70.756,0.500,0,2106468,118696,203784,5436972,7694.685,1714.153,464.041,924.082,15.001,62.006,2901,5609,0.920,1.480,0.940,1,0,0,0,0,18,18,6,7,0
17-04 11:57:04,9.989,21.226,68.172,0,0,2043808,181248,203784,5437080,13709.248,1456.327,0,91.894,0,8.990,3082,4594,0.930,1.470,0.940,2,0,359.587,0,0,18,18,6,7,0
17-04 11:57:05,12.006,17.508,69.534,0,0.250,2051424,173636,203784,5437088,8897.315,1694.822,0,12.006,0,3.001,2827,4445,0.930,1.470,0.940,1,0,288.140,0,0,18,18,6,7,0
17-04 11:57:06,8.993,20.984,67.949,0,0.250,2048364,176636,203784,5437116,5916.539,1692.724,0,303.771,0,7.994,2854,4376,0.930,1.470,0.940,1,0,283.786,0,0,18,18,6,7,0
17-04 11:57:07,15.500,16.000,65.750,0,0,2050804,174076,203784,5437364,11557.942,1619.992,0,16.000,0,4.000,5105,9726,0.930,1.470,0.940,1,0,178.999,0,0,18,18,6,7,0
17-04 11:57:08,41.019,11.755,46.772,0,0,2133388,133252,203796,5396476,10773.999,1458.677,328.152,52.024,3.001,4.002,2770,3899,0.930,1.470,0.940,2,0,158.073,0,0,18,19,6,8,0
17-04 11:57:09,46.657,3.493,47.905,0,0,2232724,128464,203792,5304232,5448.180,1616.789,0,447.112,0,3.992,1507,1939,1.010,1.480,0.950,2,0,0,0,0,18,19,6,8,0
17-04 11:57:10,48.182,4.993,46.684,0.499,0,2284488,132500,203852,5249884,10592.118,1617.727,175.753,4214.079,1.997,456.359,3314,4015,1.010,1.480,0.950,3,0,20.971,0,0,18,35,6,8,0
17-04 11:57:11,25.310,13.281,59.140,0,0.251,2304956,122548,203868,5239260,9639.856,1623.850,0,360.856,0,20.048,2754,9601,1.010,1.480,0.950,2,0,170.404,0,0,18,34,6,8,0
17-04 11:57:12,15.285,19.544,63.644,0,0,2307680,125344,203868,5234328,10530.895,1697.852,0,160.364,0,12.027,5249,8984,1.010,1.480,0.950,16,0,240.546,0,0,18,34,6,8,0
17-04 11:57:13,5.968,4.974,86.542,0.497,0,2310316,122348,203868,5234208,9410.229,1611.477,246.695,139.263,11.937,12.932,1902,2859,1.010,1.480,0.950,0,0,27.853,0,0,18,34,6,8,0
17-04 11:57:14,2.257,0.752,96.788,0,0,2310280,122348,203868,5234248,4600.701,1462.355,0,0,0,0,963,1703,0.930,1.450,0.950,2,0,3.009,0,0,18,34,6,8,0
17-04 11:57:15,1.500,0.750,96.244,0,0,2310280,122348,203868,5234248,9737.416,1619.903,0,779.953,0,2.000,1083,1775,0.930,1.450,0.950,0,0,3.000,0,0,18,34,6,8,0
17-04 11:57:16,1.749,0.250,95.951,0,0,2310280,122348,203868,5234248,8761.505,1619.169,0,7.996,0,1.999,1077,1788,0.930,1.450,0.950,0,0,0.999,0,0,18,34,5,8,0
17-04 11:57:17,9.280,8.026,81.516,0,0,2262920,169692,203868,5234588,10913.666,1504.918,0,0,0,0,3567,5881,0.930,1.450,0.950,11,0,156.511,0,0,18,34,5,8,0
17-04 11:57:18,16.449,15.452,64.301,0.498,0,2249268,189644,203868,5228104,9206.451,1684.776,279.134,6284.512,14.954,422.689,5279,9718,0.930,1.450,0.950,2,0,189.413,0,0,18,34,5,8,0
17-04 11:57:19,15.280,20.040,63.627,0.501,0.250,2304464,140928,203864,5221696,11268.413,1861.703,601.196,1054.097,30.060,182.363,3374,5121,0.930,1.450,0.950,1,0,275.548,0,0,19,34,5,8,0
17-04 11:57:20,18.224,15.727,63.159,0.250,0,2323360,121488,203864,5222084,7843.689,1617.667,167.758,946.635,6.990,139.798,5395,9036,0.860,1.430,0.940,0,0,180.739,0,0,19,50,5,8,0
17-04 11:57:21,5.253,6.754,86.050,0,0.250,2325652,119260,203864,5222088,8595.028,1620.948,0,200.117,0,10.006,1830,2977,0.860,1.430,0.940,1,0,125.073,0,0,19,50,5,8,0
17-04 11:57:22,19.274,15.269,63.579,0.250,0.250,2326868,124744,203864,5215608,6193.655,1533.896,0,1433.772,0,255.316,6352,9799,0.860,1.430,0.940,1,0,172.213,0,0,21,50,5,8,0
17-04 11:57:23,9.746,17.743,70.721,0.250,0,2330448,120988,203864,5215696,11591.178,1693.296,167.930,3.998,6.997,1.000,2879,4189,0.860,1.430,0.940,1,0,267.889,0,0,21,52,5,8,0
17-04 11:57:24,9.733,19.715,68.628,0,0,2328452,137008,203864,5202008,12441.804,1700.965,0,1062.105,0,199.644,3113,4088,0.860,1.430,0.940,3,0,255.544,0,0,21,52,5,8,0
17-04 11:57:25,12.034,19.806,66.187,0,0,2334188,131244,203864,5202380,12367.011,1698.809,0,24.068,0,6.017,3514,6923,0.790,1.400,0.930,1,0,241.684,0,0,21,52,5,8,0
17-04 11:57:26,27.006,19.254,52.761,0,0,2368036,128144,203872,5171924,10367.198,1458.309,0,228.048,0,5.001,4377,6868,0.790,1.400,0.930,2,0,290.061,0,0,21,52,5,8,0
17-04 11:57:27,29.697,24.207,44.920,0,0,2419612,134848,203928,5114032,10385.452,1617.112,0,323.422,0,4.991,3371,5574,0.790,1.400,0.930,3,0,448.200,0,0,21,52,5,8,0
17-04 11:57:28,29.299,25.292,44.574,0,0,2493288,132328,203960,5042984,10612.734,1664.782,44.074,4.007,5.008,1.002,3652,9177,0.790,1.400,0.930,4,0,456.763,0,0,21,56,5,10,0
17-04 11:57:29,31.751,24.251,43.501,0,0.250,2532496,124412,203960,5011684,4719.160,1784.061,0,392.013,0,12.000,3267,5318,0.790,1.400,0.930,2,0,389.013,0,0,21,56,5,10,0
17-04 11:57:30,35.506,19.253,45.008,0,0,2585220,124820,203964,4958936,5171.874,1620.274,0,28.005,0,7.001,5686,12423,0.880,1.410,0.940,3,0,269.045,0,0,21,56,5,10,0
17-04 11:57:31,58.002,22.501,20.001,0,0,2712308,126120,203976,4831776,11088.288,1620.042,8.000,1220.032,2.000,13.000,5442,11031,0.880,1.410,0.940,4,0,451.012,0,0,21,56,5,10,0
17-04 11:57:32,72.997,18.499,6.000,0.500,0,2838260,132004,204048,4701992,7376.712,1457.943,8.000,6947.729,2.000,554.978,3802,6089,0.880,1.410,0.940,4,0,522.980,0,0,21,56,5,10,0
17-04 11:57:33,72.903,20.722,4.494,0.499,0,3025688,118984,204812,4528172,11317.970,1617.851,679.098,547.273,72.903,43.942,6142,12174,0.880,1.410,0.940,5,0,232.691,0,0,21,60,5,10,0
17-04 11:57:34,66.037,21.012,7.504,4.002,0,3127616,123292,204820,4424300,8505.712,1620.898,0,26950.931,0,1824.011,12232,21956,0.880,1.410,0.940,6,0,449.249,0,0,21,62,5,10,0
17-04 11:57:35,72.309,20.016,6.005,1.501,0.250,3216992,128052,204932,4331804,11086.102,1459.198,0,14111.586,0,1311.076,13177,28146,1.130,1.460,0.960,5,0,280.230,0,0,21,62,5,10,0
17-04 11:57:36,83.712,11.745,4.498,0,0,3350504,150552,204932,4178872,7977.370,1619.263,647.705,7836.434,12.994,581.735,4254,6539,1.130,1.460,0.960,7,0,156.929,0,0,21,68,5,13,0
17-04 11:57:37,56.741,25.246,16.997,0.500,0,3436744,128320,204932,4115476,8190.739,1693.739,115.982,12326.102,7.999,732.887,10295,37864,1.130,1.460,0.960,2,0,481.926,0,0,21,79,5,19,0
17-04 11:57:38,37.751,20.251,40.502,0,0,3500660,127268,204932,4053540,14944.568,1620.062,8.000,708.027,2.000,42.002,5186,10647,1.130,1.460,0.960,3,0,279.011,0,0,21,81,5,20,0
17-04 11:57:39,47.972,15.241,35.479,0.750,0,3622644,124180,204868,3935628,14367.466,1661.013,2338.611,807.520,114.932,34.979,5924,10258,1.130,1.460,0.960,3,0,134.920,0,0,21,84,5,23,0
17-04 11:57:40,30.984,13.993,53.973,0.750,0,3686864,118416,204856,3877416,8127.912,1783.103,219.889,8231.859,17.991,659.668,4116,4804,1.200,1.470,0.960,1,0,118.940,0,0,21,87,5,24,0
17-04 11:57:41,9.738,19.476,68.166,0.999,0,3690148,132872,204840,3859948,9818.952,1456.213,0,4878.015,0,269.669,3575,5388,1.200,1.470,0.960,1,0,267.672,0,0,21,87,5,24,0
17-04 11:57:42,10.006,18.761,70.540,0,0.250,3702152,120856,204840,3859960,7269.078,1620.909,0,124.070,0,13.007,2859,4278,1.200,1.470,0.960,1,0,242.136,0,0,21,87,5,24,0
17-04 11:57:43,10.504,18.256,70.524,0,0.250,3700836,123968,204840,3858244,8995.067,1620.553,0,40.014,0,4.001,2750,3984,1.200,1.470,0.960,1,0,248.085,0,0,21,87,5,24,0
17-04 11:57:44,8.751,19.752,69.256,0,0,3701980,124568,204840,3856504,9576.852,1620.144,0,0,0,0,2682,3936,1.200,1.470,0.960,1,0,246.022,0,0,21,87,5,24,0
17-04 11:57:45,11.492,18.738,68.455,0,0,3706216,120288,204840,3856548,5056.698,1618.943,0,19.987,0,4.997,2720,4071,1.110,1.440,0.960,3,0,247.838,0,0,21,87,5,24,0
17-04 11:57:46,15.497,18.496,64.486,0,0,3707876,120352,204840,3855168,10110.745,1531.658,0,151.966,0,13.997,4025,6075,1.110,1.440,0.960,3,0,181.959,0,0,21,91,5,24,0
17-04 11:57:47,27.298,20.786,51.090,0,0,3747344,120960,204828,3815160,12018.068,1622.845,12.021,172.302,3.005,12.021,4416,8179,1.110,1.440,0.960,2,0,314.551,0,0,21,95,5,24,0
17-04 11:57:48,33.027,22.018,42.535,0.751,0,3798384,129336,204820,3756568,14357.673,1621.318,184.150,2590.106,16.013,363.295,4004,5804,1.110,1.440,0.960,3,0,382.311,0,0,21,102,5,24,0
17-04 11:57:49,33.243,20.246,43.991,0.250,0,3865024,123432,204784,3697468,12817.334,1619.663,759.842,623.870,34.993,35.993,6443,13726,1.110,1.440,0.960,3,0,234.951,0,0,23,107,5,25,0
17-04 11:57:50,61.203,27.479,10.492,0,0,4033616,128320,204688,3528152,10036.272,1708.684,343.735,9444.728,34.973,726.441,10936,23096,1.180,1.450,0.960,7,0,647.501,0,0,23,117,5,25,0
17-04 11:57:51,59.809,21.771,17.517,0.250,0,4111000,128724,204588,3449616,6515.398,1459.433,144.142,516.507,10.010,36.035,5723,16878,1.180,1.450,0.960,5,0,284.279,0,0,23,133,5,26,0
17-04 11:57:52,45.196,22.224,31.213,0.499,0.250,4185188,125968,204564,3379556,10242.842,1618.079,99.881,7079.597,2.996,587.303,6407,12201,1.180,1.450,0.960,2,0,519.383,0,0,23,133,5,25,0
17-04 11:57:53,18.985,20.734,57.705,0.250,0,4211256,129600,204564,3350768,6854.660,1692.681,0,351.726,0,12.990,3017,5095,1.180,1.450,0.960,1,0,324.747,0,0,24,133,5,25,0
17-04 11:57:54,13.232,18.475,66.411,0.250,0.250,4213692,130344,204564,3347988,9589.170,1617.835,0,571.236,0,34.953,3436,6791,1.180,1.450,0.960,1,0,212.715,0,0,24,133,5,25,0
17-04 11:57:55,25.322,20.308,53.653,0.251,0,4252256,129152,204536,3310868,10069.628,1546.396,52.148,2077.907,1.003,326.929,4402,10380,1.160,1.440,0.960,3,0,253.721,0,0,24,133,5,25,0
17-04 11:57:56,29.744,22.995,45.991,0,0,4309776,129084,204516,3254880,10835.876,1619.683,0,243.952,0,17.996,3344,6196,1.160,1.440,0.960,2,0,390.923,0,0,24,133,5,25,0
17-04 11:57:57,28.760,16.006,53.769,0,0,4354616,123684,204488,3216404,8426.050,1620.587,0,4.001,0,1.000,4936,9937,1.160,1.440,0.960,2,0,196.071,0,0,24,139,5,25,0
17-04 11:57:58,35.003,31.003,32.753,0.250,0,4465952,134776,204400,3097444,10551.950,1620.146,216.019,10816.974,29.003,1030.093,7698,18406,1.160,1.440,0.960,2,0,553.050,0,0,24,145,5,25,0
17-04 11:57:59,35.719,26.477,34.969,0.500,0,4540836,128516,204356,3031724,7468.473,1618.585,519.546,1043.088,58.948,75.934,10045,23624,1.160,1.440,0.960,2,0,646.435,0,0,24,165,5,25,0
17-04 11:58:00,10.245,20.990,66.969,0,0,4549084,127372,204356,3024788,7599.481,1457.325,31.985,455.789,1.999,32.985,3256,5348,1.070,1.420,0.960,2,0,297.862,0,0,24,165,5,25,0
17-04 11:58:01,21.524,17.269,59.316,0.501,0.250,4565856,126512,204348,3009308,5585.255,1621.816,0,9871.056,0,835.936,7378,10488,1.070,1.420,0.960,2,0,179.201,0,0,24,181,5,25,0
17-04 11:58:02,44.339,9.964,44.837,0,0,4705492,165032,204228,2835248,9685.869,1614.145,199.277,219.205,2.989,21.920,1864,2627,1.070,1.420,0.960,2,0,40.852,0,0,24,181,5,25,0
17-04 11:58:03,42.282,7.506,48.787,1.001,0.250,4799688,218360,204200,2691720,7368.659,1789.374,2093.608,724.556,72.055,46.035,2244,3311,1.070,1.420,0.960,1,0,10.008,0,0,24,186,5,24,0
17-04 11:58:04,30.825,15.037,53.129,0,0,4745544,272376,204204,2691876,11027.831,1698.132,4.010,392.956,1.002,26.063,3149,5426,1.070,1.420,0.960,3,0,318.776,0,0,24,185,5,24,0
17-04 11:58:05,35.271,24.264,36.521,3.002,0,4791580,192868,204220,2725492,7169.208,1458.856,32899.312,672.395,404.237,42.025,5110,9336,1.230,1.450,0.970,2,1,447.263,0,0,24,193,5,19,0
17-04 11:58:06,49.251,22.500,24.751,3.250,0,4788296,153192,204224,2768792,11303.249,1694.037,40304.887,856.019,423.009,30.001,6149,13073,1.230,1.450,0.970,5,0,274.006,0,0,24,191,5,19,0
17-04 11:58:07,75.727,16.745,4.999,2.749,0,4924996,129300,203212,2661032,7880.652,1619.517,34877.606,8661.419,433.871,540.839,5654,8431,1.230,1.450,0.970,4,0,127.962,0,0,24,200,5,20,0
17-04 11:58:08,65.747,17.119,4.218,10.420,0,4971948,133200,201620,2614592,5331.179,1607.690,58924.813,1504.480,1025.150,141.913,5719,8667,1.230,1.450,0.970,6,0,41.681,0,0,24,204,5,21,0
17-04 11:58:09,57.956,19.403,17.891,3.276,0,5006108,150896,201204,2565632,4775.584,1632.851,41748.561,1213.551,451.554,48.381,7085,13258,1.230,1.450,0.970,4,0,278.189,0,0,24,209,5,25,0
17-04 11:58:10,42.663,26.446,25.199,3.992,0,5012844,133724,200764,2577908,10077.492,1528.889,49084.114,802.367,500.981,56.884,6649,12942,1.450,1.490,0.990,3,0,426.133,0,0,24,207,5,25,0
17-04 11:58:11,53.606,24.298,17.785,3.256,0,5042428,143420,199768,2540544,8784.340,1697.351,42099.104,16680.928,412.815,590.165,7296,14079,1.450,1.490,0.990,8,0,342.676,0,0,24,207,5,26,0
17-04 11:58:12,57.001,26.250,14.000,0.750,0,5091388,133460,199220,2503336,11786.200,1694.029,392.007,12664.215,20.000,669.011,7484,30213,1.450,1.490,0.990,5,0,388.007,0,0,24,207,5,26,0
17-04 11:58:13,57.257,21.753,19.002,0.500,0,5095324,193604,198676,2440368,7896.971,1620.199,1208.149,908.112,72.009,63.008,8387,15664,1.450,1.490,0.990,3,0,381.047,0,0,24,215,5,29,0
17-04 11:58:14,59.003,21.501,17.751,0.500,0,5208704,134056,197808,2388520,10558.623,1694.100,320.019,6604.390,17.001,627.037,7263,13835,1.450,1.490,0.990,4,0,360.021,0,0,24,218,5,30,0
17-04 11:58:15,64.938,15.485,18.482,0,0,5287528,205260,196428,2243040,9632.753,1456.602,339.674,6741.528,30.970,666.360,6552,12394,1.730,1.550,1.010,3,0,184.823,0,0,24,221,5,31,0
17-04 11:58:16,67.791,10.506,21.513,0.500,0,5428080,138912,195244,2172604,8835.381,2452.494,1360.829,684.417,102.062,45.027,4020,8227,1.730,1.550,1.010,4,0,5.003,0,0,24,227,5,41,2
17-04 11:58:17,58.205,7.244,33.724,0.250,0.250,5428916,155064,194900,2156792,57396.919,17708.400,263.797,739.432,18.985,75.942,4832,9775,1.730,1.550,1.010,4,0,7.994,0,0,24,240,5,42,2
17-04 11:58:18,42.279,19.513,36.525,0.500,0,5408580,174896,194904,2157284,10622.298,1769.215,352.242,1517.042,22.015,175.120,6902,13919,1.730,1.550,1.010,2,0,531.365,0,0,24,240,5,43,2
17-04 11:58:19,39.896,20.447,37.901,0,0,5427312,155972,194904,2157856,5655.240,1615.783,0,690.199,0,44.883,5705,10698,1.730,1.550,1.010,2,0,291.240,0,0,24,242,5,43,2
17-04 11:58:20,62.436,14.543,23.069,0.251,0,5469388,156224,194040,2119316,10906.414,1624.829,128.382,686.039,14.042,54.161,3790,7159,1.750,1.550,1.010,4,0,163.486,0,0,25,245,5,44,2
17-04 11:58:21,64.941,11.240,22.480,1.499,0,5594516,143244,191632,2018104,8572.242,1618.535,2114.087,7760.976,158.856,713.354,5344,5190,1.750,1.550,1.010,3,0,3.996,0,0,25,247,5,44,2
17-04 11:58:22,42.640,14.712,41.144,0.249,0,5602952,145544,191336,2008172,15146.075,2639.217,71.815,1204.903,5.985,93.759,7255,13094,1.750,1.550,1.010,1,0,218.439,0,0,25,247,5,46,2
17-04 11:58:23,30.240,4.249,62.979,0,0,5622200,149856,189976,1988216,18214146.475,94289.507,0,419.860,0,25.991,7130,5484,1.750,1.550,1.010,3,0,0,0,0,25,248,5,46,2
17-04 11:58:24,37.270,15.758,46.275,0.750,0,5648080,144516,189416,1970396,3759550.081,16850.965,2145.141,696.370,28.015,58.031,4404,5665,1.750,1.550,1.010,2,0,263.140,0,0,25,246,5,46,2
17-04 11:58:25,45.608,7.518,46.359,0,0,5643284,198072,188976,1923392,9844.232,1623.832,0,621.467,0,56.132,4055,7694,1.770,1.560,1.020,2,0,13.031,0,0,25,254,5,48,2
17-04 11:58:26,27.258,4.751,66.269,0.500,0,5654972,185708,189000,1924044,7729.265,1532.449,436.128,880.258,26.008,74.022,3576,7778,1.770,1.560,1.020,1,0,28.008,0,0,25,261,5,50,2
17-04 11:58:27,27.634,4.232,67.218,0.498,0,5664092,176160,189024,1924448,9649.568,1770.581,19.917,701.063,3.983,72.695,4288,8402,1.770,1.560,1.020,1,0,7.967,0,0,25,274,5,50,0
17-04 11:58:28,29.776,4.754,63.054,2.002,0,5667448,156852,188944,1940664,9802.460,1663.436,64.055,29133.142,9.008,809.699,6056,9710,1.770,1.560,1.020,1,0,24.021,0,0,25,274,5,61,0
17-04 11:58:29,16.991,12.993,68.464,0.250,0,5632864,191248,188952,1940844,5204.299,1619.160,199.896,471.755,20.989,27.985,2691,4158,1.770,1.560,1.020,1,0,187.902,0,0,25,274,5,59,0
17-04 11:58:30,20.245,5.999,70.732,1.000,0.250,5648188,140080,189900,1975740,10845.289,1619.595,1267.683,631.842,106.973,16.996,1950,2776,1.710,1.550,1.020,1,0,0,0,0,25,274,5,59,0
17-04 11:58:31,16.499,7.500,69.747,6.500,0,5644428,141008,190520,1978180,6989.748,1511.946,16163.418,4271.846,698.975,112.996,3211,4139,1.710,1.550,1.020,1,0,0,0,0,25,274,5,59,0
17-04 11:58:32,20.826,4.767,70.257,2.760,0,5643968,145388,190752,1974160,5256.264,1613.915,2372.696,1565.738,420.541,21.077,3152,3465,1.710,1.550,1.020,1,0,9.033,0,0,25,274,5,59,0
17-04 11:58:33,21.930,7.975,66.039,1.495,0,5663168,145136,190456,1955944,13128.030,1614.837,1343.704,97699.654,158.493,410.687,13998,26756,1.710,1.550,1.020,1,0,3.987,0,0,25,274,5,60,0
17-04 11:58:34,23.739,5.248,70.718,0.250,0,5670568,137732,190464,1955940,8024.397,1693.240,0,1403.370,0,14.993,3014,2526,1.710,1.550,1.020,1,0,0,0,0,25,274,5,60,0
17-04 11:58:35,23.345,6.275,70.285,0,0,5596512,251544,189644,1919052,9844.901,1626.593,12.049,562.279,2.008,51.208,1960,2863,1.740,1.560,1.020,4,0,25.102,0,0,25,274,5,61,0
17-04 11:58:36,17.176,20.910,59.494,0.996,0,5609948,237172,189916,1919716,11792.352,1613.072,800.562,342.529,91.607,23.897,4003,6254,1.740,1.560,1.020,1,0,426.170,0,0,25,274,5,61,0
17-04 11:58:37,24.319,4.763,70.198,0,0,5601288,245824,189952,1919688,10470.527,1624.581,16.045,300.848,1.003,36.102,2087,3253,1.740,1.560,1.020,1,0,12.034,0,0,25,276,5,52,0
17-04 11:58:38,11.755,18.758,68.778,0.500,0.250,5610452,236404,189980,1919916,7787.224,1458.604,8.003,948.393,2.001,58.024,3421,5543,1.740,1.560,1.020,1,0,284.118,0,0,25,280,5,53,0
17-04 11:58:39,10.990,18.982,67.686,0,0,5613796,232636,190004,1920316,5514.805,1618.475,255.759,463.563,7.992,39.962,3291,5304,1.740,1.560,1.020,2,0,302.715,0,0,25,282,5,50,0
17-04 11:58:40,3.991,6.236,88.302,0,0,5613808,232448,190004,1920492,5345.016,1616.376,3.991,291.347,0.998,16.962,1811,2996,1.760,1.570,1.030,0,0,94.787,0,0,25,282,5,50,0
17-04 11:58:41,16.520,3.254,78.595,0,0,5669948,176308,190008,1920488,10204.398,1621.971,0,32.039,0,4.005,1494,2292,1.760,1.570,1.030,1,0,9.011,0,0,25,282,5,50,0
17-04 11:58:42,22.268,5.504,71.058,0,0,5617088,228904,190008,1920752,6893.598,1533.245,64.052,0,4.003,0,2517,4745,1.760,1.570,1.030,2,0,32.026,0,0,25,284,5,49,0
17-04 11:58:43,12.531,17.795,69.174,0.501,0.501,5614164,231804,190024,1920760,9660.267,1624.080,92.232,156.393,9.023,10.025,2982,4450,1.760,1.570,1.030,2,0,190.478,0,0,25,284,5,49,0
17-04 11:58:44,12.724,17.465,68.112,0.249,0,5608084,237672,190052,1920944,10852.990,1616.721,0,319.352,0,28.941,3054,4474,1.760,1.570,1.030,2,0,156.682,0,0,25,286,5,49,0
17-04 11:58:45,12.733,16.478,68.657,0.250,0,5608016,237428,190056,1921252,11327.606,1617.801,179.756,187.745,7.989,10.985,3034,4660,1.700,1.560,1.030,1,0,164.776,0,0,25,286,5,49,0
17-04 11:58:46,18.295,11.528,69.420,0,0.251,5630004,214308,190060,1922380,7835.141,1623.967,625.528,68.167,13.032,7.017,2490,3661,1.700,1.560,1.030,1,0,132.323,0,0,25,286,4,49,0
17-04 11:58:47,23.929,3.739,70.791,0,0,5699112,145008,190064,1922568,9180.898,1453.709,15.953,191.435,0.997,22.932,1791,2707,1.700,1.560,1.030,1,0,0.997,0,0,25,286,4,49,0
17-04 11:58:48,26.742,3.499,68.229,0.500,0,5727608,137692,189604,1902300,11496.494,1619.506,199.939,5478.329,11.996,631.807,3247,3718,1.700,1.560,1.030,1,0,30.991,0,0,25,290,4,49,0
17-04 11:58:49,24.765,5.503,67.790,0.500,0,5675684,189532,189660,1902356,10977.510,1620.961,40.024,2377.410,6.004,140.083,1962,3022,1.700,1.560,1.030,1,0,5.003,0,0,25,288,4,49,0
17-04 11:58:50,25.589,4.014,70.997,0,0,5719644,145460,189664,1902464,7440.924,1625.664,0,244.853,0,13.045,2137,3497,1.640,1.550,1.030,1,0,3.010,0,0,25,291,4,48,0
17-04 11:58:51,28.734,5.247,64.965,0.250,0,5615372,249576,189796,1902340,13167.810,1619.116,115.937,931.491,5.997,53.971,3234,6589,1.640,1.550,1.030,1,0,50.972,0,0,25,288,4,49,0
17-04 11:58:52,26.151,1.743,70.732,0.249,0,5661708,203236,189820,1902468,11485.550,1687.616,0,326.764,0,30.883,1795,2696,1.640,1.550,1.030,1,0,0.996,0,0,25,288,4,48,0
17-04 11:58:53,14.549,15.803,68.230,0,0,5600632,262884,189904,1903812,13416.172,1537.176,1456.905,1272.284,27.091,30.101,3235,5217,1.640,1.550,1.030,2,0,298.003,0,0,25,288,4,49,0
17-04 11:58:54,14.255,13.255,70.275,2.001,0,5626148,234700,189912,1906472,7556.675,1662.589,2620.928,288.102,210.074,20.007,3270,5012,1.640,1.550,1.030,2,0,255.090,0,0,25,288,4,49,0
17-04 11:58:55,23.261,3.502,71.535,1.251,0,5662056,196648,190472,1908056,5879.905,1694.837,2145.060,176.087,167.083,9.004,1898,2678,1.590,1.540,1.030,1,0,7.003,0,0,25,288,4,49,0
17-04 11:58:56,18.421,2.987,76.918,0.498,0,5629652,223612,190924,1913044,15417.535,3868.324,434.128,804.532,70.695,16.927,1643,2299,1.590,1.540,1.030,1,0,0.996,0,0,25,288,4,49,0
17-04 11:58:57,22.833,3.764,72.765,0,0,5670048,181976,191020,1914188,7885.680,2685.768,64.234,622.263,5.018,31.113,1898,2958,1.590,1.540,1.030,0,0,5.018,0,0,25,289,4,49,0
17-04 11:58:58,19.264,2.752,76.306,0.500,0,5655420,190864,191560,1919388,10671.812,3435.515,168.123,1369.002,6.004,46.034,1674,2627,1.590,1.540,1.030,1,0,3.002,0,0,25,288,4,49,0
17-04 11:58:59,18.675,4.980,74.951,0.249,0,5645792,196696,191604,1923140,11036.941,2739.066,3278.911,239.046,38.845,4.980,9282,18385,1.590,1.540,1.030,1,0,11.952,0,0,25,289,4,49,0
17-04 11:59:00,20.567,4.515,73.490,0.251,0,5668520,173524,191668,1923516,16140.683,4125.466,212.694,353.153,11.036,7.023,9814,19626,1.460,1.510,1.020,2,0,13.043,0,0,25,289,4,49,0
17-04 11:59:01,22.250,5.250,71.751,0.250,0.250,5666108,185368,191816,1913920,14297.243,1878.032,8.000,1104.019,2.000,35.001,1842,2789,1.460,1.510,1.020,2,0,8.000,0,0,25,288,4,49,0
17-04 11:59:02,15.462,12.470,70.329,0,0,5649692,201988,191824,1913824,8102.303,1616.071,0,466.865,0,5.985,2679,4513,1.460,1.510,1.020,1,0,263.360,0,0,25,288,4,49,0
17-04 11:59:03,26.004,2.750,70.510,0.500,0,5684944,166540,191824,1914020,6077.833,1552.213,0,172.024,0,13.002,1890,3256,1.460,1.510,1.020,1,0,1.000,0,0,25,290,4,49,0
17-04 11:59:04,24.563,8.021,66.672,0.251,0,5643488,207800,191828,1914212,10389.806,1624.190,260.673,184.476,11.028,14.036,3576,7720,1.460,1.510,1.020,1,0,115.297,0,0,25,290,4,51,0
17-04 11:59:05,27.648,2.989,69.245,0,0,5683908,167156,191832,1914432,11807.513,1614.055,0,147.457,0,7.971,2295,4047,1.420,1.500,1.020,1,0,0.996,0,0,25,290,4,52,0
17-04 11:59:06,21.514,7.255,70.047,0.250,0.250,5666684,184364,191864,1914416,10400.969,1621.086,4.003,496.333,1.001,45.030,2269,3622,1.420,1.500,1.020,1,0,72.048,0,0,25,290,4,52,0
17-04 11:59:07,22.261,6.753,70.284,0,0,5616712,234208,191884,1914524,9935.779,1694.815,0,188.090,0,20.010,2817,4988,1.420,1.500,1.020,2,0,57.027,0,0,25,290,4,52,0
17-04 11:59:08,24.227,4.496,70.182,0.250,0.250,5682560,168332,191892,1914544,6824.387,1530.517,0,255.752,0,16.984,2101,3254,1.420,1.500,1.020,4,0,0.999,0,0,25,292,4,51,0
17-04 11:59:09,23.996,4.249,69.987,0,0,5638700,212028,191900,1914700,10206.142,1619.705,3.999,323.941,1.000,24.995,2405,3954,1.420,1.500,1.020,2,0,31.994,0,0,25,290,4,55,0
17-04 11:59:10,24.025,4.004,70.573,0,0,5674708,176020,191904,1914696,7883.120,1621.670,0,148.153,0,8.008,2641,4437,1.390,1.500,1.020,4,0,0,0,0,25,291,4,49,0
17-04 11:59:11,22.471,5.742,70.658,0.250,0,5664880,185672,191932,1914844,6215.876,1617.885,0,571.253,0,43.943,2075,3343,1.390,1.500,1.020,1,0,46.939,0,0,25,290,4,50,0
17-04 11:59:12,24.002,3.500,70.254,0,0,5613736,236804,191936,1914852,10467.659,1620.102,0,124.008,0,13.001,2746,4926,1.390,1.500,1.020,2,0,32.002,0,0,25,290,4,51,0
17-04 11:59:13,21.503,6.001,72.009,0,0,5680060,170456,191936,1914876,7709.971,1512.191,0,0,0,0,1770,2843,1.390,1.500,1.020,1,0,0,0,0,25,290,4,51,0
17-04 11:59:14,18.815,11.791,67.986,0.251,0,5618692,231816,191960,1914860,9655.466,1571.447,0,513.781,0,52.181,4032,6958,1.390,1.500,1.020,1,0,278.967,0,0,25,290,4,49,0
17-04 11:59:15,9.010,21.774,67.576,0,0,5618168,232288,191980,1914892,6303.066,1621.818,0,408.458,0,31.035,4639,7990,1.360,1.490,1.020,2,0,709.796,0,0,25,290,4,49,0
17-04 11:59:16,9.750,21.500,67.998,0.250,0.250,5620724,229688,191988,1914928,10257.764,1693.961,0,351.992,0,38.999,4758,8118,1.360,1.490,1.020,1,0,719.983,0,0,25,290,4,44,0
17-04 11:59:17,9.000,21.499,67.498,0,0,5620388,229844,191996,1915100,8975.767,1295.966,0,487.987,0,39.999,4969,8698,1.360,1.490,1.020,1,0,821.979,0,0,25,290,4,44,0
17-04 11:59:18,10.999,20.499,68.247,0,0,5619452,230728,192000,1915148,5456.722,1619.917,0,1039.947,0,116.994,4725,8418,1.360,1.490,1.020,1,0,749.962,0,0,25,290,4,35,0
17-04 11:59:19,14.217,17.210,65.097,1.247,0,5622196,223784,192000,1919348,6229.405,1616.213,3264.352,3172.567,106.750,453.936,4631,6402,1.360,1.490,1.020,1,0,449.946,0,0,25,290,4,35,0
17-04 11:59:20,18.477,11.985,62.922,5.493,0,5652792,183136,192012,1937596,11896.249,1456.194,11321.961,7.990,933.842,1.998,9315,16041,1.330,1.480,1.020,1,0,37.953,0,0,25,290,4,34,0
17-04 11:59:21,26.725,4.746,68.436,0.250,0,5678096,155268,192100,1940084,10665.039,2091.047,15.985,3073.130,2.997,29.972,2039,3156,1.330,1.480,1.020,1,0,3.996,0,0,25,291,4,34,0
17-04 11:59:22,14.999,2.750,80.747,0.750,0,5685964,146476,192184,1940924,30365.725,12638.469,763.968,1599.933,52.998,55.998,2024,2978,1.330,1.480,1.020,1,0,1.000,0,0,25,291,4,32,0
17-04 11:59:23,12.506,1.501,83.291,1.251,0,5688016,143704,192276,1941552,29400.377,14199.944,644.315,1464.716,68.033,58.028,1952,2998,1.330,1.480,1.020,1,0,0,0,0,25,291,4,32,0
17-04 11:59:24,18.739,2.249,75.706,0.999,0,5700948,139560,192076,1933264,24784.724,11196.551,1171.325,2182.743,61.964,115.933,2129,3094,1.330,1.480,1.020,1,0,0,0,0,25,291,4,32,0
17-04 11:59:25,19.762,2.502,76.048,1.001,0,5724156,146176,191288,1905812,20921.097,10396.508,1044.654,1288.807,56.035,50.031,1870,2839,1.300,1.470,1.020,1,0,0,0,0,25,291,4,32,0
17-04 11:59:26,17.242,4.498,74.716,2.249,0,5725776,142464,190700,1909728,15704.901,8824.012,15181.138,1219.449,208.906,48.978,5069,3020,1.300,1.470,1.020,1,0,1.000,0,0,25,291,4,32,0
17-04 11:59:27,23.312,4.011,71.440,1.253,0,5720228,136120,190616,1921704,11102.522,1624.319,0,1965.226,0,78.208,2044,2934,1.300,1.470,1.020,1,0,0,0,0,25,291,4,28,0
17-04 11:59:28,22.696,6.983,66.842,1.746,0,5733388,145836,190448,1901180,8026.034,1658.082,0,3870.853,0,167.604,2696,3534,1.300,1.470,1.020,1,0,2.993,0,0,25,289,4,28,2
17-04 11:59:29,24.489,3.498,70.718,0.750,0,5733188,138976,190140,1908896,4874.762,1619.257,0,2602.805,0,92.957,1838,2914,1.300,1.470,1.020,1,0,0,0,0,25,289,4,17,2
17-04 11:59:30,24.258,5.002,69.774,0.250,0.250,5677520,210836,190132,1892732,11711.099,1794.628,460.161,260.091,9.003,9.003,2512,2419,1.440,1.500,1.030,1,0,6.002,0,0,25,288,4,17,2
17-04 11:59:31,20.748,3.250,74.492,0.250,0,5674668,208176,190268,1898108,16717.128,3764.578,0,1559.825,0,16.998,1786,2498,1.440,1.500,1.030,2,0,4.000,0,0,25,288,4,17,2
17-04 11:59:32,18.752,3.250,77.258,0,0,5703928,178748,190284,1898272,17273.710,4477.443,0,520.051,0,12.001,1595,2401,1.440,1.500,1.030,1,0,5.000,0,0,25,289,4,17,2
17-04 11:59:33,23.329,10.034,62.963,2.258,0,5671432,202856,190656,1906272,11286.170,1874.339,1171.964,766.593,19.064,12.041,9025,17908,1.440,1.500,1.030,1,0,14.048,0,0,25,288,4,17,2
17-04 11:59:34,23.185,7.728,67.809,0,0,5680060,193604,190764,1906784,4786.493,1689.233,0,3362.511,0,19.944,8848,17585,1.440,1.500,1.030,1,0,16.952,0,0,25,288,4,17,2
17-04 11:59:35,23.004,5.251,70.263,0,0.250,5640916,243724,190792,1895780,9981.817,1458.265,16.003,972.177,1.000,28.005,1838,2809,1.400,1.490,1.030,1,0,14.003,0,0,25,290,4,16,2
17-04 11:59:36,23.728,4.746,68.685,0.250,0,5661688,221844,190816,1896884,7421.971,1734.358,0,431.591,0,14.986,9753,19282,1.400,1.490,1.030,1,0,48.954,0,0,25,290,4,16,2
17-04 11:59:37,20.271,4.254,74.828,0,0,5714848,168672,190844,1896868,11036.566,3780.962,36.038,844.885,3.003,33.035,2004,3093,1.400,1.490,1.030,1,0,9.009,0,0,25,293,4,15,2
17-04 11:59:38,23.812,4.261,70.936,0,0,5704884,173040,190912,1902384,9997.183,1798.711,0,589.544,0,6.016,1710,2571,1.400,1.490,1.030,1,0,4.011,0,0,25,292,4,15,2
17-04 11:59:39,19.944,2.992,76.284,0.748,0.249,5682980,189876,190952,1907396,14821.071,4637.879,0,1408.017,0,31.910,1684,2510,1.400,1.490,1.030,1,0,4.986,0,0,25,292,4,16,2
17-04 11:59:40,25.032,6.759,66.336,0,0,5693988,178284,191024,1907908,10259.224,1533.977,0,508.656,0,9.012,16396,33518,1.450,1.500,1.040,1,0,18.023,0,0,25,292,4,16,2
17-04 11:59:41,20.959,5.988,72.109,0,0,5660416,222772,191096,1896932,10300.841,1616.836,0,562.898,0,12.975,1801,2630,1.450,1.500,1.040,1,0,14.971,0,0,25,292,4,15,2
17-04 11:59:42,24.333,3.763,71.243,0,0,5688388,194800,191096,1896932,5089.339,1625.538,0,4.014,0,1.003,1481,2330,1.450,1.500,1.040,1,0,8.027,0,0,25,292,4,15,2
17-04 11:59:43,21.196,8.229,68.577,0,0,5667508,206508,191276,1905908,9699.470,1615.913,0,3.990,0,0.997,12204,23746,1.450,1.500,1.040,2,0,97.753,0,0,25,292,4,15,2
17-04 11:59:44,23.487,4.498,70.711,0,0,5690452,178032,191312,1911460,7266.025,1619.114,3.998,1423.221,0.999,15.991,2511,4411,1.450,1.500,1.040,1,0,3.998,0,0,25,292,4,15,2
17-04 11:59:45,17.006,2.251,79.528,0.750,0.250,5698568,169716,191336,1911636,30138.760,13050.659,44.016,1376.491,4.001,53.019,1998,2966,1.410,1.490,1.030,1,0,1.000,0,0,25,295,4,15,2
17-04 11:59:46,10.987,1.249,85.149,0.749,0,5698372,169492,191352,1912040,122342.779,16871.973,0,1474.250,0,64.923,1886,2706,1.410,1.490,1.030,2,0,0,0,0,25,296,4,15,2
17-04 11:59:47,14.757,1.751,81.787,0.500,0,5721404,146336,191392,1912124,70987.370,10595.832,0,1120.511,0,52.024,1921,2819,1.410,1.490,1.030,0,0,1.000,0,0,25,298,4,15,2
17-04 11:59:48,17.250,3.000,76.999,0.500,0,5723568,144244,191404,1912036,31143.471,14492.754,0,1407.976,0,49.999,1942,2811,1.410,1.490,1.030,0,0,7.000,0,0,25,298,4,15,2
17-04 11:59:49,16.227,3.245,78.889,0.749,0,5747748,186240,190832,1848264,288540.293,11099.317,0,2208.879,0,290.589,2276,2484,1.410,1.490,1.030,1,0,0,0,0,25,298,4,15,2
17-04 11:59:50,8.509,4.505,83.589,1.251,0,5744036,189536,190912,1848588,114736.621,23188.580,52.055,2670.831,8.008,129.137,5064,3123,1.300,1.460,1.030,0,0,0,0,0,25,298,4,15,2
17-04 11:59:51,21.005,4.251,73.268,0.500,0.250,5737884,186820,190940,1857256,74840.411,14426.549,104.026,1800.443,6.001,82.020,2648,5492,1.300,1.460,1.030,0,0,35.009,0,0,25,298,4,15,2
17-04 11:59:52,5.000,2.250,90.005,0.500,0,5740684,180576,190944,1860864,2067941.009,44098.602,0,1868.110,0,26.002,3459,3827,1.300,1.460,1.030,0,0,3.000,0,0,25,298,4,15,2
17-04 11:59:53,8.003,2.751,84.777,0.750,0,5743404,151604,190860,1887200,5140088.408,58734.619,9955.156,6057.920,63.020,36.011,4106,4353,1.300,1.460,1.030,0,0,2.001,0,0,25,298,4,15,2
17-04 11:59:54,17.818,4.517,74.787,1.757,0,5746600,141340,190988,1894172,649857.905,13775.803,164.631,26168.303,4.015,493.893,3267,3736,1.300,1.460,1.030,1,0,1.004,0,0,25,298,4,15,2
17-04 11:59:55,24.401,3.984,69.220,0.747,0,5748344,138116,193428,1893056,10669.883,1613.480,71.710,4537.663,9.960,111.549,2253,3334,1.280,1.460,1.030,3,0,0,0,0,25,298,4,14,2
17-04 11:59:56,22.519,5.505,70.561,1.251,0,5745752,139220,181516,1908348,7887.776,1459.253,0,3206.755,0,127.109,2113,3190,1.280,1.460,1.030,3,0,0,0,0,25,298,4,14,2
17-04 11:59:57,25.192,9.229,63.354,1.247,0,5748392,142920,166008,1917204,7008.796,1690.093,103.760,179892.089,17.958,738.293,3709,4377,1.280,1.460,1.030,2,0,0,0,0,25,298,4,14,2
17-04 11:59:58,24.791,4.257,70.116,0.501,0,5750108,141932,160112,1922368,5804.601,1622.684,52.086,2568.248,2.003,49.081,1814,2863,1.280,1.460,1.030,2,0,1.002,0,0,25,298,4,14,2
17-04 11:59:59,21.233,6.245,70.194,0.749,0,5755200,160508,156288,1901308,10720.509,2673.882,15.987,2905.699,3.997,101.919,2666,3113,1.280,1.460,1.030,1,0,0,0,0,25,299,4,14,2
17-04 12:00:00,22.861,3.768,72.101,0.502,0,5670788,278132,156360,1868292,13877.570,3294.039,213.037,1330.478,16.078,181.886,3982,2315,1.170,1.430,1.020,1,0,3.015,0,0,25,296,4,14,2
17-04 12:00:01,20.178,3.986,74.735,0,0,5709024,236388,156420,1871884,15965.323,3697.873,0,729.411,0,9.965,4328,2288,1.170,1.430,1.020,2,0,5.979,0,0,25,297,4,14,2
17-04 12:00:02,22.484,3.248,72.450,0.250,0,5700140,242680,156576,1873824,9854.151,2740.096,0,13586.557,0,146.898,1957,2559,1.170,1.430,1.020,0,0,5.996,0,0,25,297,4,14,2
17-04 12:00:03,21.822,4.013,71.735,0.502,0,5688796,247696,157044,1878916,16156.946,3713.168,4.013,1312.300,1.003,32.105,9788,19624,1.170,1.430,1.020,1,0,7.023,0,0,25,296,4,14,2
17-04 12:00:04,22.460,5.740,70.375,0,0,5683660,252244,157112,1879372,9607.975,1732.929,7.986,2822.998,1.996,26.952,3540,6249,1.170,1.430,1.020,2,0,11.979,0,0,25,296,4,14,2
17-04 12:00:05,23.237,5.747,69.212,0,0,5693496,242192,157164,1879536,5748.838,1619.109,0,359.802,0,20.988,7688,15668,1.160,1.420,1.020,1,0,14.992,0,0,25,296,4,11,2
17-04 12:00:06,23.477,4.745,70.180,0.250,0,5644324,303240,157176,1868584,9399.629,1510.494,19.980,479.522,4.995,24.975,1872,2900,1.160,1.420,1.020,1,0,7.992,0,0,25,296,4,11,2
17-04 12:00:07,24.026,5.506,67.572,2.252,0,5677364,264796,157332,1873760,7409.921,1567.676,2887.086,1693.811,339.363,22.024,3634,6506,1.160,1.420,1.020,1,0,4.004,0,0,25,297,4,12,2
17-04 12:00:08,28.318,3.508,66.158,1.002,0,5679720,261324,157436,1874772,5128.272,1623.886,842.015,4169.979,172.413,231.554,5035,10830,1.160,1.420,1.020,1,0,3.007,0,0,25,299,4,18,2
17-04 12:00:09,28.343,3.232,66.134,1.492,0,5682824,256564,157552,1876316,11987.708,1611.091,1050.192,1280.917,57.681,167.076,5184,10380,1.160,1.420,1.020,7,0,0.995,0,0,25,303,4,24,2
17-04 12:00:10,25.146,2.766,68.648,1.257,0.251,5692836,245476,157788,1877124,9748.512,1629.446,816.735,3564.664,73.426,522.026,3933,6171,1.150,1.420,1.020,5,0,2.012,0,0,25,306,4,20,2
17-04 12:00:11,18.982,12.988,66.686,0.749,0.250,5655356,281900,157876,1878092,21529.461,5337.908,703.329,2074.021,35.966,186.822,5178,8914,1.150,1.420,1.020,3,0,306.707,0,0,25,306,4,20,2
17-04 12:00:12,13.006,14.006,69.031,4.002,0,5639772,285448,158680,1889388,8588.865,1458.656,12157.471,496.223,962.433,17.008,4352,5632,1.150,1.420,1.020,0,1,143.064,0,0,25,306,4,21,2
17-04 12:00:13,10.968,6.232,70.796,12.215,0,5617516,267592,158748,1929424,7919.193,2100.949,39913.050,3968.571,2727.146,159.541,6146,8461,1.150,1.420,1.020,0,0,5.983,0,0,25,307,4,21,2
17-04 12:00:14,2.998,0.999,93.438,0.250,0,5620848,263308,158888,1930224,17451.412,2758.169,807.464,415.724,39.973,25.983,1571,2553,1.150,1.420,1.020,0,0,0,0,0,25,307,3,19,2
17-04 12:00:15,3.750,1.250,92.510,0.250,0,5621844,261572,158924,1930928,98514.837,4541.500,624.069,476.052,7.001,40.004,1838,3125,1.050,1.390,1.020,0,0,2.000,0,0,25,307,3,19,2
17-04 12:00:16,6.251,2.250,89.514,0.500,0.250,5617660,261628,159288,1934556,341760.973,122873.045,3372.523,468.073,59.009,1.000,1826,2629,1.050,1.390,1.020,0,0,10.002,0,0,25,306,3,18,2
17-04 12:00:17,3.499,1.250,93.222,0.250,0,5617648,261628,159296,1934560,12005.374,1619.511,0,843.745,0,28.991,1636,2839,1.050,1.390,1.020,0,0,0,0,0,25,306,3,18,2
17-04 12:00:18,2.752,1.251,94.073,0.250,0.250,5618116,261152,159300,1934560,9428.335,1501.168,0,320.249,0,26.020,1399,2265,1.050,1.390,1.020,0,0,1.001,0,0,25,306,3,18,2
17-04 12:00:19,5.017,2.007,90.807,0,0,5617220,261008,159304,1935596,11200.825,1625.489,100.339,112.380,6.020,12.041,1369,2213,1.050,1.390,1.020,0,0,3.010,0,0,25,306,3,18,2
17-04 12:00:20,4.736,1.745,91.719,0.249,0,5614000,259272,159308,1940548,11191.764,1615.060,4530.142,327.000,62.808,16.948,1781,2762,0.970,1.370,1.010,0,0,0.997,0,0,25,306,3,18,2
17-04 12:00:21,5.745,1.499,90.168,0.500,0,5614064,258768,159336,1940960,6139.395,1618.522,587.464,759.307,4.995,76.930,2069,3543,0.970,1.370,1.010,0,0,0.999,0,0,25,306,3,18,2
17-04 12:00:22,4.500,1.500,91.998,0,0,5606276,267700,159336,1939816,10251.785,1693.964,0,123.997,0,14.000,1517,2521,0.970,1.370,1.010,0,0,1.000,0,0,25,306,3,18,2
17-04 12:00:23,3.000,0.750,95.263,0.250,0,5606084,267700,159336,1940008,8838.237,1532.215,188.026,32.004,11.002,3.000,1357,2321,0.970,1.370,1.010,0,0,0,0,0,25,306,3,18,2
17-04 12:00:24,5.003,1.001,93.306,0,0,5606076,267700,159344,1940008,10274.175,1620.974,0,360.216,0,34.020,1640,2840,0.970,1.370,1.010,0,0,1.001,0,0,25,306,3,18,2
17-04 12:00:25,2.499,0.750,94.945,0.250,0,5605948,267700,159344,1940136,7666.592,1693.027,0,371.786,0,27.984,1380,2477,0.970,1.360,1.010,0,0,0,0,0,25,306,3,18,2
17-04 12:00:26,2.500,0.250,95.750,0,0,5605944,267700,159344,1940140,9652.010,1620.002,0,32.000,0,4.000,1251,2103,0.970,1.360,1.010,0,0,0,0,0,25,306,3,18,2
17-04 12:00:27,3.249,0.500,94.730,0,0,5605944,267700,159348,1940136,5740.766,1619.652,0,87.981,0,11.997,1225,2207,0.970,1.360,1.010,0,0,0,0,0,25,306,3,18,2
17-04 12:00:28,2.750,1.750,94.260,0,0,5607692,265880,159352,1940144,5294.556,1458.153,4.000,23614.480,1.000,118.012,1582,2469,0.970,1.360,1.010,0,0,3.000,0,0,25,306,3,18,2
17-04 12:00:29,2.000,0.500,95.512,0,0,5607688,265880,159352,1940148,5143.643,1694.212,0,16.002,0,2.000,1128,2068,0.970,1.360,1.010,0,0,0,0,0,25,306,3,18,2
17-04 12:00:30,2.500,1.250,95,0.750,0,5607688,265880,159352,1940148,10016,1620,0,2332,0,393,1608,2208,0.970,1.360,1.010,0,0,0,0,0,25,306,3,18,1
17-04 12:00:31,1.999,1.000,94.970,0.250,0,5607688,265880,159364,1940136,8203.408,1619.488,0,403.872,0,35.989,1388,2521,0.970,1.360,1.010,0,0,0,0,0,25,306,3,18,1
17-04 12:00:32,3.500,0.750,95.246,0,0,5607664,265880,159368,1940156,10800.579,1619.937,0,51.998,0,6.000,1301,2228,0.970,1.360,1.010,0,0,0,0,0,25,306,3,18,1
17-04 12:00:33,2.500,2.500,93.010,0.750,0,5609708,263836,159380,1940144,10066.097,1620.177,8.001,58710.399,2.000,457.050,1983,2726,0.970,1.360,1.010,0,0,0,0,0,25,306,3,18,1
17-04 12:00:34,2.750,1.000,94.260,0.250,0,5609956,263564,159388,1940160,10244.065,1512.157,0,76.008,0,9.001,1320,2251,0.970,1.360,1.010,1,0,0,0,0,25,306,3,18,1
17-04 12:00:35,2.000,1.750,94.995,0,0,5609072,264444,159392,1940160,8356.574,1565.920,0,271.986,0,19.999,1291,2273,0.900,1.330,1,0,0,0,0,0,25,306,3,18,1
17-04 12:00:36,2.000,1.000,95.262,0,0,5609324,264192,159392,1940160,7421.898,1620.196,0,84.010,0,12.001,1396,2457,0.900,1.330,1,0,0,1.000,0,0,25,306,3,18,1
17-04 12:00:37,2.750,0.500,94.495,0.250,0,5609532,263968,159396,1940172,5834.702,1693.914,0,211.989,0,12.999,1412,2571,0.900,1.330,1,0,0,1.000,0,0,25,306,3,18,1
17-04 12:00:38,3.250,1.000,94.754,0,0,5609768,263720,159400,1940180,10530.484,1694.078,144.007,2480.114,14.001,9.000,1421,2403,0.900,1.330,1,3,0,1.000,0,0,25,306,3,18,1
17-04 12:00:39,3.749,1.500,93.729,0,0.250,5609864,263468,159416,1940320,7273.363,1511.660,0,291.934,0,19.996,1352,2238,0.900,1.330,1,0,0,0,0,0,25,306,3,20,1
17-04 12:00:40,1.251,0.750,95.560,0,0,5609864,263468,159420,1940316,11644.336,1566.987,0,68.043,0,4.003,1287,2171,0.820,1.310,1,0,0,0,0,0,25,306,3,18,1
17-04 12:00:41,2.498,0.500,94.437,0.250,0,5609808,263468,159440,1940352,9601.615,1618.923,15.989,659.561,0.999,49.967,1506,2676,0.820,1.310,1,0,0,0,0,0,25,306,3,18,1
17-04 12:00:42,2.000,0.750,96.262,0,0,5609804,263468,159440,1940356,9413.148,1662.203,0,0,0,0,1218,2079,0.820,1.310,1,1,0,0,0,0,25,306,3,18,1
17-04 12:00:43,1.750,0.500,95.757,0,0,5609800,263468,159444,1940356,10476.807,1620.125,0,44.003,0,7.001,1255,2169,0.820,1.310,1,0,0,0,0,0,25,306,3,18,1
17-04 12:00:44,2.999,1.000,94.225,0.250,0.500,5609784,263468,159460,1940356,5740.450,1619.563,83.977,131.964,2.999,18.995,1342,2441,0.820,1.310,1,0,0,0,0,0,25,306,3,18,1
17-04 12:00:45,3.002,1.251,93.810,0.750,0,5609636,263468,159480,1940484,9915.326,1500.958,44.028,3574.280,5.003,179.114,1800,2939,0.760,1.290,0.990,0,0,0,0,0,25,306,3,18,1
17-04 12:00:46,2.249,0.250,95.221,0,0,5609632,263468,159484,1940484,12861.129,1619.513,0,79.976,0,9.997,1335,2124,0.760,1.290,0.990,0,0,0,0,0,25,306,3,18,1
17-04 12:00:47,2.749,0.250,94.957,0,0,5609620,263468,159488,1940492,3697.340,0,0,75.966,0,7.996,1254,2290,0.760,1.290,0.990,1,0,0,0,0,25,306,3,18,1
17-04 12:00:48,14.012,5.004,80.821,0.250,0,5635888,236712,159520,1940948,339661.921,9043.986,532.470,2177.923,13.011,10.009,1982,2685,0.760,1.290,0.990,1,0,34.030,0,0,25,306,3,18,1
17-04 12:00:49,13.541,5.015,80.246,0.502,0,5635408,233124,159544,1944992,244763.466,6762.707,641.966,8.025,48.147,2.006,2053,2749,0.760,1.290,0.990,1,0,39.120,0,0,25,306,3,18,1
