"pcp-dstat 5.3.6 CSV Output"
"Author:","PCP team <pcp@groups.io> and Dag Wieers <dag@wieers.com>",,,,"URL:","https://pcp.io/ and http://dag.wieers.com/home-made/dstat/"
"Host:","ubuntu",,,,"User:","ubuntu"
"Cmdline:","dstat -tcmndrylpg --tcp --output /tmp/devstack_logs/dstat-csv.log",,,,"Date:","14 Aug 2024 12:04:30 UTC"
"system","total usage",,,,,"memory usage",,,,"net/total",,"dsk/total",,"io/total",,"system",,"load avg",,,"procs",,,"paging",,"tcp sockets",,,,
"time","total usage:usr","total usage:sys","total usage:idl","total usage:wai","total usage:stl","used","free","buf","cach","net/total:recv","net/total:send","dsk/total:read","dsk/total:writ","read","writ","int","csw","1m","5m","15m","run","blk","new","in","out","lis","act","syn","tim","clo"
14-08 12:04:30,,1081004,1293816,167372,5248192,,,,,,,1.410,0.980,0.540,3,0,,,,9,5,7,10,2
14-08 12:04:31,41.953,26.470,30.716,0,0,1064480,1304764,167400,5253336,2390173.177,25762.224,383.572,4566.899,2.997,144.838,4619,7070,1.410,0.980,0.540,3,0,609.319,0,0,9,4,7,10,2
14-08 12:04:32,46.700,22.476,29.469,0.999,0,1089184,1252904,167764,5277148,16949.914,5041.621,0,3388.385,0,132.858,3856,7390,1.410,0.980,0.540,3,0,357.618,0,0,9,6,7,10,2
14-08 12:04:33,51.968,20.487,25.984,1.749,0,1201192,1107648,168984,5430728,2421804.012,24553.924,0,6867.783,0,183.887,4601,9572,1.410,0.980,0.540,3,0,180.889,0,0,10,4,7,10,2
14-08 12:04:34,45.796,11.512,41.542,0.751,0,1225384,1081240,169664,5430640,953462.369,17873.910,0,3403.410,0,79.079,2403,2856,1.410,0.980,0.540,4,0,118.118,0,0,10,6,7,10,0
14-08 12:04:35,64.144,13.977,21.964,0.250,0,1204432,1101240,169672,5431636,7453.627,1856.918,79.867,1122.137,0.998,29.950,10513,20637,1.540,1.010,0.560,4,0,189.685,0,0,10,4,7,12,0
14-08 12:04:36,55.910,8.985,33.945,0.250,0,1214828,1088160,169716,5434128,969311.654,15712.577,0,5131.697,0,71.884,10285,19226,1.540,1.010,0.560,3,0,15.974,0,0,10,6,7,12,0
14-08 12:04:37,32.846,8.776,45.884,12.537,0,1171776,1123240,170132,5441456,5101.938,1644.816,0,33726.752,0,3204.382,15777,26629,1.540,1.010,0.560,3,0,65.191,0,0,10,6,7,12,0
14-08 12:04:38,33.050,8.946,51.936,4.224,0,1091692,1201652,170328,5442800,5939.057,1610.255,0,28157.590,0,2052.578,9095,14953,1.540,1.010,0.560,2,0,142.140,0,0,10,4,6,12,0
14-08 12:04:39,23.795,3.006,73.387,0.250,0,1158468,1134872,170336,5442800,11961.404,1623.040,0,737.381,0,34.064,1103,1231,1.540,1.010,0.560,2,0,0,0,0,10,4,6,12,0
14-08 12:04:40,23.093,3.765,72.792,0.251,0,1108112,1185192,170356,5442816,11361.514,1626.516,0,7036.187,0,400.605,2184,2943,1.490,1.010,0.560,2,0,10.040,0,0,10,4,6,12,0
14-08 12:04:41,23.908,2.241,72.721,0,0,1161780,1131516,170372,5442808,6237.106,1655.657,0,430.351,0,28.889,1306,1686,1.490,1.010,0.560,2,0,1.992,0,0,10,4,6,12,0
14-08 12:04:42,14.769,18.023,66.586,0,0,1070472,1222676,170372,5442968,6126.879,1513.947,0,8.010,0,2.003,2566,5969,1.490,1.010,0.560,2,0,286.368,0,0,10,4,6,13,0
14-08 12:04:43,9.002,21.004,67.763,0,0,1080960,1212320,170372,5442984,4571.896,1620.318,0,31994.271,0,77.015,2728,3914,1.490,1.010,0.560,2,0,259.051,0,0,10,4,6,12,0
14-08 12:04:44,11.287,21.070,66.972,0,0,1083516,1209728,170372,5443348,6113.235,1571.201,0,24.080,0,6.020,3533,5666,1.490,1.010,0.560,3,0,242.804,0,0,10,4,6,12,0
14-08 12:04:45,33.625,15.443,50.563,0,0,1158724,1134400,170372,5443564,4509.293,1761.474,0,7.970,0,0.996,3639,6869,1.450,1.010,0.560,3,0,164.391,0,0,10,5,6,12,0
14-08 12:04:46,46.003,4.000,49.503,0,0,1237984,1054572,170404,5444028,5448.349,1662.106,0,2572.165,0,124.008,1382,1232,1.450,1.010,0.560,3,0,0,0,0,10,5,6,12,0
14-08 12:04:47,37.815,9.266,52.591,0.250,0,1274728,1014784,170528,5446524,5585.652,1622.804,0,2211.822,0,101.175,1813,5104,1.450,1.010,0.560,2,0,68.118,0,0,10,4,6,13,0
14-08 12:04:48,1.747,5.989,90.330,0.499,0,1278692,1010672,170532,5446688,4676.185,1509.155,0,13003.488,0,99.812,1510,2254,1.450,1.010,0.560,2,0,49.906,0,0,10,4,6,13,0
14-08 12:04:49,19.072,4.517,76.541,0,0,1343916,945404,170556,5446688,6747.634,1626.178,0,56.214,0,3.011,1269,1465,1.450,1.010,0.560,2,0,21.080,0,0,10,4,6,13,0
14-08 12:04:50,23.998,2.500,72.995,0.750,0,1383736,905364,170560,5446900,6267.574,1619.890,0,3695.749,0,210.986,1970,2148,1.580,1.040,0.570,3,0,3.000,0,0,10,10,6,13,0
14-08 12:04:51,21.181,4.984,70.770,0.997,0,1317052,971928,170636,5446940,6148.973,1560.916,0,3424.845,0,327.932,3147,5071,1.580,1.040,0.570,3,0,43.857,0,0,10,4,6,15,0
14-08 12:04:52,21.484,4.746,72.946,0.749,0,1349588,938496,170644,5447696,6365.296,1734.718,231.829,1103.185,57.957,55.959,1822,2718,1.580,1.040,0.570,2,0,0.999,0,0,10,25,6,15,0
14-08 12:04:53,21.585,6.777,70.778,0.502,0,1343412,944568,170648,5447716,4595.068,1626.395,0,48265.781,0,700.755,2926,2830,1.580,1.040,0.570,2,0,45.178,0,0,10,28,6,15,0
14-08 12:04:54,20.427,10.214,68.008,0,0,1320292,967672,170648,5447732,8277.598,1614.266,0,19.929,0,4.982,1914,2884,1.580,1.040,0.570,3,0,155.448,0,0,10,28,6,15,0
14-08 12:04:55,44.916,5.269,49.432,0.251,0,1429512,858584,170648,5447744,4988.402,1517.598,0,1296.784,0,7.026,1553,2444,1.610,1.060,0.580,3,0,0,0,0,10,29,6,15,0
14-08 12:04:56,47.760,17.003,34.257,0,0,1393768,894068,170660,5447956,4674.940,1620.326,0,472.095,0,47.009,3970,8901,1.610,1.060,0.580,7,0,402.081,0,0,10,28,6,17,0
14-08 12:04:57,81.738,14.248,3.000,0,0,1599216,688500,170660,5448008,5674.200,1619.772,0,11.998,0,3.000,3166,6804,1.610,1.060,0.580,9,0,175.975,0,0,10,31,6,17,0
14-08 12:04:58,68.702,11.492,19.486,0,0,1450500,836816,170676,5448356,7301.881,1618.865,0,11515.927,0,57.959,4164,9050,1.610,1.060,0.580,4,0,199.860,0,0,10,29,6,17,0
14-08 12:04:59,30.647,8.970,59.550,0,0,1353948,933320,170692,5448380,6708.453,1560.754,0,837.186,0,48.836,3286,5860,1.610,1.060,0.580,2,0,109.632,0,0,10,28,6,17,0
14-08 12:05:00,23.764,2.501,72.792,0.250,0,1388932,898320,170692,5448392,9608.496,1620.927,0,88.050,0,12.007,1634,2849,1.560,1.060,0.580,4,0,0,0,0,10,28,6,17,0
14-08 12:05:01,18.736,7.494,72.946,0,0,1381016,906220,170696,5448404,5901.627,1692.746,0,459.659,0,28.979,1428,1920,1.560,1.060,0.580,2,0,69.948,0,0,10,28,6,17,0
14-08 12:05:02,16.998,11.499,69.991,0,0,1325912,961284,170716,5448424,8736.890,1585.799,0,2587.671,0,46.994,2820,4478,1.560,1.060,0.580,2,0,153.980,0,0,10,28,6,18,0
14-08 12:05:03,11.027,20.049,67.165,0,0,1325772,961412,170716,5448436,41732.788,1698.183,0,48764.106,0,130.321,2921,3571,1.560,1.060,0.580,3,0,333.822,0,0,10,28,6,18,0
14-08 12:05:04,60.370,22.044,17.284,0,0,1508804,778224,170728,5448480,7440.815,1623.232,0,1462.913,0,49.098,2658,4542,1.560,1.060,0.580,7,0,552.099,0,0,10,28,6,17,0
14-08 12:05:05,78.584,11.725,8.981,0,0,1565720,721108,170732,5448672,5054.325,1690.430,0,195.587,0,27.941,6532,14327,1.840,1.120,0.610,6,0,24.947,0,0,10,30,6,17,0
14-08 12:05:06,80.675,15.283,3.257,0,0,1495096,791512,170748,5448872,6382.857,1665.616,0,485.053,0,50.109,3413,7935,1.840,1.120,0.610,6,0,138.300,0,0,10,29,6,17,0
14-08 12:05:07,80.417,14.735,5.744,0,0,1643000,643144,170752,5449324,6193.577,1564.378,0,203.789,0,12.987,5878,12607,1.840,1.120,0.610,8,0,146.848,0,0,10,29,6,17,0
14-08 12:05:08,69.566,13.012,15.515,0,0,1453744,832048,170768,5449608,5233.936,1621.529,0,22409.132,0,68.064,4925,13105,1.840,1.120,0.610,3,0,200.189,0,0,10,30,6,17,0
14-08 12:05:09,41.560,9.706,48.529,0.249,0,1437204,848412,170780,5449764,8288.181,1578.796,0,314.565,0,26.877,2074,3432,1.840,1.120,0.610,3,0,97.555,0,0,10,28,6,17,0
14-08 12:05:10,44.461,15.825,39.437,0,0.251,1355408,930132,170788,5449812,5789.425,1702.063,0,3516.658,0,107.509,3556,9635,1.850,1.140,0.620,4,0,379.799,0,0,10,28,6,17,0
14-08 12:05:11,65.644,8.918,25.019,0,0,1514236,771120,170788,5449996,6246.340,1678.506,0,182.317,0,5.945,2784,5425,1.850,1.140,0.620,5,0,7.927,0,0,10,30,6,17,0
14-08 12:05:12,68.122,15.895,15.390,0.252,0,1480324,804932,170832,5450052,5255.971,1634.922,0,500.569,0,52.479,3544,7684,1.850,1.140,0.620,5,0,260.376,0,0,10,28,6,19,0
14-08 12:05:13,74.752,9.500,16.250,0,0,1578356,706680,170840,5450260,7651.199,1736.045,0,280.007,0,25.001,5347,12763,1.850,1.140,0.620,6,0,0,0,0,10,30,6,20,0
14-08 12:05:14,64.667,14.731,19.974,0,0,1481564,803400,170852,5450316,7377.557,1617.929,0,555.289,0,28.963,2773,5536,1.850,1.140,0.620,3,0,323.586,0,0,10,28,6,20,0
14-08 12:05:15,59.073,15.269,25.281,0,0,1347164,937408,170876,5450684,6444.010,1567.949,0,496.617,0,52.065,5137,12021,1.860,1.150,0.620,4,0,299.372,0,0,10,28,6,20,0
14-08 12:05:16,66.511,6.975,26.405,0,0,1515032,769472,170880,5450744,8993.704,1506.590,0,219.213,0,9.964,2298,3717,1.860,1.150,0.620,3,0,0,0,0,10,31,6,22,0
14-08 12:05:17,59.968,13.993,25.736,0,0,1432036,852144,170888,5451056,5461.084,1767.056,0,335.821,0,23.987,5135,10605,1.860,1.150,0.620,4,0,286.847,0,0,10,28,6,26,0
14-08 12:05:18,63.175,8.022,29.582,0.251,0,1448864,834708,170896,5451656,6332.547,1624.501,0,401.111,0,37.103,4399,9608,1.860,1.150,0.620,8,0,8.022,0,0,10,28,6,26,0
14-08 12:05:19,62.289,10.507,25.766,0,0,1511196,772340,170904,5451684,10062.289,1621.013,0,268.168,0,11.007,2321,3302,1.860,1.150,0.620,4,0,104.065,0,0,10,29,6,27,0
14-08 12:05:20,63.053,17.014,20.017,0,0,1440240,843180,170932,5451760,10030.506,1621.375,0,600.509,0,58.049,4960,10139,2.040,1.200,0.640,7,0,386.328,0,0,10,28,6,27,0
14-08 12:05:21,81.248,16.000,2.500,0.250,0,1613636,669364,171008,5452084,5439.875,1713.961,0,3455.921,0,196.995,4397,8652,2.040,1.200,0.640,9,0,200.995,0,0,10,28,6,28,0
14-08 12:05:22,84.503,15.501,0.250,0,0,1555200,727676,171024,5452184,7035.253,1620.058,0,280.010,0,20.001,2835,4891,2.040,1.200,0.640,8,0,255.009,0,0,10,30,6,28,0
14-08 12:05:23,79.480,14.996,4.249,0,0,1591648,691012,171036,5452380,5452.604,1511.613,0,435.888,0,31.992,4143,8214,2.040,1.200,0.640,9,0,241.938,0,0,10,31,6,28,0
14-08 12:05:24,75.703,19.738,4.497,0,0,1465420,816988,171036,5452620,8989.409,1565.027,0,887.448,0,14.991,5573,15709,2.040,1.200,0.640,4,0,383.761,0,0,10,30,6,29,0
14-08 12:05:25,25.725,25.725,47.953,0,0,1330672,951520,171036,5452828,5124.978,1692.342,0,171.832,0,8.991,4654,9010,2.190,1.250,0.660,3,0,587.424,0,0,10,28,6,31,0
14-08 12:05:26,8.476,20.940,68.304,0.249,0,1330164,952000,171040,5452852,5845.265,1689.164,0,3825.049,0,116.666,2485,3084,2.190,1.250,0.660,4,0,307.121,0,0,10,28,6,28,0
14-08 12:05:27,8.790,23.357,66.052,0.251,0,1327408,954756,171040,5452852,5415.739,1627.434,0,506.313,0,38.174,2742,3855,2.190,1.250,0.660,3,0,366.675,0,0,10,28,6,28,0
14-08 12:05:28,63.757,27.503,9.501,0,0,1516560,765540,171040,5452912,5405.562,1620.168,0,228.024,0,22.002,2783,5922,2.190,1.250,0.660,7,0,793.082,0,0,10,28,6,28,0
14-08 12:05:29,77.493,17.249,4.500,0,0,1513088,768980,171072,5452976,6085.477,1619.861,0,3363.711,0,115.990,6333,11805,2.190,1.250,0.660,9,0,373.968,0,0,10,28,6,28,0
14-08 12:05:30,81.261,15.752,2.250,0,0,1536476,745352,171076,5453208,16357.208,1512.204,0,408.055,0,32.004,4603,8369,2.500,1.330,0.690,7,0,241.033,0,0,10,29,6,29,0
14-08 12:05:31,83.249,12.000,4.000,0,0,1626620,655000,171080,5453396,10611.915,1619.987,0,159.999,0,7.000,7510,15961,2.500,1.330,0.690,7,0,106.999,0,0,10,31,6,29,0
14-08 12:05:32,83.483,12.248,3.999,0,0,1549664,731536,171124,5453764,5891.833,1565.690,0,487.903,0,42.991,6612,14422,2.500,1.330,0.690,8,0,69.986,0,0,10,30,6,29,0
14-08 12:05:33,80.509,16.252,3.000,0,0,1629608,651492,171136,5453844,45264.070,1694.190,0,400.045,0,27.003,14447,29368,2.500,1.330,0.690,7,0,98.011,0,0,10,30,6,29,0
14-08 12:05:34,82.295,15.258,2.001,0,0,1672376,608460,171140,5454044,5690.107,1694.925,0,1476.806,0,24.013,4394,13079,2.500,1.330,0.690,8,0,33.018,0,0,10,29,6,29,0
14-08 12:05:35,79.240,17.194,2.741,0,0,1590780,689392,171172,5454668,21268.219,3714.812,0,570.129,0,16.944,5413,18100,2.860,1.420,0.720,6,0,130.572,0,0,10,32,6,29,0
14-08 12:05:36,83.726,11.280,6.016,0,0,1515844,763592,171312,5455192,143283.435,10315.822,0,1403.786,0,70.189,5246,13553,2.860,1.420,0.720,7,0,124.335,0,0,10,31,6,27,0
14-08 12:05:37,82.956,13.243,4.248,0,0,1582092,695668,171524,5456516,159540.444,5318.181,0,1231.347,0,54.971,6328,11143,2.860,1.420,0.720,7,0,76.959,0,0,10,31,6,27,0
14-08 12:05:38,82.799,13.758,3.252,0,0,1594808,682376,171648,5456736,34765.442,7080.163,0,1068.628,0,47.028,5441,10129,2.860,1.420,0.720,6,0,110.065,0,0,10,32,6,27,0
14-08 12:05:39,82.458,13.243,3.998,0,0,1608368,667976,171868,5457296,79013.387,9244.248,0,3186.362,0,72.962,5360,12352,2.860,1.420,0.720,9,0,96.950,0,0,10,32,6,27,0
14-08 12:05:40,81.039,12.756,5.253,0,0,1570628,704912,171972,5457852,24040.491,5608.681,0,1200.574,0,71.034,5172,15057,3.110,1.500,0.750,6,0,80.038,0,0,10,30,6,27,0
14-08 12:05:41,81.967,13.994,2.749,0,0,1643448,631732,172132,5457940,31923.295,9645.161,0,1475.413,0,72.971,4227,7377,3.110,1.500,0.750,6,0,147.941,0,0,10,31,6,27,0
14-08 12:05:42,82.866,12.230,3.994,0,0,1546424,726420,172276,5462064,337026.343,9892.954,0,1549.487,0,61.900,4213,14385,3.110,1.500,0.750,9,0,133.783,0,0,10,32,5,26,0
14-08 12:05:43,86.902,12.271,1.252,0,0,1570344,692556,172712,5468344,1418478.500,16894.532,0,2320.055,0,33.058,3010,9955,3.110,1.500,0.750,7,0,59.103,0,0,10,30,5,27,0
14-08 12:05:44,81.246,13.249,5.000,0,0,1547756,714848,172868,5468428,22458.855,6441.671,0,1675.915,0,75.996,6118,12174,3.110,1.500,0.750,9,0,120.994,0,0,10,31,5,27,0
14-08 12:05:45,80.768,14.503,3.751,0,0.250,1541912,720032,172928,5468932,10850.409,3843.853,0,704.156,0,36.008,5595,11293,3.340,1.570,0.780,5,0,189.042,0,0,10,31,5,27,0
14-08 12:05:46,75.495,9.499,13.499,0.250,0,1510156,750920,173088,5469536,62468.252,7238.566,0,6827.590,0,229.986,5872,14125,3.340,1.570,0.780,7,0,49.997,0,0,10,30,5,31,0
14-08 12:05:47,84.763,13.752,2.500,0,0,1565584,694964,173188,5469832,32566.950,4015.610,0,572.087,0,22.003,1975,3551,3.340,1.570,0.780,5,0,93.014,0,0,10,30,5,31,0
14-08 12:05:48,76.215,10.995,11.495,0.250,0,1444848,809856,173416,5475268,2840661.933,26696.613,0,2051.048,0,114.947,6060,12540,3.340,1.570,0.780,7,0,117.945,0,0,10,31,5,33,0
14-08 12:05:49,80.775,16.255,2.501,0,0,1588848,627360,173768,5512136,19033123.434,96083.266,0,24039.572,0,169.053,7650,6123,3.340,1.570,0.780,5,0,124.039,0,0,10,32,5,32,0
14-08 12:05:50,79.497,13.250,7.000,0.250,0,1486648,715464,173936,5525356,6585937.320,22503.167,0,7867.709,0,73.997,5469,12334,3.560,1.650,0.810,6,0,85.997,0,0,10,31,5,32,0
14-08 12:05:51,84.263,13.752,2.000,0,0,1605692,595556,174040,5526068,7008.093,1694.264,0,488.076,0,22.003,2305,4042,3.560,1.650,0.810,6,0,76.012,0,0,10,30,5,32,0
14-08 12:05:52,80.022,14.254,4.751,0,0,1567516,633360,174056,5526332,5651.543,1628.445,72.020,1232.336,1.000,62.017,5218,10997,3.560,1.650,0.810,6,0,133.036,0,0,10,32,5,32,0
14-08 12:05:53,82.162,15.983,1.748,0,0,1614236,585616,174148,5527132,6110.456,1618.267,0,391.581,0,25.972,2916,6468,3.560,1.650,0.810,7,0,133.857,0,0,10,35,5,30,0
14-08 12:05:54,81.287,13.256,6.003,0,0,1507292,691008,174224,5528512,8356.844,1694.780,0,564.260,0,31.014,4292,10550,3.560,1.650,0.810,6,0,94.043,0,0,10,35,5,30,0
14-08 12:05:55,81.247,16.499,2.750,0,0,1596176,592268,174896,5535700,6162.790,1619.945,0,1575.946,0,30.999,5315,10184,3.670,1.700,0.830,7,0,132.995,0,0,10,34,5,30,0
14-08 12:05:56,76.725,15.495,6.748,0,0,1541872,645964,174908,5536592,5857.067,1619.466,0,687.773,0,35.988,5966,11142,3.670,1.700,0.830,7,0,203.933,0,0,10,36,5,31,0
14-08 12:05:57,85.027,12.254,2.251,0.250,0,1555344,632164,174916,5536908,5863.853,1620.512,0,484.153,0,33.010,2568,5491,3.670,1.700,0.830,6,0,162.051,0,0,10,36,5,29,0
14-08 12:05:58,73.278,13.505,11.254,0.500,0,1482672,659628,176052,5577528,7096.675,1640.619,0,5730.160,0,229.086,6715,14524,3.670,1.700,0.830,6,0,109.041,0,0,10,34,5,30,0
14-08 12:05:59,82.001,15.000,3.250,0.250,0,1568748,505296,182820,5629884,5480.071,1846.024,0,3748.049,0,48.001,2407,3590,3.670,1.700,0.830,5,0,118.002,0,0,10,35,6,30,0
14-08 12:06:00,78.000,13.750,8.000,0.250,0,1514364,532264,188604,5645652,6773.993,1585.998,0,27275.973,0,360.000,5846,13377,3.780,1.760,0.850,5,0,100.000,0,0,10,35,6,31,0
14-08 12:06:01,70.467,15.493,13.494,0.250,0,1546668,492908,189260,5650788,6529.983,1619.252,0,3190.526,0,60.972,3070,20602,3.780,1.760,0.850,4,0,205.905,0,0,10,35,6,31,0
14-08 12:06:02,61.750,13.750,24.250,0,0,1526400,512856,189272,5651076,7665.008,1694.002,0,412.000,0,28.000,6459,15575,3.780,1.760,0.850,5,0,43.000,0,0,10,34,6,31,0
14-08 12:06:03,59.262,13.753,26.755,0,0,1414912,671312,189272,5606404,44362.873,1968.394,0,896.179,0,26.005,3985,9371,3.780,1.760,0.850,4,0,69.014,0,0,10,32,6,31,0
14-08 12:06:04,63.260,12.002,25.254,0,0,1522912,562468,189280,5607240,7194.158,1620.261,0,988.159,0,14.002,2006,2962,3.780,1.760,0.850,4,0,111.018,0,0,10,33,6,31,0
14-08 12:06:05,59.001,26.000,14.250,0,0,1376620,696644,189308,5619348,7399.067,1620.015,76.001,2096.019,1.000,54.000,7511,16729,3.960,1.830,0.880,4,0,666.006,0,0,10,32,6,31,0
14-08 12:06:06,48.472,20.238,30.482,0,0,1462456,610604,189312,5619548,6704.098,1639.046,0,715.584,0,28.983,4237,7744,3.960,1.830,0.880,3,0,408.762,0,0,10,32,6,31,0
14-08 12:06:07,42.101,8.968,48.079,0,0,1438364,634672,189312,5619572,9369.728,1654.126,0,187.335,0,10.961,2667,4515,3.960,1.830,0.880,3,0,75.731,0,0,10,32,6,32,0
14-08 12:06:08,44.463,7.244,48.209,0,0,1416044,656440,189312,5620124,5394.463,1618.639,0,203.829,0,7.993,3766,8719,3.960,1.830,0.880,5,0,55.953,0,0,10,33,6,35,0
14-08 12:06:09,34.506,15.253,49.508,0.250,0,1408308,663092,189312,5621208,5534.908,1620.266,0,344.056,0,23.004,2676,4962,3.960,1.830,0.880,3,0,317.052,0,0,10,33,6,36,0
14-08 12:06:10,17.951,9.225,72.303,0.249,0,1375296,695952,189312,5621360,5503.010,1615.599,0,1866.915,0,32.910,1932,3530,3.800,1.830,0.890,2,0,98.731,0,0,10,32,6,36,0
14-08 12:06:11,25.062,2.757,72.429,0,0,1408276,662940,189320,5621384,6704.567,1694.186,0,324.803,0,31.077,1594,3410,3.800,1.830,0.890,2,0,8.020,0,0,10,32,6,36,0
14-08 12:06:12,18.332,8.036,73.328,0.251,0,1386496,684708,189328,5621388,5900.363,1627.271,0,229.023,0,16.072,1484,1887,3.800,1.830,0.890,3,0,94.422,0,0,10,32,6,36,0
14-08 12:06:13,24.893,1.743,71.692,0,0,1401712,669336,189328,5621544,7602.340,1613.070,0,370.409,0,33.855,2509,5142,3.800,1.830,0.890,4,0,0,0,0,10,32,6,32,0
14-08 12:06:14,22.306,4.762,72.433,0.501,0,1400588,670432,189356,5621544,7126.974,1503.793,0,2313.835,0,147.372,1527,2291,3.800,1.830,0.890,2,0,30.076,0,0,10,33,6,32,0
14-08 12:06:15,22.709,4.242,71.871,0,0,1342548,728436,189368,5621568,6721.894,1764.822,0,255.540,0,6.987,3209,5606,3.570,1.820,0.890,2,0,6.987,0,0,10,32,6,35,0
14-08 12:06:16,21.236,4.997,73.702,0,0,1397952,673020,189368,5621580,7438.202,1618.956,0,0,0,0,1174,1435,3.570,1.820,0.890,2,0,48.968,0,0,10,32,6,35,0
14-08 12:06:17,19.495,7.248,71.980,0.500,0,1358272,712680,189380,5621588,7726.875,1619.555,0,5394.517,0,238.934,2316,3283,3.570,1.820,0.890,2,0,90.975,0,0,10,32,6,29,0
14-08 12:06:18,23.515,3.752,72.548,0,0,1395388,675396,189380,5621756,6257.111,1621.065,0,116.076,0,7.005,1550,2415,3.570,1.820,0.890,2,0,0,0,0,10,33,6,29,0
14-08 12:06:19,18.754,7.251,72.264,0,0,1368820,701948,189384,5621768,6057.169,1620.313,0,320.062,0,25.005,1804,2698,3.570,1.820,0.890,2,0,99.019,0,0,10,32,6,29,0
14-08 12:06:20,23.248,3.250,72.992,0,0,1337740,733000,189388,5621792,7508.204,1661.824,0,187.980,0,19.998,1862,3341,3.370,1.800,0.890,3,0,4.000,0,0,10,32,6,30,0
14-08 12:06:21,18.498,8.499,72.492,0,0,1387596,683140,189388,5621796,5163.432,1551.829,0,211.977,0,14.998,1478,2001,3.370,1.800,0.890,2,0,91.990,0,0,10,32,6,25,0
14-08 12:06:22,24.005,2.000,73.016,0.250,0,1400888,669812,189396,5621824,5505.239,1694.381,0,212.048,0,19.004,2528,5331,3.370,1.800,0.890,2,0,0,0,0,10,32,6,26,0
14-08 12:06:23,22.490,3.498,73.468,0.250,0,1394448,676252,189396,5621824,5886.463,1619.302,0,147.936,0,8.996,1122,1423,3.370,1.800,0.890,2,0,29.987,0,0,10,33,6,26,0
14-08 12:06:24,23.539,4.007,72.619,0,0,1337500,733044,189396,5621980,8153.355,1622.658,0,144.236,0,9.015,2441,5345,3.370,1.800,0.890,2,0,25.041,0,0,10,32,6,26,0
14-08 12:06:25,13.990,21.484,62.704,0,0,1351056,719180,189404,5622280,4968.368,1618.817,0,2793.958,0,30.977,3084,4617,3.100,1.770,0.890,4,0,460.663,0,0,10,32,6,25,0
14-08 12:06:26,44.486,5.998,48.985,0.250,0,1497172,572424,189440,5622884,5957.118,1619.488,0,371.882,0,7.997,1287,1409,3.100,1.770,0.890,3,0,1.999,0,0,10,32,6,25,0
14-08 12:06:27,43.357,6.265,44.610,8.270,0,1431816,632288,189812,5627884,5856.483,1624.016,0,22519.691,0,1852.581,10196,17651,3.100,1.770,0.890,7,0,88.218,0,0,10,36,6,25,0
14-08 12:06:28,40.068,7.513,41.320,10.267,0,1513184,547924,190484,5630212,8063.595,1514.554,0,36818.075,0,3397.729,16218,27422,3.100,1.770,0.890,4,0,59.100,0,0,10,36,6,25,0
14-08 12:06:29,46.734,4.748,47.483,1.250,0,1420228,640820,190520,5630236,6615.665,1565.447,0,9496.648,0,543.808,2977,3849,3.100,1.770,0.890,3,0,5.998,0,0,10,32,6,25,0
14-08 12:06:30,42.001,10.000,42.751,5.000,0,1509256,551384,190792,5630444,13590.381,1620.045,0,132535.711,0,2290.064,11668,17173,3.170,1.810,0.900,4,0,3.000,0,0,10,34,6,25,0
14-08 12:06:31,39.509,8.502,45.510,6.001,0,1367352,692636,191092,5630776,8787.942,1694.374,0,13274.934,0,1690.374,11589,19065,3.170,1.810,0.900,3,0,69.015,0,0,10,32,6,25,0
14-08 12:06:32,22.651,4.231,71.935,0.249,0,1444548,615432,191100,5630776,7485.200,1686.609,0,1485.491,0,76.664,1450,1901,3.170,1.810,0.900,2,0,33.852,0,0,10,32,6,24,0
14-08 12:06:33,23.505,2.501,72.267,0.750,0,1370280,689668,191120,5630788,43627.165,1694.395,0,5905.376,0,308.072,1886,2479,3.170,1.810,0.900,3,0,1.000,0,0,10,32,6,24,0
14-08 12:06:34,23.503,3.250,73.259,0.250,0,1449380,610568,191124,5630784,5865.686,1620.190,0,112.013,0,12.001,1046,1288,3.170,1.810,0.900,2,0,2.000,0,0,10,32,6,24,0
14-08 12:06:35,22.338,3.012,74.040,0,0,1387556,672368,191124,5630808,5510.602,1700.667,0,0,0,0,948,1079,3,1.800,0.900,2,0,1.004,0,0,10,32,6,24,0
14-08 12:06:36,22.155,4.232,73.186,0,0,1458856,601168,191124,5630808,9232.347,1505.534,0,17078.647,0,47.795,1107,1199,3,1.800,0.900,2,0,1.991,0,0,10,32,6,24,0
14-08 12:06:37,23.505,2.751,74.016,0,0,1395448,664564,191124,5630820,9366.042,1566.341,0,0,0,0,983,1061,3,1.800,0.900,2,0,1.000,0,0,10,32,6,24,0
14-08 12:06:38,23.252,2.750,74.006,0,0.250,1460716,599296,191124,5630820,7869.590,1620.122,0,0,0,0,942,1117,3,1.800,0.900,2,0,2.000,0,0,10,32,6,24,0
14-08 12:06:39,23.090,2.510,74.039,0,0,1399460,660468,191128,5630868,11685.609,1700.638,0,0,0,0,969,1001,3,1.800,0.900,2,0,1.004,0,0,10,32,6,24,0
14-08 12:06:40,22.658,2.739,73.951,0,0,1460692,599236,191128,5630868,8582.259,1687.170,0,482.049,0,1.992,1012,1135,2.840,1.780,0.900,2,0,1.992,0,0,10,32,6,24,0
14-08 12:06:41,23.511,2.751,72.783,0.250,0,1405760,654060,191136,5630968,7315.307,1694.766,0,472.213,0,35.016,1234,1553,2.840,1.780,0.900,2,0,3.001,0,0,10,32,6,24,0
14-08 12:06:42,23.081,3.512,74.009,0,0,1420004,639784,191136,5631000,7904.666,1517.311,0,8.028,0,2.007,986,1122,2.840,1.780,0.900,2,0,1.004,0,0,10,32,6,24,0
14-08 12:06:43,27.135,5.477,67.712,0.249,0,1463344,596440,191136,5631004,6671.672,1686.838,0,1182.977,0,162.311,1637,3724,2.840,1.780,0.900,2,0,35.848,0,0,10,32,6,25,0
14-08 12:06:44,22.511,3.252,73.534,0,0,1420916,638836,191136,5631036,6800.182,1566.733,0,0,0,0,936,1075,2.840,1.780,0.900,2,0,1.000,0,0,10,32,6,24,0
14-08 12:06:45,23.494,1.999,73.981,0,0,1421012,638720,191136,5631056,4485.874,1619.593,0,0,0,0,920,1070,2.690,1.770,0.910,2,0,1.000,0,0,10,32,6,24,0
14-08 12:06:46,23.554,2.506,73.417,0,0,1355456,704264,191136,5631068,5455.406,1665.788,0,188.428,0,1.002,986,1154,2.690,1.770,0.910,2,0,9.021,0,0,10,32,6,24,0
14-08 12:06:47,10.517,19.782,70.115,0,0,1358664,701032,191144,5631084,5168.461,1770.899,0,669.095,0,8.013,3037,4592,2.690,1.770,0.910,3,0,438.718,0,0,10,32,6,24,0
14-08 12:06:48,9.495,18.491,69.967,0,0,1357428,702092,191144,5631252,6178.053,1661.208,0,667.682,0,11.994,3020,4550,2.690,1.770,0.910,2,0,420.799,0,0,10,32,6,19,0
14-08 12:06:49,10.490,18.482,70.181,0,0,1358872,700620,191144,5631280,5591.526,1510.521,0,127.875,0,1.998,2995,4537,2.690,1.770,0.910,3,0,425.583,0,0,10,32,6,19,0
14-08 12:06:50,19.953,5.737,73.079,0,0,1416692,642800,191144,5631280,5636.799,1616.215,0,0,0,0,1336,1857,2.550,1.760,0.910,3,0,82.806,0,0,10,32,6,18,0
14-08 12:06:51,22.748,3.000,73.744,0,0,1462664,596824,191148,5631280,6029.481,1661.857,0,515.956,0,33.997,1189,1725,2.550,1.760,0.910,2,0,4.000,0,0,10,32,6,18,0
14-08 12:06:52,23.763,3.002,74.039,0,0,1419708,639776,191148,5631284,6367.356,1566.826,0,0,0,0,884,1075,2.550,1.760,0.910,2,0,1.001,0,0,10,32,6,18,0
14-08 12:06:53,22.747,2.250,73.990,0,0,1457004,602480,191148,5631284,5548.273,1619.788,0,27.996,0,3.000,910,1113,2.550,1.760,0.910,2,0,2.000,0,0,10,32,6,18,0
14-08 12:06:54,22.743,2.999,73.978,0,0,1425360,634120,191148,5631288,7739.701,1619.519,0,3.999,0,1.000,852,1143,2.550,1.760,0.910,2,0,1.000,0,0,10,32,6,18,0
14-08 12:06:55,22.340,3.263,74.048,0,0,1356264,703200,191148,5631304,6510.164,1700.836,0,16.065,0,1.004,893,1128,2.430,1.740,0.910,2,0,3.012,0,0,10,32,6,18,0
14-08 12:06:56,22.896,2.240,73.666,0,0,1433884,625584,191148,5631296,6883.803,1578.845,0,290.683,0,1.991,975,1141,2.430,1.740,0.910,2,0,1.991,0,0,10,32,6,18,0
14-08 12:06:57,23.606,2.511,73.832,0,0,1361184,698272,191148,5631308,6710.135,1627.308,0,96.433,0,3.014,922,1094,2.430,1.740,0.910,2,0,1.005,0,0,10,32,6,18,0
14-08 12:06:58,22.910,2.739,73.710,0,0,1439576,619900,191148,5631288,5117.861,1613.650,0,0,0,0,894,1071,2.430,1.740,0.910,2,0,1.992,0,0,10,32,6,16,0
14-08 12:06:59,22.759,3.001,73.778,0,0,1372240,687216,191148,5631308,5212.997,1566.600,0,24.009,0,2.001,819,1020,2.430,1.740,0.910,2,0,1.000,0,0,10,32,6,16,0
14-08 12:07:00,22.742,2.999,73.723,0,0,1452384,607080,191148,5631296,6938.433,1619.401,0,7.997,0,1.999,958,1106,2.310,1.730,0.910,2,0,1.999,0,0,10,32,6,15,0
14-08 12:07:01,22.340,4.518,72.792,0.251,0,1389024,670424,191152,5631308,6243.078,1626.534,0,3971.955,0,114.460,1268,1616,2.310,1.730,0.910,2,0,3.012,0,0,10,32,6,15,0
14-08 12:07:02,22.250,3.500,74.000,0,0,1460464,599108,191152,5631288,7403.993,1619.998,0,0,0,0,927,1116,2.310,1.730,0.910,2,0,2.000,0,0,10,32,6,15,0
14-08 12:07:03,23.664,1.744,73.981,0,0,1394088,665552,191152,5631220,42071.984,1580.253,0,23.913,0,0.996,925,1021,2.310,1.730,0.910,2,0,0.996,0,0,10,32,6,15,0
14-08 12:07:04,22.250,3.750,74.001,0,0,1463388,596252,191152,5631220,5745.098,1694.029,0,0,0,0,877,1067,2.310,1.730,0.910,2,0,2.000,0,0,10,32,6,14,0
14-08 12:07:05,23.585,2.007,74.018,0,0,1408764,650796,191152,5631300,5014.156,1625.887,0,100.363,0,2.007,852,1024,2.210,1.720,0.910,2,0,1.004,0,0,10,32,6,14,0
14-08 12:07:06,22.750,2.750,74.000,0,0,1418520,641048,191152,5631292,5532.978,1565.994,0,195.999,0,5.000,884,1059,2.210,1.720,0.910,2,0,1.000,0,0,10,32,6,14,0
14-08 12:07:07,22.408,2.739,73.449,0,0,1460444,599244,191152,5631292,6682.575,1613.379,0,19.918,0,0.996,886,1055,2.210,1.720,0.910,2,0,1.992,0,0,10,32,6,14,0
14-08 12:07:08,23.595,2.510,74.300,0,0,1423872,635816,191152,5631292,8277.449,1626.573,0,20.081,0,1.004,868,1010,2.210,1.720,0.910,2,0,1.004,0,0,10,32,6,14,0
14-08 12:07:09,23.501,2.000,74.003,0,0,1428012,631668,191152,5631300,7720.293,1620.062,0,0,0,0,837,1009,2.210,1.720,0.910,2,0,1.000,0,0,10,32,6,10,0
14-08 12:07:10,23.738,1.749,73.713,0,0,1359432,700236,191152,5631312,8004.965,1511.238,0,11.994,0,0.999,905,1119,2.110,1.710,0.910,2,0,7.996,0,0,10,32,6,10,0
14-08 12:07:11,13.943,14.939,69.963,0,0,1389236,670380,191160,5631356,5036.321,1687.073,0,601.530,0,42.824,2891,4655,2.110,1.710,0.910,2,0,392.389,0,0,10,32,6,9,0
14-08 12:07:12,23.506,2.501,74.019,0,0,1452044,607380,191160,5631548,7907.000,1620.410,0,36.009,0,2.001,814,1103,2.110,1.710,0.910,2,0,0,0,0,10,32,6,9,0
14-08 12:07:13,22.014,4.253,73.546,0,0,1427668,631696,191160,5631600,7221.499,1621.010,0,0,0,0,1081,1324,2.110,1.710,0.910,2,0,9.006,0,0,10,32,5,9,0
14-08 12:07:14,19.016,10.509,69.807,0.250,0,1358060,701296,191160,5631608,7654.246,1609.313,0,592.483,0,113.092,1928,2550,2.110,1.710,0.910,2,0,190.155,0,0,10,32,5,9,0
14-08 12:07:15,9.758,19.015,70.307,0,0,1357708,701556,191160,5631700,6195.018,1621.313,0,120.097,0,5.004,2490,3543,2.020,1.700,0.910,2,0,306.248,0,0,10,32,5,8,0
14-08 12:07:16,8.757,21.017,68.807,0,0,1358656,700588,191160,5631720,6764.581,1555.283,0,388.320,0,7.006,2649,3705,2.020,1.700,0.910,3,0,338.279,0,0,10,32,5,8,0
14-08 12:07:17,9.009,20.270,69.818,0,0,1356928,702280,191160,5631744,8102.941,1621.589,0,184.180,0,7.007,2594,3723,2.020,1.700,0.910,3,0,325.319,0,0,10,32,5,6,0
14-08 12:07:18,9.742,19.483,68.192,0,0,1359172,699984,191160,5631788,6147.774,1618.624,0,739.372,0,8.992,2489,3477,2.020,1.700,0.910,2,0,301.744,0,0,10,32,5,6,0
14-08 12:07:19,8.752,20.505,69.018,0,0,1358632,700408,191160,5631900,5655.493,1620.428,0,772.204,0,9.002,2459,3430,2.020,1.700,0.910,2,0,306.081,0,0,10,32,5,5,0
14-08 12:07:20,8.746,21.490,68.219,0,0,1356780,702336,191160,5631824,6064.235,1619.262,0,827.623,0,8.996,2528,3517,1.940,1.680,0.910,3,0,303.861,0,0,10,32,5,5,0
14-08 12:07:21,9.976,19.952,68.335,0,0,1361296,697804,191160,5631840,5318.162,1729.824,0,857.929,0,9.976,2525,3616,1.940,1.680,0.910,3,0,311.249,0,0,10,32,5,4,0
14-08 12:07:22,9.008,19.267,70.812,0,0,1360396,698680,191160,5631864,6189.403,1695.480,0,332.290,0,7.006,2378,3272,1.940,1.680,0.910,2,0,276.241,0,0,10,32,5,4,0
14-08 12:07:23,8.268,20.544,69.898,0,0,1360820,698236,191160,5631884,5107.818,1515.209,0,104.221,0,5.011,2514,3529,1.940,1.680,0.910,2,0,305.647,0,0,10,32,5,3,0
14-08 12:07:24,8.971,19.687,69.526,0,0,1361252,697784,191160,5631904,8999.005,1688.559,0,354.857,0,36.881,2578,3565,1.940,1.680,0.910,3,0,310.998,0,0,10,32,5,3,0
14-08 12:07:25,13.556,26.609,60.247,0.251,0,1380512,678504,191160,5631924,5359.960,1626.664,0,457.876,0,21.086,3085,4691,1.780,1.660,0.910,3,0,431.769,0,0,10,32,5,5,0
14-08 12:07:26,54.008,32.255,13.752,0,0.250,1492720,554360,192228,5639012,5219.793,1620.246,3772.573,1456.221,20.003,66.010,9375,7398,1.780,1.660,0.910,6,0,774.118,0,0,10,32,5,9,0
14-08 12:07:27,82.263,14.252,2.250,1.000,0.250,1668160,374212,192412,5642784,6364.025,1620.261,400.064,6164.993,4.001,360.058,3763,5804,1.780,1.660,0.910,5,0,82.013,0,0,10,36,5,8,0
14-08 12:07:28,53.747,13.999,21.999,9.000,0,1610736,417960,193164,5655044,5002.755,1693.917,0,86755.749,0,6458.684,25234,43835,1.780,1.660,0.910,5,0,149.993,0,0,10,36,5,8,0
14-08 12:07:29,59.957,14.240,15.739,7.994,0,1660456,356236,193556,5666156,5467.075,1790.714,0,85626.520,0,6211.540,20959,40604,1.780,1.660,0.910,11,0,152.890,0,0,10,36,6,8,0
14-08 12:07:30,50.519,13.255,26.010,11.254,0,1600648,406528,194028,5674952,8198.041,1586.589,0,66156.544,0,5575.068,21747,39879,1.960,1.690,0.920,5,0,155.058,0,0,10,36,6,8,0
14-08 12:07:31,39.009,15.254,38.259,5.751,0,1566056,432284,194772,5682720,12610.964,1620.381,0,71628.833,0,5465.284,23100,37167,1.960,1.690,0.920,10,0,223.052,0,0,10,34,6,8,0
14-08 12:07:32,39.230,8.746,43.228,8.995,0,1574712,418956,195120,5686812,7032.477,1693.152,0,45928.990,0,3965.014,20077,36984,1.960,1.690,0.920,3,1,14.992,0,0,10,35,6,10,0
14-08 12:07:33,36.515,9.004,42.018,10.755,0,1553136,440272,195268,5686852,42587.972,1620.684,0,46935.807,0,4051.710,16732,32318,1.960,1.690,0.920,5,1,42.018,0,0,10,34,6,10,0
14-08 12:07:34,41.097,10.212,42.591,9.465,0,1574528,416332,195428,5689180,6044.442,1697.664,0,44884.491,0,3810.778,17493,32985,1.960,1.690,0.920,2,1,41.844,0,0,10,35,6,13,0
14-08 12:07:35,36.731,9.995,41.228,9.995,0,1529948,459840,195632,5690020,7188.226,1619.150,0,52668.349,0,4344.719,18215,35514,2.130,1.730,0.940,7,0,79.958,0,0,10,34,6,16,0
14-08 12:07:36,39.727,9.245,39.977,8.995,0,1569560,417504,195748,5692572,8521.100,1766.984,0,29427.079,0,2778.402,12686,25536,2.130,1.730,0.940,3,1,41.976,0,0,10,35,6,16,0
14-08 12:07:37,38.616,7.773,42.879,10.281,0,1511776,471484,195976,5696052,6591.815,1536.619,0,51382.456,0,4476.456,17586,38144,2.130,1.730,0.940,3,1,59.178,0,0,10,36,6,19,0
14-08 12:07:38,36.547,8.890,40.745,12.594,0,1572392,406540,196240,5699944,5854.371,1600.149,0,60118.174,0,4863.661,20886,34845,2.130,1.730,0.940,4,0,60.253,0,0,10,36,6,19,0
14-08 12:07:39,37.498,8.614,44.085,9.881,0,1572784,402788,196452,5703012,13318.740,1641.787,0,43424.240,0,3841.983,19960,36423,2.130,1.730,0.940,3,0,88.170,0,0,10,37,6,21,0
14-08 12:07:40,35.371,10.462,44.338,9.216,0,1545828,430912,196488,5701708,8058.578,1614.107,0,52743.434,0,4534.445,19844,33902,2.280,1.770,0.960,5,0,69.745,0,0,10,36,6,22,0
14-08 12:07:41,40.418,7.782,42.928,8.786,0,1576296,402500,196580,5699596,5528.940,1626.749,0,37294.736,0,3238.436,15375,26255,2.280,1.770,0.960,4,0,20.083,0,0,10,35,6,23,0
14-08 12:07:42,32.867,13.446,53.285,0,0,1443564,535208,196580,5699636,5786.645,1655.319,0,1027.852,0,40.835,2287,3074,2.280,1.770,0.960,2,0,245.011,0,0,10,32,6,23,0
14-08 12:07:43,23.742,8.247,66.727,0,0,1402432,576196,196580,5699780,4113.593,1457.502,0,771.736,0,47.984,2644,5300,2.280,1.770,0.960,2,0,93.968,0,0,10,32,6,23,0
14-08 12:07:44,23.859,3.014,73.084,0.251,0,1449300,529324,196580,5699784,4486.521,1627.444,0,1056.834,0,68.312,1543,2388,2.280,1.770,0.960,2,0,0,0,0,10,33,6,23,0
14-08 12:07:45,21.421,5.729,72.483,0,0,1423264,555336,196584,5699804,4823.202,1761.500,0,912.632,0,52.805,2173,3674,2.090,1.740,0.950,2,0,42.842,0,0,10,32,6,23,0
14-08 12:07:46,21.500,3.500,73.249,0.250,0,1454232,524340,196584,5699832,5258.900,1619.969,0,531.990,0,37.999,1948,3679,2.090,1.740,0.950,2,0,0,0,0,10,32,6,23,0
14-08 12:07:47,12.043,17.562,69.496,0,0,1394392,584076,196584,5699936,5593.763,1625.744,0,726.567,0,31.110,2576,3556,2.090,1.740,0.950,2,0,334.181,0,0,10,32,6,23,0
14-08 12:07:48,9.256,22.514,67.041,0.250,0,1388512,589896,196584,5699996,5608.416,1620.987,0,576.351,0,36.022,2792,3879,2.090,1.740,0.950,3,0,376.229,0,0,10,32,6,24,0
14-08 12:07:49,57.980,14.995,26.991,0.250,0,1549740,428336,196616,5700292,5612.086,1619.448,0,2946.995,0,191.935,2783,3880,2.090,1.740,0.950,4,0,169.942,0,0,10,32,6,29,0
14-08 12:07:50,66.248,9.250,24.749,0,0.250,1717616,257800,196684,5702616,5195.823,1457.950,0,2003.932,0,76.997,1681,1931,2.170,1.760,0.960,4,0,0,0,0,10,32,6,29,0
14-08 12:07:51,46.498,10.749,34.498,8.500,0,1774364,190340,196852,5712640,5172.752,1619.922,0,52545.478,0,4085.804,19275,29868,2.170,1.760,0.960,4,2,142.993,0,0,10,38,6,29,0
14-08 12:07:52,34.011,9.503,41.764,14.255,0,1774516,175764,197124,5726256,7258.395,1736.573,0,98604.539,0,7634.519,31302,52410,2.170,1.760,0.960,6,0,261.086,0,0,10,38,6,29,0
14-08 12:07:53,44.997,11.499,30.248,12.249,0,1673612,264760,197228,5737708,6248.569,1619.888,0,92205.638,0,6891.524,24756,47244,2.170,1.760,0.960,3,1,227.984,0,0,10,36,6,29,0
14-08 12:07:54,49.976,11.245,29.236,10.245,0,1729712,199252,197340,5746664,8861.667,1619.208,0,72976.315,0,5619.252,19900,37828,2.170,1.760,0.960,5,0,144.929,0,0,10,36,6,29,0
14-08 12:07:55,43.236,10.496,33.239,12.996,0,1775732,137288,197444,5761880,6487.833,1619.459,0,87330.832,0,6383.868,25864,45098,2.390,1.820,0.980,6,0,8.997,0,0,10,38,6,29,0
14-08 12:07:56,44.089,7.473,37.613,9.216,0,1661728,246800,197504,5766204,7628.165,1614.110,0,57031.891,0,4518.512,19881,32087,2.390,1.820,0.980,3,0,107.607,0,0,10,34,6,29,0
14-08 12:07:57,21.253,13.002,63.508,1.250,0,1427328,481132,197512,5766224,6093.798,1458.191,0,16962.222,0,1013.133,4220,7322,2.390,1.820,0.980,2,0,250.033,0,0,10,32,6,29,0
14-08 12:07:58,23.094,3.263,73.046,0.251,0,1480912,427540,197512,5766224,7472.315,1626.599,0,6602.788,0,72.293,1103,1472,2.390,1.820,0.980,4,0,0,0,0,10,32,6,29,0
14-08 12:07:59,23.909,2.989,72.474,0.747,0,1518960,389488,197512,5766228,5410.430,1613.864,0,5837.805,0,336.720,2159,3103,2.390,1.820,0.980,2,0,0,0,0,10,38,6,29,0
14-08 12:08:00,20.747,4.749,73.740,0,0,1442320,466120,197512,5766236,6533.072,1619.770,0,119.983,0,10.998,1146,1375,2.280,1.800,0.980,2,0,27.996,0,0,10,32,6,29,0
14-08 12:08:01,25.503,2.000,73.508,0,0,1506328,402112,197512,5766236,7564.847,1694.190,0,0,0,0,970,1198,2.280,1.800,0.980,2,0,2.000,0,0,10,32,6,29,0
14-08 12:08:02,18.576,14.559,66.018,0,0,1400284,508140,197516,5766244,7149.075,1700.918,0,546.221,0,48.196,2356,3617,2.280,1.800,0.980,4,0,296.205,0,0,10,32,6,29,0
14-08 12:08:03,13.752,38.506,45.757,0,0,1405204,503124,197516,5766308,46861.310,1640.256,0,348.054,0,30.005,4783,8220,2.280,1.800,0.980,4,0,1022.159,0,0,10,32,6,29,0
14-08 12:08:04,13.443,30.123,55.268,0,0,1407112,501160,197516,5766360,6720.746,1505.670,0,294.761,0,27.883,3891,6431,2.280,1.800,0.980,2,0,758.810,0,0,10,32,6,29,0
14-08 12:08:05,7.246,12.743,79.954,0,0,1393004,514676,197544,5766900,7253.865,1693.035,515.706,0,6.996,0,2037,2717,2.340,1.820,1,2,0,154.912,0,0,11,12,6,29,20
14-08 12:08:06,9.028,20.061,69.964,0,0,1395060,512464,197544,5767056,6393.545,1624.968,0,16.049,0,4.012,2353,3284,2.340,1.820,1,2,0,254.779,0,0,11,12,6,29,20
14-08 12:08:07,11.970,18.454,67.581,0,0,1395600,511880,197544,5767420,6933.645,1615.955,0,19.950,0,4.988,2793,5948,2.340,1.820,1,2,0,215.461,0,0,11,12,6,29,20
14-08 12:08:08,23.495,20.496,54.488,0,0,1435704,471008,197564,5767660,5825.753,1619.653,0,607.870,0,48.990,4607,7344,2.340,1.820,1,2,0,290.938,0,0,13,12,6,29,20
14-08 12:08:09,11.300,19.837,68.551,0.251,0,1444472,462196,197564,5767684,6868.172,1701.475,0,369.624,0,11.049,2539,3648,2.340,1.820,1,2,0,270.187,0,0,13,12,6,29,20
14-08 12:08:10,16.952,15.955,65.314,0,0,1446900,459752,197564,5767700,5596.068,1527.651,0,15.955,0,2.991,5313,8526,2.230,1.810,1,2,0,141.597,0,0,13,12,6,29,20
14-08 12:08:11,20.246,22.246,57.489,0,0,1486664,419676,197564,5767972,5674.871,1735.655,0,7.998,0,2.000,2895,4785,2.230,1.810,1,3,0,357.929,0,0,15,12,6,29,20
14-08 12:08:12,11.259,21.518,66.055,0,0,1494324,411876,197564,5768496,7018.875,1621.357,0,656.550,0,41.034,4032,6669,2.230,1.810,1,3,0,267.224,0,0,15,12,6,29,20
14-08 12:08:13,31.315,16.033,51.607,0,0,1575560,330476,197584,5768148,7838.319,1697.534,0,549.143,0,3.006,4115,6480,2.230,1.810,1,12,0,130.271,0,0,17,12,6,29,20
14-08 12:08:14,83.750,16.500,0,0,0,1881636,131268,195224,5664524,6816.027,1620.006,156.001,36.000,3.000,2.000,1933,2770,2.230,1.810,1,16,0,38.000,0,0,17,12,6,29,20
14-08 12:08:15,38.997,17.499,43.497,0.250,0,1913612,174120,194480,5591272,8530.446,1619.895,2427.842,6359.587,37.998,333.978,3034,4430,2.130,1.800,1,3,0,202.987,0,0,17,12,6,29,20
14-08 12:08:16,9.991,19.732,68.437,0.500,0,1916884,169580,194480,5592524,7636.021,1618.521,991.094,19.982,59.945,4.995,2713,3905,2.130,1.800,1,4,0,255.766,0,0,17,12,6,29,20
14-08 12:08:17,17.446,16.948,63.554,0.249,0,1919852,165216,194480,5594268,7893.601,1642.922,1379.735,502.447,28.911,4.985,4479,8246,2.130,1.800,1,4,0,180.442,0,0,17,12,6,29,20
14-08 12:08:18,24.512,12.256,61.529,0.750,0,1958908,122672,194548,5597348,9598.531,1620.765,3449.628,0,104.049,0,2664,5179,2.130,1.800,1,2,0,141.067,0,0,17,12,6,29,20
14-08 12:08:19,10.995,7.996,79.461,0.500,0,1980356,124252,194224,5575024,10736.728,1619.205,627.692,2019.009,15.992,254.875,2282,2817,2.130,1.800,1,3,0,92.954,0,0,18,12,6,30,20
14-08 12:08:20,22.256,3.751,71.771,0.250,0,2035948,129828,193544,5515516,5616.640,1620.473,124.036,0,14.004,0,1310,1990,2.040,1.780,1,3,0,0,0,0,18,13,6,30,16
14-08 12:08:21,21.548,6.013,69.906,0.752,0,1989628,173444,193544,5518220,7639.066,1717.838,2553.705,7184.049,148.331,397.889,4060,7241,2.040,1.780,1,2,0,33.074,0,0,18,18,6,35,0
14-08 12:08:22,10.246,21.241,67.471,0.250,0,1996716,166076,193548,5518496,7292.886,1619.309,207.911,727.689,7.997,50.978,3166,4743,2.040,1.780,1,2,0,315.865,0,0,18,18,6,35,0
14-08 12:08:23,8.730,19.455,70.087,0.249,0,1994860,167556,193548,5518872,6102.817,1616.244,450.952,199.536,14.965,11.972,2843,4226,2.040,1.780,1,3,0,270.372,0,0,18,18,6,35,0
14-08 12:08:24,10.779,20.806,67.433,0,0,1994300,167932,193548,5519008,8023.777,1516.115,0,92.250,0,10.027,2818,4561,2.040,1.780,1,4,0,302.822,0,0,18,18,6,35,0
14-08 12:08:25,13.272,19.783,65.109,0,0.250,2005896,155664,193548,5519868,7454.531,1642.761,637.071,20.034,14.024,5.008,4281,9856,1.960,1.770,1,3,0,218.367,0,0,18,18,6,35,0
14-08 12:08:26,41.506,11.252,47.006,0.500,0,2063564,130308,193280,5488692,6205.832,1694.227,2120.284,2840.381,47.006,287.038,2989,3869,1.960,1.770,1,4,0,130.017,0,0,18,19,6,29,0
14-08 12:08:27,46.224,5.964,46.224,0,0,2167664,131504,193180,5385888,5673.160,1610.394,3.976,190.862,0.994,0.994,1387,1829,1.960,1.770,1,4,0,0,0,0,18,19,6,29,0
14-08 12:08:28,47.254,8.797,43.484,0.754,0,2215500,125152,193248,5344896,6944.340,1628.758,2356.672,7078.059,95.514,508.735,3140,8553,1.960,1.770,1,3,0,9.049,0,0,18,35,6,28,0
14-08 12:08:29,16.003,16.753,65.512,0,0,2234400,125468,193240,5325836,6758.277,1620.306,1200.227,1252.237,39.007,98.019,3057,4488,1.960,1.770,1,2,0,254.048,0,0,18,34,6,28,0
14-08 12:08:30,11.448,1.991,84.867,0.498,0,2251436,123512,193256,5311072,39532.786,3522.122,159.282,179.192,10.951,10.951,1331,1937,1.800,1.740,0.990,2,0,2.987,0,0,18,35,6,28,0
14-08 12:08:31,2.250,0.750,95.993,0,0,2251348,123512,193256,5311160,53075.232,2303.836,7.999,143.990,1.000,8.999,1157,1903,1.800,1.740,0.990,1,0,2.000,0,0,18,35,6,28,0
14-08 12:08:32,3.252,2.251,93.548,0,0,2284668,135108,193172,5267380,62288.705,2743.396,0,980.499,0,128.065,1365,2150,1.800,1.740,0.990,1,0,0,0,0,18,35,6,27,0
14-08 12:08:33,10.268,5.509,82.140,2.003,0,2316828,124868,193328,5245904,89605.957,3031.174,4812.214,1037.771,164.280,86.147,2018,2598,1.800,1.740,0.990,3,0,23.039,0,0,18,34,6,28,0
14-08 12:08:34,16.721,10.482,68.379,2.995,0,2319568,173872,193464,5196164,5939.523,1617.147,766.648,9938.469,55.901,577.980,3970,5308,1.800,1.740,0.990,3,0,64.886,0,0,18,34,6,28,0
14-08 12:08:35,17.059,9.784,71.748,0.753,0,2337696,151348,193472,5199384,5142.758,1784.161,3239.185,0,467.615,0,2537,2856,1.820,1.740,1,2,0,34.118,0,0,18,34,6,24,0
14-08 12:08:36,15.261,12.509,71.551,0,0,2352500,136060,193476,5199832,8758.245,1621.156,356.254,4.003,3.002,1.001,2021,2631,1.820,1.740,1,2,0,61.044,0,0,18,34,6,25,0
14-08 12:08:37,23.749,2.750,72.248,0,0,2357164,131068,193488,5200148,8361.716,1511.949,139.995,0,11.000,0,1477,2050,1.820,1.740,1,2,0,24.999,0,0,18,34,6,22,0
14-08 12:08:38,22.390,3.980,72.146,0.249,0,2358984,129316,193492,5200004,5674.146,1612.086,23.883,0,3.980,0,1586,2207,1.820,1.740,1,2,0,25.873,0,0,18,34,6,22,0
14-08 12:08:39,17.567,8.532,72.525,1.004,0,2296880,238776,193932,5153004,12796.473,1626.160,2204.350,184.700,91.346,5.019,2132,2909,1.820,1.740,1,2,0,89.338,0,0,18,34,6,19,0
14-08 12:08:40,14.763,17.266,66.059,0.250,0,2301540,231372,193980,5155608,8819.938,1567.411,2470.223,24.022,106.095,5.005,4484,7928,1.670,1.710,0.990,3,0,237.213,0,0,18,34,6,19,0
14-08 12:08:41,9.944,6.961,82.287,0.249,0,2301644,230700,193984,5156144,5902.809,1684.528,369.920,3.978,19.888,0.994,3457,6424,1.670,1.710,0.990,1,0,63.642,0,0,18,34,6,16,0
14-08 12:08:42,1.252,0.501,96.395,0,0,2301600,230700,193984,5156188,5599.399,1622.434,44.066,0,1.002,0,1026,1788,1.670,1.710,0.990,1,0,3.005,0,0,18,34,6,16,0
14-08 12:08:43,5.751,4.251,89.521,0,0,2278276,254020,193984,5156192,4879.147,1620.381,0,0,0,0,1810,4502,1.670,1.710,0.990,1,0,37.009,0,0,18,34,5,16,0
14-08 12:08:44,1.499,0.750,96.713,0,0,2278272,254020,193988,5156192,4837.147,1511.421,3.998,0,1.000,0,901,1642,1.670,1.710,0.990,1,0,1.000,0,0,18,34,5,16,0
14-08 12:08:45,7.265,8.267,83.171,0,0,2237172,295012,193988,5156476,5075.425,1665.421,0,232.478,0,7.014,1953,3257,1.620,1.700,0.990,4,0,136.280,0,0,18,34,5,15,0
14-08 12:08:46,16.931,18.674,63.241,0.249,0,2230748,301360,193988,5156380,5825.181,1613.403,51.788,7.967,3.984,1.992,5601,9617,1.620,1.700,0.990,3,0,213.129,0,0,18,34,5,15,0
14-08 12:08:47,11.026,19.797,66.658,0.251,0,2284104,246728,193996,5157692,5367.711,1862.410,1455.446,4.009,42.100,1.002,3221,5264,1.620,1.700,0.990,2,0,301.714,0,0,19,34,5,15,0
14-08 12:08:48,16.496,13.747,68.234,0,0,2284208,246368,193996,5157876,5854.665,1565.643,0,0,0,0,4505,8877,1.620,1.700,0.990,1,0,148.966,0,0,19,34,5,15,0
14-08 12:08:49,6.002,8.502,84.774,0,0,2287572,243144,193996,5157908,5564.558,1620.454,0,284.080,0,11.003,1862,3075,1.620,1.700,0.990,2,0,148.041,0,0,19,34,5,9,0
14-08 12:08:50,18.506,17.006,63.271,0,0,2297136,233564,193996,5157924,5902.995,1620.548,0,2808.949,0,373.126,5059,8549,1.570,1.690,0.990,2,0,160.054,0,0,21,34,5,9,0
14-08 12:08:51,8.759,17.018,71.575,0,0,2292100,238568,193996,5157940,7129.515,1587.673,0,24.025,0,6.006,2733,4229,1.570,1.690,0.990,2,0,256.270,0,0,21,36,5,9,0
14-08 12:08:52,10.485,19.222,67.901,0,0,2290668,239972,193996,5157968,5985.285,1691.537,0,31.953,0,7.988,2766,4136,1.570,1.690,0.990,2,0,254.629,0,0,21,36,5,9,0
14-08 12:08:53,17.326,18.581,63.277,0,0,2295612,234924,193996,5158192,4998.885,1627.124,0,12.053,0,3.013,4575,8985,1.570,1.690,0.990,4,0,178.783,0,0,21,36,5,9,0
14-08 12:08:54,31.067,22.617,44.488,0,0,2375324,155052,194016,5158628,7640.092,1684.101,95.439,222.691,8.947,10.936,4031,8156,1.570,1.690,0.990,2,0,362.867,0,0,21,36,5,9,0
14-08 12:08:55,30.653,10.804,57.286,0,0,2405936,132960,194096,5150136,4719.589,1573.866,40.201,8695.460,4.020,75.377,4583,10070,1.520,1.680,0.990,2,0,63.316,0,0,21,38,5,10,0
14-08 12:08:56,23.662,7.223,67.997,0,0,2474408,151236,194080,5065300,5309.223,1613.988,31.881,0,2.989,0,1682,2522,1.520,1.680,0.990,3,0,11.955,0,0,21,44,5,13,0
14-08 12:08:57,19.750,2.500,76.249,0,0,2518572,132424,194084,5040400,5192.964,1709.988,8.000,0,2.000,0,2482,4213,1.520,1.680,0.990,1,0,4.000,0,0,21,44,5,13,0
14-08 12:08:58,2.000,1.000,96.758,0,0,2518980,132200,194084,5040328,6053.515,1586.135,0,4.000,0,1.000,1013,1707,1.520,1.680,0.990,1,0,1.000,0,0,21,44,5,13,0
14-08 12:08:59,5.508,5.758,87.871,0.250,0,2465348,185588,194092,5040576,7039.694,1848.545,264.364,2251.100,19.026,30.041,2006,3244,1.520,1.680,0.990,3,0,71.098,0,0,20,42,6,13,0
14-08 12:09:00,18.474,18.474,62.412,0.250,0,2476708,174124,194092,5040692,6297.090,1691.606,99.859,39456.170,6.990,40.942,5403,12698,1.480,1.670,0.990,1,0,229.675,0,0,20,42,6,13,0
14-08 12:09:01,16.763,16.513,65.550,0,0,2528344,124692,194092,5038924,6454.906,1621.232,4.003,4679.556,1.001,441.335,5811,9282,1.480,1.670,0.990,4,0,209.159,0,0,21,42,6,13,0
14-08 12:09:02,20.825,15.556,62.225,0.502,0,2526744,129312,194092,5035544,8649.337,1700.160,281.018,8.029,19.069,2.007,4668,12165,1.480,1.670,0.990,3,0,208.756,0,0,19,36,6,13,0
14-08 12:09:03,20.137,17.402,60.908,0,0,2523000,135668,194096,5032948,45393.163,1557.258,87.509,1046.127,9.944,182.973,5639,12602,1.480,1.670,0.990,1,0,263.521,0,0,21,44,6,13,0
14-08 12:09:04,10.310,4.778,84.994,0,0,2406888,251772,194096,5032972,5504.967,1520.831,84.491,140.818,4.023,2.012,1366,2388,1.480,1.670,0.990,5,0,56.327,0,0,21,36,6,17,0
14-08 12:09:05,33.906,21.939,43.629,0,0,2387088,271464,194096,5033084,6581.696,1615.507,0,275.235,0,2.992,3180,5198,1.600,1.690,1.010,3,0,404.874,0,0,21,36,6,17,0
14-08 12:09:06,33.334,24.061,42.858,0,0,2457940,200044,194096,5033640,5609.186,1698.295,0,32.081,0,8.020,3895,6985,1.600,1.690,1.010,3,0,386.979,0,0,21,44,6,22,0
14-08 12:09:07,42.234,21.242,35.237,0,0,2515248,142592,194096,5033788,6861.461,1767.346,51.981,3.999,2.999,1.000,5153,11188,1.600,1.690,1.010,3,0,271.899,0,0,21,44,6,22,0
14-08 12:09:08,32.508,6.251,61.264,0.250,0,2616412,132908,194096,4943788,5726.323,1710.395,0,3196.738,0,293.068,2575,3997,1.600,1.690,1.010,2,0,4.001,0,0,21,44,6,22,0
14-08 12:09:09,23.999,4.750,70.747,0,0,2653428,126316,194260,4913688,6392.738,1619.934,0,831.966,0,3.000,1807,3958,1.600,1.690,1.010,2,0,2.000,0,0,21,44,6,22,0
14-08 12:09:10,22.939,4.987,61.336,7.979,0,2657176,129756,195364,4905732,16107.059,1699.469,1101.065,25531.932,71.809,2069.483,10520,17506,1.630,1.690,1.010,3,0,4.987,0,0,21,46,6,22,0
14-08 12:09:11,27.830,5.767,57.666,8.023,0,2662196,120540,195476,4909756,6470.642,1462.213,100.289,24594.858,5.014,2508.226,12267,25591,1.630,1.690,1.010,2,0,13.038,0,0,21,46,6,22,0
14-08 12:09:12,29.596,21.638,48.001,0.497,0,2800300,132916,195484,4762036,7282.227,1611.640,59.690,1643.475,3.979,92.520,5068,12605,1.630,1.690,1.010,3,0,317.354,0,0,22,71,6,33,0
14-08 12:09:13,12.542,19.063,66.722,0,0,2811788,121416,195488,4762064,7383.558,1625.406,8.027,614.042,2.007,36.120,2954,4630,1.630,1.690,1.010,2,0,273.911,0,0,22,71,6,33,0
14-08 12:09:14,12.772,19.534,65.113,0.501,0,2805064,129884,195488,4760688,8360.447,1622.804,0,7456.885,0,442.765,4250,6366,1.630,1.690,1.010,2,0,241.417,0,0,22,71,6,33,0
14-08 12:09:15,40.130,14.457,44.118,0.499,0,2888600,135772,195488,4673512,8655.182,1762.742,319.048,3373.936,8.973,176.474,4768,7706,2.060,1.780,1.040,4,0,162.515,0,0,22,72,6,33,0
14-08 12:09:16,38.489,9.247,50.736,0,0,2975196,130376,195508,4594116,6638.148,1619.548,179.950,719.799,10.997,33.991,2209,4405,2.060,1.780,1.040,3,0,65.982,0,0,22,75,6,34,0
14-08 12:09:17,10.771,18.036,70.640,0.250,0,2971700,139516,195512,4588472,8710.299,1623.224,0,701.393,0,41.082,2936,4485,2.060,1.780,1.040,3,0,283.563,0,0,22,75,6,34,0
14-08 12:09:18,9.985,18.223,69.897,0,0,2980996,130432,195512,4588400,8097.097,1545.728,0,79.883,0,6.990,2862,4332,2.060,1.780,1.040,2,0,255.624,0,0,22,75,6,34,0
14-08 12:09:19,9.490,18.231,70.675,0,0,2984992,126416,195512,4588420,7225.312,1618.278,0,119.872,0,9.989,2798,4110,2.060,1.780,1.040,2,0,253.730,0,0,22,75,6,34,0
14-08 12:09:20,9.497,18.743,69.976,0,0,2988816,122568,195512,4588444,6682.674,1619.436,0,3.999,0,1.000,3226,5097,2.060,1.790,1.050,3,0,317.889,0,0,22,75,6,33,0
14-08 12:09:21,12.304,20.339,67.044,0,0,2992540,121160,195512,4586240,6349.799,1721.537,0,128.563,0,13.057,3465,5796,2.060,1.790,1.050,2,0,312.368,0,0,22,77,6,33,0
14-08 12:09:22,25.748,17.999,54.497,0.250,0,3005676,131140,195512,4563572,8366.490,1693.897,0,379.977,0,45.997,6156,11467,2.060,1.790,1.050,3,0,208.987,0,0,22,91,6,28,0
14-08 12:09:23,34.459,19.477,45.197,0,0,3067876,123496,195512,4510196,6584.224,1660.039,0,271.679,0,20.975,4129,7013,2.060,1.790,1.050,3,0,595.297,0,0,22,91,6,28,0
14-08 12:09:24,43.539,23.021,32.779,0.250,0,3187520,118456,195536,4396980,8517.632,1621.453,12.011,508.456,2.002,35.031,7347,18777,2.060,1.790,1.050,7,0,258.231,0,0,24,103,6,28,0
14-08 12:09:25,49.769,27.511,20.758,0.500,0,3280116,127676,195536,4296628,6157.401,1512.590,96.037,7310.851,5.002,515.201,4539,6978,2.130,1.810,1.060,8,0,473.185,0,0,24,103,6,28,0
14-08 12:09:26,55.197,25.475,20.730,0,0,3368436,122720,195536,4215436,6350.890,1564.495,0,359.654,0,28.972,7220,18513,2.130,1.810,1.060,5,0,268.741,0,0,24,113,6,28,0
14-08 12:09:27,45.035,22.267,32.025,0,0,3442932,133184,195536,4132144,5335.140,1621.258,0,428.332,0,29.023,4903,10308,2.130,1.810,1.060,3,0,413.321,0,0,24,123,6,28,0
14-08 12:09:28,27.473,20.230,50.950,0,0,3486996,131848,195540,4090216,7334.731,1618.396,0,239.762,0,8.991,3382,5438,2.130,1.810,1.060,3,0,409.594,0,0,25,123,6,28,0
14-08 12:09:29,12.186,20.393,65.655,0.249,0,3491236,127568,195540,4090600,6154.700,1611.543,0,767.970,0,42.776,4086,6670,2.130,1.810,1.060,3,0,245.711,0,0,25,123,6,28,0
14-08 12:09:30,24.350,21.086,52.967,0,0,3520552,123472,195540,4065588,11254.006,1626.650,4.016,309.264,1.004,19.078,4435,7231,2.040,1.790,1.060,4,0,238.977,0,0,25,123,6,28,0
14-08 12:09:31,32.313,23.045,44.587,0.250,0,3578452,153108,195540,3980012,8389.342,1697.306,0,6544.749,0,468.913,4005,6021,2.040,1.790,1.060,3,0,415.810,0,0,25,123,6,28,0
14-08 12:09:32,35.211,23.224,40.954,0,0,3669360,129680,195564,3913660,9334.555,1584.227,0,395.557,0,30.965,7613,15449,2.040,1.790,1.060,3,0,184.793,0,0,25,137,6,28,0
14-08 12:09:33,30.747,24.248,44.996,0.750,0,3731640,133244,195564,3848304,41637.336,1693.851,399.965,4859.572,15.999,390.966,4348,6388,2.040,1.790,1.060,3,0,466.959,0,0,25,137,6,28,0
14-08 12:09:34,34.465,23.726,39.960,0,0,3794740,141160,195564,3777732,6968.982,1564.425,311.686,931.062,8.991,88.910,6070,13264,2.040,1.790,1.060,3,0,494.502,0,0,25,149,6,27,0
14-08 12:09:35,10.975,18.208,68.094,0,0,3805500,130364,195564,3777832,6412.297,1690.125,0,610.600,0,39.908,3259,4890,1.880,1.760,1.050,2,0,266.389,0,0,25,149,6,27,0
14-08 12:09:36,11.794,20.325,66.245,0,0,3811272,124572,195564,3777852,9353.646,1626.023,0,116.431,0,15.056,3229,4883,1.880,1.760,1.050,2,0,249.926,0,0,25,149,6,28,0
14-08 12:09:37,26.762,15.757,55.274,0.750,0,3840392,131356,195564,3742184,9082.915,1620.699,1016.438,4746.046,14.006,383.165,6377,11456,1.880,1.760,1.050,3,0,186.080,0,0,25,149,6,28,0
14-08 12:09:38,44.807,8.961,44.807,0.249,0,3958116,126428,195564,3630284,6532.908,1613.064,872.249,561.585,61.735,68.705,1984,2616,1.880,1.760,1.050,7,0,0.996,0,0,25,149,6,27,0
14-08 12:09:39,47.740,6.999,43.991,0.250,0,4058892,141384,195564,3515020,12986.351,1693.654,163.967,223.954,15.997,23.995,2205,2839,1.880,1.760,1.050,6,0,5.999,0,0,25,155,6,27,0
14-08 12:09:40,31.154,17.335,51.253,0.502,0,3995952,204368,195568,3514992,12604.113,1593.855,76.376,518.555,3.015,29.144,3837,6607,1.890,1.770,1.060,3,0,333.644,0,0,25,157,6,27,0
14-08 12:09:41,40.231,22.489,37.482,0,0,4033728,165060,195572,3516508,5590.311,1693.186,11.994,239.885,1.000,23.988,5637,15905,1.890,1.770,1.060,4,0,584.719,0,0,25,169,6,27,0
14-08 12:09:42,56.592,19.695,20.443,0.249,0,4085860,129532,195588,3500516,5893.504,1561.629,2983.649,490.627,56.841,35.900,6565,14417,1.890,1.770,1.060,9,0,179.498,0,0,25,175,6,27,0
14-08 12:09:43,72.522,19.190,6.978,0.249,0,4193736,147416,195592,3377088,5537.590,1688.691,514.383,10148.094,39.875,492.452,4923,17923,1.890,1.770,1.060,6,0,149.530,0,0,25,178,6,29,0
14-08 12:09:44,71.938,17.104,7.294,3.773,0,4238592,124896,195624,3355540,5484.422,1629.933,6362.775,8519.920,431.630,423.581,5677,10926,1.890,1.770,1.060,9,0,63.386,0,0,25,192,6,29,0
14-08 12:09:45,67.039,21.512,11.006,0.500,0,4291504,167152,195624,3261116,5758.346,1662.966,804.467,2553.484,98.057,186.108,7140,15741,1.980,1.790,1.070,6,0,243.141,0,0,25,192,6,34,0
14-08 12:09:46,47.449,26.971,23.475,0.250,0,4275688,177348,195628,3267056,5276.328,1618.260,463.502,647.304,9.989,42.954,7481,15898,1.980,1.790,1.070,5,0,466.499,0,0,25,191,6,34,0
14-08 12:09:47,48.776,22.762,27.264,0.250,0,4262248,184920,195628,3272580,5719.992,1660.869,216.113,700.366,10.005,44.023,14108,29208,1.980,1.790,1.070,4,0,294.154,0,0,25,195,6,35,0
14-08 12:09:48,55.263,23.506,20.505,0,0,4366120,136008,195604,3218372,5348.305,1620.395,32.008,19408.736,1.000,689.168,6441,10378,1.980,1.790,1.070,3,0,411.100,0,0,25,196,6,35,0
14-08 12:09:49,62.241,22.247,13.748,0.250,0,4393660,128680,195592,3198060,5935.104,1619.755,1031.844,1171.823,58.991,81.988,6020,18639,1.980,1.790,1.070,5,0,404.939,0,0,25,199,6,39,0
14-08 12:09:50,54.511,24.255,20.254,0.500,0,4478960,133228,195508,3110376,7883.608,1620.331,432.088,5833.190,29.006,492.100,7584,15431,3.100,2.020,1.150,4,0,321.065,0,0,25,203,6,40,0
14-08 12:09:51,64.484,15.996,18.495,0.250,0,4557384,127300,195368,3039364,5266.683,1565.609,127.968,5950.512,7.998,514.871,5741,11353,3.100,2.020,1.150,4,0,186.953,0,0,25,205,6,41,0
14-08 12:09:52,68.502,10.250,22.001,0.250,0,4584424,180280,195208,2961476,6561.157,1620.039,536.013,668.016,37.001,48.001,3979,9031,3.100,2.020,1.150,5,0,6.000,0,0,25,212,6,41,0
14-08 12:09:53,62.004,12.251,24.502,0.500,0,4648028,163552,195148,2915768,53142.348,17271.088,808.051,1296.082,46.003,148.009,6521,16210,3.100,2.020,1.150,8,0,118.007,0,0,25,224,6,47,0
14-08 12:09:54,31.947,22.962,43.677,0,0,4635752,175516,195148,2916160,10767.019,1617.299,0,806.653,0,63.893,5480,10062,3.100,2.020,1.150,7,0,407.320,0,0,25,225,6,47,0
14-08 12:09:55,35.562,19.785,44.327,0,0,4673200,137800,195148,2916464,8074.089,1696.961,56.098,593.035,8.014,48.084,5482,11329,3.010,2.020,1.150,4,0,287.502,0,0,25,225,6,47,0
14-08 12:09:56,58.213,14.990,26.483,0.250,0,4721580,133812,195056,2873448,5857.240,1692.913,155.900,675.566,15.990,21.986,4804,8094,3.010,2.020,1.150,5,0,196.874,0,0,26,228,6,43,0
14-08 12:09:57,64.717,9.245,22.739,1.999,0,4773172,149388,194960,2808364,5854.044,1619.182,1615.184,6380.778,129.934,544.725,4608,6077,3.010,2.020,1.150,4,0,6.996,0,0,26,228,6,43,0
14-08 12:09:58,61.251,12.000,26.000,0.500,0,4866868,132312,194888,2733840,7147.093,1620.021,784.010,1308.017,58.001,83.001,5549,11677,3.010,2.020,1.150,4,0,133.002,0,0,26,231,6,45,0
14-08 12:09:59,27.834,6.958,63.372,0.497,0.249,4859644,139284,194892,2734060,9264.671,3154.163,35.786,727.654,1.988,62.626,3178,5444,3.010,2.020,1.150,3,0,86.484,0,0,26,230,6,45,0
14-08 12:10:00,25.107,5.523,68.541,0,0,4815272,183628,194892,2734088,21150.721,5259.310,0,510.164,0,44.187,3513,5850,2.850,2.010,1.150,3,0,34.145,0,0,26,231,6,46,0
14-08 12:10:01,4.511,2.256,89.974,0.501,0,4821212,171036,194892,2740744,7119381.858,42856.928,0,388.970,0,27.068,3439,3143,2.850,2.010,1.150,2,0,6.015,0,0,26,232,6,46,0
14-08 12:10:02,10.929,8.694,78.741,0.248,0,4823976,152084,194892,2756916,14510994.951,58702.663,2118.311,266.279,28.814,16.891,5335,3794,2.850,2.010,1.150,2,0,124.197,0,0,26,231,6,46,0
14-08 12:10:03,19.557,11.283,67.196,1.003,0,4843276,136428,194892,2753256,43874.068,1741.082,56.164,11232.789,3.009,612.789,3775,5295,2.850,2.010,1.150,8,0,137.401,0,0,26,241,6,46,0
14-08 12:10:04,25.110,4.269,68.802,0.251,0,4865188,128892,194884,2738956,6642.146,1669.325,0,518.274,0,44.194,3005,6307,2.850,2.010,1.150,2,0,1.004,0,0,26,249,6,47,0
14-08 12:10:05,26.213,3.245,68.653,0.499,0,4882088,128748,194864,2722416,9455.668,1691.615,419.409,311.561,22.968,32.954,3847,9335,2.860,2.020,1.160,3,0,0.999,0,0,26,252,6,46,0
14-08 12:10:06,26.313,3.475,68.264,0,0,4885832,124716,194864,2722704,6750.907,1608.541,0,389.227,0,40.710,3685,8475,2.860,2.020,1.160,4,0,0.993,0,0,26,255,6,49,0
14-08 12:10:07,19.595,15.576,60.544,2.261,0,4834216,191724,194824,2707448,4854.579,1465.116,1149.584,32357.159,21.102,448.177,5892,9941,2.860,2.020,1.160,3,0,154.752,0,0,26,253,6,51,0
14-08 12:10:08,20.639,7.708,70.619,0,0,4895824,130056,194832,2707500,6041.431,1611.313,63.657,322.263,10.941,15.914,2187,3384,2.860,2.020,1.160,5,0,54.705,0,0,26,253,6,51,0
14-08 12:10:09,21.590,8.535,67.531,0.502,0,4858772,166008,196304,2704376,5592.253,1626.764,0,31025.002,0,314.307,2512,3304,2.860,2.020,1.160,4,0,10.042,0,0,26,255,6,51,0
14-08 12:10:10,25.091,6.022,67.495,1.004,0,4907020,128296,196316,2693760,7611.645,1710.211,24.087,1637.949,5.018,112.408,8561,16124,2.710,2.010,1.160,3,0,24.087,0,0,26,257,6,52,0
14-08 12:10:11,23.868,6.713,68.371,0,0,4916708,131444,196300,2681076,5262.833,1611.071,7.956,7796.790,0.994,113.372,8019,14987,2.710,2.010,1.160,2,0,7.956,0,0,26,257,6,53,0
14-08 12:10:12,23.476,4.995,69.180,0.250,0,4922480,125648,196300,2681084,8180.737,1692.291,0,399.596,0,29.970,2106,3268,2.710,2.010,1.160,3,0,0,0,0,26,257,6,53,0
14-08 12:10:13,24.405,3.774,70.449,0,0,4925784,133544,196284,2670052,7318.605,1521.690,0,52.333,0,4.026,4199,7406,2.710,2.010,1.160,2,0,2.013,0,0,26,257,5,43,0
14-08 12:10:14,23.339,5.711,70.016,0,0,4926008,133320,196284,2670052,6813.943,1608.889,0,0,0,0,1804,2751,2.710,2.010,1.160,4,0,0,0,0,26,257,5,43,0
14-08 12:10:15,26.509,6.252,65.773,0,0,4932824,161452,196204,2636208,8833.118,1566.553,12.004,188.066,3.001,28.010,2009,3119,2.580,1.990,1.160,3,0,21.007,0,0,26,261,5,43,0
14-08 12:10:16,29.009,1.500,69.020,0.250,0,4940088,154200,196204,2636224,7352.184,1620.481,16.005,160.048,2.001,15.004,1808,2605,2.580,1.990,1.160,2,0,2.001,0,0,26,265,5,43,0
14-08 12:10:17,27.170,2.013,69.434,0,0,4953752,140520,196204,2636240,5062.667,1630.197,16.101,23615.716,1.006,226.416,2392,3096,2.580,1.990,1.160,2,0,1.006,0,0,26,267,5,42,0
14-08 12:10:18,22.187,13.960,61.575,0.249,0.249,4847176,246164,196224,2637236,8286.508,1615.420,351.005,454.711,50.856,21.938,3346,5448,2.580,1.990,1.160,2,0,364.965,0,0,26,267,5,42,0
14-08 12:10:19,24.643,4.978,69.199,0,0,4909844,183444,196224,2637288,6381.280,1612.993,3.983,107.533,0.996,13.939,2071,3536,2.580,1.990,1.160,4,0,80.650,0,0,26,267,5,42,0
14-08 12:10:20,10.298,17.833,70.078,0,0,4855708,237560,196224,2637308,8404.298,1519.103,0,229.071,0,15.070,3089,4821,2.450,1.970,1.160,2,0,223.043,0,0,26,267,5,42,0
14-08 12:10:21,13.030,17.791,68.407,0,0,4856160,236624,196224,2637792,7786.847,1792.108,465.066,72.165,5.011,7.016,3292,5199,2.450,1.970,1.160,3,0,272.625,0,0,26,267,5,42,0
14-08 12:10:22,7.457,12.429,77.555,0.249,0,4858808,233940,196224,2637828,7988.124,1684.327,83.520,2434.021,5.966,133.235,3009,4802,2.450,1.970,1.160,1,0,168.035,0,0,26,267,5,42,0
14-08 12:10:23,12.508,2.251,84.303,0,0,4892496,200172,196224,2637908,14027.852,1566.989,0,100.063,0,11.007,1871,2906,2.450,1.970,1.160,2,0,9.006,0,0,26,267,5,42,0
14-08 12:10:24,25.369,3.768,69.828,0.502,0,4923700,168952,196224,2637924,10225.058,1701.999,0,128.604,0,15.071,2348,4525,2.450,1.970,1.160,3,0,0,0,0,26,269,5,42,0
14-08 12:10:25,13.651,14.892,69.248,0,0,4861996,230556,196228,2638020,4823.997,1608.330,87.366,158.847,8.935,7.942,3038,4645,2.250,1.940,1.150,4,0,162.819,0,0,26,271,5,42,0
14-08 12:10:26,12.553,17.323,69.292,0,0,4860772,231716,196228,2638116,5848.611,1626.846,0,0,0,0,2978,4488,2.250,1.940,1.150,2,0,162.685,0,0,26,271,5,42,0
14-08 12:10:27,13.795,16.554,68.474,0.502,0,4858428,233852,196228,2638324,6401.960,1516.967,20.066,2444.002,2.007,365.196,3977,5172,2.250,1.940,1.150,2,0,170.558,0,0,26,271,5,42,0
14-08 12:10:28,17.987,10.243,68.951,0.250,0,4883388,208752,196228,2638464,6145.618,1692.793,47.966,351.749,7.994,22.984,2562,3891,2.250,1.940,1.150,2,0,118.915,0,0,26,271,5,42,0
14-08 12:10:29,24.640,4.480,69.190,0,0,4944624,147516,196232,2638460,7734.335,1837.763,0,366.358,0,24.888,1977,3217,2.250,1.940,1.150,3,0,0.996,0,0,26,271,6,42,0
14-08 12:10:30,26.485,1.999,68.711,0.750,0,4973332,128140,196228,2629244,8262.348,1693.047,275.845,2926.352,11.993,271.847,2716,3712,2.150,1.920,1.150,4,0,1.999,0,0,26,275,6,42,0
14-08 12:10:31,25.272,3.003,70.811,0.250,0,4907416,193996,196228,2629304,7395.382,1567.353,40.035,204.176,6.005,12.010,1723,2721,2.150,1.920,1.150,2,0,7.006,0,0,26,271,6,42,0
14-08 12:10:32,23.478,4.246,70.933,0,0,4955300,146104,196228,2629312,6202.176,1692.411,0,143.865,0,12.988,1713,2694,2.150,1.920,1.150,3,1,0.999,0,0,26,271,6,42,0
14-08 12:10:33,26.505,2.751,69.514,0,0,4965444,135872,196228,2629400,44958.037,1620.326,76.015,184.037,1.000,11.002,2785,5417,2.150,1.920,1.150,2,0,1.000,0,0,26,277,6,42,0
14-08 12:10:34,25.758,4.251,69.273,0,0,4910604,190704,196228,2629408,5373.763,1620.532,0,80.026,0,7.002,1868,2695,2.150,1.920,1.150,2,0,15.005,0,0,26,271,6,42,0
14-08 12:10:35,20.359,7.540,71.382,0,0,4864972,235124,196232,2630616,6577.214,1520.139,1367.321,124.667,17.092,11.059,2249,3421,2.140,1.930,1.160,2,0,98.528,0,0,26,271,6,42,0
14-08 12:10:36,11.699,19.167,67.458,0.249,0,4865440,234604,196236,2630664,10320.375,1686.707,11.948,700.969,2.987,35.845,3428,5338,2.140,1.930,1.160,2,0,306.674,0,0,26,271,6,43,0
14-08 12:10:37,17.722,10.234,69.889,0.499,0,4873664,225912,196236,2631116,11409.836,1765.190,287.542,123.803,68.890,8.986,2800,4301,2.140,1.930,1.160,2,0,144.770,0,0,26,271,6,42,0
14-08 12:10:38,24.906,3.522,70.943,0,0,4908072,191136,196236,2631484,6429.157,1630.182,342.137,503.143,19.119,30.189,1865,2920,2.140,1.930,1.160,2,0,4.025,0,0,26,271,6,42,0
14-08 12:10:39,22.623,4.475,71.100,0.249,0,4896136,202668,196248,2631876,19472.371,3562.941,159.104,322.186,7.955,23.866,9234,18266,2.140,1.930,1.160,2,0,11.933,0,0,26,272,6,42,0
14-08 12:10:40,24.139,2.766,71.410,0,0,4919576,177284,196412,2633484,16225.198,3368.348,0,897.153,0,36.208,1926,2947,2.050,1.910,1.160,2,0,1.006,0,0,26,272,6,43,0
14-08 12:10:41,24.110,6.214,67.857,0,0,4907712,189300,196412,2633332,7255.959,1676.288,0,278.387,0,12.925,9678,19400,2.050,1.910,1.160,3,0,13.919,0,0,26,271,6,43,0
14-08 12:10:42,17.230,11.736,69.170,0.250,0,4888800,208308,196412,2633236,5699.440,1618.138,0,355.591,0,24.971,3109,5506,2.050,1.910,1.160,2,0,263.696,0,0,26,271,6,43,0
14-08 12:10:43,26.632,3.015,70.600,0,0,4925136,171572,196412,2633636,6781.616,1628.070,0,96.478,0,6.030,2252,4053,2.050,1.910,1.160,3,0,4.020,0,0,26,275,6,44,0
14-08 12:10:44,23.640,8.709,64.698,0.249,0,4899888,196776,196412,2633680,5287.329,1612.476,23.889,0,1.991,0,3362,6583,2.050,1.910,1.160,3,0,141.341,0,0,26,271,6,44,0
14-08 12:10:45,23.701,4.491,70.106,0,0,4933388,163260,196412,2633696,6131.375,1732.433,0,19.959,0,4.990,2273,4428,2.040,1.910,1.160,3,0,0,0,0,26,271,6,46,0
14-08 12:10:46,25.892,8.547,64.855,0,0,4916832,177204,196412,2636308,4894.774,1703.317,1584.668,4.022,16.088,1.006,2401,3617,2.040,1.910,1.160,4,0,74.407,0,0,26,271,6,40,0
14-08 12:10:47,27.674,4.986,67.813,0,0,4903180,190748,196412,2636416,6489.097,1561.691,15.956,323.109,0.997,25.928,3307,5915,2.040,1.910,1.160,3,0,0,0,0,26,271,6,41,0
14-08 12:10:48,27.225,6.744,64.441,0,0,4922856,172148,196412,2635340,4644.773,1510.625,0,523.524,0,35.967,2187,3531,2.040,1.910,1.160,5,0,56.948,0,0,26,271,6,40,0
14-08 12:10:49,27.022,5.254,67.055,0,0,4887808,207044,196412,2635492,5803.777,1621.334,0,116.096,0,12.010,3293,5412,2.040,1.910,1.160,5,0,32.026,0,0,26,271,6,42,0
14-08 12:10:50,27.232,3.997,67.454,0,0,4925988,168740,196412,2635616,5299.423,1618.907,3.997,103.930,0.999,6.995,3166,5542,2.120,1.930,1.170,3,0,0,0,0,26,273,6,38,0
14-08 12:10:51,25.668,6.543,67.442,0.503,0,4894320,200380,196412,2635644,5436.593,1630.676,0,463.031,0,54.356,3304,5819,2.120,1.930,1.170,3,0,49.323,0,0,26,271,6,38,0
14-08 12:10:52,25.213,3.744,68.649,0.250,0,4863984,230692,196412,2635668,5598.742,1617.614,0,263.611,0,15.976,2401,4558,2.120,1.930,1.170,5,0,1.997,0,0,26,271,6,39,0
14-08 12:10:53,25.451,4.990,69.615,0,0,4928176,166480,196412,2635688,5047.234,1690.728,0,123.761,0,7.985,2004,3040,2.120,1.930,1.170,4,0,29.942,0,0,26,272,6,39,0
14-08 12:10:54,21.037,9.767,68.621,0,0,4873448,221060,196412,2635836,8425.813,1622.853,4.007,288.507,1.002,33.058,3131,6121,2.120,1.930,1.170,2,0,119.210,0,0,26,271,6,34,0
14-08 12:10:55,6.492,5.243,86.142,0.250,0,4873464,220776,196428,2636088,11254.920,4971.780,159.800,275.655,2.996,17.978,2019,3221,1.950,1.900,1.170,2,0,69.913,0,0,26,271,6,35,0
14-08 12:10:56,6.722,7.967,82.404,0,0,4873888,220340,196428,2636100,10681.107,4787.877,0,135.431,0,5.975,2255,3560,1.950,1.900,1.170,1,0,109.540,0,0,26,273,6,35,0
14-08 12:10:57,4.252,3.001,92.542,0.250,0,4874132,220088,196428,2636108,5611.553,2028.923,0,532.242,0,31.014,1682,2926,1.950,1.900,1.170,1,0,20.009,0,0,26,271,6,36,0
14-08 12:10:58,15.248,9.998,73.489,1.000,0,4870816,219760,196432,2639700,5154.217,1619.754,3411.481,1295.803,121.981,11.998,2531,3838,1.950,1.900,1.170,3,0,67.990,0,0,26,271,6,36,0
14-08 12:10:59,19.026,8.512,69.846,0.751,0,4848132,232952,196556,2648764,7493.273,116687.979,6176.468,9565.114,134.184,47.065,4617,15883,1.950,1.900,1.170,3,0,11.015,0,0,26,271,6,36,0
14-08 12:11:00,2.748,0.749,94.928,0.250,0,4848128,232952,196556,2648768,7407.407,1660.746,0,191.855,0,12.990,1419,2525,1.790,1.870,1.160,1,0,0,0,0,26,271,6,33,0
14-08 12:11:01,5.002,1.751,92.530,1.000,0,4849048,232252,196556,2648768,6080.995,1532.503,0,17881.865,0,1258.413,3599,2716,1.790,1.870,1.160,1,0,2.001,0,0,26,271,6,33,0
14-08 12:11:02,2.246,0.499,94.100,0,0,4849048,232252,196556,2648768,6025.426,1691.313,0,155.753,0,11.981,1450,2668,1.790,1.870,1.160,2,0,0,0,0,26,271,6,33,0
14-08 12:11:03,3.015,1.759,94.457,0,0,4849044,232252,196556,2648772,45659.719,1702.229,0,317.535,0,5.024,1557,2684,1.790,1.870,1.160,1,0,0,0,0,26,271,6,33,0
14-08 12:11:04,3.486,1.245,93.616,0.249,0,4849040,232252,196556,2648776,5313.205,1655.210,0,91.624,0,5.975,1431,2468,1.790,1.870,1.160,1,0,0,0,0,26,271,6,32,0
14-08 12:11:05,4.002,0.500,94.555,0,0,4849040,232252,196556,2648776,8562.958,3169.835,0,0,0,0,1372,2384,1.650,1.830,1.150,2,0,0,0,0,26,272,6,32,0
14-08 12:11:06,4.755,1.502,92.594,0,0,4849036,232252,196556,2648780,12503.666,3620.668,0,148.150,0,5.005,1657,2728,1.650,1.830,1.150,2,0,0,0,0,26,271,6,30,0
14-08 12:11:07,7.998,1.999,89.973,0,0,4849036,232252,196556,2648780,4966.505,1619.513,0,0,0,0,1418,2441,1.650,1.830,1.150,1,0,0,0,0,26,269,6,30,2
14-08 12:11:08,4.250,0.750,94.753,0,0,4849036,232252,196556,2648780,7975.231,1512.044,0,0,0,0,1443,2605,1.650,1.830,1.150,2,0,0,0,0,26,269,6,20,2
14-08 12:11:09,3.996,1.249,93.905,0,0,4849032,232252,196556,2648784,5430.493,1638.339,0,195.801,0,21.978,1473,2665,1.650,1.830,1.150,1,0,0,0,0,26,269,6,20,2
14-08 12:11:10,3.749,1.250,93.470,0,0,4849024,232252,196556,2648792,7628.521,1693.450,0,307.900,0,19.994,1495,2567,1.680,1.840,1.160,1,0,0,0,0,26,269,6,20,2
14-08 12:11:11,3.759,2.005,93.717,0,0,4849320,232004,196556,2648792,5544.864,1697.939,0,1339.107,0,2.005,1514,2422,1.680,1.840,1.160,1,0,8.019,0,0,26,269,6,20,2
14-08 12:11:12,4.747,1.749,92.943,0.250,0,4849288,232004,196556,2648824,6553.982,1619.008,31.980,319.804,1.999,23.985,1813,3103,1.680,1.840,1.160,1,0,0,0,0,26,269,6,19,2
14-08 12:11:13,3.745,1.498,93.886,0,0,4849288,232004,196556,2648824,5722.048,1691.944,0,55.932,0,6.992,1458,2603,1.680,1.840,1.160,4,0,0,0,0,26,269,6,19,2
14-08 12:11:14,2.001,0.750,94.035,0,0,4849288,232004,196556,2648824,5806.160,1620.603,0,0,0,0,1436,2481,1.680,1.840,1.160,1,0,0,0,0,26,269,6,18,2
14-08 12:11:15,2.499,1.250,94.228,0,0,4849284,232004,196556,2648828,7071.317,1511.640,0,15.996,0,3.999,1411,2447,1.540,1.810,1.150,1,0,0,0,0,26,269,6,18,2
14-08 12:11:16,5.250,2.000,91.497,0,0,4846916,234372,196556,2648828,7338.795,1565.956,0,415.988,0,3.000,1438,2409,1.540,1.810,1.150,1,0,0,0,0,26,269,6,18,2
14-08 12:11:17,4.001,0.250,95.025,0,0,4846916,234372,196556,2648828,5998.596,1768.470,0,0,0,0,1280,2335,1.540,1.810,1.150,1,0,0,0,0,26,269,6,18,2
14-08 12:11:18,3.500,1.750,94.498,0,0,4846884,234372,196556,2648860,6979.819,1619.958,0,4.000,0,1.000,1367,2451,1.540,1.810,1.150,1,0,0,0,0,26,269,6,18,2
14-08 12:11:19,4.499,1.000,94.239,0,0,4846884,234372,196556,2648860,9123.978,1619.819,0,139.984,0,12.999,1481,2574,1.540,1.810,1.150,1,0,0,0,0,26,269,6,18,2
14-08 12:11:20,2.748,0.750,94.695,0.250,0,4846884,234372,196556,2648860,5827.608,1619.058,0,359.791,0,19.988,1525,2686,1.500,1.790,1.150,1,0,0,0,0,26,269,6,18,2
14-08 12:11:21,3.750,0.750,94.507,0,0,4847384,233872,196556,2648860,6325.493,1620.126,0,0,0,0,1485,2556,1.500,1.790,1.150,1,0,2.000,0,0,26,269,6,18,2
14-08 12:11:22,2.500,2.250,93.742,0.500,0,4847384,233872,196556,2648860,8068.338,1511.876,0,1363.888,0,246.980,1806,2638,1.500,1.790,1.150,2,0,0,0,0,26,269,6,18,2
14-08 12:11:23,4.501,0.750,94.270,0,0,4847384,233872,196556,2648860,4958.031,1608.335,0,0,0,0,1466,2661,1.500,1.790,1.150,1,0,0,0,0,26,269,6,18,2
14-08 12:11:24,2.999,0.750,94.707,0,0,4847380,233872,196556,2648864,9930.462,1619.260,0,3.998,0,1.000,1389,2387,1.500,1.790,1.150,1,0,0,0,0,26,269,6,18,2
14-08 12:11:25,2.512,1.256,94.969,0,0,4847376,233872,196556,2648868,6037.797,1628.034,0,0,0,0,1305,2306,1.380,1.760,1.140,1,0,0,0,0,26,269,6,18,2
14-08 12:11:26,3.983,0.249,94.846,0,0,4847376,233872,196556,2648868,4746.769,1686.811,0,7.966,0,0.996,1379,2425,1.380,1.760,1.140,1,0,0,0,0,26,269,6,18,2
14-08 12:11:27,3.251,1.750,94.772,0,0,4847376,233872,196556,2648868,5671.299,1694.388,0,128.029,0,3.001,1413,2539,1.380,1.760,1.140,1,0,0,0,0,26,269,6,18,2
14-08 12:11:28,3.751,0.500,94.770,0,0,4847376,233872,196556,2648868,5306.098,1620.335,0,0,0,0,1349,2419,1.380,1.760,1.140,1,0,0,0,0,26,269,6,18,2
14-08 12:11:29,3.253,1.751,92.578,0.500,0,4847372,233872,196556,2648872,5608.728,810.683,0,236.199,0,35.030,1739,3107,1.380,1.760,1.140,2,0,0,0,0,26,269,6,18,2
14-08 12:11:30,10.745,1.999,86.459,0.250,0,4849692,231272,196576,2649132,226753.972,4405.920,259.877,415.804,5.997,24.988,1955,3058,1.270,1.730,1.140,1,0,10.995,0,0,26,269,6,18,2
14-08 12:11:31,11.244,5.997,80.957,0,0.250,4857300,223468,196588,2649284,353014.196,9618.883,151.919,3.998,5.997,0.999,2144,3056,1.270,1.730,1.140,2,0,36.980,0,0,26,269,6,18,2
