"pcp-dstat 5.3.6 CSV Output"
"Author:","PCP team <pcp@groups.io> and Dag Wieers <dag@wieers.com>",,,,"URL:","https://pcp.io/ and http://dag.wieers.com/home-made/dstat/"
"Host:","ubuntu",,,,"User:","ubuntu"
"Cmdline:","dstat -tcmndrylpg --tcp --output /tmp/devstack_logs/dstat-csv.log",,,,"Date:","06 Nov 2025 10:27:55 UTC"
"system","total usage",,,,,"memory usage",,,,"net/total",,"dsk/total",,"io/total",,"system",,"load avg",,,"procs",,,"paging",,"tcp sockets",,,,
"time","total usage:usr","total usage:sys","total usage:idl","total usage:wai","total usage:stl","used","free","buf","cach","net/total:recv","net/total:send","dsk/total:read","dsk/total:writ","read","writ","int","csw","1m","5m","15m","run","blk","new","in","out","lis","act","syn","tim","clo"
06-11 10:27:55,,977164,502632,176376,6105372,,,,,,,1.690,1.090,0.620,2,0,,,,9,6,6,11,0
06-11 10:27:56,24.272,20.268,53.549,1.001,0,1007868,471524,176416,6105700,20772.862,11238.204,0,14353.033,0,566.514,3984,5154,1.710,1.100,0.630,2,0,412.374,0,0,9,6,6,11,0
06-11 10:27:57,24.752,20.002,54.005,0.500,0,1022424,456764,176516,6105932,64728.214,15028.443,0,2016.194,0,77.007,2989,4386,1.710,1.100,0.630,3,0,364.035,0,0,9,5,6,11,1
06-11 10:27:58,29.481,17.739,51.717,0.500,0,1030196,435868,176548,6118880,235759.407,16920.120,0,2050.681,0,61.960,4250,8732,1.710,1.100,0.630,1,0,241.844,0,0,9,5,6,11,1
06-11 10:27:59,28.772,14.010,54.291,0.751,0,1162264,279956,177348,6263404,212754.140,4506.371,0,3074.300,0,102.076,4229,7796,1.710,1.100,0.630,2,0,108.081,0,0,10,6,6,11,2
06-11 10:28:00,38.999,12.500,48.499,0.250,0,1177776,238940,178016,6285724,4577.940,1551.980,79.999,1807.976,1.000,62.999,2336,3115,1.710,1.100,0.630,2,0,175.998,0,0,10,6,6,11,2
06-11 10:28:01,41.173,7.236,49.657,1.497,0,1226900,166708,179252,6304308,7686.634,1690.840,0,5182.314,0,171.679,2246,3224,1.740,1.120,0.640,2,0,51.903,0,0,10,6,6,13,2
06-11 10:28:02,37.083,6.264,53.119,3.257,0,1256276,132908,180360,6305500,15709.063,4363.740,4.009,9392.965,1.002,657.467,3864,6328,1.740,1.120,0.640,2,0,10.022,0,0,10,6,5,12,0
06-11 10:28:03,33.691,7.237,47.916,11.480,0,1212832,168664,180960,6312448,9978.567,1617.175,11.979,31868.326,0.998,2717.253,11808,23811,1.740,1.120,0.640,2,0,57.899,0,0,10,6,5,12,0
06-11 10:28:04,37.548,10.514,46.810,4.506,0,1154664,218460,181556,6319092,12827.483,3885.994,44.057,25753.093,10.013,1767.271,8219,12510,1.740,1.120,0.640,3,0,91.117,0,0,10,4,5,12,0
06-11 10:28:05,42.440,3.495,53.924,0,0,1233076,138548,181584,6320484,15549.966,4462.676,0,1338.104,0,46.933,1367,1389,1.740,1.120,0.640,2,0,4.993,0,0,10,5,5,12,0
06-11 10:28:06,45.563,7.510,45.814,0.751,0,1181512,182916,182228,6325608,9305.926,1634.270,0,7951.044,0,383.533,10552,20207,1.840,1.150,0.650,2,0,24.033,0,0,10,4,5,12,0
06-11 10:28:07,44.244,8.249,46.244,0,0,1222256,141748,182320,6325804,6065.230,1619.794,0,2143.728,0,27.996,9176,17742,1.840,1.150,0.650,2,0,19.997,0,0,10,4,5,12,0
06-11 10:28:08,30.756,21.254,47.260,0,0,1100876,277340,182328,6313312,6066.256,1620.335,80.017,636.132,5.001,20.004,2943,4449,1.840,1.150,0.650,2,0,390.081,0,0,10,4,5,12,0
06-11 10:28:09,28.705,20.219,50.422,0.250,0,1080708,297232,182336,6313820,13117.615,1617.486,115.820,1329.933,3.994,129.798,4330,7202,1.840,1.150,0.650,1,0,427.336,0,0,10,4,5,12,0
06-11 10:28:10,37.309,12.269,49.328,0.250,0,1182168,195356,182340,6314236,8376.234,1534.424,264.418,4.006,6.009,1.002,4027,6080,1.840,1.150,0.650,2,0,165.261,0,0,10,5,5,12,0
06-11 10:28:11,48.250,3.000,49.000,0,0,1248668,128072,182344,6314992,8237.008,1620.002,0,248.000,0,35.000,1238,1193,1.850,1.160,0.660,2,0,0,0,0,10,5,5,12,0
06-11 10:28:12,20.962,9.483,68.376,0.250,0,1253940,122908,182352,6314856,8273.950,1690.924,35.935,32672.569,5.989,113.793,2038,5847,1.850,1.160,0.660,1,0,117.786,0,0,10,4,5,12,0
06-11 10:28:13,8.765,7.513,82.391,0.501,0,1278016,134392,180572,6281780,9586.374,1460.495,292.500,58395.740,7.012,294.503,2047,2497,1.850,1.160,0.660,1,0,29.050,0,0,10,4,5,12,0
06-11 10:28:14,24.231,5.246,68.947,0.500,0,1335780,128976,180144,6230184,7984.812,1692.688,795.384,92444.356,19.985,574.555,2660,2570,1.850,1.160,0.660,2,0,8.993,0,0,10,4,5,12,0
06-11 10:28:15,26.242,4.499,65.480,1.500,0,1265012,223820,180172,6206416,5155.453,1619.514,1187.644,1295.611,15.995,190.943,3464,8233,1.850,1.160,0.660,1,0,29.991,0,0,10,4,5,14,0
06-11 10:28:16,21.011,5.003,73.790,0,0,1333584,154312,180308,6207216,9672.242,1458.791,496.269,0,18.010,0,1070,1555,1.780,1.160,0.660,1,0,38.021,0,0,10,9,5,14,0
06-11 10:28:17,20.223,5.493,72.653,0.499,0,1284804,202720,180312,6207588,8092.148,1617.830,267.641,1186.409,64.913,12.983,2004,3159,1.780,1.160,0.660,1,0,45.938,0,0,10,28,5,15,0
06-11 10:28:18,23.744,2.499,73.733,0,0,1343480,144032,180312,6207600,6262.516,1693.599,0,0,0,0,1181,1852,1.780,1.160,0.660,1,0,0,0,0,10,28,5,15,0
06-11 10:28:19,32.080,11.779,55.137,0.251,0,1379304,119092,180448,6196788,8166.269,1688.190,140.348,978.428,6.015,14.035,2034,2751,1.780,1.160,0.660,2,0,156.388,0,0,10,28,6,15,0
06-11 10:28:20,43.246,9.749,46.996,0,0,1352788,184800,180456,6157876,7725.312,1693.849,27.998,215.981,2.000,21.998,3892,9366,1.780,1.160,0.660,3,0,90.992,0,0,10,28,6,21,0
06-11 10:28:21,76.003,20.501,3.500,0,0,1535256,131160,179920,6031880,7927.301,1458.055,1108.042,32.001,101.004,8.000,2511,3603,2.040,1.220,0.680,5,0,376.014,0,0,10,28,6,21,0
06-11 10:28:22,83.798,12.221,4.240,0.249,0,1583732,188544,177812,5930740,8149.368,1689.929,1352.741,6081.350,178.570,595.565,6749,13965,2.040,1.220,0.680,6,0,116.719,0,0,10,28,6,21,0
06-11 10:28:23,48.859,10.774,39.087,0,0.251,1365004,407212,177816,5930796,4819.777,1665.725,8.018,272.610,2.004,29.065,3405,6771,2.040,1.220,0.680,2,0,245.549,0,0,10,28,6,21,0
06-11 10:28:24,20.210,5.489,73.105,0,0,1353148,419052,177832,5930796,10060.031,1616.791,0,379.247,0,21.956,1502,1935,2.040,1.220,0.680,2,0,59.881,0,0,10,28,6,21,0
06-11 10:28:25,21.155,6.471,71.925,0,0,1319876,452288,177832,5930832,9072.067,1612.723,15.928,91.587,3.982,11.946,2428,4096,2.040,1.220,0.680,2,0,67.695,0,0,10,28,6,21,0
06-11 10:28:26,22.342,3.766,73.303,0,0,1369516,402644,177832,5930836,8810.440,1775.343,0,377.562,0,24.100,1424,2127,1.960,1.220,0.690,1,0,0,0,0,10,29,6,21,0
06-11 10:28:27,14.264,14.765,69.820,0.501,0,1302652,469136,177848,5931192,6468.468,1695.696,204.204,512.513,8.008,44.044,2652,3883,1.960,1.220,0.690,3,0,202.202,0,0,10,28,6,21,0
06-11 10:28:28,8.756,21.764,68.043,0,0,1303904,467880,177852,5931192,8608.432,1458.921,80.051,328.207,1.001,18.011,2445,3096,1.960,1.220,0.690,1,0,300.189,0,0,10,28,6,21,0
06-11 10:28:29,58.053,24.522,17.016,0.250,0,1503444,268052,177884,5931448,5107.668,1621.482,128.117,2250.057,1.001,139.127,3056,4925,1.960,1.220,0.690,5,0,536.490,0,0,10,28,6,21,0
06-11 10:28:30,85.371,8.462,5.973,0,0,1640252,131020,177888,5931668,8764.105,1612.842,7.965,314.604,1.991,41.814,4962,12744,1.960,1.220,0.690,6,0,0,0,0,10,29,6,22,0
06-11 10:28:31,80.595,14.813,3.264,0,0,1455400,315632,177896,5931900,5385.053,1626.965,0,433.857,0,47.202,3973,8499,2.200,1.280,0.710,7,0,205.881,0,0,10,28,6,22,0
06-11 10:28:32,84.264,14.252,1.750,0,0,1651616,119104,177896,5932212,7970.307,1620.266,0,216.035,0,12.002,3891,7929,2.200,1.280,0.710,7,0,105.017,0,0,10,29,6,22,0
06-11 10:28:33,77.991,10.499,11.999,0,0,1510372,277328,177656,5915852,9527.866,1619.807,19.998,2775.670,4.999,193.977,5376,12923,2.200,1.280,0.710,4,0,150.982,0,0,10,29,6,21,0
06-11 10:28:34,41.758,11.502,46.009,0,0,1415556,371984,177660,5916008,11176.202,1694.334,0,284.056,0,21.004,2357,4235,2.200,1.280,0.710,3,0,148.029,0,0,10,28,6,21,0
06-11 10:28:35,48.662,13.903,36.496,0.248,0,1420132,367196,177672,5916208,8708.459,1575.050,0,238.343,0,28.800,4234,8481,2.200,1.280,0.710,4,0,325.735,0,0,10,28,6,21,0
06-11 10:28:36,64.670,10.065,25.163,0,0,1502008,285296,177676,5916228,9364.815,1576.236,0,185.203,0,7.046,2559,4681,2.270,1.310,0.720,2,0,50.327,0,0,10,31,6,21,0
06-11 10:28:37,67.283,14.757,16.508,0.250,0,1456656,330568,177684,5916300,7967.912,1620.796,0,420.206,0,51.025,4340,9031,2.270,1.310,0.720,4,0,258.127,0,0,10,28,6,24,0
06-11 10:28:38,74.494,10.499,14.499,0,0,1574824,212212,177688,5916484,5331.595,1619.877,0,183.986,0,8.999,4742,9986,2.270,1.310,0.720,4,0,0,0,0,10,30,6,27,0
06-11 10:28:39,57.748,15.250,25.999,0.250,0,1424908,362060,177696,5916544,6087.842,1457.962,0,487.987,0,41.999,3600,7412,2.270,1.310,0.720,3,0,323.992,0,0,10,28,6,27,0
06-11 10:28:40,63.237,5.749,29.744,0.250,0,1509120,276408,177700,5917980,10313.855,1619.663,1175.755,315.934,21.995,28.994,5849,11182,2.270,1.310,0.720,3,0,5.999,0,0,10,29,6,28,0
06-11 10:28:41,55.760,16.753,26.505,0,0,1476772,308580,177716,5918140,10845.855,1620.277,0,344.059,0,31.005,2648,3977,2.320,1.340,0.740,4,0,299.051,0,0,10,28,6,27,0
06-11 10:28:42,56.214,14.491,28.732,0,0,1314508,470668,177728,5918304,10402.426,1531.032,19.987,275.826,1.999,25.984,4093,10303,2.320,1.340,0.740,5,0,286.819,0,0,10,28,6,32,0
06-11 10:28:43,64.792,9.006,26.517,0,0,1509344,275756,177732,5918376,10402.699,1621.044,0,212.137,0,11.007,1662,2386,2.320,1.340,0.740,3,0,1.001,0,0,10,31,6,32,0
06-11 10:28:44,59.463,10.743,29.731,0.250,0,1412912,371492,177744,5919060,10255.580,1618.987,0,319.800,0,33.979,3908,8922,2.320,1.340,0.740,5,0,111.930,0,0,10,28,6,35,0
06-11 10:28:45,64.272,6.252,27.509,0,0,1508812,275508,177768,5919120,6655.276,1458.499,0,388.133,0,40.014,4298,8627,2.320,1.340,0.740,4,0,0,0,0,10,28,6,37,0
06-11 10:28:46,68.512,23.504,7.751,0,0,1528440,255788,177780,5919168,5757.007,1620.284,0,304.053,0,28.005,2514,3963,2.540,1.400,0.760,7,0,423.074,0,0,10,28,6,37,0
06-11 10:28:47,78.254,17.251,4.250,0,0,1458608,324064,177800,5920704,8610.448,1620.084,1140.059,696.036,12.001,57.003,4245,9236,2.540,1.400,0.760,10,0,310.016,0,0,10,28,6,34,0
06-11 10:28:48,84.251,15.500,1.000,0,0,1613220,169364,177848,5920744,8241.058,1458.010,0,2564.018,0,162.001,3083,4901,2.540,1.400,0.760,7,0,150.001,0,0,10,29,6,34,0
06-11 10:28:49,74.186,17.177,6.473,0,0,1523888,258472,177860,5920956,5269.704,1654.998,0,529.759,0,27.882,5463,11903,2.540,1.400,0.760,10,0,280.812,0,0,10,30,6,34,0
06-11 10:28:50,61.513,22.094,15.315,0,0,1456772,325364,177860,5921180,8701.136,1743.441,0,12.051,0,3.013,5746,12981,2.540,1.400,0.760,5,0,563.405,0,0,10,30,6,34,0
06-11 10:28:51,18.723,23.217,56.170,0,0,1320300,461792,177860,5921224,8993.266,1691.605,0,11.983,0,2.996,2894,4526,2.500,1.410,0.770,3,0,499.293,0,0,10,28,6,31,0
06-11 10:28:52,8.497,21.244,68.729,0,0,1320032,462056,177860,5921228,9479.128,1531.536,0,0,0,0,2404,3034,2.500,1.410,0.770,1,0,296.910,0,0,10,28,6,31,0
06-11 10:28:53,34.057,30.551,35.810,0.250,0,1411420,370612,177864,5921280,7432.524,1622.734,4.007,332.560,1.002,26.044,3222,6039,2.500,1.410,0.770,5,0,798.345,0,0,10,28,6,31,0
06-11 10:28:54,79.727,17.245,2.249,0,0,1601428,180408,177884,5921456,5354.458,1693.512,3.999,319.908,1.000,28.992,3994,7765,2.500,1.410,0.770,7,0,302.913,0,0,10,30,6,31,0
06-11 10:28:55,78.026,19.507,2.501,0,0,1522708,259012,177912,5921544,7868.644,1620.545,0,592.199,0,51.017,5100,9586,2.500,1.410,0.770,6,0,424.143,0,0,10,29,6,31,0
06-11 10:28:56,83.999,13.750,2.500,0,0.250,1574360,207140,177928,5921744,7767.922,1619.984,135.999,239.998,8.000,14.000,3024,6619,2.780,1.490,0.790,6,0,190.998,0,0,10,30,6,31,0
06-11 10:28:57,87.312,10.758,1.251,0,0,1687360,127512,177164,5889792,6190.420,2136.525,32.023,7305.216,7.005,316.226,5266,15696,2.780,1.490,0.790,7,0,4.003,0,0,10,31,6,31,0
06-11 10:28:58,79.497,13.249,6.000,0,0,1590364,248432,176456,5867064,15400.369,3899.840,35.999,1931.921,9.000,306.987,6576,13018,2.780,1.490,0.790,6,0,90.996,0,0,10,30,6,31,0
06-11 10:28:59,83.940,14.490,1.749,0,0,1578768,255556,176752,5870504,6362.432,1866.660,0,1566.875,0,39.971,4895,8401,2.780,1.490,0.790,6,0,72.948,0,0,10,29,6,31,0
06-11 10:29:00,80.992,14.749,4.000,0,0,1676652,156548,176772,5871572,8638.179,1787.830,567.946,383.964,5.000,14.999,12447,41650,2.780,1.490,0.790,6,0,34.997,0,0,10,31,6,31,0
06-11 10:29:01,77.512,15.252,7.251,0,0,1535576,296772,176808,5872312,26529.979,4905.736,4.001,1584.238,1.000,21.003,5675,13438,2.950,1.550,0.820,6,0,192.029,0,0,10,31,6,31,0
06-11 10:29:02,83.496,11.000,4.500,0,0,1618616,212756,176860,5873196,620302.947,15921.331,0,2167.909,0,81.997,4853,9890,2.950,1.550,0.820,6,0,46.998,0,0,10,30,6,29,0
06-11 10:29:03,84.004,10.500,4.000,0,0,1687292,142756,177192,5874004,143963.766,18991.893,0,2692.127,0,125.006,6813,12468,2.950,1.550,0.820,6,0,57.003,0,0,10,33,6,29,0
06-11 10:29:04,80.463,13.494,5.747,0,0,1595864,265916,176684,5843504,14859.105,3651.306,379.824,7132.690,6.997,334.845,5762,12497,2.950,1.550,0.820,6,0,96.955,0,0,10,32,6,29,0
06-11 10:29:05,85.024,13.504,1.250,0,0,1598364,255392,177228,5850008,6409.846,1794.517,0,800.230,0,16.005,2701,4051,2.950,1.550,0.820,6,0,66.019,0,0,10,30,6,29,0
06-11 10:29:06,81.766,12.502,5.501,0.250,0,1612208,240388,177504,5850604,53738.264,15163.896,0,2788.533,0,126.024,5796,14749,3.120,1.600,0.840,5,0,101.019,0,0,10,32,6,29,0
06-11 10:29:07,80.240,14.748,3.750,0,0,1571928,279704,177780,5851112,45490.268,12330.446,0,2059.740,0,105.987,4095,10337,3.120,1.600,0.840,6,0,213.973,0,0,10,31,6,29,0
06-11 10:29:08,86.745,9.000,3.000,0,0,1652848,198556,177792,5851328,15648.171,3772.800,0,427.977,0,22.999,3889,9630,3.120,1.600,0.840,6,0,26.999,0,0,10,31,6,30,0
06-11 10:29:09,84.256,12.501,3.750,0,0.250,1512372,332048,178284,5856820,12825.885,1632.113,0,8272.571,0,52.004,4293,8453,3.120,1.600,0.840,7,0,70.005,0,0,10,30,6,31,0
06-11 10:29:10,82.267,15.003,2.000,0.250,0,1622528,219324,178616,5858688,69807.101,10166.054,0,1988.402,0,79.016,3540,6618,3.120,1.600,0.840,7,0,126.025,0,0,10,32,6,31,0
06-11 10:29:11,84.718,10.246,4.998,0,0,1668144,188324,178252,5844564,14600.569,3771.597,19.993,6701.507,3.999,301.888,4796,10391,3.350,1.680,0.870,6,0,33.987,0,0,10,33,6,31,0
06-11 10:29:12,81.026,13.504,4.001,0.250,0,1572468,276868,178768,5850252,9942.251,1794.587,8.003,1024.335,2.001,34.011,4409,10283,3.350,1.680,0.870,5,0,219.072,0,0,10,31,6,31,0
06-11 10:29:13,83.989,11.998,4.249,0,0,1625324,221820,178940,5851944,34701.489,3510.544,0,1491.806,0,48.994,5103,9528,3.350,1.680,0.870,5,0,32.996,0,0,10,31,6,32,0
06-11 10:29:14,83.259,13.001,3.000,0,0.250,1597076,248696,178956,5853292,13394.406,3545.372,0,332.035,0,15.002,3934,7272,3.350,1.680,0.870,6,0,176.018,0,0,10,32,6,32,0
06-11 10:29:15,83.722,13.245,2.999,0,0,1583680,254680,179544,5858972,9226.863,1867.365,7.997,1431.513,1.000,34.988,3852,12991,3.350,1.680,0.870,5,0,97.967,0,0,10,32,6,34,0
06-11 10:29:16,79.027,13.005,7.503,0.250,0,1547228,290192,179748,5859548,168832.585,12819.448,20.007,16549.743,1.000,146.051,3772,6977,3.320,1.700,0.880,4,0,222.077,0,0,10,30,6,31,0
06-11 10:29:17,66.998,10.750,20.999,0.500,0,1514800,281640,179880,5900176,23886629.628,117128.252,0,19547.374,0,97.997,10556,15283,3.320,1.700,0.880,4,0,47.998,0,0,10,35,6,34,0
06-11 10:29:18,73.488,9.498,14.498,1.500,0,1563920,191872,180220,5939652,17392060.918,73517.796,0,24887.869,0,196.967,6395,4838,3.320,1.700,0.880,3,0,67.989,0,0,10,34,6,33,0
06-11 10:29:19,74.504,13.001,12.251,0.500,0,1524724,217652,180348,5952400,6487109.355,26925.346,0,7368.368,0,74.004,5766,31238,3.320,1.700,0.880,4,0,126.006,0,0,10,35,6,34,0
06-11 10:29:20,81.512,14.002,4.001,0,0,1575668,166076,180396,5952944,6089.920,1620.245,0,740.112,0,10.002,3240,23012,3.320,1.700,0.880,4,0,66.010,0,0,10,35,6,30,0
06-11 10:29:21,78.744,13.999,6.749,0,0,1541700,199160,180624,5953448,7888.369,1457.883,0,1099.912,0,37.997,3801,7706,3.460,1.750,0.900,4,0,88.993,0,0,10,34,6,30,0
06-11 10:29:22,80.754,10.501,6.750,0.500,0,1501996,212776,181092,5977608,7470.366,1620.079,8.000,3328.163,2.000,128.006,4037,8308,3.460,1.750,0.900,4,0,44.002,0,0,10,35,6,29,0
06-11 10:29:23,74.561,19.451,5.486,0.499,0,1510468,134076,181808,6042340,7959.822,1689.717,0,18668.675,0,533.647,3855,5744,3.460,1.750,0.900,6,0,261.338,0,0,10,34,6,29,0
06-11 10:29:24,77.416,14.782,7.266,0.251,0,1514672,194088,190700,5961856,8535.342,1535.299,12.026,55451.165,2.004,238.513,4170,8166,3.460,1.750,0.900,5,0,14.030,0,0,10,36,6,30,0
06-11 10:29:25,82.533,14.506,2.751,0.250,0,1519868,167400,193436,5976560,4911.984,1620.655,60.024,9895.998,4.002,58.023,2551,7364,3.460,1.750,0.900,4,0,154.062,0,0,10,34,6,30,0
06-11 10:29:26,75.252,16.750,7.000,0,0,1481792,290496,193844,5895780,10289.268,1860.048,40.001,2340.061,7.000,37.001,5593,11212,3.500,1.790,0.920,4,0,205.005,0,0,10,34,6,31,0
06-11 10:29:27,78.743,17.499,2.750,0.500,0,1496380,268012,193988,5903516,7261.397,1565.870,1751.855,1371.886,21.998,33.997,4730,10600,3.500,1.790,0.920,8,0,324.973,0,0,10,32,6,31,0
06-11 10:29:28,55.501,23.251,19.500,0,0,1347180,410356,193996,5910408,6320.152,1620.039,208.005,1500.036,12.000,42.001,6134,12860,3.500,1.790,0.920,2,1,529.013,0,0,10,32,6,32,0
06-11 10:29:29,48.482,14.495,35.987,0.750,0,1464568,289216,194012,5914128,9404.558,1619.407,3658.661,101958.683,79.971,277.898,3376,4892,3.500,1.790,0.920,4,0,248.909,0,0,10,33,6,33,0
06-11 10:29:30,42.251,9.250,48.251,0.250,0,1403052,350428,194020,5914424,6642.080,1458.017,0,960.012,0,27.000,3436,6390,3.500,1.790,0.920,2,0,69.001,0,0,10,32,6,32,0
06-11 10:29:31,42.608,7.475,48.588,0.249,0,1387744,365552,194036,5914592,9538.152,1688.363,0,326.908,0,30.897,2900,5737,3.380,1.800,0.920,3,0,79.734,0,0,10,33,6,33,0
06-11 10:29:32,45.141,5.768,49.154,0,0,1438668,314612,194040,5914604,8198.645,1625.083,0,329.029,0,29.091,1991,3080,3.380,1.800,0.920,3,0,19.060,0,0,10,32,5,33,0
06-11 10:29:33,45.018,6.503,47.769,0.250,0,1358532,394688,194052,5914652,5270.050,1620.630,0,396.154,0,41.016,4041,7886,3.380,1.800,0.920,3,0,36.014,0,0,10,32,5,35,0
06-11 10:29:34,45.158,5.988,49.149,0,0,1449604,303464,194052,5914804,10487.532,1616.691,0,598.774,0,13.971,2288,4343,3.380,1.800,0.920,4,0,0,0,0,10,34,5,36,0
06-11 10:29:35,36.078,17.037,45.849,0,0,1378716,374312,194056,5914840,7944.215,1461.166,0,324.704,0,29.063,3332,6011,3.380,1.800,0.920,3,0,340.738,0,0,10,32,5,37,0
06-11 10:29:36,44.688,7.240,48.433,0.250,0,1395452,357556,194060,5914856,5959.722,1617.753,0,319.556,0,26.963,2543,4440,3.350,1.820,0.940,3,0,98.863,0,0,10,32,5,38,0
06-11 10:29:37,44.037,6.756,49.041,0,0,1416856,335600,194068,5915400,9204.787,1621.372,0,232.196,0,13.011,2244,4212,3.350,1.820,0.940,2,0,46.039,0,0,10,32,5,38,0
06-11 10:29:38,40.743,8.748,48.741,0,0,1419544,332320,194076,5915984,6237.902,1457.743,415.927,435.923,58.990,36.993,2958,6014,3.350,1.820,0.940,2,0,93.983,0,0,10,33,5,38,0
06-11 10:29:39,37.283,15.263,45.540,0.500,0,1393484,357272,194088,5917080,8342.316,1621.422,0,6485.688,0,370.325,4459,9297,3.350,1.820,0.940,2,0,321.282,0,0,10,32,5,32,0
06-11 10:29:40,21.211,6.738,71.368,0.250,0,1375728,374888,194088,5917220,9321.736,1617.005,0,139.741,0,10.980,1342,1875,3.350,1.820,0.940,1,0,62.884,0,0,10,32,5,32,0
06-11 10:29:41,21.274,4.505,73.331,0,0,1318976,431584,194092,5917272,4658.152,1533.696,0,104.115,0,6.007,2128,4493,3.160,1.800,0.940,2,0,48.053,0,0,10,32,5,31,0
06-11 10:29:42,22.237,3.998,73.207,0,0,1385244,365308,194092,5917280,8238.131,1692.999,0,83.950,0,6.996,1223,1688,3.160,1.800,0.940,2,0,7.995,0,0,10,32,5,31,0
06-11 10:29:43,18.478,9.239,72.416,0,0,1348980,401564,194092,5917288,7832.875,1618.115,0,199.767,0,19.977,1949,2773,3.160,1.800,0.940,2,0,91.893,0,0,10,32,5,26,0
06-11 10:29:44,23.780,1.752,72.841,0.250,0,1363128,387400,194096,5917300,9804.255,1533.917,0,200.250,0,19.024,1799,3055,3.160,1.800,0.940,2,0,0,0,0,10,32,5,26,0
06-11 10:29:45,17.482,8.991,72.676,0.250,0,1369148,381376,194096,5917304,8200.635,1618.349,0,227.768,0,12.987,1360,1795,3.160,1.800,0.940,2,0,98.899,0,0,10,32,5,23,0
06-11 10:29:46,19.785,7.513,72.880,0,0,1319224,431272,194104,5917324,8282.743,1460.600,0,208.371,0,28.050,2281,3958,2.990,1.790,0.940,4,0,80.143,0,0,10,32,5,23,0
06-11 10:29:47,21.480,4.246,73.431,0,0,1382844,367520,194104,5917456,6566.814,1618.475,0,143.864,0,7.992,1230,1632,2.990,1.790,0.940,1,0,13.987,0,0,10,33,5,20,0
06-11 10:29:48,23.476,3.996,72.176,0,0,1334980,415364,194104,5917476,5641.218,1734.222,0,227.767,0,21.977,2817,5001,2.990,1.790,0.940,1,0,29.969,0,0,10,32,5,21,0
06-11 10:29:49,23.760,2.751,72.031,0.250,0,1380820,369500,194108,5917496,6269.721,1846.802,0,400.174,0,17.007,2036,3296,2.990,1.790,0.940,1,0,0,0,0,10,33,6,21,0
06-11 10:29:50,15.748,13.249,69.742,0,0,1314760,435236,194112,5917816,10165.861,1735.806,0,139.984,0,8.999,2396,3614,2.990,1.790,0.940,1,0,164.982,0,0,10,32,6,21,0
06-11 10:29:51,22.297,17.787,58.622,0,0,1379440,370484,194128,5917884,6869.350,1461.052,100.209,424.888,6.013,28.059,2688,3963,2.910,1.790,0.940,2,0,321.672,0,0,10,32,6,23,0
06-11 10:29:52,42.494,6.999,48.493,2.000,0,1498656,248040,194204,5921024,8331.742,1693.744,1439.783,4015.394,32.995,241.963,2544,3639,2.910,1.790,0.940,2,1,16.997,0,0,10,36,6,23,0
06-11 10:29:53,38.004,7.001,46.005,11.001,0,1432652,308548,194688,5926024,6600.667,1662.168,0,26802.707,0,2860.289,14530,24691,2.910,1.790,0.940,2,0,110.011,0,0,10,36,6,23,0
06-11 10:29:54,38.250,8.000,41.750,12.250,0,1500760,238996,195096,5927060,8233.008,1620.002,0,38592.039,0,3728.004,16305,28319,2.910,1.790,0.940,2,0,47.000,0,0,10,36,6,23,0
06-11 10:29:55,45.500,7.250,45.750,1.500,0,1439260,300616,195124,5927100,8082.048,1620.010,0,69124.415,0,839.005,3486,4826,2.910,1.790,0.940,2,0,6.000,0,0,10,32,6,23,0
06-11 10:29:56,39.526,7.755,46.030,6.504,0,1501804,237616,195232,5927448,4329.858,1607.061,0,15730.382,0,1982.308,12313,21420,2.840,1.800,0.950,2,0,3.002,0,0,10,34,6,23,0
06-11 10:29:57,34.157,8.228,52.856,3.490,0,1413976,325136,195360,5927628,5121.025,1689.390,0,10642.955,0,1225.655,6394,12825,2.840,1.800,0.950,1,0,98.731,0,0,10,32,6,23,0
06-11 10:29:58,22.755,3.001,74.016,0,0,1353400,385688,195360,5927652,8234.779,1620.350,0,1344.290,0,74.016,1110,1439,2.840,1.800,0.950,1,0,3.001,0,0,10,32,6,23,0
06-11 10:29:59,23.989,3.498,71.967,0.500,0,1423948,315128,195372,5927652,8791.938,1457.327,0,6017.220,0,315.854,1698,2678,2.840,1.800,0.950,1,0,1.999,0,0,10,32,6,23,0
06-11 10:30:00,23.549,3.006,72.150,1.002,0,1380256,358796,195380,5927668,8518.753,1623.383,0,28435.259,0,605.261,1847,1500,2.840,1.800,0.950,1,0,1.002,0,0,10,32,6,23,0
06-11 10:30:01,22.748,2.500,73.992,0,0,1439660,299324,195380,5927736,7987.153,1713.818,0,0,0,0,876,1047,2.690,1.780,0.950,1,0,2.000,0,0,10,32,6,23,0
06-11 10:30:02,22.002,3.750,74.258,0,0,1395528,343456,195380,5927736,7985.870,1458.159,0,0,0,0,895,1088,2.690,1.780,0.950,1,0,1.000,0,0,10,32,6,23,0
06-11 10:30:03,24.251,2.500,73.254,0,0,1333192,405700,195380,5927828,7929.389,1620.079,0,0,0,0,923,1094,2.690,1.780,0.950,1,0,4.000,0,0,10,32,6,23,0
06-11 10:30:04,23.496,2.500,74.238,0,0,1359324,379528,195388,5927860,5627.088,1693.726,0,0,0,0,878,1138,2.690,1.780,0.950,1,0,1.000,0,0,10,32,6,23,0
06-11 10:30:05,22.958,3.244,73.615,0.250,0,1435148,303704,195388,5927860,9676.292,1529.202,0,207.620,0,2.995,965,1154,2.690,1.780,0.950,1,0,1.996,0,0,10,32,6,23,0
06-11 10:30:06,23.039,2.755,73.874,0,0,1402196,336536,195388,5928392,10372.384,1622.720,500.839,112.188,4.007,9.015,971,1369,2.550,1.770,0.950,1,0,1.002,0,0,10,32,6,23,0
06-11 10:30:07,22.253,3.250,74.261,0.250,0,1388600,350108,195392,5928412,6247.887,1620.230,0,364.052,0,25.004,1011,1311,2.550,1.770,0.950,1,0,1.000,0,0,10,32,6,23,0
06-11 10:30:08,23.999,1.750,73.748,0,0,1338268,400424,195396,5928424,10344.710,1457.959,0,47.999,0,4.000,907,1127,2.550,1.770,0.950,1,0,3.000,0,0,10,32,6,23,0
06-11 10:30:09,8.997,18.743,69.225,0,0,1344700,393820,195396,5928596,7880.132,1619.411,0,459.833,0,4.998,2631,3817,2.550,1.770,0.950,2,0,340.876,0,0,10,32,6,21,0
06-11 10:30:10,9.749,19.998,69.744,0,0,1344904,393596,195396,5928616,9730.095,1619.849,0,687.936,0,6.999,2466,3385,2.550,1.770,0.950,3,0,294.973,0,0,10,32,6,21,0
06-11 10:30:11,9.745,19.240,69.712,0,0,1348020,390144,195396,5928952,8738.238,1619.118,107.941,195.893,5.997,4.997,2503,3497,2.350,1.740,0.940,1,0,284.845,0,0,10,32,6,21,0
06-11 10:30:12,9.500,19.001,69.753,0,0,1351972,386172,195396,5928972,4857.233,1694.081,0,96.005,0,2.000,2387,3446,2.350,1.740,0.940,1,0,288.014,0,0,10,32,6,21,0
06-11 10:30:13,16.740,9.494,72.455,0,0,1405932,332220,195396,5928964,9563.014,1618.987,0,131.917,0,1.999,1549,2051,2.350,1.740,0.940,1,0,107.932,0,0,10,32,6,20,0
06-11 10:30:14,23.496,2.500,74.237,0,0,1455052,283080,195396,5928984,8268.503,1457.736,0,15.997,0,1.000,891,1069,2.350,1.740,0.940,1,0,2.000,0,0,10,32,6,20,0
06-11 10:30:15,26.758,5.002,67.521,0.250,0,1407124,331028,195396,5928964,6421.035,1620.514,0,548.174,0,104.033,1616,3203,2.350,1.740,0.940,1,0,37.012,0,0,10,32,6,19,0
06-11 10:30:16,23.275,2.252,73.829,0,0,1363688,374444,195400,5928980,8172.745,1621.735,0,116.124,0,10.011,1050,1374,2.240,1.730,0.940,1,0,1.001,0,0,10,32,6,19,0
06-11 10:30:17,23.962,2.246,73.635,0,0,1439288,298844,195400,5928980,6166.337,1497.653,0,427.330,0,25.959,1003,1283,2.240,1.730,0.940,1,0,1.997,0,0,10,32,6,16,0
06-11 10:30:18,23.516,2.502,73.800,0,0,1405200,332936,195400,5928976,10192.952,1621.106,0,52.035,0,6.004,944,1142,2.240,1.730,0.940,1,0,1.001,0,0,10,32,6,16,0
06-11 10:30:19,23.998,2.000,72.995,0.250,0,1348156,389960,195400,5928996,6626.569,1619.895,0,419.973,0,15.999,1115,1439,2.240,1.730,0.940,1,0,3.000,0,0,10,32,6,16,0
06-11 10:30:20,22.002,3.750,73.757,0,0,1422760,315368,195400,5928984,5328.512,1532.147,0,0,0,0,914,1162,2.240,1.730,0.940,1,0,2.000,0,0,10,32,6,15,0
06-11 10:30:21,22.745,2.999,73.733,0,0,1372804,365336,195400,5928972,10149.625,1619.621,0,11.997,0,1.000,953,1068,2.140,1.710,0.940,1,0,1.000,0,0,10,32,6,15,0
06-11 10:30:22,22.507,3.001,74.023,0,0,1437796,300320,195400,5928996,8003.465,1694.522,0,24.007,0,1.000,980,1149,2.140,1.710,0.940,1,0,2.001,0,0,10,32,6,14,0
06-11 10:30:23,22.986,2.998,73.706,0,0,1391268,346940,195400,5928904,5776.528,1531.080,0,0,0,0,948,1160,2.140,1.710,0.940,1,0,1.999,0,0,10,32,6,14,0
06-11 10:30:24,23.018,2.252,73.558,0,0,1329432,408680,195404,5928996,10099.918,1621.271,0,136.107,0,4.003,974,1135,2.140,1.710,0.940,2,0,3.002,0,0,10,32,6,14,0
06-11 10:30:25,23.240,1.999,73.718,0,0,1352972,385140,195404,5928996,7587.730,1693.270,0,1635.295,0,5.997,923,1079,2.140,1.710,0.940,3,0,1.000,0,0,10,32,6,14,0
06-11 10:30:26,22.769,2.752,73.560,0,0,1434880,303244,195404,5928984,8574.989,1459.189,0,336.274,0,42.034,1114,1394,2.050,1.700,0.950,2,0,2.002,0,0,10,32,6,13,0
06-11 10:30:27,23.976,1.998,73.926,0,0,1386424,351700,195404,5928984,8976.006,1618.378,0,371.628,0,22.977,1046,1239,2.050,1.700,0.950,2,0,0.999,0,0,10,32,6,13,0
06-11 10:30:28,23.743,2.499,73.479,0,0,1381648,356468,195404,5928992,5781.329,1619.532,0,67.980,0,4.999,944,1143,2.050,1.700,0.950,1,0,1.000,0,0,10,32,6,12,0
06-11 10:30:29,23.502,2.500,73.755,0,0,1436572,301532,195404,5929004,8192.606,1694.125,0,12.001,0,1.000,957,1087,2.050,1.700,0.950,1,0,2.000,0,0,10,32,6,12,0
06-11 10:30:30,11.016,19.278,69.100,0,0,1344680,393384,195404,5929044,8874.806,1696.448,0,160.231,0,8.012,2399,3326,2.050,1.700,0.950,1,0,292.422,0,0,10,32,6,10,0
06-11 10:30:31,15.245,12.995,71.225,0,0,1373884,364160,195404,5929064,7580.301,1531.455,0,919.673,0,93.967,1883,2412,1.960,1.690,0.950,1,0,169.940,0,0,10,32,6,10,0
06-11 10:30:32,23.257,2.001,73.772,0,0,1345056,392756,195404,5929296,7353.221,1620.489,0,0,0,0,940,1146,1.960,1.690,0.950,1,0,9.003,0,0,10,32,6,9,0
06-11 10:30:33,22.001,4.000,74.252,0,0,1419172,318692,195404,5929300,8284.207,1694.042,0,112.003,0,2.000,952,1138,1.960,1.690,0.950,1,0,1.000,0,0,10,32,6,9,0
06-11 10:30:34,13.757,15.508,69.536,0,0,1341936,395824,195404,5929404,9434.831,1620.830,4.002,72.037,1.001,3.002,2623,4015,1.960,1.690,0.950,2,0,373.191,0,0,10,32,6,7,0
06-11 10:30:35,10.754,19.757,69.023,0,0,1339328,398400,195404,5929436,4071.380,1458.494,0,216.073,0,6.002,3090,4889,1.960,1.690,0.950,1,0,466.158,0,0,10,32,6,7,0
06-11 10:30:36,8.249,21.998,69.242,0.250,0,1345872,391808,195412,5929476,4796.463,1619.819,0,1071.880,0,23.997,3422,5531,1.890,1.680,0.950,2,0,521.942,0,0,10,32,6,5,0
06-11 10:30:37,9.500,22.249,68.748,0,0,1348940,388712,195412,5929504,8971.704,1767.942,0,1731.943,0,58.998,3479,5296,1.890,1.680,0.950,2,0,532.982,0,0,10,32,6,5,0
06-11 10:30:38,9.498,21.246,68.988,0,0,1348792,388836,195412,5929528,7619.667,1457.745,0,1259.780,0,16.997,3272,5154,1.890,1.680,0.950,1,0,514.910,0,0,10,32,6,4,0
06-11 10:30:39,9.499,18.747,70.491,0,0,1353168,384432,195412,5929556,11133.508,1619.783,0,451.939,0,6.999,2955,4490,1.890,1.680,0.950,1,0,412.945,0,0,10,32,6,4,0
06-11 10:30:40,8.503,20.257,69.523,0,0,1348816,388752,195412,5929588,7962.580,1620.525,0,232.075,0,8.003,3034,4615,1.890,1.680,0.950,3,0,429.139,0,0,10,32,6,4,0
06-11 10:30:41,9.001,21.502,69.256,0,0,1346128,391236,195412,5929792,8409.681,1458.118,176.014,276.022,5.000,14.001,2943,4539,1.740,1.650,0.940,2,0,434.035,0,0,10,32,6,4,0
06-11 10:30:42,10.479,17.465,69.858,0.249,0,1341936,393336,195412,5931884,9279.200,1616.725,2175.592,335.321,24.949,67.863,3076,4550,1.740,1.650,0.940,3,0,425.139,0,0,10,32,6,4,0
06-11 10:30:43,37.259,25.756,37.009,0.500,0,1426048,307512,195420,5933620,5852.393,1458.347,1536.366,892.212,42.010,48.011,4276,7904,1.740,1.650,0.940,5,0,867.206,0,0,10,32,6,8,0
06-11 10:30:44,76.389,21.539,1.503,0,0,1591748,132108,196512,5938784,7938.448,1622.954,757.378,989.801,23.042,39.071,8390,5165,1.740,1.650,0.940,4,0,443.808,0,0,10,32,6,10,0
06-11 10:30:45,63.747,13.249,16.249,6.000,0.250,1647968,144764,195920,5871304,7916.636,1693.922,399.982,41046.112,4.000,3059.859,14390,24387,1.740,1.650,0.940,3,1,136.994,0,0,10,38,6,12,0
06-11 10:30:46,56.753,15.751,19.751,7.750,0,1647048,133756,196816,5882228,4967.273,1694.093,0,99997.500,0,7272.400,25414,45820,2,1.710,0.960,8,0,165.009,0,0,10,36,6,12,0
06-11 10:30:47,58.947,13.238,18.483,8.742,0,1579972,208252,197124,5874848,7611.165,1510.643,71.935,69341.731,1.998,5171.356,18730,37867,2,1.710,0.960,4,0,133.880,0,0,10,36,6,14,0
06-11 10:30:48,45.196,13.234,26.968,13.734,0,1557672,222524,197284,5882740,7884.657,1606.097,0,62645.765,0,4938.148,15944,33946,2,1.710,0.960,2,0,257.695,0,0,10,34,6,13,0
06-11 10:30:49,35.077,8.268,44.347,13.028,0,1561024,212528,197600,5888992,9831.442,1623.541,0,57100.536,0,4490.794,22444,39519,2,1.710,0.960,2,0,30.066,0,0,10,35,6,15,0
06-11 10:30:50,36.748,10.749,40.997,12.249,0,1541440,228172,197876,5892668,8312.443,1661.889,0,57024.179,0,4250.715,16926,30254,2,1.710,0.960,4,1,80.995,0,0,10,34,6,15,0
06-11 10:30:51,39.013,6.502,43.014,12.004,0,1556736,211316,198224,5893836,4858.628,1620.543,0,48208.150,0,4161.394,18356,36266,2.080,1.730,0.970,12,0,39.013,0,0,10,35,6,19,0
06-11 10:30:52,35.244,9.998,41.743,11.248,0,1529280,237264,198420,5895140,8844.567,1693.726,0,43764.910,0,3836.379,17171,30490,2.080,1.730,0.970,2,1,103.983,0,0,10,34,6,18,0
06-11 10:30:53,37.236,5.998,43.983,11.246,0,1555744,210300,198524,5895536,9777.236,1585.390,0,46658.037,0,4072.432,19080,33884,2.080,1.730,0.970,6,0,30.988,0,0,10,35,6,18,0
06-11 10:30:54,40.013,9.253,42.764,8.003,0,1512840,250872,198564,5897828,6537.111,1566.506,0,49331.934,0,4148.340,20051,34804,2.080,1.730,0.970,2,0,72.023,0,0,10,34,6,19,0
06-11 10:30:55,37.529,7.756,42.783,10.258,0.250,1554048,206520,198688,5900848,8904.848,1621.247,0,48721.467,0,4316.319,20208,35092,2.080,1.730,0.970,7,1,60.046,0,0,10,37,6,19,0
06-11 10:30:56,35.244,7.499,45.742,10.748,0,1491568,264556,198820,5905120,8385.533,1619.717,0,49867.273,0,4233.259,20983,37038,2.150,1.750,0.990,2,1,111.980,0,0,10,36,6,20,0
06-11 10:30:57,37.444,7.489,40.440,11.483,0,1554772,197804,199056,5908428,10716.012,1455.828,0,58864.175,0,4846.769,20091,34695,2.150,1.750,0.990,2,1,95.857,0,0,10,36,6,20,0
06-11 10:30:58,35.276,9.757,43.282,13.010,0,1525344,224984,199160,5910596,6739.048,1621.214,0,43772.786,0,3901.923,18799,31389,2.150,1.750,0.990,4,0,85.064,0,0,10,36,6,20,0
06-11 10:30:59,38.006,8.251,43.506,10.251,0,1494628,261016,199208,5905204,6540.948,1620.235,0,38501.583,0,3712.538,18385,30923,2.150,1.750,0.990,5,0,68.010,0,0,10,36,6,21,0
06-11 10:31:00,40.494,6.999,41.993,9.998,0,1553768,200788,199288,5906208,7615.804,1457.771,0,50236.113,0,3932.383,16970,27383,2.150,1.750,0.990,2,0,45.993,0,0,10,34,6,23,0
06-11 10:31:01,26.690,12.721,58.368,0.998,0,1411668,342692,199296,5906396,6243.851,1783.958,0,5950.516,0,337.236,4000,7535,2.060,1.740,0.990,2,0,254.423,0,0,10,32,6,23,0
06-11 10:31:02,23.540,3.005,73.376,0,0,1456476,297864,199296,5906408,9786.765,1622.780,0,925.586,0,50.086,1889,3174,2.060,1.740,0.990,2,0,0,0,0,10,33,6,23,0
06-11 10:31:03,14.754,13.754,69.769,0.500,0,1386888,367396,199296,5906464,6246.730,1458.404,0,3588.994,0,210.058,3217,5129,2.060,1.740,0.990,1,0,208.058,0,0,10,32,5,23,0
06-11 10:31:04,9.000,21.000,68.749,0,0,1388076,366092,199296,5906580,8523.881,1619.977,0,79.999,0,5.000,2478,3206,2.060,1.740,0.990,1,0,301.996,0,0,10,32,5,23,0
06-11 10:31:05,31.732,20.738,45.974,0.250,0,1454352,299660,199300,5906728,10118.172,1457.161,3.998,819.528,0.999,62.964,3180,4732,2.060,1.740,0.990,3,0,366.789,0,0,10,32,5,29,0
06-11 10:31:06,67.675,8.241,24.473,0,0,1658724,126124,199352,5876296,7535.673,1618.212,0,331.634,0,7.991,1390,1337,2.140,1.760,1,3,0,2.997,0,0,10,32,5,29,0
06-11 10:31:07,59.395,8.020,28.319,3.759,0,1780460,130052,199472,5753588,7085.267,1623.958,2305.619,10850.443,129.315,836.037,5731,8574,2.140,1.760,1,3,1,48.117,0,0,10,38,5,29,0
06-11 10:31:08,31.735,8.246,45.228,15.992,0,1778288,134872,199596,5750932,10228.111,1619.226,0,82912.368,0,6564.862,28898,48487,2.140,1.760,1,0,1,233.888,0,0,10,38,5,29,0
06-11 10:31:09,27.496,8.499,42.743,17.497,0,1780500,123400,199760,5759724,10010.458,1619.751,0,88918.307,0,7364.866,31226,53318,2.140,1.760,1,6,1,206.968,0,0,10,38,5,29,0
06-11 10:31:10,43.249,11.750,32.499,12.750,0,1667192,242972,199852,5753460,9618.798,1619.966,0,77262.377,0,6184.870,24794,42245,2.140,1.760,1,2,2,236.995,0,0,10,36,5,29,0
06-11 10:31:11,47.491,10.498,27.995,14.247,0,1736332,166136,199876,5760892,6565.792,1693.688,0,84652.424,0,5994.897,24263,39384,2.280,1.800,1.010,2,1,99.982,0,0,10,36,5,29,0
06-11 10:31:12,42.008,6.501,33.256,16.503,0,1775412,127860,199908,5759860,7881.411,1532.274,0,82482.764,0,6130.097,24842,41562,2.280,1.800,1.010,6,0,5.001,0,0,10,38,5,29,0
06-11 10:31:13,29.263,9.754,43.770,16.257,0,1663912,235680,199944,5763380,7371.339,1620.734,0,73605.343,0,5909.677,24478,41760,2.280,1.800,1.010,2,0,166.075,0,0,10,36,5,29,0
06-11 10:31:14,35.681,8.234,50.403,4.741,0,1399860,498236,199952,5764836,4818.681,1690.730,0,32381.374,0,2514.138,9888,17290,2.280,1.800,1.010,3,0,132.743,0,0,10,32,5,29,0
06-11 10:31:15,19.247,16.748,64.242,0.500,0,1413628,484436,199952,5764860,4422.416,1457.808,0,4343.427,0,142.981,2738,9181,2.280,1.800,1.010,2,0,188.975,0,0,10,32,5,30,0
06-11 10:31:16,24.263,3.252,72.538,0.250,0,1481164,416900,199952,5764860,9108.727,1662.863,0,5278.740,0,323.168,1590,2427,2.180,1.780,1.010,1,0,1.001,0,0,10,32,5,30,0
06-11 10:31:17,24.255,1.500,73.015,0,0,1513892,384168,199952,5764864,9032.879,1458.303,0,180.037,0,17.004,1313,1795,2.180,1.780,1.010,1,0,2.000,0,0,10,34,5,29,0
06-11 10:31:18,20.484,4.746,73.444,0,0,1466328,431728,199952,5764868,9664.578,1692.700,0,0,0,0,1114,1364,2.180,1.780,1.010,2,0,27.979,0,0,10,32,5,29,0
06-11 10:31:19,23.525,2.753,73.078,0.250,0,1516224,381832,199952,5764868,7868.388,1847.970,0,376.401,0,30.032,1373,1877,2.180,1.780,1.010,2,0,2.002,0,0,10,34,6,29,0
06-11 10:31:20,16.004,22.506,61.017,0.250,0,1406388,491524,199956,5765008,7732.157,1532.428,116.032,904.252,10.003,40.011,2968,4592,2.180,1.780,1.010,2,0,482.135,0,0,10,32,6,29,0
06-11 10:31:21,15.253,39.008,45.509,0,0,1416396,481436,199964,5765080,9819.974,1620.326,12.002,340.068,3.001,30.006,4788,8236,2.090,1.770,1.010,2,0,1036.208,0,0,10,32,6,29,0
06-11 10:31:22,11.747,27.994,59.236,0,0,1411564,486200,199964,5765116,6582.499,1693.614,0,135.969,0,16.996,3346,5320,2.090,1.770,1.010,1,0,598.863,0,0,10,32,6,29,0
06-11 10:31:23,1.749,2.499,95.221,0,0,1409624,488140,199964,5765116,7672.644,1499.540,19.994,7.998,1.000,1.999,885,1343,2.090,1.770,1.010,2,0,14.995,0,0,9,12,6,29,20
06-11 10:31:24,9.490,18.731,69.929,0.250,0,1408504,488568,199968,5765792,9650.176,1660.310,623.365,0,15.984,0,2647,3664,2.090,1.770,1.010,1,0,268.726,0,0,11,12,6,29,20
06-11 10:31:25,9.758,20.767,69.056,0,0,1406060,490856,199968,5765948,5602.521,1621.308,0,28.023,0,7.006,2348,3403,2.090,1.770,1.010,2,0,266.215,0,0,11,12,6,29,20
06-11 10:31:26,20.768,17.265,59.300,0.250,0,1420220,476036,200012,5766500,8806.468,1607.363,532.452,1333.130,48.041,232.197,4854,10573,2,1.760,1.010,3,0,190.161,0,0,11,12,6,29,20
06-11 10:31:27,16.996,20.745,62.235,0,0,1447692,447980,200012,5767112,8205.965,1693.580,43.989,335.917,2.000,5.999,2702,4021,2,1.760,1.010,2,0,319.921,0,0,13,12,6,29,20
06-11 10:31:28,12.476,19.214,66.374,0,0,1453624,442004,200012,5767480,8308.231,1616.931,0,19.962,0,4.991,3108,5626,2,1.760,1.010,2,0,210.600,0,0,13,12,6,29,20
06-11 10:31:29,24.795,19.035,55.852,0,0,1489952,405424,200012,5767388,7361.405,1622.955,4.007,260.474,1.002,12.022,3857,7409,2,1.760,1.010,3,0,245.447,0,0,15,12,6,29,20
06-11 10:31:30,11.491,18.486,68.948,0.250,0,1490420,404800,200012,5767544,6268.249,1618.773,0,327.752,0,22.983,2582,3786,2,1.760,1.010,1,0,249.811,0,0,15,12,6,29,20
06-11 10:31:31,14.015,17.269,67.074,0,0,1495920,399232,200012,5767904,8634.524,1621.789,0,652.720,0,11.012,3542,7067,1.920,1.740,1.010,1,0,173.191,0,0,15,12,6,29,20
06-11 10:31:32,40.500,16.750,41.750,0,0,1623184,271856,200016,5767672,8571.034,1458.006,4.000,0,1.000,0,2594,5934,1.920,1.740,1.010,14,0,127.001,0,0,17,12,6,29,20
06-11 10:31:33,83.244,16.999,0,0,0,1959324,129012,200020,5578248,6526.524,1619.882,0,5903.569,0,323.976,2508,3041,1.920,1.740,1.010,14,0,40.997,0,0,17,12,6,29,20
06-11 10:31:34,29.489,14.745,53.731,0,0,1934016,184448,200020,5548748,10176.326,1693.389,0,7.997,0,1.999,2493,4024,1.920,1.740,1.010,2,0,202.927,0,0,17,12,6,29,20
06-11 10:31:35,10.742,19.235,68.198,0,0,1940944,177468,200020,5548776,8478.489,1530.824,0,19.985,0,4.996,2625,3774,1.920,1.740,1.010,1,0,237.817,0,0,17,12,6,29,20
06-11 10:31:36,17.761,16.761,64.792,0,0,1946048,172180,200020,5549252,8544.503,1621.044,0,512.330,0,6.004,3944,9073,1.850,1.730,1.010,1,0,197.127,0,0,17,12,6,29,20
06-11 10:31:37,26.517,10.256,62.539,0.250,0,1997708,119128,200020,5550220,7917.965,1621.016,1000.627,0,15.009,0,2274,3838,1.850,1.730,1.010,1,0,142.089,0,0,18,12,6,29,20
06-11 10:31:38,7.983,8.482,82.823,0,0,2000260,120596,200020,5546316,7630.648,1454.882,0,0,0,0,1740,2733,1.850,1.730,1.010,2,0,90.805,0,0,18,12,6,30,20
06-11 10:31:39,23.285,4.006,71.358,0.250,0,2050472,138020,200020,5480068,8025.110,1622.448,0,272.411,0,22.033,1742,3147,1.850,1.730,1.010,1,0,0,0,0,18,13,6,30,10
06-11 10:31:40,23.011,7.504,69.534,0.250,0,1997264,190520,200024,5480748,8134.929,1620.783,388.187,652.315,10.005,56.027,2851,4894,1.850,1.730,1.010,4,0,74.036,0,0,18,18,6,35,0
06-11 10:31:41,10.488,19.978,67.674,0,0,2004236,183472,200024,5480808,8328.705,1456.375,0,99.889,0,6.992,2917,4277,1.860,1.730,1.020,2,0,319.643,0,0,18,18,6,35,0
06-11 10:31:42,8.749,20.748,69.742,0,0,2012768,174912,200024,5480836,7984.122,1693.814,0,283.969,0,3.000,2781,4084,1.860,1.730,1.020,2,0,253.972,0,0,18,18,6,36,0
06-11 10:31:43,11.254,20.257,67.525,0,0,2010312,177312,200024,5480892,6066.208,1620.590,0,28.010,0,7.003,2672,4034,1.860,1.730,1.020,1,0,241.088,0,0,18,18,6,33,0
06-11 10:31:44,14.495,16.744,66.478,0,0,2012604,174928,200024,5481264,9580.800,1457.513,0,19.993,0,4.998,2978,6469,1.860,1.730,1.020,1,0,220.926,0,0,18,18,6,33,0
06-11 10:31:45,35.478,14.241,48.969,0,0,2075572,125096,200032,5468288,9577.947,1618.977,327.793,19.987,2.998,3.997,2918,6995,1.860,1.730,1.020,3,0,164.896,0,0,18,19,6,33,0
06-11 10:31:46,45.488,6.248,46.737,0.500,0,2192904,129716,200024,5348900,5058.619,1619.558,0,4814.686,0,333.909,2204,2213,1.870,1.740,1.020,3,0,0,0,0,18,19,6,28,0
06-11 10:31:47,47.007,6.251,46.507,0,0,2264088,124332,200040,5284236,9712.535,1620.256,92.015,728.115,1.000,31.005,2199,3192,1.870,1.740,1.020,4,0,9.001,0,0,18,35,6,28,0
06-11 10:31:48,19.542,17.538,60.632,0.251,0,2275564,126064,200044,5271340,6795.767,1665.619,0,184.401,0,12.026,6143,16738,1.870,1.740,1.020,3,0,251.547,0,0,18,34,6,27,0
06-11 10:31:49,18.458,17.211,63.606,0,0,2274796,127436,200044,5270732,9009.557,1616.333,215.511,466.941,9.977,18.957,3701,10087,1.870,1.740,1.020,0,0,186.577,0,0,18,34,6,27,0
06-11 10:31:50,1.751,0.250,96.034,0,0,2274668,127436,200044,5270860,4697.686,1628.585,0,76.027,0,9.003,1051,1854,1.870,1.740,1.020,0,0,3.001,0,0,18,34,6,25,0
06-11 10:31:51,2.499,0.250,96.706,0,0,2274668,127436,200044,5270860,8239.268,1565.291,0,0,0,0,986,1743,1.720,1.710,1.020,0,0,1.000,0,0,18,34,6,25,0
06-11 10:31:52,1.750,1.250,95.481,0,0,2274668,127436,200044,5270860,8491.353,1693.671,0,3.999,0,1.000,1095,1799,1.720,1.710,1.020,0,0,2.999,0,0,18,34,6,20,0
06-11 10:31:53,2.250,0.250,96.261,0,0,2274668,127436,200044,5270860,7325.864,1694.200,0,4.000,0,1.000,974,1742,1.720,1.710,1.020,0,0,2.000,0,0,18,34,6,20,0
06-11 10:31:54,16.289,15.787,68.162,0.752,0,2278428,130792,200044,5264180,5876.958,1623.857,24.057,7301.341,2.005,401.955,4383,8898,1.720,1.710,1.020,13,1,219.521,0,0,18,34,6,19,0
06-11 10:31:55,12.738,14.986,69.934,0.250,0,2279512,136240,200044,5257580,8649.860,1692.407,287.729,511.519,18.982,55.947,3443,5586,1.720,1.710,1.020,1,0,230.783,0,0,19,34,6,19,0
06-11 10:31:56,14.262,19.766,65.052,0,0,2291880,123560,200052,5258188,10782.702,1751.413,164.132,4.003,26.021,1.001,4078,6889,1.660,1.700,1.020,1,0,232.187,0,0,19,34,6,19,0
06-11 10:31:57,14.218,14.467,69.593,0,0,2284220,131216,200052,5257824,8601.578,1616.350,0,247.441,0,10.975,4269,8111,1.660,1.700,1.020,1,0,186.579,0,0,19,34,6,19,0
06-11 10:31:58,5.504,8.506,85.061,0,0,2288188,127232,200052,5257840,6502.636,1641.170,0,0,0,0,1740,2819,1.660,1.700,1.020,1,0,99.071,0,0,21,34,6,18,0
06-11 10:31:59,17.228,14.731,66.665,0,0,2293600,121808,200052,5257848,8515.084,1765.736,0,0,0,0,5381,8840,1.660,1.700,1.020,2,0,147.811,0,0,21,34,6,18,0
06-11 10:32:00,10.013,19.776,68.839,0,0,2293180,122116,200052,5257880,7204.344,1622.104,0,52.068,0,13.017,2897,4449,1.660,1.700,1.020,1,0,285.370,0,0,21,36,6,17,0
06-11 10:32:01,9.515,21.283,68.107,0,0,2293000,122208,200052,5257968,6503.177,1724.699,68.107,24.038,1.002,6.009,2771,4305,1.610,1.690,1.020,1,0,259.406,0,0,21,36,6,17,0
06-11 10:32:02,17.221,16.473,63.893,0,0,2287048,129036,200040,5257084,5994.994,1563.391,0,159.733,0,8.985,4758,9517,1.610,1.690,1.020,1,0,164.725,0,0,21,36,6,15,0
06-11 10:32:03,31.538,22.527,45.555,0,0,2338904,133828,200048,5201744,8206.881,1621.953,4.005,120.145,1.001,5.006,3201,5632,1.610,1.690,1.020,3,0,394.475,0,0,21,36,6,15,0
06-11 10:32:04,32.771,23.765,43.528,0.250,0,2397716,126468,200068,5151360,7053.486,1512.962,36.023,6320.020,3.002,444.283,4611,12312,1.610,1.690,1.020,3,0,476.303,0,0,21,40,6,17,0
06-11 10:32:05,30.985,24.988,43.729,0,0,2457612,140456,200068,5079300,8870.778,1639.220,3.998,35.983,1.000,8.996,3432,5930,1.610,1.690,1.020,3,0,409.805,0,0,21,40,6,17,0
06-11 10:32:06,27.506,18.254,52.762,0,0,2505180,124188,200068,5048332,8676.004,1710.395,0,16.004,0,4.001,4390,8951,1.560,1.670,1.010,3,0,195.045,0,0,21,40,6,11,0
06-11 10:32:07,48.505,24.002,27.253,0,0,2632452,134604,200068,4911252,9847.965,1586.155,8.001,628.062,2.000,7.001,3793,7256,1.560,1.670,1.010,5,0,602.059,0,0,21,40,6,11,0
06-11 10:32:08,58.759,22.003,18.253,0,0,2726916,123604,200068,4827756,6694.971,1566.227,0,148.021,0,14.002,4210,13291,1.560,1.670,1.010,5,0,282.041,0,0,21,40,6,11,0
06-11 10:32:09,71.759,23.753,2.750,0.250,0,2910004,131176,200300,4640076,6499.819,1620.204,164.021,1056.133,41.005,96.012,3456,8399,1.560,1.670,1.010,8,0,559.070,0,0,21,44,6,11,0
06-11 10:32:10,62.915,22.969,9.238,3.995,0,3014504,135772,200312,4531772,8182.928,1605.827,23.968,34868.822,2.996,2722.317,13252,29032,1.560,1.670,1.010,8,0,229.689,0,0,21,44,6,11,0
06-11 10:32:11,70.083,22.026,5.006,1.752,0,3127368,133132,200364,4422976,9143.799,1513.788,4.005,17780.999,1.001,1674.978,10131,25130,1.760,1.710,1.030,4,0,407.481,0,0,21,46,6,11,0
06-11 10:32:12,73.499,19.500,5.000,0.250,0,3212804,129504,200364,4342764,5344.925,1619.977,63.999,8575.880,6.000,504.993,9862,20233,1.760,1.710,1.030,6,0,339.995,0,0,21,57,6,18,0
06-11 10:32:13,58.147,24.956,16.221,0.250,0,3332956,124236,200364,4230252,9305.594,1583.209,23.958,4088.791,5.989,327.423,5015,10910,1.760,1.710,1.030,5,0,535.057,0,0,21,63,6,21,0
06-11 10:32:14,44.794,19.519,34.534,0,0,3422048,136428,200364,4130936,9416.322,1567.552,16.016,668.662,2.002,38.038,7122,13021,1.760,1.710,1.030,2,0,243.241,0,0,21,65,6,21,0
06-11 10:32:15,65.792,15.260,17.261,0.750,0.250,3585892,146620,200364,3959340,8404.370,1621.036,1352.864,13980.934,101.065,909.581,6932,14591,1.760,1.710,1.030,2,0,161.103,0,0,21,68,6,25,0
06-11 10:32:16,21.980,14.237,62.193,0,0,3617528,127624,200368,3946620,6812.780,1782.373,243.777,863.212,17.984,48.955,3271,5378,1.620,1.680,1.020,1,0,207.810,0,0,21,71,6,24,0
06-11 10:32:17,10.249,17.998,70.241,0,0,3619952,134464,200364,3937464,5155.371,1619.802,0,207.975,0,15.998,2850,4429,1.620,1.680,1.020,1,0,248.970,0,0,21,71,6,24,0
06-11 10:32:18,9.755,18.509,70.034,0.500,0,3632740,121652,200364,3937488,10281.966,1620.783,0,452.218,0,31.015,2877,4264,1.620,1.680,1.020,1,0,259.125,0,0,21,71,6,24,0
06-11 10:32:19,10.998,17.997,70.490,0,0,3629580,143912,200352,3918588,7533.930,1619.770,0,35.995,0,3.999,2926,4438,1.620,1.680,1.020,1,0,292.958,0,0,21,71,6,24,0
06-11 10:32:20,11.249,16.999,69.494,0,0,3632912,140540,200352,3918628,6290.484,1511.876,4.000,7.999,1.000,2.000,2775,4269,1.620,1.680,1.020,1,0,261.979,0,0,21,71,6,24,0
06-11 10:32:21,12.498,18.747,66.989,0,0,3634720,138584,200352,3919144,7862.726,1565.746,0,375.939,0,12.998,3463,5884,1.650,1.690,1.030,5,0,245.960,0,0,21,73,6,24,0
06-11 10:32:22,27.031,17.770,54.062,0.250,0,3654724,131980,200352,3905428,5881.782,1695.955,1041.201,0,13.015,0,4047,8380,1.650,1.690,1.030,2,0,261.301,0,0,21,73,6,24,0
06-11 10:32:23,30.748,23.499,43.747,0.500,0,3716956,128696,200336,3846656,7401.563,1531.910,123.993,3279.806,13.999,389.977,3908,5800,1.650,1.690,1.030,2,0,417.975,0,0,21,77,6,24,0
06-11 10:32:24,27.942,25.198,44.408,0.499,0,3797644,126840,200344,3768484,7847.810,1616.665,87.819,1185.554,8.981,79.835,7563,15213,1.650,1.690,1.030,2,0,213.559,0,0,21,89,6,25,0
06-11 10:32:25,55.112,21.043,22.295,0.251,0,3931900,124828,200304,3638280,5268.664,1623.286,392.795,6649.459,24.049,703.424,5466,7670,1.650,1.690,1.030,5,0,601.217,0,0,23,97,6,25,0
06-11 10:32:26,58.999,19.750,19.250,0.250,0,4035456,139584,200224,3523004,8708.904,1457.984,335.996,2219.976,14.000,384.996,6083,12293,4.080,2.190,1.200,4,0,292.997,0,0,23,117,6,25,0
06-11 10:32:27,47.208,21.231,30.723,0,0,4097804,130440,200196,3469840,8160.704,1708.473,15.986,435.611,0.999,19.982,6116,14025,4.080,2.190,1.200,3,0,488.563,0,0,23,117,6,25,0
06-11 10:32:28,23.514,20.012,55.782,0,0,4135580,124332,200184,3438396,10106.842,1620.937,0,324.187,0,25.014,3684,5942,4.080,2.190,1.200,1,0,432.250,0,0,24,117,6,25,0
06-11 10:32:29,16.962,18.210,62.361,0.249,0,4143228,133352,200176,3422224,9662.530,1528.603,0,7207.984,0,598.670,6399,10200,4.080,2.190,1.200,1,0,212.528,0,0,24,117,6,25,0
06-11 10:32:30,29.067,21.549,49.363,0,0,4195456,129760,200152,3373572,8385.227,1623.723,0,232.533,0,9.021,3665,6114,4.080,2.190,1.200,2,0,379.871,0,0,24,117,6,25,0
06-11 10:32:31,37.995,21.997,39.495,0.250,0,4272400,131104,200108,3297456,9657.812,1619.801,4.000,399.951,1.000,26.997,6153,13159,3.910,2.190,1.200,5,0,311.962,0,0,24,127,6,25,0
06-11 10:32:32,31.487,22.991,43.482,0,0,4333760,135708,200056,3232760,4792.045,1457.405,7.997,267.891,1.999,21.991,5660,10738,3.910,2.190,1.200,5,0,351.856,0,0,24,129,6,25,0
06-11 10:32:33,32.013,23.760,42.517,0.500,0,4413132,135020,199992,3156196,5858.402,1620.664,44.018,5698.336,2.001,532.218,5605,9188,3.910,2.190,1.200,6,0,632.259,0,0,24,133,5,25,0
06-11 10:32:34,18.503,22.503,55.758,0.500,0,4445296,163728,199932,3097272,8705.323,1620.246,180.027,4840.736,25.004,390.059,5981,11075,3.910,2.190,1.200,1,0,374.057,0,0,24,141,5,25,0
06-11 10:32:35,16.155,21.126,61.639,0,0,4463072,145676,199932,3097916,9548.020,1610.557,250.531,345.972,24.854,31.813,5222,9254,3.910,2.190,1.200,2,0,272.403,0,0,24,149,5,25,0
06-11 10:32:36,31.184,16.346,51.303,0.251,0,4518484,122916,199900,3065908,9241.497,1629.610,60.356,2526.901,6.036,351.070,6495,11935,3.760,2.190,1.210,2,0,162.961,0,0,24,149,5,26,0
06-11 10:32:37,46.377,7.231,44.881,0,0.249,4634716,130336,199760,2946488,8301.035,1454.152,267.293,558.522,14.960,84.776,2259,2947,3.760,2.190,1.210,2,0,0.997,0,0,24,149,5,26,0
06-11 10:32:38,38.041,4.755,56.060,0.501,0,4699596,127684,199680,2886952,8577.152,1621.730,568.607,548.585,39.042,68.073,2406,3294,3.760,2.190,1.210,1,0,5.005,0,0,24,154,5,26,0
06-11 10:32:39,39.592,21.800,37.838,0.251,0,4661380,164472,199680,2888348,7778.014,1623.761,336.780,874.024,8.019,71.165,6399,14967,3.760,2.190,1.210,4,0,537.244,0,0,24,157,5,25,0
06-11 10:32:40,37.650,22.440,36.652,1.496,0,4686116,141264,199668,2887996,4493.017,1615.691,19009.302,682.181,265.292,35.904,6195,13170,3.760,2.190,1.210,2,0,409.907,0,0,24,170,5,25,0
06-11 10:32:41,61.577,20.276,14.769,3.504,0,4726116,136536,199652,2853420,9183.553,1533.930,53747.614,508.640,554.698,24.030,5872,11350,3.780,2.220,1.220,10,0,210.265,0,0,24,176,5,20,0
06-11 10:32:42,76.042,15.509,4.753,3.002,0,4866868,137920,198812,2717816,7546.165,1736.959,35947.843,12254.765,466.257,618.341,5165,8858,3.780,2.220,1.220,5,0,41.023,0,0,24,191,5,21,0
06-11 10:32:43,69.739,15.747,4.249,7.999,0.250,4881256,151172,197400,2693500,6250.994,1619.739,58886.519,4199.324,991.840,305.951,6715,16425,3.780,2.220,1.220,2,1,61.990,0,0,24,191,5,26,0
06-11 10:32:44,42.259,26.006,26.506,4.001,0,4924300,133536,196864,2669408,8584.923,1532.343,48634.894,10314.310,497.111,591.132,7678,13716,3.780,2.220,1.220,3,0,511.114,0,0,24,192,5,26,0
06-11 10:32:45,48.547,23.273,25.525,2.252,0,4922660,134252,196680,2670740,6458.258,1621.571,29660.741,4548.407,306.297,296.287,7605,12668,3.780,2.220,1.220,4,0,265.257,0,0,24,191,5,26,0
06-11 10:32:46,60.189,27.971,8.491,2.997,0,4976132,150364,195396,2607064,8583.254,1618.351,53593.388,2349.606,539.450,163.833,5610,14191,3.790,2.250,1.240,9,0,518.472,0,0,24,193,5,27,0
06-11 10:32:47,61.252,23.001,14.250,0.500,0,5014788,133916,194956,2585768,7911.222,1500.042,1404.039,12440.348,72.002,636.018,9062,45894,3.790,2.250,1.240,4,0,162.005,0,0,24,201,5,29,0
06-11 10:32:48,50.792,24.020,23.269,1.001,0,5049232,152692,194588,2533724,4965.066,1737.423,152.125,6084.984,6.005,658.539,6103,10007,3.790,2.250,1.240,3,0,488.400,0,0,24,201,5,29,0
06-11 10:32:49,59.702,20.983,18.485,0.250,0,5120040,124684,194504,2491424,8099.496,1456.830,343.724,2286.164,20.983,312.749,11068,21801,3.790,2.250,1.240,4,0,249.799,0,0,24,209,5,31,0
06-11 10:32:50,64.490,14.498,19.997,0.250,0,5226812,128248,193288,2384816,8351.764,1619.760,259.962,6167.087,21.997,600.911,3856,8367,3.790,2.250,1.240,3,1,132.980,0,0,24,207,5,31,0
06-11 10:32:51,67.755,8.751,22.502,0.250,0,5264776,174680,191760,2303244,7997.600,3421.257,952.071,668.050,63.005,43.003,5498,12189,3.810,2.280,1.250,3,0,6.000,0,0,24,215,5,36,0
06-11 10:32:52,51.745,12.249,33.997,0,0,5288376,166040,191400,2288828,54700.749,16588.408,111.989,699.933,6.999,71.993,4624,8298,3.810,2.280,1.250,3,0,175.983,0,0,24,222,5,36,0
06-11 10:32:53,40.257,22.504,36.257,0.750,0,5270772,183236,191404,2289220,4560.830,1620.295,304.055,1500.273,19.003,186.034,5816,12610,3.810,2.280,1.250,5,0,426.078,0,0,24,226,5,36,0
06-11 10:32:54,39.924,17.467,40.672,0.250,0,5315572,138124,191404,2289508,8909.964,1616.908,55.893,694.672,3.992,48.906,6022,14424,3.810,2.280,1.250,2,0,213.592,0,0,24,229,5,36,0
06-11 10:32:55,62.608,15.590,19.302,0.247,0,5376168,124344,190412,2245004,6985.420,1603.568,320.714,653.306,32.665,45.533,3261,5519,3.810,2.280,1.250,3,0,162.337,0,0,25,230,5,36,0
06-11 10:32:56,69.504,6.824,24.011,1.011,0,5430024,176640,189852,2142324,5581.566,1712.583,1924.887,1108.023,137.492,52.570,3641,6807,3.750,2.290,1.260,3,0,7.077,0,0,25,230,5,36,0
06-11 10:32:57,40.936,12.481,44.181,0.250,0,5494956,138956,189232,2116292,14792.982,3255.934,143.776,786.776,15.975,69.891,5530,12136,3.750,2.290,1.260,2,0,213.668,0,0,25,232,5,37,0
06-11 10:32:58,30.328,4.512,65.920,0.251,0,5469936,155656,189232,2124612,8722485.232,54887.170,8.021,593.527,2.005,54.139,5236,5944,3.750,2.290,1.260,2,0,6.015,0,0,25,232,5,37,0
06-11 10:32:59,31.444,4.492,62.388,0.749,0,5498940,135504,188744,2116720,12525837.277,51028.710,0,10329.520,0,912.368,7384,5978,3.750,2.290,1.260,4,0,0.998,0,0,25,236,5,37,0
06-11 10:33:00,16.768,13.765,68.823,0.501,0,5451692,179944,188748,2119524,741629.903,3381.574,2074.192,508.538,24.025,41.043,3486,5539,3.750,2.290,1.260,1,0,218.231,0,0,25,233,5,38,0
06-11 10:33:01,20.515,7.756,69.301,0.250,0,5502700,150992,188400,2098260,6432.702,1553.135,0,22296.299,0,192.140,2498,3543,3.530,2.270,1.260,1,0,77.056,0,0,25,235,5,38,0
06-11 10:33:02,27.698,3.244,66.624,0.749,0,5518880,134924,188400,2098300,8207.471,1700.782,15.970,1820.556,3.992,136.741,3568,6393,3.530,2.270,1.260,2,0,4.991,0,0,25,250,5,39,0
06-11 10:33:03,25.734,3.998,67.709,0.500,0.250,5524860,136832,188184,2090804,7895.200,1692.971,439.733,491.701,24.985,54.967,3995,7871,3.530,2.270,1.260,2,0,1.999,0,0,25,254,5,40,0
06-11 10:33:04,29.803,4.258,64.114,1.002,0,5520456,157724,187856,2075140,4955.802,1460.594,0,2893.138,0,204.363,4815,9304,3.530,2.270,1.260,1,0,3.005,0,0,25,258,5,41,0
06-11 10:33:05,27.015,11.256,61.284,1.251,0,5470636,208056,187636,2076164,9248.105,1620.895,100.055,24493.520,10.006,439.242,6262,10619,3.530,2.270,1.260,2,0,55.030,0,0,25,255,5,48,0
06-11 10:33:06,20.216,11.980,66.140,0.250,0,5506624,171732,187664,2076520,8225.354,1617.317,199.669,674.880,22.962,50.916,2885,4451,3.400,2.260,1.260,1,0,173.712,0,0,25,257,5,49,0
06-11 10:33:07,18.235,6.744,67.693,5.995,0,5515904,137692,188144,2101692,10951.746,1456.769,4452.238,48311.177,687.419,490.585,3648,4928,3.400,2.260,1.260,1,0,0,0,0,25,257,5,49,0
06-11 10:33:08,23.024,3.754,70.074,2.252,0,5511140,138260,188432,2105588,7737.163,1621.711,1869.973,764.807,327.345,19.020,2563,3674,3.400,2.260,1.260,1,0,9.010,0,0,25,257,5,49,0
06-11 10:33:09,24.524,6.506,65.565,1.501,0,5520348,141664,188132,2093808,9997.878,1621.602,688.680,7395.307,145.143,151.149,15305,29321,3.400,2.260,1.260,1,0,6.006,0,0,25,257,5,50,0
06-11 10:33:10,22.998,6.499,70.495,0.250,0,5533756,160772,187488,2063844,8539.342,1457.888,0,875.933,0,68.995,6310,7858,3.400,2.260,1.260,1,0,3.000,0,0,25,257,5,51,0
06-11 10:33:11,22.476,6.743,70.176,0,0,5527580,166948,187488,2063844,7131.441,1618.285,0,0,0,0,1756,2801,3.210,2.240,1.260,1,0,0,0,0,25,257,5,51,0
06-11 10:33:12,24.510,10.254,62.775,1.000,0,5449596,242976,187632,2065652,6920.775,1694.680,1320.530,544.218,139.056,47.019,3028,4691,3.210,2.240,1.260,6,0,65.026,0,0,25,257,5,52,0
06-11 10:33:13,21.494,14.246,64.231,0,0,5493132,199368,187636,2065724,8087.558,1619.511,35.989,339.897,2.999,21.993,3346,5718,3.210,2.240,1.260,2,0,388.883,0,0,25,257,5,52,0
06-11 10:33:14,21.272,6.757,70.323,0.501,0,5473064,219364,187644,2065788,7557.822,1459.511,36.037,288.298,2.002,27.028,2598,3915,3.210,2.240,1.260,1,0,93.096,0,0,25,257,5,42,0
06-11 10:33:15,11.425,18.131,67.310,0.248,0,5488828,203548,187644,2065840,7721.509,1609.476,19.870,325.869,1.987,30.799,3480,5579,3.210,2.240,1.260,4,0,270.233,0,0,25,261,5,42,2
06-11 10:33:16,12.556,20.340,66.043,0,0,5491248,201068,187644,2065900,7626.810,1627.213,24.107,136.606,2.009,9.040,3781,8568,3.110,2.240,1.270,1,0,342.518,0,0,25,261,5,39,2
06-11 10:33:17,6.993,0.999,90.912,0,0,5490936,201376,187644,2065904,9214.072,1618.432,0,35.965,0,3.996,1666,2643,3.110,2.240,1.270,1,0,8.991,0,0,25,261,5,39,2
06-11 10:33:18,26.001,3.500,70.251,0,0,5547916,144284,187644,2066016,6332.127,1620.032,0,40.001,0,4.000,2176,3458,3.110,2.240,1.270,1,0,0,0,0,25,261,5,39,2
06-11 10:33:19,20.283,10.267,68.112,0.250,0,5490032,202064,187668,2066096,4349.176,1460.410,72.119,312.516,6.010,33.055,3719,6025,3.110,2.240,1.270,1,0,112.185,0,0,25,265,5,39,2
06-11 10:33:20,11.015,17.523,68.841,0,0,5491240,200440,187676,2066504,4578.066,1622.149,260.345,160.212,21.028,9.012,2993,4835,3.110,2.240,1.270,1,0,159.211,0,0,25,265,5,39,2
06-11 10:33:21,11.994,16.491,69.714,0,0,5490792,200740,187680,2066648,8154.735,1619.153,0,79.958,0,5.997,3185,5101,2.940,2.220,1.270,1,0,188.901,0,0,25,265,5,39,2
06-11 10:33:22,13.004,16.755,68.272,0,0,5490568,200688,187692,2066912,7689.468,1532.492,104.033,368.118,5.002,22.007,3284,5264,2.940,2.220,1.270,1,0,213.068,0,0,25,265,5,39,2
06-11 10:33:23,26.271,5.004,68.554,0.751,0,5558584,142168,187436,2057824,9475.467,1695.336,0,4271.366,0,497.392,2660,3175,2.940,2.220,1.270,1,0,4.003,0,0,25,267,5,39,0
06-11 10:33:24,24.001,4.500,69.502,0.250,0,5609700,142156,185780,2011568,6422.161,1620.041,192.005,588.015,8.000,77.002,2637,3434,2.940,2.220,1.270,2,0,4.000,0,0,25,271,5,38,0
06-11 10:33:25,26.182,3.242,69.319,0,0,5529372,222420,185788,2011624,8392.122,1528.016,39.896,307.199,5.984,23.938,2644,3116,2.940,2.220,1.270,1,0,5.984,0,0,25,269,5,38,0
06-11 10:33:26,25.491,3.249,70.226,0.250,0,5581392,170400,185788,2011624,7832.353,1619.453,0,143.951,0,9.997,1677,2475,2.790,2.200,1.260,1,0,1.000,0,0,25,269,5,38,0
06-11 10:33:27,25.753,3.750,68.258,0,0,5598828,152816,185788,2011772,5143.638,1620.201,0,516.064,0,37.005,3600,6241,2.790,2.200,1.260,1,0,4.000,0,0,25,275,5,38,0
06-11 10:33:28,26.064,4.260,70.171,0,0,5533244,218284,185908,2011784,8491.703,1605.915,120.293,268.655,5.012,21.051,2081,3036,2.790,2.200,1.260,1,0,16.039,0,0,25,269,5,38,0
06-11 10:33:29,23.937,5.486,69.568,0.499,0,5474416,276984,185912,2011916,6705.459,1763.387,0,271.290,0,30.919,2306,3603,2.790,2.200,1.260,2,0,51.864,0,0,25,271,5,38,0
06-11 10:33:30,8.776,18.053,69.957,0.251,0,5487972,262156,186040,2013060,5600.566,1624.806,1512.474,393.163,27.080,13.039,3101,4895,2.790,2.200,1.260,1,0,249.739,0,0,25,271,5,38,0
06-11 10:33:31,13.748,15.498,69.242,0,0,5504432,245536,186040,2013220,9545.921,1531.827,75.991,163.981,7.999,12.999,3072,5023,2.640,2.180,1.260,1,0,249.972,0,0,25,271,5,38,0
06-11 10:33:32,24.955,3.494,71.372,0.250,0,5551220,197684,186612,2013712,8491.774,1617.101,1014.182,179.678,62.887,4.991,1908,2903,2.640,2.180,1.260,3,0,4.991,0,0,25,271,5,38,0
06-11 10:33:33,21.522,2.252,75.077,0.250,0,5575724,171760,186632,2015112,14007.386,3710.811,264.271,164.169,55.057,6.006,1947,2902,2.640,2.180,1.260,0,1,3.003,0,0,25,274,5,38,0
06-11 10:33:34,27.504,6.251,65.260,0.250,0,5564380,174204,187200,2023444,8544.282,1794.269,2496.374,1536.230,33.005,55.008,2423,3962,2.640,2.180,1.260,1,0,27.004,0,0,25,275,5,38,0
06-11 10:33:35,23.020,3.753,73.314,0.250,0,5589204,148000,187216,2024808,13140.537,4679.108,24.021,212.186,5.004,12.011,2097,3319,2.640,2.180,1.260,2,0,3.003,0,0,25,276,5,38,0
06-11 10:33:36,27.456,7.238,63.648,0.749,0,5561472,167772,187816,2032168,8966.653,1791.134,3274.760,842.652,35.942,15.974,10662,20652,2.430,2.140,1.260,1,0,13.978,0,0,25,275,5,38,0
06-11 10:33:37,21.242,4.248,74.972,0.250,0,5546264,182248,187868,2032848,15197.423,4529.338,215.921,667.755,11.996,18.993,1969,3062,2.430,2.140,1.260,1,0,3.999,0,0,25,276,5,38,0
06-11 10:33:38,25.496,6.499,66.990,0,0,5549460,178720,187924,2033124,8413.738,1619.757,0,531.920,0,16.997,9912,19556,2.430,2.140,1.260,1,0,15.998,0,0,25,278,5,38,0
06-11 10:33:39,22.795,9.769,66.382,0.250,0,5502524,237268,188028,2021568,10747.323,1797.566,16.032,1414.807,1.002,47.093,4257,7474,2.430,2.140,1.260,1,0,141.280,0,0,25,277,5,38,0
06-11 10:33:40,24.729,7.244,67.192,0.250,0,5559688,179788,188044,2021868,7875.251,1498.716,79.931,299.743,4.996,26.977,2910,4704,2.430,2.140,1.260,1,0,124.893,0,0,25,277,5,38,0
06-11 10:33:41,23.004,6.251,69.261,0.250,0,5511448,227968,188048,2021924,8849.381,1620.253,28.004,152.024,3.000,7.001,3605,6240,2.400,2.140,1.260,1,0,118.018,0,0,25,277,5,40,0
06-11 10:33:42,25.736,3.248,69.713,0,0,5567824,171460,188048,2022056,5171.244,1619.137,0,267.857,0,21.988,2360,4000,2.400,2.140,1.260,1,0,0.999,0,0,25,277,5,40,0
06-11 10:33:43,24.480,4.496,69.693,0.250,0,5546180,193084,188048,2022076,5498.502,1530.748,0,355.709,0,20.983,2864,4857,2.400,2.140,1.260,1,0,71.941,0,0,25,277,5,40,0
06-11 10:33:44,26.764,2.001,70.288,0,0,5572332,166904,188048,2022104,10103.426,1620.870,16.009,260.140,1.001,26.014,2751,5532,2.400,2.140,1.260,1,0,0,0,0,25,277,5,34,0
06-11 10:33:45,22.989,5.497,70.967,0,0,5558720,180504,188052,2022112,9181.749,1619.250,0,119.944,0,8.996,2203,3483,2.400,2.140,1.260,1,0,55.974,0,0,25,277,5,34,0
06-11 10:33:46,24.546,4.258,70.632,0,0,5536288,202852,188052,2022196,8365.585,1534.859,0,240.448,0,13.024,2859,5368,2.290,2.120,1.260,1,0,32.060,0,0,25,277,5,35,0
06-11 10:33:47,25.194,2.993,70.093,0,0,5561520,177484,188052,2022332,6689.023,1616.381,0,27.937,0,3.991,2293,4587,2.290,2.120,1.260,1,0,0,0,0,25,279,5,35,0
06-11 10:33:48,24.986,4.747,69.711,0.500,0,5554384,184604,188052,2022348,9664.626,1619.100,3.998,403.776,0.999,42.976,2441,4034,2.290,2.120,1.260,3,0,46.974,0,0,25,277,5,33,0
06-11 10:33:49,25.840,4.014,69.241,0,0,5497536,241408,188064,2022380,7647.667,1463.102,0,268.938,0,25.087,3130,5867,2.290,2.120,1.260,1,0,32.112,0,0,25,277,5,35,0
06-11 10:33:50,25.432,3.491,70.062,0.249,0,5561432,177508,188064,2022384,5668.774,1657.548,0,195.475,0,17.952,2146,3491,2.290,2.120,1.260,1,0,0,0,0,25,277,5,32,0
06-11 10:33:51,18.544,12.028,69.163,0,0,5504324,234556,188080,2022428,5727.482,1623.822,0,497.170,0,47.111,3630,7361,2.100,2.080,1.250,1,0,308.727,0,0,25,277,5,33,0
06-11 10:33:52,10.507,21.263,66.792,0.250,0,5511348,227496,188084,2022460,8820.557,1621.021,0,324.204,0,31.020,4837,8327,2.100,2.080,1.250,1,0,695.438,0,0,25,277,5,33,0
06-11 10:33:53,12.734,19.476,66.169,0,0,5515152,223644,188088,2022504,19584.049,5410.383,0,287.648,0,28.965,4736,8278,2.100,2.080,1.250,2,0,685.162,0,0,25,277,5,28,0
06-11 10:33:54,10.250,21.500,67.249,0,0,5515388,223328,188108,2022564,11101.867,1511.982,16.000,687.992,1.000,57.999,5070,8709,2.100,2.080,1.250,2,0,702.992,0,0,25,277,5,28,0
06-11 10:33:55,11.254,19.507,67.773,0.500,0,5525264,213416,188108,2022600,6609.214,1566.525,0,4505.509,0,526.176,5739,8400,2.100,2.080,1.250,1,0,671.225,0,0,25,277,5,28,0
06-11 10:33:56,10.244,20.987,68.207,0.250,0,5533132,205508,188108,2022640,8394.753,1618.988,0,99.938,0,13.991,4465,7793,1.930,2.050,1.240,1,0,617.614,0,0,25,277,5,28,0
06-11 10:33:57,18.013,9.257,69.300,2.252,0,5555452,190700,188148,2024596,8354.007,1621.166,4098.947,2213.592,367.264,29.021,4437,7284,1.930,2.050,1.240,2,0,83.060,0,0,25,277,5,28,0
06-11 10:33:58,22.216,5.741,66.147,4.992,0,5561424,162508,188164,2046792,5070.136,1455.742,9197.734,1980.928,698.916,24.961,6857,11559,1.930,2.050,1.240,0,1,4.992,0,0,25,277,5,28,0
06-11 10:33:59,19.248,1.750,76.244,0.500,0,5575860,147164,188184,2047672,19990.401,7612.391,543.956,919.926,30.998,45.996,2435,3353,1.930,2.050,1.240,1,0,0,0,0,25,278,5,27,0
06-11 10:34:00,15.033,1.253,81.927,1.754,0,5576864,145148,188192,2048672,29905.656,16462.592,773.673,2156.663,80.173,103.223,2381,3562,1.930,2.050,1.240,1,0,0,0,0,25,278,5,27,0
06-11 10:34:01,18.967,2.246,77.117,0.749,0,5587776,136116,188128,2046856,18653.748,10438.951,1106.088,1709.045,57.900,150.739,2077,3060,1.780,2.010,1.240,0,1,0,0,0,25,278,5,26,0
06-11 10:34:02,18.456,2.993,76.070,1.247,0,5583384,153912,187832,2034580,22495.663,11197.451,893.881,1763.818,59.858,94.775,3734,3145,1.780,2.010,1.240,1,0,0,0,0,25,278,5,26,0
06-11 10:34:03,18.281,3.256,76.381,2.254,0,5582048,144436,187588,2045884,21691.092,11188.132,11655.932,1791.063,177.303,63.108,2561,3819,1.780,2.010,1.240,1,0,1.002,0,0,25,278,4,25,0
06-11 10:34:04,24.546,5.761,67.628,1.753,0,5599520,159292,186604,2018656,8893.845,1460.767,4664.835,2436.615,57.108,93.176,2323,3728,1.780,2.010,1.240,1,0,3.006,0,0,25,278,4,25,0
06-11 10:34:05,27.003,4.501,66.758,0.250,0,5604620,158336,186224,2015804,8184.039,1620.206,0,2220.282,0,141.018,2538,3135,1.780,2.010,1.240,2,0,0,0,0,25,276,4,19,2
06-11 10:34:06,21.450,6.984,68.340,1.746,0,5607864,152076,186592,2019744,6110.707,1508.472,0,24127.566,0,429.994,3134,4131,1.720,2,1.240,2,0,0,0,0,25,276,4,20,2
06-11 10:34:07,24.484,3.997,69.454,0.500,0,5623768,160636,186952,1995512,10992.701,1738.845,0,3381.755,0,164.891,3112,3307,1.720,2,1.240,1,0,0,0,0,25,275,4,14,2
06-11 10:34:08,24.824,5.266,69.457,0.251,0,5576436,207484,186952,1995996,7332.822,1624.836,469.397,477.421,6.018,9.027,3972,2834,1.720,2,1.240,2,0,8.024,0,0,25,275,4,14,2
06-11 10:34:09,20.953,4.490,72.589,0.249,0,5564308,212408,187140,2002368,14777.195,3946.239,0,1732.155,0,32.927,2228,3297,1.720,2,1.240,1,0,2.993,0,0,25,275,4,14,2
06-11 10:34:10,20.739,2.998,75.460,0,0,5587960,187532,187160,2003572,13854.629,4432.642,0,351.813,0,12.993,1895,2813,1.720,2,1.240,1,0,3.998,0,0,25,276,4,14,2
06-11 10:34:11,23.020,7.507,68.309,0.250,0,5582092,187108,187588,2008532,8899.752,1741.517,0,824.718,0,13.011,9066,17744,1.660,1.980,1.230,3,0,14.012,0,0,25,275,4,12,2
06-11 10:34:12,26.006,7.752,64.015,1.000,0,5585484,183340,187652,2008800,8487.961,1694.391,0,76829.748,0,402.093,10900,21011,1.660,1.980,1.230,2,0,14.003,0,0,25,275,4,13,2
06-11 10:34:13,24.524,5.505,69.817,0.250,0,5500980,281460,187692,1996136,5057.876,1663.604,0,1245.200,0,43.041,2258,3576,1.660,1.980,1.230,1,0,19.018,0,0,25,275,4,12,2
06-11 10:34:14,26.190,4.739,66.597,0,0,5548736,232648,187692,1997192,4984.531,1616.281,31.927,534.769,1.995,8.979,10002,19916,1.660,1.980,1.230,3,0,47.890,0,0,25,277,4,12,2
06-11 10:34:15,22.746,3.499,73.486,0,0,5585204,196140,187692,1997232,12331.682,2871.460,0,135.974,0,3.999,1899,2884,1.660,1.980,1.230,0,0,8.998,0,0,25,278,4,12,2
06-11 10:34:16,27.319,5.013,67.170,0.251,0,5555364,219088,187840,2003560,9230.325,2601.574,0,741.875,0,10.025,2393,9309,1.610,1.960,1.230,1,0,37.094,0,0,25,277,4,13,2
06-11 10:34:17,21.476,2.248,75.166,0.250,0,5582612,184144,188028,2010556,15060.268,4476.027,0,1078.801,0,13.984,1906,2847,1.610,1.960,1.230,2,0,3.996,0,0,25,278,4,12,2
06-11 10:34:18,25.755,5.751,67.264,0,0,5578892,188220,188092,2009944,6761.393,1794.370,16.003,280.058,1.000,7.001,10286,20380,1.610,1.960,1.230,1,0,19.004,0,0,25,279,4,12,2
06-11 10:34:19,23.495,6.749,67.737,0,0,5586116,180680,188104,2010216,7758.495,1511.707,3.999,1019.802,1.000,32.994,10469,20569,1.610,1.960,1.230,3,0,15.997,0,0,25,279,4,12,2
06-11 10:34:20,23.244,4.999,70.733,0.250,0,5567932,212972,188108,1997308,7737.135,1607.613,0,807.805,0,18.995,1925,2985,1.610,1.960,1.230,1,0,8.998,0,0,25,279,4,12,2
06-11 10:34:21,24.521,5.255,69.810,0,0,5541248,239648,188108,1997316,5071.377,1621.399,0,88.076,0,5.004,2367,3980,1.560,1.950,1.230,1,0,93.080,0,0,25,279,4,12,2
06-11 10:34:22,23.240,6.247,68.970,0.250,0,5567460,197676,188180,2011756,5028.833,1457.372,0,975.580,0,164.929,13163,25758,1.560,1.950,1.230,1,0,5.997,0,0,25,279,4,12,2
06-11 10:34:23,18.759,1.751,78.537,0.250,0,5577076,187028,188192,2012712,21719.208,7476.514,4.002,1880.884,1.000,27.013,2016,3108,1.560,1.950,1.230,1,0,4.002,0,0,25,280,4,12,2
06-11 10:34:24,18.736,2.248,78.693,0.250,0,5584156,179748,188200,2012904,27074.344,13487.208,0,1203.127,0,44.967,2099,3112,1.560,1.950,1.230,2,0,0.999,0,0,25,282,4,12,2
06-11 10:34:25,11.740,1.499,85.175,0.999,0,5586524,177004,188276,2013200,162921.466,17878.249,3.996,1718.486,0.999,72.936,2226,3344,1.560,1.950,1.230,0,0,0,0,0,25,283,4,12,2
06-11 10:34:26,22.520,0.751,75.819,0.500,0,5608336,155080,188320,2013264,18778.976,8219.430,0,776.702,0,27.024,1805,2875,1.590,1.950,1.240,1,0,0,0,0,25,283,4,12,2
06-11 10:34:27,14.002,1.500,81.761,0.250,0,5614644,148556,188384,2013384,22855.085,10528.421,0,1224.165,0,56.008,2132,3365,1.590,1.950,1.240,1,0,1.000,0,0,25,283,4,12,2
06-11 10:34:28,14.999,2.000,79.742,1.500,0,5620104,142256,188676,2013828,328035.196,19668.033,27.997,2443.756,4.000,112.989,2693,3958,1.590,1.950,1.240,0,1,1.000,0,0,25,283,4,12,2
06-11 10:34:29,18.023,2.503,78.601,1.252,0,5626460,153056,188588,1996752,83716.576,15540.970,128.165,3236.158,10.013,217.279,2846,4120,1.590,1.950,1.240,1,0,0,0,0,25,283,4,12,2
06-11 10:34:30,12.962,5.733,78.024,0.997,0,5620464,159084,188316,1997256,6858035.130,45726.576,9919.274,11674.192,58.830,109.682,3811,3784,1.590,1.950,1.240,2,0,3.988,0,0,25,283,4,12,2
06-11 10:34:31,20.020,3.754,74.323,0.751,0,5622372,170052,188456,1984136,629644.422,8154.984,164.161,5213.104,4.004,136.133,2757,3557,1.620,1.950,1.240,1,0,1.001,0,0,25,283,4,12,2
06-11 10:34:32,24.005,5.251,69.263,1.250,0,5625684,143676,191656,2000836,5332.029,1620.313,0,31077.998,0,500.097,4703,3691,1.620,1.950,1.240,1,0,0,0,0,25,283,4,12,2
06-11 10:34:33,23.744,5.249,69.232,0.750,0,5653888,130560,191876,1985776,9879.491,1693.570,0,16483.813,0,147.962,3211,3522,1.620,1.950,1.240,0,1,1.000,0,0,25,283,4,12,2
06-11 10:34:34,24.784,7.761,66.090,0.751,0,5644644,157864,190880,1968376,8731.840,1514.053,0,21200.748,0,300.407,2831,3953,1.620,1.950,1.240,1,0,4.005,0,0,25,283,4,12,2
06-11 10:34:35,25.213,4.743,68.149,0.499,0,5642196,144292,186988,1988656,7853.401,1563.690,4062.000,8795.010,40.940,104.845,2432,3673,1.620,1.950,1.240,2,0,0,0,0,25,283,4,12,2
06-11 10:34:36,25.483,5.496,67.455,0.999,0,5635908,135916,176204,2014160,11983.947,1618.912,0,4025.295,0,88.940,2441,4008,1.570,1.930,1.240,1,0,0,0,0,25,283,4,13,2
06-11 10:34:37,23.019,4.504,71.059,0.751,0,5547060,271776,166860,1977144,16152.390,4159.448,224.186,11513.545,11.009,183.152,2453,3748,1.570,1.930,1.240,1,0,2.002,0,0,25,281,4,13,2
06-11 10:34:38,21.483,4.496,72.443,0,0,5593784,224940,166864,1977252,13364.549,2815.798,79.937,479.625,2.998,12.990,1941,3001,1.570,1.930,1.240,0,0,7.994,0,0,25,284,4,12,2
06-11 10:34:39,24.816,3.509,71.942,0.251,0,5576576,235520,167080,1983588,10054.806,2636.028,0,1840.908,0,45.120,2154,3426,1.570,1.930,1.240,1,0,3.008,0,0,25,283,4,12,2
06-11 10:34:40,18.751,3.250,75.753,0.500,0,5609512,197524,167368,1987944,11964.491,4609.189,40.002,236.010,7.000,10.000,1825,2921,1.570,1.930,1.240,1,0,4.000,0,0,25,284,4,12,2
06-11 10:34:41,27.200,7.237,64.383,0.250,0,5597444,206640,167692,1990056,8197.065,1629.032,147.731,826.494,9.982,12.976,11446,22547,1.570,1.930,1.240,1,0,19.964,0,0,25,283,4,12,2
06-11 10:34:42,27.054,6.513,65.130,0.251,0,5605648,198212,167744,1990332,6447.896,1623.246,4.008,14020.040,1.002,336.673,8076,16176,1.530,1.920,1.240,1,0,14.028,0,0,25,283,4,13,2
06-11 10:34:43,23.958,6.988,67.631,0.250,0,5607916,195752,167792,1990444,8664.698,1617.144,19.965,598.942,3.993,36.935,2430,3754,1.530,1.920,1.240,1,0,8.984,0,0,25,283,4,13,2
06-11 10:34:44,23.502,5.001,70.257,0,0,5562848,254168,167812,1977708,7471.747,1458.146,4.000,284.028,1.000,12.001,1870,2787,1.530,1.920,1.240,1,0,6.001,0,0,25,283,4,12,2
06-11 10:34:45,22.015,3.753,70.549,2.752,0,5596624,214632,168424,1982856,6012.178,1621.127,3026.103,2113.469,350.243,20.014,3031,4720,1.530,1.920,1.240,1,0,2.001,0,0,25,284,4,12,2
06-11 10:34:46,25.502,5.000,68.755,0.250,0,5598256,212616,168452,1983216,8671.581,1620.109,228.015,672.045,16.001,60.004,4892,10125,1.530,1.920,1.240,1,0,0,0,0,25,286,4,13,2
06-11 10:34:47,27.795,2.754,66.857,1.502,0,5598656,210884,168532,1984472,8164.079,1460.339,901.444,1570.516,48.077,200.321,5591,11373,1.490,1.900,1.240,1,0,2.003,0,0,25,291,4,17,2
06-11 10:34:48,25.735,2.748,69.708,0.999,0,5601192,207104,168572,1985676,22106.780,1619.032,947.433,1087.350,77.953,132.921,3470,5598,1.490,1.900,1.240,1,0,1.999,0,0,25,294,4,16,2
06-11 10:34:49,17.241,14.743,67.716,0.500,0,5560716,247320,168588,1985920,7616.146,1619.181,127.935,1679.150,0.999,123.937,4900,8699,1.490,1.900,1.240,1,0,359.818,0,0,25,293,4,16,2
06-11 10:34:50,14.979,7.489,70.151,6.241,0,5534092,246940,169152,2012356,8696.720,1659.657,27041.817,898.731,1558.799,22.968,3957,6884,1.490,1.900,1.240,0,1,88.875,0,0,25,293,4,17,2
06-11 10:34:51,8.247,3.499,79.222,7.497,0,5531772,228584,169236,2032948,11460.897,2638.056,20516.655,3530.736,2020.277,152.945,4368,7683,1.490,1.900,1.240,0,0,5.998,0,0,25,294,4,17,2
06-11 10:34:52,5.000,1.250,90.742,0.750,0,5531976,228360,169248,2032956,45452.137,5126.564,0,3155.732,0,436.963,2661,3564,1.370,1.870,1.230,0,0,0,0,0,25,294,4,16,2
06-11 10:34:53,7.504,2.501,90.046,0,0.250,5531484,227856,169296,2033904,158412.949,6740.444,668.342,248.127,9.005,15.008,2039,3466,1.370,1.870,1.230,0,0,3.002,0,0,25,294,4,16,2
06-11 10:34:54,4.505,3.003,90.345,0.501,0.250,5528544,229220,169664,2035280,51032.789,119832.303,1577.663,452.477,37.039,1.001,1821,2857,1.370,1.870,1.230,0,0,10.011,0,0,25,293,4,16,2
06-11 10:34:55,5.744,1.498,90.906,0,0,5523456,234292,169668,2035292,6253.521,1692.247,3.996,695.280,0.999,22.976,1621,2684,1.370,1.870,1.230,0,0,0.999,0,0,25,293,4,17,2
06-11 10:34:56,2.502,0.500,94.585,0,0,5523452,234292,169672,2035292,9288.387,1555.405,0,28.025,0,4.004,1404,2491,1.370,1.870,1.230,0,0,0,0,0,25,293,4,17,2
06-11 10:34:57,5.002,1.000,92.779,0.250,0,5523380,234292,169680,2035356,7028.193,1566.489,112.035,408.127,5.002,39.012,1845,3277,1.260,1.840,1.220,1,0,1.000,0,0,25,293,4,17,2
06-11 10:34:58,3.499,0.250,92.479,0,0,5523264,234292,169680,2035472,8224.125,1661.621,0,163.963,0,21.995,1750,3194,1.260,1.840,1.220,0,0,1.000,0,0,25,293,4,17,2
06-11 10:34:59,8.746,2.499,86.715,1.499,0,5528720,228748,169736,2035504,5026.974,1531.383,15.994,3490.593,1.000,261.894,2827,4970,1.260,1.840,1.220,3,0,1.000,0,0,25,293,4,17,2
06-11 10:35:00,2.750,1.500,94.003,0,0,5528720,228748,169736,2035504,5659.181,1620.052,0,240.008,0,15.000,1541,2749,1.260,1.840,1.220,0,0,0,0,0,25,293,4,17,2
06-11 10:35:01,2.000,0.750,94.497,0,0,5528712,228748,169744,2035504,4506.851,1511.950,0,1451.952,0,75.997,1570,2878,1.260,1.840,1.220,0,0,0,0,0,25,293,4,17,2
06-11 10:35:02,3.000,1.500,94.235,0.250,0,5528704,228748,169752,2035504,9846.395,1565.745,0,67.989,0,9.998,1455,2509,1.160,1.810,1.220,0,0,0,0,0,25,293,4,17,2
06-11 10:35:03,3.498,0.500,94.209,0,0,5528700,228748,169752,2035508,8099.501,1619.300,0,67.971,0,6.997,1490,2780,1.160,1.810,1.220,0,0,1.000,0,0,25,293,4,17,2
06-11 10:35:04,4.748,1.000,93.710,0,0.250,5528920,228524,169752,2035512,8380.430,1511.356,0,7.997,0,1.999,1564,2713,1.160,1.810,1.220,0,0,1.999,0,0,25,293,4,17,2
06-11 10:35:05,5.251,1.750,92.522,0,0,5525660,231800,169752,2035512,6476.567,1566.379,0,4.001,0,1.000,1525,2610,1.160,1.810,1.220,0,0,0,0,0,25,293,4,17,2
06-11 10:35:06,3.498,2.748,91.940,0,0,5519168,238284,169752,2035520,8750.269,1618.940,0,3.997,0,0.999,1594,2666,1.160,1.810,1.220,0,0,0,0,0,25,293,4,17,1
06-11 10:35:07,4.254,4.504,90.832,0,0,5519564,237672,169756,2035528,9489.598,1587.438,0,117866.787,0,443.402,2600,3959,1.060,1.780,1.210,0,0,0,0,0,25,293,4,17,1
06-11 10:35:08,3.002,0.500,94.315,0.500,0,5519564,237672,169756,2035528,6856.738,1567.083,0,3118.155,0,286.198,1857,2761,1.060,1.780,1.210,0,0,0,0,0,25,293,4,17,1
06-11 10:35:09,5.248,1.499,92.468,0,0,5519504,237672,169776,2035568,9000.904,1619.443,0,703.758,0,62.978,1977,3641,1.060,1.780,1.210,1,0,0,0,0,25,293,4,17,1
06-11 10:35:10,3.500,1.000,94.497,0,0,5519504,237672,169776,2035568,8969.677,1619.942,0,27.999,0,4.000,1470,2522,1.060,1.780,1.210,0,0,0,0,0,25,293,4,17,1
06-11 10:35:11,2.250,0.750,94.750,0,0,5519504,237672,169776,2035568,7242.964,1619.992,0,0,0,0,1380,2435,1.060,1.780,1.210,0,0,0,0,0,25,293,4,17,1
06-11 10:35:12,3.751,1.250,92.036,1.000,0,5519576,237672,169800,2035576,9989.856,1512.584,8.003,5938.292,2.001,239.092,2185,3539,0.980,1.750,1.200,0,0,1.000,0,0,25,293,4,17,1
06-11 10:35:13,3.248,1.749,93.697,0.250,0,5519564,237672,169808,2035580,6541.330,1619.092,0,231.870,0,20.988,1778,3231,0.980,1.750,1.200,0,0,1.999,0,0,25,293,4,17,1
06-11 10:35:14,3.502,0.750,94.046,0,0,5519564,237672,169808,2035580,9339.539,1640.797,0,8.004,0,1.000,1514,2617,0.980,1.750,1.200,1,0,0,0,0,25,293,4,17,1
06-11 10:35:15,4.005,0.751,94.857,0,0,5519564,237672,169808,2035580,8176.264,1621.838,0,0,0,0,1529,2676,0.980,1.750,1.200,2,0,0,0,0,25,293,4,17,1
06-11 10:35:16,6.243,3.246,88.402,0,0,5494132,263092,169816,2035584,5846.540,1510.331,0,207.770,0,13.985,2459,5396,0.980,1.750,1.200,0,0,33.962,0,0,25,293,4,17,1
06-11 10:35:17,3.500,1.000,94.259,0,0,5494128,263092,169820,2035584,8713.793,1566.143,0,28.003,0,4.000,1447,2479,1.060,1.750,1.210,2,0,0,0,0,25,293,4,17,1
06-11 10:35:18,3.000,1.250,94.744,0,0,5494804,262388,169820,2035584,7552.554,1619.904,0,2191.871,0,5.000,1471,2598,1.060,1.750,1.210,2,0,0,0,0,25,293,4,17,1
06-11 10:35:19,3.751,0.250,92.517,0.250,0,5494548,262388,169844,2035816,9770.847,1512.286,224.042,780.147,4.001,56.011,1970,3441,1.060,1.750,1.210,0,0,0,0,0,25,293,4,17,1
06-11 10:35:20,3.249,1.000,94.717,0,0,5494548,262388,169844,2035816,5306.138,1565.451,0,51.982,0,4.998,1441,2499,1.060,1.750,1.210,0,0,0,0,0,25,293,4,17,1
06-11 10:35:21,3.246,1.249,94.392,0.499,0,5494532,262388,169848,2035828,6257.847,1510.274,3.995,131.849,0.999,7.991,1456,2566,1.060,1.750,1.210,1,0,0,0,0,25,293,4,17,1
06-11 10:35:22,4.258,1.252,94.423,0.250,0,5494520,262388,169860,2035828,8454.463,1622.968,0,48.088,0,6.011,1555,2671,1.140,1.760,1.210,0,0,0,0,0,25,293,4,17,1
06-11 10:35:23,4.497,1.499,93.696,0,0,5494516,262388,169864,2035828,6392.305,1639.053,0,71.958,0,8.995,1592,2777,1.140,1.760,1.210,1,0,0.999,0,0,25,293,4,17,1
06-11 10:35:24,3.247,0.500,94.661,0,0,5494512,262388,169868,2035828,4549.723,485.544,0,27.974,0,2.997,1422,2642,1.140,1.760,1.210,1,0,0,0,0,25,293,4,17,1
06-11 10:35:25,10.747,2.749,86.472,0,0,5517540,238856,169880,2036320,228477.202,7171.684,499.839,3.999,12.996,1.000,1930,2858,1.140,1.760,1.210,0,0,18.994,0,0,25,293,4,17,1
06-11 10:35:26,13.523,5.008,80.635,0.250,0,5527332,228392,169884,2036988,353382.977,11034.516,340.571,16.027,14.024,3.005,2177,3117,1.140,1.760,1.210,1,0,33.055,0,0,25,293,4,17,1
