"pcp-dstat 5.3.6 CSV Output"
"Author:","PCP team <pcp@groups.io> and Dag Wieers <dag@wieers.com>",,,,"URL:","https://pcp.io/ and http://dag.wieers.com/home-made/dstat/"
"Host:","ubuntu",,,,"User:","ubuntu"
"Cmdline:","dstat -tcmndrylpg --tcp --output /tmp/devstack_logs/dstat-csv.log",,,,"Date:","19 Jan 2026 12:32:20 UTC"
"system","total usage",,,,,"memory usage",,,,"net/total",,"dsk/total",,"io/total",,"system",,"load avg",,,"procs",,,"paging",,"tcp sockets",,,,
"time","total usage:usr","total usage:sys","total usage:idl","total usage:wai","total usage:stl","used","free","buf","cach","net/total:recv","net/total:send","dsk/total:read","dsk/total:writ","read","writ","int","csw","1m","5m","15m","run","blk","new","in","out","lis","act","syn","tim","clo"
19-01 12:32:20,,1013696,460844,177308,6109196,,,,,,,1.530,1.040,0.600,2,0,,,,9,4,6,12,2
19-01 12:32:21,19.965,21.463,56.901,0.749,0,1025768,430964,177352,6126268,424382.969,14013.728,0,3250.370,0,113.803,3121,5040,1.530,1.040,0.600,2,0,357.381,0,0,9,4,6,12,2
19-01 12:32:22,29.714,22.972,45.944,0.499,0,1030456,401972,177944,6146412,9207.813,1618.034,0,2836.554,0,95.884,3192,5026,1.530,1.040,0.600,2,0,400.513,0,0,9,4,6,11,2
19-01 12:32:23,34.547,18.775,44.310,1.001,0,1037092,367936,178936,6170368,7569.241,1696.295,0,3877.246,0,141.191,5280,10972,1.530,1.040,0.600,1,1,233.316,0,0,9,4,6,11,2
19-01 12:32:24,26.958,11.981,58.160,0.998,0,1160488,210236,180320,6324108,9214.736,1509.663,0,3215.023,0,114.822,4319,6414,1.730,1.090,0.620,2,0,47.926,0,0,10,4,6,11,2
19-01 12:32:25,30.261,10.004,58.522,0.250,0,1078876,305284,180488,6310400,13865.116,4355.607,0,988.365,0,34.013,1924,2362,1.730,1.090,0.620,3,0,108.040,0,0,10,4,6,11,0
19-01 12:32:26,33.305,11.519,54.089,0,0,1159148,224816,180512,6310572,17349.627,3713.127,80.132,1258.076,1.002,24.040,2291,3104,1.730,1.090,0.620,2,0,187.309,0,0,10,5,6,13,0
19-01 12:32:27,46.232,4.998,48.981,0.250,0,1200820,174128,180988,6317868,11429.542,1887.264,0,1555.393,0,18.993,1310,1363,1.730,1.090,0.620,2,0,2.999,0,0,10,4,6,13,0
19-01 12:32:28,33.261,5.252,54.768,5.502,0,1197224,163588,181992,6329700,16555.380,4644.509,0,40949.309,0,2783.905,13578,20900,1.730,1.090,0.620,3,1,58.019,0,0,10,6,6,13,0
19-01 12:32:29,37.929,13.974,44.167,2.994,0,1123780,232976,182540,6332916,5748.216,1616.967,0,40759.535,0,3078.225,19033,35687,1.830,1.130,0.640,2,0,117.779,0,0,10,4,6,13,0
19-01 12:32:30,44.612,8.020,46.116,0.251,0,1218124,138280,182584,6333108,9910.827,1624.068,0,4467.190,0,259.650,10201,20352,1.830,1.130,0.640,4,0,19.048,0,0,10,4,6,13,0
19-01 12:32:31,44.727,5.747,49.225,0.250,0,1106268,264420,182604,6320384,8707.516,1511.222,0,1191.386,0,41.978,1497,1573,1.830,1.130,0.640,2,0,22.988,0,0,10,4,6,13,0
19-01 12:32:32,35.000,4.750,59.250,0.500,0,1151704,218940,182640,6320392,9508.029,1620.005,0,7188.022,0,383.001,2308,3104,1.830,1.130,0.640,4,0,50.000,0,0,10,4,6,13,0
19-01 12:32:33,15.473,12.728,70.627,0,0,1066164,304400,182648,6320416,8085.914,1617.183,0,32659.108,0,101.823,2399,3285,1.830,1.130,0.640,3,0,179.687,0,0,10,4,6,13,0
19-01 12:32:34,9.745,18.991,69.217,0,0,1072104,298308,182648,6320564,10289.144,1619.236,0,19.991,0,4.998,2447,3417,1.680,1.110,0.630,2,0,277.869,0,0,10,4,6,13,0
19-01 12:32:35,9.275,21.308,68.687,0,0,1072248,298136,182648,6320584,8049.896,1644.473,0,24.065,0,6.016,2394,3264,1.680,1.110,0.630,2,0,252.687,0,0,10,4,6,13,0
19-01 12:32:36,30.640,16.192,52.063,0,0,1126008,244208,182648,6320940,5666.674,1687.945,0,3.986,0,0.996,4529,7377,1.680,1.110,0.630,3,0,207.257,0,0,10,4,6,13,0
19-01 12:32:37,48.124,2.757,49.126,0,0,1213392,156392,182648,6321504,9981.633,1515.893,0,344.886,0,28.072,1198,1098,1.680,1.110,0.630,2,0,0,0,0,10,5,6,13,0
19-01 12:32:38,48.998,4.750,45.748,0.250,0,1257432,128720,182648,6305556,6002.712,1619.922,91.996,22146.937,1.000,304.985,2287,4135,1.680,1.110,0.630,2,0,4.000,0,0,10,5,6,13,0
19-01 12:32:39,4.740,8.982,84.329,0.249,0,1252640,135152,182652,6304052,5872.127,1616.731,395.201,1329.312,19.960,15.968,1699,2926,1.630,1.100,0.630,1,0,117.762,0,0,10,4,6,13,0
19-01 12:32:40,0.501,0.501,97.629,0,0,1252864,134928,182652,6304052,12220.118,1622.140,0,380.502,0,27.036,827,1122,1.630,1.100,0.630,3,0,2.003,0,0,9,4,6,13,0
19-01 12:32:41,21.710,7.237,69.870,0.749,0,1308852,132436,180352,6253100,8610.028,1617.000,219.593,7062.898,9.981,232.569,2023,1621,1.630,1.100,0.630,4,0,18.965,0,0,10,4,6,13,0
19-01 12:32:42,23.751,5.500,70.503,0,0,1330724,135576,179952,6228500,9301.344,1566.058,384.014,46321.714,17.001,127.005,2081,1519,1.630,1.100,0.630,3,0,0,0,0,10,4,6,13,0
19-01 12:32:43,19.752,6.751,71.006,1.500,0,1276568,200316,180052,6217868,6871.618,1694.152,1736.156,12101.089,43.004,262.024,3447,5600,1.630,1.100,0.630,1,0,43.004,0,0,10,4,6,15,0
19-01 12:32:44,23.069,2.507,73.971,0,0,1323884,152436,180288,6218192,6352.989,1516.533,316.947,0,21.063,0,872,1187,1.580,1.100,0.640,2,0,0,0,0,10,5,6,15,0
19-01 12:32:45,20.440,5.733,72.536,0.499,0,1280312,195400,180496,6218580,9144.071,1689.026,470.614,1336.065,82.756,16.950,2232,3256,1.580,1.100,0.640,3,0,45.865,0,0,10,28,6,15,0
19-01 12:32:46,23.014,2.752,72.795,0.500,0,1338748,136936,180524,6218580,6905.247,1620.997,0,3005.849,0,147.090,1755,2362,1.580,1.100,0.640,3,0,0,0,0,10,29,6,15,0
19-01 12:32:47,28.562,15.283,55.871,0,0,1366984,119596,180420,6207788,7766.792,1623.510,132.286,62022.092,7.015,586.268,2842,3099,1.580,1.100,0.640,3,0,156.338,0,0,10,28,6,15,0
19-01 12:32:48,45.176,6.240,47.672,0.250,0,1424144,122772,180400,6148300,10420.889,1617.344,147.757,1146.118,4.992,20.966,4106,8353,1.580,1.100,0.640,5,0,0.998,0,0,10,28,6,18,0
19-01 12:32:49,60.852,24.291,14.024,0.250,0,1485484,118752,179952,6092460,11172.759,1622.725,1089.830,336.565,81.136,30.050,2497,4631,1.690,1.130,0.650,7,0,569.957,0,0,10,28,6,18,0
19-01 12:32:50,81.900,14.233,2.996,0,0.250,1658208,122320,179940,5920032,9439.512,1564.096,1550.114,3523.712,162.802,355.567,4776,8535,1.690,1.130,0.650,6,0,42.948,0,0,10,31,6,19,0
19-01 12:32:51,75.849,11.765,12.016,0.250,0,1436480,385968,179956,5879192,8361.929,1630.131,72.094,1257.644,11.014,191.250,6130,11313,1.690,1.130,0.650,3,0,200.262,0,0,10,28,6,19,0
19-01 12:32:52,21.412,7.967,70.462,0,0,1357928,464488,179964,5879216,6656.787,1613.404,3.984,123.495,0.996,8.963,1494,2069,1.690,1.130,0.650,1,0,109.552,0,0,10,28,6,19,0
19-01 12:32:53,20.271,6.006,71.825,0,0,1316224,506168,179972,5879232,14100.763,1621.698,0,240.252,0,20.021,1821,3483,1.690,1.130,0.650,3,0,68.071,0,0,10,28,5,19,0
19-01 12:32:54,23.270,3.503,72.562,0,0,1365868,456524,179972,5879232,8606.333,1621.381,92.078,376.321,4.003,21.018,1606,2483,1.640,1.130,0.650,4,0,6.005,0,0,10,29,5,20,0
19-01 12:32:55,12.767,16.772,69.092,0.501,0,1300416,521644,179976,5879560,12441.560,1622.159,204.272,260.347,7.009,27.036,2586,3644,1.640,1.130,0.650,2,0,264.352,0,0,10,28,5,19,0
19-01 12:32:56,11.510,22.770,63.555,0,0,1312076,509976,179984,5879560,8537.385,1621.403,208.180,172.149,2.002,13.011,2720,3768,1.640,1.130,0.650,5,0,422.365,0,0,10,28,5,19,0
19-01 12:32:57,76.045,20.012,3.752,0,0,1568728,253068,179988,5879812,8144.805,1458.861,0,648.383,0,45.027,2250,3952,1.640,1.130,0.650,6,0,352.208,0,0,10,29,5,19,0
19-01 12:32:58,78.699,10.493,10.243,0,0.250,1519656,301904,180016,5880020,7570.057,1618.943,0,319.791,0,39.974,7306,13807,1.640,1.130,0.650,6,0,60.960,0,0,10,30,5,19,0
19-01 12:32:59,82.502,14.500,3.000,0,0,1502400,318796,180032,5880376,5569.156,1620.045,0,316.009,0,34.001,3850,8333,1.910,1.200,0.680,7,0,204.006,0,0,10,29,5,19,0
19-01 12:33:00,84.575,11.760,3.253,0,0,1540240,280636,180032,5880696,4933.371,1621.437,0,188.167,0,10.009,2822,8190,1.910,1.200,0.680,8,0,85.075,0,0,10,28,5,19,0
19-01 12:33:01,66.443,12.739,20.732,0,0,1373864,446792,180040,5880908,9936.514,1734.519,0,415.645,0,35.969,6795,14891,1.910,1.200,0.680,3,0,222.810,0,0,10,28,5,21,0
19-01 12:33:02,44.319,5.976,48.303,0,0,1426280,394352,180044,5880928,8582.913,1687.103,0,167.316,0,12.947,1695,2273,1.910,1.200,0.680,3,1,35.853,0,0,10,28,5,22,0
19-01 12:33:03,46.692,18.325,34.643,0,0,1364512,456044,180052,5880996,10094.580,1626.700,4.017,273.125,1.004,27.112,4558,8640,1.910,1.200,0.680,4,0,379.563,0,0,10,28,5,22,0
19-01 12:33:04,63.504,7.969,26.647,0,0,1504772,315680,180060,5881092,9182.455,1579.884,0,191.260,0,7.969,2502,4797,1.990,1.230,0.690,5,0,0,0,0,10,31,5,23,0
19-01 12:33:05,68.514,15.811,15.560,0.251,0,1459348,360780,180064,5881412,10856.831,1572.057,0,445.717,0,54.209,3411,7503,1.990,1.230,0.690,5,0,258.998,0,0,10,28,5,26,0
19-01 12:33:06,76.248,8.750,14.750,0,0.250,1507240,312852,180064,5881448,11323.706,1619.958,0,179.995,0,10.000,4300,10149,1.990,1.230,0.690,6,0,15.000,0,0,10,31,5,28,0
19-01 12:33:07,59.493,17.425,24.146,0,0,1433696,384860,180080,5882968,6408.310,1613.030,1393.977,446.073,13.940,50.781,4074,8131,1.990,1.230,0.690,3,0,307.671,0,0,10,28,5,27,0
19-01 12:33:08,64.509,9.036,26.105,0.251,0,1440836,377276,180140,5883352,8192.894,1700.829,0,3739.012,0,229.923,4818,10575,1.990,1.230,0.690,3,0,51.206,0,0,10,28,5,29,0
19-01 12:33:09,53.765,16.004,29.508,0.250,0,1472504,345580,180140,5883380,10560.894,1620.444,0,328.090,0,23.006,2260,3030,2.080,1.260,0.700,4,0,249.068,0,0,10,28,5,25,0
19-01 12:33:10,58.253,14.251,27.001,0,0,1319968,497908,180288,5883440,9696.475,1846.090,136.007,596.029,5.000,39.002,5069,10465,2.080,1.260,0.700,4,0,287.014,0,0,10,28,6,25,0
19-01 12:33:11,66.204,8.494,25.232,0.250,0,1515172,302524,180288,5883620,10156.880,1584.889,0,3917.254,0,99.930,2167,2662,2.080,1.260,0.700,4,0,0,0,0,10,29,6,25,0
19-01 12:33:12,61.789,11.507,26.517,0.250,0,1428044,388952,180292,5884316,7639.813,1566.987,0,500.315,0,41.026,3454,7540,2.080,1.260,0.700,4,0,112.071,0,0,10,28,6,26,0
19-01 12:33:13,64.001,9.500,25.751,0,0,1445356,371004,180300,5884944,11890.262,1788.039,568.012,472.010,5.000,45.001,4652,9381,2.080,1.260,0.700,5,0,76.002,0,0,10,29,6,28,0
19-01 12:33:14,75.800,20.764,2.502,0,0,1538964,277344,180304,5884992,9231.111,1663.101,0,292.193,0,24.016,2447,4132,2.390,1.340,0.730,7,0,359.238,0,0,10,28,6,28,0
19-01 12:33:15,83.199,14.991,1.499,0,0,1554160,261880,180332,5885200,7607.360,1660.987,0,687.581,0,57.965,4416,9168,2.390,1.340,0.730,11,0,240.853,0,0,10,28,6,25,0
19-01 12:33:16,80.738,17.497,1.250,0,0,1605108,210740,180340,5885384,10933.404,1693.753,0,503.926,0,36.995,3875,6621,2.390,1.340,0.730,7,0,214.969,0,0,10,29,6,25,0
19-01 12:33:17,78.769,14.753,5.751,0,0,1548432,267184,180340,5885616,4937.160,1768.416,0,176.041,0,8.002,5213,10905,2.390,1.340,0.730,6,0,283.067,0,0,10,28,6,25,0
19-01 12:33:18,61.981,22.993,14.496,0,0,1386072,429340,180340,5885820,5714.286,1511.547,0,243.927,0,11.996,6166,13852,2.390,1.340,0.730,4,0,584.825,0,0,10,29,6,25,0
19-01 12:33:19,17.766,22.520,57.801,0,0,1325032,490308,180340,5885892,9550.443,1621.433,0,208.184,0,12.011,3213,5347,2.360,1.350,0.740,1,0,530.469,0,0,10,28,6,25,0
19-01 12:33:20,8.493,23.981,66.696,0,0.250,1324336,491000,180340,5885896,8517.093,1564.731,0,203.835,0,10.991,2778,3939,2.360,1.350,0.740,2,0,436.646,0,0,10,28,6,25,0
19-01 12:33:21,62.503,27.501,9.250,0,0,1505656,309620,180348,5885948,9466.398,1662.070,8.000,1632.069,2.000,50.002,2704,5519,2.360,1.350,0.740,6,0,746.031,0,0,10,28,6,25,0
19-01 12:33:22,77.791,18.510,3.752,0,0,1565044,250004,180376,5886152,7405.918,1620.857,4.002,1324.701,1.001,96.051,5562,11222,2.360,1.350,0.740,9,0,387.205,0,0,10,29,6,25,0
19-01 12:33:23,80.714,17.492,1.499,0,0,1538092,276888,180388,5886208,5736.476,1619.288,183.919,271.880,10.995,20.991,3436,5736,2.360,1.350,0.740,6,0,257.887,0,0,10,28,6,25,0
19-01 12:33:24,83.577,13.012,3.503,0,0,1603316,211104,180400,5886756,11274.429,1621.500,4.004,264.244,1.001,13.012,3875,11082,2.730,1.440,0.770,7,0,96.089,0,0,10,30,6,25,0
19-01 12:33:25,85.663,10.989,3.496,0.250,0,1649052,163888,180424,5888212,16190.567,4562.369,7.992,695.294,1.998,46.952,4973,15656,2.730,1.440,0.770,7,0,58.940,0,0,10,30,6,25,0
19-01 12:33:26,86.059,10.007,3.753,0,0,1604800,202156,180636,5893312,10192.962,1869.277,0,1340.916,0,43.029,4000,10209,2.730,1.440,0.770,8,0,62.042,0,0,10,28,6,25,0
19-01 12:33:27,81.862,13.477,3.744,0,0,1587304,218420,180684,5894336,14087.333,1617.283,0,379.363,0,22.961,9982,19268,2.730,1.440,0.770,8,0,102.827,0,0,10,29,6,25,0
19-01 12:33:28,79.511,16.002,3.500,0,0,1612580,192424,180708,5894968,12020.659,3541.489,0,664.092,0,14.002,8825,18448,2.730,1.440,0.770,6,0,80.011,0,0,10,31,6,23,0
19-01 12:33:29,81.309,12.759,5.004,0,0,1587628,216324,180824,5895872,463756.615,17356.636,0,2818.052,0,74.054,7208,16456,2.910,1.500,0.790,5,0,134.098,0,0,10,31,6,23,0
19-01 12:33:30,82.757,10.501,4.500,0,0,1587572,215344,181080,5896556,289965.907,20379.610,0,3020.239,0,130.010,6900,13227,2.910,1.500,0.790,6,0,85.007,0,0,10,31,6,23,0
19-01 12:33:31,83.510,12.501,3.750,0,0,1595708,230656,181160,5873264,57733.697,4777.554,4.000,9565.110,1.000,365.042,5772,11582,2.910,1.500,0.790,6,0,68.008,0,0,10,32,6,23,0
19-01 12:33:32,88.962,9.996,1.000,0,0,1665272,153536,181608,5879792,11648.026,2419.967,0,1051.551,0,26.988,4234,11138,2.910,1.500,0.790,8,0,29.987,0,0,10,32,6,24,0
19-01 12:33:33,80.537,16.257,2.751,0,0,1556660,261320,181760,5880172,10632.849,2541.159,0,952.434,0,32.015,3440,8458,2.910,1.500,0.790,6,0,147.067,0,0,10,31,6,24,0
19-01 12:33:34,82.998,12.000,4.500,0,0,1689984,126808,182132,5880804,72175.268,21713.479,0,3615.913,0,166.996,6591,14590,3.080,1.560,0.820,6,0,20.000,0,0,10,32,6,24,0
19-01 12:33:35,78.248,16.250,4.500,0.250,0,1630616,185548,182264,5881144,27096.404,6894.848,0,947.979,0,44.999,5959,11790,3.080,1.560,0.820,6,0,165.996,0,0,10,32,6,24,0
19-01 12:33:36,87.218,10.996,1.499,0.250,0,1637932,171292,182752,5886708,15172.386,2769.975,0,8800.744,0,56.979,4379,11621,3.080,1.560,0.820,10,0,94.965,0,0,10,32,6,24,0
19-01 12:33:37,85.528,11.754,3.001,0,0,1484100,323200,182968,5888100,22241.273,6619.164,0,1552.508,0,62.020,2912,7454,3.080,1.560,0.820,6,0,117.038,0,0,10,30,6,24,0
19-01 12:33:38,83.503,13.250,3.250,0,0,1673952,132436,183104,5888724,55891.733,5563.172,0,1020.032,0,52.002,5120,9395,3.080,1.560,0.820,7,0,68.002,0,0,10,32,6,24,0
19-01 12:33:39,79.249,15.250,4.750,0,0,1604812,200168,183136,5890096,10574.863,3664.952,0,443.994,0,29.000,5516,9562,3.310,1.630,0.840,7,0,177.998,0,0,10,32,6,24,0
19-01 12:33:40,86.494,10.749,2.500,0,0,1623556,191416,183656,5878948,9441.301,1793.867,4.000,8119.399,1.000,316.977,5641,9646,3.310,1.630,0.840,7,0,53.996,0,0,10,31,6,24,0
19-01 12:33:41,81.259,12.501,5.501,0,0,1515716,297556,183804,5880276,35565.090,3651.420,0,1300.150,0,43.005,4462,11419,3.310,1.630,0.840,6,0,167.019,0,0,10,30,6,24,0
19-01 12:33:42,85.992,13.249,1.000,0,0,1579000,232896,183828,5881556,16119.517,3780.652,0,459.958,0,18.998,2909,5708,3.310,1.630,0.840,7,0,85.992,0,0,10,32,6,24,0
19-01 12:33:43,79.316,12.761,7.506,0,0,1554980,249560,184424,5887356,7363.104,1869.550,0,1505.248,0,49.041,5677,14004,3.310,1.630,0.840,5,0,116.096,0,0,10,31,6,24,0
19-01 12:33:44,68.195,11.740,20.234,0,0,1532492,271252,184584,5887768,128830.390,11618.566,0,1786.549,0,70.942,3374,6829,3.290,1.660,0.860,4,0,137.888,0,0,10,30,6,22,0
19-01 12:33:45,70.656,12.483,15.479,0.250,0,1510336,278128,184620,5902896,8036651.996,54468.176,0,14848.148,0,80.892,6771,10067,3.290,1.660,0.860,3,0,79.893,0,0,10,36,6,23,0
19-01 12:33:46,71.345,12.016,15.521,0.751,0,1510428,230052,184796,5950108,24952873.416,132026.331,0,29479.148,0,135.180,9234,9201,3.290,1.660,0.860,5,0,92.122,0,0,10,35,6,24,0
19-01 12:33:47,68.228,11.496,20.493,0.750,0,1555412,165908,185180,5968148,8379810.461,45606.406,0,15886.916,0,174.944,5859,9666,3.290,1.660,0.860,6,0,62.980,0,0,10,36,6,25,0
19-01 12:33:48,76.532,12.755,11.755,0.250,0,1538220,169808,185296,5980836,6492574.389,21322.934,0,7279.050,0,51.021,5243,35021,3.290,1.660,0.860,6,0,102.043,0,0,10,35,6,26,0
19-01 12:33:49,82.247,15.249,1.750,0,0,1599148,123016,185348,5966740,6365.777,1693.941,0,18639.348,0,333.988,3421,16710,3.430,1.710,0.880,5,0,57.998,0,0,10,34,6,26,0
19-01 12:33:50,75.495,18.749,5.250,0,0,1471088,265956,185576,5951768,11480.196,1693.881,375.974,20482.566,6.000,140.990,3625,13029,3.430,1.710,0.880,5,0,280.980,0,0,10,34,6,24,0
19-01 12:33:51,80.256,15.001,4.750,0.500,0,1513976,180400,186664,5990364,8264.636,1778.137,8.001,4984.384,2.000,210.016,4314,7405,3.430,1.710,0.880,5,0,96.007,0,0,10,35,6,24,0
19-01 12:33:52,82.492,14.249,2.000,0.500,0,1555232,130416,187280,5995800,9111.134,1457.862,371.965,158584.934,42.996,884.916,5664,9295,3.430,1.710,0.880,5,0,59.994,0,0,10,34,6,23,0
19-01 12:33:53,75.999,16.250,7.750,0.250,0,1510708,178644,198600,5971472,9512.914,1693.985,0,34739.687,0,310.997,4932,8176,3.430,1.710,0.880,5,0,123.999,0,0,10,35,6,23,0
19-01 12:33:54,84.026,12.004,3.501,0.500,0.250,1553728,167296,200176,5935364,7848.449,1752.547,608.190,8682.709,7.002,56.017,4091,7811,3.470,1.750,0.900,7,0,49.015,0,0,10,33,6,23,2
19-01 12:33:55,70.139,17.223,10.983,0,0,1423544,338440,200196,5899568,11737.408,1833.096,43.930,2252.432,7.987,23.962,4456,11098,3.470,1.750,0.900,4,0,311.507,0,0,10,33,6,24,0
19-01 12:33:56,68.847,18.026,13.018,0.250,0,1464556,283364,200340,5913476,9136.929,1622.296,1682.381,1245.763,21.030,23.033,6030,13807,3.470,1.750,0.900,4,0,284.402,0,0,10,32,6,23,0
19-01 12:33:57,49.746,20.998,27.748,0.750,0,1406328,337444,200344,5917616,6288.465,1767.850,3955.664,975.917,98.992,14.999,5024,9469,3.470,1.750,0.900,4,0,506.957,0,0,10,33,6,23,0
19-01 12:33:58,42.852,11.211,45.344,0,0,1426068,317356,200344,5917964,9737.474,1614.441,0,398.628,0,18.935,2973,5755,3.470,1.750,0.900,4,0,176.393,0,0,10,32,6,23,0
19-01 12:33:59,41.337,9.520,48.352,0,0,1423408,319988,200352,5917984,7576.008,1515.202,0,320.678,0,22.047,3243,5612,3.350,1.750,0.900,3,0,94.199,0,0,10,33,6,24,0
19-01 12:34:00,45.355,5.763,49.364,0,0,1444180,299200,200352,5918000,10167.487,1569.626,0,276.639,0,22.051,2593,4177,3.350,1.750,0.900,3,0,5.012,0,0,10,33,6,24,0
19-01 12:34:01,44.328,6.226,48.313,0.249,0,1369696,373432,200372,5918232,9094.767,1613.748,0,386.503,0,36.857,3158,6738,3.350,1.750,0.900,3,0,34.865,0,0,10,32,6,27,0
19-01 12:34:02,45.861,5.263,48.618,0,0,1453412,289544,200372,5918404,6118.814,1623.932,0,180.437,0,12.029,2653,5128,3.350,1.750,0.900,2,0,0,0,0,10,33,6,27,0
19-01 12:34:03,43.048,8.509,48.554,0,0,1426020,316908,200380,5918424,10974.126,1621.792,0,600.664,0,21.023,1992,3243,3.350,1.750,0.900,3,0,61.067,0,0,10,32,6,28,0
19-01 12:34:04,41.918,8.234,48.405,0.250,0,1329148,413664,200388,5918532,8631.031,1616.821,0,439.137,0,37.925,3834,7527,3.250,1.760,0.910,4,0,102.798,0,0,10,32,6,25,0
19-01 12:34:05,37.964,14.986,46.455,0,0,1434028,308776,200388,5918540,15458.160,1530.531,0,255.754,0,17.983,2550,3563,3.250,1.760,0.910,2,0,279.731,0,0,10,32,6,25,0
19-01 12:34:06,42.984,8.747,47.982,0,0,1421788,320444,200400,5919100,12157.562,1693.382,0,371.864,0,32.988,2838,6267,3.250,1.760,0.910,3,0,93.966,0,0,10,32,6,20,0
19-01 12:34:07,44.358,8.270,48.368,0,0,1447812,294372,200400,5919148,11757.653,1623.958,0,264.645,0,17.042,1675,3396,3.250,1.760,0.910,3,0,46.112,0,0,10,33,6,21,0
19-01 12:34:08,44.821,5.478,48.058,0.249,0,1441208,299756,200404,5920364,11053.884,1613.560,0,454.187,0,39.841,2388,6931,3.250,1.760,0.910,4,0,30.877,0,0,10,32,6,21,0
19-01 12:34:09,27.853,19.070,53.448,0.251,0,1324784,415976,200408,5920564,7985.514,1626.010,0,236.875,0,15.056,3331,6594,3.140,1.760,0.910,2,0,373.380,0,0,10,32,6,19,0
19-01 12:34:10,21.713,3.494,73.624,0,0,1392668,348084,200412,5920568,7750.762,1617.238,0,235.598,0,9.983,1174,1558,3.140,1.760,0.910,2,0,31.945,0,0,10,33,6,19,0
19-01 12:34:11,18.516,7.757,72.314,0,0,1354524,386216,200416,5920576,10872.633,1621.437,0,268.238,0,23.020,2096,3060,3.140,1.760,0.910,2,0,91.081,0,0,10,32,6,19,0
19-01 12:34:12,22.485,2.748,72.952,0,0,1393552,347184,200416,5920580,7836.890,1457.050,0,307.799,0,21.986,1955,3220,3.140,1.760,0.910,2,0,0,0,0,10,32,6,19,0
19-01 12:34:13,18.026,8.512,72.853,0,0,1371032,369692,200416,5920592,8956.710,1790.541,0,184.261,0,12.017,1565,1996,3.140,1.760,0.910,1,0,99.141,0,0,10,32,6,18,0
19-01 12:34:14,22.973,3.746,73.166,0.250,0,1325400,415308,200420,5920604,9334.228,1618.133,0,267.691,0,25.970,1972,3280,2.970,1.750,0.910,2,0,13.984,0,0,10,32,6,19,0
19-01 12:34:15,18.525,7.510,72.599,0.250,0,1379100,361452,200440,5920740,9631.195,1696.324,0,1197.641,0,77.106,1648,2128,2.970,1.750,0.910,1,0,80.110,0,0,10,32,6,17,0
19-01 12:34:16,23.249,3.500,71.997,0,0,1325048,415484,200448,5920752,8969.659,1619.938,0,175.993,0,19.999,3099,5234,2.970,1.750,0.910,1,0,19.999,0,0,10,32,6,18,0
19-01 12:34:17,22.688,2.493,73.799,0.249,0,1394076,346436,200448,5920772,4998.394,1615.602,0,179.511,0,10.970,1215,1702,2.970,1.750,0.910,2,0,9.973,0,0,10,32,6,18,0
19-01 12:34:18,18.029,9.766,70.362,0,0,1326824,413520,200448,5920940,5091.115,1622.586,0,4.006,0,1.002,3077,5009,2.970,1.750,0.910,1,0,115.184,0,0,10,32,6,20,0
19-01 12:34:19,15.486,20.981,61.446,0,0,1363300,376864,200448,5921120,8907.135,1510.666,27.975,291.742,3.996,17.984,2889,4118,2.810,1.740,0.920,2,0,371.672,0,0,10,32,6,22,0
19-01 12:34:20,44.196,6.242,48.940,0.499,0,1500060,237848,200448,5923368,6590.959,1564.092,1410.279,183.776,31.961,7.990,1375,1529,2.810,1.740,0.920,2,0,3.995,0,0,10,36,6,22,0
19-01 12:34:21,40.387,6.522,44.149,10.285,0,1430036,301356,200956,5929380,9508.157,1625.497,116.394,32036.347,6.020,3012.187,13729,24491,2.810,1.740,0.920,5,1,125.424,0,0,10,36,6,22,0
19-01 12:34:22,40.418,7.485,41.666,9.980,0,1491672,238384,201244,5930428,8384.006,1690.573,0,47595.524,0,3976.939,16006,28286,2.810,1.740,0.920,3,0,43.911,0,0,10,34,6,22,0
19-01 12:34:23,46.550,4.755,48.552,0.250,0,1432012,298024,201244,5930448,9529.253,1621.745,0,800.862,0,49.053,1470,1588,2.810,1.740,0.920,3,0,7.008,0,0,10,34,5,22,0
19-01 12:34:24,38.022,7.254,44.026,9.255,0,1511208,218336,201460,5930892,9121.345,1620.950,0,50509.599,0,3155.849,16477,28075,2.750,1.740,0.920,1,1,2.001,0,0,10,34,5,22,0
19-01 12:34:25,29.162,7.976,59.571,0.997,0,1382856,346580,201496,5930964,6644.979,1615.134,0,7613.062,0,548.348,3503,5304,2.750,1.740,0.920,2,0,98.703,0,0,10,32,5,22,0
19-01 12:34:26,23.265,2.752,73.798,0,0,1448616,280808,201504,5930968,12665.283,1512.989,0,788.516,0,44.029,1192,1512,2.750,1.740,0.920,2,0,2.001,0,0,10,32,5,22,0
19-01 12:34:27,23.511,2.970,71.769,0.247,0,1400424,328948,201536,5930988,10176.414,1645.253,0,6656.246,0,363.302,1717,2504,2.750,1.740,0.920,2,0,0.990,0,0,10,32,5,22,0
19-01 12:34:28,23.711,3.279,73.656,0,0,1407420,321948,201540,5930988,5584.709,1580.064,0,113.006,0,12.108,855,1143,2.750,1.740,0.920,3,0,3.027,0,0,10,32,5,22,0
19-01 12:34:29,22.841,3.765,73.041,0,0,1438020,291268,201540,5931000,9637.366,1626.475,0,19646.212,0,74.296,1134,1270,2.610,1.730,0.920,1,0,3.012,0,0,10,32,5,22,0
19-01 12:34:30,24.008,2.001,74.025,0,0,1366076,363144,201540,5931068,8899.052,1620.556,0,0,0,0,836,1017,2.610,1.730,0.920,2,0,1.000,0,0,10,32,5,22,0
19-01 12:34:31,22.202,2.993,73.839,0,0,1433360,295860,201540,5931068,9542.169,1690.310,0,0,0,0,955,1124,2.610,1.730,0.920,2,0,1.996,0,0,10,32,5,22,0
19-01 12:34:32,23.801,2.004,73.908,0,0,1364576,364556,201540,5931156,7388.812,1589.401,0,0,0,0,768,971,2.610,1.730,0.920,3,0,1.002,0,0,10,32,5,22,0
19-01 12:34:33,23.250,3.000,74.251,0,0,1382168,346932,201540,5931188,6286.094,1620.024,0,0,0,0,812,1077,2.610,1.730,0.920,2,0,1.000,0,0,10,32,5,21,0
19-01 12:34:34,22.693,2.494,73.315,0.249,0,1441628,287460,201544,5931196,9852.094,1689.728,0,965.559,0,13.965,1072,1497,2.480,1.720,0.920,4,0,1.995,0,0,10,32,5,21,0
19-01 12:34:35,22.304,3.258,74.180,0,0,1408348,320704,201548,5931228,8669.040,1569.810,0,364.886,0,28.068,950,1269,2.480,1.720,0.920,3,0,1.002,0,0,10,32,5,21,0
19-01 12:34:36,22.953,2.744,73.850,0,0,1398152,330880,201548,5931248,6336.131,1616.716,0,0,0,0,948,1142,2.480,1.720,0.920,2,0,0.998,0,0,10,32,5,21,0
19-01 12:34:37,21.787,3.756,73.375,0,0,1347308,381724,201548,5931248,8911.149,1622.759,0,0,0,0,1168,1431,2.480,1.720,0.920,3,0,39.066,0,0,10,32,5,21,0
19-01 12:34:38,8.999,19.999,69.746,0,0,1350956,377928,201548,5931396,6403.641,1693.905,0,351.980,0,4.000,2432,3447,2.480,1.720,0.920,2,0,288.984,0,0,10,32,5,21,0
19-01 12:34:39,10.736,19.225,68.910,0,0,1349400,379468,201548,5931412,9571.481,1510.025,0,615.195,0,6.991,2476,3418,2.360,1.700,0.920,2,0,291.619,0,0,10,32,5,21,0
19-01 12:34:40,9.496,18.992,69.971,0.250,0,1350920,377476,201552,5931880,8581.430,1845.232,107.955,563.765,5.998,14.994,2574,3564,2.360,1.700,0.920,2,0,260.891,0,0,10,32,6,21,0
19-01 12:34:41,8.260,20.776,69.087,0,0,1346072,382308,201552,5931896,5033.362,1696.144,0,92.116,0,2.003,2402,3305,2.360,1.700,0.920,3,0,268.339,0,0,10,32,6,21,0
19-01 12:34:42,10.487,16.979,70.663,0,0,1345940,382416,201552,5931920,8560.505,1564.082,0,0,0,0,2225,2937,2.360,1.700,0.920,2,0,226.722,0,0,10,32,6,21,0
19-01 12:34:43,22.499,3.000,73.747,0,0,1430964,297400,201552,5931912,8576.614,1693.924,0,0,0,0,952,1110,2.360,1.700,0.920,2,0,2.000,0,0,10,32,6,21,0
19-01 12:34:44,23.249,3.000,72.748,0.250,0,1389152,339208,201552,5931916,10099.778,1703.963,0,199.996,0,15.000,1238,1690,2.250,1.690,0.920,2,0,1.000,0,0,10,32,6,21,0
19-01 12:34:45,23.250,3.250,73.001,0.250,0,1448604,279736,201572,5931916,7472.090,1662.020,0,6624.079,0,330.004,1672,2453,2.250,1.690,0.920,2,0,2.000,0,0,10,32,6,20,0
19-01 12:34:46,24.053,1.754,74.164,0,0,1402720,325608,201576,5931924,8780.457,1589.522,0,144.320,0,14.031,920,1162,2.250,1.690,0.920,2,0,1.002,0,0,10,32,6,20,0
19-01 12:34:47,22.450,2.494,74.085,0,0.249,1444552,283776,201576,5931924,9128.725,1764.082,0,19.956,0,2.993,944,1106,2.250,1.690,0.920,2,0,1.996,0,0,10,32,6,18,0
19-01 12:34:48,23.258,2.251,73.526,0,0,1412548,315788,201576,5931916,5939.097,1620.572,0,0,0,0,869,1188,2.250,1.690,0.920,3,0,2.001,0,0,10,32,6,18,0
19-01 12:34:49,22.496,3.000,73.488,0,0,1354592,373724,201576,5931936,7806.743,1619.739,0,51.992,0,3.000,919,1160,2.150,1.680,0.920,3,0,3.000,0,0,10,32,6,17,0
19-01 12:34:50,26.996,4.499,68.490,0,0,1424800,303528,201576,5931924,9212.646,1607.764,0,0,0,0,1639,3743,2.150,1.680,0.920,2,0,35.995,0,0,10,32,6,18,0
19-01 12:34:51,23.249,2.500,73.496,0,0,1378188,350152,201576,5931912,8995.550,1619.919,0,59.997,0,3.000,980,1117,2.150,1.680,0.920,2,0,1.000,0,0,10,32,6,18,0
19-01 12:34:52,23.252,1.750,74.005,0,0,1437156,291184,201576,5931912,8909.641,1620.117,0,24.002,0,1.000,914,1110,2.150,1.680,0.920,2,0,2.000,0,0,10,32,6,16,0
19-01 12:34:53,22.750,2.750,73.751,0,0,1392812,335592,201576,5931848,7366.088,1512.018,0,4.000,0,1.000,962,1176,2.150,1.680,0.920,2,0,1.000,0,0,10,32,6,16,0
19-01 12:34:54,23.999,2.750,72.496,0.250,0,1431700,296592,201576,5931944,10701.444,1619.916,0,2951.847,0,93.995,1371,1698,2.060,1.670,0.920,3,0,8.000,0,0,10,32,6,16,0
19-01 12:34:55,23.251,2.750,73.252,0.250,0,1345020,383524,201576,5931944,8473.271,1694.054,0,1252.040,0,160.005,1215,1328,2.060,1.670,0.920,2,0,2.000,0,0,10,32,6,16,0
19-01 12:34:56,23.019,3.002,74.060,0,0,1424420,304144,201576,5931924,5363.317,1695.365,0,0,0,0,790,1132,2.060,1.670,0.920,4,0,2.002,0,0,10,32,6,15,0
19-01 12:34:57,22.483,2.248,73.943,0,0,1359876,368668,201576,5931944,5393.847,1618.754,0,19.985,0,0.999,831,1058,2.060,1.670,0.920,3,0,0.999,0,0,10,32,6,15,0
19-01 12:34:58,22.956,3.244,73.609,0,0,1354008,374536,201576,5931944,12350.324,1563.004,0,19.962,0,0.998,969,1162,2.060,1.670,0.920,3,0,1.996,0,0,10,32,6,15,0
19-01 12:34:59,21.783,3.756,73.611,0,0,1430372,298180,201576,5931936,7789.786,1514.291,0,4.006,0,1.002,821,1101,1.970,1.660,0.920,3,0,2.003,0,0,10,32,6,15,0
19-01 12:35:00,18.011,9.756,72.292,0,0,1343200,385320,201576,5931968,9367.461,1662.970,0,100.058,0,5.003,1493,1990,1.970,1.660,0.920,3,0,124.072,0,0,10,32,6,14,0
19-01 12:35:01,9.750,19.501,69.252,0,0,1342860,385632,201576,5931996,7954.278,1620.057,0,184.006,0,8.000,2582,3747,1.970,1.660,0.920,1,0,336.012,0,0,10,32,6,14,0
19-01 12:35:02,22.436,2.992,74.040,0,0,1405824,322660,201576,5932004,9813.209,1615.425,0,0,0,0,819,1102,1.970,1.660,0.920,1,0,0,0,0,10,32,6,11,0
19-01 12:35:03,22.817,1.504,74.468,0,0,1356516,371728,201576,5932244,8651.305,1698.969,0,0,0,0,895,1071,1.970,1.660,0.920,1,0,9.026,0,0,10,32,6,11,0
19-01 12:35:04,23.644,2.738,73.422,0,0,1415472,312760,201576,5932256,7983.330,1612.794,0,195.128,0,11.947,1156,1726,1.900,1.650,0.930,1,0,0,0,0,10,32,6,8,0
19-01 12:35:05,9.797,21.102,67.324,0.251,0,1336584,391552,201580,5932348,10762.845,1465.057,4.019,635.059,1.005,30.145,2775,4001,1.900,1.650,0.930,2,0,349.684,0,0,10,32,6,8,0
19-01 12:35:06,9.493,19.985,69.696,0,0,1340748,387360,201580,5932376,11033.482,1618.750,0,95.926,0,3.997,2607,3564,1.900,1.650,0.930,1,0,314.757,0,0,10,32,6,8,0
19-01 12:35:07,10.020,21.292,68.635,0,0,1338740,389316,201580,5932428,7614.963,1623.190,0,200.394,0,3.006,3005,4522,1.900,1.650,0.930,1,0,440.866,0,0,10,32,6,8,0
19-01 12:35:08,9.750,20.750,68.501,0,0,1349040,378988,201580,5932456,9183.156,1620.028,0,716.012,0,9.000,3244,5042,1.900,1.650,0.930,1,0,495.008,0,0,10,32,6,7,0
19-01 12:35:09,9.502,20.754,69.013,0,0,1349024,378968,201580,5932492,6942.263,1620.295,0,1196.218,0,13.002,3313,5028,1.740,1.620,0.920,1,0,514.094,0,0,10,32,6,7,0
19-01 12:35:10,9.498,21.495,68.234,0,0,1347480,380492,201580,5932512,10526.600,1619.631,0,1771.596,0,29.993,3459,5306,1.740,1.620,0.920,1,0,520.881,0,0,10,32,6,7,0
19-01 12:35:11,8.507,19.265,70.804,0,0,1343312,384624,201580,5932548,7213.518,1695.297,0,196.150,0,7.005,2798,4151,1.740,1.620,0.920,4,0,371.284,0,0,10,32,6,7,0
19-01 12:35:12,8.240,20.225,69.664,0,0,1345708,382200,201580,5932576,5501.173,1530.101,0,235.707,0,8.989,2904,4414,1.740,1.620,0.920,2,0,412.488,0,0,10,32,6,7,0
19-01 12:35:13,11.752,19.253,69.259,0.250,0,1346648,381040,201580,5932796,10780.445,1788.240,188.025,228.031,8.001,13.002,3183,4825,1.740,1.620,0.920,3,0,490.066,0,0,10,32,6,7,0
19-01 12:35:14,17.763,20.265,61.044,0.250,0,1354972,369516,201592,5935984,9612.931,1621.169,3318.393,24.017,44.032,6.004,3226,4985,1.760,1.630,0.930,1,0,496.358,0,0,10,32,6,7,0
19-01 12:35:15,36.489,32.740,30.991,0,0,1434348,289844,201620,5936268,7420.803,1693.499,95.972,983.709,4.999,53.984,4152,8101,1.760,1.630,0.930,6,0,939.722,0,0,10,32,6,13,0
19-01 12:35:16,78.270,19.505,2.001,0.500,0,1628884,123744,202764,5903652,9229.381,1620.418,1304.337,2812.726,33.009,323.083,8909,4038,1.760,1.630,0.930,4,0,207.053,0,0,10,32,6,12,0
19-01 12:35:17,61.242,14.498,16.248,6.249,0,1594768,196196,203320,5865496,8129.959,1619.793,0,61664.107,0,4610.410,20104,33860,1.760,1.630,0.930,5,0,202.974,0,0,10,36,6,13,0
19-01 12:35:18,63.006,12.501,13.501,9.751,0,1651680,126552,204244,5877192,10931.006,1620.149,0,87484.049,0,6461.594,23783,42332,1.760,1.630,0.930,3,1,118.011,0,0,10,36,6,10,0
19-01 12:35:19,53.503,14.001,22.501,8.250,0,1588088,198984,204532,5868380,9118.447,1694.083,68.003,79619.901,1.000,6029.295,24210,41830,1.940,1.670,0.940,3,0,159.008,0,0,10,36,6,11,0
19-01 12:35:20,41.250,17.500,31.250,10.250,0,1555004,221936,204904,5878092,4406.048,1532.017,0,74028.814,0,6025.066,24700,41749,1.940,1.670,0.940,4,0,215.002,0,0,10,34,6,9,0
19-01 12:35:21,35.748,7.500,42.747,10.749,0,1564936,205640,205212,5884116,9285.387,1693.888,0,55760.320,0,4860.679,22154,40674,1.940,1.670,0.940,3,1,56.996,0,0,10,35,6,11,0
19-01 12:35:22,37.498,8.249,41.747,11.249,0,1547880,219616,205612,5886772,7770.503,1619.896,0,49116.857,0,4222.730,17976,32761,1.940,1.670,0.940,4,0,86.994,0,0,10,34,6,11,0
19-01 12:35:23,39.277,6.004,43.280,10.257,0.250,1565400,200996,205860,5887604,9711.740,1695.176,0,43958.507,0,4060.818,17943,33862,1.940,1.670,0.940,1,1,36.025,0,0,10,35,6,15,0
19-01 12:35:24,35.449,9.237,43.188,9.986,0,1535732,229572,205996,5888560,7596.039,1617.666,0,50111.689,0,4587.380,19857,35929,2.110,1.700,0.960,1,1,109.841,0,0,10,34,6,18,0
19-01 12:35:25,43.010,6.752,41.760,8.002,0,1567480,195860,206060,5890456,11553.819,1620.395,0,38221.326,0,3530.862,16485,30909,2.110,1.700,0.960,5,0,42.010,0,0,10,35,6,18,0
19-01 12:35:26,35.024,9.757,45.782,9.507,0,1516836,243324,206200,5893488,7810.452,1621.132,0,42201.457,0,3809.659,17090,34066,2.110,1.700,0.960,2,0,81.057,0,0,10,34,6,19,0
19-01 12:35:27,35.216,8.492,41.710,13.237,0,1566248,190488,206336,5896732,5651.614,1604.471,0,61944.966,0,5091.148,19145,36058,2.110,1.700,0.960,3,0,62.940,0,0,10,37,6,19,0
19-01 12:35:28,35.774,7.005,45.281,9.256,0,1567116,186708,206516,5899460,8105.520,1621.104,0,51306.940,0,4373.979,18331,38527,2.110,1.700,0.960,3,1,85.058,0,0,10,36,6,19,0
19-01 12:35:29,35.254,10.751,47.256,7.251,0,1555824,195348,206704,5901856,9637.205,1620.203,0,53634.704,0,4854.607,19694,35687,2.100,1.710,0.960,1,1,115.014,0,0,10,36,6,19,0
19-01 12:35:30,37.252,9.751,45.003,8.501,0,1512112,243572,206792,5897212,9741.653,1620.109,0,47243.165,0,4476.300,21081,36985,2.100,1.710,0.960,2,0,55.004,0,0,10,36,6,21,0
19-01 12:35:31,40.752,7.750,46.002,5.250,0,1458352,296916,206792,5897624,11032.419,1620.062,0,27537.046,0,2289.087,11163,18319,2.100,1.710,0.960,2,0,133.005,0,0,10,32,6,22,0
19-01 12:35:32,19.991,10.246,66.971,0.750,0,1429964,325256,206792,5897672,9315.948,1619.296,0,8912.123,0,544.763,3681,5392,2.100,1.710,0.960,1,0,168.927,0,0,10,32,6,22,0
19-01 12:35:33,23.957,2.995,72.371,0,0,1457132,298068,206792,5897688,10863.663,1509.313,0,878.436,0,59.893,2728,4486,2.100,1.710,0.960,2,0,0,0,0,10,32,6,22,0
19-01 12:35:34,21.993,3.499,73.227,0.250,0,1442428,312756,206792,5897704,7863.531,1565.508,0,463.854,0,24.992,1182,1499,2.010,1.700,0.970,1,0,42.987,0,0,10,32,6,22,0
19-01 12:35:35,22.785,3.756,72.612,0,0,1382204,372952,206792,5897732,5675.752,1622.502,0,564.871,0,36.056,2760,4540,2.010,1.700,0.970,3,0,17.026,0,0,10,32,6,22,0
19-01 12:35:36,10.744,19.740,67.965,0.750,0,1388492,366564,206792,5897832,6776.476,1693.120,0,2558.669,0,162.915,2978,3943,2.010,1.700,0.970,3,0,327.830,0,0,10,32,6,22,0
19-01 12:35:37,10.770,21.039,66.873,0,0,1393964,361028,206792,5897896,9783.934,1697.111,4.007,96.176,1.002,7.013,2661,3704,2.010,1.700,0.970,2,0,354.650,0,0,10,32,6,22,0
19-01 12:35:38,58.111,14.715,27.185,0,0,1572624,181688,206824,5898544,9173.104,1616.142,0,841.990,0,55.867,2605,3617,2.010,1.700,0.970,3,0,180.569,0,0,10,32,6,28,0
19-01 12:35:39,66.633,9.770,23.297,0,0,1767764,130784,206932,5757324,13518.077,1623.251,12.024,9130.288,2.004,315.632,2248,1848,2.090,1.720,0.980,3,0,6.012,0,0,10,32,6,28,0
19-01 12:35:40,45.525,9.005,35.270,9.755,0,1780928,137348,207096,5738020,6566.644,1458.810,2573.428,53941.938,106.059,4275.373,20071,32646,2.090,1.720,0.980,3,0,183.102,0,0,10,38,6,28,0
19-01 12:35:41,39.471,9.243,36.473,13.490,0,1781940,123276,207304,5750512,8825.540,1660.784,0,104987.149,0,8827.538,38703,64090,2.090,1.720,0.980,3,1,257.811,0,0,10,38,6,28,0
19-01 12:35:42,39.505,8.501,39.505,12.752,0,1650484,261956,207392,5743320,8478.111,1620.212,28.004,85319.177,2.000,6969.913,29737,47699,2.090,1.720,0.980,2,1,172.023,0,0,10,36,6,28,0
19-01 12:35:43,44.250,13.250,31.500,12.000,0,1712352,188908,207448,5754100,5731.011,1694.003,4.000,75628.151,1.000,5726.011,24642,40034,2.090,1.720,0.980,2,0,207.000,0,0,10,36,6,28,0
19-01 12:35:44,43.500,10.500,30.500,16.500,0,1772884,132812,207516,5749376,9439.019,1620.003,0,123892.248,0,9214.018,33590,57304,2.240,1.760,0.990,4,0,29.000,0,0,10,36,6,28,0
19-01 12:35:45,52.497,8.750,28.748,9.999,0,1666312,242868,207592,5745984,7142.621,1693.910,0,73628.098,0,6096.677,24346,40751,2.240,1.760,0.990,3,0,152.992,0,0,10,36,6,28,0
19-01 12:35:46,26.965,12.983,58.924,0.250,0,1421240,487840,207592,5746084,5442.018,1659.870,0,7961.785,0,472.394,3350,5059,2.240,1.760,0.990,3,0,275.646,0,0,10,32,6,28,0
19-01 12:35:47,23.754,2.000,73.761,0.250,0,1492300,416776,207592,5746088,11874.805,1458.222,0,1388.211,0,87.013,1241,1696,2.240,1.760,0.990,2,0,1.000,0,0,10,32,6,28,0
19-01 12:35:48,22.975,3.496,73.172,0.499,0,1525936,383008,207592,5746220,11928.273,1618.273,0,4950.718,0,309.670,1858,2802,2.240,1.760,0.990,2,0,2.997,0,0,10,38,6,28,0
19-01 12:35:49,20.498,4.250,73.744,0,0,1455232,453708,207592,5746224,12655.962,1619.867,0,83.993,0,8.999,1181,1390,2.140,1.750,0.990,2,0,27.998,0,0,10,32,6,28,0
19-01 12:35:50,26.545,4.758,68.116,0,0,1544412,364528,207592,5749252,10673.198,1622.767,0,32.055,0,4.007,1546,2849,2.140,1.750,0.990,4,0,36.061,0,0,11,35,6,28,0
19-01 12:35:51,18.009,18.259,63.031,0.250,0,1410248,498628,207592,5746288,8028.942,1620.796,84.041,568.279,5.002,54.027,2906,4736,2.140,1.750,0.990,3,0,432.212,0,0,10,32,6,28,0
19-01 12:35:52,16.501,37.003,45.754,0,0,1408656,500104,207592,5746404,9567.861,1694.152,0,212.019,0,25.002,5214,8916,2.140,1.750,0.990,2,0,1139.103,0,0,10,32,6,28,0
19-01 12:35:53,11.220,21.942,65.576,0,0,1410716,497936,207592,5746496,7715.469,1615.701,43.883,291.225,0.997,20.944,3214,5064,2.140,1.750,0.990,1,0,544.551,0,0,10,32,5,28,0
19-01 12:35:54,6.760,15.522,76.359,0.250,0,1404192,503776,207628,5747140,8985.859,1502.150,624.894,0,16.023,0,2399,3258,2.050,1.730,0.990,3,0,215.308,0,0,11,12,5,28,20
19-01 12:35:55,11.750,18.749,67.748,0,0,1414696,492856,207628,5747868,7487.798,1619.956,515.986,759.979,38.999,156.996,4354,6813,2.050,1.730,0.990,2,0,397.989,0,0,11,12,5,28,20
19-01 12:35:56,24.517,19.514,55.539,0,0,1448752,457936,207640,5748272,11276.905,1621.136,44.031,4.003,2.001,1.001,4905,8261,2.050,1.730,0.990,1,0,376.264,0,0,13,12,5,28,20
19-01 12:35:57,13.495,17.743,67.974,0,0,1456544,449860,207640,5748704,8796.666,1619.386,0,35.986,0,8.997,4297,7878,2.050,1.730,0.990,7,0,293.889,0,0,13,12,5,28,20
19-01 12:35:58,22.723,20.476,56.683,0.250,0,1492756,413368,207640,5748792,5323.675,1618.078,3.995,339.597,0.999,3.995,3940,5916,2.050,1.730,0.990,1,0,408.515,0,0,15,12,5,28,20
19-01 12:35:59,11.780,18.797,66.418,0,0,1499556,406536,207640,5749164,5630.199,1624.096,0,32.081,0,7.018,3556,6499,1.970,1.720,0.990,1,0,248.627,0,0,15,12,5,28,20
19-01 12:36:00,33.740,14.995,50.984,0,0,1587680,318276,207644,5748848,9469.102,1511.537,0,0,0,0,3911,6063,1.970,1.720,0.990,9,0,128.961,0,0,17,12,5,28,20
19-01 12:36:01,83.747,15.749,0,0,0,1901876,135696,207676,5619664,9718.611,1639.934,0,1235.951,0,39.998,2143,3104,1.970,1.720,0.990,12,0,35.999,0,0,17,12,5,28,20
19-01 12:36:02,36.735,15.494,46.981,0,0,1933416,186932,207680,5538636,9551.103,1693.309,0,4506.161,0,329.865,3250,4270,1.970,1.720,0.990,1,0,236.903,0,0,17,12,5,28,20
19-01 12:36:03,10.991,18.985,68.445,0,0,1941004,179312,207680,5538668,9437.356,1618.689,3.997,23.981,0.999,5.995,2629,3967,1.970,1.720,0.990,2,0,267.783,0,0,17,12,5,28,20
19-01 12:36:04,18.009,15.007,64.281,0,0.250,1945204,175012,207680,5538680,10853.296,1694.827,0,8.004,0,2.001,5042,8306,1.890,1.710,1,4,0,153.075,0,0,17,12,5,28,20
19-01 12:36:05,22.463,5.740,70.133,0.250,0,1994604,134168,207680,5530188,7582.383,1617.309,1050.252,0,17.970,0,2009,3213,1.890,1.710,1,4,0,129.784,0,0,18,12,5,28,20
19-01 12:36:06,14.744,8.497,76.721,0,0,2032236,136732,207680,5490880,8608.763,1619.391,3.998,371.860,1.000,2.999,1791,2710,1.890,1.710,1,2,0,90.966,0,0,18,12,5,29,20
19-01 12:36:07,23.266,3.502,70.549,0,0,2065696,134828,207680,5459972,6782.687,1513.046,76.053,112.077,7.005,12.008,2780,5363,1.890,1.710,1,1,0,0,0,0,18,22,5,30,0
19-01 12:36:08,11.269,18.030,70.116,0.501,0,2021088,178920,207680,5460460,10173.848,1696.810,284.471,464.770,3.005,47.078,4020,6781,1.890,1.710,1,1,0,559.927,0,0,18,18,5,34,0
19-01 12:36:09,12.732,17.725,69.400,0,0,2021368,178516,207680,5460984,7348.448,1563.754,0,47.931,0,11.983,3874,6752,1.820,1.700,1,3,0,515.260,0,0,18,18,5,34,0
19-01 12:36:10,32.463,14.484,51.192,0,0,2075008,124408,207688,5461460,9571.165,1843.913,327.629,623.294,2.997,10.988,5677,9503,1.820,1.700,1,3,0,193.781,0,0,18,19,6,34,0
19-01 12:36:11,47.544,5.005,47.044,0,0,2150220,133812,207688,5378584,7387.908,1695.585,4.004,644.603,1.001,29.027,1750,2248,1.820,1.700,1,6,0,0,0,0,18,19,6,34,0
19-01 12:36:12,47.756,4.251,46.256,0,0,2229860,131684,207684,5302624,9781.252,1620.207,188.024,332.043,2.000,21.003,2510,3712,1.820,1.700,1,2,0,20.003,0,0,18,35,6,34,0
19-01 12:36:13,36.804,12.018,50.073,0.250,0.250,2272136,127980,207692,5264684,7330.688,1832.672,0,492.718,0,28.041,6291,11228,1.820,1.700,1,1,0,110.161,0,0,18,34,6,34,0
19-01 12:36:14,9.212,18.923,68.968,0,0,2275760,124208,207692,5265176,6913.730,1547.672,0,135.446,0,7.967,3731,6374,1.750,1.680,1,3,0,240.019,0,0,18,34,6,34,0
19-01 12:36:15,11.279,10.777,77.196,0,0,2281632,132180,207692,5251296,8689.079,1666.234,216.550,112.285,10.025,10.025,2988,4812,1.750,1.680,1,2,0,88.224,0,0,18,34,6,28,0
19-01 12:36:16,1.500,0.500,96.262,0,0,2281616,132180,207692,5251376,7287.896,1566.193,64.008,0,2.000,0,940,1649,1.750,1.680,1,4,0,3.000,0,0,18,34,6,28,0
19-01 12:36:17,2.000,0.750,95.750,0,0,2281612,132180,207692,5251380,5314.021,1768.007,0,108.000,0,11.000,1045,1802,1.750,1.680,1,1,0,3.000,0,0,18,34,6,28,0
19-01 12:36:18,1.995,0.997,95.740,0,0,2281420,132180,207692,5251572,9606.956,1689.420,0,319.135,0,12.965,1182,1970,1.750,1.680,1,2,0,2.992,0,0,18,36,6,27,0
19-01 12:36:19,3.006,4.259,90.433,0,0,2229728,183736,207692,5251692,7574.338,1623.287,0,4.008,0,1.002,1555,2464,1.610,1.660,0.990,1,0,47.095,0,0,18,34,6,28,0
19-01 12:36:20,18.771,18.020,61.570,0.250,0,2233320,184200,207692,5247604,9025.253,1513.720,256.291,9098.336,13.015,550.626,5162,13154,1.610,1.660,0.990,1,0,259.295,0,0,18,34,6,27,0
19-01 12:36:21,13.017,18.274,66.589,0.250,0,2315788,130748,207680,5219348,9302.419,1770.363,1025.369,1489.989,24.032,196.262,3553,5238,1.610,1.660,0.990,2,1,250.334,0,0,19,34,6,27,0
19-01 12:36:22,17.993,18.493,61.476,0.500,0,2319360,129780,207692,5216848,5575.781,1709.320,51.979,335.866,12.995,31.987,5657,11006,1.610,1.660,0.990,2,0,175.930,0,0,19,50,6,25,0
19-01 12:36:23,4.741,6.987,86.339,0.250,0,2320376,128564,207692,5216928,9648.006,1563.085,195.635,215.598,8.983,9.981,2077,3334,1.610,1.660,0.990,2,0,145.728,0,0,19,50,6,25,0
19-01 12:36:24,13.258,16.760,67.788,0.250,0,2324728,138536,207692,5202984,10436.918,1620.919,0,1977.121,0,337.191,3829,6475,1.560,1.640,0.990,2,0,184.104,0,0,21,50,6,20,0
19-01 12:36:25,13.493,17.990,67.214,0,0,2332452,130516,207692,5203124,7371.093,1693.103,167.911,0,6.996,0,3534,5618,1.560,1.640,0.990,2,0,242.871,0,0,21,52,6,20,0
19-01 12:36:26,9.503,19.006,69.522,0,0,2338068,124880,207692,5203144,11376.527,1694.525,0,4.001,0,1.000,2813,4115,1.560,1.640,0.990,2,0,258.080,0,0,21,52,6,18,0
19-01 12:36:27,10.010,21.021,67.817,0.250,0,2326984,139040,207692,5200152,9343.297,1513.506,0,1157.151,0,215.214,3199,4221,1.560,1.640,0.990,2,0,263.262,0,0,21,52,6,18,0
19-01 12:36:28,26.024,18.016,54.800,0.250,0,2339860,132376,207692,5193928,12894.721,1621.474,0,196.178,0,4.004,5099,7830,1.560,1.640,0.990,2,0,266.242,0,0,21,52,6,17,0
19-01 12:36:29,29.993,23.995,45.240,0,0,2409832,134104,207688,5123932,7480.332,1619.639,7.998,347.922,2.000,5.999,3556,5863,1.520,1.630,0.990,2,0,490.891,0,0,21,52,6,17,0
19-01 12:36:30,28.261,26.260,45.267,0,0,2484616,132264,207692,5052396,5485.112,1620.624,36.014,20.008,3.001,5.002,3655,8821,1.520,1.630,0.990,2,0,417.161,0,0,21,56,6,19,0
19-01 12:36:31,32.666,21.694,44.137,0,0,2527920,133900,207696,5008044,9413.910,1562.003,3.990,35.908,0.997,8.977,3376,7054,1.520,1.630,0.990,3,0,337.137,0,0,21,56,6,19,0
19-01 12:36:32,46.868,21.554,31.329,0,0,2627472,122984,207696,4919488,9754.562,1834.620,0,24.061,0,6.015,3738,8386,1.520,1.630,0.990,3,0,352.889,0,0,21,56,6,16,0
19-01 12:36:33,51.629,26.189,20.701,0.249,0,2744012,136616,207696,4789736,6847.935,1702.007,7.981,5878.210,1.995,332.221,5615,9417,1.520,1.630,0.990,3,0,465.907,0,0,21,56,6,16,0
19-01 12:36:34,64.771,22.007,11.504,0.250,0.250,2849608,130384,207932,4691560,12709.080,1620.520,216.069,8.003,54.017,2.001,5108,9740,1.720,1.670,1.010,4,0,417.134,0,0,21,60,6,16,0
19-01 12:36:35,65.681,19.303,11.782,1.253,0,2977172,130356,207936,4566048,10303.386,1744.807,4.011,9109.096,1.003,1028.834,10702,19563,1.720,1.670,1.010,5,0,286.790,0,0,21,60,6,16,0
19-01 12:36:36,66.638,26.955,4.492,1.747,0,3068332,126100,207944,4479624,13741.968,1617.289,0,32565.420,0,2202.309,13550,26733,1.720,1.670,1.010,6,0,533.107,0,0,21,62,6,16,0
19-01 12:36:37,75.312,21.518,3.503,0,0,3157708,140048,207964,4378332,11070.089,1621.331,4.003,11045.068,1.001,714.587,8903,19536,1.720,1.670,1.010,6,0,194.159,0,0,21,64,6,20,0
19-01 12:36:38,63.009,25.504,10.502,0,0,3292592,135804,207964,4250336,5175.750,1620.235,460.067,13369.939,7.001,827.120,7044,20578,1.720,1.670,1.010,4,0,490.071,0,0,21,79,6,20,0
19-01 12:36:39,50.468,26.233,22.736,0,0,3393184,127136,207964,4161024,11384.816,1618.978,15.990,1011.362,0.999,55.965,7276,24208,2.060,1.750,1.040,3,0,450.716,0,0,21,79,6,20,0
19-01 12:36:40,52.759,14.503,30.255,0.250,0,3502696,135616,207968,4044224,8908.595,1458.261,644.115,9133.635,21.004,614.110,5056,13631,2.060,1.750,1.040,5,0,163.029,0,0,21,82,6,20,0
19-01 12:36:41,47.503,11.751,39.003,0.750,0,3616840,135540,207980,3931172,9254.676,1694.124,836.061,2512.183,70.005,128.009,4110,11839,2.060,1.750,1.040,3,0,64.005,0,0,21,87,6,23,0
19-01 12:36:42,9.497,18.244,70.228,0,0,3624444,137100,207980,3922156,6798.852,1783.436,0,187.941,0,8.997,2798,4186,2.060,1.750,1.040,3,0,246.922,0,0,21,87,6,23,0
19-01 12:36:43,9.497,19.494,69.480,0.250,0,3632068,129552,207980,3922104,9275.301,1693.507,0,235.931,0,16.995,2857,4243,2.060,1.750,1.040,4,0,231.933,0,0,21,87,6,23,0
19-01 12:36:44,9.993,16.987,70.698,0,0,3633884,129512,207980,3920328,6971.834,1618.800,0,503.627,0,32.976,2824,4311,1.890,1.720,1.030,3,0,248.816,0,0,21,87,6,23,0
19-01 12:36:45,10.248,18.745,69.733,0,0,3631520,136724,207980,3915512,5978.547,1735.578,0,263.936,0,1.000,2760,4042,1.890,1.720,1.030,4,0,252.939,0,0,21,87,6,23,0
19-01 12:36:46,10.994,18.740,68.212,0,0,3639644,128584,207980,3915528,5490.980,1499.175,0,55.969,0,6.996,2787,4156,1.890,1.720,1.030,4,0,259.857,0,0,21,87,6,23,0
19-01 12:36:47,14.285,18.044,66.410,0,0,3637884,134340,207980,3911912,11872.684,1623.923,68.165,116.281,1.002,9.022,4109,6839,1.890,1.720,1.030,1,0,249.603,0,0,21,89,6,23,0
19-01 12:36:48,27.499,19.249,51.497,0.500,0,3671048,129192,207972,3883608,7191.619,1619.914,787.958,6795.640,11.999,530.972,6160,8538,1.890,1.720,1.030,4,0,340.982,0,0,21,91,6,23,0
19-01 12:36:49,29.994,23.995,43.741,0,0,3728668,130908,207952,3824440,10413.803,1693.643,119.975,135.971,12.997,13.997,3538,5816,1.980,1.740,1.040,2,0,425.910,0,0,21,95,6,24,0
19-01 12:36:50,31.509,19.506,46.763,0.250,0,3782088,136864,207920,3765972,7526.137,1694.481,4.001,616.175,1.000,39.011,6082,10102,1.980,1.740,1.040,3,0,240.068,0,0,23,105,6,24,0
19-01 12:36:51,62.749,27.250,8.500,0.250,0,3948744,129364,206732,3610636,9967.821,1693.970,1091.980,9879.822,73.999,840.985,10012,28031,1.980,1.740,1.040,4,0,613.989,0,0,23,117,6,25,0
19-01 12:36:52,60.267,19.005,19.005,0,0,4048636,128664,206676,3512984,8968.583,1710.493,144.041,596.172,4.001,39.011,7388,15984,1.980,1.740,1.040,5,0,297.086,0,0,23,131,6,24,0
19-01 12:36:53,41.904,24.444,33.174,0,0,4120920,129892,206636,3440072,7178.547,1732.030,95.780,431.012,1.995,22.947,5214,11409,1.980,1.740,1.040,2,0,472.916,0,0,23,133,6,24,0
19-01 12:36:54,18.267,21.520,58.303,0,0,4144616,133024,206628,3413544,9787.927,1459.331,12.011,192.175,1.001,15.014,3254,5317,1.990,1.740,1.050,1,0,363.331,0,0,24,133,6,24,0
19-01 12:36:55,16.010,18.011,64.290,0,0,4149628,140008,206624,3402004,8076.031,1621.010,0,240.150,0,12.007,5410,9212,1.990,1.740,1.050,2,0,206.128,0,0,24,133,6,24,0
19-01 12:36:56,31.474,18.985,48.461,0.250,0,4201868,132384,206604,3357288,6069.054,1618.681,7.993,547.554,1.998,39.967,4088,6824,1.990,1.740,1.050,2,0,405.669,0,0,24,133,6,24,0
19-01 12:36:57,34.690,19.716,43.674,0.250,0,4261712,128352,206580,3303036,10663.563,1764.948,3.993,355.386,0.998,23.959,4584,8990,1.990,1.740,1.050,1,0,280.515,0,0,24,139,6,24,0
19-01 12:36:58,36.607,24.070,39.365,0.501,0,4350924,138532,206520,3205772,8720.464,1624.744,52.152,12761.263,9.026,1095.198,9433,14709,1.990,1.740,1.050,2,0,557.628,0,0,24,145,6,24,0
19-01 12:36:59,32.458,21.971,44.942,0.250,0,4409616,130976,206500,3156000,9398.772,1617.895,43.943,231.699,1.997,15.979,4724,8953,1.990,1.750,1.050,2,0,729.052,0,0,24,147,6,24,0
19-01 12:37:00,19.513,22.766,54.538,0,0,4468132,127276,206452,3103120,7339.064,1513.044,188.130,780.539,33.023,51.035,7283,13177,1.990,1.750,1.050,1,0,329.227,0,0,24,157,6,24,0
19-01 12:37:01,35.441,14.476,48.170,0.250,0,4524892,131892,206400,3043424,5667.530,1563.388,283.526,555.072,17.970,46.922,6097,13303,1.990,1.750,1.050,3,0,179.700,0,0,24,165,6,25,0
19-01 12:37:02,49.348,9.471,39.877,0,0,4656220,129272,206252,2919212,9778.949,1615.037,446.628,753.684,9.969,60.813,2281,3043,1.990,1.750,1.050,4,0,6.979,0,0,24,175,6,25,0
19-01 12:37:03,40.830,5.010,52.603,0.501,0,4719060,132336,206188,2856044,9193.937,1623.167,1571.065,5987.682,62.121,540.054,2908,3787,1.990,1.750,1.050,6,0,9.018,0,0,24,186,6,25,0
19-01 12:37:04,31.604,23.327,44.647,0,0,4678296,172924,206188,2856220,6313.791,1625.352,32.106,232.767,8.026,13.043,3603,6501,1.990,1.750,1.060,2,0,440.450,0,0,24,185,6,25,0
19-01 12:37:05,38.498,25.499,33.248,1.250,0,4716392,133104,206172,2858464,11554.330,1619.906,14187.177,403.977,171.990,33.998,5578,14040,1.990,1.750,1.060,3,0,472.973,0,0,24,189,6,25,0
19-01 12:37:06,53.747,20.999,20.249,3.500,0,4730616,171328,206140,2807136,11644.429,1693.917,42845.901,523.974,482.976,22.999,6483,11674,1.990,1.750,1.060,5,0,178.991,0,0,24,193,6,25,0
19-01 12:37:07,71.988,15.693,6.975,3.736,0,4801916,193712,206116,2717784,10581.473,1580.246,39085.689,5715.191,495.197,529.074,4844,8649,1.990,1.750,1.060,4,0,88.677,0,0,24,200,6,24,0
19-01 12:37:08,69.719,17.304,5.768,7.022,0,4909348,152156,205536,2655152,8889.941,1625.108,57011.186,10561.194,984.093,449.413,6295,10732,1.990,1.750,1.060,3,1,41.129,0,0,24,211,6,24,0
19-01 12:37:09,48.272,24.261,23.261,3.752,0.250,4889424,171364,205464,2656844,5751.646,1566.721,50347.160,972.447,503.231,45.021,6845,13183,2.070,1.770,1.070,2,1,384.177,0,0,24,205,6,26,0
19-01 12:37:10,42.245,27.747,25.747,3.000,0,4933536,152800,205316,2632540,9417.908,1619.812,42455.075,11394.678,458.947,489.943,7316,11396,2.070,1.770,1.070,3,0,320.963,0,0,24,207,6,26,0
19-01 12:37:11,55.491,25.746,16.497,2.500,0,4965308,136716,204464,2618736,7827.795,1619.751,39549.909,795.877,387.940,49.992,5233,10828,2.070,1.770,1.070,7,0,390.940,0,0,24,209,6,26,0
19-01 12:37:12,59.979,24.991,12.496,0.750,0,5023520,131196,203048,2570424,9868.487,1619.423,14338.895,499.822,160.943,24.991,11472,37149,2.070,1.770,1.070,4,0,342.878,0,0,24,211,6,26,0
19-01 12:37:13,60.543,24.017,14.010,0.500,0,5056636,127160,203112,2541496,8432.954,1715.211,2085.472,16575.702,70.049,847.598,6253,16626,2.070,1.770,1.070,3,0,439.310,0,0,24,217,6,30,0
19-01 12:37:14,56.384,23.951,18.711,0.249,0,5074752,176604,201756,2476708,9195.031,1582.735,283.415,902.139,16.965,74.846,7695,18758,2.220,1.810,1.080,6,0,302.376,0,0,24,223,6,31,0
19-01 12:37:15,65.137,15.282,18.789,0.501,0,5238604,134848,199376,2359144,6647.974,1697.568,264.556,6357.363,22.046,599.260,5226,10709,2.220,1.810,1.080,5,0,173.364,0,0,24,223,6,32,0
19-01 12:37:16,65.218,10.455,22.652,0.249,0,5294604,133708,198772,2305800,13700.758,4430.841,927.987,812.487,63.724,52.772,5876,11005,2.220,1.810,1.080,6,0,5.974,0,0,24,229,6,38,0
19-01 12:37:17,53.478,9.038,35.903,0.251,0,5300892,181248,197744,2254172,49663.317,15735.956,164.701,5595.810,11.047,504.145,5039,8749,2.220,1.810,1.080,3,0,58.248,0,0,24,240,6,38,0
19-01 12:37:18,36.997,23.998,37.497,0.500,0,5305976,176072,197764,2254252,9813.156,1619.861,175.985,931.920,10.999,84.993,5408,11659,2.220,1.810,1.080,3,0,439.962,0,0,24,242,6,40,0
19-01 12:37:19,40.199,19.475,38.451,0.250,0,5259516,221756,197776,2255228,10564.520,1659.882,283.638,1526.053,12.983,177.773,6261,13025,2.130,1.800,1.080,2,0,293.625,0,0,24,243,6,40,0
19-01 12:37:20,59.290,15.761,24.016,0.751,0,5388164,215716,197056,2137204,8674.803,1621.085,40.027,7112.758,7.005,668.447,4983,7887,2.130,1.800,1.080,4,0,186.125,0,0,25,246,6,40,0
19-01 12:37:21,65.733,7.748,24.744,1.250,0,5474504,144644,196720,2122620,9525.523,1511.607,2067.462,879.771,152.960,39.990,3868,5967,2.130,1.800,1.080,5,0,8.998,0,0,25,246,6,40,0
19-01 12:37:22,51.966,12.742,35.477,0.250,0,5510696,136772,196128,2095884,13328.323,2880.125,247.839,807.474,22.985,62.959,6304,13719,2.130,1.800,1.080,1,0,213.861,0,0,25,250,6,41,0
19-01 12:37:23,26.017,4.003,68.796,0,0,5505220,141680,196160,2096420,821007.149,10892.232,4.003,556.369,1.001,45.030,2678,3791,2.130,1.800,1.080,4,0,6.004,0,0,25,248,5,41,0
19-01 12:37:24,31.444,7.487,59.644,0.250,0,5451600,202872,195712,2089660,20396232.687,105251.179,0,578.972,0,45.918,7672,6673,2.040,1.780,1.080,2,0,35.936,0,0,25,248,5,41,0
19-01 12:37:25,12.485,15.731,69.165,0.499,0,5459472,192112,195736,2092524,736016.436,3254.001,2129.383,527.352,28.964,40.950,3543,5363,2.040,1.780,1.080,3,0,258.682,0,0,25,249,5,41,0
19-01 12:37:26,24.758,4.251,70.024,0.250,0,5515852,135704,195744,2092528,10177.420,1620.545,0,356.120,0,24.008,2108,3270,2.040,1.780,1.080,2,0,1.000,0,0,25,251,5,41,0
19-01 12:37:27,26.318,3.008,68.428,0,0,5516844,134500,195788,2092700,8213.322,1708.435,0,1552.029,0,119.310,3384,8278,2.040,1.780,1.080,1,0,5.013,0,0,25,267,5,42,0
19-01 12:37:28,25.206,4.243,68.381,0.749,0,5529512,138368,195436,2076772,10948.905,1509.368,515.102,7235.381,29.948,693.790,5015,8819,2.040,1.780,1.080,2,0,2.995,0,0,25,271,5,44,0
19-01 12:37:29,29.328,6.517,61.914,0.251,0,5538124,135808,194880,2072464,10927.948,1624.303,56.149,541.434,5.013,50.133,6104,12548,1.950,1.770,1.080,2,0,15.040,0,0,25,276,5,51,0
19-01 12:37:30,16.238,15.239,65.951,0.999,0,5504244,203464,194088,2042408,9825.739,1618.804,95.929,27707.524,8.993,360.733,3961,5620,1.950,1.770,1.080,3,0,215.840,0,0,25,273,5,56,0
19-01 12:37:31,21.513,6.004,71.543,0.750,0,5524472,151076,194420,2074236,9229.501,1695.010,1300.775,920.549,119.071,33.020,1957,3245,1.950,1.770,1.080,2,0,0,0,0,25,273,5,55,0
19-01 12:37:32,20.684,6.479,67.036,4.984,0,5507668,155652,195180,2085684,5995.903,1688.622,5382.856,3644.393,922.063,97.689,4401,5652,1.950,1.770,1.080,2,0,32.895,0,0,25,275,5,55,0
19-01 12:37:33,23.479,7.743,65.941,0.749,0,5550356,148208,194316,2052964,8756.137,1564.595,699.372,379.659,147.867,15.986,13967,27691,1.950,1.770,1.080,4,0,3.996,0,0,25,277,5,55,0
19-01 12:37:34,24.248,8.249,66.995,0.250,0,5544136,177704,192788,2032272,10069.315,1585.892,0,479.967,0,24.998,2131,3465,1.880,1.760,1.080,2,0,0,0,0,25,275,5,56,0
19-01 12:37:35,21.831,7.779,69.509,0,0,5561600,160092,192796,2032516,5684.208,1626.067,0,66833.355,0,368.374,5469,9073,1.880,1.760,1.080,2,0,3.011,0,0,25,275,5,57,0
19-01 12:37:36,21.710,4.991,71.369,0,0,5484604,236704,192800,2032896,11299.288,1617.036,0,51.905,0,5.989,1749,2704,1.880,1.760,1.080,2,0,17.967,0,0,25,275,5,57,0
19-01 12:37:37,24.781,13.517,60.827,1.001,0,5516272,203376,192820,2034536,7947.093,1692.149,1473.872,200.254,150.191,13.017,3865,6544,1.880,1.760,1.080,1,0,434.552,0,0,25,275,5,54,0
19-01 12:37:38,20.263,9.256,69.795,0,0,5492880,226744,192832,2034548,9693.281,1695.098,0,424.275,0,39.025,2817,4519,1.880,1.760,1.080,1,0,124.080,0,0,25,275,5,54,0
19-01 12:37:39,10.980,18.467,69.126,0.250,0,5505664,213912,192836,2034592,8030.641,1617.109,19.964,311.443,1.996,23.957,4029,6938,1.730,1.730,1.080,3,0,439.215,0,0,25,275,5,47,2
19-01 12:37:40,5.239,4.990,87.822,0,0,5507768,211736,192844,2034656,5791.244,1616.718,3.992,355.279,0.998,26.945,2018,3510,1.730,1.730,1.080,1,0,110.775,0,0,25,279,5,47,2
19-01 12:37:41,21.012,3.752,73.790,0,0,5577064,142436,192848,2034656,10793.915,1458.799,0,112.061,0,8.004,1729,2568,1.730,1.730,1.080,3,0,11.006,0,0,25,281,5,47,0
19-01 12:37:42,22.767,5.754,69.803,0.250,0,5509448,218300,192676,2026816,8899.808,1621.240,64.049,140.107,4.003,12.009,3456,6167,1.730,1.730,1.080,4,0,97.074,0,0,25,285,5,45,0
19-01 12:37:43,11.998,17.248,68.991,0,0,5519452,208096,192680,2026996,11378.566,1619.796,75.990,123.984,9.999,6.999,3016,4681,1.730,1.730,1.080,2,0,178.977,0,0,25,285,5,45,0
19-01 12:37:44,12.494,16.992,68.718,0,0,5519184,208096,192680,2027264,7693.446,1619.252,155.928,111.948,9.995,9.995,3007,4758,1.590,1.700,1.070,2,0,184.915,0,0,25,285,5,45,0
19-01 12:37:45,12.787,18.052,67.945,0.501,0,5519860,207092,192688,2027584,9124.223,1666.790,152.438,365.049,10.029,32.092,3425,5337,1.590,1.700,1.070,3,0,191.551,0,0,25,287,5,45,0
19-01 12:37:46,21.505,6.001,71.518,0,0,5580296,146640,192692,2027596,9151.279,1620.403,4.001,44.011,1.000,4.001,1747,2723,1.590,1.700,1.070,5,0,25.006,0,0,25,287,5,45,0
19-01 12:37:47,25.001,4.250,69.503,0.250,0,5605776,147776,192060,2003528,6308.240,1532.058,116.004,5288.201,7.000,520.020,3282,2684,1.590,1.700,1.070,5,0,2.000,0,0,25,287,5,45,0
19-01 12:37:48,25.498,2.750,70.245,0,0,5521596,231836,192068,2003696,6644.561,1693.888,131.991,751.950,8.999,61.996,2283,3731,1.590,1.700,1.070,7,0,7.999,0,0,25,287,5,45,0
19-01 12:37:49,25.147,3.486,69.713,0.498,0,5591620,161692,192072,2003812,9950.105,1613.369,27.885,386.412,5.975,34.857,1967,2936,1.540,1.690,1.070,2,0,0.996,0,0,25,289,5,46,0
19-01 12:37:50,25.277,2.753,69.824,0,0,5607664,145340,192084,2004108,9041.557,1621.714,4.004,264.279,1.001,18.019,2360,4958,1.540,1.690,1.070,5,0,4.004,0,0,25,295,5,45,0
19-01 12:37:51,26.992,8.248,63.731,0,0,5554032,230204,191348,1976540,11864.524,1619.525,87.974,211.938,5.998,12.996,2927,4818,1.540,1.690,1.070,2,0,48.986,0,0,25,291,5,46,0
19-01 12:37:52,26.266,2.501,71.043,0.250,0,5576980,207248,191348,1976548,10221.122,1620.971,0,192.115,0,28.017,2046,3061,1.540,1.690,1.070,2,0,1.001,0,0,25,291,5,45,0
19-01 12:37:53,10.513,17.272,70.088,0.250,0,5520256,262712,191352,1977804,8684.908,1513.901,1369.720,604.760,19.024,31.039,3419,5324,1.540,1.690,1.070,3,0,243.306,0,0,25,291,5,45,0
19-01 12:37:54,15.264,14.764,68.563,0,0,5528684,254116,191352,1977972,9155.469,1609.489,96.089,144.133,12.011,8.007,3276,4977,1.500,1.670,1.070,1,0,315.292,0,0,25,291,5,45,0
19-01 12:37:55,23.184,4.487,70.299,0.499,0,5569140,213044,191436,1978504,4968.824,1615.391,550.430,263.249,46.866,29.915,2014,3127,1.500,1.670,1.070,4,0,5.983,0,0,25,293,5,45,0
19-01 12:37:56,21.575,2.258,76.015,0,0,5586032,192156,191664,1982272,10561.829,3794.230,289.008,341.190,61.213,11.038,1758,2715,1.500,1.670,1.070,1,0,1.003,0,0,25,294,5,45,0
19-01 12:37:57,23.398,4.232,70.941,0,0,5567688,207264,192016,1985140,9597.233,1786.226,0,983.719,0,16.926,1809,2681,1.500,1.670,1.070,3,0,3.983,0,0,25,293,5,45,0
19-01 12:37:58,19.493,2.499,76.471,0.250,0,5570760,202952,192036,1986356,13643.856,4533.291,39.985,535.798,5.998,18.993,1810,2868,1.500,1.670,1.070,4,0,2.999,0,0,25,294,5,45,0
19-01 12:37:59,24.249,5.500,67.499,1.000,0,5556864,208104,192580,1994552,10224.785,1793.962,3279.931,1295.973,35.999,44.999,10359,20673,1.540,1.680,1.070,3,0,14.000,0,0,25,293,5,45,0
19-01 12:38:00,18.814,4.265,75.508,0,0,5551820,212444,192652,1995184,12848.879,4442.170,220.754,634.166,13.045,18.062,1888,2931,1.540,1.680,1.070,2,0,5.017,0,0,25,294,5,45,0
19-01 12:38:01,24.215,5.742,68.152,0,0,5556976,207052,192692,1995380,9750.949,1605.686,0,87.873,0,1.997,8224,17115,1.540,1.680,1.070,2,0,14.978,0,0,25,294,5,46,0
19-01 12:38:02,22.021,8.008,68.064,0.500,0,5518864,256900,192828,1983780,10453.848,1795.692,0,1353.275,0,31.029,2280,3732,1.540,1.680,1.070,3,0,98.092,0,0,25,293,5,45,0
19-01 12:38:03,16.985,11.990,68.441,0,0,5567708,208016,192840,1983808,5601.200,1692.549,0,243.791,0,5.995,2532,4157,1.540,1.680,1.070,4,0,166.857,0,0,25,293,5,45,0
19-01 12:38:04,30.077,3.760,65.668,0,0,5587196,188100,192840,1984236,9202.568,1624.159,0,0,0,0,2810,6648,1.490,1.670,1.070,1,0,1.003,0,0,25,297,5,46,0
19-01 12:38:05,24.236,8.245,66.713,0.250,0,5550904,224240,192856,1984372,5905.699,1619.095,27.984,403.774,2.998,35.980,3014,5219,1.490,1.670,1.070,2,0,111.937,0,0,25,293,5,47,0
19-01 12:38:06,25.770,3.002,70.304,0,0,5583064,192060,192860,1984388,5558.274,1621.247,0,132.102,0,8.006,2359,4363,1.490,1.670,1.070,1,0,0,0,0,25,293,5,47,0
19-01 12:38:07,22.711,6.239,68.881,0,0,5570828,204248,192872,1984424,9344.843,1509.390,0,207.641,0,18.967,2270,3517,1.490,1.670,1.070,3,0,70.877,0,0,25,293,5,47,0
19-01 12:38:08,23.492,5.998,69.475,0,0,5531176,243624,192892,1984680,6936.544,1565.446,0,319.887,0,21.992,2914,5237,1.490,1.670,1.070,3,0,41.985,0,0,25,293,5,48,0
19-01 12:38:09,23.744,3.999,71.482,0,0,5590796,183984,192900,1984692,9621.537,1619.585,0,139.964,0,8.998,1871,3015,1.450,1.660,1.070,2,0,15.996,0,0,25,294,5,48,0
19-01 12:38:10,23.211,4.992,70.132,0,0,5554576,220128,192900,1984768,9751.617,1617.283,0,0,0,0,2661,4536,1.450,1.660,1.070,3,0,31.946,0,0,25,293,5,43,0
19-01 12:38:11,25.507,3.501,69.768,0,0.250,5590876,183688,192900,1984908,7655.998,1620.423,0,60.016,0,4.001,2708,4946,1.450,1.660,1.070,4,0,0,0,0,25,295,5,43,0
19-01 12:38:12,21.507,5.502,71.023,0.750,0,5566580,207956,192916,1984920,10952.603,1694.558,0,2844.936,0,182.060,2606,4411,1.450,1.660,1.070,2,0,47.015,0,0,25,293,5,43,0
19-01 12:38:13,23.732,4.996,70.196,0,0,5529740,244780,192920,1984932,8527.434,1786.624,0,2741.889,0,396.695,3075,5165,1.450,1.660,1.070,2,0,31.975,0,0,25,293,5,45,0
19-01 12:38:14,24.013,3.002,72.540,0,0,5580216,194300,192920,1984936,5543.060,1512.835,0,136.075,0,7.004,1842,3320,1.420,1.650,1.070,4,0,0,0,0,25,294,5,40,0
19-01 12:38:15,19.003,12.752,67.259,0,0,5508320,266136,192936,1984980,11265.510,1694.227,0,452.061,0,51.007,3744,6508,1.420,1.650,1.070,2,0,195.026,0,0,25,293,5,40,0
19-01 12:38:16,11.542,20.073,67.244,0,0,5517772,256656,192944,1985000,8730.710,1571.708,0,260.948,0,24.087,4394,7403,1.420,1.650,1.070,2,0,609.213,0,0,25,293,5,35,0
19-01 12:38:17,11.502,20.003,67.761,0.250,0,5533532,240732,192944,1985164,9107.439,1620.256,0,324.051,0,31.005,4594,8018,1.420,1.650,1.070,1,0,673.106,0,0,25,293,5,35,0
19-01 12:38:18,9.750,22.250,67.250,0,0,5531968,242248,192956,1985200,7170.964,1619.992,0,1791.991,0,136.999,5015,8270,1.420,1.650,1.070,1,0,736.996,0,0,25,293,5,31,0
19-01 12:38:19,10.987,21.225,66.923,0,0.250,5535332,238844,192964,1985232,5547.593,1692.046,0,519.400,0,35.958,3974,6518,1.380,1.630,1.070,2,0,472.454,0,0,25,293,5,32,0
19-01 12:38:20,12.009,18.514,66.799,0.250,0,5535900,238244,192968,1985260,9287.817,1695.244,0,276.203,0,24.018,3422,5336,1.380,1.630,1.070,2,0,338.248,0,0,25,293,5,31,0
19-01 12:38:21,11.246,20.492,66.726,0,0,5537304,236820,192968,1985280,7473.257,1585.418,0,15.994,0,3.999,3335,5300,1.380,1.630,1.070,2,0,341.875,0,0,25,293,5,31,0
19-01 12:38:22,11.494,18.491,67.468,0,0,5536556,237544,192972,1985300,9142.621,1619.224,0,171.918,0,15.992,3570,5787,1.380,1.630,1.070,3,0,328.842,0,0,25,293,5,30,0
19-01 12:38:23,17.527,8.764,69.107,2.253,0,5555344,228388,192980,1985428,7640.805,1642.538,3200.945,2868.432,279.432,39.060,3880,6364,1.380,1.630,1.070,3,0,71.110,0,0,25,293,5,30,0
19-01 12:38:24,20.486,5.496,67.953,4.497,0,5576872,182964,192980,2009312,10687.561,1618.873,10092.975,2498.261,787.452,16.988,7440,12640,1.350,1.620,1.070,1,0,3.997,0,0,25,293,5,30,0
19-01 12:38:25,16.764,2.002,80.318,1.001,0,5584912,174200,192984,2010032,19896.932,7545.421,516.439,1124.957,25.021,66.056,2165,3303,1.350,1.620,1.070,1,0,0,0,0,25,294,5,30,0
19-01 12:38:26,14.938,0.996,81.410,0.747,0,5586920,171428,193024,2010752,21689.403,11766.850,521.820,1242.809,54.771,46.804,2004,3029,1.350,1.620,1.070,2,0,0,0,0,25,294,5,30,0
19-01 12:38:27,14.996,2.000,80.481,1.000,0,5611908,145248,193048,2011920,19362.469,9336.815,935.781,1091.745,49.988,42.990,1896,2917,1.350,1.620,1.070,6,0,0,0,0,25,294,5,30,0
19-01 12:38:28,15.505,1.751,80.525,1.250,0,5614912,141488,193060,2012664,22338.858,11636.572,620.190,1024.314,53.016,37.011,2400,2967,1.350,1.620,1.070,1,0,1.000,0,0,25,294,5,30,0
19-01 12:38:29,19.562,3.260,74.988,0.752,0,5619340,138364,193084,2011364,21815.198,10405.005,850.698,983.118,55.175,34.108,1964,2878,1.730,1.700,1.100,6,0,0,0,0,25,294,5,27,0
19-01 12:38:30,15.183,2.489,77.157,2.240,0,5606300,145576,192584,2018396,19922.524,7917.837,15574.832,864.162,212.058,27.876,2316,3320,1.730,1.700,1.100,6,0,1.991,0,0,25,292,5,27,2
19-01 12:38:31,23.291,6.261,69.122,0.501,0,5620720,148444,192012,2002968,7106.493,1568.758,0,2368.163,0,91.160,5370,3336,1.730,1.700,1.100,2,0,1.002,0,0,25,292,5,16,2
19-01 12:38:32,23.974,6.992,67.177,0.749,0,5660100,144564,191264,1971692,10522.530,1618.236,1150.746,2033.783,12.986,71.922,2295,3424,1.730,1.700,1.100,3,0,1.998,0,0,25,292,5,16,2
19-01 12:38:33,23.262,4.502,70.036,1.501,0,5635712,148052,191688,1992152,10182.223,1512.776,2913.495,4958.544,26.013,159.082,4367,4321,1.730,1.700,1.100,2,0,2.001,0,0,25,292,5,15,2
19-01 12:38:34,24.608,3.264,71.061,0.502,0,5545364,258556,191680,1971088,5965.127,1801.892,76.334,1723.549,6.026,61.268,2296,3523,1.670,1.680,1.100,3,0,1.004,0,0,25,291,5,15,2
19-01 12:38:35,23.376,4.476,71.372,0,0,5584008,220560,191692,1970428,10302.459,2856.876,350.146,954.945,0.995,31.831,2104,3337,1.670,1.680,1.100,1,0,7.958,0,0,25,292,5,14,2
19-01 12:38:36,22.619,3.016,73.638,0.503,0,5579332,218076,191876,1976752,12764.191,2717.304,0,1025.398,0,10.053,1743,2680,1.670,1.680,1.100,4,0,3.016,0,0,25,291,5,14,2
19-01 12:38:37,19.464,3.743,75.862,0.250,0,5604404,185124,192244,1983480,13757.892,4600.604,0,1165.872,0,24.954,1918,3096,1.670,1.680,1.100,4,0,4.991,0,0,25,292,5,13,2
19-01 12:38:38,24.424,4.985,67.540,0,0,5574808,214864,192320,1983084,9292.166,1788.450,0,817.463,0,29.907,10171,20272,1.670,1.680,1.100,3,0,14.954,0,0,25,291,5,13,2
19-01 12:38:39,24.259,5.502,68.025,0,0,5603492,185812,192412,1983296,6655.429,1458.532,32.012,1916.700,2.001,15.005,10529,20576,1.610,1.670,1.100,2,0,21.008,0,0,25,293,5,13,2
19-01 12:38:40,24.588,4.516,71.505,0,0,5541780,261596,192428,1970564,9394.539,1667.955,0,317.132,0,12.043,2272,3626,1.610,1.670,1.100,1,0,49.176,0,0,25,293,5,13,2
19-01 12:38:41,24.258,5.002,69.024,0.250,0,5570460,231860,192440,1971608,7411.527,1620.553,0,1064.363,0,17.006,10027,19891,1.610,1.670,1.100,4,0,9.003,0,0,25,293,5,13,2
19-01 12:38:42,19.203,2.993,77.309,0,0,5598248,203028,192444,1972648,10770.440,3697.881,0,279.311,0,2.993,1648,2634,1.610,1.670,1.100,3,0,6.983,0,0,25,294,5,13,2
19-01 12:38:43,24.557,3.508,71.165,0,0,5591416,204020,192452,1977948,8838.443,1798.159,0,657.521,0,7.016,1827,2721,1.610,1.670,1.100,2,0,5.012,0,0,25,293,5,12,2
19-01 12:38:44,18.445,2.991,76.022,0.499,0,5583316,205316,192464,1983872,14075.871,4702.924,0,2819.561,0,291.129,6352,11443,1.560,1.660,1.100,5,0,6.979,0,0,25,293,5,12,2
19-01 12:38:45,25.284,7.510,67.341,0.250,0,5604420,183732,192508,1984260,5524.447,1622.187,0,684.923,0,35.047,13878,28165,1.560,1.660,1.100,2,0,18.024,0,0,25,293,5,12,2
19-01 12:38:46,22.045,6.012,71.394,0.251,0,5560832,241244,192524,1971632,9985.190,1460.954,0,773.564,0,16.032,1982,3050,1.560,1.660,1.100,2,0,11.022,0,0,25,293,5,12,2
19-01 12:38:47,25.515,2.752,71.042,0,0,5586948,215172,192532,1971644,8285.905,1620.960,0,588.348,0,10.006,1872,2711,1.560,1.660,1.100,5,0,8.005,0,0,25,293,5,12,2
19-01 12:38:48,21.975,11.487,62.180,2.247,0,5556344,231612,192544,1984860,10253.465,1618.180,986.890,191.784,16.981,8.990,13669,26576,1.560,1.660,1.100,2,0,99.888,0,0,25,293,5,12,2
19-01 12:38:49,23.983,2.998,70.951,0,0,5571240,212544,192552,1988540,10324.896,2025.606,3.997,7302.976,0.999,220.848,2208,2762,1.520,1.650,1.090,1,0,3.997,0,0,25,296,5,12,2
19-01 12:38:50,12.722,1.247,83.563,0.249,0,5582272,201280,192596,1988740,23254.955,10253.054,0,961.847,0,29.933,1750,2757,1.520,1.650,1.090,2,0,0,0,0,25,296,5,12,2
19-01 12:38:51,15.475,2.746,79.371,0.499,0,5572652,210544,192660,1988996,52777.395,14195.974,3.994,1373.772,0.998,50.917,2508,5378,1.520,1.650,1.090,1,0,33.945,0,0,25,297,5,12,2
19-01 12:38:52,11.780,1.754,84.211,0.752,0,5591548,191392,192708,1989204,135740.709,14105.405,0,1487.734,0,72.181,2072,3282,1.520,1.650,1.090,4,0,1.003,0,0,25,297,5,12,2
19-01 12:38:53,20.231,1.998,76.678,0.749,0.250,5597500,185344,192728,1989280,15311.668,8911.659,0,1035.031,0,51.951,2191,3487,1.520,1.650,1.090,1,0,0.999,0,0,25,297,4,12,2
19-01 12:38:54,15.029,2.755,80.407,0.250,0,5614812,167872,192760,1989440,70135.044,11698.860,60.117,14303.950,5.010,75.147,2026,2930,1.480,1.640,1.090,1,0,6.012,0,0,25,297,4,12,2
19-01 12:38:55,12.983,1.248,83.643,0.999,0,5618244,163644,193016,1989884,283966.104,17368.681,27.964,2289.059,3.995,109.859,2451,3690,1.480,1.640,1.090,2,0,0,0,0,25,297,4,12,2
19-01 12:38:56,11.754,2.251,84.279,1.000,0,5620308,160872,193256,1990224,106125.144,16003.601,128.045,2056.720,10.004,95.033,2385,3571,1.480,1.640,1.090,3,0,0,0,0,25,297,4,12,2
19-01 12:38:57,14.005,2.251,81.779,0.250,0,5624304,143960,193344,2003020,2464932.191,25712.025,0,2380.836,0,39.014,2470,3130,1.480,1.640,1.090,4,0,2.001,0,0,25,297,4,12,2
19-01 12:38:58,11.740,4.996,80.431,1.249,0,5638320,152880,191780,1983996,5034739.985,25428.030,10103.271,7629.408,62.946,91.921,4071,3490,1.480,1.640,1.090,2,1,2.997,0,0,25,297,4,12,2
19-01 12:38:59,23.247,4.749,70.241,0.750,0,5642136,155152,190016,1979272,8764.887,1457.815,0,7027.108,0,123.984,2175,3221,1.440,1.630,1.090,2,0,1.000,0,0,25,297,4,12,2
19-01 12:39:00,23.988,3.748,70.465,0.750,0,5663376,150424,185840,1967564,9243.397,1619.194,0,1827.090,0,55.972,2037,3156,1.440,1.630,1.090,4,0,0,0,0,25,297,4,12,2
19-01 12:39:01,23.226,4.745,69.179,0.749,0,5661096,139684,186644,1979288,9576.223,1692.272,0,2649.295,0,108.889,2483,3475,1.440,1.630,1.090,3,0,0,0,0,25,297,4,12,2
19-01 12:39:02,22.244,9.497,66.232,1.000,0,5652756,147288,186724,1979816,7357.006,1693.541,0,184074.116,0,832.774,4636,5239,1.440,1.630,1.090,2,0,0,0,0,25,297,4,12,2
19-01 12:39:03,26.498,5.000,67.494,0.500,0,5646540,145036,187236,1987356,13486.827,1619.859,0,3047.735,0,73.994,2350,3497,1.440,1.630,1.090,5,0,0,0,0,25,297,4,12,2
19-01 12:39:04,18.239,3.748,74.955,0.999,0,5659328,157344,187884,1960320,13343.940,3969.602,39.976,4033.564,2.998,307.814,2412,3239,1.400,1.620,1.090,2,0,0,0,0,25,295,4,12,5
19-01 12:39:05,24.237,4.248,70.211,0.250,0,5579332,237396,187912,1960236,10981.905,1942.922,0,799.556,0,32.982,2089,3102,1.400,1.620,1.090,3,0,5.997,0,0,25,295,4,10,2
19-01 12:39:06,22.144,4.278,72.471,0,0,5581264,229804,188048,1965600,13017.614,3743.332,0,1368.898,0,22.144,3301,5939,1.400,1.620,1.090,3,0,4.026,0,0,25,295,4,10,2
19-01 12:39:07,22.133,3.730,72.616,0,0,5614688,194912,188148,1966748,16962.371,2856.904,23.874,16385.419,2.984,119.369,2363,3355,1.400,1.620,1.090,1,0,6.963,0,0,25,296,4,10,2
19-01 12:39:08,27.017,4.753,66.293,0.250,0,5606360,195668,188748,1972856,14674.436,3459.224,0,1332.857,0,41.026,10460,20607,1.400,1.620,1.090,3,0,9.006,0,0,25,295,4,12,2
19-01 12:39:09,23.824,4.765,71.722,0,0,5599704,201972,188820,1973088,10783.385,1699.261,0,381.180,0,9.028,1888,2830,1.370,1.610,1.090,2,0,12.037,0,0,25,295,4,12,2
19-01 12:39:10,22.724,6.742,68.422,0,0,5607336,194216,188868,1973164,7522.409,1618.152,0,83.904,0,0.999,9935,19675,1.370,1.610,1.090,3,0,14.983,0,0,25,295,4,11,2
19-01 12:39:11,21.256,6.252,71.019,0.250,0,5567704,247516,188888,1960524,10664.805,1620.426,0,2852.750,0,38.010,1895,2705,1.370,1.610,1.090,5,0,1.000,0,0,25,295,4,11,2
19-01 12:39:12,21.782,4.507,70.603,2.003,0,5587328,222576,189196,1965532,10564.339,1460.120,2719.949,4.006,336.489,1.001,2658,3971,1.370,1.610,1.090,4,0,7.010,0,0,25,296,4,9,2
19-01 12:39:13,27.206,2.995,68.638,0.499,0,5588360,221120,189224,1965928,5472.070,1711.207,59.902,2332.194,5.990,64.894,4300,9835,1.370,1.610,1.090,2,0,0,0,0,25,297,4,10,2
19-01 12:39:14,24.986,3.998,69.712,0.500,0,5591796,216840,189256,1966744,7012.192,1619.121,803.564,679.631,41.977,85.953,4189,8415,1.340,1.600,1.090,3,0,0,0,0,25,302,4,13,2
19-01 12:39:15,30.794,2.504,65.343,1.502,0,5595016,212584,189364,1967672,20485.273,5350.646,536.767,4149.930,55.079,569.814,4319,7166,1.340,1.600,1.090,3,0,2.003,0,0,25,303,4,13,2
19-01 12:39:16,18.015,12.511,66.806,0.500,0,5553220,252776,189448,1969192,6630.570,1621.362,1233.036,1849.554,86.072,206.173,5158,9939,1.340,1.600,1.090,2,0,282.237,0,0,25,305,4,13,2
19-01 12:39:17,12.704,11.209,68.502,5.231,0,5532548,256392,190284,1985408,9496.622,1687.890,17173.831,729.360,1556.366,51.812,6119,8505,1.340,1.600,1.090,2,0,168.390,0,0,25,305,4,15,2
19-01 12:39:18,10.490,4.746,75.179,8.492,0,5529212,224892,190912,2019612,12230.503,2710.452,34451.615,4599.676,2367.774,217.795,7107,8750,1.340,1.600,1.090,3,0,6.993,0,0,25,306,4,15,2
19-01 12:39:19,2.500,0.500,93.999,0,0,5529776,223912,190916,2020024,51360.640,3667.974,319.998,735.995,3.000,13.000,1470,2487,1.230,1.570,1.080,1,1,0,0,0,25,306,4,16,2
19-01 12:39:20,3.250,1.750,90.763,2.500,0,5529504,211816,190936,2032372,33622.875,5015.727,12301.784,2048.297,220.032,95.014,2151,3299,1.230,1.570,1.080,1,0,2.000,0,0,25,306,4,15,2
19-01 12:39:21,6.003,2.752,88.802,1.251,0,5520844,212152,191080,2040456,66287.513,119817.614,7816.541,688.400,140.081,11.006,1852,2849,1.230,1.570,1.080,1,0,10.006,0,0,25,305,4,15,2
19-01 12:39:22,2.252,1.001,94.333,0.250,0.250,5520816,212152,191104,2040460,9795.620,1621.427,4.004,528.465,1.001,18.016,1643,2925,1.230,1.570,1.080,2,0,1.001,0,0,25,305,4,15,2
19-01 12:39:23,4.246,1.499,93.171,0,0,5520788,212152,191128,2040464,9846.699,1702.565,0,271.771,0,25.978,1762,3173,1.230,1.570,1.080,1,0,0.999,0,0,25,305,4,15,2
19-01 12:39:24,2.748,0.999,93.942,0,0,5520768,212152,191148,2040464,6447.029,1619.003,0,123.924,0,16.990,1530,2677,1.130,1.540,1.080,1,0,0,0,0,25,305,4,15,2
19-01 12:39:25,3.250,0.750,92.999,0.250,0,5520980,211912,191156,2040468,9991.920,1511.988,0,243.998,0,33.000,1906,3299,1.130,1.540,1.080,1,0,0,0,0,25,305,4,15,2
19-01 12:39:26,3.250,1.500,94.264,0.250,0,5520960,211912,191164,2040480,8539.247,1640.239,0,180.026,0,24.004,1621,2903,1.130,1.540,1.080,1,0,0,0,0,25,305,4,15,2
19-01 12:39:27,2.252,0.500,94.075,0.500,0,5520944,211912,191180,2040480,11744.325,1621.287,0,596.474,0,45.036,1543,2682,1.130,1.540,1.080,1,0,0,0,0,25,305,4,15,2
19-01 12:39:28,2.999,1.250,94.727,0,0,5520944,211912,191180,2040480,11160.344,1619.615,0,31.992,0,3.999,1467,2529,1.130,1.540,1.080,1,0,1.000,0,0,25,305,4,15,2
19-01 12:39:29,2.251,0.750,95.274,0,0,5520940,211912,191180,2040484,5246.296,1620.400,0,4.001,0,1.000,1345,2386,1.120,1.530,1.080,1,0,0,0,0,25,305,4,15,2
19-01 12:39:30,2.500,1.500,93.759,0,0,5521188,211660,191180,2040488,11915.192,1620.162,0,4.000,0,1.000,1554,2674,1.120,1.530,1.080,2,0,2.000,0,0,25,305,4,15,1
19-01 12:39:31,2.251,1.000,94.039,0,0,5521188,211660,191180,2040488,12075.072,1620.681,0,4.002,0,1.000,1478,2448,1.120,1.530,1.080,2,0,0,0,0,25,305,4,16,1
19-01 12:39:32,3.748,1.749,93.197,0,0,5522068,210540,191192,2040620,9413.634,1511.139,0,28131.965,0,129.926,1909,2936,1.120,1.530,1.080,1,0,0,0,0,25,305,4,15,1
19-01 12:39:33,7.000,3.750,87.998,0.250,0,5528448,201456,191200,2043316,9350.776,1639.961,2419.942,523.987,22.999,13.000,1918,2912,1.120,1.530,1.080,2,0,4.000,0,0,25,305,4,15,1
19-01 12:39:34,4.246,3.496,90.155,0,0,5526740,203044,191200,2043436,10000.479,1618.298,0,0,0,0,1766,2823,1.270,1.560,1.090,1,0,0,0,0,25,305,4,15,1
19-01 12:39:35,5.751,2.501,90.020,0.250,0,5520232,209892,191236,2043060,7285.596,1620.355,0,2696.591,0,398.087,2180,3139,1.270,1.560,1.090,1,0,0,0,0,25,305,4,15,1
19-01 12:39:36,2.502,0.751,94.325,0,0,5520212,209892,191248,2043068,5063.015,1621.286,0,116.092,0,12.010,1541,2776,1.270,1.560,1.090,1,0,0,0,0,25,305,4,15,1
19-01 12:39:37,2.758,0.752,93.775,0.251,0,5520420,209668,191264,2043068,5302.531,1624.759,0,15401.110,0,86.253,1813,3078,1.270,1.560,1.090,4,0,1.003,0,0,25,305,4,15,1
19-01 12:39:38,3.983,2.738,90.355,0.249,0,5523812,206428,191276,2043080,9285.432,1505.423,0,43099.697,0,314.625,2417,3244,1.270,1.560,1.090,4,0,1.991,0,0,25,305,4,15,1
19-01 12:39:39,2.756,0.251,95.217,0,0,5523812,206428,191276,2043080,7356.759,1623.699,0,0,0,0,1315,2327,1.170,1.530,1.080,2,0,0,0,0,25,305,4,15,1
19-01 12:39:40,3.498,0.999,94.942,0,0,5523812,206428,191276,2043080,8496.800,1565.042,0,31.980,0,2.998,1368,2361,1.170,1.530,1.080,1,0,0,0,0,25,305,4,15,1
19-01 12:39:41,3.247,0.749,94.919,0.250,0,5523792,206428,191296,2043080,7814.303,1618.613,0,275.764,0,21.981,1415,2400,1.170,1.530,1.080,1,0,0,0,0,25,305,4,15,1
19-01 12:39:42,2.501,0.250,95.048,0,0,5523792,206428,191296,2043080,10254.199,1694.859,0,32.016,0,3.002,1353,2242,1.170,1.530,1.080,1,0,0,0,0,25,305,4,15,1
19-01 12:39:43,2.250,1.500,93.982,0,0,5524208,205980,191296,2043080,9431.161,1693.670,0,2191.573,0,4.999,1420,2385,1.170,1.530,1.080,1,0,0,0,0,25,305,4,15,1
19-01 12:39:44,1.501,1.001,95.303,0,0,5524208,205980,191296,2043080,5620.102,1620.895,0,0,0,0,1279,2321,1.080,1.510,1.080,1,0,0,0,0,25,305,4,15,1
19-01 12:39:45,2.501,1.501,93.539,0,0,5524176,205980,191320,2043088,5590.303,1586.654,0,528.218,0,29.012,1717,3142,1.080,1.510,1.080,3,0,0,0,0,25,305,4,15,1
19-01 12:39:46,3.001,0.250,93.796,0.250,0,5524120,205980,191328,2043136,9158.497,1566.769,32.016,128.063,1.000,18.009,1663,2888,1.080,1.510,1.080,1,0,0,0,0,25,305,4,15,1
19-01 12:39:47,2.250,1.250,94.734,0,0,5524104,205980,191344,2043136,10503.183,1619.720,0,443.923,0,34.994,1548,2652,1.080,1.510,1.080,1,0,0,0,0,25,305,4,15,1
19-01 12:39:48,2.001,0.250,94.537,0,0,5524092,205980,191356,2043136,9960.885,1620.632,0,96.037,0,13.005,1471,2558,1.080,1.510,1.080,1,0,1.000,0,0,25,305,4,15,1
19-01 12:39:49,2.998,0.749,94.431,0,0,5524092,205980,191356,2043136,10657.167,1618.810,0,3.997,0,0.999,1362,2319,0.990,1.480,1.070,1,0,0,0,0,25,305,4,16,1
19-01 12:39:50,2.250,0.250,95.258,0,0,5524092,205980,191356,2043136,11587.950,1694.139,0,0,0,0,1419,2416,0.990,1.480,1.070,1,0,0,0,0,25,305,4,16,1
19-01 12:39:51,6.496,3.248,88.693,0,0,5523928,206144,191356,2043136,6831.600,971.374,0,27.982,0,0.999,2056,3703,0.990,1.480,1.070,3,0,33.978,0,0,25,305,4,16,1
19-01 12:39:52,6.001,2.000,90.020,0.500,0,5530808,198792,191364,2043600,224423.720,2364.534,464.105,124.028,8.002,13.003,1702,2887,0.990,1.480,1.070,3,0,8.002,0,0,25,305,4,16,1
19-01 12:39:53,13.252,6.001,79.762,0.250,0,5530400,198964,191368,2043796,232850.462,11531.707,184.027,1200.178,10.001,33.005,2445,3758,0.990,1.480,1.070,2,0,37.005,0,0,25,305,4,15,1
