"pcp-dstat 5.3.6 CSV Output"
"Author:","PCP team <pcp@groups.io> and Dag Wieers <dag@wieers.com>",,,,"URL:","https://pcp.io/ and http://dag.wieers.com/home-made/dstat/"
"Host:","ubuntu",,,,"User:","ubuntu"
"Cmdline:","dstat -tcmndrylpg --tcp --output /tmp/devstack_logs/dstat-csv.log",,,,"Date:","20 Nov 2025 21:03:48 UTC"
"system","total usage",,,,,"memory usage",,,,"net/total",,"dsk/total",,"io/total",,"system",,"load avg",,,"procs",,,"paging",,"tcp sockets",,,,
"time","total usage:usr","total usage:sys","total usage:idl","total usage:wai","total usage:stl","used","free","buf","cach","net/total:recv","net/total:send","dsk/total:read","dsk/total:writ","read","writ","int","csw","1m","5m","15m","run","blk","new","in","out","lis","act","syn","tim","clo"
20-11 21:03:48,,994776,488824,177300,6100948,,,,,,,1.430,0.960,0.550,3,0,,,,9,5,6,12,1
20-11 21:03:49,25.452,19.962,54.646,0.499,0.250,1022308,460704,177344,6101724,41729.838,13115.121,0,1437.273,0,54.896,2840,4327,1.430,0.960,0.550,3,0,358.320,0,0,9,5,6,12,1
20-11 21:03:50,27.259,23.258,47.266,0.500,0,1017864,440196,177500,6124120,400441.553,8683.004,0,3209.110,0,86.030,3750,7100,1.430,0.960,0.550,2,0,398.138,0,0,9,4,6,12,2
20-11 21:03:51,34.527,20.266,44.534,0.250,0,1038344,400004,177944,6141592,8256.357,1459.124,0,1665.282,0,59.045,3980,7853,1.430,0.960,0.550,3,0,254.196,0,0,9,4,6,12,2
20-11 21:03:52,34.749,17.000,46.249,1.500,0,1171364,238008,179264,6290384,7146.893,1619.976,0,4283.936,0,231.997,5302,9915,2.200,1.120,0.610,6,0,133.998,0,0,10,6,6,12,2
20-11 21:03:53,35.501,14.250,49.002,0.750,0,1159748,217896,180380,6317844,10123.344,1620.055,80.003,2728.093,1.000,104.004,2368,3043,2.200,1.120,0.610,3,0,128.004,0,0,10,6,6,12,2
20-11 21:03:54,35.402,11.219,53.103,0.499,0,1132084,260884,180408,6302636,12357.732,4341.960,0,1268.482,0,40.887,1946,2619,2.200,1.120,0.610,3,0,105.707,0,0,10,4,6,14,0
20-11 21:03:55,40.351,4.762,53.885,0.251,0,1214200,173536,180600,6307112,11578.913,3790.465,0,4435.074,0,167.418,2125,2841,2.200,1.120,0.610,7,1,7.018,0,0,10,7,6,14,0
20-11 21:03:56,33.759,9.002,45.012,10.253,0,1224772,150424,181540,6317624,4876.351,1706.473,0,51402.238,0,3593.996,16197,25703,2.200,1.120,0.610,2,0,60.017,0,0,10,6,6,13,0
20-11 21:03:57,35.249,11.000,47.748,6.500,0,1119556,246108,182448,6324992,11580.618,4642.847,0,33050.909,0,2317.924,11599,21273,2.340,1.170,0.620,3,0,98.997,0,0,10,4,6,13,0
20-11 21:03:58,45.001,9.250,44.751,0.250,0,1211320,153516,182508,6325560,5790.151,1662.043,0,4744.123,0,249.006,10392,20680,2.340,1.170,0.620,5,0,14.000,0,0,10,4,6,13,0
20-11 21:03:59,43.357,7.725,48.091,0,0,1141968,236696,182628,6313192,8416.243,1614.675,0,7060.714,0,376.757,4789,8552,2.340,1.170,0.620,3,0,24.918,0,0,10,4,6,13,0
20-11 21:04:00,45.400,5.518,49.163,0,0,1185052,193944,182628,6313012,6518.596,1625.385,0,593.968,0,14.047,1277,1257,2.340,1.170,0.620,3,0,13.043,0,0,10,4,6,13,0
20-11 21:04:01,21.195,15.460,62.587,0,0,1075036,304008,182628,6313032,4882.316,1454.222,0,3.990,0,0.997,2156,3002,2.340,1.170,0.620,2,0,235.388,0,0,10,4,6,13,0
20-11 21:04:02,11.275,20.044,67.900,0,0,1076732,301888,182628,6313196,4635.267,1623.596,0,32552.103,0,112.249,2800,4050,2.230,1.170,0.630,3,0,306.679,0,0,10,4,6,13,0
20-11 21:04:03,13.717,16.959,66.839,0,0,1082040,296556,182628,6313568,5496.780,1689.936,0,23.942,0,5.986,3117,5138,2.230,1.170,0.630,2,0,260.374,0,0,10,4,6,13,0
20-11 21:04:04,34.339,14.538,50.130,0,0,1168300,210136,182628,6313712,7473.348,1461.785,0,0,0,0,3244,4957,2.230,1.170,0.630,2,0,165.428,0,0,10,5,5,13,0
20-11 21:04:05,48.054,2.739,49.548,0,0,1241912,136048,182628,6314188,4915.918,1613.409,0,1689.100,0,12.947,1028,1126,2.230,1.170,0.630,2,1,0,0,0,10,5,5,13,0
20-11 21:04:06,27.787,11.015,60.581,0.250,0,1245768,139816,182672,6306328,5635.495,1608.139,116.154,11835.742,10.013,314.418,2615,7828,2.230,1.170,0.630,1,0,121.161,0,0,10,4,5,13,0
20-11 21:04:07,6.498,2.499,89.475,0.500,0,1261932,123496,182688,6306472,4408.757,1565.559,159.955,1271.641,3.999,37.989,1251,1818,2.050,1.150,0.620,3,0,21.994,0,0,10,4,5,13,0
20-11 21:04:08,21.725,7.741,68.673,0.250,0,1328860,131432,179912,6235228,7584.445,1618.175,91.896,128678.850,5.993,676.237,2072,1810,2.050,1.150,0.620,2,0,0.999,0,0,10,4,5,13,0
20-11 21:04:09,21.789,4.007,72.129,1.252,0,1350544,130004,179536,6215516,6591.766,1460.607,905.617,7449.297,17.030,260.465,2832,4829,2.050,1.150,0.620,2,0,1.002,0,0,10,10,5,13,0
20-11 21:04:10,19.746,5.999,72.486,0.750,0,1300932,178516,179872,6216308,5020.046,1619.692,1179.776,2463.532,45.991,149.972,1606,2251,2.050,1.150,0.620,2,0,41.992,0,0,10,4,5,15,0
20-11 21:04:11,22.053,2.506,72.925,0.501,0,1330436,147856,180272,6216972,5418.978,1623.889,733.757,1391.332,77.185,16.038,1708,2820,2.050,1.150,0.620,2,0,3.007,0,0,10,28,5,16,0
20-11 21:04:12,21.246,5.499,73.735,0,0,1329556,148604,180272,6217104,5190.957,1457.707,0,0,0,0,1161,1510,1.970,1.150,0.630,2,0,42.991,0,0,10,28,5,16,0
20-11 21:04:13,24.504,10.752,63.261,0,0,1326132,151876,180272,6217256,4457.758,1694.288,124.021,12.002,7.001,3.001,2023,3011,1.970,1.150,0.630,2,0,156.027,0,0,10,28,5,16,0
20-11 21:04:14,46.303,6.223,47.547,0.498,0,1402800,129000,179976,6164412,4241.912,1686.807,67.711,645.249,3.983,7.966,2984,5784,1.970,1.150,0.630,3,0,0,0,0,10,30,5,17,0
20-11 21:04:15,57.004,18.834,22.852,0,0,1436228,134576,179732,6126008,6347.328,1627.262,1012.519,4134.452,39.175,490.188,4755,7283,1.970,1.150,0.630,6,1,435.946,0,0,10,28,5,18,0
20-11 21:04:16,79.455,16.241,3.498,0.500,0.250,1615076,135268,176684,5953336,5009.165,1693.042,2062.832,1623.081,49.972,265.850,4904,8082,1.970,1.150,0.630,4,0,143.919,0,0,10,32,5,18,0
20-11 21:04:17,72.916,13.235,13.485,0.250,0,1437848,359016,176068,5908464,6117.970,1456.327,31.963,1394.398,7.991,249.713,4249,9300,2.370,1.240,0.660,3,0,199.770,0,0,10,28,5,18,0
20-11 21:04:18,24.732,8.244,65.951,0,0,1343316,453508,176072,5908500,7546.446,1618.809,11.991,283.791,1.999,20.985,2034,3815,2.370,1.240,0.660,2,0,110.918,0,0,10,28,5,18,0
20-11 21:04:19,22.501,2.750,73.503,0,0,1371880,424780,176076,5908660,5471.197,1620.058,140.005,124.004,3.000,15.001,1873,3201,2.370,1.240,0.660,2,0,0,0,0,10,28,5,20,0
20-11 21:04:20,18.721,7.239,72.888,0.250,0,1363076,433568,176084,5908668,5347.775,1691.399,0,119.816,0,7.988,1322,1790,2.370,1.240,0.660,2,0,67.896,0,0,10,28,5,20,0
20-11 21:04:21,18.810,9.781,71.477,0.251,0,1306968,489480,176088,5908860,5224.614,1462.651,200.638,288.919,6.019,30.096,2660,4225,2.370,1.240,0.660,2,0,112.357,0,0,10,28,5,22,0
20-11 21:04:22,8.235,23.456,67.375,0,0,1309780,486460,176224,5908932,6696.558,1842.576,131.755,475.117,3.993,19.963,2555,3360,2.180,1.220,0.660,2,0,321.403,0,0,10,28,6,22,0
20-11 21:04:23,38.856,29.079,31.837,0,0,1441216,354948,176232,5909000,5817.883,1698.637,80.219,930.540,1.003,64.175,2878,5043,2.180,1.220,0.660,5,0,605.653,0,0,10,28,6,22,0
20-11 21:04:24,82.494,12.999,4.250,0,0,1624680,171296,176240,5909180,5191.631,1457.896,0,203.986,0,17.999,3806,7307,2.180,1.220,0.660,5,0,0,0,0,10,30,6,22,0
20-11 21:04:25,83.476,11.996,4.499,0.250,0,1482680,312992,176268,5909456,5107.504,1693.504,0,531.844,0,66.980,5476,11937,2.180,1.220,0.660,5,0,95.972,0,0,10,28,6,21,0
20-11 21:04:26,81.265,14.253,3.001,0,0,1588580,206692,176272,5909852,6805.225,1458.262,0,240.043,0,15.003,4087,8734,2.180,1.220,0.660,6,0,214.039,0,0,10,29,6,21,0
20-11 21:04:27,78.229,12.247,8.998,0,0,1499412,295640,176276,5910068,7269.037,1661.551,0,199.946,0,10.997,4122,10377,2.410,1.290,0.680,5,0,149.960,0,0,10,28,6,21,0
20-11 21:04:28,42.894,12.469,43.642,0.249,0,1365424,428360,176296,5911332,7118.354,1689.811,1212.993,3307.800,11.970,209.481,3686,7641,2.410,1.290,0.680,3,0,148.632,0,0,10,28,6,21,0
20-11 21:04:29,47.633,3.760,48.886,0,0,1438568,355056,176304,5911484,4479.484,1610.488,0,365.017,0,25.070,2447,5286,2.410,1.290,0.680,5,0,0,0,0,10,29,6,22,0
20-11 21:04:30,43.407,20.955,34.177,0,0,1429476,364092,176312,5911532,5221.862,1616.552,0,1955.828,0,107.770,3232,5094,2.410,1.290,0.680,4,0,377.195,0,0,10,28,6,22,0
20-11 21:04:31,62.648,8.269,29.068,0.251,0,1437332,356024,176320,5911736,5147.121,1623.824,20.047,164.387,1.002,23.054,3459,8281,2.410,1.290,0.680,3,0,10.024,0,0,10,29,6,25,0
20-11 21:04:32,78.750,16.750,3.500,0,0,1545944,247380,176324,5911764,4876.010,1500.003,4.000,328.001,1.000,23.000,2370,3953,2.540,1.330,0.700,4,0,248.000,0,0,10,28,6,25,0
20-11 21:04:33,68.502,14.501,17.501,0,0,1390552,402424,176332,5912104,5947.214,1620.058,0,372.013,0,32.001,5656,15866,2.540,1.330,0.700,6,0,271.010,0,0,10,28,6,30,0
20-11 21:04:34,68.249,8.750,23.500,0,0,1511988,280932,176340,5912152,6273.925,1619.981,4.000,183.998,1.000,11.000,1798,2997,2.540,1.330,0.700,3,0,52.999,0,0,10,29,6,31,0
20-11 21:04:35,58.841,16.954,21.941,0,0,1419364,373316,176364,5912368,5315.653,1615.639,0,502.643,0,45.876,4943,10795,2.540,1.330,0.700,4,0,298.195,0,0,10,28,6,33,0
20-11 21:04:36,61.662,11.530,27.322,0,0,1447088,345536,176372,5912416,5801.228,1624.264,0,296.779,0,23.061,4435,9557,2.540,1.330,0.700,4,0,102.268,0,0,10,29,6,38,0
20-11 21:04:37,65.748,14.750,19.249,0,0,1500836,291628,176372,5912576,5700.840,1693.953,0,3703.896,0,115.997,2294,3128,2.570,1.360,0.710,4,0,184.995,0,0,10,28,6,37,0
20-11 21:04:38,57.987,12.444,28.122,0.249,0,1387592,404232,176380,5913208,5831.525,1525.076,0,434.030,0,41.810,5397,10222,2.570,1.360,0.710,6,0,112.489,0,0,10,28,6,39,0
20-11 21:04:39,65.832,8.511,25.282,0.250,0,1439640,352004,176380,5913388,5671.072,1622.023,0,312.390,0,28.035,3076,6755,2.570,1.360,0.710,5,0,1.001,0,0,10,30,6,37,0
20-11 21:04:40,73.486,21.820,4.514,0,0,1521384,270156,176392,5913448,4707.100,1625.214,0,473.519,0,39.126,2736,5562,2.570,1.360,0.710,6,0,463.487,0,0,10,28,6,37,0
20-11 21:04:41,82.242,14.499,3.000,0,0.250,1613292,178040,176404,5913644,5802.455,1457.863,11.999,611.942,3.000,48.995,5617,10318,2.570,1.360,0.710,7,0,216.980,0,0,10,28,6,37,0
20-11 21:04:42,81.997,15.749,2.000,0,0,1523472,267604,176416,5913888,5857.760,1619.934,0,395.984,0,22.999,2951,5266,2.930,1.450,0.740,6,0,305.987,0,0,10,28,6,37,0
20-11 21:04:43,78.974,15.495,4.499,0,0,1529892,260988,176424,5914076,8218.296,1661.453,0,359.882,0,22.992,5518,10753,2.930,1.450,0.740,7,0,285.906,0,0,10,29,6,34,0
20-11 21:04:44,67.540,20.512,11.007,0,0,1385420,405232,176436,5914292,4324.560,1532.907,0,220.130,0,11.007,6016,12766,2.930,1.450,0.740,3,0,484.287,0,0,10,28,6,34,0
20-11 21:04:45,19.186,25.166,54.818,0,0,1318056,472520,176440,5914364,4718.321,1614.635,0,235.218,0,12.957,4504,7846,2.930,1.450,0.740,2,0,498.344,0,0,10,28,6,34,0
20-11 21:04:46,9.770,21.795,67.891,0.501,0,1318976,470352,176444,5915608,5465.352,1623.372,1238.573,188.391,24.050,8.017,2476,3280,2.930,1.450,0.740,3,0,313.651,0,0,10,28,6,34,0
20-11 21:04:47,43.551,32.288,24.028,0,0,1449784,339496,176464,5915636,8028.441,1459.717,4.005,792.932,1.001,55.065,3133,6192,3.250,1.550,0.780,7,0,842.991,0,0,10,28,6,34,0
20-11 21:04:48,78.756,17.501,3.250,0,0,1538740,250464,176488,5915688,9662.696,1620.117,12.001,2296.165,3.000,88.006,4904,9459,3.250,1.550,0.780,8,0,314.023,0,0,10,29,6,34,0
20-11 21:04:49,77.745,19.249,3.000,0,0,1553336,235464,176496,5916084,5654.644,1457.908,7.999,507.968,1.000,45.997,4812,10693,3.250,1.550,0.780,8,0,381.976,0,0,10,29,6,34,0
20-11 21:04:50,83.428,15.487,1.249,0,0,1564904,223656,176544,5916276,5038.647,1660.565,195.831,227.803,13.988,8.992,4502,10964,3.250,1.550,0.780,8,0,171.852,0,0,10,31,6,35,0
20-11 21:04:51,84.322,11.760,3.253,0,0,1620472,188628,176164,5896460,39854.035,3637.106,8.007,4675.993,2.002,226.193,6463,15348,3.250,1.550,0.780,8,0,21.018,0,0,10,31,6,34,0
20-11 21:04:52,83.251,11.500,5.000,0.250,0,1592172,215304,176196,5898068,9009.063,2521.018,4.000,1164.008,1.000,73.001,5096,15126,3.550,1.640,0.810,7,0,48.000,0,0,10,30,6,34,0
20-11 21:04:53,84.247,13.500,2.000,0,0,1558012,242748,176576,5903596,8904.688,1631.943,0,1235.957,0,35.999,4809,10000,3.550,1.640,0.810,8,0,123.996,0,0,10,29,6,34,0
20-11 21:04:54,81.003,14.250,4.250,0,0,1616108,184132,176588,5903972,8436.262,1768.055,0,480.015,0,10.000,11734,27556,3.550,1.640,0.810,7,0,76.002,0,0,10,29,6,34,0
20-11 21:04:55,82.170,13.197,3.984,0,0,1558864,240304,176624,5905008,5006.862,2738.984,0,1195.193,0,13.944,5043,16141,3.550,1.640,0.810,8,0,75.696,0,0,10,31,6,34,0
20-11 21:04:56,84.500,12.750,2.500,0,0,1571088,227748,176708,5905256,152364.609,9553.038,0,1696.007,0,60.000,3270,10251,3.550,1.640,0.810,7,0,103.000,0,0,10,31,6,33,0
20-11 21:04:57,83.333,11.546,4.016,0,0,1563012,234676,176864,5906184,550894.476,15188.725,0,2164.654,0,86.345,4065,12814,3.750,1.710,0.840,7,0,112.450,0,0,10,32,6,33,0
20-11 21:04:58,84.251,10.250,5.750,0,0,1634044,163132,176968,5906492,23475.258,6647.073,8.000,1140.013,2.000,60.001,5253,14676,3.750,1.710,0.840,6,0,31.000,0,0,10,30,6,33,0
20-11 21:04:59,82.485,14.247,2.750,0,0,1603476,192844,177132,5907088,68830.610,8138.535,0,1419.744,0,73.987,3824,8993,3.750,1.710,0.840,8,0,158.971,0,0,10,32,6,33,0
20-11 21:05:00,82.245,13.249,4.000,0,0,1646520,180672,176800,5877136,10659.350,3772.770,4.000,8463.484,1.000,377.977,4339,11695,3.750,1.710,0.840,8,0,66.996,0,0,10,33,6,34,0
20-11 21:05:01,82.012,14.502,3.250,0,0,1596360,224132,177316,5882644,5553.828,1706.254,0,1144.170,0,28.004,5710,11539,3.750,1.710,0.840,10,0,132.020,0,0,10,31,6,34,0
20-11 21:05:02,85.757,13.251,1.750,0,0,1552664,267012,177420,5883096,16918.404,5716.474,0,1008.084,0,40.003,3757,6075,4.010,1.800,0.870,6,0,133.011,0,0,10,31,6,34,0
20-11 21:05:03,81.751,10.500,7.250,0,0,1612800,206368,177528,5883468,20416.306,6593.099,0,1016.015,0,57.001,5316,12237,4.010,1.800,0.870,6,0,17.000,0,0,10,31,6,35,0
20-11 21:05:04,80.497,14.749,4.500,0,0,1480540,338064,177620,5883884,23373.182,6437.775,0,1207.958,0,75.997,3674,8890,4.010,1.800,0.870,6,0,189.993,0,0,10,30,6,35,0
20-11 21:05:05,81.491,12.999,4.500,0,0,1597840,220496,177724,5884000,21056.663,6511.277,0,8399.068,0,83.991,3969,8906,4.010,1.800,0.870,6,0,99.989,0,0,10,32,6,35,0
20-11 21:05:06,72.214,12.744,13.743,0.250,0,1470064,347084,177812,5884996,21722.247,6617.724,579.713,1143.434,7.996,64.968,5882,14777,4.010,1.800,0.870,7,0,170.915,0,0,10,31,6,35,0
20-11 21:05:07,84.259,13.752,2.500,0,0,1569720,247096,177880,5885180,12166.338,2429.267,0,660.073,0,35.004,2285,3861,4.010,1.830,0.890,6,0,105.012,0,0,10,30,6,35,0
20-11 21:05:08,80.285,7.753,10.505,0,0,1555340,259988,177900,5886612,10924.698,3708.595,4.002,484.208,1.000,29.012,6239,15189,4.010,1.830,0.890,8,0,54.023,0,0,10,32,6,36,0
20-11 21:05:09,75.257,16.001,8.501,0,0,1530176,277616,178512,5892352,6470.582,2676.241,0,1260.113,0,24.002,3665,8017,4.010,1.830,0.890,4,0,216.019,0,0,10,30,6,37,0
20-11 21:05:10,65.234,9.498,24.994,0,0,1506236,301304,178592,5892524,21840.605,6383.423,0,1187.707,0,49.988,3578,7200,4.010,1.830,0.890,5,0,76.981,0,0,10,30,6,37,0
20-11 21:05:11,69.010,12.502,17.503,0.500,0,1487968,318796,178704,5893108,53692.054,5042.756,0,1248.187,0,75.011,4463,10106,4.010,1.830,0.890,3,0,95.014,0,0,10,36,6,40,0
20-11 21:05:12,81.959,11.244,7.246,0,0,1561084,238852,179220,5898468,12486.682,3472.243,0,935.527,0,32.983,2067,3878,4.010,1.870,0.910,7,0,60.969,0,0,10,35,6,39,0
20-11 21:05:13,72.035,12.256,14.257,0.250,0,1407456,390168,179420,5900228,31573.187,3512.690,0,864.416,0,27.013,6593,14354,4.010,1.870,0.910,5,0,139.067,0,0,10,34,6,45,0
20-11 21:05:14,82.252,10.250,7.250,0,0,1602828,193412,179440,5901544,12137.267,3707.082,0,444.010,0,22.000,3531,5663,4.010,1.870,0.910,6,0,3.000,0,0,10,37,6,45,0
20-11 21:05:15,79.735,14.747,5.999,0,0,1490912,297956,180056,5907280,5999.902,1793.672,0,1239.773,0,49.991,4821,9257,4.010,1.870,0.910,4,0,244.955,0,0,10,34,6,48,0
20-11 21:05:16,63.249,12.750,22.750,0.250,0,1463532,324716,180216,5907540,159338.929,11285.853,0,2183.972,0,98.999,3756,6649,4.010,1.870,0.910,7,0,154.998,0,0,10,34,6,47,0
20-11 21:05:17,74.747,11.461,12.707,0.249,0,1589012,162188,180296,5944376,18513971.124,89394.862,0,18828.154,0,67.770,8412,10351,4.010,1.910,0.920,6,0,1.993,0,0,10,35,6,48,0
20-11 21:05:18,61.229,13.300,25.094,0.502,0,1515484,230820,180360,5949132,2254799.479,15306.338,192.722,1220.572,45.169,68.256,3168,6227,4.010,1.910,0.920,5,0,169.635,0,0,10,34,6,48,0
20-11 21:05:19,63.733,8.748,25.493,0.500,0,1588552,127264,180476,5978704,15239220.410,43438.272,0,20510.462,0,232.937,9714,14125,4.010,1.910,0.920,4,0,1.000,0,0,10,36,6,52,0
20-11 21:05:20,54.801,15.693,27.899,0.747,0,1492636,201732,180752,5999192,10590217.102,55805.482,0,14706.630,0,328.807,6128,7307,4.010,1.910,0.920,4,0,300.908,0,0,10,34,6,51,0
20-11 21:05:21,57.468,11.042,30.867,0.251,0,1407176,284024,180824,6002060,1099851.938,6643.211,4.015,6123.238,1.004,37.141,12426,24864,4.010,1.910,0.920,4,0,144.549,0,0,10,34,6,51,0
20-11 21:05:22,62.748,12.699,24.651,0,0,1541188,149548,180876,6002436,5948.148,1613.530,0,776.885,0,10.956,2700,4091,3.930,1.920,0.940,3,0,41.832,0,0,10,34,6,50,0
20-11 21:05:23,64.513,11.296,25.102,0.251,0,1477248,212248,181124,6003316,7147.175,1463.976,0,951.886,0,54.221,3151,6575,3.930,1.920,0.940,3,0,103.422,0,0,10,34,6,53,0
20-11 21:05:24,63.342,8.728,25.437,1.496,0,1408436,236176,182416,6043208,6620.475,1615.967,19.950,5546.157,4.988,222.445,3932,8765,3.930,1.920,0.940,4,0,5.985,0,0,10,34,6,54,0
20-11 21:05:25,63.406,14.285,21.553,1.002,0,1506616,128008,181688,6051084,7316.019,1698.183,12.030,207194.320,3.007,1028.533,3112,3664,3.930,1.920,0.940,3,0,30.074,0,0,10,35,6,54,0
20-11 21:05:26,61.303,13.208,24.421,0,0,1422668,202860,193180,6038176,5907.003,1527.089,354.859,10059.648,4.984,38.875,2338,6755,3.930,1.920,0.940,4,0,60.804,0,0,10,34,6,54,0
20-11 21:05:27,63.088,12.517,25.035,0.250,0,1527264,193796,193680,5945828,7553.477,1970.733,0,66916.814,0,361.501,2523,4647,3.850,1.940,0.950,4,0,0,0,0,10,33,6,54,0
20-11 21:05:28,53.565,21.276,24.279,0.250,0,1449864,270792,193716,5946296,8660.514,1621.969,60.073,4121.003,11.013,112.136,3754,7192,3.850,1.940,0.950,3,0,495.602,0,0,10,32,6,54,0
20-11 21:05:29,71.769,13.503,13.503,0.250,0.250,1466640,239648,193852,5960524,9050.344,1458.378,1848.479,1852.480,26.007,27.007,5811,14050,3.850,1.940,0.950,4,0,201.052,0,0,10,33,6,55,0
20-11 21:05:30,44.852,24.419,28.157,0.748,0,1446076,256144,193864,5964580,5214.760,1614.662,3815.386,338.880,99.670,15.947,3686,5539,3.850,1.940,0.950,3,0,639.885,0,0,10,32,6,54,0
20-11 21:05:31,45.284,7.255,47.536,0.250,0,1403092,297908,193876,5965788,6489.913,1663.259,0,436.330,0,33.025,2680,9206,3.850,1.940,0.950,3,0,30.023,0,0,10,32,6,56,0
20-11 21:05:32,29.066,18.542,52.119,0,0.251,1401592,299224,193880,5965968,5989.620,1623.692,0,196.447,0,12.027,2497,3900,3.780,1.960,0.960,2,0,348.793,0,0,10,33,6,52,0
20-11 21:05:33,21.166,5.976,72.961,0,0,1355472,345312,193884,5965996,7322.964,1687.310,0,199.210,0,7.968,1766,4093,3.780,1.960,0.960,2,0,55.779,0,0,10,32,6,52,0
20-11 21:05:34,22.521,3.253,73.568,0.500,0,1397296,303480,193888,5966000,6341.847,1459.346,0,188.173,0,15.014,1112,2287,3.780,1.960,0.960,2,0,0,0,0,10,32,6,52,0
20-11 21:05:35,19.303,8.273,72.196,0,0,1379648,321116,193892,5966008,7528.477,1624.418,0,585.593,0,42.115,1718,2318,3.780,1.960,0.960,2,0,91.248,0,0,10,32,5,46,0
20-11 21:05:36,19.468,7.488,72.382,0.250,0,1327020,373724,193900,5966020,5107.705,1617.373,0,163.734,0,17.971,1862,3460,3.780,1.960,0.960,2,0,75.877,0,0,10,32,5,46,0
20-11 21:05:37,21.032,5.008,73.614,0,0,1393220,307516,193904,5966024,6062.366,1622.507,0,312.483,0,12.019,1139,1487,3.560,1.940,0.960,2,0,23.036,0,0,10,33,5,39,0
20-11 21:05:38,19.205,7.981,72.083,0,0,1326956,373624,193904,5966180,5668.848,1454.625,0,331.232,0,26.938,2106,3721,3.560,1.940,0.960,2,0,94.780,0,0,10,32,5,39,0
20-11 21:05:39,22.073,3.762,73.995,0,0,1385752,314824,193908,5966180,6024.924,1625.375,0,148.491,0,7.023,1083,1856,3.560,1.940,0.960,1,0,0,0,0,10,33,5,37,0
20-11 21:05:40,21.187,4.736,71.788,0.249,0,1335532,364944,193920,5966268,4534.587,1615.222,0,813.593,0,54.838,2544,4950,3.560,1.940,0.960,2,0,29.912,0,0,10,32,5,38,0
20-11 21:05:41,23.780,2.503,73.344,0.250,0,1382400,318072,193924,5966268,5038.429,1459.863,0,52.066,0,7.009,1356,2651,3.560,1.940,0.960,3,0,0,0,0,10,33,5,36,0
20-11 21:05:42,16.777,11.769,70.361,0.250,0,1318748,381548,193924,5966444,5200.222,1622.565,0,2407.807,0,187.296,3210,5250,3.360,1.930,0.960,2,0,251.397,0,0,10,32,5,36,0
20-11 21:05:43,36.153,12.217,51.113,0,0,1437436,262364,193940,5966908,5789.519,1689.482,99.733,482.709,5.984,26.928,2215,3317,3.360,1.930,0.960,3,0,234.373,0,0,10,32,5,38,0
20-11 21:05:44,41.211,5.745,46.206,6.494,0.250,1505176,188304,194268,5972900,5849.466,1530.552,1458.620,12851.842,33.968,1193.871,7903,12930,3.360,1.930,0.960,2,1,70.933,0,0,10,36,5,38,0
20-11 21:05:45,35.276,9.257,41.031,13.010,0,1470660,218548,194720,5976720,4635.467,1621.213,172.129,43532.562,9.007,3985.982,17854,29944,3.360,1.930,0.960,3,0,94.070,0,0,10,36,5,38,0
20-11 21:05:46,43.508,6.501,44.758,3.751,0,1387452,302004,194844,5976348,5347.979,1694.310,0,21207.881,0,1605.294,6643,12096,3.360,1.930,0.960,3,0,20.004,0,0,10,32,5,38,0
20-11 21:05:47,42.759,6.001,50.010,1.500,0,1493336,195912,194920,5976480,7732.539,1458.290,0,4344.865,0,844.168,6549,11054,3.250,1.930,0.970,8,0,3.001,0,0,10,34,5,38,0
20-11 21:05:48,37.695,9.486,50.177,2.496,0,1341880,346864,195032,5976872,10531.634,1617.640,0,13735.959,0,1805.366,11260,19536,3.250,1.930,0.970,2,0,99.854,0,0,10,32,5,38,0
20-11 21:05:49,23.316,2.758,72.957,0.251,0,1418736,270004,195036,5976872,6316.883,1624.599,0,3193.039,0,181.514,1346,1974,3.250,1.930,0.970,2,0,2.006,0,0,10,32,5,38,0
20-11 21:05:50,26.769,5.504,67.298,0,0,1362232,326480,195040,5976896,6830.898,1695.215,0,1076.772,0,70.050,2062,4220,3.250,1.930,0.970,2,0,35.025,0,0,10,32,5,39,0
20-11 21:05:51,23.249,2.750,72.998,0.250,0.250,1421164,267544,195044,5976896,8238.794,1457.964,0,4439.889,0,241.994,1392,2132,3.250,1.930,0.970,2,0,2.000,0,0,10,32,5,38,0
20-11 21:05:52,24.257,2.501,72.269,0,0,1390076,298612,195048,5976912,8905.387,1888.506,0,396.106,0,22.006,1157,1453,3.070,1.910,0.970,2,0,1.000,0,0,10,32,6,38,0
20-11 21:05:53,22.343,3.476,73.235,0,0,1344280,344308,195048,5977012,9154.561,1682.159,0,79.441,0,1.986,979,1147,3.070,1.910,0.970,1,0,2.979,0,0,10,32,6,38,0
20-11 21:05:54,22.272,3.754,73.574,0.250,0,1419380,268708,195048,5977512,10411.505,1621.636,500.505,0,4.004,0,967,1148,3.070,1.910,0.970,1,0,2.002,0,0,10,32,6,38,0
20-11 21:05:55,22.333,2.760,74.027,0,0,1359944,328056,195048,5977600,5396.171,1700.356,0,0,0,0,872,1065,3.070,1.910,0.970,1,0,1.004,0,0,10,32,6,38,0
20-11 21:05:56,22.803,3.007,74.172,0,0,1356164,331804,195048,5977632,4843.246,1623.770,0,0,0,0,889,1158,3.070,1.910,0.970,2,0,1.002,0,0,10,32,6,38,0
20-11 21:05:57,23.188,2.493,73.554,0,0,1428236,259732,195048,5977632,4746.342,1591.755,0,3.989,0,0.997,889,1154,2.900,1.900,0.970,3,0,1.995,0,0,10,32,6,37,0
20-11 21:05:58,23.235,2.498,72.702,0.750,0,1367104,321072,195048,5977660,7449.106,1680.896,0,7331.183,0,425.720,1505,1699,2.900,1.900,0.970,3,0,1.999,0,0,10,32,6,37,0
20-11 21:05:59,22.264,3.252,74.045,0,0,1372900,315244,195048,5977692,5779.549,1769.086,0,4.002,0,1.001,915,1103,2.900,1.900,0.970,4,0,1.001,0,0,10,32,6,37,0
20-11 21:06:00,22.242,3.499,73.724,0,0,1437412,250732,195048,5977692,6159.795,1619.420,0,0,0,0,908,1146,2.900,1.900,0.970,3,0,1.999,0,0,10,32,6,37,0
20-11 21:06:01,12.743,15.242,71.211,0,0,1343764,344240,195048,5977832,6385.482,1619.108,0,183.899,0,1.999,2062,2877,2.900,1.900,0.970,2,0,224.876,0,0,10,32,6,36,0
20-11 21:06:02,9.006,20.513,69.293,0,0,1347028,340952,195048,5977856,59076.568,1621.003,0,736.456,0,8.005,2635,3845,2.670,1.870,0.960,2,0,346.214,0,0,10,32,6,36,0
20-11 21:06:03,9.256,20.514,69.548,0,0,1342832,345004,195056,5977992,5785.958,1621.109,108.074,13281.084,6.004,64.044,2550,3574,2.670,1.870,0.960,2,0,271.185,0,0,10,32,6,36,0
20-11 21:06:04,9.493,20.735,69.199,0,0,1341360,346448,195056,5978020,4823.479,1510.897,0,91.933,0,0.999,2443,3495,2.670,1.870,0.960,2,0,294.785,0,0,10,32,6,36,0
20-11 21:06:05,13.256,14.507,71.783,0,0,1372160,315632,195056,5978036,7036.209,1566.714,0,12.005,0,2.001,1969,2680,2.670,1.870,0.960,2,0,180.082,0,0,10,32,6,35,0
20-11 21:06:06,22.750,3.000,73.751,0,0,1448276,239528,195056,5978024,5368.038,1714.012,0,0,0,0,898,1138,2.670,1.870,0.960,2,0,2.000,0,0,10,32,6,35,0
20-11 21:06:07,23.267,2.001,73.805,0,0,1403352,284456,195056,5978020,5318.936,1695.254,0,16.012,0,1.001,896,1095,2.530,1.850,0.960,2,0,1.001,0,0,10,32,6,35,0
20-11 21:06:08,23.718,2.247,73.402,0,0,1352600,335180,195064,5978040,7173.423,1529.958,0,571.237,0,37.949,1268,1736,2.530,1.850,0.960,2,0,3.995,0,0,10,32,6,35,0
20-11 21:06:09,22.750,3.000,73.999,0,0,1428408,259384,195064,5978028,50029.600,1619.987,0,4.000,0,1.000,992,1154,2.530,1.850,0.960,2,0,2.000,0,0,10,32,6,34,0
20-11 21:06:10,22.486,2.748,73.955,0,0,1374144,313636,195064,5978040,6465.095,1619.022,0,23.986,0,2.998,919,1115,2.530,1.850,0.960,2,0,0.999,0,0,10,32,6,34,0
20-11 21:06:11,21.978,3.496,73.426,0,0,1448500,239296,195064,5978024,5559.413,1456.536,0,0,0,0,911,1166,2.530,1.850,0.960,2,0,1.998,0,0,10,32,6,28,0
20-11 21:06:12,23.290,2.254,74.128,0,0,1405072,282716,195064,5978032,5999.391,1664.884,0,20.035,0,1.002,890,1106,2.410,1.840,0.960,2,0,1.002,0,0,10,32,6,28,0
20-11 21:06:13,23.001,2.750,73.502,0,0,1340292,347484,195064,5978044,4369.127,1512.044,0,792.023,0,127.004,1126,1149,2.410,1.840,0.960,2,0,3.000,0,0,10,32,6,22,0
20-11 21:06:14,22.249,3.500,73.746,0,0,1419920,267880,195064,5978020,5622.730,1639.921,0,67.997,0,2.000,922,1174,2.410,1.840,0.960,2,0,2.000,0,0,10,32,6,22,0
20-11 21:06:15,23.505,2.000,73.765,0,0,1365212,322564,195064,5978044,5204.056,1620.329,0,32.006,0,3.001,915,1129,2.410,1.840,0.960,2,0,1.000,0,0,10,32,6,19,0
20-11 21:06:16,23.751,1.750,74.252,0,0,1438380,249484,195064,5977956,5932.136,1458.034,0,4.000,0,1.000,930,1183,2.410,1.840,0.960,2,0,2.000,0,0,10,32,6,19,0
20-11 21:06:17,21.746,2.999,73.486,0,0,1404436,283352,195064,5978032,5550.968,1619.699,0,87.984,0,1.000,917,1119,2.300,1.820,0.960,2,0,1.000,0,0,10,32,6,19,0
20-11 21:06:18,23.743,1.999,73.477,0,0,1403860,283920,195072,5978032,5117.403,1619.495,0,2023.369,0,41.987,1164,1630,2.300,1.820,0.960,2,0,1.999,0,0,10,32,6,17,0
20-11 21:06:19,23.511,2.001,74.283,0,0,1350588,337172,195072,5978052,6739.033,1512.681,0,20.009,0,1.000,918,1103,2.300,1.820,0.960,2,0,3.001,0,0,10,32,6,17,0
20-11 21:06:20,23.253,2.000,73.761,0,0,1355412,332348,195072,5978052,7048.008,1566.224,0,20.003,0,1.000,874,1085,2.300,1.820,0.960,2,0,1.000,0,0,10,32,6,13,0
20-11 21:06:21,22.494,2.999,73.732,0,0,1437576,250196,195072,5978040,33016.746,1619.595,0,3.999,0,1.000,914,1126,2.300,1.820,0.960,2,0,2.000,0,0,10,32,6,13,0
20-11 21:06:22,17.549,10.529,70.948,0.251,0,1350616,337116,195072,5978080,7044.626,1624.526,0,685.911,0,23.064,2275,3370,2.190,1.810,0.960,3,0,271.757,0,0,10,32,6,12,0
20-11 21:06:23,18.751,7.751,72.256,0,0,1409352,278360,195072,5978100,5724.447,1620.126,0,116.009,0,5.000,1696,2656,2.190,1.810,0.960,2,0,191.015,0,0,10,32,6,12,0
20-11 21:06:24,22.704,2.744,74.100,0,0,1369812,317656,195072,5978344,6402.036,1764.427,0,0,0,0,907,1200,2.190,1.810,0.960,2,0,8.982,0,0,10,32,6,8,0
20-11 21:06:25,22.468,3.745,74.144,0,0,1347528,339936,195072,5978348,5301.424,1583.737,0,0,0,0,887,1137,2.190,1.810,0.960,2,0,0,0,0,10,32,6,8,0
20-11 21:06:26,8.763,22.034,68.105,0,0.250,1350988,336372,195072,5978452,6303.701,1568.414,4.006,120.185,1.002,5.008,3145,4947,2.190,1.810,0.960,3,0,490.755,0,0,10,32,6,7,0
20-11 21:06:27,10.268,20.786,69.119,0,0,1353420,333916,195072,5978476,7886.573,1696.920,0,380.655,0,8.014,3135,4886,2.100,1.800,0.960,2,0,462.796,0,0,10,32,6,7,0
20-11 21:06:28,8.002,22.256,68.519,0.250,0,1352572,334724,195072,5978516,5050.429,1512.428,0,1260.357,0,44.012,3510,5678,2.100,1.800,0.960,3,0,530.150,0,0,10,32,6,7,0
20-11 21:06:29,10.241,20.231,68.936,0,0,1348112,339156,195072,5978544,68476.522,1564.550,0,1810.322,0,106.901,3232,4939,2.100,1.800,0.960,2,0,491.544,0,0,10,32,6,7,0
20-11 21:06:30,9.759,20.269,69.564,0,0,1349320,337928,195072,5978564,5954.520,1621.503,0,1289.195,0,14.013,3281,5131,2.100,1.800,0.960,3,0,525.487,0,0,10,32,6,6,0
20-11 21:06:31,11.002,18.254,70.264,0,0,1348536,338680,195072,5978596,4499.873,1628.316,0,188.036,0,5.001,2863,4298,2.100,1.800,0.960,3,0,390.076,0,0,10,32,6,6,0
20-11 21:06:32,10.480,18.464,70.115,0,0,1349576,337612,195072,5978624,8121.366,1636.849,0,259.500,0,7.985,2968,4439,2.010,1.780,0.960,3,0,413.205,0,0,10,32,6,4,0
20-11 21:06:33,8.262,22.783,68.850,0,0,1349616,337360,195076,5978832,4868.103,1696.475,180.263,232.339,6.009,16.023,3193,5052,2.010,1.780,0.960,2,0,498.728,0,0,10,32,6,4,0
20-11 21:06:34,17.259,19.760,61.531,0.250,0,1354008,329432,195084,5982360,3993.981,1512.750,3621.796,936.464,50.025,73.036,3410,5246,2.010,1.780,0.960,4,0,509.253,0,0,10,32,6,4,0
20-11 21:06:35,43.513,30.759,25.758,0.250,0,1457892,225360,195104,5982560,6647.954,1640.482,96.028,3849.132,5.001,215.063,4834,9011,2.010,1.780,0.960,4,0,966.284,0,0,10,32,6,10,0
20-11 21:06:36,80.246,16.249,1.250,1.000,0,1617796,144000,195312,5902236,5362.705,1619.911,1211.933,10791.406,26.999,569.969,9402,4844,2.010,1.780,0.960,6,1,156.991,0,0,10,34,6,10,0
20-11 21:06:37,60.000,10.250,21.250,10.000,0,1655040,128808,194956,5880972,5956.958,1457.990,44.000,61979.566,6.000,4787.966,21837,36112,2.170,1.820,0.980,4,2,133.999,0,0,10,36,6,11,0
20-11 21:06:38,59.748,14.000,15.500,11.250,0,1637236,138896,195788,5887904,6744.798,1619.951,0,86565.403,0,6260.812,26121,42714,2.170,1.820,0.980,5,1,171.995,0,0,10,36,6,11,0
20-11 21:06:39,54.499,11.000,22.749,9.750,0,1571000,195380,196092,5897276,17192.553,1767.954,67.998,80713.901,1.000,5857.848,24186,41746,2.170,1.820,0.980,4,0,131.997,0,0,10,36,6,12,0
20-11 21:06:40,42.237,14.995,31.990,10.747,0,1548092,210820,196208,5904560,6917.890,1619.506,0,58106.278,0,4593.599,18877,33809,2.170,1.820,0.980,8,0,241.926,0,0,10,34,6,11,0
20-11 21:06:41,33.471,6.245,44.211,13.238,0,1553704,197268,196468,5912204,6470.306,1618.576,0,46930.701,0,3655.783,19933,35203,2.170,1.820,0.980,5,0,29.974,0,0,10,35,6,13,0
20-11 21:06:42,35.795,11.014,40.301,14.018,0,1536476,211600,196696,5914840,4764.980,1513.900,0,47663.818,0,4023.049,17325,29918,2.160,1.820,0.990,2,0,84.106,0,0,10,34,6,14,0
20-11 21:06:43,37.251,9.000,41.001,13.000,0,1556520,191244,197116,5914728,5185.119,1620.037,0,56189.292,0,4543.104,21179,37517,2.160,1.820,0.990,3,0,36.001,0,0,10,35,6,18,0
20-11 21:06:44,34.237,10.996,42.734,10.496,0,1531108,214420,197300,5916780,8132.861,1565.396,0,44958.646,0,3764.547,17824,30317,2.160,1.820,0.990,6,0,109.958,0,0,10,34,6,16,0
20-11 21:06:45,37.263,7.253,41.265,12.505,0,1559960,184684,197432,5917516,6657.403,1620.585,0,54823.791,0,4548.642,18145,35611,2.160,1.820,0.990,3,0,36.013,0,0,10,35,6,19,0
20-11 21:06:46,42.501,8.250,40.001,10.000,0,1518700,223236,197472,5920168,31376.067,1512.051,0,31749.079,0,3058.104,14741,28798,2.160,1.820,0.990,2,0,78.003,0,0,10,34,6,21,0
20-11 21:06:47,36.246,6.999,41.995,14.248,0,1556116,182720,197620,5923120,9095.990,1639.818,0,48642.601,0,4275.525,18873,33200,2.300,1.860,1,5,0,47.995,0,0,10,37,6,22,0
20-11 21:06:48,34.249,9.250,43.748,12.750,0,1505072,230840,197716,5925948,9478.668,1693.941,0,56546.021,0,4870.830,22612,39697,2.300,1.860,1,2,0,118.996,0,0,10,36,6,22,0
20-11 21:06:49,36.251,8.750,40.751,15.250,0,1554476,177192,197900,5930004,7140.107,1512.023,0,56852.853,0,4921.074,21360,37090,2.300,1.860,1,2,0,102.002,0,0,10,37,6,23,1
20-11 21:06:50,37.560,10.198,39.799,11.691,0,1548712,180940,197988,5931928,5463.393,1558.127,0,39086.496,0,3670.453,16349,32308,2.300,1.860,1,6,0,112.432,0,0,10,36,6,24,0
20-11 21:06:51,36.686,8.292,41.711,14.322,0,1511436,223504,198064,5926548,12535.404,1628.236,0,49361.671,0,4394.226,15802,34097,2.300,1.860,1,2,1,78.397,0,0,10,36,6,24,0
20-11 21:06:52,41.241,7.498,43.990,6.749,0,1439948,294384,198072,5927136,7871.253,1553.655,0,33172.636,0,2471.451,8817,17736,2.280,1.860,1.010,2,0,58.987,0,0,10,33,6,26,0
20-11 21:06:53,22.437,12.465,62.573,0.499,0,1420040,314192,198072,5927232,7818.912,1561.589,0,2660.484,0,155.561,2863,5272,2.280,1.860,1.010,2,0,222.372,0,0,10,32,6,26,0
20-11 21:06:54,23.768,3.002,72.304,0,0,1377024,357184,198076,5927252,7211.358,1621.205,0,1032.767,0,69.051,2215,4270,2.280,1.860,1.010,2,0,13.010,0,0,10,32,6,26,0
20-11 21:06:55,10.496,21.242,68.723,0.250,0,1383144,350960,198076,5927352,7361.100,1585.375,0,863.660,0,52.979,2520,3367,2.280,1.860,1.010,2,0,308.878,0,0,10,32,6,26,0
20-11 21:06:56,9.500,21.499,68.498,0.500,0,1384668,349376,198076,5927412,60518.245,1639.952,0,595.983,0,40.999,2645,3638,2.280,1.860,1.010,3,0,299.991,0,0,10,32,6,26,0
20-11 21:06:57,54.122,15.786,29.567,0,0,1539424,194460,198088,5927560,5250.846,1665.758,8.018,3291.425,2.005,216.488,3091,4520,2.340,1.880,1.020,3,0,257.581,0,0,10,32,6,32,0
20-11 21:06:58,66.351,9.728,23.697,0.499,0,1683832,122764,198100,5856484,6578.265,1616.379,11.973,1768.040,1.996,75.830,1584,1701,2.340,1.880,1.020,3,0,0.998,0,0,10,32,6,32,0
20-11 21:06:59,49.131,11.029,31.083,7.771,0,1765040,127368,198200,5772544,5310.114,1516.030,2675.110,42003.646,139.370,2963.878,12709,20228,2.340,1.880,1.020,3,1,99.264,0,0,10,38,6,32,0
20-11 21:07:00,32.242,9.998,44.490,14.247,0,1766360,130216,198324,5768500,8694.957,1661.610,0,90954.626,0,7172.315,27400,50026,2.340,1.880,1.020,1,2,233.945,0,0,10,38,6,32,0
20-11 21:07:01,35.758,10.252,41.009,15.003,0,1767548,119684,198428,5777452,6403.345,1620.340,0,93395.613,0,7484.572,26373,53867,2.340,1.880,1.020,8,0,198.042,0,0,10,38,6,32,0
20-11 21:07:02,43.005,9.501,30.754,15.502,0,1667508,224272,198500,5772964,6468.796,1620.199,0,88546.891,0,6799.836,22763,44287,2.310,1.880,1.020,5,0,258.032,0,0,10,36,6,32,0
20-11 21:07:03,44.250,10.500,28.750,16.000,0,1743288,134348,198544,5786588,4824.048,1640.016,0,103109.031,0,6956.070,22257,43955,2.310,1.880,1.020,2,0,37.000,0,0,10,36,6,32,0
20-11 21:07:04,43.500,8.500,32.250,15.750,0.250,1767008,127924,198596,5769396,5377,1620,0,77940,0,6091,21366,40218,2.310,1.880,1.020,3,0,92,0,0,10,38,6,32,0
20-11 21:07:05,37.871,7.724,45.595,8.720,0,1500692,392580,198612,5771032,6891.514,1506.865,0,43005.437,0,3224.013,13118,22530,2.310,1.880,1.020,2,0,153.477,0,0,10,32,5,32,0
20-11 21:07:06,14.250,15.500,70.001,0.250,0,1416640,476528,198612,5771132,5428.065,1714.021,68.001,1516.018,1.000,83.001,2119,2841,2.310,1.880,1.020,2,0,212.003,0,0,10,32,5,32,0
20-11 21:07:07,22.497,3.749,72.739,0.500,0,1491236,401936,198620,5771120,5455.198,1565.770,0,5603.176,0,318.953,1601,2397,2.210,1.870,1.020,3,0,1.000,0,0,10,32,5,32,0
20-11 21:07:08,24.247,1.750,72.991,0,0,1521964,371192,198620,5771136,6137.282,1511.823,0,147.983,0,11.999,1277,1889,2.210,1.870,1.020,4,0,3.000,0,0,10,34,5,32,0
20-11 21:07:09,21.581,4.015,74.278,0,0,1466844,426312,198620,5771136,6483.228,1571.874,0,40.150,0,4.015,977,1359,2.210,1.870,1.020,3,0,28.105,0,0,10,32,5,32,0
20-11 21:07:10,22.930,2.492,73.774,0,0,1517240,375912,198620,5771136,9469.034,1507.389,0,75.768,0,10.966,1041,1386,2.210,1.870,1.020,2,0,1.994,0,0,10,34,5,32,0
20-11 21:07:11,16.551,20.062,62.944,0,0,1409580,483484,198624,5771220,7981.559,1625.000,116.358,593.827,10.031,40.123,3101,4954,2.210,1.870,1.020,2,0,527.623,0,0,10,32,5,32,0
20-11 21:07:12,15.974,37.688,44.927,0.250,0,1410172,482764,198624,5771348,6519.334,1563.442,3.993,371.392,0.998,32.946,5297,9167,2.190,1.870,1.030,5,0,1175.078,0,0,10,32,5,32,0
20-11 21:07:13,9.730,21.456,69.109,0,0,1414344,478500,198624,5771420,4896.995,1582.766,31.935,151.690,0.998,12.973,2770,4146,2.190,1.870,1.030,1,0,413.156,0,0,10,32,5,32,0
20-11 21:07:14,8.264,16.528,75.376,0.250,0,1407516,484540,198640,5772152,6896.490,1696.827,625.041,681.135,16.027,134.224,2707,3450,2.190,1.870,1.030,2,0,225.375,0,0,11,12,5,32,20
20-11 21:07:15,9.245,20.988,68.461,0,0,1407760,484260,198640,5772168,5299.984,1565.109,0,23.986,0,5.997,2543,3694,2.190,1.870,1.030,2,0,287.836,0,0,11,12,5,32,20
20-11 21:07:16,26.287,17.274,54.076,0.501,0,1412116,478480,198796,5773312,5741.020,1812.532,1706.384,12.017,121.169,3.004,5568,10048,2.190,1.870,1.030,2,0,233.326,0,0,11,12,6,32,20
20-11 21:07:17,16.495,20.994,60.733,0,0,1453912,435488,198804,5774420,8772.482,1693.514,43.987,15.995,1.999,3.999,2772,4438,2.010,1.840,1.020,2,0,338.903,0,0,13,12,6,32,20
20-11 21:07:18,14.511,18.513,66.798,0.250,0,1461712,427480,198804,5774592,6200.495,1621.175,0,332.241,0,7.005,3533,5478,2.010,1.840,1.020,3,0,221.160,0,0,13,12,6,32,20
20-11 21:07:19,23.689,18.951,56.854,0,0,1499852,389132,198808,5774828,5117.862,1759.483,3.990,7.980,0.997,0.997,3784,6418,2.010,1.840,1.020,2,0,322.173,0,0,15,12,6,32,20
20-11 21:07:20,10.253,20.757,67.772,0,0,1505288,383684,198808,5774860,6768.159,1640.523,0,220.070,0,13.004,2644,3920,2.010,1.840,1.020,3,0,263.084,0,0,15,12,6,32,20
20-11 21:07:21,23.069,17.301,58.925,0.251,0,1532952,355848,198808,5774884,6798.232,1558.639,0,405.206,0,24.072,3423,8942,2.010,1.840,1.020,3,0,184.549,0,0,15,12,6,32,20
20-11 21:07:22,76.500,15.750,7.750,0,0,1837472,121588,198832,5705932,7816.953,1887.989,4.000,5335.968,1.000,387.998,2775,2813,2.890,2.020,1.090,14,0,26.000,0,0,17,12,7,32,20
20-11 21:07:23,58.638,14.971,25.451,0,0,1938596,168488,198848,5560948,5948.632,1690.769,0,31.939,0,4.990,2547,4314,2.890,2.020,1.090,2,0,174.666,0,0,17,12,7,32,20
20-11 21:07:24,10.266,19.279,68.855,0,0,1943972,163072,198848,5560980,5558.471,1696.586,0,16.024,0,4.006,2803,4174,2.890,2.020,1.090,4,0,289.441,0,0,17,12,7,32,20
20-11 21:07:25,15.966,17.213,65.359,0,0,1950084,156912,198848,5561380,4974.290,1528.709,0,15.966,0,3.991,4002,8577,2.890,2.020,1.090,3,0,206.555,0,0,17,12,7,32,20
20-11 21:07:26,24.058,11.528,63.904,0,0,1986500,134312,198844,5547504,6424.457,1623.907,990.383,0,17.041,0,2804,6307,2.890,2.020,1.090,1,0,142.342,0,0,18,12,7,32,20
20-11 21:07:27,7.722,8.718,82.446,0,0,2012492,126368,198844,5529856,5857.433,1614.057,0,0,0,0,1695,2787,2.740,2.010,1.090,3,0,90.666,0,0,18,12,7,33,20
20-11 21:07:28,23.839,5.019,70.261,0.753,0,2068252,132988,198848,5468720,6561.389,1537.716,64.239,3641.536,4.015,302.123,2359,3227,2.740,2.010,1.090,1,0,1.004,0,0,18,12,7,33,10
20-11 21:07:29,18.500,10.500,70.250,0.500,0,2007024,193736,198848,5469184,8001.944,1767.988,323.998,355.998,6.000,36.000,3248,5360,2.740,2.010,1.090,2,0,134.999,0,0,18,18,7,38,0
20-11 21:07:30,8.742,21.230,68.686,0,0,2022936,177760,198852,5469244,7421.076,1618.490,3.996,139.870,0.999,10.990,3082,4909,2.740,2.010,1.090,2,0,366.658,0,0,18,18,7,38,0
20-11 21:07:31,9.000,20.250,68.499,0,0,2017852,182712,198852,5469376,4834.952,1499.985,0,415.996,0,27.000,3101,4915,2.740,2.010,1.090,4,0,305.997,0,0,18,18,7,38,0
20-11 21:07:32,11.252,19.254,68.763,0,0,2020856,179640,198852,5469428,6721.284,1694.324,0,96.018,0,10.002,2726,4036,2.600,1.990,1.090,2,0,249.048,0,0,18,18,7,38,0
20-11 21:07:33,27.024,16.515,56.050,0,0,2059676,140324,198852,5470128,6985.224,1621.445,328.293,8.007,3.003,2.002,5526,10107,2.600,1.990,1.090,3,0,201.179,0,0,18,18,7,38,0
20-11 21:07:34,45.741,6.999,46.241,0,0,2160476,133980,198852,5377852,5815.831,1457.707,0,243.951,0,4.999,1570,2055,2.600,1.990,1.090,4,0,9.998,0,0,18,19,7,38,0
20-11 21:07:35,46.970,5.496,46.720,0.250,0,2242552,123924,198840,5306776,6202.012,1618.959,159.897,659.576,1.999,40.974,2355,3590,2.600,1.990,1.090,4,0,20.987,0,0,18,35,7,33,0
20-11 21:07:36,31.922,12.968,53.618,0.748,0,2266892,129928,198840,5276984,5598.256,1616.033,0,7856.712,0,432.937,5357,13010,2.600,1.990,1.090,2,0,150.630,0,0,18,34,7,33,0
20-11 21:07:37,14.546,17.806,65.957,0,0,2278460,118428,198844,5277080,4698.749,1536.824,0,316.995,0,15.047,3857,6178,2.550,1.990,1.090,1,0,226.712,0,0,18,34,7,31,0
20-11 21:07:38,8.726,6.732,82.525,0,0,2271664,128732,198844,5273632,5462.105,1689.393,215.413,0,9.973,0,3319,5815,2.550,1.990,1.090,1,0,62.829,0,0,18,34,7,31,0
20-11 21:07:39,1.999,0.750,95.961,0.250,0,2271664,128732,198844,5273632,5482.752,1619.336,0,95.961,0,8.996,1057,1866,2.550,1.990,1.090,1,0,2.999,0,0,18,34,7,30,0
20-11 21:07:40,1.752,0.250,96.584,0,0,2271664,128732,198844,5273632,8098.062,1621.414,0,0,0,0,1015,1755,2.550,1.990,1.090,2,0,3.003,0,0,18,34,7,30,0
20-11 21:07:41,2.247,1.998,93.644,0.250,0,2296180,132344,198844,5246216,6718.361,1618.160,0,367.582,0,29.966,1114,2048,2.550,1.990,1.090,1,0,0.999,0,0,18,34,7,28,0
20-11 21:07:42,4.752,7.504,87.042,0,0,2253164,175364,198844,5246228,8209.990,1620.788,24.012,52.025,1.000,6.003,1915,3028,2.430,1.970,1.090,4,0,105.051,0,0,18,34,7,29,0
20-11 21:07:43,15.784,16.035,65.393,0.251,0,2264652,181384,198844,5229008,5183.315,1461.190,304.665,1699.710,18.039,277.606,5796,9878,2.430,1.970,1.090,1,0,264.578,0,0,18,34,7,29,0
20-11 21:07:44,11.744,20.990,65.717,0.750,0,2323228,129088,198840,5223200,6415.792,1931.034,723.638,1551.224,33.983,274.863,4391,6611,2.430,1.970,1.090,4,0,311.844,0,0,19,34,7,24,0
20-11 21:07:45,15.441,12.701,69.484,0.249,0,2326252,125728,198844,5223076,5108.460,1613.827,215.177,593.729,9.962,36.859,4158,8548,2.430,1.970,1.090,1,0,194.257,0,0,19,50,7,24,0
20-11 21:07:46,5.276,11.808,81.900,0,0,2329592,122380,198844,5223084,5000.432,1465.159,0,4.020,0,1.005,1977,3128,2.430,1.970,1.090,2,0,142.697,0,0,21,50,7,21,0
20-11 21:07:47,18.252,14.502,65.759,0.750,0,2333804,124740,198844,5216580,8584.167,1620.220,188.026,1440.196,8.001,276.038,5948,9302,2.310,1.960,1.090,2,0,190.026,0,0,21,52,7,21,0
20-11 21:07:48,9.732,18.715,69.868,0,0,2336748,121764,198844,5216612,6998.751,1583.003,0,3.992,0,0.998,2848,4353,2.310,1.960,1.090,3,0,276.477,0,0,21,52,7,18,0
20-11 21:07:49,10.253,19.757,68.023,0,0,2336672,121816,198844,5216636,5053.683,1650.550,0,28.009,0,7.002,2808,4478,2.310,1.960,1.090,2,0,285.095,0,0,21,52,7,18,0
20-11 21:07:50,28.786,19.274,50.814,0,0,2356520,123716,198852,5198004,5121.443,1622.041,12.015,2034.559,2.003,324.408,5728,12616,2.310,1.960,1.090,6,0,314.396,0,0,21,52,7,17,0
20-11 21:07:51,29.253,24.503,45.505,0,0,2408508,129488,198872,5138996,36530.055,1512.168,4.000,348.039,1.000,6.001,3619,6361,2.310,1.960,1.090,2,0,474.053,0,0,21,52,7,18,0
20-11 21:07:52,29.757,24.256,44.010,0,0,2468732,128676,198892,5080844,9752.321,1608.383,44.010,952.227,5.001,23.005,5029,10421,2.370,1.980,1.100,3,0,534.127,0,0,21,56,7,18,0
20-11 21:07:53,40.502,20.751,38.752,0,0,2535536,132316,198896,5011180,8392.436,1620.084,8.000,32.002,2.000,8.000,4252,10089,2.370,1.980,1.100,3,0,261.014,0,0,21,56,7,18,0
20-11 21:07:54,53.726,23.240,21.990,0,0,2670440,129788,198904,4879156,59385.870,1749.230,0,5469.593,0,275.879,4508,7766,2.370,1.980,1.100,3,0,650.714,0,0,21,56,7,16,0
20-11 21:07:55,62.775,20.008,16.757,0,0.250,2770396,125220,198936,4783828,4696.851,1640.646,8.003,292.115,2.001,9.004,3755,13610,2.370,1.980,1.100,4,0,310.122,0,0,21,56,7,16,0
20-11 21:07:56,72.509,23.003,3.000,0.500,0.250,2932888,140380,199752,4608636,5735.734,1620.207,740.095,1428.183,75.010,63.008,3024,7395,2.370,1.980,1.100,4,0,477.061,0,0,21,60,7,16,0
20-11 21:07:57,62.993,24.497,9.249,3.000,0,3021152,126144,199760,4535284,6413.307,1735.813,7.999,34408.284,2.000,2380.743,14874,26645,2.740,2.060,1.130,8,0,337.963,0,0,21,60,7,16,0
20-11 21:07:58,71.340,21.626,3.977,1.989,0,3124028,128256,199768,4431444,5482.514,1610.749,0,16584.754,0,1613.732,11986,22999,2.740,2.060,1.130,4,0,329.110,0,0,21,62,7,10,0
20-11 21:07:59,73.037,20.330,5.773,0,0.251,3234924,120764,199768,4330088,6143.099,1626.380,24.095,9930.959,2.008,717.816,7341,17375,2.740,2.060,1.130,4,0,312.225,0,0,21,75,7,17,0
20-11 21:08:00,60.059,24.023,15.265,0,0,3335768,122776,199768,4229428,5363.245,1513.480,0,4284.190,0,328.321,4559,11856,2.740,2.060,1.130,4,0,553.541,0,0,21,81,7,20,0
20-11 21:08:01,45.997,20.249,31.748,0,0,3438636,129400,199768,4122232,6283.560,1639.885,27.998,7987.441,4.000,534.963,6753,21139,2.740,2.060,1.130,6,0,223.984,0,0,21,83,7,20,0
20-11 21:08:02,58.864,15.215,24.693,0.499,0,3588512,129528,199768,3974080,5897.377,1690.096,798.156,5910.347,47.889,437.988,5248,11539,2.760,2.070,1.140,3,0,125.710,0,0,21,86,7,23,0
20-11 21:08:03,18.278,16.275,62.596,1.252,0,3624364,121352,199760,3946860,6884.533,1696.596,200.306,5700.722,13.020,433.664,4301,6552,2.760,2.070,1.140,2,0,239.366,0,0,21,89,7,23,0
20-11 21:08:04,7.748,20.745,70.232,0,0,3620844,134028,199756,3937712,6749.306,1619.593,0,163.959,0,13.996,2826,4324,2.760,2.070,1.140,3,0,235.941,0,0,21,89,7,23,0
20-11 21:08:05,8.231,20.452,70.337,0,0,3625700,129676,199756,3937208,8158.049,1779.865,0,43.898,0,3.991,2770,4091,2.760,2.070,1.140,3,0,243.435,0,0,21,89,7,23,0
20-11 21:08:06,8.766,20.789,69.629,0,0,3632452,122992,199756,3937140,9128.962,1717.191,0,0,0,0,2695,4031,2.760,2.070,1.140,3,0,257.478,0,0,21,89,7,23,0
20-11 21:08:07,10.014,18.526,70.099,0,0,3637260,118156,199756,3937168,5409.655,1514.143,0,4.006,0,1.001,2690,4007,2.540,2.040,1.140,2,0,247.350,0,0,21,89,7,23,0
20-11 21:08:08,9.489,21.226,67.674,0,0,3627136,128756,199756,3936692,6329.866,1618.176,3.995,211.761,0.999,14.983,2893,4285,2.540,2.040,1.140,2,0,253.714,0,0,21,91,7,23,0
20-11 21:08:09,21.241,16.243,60.974,0,0,3640572,117952,199756,3934072,6045.443,1713.275,0,7.997,0,1.999,5256,9953,2.540,2.040,1.140,2,0,157.933,0,0,21,91,7,23,0
20-11 21:08:10,31.260,22.757,45.014,0.750,0,3701036,134020,199716,3857880,5624.766,1620.509,1256.395,2264.711,43.014,325.102,3742,5635,2.540,2.040,1.140,6,0,372.117,0,0,21,99,7,23,0
20-11 21:08:11,29.930,21.200,46.641,0.249,0,3735268,130008,199720,3828216,7122.334,1616.218,159.626,582.637,4.988,38.909,4903,8947,2.540,2.040,1.140,2,0,365.146,0,0,21,107,7,23,0
20-11 21:08:12,36.410,23.855,39.172,0,0,3819500,120280,199720,3754344,5885.916,1627.164,253.114,289.274,16.071,17.075,6296,12730,2.580,2.060,1.150,7,0,291.283,0,0,23,109,7,24,0
20-11 21:08:13,55.253,28.001,15.751,0,0,3965760,124468,199580,3606128,5547.261,1458.069,484.023,9248.435,29.001,750.035,8818,14779,2.580,2.060,1.150,6,0,534.025,0,0,23,119,7,24,0
20-11 21:08:14,56.250,23.500,19.750,0.250,0,4055700,126160,199520,3516040,6465.052,1620.013,156.001,392.003,8.000,28.000,8121,21566,2.580,2.060,1.150,4,0,303.002,0,0,23,135,7,24,0
20-11 21:08:15,37.496,22.248,38.996,0.500,0,4125596,128192,199492,3444868,5003.480,1709.822,103.989,8031.165,4.000,643.933,4812,7821,2.580,2.060,1.150,3,0,428.955,0,0,23,135,7,24,0
20-11 21:08:16,14.239,20.733,64.198,0,0,4137812,123340,199496,3437580,31874.309,1530.766,0,291.765,0,13.989,2943,4874,2.580,2.060,1.150,5,0,299.758,0,0,24,135,7,24,0
20-11 21:08:17,15.005,19.507,65.022,0.250,0,4145768,126368,199492,3426628,5117.771,1768.612,0,352.122,0,21.007,3936,6264,2.450,2.040,1.150,2,0,206.071,0,0,24,135,7,24,0
20-11 21:08:18,26.492,19.744,52.234,0,0,4185532,123700,199476,3389804,5064.486,1693.494,0,343.897,0,23.993,4393,9978,2.450,2.040,1.150,4,0,261.922,0,0,24,135,7,24,0
20-11 21:08:19,31.391,22.173,44.346,0.249,0,4237972,124760,199460,3336784,5992.189,1526.698,3.986,271.059,0.997,19.931,3489,6286,2.450,2.040,1.150,3,0,366.726,0,0,24,137,7,24,0
20-11 21:08:20,31.304,21.287,47.582,0.250,0,4314344,122936,199420,3264304,7760.340,1622.790,0,408.703,0,24.041,7145,15621,2.450,2.040,1.150,6,0,198.341,0,0,24,147,7,24,0
20-11 21:08:21,32.072,22.801,43.347,0,0,4375320,126280,199368,3201384,7597.086,1515.408,8.018,416.938,2.005,26.059,3685,6327,2.450,2.040,1.150,6,0,494.111,0,0,24,153,7,24,0
20-11 21:08:22,30.732,27.984,41.226,0.250,0,4447592,121340,199328,3135772,13861.849,1565.080,231.864,8055.264,15.991,776.543,7892,16959,2.580,2.070,1.160,10,0,500.706,0,0,24,167,7,24,0
20-11 21:08:23,16.514,21.518,59.799,0.250,0,4456840,175964,199272,3073832,6553.374,1621.329,128.105,3883.184,11.009,358.294,5200,8610,2.580,2.070,1.160,3,0,407.334,0,0,24,167,7,24,0
20-11 21:08:24,21.001,16.001,61.254,0.500,0,4476840,155748,199272,3074088,6547.439,1586.106,100.007,476.032,8.001,40.003,6119,10338,2.580,2.070,1.160,4,0,194.013,0,0,24,183,7,24,0
20-11 21:08:25,40.312,12.442,45.040,0.498,0,4588992,123896,199184,2996400,5394.898,1686.154,215.000,2432.681,5.972,370.277,3048,3836,2.580,2.070,1.160,4,0,101.528,0,0,24,183,7,24,0
20-11 21:08:26,44.728,8.496,44.978,0.250,0,4699400,127272,199060,2886860,6914.653,1565.242,1587.232,503.756,61.970,80.961,2106,2731,2.580,2.070,1.160,4,0,3.998,0,0,24,183,7,24,0
20-11 21:08:27,34.399,11.550,53.231,0.251,0,4621352,211332,199056,2881120,8086.061,1701.377,321.394,498.160,4.017,31.135,3036,5527,2.530,2.070,1.170,5,0,225.980,0,0,24,187,7,24,0
20-11 21:08:28,35.652,24.433,39.641,0,0,4687324,142632,199060,2883812,8350.054,1615.560,191.474,203.441,33.907,21.940,5890,13959,2.530,2.070,1.170,5,0,450.761,0,0,24,191,7,24,0
20-11 21:08:29,42.131,24.326,29.843,3.260,0,4678316,141128,199048,2895824,4778.881,1625.060,35438.355,485.512,433.349,27.084,7621,15963,2.530,2.070,1.170,5,0,317.990,0,0,24,195,7,22,0
20-11 21:08:30,65.666,21.223,7.990,2.996,0,4817204,152744,199052,2749032,4769.933,1510.079,37604.167,607.228,393.499,31.959,4399,8413,2.530,2.070,1.170,4,0,157.799,0,0,24,202,7,23,0
20-11 21:08:31,67.022,18.006,6.252,8.253,0,4850284,129080,199084,2741556,5528.852,1662.557,52433.565,13996.689,919.308,770.258,6863,9421,2.530,2.070,1.170,8,0,49.016,0,0,24,208,7,20,0
20-11 21:08:32,59.038,22.515,13.008,5.504,0,4922772,124368,198344,2677360,5329.453,1641.063,56052.322,1192.773,700.454,93.060,5872,13678,2.650,2.100,1.180,5,0,217.141,0,0,24,211,7,27,0
20-11 21:08:33,42.703,29.048,24.827,2.731,0,4895136,137340,197980,2693064,4936.690,1682.308,34500.223,1020.905,354.536,76.469,5982,12973,2.650,2.100,1.180,3,0,446.894,0,0,24,211,7,29,0
20-11 21:08:34,51.309,23.642,22.636,2.515,0,4946500,134276,197044,2646816,4206.335,1521.162,30065.082,13843.379,309.866,678.084,7093,14587,2.650,2.100,1.180,6,0,288.739,0,0,24,211,7,30,0
20-11 21:08:35,60.840,27.541,7.010,2.504,0,4999352,130156,196992,2601976,5101.571,1568.327,53259.036,4422.563,517.768,253.376,4529,7833,2.650,2.100,1.180,6,0,458.681,0,0,24,215,6,30,0
20-11 21:08:36,62.003,26.251,9.500,0.750,0,4979548,174984,197140,2577856,6545.268,1620.066,1820.075,2016.083,83.003,132.005,8146,64502,2.650,2.100,1.180,5,0,239.010,0,0,24,219,6,35,0
20-11 21:08:37,54.503,24.252,20.251,0.500,0,5093920,127928,196548,2512672,5274.327,1554.096,76.005,12884.799,3.000,803.050,5818,9112,2.760,2.130,1.200,7,0,475.029,0,0,24,222,6,35,0
20-11 21:08:38,52.824,24.169,21.179,0.498,0,5122556,128752,196056,2483592,8480.700,1560.792,191.361,6574.062,11.960,650.828,9079,21320,2.760,2.130,1.200,5,0,246.179,0,0,24,225,6,40,0
20-11 21:08:39,66.458,12.289,21.317,0.251,0,5262252,124944,194108,2354008,6096.105,1625.093,421.320,409.283,19.060,22.069,3856,7672,2.760,2.130,1.200,5,0,2.006,0,0,24,227,6,40,0
20-11 21:08:40,63.246,10.749,24.999,0.500,0,5306328,189552,193416,2248376,144103.930,14721.176,827.954,3815.786,68.996,268.985,5930,15201,2.760,2.130,1.200,5,0,7.000,0,0,24,237,6,44,0
20-11 21:08:41,42.245,13.498,42.495,0.250,0,5282712,213140,193416,2248556,18918.805,5288.387,15.998,587.932,1.000,58.993,3846,8543,2.760,2.130,1.200,6,0,219.974,0,0,24,240,6,44,0
20-11 21:08:42,42.338,20.671,34.618,0,0,5292452,202988,193416,2248936,5357.529,1613.834,219.163,709.290,13.947,48.813,4775,9758,2.780,2.150,1.210,7,0,425.375,0,0,24,245,6,45,0
20-11 21:08:43,42.957,18.981,37.212,0.499,0,5276740,218340,193416,2249480,6118.826,1584.401,171.827,1406.581,12.987,166.832,5815,16774,2.780,2.150,1.210,3,0,178.820,0,0,25,245,6,45,0
20-11 21:08:44,67.078,13.064,19.345,1.256,0,5425212,130308,192336,2192512,6913.809,1648.059,1278.251,1008.934,92.452,45.221,3136,6580,2.780,2.150,1.210,7,0,154.757,0,0,25,249,6,45,2
20-11 21:08:45,68.753,8.000,21.251,0.750,0,5484716,135616,191076,2131516,5397.264,1620.079,1040.051,8172.400,84.004,730.036,4089,4808,2.780,2.150,1.210,5,0,12.001,0,0,25,252,6,45,2
20-11 21:08:46,36.744,14.648,46.675,0.248,0,5460320,172632,190776,2119440,9355.772,3238.422,3.972,869.935,0.993,67.529,6399,14668,2.780,2.150,1.210,5,0,218.477,0,0,25,250,6,46,2
20-11 21:08:47,29.956,3.745,65.154,0,0,5505260,130592,190480,2117284,10619141.339,67419.164,0,439.356,0,29.956,5442,5640,2.630,2.130,1.210,3,0,0,0,0,25,252,6,46,2
20-11 21:08:48,16.819,7.280,75.561,0.251,0,5460536,164376,190484,2128220,11393444.450,51339.055,0,678.791,0,61.252,5159,5213,2.630,2.130,1.210,2,0,72.297,0,0,25,251,6,46,2
20-11 21:08:49,12.479,16.223,69.634,0.250,0,5483820,138976,190488,2130332,7058.213,1617.299,2064.552,295.507,22.962,15.973,2954,4640,2.630,2.130,1.210,2,0,223.627,0,0,25,251,6,46,2
20-11 21:08:50,25.996,4.749,66.491,1.500,0,5521904,132628,190060,2100144,6296.125,1693.765,0,28128.090,0,646.910,3050,4083,2.630,2.130,1.210,3,1,3.999,0,0,25,259,6,46,2
20-11 21:08:51,28.731,6.440,62.168,0.743,0,5533496,152588,189464,2071344,9652.651,1634.699,685.583,503.289,52.509,61.425,5154,16650,2.630,2.130,1.210,4,0,35.666,0,0,25,267,6,49,2
20-11 21:08:52,28.164,2.791,68.761,0.507,0,5544076,141736,189500,2071620,7582.478,1577.188,8.119,1843.097,2.030,277.074,4548,9653,2.500,2.110,1.200,2,0,5.075,0,0,25,271,6,50,2
20-11 21:08:53,27.205,9.734,60.150,0.998,0,5488224,204184,189024,2067296,9113.898,1617.320,179.702,23764.622,18.969,380.370,6663,11674,2.500,2.110,1.200,3,0,103.828,0,0,25,273,6,58,2
20-11 21:08:54,21.187,11.715,65.056,0.499,0,5539872,151828,189040,2067988,7264.352,1561.347,614.170,414.764,48.854,25.923,2502,4157,2.500,2.110,1.200,2,0,127.620,0,0,25,277,6,58,0
20-11 21:08:55,16.007,6.503,69.278,6.002,0,5532404,129536,189596,2097984,6480.664,1512.622,4489.845,4161.710,748.308,252.104,3809,4357,2.500,2.110,1.200,2,0,0,0,0,25,277,6,58,0
20-11 21:08:56,21.844,4.268,71.559,2.009,0,5534092,125056,189676,2100688,5568.060,1627.030,1305.642,1410.093,232.002,57.247,2270,3314,2.500,2.110,1.200,2,0,9.039,0,0,25,277,6,58,0
20-11 21:08:57,22.675,7.226,67.276,1.495,0,5548876,136204,189060,2078024,6925.944,1560.804,697.677,745.518,147.509,33.887,14597,28604,2.380,2.090,1.200,2,0,3.987,0,0,25,277,6,59,0
20-11 21:08:58,22.802,6.014,70.661,0,0,5557072,143304,188744,2064080,4619.556,1631.728,0,27755.421,0,253.579,4207,7104,2.380,2.090,1.200,2,0,4.009,0,0,25,279,6,59,0
20-11 21:08:59,21.918,5.978,70.985,0,0,5553472,146972,188748,2064036,5153.735,1687.691,0,661.527,0,22.914,2523,4401,2.380,2.090,1.200,3,0,0.996,0,0,25,277,6,54,0
20-11 21:09:00,23.877,8.294,66.857,0.503,0,5468380,230416,188872,2065560,6723.885,1574.403,1282.847,261.395,146.783,20.107,2733,4058,2.380,2.090,1.200,8,0,60.322,0,0,25,277,6,54,0
20-11 21:09:01,19.127,16.146,63.095,0.248,0,5510172,188412,188872,2065772,4925.359,1502.349,95.387,186.800,5.962,7.949,3143,5486,2.380,2.090,1.200,2,0,389.498,0,0,25,277,6,50,0
20-11 21:09:02,20.999,7.500,70.246,0.500,0,5491600,206952,188880,2065796,5607.669,1619.904,19.999,387.977,2.000,30.998,2199,3502,2.270,2.070,1.200,2,0,68.996,0,0,25,277,6,50,0
20-11 21:09:03,11.792,17.562,68.242,0.251,0,5500212,198280,188896,2065840,5267.695,1571.578,24.085,256.912,3.011,27.096,3232,5088,2.270,2.070,1.200,2,0,261.930,0,0,25,281,6,47,0
20-11 21:09:04,9.224,17.201,73.043,0,0,5504676,193588,188904,2065996,5240.160,1507.730,27.921,21008.504,2.992,159.548,3775,5942,2.270,2.070,1.200,1,0,360.978,0,0,25,285,6,47,0
20-11 21:09:05,6.261,2.003,90.407,0,0,5515612,182652,188904,2065996,6206.806,1622.825,0,0,0,0,1467,2456,2.270,2.070,1.200,2,0,9.016,0,0,25,285,6,47,0
20-11 21:09:06,25.199,3.493,70.357,0,0,5567404,130368,188904,2066488,6519.758,1710.526,479.027,0,3.992,0,2423,3888,2.270,2.070,1.200,3,0,0,0,0,25,287,6,47,0
20-11 21:09:07,18.319,12.045,68.005,0.502,0,5518052,179412,188936,2066764,4357.353,1626.103,124.467,289.085,13.049,25.094,3817,6759,2.170,2.050,1.200,2,0,213.802,0,0,25,289,6,47,0
20-11 21:09:08,12.521,16.779,70.119,0.250,0,5520872,176500,188940,2066884,8660.749,1696.890,56.096,120.205,4.007,8.014,3566,5708,2.170,2.050,1.200,3,0,236.403,0,0,25,289,6,47,0
20-11 21:09:09,14.174,14.174,69.629,0,0,5528720,168220,188944,2067312,4901.873,1611.411,119.364,175.067,7.958,12.931,3360,5293,2.170,2.050,1.200,2,0,226.791,0,0,25,289,6,47,0
20-11 21:09:10,24.507,4.001,70.520,0.500,0,5589568,127680,188388,2047936,7454.124,1458.416,4.001,4065.159,1.000,457.130,2528,2908,2.170,2.050,1.200,5,0,1.000,0,0,25,289,6,47,0
20-11 21:09:11,23.766,3.753,70.047,0.500,0.250,5628000,136532,186868,2003832,6698.481,1621.085,192.129,1384.927,8.005,113.076,2271,3485,2.170,2.050,1.200,2,0,4.003,0,0,25,293,6,47,0
20-11 21:09:12,26.099,2.761,70.016,0.251,0,5552892,211600,186884,2003856,6420.436,1626.189,44.168,361.375,7.027,32.122,1991,3085,2.080,2.040,1.200,3,0,5.019,0,0,25,291,6,47,0
20-11 21:09:13,24.891,2.987,70.440,0.498,0,5606604,157772,186888,2003968,4574.898,1451.622,3.983,207.090,0.996,17.921,1846,3014,2.080,2.040,1.200,3,0,2.987,0,0,25,292,6,48,0
20-11 21:09:14,26.629,4.020,69.085,0,0,5511572,252776,187016,2003868,6673.386,1702.261,120.585,418.029,5.024,31.151,2930,5688,2.080,2.040,1.200,3,0,17.083,0,0,25,289,6,48,0
20-11 21:09:15,25.251,2.250,71.002,0,0,5569212,195004,187028,2003988,4788.124,1620.042,0,188.005,0,20.001,1847,2905,2.080,2.040,1.200,2,0,1.000,0,0,25,289,6,48,0
20-11 21:09:16,18.711,9.231,70.352,0.249,0,5512260,250552,187164,2005256,4830.812,1528.776,1496.843,530.880,25.945,28.939,2788,4364,2.080,2.040,1.200,4,0,153.676,0,0,25,289,6,49,0
20-11 21:09:17,13.219,17.709,68.841,0.249,0,5529144,233448,187196,2005448,5164.061,1690.093,71.834,510.819,5.986,44.896,3788,6446,2.070,2.040,1.200,2,0,396.084,0,0,25,293,6,49,0
20-11 21:09:18,23.351,4.017,70.807,0.251,0,5580256,181268,187752,2005960,4700.381,1627.055,1056.581,273.185,71.309,13.057,1870,2926,2.070,2.040,1.200,2,0,5.022,0,0,25,293,6,49,0
20-11 21:09:19,20.748,3.250,75.494,0.250,0,5601040,159064,187776,2007356,11845.135,3618.736,223.984,171.987,44.997,7.999,1752,2649,2.070,2.040,1.200,3,0,3.000,0,0,25,294,6,49,0
20-11 21:09:20,24.259,4.002,71.527,0.250,0,5582984,171584,188076,2012592,6734.532,1794.675,64.024,612.230,16.006,7.003,1796,2827,2.070,2.040,1.200,3,0,3.001,0,0,25,293,6,49,0
20-11 21:09:21,20.129,2.237,75.546,0,0,5597300,156028,188088,2013820,37865.542,4507.921,23.857,425.444,4.970,5.964,1650,2537,2.070,2.040,1.200,3,0,2.982,0,0,25,294,6,49,0
20-11 21:09:22,24.008,6.252,68.274,1.250,0,5579504,165048,188664,2022020,7060.450,1632.567,3297.144,1264.439,37.013,34.012,10570,20820,2.140,2.050,1.210,4,0,14.005,0,0,25,293,6,49,0
20-11 21:09:23,20.106,3.770,75.148,0,0,5577348,166520,188720,2022648,12530.348,4601.364,217.150,623.300,12.064,19.101,3248,5711,2.140,2.050,1.210,3,0,5.027,0,0,25,294,6,49,0
20-11 21:09:24,26.811,7.199,64.793,0.248,0,5565248,174940,188776,2026272,6427.653,1755.614,2577.814,718.928,30.783,24.825,9170,17670,2.140,2.050,1.210,2,0,18.867,0,0,25,294,6,49,0
20-11 21:09:25,20.398,10.325,69.000,0.252,0.252,5521488,230396,188880,2014488,5864.535,1881.648,0,1104.007,0,31.226,3326,5579,2.140,2.050,1.210,3,0,266.936,0,0,25,293,6,49,0
20-11 21:09:26,25.622,4.478,68.907,0,0,5586064,166192,188880,2014116,5791.131,1450.768,0,3.980,0,0.995,1933,3222,2.140,2.050,1.210,3,0,0,0,0,25,294,6,49,0
20-11 21:09:27,25.607,7.280,66.278,0,0,5544504,207436,188880,2014432,7139.902,1701.124,28.118,538.254,3.013,38.160,4815,8617,2.290,2.080,1.230,3,0,113.475,0,0,25,295,6,53,0
20-11 21:09:28,26.666,4.237,68.036,0,0,5587316,164572,188880,2014484,5904.448,1656.794,31.900,15.950,1.994,0.997,2512,4755,2.290,2.080,1.230,4,0,0.997,0,0,25,296,6,54,0
20-11 21:09:29,25.827,4.513,68.454,0.251,0,5571972,179896,188880,2014504,4875.505,1624.834,0,2611.770,0,173.516,2920,4656,2.290,2.080,1.230,2,0,71.212,0,0,25,295,6,55,0
20-11 21:09:30,24.088,4.470,69.780,0.248,0,5525500,225924,188880,2014948,57038.133,1609.170,242.369,262.235,4.967,22.846,3141,5899,2.290,2.080,1.230,2,0,56.619,0,0,25,295,6,55,0
20-11 21:09:31,25.426,4.028,70.992,0,0,5586480,164940,188880,2014952,4967.434,1542.694,0,181.256,0,10.070,2186,3451,2.290,2.080,1.230,2,0,0,0,0,25,295,6,55,0
20-11 21:09:32,24.147,3.734,69.951,0.498,0,5568472,182732,188880,2015168,5893.781,1760.467,15.932,2537.144,0.996,370.415,2734,4831,2.190,2.070,1.230,3,0,31.864,0,0,25,295,6,51,0
20-11 21:09:33,25.768,2.502,70.299,0,0,5594176,156552,188888,2015636,8401.814,1695.173,0,320.222,0,29.020,3075,5479,2.190,2.070,1.230,2,0,0,0,0,25,295,6,51,0
20-11 21:09:34,22.725,4.995,70.922,0.250,0,5581536,169180,188892,2015644,5584.885,1456.405,0,211.768,0,11.987,1899,3099,2.190,2.070,1.230,2,0,46.949,0,0,25,295,6,47,0
20-11 21:09:35,24.608,4.520,70.310,0,0,5547312,203384,188908,2015648,7337.328,1701.497,0,687.027,0,46.204,2833,5170,2.190,2.070,1.230,4,0,32.142,0,0,25,295,6,49,0
20-11 21:09:36,24.449,2.744,72.099,0,0,5584484,166188,188908,2015672,5566.327,1616.610,0,0,0,0,2410,4233,2.190,2.070,1.230,3,0,0,0,0,25,297,6,44,0
20-11 21:09:37,16.305,14.549,68.229,0.502,0,5533584,216960,188916,2015792,4593.411,1462.908,0,593.993,0,53.178,4367,7795,2.090,2.050,1.220,3,0,454.525,0,0,25,295,6,45,0
20-11 21:09:38,13.253,19.505,66.516,0,0,5527420,222824,188932,2016076,4870.208,1620.402,80.020,412.102,5.001,40.010,4929,8760,2.090,2.050,1.220,3,0,717.178,0,0,25,295,6,39,0
20-11 21:09:39,11.978,18.715,67.625,0,0,5528280,221820,188940,2016212,5073.604,1603.031,0,507.061,0,40.924,4655,8009,2.090,2.050,1.220,2,0,665.767,0,0,25,295,6,39,0
20-11 21:09:40,11.771,21.539,67.623,0.250,0,5534092,215908,188940,2016312,6265.384,1622.949,68.124,328.597,2.004,31.056,4626,8085,2.090,2.050,1.220,2,0,664.207,0,0,25,295,6,35,0
20-11 21:09:41,10.495,19.991,67.720,0,0,5541604,208356,188940,2016352,5965.345,1619.279,0,127.943,0,16.992,4363,7358,2.090,2.050,1.220,3,0,616.726,0,0,25,295,6,35,0
20-11 21:09:42,9.503,20.257,68.273,0.250,0,5538056,211136,188940,2017120,4339.467,1458.493,860.291,2140.724,15.005,142.048,4632,7968,2.010,2.030,1.220,4,0,593.201,0,0,25,297,6,35,0
20-11 21:09:43,18.644,7.706,68.113,3.977,0,5543748,206876,189092,2024776,7241.809,1610.838,6499.033,1988.688,610.527,7.955,5935,10376,2.010,2.030,1.220,2,0,52.700,0,0,25,295,6,36,0
20-11 21:09:44,21.992,5.748,68.975,2.499,0,5559376,175456,189228,2040432,8269.056,1619.423,5913.895,2047.271,438.844,26.990,5162,9183,2.010,2.030,1.220,3,0,4.998,0,0,25,295,6,34,0
20-11 21:09:45,18.268,2.002,77.828,1.001,0,5573844,160084,189260,2041304,17654.619,7546.531,524.523,912.911,27.027,43.043,1930,3066,2.010,2.030,1.220,4,0,1.001,0,0,25,296,6,34,0
20-11 21:09:46,12.497,1.999,83.229,0.750,0,5573724,159580,189316,2041868,50486.177,11944.966,507.871,1275.676,52.987,50.987,2064,3175,2.010,2.030,1.220,2,0,5.998,0,0,25,296,6,34,0
20-11 21:09:47,19.006,2.001,74.772,1.500,0,5598284,133632,189396,2043176,24046.166,11252.353,1024.305,3389.010,59.018,398.119,2861,3593,1.930,2.010,1.220,3,0,0,0,0,25,296,6,34,0
20-11 21:09:48,16.751,1.500,79.507,1.250,0,5601768,129348,189424,2043948,24343.167,12811.140,760.068,1408.125,65.006,55.005,2257,3190,1.930,2.010,1.220,2,0,1.000,0,0,25,296,6,34,0
20-11 21:09:49,18.738,1.749,76.200,1.249,0,5607988,139684,189136,2029088,18274.067,10366.231,855.441,1646.925,52.965,91.940,2344,2863,1.930,2.010,1.220,2,0,0,0,0,25,296,6,34,0
20-11 21:09:50,19.491,4.248,72.968,1.999,0,5602268,158668,188740,2016940,10242.524,4924.848,15313.308,6781.037,188.917,270.882,2477,3394,1.930,2.010,1.220,2,0,1.000,0,0,25,296,6,34,0
20-11 21:09:51,27.270,6.004,64.798,0.250,0,5629716,137836,188776,2010436,23937.738,1621.201,0,1881.394,0,85.063,3106,5770,1.930,2.010,1.220,2,0,34.025,0,0,25,296,6,35,0
20-11 21:09:52,23.994,5.499,69.982,1.250,0,5621120,144564,188976,2012256,444483.212,1541.605,0,3579.084,0,155.960,3800,3581,1.850,2,1.220,2,0,1.999,0,0,25,296,6,35,0
20-11 21:09:53,27.496,5.249,64.242,0.750,0,5621228,137136,189148,2019112,9579.755,1619.789,0,19973.403,0,218.972,2681,3701,1.850,2,1.220,2,0,0,0,0,25,294,6,28,2
20-11 21:09:54,26.985,5.497,66.962,0.250,0,5548796,242604,188916,1986708,10791.924,1792.991,475.732,835.530,6.996,21.988,2125,2730,1.850,2,1.220,2,0,5.997,0,0,25,293,6,28,2
20-11 21:09:55,19.989,2.998,74.710,0.250,0,5584328,201560,189020,1992112,33572.904,3683.015,0,1335.280,0,15.991,2041,2727,1.850,2,1.220,3,0,2.998,0,0,25,293,6,20,3
20-11 21:09:56,22.262,3.502,73.538,0,0,5582944,201916,189104,1993040,9325.868,2981.556,0,0,0,0,1748,2509,1.850,2,1.220,1,0,6.003,0,0,25,294,6,20,2
20-11 21:09:57,24.141,3.521,70.663,0.251,0,5577288,200528,189508,1998960,8078.209,3314.369,0,1645.617,0,42.247,10265,20290,1.780,1.980,1.220,1,0,6.035,0,0,25,293,6,20,2
20-11 21:09:58,23.130,8.208,65.909,0.249,0,5582004,195504,189580,1999340,5523.427,1611.663,3.979,73213.268,0.995,350.188,10940,20520,1.780,1.980,1.220,2,0,14.923,0,0,25,293,6,20,2
20-11 21:09:59,23.123,5.529,71.380,0,0,5548036,242220,189628,1986924,5684.286,1628.678,0,659.514,0,25.134,2194,3319,1.780,1.980,1.220,3,0,16.086,0,0,25,293,6,18,2
20-11 21:10:00,23.642,4.479,70.676,0.249,0,5550892,238684,189648,1987680,5527.689,1451.354,0,875.989,0,21.900,2363,3914,1.780,1.980,1.220,2,0,50.768,0,0,25,293,6,18,2
20-11 21:10:01,27.891,6.533,65.079,0,0,5589020,200328,189648,1987908,4790.248,1628.242,32.163,377.913,2.010,5.025,9684,19106,1.780,1.980,1.220,3,0,14.071,0,0,25,295,6,18,2
20-11 21:10:02,19.495,3.249,75.233,0,0,5579332,204012,189672,1993888,10981.452,3880.100,0,1091.747,0,20.995,1765,2647,1.720,1.960,1.220,2,0,3.999,0,0,25,295,6,18,2
20-11 21:10:03,20.214,2.745,76.363,0.250,0,5600392,182580,189688,1994244,12334.884,4299.291,0,411.263,0,9.982,1699,2666,1.720,1.960,1.220,2,0,4.991,0,0,25,296,6,18,2
20-11 21:10:04,24.728,4.996,68.439,0.250,0.250,5574668,201060,190060,2000316,5500.121,1866.345,0,1642.543,0,168.850,10017,19747,1.720,1.960,1.220,4,0,13.988,0,0,25,295,6,18,2
20-11 21:10:05,24.988,6.497,66.967,0.750,0,5574772,198820,190108,2002372,5754.129,1619.192,987.507,171.914,16.992,2.999,10044,19738,1.720,1.960,1.220,2,0,19.990,0,0,25,295,5,18,2
20-11 21:10:06,22.264,6.004,71.545,0,0,5555284,231744,190124,1989640,7080.418,1715.070,0,628.392,0,12.007,1757,2690,1.720,1.960,1.220,2,0,6.004,0,0,25,295,5,18,2
20-11 21:10:07,24.703,5.240,68.870,0.250,0,5530076,256900,190140,1989676,17765.423,5332.921,0,1018.076,0,35.932,2273,3700,1.660,1.950,1.220,2,0,56.892,0,0,25,295,5,18,2
20-11 21:10:08,23.751,6.500,67.754,0,0,5542904,230052,190140,2003184,6674.414,1620.100,0,112.007,0,5.000,13202,25875,1.660,1.950,1.220,2,0,46.003,0,0,25,295,5,18,2
20-11 21:10:09,20.506,2.501,76.772,0.500,0,5563704,207148,190156,2005016,12121.527,5006.457,4.001,1584.461,1.000,18.005,1730,2667,1.660,1.950,1.220,1,0,3.001,0,0,25,296,5,18,2
20-11 21:10:10,16.500,2.000,79.501,0.250,0,5575436,195236,190192,2005128,24111.386,12652.202,0,1396.022,0,51.001,1981,3146,1.660,1.950,1.220,2,0,0,0,0,25,296,5,18,2
20-11 21:10:11,9.244,1.749,88.193,0.500,0,5575376,195012,190224,2005348,48236.887,10008.544,3.997,939.394,0.999,41.973,1786,2777,1.660,1.950,1.220,1,0,0.999,0,0,25,299,5,18,2
20-11 21:10:12,8.249,1.500,88.743,0.500,0,5575580,194564,190240,2005544,121905.760,10243.140,0,1111.907,0,47.996,1760,2812,1.530,1.910,1.210,1,0,0,0,0,25,299,5,18,2
20-11 21:10:13,21.247,1.250,75.989,0.250,0,5596096,173900,190292,2005612,17410.458,8984.688,0,799.883,0,27.996,1846,2736,1.530,1.910,1.210,2,0,0,0,0,25,299,5,18,2
20-11 21:10:14,18.743,1.999,78.719,0.250,0,5610836,158528,190352,2006152,271877.512,15380.033,0,1715.334,0,64.975,2075,3342,1.530,1.910,1.210,3,0,1.000,0,0,25,299,5,18,2
20-11 21:10:15,9.502,2.251,85.272,1.000,0,5612056,157044,190512,2006160,63130.603,14658.855,28.007,1812.477,4.001,96.025,2087,3496,1.530,1.910,1.210,1,0,1.000,0,0,25,299,5,17,2
20-11 21:10:16,6.534,1.508,89.471,0.754,0,5611800,157044,190592,2006304,76175.215,10464.114,24.127,1250.587,4.021,58.307,1716,2861,1.530,1.910,1.210,1,0,0,0,0,25,299,5,18,2
20-11 21:10:17,17.166,1.741,78.118,0.746,0,5614188,145700,190652,2015136,71929.903,13149.633,103.493,1751.427,5.971,90.557,2270,3484,1.570,1.920,1.210,2,0,0.995,0,0,25,299,5,17,2
20-11 21:10:18,10.224,4.488,81.290,1.995,0,5606960,148512,181476,2030700,7225427.945,47129.312,10289.433,12060.859,83.784,319.176,4553,4573,1.570,1.920,1.210,1,0,3.990,0,0,25,299,5,17,2
20-11 21:10:19,22.283,4.507,70.855,1.502,0,5624548,141552,181832,2020480,215223.823,4968.383,0,56548.030,0,513.763,4091,3366,1.570,1.920,1.210,4,0,1.001,0,0,25,299,5,17,2
20-11 21:10:20,23.987,4.997,70.211,1.249,0,5631076,129940,183648,2022564,5451.958,1693.055,0,8435.293,0,133.925,3345,3343,1.570,1.920,1.210,2,0,0,0,0,25,299,5,17,2
20-11 21:10:21,23.254,5.001,70.013,0.750,0,5635512,143368,178388,2011844,6284.175,1458.273,0,10978.053,0,212.040,2410,3289,1.570,1.920,1.210,2,0,0,0,0,25,299,5,17,2
20-11 21:10:22,21.617,7.038,69.878,1.508,0,5628328,131716,178992,2029380,5963.297,1628.822,0,8968.574,0,189.024,3373,3470,1.520,1.900,1.210,6,0,0,0,0,25,299,5,17,2
20-11 21:10:23,23.278,4.005,71.837,0,0.250,5630904,131096,180208,2025840,6716.100,1621.956,0,5526.665,0,40.048,1928,3181,1.520,1.900,1.210,4,0,0,0,0,25,299,5,17,2
20-11 21:10:24,25.076,7.945,64.802,0.993,0,5653076,145360,180560,1990032,58843.742,1682.356,3408.410,16207.826,30.787,230.405,4156,3854,1.520,1.900,1.210,6,0,3.973,0,0,25,299,5,17,2
20-11 21:10:25,24.514,3.502,71.541,0.500,0,5570632,260136,180596,1957748,13917.905,4224.399,812.461,1320.750,12.007,42.024,2460,3644,1.520,1.900,1.210,6,0,2.001,0,0,25,297,5,17,2
20-11 21:10:26,22.238,4.997,71.711,0,0,5595428,235712,180604,1957368,12774.000,3704.970,0,363.801,0,7.996,2398,2907,1.520,1.900,1.210,3,0,6.996,0,0,25,298,5,17,2
20-11 21:10:27,23.663,4.783,70.989,0.252,0,5579124,244844,180888,1963696,7123.092,1643.326,0,1659.437,0,32.222,2003,3167,1.640,1.920,1.220,6,0,3.021,0,0,25,297,5,13,2
20-11 21:10:28,19.618,2.980,74.995,0.248,0,5560660,256224,181400,1969500,13632.268,4792.750,0,1076.755,0,31.786,1991,2993,1.640,1.920,1.220,2,0,5.960,0,0,25,297,5,13,2
20-11 21:10:29,23.853,8.286,66.034,0.251,0,5559496,256540,181448,1970080,6124.353,1701.321,0,53221.010,0,277.193,10705,20558,1.640,1.920,1.220,2,0,13.056,0,0,25,297,5,11,2
20-11 21:10:30,27.726,7.494,63.945,0,0,5584280,231404,181488,1970292,6985.985,1618.606,0,335.711,0,14.987,9198,19336,1.640,1.920,1.220,2,0,14.987,0,0,25,297,5,11,2
20-11 21:10:31,23.567,5.516,68.695,0,0,5585112,230424,181524,1970372,4622.104,1624.606,0,168.478,0,2.006,1937,3067,1.640,1.920,1.220,3,0,7.020,0,0,25,297,5,13,2
20-11 21:10:32,22.110,5.465,69.807,1.242,0,5568312,258556,181636,1960080,6242.373,1683.314,1184.481,1884.040,154.022,31.798,2386,3710,1.590,1.900,1.220,5,0,5.962,0,0,25,297,5,13,2
20-11 21:10:33,24.061,3.258,70.929,1.754,0,5578756,245260,181776,1962728,8431.221,1624.088,1628.098,1343.381,185.467,37.093,4373,8372,1.590,1.900,1.220,2,0,2.005,0,0,25,298,5,15,2
20-11 21:10:34,24.762,4.002,68.782,0.750,0,5581028,242236,181792,1963464,8517.995,1512.709,420.197,2657.246,33.015,396.186,4881,9445,1.590,1.900,1.220,2,0,0,0,0,25,305,5,15,2
20-11 21:10:35,26.469,4.994,65.422,1.998,0,5582032,239980,181948,1964548,7951.561,1564.143,906.923,5453.527,66.921,448.468,5376,9813,1.590,1.900,1.220,2,0,1.998,0,0,25,305,5,15,2
20-11 21:10:36,25.512,3.001,67.781,1.251,0,5585376,235192,182060,1965876,8017.688,1620.746,1016.468,1968.906,68.031,200.092,4498,8913,1.590,1.900,1.220,3,0,2.001,0,0,25,308,5,13,2
20-11 21:10:37,14.783,15.535,68.905,0.251,0,5537508,282868,182080,1966048,6351.329,1623.663,128.289,493.112,1.002,41.093,4034,6693,1.460,1.870,1.210,3,0,391.884,0,0,25,307,5,13,2
20-11 21:10:38,13.949,8.469,69.494,7.223,0,5515888,284624,182500,1985480,5992.910,2703.037,19846.845,1462.609,1946.824,32.879,4580,7844,1.460,1.870,1.210,1,0,64.761,0,0,25,308,5,14,2
20-11 21:10:39,1.751,0.750,94.557,0,0,5515764,284624,182500,1985604,25863.648,3141.901,0,248.150,0,17.010,1400,2475,1.460,1.870,1.210,2,0,0,0,0,25,308,5,14,2
20-11 21:10:40,3.498,0.999,92.700,0.999,0,5515464,284624,182532,1985872,32536.560,4942.351,299.839,1811.029,43.976,102.945,1894,3168,1.460,1.870,1.210,3,0,0,0,0,25,308,5,14,2
20-11 21:10:41,6.249,3.499,87.232,0.750,0,5510548,283168,183188,1991460,172199.044,120445.550,5662.850,1407.714,163.967,50.990,2376,3631,1.460,1.870,1.210,1,0,11.998,0,0,25,307,5,14,2
20-11 21:10:42,1.749,0.500,94.947,0.250,0,5510548,283168,183188,1991460,4306.618,1457.194,0,131.927,0,14.992,1399,2596,1.340,1.840,1.210,1,0,0,0,0,25,307,5,14,2
20-11 21:10:43,4.001,0.500,94.275,0,0,5510544,283168,183192,1991460,5649.508,1704.455,0,104.028,0,7.002,1382,2452,1.340,1.840,1.210,2,0,0,0,0,25,307,5,15,2
20-11 21:10:44,3.001,2.001,94.277,0.250,0,5510528,283168,183208,1991460,7089.035,1620.465,0,256.073,0,23.007,1604,2837,1.340,1.840,1.210,1,0,1.000,0,0,25,307,5,14,2
20-11 21:10:45,4.504,1.501,92.574,0.250,0,5510380,283168,183220,1991596,7278.779,1533.217,0,220.175,0,28.022,1754,3119,1.340,1.840,1.210,1,0,1.001,0,0,25,307,5,14,2
20-11 21:10:46,3.745,2.497,92.881,0,0,5510376,283168,183220,1991600,5901.428,1617.924,0,3.995,0,0.999,1521,2522,1.340,1.840,1.210,2,0,5.992,0,0,25,307,5,14,2
20-11 21:10:47,4.753,1.501,92.306,0.250,0,5510316,283168,183260,1991620,8569.219,1620.987,12.007,860.524,3.002,71.043,2077,3549,1.240,1.810,1.200,1,0,0,0,0,25,307,5,14,2
20-11 21:10:48,4.004,1.001,93.083,0.250,0,5510316,283168,183264,1991616,8644.676,1533.362,0,128.114,0,19.017,1794,3016,1.240,1.810,1.200,3,0,1.001,0,0,25,307,5,14,2
20-11 21:10:49,2.498,0.749,95.164,0,0,5510304,283168,183264,1991628,4897.563,1618.534,0,0,0,0,1390,2453,1.240,1.810,1.200,1,0,0,0,0,25,307,5,14,2
20-11 21:10:50,2.751,1.000,94.285,0,0,5510304,283168,183264,1991628,6921.575,1512.563,0,176.065,0,11.004,1428,2503,1.240,1.810,1.200,1,0,0,0,0,25,307,5,14,2
20-11 21:10:51,7.247,4.498,86.463,0,0,5488880,304564,183284,1991636,35711.858,1565.336,0,127.946,0,15.993,2445,5128,1.240,1.810,1.200,2,0,33.986,0,0,25,309,5,15,2
20-11 21:10:52,3.750,0.500,94.754,0,0,5488880,304564,183284,1991636,5983.281,1620.076,0,0,0,0,1420,2394,1.140,1.780,1.190,1,0,2.000,0,0,25,309,5,14,2
20-11 21:10:53,3.247,1.998,93.154,0.250,0,5488956,304312,183288,1991808,8833.919,1618.336,3.996,99.897,0.999,10.989,1524,2599,1.140,1.780,1.190,1,0,0,0,0,25,309,5,14,2
20-11 21:10:54,4.748,1.499,91.705,0,0,5497740,295520,183296,1991808,7912.155,1693.177,0,123.940,0,13.993,1491,2593,1.140,1.780,1.190,1,0,0,0,0,25,309,5,14,1
20-11 21:10:55,2.502,2.252,91.064,2.001,0,5501644,291492,183308,1991812,5492.878,1695.197,0,83306.815,0,925.654,3064,3602,1.140,1.780,1.190,2,0,0,0,0,25,309,5,14,1
20-11 21:10:56,3.759,1.002,93.965,0,0,5501644,291492,183308,1991812,6595.063,1623.709,0,0,0,0,1351,2381,1.140,1.780,1.190,1,0,0,0,0,25,309,5,14,1
20-11 21:10:57,3.742,0.998,93.052,0.748,0,5501708,291492,183352,1991820,4461.484,1582.624,0,985.897,0,66.857,1936,3483,1.050,1.750,1.190,3,0,0,0,0,25,309,5,14,1
20-11 21:10:58,2.250,1.000,94.512,0.250,0,5501708,291492,183352,1991820,5438.691,1566.199,0,84.011,0,5.001,1385,2504,1.050,1.750,1.190,1,0,1.000,0,0,25,309,5,14,1
20-11 21:10:59,2.752,1.001,94.321,0,0,5501684,291492,183368,1991828,5269.963,1621.219,0,256.193,0,25.019,1628,2933,1.050,1.750,1.190,1,0,1.001,0,0,25,309,5,14,1
20-11 21:11:00,3.252,0.750,94.307,0.250,0,5501668,291492,183384,1991828,5475.318,1620.982,0,336.204,0,18.011,1646,2952,1.050,1.750,1.190,2,0,1.001,0,0,25,309,5,14,1
20-11 21:11:01,3.001,0.500,94.546,0,0,5501668,291492,183384,1991828,6625.240,1694.829,0,0,0,0,1528,2688,1.050,1.750,1.190,1,0,0,0,0,25,309,5,14,1
20-11 21:11:02,3.249,1.000,95.207,0,0,5501668,291492,183384,1991828,5704.427,1619.270,0,191.913,0,10.995,1383,2464,0.960,1.720,1.180,1,0,0,0,0,25,309,5,14,1
20-11 21:11:03,2.749,0.750,94.967,0,0,5501668,291492,183384,1991828,5061.239,1553.459,0,31.989,0,3.999,1357,2420,0.960,1.720,1.180,2,0,0,0,0,25,309,5,14,1
20-11 21:11:04,3.251,0.750,94.530,0,0,5501664,291492,183384,1991832,5523.729,1620.507,0,4.001,0,1.000,1368,2435,0.960,1.720,1.180,1,0,0,0,0,25,309,5,14,1
20-11 21:11:05,2.500,1.000,94.518,0,0,5502336,290820,183384,1991832,6028.157,1566.301,0,2192.421,0,6.001,1334,2419,0.960,1.720,1.180,2,0,0,0,0,25,309,5,14,1
20-11 21:11:06,2.749,0.500,94.959,0,0,5502336,290820,183384,1991832,6161.332,1619.299,0,3.998,0,1.000,1359,2419,0.960,1.720,1.180,1,0,0,0,0,25,309,5,14,1
20-11 21:11:07,6.497,1.000,90.709,0.500,0,5502288,290820,183404,1991860,17801.900,5340.570,15.993,895.593,1.000,56.974,1961,3301,1.040,1.720,1.180,1,0,0,0,0,25,309,5,14,1
20-11 21:11:08,3.997,0.749,94.426,0,0,5502288,290820,183408,1991856,6636.803,1510.817,0,35.972,0,3.997,1405,2495,1.040,1.720,1.180,1,0,0.999,0,0,25,309,5,14,1
20-11 21:11:09,1.750,0.750,94.765,0,0,5502284,290820,183408,1991860,7062.123,1640.261,0,48.008,0,6.001,1370,2386,1.040,1.720,1.180,2,0,0,0,0,25,309,5,14,1
20-11 21:11:10,3.251,0.500,94.291,0.250,0,5502524,290568,183416,1991864,8239.625,1620.713,0,1020.449,0,194.085,1739,2524,1.040,1.720,1.180,1,0,0,0,0,25,309,5,14,1
20-11 21:11:11,4.251,1.250,94.273,0,0,5502524,290568,183416,1991864,7361.767,1350.324,0,0,0,0,1364,2426,1.040,1.720,1.180,1,0,0,0,0,25,309,5,14,1
20-11 21:11:12,3.003,1.501,93.082,0,0,5502456,290064,183424,1992428,110014.813,1561.374,548.483,152.134,10.009,8.007,1443,2532,0.960,1.700,1.180,3,0,3.003,0,0,25,309,5,14,1
20-11 21:11:13,12.747,5.249,81.729,0,0,5521536,270728,183436,1992672,232960.527,10075.471,227.943,3.999,10.997,1.000,2107,3037,0.960,1.700,1.180,1,0,29.992,0,0,25,309,5,15,1
20-11 21:11:14,15.309,5.772,77.045,0.251,0,5527680,258500,183452,1998740,233680.229,4930.890,879.369,429.646,59.227,24.092,2412,3548,0.960,1.700,1.180,2,0,43.165,0,0,25,309,5,14,1
