"pcp-dstat 5.3.6 CSV Output"
"Author:","PCP team <pcp@groups.io> and Dag Wieers <dag@wieers.com>",,,,"URL:","https://pcp.io/ and http://dag.wieers.com/home-made/dstat/"
"Host:","ubuntu",,,,"User:","ubuntu"
"Cmdline:","dstat -tcmndrylpg --tcp --output /tmp/devstack_logs/dstat-csv.log",,,,"Date:","05 Jan 2026 14:39:43 UTC"
"system","total usage",,,,,"memory usage",,,,"net/total",,"dsk/total",,"io/total",,"system",,"load avg",,,"procs",,,"paging",,"tcp sockets",,,,
"time","total usage:usr","total usage:sys","total usage:idl","total usage:wai","total usage:stl","used","free","buf","cach","net/total:recv","net/total:send","dsk/total:read","dsk/total:writ","read","writ","int","csw","1m","5m","15m","run","blk","new","in","out","lis","act","syn","tim","clo"
05-01 14:39:43,,1002452,476300,176268,6106612,,,,,,,1.400,1.010,0.610,4,0,,,,9,5,6,12,1
05-01 14:39:44,20.463,19.215,59.144,0.250,0,1020816,457644,176288,6106768,46911.606,11708.936,0,2208.028,0,90.837,3182,5055,1.400,1.010,0.610,2,0,350.370,0,0,9,4,6,12,2
05-01 14:39:45,24.540,20.033,53.587,0.501,0,1026588,431892,176408,6126000,401261.451,11977.475,0,2840.619,0,133.217,4800,7928,1.450,1.020,0.620,17,0,457.744,0,0,9,4,6,12,2
05-01 14:39:46,38.202,17.728,42.697,0.499,0,1031536,404292,176884,6144536,7092.170,1765.802,0,2317.115,0,66.917,5887,10258,1.450,1.020,0.620,3,0,242.698,0,0,9,4,6,12,2
05-01 14:39:47,34.287,12.263,52.056,1.001,0,1171760,236000,177912,6293432,9251.000,1621.753,0,3619.913,0,148.160,3493,5170,1.450,1.020,0.620,2,0,124.134,0,0,10,6,6,12,2
05-01 14:39:48,37.655,11.471,47.879,1.496,0,1216036,158440,179304,6321924,6510.509,1454.316,79.798,4161.459,0.997,123.687,2507,3899,1.450,1.020,0.620,3,0,174.558,0,0,10,6,6,14,2
05-01 14:39:49,41.873,4.262,54.911,0.501,0,1182468,203764,179660,6309140,11923.913,4366.786,0,4332.686,0,207.608,2112,3086,1.450,1.020,0.620,3,0,3.009,0,0,10,6,6,14,0
05-01 14:39:50,29.983,7.246,52.470,8.995,0,1238388,139284,180200,6317148,15847.046,3746.883,0,31486.210,0,3216.183,14519,27496,1.490,1.040,0.630,2,0,61.965,0,0,10,7,6,14,0
05-01 14:39:51,43.753,11.501,39.752,5.500,0,1144200,224060,180944,6324840,11712.714,1836.112,0,39058.383,0,2594.158,9976,18608,1.490,1.040,0.630,2,0,139.008,0,0,10,4,6,15,0
05-01 14:39:52,39.756,3.751,56.259,0.500,0.250,1239032,120136,181520,6331864,13798.111,4469.684,0,2480.379,0,118.018,1370,1474,1.490,1.040,0.630,1,0,4.001,0,0,10,5,6,13,0
05-01 14:39:53,46.285,7.256,46.285,0.250,0,1161600,197980,181576,6331284,11145.504,1911.458,0,804.614,0,45.034,8184,15791,1.490,1.040,0.630,2,0,23.018,0,0,10,4,6,13,0
05-01 14:39:54,45.970,6.995,44.721,0.750,0,1221824,137332,181740,6331328,6945.472,1618.944,0,10433.198,0,527.656,10601,20235,1.490,1.040,0.630,2,0,19.987,0,0,10,4,6,13,0
05-01 14:39:55,31.752,20.501,46.753,0.250,0,1097568,275600,181756,6318752,8902.490,1458.080,0,804.044,0,36.002,2872,4234,1.530,1.060,0.640,2,0,366.020,0,0,10,4,6,13,0
05-01 14:39:56,22.239,23.489,52.975,0,0,1081300,292020,181756,6318816,8740.796,1713.176,0,32304.462,0,87.958,3279,5033,1.530,1.060,0.640,2,0,419.798,0,0,10,4,6,13,0
05-01 14:39:57,28.013,17.508,53.275,0,0,1133408,239712,181756,6319200,5880.764,1620.762,0,0,0,0,4910,9377,1.530,1.060,0.640,3,0,195.092,0,0,10,5,6,13,0
05-01 14:39:58,46.251,3.500,49.501,0,0,1225264,147480,181768,6319664,10924.186,1620.028,0,188.003,0,1.000,1173,1143,1.530,1.060,0.640,3,0,0,0,0,10,5,6,13,0
05-01 14:39:59,46.000,5.000,48.750,0,0,1251456,122564,181788,6318256,8013.944,1619.989,0,28.000,0,3.000,1430,4889,1.530,1.060,0.640,2,0,28.000,0,0,10,4,6,14,0
05-01 14:40:00,2.246,6.489,89.852,0.250,0,1237752,138652,181792,6315940,8589.861,1617.338,119.803,12183.945,10.982,221.635,1581,2173,1.410,1.040,0.630,0,0,95.842,0,0,10,4,6,14,0
05-01 14:40:01,1.251,1.751,96.081,0.500,0,1238664,137696,181804,6315972,9545.094,1621.375,0,440.373,0,25.021,975,1427,1.410,1.040,0.630,2,0,4.003,0,0,9,4,6,14,0
05-01 14:40:02,21.222,10.486,67.162,0,0,1316604,131696,179324,6247236,9820.155,1657.832,159.791,135275.060,4.993,734.040,2685,2283,1.410,1.040,0.630,2,0,17.976,0,0,10,4,6,14,0
05-01 14:40:03,24.280,1.001,74.342,0.250,0,1340004,125788,178944,6230320,9386.658,1642.039,1001.244,4.005,19.024,1.001,1002,1292,1.410,1.040,0.630,0,2,1.001,0,0,10,6,6,14,0
05-01 14:40:04,20.264,6.254,71.548,1.751,0,1288252,192904,178888,6215356,5450.646,1621.085,1368.916,8813.896,37.025,352.236,3285,5295,1.410,1.040,0.630,1,0,44.029,0,0,10,4,6,16,0
05-01 14:40:05,23.519,2.252,74.060,0,0,1329000,151636,179040,6215728,4686.792,1695.372,236.191,860.696,13.011,13.011,1161,1629,1.380,1.040,0.640,1,0,1.001,0,0,10,13,6,16,0
05-01 14:40:06,21.689,4.737,73.044,0.499,0,1311460,168120,179564,6216220,9012.620,1615.451,781.798,410.843,75.787,2.992,1765,2653,1.380,1.040,0.640,1,0,44.874,0,0,10,28,6,16,0
05-01 14:40:07,20.512,6.003,73.042,0,0,1282816,196564,179564,6216404,9336.396,1620.937,128.074,4.002,6.003,1.001,1625,2281,1.380,1.040,0.640,1,0,75.043,0,0,10,28,6,16,0
05-01 14:40:08,41.792,9.510,48.299,0,0,1400040,137836,179172,6158988,10007.097,1621.636,32.032,8.008,5.005,2.002,1581,2248,1.380,1.040,0.640,2,0,81.082,0,0,10,28,7,16,0
05-01 14:40:09,42.019,17.008,40.268,0.250,0,1348324,188924,179176,6159604,8049.671,1586.724,600.274,800.365,20.009,25.011,4781,9491,1.380,1.040,0.640,5,0,328.150,0,0,10,28,6,18,0
05-01 14:40:10,81.748,17.000,1.000,0.250,0.250,1563896,128884,178520,6007864,10458.707,1693.953,1903.947,3331.907,37.999,409.989,3789,4033,1.830,1.140,0.670,6,0,222.994,0,0,10,29,6,18,0
05-01 14:40:11,84.254,12.501,2.750,0,0,1478552,301320,178324,5922888,9366.487,1640.085,136.007,2244.117,15.001,386.020,5933,12918,1.830,1.140,0.670,5,0,141.007,0,0,10,29,6,18,0
05-01 14:40:12,33.928,7.484,57.128,0.249,0,1311016,468584,178348,5923136,7131.823,1616.560,0,574.777,0,42.909,2960,5541,1.830,1.140,0.670,1,0,152.675,0,0,10,28,6,19,0
05-01 14:40:13,19.993,6.498,72.973,0,0,1366372,413200,178368,5923144,7348.266,1693.370,19.993,291.891,3.999,18.993,1285,1708,1.830,1.140,0.670,1,0,43.984,0,0,10,29,6,19,0
05-01 14:40:14,20.760,6.503,72.285,0.250,0,1324792,454748,178376,5923168,9131.429,1620.786,0,316.153,0,26.013,2476,3956,1.830,1.140,0.670,1,0,68.033,0,0,10,28,6,22,0
05-01 14:40:15,22.752,3.750,73.006,0,0,1364192,415212,178384,5923296,8854.753,1620.138,140.012,320.027,2.000,31.003,2013,3459,1.760,1.130,0.670,1,0,0,0,0,10,28,6,22,0
05-01 14:40:16,11.249,16.998,69.242,0,0,1300992,478184,178388,5923520,10290.755,1511.817,199.976,323.961,5.999,17.998,2365,3061,1.760,1.130,0.670,1,0,264.968,0,0,10,28,6,22,0
05-01 14:40:17,9.519,22.795,66.130,0,0,1309028,470128,178388,5923540,5958.679,1771.472,80.157,292.573,1.002,21.041,2617,3508,1.760,1.130,0.670,2,0,357.701,0,0,10,28,6,22,0
05-01 14:40:18,71.752,21.751,6.500,0,0,1550996,228040,178404,5923644,9098.218,1566.038,0,1468.035,0,97.002,2918,4774,1.760,1.130,0.670,5,0,416.010,0,0,10,28,6,21,0
05-01 14:40:19,83.395,11.236,4.744,0.250,0,1519840,258972,178416,5923856,9478.020,1617.955,7.990,395.500,0.999,44.943,4294,13291,1.760,1.130,0.670,7,0,47.939,0,0,10,30,6,21,0
05-01 14:40:20,80.851,17.272,2.503,0,0,1518364,260080,178436,5924204,5243.554,1622.028,0,380.476,0,41.051,2713,6795,2.100,1.220,0.700,7,0,247.309,0,0,10,28,6,21,0
05-01 14:40:21,83.251,12.750,3.500,0,0,1596272,181956,178440,5924416,8833.079,1620.015,0,228.002,0,12.000,5774,13500,2.100,1.220,0.700,5,0,66.001,0,0,10,30,6,21,0
05-01 14:40:22,60.490,9.748,28.745,0,0,1435348,342516,178448,5924772,9477.360,1703.705,0,375.935,0,29.995,5472,11490,2.100,1.220,0.700,2,0,149.974,0,0,10,28,6,23,0
05-01 14:40:23,42.662,8.732,48.899,0.249,0,1428344,349512,178448,5924780,6087.387,1550.787,0,211.562,0,13.971,1782,2280,2.100,1.220,0.700,2,0,97.797,0,0,10,29,6,23,0
05-01 14:40:24,43.098,18.542,37.084,0,0,1363100,414592,178448,5924944,10094.855,1623.676,0,244.554,0,27.061,4904,9388,2.100,1.220,0.700,3,0,378.858,0,0,10,28,6,23,0
05-01 14:40:25,67.504,6.750,27.002,0,0,1502272,275236,178448,5925128,6811.381,1620.091,0,184.010,0,7.000,2556,4856,2.170,1.250,0.710,3,0,0,0,0,10,31,6,23,0
05-01 14:40:26,67.749,16.500,14.750,0.500,0,1473016,304436,178472,5925160,9122.863,1639.975,4.000,467.993,1.000,50.999,3720,7459,2.170,1.250,0.710,4,0,257.996,0,0,10,28,6,24,0
05-01 14:40:27,69.109,9.231,20.708,0,0,1577040,200164,178480,5925400,8938.783,1690.555,3.992,686.601,0.998,18.961,5409,12305,2.170,1.250,0.710,3,0,0,0,0,10,31,6,28,0
05-01 14:40:28,66.382,16.533,16.282,0,0,1463712,313292,178504,5925572,4896.725,1623.224,0,312.621,0,28.056,3083,5920,2.170,1.250,0.710,3,0,324.645,0,0,10,28,6,28,0
05-01 14:40:29,61.898,9.484,29.701,0,0,1378880,397908,178524,5925768,9095.964,1617.327,0,467.228,0,43.927,4228,11341,2.170,1.250,0.710,2,0,120.800,0,0,10,28,6,29,0
05-01 14:40:30,62.354,14.023,24.040,0,0,1497580,279180,178524,5925796,4427.363,1514.519,92.153,1197.992,4.007,77.128,2254,3055,2.320,1.290,0.730,3,0,185.308,0,0,10,29,6,29,0
05-01 14:40:31,60.487,13.997,24.745,0,0,1366548,409960,178528,5926044,8582.155,1619.652,0,203.956,0,21.995,3570,9955,2.320,1.290,0.730,3,0,286.938,0,0,10,28,6,29,0
05-01 14:40:32,66.767,6.752,25.507,0,0,1508744,266068,178544,5927724,9662.532,1620.425,1196.313,336.088,12.003,26.007,3153,5588,2.320,1.290,0.730,3,0,0,0,0,10,29,6,29,0
05-01 14:40:33,64.245,9.749,24.998,0.250,0,1456088,318392,178568,5928032,9307.330,1693.878,0,3151.773,0,189.986,4026,7208,2.320,1.290,0.730,4,0,111.992,0,0,10,28,6,30,0
05-01 14:40:34,56.903,7.487,34.441,0.250,0,1376516,397888,178580,5928096,11381.594,1617.243,0,503.142,0,46.920,5141,10402,2.320,1.290,0.730,3,0,55.905,0,0,10,28,6,31,0
05-01 14:40:35,71.876,20.786,8.264,0,0,1546300,228080,178588,5928112,9883.316,1642.878,0,288.505,0,24.042,2385,3667,2.540,1.350,0.750,7,0,389.683,0,0,10,29,6,28,0
05-01 14:40:36,81.752,15.250,2.500,0,0,1476856,297172,178616,5928436,5406.157,1620.047,0,724.021,0,54.002,4937,9873,2.540,1.350,0.750,7,0,267.008,0,0,10,28,6,28,0
05-01 14:40:37,81.994,15.999,2.000,0.250,0.250,1538116,235792,178632,5928508,9329.272,1511.882,0,4971.612,0,142.989,3783,6264,2.540,1.350,0.750,7,0,227.982,0,0,10,28,6,28,0
05-01 14:40:38,78.253,14.250,6.000,0,0,1547980,225708,178636,5928724,7225.253,1620.057,0,260.009,0,14.000,3728,8067,2.540,1.350,0.750,7,0,279.010,0,0,10,29,6,28,0
05-01 14:40:39,66.242,21.747,11.999,0,0,1442988,330544,178636,5928880,9756.839,1619.807,0,243.971,0,12.998,6384,14708,2.540,1.350,0.750,5,0,516.938,0,0,10,29,6,28,0
05-01 14:40:40,13.474,24.701,59.882,0,0,1324420,448960,178636,5929032,7862.558,1616.825,0,239.530,0,11.976,2964,4457,2.330,1.330,0.750,2,0,476.065,0,0,10,28,6,28,0
05-01 14:40:41,9.997,21.744,68.481,0.250,0,1326924,446444,178640,5929040,10071.140,1619.540,0,191.945,0,10.997,2409,2951,2.330,1.330,0.750,2,0,291.917,0,0,10,28,6,25,0
05-01 14:40:42,27.063,30.571,41.096,0,0,1380724,392632,178648,5929044,8255.235,1697.956,4.009,1126.625,1.002,70.163,3304,5656,2.330,1.330,0.750,5,0,697.625,0,0,10,28,6,25,0
05-01 14:40:43,77.952,18.988,2.998,0,0,1543564,229580,178648,5929224,6742.846,1457.102,3.998,363.776,0.999,27.983,4014,7951,2.330,1.330,0.750,6,0,422.740,0,0,10,29,5,25,0
05-01 14:40:44,75.618,21.533,1.753,0,0,1503720,269352,178656,5929288,6378.919,1622.523,0,1037.613,0,80.125,5851,11638,2.330,1.330,0.750,6,0,433.674,0,0,10,28,5,25,0
05-01 14:40:45,86.172,12.738,1.249,0,0,1613056,159640,178680,5929640,12309.810,1618.529,191.826,259.764,12.988,15.985,3915,7543,2.790,1.440,0.790,7,0,113.896,0,0,10,30,5,25,0
05-01 14:40:46,84.747,11.750,2.750,0.250,0,1680232,126548,178628,5896320,8726.677,2675.901,8.000,4663.827,2.000,369.986,5455,11414,2.790,1.440,0.790,5,0,70.997,0,0,10,31,5,26,0
05-01 14:40:47,84.503,11.250,3.500,0,0.250,1637440,175880,178644,5889864,15841.539,3479.118,12.000,908.031,2.000,95.003,5915,15546,2.790,1.440,0.790,6,0,54.002,0,0,10,30,5,26,0
05-01 14:40:48,82.811,14.467,2.993,0,0,1531388,275024,178892,5895788,9142.165,1789.921,0,1197.271,0,48.889,4367,8215,2.790,1.440,0.790,6,0,118.729,0,0,10,29,5,26,0
05-01 14:40:49,83.271,13.003,4.001,0,0,1671120,134748,178904,5896192,11388.813,1662.411,0,528.130,0,14.003,10207,22783,2.790,1.440,0.790,7,0,29.007,0,0,10,30,5,24,0
05-01 14:40:50,83.944,11.243,4.247,0,0,1514112,290788,178940,5897060,26174.620,4673.897,0,1734.848,0,21.985,4562,15802,3.040,1.520,0.820,6,0,107.928,0,0,10,32,5,24,0
05-01 14:40:51,78.803,16.511,4.503,0,0,1528360,275876,179008,5898512,245185.029,12560.403,8.005,1705.141,1.001,76.051,6295,14963,3.040,1.520,0.820,7,0,209.140,0,0,10,31,5,24,0
05-01 14:40:52,84.141,12.521,2.755,0,0,1663952,139716,179084,5898228,454955.415,13019.847,0,1546.595,0,57.096,6117,13322,3.040,1.520,0.820,6,0,9.015,0,0,10,32,5,25,0
05-01 14:40:53,80.777,11.754,5.502,0,0,1640980,162124,179188,5898532,26733.876,6679.218,0,1128.375,0,61.020,5185,14505,3.040,1.520,0.820,6,0,64.021,0,0,10,31,5,24,0
05-01 14:40:54,84.473,13.246,2.499,0,0,1603296,199356,179288,5898852,26435.593,6792.840,0,1051.666,0,58.981,3587,7522,3.040,1.520,0.820,6,0,134.957,0,0,10,31,5,25,0
05-01 14:40:55,84.272,12.503,2.251,0,0,1608112,193828,179376,5899444,56331.590,3933.019,4.001,704.182,1.000,34.009,5292,10946,3.280,1.590,0.850,7,0,85.022,0,0,10,32,5,25,0
05-01 14:40:56,85.001,11.750,2.500,0,0,1623268,176624,179384,5901416,12266.209,3328.057,568.010,272.005,5.000,14.000,5441,10006,3.280,1.590,0.850,7,0,114.002,0,0,10,32,5,25,0
05-01 14:40:57,81.321,13.720,4.989,0,0,1607560,202932,179932,5889456,12101.353,1628.414,0,8972.243,0,305.328,6770,13195,3.280,1.590,0.850,8,0,84.813,0,0,10,31,5,25,0
05-01 14:40:58,81.153,15.780,2.755,0,0,1575600,234956,179992,5889404,20086.924,4923.295,0,1029.945,0,30.057,3679,6708,3.280,1.590,0.850,6,0,145.274,0,0,10,31,5,25,0
05-01 14:40:59,82.719,12.745,4.998,0,0,1661952,148264,180072,5889628,18753.911,5727.835,0,935.646,0,50.981,4358,9802,3.280,1.590,0.850,4,0,66.975,0,0,10,33,5,25,0
05-01 14:41:00,79.311,15.012,5.004,0,0,1502176,307624,180172,5889904,20649.921,6668.141,4.003,1381.065,1.001,85.066,3890,12290,3.420,1.650,0.870,7,0,243.187,0,0,10,31,5,26,0
05-01 14:41:01,80.024,10.253,8.503,0.250,0,1573636,235600,180388,5890192,23185.002,5979.806,132.040,1332.402,4.001,68.021,4894,10517,3.420,1.650,0.870,5,0,37.011,0,0,10,30,6,25,0
05-01 14:41:02,80.472,14.245,5.748,0,0,1559304,249376,180476,5890624,22889.080,6689.685,0,15626.593,0,102.964,3697,6849,3.420,1.650,0.870,5,0,172.940,0,0,10,31,6,25,0
05-01 14:41:03,74.607,9.232,14.472,0,0,1589716,218416,180588,5890920,22725.571,4902.631,0,1245.620,0,76.853,6216,15632,3.420,1.650,0.870,6,0,28.945,0,0,10,32,6,25,0
05-01 14:41:04,79.148,15.529,5.260,0,0,1554320,252180,180616,5892448,11680.831,3625.777,0,376.704,0,20.037,2728,5415,3.420,1.650,0.870,5,0,259.485,0,0,10,31,6,25,0
05-01 14:41:05,76.005,11.501,12.501,0,0,1453364,345832,181244,5897960,8850.637,2528.182,0,1416.102,0,34.002,5084,9714,3.470,1.690,0.890,4,0,80.006,0,0,10,33,6,23,0
05-01 14:41:06,64.491,9.249,25.746,0.250,0,1511168,287556,181300,5898308,21166.973,5816.168,0,1051.850,0,56.992,4363,8201,3.470,1.690,0.890,4,0,30.996,0,0,10,35,6,23,0
05-01 14:41:07,67.251,11.750,20.250,0.250,0,1528828,269384,181420,5898668,56966.911,5703.091,0,1016.016,0,62.001,4620,7722,3.470,1.690,0.890,4,0,120.002,0,0,10,35,6,25,0
05-01 14:41:08,78.098,9.481,11.977,0,0,1541048,255700,181440,5900064,15169.389,3847.490,0,391.236,0,14.971,5626,12491,3.470,1.690,0.890,5,0,26.947,0,0,10,36,6,25,0
05-01 14:41:09,83.351,13.767,2.503,0.250,0,1555528,233600,182068,5905812,13672.503,2526.049,0,845.020,0,24.029,2187,2869,3.470,1.690,0.890,4,0,115.139,0,0,10,34,6,25,0
05-01 14:41:10,69.089,12.016,18.774,0,0,1439856,348756,182128,5906232,37454.354,4009.176,20.026,1265.634,1.001,51.066,5387,11477,3.510,1.730,0.900,4,0,136.176,0,0,10,35,6,23,0
05-01 14:41:11,82.442,13.491,4.247,0,0,1519572,261564,182660,5912284,13783.324,2627.156,0,1111.220,0,32.977,2676,4004,3.510,1.730,0.900,5,0,172.879,0,0,10,35,6,23,0
05-01 14:41:12,69.537,11.714,17.197,0,0,1542304,236432,182840,5914160,65968.477,7039.389,0,1539.274,0,56.826,4670,10917,3.510,1.730,0.900,4,0,95.706,0,0,10,36,6,24,0
05-01 14:41:13,67.990,11.290,19.318,0.251,0,1516120,259260,182964,5917356,1830219.694,23133.523,0,1649.814,0,93.329,5051,8912,3.510,1.730,0.900,4,0,74.262,0,0,10,34,6,24,0
05-01 14:41:14,66.954,12.741,19.487,0.500,0,1579716,161776,183048,5951072,16956067.962,88931.349,519.646,19035.018,4.997,66.954,8564,9790,3.510,1.730,0.900,4,0,94.935,0,0,10,36,6,25,0
05-01 14:41:15,60.395,14.724,22.960,0.250,0,1433788,272392,183276,5985296,17569925.180,79526.022,0,19290.531,0,150.738,9541,12351,3.510,1.730,0.900,2,0,298.482,0,0,10,34,6,26,0
05-01 14:41:16,51.224,7.996,40.230,0.500,0,1520584,161628,183500,6008100,11479595.162,46193.995,0,13545.254,0,126.937,5981,5777,3.470,1.750,0.910,3,0,4.998,0,0,10,34,6,23,0
05-01 14:41:17,59.256,14.501,25.753,0,0,1492272,189900,183572,6008040,30890.120,2355.238,0,592.060,0,27.003,11638,22717,3.470,1.750,0.910,3,0,179.018,0,0,10,34,6,23,0
05-01 14:41:18,65.454,11.034,25.078,0.251,0.251,1484000,197756,183636,6008352,5792.054,1570.896,0,6359.824,0,235.735,3753,7013,3.470,1.750,0.910,3,0,13.041,0,0,10,34,6,23,0
05-01 14:41:19,63.446,11.240,25.978,0,0,1497620,182704,183896,6009340,9918.539,1618.619,0,483.587,0,31.973,2479,3853,3.470,1.750,0.910,5,0,96.917,0,0,10,35,6,23,0
05-01 14:41:20,61.491,11.498,25.746,0.750,0,1427568,187304,185200,6068960,7083.015,1619.775,227.968,5987.168,53.992,236.967,4694,8174,3.470,1.750,0.910,3,0,36.995,0,0,10,34,6,24,0
05-01 14:41:21,64.058,10.259,25.022,0.500,0,1501612,130828,186892,6046784,11212.080,1621.458,8.007,14661.180,2.002,562.506,3392,4232,3.430,1.770,0.930,3,0,0,0,0,10,35,6,24,0
05-01 14:41:22,58.963,14.741,25.234,0,0,1449396,155900,197604,6053360,7539.295,1702.937,355.778,3577.767,4.997,24.984,3557,6821,3.430,1.770,0.930,3,0,60.962,0,0,10,34,6,25,0
05-01 14:41:23,62.509,13.002,24.003,0.750,0,1527060,206652,198456,5928708,7666.050,2042.280,4.001,184545.283,1.000,649.089,3854,6761,3.430,1.770,0.930,3,0,0,0,0,10,33,6,26,0
05-01 14:41:24,54.231,22.242,22.992,0,0,1459000,274320,198468,5929152,9406.632,1511.459,47.983,283.898,8.997,30.989,2851,4746,3.430,1.770,0.930,3,0,493.823,0,0,10,32,6,24,0
05-01 14:41:25,72.013,14.753,13.002,0.250,0,1460692,258228,198604,5943408,6726.244,1566.290,1848.342,2240.414,26.005,29.005,6309,13449,3.430,1.770,0.930,3,0,227.042,0,0,10,32,6,25,0
05-01 14:41:26,44.496,24.748,28.497,0.750,0,1419752,295228,198612,5947340,10708.993,1619.848,3803.642,1383.870,95.991,79.992,4421,8232,3.390,1.790,0.940,2,0,614.942,0,0,10,32,6,24,0
05-01 14:41:27,44.963,6.744,48.210,0,0,1395544,318316,198612,5948460,8784.788,1618.671,0,319.737,0,16.986,4383,9174,3.390,1.790,0.940,2,0,4.996,0,0,10,33,6,25,0
05-01 14:41:28,35.034,16.266,47.045,0,0,1392552,321136,198620,5948624,8235.890,1621.553,0,216.207,0,22.021,3099,5249,3.390,1.790,0.940,2,0,318.305,0,0,10,33,6,20,0
05-01 14:41:29,21.696,8.230,69.826,0.249,0,1325336,388156,198624,5948816,9499.385,1615.983,0,171.573,0,8.978,2395,4753,3.390,1.790,0.940,2,0,110.725,0,0,10,32,6,20,0
05-01 14:41:30,23.057,3.759,72.680,0,0,1382212,331264,198628,5948828,7800.368,1624.032,0,120.299,0,8.020,1263,1708,3.390,1.790,0.940,2,0,7.017,0,0,10,32,6,19,0
05-01 14:41:31,18.750,8.250,71.750,0.250,0,1347436,366008,198652,5948836,7028.042,1512.009,0,484.003,0,27.000,1868,2898,3.280,1.790,0.940,2,0,91.001,0,0,10,32,6,19,0
05-01 14:41:32,23.502,3.000,73.255,0,0,1386720,326724,198656,5948832,9386.601,1768.113,0,132.008,0,12.001,1841,2862,3.280,1.790,0.940,2,0,0,0,0,10,33,6,18,0
05-01 14:41:33,18.499,8.250,72.496,0.250,0,1354452,358952,198672,5948856,7632.626,1639.920,0,203.990,0,17.999,1666,2234,3.280,1.790,0.940,2,0,98.995,0,0,10,32,6,18,0
05-01 14:41:34,23.195,2.744,72.828,0,0,1318432,394960,198684,5948856,10240.821,1616.184,0,263.378,0,25.939,1689,2888,3.280,1.790,0.940,2,0,2.993,0,0,10,32,6,15,0
05-01 14:41:35,17.749,8.500,72.998,0,0,1373672,339548,198704,5949008,7281.782,1693.949,0,743.978,0,44.999,1428,1904,3.280,1.790,0.940,2,0,90.997,0,0,10,32,6,15,0
05-01 14:41:36,23.748,3.000,72.243,0.250,0,1389292,323924,198712,5949004,8295.220,1619.848,0,131.988,0,17.998,2523,4679,3.100,1.780,0.940,1,0,0,0,0,10,32,6,16,0
05-01 14:41:37,22.000,4.500,73.501,0,0,1375688,337500,198712,5949032,9061.100,1620.018,0,216.002,0,14.000,1094,1320,3.100,1.780,0.940,1,0,30.000,0,0,10,32,6,16,0
05-01 14:41:38,22.016,5.254,71.801,0,0,1316556,396624,198712,5949040,13017.203,1513.070,0,0,0,0,2249,4223,3.100,1.780,0.940,2,0,44.031,0,0,10,32,6,16,0
05-01 14:41:39,10.752,20.254,68.013,0,0,1327684,385104,198712,5949432,6123.194,1694.330,0,20.004,0,4.001,2289,3000,3.100,1.780,0.940,2,0,276.054,0,0,10,32,6,16,0
05-01 14:41:40,38.468,11.491,48.710,0,0,1448804,263948,198720,5949460,9356.290,1638.650,99.918,391.677,5.995,24.979,2033,2815,3.100,1.780,0.940,2,0,166.863,0,0,10,32,6,18,0
05-01 14:41:41,40.571,7.513,45.329,6.261,0,1465080,241128,198980,5955744,8303.531,1696.970,1442.524,14629.602,33.058,1505.635,8497,15146,3.010,1.780,0.950,2,0,74.130,0,0,10,36,6,18,0
05-01 14:41:42,38.024,10.257,41.527,10.757,0,1476716,225648,199516,5959052,9065.838,1621.044,20.013,51785.350,2.001,4871.137,18626,34908,3.010,1.780,0.950,4,0,97.063,0,0,10,36,6,18,0
05-01 14:41:43,45.648,4.490,47.893,0.998,0,1396008,306540,199528,5958856,7653.978,1690.241,0,13853.191,0,966.850,3864,5941,3.010,1.780,0.950,2,0,7.982,0,0,10,32,6,18,0
05-01 14:41:44,42.516,6.753,47.018,4.252,0,1484224,217864,199644,5959200,9258.518,1554.591,0,8855.365,0,1733.659,11171,21185,3.010,1.780,0.950,2,0,3.001,0,0,10,34,6,18,0
05-01 14:41:45,31.547,7.261,56.835,2.003,0,1367892,333864,199796,5959380,7554.301,1622.427,0,10519.738,0,1079.615,6106,10884,3.010,1.780,0.950,1,0,99.148,0,0,10,32,6,18,0
05-01 14:41:46,22.210,3.494,73.119,0.499,0,1433848,267900,199808,5959376,5342.416,1617.099,0,3916.973,0,219.606,1521,2346,2.850,1.770,0.950,1,0,1.996,0,0,10,32,6,17,0
05-01 14:41:47,22.992,3.249,72.975,0,0,1370952,330776,199808,5959400,10262.490,1767.396,0,1143.609,0,62.978,1044,1345,2.850,1.770,0.950,1,0,1.000,0,0,10,32,6,17,0
05-01 14:41:48,23.749,3.000,72.747,0.500,0,1438476,263240,199828,5959392,8776.614,1565.931,0,4883.785,0,287.987,1551,2284,2.850,1.770,0.950,1,0,2.000,0,0,10,32,6,17,0
05-01 14:41:49,23.499,2.500,73.498,0,0,1388956,312736,199828,5959416,6252.856,1619.963,0,0,0,0,852,1028,2.850,1.770,0.950,1,0,1.000,0,0,10,32,6,17,0
05-01 14:41:50,24.199,2.245,73.594,0,0,1443136,258556,199836,5959408,10989.691,1658.482,0,0,0,0,926,1087,2.850,1.770,0.950,2,0,2.994,0,0,10,32,6,17,0
05-01 14:41:51,22.800,3.007,73.660,0,0,1401976,299640,199836,5959484,6471.075,1515.296,0,0,0,0,885,1041,2.700,1.760,0.950,1,0,1.002,0,0,10,32,6,17,0
05-01 14:41:52,27.998,3.750,67.496,0,0,1445536,256080,199836,5959484,10058.356,1619.896,0,0,0,0,1904,3656,2.700,1.760,0.950,1,0,35.998,0,0,10,32,6,18,0
05-01 14:41:53,22.751,3.250,74.004,0,0,1345600,355896,199836,5959604,8796.501,1620.092,0,4.000,0,1.000,908,1105,2.700,1.760,0.950,1,0,2.000,0,0,10,32,6,17,0
05-01 14:41:54,23.003,5.751,70.260,0.500,0,1416300,285204,199840,5959604,10298.524,1620.240,0,80495.913,0,626.093,2710,2533,2.700,1.760,0.950,1,0,2.000,0,0,10,32,6,17,0
05-01 14:41:55,23.497,2.250,73.491,0,0,1347160,354324,199840,5959624,8125.009,1565.809,0,355.957,0,26.997,975,1180,2.700,1.760,0.950,1,0,1.000,0,0,10,32,6,16,0
05-01 14:41:56,23.507,1.751,74.021,0,0,1353688,347764,199840,5959656,8556.473,1788.517,0,0,0,0,896,1094,2.570,1.740,0.950,1,0,1.000,0,0,10,32,6,16,0
05-01 14:41:57,22.249,4.000,73.745,0,0,1439112,262340,199840,5959656,7803.508,1585.900,0,0,0,0,935,1130,2.570,1.740,0.950,1,0,2.000,0,0,10,32,6,16,0
05-01 14:41:58,15.522,11.266,72.603,0,0,1352764,348668,199840,5959676,9032.754,1622.291,0,0,0,0,1781,2363,2.570,1.740,0.950,2,0,166.235,0,0,10,32,6,16,0
05-01 14:41:59,8.240,22.721,67.914,0,0,1348332,352964,199840,5959812,11852.947,1617.945,0,12975.521,0,49.937,2823,3897,2.570,1.740,0.950,1,0,351.554,0,0,10,32,6,16,0
05-01 14:42:00,9.249,18.499,70.494,0.250,0,1355244,345676,199844,5960184,8346.341,1619.872,107.991,575.954,6.000,8.999,2422,3356,2.570,1.740,0.950,1,0,264.979,0,0,10,32,6,16,0
05-01 14:42:01,8.993,20.734,68.948,0,0,1354924,345892,199844,5960288,7086.628,1618.773,0,175.867,0,1.998,2498,3558,2.440,1.730,0.950,1,0,306.767,0,0,10,32,6,15,0
05-01 14:42:02,9.757,19.013,70.800,0,0,1349616,351132,199844,5960356,5362.759,1621.136,0,0,0,0,2446,3389,2.440,1.730,0.950,1,0,284.199,0,0,10,32,6,15,0
05-01 14:42:03,21.745,3.749,73.732,0,0,1431936,268824,199844,5960344,9944.583,1565.620,0,0,0,0,919,1184,2.440,1.730,0.950,1,0,2.000,0,0,10,32,6,15,0
05-01 14:42:04,23.766,3.002,73.549,0.250,0,1390520,310224,199844,5960360,10316.892,1587.060,0,828.553,0,134.090,1249,1482,2.440,1.730,0.950,1,0,1.001,0,0,10,32,6,15,0
05-01 14:42:05,22.746,2.500,73.986,0,0,1453852,246896,199852,5960348,10496.964,1693.671,0,387.925,0,28.994,993,1243,2.440,1.730,0.950,1,0,2.000,0,0,10,32,6,15,0
05-01 14:42:06,22.993,2.249,73.977,0,0,1422392,278328,199852,5960376,6255.017,1619.487,0,0,0,0,871,1036,2.480,1.750,0.960,1,0,1.000,0,0,10,32,6,15,0
05-01 14:42:07,24.013,2.251,73.289,0,0,1368644,332076,199852,5960376,9832.201,1620.857,0,12.006,0,1.001,939,1075,2.480,1.750,0.960,1,0,3.002,0,0,10,32,6,13,0
05-01 14:42:08,22.749,3.000,74.247,0,0,1449052,251688,199852,5960356,7450.747,1619.945,0,0,0,0,846,1089,2.480,1.750,0.960,1,0,2.000,0,0,10,32,6,13,0
05-01 14:42:09,22.990,1.999,73.967,0,0,1406372,294348,199852,5960376,7675.569,1619.276,0,19.991,0,1.000,882,1062,2.480,1.750,0.960,1,0,1.000,0,0,10,32,6,13,0
05-01 14:42:10,23.748,2.250,73.494,0,0,1355900,344820,199852,5960376,6918.412,1457.876,0,63.995,0,4.000,929,1126,2.480,1.750,0.960,1,0,4.000,0,0,10,32,6,13,0
05-01 14:42:11,22.510,2.751,73.782,0,0,1428500,272244,199852,5960352,9304.066,1620.708,0,8.003,0,2.001,879,1106,2.370,1.740,0.960,1,0,2.001,0,0,10,32,6,13,0
05-01 14:42:12,23.243,2.499,73.978,0,0,1367416,333304,199852,5960376,7429.823,1693.504,0,23.993,0,1.000,856,1058,2.370,1.740,0.960,1,0,1.000,0,0,10,32,6,13,0
05-01 14:42:13,22.249,3.000,73.748,0,0,1440332,260476,199852,5960288,9158.698,1619.947,0,0,0,0,826,1089,2.370,1.740,0.960,1,0,2.000,0,0,10,32,5,12,0
05-01 14:42:14,24.010,2.751,73.281,0,0,1395324,305388,199852,5960384,6249.675,1620.694,0,1900.814,0,17.007,1080,1420,2.370,1.740,0.960,1,0,1.000,0,0,10,32,5,12,0
05-01 14:42:15,23.487,2.499,73.210,0.250,0,1417684,283024,199856,5960384,8573.353,1619.122,0,483.738,0,32.982,1018,1405,2.370,1.740,0.960,1,0,0.999,0,0,10,32,5,9,0
05-01 14:42:16,23.259,2.751,73.780,0,0,1365444,335260,199860,5960384,6554.655,1620.656,0,912.370,0,53.021,964,1232,2.260,1.730,0.960,1,0,3.001,0,0,10,32,5,9,0
05-01 14:42:17,22.745,2.749,73.233,0.250,0,1364444,336260,199860,5960384,5172.805,1499.654,0,2195.493,0,110.974,1182,1564,2.260,1.730,0.960,1,0,1.000,0,0,10,32,5,9,0
05-01 14:42:18,22.250,3.000,73.999,0,0,1436272,264444,199860,5960372,4736.948,1619.982,0,0,0,0,806,1120,2.260,1.730,0.960,1,0,2.000,0,0,10,32,5,9,0
05-01 14:42:19,16.268,12.264,71.080,0,0,1349984,350700,199860,5960404,12478.000,1621.820,0,92.103,0,5.006,1799,2425,2.260,1.730,0.960,1,0,182.204,0,0,10,32,5,9,0
05-01 14:42:20,10.985,18.224,68.903,0,0,1348460,352204,199860,5960424,6326.124,1617.730,0,119.832,0,5.992,2391,3280,2.260,1.730,0.960,1,0,278.609,0,0,10,32,5,9,0
05-01 14:42:21,22.511,3.252,74.285,0,0,1423272,277392,199860,5960424,8774.185,1694.808,0,0,0,0,860,1114,2.240,1.730,0.970,1,0,0,0,0,10,32,5,8,0
05-01 14:42:22,23.040,3.005,74.127,0,0,1380756,319656,199860,5960676,10181.502,1738.989,0,136.234,0,3.005,1003,1153,2.240,1.730,0.970,1,0,9.015,0,0,10,32,5,8,0
05-01 14:42:23,22.762,5.003,72.539,0,0,1343440,356972,199860,5960676,9630.162,1458.782,4.002,4.002,1.001,1.001,1372,1791,2.240,1.730,0.970,2,0,94.050,0,0,10,32,5,7,0
05-01 14:42:24,9.997,19.744,69.481,0,0,1350244,350416,199868,5960764,10376.095,1693.526,0,3103.131,0,75.979,4165,6728,2.240,1.730,0.970,1,0,676.810,0,0,10,32,5,7,0
05-01 14:42:25,9.997,20.994,68.480,0,0,1348724,351928,199868,5960828,9741.107,1619.519,0,783.767,0,28.991,3775,6054,2.240,1.730,0.970,1,0,604.820,0,0,10,32,5,6,0
05-01 14:42:26,10.503,18.755,69.018,0,0,1348916,351704,199868,5960860,10783.771,1620.416,0,1272.327,0,14.004,3419,5201,2.220,1.740,0.970,2,0,542.139,0,0,10,32,5,6,0
05-01 14:42:27,10.250,20.499,68.997,0,0,1339392,361196,199868,5960892,7041.711,1619.934,0,1655.932,0,17.999,3815,6351,2.220,1.740,0.970,2,0,692.972,0,0,10,32,5,4,0
05-01 14:42:28,9.252,19.005,70.768,0,0,1354536,346016,199868,5960928,8591.156,1694.425,0,360.090,0,10.003,3414,5403,2.220,1.740,0.970,1,0,539.135,0,0,10,32,5,4,0
05-01 14:42:29,9.251,20.251,69.504,0,0,1347072,353272,199868,5961136,9106.510,1620.091,176.010,484.027,5.000,15.001,3569,5770,2.220,1.740,0.970,1,0,597.033,0,0,10,32,5,4,0
05-01 14:42:30,17.244,18.743,62.227,0.500,0,1345384,351548,199880,5964520,6610.528,1511.435,3634.641,271.898,52.980,15.994,3592,5824,2.220,1.740,0.970,16,0,557.791,0,0,10,32,5,4,0
05-01 14:42:31,42.266,28.261,28.261,0.250,0,1443836,252748,199904,5964876,11111.311,1792.696,96.037,1240.481,5.002,69.027,4558,8679,2.440,1.790,1,7,1,1043.405,0,0,10,32,6,10,0
05-01 14:42:32,78.309,20.015,1.501,0.500,0,1626936,127568,200984,5903636,9809.396,1695.278,1216.918,6500.902,27.020,370.279,9002,4445,2.440,1.790,1,4,0,209.158,0,0,10,34,6,10,0
05-01 14:42:33,60.951,14.239,16.737,6.745,0,1580960,193584,201696,5883016,6209.039,1618.707,83.933,64064.812,5.995,4808.158,20295,34580,2.440,1.790,1,5,0,199.840,0,0,10,36,6,12,0
05-01 14:42:34,58.744,14.999,16.248,9.749,0,1634056,127996,202852,5894300,8751.177,1693.841,67.994,91079.439,1.000,6716.369,26520,44737,2.440,1.790,1,5,1,125.988,0,0,10,37,6,12,0
05-01 14:42:35,55.063,15.267,21.775,8.259,0,1572772,203312,203156,5880424,8044.203,1621.855,0,80027.552,0,5854.698,23495,40780,2.440,1.790,1,4,0,159.182,0,0,10,36,6,13,0
05-01 14:42:36,42.443,17.726,27.962,11.734,0,1553612,212624,203500,5889852,6565.170,1701.711,0,66925.985,0,5353.799,19874,37553,2.480,1.810,1.010,7,0,208.719,0,0,10,35,6,13,0
05-01 14:42:37,36.790,8.759,45.048,8.759,0,1556616,204644,203720,5894600,9070.760,1587.708,0,52464.452,0,4360.692,18507,38254,2.480,1.810,1.010,3,0,57.061,0,0,10,34,6,19,0
05-01 14:42:38,36.504,9.751,42.754,10.001,0,1548200,210660,204152,5896476,7538.746,1768.175,0,64770.412,0,5425.537,17455,37799,2.480,1.810,1.010,1,1,90.009,0,0,10,34,6,18,0
05-01 14:42:39,39.477,7.246,45.223,6.496,0,1556700,200104,204424,5898252,9656.303,1565.077,0,53000.730,0,4609.281,21759,37919,2.480,1.810,1.010,3,0,41.975,0,0,10,35,6,18,0
05-01 14:42:40,38.488,8.248,42.987,8.997,0,1531960,223776,204544,5899192,10627.822,1619.516,0,50948.766,0,4582.630,19908,35514,2.480,1.810,1.010,2,0,113.966,0,0,10,34,6,16,0
05-01 14:42:41,43.503,8.250,39.502,9.001,0,1559908,193536,204600,5901420,7204.418,1620.094,0,43606.529,0,3912.227,18180,32747,2.450,1.820,1.010,5,0,48.003,0,0,10,35,6,18,0
05-01 14:42:42,39.000,8.250,43.250,9.250,0.250,1508144,240908,204852,5905520,10922.033,1620.005,0,63488.190,0,5384.016,22807,41549,2.450,1.820,1.010,2,0,99.000,0,0,10,34,6,22,0
05-01 14:42:43,40.777,7.255,42.278,8.506,0,1555808,189080,205024,5909476,8101.314,1621.063,0,56525.080,0,5106.350,17917,36517,2.450,1.820,1.010,3,0,102.067,0,0,10,37,6,22,0
05-01 14:42:44,38.743,8.998,43.492,8.748,0,1491176,250584,205224,5912396,6474.854,1553.725,0,44500.123,0,4348.230,18966,38843,2.450,1.820,1.010,2,1,96.983,0,0,10,36,6,28,0
05-01 14:42:45,36.979,10.244,41.726,8.745,0,1563224,183552,205312,5907288,10126.218,1619.076,0,51274.722,0,4498.431,19987,33173,2.450,1.820,1.010,1,1,44.974,0,0,10,36,6,28,0
05-01 14:42:46,40.755,8.001,45.005,4.751,0,1411264,334832,205336,5907916,9697.164,1768.212,0,40060.807,0,3158.379,14498,24123,2.490,1.840,1.020,2,0,71.009,0,0,10,32,6,30,0
05-01 14:42:47,27.484,13.242,58.716,0.500,0,1376128,369904,205344,5907968,10437.020,1565.103,0,8607.068,0,476.727,3541,5639,2.490,1.840,1.020,1,0,209.880,0,0,10,32,6,30,0
05-01 14:42:48,21.218,5.492,72.890,0,0,1436260,309772,205344,5907968,6973.456,1617.554,0,910.623,0,55.915,1323,1716,2.490,1.840,1.020,3,0,57.912,0,0,10,32,6,30,0
05-01 14:42:49,21.995,4.499,72.483,0,0,1378384,367640,205344,5907976,6154.566,1619.623,0,607.858,0,35.992,2411,4243,2.490,1.840,1.020,2,0,42.990,0,0,10,32,6,31,0
05-01 14:42:50,22.998,2.750,73.242,0,0,1446592,299408,205344,5907996,12561.656,1619.827,0,523.944,0,28.997,1176,1715,2.490,1.840,1.020,1,0,1.000,0,0,10,32,6,31,0
05-01 14:42:51,17.753,10.502,71.264,0.250,0,1383560,362376,205344,5908060,12121.339,1512.292,0,548.106,0,43.008,2529,4244,2.370,1.820,1.020,3,0,131.025,0,0,10,32,6,33,0
05-01 14:42:52,13.244,21.741,63.723,0,0,1374320,371560,205344,5908160,9716.841,1619.307,0,439.812,0,21.991,3101,12883,2.370,1.820,1.020,1,0,413.823,0,0,10,32,6,33,0
05-01 14:42:53,36.013,18.507,43.266,0.250,0,1456868,288940,205368,5908164,7615.757,1694.613,4.001,976.353,1.000,74.027,3176,4713,2.370,1.820,1.020,3,0,365.132,0,0,10,32,6,39,0
05-01 14:42:54,65.397,10.524,24.806,0,0,1659096,124524,205432,5870848,10616.920,1623.658,0,2144.832,0,116.262,1737,1724,2.370,1.820,1.020,3,0,3.007,0,0,10,32,6,39,0
05-01 14:42:55,59.996,8.999,26.498,3.750,0,1770444,126864,205544,5759888,8786.350,1565.884,2587.809,14114.955,146.989,1115.917,7576,10803,2.370,1.820,1.020,2,1,62.995,0,0,10,38,6,39,0
05-01 14:42:56,32.245,10.498,42.493,11.498,0,1772548,126228,205740,5758512,5761.078,1713.726,0,120232.763,0,9404.495,37916,62276,2.580,1.870,1.040,0,2,275.956,0,0,10,38,6,39,0
05-01 14:42:57,42.509,10.502,34.007,11.753,0,1772804,131592,205896,5752768,5740.251,1620.353,0,91131.867,0,7999.744,34592,58463,2.580,1.870,1.040,3,0,216.047,0,0,10,38,6,39,0
05-01 14:42:58,46.612,13.211,29.163,10.718,0,1691364,199788,206036,5765448,10336.322,1507.526,0,88609.008,0,7143.797,28097,48931,2.580,1.870,1.040,4,0,270.198,0,0,10,36,6,39,0
05-01 14:42:59,54.665,11.033,23.069,8.275,0,1766408,126044,206068,5763896,8922.876,1624.894,0,102087.488,0,7460.471,27862,51980,2.580,1.870,1.040,5,0,8.024,0,0,10,36,6,39,0
05-01 14:43:00,49.242,10.998,31.245,8.998,0,1666780,235624,206144,5754192,10449.213,1619.723,0,88584.852,0,7205.768,27651,49698,2.580,1.870,1.040,6,0,192.967,0,0,10,36,6,39,0
05-01 14:43:01,32.953,14.230,48.680,2.247,0,1396504,505484,206144,5754588,6716.375,1617.682,0,28946.520,0,2066.039,8009,13110,2.930,1.960,1.080,1,0,257.631,0,0,10,32,6,39,0
05-01 14:43:02,23.225,1.998,73.421,0,0,1463280,438644,206144,5754652,7885.562,1766.110,0,1034.893,0,65.929,1158,1529,2.930,1.960,1.080,1,0,0.999,0,0,10,32,6,39,0
05-01 14:43:03,23.525,2.753,72.826,0.250,0,1509308,392616,206144,5754652,8352.704,1695.767,0,7115.414,0,384.401,1930,2835,2.930,1.960,1.080,1,0,2.002,0,0,10,38,6,39,0
05-01 14:43:04,22.229,3.497,73.431,0,0,1415876,486036,206144,5754660,5262.059,1564.531,0,223.790,0,12.988,1132,1510,2.930,1.960,1.080,1,0,26.975,0,0,10,32,6,39,0
05-01 14:43:05,23.748,2.500,73.743,0,0,1491476,410436,206144,5754660,5675.478,1585.854,0,39.996,0,4.000,900,1066,2.930,1.960,1.080,1,0,1.000,0,0,10,32,6,39,0
05-01 14:43:06,24.657,1.245,73.473,0.249,0,1505056,396856,206144,5754660,8818.745,1613.914,0,127.519,0,16.936,1117,1481,2.780,1.940,1.080,1,0,1.992,0,0,10,34,6,39,0
05-01 14:43:07,12.830,31.447,54.592,0.252,0,1402312,499424,206144,5754836,9227.887,1672.492,84.530,543.409,5.032,39.246,3727,6039,2.780,1.940,1.080,2,0,703.413,0,0,10,32,6,39,0
05-01 14:43:08,13.253,40.509,45.010,0,0,1408308,493328,206148,5754932,9876.202,1620.361,0,644.144,0,34.008,4622,7932,2.780,1.940,1.080,3,0,1006.224,0,0,10,32,6,39,0
05-01 14:43:09,9.223,21.687,68.303,0,0,1410536,490912,206152,5755096,8384.776,1689.120,3.988,191.447,0.997,13.960,2705,4121,2.780,1.940,1.080,0,0,410.813,0,0,10,32,6,39,0
05-01 14:43:10,8.254,14.257,76.540,0.250,0,1401096,499720,206188,5755644,11568.085,1694.892,624.328,0,16.008,0,2287,3149,2.780,1.940,1.080,1,0,193.102,0,0,11,12,6,39,20
05-01 14:43:11,10.242,19.236,69.449,0,0,1400436,500252,206188,5755752,7152.757,1530.878,0,19.985,0,4.996,2339,3285,2.640,1.930,1.080,1,0,251.815,0,0,11,12,6,39,20
05-01 14:43:12,13.290,19.058,65.449,0,0,1401492,498648,206232,5756584,6548.948,1624.950,537.638,32.098,51.156,5.015,4320,9926,2.640,1.930,1.080,12,0,198.605,0,0,11,12,6,39,20
05-01 14:43:13,21.212,20.713,57.398,0,0,1433840,465500,206244,5756956,10031.255,1691.009,75.866,0,2.995,0,2883,4559,2.640,1.930,1.080,1,0,287.491,0,0,13,12,6,39,20
05-01 14:43:14,11.249,18.748,68.994,0,0,1443536,455780,206244,5756980,8706.243,1619.859,0,331.971,0,8.999,2468,3589,2.640,1.930,1.080,2,0,263.977,0,0,13,12,6,39,20
05-01 14:43:15,17.261,18.512,62.539,0,0,1458096,441048,206244,5757124,4971.102,1621.012,0,16.010,0,3.002,5136,9327,2.640,1.930,1.080,2,0,163.102,0,0,13,12,6,39,20
05-01 14:43:16,18.500,19.500,61.252,0.250,0,1492736,406144,206244,5757392,8403.210,1620.041,4.000,224.006,1.000,11.000,2896,4701,2.670,1.950,1.090,2,0,321.008,0,0,15,12,6,39,20
05-01 14:43:17,11.716,19.443,67.801,0,0,1494380,404464,206244,5757768,7922.802,1615.270,0,498.540,0,30.909,3297,5234,2.670,1.950,1.090,2,0,225.340,0,0,15,12,6,39,20
05-01 14:43:18,28.351,15.806,53.943,0,0,1556088,342652,206244,5757428,9123.589,1611.757,0,670.395,0,7.025,4018,5973,2.670,1.950,1.090,5,0,152.545,0,0,17,12,6,39,20
05-01 14:43:19,85.550,14.258,0.500,0,0,1893968,129128,206280,5635424,9325.483,1620.953,0,0,0,0,1915,2638,2.670,1.950,1.090,14,0,38.022,0,0,17,12,6,39,20
05-01 14:43:20,43.137,15.210,40.643,0,0,1936612,179836,206284,5543764,6433.094,1615.754,0,15.958,0,3.990,2405,3891,2.670,1.950,1.090,2,0,166.562,0,0,17,12,6,39,20
05-01 14:43:21,10.503,19.005,69.018,0,0,1941728,174688,206284,5543888,9886.620,1620.429,0,256.068,0,7.002,2702,3852,2.450,1.910,1.080,2,0,247.065,0,0,17,12,6,39,20
05-01 14:43:22,13.985,18.980,65.931,0,0,1940376,175992,206284,5543952,7035.627,1618.304,0,43.954,0,6.993,3388,5406,2.450,1.910,1.080,1,0,201.789,0,0,17,12,6,39,20
05-01 14:43:23,25.278,16.769,57.815,0.250,0,1979184,136264,206284,5544800,8682.785,1621.828,1025.155,388.438,16.018,3.003,4100,8465,2.450,1.910,1.080,2,0,176.199,0,0,17,12,6,39,20
05-01 14:43:24,9.013,6.259,84.369,0,0,1989608,125208,206284,5545376,8913.524,1622.279,0,180.253,0,3.004,1391,2363,2.450,1.910,1.080,3,0,47.066,0,0,18,12,6,40,20
05-01 14:43:25,19.760,7.253,72.035,0,0,2040672,125828,206284,5494648,8719.203,1458.703,0,0,0,0,1569,2288,2.450,1.910,1.080,1,0,45.022,0,0,18,12,6,40,20
05-01 14:43:26,24.443,3.991,69.587,0.748,0,1997928,175040,206284,5488288,6331.147,1690.035,315.260,8200.761,4.988,471.893,3738,5798,2.340,1.900,1.080,2,0,2.993,0,0,18,18,6,45,0
05-01 14:43:27,10.512,21.524,67.324,0,0,2008340,164512,206284,5488404,5348.878,1695.864,0,264.290,0,19.021,2816,4128,2.340,1.900,1.080,1,0,296.326,0,0,18,18,6,45,0
05-01 14:43:28,9.743,19.235,70.196,0.250,0,2002288,170448,206284,5488520,5650.672,1618.760,0,227.825,0,9.992,2735,4034,2.340,1.900,1.080,1,0,249.809,0,0,18,18,6,45,0
05-01 14:43:29,10.012,20.274,67.080,0,0,2010128,162584,206284,5488544,10673.680,1621.927,0,88.105,0,9.011,2779,4011,2.340,1.900,1.080,1,0,254.302,0,0,18,18,6,45,0
05-01 14:43:30,10.755,20.761,67.034,0,0,2018436,154248,206284,5488572,10178.171,1620.823,0,24.012,0,6.003,2791,4299,2.340,1.900,1.080,1,0,264.134,0,0,18,18,6,45,0
05-01 14:43:31,26.999,19.999,51.748,0,0,2051548,135252,206284,5474832,9598.558,1511.930,327.985,63.997,3.000,4.000,5356,8812,2.230,1.880,1.080,2,0,207.990,0,0,18,19,6,43,0
05-01 14:43:32,46.278,4.753,48.780,0,0,2145232,131004,206284,5387468,7267.440,1620.990,0,192.117,0,2.001,1480,1878,2.230,1.880,1.080,2,0,0,0,0,18,19,6,43,0
05-01 14:43:33,46.928,3.994,47.427,0.499,0,2221600,129380,206280,5314048,9754.028,1563.600,155.761,3618.446,1.997,355.454,2979,3846,2.230,1.880,1.080,2,0,18.971,0,0,18,35,6,38,0
05-01 14:43:34,42.311,9.764,47.067,0,0.250,2271192,127972,206280,5266992,6964.960,1696.426,0,1201.718,0,124.178,4642,15627,2.230,1.880,1.080,3,0,58.083,0,0,18,34,6,39,0
05-01 14:43:35,10.236,20.971,67.907,0,0,2275268,126288,206280,5264632,5100.038,1691.691,0,203.722,0,12.982,3060,5717,2.230,1.880,1.080,1,0,283.613,0,0,18,34,6,38,0
05-01 14:43:36,15.477,11.733,69.649,0,0,2309092,129432,206280,5228520,5247.360,1617.645,231.663,239.651,10.984,23.965,5446,10687,2.370,1.920,1.100,0,0,97.858,0,0,18,34,6,38,0
05-01 14:43:37,2.000,0.250,96.010,0.500,0,2308988,129416,206280,5228576,10112.042,1620.167,0,356.037,0,23.002,1149,1910,2.370,1.920,1.100,0,0,3.000,0,0,18,34,6,36,0
05-01 14:43:38,2.000,0.750,95.745,0,0,2308984,129416,206280,5228580,7140.593,1511.914,0,35.998,0,4.000,1140,1942,2.370,1.920,1.100,1,0,2.000,0,0,18,34,6,36,0
05-01 14:43:39,1.750,0.750,97.001,0,0,2308984,129416,206280,5228580,12730.140,1620.018,0,768.008,0,5.000,1059,1747,2.370,1.920,1.100,0,0,2.000,0,0,18,34,6,32,0
05-01 14:43:40,2.751,2.501,93.031,0,0,2263252,175148,206280,5228580,8331.758,1566.519,24.008,4.001,1.000,1.000,1316,2261,2.370,1.920,1.100,3,0,27.009,0,0,18,34,6,32,0
05-01 14:43:41,17.752,18.502,62.507,0.250,0,2259396,185744,206280,5221784,11186.186,1620.172,256.027,5908.626,13.001,423.045,6286,11857,2.260,1.900,1.100,0,0,255.027,0,0,18,34,6,32,0
05-01 14:43:42,12.022,17.031,70.128,0.250,0,2315040,132764,206276,5219152,11262.498,1935.523,573.043,496.904,34.062,99.181,3429,5415,2.260,1.900,1.100,2,1,279.509,0,0,19,34,6,32,0
05-01 14:43:43,18.713,17.216,63.124,0.499,0,2327492,126584,206280,5213144,5630.750,1658.686,279.442,1409.184,10.978,188.623,6603,13033,2.260,1.900,1.100,0,0,232.535,0,0,19,50,5,26,0
05-01 14:43:44,4.750,5.000,89.243,0,0,2327728,126380,206280,5213100,8996.262,1553.873,0,219.982,0,9.999,1669,2785,2.260,1.900,1.100,1,0,102.992,0,0,19,50,5,26,0
05-01 14:43:45,15.752,18.002,63.759,0,0,2332852,121124,206280,5213620,9352.281,1620.222,0,4.001,0,1.000,4442,9705,2.260,1.900,1.100,1,0,191.026,0,0,21,50,5,20,0
05-01 14:43:46,12.004,16.006,70.025,0,0,2335416,118536,206280,5213276,6283.205,1620.569,0,0,0,0,2863,4556,2.160,1.890,1.090,3,0,247.087,0,0,21,52,5,20,0
05-01 14:43:47,9.998,21.245,68.734,0,0,2334528,126164,206280,5206644,10080.641,1661.611,0,1659.612,0,299.930,3354,4966,2.160,1.890,1.090,1,0,317.926,0,0,21,52,5,18,0
05-01 14:43:48,14.758,16.760,65.287,0,0,2335076,125584,206280,5207008,7126.090,1608.924,0,20.011,0,5.003,4160,6871,2.160,1.890,1.090,2,0,211.121,0,0,21,52,5,18,0
05-01 14:43:49,29.023,20.766,49.038,0,0,2364924,130296,206280,5172780,10857.447,1621.261,0,284.221,0,7.005,4122,7022,2.160,1.890,1.090,2,0,353.275,0,0,21,52,5,17,0
05-01 14:43:50,30.983,25.736,41.977,0,0,2428832,133632,206288,5107160,8857.173,1619.118,3.998,283.845,0.999,4.997,3554,9764,2.160,1.890,1.090,2,0,480.738,0,0,21,52,5,17,0
05-01 14:43:51,29.789,25.533,44.808,0,0,2471668,169432,206296,5029716,5284.839,1588.055,36.047,28.036,3.004,7.009,3613,5915,2.230,1.910,1.100,3,0,428.555,0,0,21,56,5,17,0
05-01 14:43:52,42.501,21.126,35.541,0,0,2547228,131456,206300,4992200,10047.034,1684.116,7.953,4891.293,0.994,316.145,5010,12089,2.230,1.910,1.100,7,0,278.366,0,0,21,56,5,18,0
05-01 14:43:53,48.552,25.408,26.163,0,0,2678444,124628,206304,4868220,12438.454,1720.715,4.025,8.050,1.006,2.013,3331,6279,2.230,1.910,1.100,5,0,512.189,0,0,21,56,5,11,0
05-01 14:43:54,54.257,24.503,20.752,0,0,2756528,126672,206324,4788540,8090.971,1694.203,8.001,656.079,2.000,9.001,4335,11171,2.230,1.910,1.100,6,0,314.038,0,0,21,56,5,11,0
05-01 14:43:55,70.344,23.199,5.488,0.499,0,2910948,126692,207004,4635856,13141.878,1616.418,646.567,415.080,78.825,22.949,3607,7275,2.230,1.910,1.100,5,0,541.799,0,0,21,60,5,11,0
05-01 14:43:56,64.393,22.550,9.271,2.506,0,2989848,124128,207020,4560428,9798.734,1663.690,12.027,30507.666,3.007,2410.346,15397,31369,2.370,1.940,1.120,7,0,308.685,0,0,21,60,5,11,0
05-01 14:43:57,68.000,25.000,5.750,0.500,0,3111996,132148,207048,4431920,11480.966,1661.995,4.000,16531.950,1.000,1748.995,11704,25263,2.370,1.940,1.120,9,0,434.999,0,0,21,62,5,11,0
05-01 14:43:58,73.730,21.744,4.499,0,0,3198028,124724,207048,4354408,13296.304,1511.580,87.976,1271.646,6.998,49.986,7605,17466,2.370,1.940,1.120,6,0,269.925,0,0,21,68,5,17,0
05-01 14:43:59,61.761,22.254,14.253,0.500,0,3334176,135092,207048,4210976,7267.315,1694.307,4.001,13410.427,1.000,1114.202,6284,11621,2.370,1.940,1.120,4,0,482.087,0,0,21,79,5,21,0
05-01 14:44:00,52.978,23.240,23.740,0,0,3415228,128444,207048,4137924,8453.475,1619.325,23.990,5301.789,3.998,423.823,9505,19520,2.370,1.940,1.120,4,0,337.859,0,0,21,81,5,21,0
05-01 14:44:01,63.476,15.744,20.242,0.500,0,3576664,133944,207048,3973340,7261.299,1845.314,1139.576,6673.517,67.975,431.839,5528,12730,2.500,1.980,1.140,2,0,127.952,0,0,21,84,6,24,0
05-01 14:44:02,20.742,16.493,60.475,0.500,0,3628936,128948,207032,3926264,8625.472,1693.307,263.892,5681.676,14.994,305.875,3757,7121,2.500,1.980,1.140,2,0,205.916,0,0,21,87,6,24,0
05-01 14:44:03,11.674,17.636,69.798,0.248,0,3634172,123696,207032,3926380,7908.838,1699.009,0,127.177,0,13.910,2837,4287,2.500,1.980,1.140,3,0,243.425,0,0,21,87,6,25,0
05-01 14:44:04,10.800,18.083,69.571,0.251,0,3637432,124720,207032,3922128,9949.839,1539.091,4.019,221.018,1.005,14.065,2807,4078,2.500,1.980,1.140,2,0,242.115,0,0,21,87,6,25,0
05-01 14:44:05,8.502,19.254,70.764,0,0,3637944,133336,207028,3913040,8970.812,1620.327,0,0,0,0,2788,3993,2.500,1.980,1.140,2,0,251.051,0,0,21,87,6,25,0
05-01 14:44:06,9.508,19.516,70.057,0,0,3643980,127296,207028,3913056,4753.865,1621.318,0,304.247,0,3.002,2860,4367,2.380,1.960,1.130,1,0,281.229,0,0,21,87,6,25,0
05-01 14:44:07,11.252,18.004,68.514,0,0,3642728,128420,207028,3913220,7145.451,1694.344,0,32.006,0,8.002,2770,4332,2.380,1.960,1.130,2,0,263.053,0,0,21,87,6,25,0
05-01 14:44:08,21.539,16.780,60.108,0,0,3642824,134172,207028,3907436,12716.814,1771.177,777.395,88.158,9.016,4.007,4383,10974,2.380,1.960,1.130,2,0,169.304,0,0,21,89,6,25,0
05-01 14:44:09,31.458,23.219,44.441,0.499,0,3717908,127192,206996,3839536,7927.417,1617.840,7.989,6599.190,1.997,510.319,4299,6780,2.380,1.960,1.130,3,0,494.340,0,0,21,93,6,25,0
05-01 14:44:10,33.199,18.721,46.679,0,0,3756040,134988,206976,3794040,9327.766,1617.532,271.586,275.579,8.986,19.970,4528,11563,2.380,1.960,1.130,3,0,253.613,0,0,21,99,6,25,0
05-01 14:44:11,50.796,25.023,23.772,0,0,3869920,123772,206932,3693224,7217.546,1513.373,96.087,2766.509,11.010,143.130,6839,19107,2.270,1.940,1.130,11,0,595.540,0,0,23,107,6,25,0
05-01 14:44:12,58.821,25.280,14.768,0,0,4011204,135676,206700,3543076,10496.606,1567.883,816.981,14965.974,47.057,1629.958,12106,18395,2.270,1.940,1.130,4,0,314.378,0,0,23,119,6,25,0
05-01 14:44:13,56.780,24.013,18.260,0.750,0.250,4095648,129248,206672,3465460,8268.357,1710.902,164.086,7051.716,7.004,553.292,8824,20889,2.270,1.940,1.130,2,0,529.279,0,0,23,133,6,25,0
05-01 14:44:14,27.228,21.982,48.960,0,0,4136812,130640,206664,3423220,8246.345,1618.694,0,419.661,0,24.980,3482,5918,2.270,1.940,1.130,1,0,385.689,0,0,24,133,6,25,0
05-01 14:44:15,15.218,17.713,65.114,0,0,4146736,131920,206660,3412524,10134.808,1616.620,0,255.466,0,13.971,4187,6333,2.270,1.940,1.130,1,0,208.564,0,0,24,133,6,25,0
05-01 14:44:16,27.564,20.047,51.119,0,0,4188176,129524,206640,3373328,9207.426,1772.124,8.019,1948.534,2.005,301.702,4954,7914,2.170,1.930,1.130,3,0,327.763,0,0,24,133,6,25,0
05-01 14:44:17,35.011,19.506,44.014,0,0,4242556,129476,206616,3320588,6040.921,1620.515,4.001,484.154,1.000,31.010,4414,8064,2.170,1.930,1.130,1,0,351.112,0,0,24,133,6,25,0
05-01 14:44:18,35.749,23.999,38.999,0,0,4334324,136328,206540,3223952,9068.746,1511.958,75.998,399.989,5.000,23.999,7387,12918,2.170,1.930,1.130,2,0,232.993,0,0,24,145,6,25,0
05-01 14:44:19,30.248,23.998,44.247,0.500,0,4397036,127236,206516,3171764,6898.517,1565.890,43.997,5283.630,2.000,479.966,3938,6065,2.170,1.930,1.130,2,0,464.967,0,0,24,145,6,25,0
05-01 14:44:20,24.179,26.422,47.111,0,0,4461144,160592,206432,3077020,8401.242,1615.240,219.354,869.438,30.909,54.838,6412,12081,2.170,1.930,1.130,1,0,443.692,0,0,24,157,6,25,0
05-01 14:44:21,11.792,19.319,67.993,0.251,0,4472836,148928,206432,3077120,7557.967,1625.801,52.186,144.516,7.025,16.057,3063,4779,2.150,1.930,1.140,2,0,255.913,0,0,24,157,6,25,0
05-01 14:44:22,18.968,20.964,57.153,0,0,4486472,134416,206432,3077940,4929.629,1617.254,419.288,934.413,13.976,62.893,5735,12537,2.150,1.930,1.140,2,0,288.510,0,0,24,165,6,25,0
05-01 14:44:23,34.797,15.020,49.817,0,0,4555932,126496,206364,3018168,9336.483,1696.268,12.016,580.776,3.004,54.072,3302,7874,2.150,1.930,1.140,2,0,156.209,0,0,24,181,6,25,0
05-01 14:44:24,45.995,8.249,44.745,0.250,0,4670952,133080,206220,2901316,9006.072,1619.833,495.949,199.979,28.997,14.998,1942,2538,2.150,1.930,1.140,4,0,1.000,0,0,24,181,6,25,0
05-01 14:44:25,36.253,5.750,56.754,0.500,0,4613660,240080,206148,2853564,5199.400,1512.116,1252.096,252.019,35.003,23.002,2569,4365,2.150,1.930,1.140,2,0,41.003,0,0,24,185,6,25,0
05-01 14:44:26,38.500,23.500,36.750,0,0.250,4692468,158356,206148,2856480,9659.894,1619.982,419.995,367.996,21.000,24.000,5554,12132,2.300,1.960,1.150,2,0,475.995,0,0,24,185,6,24,0
05-01 14:44:27,35.503,27.252,33.753,3.250,0,4658240,183716,206092,2866680,6911.567,1566.128,35250.891,416.034,429.035,29.002,6224,12978,2.300,1.960,1.150,3,0,444.036,0,0,24,193,6,25,0
05-01 14:44:28,59.483,22.244,15.496,2.249,0,4777012,231264,206040,2704040,9035.380,1619.530,37757.050,879.745,394.885,35.990,5128,10200,2.300,1.960,1.150,6,0,157.954,0,0,24,200,6,21,0
05-01 14:44:29,74.183,15.236,4.746,5.245,0,4821616,151900,205956,2739708,9389.521,1618.538,58607.078,15310.175,678.387,900.187,6754,9752,2.300,1.960,1.150,4,0,87.921,0,0,24,206,6,21,0
05-01 14:44:30,66.852,15.524,9.014,7.762,0,4931092,132484,204300,2654224,4679.140,1622.476,49940.209,1370.091,926.414,104.159,6469,10338,2.300,1.960,1.150,5,0,47.072,0,0,24,212,6,21,0
05-01 14:44:31,47.982,24.491,24.241,2.999,0,4916432,146932,203884,2655820,9645.335,1619.385,45818.589,1327.496,463.824,59.977,6960,12416,2.520,2.010,1.170,3,0,376.857,0,0,24,207,6,27,0
05-01 14:44:32,46.011,22.756,24.756,3.751,0,4934236,137016,203416,2650096,10587.636,1660.413,52120.978,500.125,515.128,39.010,7138,13067,2.520,2.010,1.170,6,1,324.081,0,0,24,211,6,28,0
05-01 14:44:33,56.419,25.463,15.727,1.248,0,4944952,129256,202936,2648596,8610.566,1691.557,20130.931,906.691,207.700,61.911,10162,34166,2.520,2.010,1.170,3,0,347.498,0,0,24,213,6,30,0
05-01 14:44:34,54.263,21.255,21.255,0.750,0,5024080,126348,201692,2575676,10321.426,1620.381,996.234,24249.699,51.012,994.234,7105,10852,2.520,2.010,1.170,6,0,363.085,0,0,24,213,6,28,0
05-01 14:44:35,54.758,25.754,18.503,0.500,0,5061940,130844,200852,2534364,8648.315,1640.249,288.044,5976.908,27.004,540.082,7972,19507,2.520,2.010,1.170,3,0,370.056,0,0,24,217,6,30,0
05-01 14:44:36,56.545,23.018,20.767,0,0,5088188,164212,199660,2477492,8582.883,1621.300,352.283,828.665,23.018,60.048,7266,15984,2.480,2.010,1.180,22,0,370.297,0,0,24,219,6,31,0
05-01 14:44:37,63.747,16.999,18.499,0.250,0,5213296,125824,198016,2394044,5942.679,1619.913,283.985,6559.646,30.998,608.967,6155,11755,2.480,2.010,1.180,3,0,177.990,0,0,24,224,6,32,0
05-01 14:44:38,64.748,10.250,23.249,0.750,0,5279380,137128,196892,2319704,6535.837,1511.962,1023.974,499.988,74.998,34.999,3999,8170,2.480,2.010,1.180,3,0,6.000,0,0,24,229,6,33,0
05-01 14:44:39,66.994,8.749,23.748,0.250,0,5303768,188832,196488,2244972,59636.812,18551.386,351.969,5699.504,25.998,532.954,7006,16704,2.480,2.010,1.180,3,0,54.995,0,0,24,244,6,37,0
05-01 14:44:40,36.992,21.746,38.492,0.500,0,5306052,186164,196492,2245352,7265.518,1693.654,351.928,1747.643,21.996,200.959,5928,10646,2.480,2.010,1.180,2,0,455.907,0,0,24,242,6,38,0
05-01 14:44:41,36.512,21.257,39.512,0.250,0,5283604,208000,196548,2246224,8574.710,1694.535,136.043,4825.525,2.001,316.100,7980,15662,2.360,2,1.180,2,0,311.098,0,0,24,243,6,38,0
05-01 14:44:42,62.752,13.198,23.905,0.249,0,5391036,215952,196036,2134636,7741.367,1687.323,127.496,338.660,13.945,14.941,2939,5295,2.360,2,1.180,4,0,156.381,0,0,25,247,6,38,0
05-01 14:44:43,65.970,8.027,24.833,1.505,0,5486472,136044,195708,2119964,9474.550,1613.373,1986.615,842.807,147.491,54.180,3809,6499,2.360,2,1.180,3,0,10.033,0,0,25,246,6,39,0
05-01 14:44:44,45.259,14.253,39.758,0.250,0,5465964,195764,195028,2083576,12443.439,3237.635,228.045,980.192,22.004,85.017,5806,12873,2.360,2,1.180,1,0,219.043,0,0,25,248,6,41,0
05-01 14:44:45,26.485,4.997,66.462,0.750,0,5518984,138476,194964,2088020,7952668.168,56153.768,3.998,7631.619,0.999,711.592,5566,4325,2.360,2,1.180,1,0,0,0,0,25,249,6,41,0
05-01 14:44:46,27.695,17.715,53.643,0.499,0,5467208,183748,194772,2094796,14001235.540,69503.618,2063.891,654.696,22.954,49.901,7615,9036,2.330,2,1.180,1,0,293.416,0,0,25,247,6,41,0
05-01 14:44:47,25.241,3.249,69.974,0,0,5522316,128496,194772,2094940,9346.504,1619.394,0,323.879,0,22.991,2043,3235,2.330,2,1.180,1,0,1.000,0,0,25,250,6,41,0
05-01 14:44:48,24.998,3.750,70.493,0,0,5523496,127236,194772,2095024,8519.199,1767.834,4.000,327.969,1.000,26.997,3839,6724,2.330,2,1.180,1,0,0,0,0,25,255,6,43,0
05-01 14:44:49,27.986,4.248,65.468,0.500,0,5540668,126648,194388,2080156,9763.167,1703.157,459.772,775.616,29.985,80.960,3943,8878,2.330,2,1.180,1,0,6.997,0,0,25,268,6,44,2
05-01 14:44:50,32.285,7.008,60.817,0.250,0,5549868,155004,193272,2046680,9393.276,1621.774,44.048,860.942,4.004,77.084,4159,10760,2.330,2,1.180,1,0,2.002,0,0,25,272,6,50,2
05-01 14:44:51,17.750,15.750,64.751,0.750,0,5500000,194384,193276,2057140,8700.131,1566.023,88.001,43064.646,7.000,99.001,4670,7849,2.300,2,1.190,2,0,202.003,0,0,25,269,6,53,2
05-01 14:44:52,24.982,8.744,63.954,0.999,0,5537372,163260,193124,2051904,8473.873,1510.908,1426.968,343.751,139.899,17.987,2621,5800,2.300,2,1.190,1,0,42.969,0,0,25,269,6,54,2
05-01 14:44:53,17.050,7.522,70.458,4.513,0,5505432,164380,193760,2082260,6016.780,1624.801,5231.459,3506.361,916.709,90.267,3775,4828,2.300,2,1.190,1,0,9.027,0,0,25,269,6,53,2
05-01 14:44:54,23.001,6.750,67.754,0.750,0,5543808,138220,193432,2071068,10658.608,1620.092,696.040,720.041,147.008,19.001,10858,21343,2.300,2,1.190,2,0,4.000,0,0,25,271,6,53,2
05-01 14:44:55,21.674,7.225,69.258,0,0,5552608,136700,193244,2064184,10101.755,1614.367,3.986,510.220,0.997,14.948,7045,12882,2.300,2,1.190,1,0,0,0,0,25,269,6,54,2
05-01 14:44:56,22.999,7.000,69.496,0.250,0,5556572,165816,191628,2036092,6623.629,1787.900,475.973,379.979,5.000,37.998,7330,7841,2.200,1.980,1.190,1,0,2.000,0,0,25,269,6,55,2
05-01 14:44:57,22.552,5.763,71.414,0.251,0,5569000,153044,191628,2036436,10406.946,1697.907,0,52.120,0,6.014,1896,2602,2.200,1.980,1.190,1,0,0,0,0,25,269,6,55,2
05-01 14:44:58,22.709,15.971,59.642,0.499,0,5489716,231296,191760,2037356,7681.105,1617.075,818.519,495.104,101.816,33.939,4143,6963,2.200,1.980,1.190,3,0,470.149,0,0,25,271,6,55,2
05-01 14:44:59,25.011,4.002,70.030,0.500,0,5482156,238876,191764,2037324,10029.343,1458.632,52.023,228.099,13.006,23.010,2121,3116,2.200,1.980,1.190,1,0,10.004,0,0,25,273,6,45,2
05-01 14:45:00,9.491,19.232,69.685,0,0,5497256,223688,191784,2037392,8652.979,1618.500,7.993,371.655,1.998,33.969,3679,6079,2.200,1.980,1.190,1,0,346.679,0,0,25,273,6,45,2
05-01 14:45:01,8.998,13.246,76.729,0.250,0,5504096,216688,191792,2037544,5613.468,1619.558,35.990,315.914,2.999,25.993,3342,5643,2.100,1.960,1.180,0,0,318.913,0,0,25,279,6,45,0
05-01 14:45:02,9.007,2.002,86.816,0,0,5528988,191796,191800,2037536,8505.447,1621.229,0,172.130,0,11.008,1564,2574,2.100,1.960,1.180,1,0,9.007,0,0,25,279,6,45,0
05-01 14:45:03,26.521,3.002,70.304,0,0,5568200,152484,191808,2037628,6523.042,1621.253,4.003,184.142,1.001,23.018,2286,4349,2.100,1.960,1.180,2,0,0,0,0,25,281,6,42,0
05-01 14:45:04,16.274,12.018,70.105,0,0,5500832,219604,191820,2037864,7089.613,1696.540,212.318,76.114,16.024,3.004,3226,5559,2.100,1.960,1.180,3,0,197.295,0,0,25,283,6,42,0
05-01 14:45:05,12.751,16.002,69.007,0.500,0,5503324,216664,191848,2038268,9898.039,1532.161,224.024,4332.455,14.001,533.056,4909,6117,2.100,1.960,1.180,2,0,256.027,0,0,25,283,6,42,0
05-01 14:45:06,15.260,14.260,69.048,0.250,0,5532456,187104,191860,2038656,8097.571,1621.115,88.061,50522.760,8.006,292.201,4052,5787,2.170,1.980,1.190,4,0,224.154,0,0,25,283,6,42,0
05-01 14:45:07,25.663,3.488,70.512,0,0,5584044,135696,191860,2038492,8994.670,1614.556,0,378.723,0,6.976,1737,2750,2.170,1.980,1.190,1,0,0.997,0,0,25,283,6,42,0
05-01 14:45:08,25.493,3.249,69.981,0.750,0,5630452,143820,190448,1987820,8968.507,1619.550,103.971,2947.181,6.998,318.911,2542,3296,2.170,1.980,1.190,1,0,3.999,0,0,25,287,6,42,0
05-01 14:45:09,25.843,3.764,70.756,0,0,5553464,220804,190456,1987816,5575.154,1625.878,40.145,409.480,6.022,28.102,1804,2742,2.170,1.980,1.190,1,0,5.018,0,0,25,283,6,42,0
05-01 14:45:10,25.502,3.750,70.756,0,0,5612056,162128,190456,1987900,9987.809,1620.131,92.007,236.019,2.000,18.001,1954,2943,2.170,1.980,1.190,1,0,4.000,0,0,25,283,6,42,0
05-01 14:45:11,26.744,2.749,69.235,0,0,5618072,155856,190464,1988148,9777.947,1457.694,31.993,151.968,2.000,10.998,2826,5155,2,1.950,1.190,1,0,2.000,0,0,25,287,6,43,0
05-01 14:45:12,23.491,4.248,70.974,0,0,5572932,200872,190580,1988156,7849.072,1693.368,115.957,135.949,5.998,7.997,1753,2655,2,1.950,1.190,1,0,14.994,0,0,25,285,6,43,0
05-01 14:45:13,22.220,7.989,68.409,0.250,0,5511820,260776,190592,1989352,13221.416,1617.848,1366.183,439.416,18.975,27.963,2681,4035,2,1.950,1.190,2,0,126.831,0,0,25,285,5,43,0
05-01 14:45:14,11.019,17.780,69.367,0.250,0,5521656,250724,190608,1989552,7472.606,1622.738,68.115,392.662,5.008,31.052,3885,6449,2,1.950,1.190,1,0,418.706,0,0,25,285,5,43,0
05-01 14:45:15,23.503,4.251,70.508,0.250,0,5562048,209440,191184,1989868,9514.142,1620.194,1048.126,484.058,72.009,45.005,2198,3382,2,1.950,1.190,2,0,13.002,0,0,25,287,5,44,0
05-01 14:45:16,19.000,3.000,77.251,0,0,5585276,184548,191224,1991492,13851.194,3707.052,220.003,412.006,44.001,26.000,1903,2946,1.920,1.930,1.190,2,0,3.000,0,0,25,288,5,44,0
05-01 14:45:17,25.000,3.250,71.251,0.250,0,5558348,205732,191788,1996660,5756.092,1794.029,68.001,796.013,17.000,17.000,1802,2808,1.920,1.930,1.190,1,0,3.000,0,0,25,287,5,44,0
05-01 14:45:18,17.933,2.491,78.459,0,0,5582032,181908,191796,1996792,17329.655,4422.579,15.941,458.298,2.989,7.970,1647,2581,1.920,1.930,1.190,2,0,2.989,0,0,25,288,5,44,0
05-01 14:45:19,24.261,4.502,68.531,1.000,0,5562032,192480,192384,2005628,9857.396,1794.800,3161.410,828.369,37.017,13.006,7432,14473,1.920,1.930,1.190,2,0,6.003,0,0,25,287,5,44,0
05-01 14:45:20,20.078,6.023,72.281,0.502,0,5551860,199888,192404,2008368,15556.468,3717.450,1642.384,1260.901,22.086,69.269,4457,8220,1.920,1.930,1.190,3,0,33.129,0,0,25,290,5,44,0
05-01 14:45:21,25.163,6.478,66.769,0,0,5565840,184504,192492,2009680,10970.022,2559.140,1175.929,422.537,18.934,13.952,11042,21627,1.850,1.920,1.180,1,0,16.941,0,0,25,290,5,44,0
05-01 14:45:22,24.810,6.516,68.416,0.251,0,5509516,251372,192572,1999056,8823.370,1798.356,0,697.690,0,22.053,2152,3656,1.850,1.920,1.180,3,0,16.039,0,0,25,289,5,44,0
05-01 14:45:23,19.530,11.017,69.108,0,0,5562304,199788,192572,1997876,6992.895,1696.643,0,2087.252,0,294.459,3405,4803,1.850,1.920,1.180,1,0,252.393,0,0,25,289,5,44,0
05-01 14:45:24,25.484,2.748,70.955,0.250,0,5581476,180412,192572,1998080,5186.706,1618.972,0,103.934,0,6.996,2499,4455,1.850,1.920,1.180,1,0,0,0,0,25,293,5,45,0
05-01 14:45:25,22.665,5.479,70.237,0,0,5567056,194780,192580,1998124,5495.436,1526.289,27.896,231.135,2.989,21.918,2622,4514,1.850,1.920,1.180,1,0,111.582,0,0,25,291,5,46,0
05-01 14:45:26,23.310,5.264,69.930,0,0,5513644,248184,192580,1998132,9314.949,1624.176,0,120.309,0,9.023,2771,5041,1.780,1.900,1.180,1,0,61.157,0,0,25,291,5,46,0
05-01 14:45:27,24.431,3.490,71.049,0,0,5577292,184388,192580,1998280,5961.094,1615.419,0,131.627,0,7.977,1949,3271,1.780,1.900,1.180,1,0,8.975,0,0,25,292,5,46,0
05-01 14:45:28,22.999,5.750,70.496,0,0,5537736,223820,192588,1998396,8273.520,1619.906,0,223.987,0,19.999,3164,5529,1.780,1.900,1.180,1,0,56.997,0,0,25,291,5,45,0
05-01 14:45:29,25.095,4.266,70.516,0,0,5577220,184108,192600,1998612,8874.448,1700.409,0,240.908,0,21.079,2730,4613,1.780,1.900,1.180,1,0,1.004,0,0,25,295,5,46,0
05-01 14:45:30,25.408,5.729,68.501,0,0,5565476,195840,192604,1998620,9788.448,1614.137,0,135.508,0,7.971,2420,3697,1.780,1.900,1.180,1,0,38.859,0,0,25,291,5,47,0
05-01 14:45:31,25.315,3.760,70.682,0.251,0,5508392,252808,192620,1998720,10743.600,1624.172,0,296.762,0,34.088,2872,5342,1.720,1.890,1.180,1,0,43.111,0,0,25,291,5,48,0
05-01 14:45:32,24.684,3.740,70.313,0,0,5575996,185172,192624,1998748,6464.778,1577.797,0,127.660,0,8.976,1774,3132,1.720,1.890,1.180,1,0,3.989,0,0,25,292,5,42,0
05-01 14:45:33,24.018,4.754,70.304,0.250,0,5556088,205068,192628,1998756,6104.646,1567.193,0,112.085,0,7.005,2510,4724,1.720,1.890,1.180,2,0,32.024,0,0,25,291,5,45,0
05-01 14:45:34,25.535,3.505,70.095,0,0,5588772,172224,192644,1998900,10345.080,1622.208,16.022,384.523,4.005,32.044,2522,4838,1.720,1.890,1.180,1,0,0,0,0,25,291,5,43,0
05-01 14:45:35,15.524,17.026,66.853,0.501,0,5531896,229084,192672,1998888,7977.269,1622.495,112.173,705.084,7.011,55.085,4557,7920,1.720,1.890,1.180,2,0,574.884,0,0,25,291,5,43,0
05-01 14:45:36,13.256,20.759,64.528,0,0,5533668,227136,192692,1999044,9627.197,1620.707,8.003,472.206,2.001,33.014,6002,11331,1.660,1.870,1.180,1,0,696.304,0,0,25,291,5,41,0
05-01 14:45:37,10.460,22.166,66.498,0.249,0,5543084,217476,192700,1999280,7784.536,1687.612,0,231.125,0,26.898,4824,8698,1.660,1.870,1.180,1,0,705.330,0,0,25,291,5,41,0
05-01 14:45:38,11.024,21.547,66.644,0,0,5540788,219708,192728,1999316,9706.014,1643.558,0,3615.828,0,280.608,5499,9107,1.660,1.870,1.180,2,0,694.504,0,0,25,291,5,39,0
05-01 14:45:39,9.990,20.730,67.435,0,0,5538884,221552,192728,1999376,7695.581,1564.492,0,323.688,0,25.975,4655,7939,1.660,1.870,1.180,1,0,649.374,0,0,25,291,5,39,0
05-01 14:45:40,13.486,14.735,69.679,0.749,0,5545596,213436,192732,2000776,5022.857,1564.398,1322.646,195.800,88.909,13.986,3685,6147,1.660,1.870,1.180,1,0,417.572,0,0,25,291,5,33,0
05-01 14:45:41,15.743,10.745,66.472,5.248,0,5547080,201624,192740,2020676,9599.910,1619.310,11898.931,2043.130,974.585,18.992,8853,16128,1.600,1.860,1.180,1,0,25.989,0,0,25,291,5,33,0
05-01 14:45:42,23.262,2.001,73.288,0,0,5564720,180952,192740,2023708,8712.461,2677.371,16.008,1376.705,3.002,12.006,1775,2794,1.600,1.860,1.180,1,0,3.002,0,0,25,292,5,33,0
05-01 14:45:43,12.743,1.499,84.954,0.500,0,5580252,164852,192772,2024240,17914.308,6521.472,511.723,1715.072,24.986,50.972,1903,3160,1.600,1.860,1.180,1,0,0.999,0,0,25,292,5,33,0
05-01 14:45:44,11.998,1.250,84.988,1.250,0,5580312,164348,192856,2024600,21908.021,9486.710,391.947,1299.823,41.994,76.990,2184,3477,1.600,1.860,1.180,0,0,1.000,0,0,25,292,5,30,0
05-01 14:45:45,7.749,2.000,88.488,0.500,0,5580692,163340,192900,2025180,17748.622,6962.067,335.955,947.873,32.996,48.993,1947,3101,1.600,1.860,1.180,1,0,0,0,0,25,292,5,31,0
05-01 14:45:46,18.755,2.751,77.521,0.750,0,5600168,142676,192948,2026316,31018.437,12659.443,872.237,900.245,44.012,39.011,2086,3052,1.480,1.820,1.170,0,0,0,0,0,25,292,5,31,0
05-01 14:45:47,15.498,2.000,80.990,0.750,0,5603760,138392,192968,2026988,20277.425,9731.764,615.922,963.878,45.994,35.995,1951,3098,1.480,1.820,1.170,1,0,0,0,0,25,292,5,31,0
05-01 14:45:48,15.502,1.250,82.009,0.750,0,5613892,127324,192984,2027900,18604.084,10184.141,708.079,1040.116,50.006,37.004,1935,2897,1.480,1.820,1.170,1,0,0,0,0,25,292,5,29,0
05-01 14:45:49,15.555,5.018,77.524,1.756,0,5599944,157400,192228,2013992,18455.202,7216.496,15647.282,718.539,207.734,24.085,2229,3143,1.480,1.820,1.170,1,0,0,0,0,25,292,5,29,0
05-01 14:45:50,25.010,4.002,68.526,1.000,0,5609480,137384,192168,2024704,7196.735,1620.616,24.009,5406.054,6.002,489.186,4157,3498,1.480,1.820,1.170,3,0,2.001,0,0,25,292,5,26,0
05-01 14:45:51,26.760,6.752,65.274,0.750,0,5628488,134040,191604,2011988,5640.076,1620.596,0,58161.403,0,468.172,3636,3831,1.440,1.810,1.170,1,0,2.001,0,0,25,290,5,26,2
05-01 14:45:52,24.694,3.991,70.341,0.998,0,5631524,127536,192188,2015028,9278.992,1508.585,0,3396.311,0,149.661,2504,3893,1.440,1.810,1.170,3,0,11.973,0,0,25,290,5,17,2
05-01 14:45:53,27.307,5.762,65.386,0.501,0,5541640,251708,191092,1981864,9221.226,1871.903,0,1831.819,0,68.142,4408,6334,1.440,1.810,1.170,1,0,23.048,0,0,25,289,5,18,2
05-01 14:45:54,22.661,4.482,72.216,0,0,5595564,197376,191096,1982236,12549.705,2665.530,470.153,637.496,5.977,7.969,1981,2807,1.440,1.810,1.170,1,0,7.969,0,0,25,290,5,17,2
05-01 14:45:55,19.749,3.500,74.496,0.250,0,5577520,208500,191320,1988544,14205.332,2770.870,0,1199.944,0,33.998,1995,3051,1.440,1.810,1.170,2,0,2.000,0,0,25,289,5,17,2
05-01 14:45:56,18.502,3.000,77.756,0.250,0,5602656,181868,191332,1989764,13762.128,4563.374,0,2364.194,0,88.007,1886,2765,1.400,1.800,1.170,3,0,4.000,0,0,25,290,5,15,2
05-01 14:45:57,24.749,6.000,67.996,0.250,0,5587628,190760,191712,1994640,9169.477,1793.898,0,839.952,0,14.999,8617,17446,1.400,1.800,1.170,1,0,13.999,0,0,25,289,5,15,2
05-01 14:45:58,24.584,6.021,68.485,0,0,5583328,194584,191764,1995000,9252.700,1517.198,0,1926.601,0,35.120,9763,19263,1.400,1.800,1.170,2,0,14.048,0,0,25,289,5,15,2
05-01 14:45:59,23.922,4.984,69.772,0.249,0,5540976,250580,191820,1982576,9777.019,1614.718,0,773.470,0,31.896,2271,3434,1.400,1.800,1.170,1,0,17.941,0,0,25,289,5,15,2
05-01 14:46:00,25.249,5.500,67.998,0,0.250,5573568,217004,191844,1983532,8726.756,1619.955,39.999,875.975,3.000,4.000,10268,20222,1.400,1.800,1.170,1,0,47.999,0,0,25,291,5,15,2
05-01 14:46:01,22.747,4.249,72.240,0.250,0,5595592,194948,191856,1983552,9542.645,2675.620,0,251.964,0,14.998,1849,2852,1.370,1.780,1.170,1,0,8.999,0,0,25,292,5,15,2
05-01 14:46:02,22.095,3.766,73.065,0.502,0,5585072,198004,191856,1990624,15240.779,2911.566,494.133,763.294,11.048,10.043,1788,2975,1.370,1.780,1.170,1,2,3.013,0,0,25,291,5,15,2
05-01 14:46:03,19.655,4.976,72.400,2.488,0,5616252,163972,191856,1993312,11577.060,4467.413,736.442,473.711,17.913,8.957,1728,2747,1.370,1.780,1.170,1,0,2.986,0,0,25,292,5,16,2
05-01 14:46:04,24.845,5.270,68.511,0,0,5583760,190396,191876,1998528,5329.278,1800.852,0,939.575,0,14.053,10093,20176,1.370,1.780,1.170,1,0,14.053,0,0,25,291,5,15,2
05-01 14:46:05,23.439,6.483,68.072,0,0,5592076,181944,191940,1998568,10218.259,1581.860,0,634.340,0,13.963,10271,20284,1.370,1.780,1.170,1,0,19.948,0,0,25,291,5,15,2
05-01 14:46:06,23.240,5.498,70.469,0.250,0,5569548,218556,191976,1985768,7063.906,1619.291,0,1019.553,0,27.988,1872,2898,1.340,1.770,1.170,1,0,5.997,0,0,25,291,5,15,2
05-01 14:46:07,24.333,4.264,71.242,0,0,5552732,235332,191980,1985804,9009.551,1625.512,0,240.817,0,10.034,2362,3905,1.340,1.770,1.170,1,0,92.313,0,0,25,291,5,15,2
05-01 14:46:08,24.246,4.999,69.489,0,0,5581076,191260,192024,2000232,7391.788,1619.734,0,183.970,0,8.999,12949,25450,1.340,1.770,1.170,2,0,9.998,0,0,25,291,5,15,2
05-01 14:46:09,18.180,1.743,78.201,0.498,0,5588572,182752,192036,2001136,21956.971,6676.449,3.985,1813.061,0.996,24.905,1889,2892,1.340,1.770,1.170,1,0,2.989,0,0,25,292,5,15,2
05-01 14:46:10,17.987,1.499,78.944,0.250,0,5607452,163660,192056,2001264,23801.077,11898.540,15.989,1035.264,0.999,35.974,1914,2943,1.340,1.770,1.170,0,0,2.998,0,0,25,294,5,15,2
05-01 14:46:11,10.018,1.753,85.905,0.501,0,5607928,162652,192220,2001600,164799.970,15947.738,0,1582.852,0,66.119,1950,3085,1.310,1.760,1.170,1,0,0,0,0,25,295,5,15,2
05-01 14:46:12,18.994,1.500,78.477,0.500,0,5632380,137984,192272,2001732,19924.083,9717.114,0,1895.437,0,246.927,2087,2826,1.310,1.760,1.170,1,0,0,0,0,25,295,5,15,2
05-01 14:46:13,16.494,1.000,79.969,0.500,0,5637672,132440,192388,2001832,25360.160,11924.373,0,1423.448,0,68.973,2045,3310,1.310,1.760,1.170,1,0,1.000,0,0,25,295,5,14,2
05-01 14:46:14,16.993,2.499,78.968,0.500,0,5633316,162448,192372,1977112,298886.250,14086.309,0,1531.381,0,66.973,2176,3467,1.310,1.760,1.170,0,0,1.000,0,0,25,295,5,14,2
05-01 14:46:15,11.005,2.001,84.541,1.251,0,5632904,162000,192732,1977580,116736.851,17301.426,52.025,2417.177,8.004,125.061,2330,3747,1.310,1.760,1.170,0,0,0,0,0,25,295,5,15,2
05-01 14:46:16,15.745,1.749,80.723,0.500,0,5639328,146376,192832,1986536,21956.557,11048.255,103.965,1299.559,5.998,54.981,1867,3034,1.290,1.740,1.170,0,0,0,0,0,25,295,5,15,2
05-01 14:46:17,10.002,4.001,83.264,0.750,0,5635056,127276,192264,2010816,6982036.036,43942.250,10049.658,8033.325,63.010,74.012,4079,4645,1.290,1.740,1.170,0,0,4.001,0,0,25,295,5,14,2
05-01 14:46:18,19.508,4.002,75.530,0.500,0,5646676,137480,189556,1992244,522370.515,7297.941,0,2028.818,0,72.029,2853,3106,1.290,1.740,1.170,1,0,1.000,0,0,25,295,5,14,2
05-01 14:46:19,22.520,4.504,70.313,1.001,0,5647936,139048,186128,1992800,6024.422,1621.459,0,5184.666,0,126.114,2106,3468,1.290,1.740,1.170,1,0,0,0,0,25,295,5,14,2
05-01 14:46:20,23.314,6.017,70.445,0.501,0,5661268,128640,186476,1989572,10289.440,1624.490,0,2486.874,0,98.272,2150,3583,1.290,1.740,1.170,1,0,3.008,0,0,25,299,5,14,2
05-01 14:46:21,24.891,12.197,60.485,0.996,0,5680832,138504,185660,1962652,6844.992,1612.929,4344.952,156414.280,41.817,746.726,3560,5047,1.340,1.750,1.170,1,0,3.983,0,0,25,299,5,14,2
05-01 14:46:22,25.766,5.003,67.293,0.500,0,5670784,128592,187024,1980048,5564.556,1621.036,0,2173.389,0,43.027,2699,3473,1.340,1.750,1.170,2,0,0,0,0,25,299,5,14,2
05-01 14:46:23,24.744,6.249,66.484,1.250,0,5665380,161668,186948,1953756,9258.806,1619.616,0,4019.047,0,302.928,2797,3950,1.340,1.750,1.170,1,0,0,0,0,25,299,5,14,2
05-01 14:46:24,21.081,2.761,75.291,0.251,0,5569736,288712,187056,1922408,12957.027,4238.364,72.279,975.767,5.019,31.120,1870,2893,1.340,1.750,1.170,3,0,2.008,0,0,25,297,5,14,2
05-01 14:46:25,22.164,2.988,73.466,0.249,0,5604904,253488,187096,1922424,14865.515,2699.561,0,701.288,0,22.911,1933,2870,1.340,1.750,1.170,1,0,6.973,0,0,25,298,5,12,2
05-01 14:46:26,21.251,5.000,72.003,0.500,0,5584020,267204,187304,1928920,8105.308,2703.103,196.007,43781.664,40.002,290.011,2126,2944,1.320,1.740,1.170,2,0,3.000,0,0,25,297,5,12,2
05-01 14:46:27,20.498,2.250,75.744,0.250,0,5614860,234420,187392,1930664,13706.835,4542.614,19.998,819.930,4.000,17.998,1821,2792,1.320,1.740,1.170,1,0,4.000,0,0,25,298,5,11,2
05-01 14:46:28,23.996,7.749,67.240,0.250,0,5611692,231412,187932,1935400,10361.415,1793.726,227.965,2027.690,10.998,188.971,8378,16904,1.320,1.740,1.170,1,0,13.998,0,0,25,297,5,11,2
05-01 14:46:29,28.282,7.008,63.071,0.250,0,5619724,222968,188012,1935668,9159.240,1621.813,0,2322.597,0,17.019,10785,21596,1.320,1.740,1.170,1,0,15.017,0,0,25,297,5,11,2
05-01 14:46:30,24.987,6.497,67.714,0,0,5622160,220228,188056,1935896,7260.130,1619.137,0,463.753,0,13.993,2254,3597,1.320,1.740,1.170,2,0,13.993,0,0,25,297,5,11,2
05-01 14:46:31,22.488,5.997,70.214,0,0,5579412,277036,188080,1923136,9301.201,1457.248,3.998,303.843,0.999,11.994,1858,2746,1.290,1.720,1.170,1,0,5.997,0,0,25,297,5,9,2
05-01 14:46:32,22.505,3.501,70.515,3.001,0,5610576,240356,188336,1928172,9477.028,1620.347,2912.623,0,338.072,0,2799,4503,1.290,1.720,1.170,1,0,2.000,0,0,25,298,5,9,2
05-01 14:46:33,26.605,3.765,68.017,0.753,0,5611100,239376,188404,1928560,10295.451,1626.390,184.726,3300.970,18.071,128.505,4803,9954,1.290,1.720,1.170,1,0,0,0,0,25,300,5,7,2
05-01 14:46:34,27.745,2.000,68.238,0.750,0,5609752,239376,188472,1929844,9215.332,1693.693,999.819,1015.816,56.990,135.975,4793,9131,1.290,1.720,1.170,2,0,0,0,0,25,304,5,10,2
05-01 14:46:35,27.731,2.748,68.453,0.749,0,5609164,239124,188572,1930584,5096.514,1618.893,383.738,1155.210,43.970,130.910,3477,6302,1.290,1.720,1.170,2,0,1.999,0,0,25,305,5,9,2
05-01 14:46:36,19.191,10.717,66.796,1.246,0,5565608,281076,188744,1932016,9245.763,1615.068,1232.237,2169.375,79.756,210.358,4935,9223,1.350,1.730,1.180,1,0,99.696,0,0,25,307,5,9,2
05-01 14:46:37,12.748,17.747,67.240,0.500,0,5566292,280092,188808,1932248,7803.876,1619.767,287.959,3923.435,6.999,236.966,4099,6670,1.350,1.730,1.180,1,0,318.954,0,0,25,307,5,9,2
05-01 14:46:38,13.754,6.752,69.522,9.503,0,5542084,265580,189760,1970016,9981.114,1458.455,38756.092,3192.996,2109.658,411.128,6808,7490,1.350,1.730,1.180,0,1,32.010,0,0,25,307,5,11,2
05-01 14:46:39,8.248,3.249,81.977,5.498,0,5543352,250212,190184,1983692,10449.053,2638.256,14223.989,3103.125,1732.511,93.973,5665,7140,1.350,1.730,1.180,0,0,5.998,0,0,25,308,5,11,2
05-01 14:46:40,4.499,1.000,92.982,0.250,0.250,5543024,250212,190196,1984008,28310.621,3517.332,0,359.932,0,37.993,1799,3042,1.350,1.730,1.180,0,0,1.000,0,0,25,308,5,11,2
05-01 14:46:41,4.999,1.250,90.476,1.999,0,5538024,240888,190196,1998332,32982.293,5134.644,14316.221,0,263.930,0,1799,3016,1.320,1.720,1.170,0,0,0,0,0,25,308,5,11,2
05-01 14:46:42,2.503,0.751,94.345,0,0,5538740,239656,190196,1998848,148248.545,2884.891,788.790,0,8.008,0,1507,2527,1.320,1.720,1.170,0,0,2.002,0,0,25,308,5,11,2
05-01 14:46:43,3.248,0.999,93.430,0.250,0,5538564,239404,190208,1999264,31282.632,2056.464,0,403.698,0,31.976,1641,2944,1.320,1.720,1.170,3,0,0.999,0,0,25,308,4,11,2
05-01 14:46:44,5.250,1.000,93.251,0,0,5538660,239180,190220,1999380,137601.376,2868.029,0,152.002,0,21.000,1804,3098,1.320,1.720,1.170,0,0,1.000,0,0,25,308,4,11,2
05-01 14:46:45,8.268,2.756,86.690,1.002,0,5541524,227844,190476,2007564,13026.567,119335.703,8161.899,1419.112,119.262,29.064,2185,3464,1.320,1.720,1.170,0,0,13.029,0,0,25,307,4,11,2
05-01 14:46:46,7.234,1.746,90.048,0.748,0,5541520,227844,190476,2007568,20233.515,5331.016,0,666.502,0,61.861,2115,3793,1.290,1.700,1.170,0,0,0,0,0,25,307,4,11,2
05-01 14:46:47,3.251,0.750,94.516,0,0,5541512,227844,190476,2007576,8721.500,1620.279,0,48.008,0,6.001,1451,2511,1.290,1.700,1.170,0,0,0,0,0,25,307,4,11,2
05-01 14:46:48,2.500,1.250,95.001,0,0,5541384,227844,190476,2007704,11004.088,1620.013,0,0,0,0,1376,2352,1.290,1.700,1.170,0,0,0,0,0,25,307,4,11,2
05-01 14:46:49,2.750,0.750,94.759,0,0,5541384,227844,190488,2007692,11016.058,1620.156,0,344.033,0,29.003,1438,2453,1.290,1.700,1.170,0,0,0,0,0,25,307,4,11,2
05-01 14:46:50,4.499,1.500,93.983,0.250,0,5541364,227844,190492,2007708,23891.699,1619.708,0,131.976,0,10.998,1523,2502,1.290,1.700,1.170,0,0,1.000,0,0,25,307,4,11,2
05-01 14:46:51,4.499,1.999,91.972,0,0,5545892,223308,190492,2007716,11779.454,1511.545,0,23.993,0,2.999,1513,2702,1.190,1.680,1.170,0,0,1.999,0,0,25,307,4,11,2
05-01 14:46:52,2.500,1.500,93.516,0,0,5547044,222156,190492,2007716,8247.443,1736.304,0,13238.317,0,35.006,1630,2655,1.190,1.680,1.170,0,0,0,0,0,25,307,4,11,1
05-01 14:46:53,6.499,4.250,88.491,0,0,5523588,245608,190496,2007716,7144.257,1639.829,0,395.959,0,11.999,2004,3566,1.190,1.680,1.170,0,0,33.996,0,0,25,307,4,12,1
05-01 14:46:54,3.501,1.000,94.019,0,0,5523588,245608,190508,2007704,10291.079,1620.327,0,68.014,0,9.002,1516,2450,1.190,1.680,1.170,0,0,0,0,0,25,307,4,11,1
05-01 14:46:55,3.001,1.500,94.272,0,0,5523556,245608,190516,2007728,6033.400,1694.393,0,168.039,0,24.006,1651,2989,1.190,1.680,1.170,2,0,0,0,0,25,307,4,11,1
05-01 14:46:56,3.760,3.008,91.990,0.251,0,5532012,237136,190524,2007736,9719.319,1624.231,0,344.898,0,31.081,1777,3226,1.170,1.660,1.170,0,0,0,0,0,25,307,4,11,1
05-01 14:46:57,2.001,2.001,93.786,0.250,0,5533024,236016,190524,2007744,13480.122,1620.616,0,55949.261,0,338.128,1925,2814,1.170,1.660,1.170,1,0,0,0,0,25,307,4,11,1
05-01 14:46:58,2.991,1.495,93.960,0.249,0,5533240,236104,190540,2007876,8915.451,1507.342,0,972.993,0,23.926,1678,3057,1.170,1.660,1.170,1,0,0.997,0,0,25,307,4,11,1
05-01 14:46:59,3.762,0.502,93.811,0.251,0,5533688,235656,190548,2007868,13467.699,1699.641,0,1793.954,0,294.979,2106,3204,1.170,1.660,1.170,0,0,1.003,0,0,25,307,4,11,1
05-01 14:47:00,2.750,1.000,95.017,0.250,0,5533672,235656,190556,2007876,6890.199,1566.273,0,116.020,0,8.001,1353,2463,1.170,1.660,1.170,0,0,1.000,0,0,25,307,4,11,1
05-01 14:47:01,2.740,0.996,94.149,0,0,5533672,235656,190568,2007864,7524.910,1613.975,0,330.765,0,24.907,1436,2749,1.080,1.640,1.160,0,0,0,0,0,25,307,4,11,1
05-01 14:47:02,3.250,1.250,93.991,0,0,5533984,235272,190568,2007908,8925.143,1619.844,0,1907.817,0,6.999,1369,2352,1.080,1.640,1.160,0,0,0,0,0,25,307,4,11,1
05-01 14:47:03,2.505,0.751,94.688,0,0,5533984,235272,190568,2007908,7266.431,1623.224,0,16.032,0,3.006,1378,2362,1.080,1.640,1.160,0,0,0,0,0,25,307,4,12,1
05-01 14:47:04,2.246,0.749,94.825,0,0,5533984,235272,190568,2007908,9250.932,1617.017,0,0,0,0,1366,2390,1.080,1.640,1.160,0,0,0,0,0,25,307,4,11,1
05-01 14:47:05,2.749,1.250,94.230,0,0,5533984,235272,190568,2007908,8476.169,1511.673,0,123.973,0,12.997,1454,2665,1.080,1.640,1.160,1,0,0,0,0,25,307,4,11,1
05-01 14:47:06,3.250,1.000,94.009,0.500,0,5533920,235272,190572,2007968,6484.603,1620.151,32.003,344.032,1.000,31.003,1645,3086,1.150,1.640,1.160,0,0,0,0,0,25,307,4,11,1
05-01 14:47:07,2.250,1.000,94.763,0,0,5533920,235272,190580,2007960,10334.374,1640.218,0,652.087,0,11.001,1521,2593,1.150,1.640,1.160,0,0,0,0,0,25,307,4,11,1
05-01 14:47:08,2.500,1.000,94.248,0,0,5533888,235272,190600,2007972,7358.809,1693.956,4.000,235.994,1.000,20.999,1476,2509,1.150,1.640,1.160,2,0,0,0,0,25,307,4,11,1
05-01 14:47:09,2.750,1.000,94.238,0.250,0,5533888,235272,190624,2007948,6724.166,1619.799,0,363.955,0,28.996,1620,2720,1.150,1.640,1.160,0,0,0,0,0,25,307,4,11,1
05-01 14:47:10,1.751,0.750,95.056,0,0,5533860,235272,190624,2007976,9451.558,1620.953,0,0,0,0,1332,2388,1.150,1.640,1.160,0,0,1.001,0,0,25,307,4,11,1
05-01 14:47:11,1.749,0.750,94.960,0,0,5533860,235272,190624,2007976,10392.604,1511.361,0,0,0,0,1428,2678,1.060,1.620,1.160,1,0,0,0,0,25,307,4,11,1
05-01 14:47:12,2.250,1.500,95.235,0,0,5533860,235272,190624,2007976,13686.865,1661.741,0,11.998,0,2.000,1430,2418,1.060,1.620,1.160,0,0,0,0,0,25,307,4,11,1
05-01 14:47:13,3.000,0.750,94.249,0,0,5533844,235272,190636,2007980,8597.897,1619.981,0,271.997,0,23.000,1587,2841,1.060,1.620,1.160,0,0,1.000,0,0,25,307,4,11,1
05-01 14:47:14,2.750,1.250,94.259,0,0,5533844,235272,190636,2007980,7416.742,1566.157,0,92.009,0,12.001,1627,2824,1.060,1.620,1.160,0,0,1.000,0,0,25,307,4,11,1
05-01 14:47:15,3.999,0.500,93.474,0,0,5533832,235272,190648,2007980,9869.266,1025.716,0,815.774,0,155.957,1881,2853,1.060,1.620,1.160,0,0,0,0,0,25,307,4,12,1
05-01 14:47:16,5.520,0.753,91.574,0.753,0,5534364,234224,190680,2008464,110840.486,1932.844,445.578,397.407,8.028,34.121,1700,3072,1.060,1.600,1.160,0,0,4.014,0,0,25,307,4,11,1
05-01 14:47:17,12.959,4.735,81.245,0,0,5551256,217184,190680,2008612,350029.607,10660.547,175.449,1415.558,7.975,7.975,2151,3028,1.060,1.600,1.160,1,0,34.891,0,0,25,307,4,11,1
