"pcp-dstat 5.3.6 CSV Output"
"Author:","PCP team <pcp@groups.io> and Dag Wieers <dag@wieers.com>",,,,"URL:","https://pcp.io/ and http://dag.wieers.com/home-made/dstat/"
"Host:","ubuntu",,,,"User:","ubuntu"
"Cmdline:","dstat -tcmndrylpg --tcp --output /tmp/devstack_logs/dstat-csv.log",,,,"Date:","27 May 2024 20:52:14 UTC"
"system","total usage",,,,,"memory usage",,,,"net/total",,"dsk/total",,"io/total",,"system",,"load avg",,,"procs",,,"paging",,"tcp sockets",,,,
"time","total usage:usr","total usage:sys","total usage:idl","total usage:wai","total usage:stl","used","free","buf","cach","net/total:recv","net/total:send","dsk/total:read","dsk/total:writ","read","writ","int","csw","1m","5m","15m","run","blk","new","in","out","lis","act","syn","tim","clo"
27-05 20:52:14,,1028396,1438924,165440,5161960,,,,,,,1.490,0.910,0.520,3,0,,,,9,4,6,10,2
27-05 20:52:15,28.247,22.248,47.495,1.000,0,1032748,1402388,166780,5189288,4610.530,1619.835,0,3847.608,0,187.981,3472,5937,1.490,0.910,0.520,2,0,439.955,0,0,9,4,6,10,2
27-05 20:52:16,29.984,20.240,48.725,0.500,0,967624,1480684,166824,5175804,47675.352,4263.796,423.781,851.560,3.998,31.983,4160,6375,1.490,0.910,0.520,2,0,367.810,0,0,9,2,6,10,0
27-05 20:52:17,33.062,22.543,42.079,0,0,1004820,1442724,166884,5176500,13112.757,1623.064,0,100.189,0,5.009,12169,30908,1.690,0.960,0.540,3,0,232.439,0,0,9,2,6,10,0
27-05 20:52:18,26.495,7.249,64.737,0,0,1131832,1315336,166896,5301668,5830.834,1661.668,0,0,0,0,8612,17221,1.690,0.960,0.540,2,0,83.983,0,0,10,4,6,10,0
27-05 20:52:19,41.673,13.974,43.669,0.250,0,1070248,1376852,166900,5301744,5017.677,1616.996,79.852,13415.075,0.998,396.264,3279,6505,1.690,0.960,0.540,2,0,256.523,0,0,10,4,6,12,0
27-05 20:52:20,44.779,5.754,49.782,0.250,0,1168652,1277280,166932,5302968,7261.662,1621.041,256.164,432.278,16.010,13.008,1188,1323,1.690,0.960,0.540,2,0,5.003,0,0,10,4,6,12,0
27-05 20:52:21,24.207,3.993,64.886,4.742,0,1161736,1281164,167200,5305564,4706.730,1617.159,11.979,11088.517,0.998,940.348,5966,9814,1.690,0.960,0.540,2,1,59.895,0,0,10,6,6,12,0
27-05 20:52:22,11.273,6.764,65.885,14.029,0,1163496,1272652,167948,5311500,5760.798,1623.325,0,47445.168,0,3899.987,16957,29677,1.720,0.980,0.540,3,1,54.111,0,0,10,6,6,12,0
27-05 20:52:23,20.712,5.490,69.122,3.494,0,1103904,1331780,168104,5311808,4847.052,1455.313,0,14465.297,0,1013.130,5520,8408,1.720,0.980,0.540,1,0,80.851,0,0,10,4,6,12,0
27-05 20:52:24,23.250,4.000,72.501,0,0,1164860,1270740,168104,5311888,5301.037,1694.012,0,32084.225,0,87.001,1337,1664,1.720,0.980,0.540,1,0,0,0,0,10,4,6,12,0
27-05 20:52:25,22.789,3.256,72.876,1.002,0,1126112,1309448,168132,5311896,6448.129,1696.929,0,4700.112,0,206.356,1686,2285,1.720,0.980,0.540,1,0,10.017,0,0,10,4,6,12,0
27-05 20:52:26,24.698,0.998,73.595,0,0,1168192,1267364,168136,5311896,5556.293,1690.438,0,103.781,0,10.977,953,1153,1.720,0.980,0.540,1,0,0,0,0,10,4,6,12,0
27-05 20:52:27,12.272,16.029,70.628,0,0,1085068,1350332,168136,5312052,4273.735,1622.938,0,16.029,0,3.005,2501,3808,1.740,1,0.550,1,0,316.573,0,0,10,4,6,12,0
27-05 20:52:28,10.493,19.237,69.704,0,0,1086320,1349048,168136,5312072,5258.556,1692.891,0,39.974,0,9.993,2864,4500,1.740,1,0.550,1,0,400.738,0,0,10,4,6,12,0
27-05 20:52:29,32.468,13.736,52.698,0,0,1146476,1288552,168136,5312676,4710.323,1618.393,55.944,20239.902,0.999,55.944,5055,7991,1.740,1,0.550,2,0,202.799,0,0,10,5,6,12,0
27-05 20:52:30,44.742,4.749,49.241,0.250,0.250,1243096,1191096,168156,5313548,9991.182,1457.735,587.893,187.966,8.998,1.000,1174,1200,1.740,1,0.550,2,0,0,0,0,10,5,6,12,0
27-05 20:52:31,41.773,8.004,50.527,0,0,1278600,1152712,168220,5316084,6487.523,1714.931,0,1993.082,0,50.027,1726,4902,1.740,1,0.550,1,0,58.032,0,0,10,4,6,13,0
27-05 20:52:32,4.506,6.509,88.623,0,0,1279344,1151796,168248,5316180,4438.151,1622.248,0,4.006,0,1.001,1236,1738,1.740,1,0.550,2,0,72.100,0,0,9,4,6,13,0
27-05 20:52:33,20.961,3.743,72.614,0.250,0,1351152,1079928,168260,5316208,4395.784,1690.840,0,902.314,0,37.929,1345,1814,1.760,1.010,0.560,3,0,8.983,0,0,10,4,6,13,0
27-05 20:52:34,24.516,3.002,71.548,1.251,0,1372800,1058060,168300,5316388,8558.734,1695.136,0,36352.356,0,281.188,3103,4926,1.760,1.010,0.560,1,0,1.001,0,0,10,10,6,13,0
27-05 20:52:35,20.983,4.996,72.441,0.250,0,1301380,1129368,168308,5316480,6242.881,1692.612,35.971,2553.906,2.998,168.862,1921,2890,1.760,1.010,0.560,1,0,41.966,0,0,10,4,6,15,0
27-05 20:52:36,22.502,3.000,73.008,0.750,0,1331464,1098656,168312,5316936,6920.734,1512.160,236.025,1468.156,59.006,15.002,1834,2823,1.760,1.010,0.560,1,0,3.000,0,0,10,29,6,15,0
27-05 20:52:37,20.500,6.500,72.749,0,0,1324832,1105132,168312,5317096,5516.939,1639.982,0,527.994,0,8.000,1254,1816,1.760,1.010,0.560,1,0,45.000,0,0,10,28,6,15,0
27-05 20:52:38,21.757,10.753,66.520,0,0,1323332,1106616,168312,5317112,6497.969,1620.491,0,20.006,0,5.002,1858,2741,1.700,1.010,0.560,2,0,156.047,0,0,10,28,6,16,0
27-05 20:52:39,45.567,5.258,49.072,0,0,1418036,1011892,168312,5317172,7989.745,1622.385,0,320.471,0,64.094,1937,3510,1.700,1.010,0.560,2,0,0,0,0,10,30,6,16,0
27-05 20:52:40,49.019,19.758,30.262,0,0,1396072,1033624,168312,5317368,5442.133,1620.635,0,1624.637,0,32.013,4199,8869,1.700,1.010,0.560,5,0,435.171,0,0,10,28,6,17,0
27-05 20:52:41,83.238,14.998,2.000,0,0,1592596,836872,168312,5317576,4703.318,1767.744,0,83.988,0,6.999,4128,7122,1.700,1.010,0.560,7,0,142.979,0,0,10,30,6,17,0
27-05 20:52:42,73.357,14.971,10.729,0,0,1420580,1008508,168316,5317932,6084.124,1616.844,0,247.517,0,26.947,4089,9634,1.700,1.010,0.560,2,0,199.610,0,0,10,29,6,18,0
27-05 20:52:43,26.747,9.999,62.242,0.250,0,1348068,1080980,168332,5317952,4891.389,1619.798,0,335.958,0,33.996,3012,4950,1.720,1.030,0.570,1,0,109.986,0,0,10,28,6,20,0
27-05 20:52:44,22.000,5.000,72.999,0.250,0,1309600,1119448,168336,5317948,4768.938,1457.981,0,299.996,0,22.000,1538,2853,1.720,1.030,0.570,1,0,14.000,0,0,10,28,6,19,0
27-05 20:52:45,20.017,6.506,72.311,0,0,1349064,1079952,168336,5317980,10252.674,1621.372,0,37639.843,0,131.111,1657,2056,1.720,1.030,0.570,2,0,54.046,0,0,10,28,6,19,0
27-05 20:52:46,17.265,10.259,70.810,0.250,0,1292388,1136616,168344,5317984,44921.273,1621.381,0,144.123,0,20.017,2491,4023,1.720,1.030,0.570,2,0,152.130,0,0,10,28,6,19,0
27-05 20:52:47,10.243,20.236,68.202,0,0,1298188,1130772,168348,5318024,4335.947,1618.860,0,2442.281,0,20.985,2465,3260,1.720,1.030,0.570,1,0,335.764,0,0,10,28,6,19,0
27-05 20:52:48,55.270,25.009,19.757,0,0,1481856,947104,168348,5318024,4196.490,1620.575,0,256.091,0,25.009,2637,4507,1.590,1.010,0.570,5,0,552.196,0,0,10,28,6,19,0
27-05 20:52:49,85.333,11.511,2.753,0,0.250,1614172,814108,168364,5318680,5589.466,1695.658,0,4680.578,0,122.119,3870,9092,1.590,1.010,0.570,4,0,0,0,0,10,31,6,19,0
27-05 20:52:50,81.735,13.498,4.499,0.250,0,1474660,953584,168376,5318704,7065.742,1639.708,0,32554.205,0,513.909,3716,8396,1.590,1.010,0.570,5,0,157.972,0,0,10,28,6,19,0
27-05 20:52:51,79.248,16.000,4.500,0,0,1628064,799980,168380,5319028,4391.912,1511.970,0,199.996,0,13.000,5687,10979,1.590,1.010,0.570,6,0,151.997,0,0,10,31,6,20,0
27-05 20:52:52,74.026,15.204,9.721,0,0,1448112,979700,168380,5319252,5292.978,1615.111,0,195.408,0,11.964,7263,15697,1.590,1.010,0.570,2,0,199.396,0,0,10,28,6,19,0
27-05 20:52:53,42.769,8.504,48.271,0.250,0,1381776,1045668,168392,5319608,6927.076,1620.720,0,384.171,0,35.016,3435,7203,1.700,1.050,0.580,2,0,98.044,0,0,10,28,6,19,0
27-05 20:52:54,42.614,9.024,47.878,0,0,1385700,1041716,168396,5319628,7294.491,1624.340,0,930.486,0,27.072,2415,6019,1.700,1.050,0.580,3,0,76.204,0,0,10,29,6,20,0
27-05 20:52:55,63.746,16.249,20.499,0,0,1470396,956888,168396,5319760,7081.561,1661.897,0,1391.914,0,19.999,2431,4488,1.700,1.050,0.580,3,0,301.981,0,0,10,29,6,20,0
27-05 20:52:56,60.022,15.506,22.758,0.250,0,1376188,1050316,168400,5320524,4703.736,1620.598,0,608.224,0,53.020,5104,11245,1.700,1.050,0.580,4,0,258.095,0,0,10,28,6,22,0
27-05 20:52:57,83.251,11.000,5.750,0,0,1562420,863940,168460,5320572,4356.057,1532.020,0,2444.032,0,135.002,3017,4685,1.700,1.050,0.580,6,0,2.000,0,0,10,31,6,22,0
27-05 20:52:58,59.978,18.243,21.242,0.250,0,1379048,1046896,168488,5320940,4685.266,1693.373,0,647.760,0,49.982,6871,15675,1.960,1.110,0.600,4,0,323.880,0,0,10,28,6,23,0
27-05 20:52:59,63.252,9.000,26.251,0,0,1506604,919256,168496,5321004,6275.157,1620.041,0,516.013,0,36.001,3345,6070,1.960,1.110,0.600,4,0,6.000,0,0,10,29,6,28,0
27-05 20:53:00,68.997,17.499,14.499,0.250,0,1467024,958632,168504,5321200,4559.831,1619.940,0,539.980,0,34.999,4509,8876,1.960,1.110,0.600,4,0,298.989,0,0,10,28,6,26,0
27-05 20:53:01,59.001,13.250,25.751,0,0,1398812,1026632,168508,5321400,4128.099,1620.039,0,456.011,0,27.001,4735,11078,1.960,1.110,0.600,4,0,233.006,0,0,10,29,6,28,0
27-05 20:53:02,69.160,9.488,20.473,0,0,1509480,915892,168516,5321448,5862.396,1617.902,0,379.508,0,16.978,1982,3348,1.960,1.110,0.600,5,0,53.930,0,0,10,29,6,28,0
27-05 20:53:03,59.792,10.507,29.521,0.250,0,1421620,1003540,168536,5321636,7327.092,1621.127,0,460.320,0,45.031,4934,9261,2.050,1.140,0.620,3,0,112.078,0,0,10,28,6,30,0
27-05 20:53:04,59.534,9.255,31.018,0.250,0,1508848,916124,168548,5321812,5430.079,1458.827,0,968.549,0,37.021,3642,8164,2.050,1.140,0.620,4,0,0,0,0,10,29,6,32,0
27-05 20:53:05,71.250,21.500,7.000,0,0,1522548,902364,168556,5321860,5444.989,1693.997,0,1331.997,0,29.000,2441,4323,2.050,1.140,0.620,7,0,451.999,0,0,10,28,6,32,0
27-05 20:53:06,81.239,15.248,2.750,0,0,1540716,883792,168572,5322240,6528.151,1619.789,0,783.898,0,52.993,4910,9825,2.050,1.140,0.620,8,0,212.972,0,0,10,28,5,33,0
27-05 20:53:07,78.504,20.251,1.000,0,0,1542724,881680,168588,5322312,4494.216,1620.078,0,408.020,0,24.001,2734,4959,2.050,1.140,0.620,8,0,285.014,0,0,10,29,5,33,0
27-05 20:53:08,79.590,18.463,1.996,0,0,1546532,877648,168592,5322524,5463.036,1616.755,0,335.327,0,24.950,4753,10139,2.360,1.220,0.650,9,0,194.609,0,0,10,31,5,34,0
27-05 20:53:09,63.878,23.297,12.525,0,0,1389932,1033812,168596,5322940,6399.838,1623.256,0,288.579,0,17.034,7198,16731,2.360,1.220,0.650,4,0,536.075,0,0,10,29,5,34,0
27-05 20:53:10,18.738,25.234,54.965,0,0,1328200,1095388,168604,5323076,5511.500,1618.972,0,443.718,0,14.990,3897,6928,2.360,1.220,0.650,2,0,520.669,0,0,10,28,5,34,0
27-05 20:53:11,7.236,21.459,68.121,0,0,1327380,1096188,168604,5323096,5012.536,1616.947,0,231.563,0,10.979,2333,2997,2.360,1.220,0.650,1,0,289.454,0,0,10,28,5,31,0
27-05 20:53:12,26.268,28.770,44.031,0,0,1381448,1042116,168620,5323084,6846.772,1555.084,0,1040.725,0,68.047,3351,5786,2.360,1.220,0.650,5,0,710.495,0,0,10,28,5,31,0
27-05 20:53:13,78.391,20.787,1.252,0,0,1581548,841944,168624,5323152,4679.432,1568.827,0,188.339,0,17.031,2755,6009,2.660,1.300,0.680,8,0,486.877,0,0,10,29,5,32,0
27-05 20:53:14,79.254,16.751,3.250,0,0,1496148,927256,168652,5323204,5128.277,1620.087,0,864.047,0,68.004,3834,9452,2.660,1.300,0.680,6,0,311.017,0,0,10,29,5,32,0
27-05 20:53:15,80.252,17.000,2.500,0,0,1542000,880784,168676,5323768,11916.346,1694.049,0,968.028,0,30.001,3668,8526,2.660,1.300,0.680,6,0,240.007,0,0,10,30,5,32,0
27-05 20:53:16,82.493,13.749,3.500,0,0,1656864,765396,168684,5324276,56610.075,1693.853,0,239.979,0,7.999,6156,14634,2.660,1.300,0.680,6,0,5.999,0,0,10,31,5,32,0
27-05 20:53:17,80.750,15.250,3.250,0,0,1606200,815444,168724,5324840,5144.974,1619.992,0,1347.993,0,57.000,6694,50229,2.660,1.300,0.680,6,0,74.000,0,0,10,29,5,34,0
27-05 20:53:18,80.750,18.250,1.500,0,0,1561044,860336,168728,5325060,5931.012,1736.003,0,996.002,0,39.000,3205,6560,3.160,1.430,0.720,6,0,81.000,0,0,10,28,5,34,0
27-05 20:53:19,78.310,16.959,3.990,0,0,1685524,735308,168732,5327980,10022.695,3478.564,0,422.974,0,15.961,5398,14157,3.160,1.430,0.720,7,0,77.811,0,0,10,32,5,34,0
27-05 20:53:20,73.918,11.777,14.032,0,0,1655768,763356,168836,5327092,124109.224,8646.663,0,10195.184,0,277.631,7634,19978,3.160,1.430,0.720,5,0,100.228,0,0,10,33,5,40,0
27-05 20:53:21,81.014,13.502,5.001,0,0,1553548,865020,168860,5327676,8422.407,2376.397,0,440.073,0,26.004,6614,16245,3.160,1.430,0.720,6,0,131.022,0,0,10,30,5,37,0
27-05 20:53:22,82.243,13.999,3.000,0,0,1597048,820280,168956,5328776,58843.763,6295.440,0,1031.908,0,57.995,5021,9594,3.160,1.430,0.720,6,0,145.987,0,0,10,31,5,37,0
27-05 20:53:23,80.196,14.490,5.246,0.250,0,1579712,835972,169036,5330280,11499.261,4320.093,0,991.333,0,44.970,6357,14282,3.390,1.510,0.750,5,0,66.955,0,0,10,32,6,37,0
27-05 20:53:24,83.982,12.747,2.749,0,0,1584104,830860,169148,5330800,22691.167,6781.556,0,1003.786,0,43.991,5457,13029,3.390,1.510,0.750,8,0,78.983,0,0,10,32,6,37,0
27-05 20:53:25,78.579,14.014,5.756,0,0,1574992,839464,169320,5331092,25941.201,8279.362,0,1497.512,0,87.088,6161,14413,3.390,1.510,0.750,8,0,116.117,0,0,10,31,6,37,0
27-05 20:53:26,80.247,14.749,5.000,0,0,1593488,820180,169472,5331596,25601.950,8380.656,0,1335.945,0,70.997,4025,10121,3.390,1.510,0.750,5,0,126.995,0,0,10,31,6,37,0
27-05 20:53:27,80.249,12.750,6.250,0,0,1585252,827828,169576,5332032,20358.715,6651.907,0,1091.985,0,57.999,6046,14096,3.390,1.510,0.750,8,0,50.999,0,0,10,32,6,37,0
27-05 20:53:28,82.751,12.500,4.750,0,0,1502932,908236,169668,5333792,324831.197,6754.108,0,736.012,0,19.000,4088,10375,3.600,1.580,0.780,5,0,113.002,0,0,10,31,6,37,0
27-05 20:53:29,79.248,15.000,4.500,0,0,1598552,802636,170060,5342224,1411816.293,11842.692,0,2435.937,0,37.999,4541,13111,3.600,1.580,0.780,7,0,77.998,0,0,10,31,6,38,0
27-05 20:53:30,80.493,11.999,6.749,0,0,1524368,875916,170212,5342756,17845.555,5059.590,0,1371.889,0,62.995,4655,10322,3.600,1.580,0.780,5,0,162.987,0,0,10,31,6,38,0
27-05 20:53:31,77.743,13.499,8.999,0,0,1556364,843356,170300,5343204,20256.217,6059.467,0,1183.896,0,48.996,5248,12903,3.600,1.580,0.780,4,0,96.991,0,0,10,31,6,38,0
27-05 20:53:32,80.263,15.002,5.001,0,0,1526128,872856,170476,5343656,76184.570,4413.728,0,900.149,0,38.006,3481,6423,3.600,1.580,0.780,6,0,106.017,0,0,10,30,6,38,0
27-05 20:53:33,74.495,14.999,9.499,0,0,1564048,834312,170556,5344124,27431.025,5736.587,0,891.936,0,43.997,7762,14322,3.710,1.640,0.800,4,0,66.995,0,0,10,32,6,37,0
27-05 20:53:34,79.506,14.501,6.000,0,0,1532684,864848,170748,5344700,42157.246,5026.387,0,868.067,0,58.004,3933,7545,3.710,1.640,0.800,4,0,179.014,0,0,10,30,6,38,0
27-05 20:53:35,78.693,14.195,6.475,0,0,1576608,819192,170900,5345940,160970.892,6835.329,0,1115.647,0,39.845,4990,10204,3.710,1.640,0.800,4,0,44.825,0,0,10,31,6,36,0
27-05 20:53:36,79.058,16.816,3.765,0,0,1578564,816820,171012,5346184,77312.208,8106.583,0,1252.881,0,53.207,3196,6246,3.710,1.640,0.800,5,0,111.434,0,0,10,31,6,36,0
27-05 20:53:37,82.971,9.468,6.478,0.498,0,1492176,902772,171076,5346496,26525.820,3076.656,0,785.360,0,65.779,4338,9294,3.710,1.640,0.800,9,0,154.481,0,0,10,35,6,36,0
27-05 20:53:38,83.774,12.290,3.762,0,0,1597524,778996,171084,5364516,9380511.272,95306.653,0,248.814,0,24.079,6808,7031,3.900,1.710,0.830,4,0,101.331,0,0,10,36,6,36,0
27-05 20:53:39,75.750,12.500,10.250,0,0,1547292,811096,171208,5381896,8829252,85266,0,19028,0,102,9077,13515,3.900,1.710,0.830,4,0,89,0,0,10,35,6,35,0
27-05 20:53:40,80.170,14.486,4.496,0.250,0,1613148,735540,171472,5390968,4466083.383,42782.261,0,16943.074,0,343.657,6279,9693,3.900,1.710,0.830,5,0,148.851,0,0,10,36,6,35,0
27-05 20:53:41,77.833,14.516,7.508,0,0,1534356,802508,171584,5402176,5699008.240,49071.457,0,6983.465,0,98.105,7035,12408,3.900,1.710,0.830,5,0,224.240,0,0,10,34,6,34,0
27-05 20:53:42,82.214,15.493,2.249,0.250,0,1595676,739760,171672,5403292,4511.015,1619.288,71.968,1135.500,1.000,30.986,3234,7700,3.900,1.710,0.830,4,0,152.933,0,0,10,35,6,34,0
27-05 20:53:43,79.291,14.508,5.753,0.250,0,1506940,825368,171876,5406048,4706.461,1620.848,0,2773.451,0,165.086,4347,11217,3.900,1.750,0.850,4,0,233.122,0,0,10,34,6,31,0
27-05 20:53:44,81.958,14.992,2.998,0,0,1554936,768280,172584,5412536,5160.373,1619.176,0,1459.257,0,38.980,3515,8150,3.900,1.750,0.850,4,0,95.951,0,0,10,36,6,31,0
27-05 20:53:45,84.040,11.005,4.502,0,0,1507440,815124,172668,5413228,6006.883,1620.778,0,736.353,0,36.017,4125,11470,3.900,1.750,0.850,4,0,49.024,0,0,10,34,6,31,0
27-05 20:53:46,63.735,13.747,20.745,1.250,0,1428744,856796,173300,5447704,42077.943,1639.608,0,5314.730,0,219.947,5141,8895,3.900,1.750,0.850,5,0,191.954,0,0,10,34,6,31,0
27-05 20:53:47,63.497,11.499,25.249,0.250,0,1503772,714804,177740,5502160,4407.775,1511.923,0,2243.886,0,49.997,3423,6287,3.900,1.750,0.850,6,0,2.000,0,0,10,35,6,32,0
27-05 20:53:48,61.112,13.719,24.944,0.249,0,1455792,726200,186240,5521720,4913.914,1616.354,0,11398.285,0,43.901,3246,5305,3.990,1.800,0.870,4,0,68.845,0,0,10,34,6,33,0
27-05 20:53:49,65.563,10.260,23.773,0.250,0,1477892,698264,186908,5525648,5776.511,1621.547,0,4304.106,0,67.064,11931,24485,3.990,1.800,0.870,5,0,100.095,0,0,10,34,6,33,0
27-05 20:53:50,55.838,20.282,23.537,0,0,1520204,655720,186920,5525860,5560.730,1622.547,0,340.535,0,23.036,2181,3485,3.990,1.800,0.870,5,0,291.458,0,0,10,35,6,33,0
27-05 20:53:51,60.501,12.750,26.000,0.500,0,1366072,855984,186924,5481432,6998.077,1968.022,0,18904.208,0,307.003,4160,7891,3.990,1.800,0.870,5,0,124.001,0,0,10,32,6,33,0
27-05 20:53:52,64.475,9.746,25.740,0,0,1504876,717152,186928,5481948,4417.291,1619.373,3.998,1019.605,1.000,9.996,2102,3774,3.990,1.800,0.870,5,0,62.976,0,0,10,34,6,33,0
27-05 20:53:53,64.024,19.757,14.505,0,0,1362028,848044,186936,5493776,5086.882,1458.540,76.028,2424.897,1.000,46.017,9198,20068,3.910,1.820,0.880,4,0,434.161,0,0,10,32,6,33,0
27-05 20:53:54,31.738,27.490,41.235,0,0,1392996,816644,186944,5494272,7664.157,1693.372,0,571.788,0,29.989,4327,7350,3.910,1.820,0.880,4,0,604.776,0,0,10,32,6,33,0
27-05 20:53:55,18.256,10.003,71.022,0,0,1376976,832488,186944,5494448,9641.970,1620.499,0,312.096,0,16.005,1628,2111,3.910,1.820,0.880,2,0,128.039,0,0,10,32,6,33,0
27-05 20:53:56,21.698,3.991,73.076,0,0,1335072,874368,186956,5494460,8195.503,1689.980,0,267.364,0,26.936,2089,3500,3.910,1.820,0.880,3,0,24.941,0,0,10,32,6,32,0
27-05 20:53:57,18.757,7.753,72.276,0.250,0,1383864,825532,186960,5494500,6231.212,1694.602,0,1312.466,0,83.029,1599,2228,3.910,1.820,0.880,1,0,71.025,0,0,10,32,6,32,0
27-05 20:53:58,22.529,4.005,72.344,0.250,0,1329828,879408,186968,5494652,4425.762,1622.112,0,164.214,0,18.023,2446,4941,3.680,1.810,0.880,2,0,13.017,0,0,10,32,6,28,0
27-05 20:53:59,22.718,4.494,72.648,0,0,1387096,822124,186972,5494664,3886.528,1691.618,0,107.848,0,7.989,1109,1418,3.680,1.810,0.880,1,0,22.968,0,0,10,33,6,28,0
27-05 20:54:00,22.773,4.254,71.821,0,0,1328852,880360,186972,5494672,5331.289,1621.609,0,112.111,0,8.008,2792,5334,3.680,1.810,0.880,1,0,33.033,0,0,10,32,6,23,0
27-05 20:54:01,21.018,5.254,73.813,0,0,1387744,821432,186972,5494708,4624.922,1459.237,0,0,0,0,996,1318,3.680,1.810,0.880,1,0,23.020,0,0,10,33,6,23,0
27-05 20:54:02,18.498,8.499,71.741,0.250,0,1355620,853552,186972,5494712,5365.319,1619.794,0,203.974,0,20.997,1890,2979,3.680,1.810,0.880,3,0,90.988,0,0,10,32,6,21,0
27-05 20:54:03,24.712,1.997,72.639,0,0,1390100,819056,186972,5494728,4813.654,1691.419,0,183.720,0,13.979,1664,2797,3.460,1.800,0.880,1,1,0,0,0,10,33,6,21,0
27-05 20:54:04,18.027,9.264,72.358,0,0,1364792,844356,186976,5494732,6444.615,1696.531,0,272.406,0,20.030,1603,2231,3.460,1.800,0.880,1,0,99.148,0,0,10,32,6,19,0
27-05 20:54:05,21.747,4.999,73.488,0.250,0.250,1328344,880668,186976,5494868,5903.073,1693.734,0,163.974,0,22.996,1871,3278,3.460,1.800,0.880,1,0,24.996,0,0,10,32,6,19,0
27-05 20:54:06,19.711,6.737,72.107,0.250,0,1379080,829904,186976,5494896,4508.088,1455.123,0,5776.580,0,266.473,1679,1885,3.460,1.800,0.880,1,0,68.864,0,0,10,32,6,17,0
27-05 20:54:07,22.265,5.504,71.547,0,0,1330704,878276,186980,5494896,5657.700,1695.109,0,124.081,0,13.009,2562,4936,3.460,1.800,0.880,1,0,32.021,0,0,10,32,6,19,0
27-05 20:54:08,22.039,4.007,74.132,0,0,1391732,817208,186984,5494932,6679.910,1622.894,0,120.214,0,9.016,1004,1409,3.270,1.780,0.880,1,0,0,0,0,10,33,6,18,0
27-05 20:54:09,21.211,5.989,71.867,0,0,1328236,880540,186984,5495096,6965.115,1617.009,0,115.786,0,8.983,2406,5058,3.270,1.780,0.880,4,0,60.887,0,0,10,32,6,18,0
27-05 20:54:10,11.777,22.801,63.894,0,0,1329072,879392,186992,5495400,5755.997,1623.666,0,232.525,0,17.038,2911,4352,3.270,1.780,0.880,2,0,420.951,0,0,10,32,6,19,0
27-05 20:54:11,43.642,6.484,49.128,0,0,1475580,732288,187032,5495956,5618.073,1805.524,23.941,1169.102,0.998,10.973,1286,1475,3.270,1.780,0.880,3,0,6.983,0,0,10,32,6,19,0
27-05 20:54:12,40.079,10.020,42.835,9.769,0,1423408,778744,187424,5501108,4239.364,1623.203,292.577,122297.293,17.034,1897.744,10071,17024,3.270,1.780,0.880,2,0,88.174,0,0,10,36,6,19,0
27-05 20:54:13,38.205,6.992,38.704,14.733,0,1503440,695360,188280,5503572,4646.522,1618.092,0,37000.377,0,3612.741,15573,27849,3.170,1.790,0.890,2,1,58.931,0,0,10,36,6,19,0
27-05 20:54:14,44.850,5.763,46.604,2.004,0,1408184,790484,188356,5503628,4135.263,1461.273,0,14793.137,0,884.982,3806,5882,3.170,1.790,0.890,2,0,6.013,0,0,10,32,6,18,0
27-05 20:54:15,41.713,6.494,47.458,3.747,0,1500868,697524,188536,5503724,4505.013,1618.568,0,5766.896,0,1060.062,8270,13374,3.170,1.790,0.890,2,0,2.997,0,0,10,34,6,18,0
27-05 20:54:16,37.979,9.495,47.223,4.747,0,1373100,824584,188824,5504144,41014.786,1619.084,0,12832.737,0,1593.098,10698,17311,3.170,1.790,0.890,1,0,98.944,0,0,10,32,6,18,0
27-05 20:54:17,22.254,5.001,71.264,1.250,0,1443820,753912,188860,5504144,5549.077,1662.322,0,35042.798,0,751.146,2699,3058,3.170,1.790,0.890,1,0,4.001,0,0,10,32,6,18,0
27-05 20:54:18,23.708,2.246,73.370,0.250,0,1390820,806896,188860,5504160,7271.130,1617.138,0,407.279,0,28.949,1060,1423,2.990,1.770,0.890,1,0,0.998,0,0,10,32,6,16,0
27-05 20:54:19,23.805,2.255,72.918,0.501,0,1445724,751960,188892,5504160,11908.389,1697.905,0,2573.920,0,158.364,1415,1950,2.990,1.770,0.890,1,0,2.005,0,0,10,32,6,16,0
27-05 20:54:20,27.688,4.240,67.099,0,0,1405944,791716,188892,5504180,5488.667,1690.202,0,3.991,0,0.998,1507,3913,2.990,1.770,0.890,1,0,34.922,0,0,10,32,6,14,0
27-05 20:54:21,23.270,2.752,73.812,0,0.250,1454832,742828,188892,5504180,4568.838,1513.271,0,0,0,0,843,1039,2.990,1.770,0.890,1,0,2.002,0,0,10,32,6,14,0
27-05 20:54:22,23.524,2.252,73.576,0,0,1415952,781696,188892,5504192,5249.407,1637.687,0,0,0,0,858,1044,2.990,1.770,0.890,1,0,1.001,0,0,10,32,6,11,0
27-05 20:54:23,22.749,3.000,73.748,0,0,1456268,741380,188896,5504188,7468.821,1619.961,0,0,0,0,857,1062,2.830,1.760,0.890,1,0,2.000,0,0,10,32,6,11,0
27-05 20:54:24,21.713,3.993,74.125,0,0,1408776,788816,188896,5504240,5758.292,1659.203,0,0,0,0,861,1103,2.830,1.760,0.890,1,0,0.998,0,0,10,32,6,11,0
27-05 20:54:25,23.743,2.749,73.728,0,0,1460016,737576,188896,5504240,6120.158,1619.513,0,171.948,0,1.999,870,1048,2.830,1.760,0.890,1,0,1.999,0,0,10,32,6,11,0
27-05 20:54:26,23.262,3.502,72.786,0,0,1355936,841476,188908,5504372,5365.656,1620.802,0,456.226,0,36.018,1293,1798,2.830,1.760,0.890,1,0,2.001,0,0,10,32,6,11,0
27-05 20:54:27,22.494,2.999,73.980,0,0,1431888,765524,188908,5504372,5185.610,1693.546,0,0,0,0,886,1171,2.830,1.760,0.890,1,0,3.999,0,0,10,32,6,11,0
27-05 20:54:28,23.798,2.004,74.150,0,0,1362152,835240,188908,5504392,4223.527,1589.209,0,0,0,0,831,1039,2.680,1.750,0.890,1,0,1.002,0,0,10,32,6,11,0
27-05 20:54:29,22.477,2.497,73.923,0,0,1371980,825380,188908,5504424,4960.821,1564.367,0,0,0,0,836,1098,2.680,1.750,0.890,1,0,0.999,0,0,10,32,6,11,0
27-05 20:54:30,22.733,3.248,74.195,0,0,1443264,754064,188908,5504424,4694.498,1618.792,0,0,0,0,882,1185,2.680,1.750,0.890,1,0,1.999,0,0,10,32,6,10,0
27-05 20:54:31,16.246,10.247,72.482,0,0,1346528,850616,188916,5504600,7495.126,1713.572,0,203.949,0,2.999,1836,2569,2.680,1.750,0.890,1,0,184.954,0,0,10,32,6,10,0
27-05 20:54:32,9.512,20.275,69.335,0,0,1348964,848200,188920,5504576,5312.487,1621.980,0,845.032,0,13.016,3283,5219,2.680,1.750,0.890,2,0,505.617,0,0,10,32,6,10,0
27-05 20:54:33,9.254,20.508,69.276,0,0,1348664,848312,188920,5504752,5070.932,1620.617,0,276.105,0,3.001,3015,4619,2.470,1.720,0.890,1,0,440.168,0,0,10,32,6,10,0
27-05 20:54:34,14.732,11.735,72.409,0,0,1389172,807764,188920,5504792,5159.525,1617.969,0,0,0,0,1978,2929,2.470,1.720,0.890,1,0,208.738,0,0,10,32,6,9,0
27-05 20:54:35,22.996,1.500,73.738,0,0,1451028,745920,188920,5504776,8027.651,1585.734,0,0,0,0,910,1145,2.470,1.720,0.890,1,0,2.000,0,0,10,32,6,9,0
27-05 20:54:36,23.247,3.250,73.489,0.250,0,1402328,794588,188932,5504792,5072.244,1619.759,0,479.928,0,36.994,1022,1513,2.470,1.720,0.890,1,0,1.000,0,0,10,32,6,9,0
27-05 20:54:37,22.247,3.000,73.739,0,0,1456276,740660,188932,5504772,5250.212,1565.765,0,1431.785,0,188.972,1131,1223,2.470,1.720,0.890,1,0,3.999,0,0,10,32,5,9,0
27-05 20:54:38,23.512,2.251,73.787,0,0,1410828,786088,188932,5504792,6653.353,1620.817,0,4.002,0,1.001,826,1002,2.350,1.710,0.890,1,0,1.001,0,0,10,32,5,9,0
27-05 20:54:39,23.736,2.499,73.207,0,0,1450072,746820,188932,5504816,9681.298,1619.046,0,15.991,0,0.999,887,1096,2.350,1.710,0.890,1,0,1.999,0,0,10,32,5,9,0
27-05 20:54:40,23.003,2.500,73.758,0,0,1416220,780652,188932,5504836,10900.199,1620.178,0,0,0,0,947,1140,2.350,1.710,0.890,1,0,1.000,0,0,10,32,5,9,0
27-05 20:54:41,23.765,2.001,74.048,0.250,0,1348392,848472,188936,5504836,7412.796,1512.979,0,64.041,0,3.002,896,1083,2.350,1.710,0.890,1,0,3.002,0,0,10,32,5,9,0
27-05 20:54:42,23.237,2.499,73.709,0,0,1425692,771192,188936,5504816,6891.141,1619.093,0,675.622,0,1.999,755,1100,2.350,1.710,0.890,1,0,1.999,0,0,10,32,5,9,0
27-05 20:54:43,23.263,2.001,73.790,0,0,1360872,835988,188936,5504836,5803.139,1620.877,0,20.011,0,1.001,785,1046,2.240,1.690,0.890,1,0,1.001,0,0,10,32,5,9,0
27-05 20:54:44,22.987,2.499,73.958,0,0,1436736,760136,188936,5504824,5121.086,1619.079,0,59.966,0,4.997,872,1133,2.240,1.690,0.890,1,0,1.999,0,0,10,32,5,9,0
27-05 20:54:45,22.987,2.499,73.708,0,0,1376660,820200,188936,5504836,4938.195,1639.069,0,11.993,0,0.999,810,1075,2.240,1.690,0.890,1,0,0.999,0,0,10,32,5,9,0
27-05 20:54:46,23.251,2.250,73.503,0,0,1444704,752160,188952,5504816,42858.586,1694.063,0,480.018,0,35.001,1138,1656,2.240,1.690,0.890,1,0,2.000,0,0,10,32,5,9,0
27-05 20:54:47,23.134,2.985,73.381,0,0,1382624,814212,188952,5504844,7214.696,1611.889,0,23.880,0,0.995,877,1103,2.240,1.690,0.890,3,0,2.985,0,0,10,32,5,9,0
27-05 20:54:48,22.628,3.268,74.170,0,0,1449496,747432,188952,5504752,4051.918,1595.021,0,1053.961,0,66.375,962,1117,2.140,1.680,0.890,1,0,2.011,0,0,10,32,5,9,0
27-05 20:54:49,24.001,1.750,73.753,0,0,1385032,811804,188952,5504844,5121.195,1620.062,0,92.003,0,1.000,835,1041,2.140,1.680,0.890,1,0,1.000,0,0,10,32,5,7,0
27-05 20:54:50,22.250,3.000,73.500,0,0,1405856,790980,188952,5504844,4468.027,1620.010,0,16.000,0,2.000,845,1086,2.140,1.680,0.890,1,0,1.000,0,0,10,32,5,7,0
27-05 20:54:51,23.517,2.252,74.303,0,0,1453504,743352,188952,5504824,5137.632,1621.146,0,20.014,0,1.001,841,1038,2.140,1.680,0.890,2,0,2.001,0,0,10,32,5,6,0
27-05 20:54:52,22.733,2.998,73.446,0,0,1410912,785972,188952,5504848,6241.413,1638.795,0,91.932,0,2.998,817,1028,2.140,1.680,0.890,3,0,0.999,0,0,10,32,5,6,0
27-05 20:54:53,24.001,2.000,73.252,0,0,1424968,771916,188952,5504848,6875.158,1846.042,0,280.006,0,10.000,1015,1281,2.050,1.670,0.890,1,0,2.000,0,0,10,32,6,6,0
27-05 20:54:54,21.540,3.506,73.886,0,0,1345864,851032,188952,5504836,4769.772,1697.121,0,12.022,0,1.002,954,1236,2.050,1.670,0.890,2,0,30.055,0,0,10,32,6,6,0
27-05 20:54:55,13.219,15.963,70.585,0,0,1374948,821904,188956,5504876,8430.298,1508.475,0,95.776,0,7.981,2504,3859,2.050,1.670,0.890,1,0,362.154,0,0,10,32,6,6,0
27-05 20:54:56,24.013,2.752,72.040,1.001,0,1440000,756636,188972,5505076,5911.245,1694.931,0,5535.039,0,307.169,1721,2786,2.050,1.670,0.890,1,0,0,0,0,10,32,6,6,0
27-05 20:54:57,23.001,3.000,73.502,0,0,1405268,791312,188972,5505128,6421.193,1620.049,0,0,0,0,907,1209,2.050,1.670,0.890,1,0,11.000,0,0,10,32,6,6,0
27-05 20:54:58,20.558,7.271,71.703,0,0,1347584,848988,188972,5505136,4169.780,1708.827,0,32.091,0,1.003,1375,2099,1.970,1.660,0.890,1,0,132.374,0,0,10,32,6,6,0
27-05 20:54:59,9.227,20.947,69.825,0,0,1348628,847868,188972,5505212,4588.469,1615.939,0,167.579,0,6.982,3033,4649,1.970,1.660,0.890,1,0,449.869,0,0,10,32,6,6,0
27-05 20:55:00,8.513,22.535,69.106,0,0,1350792,845672,188972,5505244,8990.783,1716.632,0,212.325,0,4.006,3202,4997,1.970,1.660,0.890,1,0,486.746,0,0,10,32,6,6,0
27-05 20:55:01,10.743,21.986,65.458,0,0,1351264,845160,188976,5505272,6376.932,1692.920,0,1403.105,0,17.989,3834,6414,1.970,1.660,0.890,2,0,697.555,0,0,10,32,6,5,0
27-05 20:55:02,8.747,20.994,68.729,0,0,1348708,847668,188976,5505304,7858.595,1619.504,0,1199.633,0,13.996,3135,4911,1.970,1.660,0.890,1,0,487.851,0,0,10,32,6,5,0
27-05 20:55:03,10.009,20.018,69.312,0,0,1349392,846960,188976,5505328,4658.141,1513.345,0,1469.306,0,98.087,3441,5007,2.050,1.680,0.900,2,0,491.437,0,0,10,32,6,5,0
27-05 20:55:04,9.741,19.481,70.183,0,0,1349472,846844,188976,5505364,6721.608,1618.461,0,143.863,0,5.994,2891,4517,2.050,1.680,0.900,1,0,418.602,0,0,10,32,6,5,0
27-05 20:55:05,10.766,22.032,66.597,0,0,1349828,846460,188976,5505392,5393.880,1664.432,0,512.749,0,24.035,3451,5515,2.050,1.680,0.900,2,0,550.805,0,0,10,32,6,7,0
27-05 20:55:06,55.501,25.000,18.250,0,0.250,1468596,727656,189032,5505372,5809.110,1620.031,0,1020.019,0,62.001,3442,6641,2.050,1.680,0.900,4,0,716.014,0,0,10,32,6,11,0
27-05 20:55:07,74.998,20.249,4.250,0.500,0,1632012,548748,190224,5515632,5262.853,1619.955,4183.883,5315.851,24.999,345.990,9752,6750,2.050,1.680,0.900,5,1,225.994,0,0,10,34,6,9,0
27-05 20:55:08,59.494,13.499,19.248,7.999,0,1608128,561364,191112,5525384,6663.374,1693.841,0,66977.704,0,5130.518,22246,36766,2.210,1.720,0.920,6,0,154.985,0,0,10,36,6,11,0
27-05 20:55:09,64.254,14.251,12.251,10.751,0,1656840,501216,191536,5535980,5587.324,1532.089,0,92189.347,0,6618.384,22202,41037,2.210,1.720,0.920,9,0,127.007,0,0,10,36,6,11,0
27-05 20:55:10,60.250,16.500,17.500,6.750,0,1610440,538196,191928,5544732,5773.983,1661.995,0,62743.812,0,5067.985,21160,36960,2.210,1.720,0.920,5,0,205.999,0,0,10,36,6,11,0
27-05 20:55:11,64.727,17.494,9.497,7.247,0,1575712,562532,192376,5554344,5356.061,1619.414,0,72201.863,0,5271.092,17410,35338,2.210,1.720,0.920,4,1,221.920,0,0,10,34,6,9,0
27-05 20:55:12,54.256,9.251,29.503,7.251,0,1561424,572076,192836,5558340,6758.757,1620.181,0,52481.878,0,4105.460,15486,34394,2.210,1.720,0.920,2,1,68.008,0,0,10,35,6,10,0
27-05 20:55:13,36.261,8.753,42.263,11.253,0,1545692,584516,193140,5561152,4489.392,1620.502,0,45378.067,0,4179.296,16554,29952,2.190,1.730,0.930,3,0,48.015,0,0,10,34,6,11,0
27-05 20:55:14,38.749,8.250,41.749,10.000,0,1558520,570668,193296,5561968,5298.894,1619.968,0,44835.103,0,3967.921,18270,34935,2.190,1.730,0.930,4,0,32.999,0,0,10,35,6,11,0
27-05 20:55:15,35.750,8.500,43.000,10.750,0,1530176,597436,193512,5563240,6384.987,1619.997,0,47435.905,0,4197.992,19688,33902,2.190,1.730,0.930,2,0,95.000,0,0,10,34,6,14,0
27-05 20:55:16,41.994,8.749,39.495,10.499,0,1563996,560644,193664,5565992,43413.269,1693.776,0,31451.848,0,3368.555,16869,28315,2.190,1.730,0.930,3,1,38.995,0,0,10,35,6,15,0
27-05 20:55:17,37.242,11.747,42.741,9.248,0,1505200,616436,193804,5568792,5431.800,1457.678,0,45385.970,0,3876.143,19136,34800,2.190,1.730,0.930,3,0,64.986,0,0,10,34,6,17,0
27-05 20:55:18,38.459,8.241,41.955,10.988,0,1557132,560016,194064,5572972,5728.882,1660.227,0,56671.475,0,4835.835,14692,34841,2.330,1.760,0.940,6,0,50.946,0,0,10,37,6,17,0
27-05 20:55:19,36.548,8.762,44.809,9.012,0,1559132,553996,194260,5576584,5570.342,1622.138,0,50150.098,0,4423.831,22536,40422,2.330,1.760,0.940,3,0,90.119,0,0,10,37,6,21,0
27-05 20:55:20,37.986,10.246,38.236,9.496,0,1546956,566204,194348,5576368,5461.946,1619.391,0,44791.159,0,3908.530,16563,35063,2.330,1.760,0.940,2,1,109.959,0,0,10,36,6,22,0
27-05 20:55:21,39.747,7.249,43.247,9.749,0,1509600,606612,194412,5573228,4251.698,1619.885,0,46724.683,0,3742.734,15486,29109,2.330,1.760,0.940,2,0,22.998,0,0,10,34,6,23,0
27-05 20:55:22,35.173,14.219,49.641,0,0,1447104,668976,194412,5573360,5858.182,1616.463,0,1213.345,0,72.841,2205,2952,2.330,1.760,0.940,1,0,240.474,0,0,10,32,6,22,0
27-05 20:55:23,19.796,7.016,71.917,0.501,0,1413500,702520,194424,5573408,6967.164,1623.767,0,5404.539,0,336.781,2463,4081,2.310,1.770,0.950,1,0,60.140,0,0,10,32,6,22,0
27-05 20:55:24,23.219,3.495,72.904,0.250,0,1448416,667600,194424,5573408,4651.864,1583.911,0,2736.391,0,221.708,2112,3315,2.310,1.770,0.950,1,0,0,0,0,10,33,6,22,0
27-05 20:55:25,21.485,4.747,72.949,0,0,1423016,692836,194424,5573568,6235.660,1564.911,0,0,0,0,1577,2730,2.310,1.770,0.950,1,0,42.970,0,0,10,32,6,22,0
27-05 20:55:26,23.505,3.501,72.514,0.250,0,1375600,740224,194424,5573596,7157.403,1694.332,0,268.053,0,27.005,1951,4176,2.310,1.770,0.950,1,0,10.002,0,0,10,32,6,22,0
27-05 20:55:27,9.758,21.767,68.053,0.500,0,1382784,732932,194424,5573704,5958.678,1695.331,0,164.129,0,9.007,2433,3262,2.310,1.770,0.950,1,0,314.247,0,0,10,32,6,22,0
27-05 20:55:28,9.252,21.505,68.515,0,0,1383008,732648,194424,5573764,5483.212,1620.358,0,860.190,0,10.002,2492,3382,2.200,1.750,0.950,2,0,311.069,0,0,10,32,6,22,0
27-05 20:55:29,53.324,17.524,28.540,0.501,0.250,1539984,575264,194444,5574152,4588.392,1696.363,0,953.328,0,62.086,2727,3861,2.200,1.750,0.950,3,0,246.343,0,0,10,32,6,28,0
27-05 20:55:30,64.486,10.498,23.995,0,0,1705936,406716,194488,5576452,6160.682,1619.653,0,811.826,0,27.994,1645,1919,2.200,1.750,0.950,3,0,0,0,0,10,32,6,28,0
27-05 20:55:31,48.224,7.746,34.981,7.996,0,1769568,333184,194624,5585732,4627.552,1605.151,0,35928.994,0,2811.513,13844,23110,2.200,1.750,0.950,1,0,113.940,0,0,10,38,6,28,0
27-05 20:55:32,27.496,8.999,44.993,16.247,0,1770960,318852,194892,5597984,6740.908,1619.738,0,107322.614,0,7909.719,27566,53036,2.200,1.750,0.950,2,2,245.960,0,0,10,38,6,28,0
27-05 20:55:33,38.520,11.006,37.270,15.258,0,1643396,436144,195064,5607816,3647.926,1640.866,0,71369.683,0,5438.872,21226,40173,2.030,1.730,0.950,5,2,188.099,0,0,10,36,6,28,0
27-05 20:55:34,44.751,10.500,31.751,14.750,0,1701896,367388,195184,5617644,7329.161,1694.037,0,76385.680,0,5866.129,21465,39836,2.030,1.730,0.950,6,0,176.004,0,0,10,36,6,28,0
27-05 20:55:35,45.526,8.505,30.767,14.258,0,1765552,293076,195300,5627860,6890.907,1694.961,0,85856.681,0,6229.532,20649,39754,2.030,1.730,0.950,3,1,51.029,0,0,10,38,6,28,0
27-05 20:55:36,33.483,9.745,40.229,15.492,0,1648620,398112,195356,5639112,5602.126,1619.169,0,82601.625,0,6237.800,25174,42910,2.030,1.730,0.950,1,2,98.949,0,0,10,36,6,28,0
27-05 20:55:37,33.237,6.248,51.979,6.747,0,1381260,663616,195404,5640880,6603.392,1693.331,0,29860.205,0,2242.114,10670,16510,2.030,1.730,0.950,3,1,104.959,0,0,10,32,6,28,0
27-05 20:55:38,19.209,8.482,71.596,0.998,0,1435224,609508,195408,5641000,8610.505,1508.759,0,6785.425,0,293.370,2669,3844,1.940,1.710,0.950,1,1,164.646,0,0,10,32,6,28,0
27-05 20:55:39,22.983,2.998,72.446,0.250,0,1493260,551408,195408,5641028,6755.987,1618.799,0,4580.601,0,75.944,1160,1466,1.940,1.710,0.950,2,3,0,0,0,10,32,6,28,0
27-05 20:55:40,23.794,2.254,71.883,1.002,0,1388368,656292,195408,5641028,4937.158,1623.011,0,5341.909,0,407.756,1993,2798,1.940,1.710,0.950,1,0,13.024,0,0,10,32,6,28,0
27-05 20:55:41,20.483,4.746,73.937,0,0,1453124,591528,195408,5641036,5215.556,1712.541,0,0,0,0,982,1259,1.940,1.710,0.950,1,0,14.987,0,0,10,32,6,28,0
27-05 20:55:42,24.793,2.504,72.625,0.250,0,1509060,535584,195408,5641044,5009.652,1622.803,0,1009.744,0,61.106,1319,1948,1.940,1.710,0.950,1,2,0,0,0,10,34,6,28,0
27-05 20:55:43,17.762,20.514,58.789,0.751,0,1392312,652328,195412,5641044,4465.979,1621.081,0,6408.274,0,329.220,4180,6865,1.870,1.700,0.950,3,0,671.448,0,0,10,32,6,28,0
27-05 20:55:44,13.749,40.498,44.248,0.250,0,1394180,650360,195420,5641112,6578.678,1619.921,0,4139.797,0,227.989,5804,9904,1.870,1.700,0.950,2,1,1184.942,0,0,10,32,6,28,0
27-05 20:55:45,6.483,14.712,77.551,0.499,0,1395528,648944,195420,5641180,7224.419,1615.844,0,339.128,0,29.923,2167,3227,1.870,1.700,0.950,2,0,244.371,0,0,10,32,6,28,0
27-05 20:55:46,6.761,14.022,78.626,0,0,1380916,663008,195424,5641704,41906.218,1556.497,516.829,112.180,7.011,4.006,2209,2783,1.870,1.700,0.950,1,0,161.259,0,0,11,12,6,28,20
27-05 20:55:47,10.505,20.009,69.781,0,0,1383468,660404,195424,5641728,6830.053,1620.724,0,16.007,0,4.002,2392,3373,1.870,1.700,0.950,2,0,256.114,0,0,11,12,6,28,20
27-05 20:55:48,12.723,18.959,66.358,0,0,1385148,658488,195424,5642240,5743.686,1616.534,0,15.966,0,3.991,3842,6135,1.800,1.690,0.950,4,0,192.587,0,0,11,12,6,28,20
27-05 20:55:49,28.062,20.044,51.613,0,0,1420064,623016,195428,5642404,5860.859,1643.606,32.070,0,1.002,0,3540,6437,1.800,1.690,0.950,4,0,306.673,0,0,11,12,6,28,20
27-05 20:55:50,10.492,21.484,66.449,0,0,1429344,613420,195428,5642660,6004.431,1692.712,0,59.954,0,9.992,2519,3683,1.800,1.690,0.950,1,0,267.796,0,0,13,12,6,28,20
27-05 20:55:51,22.275,16.769,60.567,0,0,1444968,597732,195428,5642688,4771.272,1621.792,0,292.323,0,8.009,4933,7989,1.800,1.690,0.950,2,0,172.190,0,0,13,12,6,28,20
27-05 20:55:52,22.252,20.502,55.755,0,0,1484060,558308,195432,5642928,4402.392,1620.144,4.000,564.050,1.000,34.003,3060,5037,1.800,1.690,0.950,1,0,356.032,0,0,15,12,6,28,20
27-05 20:55:53,12.719,18.954,67.336,0,0,1491032,551256,195432,5643348,4710.497,1508.317,0,91.776,0,8.978,3469,5923,1.810,1.690,0.950,1,0,209.488,0,0,15,12,6,28,20
27-05 20:55:54,32.807,13.023,53.092,0.250,0,1539756,502560,195432,5642980,5950.300,1622.809,0,1354.344,0,88.153,3975,5972,1.810,1.690,0.950,2,0,116.201,0,0,15,12,6,28,20
27-05 20:55:55,83.052,13.008,3.502,0,0,1740128,302012,195456,5643088,7167.494,1621.016,0,2017.265,0,178.112,2219,2177,1.810,1.690,0.950,13,0,17.011,0,0,17,12,6,28,20
27-05 20:55:56,85.525,14.754,0,0,0,1973460,123352,193504,5590888,8127.422,1694.505,652.194,8.002,15.004,2.001,2166,2942,1.810,1.690,0.950,12,0,34.010,0,0,17,12,6,28,20
27-05 20:55:57,36.197,18.473,43.686,0.250,0,1996988,168476,193112,5522996,5063.632,1691.539,1829.338,4701.160,30.955,233.660,3115,4329,1.810,1.690,0.950,2,0,216.685,0,0,17,12,6,28,20
27-05 20:55:58,9.242,19.983,68.192,0.749,0,1999588,164008,193112,5524864,7155.925,1564.672,1846.432,515.562,84.928,8.992,2803,4178,1.670,1.670,0.950,3,0,261.778,0,0,17,12,6,28,20
27-05 20:55:59,18.509,17.008,62.530,0.500,0,2004296,157168,193116,5527000,5416.562,1620.767,2004.948,12.006,50.024,3.001,4857,7715,1.670,1.670,0.950,2,0,194.092,0,0,17,12,6,28,20
27-05 20:56:00,23.477,8.991,65.685,0.250,0,2032616,127820,193120,5528004,5465.578,1510.502,2301.717,3.996,75.925,0.999,1953,3019,1.670,1.670,0.950,3,0,119.881,0,0,18,12,6,28,20
27-05 20:56:01,14.524,8.765,75.375,0.250,0,2077044,125856,192980,5485960,4884.083,1622.686,136.225,3057.059,8.013,284.471,2272,2879,1.670,1.670,0.950,1,0,91.151,0,0,18,12,6,29,20
27-05 20:56:02,24.216,3.994,70.901,0.749,0,2109840,125108,192952,5454452,5224.717,1617.745,1006.597,527.265,24.965,27.961,2138,3612,1.670,1.670,0.950,3,0,0,0,0,18,19,6,31,10
27-05 20:56:03,15.532,13.528,68.640,0.501,0,2075600,176528,192688,5437852,4876.915,1623.300,597.214,1547.145,13.026,227.462,3767,6221,1.700,1.670,0.950,1,0,319.650,0,0,18,18,6,35,0
27-05 20:56:04,9.253,18.256,70.773,0.250,0,2086192,165200,192688,5438588,6350.076,1620.530,612.200,44.014,21.007,5.002,3120,4833,1.700,1.670,0.950,2,0,345.113,0,0,18,18,6,35,0
27-05 20:56:05,10.993,19.237,68.454,0,0.250,2084020,166920,192688,5439040,5558.248,1638.894,191.870,39.973,1.999,9.993,3235,5241,1.700,1.670,0.950,1,0,400.730,0,0,18,18,6,35,0
27-05 20:56:06,28.271,15.262,54.291,0.500,0.250,2119200,129224,192692,5441860,5805.400,1621.229,2642.003,4.003,71.054,1.001,4771,10202,1.700,1.670,0.950,2,0,203.154,0,0,18,19,6,35,0
27-05 20:56:07,44.657,6.736,47.651,0.499,0,2213552,123176,191884,5356132,4473.668,1508.853,43.908,2015.795,1.996,250.478,1913,2080,1.700,1.670,0.950,5,0,0,0,0,18,19,5,29,0
27-05 20:56:08,48.813,6.008,44.808,0.250,0,2293172,134880,190392,5268444,4992.485,1622.107,2210.872,5899.664,100.130,342.445,3929,9436,1.720,1.680,0.960,2,0,9.012,0,0,18,35,5,29,0
27-05 20:56:09,37.224,8.994,52.713,0,0,2330420,129784,189508,5237440,5077.431,1618.862,415.708,1602.873,42.970,173.878,2371,3159,1.720,1.680,0.960,1,1,65.954,0,0,18,34,5,28,0
27-05 20:56:10,14.482,14.232,70.162,0.499,0,2347572,141676,189092,5209420,8274.615,1659.917,994.752,135.830,35.955,12.984,2603,3942,1.720,1.680,0.960,1,0,191.759,0,0,18,34,5,28,0
27-05 20:56:11,6.498,1.000,91.469,0,0,2353052,136132,189104,5209472,37043.516,3602.786,63.978,95.968,5.998,4.998,1175,1850,1.720,1.680,0.960,1,0,1.999,0,0,18,35,5,28,0
27-05 20:56:12,3.007,2.255,93.979,0,0,2384440,134672,188688,5180648,145111.783,4998.186,0,252.616,0,9.022,1212,1882,1.720,1.680,0.960,0,2,0,0,0,18,35,5,28,0
27-05 20:56:13,16.252,8.501,70.758,3.000,0,2414608,129024,188220,5157184,14398.670,1896.220,5156.598,5096.591,198.023,338.039,3362,5042,1.660,1.670,0.960,1,1,62.007,0,0,18,34,5,27,0
27-05 20:56:14,16.470,9.233,69.871,2.745,0,2433996,147988,187712,5121504,5790.300,1509.211,3066.333,4643.419,559.965,136.747,3153,3816,1.660,1.670,0.960,1,0,30.943,0,0,18,34,5,27,0
27-05 20:56:15,16.280,10.770,71.630,0.250,0,2443740,136964,187808,5121712,5327.702,1697.090,152.277,4.007,8.015,1.002,1908,2618,1.660,1.670,0.960,1,0,44.080,0,0,18,34,5,25,0
27-05 20:56:16,16.715,10.977,72.099,0,0,2441420,138848,187820,5121944,42861.420,1774.292,135.716,0,9.979,0,2049,2567,1.660,1.670,0.960,1,0,67.858,0,0,18,34,5,25,0
27-05 20:56:17,23.528,3.755,72.337,0,0,2457164,122760,187836,5122224,5208.260,1621.950,396.477,0,11.013,0,1408,1935,1.660,1.670,0.960,2,0,14.017,0,0,18,34,5,23,0
27-05 20:56:18,16.230,10.986,71.410,0.499,0,2391796,235692,187844,5075320,5453.118,1733.812,115.854,3.995,7.990,0.999,2018,2929,1.530,1.640,0.950,1,0,94.880,0,0,18,34,5,23,0
27-05 20:56:19,13.002,14.752,70.012,0.750,0,2395760,228172,188156,5078608,6653.104,1620.269,3784.628,300.050,128.021,8.001,2601,3925,1.530,1.640,0.950,3,0,210.035,0,0,18,34,5,21,0
27-05 20:56:20,17.496,13.247,68.236,0.500,0,2364436,256948,188204,5080968,6260.692,1511.684,2251.529,0,102.978,0,3440,16844,1.530,1.640,0.950,0,0,123.974,0,0,18,34,5,22,0
27-05 20:56:21,1.750,1.000,96.241,0,0,2364372,256948,188204,5081092,20934.116,1565.859,0,7.999,0,2.000,1001,1691,1.530,1.640,0.950,1,0,3.000,0,0,18,34,5,17,0
27-05 20:56:22,1.750,0.500,96.507,0,0,2364332,256948,188204,5081132,5306.382,1694.122,40.003,0,1.000,0,981,1714,1.530,1.640,0.950,0,0,2.000,0,0,18,34,5,17,0
27-05 20:56:23,1.001,0.501,96.361,0,0,2364328,256948,188204,5081136,5336.147,1621.868,0,0,0,0,1023,1813,1.410,1.610,0.950,1,0,2.002,0,0,18,34,5,16,0
27-05 20:56:24,4.004,3.253,92.088,0,0,2314920,306224,188208,5081260,7830.502,1621.553,4.004,104.100,1.001,3.003,1440,2438,1.410,1.610,0.950,1,0,48.046,0,0,18,34,5,16,0
27-05 20:56:25,15.472,19.215,63.384,0,0,2325196,295712,188212,5081536,6008.980,1617.034,59.890,15.971,5.989,1.996,5605,9221,1.410,1.610,0.950,2,0,232.573,0,0,18,34,5,16,0
27-05 20:56:26,10.751,16.752,71.509,0,0,2380664,240248,188212,5081448,5292.651,1620.199,4.000,4.000,1.000,1.000,2975,4694,1.410,1.610,0.950,1,0,256.031,0,0,19,34,5,16,0
27-05 20:56:27,21.270,20.019,58.305,0,0,2385572,233828,188220,5083000,4784.473,1859.739,1341.254,12.011,37.035,3.003,5988,12367,1.410,1.610,0.950,0,0,226.212,0,0,19,34,5,16,0
27-05 20:56:28,4.740,4.989,88.561,0.249,0,2386744,232680,188228,5082956,5377.546,1454.901,7.983,255.456,1.996,11.974,1641,2841,1.450,1.620,0.950,2,0,103.779,0,0,19,34,5,16,0
27-05 20:56:29,16.519,17.770,64.322,0,0,2393368,225916,188228,5083368,5448.124,1621.823,0,16.018,0,3.003,5227,8887,1.450,1.620,0.950,1,0,210.236,0,0,21,34,5,10,0
27-05 20:56:30,10.251,17.252,70.257,0.250,0,2394020,224576,188228,5083672,7553.763,1694.171,772.078,60.006,10.001,10.001,3274,4854,1.450,1.620,0.950,1,0,252.025,0,0,21,36,5,11,0
27-05 20:56:31,10.763,18.523,69.086,0,0.250,2393616,224360,188228,5084748,5213.491,1790.229,568.708,36.045,5.006,9.011,3771,7725,1.450,1.620,0.950,0,0,388.484,0,0,21,36,5,11,0
27-05 20:56:32,25.524,18.267,54.050,0,0,2422180,195752,188260,5084384,7127.657,1621.514,124.116,56.052,9.008,6.006,5254,8816,1.450,1.620,0.950,3,0,379.354,0,0,21,36,5,11,0
27-05 20:56:33,35.678,11.477,51.895,0,0,2475624,141928,188264,5084740,12046.654,1616.733,3.992,271.451,0.998,9.980,5280,10043,1.500,1.620,0.960,1,0,89.818,0,0,21,36,5,11,0
27-05 20:56:34,25.992,5.498,66.728,0.250,0,2531448,136768,187384,5036756,6202.978,1619.472,199.935,6525.873,9.997,583.810,3062,3845,1.500,1.620,0.960,1,0,9.997,0,0,21,44,5,15,0
27-05 20:56:35,23.000,5.750,71.000,0,0,2583108,133016,186976,4990152,5509.039,1512.011,4.000,0,1.000,0,1428,2030,1.500,1.620,0.960,1,0,6.000,0,0,21,44,5,15,0
27-05 20:56:36,13.759,3.252,82.802,0,0,2604488,131504,186944,4970924,4698.956,1566.986,4.003,0,1.001,0,1604,3692,1.500,1.620,0.960,1,0,3.002,0,0,21,44,5,15,0
27-05 20:56:37,2.498,3.497,92.169,0.250,0,2544180,190904,186948,4971828,6779.075,1708.507,887.225,0,30.973,0,1437,2358,1.500,1.620,0.960,1,0,28.975,0,0,21,44,5,15,0
27-05 20:56:38,19.297,17.543,62.152,0,0,2613812,121100,186948,4972084,5669.886,1623.977,112.275,513.257,10.025,9.022,4384,10510,1.780,1.680,0.980,1,0,251.616,0,0,21,42,5,15,0
27-05 20:56:39,15.721,14.224,66.378,1.497,0,2602564,139276,186680,4965692,8469.467,1690.899,11.978,49800.666,2.995,408.251,5843,9548,1.780,1.680,0.980,1,0,227.583,0,0,21,42,5,15,0
27-05 20:56:40,21.292,16.533,60.621,0,0,2609416,132036,186680,4965844,6233.423,1623.235,488.975,8.016,27.054,2.004,6402,11328,1.780,1.680,0.980,2,0,344.687,0,0,21,36,5,15,0
27-05 20:56:41,17.206,11.471,69.073,0,0,2611952,132752,186404,4962892,5605.638,1615.860,0,1571.973,0,261.330,5312,9819,1.780,1.680,0.980,0,0,128.670,0,0,21,44,5,15,0
27-05 20:56:42,22.034,11.017,66.853,0,0,2399352,345176,186404,4963068,5139.921,1514.334,80.123,276.426,3.005,3.005,2161,4032,1.780,1.680,0.980,3,0,256.395,0,0,21,36,5,19,0
27-05 20:56:43,30.250,22.750,46.500,0.250,0.250,2471924,271112,186404,4964560,5625.983,1565.995,1555.995,8.000,25.000,2.000,3290,5393,1.720,1.670,0.980,2,0,401.999,0,0,21,36,5,19,0
27-05 20:56:44,39.775,18.261,41.526,0,0,2549796,192752,186404,4965320,6572.094,1621.010,0,24.015,0,6.004,5322,11849,1.720,1.670,0.980,2,0,255.159,0,0,21,44,5,23,0
27-05 20:56:45,45.925,15.225,37.938,0.250,0,2650808,119948,185692,4938196,6493.364,1617.351,31.948,3410.414,2.995,301.506,3672,6676,1.720,1.670,0.980,2,0,206.661,0,0,21,44,5,23,0
27-05 20:56:46,34.500,7.000,59.500,0,0,2728732,126276,185724,4855316,42869.700,1693.988,0,0,0,0,2114,3869,1.720,1.670,0.980,1,0,4.000,0,0,21,44,5,23,0
27-05 20:56:47,23.735,3.248,70.956,0.500,0,2755228,135448,186644,4819348,4926.921,1708.932,1159.275,0,76.952,0,1453,2316,1.720,1.670,0.980,1,0,4.997,0,0,21,46,5,23,0
27-05 20:56:48,25.698,5.988,53.392,12.724,0,2753644,124112,186676,4832280,4108.684,1616.728,0,25719.943,0,2214.518,13558,22548,1.820,1.690,0.990,3,1,5.988,0,0,21,46,5,23,0
27-05 20:56:49,25.613,8.789,54.741,8.789,0,2777392,123028,186768,4809852,5272.166,1518.673,44.194,24809.011,5.022,2142.414,11937,20413,1.820,1.690,0.990,4,0,8.035,0,0,22,46,5,25,0
27-05 20:56:50,30.923,23.193,44.889,0.748,0,2890772,129472,186276,4692984,6139.779,1615.994,75.812,7752.781,15.960,429.934,8294,16396,1.820,1.690,0.990,2,0,383.050,0,0,22,71,5,34,0
27-05 20:56:51,10.520,19.536,67.375,0,0,2900728,119172,186276,4693328,5620.460,1610.998,0,637.186,0,34.063,2887,4345,1.820,1.690,0.990,3,0,259.483,0,0,22,71,5,34,0
27-05 20:56:52,14.745,18.494,64.729,0,0,2904464,122828,186264,4686352,6451.897,1619.472,0,387.874,0,21.993,4452,6545,1.820,1.690,0.990,0,0,192.937,0,0,22,71,5,34,0
27-05 20:56:53,40.034,14.512,44.788,1.001,0,2982180,126856,186272,4606432,5781.851,1621.360,1112.934,5544.652,25.021,479.402,3650,4873,1.750,1.680,0.990,2,0,155.130,0,0,22,72,5,34,0
27-05 20:56:54,35.437,11.979,51.409,0.499,0,3056324,118868,186296,4541776,8074.724,1659.067,183.675,563.005,11.979,34.938,2650,4486,1.750,1.680,0.990,0,0,55.901,0,0,22,75,5,34,0
27-05 20:56:55,9.744,18.488,69.955,0.500,0,3053436,125012,186296,4538700,7170.411,1618.964,0,2550.368,0,245.843,3171,4249,1.750,1.680,0.990,3,0,248.841,0,0,22,75,5,34,0
27-05 20:56:56,9.269,19.790,69.390,0,0,3059052,125568,186296,4532528,5670.471,1589.215,0,100.203,0,7.014,2831,4346,1.750,1.680,0.990,1,0,255.517,0,0,22,75,5,34,0
27-05 20:56:57,13.473,22.455,63.374,0,0,3056824,176228,186296,4485232,10977.166,1780.459,0,155.690,0,13.972,2985,4622,1.750,1.680,0.990,1,0,300.402,0,0,22,75,5,34,0
27-05 20:56:58,10.258,19.516,69.057,0,0,3067356,165908,186296,4485172,7255.943,1621.328,0,0,0,0,3052,4849,1.690,1.670,1,1,0,252.207,0,0,22,75,5,34,0
27-05 20:56:59,11.256,19.761,67.537,0,0,3074500,157860,186296,4486076,6576.637,1640.907,876.485,128.071,12.007,11.006,3278,5118,1.690,1.670,1,2,0,297.164,0,0,22,77,5,34,0
27-05 20:57:00,21.003,20.503,56.009,0,0,3093220,138912,186296,4486332,5192.862,1620.269,48.008,512.085,2.000,52.009,5765,10598,1.690,1.670,1,5,0,187.031,0,0,22,91,5,35,0
27-05 20:57:01,28.779,23.774,47.548,0,0,3143788,122736,186296,4452604,5567.595,1621.630,0,116.117,0,8.008,3063,4979,1.690,1.670,1,2,0,333.335,0,0,22,91,5,35,0
27-05 20:57:02,30.236,23.489,44.229,0.250,0,3176204,137812,186316,4406008,4087.099,1693.213,15.993,331.846,3.998,16.992,3634,6187,1.690,1.670,1,2,0,357.834,0,0,22,94,5,34,0
27-05 20:57:03,31.256,21.254,46.758,0,0,3256924,140420,186328,4323696,5319.936,1660.292,20.004,388.068,2.000,34.006,6931,14397,2.040,1.740,1.020,3,0,179.032,0,0,24,103,5,34,0
27-05 20:57:04,50.998,26.999,21.249,0.500,0,3357272,128284,186252,4237024,6685.739,1619.937,135.995,6379.751,33.999,518.980,4929,7949,2.040,1.740,1.020,5,0,648.975,0,0,24,107,5,28,0
27-05 20:57:05,59.388,20.711,18.964,0,0,3450600,120580,186228,4152936,6121.443,1690.808,7.985,255.518,1.996,11.977,8476,15162,2.040,1.740,1.020,8,0,254.519,0,0,24,109,5,28,0
27-05 20:57:06,42.532,25.019,30.523,0,0,3538044,126308,186228,4061980,6249.631,1621.201,0,6304.672,0,509.377,5171,7707,2.040,1.740,1.020,4,0,502.372,0,0,24,123,5,28,0
27-05 20:57:07,22.468,20.721,55.173,0,0,3573012,126644,186232,4027320,4847.199,1563.806,0,503.294,0,24.965,3212,5018,2.040,1.740,1.020,2,0,321.549,0,0,25,123,5,28,0
27-05 20:57:08,17.036,18.289,63.384,0,0,3580428,128692,186232,4018480,5222.066,1623.440,745.580,452.960,129.274,30.064,4551,6849,1.950,1.730,1.020,3,0,211.448,0,0,25,123,5,28,0
27-05 20:57:09,27.505,20.504,51.010,0.250,0,3621868,129376,186232,3976872,11052.111,1694.324,24.005,760.145,2.000,42.008,3991,7051,1.950,1.730,1.020,2,0,307.059,0,0,25,123,5,28,0
27-05 20:57:10,32.754,23.003,41.505,0.750,0,3686524,134532,186232,3909076,8659.126,1512.197,4.001,3280.426,1.000,359.047,4751,7963,1.950,1.730,1.020,3,0,398.052,0,0,25,128,5,27,0
27-05 20:57:11,38.769,22.761,36.268,0,0,3757648,128200,186212,3844852,4805.321,1736.839,272.131,288.139,11.005,17.008,6067,14450,1.950,1.730,1.020,2,0,280.135,0,0,25,139,5,27,0
27-05 20:57:12,31.018,25.515,42.775,0.250,0,3820504,130668,186196,3780012,4798.798,1620.945,272.159,4538.646,10.006,372.217,4332,6383,1.950,1.730,1.020,2,0,491.286,0,0,25,139,5,27,0
27-05 20:57:13,24.941,23.195,50.131,0.499,0,3893304,125740,186184,3712768,4973.154,1616.150,83.800,2925.033,5.986,367.126,6381,11982,1.880,1.720,1.020,3,0,417.007,0,0,25,151,5,27,0
27-05 20:57:14,10.737,21.474,66.420,0.250,0,3895928,122984,186184,3712972,4810.233,1618.060,0,715.143,0,48.941,3245,5127,1.880,1.720,1.020,2,0,266.680,0,0,25,151,5,26,0
27-05 20:57:15,16.003,19.754,62.262,0,0,3895896,127524,186184,3708792,6924.343,1620.314,0,188.036,0,13.003,4928,9781,1.880,1.720,1.020,1,0,186.036,0,0,25,151,5,26,0
27-05 20:57:16,36.112,13.200,48.315,0.996,0,3964164,134404,186168,3634076,43258.795,1560.042,2590.108,3925.010,104.601,339.703,3891,4657,1.880,1.720,1.020,6,0,116.555,0,0,25,151,5,26,0
27-05 20:57:17,45.508,7.040,45.257,0.754,0,4075532,127352,186112,3530212,6726.151,1637.287,872.951,426.419,59.337,62.354,2071,2687,1.880,1.720,1.020,2,0,0,0,0,25,151,5,26,0
27-05 20:57:18,36.484,7.747,54.725,0.250,0,4032016,234860,186072,3466236,4754.860,1619.271,163.926,439.802,13.994,35.984,2727,4368,1.890,1.720,1.030,5,0,73.967,0,0,25,158,5,26,0
27-05 20:57:19,39.043,25.365,33.821,0,0,4105000,165220,186076,3462936,7210.747,1611.451,11.937,354.121,2.984,20.889,5154,13252,1.890,1.720,1.030,6,0,628.665,0,0,25,159,5,26,0
27-05 20:57:20,47.022,20.871,30.678,0.503,0,4114000,175688,186060,3443764,6002.786,1703.874,3922.732,579.357,94.548,37.216,7504,19387,1.890,1.720,1.030,2,0,348.017,0,0,25,171,5,26,0
27-05 20:57:21,71.971,20.172,7.222,0.249,0,4224012,130392,186000,3380212,4856.192,1613.750,426.349,398.457,18.927,20.919,3344,6090,1.890,1.720,1.030,6,0,176.317,0,0,25,178,5,26,0
27-05 20:57:22,78.104,16.826,4.018,1.256,0,4319712,129664,185936,3287300,5326.170,1627.385,3580.247,14385.280,132.602,557.530,4705,9407,1.890,1.720,1.030,4,0,65.296,0,0,25,192,5,27,0
27-05 20:57:23,66.235,18.496,9.248,3.249,0,4357300,135220,185952,3244420,5903.642,1619.627,4814.893,1963.548,419.903,114.974,5594,15966,2.060,1.760,1.040,3,0,143.967,0,0,25,193,5,32,0
27-05 20:57:24,45.018,28.511,26.010,0.750,0,4313960,179884,185952,3243192,11825.742,1458.585,460.185,1048.420,36.014,70.028,6310,13811,2.060,1.760,1.040,3,0,539.216,0,0,25,193,5,32,0
27-05 20:57:25,50.998,24.249,23.999,0,0,4366880,135248,185936,3234924,6601.736,1619.935,635.975,383.985,20.999,12.999,9707,50452,2.060,1.760,1.040,3,0,232.991,0,0,25,193,5,32,0
27-05 20:57:26,55.750,22.250,21.750,0,0,4408292,120072,185924,3209368,5766.023,1620.006,208.001,692.003,13.000,55.000,4222,10565,2.060,1.760,1.040,18,0,509.002,0,0,25,197,5,32,0
27-05 20:57:27,60.992,21.997,14.748,0.500,0,4484324,137552,185848,3116184,6955.054,1693.770,1103.850,22228.977,66.991,755.897,8089,17783,2.060,1.760,1.040,5,0,236.968,0,0,25,203,5,34,0
27-05 20:57:28,49.901,28.054,20.854,0.248,0,4523528,129456,185828,3085896,5281.054,1608.745,321.749,4703.097,21.847,278.055,5839,11750,2.210,1.800,1.060,23,2,451.839,0,0,25,201,5,34,0
27-05 20:57:29,62.530,20.090,16.825,0.502,0,4582092,131656,185780,3026468,5145.060,1627.294,462.071,7702.523,36.162,851.818,8643,18811,2.210,1.800,1.060,9,0,219.986,0,0,25,209,5,39,0
27-05 20:57:30,67.225,12.793,19.315,0,0,4688048,124512,185656,2930032,5102.051,1625.432,96.322,373.247,5.017,25.084,2415,3583,2.210,1.800,1.060,4,0,11.037,0,0,25,212,5,41,0
27-05 20:57:31,69.185,10.990,18.982,0.500,0,4709704,177524,185616,2857376,6444.903,3230.944,1462.616,895.153,104.901,66.937,7222,14024,2.210,1.800,1.060,3,0,7.992,0,0,25,225,5,45,0
27-05 20:57:32,48.443,14.733,36.706,0.499,0,4738456,148132,185616,2858016,48458.528,15671.414,175.792,1050.754,16.980,132.842,5604,11029,2.210,1.800,1.060,2,0,307.635,0,0,25,230,5,45,0
27-05 20:57:33,33.035,21.773,43.546,0,0,4716344,169908,185616,2858336,6905.313,1695.796,0,672.712,0,57.060,4898,8909,2.120,1.780,1.060,2,0,402.426,0,0,25,229,5,45,0
27-05 20:57:34,43.203,15.483,40.456,0,0,4764620,121224,185616,2859092,5196.326,1618.233,183.799,407.555,5.993,22.975,4840,14393,2.120,1.780,1.060,6,0,175.808,0,0,26,231,5,45,0
27-05 20:57:35,67.577,13.265,18.521,0.501,0,4829016,125032,185548,2792680,7960.074,1621.849,296.338,6627.555,29.033,561.640,3487,4532,2.120,1.780,1.060,2,1,124.142,0,0,26,232,5,41,0
27-05 20:57:36,67.056,8.757,22.269,1.251,0,4876768,184840,185452,2687932,5079.226,1621.349,1921.599,1429.189,138.115,145.121,3833,6230,2.120,1.780,1.060,3,0,9.007,0,0,26,234,5,42,0
27-05 20:57:37,34.901,12.963,51.105,0.748,0,4947612,138172,185408,2664252,10191.139,2860.898,382.916,5899.293,35.898,480.639,6747,10445,2.120,1.780,1.060,2,0,210.404,0,0,26,234,4,43,0
27-05 20:57:38,26.058,4.260,68.654,0.251,0,4918192,167728,185408,2664216,21245.611,4710.556,56.126,649.455,10.022,47.106,3094,6198,2.030,1.770,1.060,3,0,7.016,0,0,26,235,4,45,1
27-05 20:57:39,25.406,3.736,68.996,0,0,4948132,137768,185408,2664236,7273.206,2505.769,0,378.605,0,25.905,2153,3485,2.030,1.770,1.060,2,0,0.996,0,0,26,239,4,46,0
27-05 20:57:40,22.042,11.272,63.622,0.250,0,4906660,156120,185412,2687352,21733081.784,114766.236,2144.115,525.007,28.054,41.079,8749,7087,2.030,1.770,1.060,1,0,139.267,0,0,26,235,4,46,0
27-05 20:57:41,18.470,11.731,69.137,0.250,0,4941068,121652,185412,2687412,6818.858,1617.357,39.935,387.367,1.997,29.951,2760,4278,2.030,1.770,1.060,4,0,156.744,0,0,26,239,4,46,0
27-05 20:57:42,24.739,5.997,66.720,0.500,0,4964540,123472,185276,2662352,4078.140,1703.223,19.991,22537.723,1.999,274.875,3217,5307,2.030,1.770,1.060,4,0,2.999,0,0,26,251,4,47,0
27-05 20:57:43,25.802,3.758,68.137,0.752,0,4968004,119536,185276,2662924,5171.363,1623.253,476.956,1470.948,28.056,101.203,4662,9150,1.940,1.760,1.060,1,0,2.004,0,0,26,256,4,44,0
27-05 20:57:44,26.034,3.505,68.839,0.250,0,4974252,125476,185260,2650832,4978.472,1622.109,16.021,408.531,1.001,49.064,4480,8763,1.940,1.760,1.060,1,0,1.001,0,0,26,257,4,44,0
27-05 20:57:45,29.001,6.500,61.502,1.500,0,4978464,136304,185216,2636004,6370.185,1586.046,1132.033,27088.786,20.001,587.017,7184,13012,1.940,1.760,1.060,1,0,21.001,0,0,26,255,4,50,0
27-05 20:57:46,16.202,14.207,68.296,0.249,0,4959056,155444,185220,2636268,44096.021,1688.945,215.355,195.415,20.937,12.961,2800,4133,1.940,1.760,1.060,1,0,187.439,0,0,26,255,4,50,0
27-05 20:57:47,22.994,6.248,69.981,0.250,0,4980456,126976,186168,2640564,5100.602,1619.556,163.955,1271.652,20.994,18.995,1881,2861,1.940,1.760,1.060,1,0,1.000,0,0,26,257,4,50,0
27-05 20:57:48,24.743,5.249,68.731,1.000,0,4970864,132444,186600,2643532,5867.357,1639.541,7.998,2591.274,1.000,71.980,2279,3458,1.870,1.740,1.060,3,0,10.997,0,0,26,257,4,50,0
27-05 20:57:49,23.000,7.750,67.499,0,0,4995372,125496,186280,2626260,5543.950,1619.985,8.000,507.995,2.000,22.000,14008,27398,1.870,1.740,1.060,1,0,4.000,0,0,26,257,4,51,0
27-05 20:57:50,26.249,3.500,69.247,0.250,0,5013680,119256,186052,2614560,5151.768,1619.927,4.000,527.976,1.000,37.998,2203,3560,1.870,1.740,1.060,1,0,20.999,0,0,26,261,4,51,0
27-05 20:57:51,24.597,4.016,70.277,0,0,5015092,129644,185820,2603184,4661.352,1626.403,0,200.791,0,17.067,4297,7916,1.870,1.740,1.060,3,0,2.008,0,0,26,261,4,41,0
27-05 20:57:52,26.170,3.240,69.786,0,0,5015340,129392,185820,2603188,4547.027,1688.810,0,0,0,0,1668,2537,1.870,1.740,1.060,1,0,0,0,0,26,261,4,41,0
27-05 20:57:53,25.237,3.998,70.215,0,0.250,5015816,128916,185820,2603188,4493.744,1511.241,0,83.958,0,5.997,1759,2692,1.800,1.730,1.060,2,0,0.999,0,0,26,263,4,41,0
27-05 20:57:54,24.995,4.749,70.737,0,0,5016024,128664,185820,2603232,6642.791,1661.698,31.994,99.982,1.000,11.998,1919,2880,1.800,1.730,1.060,2,0,0,0,0,26,263,4,41,0
27-05 20:57:55,28.000,1.750,68.749,0.250,0,5025536,119116,185820,2603268,7734.915,1619.982,36.000,387.996,3.000,34.000,1917,2695,1.800,1.730,1.060,1,0,2.000,0,0,26,267,4,41,0
27-05 20:57:56,26.744,2.000,70.485,0,0,5037788,133732,185312,2577188,5160.932,1565.676,0,31.993,0,3.999,1670,2329,1.800,1.730,1.060,2,0,0,0,0,26,267,4,41,0
27-05 20:57:57,24.795,16.029,57.104,0.250,0,4977708,191592,185336,2579372,7721.122,1622.968,1386.536,344.630,72.132,34.062,4002,6740,1.800,1.730,1.060,3,0,470.861,0,0,26,271,4,41,0
27-05 20:57:58,27.038,5.508,65.341,0.250,0,4946724,222308,185336,2579620,3845.376,1622.268,360.504,236.330,3.004,22.031,2562,3714,1.730,1.720,1.060,1,0,24.034,0,0,26,271,4,41,0
27-05 20:57:59,11.260,18.267,69.314,0,0,4956572,212412,185336,2579668,5053.675,1513.400,0,140.130,0,9.008,4214,7427,1.730,1.720,1.060,3,0,472.437,0,0,26,271,4,41,0
27-05 20:58:00,7.715,7.217,84.113,0.249,0,4949736,219608,185336,2579308,8699.002,1686.247,31.854,465.858,3.982,38.821,2576,4344,1.730,1.720,1.060,0,0,174.199,0,0,26,271,4,42,0
27-05 20:58:01,18.266,3.253,77.818,0,0,4991064,178280,185336,2579308,5097.486,1695.492,0,0,0,0,1665,2552,1.730,1.720,1.060,1,0,9.008,0,0,26,271,4,41,0
27-05 20:58:02,27.086,4.514,68.969,0.251,0,4939612,229612,185336,2579428,5272.752,1625.163,72.229,264.841,6.019,30.096,3108,5424,1.730,1.720,1.060,1,0,13.041,0,0,26,275,4,42,0
27-05 20:58:03,13.747,15.496,69.983,0,0,4947144,222028,185340,2579476,5807.612,1619.613,127.969,55.987,12.997,3.999,3504,5677,1.760,1.720,1.060,1,0,256.939,0,0,26,275,4,42,0
27-05 20:58:04,12.756,16.257,69.531,0,0,4954668,214168,185340,2579812,6271.753,1620.711,44.019,200.088,2.001,15.007,3487,5701,1.760,1.720,1.060,1,0,235.103,0,0,26,275,4,42,0
27-05 20:58:05,21.679,7.475,69.771,0,0,5005916,162732,185340,2579984,5759.104,1560.879,3.987,330.914,0.997,19.935,2377,3862,1.760,1.720,1.060,1,0,110.637,0,0,26,275,4,42,0
27-05 20:58:06,25.020,3.753,70.056,0.250,0,5048772,124176,185288,2575736,4459.536,1621.286,4.003,5904.682,1.001,487.386,2435,2622,1.760,1.720,1.060,2,0,0,0,0,26,275,4,42,0
27-05 20:58:07,26.474,2.747,69.182,0.999,0,4952600,231944,185068,2564740,5283.774,1584.433,387.617,4227.819,15.984,80.920,2270,3302,1.760,1.720,1.060,1,0,6.993,0,0,26,275,4,42,0
27-05 20:58:08,24.817,3.259,70.940,0,0,5015220,169324,185068,2564740,5896.821,1666.471,32.086,469.259,6.016,34.091,2009,3029,1.700,1.710,1.060,1,0,2.005,0,0,26,275,4,42,0
27-05 20:58:09,24.279,3.504,71.086,0,0,5057248,127240,185068,2564796,8927.749,1621.953,0,132.159,0,8.010,2471,4000,1.700,1.710,1.060,3,0,5.006,0,0,26,278,4,42,0
27-05 20:58:10,25.640,3.236,70.447,0,0,4966268,218072,185184,2564828,7281.732,1613.073,143.384,115.504,4.979,7.966,2281,4115,1.700,1.710,1.060,1,0,15.932,0,0,26,275,4,43,0
27-05 20:58:11,25.509,3.751,70.775,0,0,5008320,176016,185184,2564832,6049.123,1620.569,0,148.052,0,13.005,1811,2734,1.700,1.710,1.060,2,0,0,0,0,26,275,4,43,0
27-05 20:58:12,15.042,13.288,69.697,0.251,0,4958116,225188,185320,2565860,5424.318,1570.435,1504.248,44200.823,24.068,157.445,3395,5064,1.700,1.710,1.060,1,0,228.646,0,0,26,275,4,43,0
27-05 20:58:13,15.980,12.484,70.162,0,0,4952776,229852,185324,2566572,5407.219,1510.106,251.684,27.965,62.921,2.996,3054,4914,1.720,1.720,1.070,1,0,281.647,0,0,26,275,4,43,0
27-05 20:58:14,23.709,3.744,71.128,0.250,0,4986932,195528,185396,2566668,5101.277,1617.235,247.577,215.631,44.923,9.983,2173,3431,1.720,1.720,1.070,2,0,43.925,0,0,26,275,4,43,0
27-05 20:58:15,25.262,5.503,68.282,0,0,4986236,195980,185400,2566908,5767.694,1620.757,188.088,360.168,15.007,21.010,9755,19741,1.720,1.720,1.070,1,0,13.006,0,0,26,275,4,43,0
27-05 20:58:16,20.253,2.000,77.263,0.250,0,4992728,188824,185428,2567512,52135.967,5506.947,280.048,316.054,7.001,13.002,1953,3020,1.720,1.720,1.070,1,0,0,0,0,26,276,4,43,0
27-05 20:58:17,27.258,1.750,71.520,0,0,5001388,178280,185576,2568944,4499.251,1620.450,4.001,588.164,1.000,21.006,1864,2817,1.720,1.720,1.070,2,0,1.000,0,0,26,276,4,43,0
27-05 20:58:18,25.733,5.746,66.957,0,0,5022556,157112,185576,2568944,4391.176,1660.932,0,191.877,0,25.983,10331,20482,1.660,1.700,1.070,3,0,13.991,0,0,26,276,4,43,0
27-05 20:58:19,19.571,12.044,66.994,0.251,0,4956584,223200,185576,2568828,4741.272,1800.559,0,325.185,0,16.059,3650,6642,1.660,1.700,1.070,3,0,264.965,0,0,26,275,4,43,0
27-05 20:58:20,27.445,4.242,67.117,0,0,5012272,167344,185576,2568996,4739.582,1497.025,3.992,339.326,0.998,18.962,2349,3789,1.660,1.700,1.070,4,0,8.982,0,0,26,275,4,43,0
27-05 20:58:21,28.527,8.758,61.308,0.250,0,4951960,227588,185576,2569064,4602.326,1663.564,28.026,248.233,3.003,18.017,3992,10306,1.660,1.700,1.070,1,0,138.130,0,0,26,275,4,48,0
27-05 20:58:22,23.743,3.749,71.730,0,0,5012340,167192,185576,2569080,4895.624,1619.545,0,175.951,0,7.998,1800,2695,1.660,1.700,1.070,1,0,0,0,0,26,275,4,47,0
27-05 20:58:23,23.001,5.750,71.002,0.250,0,4983724,195792,185580,2569092,5061.137,1620.044,0,44.001,0,4.000,2867,4888,1.610,1.690,1.070,1,0,70.002,0,0,26,275,4,48,0
27-05 20:58:24,25.275,2.502,71.071,0,0,5015716,163788,185580,2569104,6646.607,1621.612,16.016,280.279,1.001,26.026,2626,4528,1.610,1.690,1.070,1,0,0,0,0,26,277,4,43,0
27-05 20:58:25,22.240,5.497,70.467,0,0,4999848,179468,185580,2569292,6463.001,1619.249,15.993,115.946,1.000,9.995,2439,4131,1.610,1.690,1.070,1,0,55.974,0,0,26,275,4,44,0
27-05 20:58:26,23.755,4.001,70.516,0,0.250,5019248,160064,185580,2569296,5245.159,1694.374,0,132.029,0,7.002,2679,4841,1.610,1.690,1.070,3,0,0,0,0,26,275,4,46,0
27-05 20:58:27,23.981,4.496,70.943,0.500,0,5007212,172072,185580,2569324,4250.591,1584.729,0,2210.227,0,333.732,2214,2911,1.610,1.690,1.070,2,0,27.978,0,0,26,275,4,46,0
27-05 20:58:28,27.503,6.251,65.758,0.250,0,4958640,220568,185580,2569400,4189.520,1566.194,76.009,488.061,7.001,54.007,3384,6070,1.560,1.680,1.060,1,0,49.006,0,0,26,275,4,44,0
27-05 20:58:29,25.938,2.993,69.585,0,0,5014560,164624,185580,2569424,4769.663,1689.983,0,694.350,0,40.903,2117,3326,1.560,1.680,1.060,2,0,0,0,0,26,276,4,44,0
27-05 20:58:30,25.328,5.517,69.212,0.502,0,4988188,190972,185580,2569448,6431.681,1624.972,8.025,397.215,2.006,42.129,2727,4754,1.560,1.680,1.060,6,0,28.086,0,0,26,275,4,44,0
27-05 20:58:31,26.442,1.996,70.345,0,0,5017176,161984,185580,2569448,5860.102,1710.236,0,103.772,0,11.974,2314,4301,1.560,1.680,1.060,5,0,0,0,0,26,277,4,44,0
27-05 20:58:32,14.769,16.021,67.086,0.501,0,4960084,218932,185580,2569592,4993.432,1622.089,0,224.289,0,37.048,4576,8061,1.560,1.680,1.060,1,0,605.780,0,0,26,275,4,40,0
27-05 20:58:33,11.011,20.770,67.817,0,0,4958016,220944,185580,2569632,7271.140,1695.665,0,244.240,0,25.025,4877,8527,1.510,1.670,1.060,1,0,746.733,0,0,26,275,4,40,0
27-05 20:58:34,9.748,22.245,67.235,0,0,4956912,221980,185580,2569668,5449.757,1511.655,0,219.950,0,24.994,4802,8434,1.510,1.670,1.060,1,0,740.831,0,0,26,275,4,40,0
27-05 20:58:35,10.240,20.729,67.183,0,0,4960808,218044,185580,2569708,6106.899,1618.383,0,419.581,0,32.967,4739,8398,1.510,1.670,1.060,3,0,679.321,0,0,26,275,4,40,0
27-05 20:58:36,11.507,20.512,66.539,0,0,4959428,219384,185580,2569748,6655.920,1566.923,0,192.113,0,18.011,3329,5193,1.510,1.670,1.060,1,0,320.189,0,0,26,275,4,40,0
27-05 20:58:37,12.998,20.997,66.990,0,0,4959764,219032,185580,2569764,5188.196,1619.749,0,1487.769,0,96.985,3435,5354,1.510,1.670,1.060,1,0,338.947,0,0,26,275,4,40,0
27-05 20:58:38,12.003,18.255,66.517,0.250,0,4958660,220104,185580,2569796,7031.793,1620.413,0,264.067,0,20.005,3638,5848,1.550,1.670,1.070,2,0,361.092,0,0,26,275,4,36,0
27-05 20:58:39,16.507,11.005,70.530,0.500,0,4985452,281536,185584,2490164,8752.667,1620.679,516.216,340.143,66.028,16.007,2417,3758,1.550,1.670,1.070,2,0,87.036,0,0,26,275,4,36,0
27-05 20:58:40,23.757,5.252,68.772,0,0,4997996,251056,186024,2506664,14083.436,1620.510,36.011,2032.640,6.002,8.003,10133,19941,1.550,1.670,1.070,2,0,4.001,0,0,26,275,4,35,0
27-05 20:58:41,19.196,1.994,76.782,0.249,0,5007260,241236,186048,2507084,13183.651,4549.112,43.876,925.378,6.980,10.969,1638,2523,1.550,1.670,1.070,1,0,2.992,0,0,26,276,4,35,0
27-05 20:58:42,12.739,0.749,82.927,0.500,0,5016456,231548,186048,2507544,10694.578,6560.220,435.616,639.437,23.979,24.978,1637,2601,1.550,1.670,1.070,0,0,0,0,0,26,276,4,35,0
27-05 20:58:43,6.247,1.000,89.706,0.250,0,5016280,231548,186048,2507720,10004.148,4696.722,115.944,535.740,11.994,16.992,1563,2580,1.590,1.680,1.080,1,0,0,0,0,26,276,4,35,0
27-05 20:58:44,8.009,1.502,89.606,0.501,0,5015976,231548,186048,2507992,10534.441,5414.394,208.246,572.676,20.024,22.026,1685,2674,1.590,1.680,1.080,0,0,0,0,0,26,278,4,33,0
27-05 20:58:45,9.496,2.999,86.211,0,0,5016748,230540,186048,2508228,8504.105,3926.202,151.930,275.874,12.994,8.996,1553,2716,1.590,1.680,1.080,0,0,0,0,0,26,278,4,33,0
27-05 20:58:46,15.801,1.756,81.513,0.752,0,5032464,214188,186052,2508860,54368.720,8061.053,545.764,806.607,32.104,28.091,1946,2904,1.590,1.680,1.080,1,0,0,0,0,26,278,4,23,0
27-05 20:58:47,10.999,0.750,86.494,0,0,5034392,211920,186052,2509200,10640.319,4944.684,331.979,399.974,20.999,11.999,1602,2628,1.590,1.680,1.080,1,0,0,0,0,26,278,4,23,0
27-05 20:58:48,13.251,1.750,82.503,0.500,0,5036788,209204,186052,2509516,14837.608,8184.336,240.010,2232.092,21.001,47.002,2030,3234,1.460,1.650,1.070,1,0,2.000,0,0,26,278,4,23,0
27-05 20:58:49,18.196,1.496,78.516,0.499,0,5036624,208952,186060,2509892,15577.532,9716.017,291.132,1120.657,28.914,43.869,1872,2963,1.460,1.650,1.070,5,0,0,0,0,26,278,4,23,0
27-05 20:58:50,21.746,2.500,72.988,1.750,0,5037420,181232,186072,2536804,11399.142,4197.316,13201.848,507.917,264.957,24.996,2526,3706,1.460,1.650,1.070,2,0,0,0,0,26,278,4,22,0
27-05 20:58:51,21.992,4.998,70.975,1.250,0,5065520,122076,186224,2565496,4222.497,1565.443,0,3414.784,0,146.948,1983,3534,1.460,1.650,1.070,4,0,0,0,0,26,278,4,22,0
27-05 20:58:52,22.496,3.999,69.737,1.750,0,5054644,121428,186556,2575044,4532.143,1619.694,0,9030.293,0,642.878,2658,3590,1.460,1.650,1.070,2,0,0,0,0,26,278,4,22,0
27-05 20:58:53,24.596,4.016,70.274,0.753,0,4977988,210192,186924,2561888,5164.156,1801.029,200.784,1481.783,13.051,50.196,1898,2969,1.430,1.640,1.070,1,0,2.008,0,0,26,277,4,21,0
27-05 20:58:54,25.185,6.733,67.077,0,0,5020324,165876,186968,2563776,16784.629,5012.049,0,0,0,0,9088,17689,1.430,1.640,1.070,2,0,15.959,0,0,26,277,4,21,0
27-05 20:58:55,25.819,4.763,69.185,0,0,5019268,166820,186968,2563888,7792.846,1624.345,0,84.225,0,1.003,7766,15423,1.430,1.640,1.070,2,0,5.013,0,0,26,277,4,21,0
27-05 20:58:56,24.181,4.986,69.801,0,0,4989216,196792,186968,2563968,7462.754,1615.401,0,115.671,0,7.977,4045,7326,1.430,1.640,1.070,1,0,8.974,0,0,26,277,4,21,0
27-05 20:58:57,23.064,8.022,67.438,0,0,4986712,199396,186968,2563872,4546.676,1698.736,0,51808.442,0,159.445,6740,12777,1.430,1.640,1.070,2,0,54.151,0,0,26,277,4,21,0
27-05 20:58:58,28.662,8.225,60.563,0,0,5017264,167884,186968,2564832,7286.536,1615.021,450.611,1838.332,5.982,25.920,11366,22261,1.390,1.630,1.070,1,0,16.948,0,0,26,277,4,21,0
27-05 20:58:59,24.322,8.525,63.940,0,0,5027940,157248,186968,2564744,5868.400,1570.657,0,469.392,0,22.065,10629,21018,1.390,1.630,1.070,1,0,24.071,0,0,26,277,4,21,0
27-05 20:59:00,27.668,5.733,65.307,0,0,4970568,214944,186968,2564388,4785.882,1615.235,0,219.353,0,14.956,1963,3217,1.390,1.630,1.070,1,0,8.974,0,0,26,277,4,22,0
27-05 20:59:01,25.576,2.507,71.213,0,0,4997812,187728,186968,2564360,4947.794,1624.858,0,0,0,0,1761,2761,1.390,1.630,1.070,1,0,3.009,0,0,26,277,4,21,0
27-05 20:59:02,22.917,7.224,69.746,0,0,4969172,216360,186968,2564368,6120.739,1506.521,0,7.971,0,1.993,2265,3558,1.390,1.630,1.070,1,0,93.659,0,0,26,277,4,22,0
27-05 20:59:03,23.275,7.007,68.823,0,0,4990016,177140,187592,2580392,5718.050,1621.716,0,32.034,0,5.005,10917,21232,1.360,1.620,1.070,2,0,7.007,0,0,26,277,4,21,0
27-05 20:59:04,20.748,2.250,75.494,0.500,0,5004872,161348,187612,2581064,15790.674,7031.409,0,1579.867,0,17.998,1749,2755,1.360,1.620,1.070,1,0,3.000,0,0,26,278,4,21,0
27-05 20:59:05,19.486,1.749,76.943,0.500,0,5015300,150764,187624,2581172,25436.203,16016.164,0,1530.869,0,50.962,1961,3304,1.360,1.620,1.070,0,0,0,0,0,26,278,4,21,0
27-05 20:59:06,9.248,1.250,88.485,0.500,0,5015152,150540,187656,2581472,134922.928,10326.234,0,839.856,0,35.994,1689,2781,1.360,1.620,1.070,0,0,0,0,0,26,279,4,21,0
27-05 20:59:07,18.002,2.000,78.508,0.250,0.250,5024552,140964,187700,2581540,26250.835,10002.080,0,1080.117,0,42.005,1985,3265,1.360,1.620,1.070,3,0,0,0,0,26,279,3,21,0
27-05 20:59:08,22.004,2.000,73.762,0.750,0,5029824,135424,187772,2581700,22762.779,13639.264,0,3028.503,0,150.025,2525,4203,1.250,1.590,1.060,4,0,2.000,0,0,26,279,3,21,0
27-05 20:59:09,9.782,1.505,86.784,0.752,0,5034712,130160,187808,2582040,193857.465,9497.132,0,943.091,0,43.141,1881,2908,1.250,1.590,1.060,0,0,0,0,0,26,279,3,21,0
27-05 20:59:10,11.249,1.500,85.740,0.750,0,5035064,129404,188024,2582096,79176.974,14740.320,27.997,1659.811,4.999,82.991,2079,3363,1.250,1.590,1.060,0,0,0,0,0,26,279,3,21,0
27-05 20:59:11,17.195,1.744,78.251,0.748,0,5037008,127136,188188,2582224,64981.424,14201.852,103.670,1571.006,9.968,71.772,2073,3225,1.250,1.590,1.060,1,0,0,0,0,26,279,3,20,0
27-05 20:59:12,17.744,2.249,77.974,0.500,0,5037624,135576,188060,2573884,4545991.455,35799.900,0,5158.257,0,37.987,2924,3188,1.250,1.590,1.060,0,1,2.999,0,0,26,279,3,20,0
27-05 20:59:13,13.513,3.253,79.828,1.752,0,5040652,123532,188200,2583036,3425377.019,17387.004,192.188,10077.856,11.011,484.474,3488,3772,1.150,1.560,1.060,1,0,9.009,0,0,26,279,3,20,0
27-05 20:59:14,22.996,4.499,69.987,1.000,0,5045584,119048,189656,2579936,4371.213,1639.705,0,2675.518,0,85.985,2101,3256,1.150,1.560,1.060,0,1,0,0,0,26,279,3,20,0
27-05 20:59:15,22.453,6.237,69.853,0.998,0,5064276,134360,190824,2543884,15668.019,1508.824,0,3492.648,0,74.842,2039,3397,1.150,1.560,1.060,3,0,0,0,0,26,279,3,20,0
27-05 20:59:16,23.549,5.010,70.146,0.752,0,5062120,124560,191284,2554264,49236.658,1697.539,4.008,11091.125,1.002,163.341,2587,3661,1.150,1.560,1.060,1,0,0,0,0,26,279,3,20,0
27-05 20:59:17,21.207,4.990,69.609,0.998,0,5054396,119600,192936,2562928,5550.787,1616.734,0,3049.839,0,113.770,2057,3481,1.150,1.560,1.060,4,0,0,0,0,26,279,3,20,0
27-05 20:59:18,23.267,7.756,67.300,1.001,0,5049120,122260,193772,2564224,6537.812,1663.224,8.006,75795.786,2.001,356.262,2619,4085,1.300,1.590,1.070,2,0,2.001,0,0,26,279,3,20,0
27-05 20:59:19,23.255,2.501,73.266,0.750,0,4956568,242328,194072,2535928,11667.614,4222.946,20.004,1680.376,3.001,52.012,1957,2908,1.300,1.590,1.070,1,0,2.000,0,0,26,277,3,20,0
27-05 20:59:20,28.129,4.521,67.058,0,0,5016256,180864,194072,2537704,5238.095,1701.828,12.055,188.869,3.014,14.065,9253,18419,1.300,1.590,1.070,2,0,8.037,0,0,26,277,3,20,0
27-05 20:59:21,29.639,6.227,63.512,0.249,0,4999904,197132,194072,2537772,5231.388,1613.949,0,1143.712,0,18.929,2838,6541,1.300,1.590,1.070,1,0,41.843,0,0,26,277,3,16,0
27-05 20:59:22,25.829,6.771,65.451,0,0,5019928,176976,194072,2537904,4107.594,1462.484,0,24.074,0,6.018,10191,20165,1.300,1.590,1.070,2,0,13.040,0,0,26,277,3,16,0
27-05 20:59:23,26.164,4.485,69.023,0,0,4960968,235656,194072,2538184,5154.028,1614.683,0,95.685,0,2.990,2004,2957,1.270,1.580,1.070,3,0,5.980,0,0,26,277,3,17,0
27-05 20:59:24,25.753,3.750,70.008,0.250,0,5000856,192184,194288,2541024,5381.592,1620.178,696.077,2904.319,21.002,11.001,2520,4398,1.270,1.580,1.070,2,0,0,0,0,26,278,3,17,0
27-05 20:59:25,25.540,4.006,69.608,0.250,0,5009020,183868,194288,2541176,5316.235,1622.513,52.081,608.943,4.006,38.059,4676,9101,1.270,1.580,1.070,1,0,0,0,0,26,280,3,21,0
27-05 20:59:26,25.970,3.995,66.923,0.999,0,5029700,161496,194296,2542796,6631.394,1618.144,1266.547,1202.621,90.896,147.830,5131,9260,1.270,1.580,1.070,3,0,0,0,0,26,287,3,21,0
27-05 20:59:27,23.464,8.986,66.149,1.248,0,4999180,191180,194300,2543628,4972.427,1617.536,599.088,1134.273,31.951,128.804,4623,8790,1.270,1.580,1.070,1,0,162.752,0,0,26,291,3,21,0
27-05 20:59:28,17.016,16.766,64.562,0.250,0,5009428,179960,194300,2544564,5459.235,1695.626,1024.983,1469.409,25.024,96.092,3715,5965,1.250,1.570,1.070,1,0,282.271,0,0,26,291,3,23,0
27-05 20:59:29,10.496,4.998,69.721,14.244,0,4999824,152776,194336,2581316,4942.939,1457.392,36732.682,3710.453,2789.837,359.850,8113,8702,1.250,1.570,1.070,0,1,8.996,0,0,26,291,3,23,0
27-05 20:59:30,6.500,3.500,86.254,2.250,0.250,5000624,145984,194472,2587172,8883.462,3247.169,5876.306,904.047,476.025,24.001,2741,4032,1.250,1.570,1.070,3,0,6.000,0,0,26,292,3,24,0
27-05 20:59:31,3.500,1.500,93.249,0,0,5000624,145984,194472,2587172,42052.327,4692.925,0,599.990,0,19.000,1612,2661,1.250,1.570,1.070,3,0,0,0,0,26,292,3,18,0
27-05 20:59:32,7.748,3.249,86.476,0.750,0,4983208,161136,194636,2589272,67665.460,118215.609,2123.418,2967.187,31.991,155.957,2533,4258,1.250,1.570,1.070,1,0,26.993,0,0,26,291,3,19,0
27-05 20:59:33,3.505,1.001,94.381,0.250,0,4983208,161136,194636,2589272,4384.068,1622.245,0,356.493,0,29.040,1502,2756,1.150,1.540,1.060,0,0,0,0,0,26,291,3,17,0
27-05 20:59:34,2.497,0.999,94.400,0,0,4983208,161136,194636,2589272,7674.849,1618.281,0,31.966,0,3.996,1382,2403,1.150,1.540,1.060,2,0,0,0,0,26,291,3,17,0
27-05 20:59:35,4.251,0.500,94.768,0,0,4983208,161136,194636,2589272,4978.946,1620.308,0,8.002,0,1.000,1389,2521,1.150,1.540,1.060,0,0,0,0,0,26,291,3,17,0
27-05 20:59:36,2.250,1.000,94.493,0,0,4983432,160912,194636,2589272,5292.592,1457.888,0,79.994,0,9.999,1465,2624,1.150,1.540,1.060,0,0,0,0,0,26,291,3,17,0
27-05 20:59:37,6.755,1.001,89.812,0.500,0,4983292,160912,194636,2589408,5079.485,1621.112,16.011,520.357,1.001,77.053,2313,4093,1.150,1.540,1.060,1,0,0,0,0,26,291,3,17,0
27-05 20:59:38,4.746,1.749,92.927,0.500,0,4983508,160664,194636,2589440,6307.017,1618.721,0,595.530,0,47.962,1880,3113,1.060,1.520,1.050,0,0,1.998,0,0,26,291,3,17,0
27-05 20:59:39,3.751,2.000,93.516,0,0,4983508,160664,194636,2589440,6186.064,1620.279,0,52.009,0,6.001,1469,2558,1.060,1.520,1.050,0,0,0,0,0,26,291,3,17,0
27-05 20:59:40,3.000,1.250,94.999,0,0,4983460,160664,194636,2589488,6221.938,1619.984,0,0,0,0,1377,2523,1.060,1.520,1.050,0,0,0,0,0,26,291,3,17,0
27-05 20:59:41,2.000,0.750,94.497,0.250,0,4983460,160664,194636,2589488,7568.781,1619.953,0,227.993,0,16.000,1460,2532,1.060,1.520,1.050,0,0,0,0,0,26,291,3,17,0
27-05 20:59:42,3.248,1.249,93.678,0.250,0,4983460,160664,194636,2589488,7346.358,1618.757,0,99.923,0,12.990,1525,2683,1.060,1.520,1.050,1,0,0,0,0,26,291,3,17,0
27-05 20:59:43,3.252,0.750,94.556,0,0,4983460,160664,194636,2589488,4910.893,1512.891,8.005,0,1.001,0,1390,2461,0.970,1.490,1.050,0,0,0,0,0,26,291,3,17,0
27-05 20:59:44,3.750,1.500,94.261,0,0,4983448,160664,194636,2589500,5413.660,1640.200,0,188.023,0,9.001,1579,2622,0.970,1.490,1.050,0,0,0,0,0,26,291,3,17,0
27-05 20:59:45,2.500,0.750,94.761,0,0,4983448,160664,194636,2589500,4978.563,1620.183,0,0,0,0,1323,2457,0.970,1.490,1.050,0,0,0,0,0,26,291,3,17,0
27-05 20:59:46,3.752,0.750,94.042,0,0,4983448,160664,194636,2589500,42674.118,1620.726,0,0,0,0,1550,2556,0.970,1.490,1.050,0,0,0,0,0,26,291,3,17,0
27-05 20:59:47,3.996,0.999,93.667,0,0,4983444,160664,194636,2589504,4950.629,1618.571,0,167.852,0,16.985,1614,2958,0.970,1.490,1.050,0,0,0,0,0,26,291,3,17,0
27-05 20:59:48,3.250,0.500,93.260,0,0,4983444,160664,194636,2589504,6258.676,1620.175,0,84.009,0,13.001,1735,2932,0.900,1.470,1.040,3,0,2.000,0,0,26,291,3,17,0
27-05 20:59:49,4.249,6.249,88.982,0.500,0,4986680,157744,194636,2589504,6474.679,1619.670,0,137036.045,0,867.823,3274,4082,0.900,1.470,1.040,1,0,0,0,0,26,291,3,17,0
27-05 20:59:50,3.501,0.750,92.765,0.250,0.250,4986496,157744,194636,2589516,5759.956,1512.251,0,2272.377,0,21.003,1740,2868,0.900,1.470,1.040,2,0,0,0,0,26,291,3,17,0
27-05 20:59:51,3.000,1.000,94.507,0,0,4986496,157744,194640,2589512,8352.593,1566.111,0,488.035,0,30.002,1541,2648,0.900,1.470,1.040,2,0,0,0,0,26,291,3,17,0
27-05 20:59:52,3.751,1.501,93.286,0,0,4986492,157744,194640,2589516,4588.780,1620.629,0,68.026,0,9.003,1512,2807,0.900,1.470,1.040,0,0,0,0,0,26,291,3,17,0
27-05 20:59:53,2.749,0.750,93.959,0.750,0,4986484,157744,194652,2589512,4838.890,1619.294,0,3298.562,0,165.928,1832,3065,0.820,1.440,1.040,1,0,0,0,0,26,291,3,17,0
27-05 20:59:54,4.252,1.251,92.537,0,0,4986840,157352,194652,2589520,16203.562,5135.080,0,4065.647,0,12.005,1651,2578,0.820,1.440,1.040,1,0,0,0,0,26,291,3,17,0
27-05 20:59:55,3.250,0.250,94.493,0,0,4986836,157352,194652,2589524,7408.452,1619.880,0,0,0,0,1383,2378,0.820,1.440,1.040,1,0,0,0,0,26,291,3,17,0
27-05 20:59:56,2.500,1.500,95.268,0,0,4986836,157352,194652,2589524,5814.116,1694.325,0,0,0,0,1332,2413,0.820,1.440,1.040,0,0,0,0,0,26,291,3,17,0
27-05 20:59:57,3.999,1.749,93.221,0.250,0,4986836,157352,194652,2589524,4502.600,1585.507,31.990,407.873,1.000,17.994,1680,3068,0.820,1.440,1.040,0,0,0,0,0,26,291,3,17,0
27-05 20:59:58,6.999,4.500,86.491,0.750,0,4982076,159684,194652,2591952,4967.498,1565.842,2031.795,675.932,17.998,62.994,2131,3471,0.840,1.430,1.040,0,0,5.999,0,0,26,293,3,17,0
27-05 20:59:59,5.501,1.250,91.764,0,0,4982436,159460,194652,2591816,9536.450,1694.258,140.021,128.019,2.000,10.002,1784,2941,0.840,1.430,1.040,5,0,1.000,0,0,26,293,3,17,0
27-05 21:00:00,8.248,2.499,87.726,0,0,4984868,157092,194652,2591752,5166.579,1619.555,0,75.979,0,8.998,1890,2905,0.840,1.430,1.040,0,0,4.999,0,0,26,293,3,17,0
27-05 21:00:01,4.500,0.750,94.260,0.250,0,4984868,157092,194652,2591752,6552.695,1620.172,0,208.022,0,14.001,1582,2743,0.840,1.430,1.040,0,0,0,0,0,26,293,3,17,0
27-05 21:00:02,3.750,0.500,93.994,0,0,4984764,157092,194652,2591856,3384.770,647.956,0,4.000,0,1.000,1438,2565,0.840,1.430,1.040,0,0,0,0,0,26,293,3,17,0
27-05 21:00:03,9.500,3.500,85.996,0.250,0,4986668,154604,194804,2592288,223319.621,5531.768,583.975,1151.952,17.999,187.992,2045,2858,0.850,1.430,1.040,1,0,20.999,0,0,26,293,3,17,0
27-05 21:00:04,13.034,5.514,80.708,0,0,4992960,147560,194904,2592940,348508.713,8728.458,300.774,124.320,12.031,2.005,2079,2917,0.850,1.430,1.040,1,0,33.085,0,0,26,293,3,17,0
