"pcp-dstat 5.3.6 CSV Output"
"Author:","PCP team <pcp@groups.io> and Dag Wieers <dag@wieers.com>",,,,"URL:","https://pcp.io/ and http://dag.wieers.com/home-made/dstat/"
"Host:","ubuntu",,,,"User:","ubuntu"
"Cmdline:","dstat -tcmndrylpg --tcp --output /tmp/devstack_logs/dstat-csv.log",,,,"Date:","30 Jul 2025 14:39:31 UTC"
"system","total usage",,,,,"memory usage",,,,"net/total",,"dsk/total",,"io/total",,"system",,"load avg",,,"procs",,,"paging",,"tcp sockets",,,,
"time","total usage:usr","total usage:sys","total usage:idl","total usage:wai","total usage:stl","used","free","buf","cach","net/total:recv","net/total:send","dsk/total:read","dsk/total:writ","read","writ","int","csw","1m","5m","15m","run","blk","new","in","out","lis","act","syn","tim","clo"
30-07 14:39:31,,1005228,862364,176900,5728592,,,,,,,1.370,1.010,0.610,3,0,,,,9,6,6,12,0
30-07 14:39:32,22.742,21.492,54.980,0.250,0,1018728,832784,176920,5744300,434305.216,17765.587,0,3058.896,0,107.961,3514,5587,1.370,1.010,0.610,2,0,400.855,0,0,9,5,6,12,1
30-07 14:39:33,30.754,23.503,44.006,0.500,0,1025008,803040,177356,5764172,13079.766,1752.237,0,2820.381,0,103.014,3884,7399,1.370,1.010,0.610,2,0,394.053,0,0,9,4,6,12,2
30-07 14:39:34,34.201,20.720,42.939,0.749,0,1037820,763016,178252,5787888,11731.213,1617.685,0,3287.296,0,129.814,4482,9864,1.370,1.010,0.610,2,0,238.658,0,0,9,4,6,12,2
30-07 14:39:35,25.787,8.762,63.590,0.751,0,1159380,608224,179528,5940884,16206.949,1460.067,0,3056.328,0,114.162,2814,4165,1.340,1.010,0.610,2,0,56.079,0,0,10,6,6,11,2
30-07 14:39:36,37.486,13.495,47.732,0.250,0,1074968,703700,179836,5928872,31895.135,4356.379,79.970,1383.485,1.000,46.983,2938,5494,1.340,1.010,0.610,3,0,203.924,0,0,10,4,6,12,0
30-07 14:39:37,37.952,10.737,51.186,0.250,0,1172944,605328,179840,5929232,27111.947,3058.159,0,3211.966,0,250.685,2321,2431,1.340,1.010,0.610,1,0,81.897,0,0,10,5,6,13,0
30-07 14:39:38,41.846,6.264,50.366,1.503,0,1198732,569400,180424,5937508,14842.211,2639.083,0,7998.436,0,513.183,3925,5712,1.340,1.010,0.610,2,0,13.030,0,0,10,6,6,13,0
30-07 14:39:39,32.535,7.451,48.430,11.176,0,1238980,512352,181740,5951584,13280.218,4620.459,0,62228.669,0,4627.413,20513,33417,1.340,1.010,0.610,3,0,66.560,0,0,10,6,6,13,0
30-07 14:39:40,43.480,10.053,45.491,0.503,0,1169628,580660,181880,5952248,14464.561,1628.620,0,7519.802,0,442.341,10261,19165,1.390,1.020,0.620,2,0,89.474,0,0,10,4,6,13,0
30-07 14:39:41,44.771,8.504,45.771,0,0,1134220,615760,181928,5952468,11881.513,1458.677,0,11501.337,0,479.222,10723,19365,1.390,1.020,0.620,2,0,29.013,0,0,10,4,6,13,0
30-07 14:39:42,43.980,7.497,48.228,0.500,0,1184224,580264,181948,5939656,12830.188,1619.266,0,6205.189,0,336.847,2425,2856,1.390,1.020,0.620,2,0,12.994,0,0,10,4,6,13,0
30-07 14:39:43,29.994,10.248,58.988,0.250,0,1081412,683060,181952,5939668,24230.275,1619.684,0,215.958,0,11.998,2022,2272,1.390,1.020,0.620,1,0,140.973,0,0,10,4,6,13,0
30-07 14:39:44,11.487,18.978,69.171,0,0,1085168,679116,181952,5939856,17006.680,1692.078,0,15.982,0,3.995,2688,3665,1.390,1.020,0.620,1,0,299.660,0,0,10,4,6,13,0
30-07 14:39:45,11.512,19.019,68.820,0,0,1080812,683448,181952,5939880,6668.735,1621.638,0,32.032,0,8.008,2481,3527,1.360,1.020,0.620,2,0,275.278,0,0,10,4,6,13,0
30-07 14:39:46,21.534,19.531,58.092,0,0,1103120,660936,181952,5940364,29278.289,1622.565,0,32423.261,0,78.124,4502,9521,1.360,1.020,0.620,3,0,210.333,0,0,10,4,6,13,0
30-07 14:39:47,45.173,6.239,47.918,0,0,1234660,528920,181952,5940840,25907.672,1455.510,0,35.939,0,3.993,1428,1446,1.360,1.020,0.620,2,0,38.933,0,0,10,5,6,13,0
30-07 14:39:48,46.233,4.748,49.232,0,0,1265516,495384,181956,5943504,28633.263,1661.377,0,1899.288,0,56.979,1791,5777,1.360,1.020,0.620,1,0,43.984,0,0,10,4,6,13,0
30-07 14:39:49,3.498,4.997,90.693,0,0,1267644,493244,181956,5943516,18522.331,1618.980,0,1211.237,0,16.989,1447,2029,1.360,1.020,0.620,0,0,73.953,0,0,10,4,6,13,0
30-07 14:39:50,16.546,4.011,78.972,0.251,0,1323052,437820,181964,5943516,12955.366,1462.104,0,469.317,0,28.079,1369,1518,1.330,1.020,0.620,1,0,22.062,0,0,10,4,6,13,0
30-07 14:39:51,23.688,2.244,72.809,0,0,1365324,395344,181968,5943708,26776.684,1615.757,0,11729.199,0,44.882,1269,1382,1.330,1.020,0.620,1,0,0,0,0,10,6,6,13,0
30-07 14:39:52,20.532,5.759,72.111,0.751,0,1300396,460132,182048,5943768,23148.718,1622.504,0,3216.964,0,302.467,3496,5388,1.330,1.020,0.620,1,0,43.066,0,0,10,4,6,15,0
30-07 14:39:53,21.987,3.998,73.206,0.500,0,1343224,416816,182080,5944152,21930.710,1605.027,191.884,4381.345,47.971,145.912,1913,2420,1.330,1.020,0.620,1,1,0.999,0,0,10,16,6,15,0
30-07 14:39:54,22.280,3.755,72.597,0.250,0,1332096,427768,182080,5944228,29770.923,1696.275,56.075,0,14.019,0,1720,1951,1.330,1.020,0.620,1,0,51.068,0,0,10,28,6,15,0
30-07 14:39:55,20.236,8.494,71.199,0,0,1296000,463840,182080,5944252,29704.910,1618.851,0,19.986,0,4.996,2126,2630,1.310,1.020,0.620,2,0,125.911,0,0,10,28,6,15,0
30-07 14:39:56,44.516,8.003,47.767,0.250,0,1428080,331868,182088,5944264,29148.639,1532.559,0,42943.674,0,129.047,2303,2855,1.310,1.020,0.620,2,0,31.011,0,0,10,29,6,15,0
30-07 14:39:57,49.757,16.002,33.004,0,0,1387256,372432,182104,5944488,10418.396,1620.217,0,2364.317,0,28.004,4692,10006,1.310,1.020,0.620,5,0,434.058,0,0,10,28,6,17,0
30-07 14:39:58,82.248,15.250,2.000,0,0,1614648,144880,182104,5944648,28619.313,1619.961,0,12.000,0,3.000,3682,5506,1.310,1.020,0.620,6,0,143.997,0,0,10,30,6,17,0
30-07 14:39:59,76.754,15.001,8.000,0,0,1431740,358112,181860,5915096,24024.153,1500.072,40.002,2560.123,6.000,46.002,5034,10990,1.310,1.020,0.620,3,0,200.010,0,0,10,30,6,17,0
30-07 14:40:00,31.172,8.977,59.102,0.249,0,1331960,457700,181864,5915284,22638.178,1689.759,155.609,319.199,7.980,31.920,3272,5741,1.200,1.010,0.620,2,0,109.725,0,0,10,28,6,17,0
30-07 14:40:01,22.752,3.000,73.006,0,0.250,1377448,412200,181868,5915292,29238.515,1694.146,0,360.031,0,11.001,1788,2460,1.200,1.010,0.620,2,0,0,0,0,10,29,6,17,0
30-07 14:40:02,19.999,6.000,72.498,0.250,0,1362572,427056,181880,5915300,10502.706,1693.953,0,207.994,0,17.000,1597,2495,1.200,1.010,0.620,1,0,67.998,0,0,10,28,6,17,0
30-07 14:40:03,22.506,4.251,73.019,0,0,1318048,471420,181888,5915452,21941.815,1620.429,0,240.064,0,26.007,2366,3620,1.200,1.010,0.620,1,0,19.005,0,0,10,28,6,17,0
30-07 14:40:04,9.014,22.535,67.605,0.250,0,1320356,469072,181904,5915476,36842.216,1534.383,16.025,1229.910,3.005,74.115,3103,3856,1.200,1.010,0.620,1,0,357.555,0,0,10,28,6,17,0
30-07 14:40:05,31.018,25.515,42.274,0,0,1389600,399776,181904,5915528,24048.876,1620.935,12.007,48.028,2.001,12.007,3220,5008,1.350,1.040,0.630,5,0,641.370,0,0,10,28,6,17,0
30-07 14:40:06,83.955,12.993,3.248,0,0,1624516,164824,181904,5915552,24917.545,1619.126,0,74024.027,0,169.908,3401,5177,1.350,1.040,0.630,5,0,21.988,0,0,10,30,6,17,0
30-07 14:40:07,79.797,12.507,7.755,0.250,0,1495364,293556,181908,5915968,22206.146,1620.960,0,2065.223,0,76.045,4966,15073,1.350,1.040,0.630,5,0,90.053,0,0,10,28,6,16,0
30-07 14:40:08,80.753,16.251,2.250,0,0,1563668,225020,181908,5916200,15729.519,1768.058,0,2896.096,0,122.004,3402,7492,1.350,1.040,0.630,6,0,220.007,0,0,10,29,6,16,0
30-07 14:40:09,86.748,10.750,2.000,0,0.250,1495396,293096,181908,5916396,14690.736,1457.974,0,203.996,0,10.000,4552,11273,1.350,1.040,0.630,5,0,111.998,0,0,10,29,6,16,0
30-07 14:40:10,48.729,11.495,38.983,0,0,1347056,441228,181916,5916596,28956.230,1619.286,0,447.803,0,43.981,3746,8704,1.400,1.050,0.640,2,0,185.918,0,0,10,28,6,16,0
30-07 14:40:11,42.993,6.249,49.492,0.250,0,1428452,359636,181960,5916756,32466.773,1619.739,0,10794.262,0,555.910,4486,6508,1.400,1.050,0.640,2,0,0,0,0,10,30,6,16,0
30-07 14:40:12,38.268,17.759,43.771,0.250,0,1405060,383132,181980,5916796,37430.929,1458.699,0,616.295,0,41.020,3925,5750,1.400,1.050,0.640,3,0,378.181,0,0,10,28,6,16,0
30-07 14:40:13,62.651,8.237,28.954,0,0,1522516,265504,181984,5916964,26362.347,1617.444,0,351.445,0,15.975,4773,8194,1.400,1.050,0.640,2,0,0,0,0,10,31,6,17,0
30-07 14:40:14,72.364,15.775,11.518,0,0,1478632,309336,181992,5917008,15879.995,1664.620,0,2207.475,0,141.222,3690,6701,1.400,1.050,0.640,4,0,258.407,0,0,10,28,6,17,0
30-07 14:40:15,73.253,10.250,16.251,0,0,1506824,280948,181992,5917204,25809.084,1552.065,0,160.007,0,13.001,5724,12555,1.530,1.090,0.650,4,0,49.002,0,0,10,29,6,22,0
30-07 14:40:16,63.497,16.249,19.249,0,0,1479288,308296,181996,5917388,19600.000,1619.917,0,903.954,0,50.997,2797,4539,1.530,1.090,0.650,3,0,275.986,0,0,10,28,6,22,0
30-07 14:40:17,59.999,15.500,24.250,0.250,0,1337564,449732,182000,5917672,28821.424,1693.966,59.999,343.993,4.000,32.999,5047,11298,1.530,1.090,0.650,4,0,250.995,0,0,10,28,6,25,0
30-07 14:40:18,63.503,12.501,24.251,0,0,1506572,280704,182004,5917688,31047.273,1532.063,0,200.008,0,9.000,2859,4289,1.530,1.090,0.650,3,0,48.002,0,0,10,30,6,25,0
30-07 14:40:19,58.987,15.746,24.994,0,0,1416432,370696,182008,5917832,20638.315,1619.632,0,259.941,0,26.994,3663,8532,1.530,1.090,0.650,3,0,286.935,0,0,10,28,6,26,0
30-07 14:40:20,62.262,7.251,29.005,0,0,1447620,338900,182008,5918440,31612.943,1620.305,0,1276.240,0,41.008,5025,9518,1.720,1.140,0.670,3,0,38.007,0,0,10,29,6,26,0
30-07 14:40:21,64.462,10.744,24.735,0,0,1492444,293920,182008,5918596,13611.874,1619.033,0,223.866,0,11.993,1856,2332,1.720,1.140,0.670,3,0,73.956,0,0,10,30,6,26,0
30-07 14:40:22,60.502,17.501,22.001,0,0,1366152,420104,182020,5918692,28476.111,1620.063,0,748.029,0,49.002,6179,11626,1.720,1.140,0.670,5,0,375.015,0,0,10,28,6,23,0
30-07 14:40:23,83.020,14.504,1.750,0,0,1585420,200652,182020,5918876,23316.666,1458.354,0,432.105,0,29.007,2866,4314,1.720,1.140,0.670,7,0,159.039,0,0,10,28,6,23,0
30-07 14:40:24,79.766,19.004,1.500,0,0,1488116,297732,182028,5919092,19943.929,1620.319,0,408.080,0,35.007,4597,8334,1.720,1.140,0.670,7,0,268.053,0,0,10,28,6,23,0
30-07 14:40:25,81.253,15.251,3.250,0,0,1588764,197040,182028,5919136,28990.015,1694.059,0,340.012,0,26.001,3083,5091,2.070,1.220,0.700,7,0,205.007,0,0,10,28,6,23,0
30-07 14:40:26,72.646,17.974,7.489,0.250,0,1459956,325596,182036,5919380,8758.484,1691.583,0,359.486,0,23.966,6078,13839,2.070,1.220,0.700,6,0,373.466,0,0,10,28,6,25,0
30-07 14:40:27,45.318,27.291,27.041,0,0,1384924,400396,182044,5919572,30373.773,1622.445,0,412.622,0,14.021,4376,8662,2.070,1.220,0.700,5,0,671.011,0,0,10,28,6,25,0
30-07 14:40:28,20.953,23.697,53.132,0,0,1328520,456752,182048,5919616,29839.696,1454.768,0,203.548,0,9.978,4779,7885,2.070,1.220,0.700,2,0,494.900,0,0,10,28,6,22,0
30-07 14:40:29,39.082,30.815,29.813,0,0,1403448,381768,182056,5919664,32233.981,1623.424,0,4264.995,0,132.279,3382,5990,2.070,1.220,0.700,5,0,838.769,0,0,10,28,6,22,0
30-07 14:40:30,81.501,15.500,2.750,0,0,1586772,198256,182072,5919836,25647.359,1620.023,0,308.004,0,25.000,4664,7731,2.460,1.310,0.730,10,0,268.004,0,0,10,30,6,22,0
30-07 14:40:31,80.261,17.752,1.500,0,0,1513960,270876,182084,5920016,23237.114,1620.217,80.011,1684.226,6.001,113.015,4187,8824,2.460,1.310,0.730,6,0,359.048,0,0,10,28,6,22,0
30-07 14:40:32,84.163,14.984,1.498,0,0,1559808,224824,182092,5920212,22357.815,1618.322,7.992,271.718,0.999,16.982,3283,6843,2.460,1.310,0.730,9,0,223.768,0,0,10,30,6,22,0
30-07 14:40:33,84.002,12.500,3.000,0,0,1665948,132396,181012,5907580,12524.276,1532.034,128.003,264.006,7.000,15.000,5025,16438,2.460,1.310,0.730,7,0,3.000,0,0,10,31,6,22,0
30-07 14:40:34,80.994,13.749,4.500,0.500,0,1636724,169928,180144,5900208,33669.374,2741.786,739.942,4227.670,32.997,272.979,7311,15133,2.460,1.310,0.730,6,1,65.995,0,0,10,30,5,22,0
30-07 14:40:35,84.506,14.001,1.500,0,0,1600744,204460,180156,5901644,32006.240,3421.239,76.005,468.033,4.000,27.002,4248,8015,2.750,1.390,0.760,9,0,128.009,0,0,10,30,5,22,0
30-07 14:40:36,84.414,12.450,2.988,0,0,1689576,131292,180196,5887048,40598.540,1786.894,474.114,1047.833,11.952,24.901,5283,16748,2.750,1.390,0.760,9,0,34.861,0,0,10,30,5,22,0
30-07 14:40:37,79.143,15.577,4.522,0,0,1603256,228276,180088,5874240,40356.491,1507.489,253.258,490.436,11.055,10.050,6961,50629,2.750,1.390,0.760,6,0,87.434,0,0,10,30,5,23,0
30-07 14:40:38,81.833,14.515,3.504,0.250,0,1482180,348524,180176,5874916,133594.064,8920.018,16.016,2262.287,4.004,45.046,4614,13093,2.750,1.390,0.760,6,0,232.235,0,0,10,30,5,20,0
30-07 14:40:39,82.100,11.729,6.239,0,0,1644276,185852,180300,5875300,144575.583,8097.247,0,1050.087,0,43.920,5302,11690,2.750,1.390,0.760,5,0,12.976,0,0,10,32,5,20,0
30-07 14:40:40,83.815,10.758,4.003,0,0,1574756,254464,180448,5876028,456280.336,13862.674,0,1885.452,0,84.065,5429,11242,2.930,1.450,0.790,6,0,131.101,0,0,10,31,5,20,0
30-07 14:40:41,80.551,14.759,4.003,0,0,1616016,212744,180596,5876272,54446.683,9232.881,0,1404.895,0,65.041,4917,8464,2.930,1.450,0.790,7,0,105.067,0,0,10,31,5,20,0
30-07 14:40:42,86.363,9.735,3.744,0,0,1583536,244456,180716,5876888,74053.477,4249.256,0,998.416,0,59.905,5620,13186,2.930,1.450,0.790,7,0,64.897,0,0,10,30,5,20,0
30-07 14:40:43,80.236,14.747,4.999,0.250,0,1584444,243112,180832,5877136,49386.407,9058.424,0,1395.757,0,69.988,3660,10338,2.930,1.450,0.790,8,0,137.976,0,0,10,31,5,20,0
30-07 14:40:44,83.254,10.250,6.250,0,0,1640180,186840,180928,5877572,34867.499,6687.288,4.000,1872.080,1.000,61.003,3619,10984,2.930,1.450,0.790,5,0,37.002,0,0,10,31,5,20,0
30-07 14:40:45,85.440,11.957,2.989,0,0,1631016,195612,181024,5877804,29108.424,6701.693,3.986,952.545,0.996,44.837,2795,6400,3.170,1.530,0.810,6,0,120.563,0,0,10,31,5,20,0
30-07 14:40:46,78.871,9.796,10.047,0,0,1641648,184432,181144,5878192,49476.490,8235.700,0,1302.119,0,68.321,7085,16353,3.170,1.530,0.810,4,0,71.335,0,0,10,33,5,20,0
30-07 14:40:47,79.834,16.267,2.753,0,0,1498516,326984,181252,5878648,31171.605,4173.365,104.109,872.913,2.002,59.062,3787,8584,3.170,1.530,0.810,4,0,250.262,0,0,10,30,5,20,0
30-07 14:40:48,78.420,10.489,8.991,0,0,1624980,200036,181368,5878952,47487.847,7560.334,0,1258.724,0,64.934,5997,11835,3.170,1.530,0.810,3,0,0,0,0,10,33,5,21,0
30-07 14:40:49,81.732,14.247,3.499,0,0,1515036,309116,181516,5879596,87269.277,4863.901,0,1019.770,0,42.990,2875,6081,3.170,1.530,0.810,5,0,204.954,0,0,10,30,5,21,0
30-07 14:40:50,82.677,10.990,5.995,0.250,0,1585960,237708,181668,5879824,80618.894,9858.305,0,1510.668,0,69.938,4802,8934,3.240,1.570,0.830,5,0,59.947,0,0,10,33,5,22,0
30-07 14:40:51,74.573,12.512,11.011,0,0,1479916,343052,181748,5880404,100154.851,5810.677,4.004,1341.310,1.001,64.063,4595,10280,3.240,1.570,0.830,3,0,204.200,0,0,10,30,6,23,0
30-07 14:40:52,72.673,11.238,15.733,0.499,0,1533972,232608,181888,5935128,28236546.734,135965.149,0,28709.625,0,91.903,10448,8484,3.240,1.570,0.830,5,0,45.951,0,0,10,31,6,22,0
30-07 14:40:53,65.811,12.261,20.519,0.500,0,1518624,223244,182192,5959024,12470503.627,54564.636,0,13400.436,0,155.144,6577,7494,3.240,1.570,0.830,5,0,73.068,0,0,10,33,6,21,0
30-07 14:40:54,74.178,14.437,10.206,0.498,0,1482720,244972,182332,5972476,6663176.498,30636.883,302.685,15030.692,7.965,257.880,6437,21023,3.240,1.570,0.830,7,0,128.442,0,0,10,34,6,21,0
30-07 14:40:55,81.110,15.067,3.516,0,0,1594148,132860,182380,5973076,20467.898,1538.834,88.393,638.837,3.013,12.054,7582,16145,3.220,1.590,0.840,4,0,80.357,0,0,10,34,6,21,0
30-07 14:40:56,78.502,13.750,6.500,0,0,1469500,257268,182432,5973192,25050.551,1620.036,0,260.006,0,15.000,3972,8820,3.220,1.590,0.840,4,0,131.003,0,0,10,34,6,21,0
30-07 14:40:57,80.696,13.741,4.997,0.250,0,1532140,194336,182500,5973412,8676.144,1618.907,0,655.557,0,39.973,4617,7977,3.220,1.590,0.840,4,0,34.976,0,0,10,36,6,21,0
30-07 14:40:58,80.050,13.759,5.503,0,0,1478132,247792,182576,5973828,20649.968,1695.065,0,472.297,0,40.025,4386,9300,3.220,1.590,0.840,5,0,244.153,0,0,10,34,6,21,0
30-07 14:40:59,79.992,13.749,4.750,1.250,0,1540488,120356,183972,6033052,29846.896,1605.833,0,7539.216,0,380.960,5670,9417,3.220,1.590,0.840,4,0,95.990,0,0,10,34,6,19,0
30-07 14:41:00,76.310,16.013,6.505,0.751,0,1553720,132220,184900,6002664,24130.039,1663.312,740.584,12045.504,54.043,437.345,5573,9751,3.280,1.630,0.860,4,0,102.081,0,0,10,34,6,19,0
30-07 14:41:01,77.945,17.738,5.496,0.250,0,1536656,122704,194840,6010188,16859.199,1618.867,2418.307,12147.497,177.875,62.956,3896,7107,3.280,1.630,0.860,4,0,123.913,0,0,10,34,6,19,0
30-07 14:41:02,81.746,13.499,3.250,0.250,0,1505656,221368,195304,5942748,8991.532,1967.898,239.988,4947.743,16.999,195.990,5315,10503,3.280,1.630,0.860,4,0,111.994,0,0,10,34,6,21,0
30-07 14:41:03,71.079,20.523,7.759,0.250,0,1434756,288136,195316,5946864,21207.519,1621.799,1593.767,1733.923,37.041,40.044,6455,9069,3.280,1.630,0.860,4,0,268.298,0,0,10,32,6,21,0
30-07 14:41:04,68.930,15.484,15.235,0,0,1463440,248816,195316,5957488,28012.679,1618.364,167.830,1206.780,4.995,12.987,7184,15441,3.280,1.630,0.860,3,0,204.793,0,0,10,32,6,21,0
30-07 14:41:05,50.663,21.962,25.955,0.749,0,1427052,281260,195324,5961424,29266.486,1617.209,3857.342,72243.308,93.838,281.514,5241,8245,3.260,1.660,0.870,2,0,535.076,0,0,10,32,6,21,0
30-07 14:41:06,42.813,8.012,49.072,0.501,0,1402520,305752,195328,5961460,20570.053,1460.133,0,488.714,0,37.054,3308,7398,3.260,1.660,0.870,2,0,94.138,0,0,10,32,6,21,0
30-07 14:41:07,36.251,16.751,46.252,0,0,1421248,287008,195328,5961476,29961.228,1768.072,0,240.010,0,18.001,2512,3473,3.260,1.660,0.870,2,0,284.012,0,0,10,32,6,21,0
30-07 14:41:08,45.493,6.249,49.493,0.250,0,1404100,303864,195332,5961764,25795.182,1619.760,0,303.955,0,22.997,2423,5937,3.260,1.660,0.870,3,0,29.996,0,0,10,33,6,21,0
30-07 14:41:09,43.013,7.502,48.015,0,0,1431036,276776,195332,5961916,6966.166,1620.504,0,156.049,0,9.003,1479,2610,3.260,1.660,0.870,2,0,46.014,0,0,10,33,6,21,0
30-07 14:41:10,43.892,6.983,48.630,0,0,1415072,292176,195332,5962480,21590.822,1616.020,518.722,187.538,4.988,9.975,2818,7342,3.320,1.690,0.890,2,0,55.862,0,0,10,33,6,21,0
30-07 14:41:11,35.339,18.547,45.113,0,0,1401932,305156,195340,5962632,17648.280,1461.667,0,224.563,0,20.050,3559,6245,3.320,1.690,0.890,2,0,329.828,0,0,10,33,6,21,0
30-07 14:41:12,17.459,9.727,71.833,0.249,0,1375464,331584,195340,5962672,31443.987,1616.247,0,343.203,0,22.947,2045,2462,3.320,1.690,0.890,1,0,117.727,0,0,10,32,6,21,0
30-07 14:41:13,22.497,3.999,73.240,0,0,1335900,370988,195348,5962824,19411.418,1619.785,0,299.960,0,30.996,1938,3387,3.320,1.690,0.890,0,0,20.997,0,0,10,32,6,21,0
30-07 14:41:14,18.248,7.999,72.242,0.250,0,1385904,320968,195356,5962832,18222.105,1531.841,0,1347.860,0,83.991,1653,2149,3.320,1.690,0.890,1,0,72.992,0,0,10,32,6,21,0
30-07 14:41:15,24.686,2.743,72.313,0.249,0,1400244,306604,195356,5962856,21447.558,1615.823,0,175.546,0,19.948,2421,4782,3.130,1.680,0.890,2,0,0.997,0,0,10,32,6,19,0
30-07 14:41:16,21.562,4.764,73.211,0,0,1392656,313624,195356,5963424,28738.768,1718.951,569.641,180.520,5.014,10.029,1322,1377,3.130,1.680,0.890,1,0,30.087,0,0,10,32,6,19,0
30-07 14:41:17,23.214,4.743,71.389,0,0,1331296,374572,195356,5963836,27311.721,1455.747,0,0,0,0,2237,4157,3.130,1.680,0.890,1,0,29.954,0,0,10,32,6,14,0
30-07 14:41:18,20.288,5.510,73.386,0,0,1384964,320900,195356,5963840,22086.861,1623.003,0,4.007,0,1.002,1132,1226,3.130,1.680,0.890,1,0,26.048,0,0,10,32,6,14,0
30-07 14:41:19,17.771,9.511,71.586,0,0,1335052,370800,195360,5963848,23893.625,1621.943,0,100.120,0,12.014,2151,3093,3.130,1.680,0.890,1,0,91.109,0,0,10,32,6,13,0
30-07 14:41:20,22.258,4.001,73.525,0.250,0,1389068,316648,195360,5963984,29550.136,1458.500,0,3229.108,0,168.058,1660,1703,2.960,1.670,0.890,1,0,0,0,0,10,32,6,13,0
30-07 14:41:21,17.720,9.734,71.379,0.499,0,1331840,373860,195368,5963992,12936.099,1617.262,0,614.959,0,32.944,2179,3452,2.960,1.670,0.890,1,0,98.833,0,0,10,32,6,12,0
30-07 14:41:22,23.274,2.252,73.576,0,0,1379296,326260,195368,5964136,28708.771,1621.682,0,104.108,0,8.008,1499,2137,2.960,1.670,0.890,1,0,0,0,0,10,33,6,12,0
30-07 14:41:23,18.220,9.235,72.133,0.250,0,1346768,358764,195372,5964156,20591.539,1657.307,0,291.526,0,26.956,2048,2659,2.960,1.670,0.890,1,0,93.847,0,0,10,32,6,11,0
30-07 14:41:24,24.008,2.501,73.025,0,0,1382500,322252,195372,5964936,33146.303,1640.559,0,152.052,0,10.003,1880,2933,2.960,1.670,0.890,1,0,0,0,0,10,33,6,13,0
30-07 14:41:25,21.997,4.749,72.241,0.250,0,1360456,344144,195384,5965076,29033.284,1619.793,0,791.899,0,51.993,2030,2868,2.810,1.660,0.890,1,0,30.996,0,0,10,32,6,15,0
30-07 14:41:26,24.536,2.504,73.108,0,0,1382476,321968,195388,5965228,12537.606,1696.518,0,44.065,0,6.009,2370,4361,2.810,1.660,0.890,1,0,0,0,0,10,33,6,16,0
30-07 14:41:27,12.498,17.247,69.237,0,0,1318688,385448,195388,5965536,25118.278,1619.695,0,79.985,0,6.999,2480,3134,2.810,1.660,0.890,2,0,228.957,0,0,10,32,6,14,0
30-07 14:41:28,28.480,16.239,54.462,0,0,1403000,301032,195400,5965628,29545.141,1660.827,15.989,327.769,1.999,21.984,2670,3494,2.810,1.660,0.890,2,0,256.819,0,0,10,32,6,16,0
30-07 14:41:29,42.732,6.997,47.980,2.499,0,1504024,196964,195688,5968384,26223.248,1619.336,655.731,5493.748,29.988,402.835,4108,5939,2.810,1.660,0.890,3,0,28.988,0,0,10,36,6,16,0
30-07 14:41:30,39.859,8.774,42.115,10.278,0,1443584,251496,196272,5973524,34049.124,1590.350,80.219,121985.631,20.055,3902.674,18173,29913,2.740,1.670,0.900,8,0,112.307,0,0,10,36,6,16,0
30-07 14:41:31,39.915,7.734,45.154,5.488,0,1443316,251056,196788,5973808,21552.374,1690.421,0,29329.909,0,2702.279,13617,21555,2.740,1.670,0.900,2,0,36.922,0,0,10,32,6,16,0
30-07 14:41:32,45.748,4.250,47.998,0.750,0,1461284,232992,196848,5973812,30744.739,1639.933,0,9263.620,0,628.974,3440,4782,2.740,1.670,0.900,3,1,2.000,0,0,10,34,6,16,0
30-07 14:41:33,37.819,7.764,50.092,3.005,0,1445960,247448,197244,5974336,12950.661,1622.965,0,15428.187,0,2458.492,12491,23775,2.740,1.670,0.900,2,0,9.016,0,0,10,32,6,16,0
30-07 14:41:34,25.989,5.748,67.471,0.500,0,1389232,304136,197268,5974348,20773.068,1693.272,0,4630.009,0,257.889,2255,2875,2.740,1.670,0.900,1,0,91.960,0,0,10,32,6,16,0
30-07 14:41:35,21.997,3.500,73.491,0.250,0,1438368,254996,197272,5974348,20650.543,1619.807,0,831.901,0,50.994,1348,1590,2.600,1.650,0.900,1,0,4.000,0,0,10,32,6,16,0
30-07 14:41:36,23.497,5.249,68.993,1.000,0,1396688,296876,197284,5974364,40002.680,1457.843,0,56677.879,0,963.896,3387,3019,2.600,1.650,0.900,3,0,1.000,0,0,10,32,6,16,0
30-07 14:41:37,26.964,4.494,67.910,0,0,1326896,366544,197284,5974384,34098.819,1659.801,0,43.942,0,5.992,1782,4770,2.600,1.650,0.900,1,0,36.951,0,0,10,32,6,17,0
30-07 14:41:38,21.999,4.000,73.495,0,0,1405348,288092,197284,5974384,19302.803,1619.900,0,0,0,0,1033,1078,2.600,1.650,0.900,1,0,0,0,0,10,32,6,16,0
30-07 14:41:39,23.478,2.248,73.930,0,0,1337740,355632,197284,5974452,29715.859,1658.429,0,0,0,0,1117,1033,2.600,1.650,0.900,1,0,2.997,0,0,10,32,6,16,0
30-07 14:41:40,23.518,2.252,74.057,0,0,1417620,275748,197284,5974452,20180.478,1567.202,0,0,0,0,1034,1069,2.470,1.640,0.900,1,0,2.002,0,0,10,32,6,16,0
30-07 14:41:41,23.293,3.256,73.637,0,0,1361100,332124,197284,5974564,24968.366,1623.014,0,0,0,0,1525,1061,2.470,1.640,0.900,1,0,1.002,0,0,10,32,6,16,0
30-07 14:41:42,23.248,2.500,73.995,0,0,1375612,317600,197284,5974576,22759.452,1511.897,0,199.986,0,3.000,1107,1127,2.470,1.640,0.900,1,0,1.000,0,0,10,32,6,16,0
30-07 14:41:43,23.955,2.495,73.112,0.250,0,1444156,249056,197284,5974576,12731.002,1563.054,0,99.812,0,8.983,1214,1549,2.470,1.640,0.900,2,0,1.996,0,0,10,32,6,16,0
30-07 14:41:44,23.002,2.750,73.008,0,0,1382680,310468,197284,5974640,13344.374,1620.167,0,308.032,0,22.002,1065,1212,2.470,1.640,0.900,1,0,1.000,0,0,10,32,6,16,0
30-07 14:41:45,23.052,3.007,73.665,0,0,1379644,313484,197284,5974660,13339.828,1461.267,0,0,0,0,935,1090,2.350,1.630,0.900,1,0,2.004,0,0,10,32,6,16,0
30-07 14:41:46,22.449,3.492,73.832,0,0,1438360,254768,197284,5974660,9738.776,1616.312,0,0,0,0,951,1083,2.350,1.630,0.900,1,0,1.995,0,0,10,32,6,16,0
30-07 14:41:47,15.269,11.514,72.090,0,0,1351028,341948,197288,5974808,13841.288,1738.171,0,0,0,0,1944,2557,2.350,1.630,0.900,1,0,178.223,0,0,10,32,6,16,0
30-07 14:41:48,9.749,20.498,68.492,0,0,1353300,339664,197288,5974820,12022.678,1585.826,0,647.929,0,7.999,2521,3435,2.350,1.630,0.900,1,0,302.967,0,0,10,32,6,16,0
30-07 14:41:49,10.739,17.982,69.928,0,0,1357984,334760,197296,5975028,6418.408,1564.393,107.889,539.446,5.994,9.990,2399,3346,2.350,1.630,0.900,1,0,257.735,0,0,10,32,6,16,0
30-07 14:41:50,8.255,21.012,69.541,0,0,1358904,333784,197300,5975044,6307.677,1620.945,4.002,276.161,1.001,3.002,2410,3370,2.250,1.620,0.900,1,0,285.166,0,0,10,32,6,15,0
30-07 14:41:51,7.246,20.738,69.961,0,0,1358264,334400,197300,5975064,13842.276,1619.097,0,0,0,0,2544,3327,2.250,1.620,0.900,1,0,269.849,0,0,10,32,6,15,0
30-07 14:41:52,21.006,5.001,73.519,0,0,1425716,266960,197300,5975052,10209.685,1620.426,0,0,0,0,1121,1326,2.250,1.620,0.900,1,0,23.006,0,0,10,32,6,13,0
30-07 14:41:53,23.986,2.998,73.206,0,0,1359840,332808,197300,5975076,12399.610,1619.035,0,287.828,0,36.978,1363,1732,2.250,1.620,0.900,1,0,2.998,0,0,10,32,6,13,0
30-07 14:41:54,22.005,3.251,72.516,0.500,0,1438328,254316,197316,5975064,8737.870,1620.347,0,5005.071,0,250.054,1603,2076,2.250,1.620,0.900,2,0,2.000,0,0,10,32,6,13,0
30-07 14:41:55,22.257,4.251,73.022,0.250,0,1372680,319280,197316,5975748,12909.834,1586.471,676.201,20.006,9.003,1.000,1073,1127,2.140,1.610,0.900,1,0,8.002,0,0,10,32,6,13,0
30-07 14:41:56,23.500,3.500,73.750,0,0,1439204,252752,197316,5975748,9792.010,1640.002,0,0,0,0,979,1126,2.140,1.610,0.900,1,0,2.000,0,0,10,32,6,13,0
30-07 14:41:57,22.992,2.249,73.973,0,0,1384908,307056,197316,5975740,6195.745,1619.411,0,11.996,0,1.000,933,1083,2.140,1.610,0.900,1,0,1.000,0,0,10,32,6,13,0
30-07 14:41:58,23.001,2.750,73.753,0,0,1451436,240528,197316,5975740,5849.228,1620.063,0,20.001,0,1.000,979,1124,2.140,1.610,0.900,2,0,2.000,0,0,10,32,6,13,0
30-07 14:41:59,23.259,3.251,74.028,0,0,1408912,283044,197316,5975748,13431.037,1620.608,0,0,0,0,1016,1095,2.140,1.610,0.900,1,0,1.000,0,0,10,32,6,13,0
30-07 14:42:00,23.501,2.250,73.755,0,0,1443948,247996,197316,5975760,8615.534,1704.106,0,60.004,0,4.000,885,1006,2.050,1.600,0.900,2,0,2.000,0,0,10,32,6,13,0
30-07 14:42:01,21.989,3.998,73.963,0,0,1423880,268088,197316,5975736,13631.225,1511.249,0,1635.187,0,4.998,967,1033,2.050,1.600,0.900,1,0,1.000,0,0,10,32,6,13,0
30-07 14:42:02,23.774,2.002,73.575,0,0,1359212,332732,197316,5975760,8020.140,1567.591,0,24.024,0,1.001,925,1056,2.050,1.600,0.900,1,0,3.003,0,0,10,32,6,13,0
30-07 14:42:03,23.489,2.749,73.715,0,0,1433380,258644,197320,5975676,13151.832,1585.257,0,223.895,0,12.994,1266,1607,2.050,1.600,0.900,1,0,1.999,0,0,10,32,6,13,0
30-07 14:42:04,23.987,1.499,73.960,0,0,1364152,327792,197320,5975756,10345.372,1619.119,0,543.704,0,30.983,1032,1241,2.050,1.600,0.900,1,0,0.999,0,0,10,32,5,11,0
30-07 14:42:05,23.993,2.249,73.478,0,0,1380968,310984,197320,5975748,15834.155,1565.521,0,11.996,0,1.000,981,1197,1.970,1.590,0.910,1,0,1.999,0,0,10,32,5,11,0
30-07 14:42:06,22.560,3.509,73.446,0.251,0,1444260,247688,197320,5975748,20003.349,1516.043,0,2899.734,0,194.519,1370,1200,1.970,1.590,0.910,1,0,2.005,0,0,10,32,5,11,0
30-07 14:42:07,23.711,1.997,73.629,0,0,1410032,281916,197320,5975748,15110.068,1617.331,0,0,0,0,979,1081,1.970,1.590,0.910,1,0,0.998,0,0,10,32,5,11,0
30-07 14:42:08,24.487,2.249,74.210,0,0,1401464,290476,197320,5975756,12776.190,1565.166,0,19.989,0,0.999,953,1076,1.970,1.590,0.910,1,0,0.999,0,0,10,32,5,11,0
30-07 14:42:09,21.523,5.506,72.829,0,0,1355480,336708,197320,5975788,14924.282,1513.651,0,88.096,0,3.003,1207,1395,1.970,1.590,0.910,1,0,52.057,0,0,10,32,5,11,0
30-07 14:42:10,9.751,20.252,68.505,0,0,1357440,334724,197320,5975812,8804.696,1620.128,0,168.013,0,8.001,2565,3556,1.810,1.560,0.900,2,0,327.026,0,0,10,32,5,11,0
30-07 14:42:11,19.485,7.994,72.445,0,0,1414108,278040,197320,5975828,12779.364,1564.820,0,95.928,0,2.998,1460,1818,1.810,1.560,0.900,1,0,84.936,0,0,10,32,5,11,0
30-07 14:42:12,23.752,2.250,73.757,0,0,1388772,303140,197320,5976064,9895.990,1586.159,0,4.000,0,1.000,1054,1266,1.810,1.560,0.900,1,0,9.001,0,0,10,32,5,11,0
30-07 14:42:13,23.258,2.501,73.276,0.250,0,1360140,331764,197320,5976072,6572.300,1694.593,0,172.060,0,11.004,1156,1592,1.810,1.560,0.900,1,0,3.001,0,0,10,32,5,11,0
30-07 14:42:14,8.502,22.004,67.513,0,0,1360628,331176,197320,5976172,13524.516,1566.291,4.001,484.090,1.000,32.006,2849,4087,1.810,1.560,0.900,1,0,361.067,0,0,10,32,5,11,0
30-07 14:42:15,9.497,19.995,69.231,0,0,1362360,329420,197320,5976192,10250.202,1693.538,0,95.974,0,3.999,2570,3608,1.750,1.550,0.900,2,0,305.916,0,0,10,32,5,11,0
30-07 14:42:16,8.744,21.486,68.456,0,0,1364600,327156,197320,5976212,6933.583,1712.909,0,219.860,0,4.997,2528,3596,1.750,1.550,0.900,1,0,319.796,0,0,10,32,5,11,0
30-07 14:42:17,9.251,20.252,68.258,0,0.250,1364448,327156,197320,5976360,14365.767,1512.186,0,276.034,0,3.000,2617,3500,1.750,1.550,0.900,1,0,307.038,0,0,10,32,5,11,0
30-07 14:42:18,10.009,21.268,68.810,0,0,1361760,329828,197320,5976376,9965.650,1621.407,0,832.723,0,10.009,2530,3461,1.750,1.550,0.900,1,0,306.266,0,0,10,32,5,11,0
30-07 14:42:19,8.499,22.247,68.490,0,0,1360996,330576,197320,5976392,14101.026,1619.773,0,843.882,0,9.999,2710,3672,1.750,1.550,0.900,1,0,336.953,0,0,10,32,5,8,0
30-07 14:42:20,8.254,22.012,68.036,0,0,1364320,327228,197320,5976416,14636.757,1694.898,0,828.439,0,9.005,2685,3636,1.610,1.530,0.900,1,0,325.172,0,0,10,32,5,8,0
30-07 14:42:21,9.508,20.266,69.555,0.250,0,1364820,326716,197320,5976428,6516.193,1773.413,0,960.766,0,17.014,2558,3649,1.610,1.530,0.900,3,0,292.233,0,0,10,32,5,8,0
30-07 14:42:22,7.990,20.224,70.408,0,0,1365096,326420,197320,5976448,14863.662,1637.869,0,255.667,0,7.990,2453,3332,1.610,1.530,0.900,1,0,267.652,0,0,10,32,6,8,0
30-07 14:42:23,8.246,20.489,69.963,0,0,1365252,326240,197320,5976472,12012.729,1585.173,0,111.942,0,3.998,2462,3373,1.610,1.530,0.900,2,0,283.852,0,0,10,32,6,8,0
30-07 14:42:24,8.758,20.769,69.312,0,0,1359652,331796,197320,5976508,14564.064,1621.454,8.007,284.255,1.001,9.008,2653,3766,1.610,1.530,0.900,1,0,323.290,0,0,10,32,6,8,0
30-07 14:42:25,7.989,22.469,68.406,0,0,1359252,332184,197320,5976520,17290.330,1691.684,0,35.951,0,8.988,2635,3582,1.560,1.520,0.900,1,0,326.553,0,0,10,32,6,5,0
30-07 14:42:26,8.501,22.003,69.260,0,0,1365352,326056,197320,5976544,13806.016,1662.243,0,140.020,0,7.001,2514,3363,1.560,1.520,0.900,2,0,287.042,0,0,10,32,6,5,0
30-07 14:42:27,23.049,24.301,51.108,0.251,0,1388444,299348,197332,5980152,10519.185,1503.170,3551.490,420.888,50.106,22.046,3624,5301,1.560,1.520,0.900,3,0,521.099,0,0,10,32,6,5,0
30-07 14:42:28,50.047,33.281,16.265,0,0,1493492,185624,198448,5984456,6636.258,1695.599,848.800,1461.378,20.019,69.065,9417,7428,1.560,1.520,0.900,6,0,762.719,0,0,10,32,6,9,0
30-07 14:42:29,81.166,15.734,2.497,0.999,0.250,1659268,127416,197504,5879232,6375.382,1766.167,31.967,9733.896,4.995,641.334,3601,5607,1.560,1.520,0.900,2,1,91.905,0,0,10,36,6,8,0
30-07 14:42:30,53.751,12.000,27.250,6.750,0,1665128,134136,197708,5866700,13989.196,1458.020,324.005,82541.156,38.001,6062.085,21789,41835,1.750,1.560,0.910,3,1,140.002,0,0,10,38,6,8,0
30-07 14:42:31,62.746,13.499,14.499,8.749,0,1634604,152648,198340,5877924,8690.444,1619.896,0,95453.891,0,6791.565,26201,43959,1.750,1.560,0.910,6,1,167.989,0,0,10,36,6,8,0
30-07 14:42:32,55.014,11.253,24.256,10.253,0,1604380,188672,198580,5871932,12210.199,1620.425,264.069,82001.484,40.010,6254.639,25265,43079,1.750,1.560,0.910,2,1,96.025,0,0,10,36,6,9,0
30-07 14:42:33,44.785,16.513,28.022,10.758,0,1567572,215208,199032,5881428,10829.545,1501.184,0,79226.510,0,5735.525,22929,38980,1.750,1.560,0.910,1,1,295.233,0,0,10,34,6,9,0
30-07 14:42:34,38.465,6.994,43.960,9.242,0,1583108,195384,199308,5885268,12951.227,1618.529,31.971,61667.944,5.995,4763.670,21806,39560,1.750,1.560,0.910,2,0,56.948,0,0,10,35,6,9,0
30-07 14:42:35,37.675,10.230,43.164,9.731,0.250,1558252,219584,199536,5885572,10236.619,1616.781,0,56156.193,0,4923.198,18931,36729,1.850,1.580,0.930,2,0,66.867,0,0,10,34,6,9,0
30-07 14:42:36,40.566,9.265,42.319,10.016,0,1585872,190156,199748,5887132,22727.159,1460.388,0,51059.482,0,4640.587,18336,35814,1.850,1.580,0.930,3,1,45.074,0,0,10,35,6,10,0
30-07 14:42:37,42.255,9.501,39.005,8.751,0,1538572,235760,199968,5888576,20851.627,1768.223,0,57675.267,0,4746.598,20046,40179,1.850,1.580,0.930,2,1,144.018,0,0,10,34,6,14,0
30-07 14:42:38,44.248,5.750,42.998,7.750,0,1582948,188704,200076,5891100,13269.270,1619.911,131.993,39521.826,2.000,3552.805,15088,28282,1.850,1.580,0.930,4,0,50.997,0,0,10,35,6,15,0
30-07 14:42:39,36.480,8.495,42.477,10.744,0,1516368,251196,200276,5894896,13507.746,1619.131,7.996,41833.535,1.999,3802.958,17744,35254,1.850,1.580,0.930,2,0,89.952,0,0,10,36,6,20,0
30-07 14:42:40,38.552,7.009,41.556,13.268,0,1571792,192256,200380,5898212,13729.576,1459.975,0,64471.230,0,5365.259,20368,35506,1.860,1.590,0.930,4,0,90.122,0,0,10,36,6,21,0
30-07 14:42:41,34.692,8.236,44.176,9.484,0,1571336,189260,200504,5901456,9941.239,1617.273,7.987,56325.036,1.997,4784.933,22182,42113,1.860,1.590,0.930,3,0,71.879,0,0,10,36,6,30,0
30-07 14:42:42,37.041,8.760,42.547,10.762,0,1564740,198316,200592,5898828,12648.914,1621.784,0,48369.206,0,4445.890,17108,32759,1.860,1.590,0.930,4,0,79.087,0,0,10,36,6,30,0
30-07 14:42:43,39.450,6.741,44.193,7.990,0,1525312,239104,200668,5897360,13541.680,1617.931,0,39960.890,0,3623.366,13436,29405,1.860,1.590,0.930,3,0,66.914,0,0,10,34,6,33,0
30-07 14:42:44,31.771,11.508,55.537,0.500,0,1465748,298536,200688,5897440,4344.894,1695.129,0,14757.829,0,890.593,3677,6965,1.860,1.590,0.930,1,0,212.141,0,0,10,33,6,34,0
30-07 14:42:45,20.001,7.000,72.753,0,0,1445192,319092,200692,5897436,12727.547,1458.063,0,1208.052,0,76.003,1910,2831,1.800,1.580,0.930,1,0,61.003,0,0,10,32,6,35,0
30-07 14:42:46,24.457,2.995,72.373,0.250,0,1456508,307608,200696,5897600,12437.247,1617.172,0,826.554,0,47.916,2526,4193,1.800,1.580,0.930,1,0,0,0,0,10,32,6,36,0
30-07 14:42:47,21.251,5.000,73.504,0.250,0,1453760,310348,200700,5897604,6511.397,1620.099,0,2864.175,0,174.011,1258,2003,1.800,1.580,0.930,1,0,43.003,0,0,10,32,6,36,0
30-07 14:42:48,18.246,7.748,71.736,0,0,1394044,370040,200700,5897628,12874.477,1499.706,0,103.980,0,13.997,2974,4837,1.800,1.580,0.930,1,0,69.986,0,0,10,32,6,37,0
30-07 14:42:49,10.500,20.501,67.502,0,0,1395672,368280,200708,5897752,9962.349,1620.057,8.000,288.010,2.000,19.001,2595,3483,1.800,1.580,0.930,1,0,312.011,0,0,10,32,6,37,0
30-07 14:42:50,14.787,23.309,60.903,0,0,1411448,352448,200712,5897804,15431.749,1503.776,4.010,589.480,1.003,37.093,3242,4929,1.970,1.620,0.950,3,0,478.201,0,0,10,32,6,40,0
30-07 14:42:51,65.851,8.980,24.195,0,0,1595996,167012,200740,5898644,9646.161,1616.341,0,542.771,0,37.914,1793,2061,1.970,1.620,0.950,3,0,25.941,0,0,10,32,6,43,0
30-07 14:42:52,64.847,10.725,22.696,1.746,0,1770132,130492,200340,5763632,4759.738,1616.176,3016.862,11672.383,147.651,474.876,2725,2729,1.970,1.620,0.950,3,0,0,0,0,10,32,6,43,0
30-07 14:42:53,41.181,8.035,38.168,11.551,0,1776764,118536,200448,5768888,13836.771,1613.085,0,70461.467,0,5461.989,24352,40227,1.970,1.620,0.950,5,0,235.032,0,0,10,38,6,43,0
30-07 14:42:54,36.754,9.501,39.754,12.501,0,1779780,121100,200624,5763396,8979.916,1694.173,0,115071.737,0,8829.901,36617,62339,1.970,1.620,0.950,4,1,231.024,0,0,10,38,6,43,0
30-07 14:42:55,48.243,10.249,31.246,9.999,0,1661024,246260,200492,5757360,5508.212,1619.768,359.949,86879.576,5.999,6940.008,27715,48452,1.970,1.630,0.950,2,1,264.962,0,0,10,36,6,43,0
30-07 14:42:56,49.256,11.752,29.754,11.001,0,1732256,163156,200548,5769080,12630.617,1532.196,4.001,92311.816,1.000,6752.864,19416,43139,1.970,1.630,0.950,4,0,99.013,0,0,10,36,6,43,0
30-07 14:42:57,44.494,9.499,31.996,13.998,0,1766388,132776,200276,5765420,13956.200,1619.791,0,105990.327,0,8109.954,24368,51345,1.970,1.630,0.950,4,1,44.994,0,0,10,38,6,43,0
30-07 14:42:58,42.686,9.486,40.189,8.986,0,1653768,242220,200300,5768532,12731.762,1617.556,0,57668.862,0,4646.978,16605,33809,1.970,1.630,0.950,2,0,161.756,0,0,10,34,6,43,0
30-07 14:42:59,17.735,14.488,64.697,1.499,0,1400724,495208,200312,5768560,8778.810,1618.674,0,15655.178,0,955.218,4602,7094,1.970,1.630,0.950,1,0,248.796,0,0,10,32,6,43,0
30-07 14:43:00,24.001,2.250,73.503,0.500,0,1474056,421876,200312,5768560,6061.230,1694.064,0,1172.045,0,76.003,1066,1449,1.900,1.620,0.950,1,0,3.000,0,0,10,32,6,43,0
30-07 14:43:01,23.999,2.500,71.998,0.500,0,1521904,374024,200312,5768564,14401.568,1619.951,0,5163.845,0,306.991,1928,2891,1.900,1.620,0.950,1,0,0,0,0,10,38,6,43,0
30-07 14:43:02,20.998,4.499,73.741,0,0,1447376,448552,200312,5768564,19741.690,1531.821,0,83.990,0,5.999,1304,1435,1.900,1.620,0.950,1,0,29.996,0,0,10,32,6,43,0
30-07 14:43:03,23.267,2.252,73.804,0,0,1517936,377992,200312,5768564,18061.257,1695.244,0,40.029,0,4.003,1027,1191,1.900,1.620,0.950,1,0,0,0,0,10,34,6,43,0
30-07 14:43:04,19.531,11.268,68.110,0.250,0,1403924,491860,200320,5768700,8649.918,1622.611,128.206,548.883,7.011,46.074,1891,2773,1.900,1.620,0.950,2,0,180.290,0,0,10,32,6,43,0
30-07 14:43:05,11.753,42.009,46.510,0,0,1406776,488884,200328,5768816,11988.554,1532.326,44.009,188.040,4.001,23.005,4831,8189,1.900,1.620,0.960,3,0,1039.221,0,0,10,32,6,43,0
30-07 14:43:06,13.974,33.439,52.404,0,0,1410740,484884,200328,5768852,9062.443,1658.969,0,335.387,0,28.947,3888,6555,1.900,1.620,0.960,3,0,804.530,0,0,10,32,6,43,0
30-07 14:43:07,7.255,17.513,74.304,0.250,0,1395424,499356,200360,5769632,20519.918,1621.179,752.547,4.003,21.015,1.001,2544,3078,1.900,1.620,0.960,1,0,193.140,0,0,11,12,6,43,20
30-07 14:43:08,7.251,21.253,70.009,0,0,1400056,494696,200360,5769656,26922.446,1458.187,0,12.002,0,3.000,2542,3345,1.900,1.620,0.960,2,0,263.034,0,0,11,12,6,43,20
30-07 14:43:09,11.734,20.972,65.662,0,0,1407260,486716,200360,5770760,13511.962,1765.643,623.168,19.973,40.945,4.993,3432,5354,1.900,1.620,0.960,2,0,232.689,0,0,11,12,6,43,20
30-07 14:43:10,24.800,17.285,56.864,0,0,1439408,453884,200368,5771024,24667.335,1623.246,48.096,8.016,3.006,2.004,4773,7038,1.910,1.630,0.970,3,0,294.589,0,0,13,12,6,43,20
30-07 14:43:11,9.243,20.734,68.948,0,0,1446440,446768,200368,5771104,21570.693,1456.899,0,363.725,0,7.994,2718,3722,1.910,1.630,0.970,3,0,277.790,0,0,13,12,6,43,20
30-07 14:43:12,18.021,17.771,62.322,0,0,1454616,438556,200368,5771108,24674.474,1621.872,0,16.018,0,3.003,4159,8794,1.910,1.630,0.970,2,0,168.194,0,0,13,12,6,43,20
30-07 14:43:13,16.230,20.224,61.922,0,0,1488660,404148,200368,5771456,28500.061,1617.960,71.909,7.990,1.997,1.997,3003,4097,1.910,1.630,0.970,1,0,304.616,0,0,15,12,6,43,20
30-07 14:43:14,10.749,18.749,67.496,0.250,0,1492772,399888,200368,5771948,6308.653,1457.920,0,667.963,0,40.998,3583,5686,1.910,1.630,0.970,0,0,243.987,0,0,15,12,6,43,20
30-07 14:43:15,25.032,17.523,56.322,0,0,1546260,346324,200368,5771640,21392.489,1622.084,0,564.726,0,4.005,4203,6445,1.920,1.640,0.970,3,0,146.188,0,0,15,12,6,43,20
30-07 14:43:16,82.328,15.765,1.752,0,0,1883848,132568,200128,5650540,6039.714,1715.623,0,4027.810,0,354.335,2508,2821,1.920,1.640,0.970,13,0,44.042,0,0,17,12,6,43,20
30-07 14:43:17,44.678,14.976,38.938,0,0,1927452,172148,200132,5569480,29412.881,1691.291,0,443.290,0,11.981,2877,4207,1.920,1.640,0.970,1,0,180.711,0,0,17,12,6,43,20
30-07 14:43:18,10.727,19.458,68.105,0.249,0,1931956,167616,200132,5569508,25406.807,1690.394,0,6653.807,0,337.281,3658,5109,1.920,1.640,0.970,3,0,258.449,0,0,17,12,6,43,20
30-07 14:43:19,14.288,19.301,64.169,0.501,0,1943856,155516,200132,5570008,31193.225,1570.139,0,2338.163,0,117.309,5741,9119,1.920,1.640,0.970,11,0,203.537,0,0,17,12,6,43,20
30-07 14:43:20,26.144,10.458,62.746,0.249,0,1979384,118600,200136,5570964,26101.472,1505.912,1043.780,0,19.919,0,2568,3701,1.850,1.630,0.970,2,0,143.420,0,0,17,12,6,43,20
30-07 14:43:21,7.768,9.773,81.191,0,0,1996876,119676,199748,5553100,13942.752,1623.814,0,0,0,0,1801,2796,1.850,1.630,0.970,2,0,92.217,0,0,18,12,6,44,20
30-07 14:43:22,23.761,4.502,71.032,0,0,2058864,133672,199748,5478460,25259.367,1620.729,0,216.097,0,13.006,1914,2831,1.850,1.630,0.970,3,0,0,0,0,18,13,6,44,14
30-07 14:43:23,20.978,8.242,70.178,0.499,0,2006608,185388,199752,5478996,18343.143,1618.336,243.749,455.532,4.995,40.958,3095,4964,1.850,1.630,0.970,1,0,79.918,0,0,18,18,6,49,0
30-07 14:43:24,10.263,21.027,67.337,0.250,0,2010560,181368,199752,5479064,20849.083,1459.896,0,468.609,0,33.043,3255,4650,1.850,1.630,0.970,1,0,310.403,0,0,18,18,6,49,0
30-07 14:43:25,8.243,20.732,68.941,0,0,2013876,178024,199752,5479092,29720.411,1692.543,0,359.690,0,6.994,3160,4316,1.780,1.620,0.970,2,0,285.754,0,0,18,18,6,49,0
30-07 14:43:26,10.998,20.496,68.238,0,0,2014596,177284,199752,5479112,9332.376,1693.705,0,23.996,0,5.999,2746,4020,1.780,1.620,0.970,1,0,252.956,0,0,18,18,6,49,0
30-07 14:43:27,14.511,17.764,65.552,0,0,2021568,170132,199752,5479612,29039.883,1459.150,0,20.016,0,5.004,5010,8745,1.780,1.620,0.970,3,0,179.141,0,0,18,18,6,49,0
30-07 14:43:28,38.570,11.521,48.338,0,0,2092684,127356,199380,5452264,25057.680,1622.959,328.599,52.095,3.005,5.009,2868,3877,1.780,1.620,0.970,2,0,157.287,0,0,18,19,6,45,0
30-07 14:43:29,46.626,5.735,46.376,0,0,2195756,134664,199380,5344192,33261.226,1615.688,0,187.500,0,0.997,1759,2787,1.780,1.620,0.970,3,0,0,0,0,18,19,6,45,0
30-07 14:43:30,48.239,5.999,44.740,0,0,2250432,124924,199044,5300300,24487.662,1457.682,147.968,9197.995,2.000,598.869,3064,7712,1.800,1.620,0.980,2,0,8.998,0,0,18,35,6,42,0
30-07 14:43:31,15.760,16.260,67.042,0,0,2269144,123492,199044,5283180,20580.801,1621.008,0,352.219,0,12.007,3063,4488,1.800,1.620,0.980,3,0,284.177,0,0,18,34,6,43,0
30-07 14:43:32,15.236,13.987,68.935,0.250,0,2270308,122996,199044,5282500,27832.921,1618.483,215.798,147.861,9.991,9.991,4879,11400,1.800,1.620,0.980,0,0,153.856,0,0,18,34,6,43,0
30-07 14:43:33,2.250,1.000,95.498,0.250,0,2270304,122996,199044,5282504,11757.718,1531.963,4.000,83.998,1.000,9.000,1144,1848,1.800,1.620,0.980,0,0,3.000,0,0,18,34,6,43,0
30-07 14:43:34,2.250,2.000,93.986,0.250,0,2298924,129296,198660,5248764,22098.818,1619.767,0,347.950,0,27.996,1528,2412,1.800,1.620,0.980,0,0,2.000,0,0,18,34,5,42,0
30-07 14:43:35,2.500,0.500,96.503,0,0,2298924,129296,198660,5248764,30123.783,1620.042,0,36.001,0,4.000,1429,1954,1.650,1.600,0.970,0,0,3.000,0,0,18,34,5,42,0
30-07 14:43:36,2.001,1.251,95.042,0,0,2298924,129296,198660,5248760,39752.491,1620.713,28.012,12.005,2.001,3.001,1516,1913,1.650,1.600,0.970,2,0,8.004,0,0,18,34,5,41,0
30-07 14:43:37,18.796,20.551,59.397,0.251,0,2305352,152128,198260,5220548,41099.557,1624.013,276.684,1668.122,17.042,285.706,6423,15535,1.650,1.600,0.970,2,0,291.721,0,0,18,34,5,42,0
30-07 14:43:38,10.731,14.973,73.119,0,0,2306288,150948,198260,5220780,8867.128,1497.320,23.957,0,2.995,0,2996,4704,1.650,1.600,0.970,1,0,252.548,0,0,19,34,5,37,0
30-07 14:43:39,18.273,17.522,62.578,0,0,2315436,141068,198268,5221416,22259.914,1860.333,600.753,0,34.043,0,6143,11089,1.650,1.600,0.970,4,0,239.300,0,0,19,34,5,37,0
30-07 14:43:40,4.493,5.242,88.612,0.250,0,2311264,145248,198268,5221416,25100.868,1617.478,0,331.483,0,11.981,2063,3016,1.520,1.570,0.970,0,0,110.827,0,0,19,34,5,31,0
30-07 14:43:41,14.502,19.252,65.007,0,0,2320464,135984,198268,5221800,24920.617,1620.170,0,0,0,0,4252,7636,1.520,1.570,0.970,1,0,212.022,0,0,21,34,5,31,0
30-07 14:43:42,11.504,16.506,70.527,0,0,2321268,135120,198268,5221456,19886.597,1532.585,0,8.003,0,2.001,3272,4613,1.520,1.570,0.970,1,0,241.092,0,0,21,36,5,21,0
30-07 14:43:43,9.010,20.522,68.825,0,0,2318364,137996,198268,5221484,32154.952,1621.763,0,56.061,0,14.015,3193,4359,1.520,1.570,0.970,2,0,279.304,0,0,21,36,5,21,0
30-07 14:43:44,15.774,18.528,63.847,0,0.250,2320568,135632,198268,5222016,25285.560,1780.716,0,24.037,0,6.009,5265,8347,1.520,1.570,0.970,3,0,215.328,0,0,21,36,5,21,0
30-07 14:43:45,28.212,23.968,46.687,0,0,2378388,128840,197760,5172240,14145.945,1456.039,0,315.575,0,11.984,3949,6245,1.560,1.580,0.970,3,0,413.443,0,0,21,36,5,17,0
30-07 14:43:46,30.760,24.508,45.265,0,0,2419152,130448,197168,5131400,26511.908,1694.569,24.008,276.093,4.001,3.001,4441,9430,1.560,1.580,0.970,2,0,480.161,0,0,21,40,5,18,0
30-07 14:43:47,33.280,26.823,39.986,0,0,2488872,174612,197048,5020328,18779.828,1609.359,3.974,59.606,0.993,14.901,3647,6164,1.560,1.580,0.970,3,0,458.965,0,0,21,40,5,17,0
30-07 14:43:48,35.488,19.380,43.793,0,0,2549500,132448,197060,5002376,30015.987,1510.112,4.027,8.054,1.007,2.013,4817,10128,1.560,1.580,0.970,3,0,221.483,0,0,21,40,5,17,0
30-07 14:43:49,51.239,26.744,20.995,0,0,2681812,125232,197060,4878076,24423.602,1709.622,0,6734.512,0,468.896,5199,7301,1.560,1.580,0.970,10,0,652.856,0,0,21,40,5,16,0
30-07 14:43:50,64.128,20.960,12.975,0,0,2791920,122008,197128,4770568,12607.919,1732.691,7.985,1042.010,1.996,36.929,5503,11241,1.830,1.630,1,6,0,338.354,0,0,21,40,5,16,0
30-07 14:43:51,71.381,23.543,4.258,0.751,0,2964760,133300,197920,4588664,20580.704,1460.676,741.358,7145.090,84.154,506.929,5522,8261,1.830,1.630,1,6,0,381.699,0,0,21,44,5,10,0
30-07 14:43:52,63.319,22.274,10.261,2.002,0,3040808,127372,197936,4519100,27097.428,1621.761,4.004,28274.706,1.001,2303.502,13770,25851,1.830,1.630,1,5,1,367.399,0,0,21,44,5,10,0
30-07 14:43:53,66.146,25.210,6.739,0.749,0,3140760,122212,198008,4425240,24136.912,1617.448,0,12296.596,0,1125.224,9284,24273,1.830,1.630,1,6,0,295.534,0,0,21,46,5,11,0
30-07 14:43:54,75.282,22.260,2.251,0.250,0,3237116,128516,197748,4324560,16451.074,1620.697,76.033,8435.627,7.003,669.288,7678,19767,1.830,1.630,1,4,0,382.164,0,0,21,59,5,17,0
30-07 14:43:55,59.255,27.252,11.751,0,0,3356416,137296,197752,4199044,20429.839,1458.131,40.004,6956.626,6.001,459.041,8093,16942,2.090,1.690,1.020,5,0,506.046,0,0,21,63,5,20,0
30-07 14:43:56,42.256,18.503,38.005,0,0,3447896,128752,197760,4118016,25379.553,1690.237,20.003,752.105,3.000,42.006,5082,7465,2.090,1.690,1.020,4,0,211.030,0,0,21,65,5,20,0
30-07 14:43:57,60.612,10.476,27.437,0,0,3591300,121452,197768,3983196,11283.285,1616.316,582.672,12778.877,29.932,978.769,5773,9388,2.090,1.690,1.020,2,0,83.809,0,0,21,68,5,23,0
30-07 14:43:58,16.748,17.498,63.743,1.250,0.250,3622608,120168,197780,3953668,29656.797,1693.817,179.981,5239.434,10.999,294.968,4220,6779,2.090,1.690,1.020,2,0,255.972,0,0,21,71,5,23,0
30-07 14:43:59,9.772,19.293,70.658,0,0,3625692,126540,197780,3944428,20796.397,1787.989,0,64.143,0,7.016,3083,4530,2.090,1.690,1.020,1,0,276.617,0,0,21,71,5,23,0
30-07 14:44:00,9.975,18.704,70.825,0,0.249,3631960,120248,197780,3944452,28490.486,1616.000,0,115.714,0,9.975,2931,3832,2,1.680,1.020,1,0,229.432,0,0,21,71,5,23,0
30-07 14:44:01,9.016,19.033,69.873,0,0,3635584,125980,197780,3935304,26678.902,1622.853,4.007,84.148,1.002,6.011,2994,4162,2,1.680,1.020,1,0,259.456,0,0,21,71,5,23,0
30-07 14:44:02,8.235,21.461,69.624,0,0,3635492,126024,197780,3935352,4660.569,1455.367,3.993,43.921,0.998,2.995,2824,4296,2,1.680,1.020,1,0,271.509,0,0,21,71,5,23,0
30-07 14:44:03,13.502,18.253,66.010,0,0,3640240,121268,197780,3935764,24769.914,1620.256,0,108.017,0,11.002,4324,6927,2,1.680,1.020,1,0,249.039,0,0,21,73,5,23,0
30-07 14:44:04,27.311,18.291,53.119,0.251,0,3651332,124156,197780,3921472,35045.783,1623.650,998.244,8.018,17.038,2.005,5144,8257,2,1.680,1.020,3,0,377.849,0,0,21,73,5,23,0
30-07 14:44:05,31.359,23.893,43.305,0.498,0,3712964,133320,197792,3851480,29000.613,1612.749,645.100,3404.693,44.799,379.295,4123,5972,1.920,1.670,1.020,3,0,406.174,0,0,21,81,5,23,0
30-07 14:44:06,46.216,21.099,31.146,0,0,3836640,126776,197732,3734972,18134.725,1519.097,184.864,4163.452,28.131,480.244,7863,15583,1.920,1.670,1.020,3,0,295.380,0,0,23,95,5,23,0
30-07 14:44:07,54.745,25.748,17.498,0,0,3970504,124852,197620,3605628,24660.830,1639.856,699.938,4767.580,45.996,509.955,5788,9839,1.920,1.670,1.020,2,0,595.948,0,0,23,97,5,23,0
30-07 14:44:08,61.753,21.001,16.001,0.250,0,4065056,128552,197560,3508908,29114.543,1620.086,112.006,5036.267,6.000,453.024,8840,24881,1.920,1.670,1.020,2,0,251.013,0,0,23,117,5,23,0
30-07 14:44:09,36.997,19.748,41.746,0.250,0,4138172,119188,197396,3445708,9233.206,1709.853,75.993,399.966,2.000,22.998,3637,6065,1.920,1.670,1.020,3,0,420.964,0,0,23,117,5,23,0
30-07 14:44:10,15.746,19.495,62.982,0.250,0,4157656,118788,197392,3426744,21247.093,1457.595,31.991,327.909,1.999,25.993,3441,5397,1.850,1.650,1.020,1,0,314.912,0,0,24,117,5,23,0
30-07 14:44:11,14.228,19.220,63.650,0,0,4164568,123452,197128,3415904,25491.927,1617.457,0,335.473,0,21.965,5939,9758,1.850,1.650,1.020,1,0,216.659,0,0,24,117,5,23,0
30-07 14:44:12,29.734,19.739,50.723,0.250,0,4198476,119972,197116,3385356,26604.713,1661.108,0,499.732,0,32.982,3963,6398,1.850,1.650,1.020,2,0,355.809,0,0,24,117,5,23,0
30-07 14:44:13,33.331,23.307,43.606,0,0,4250784,125584,196828,3328440,13424.568,1461.546,4.010,308.749,1.002,19.046,3752,8330,1.850,1.650,1.020,2,0,321.781,0,0,24,123,5,23,0
30-07 14:44:14,34.032,23.522,41.289,0.250,0,4330632,121048,196640,3254600,14150.315,1695.596,128.121,10081.487,13.012,916.863,7829,13721,1.850,1.650,1.020,2,0,309.291,0,0,24,129,5,23,0
30-07 14:44:15,29.242,25.493,43.738,0,0,4385904,123120,196612,3198676,26099.136,1619.574,43.988,383.899,1.999,55.985,4417,7486,1.860,1.660,1.020,2,0,517.864,0,0,24,130,5,23,0
30-07 14:44:16,23.678,21.684,53.587,0.249,0,4444868,124800,196576,3139816,28882.878,1547.279,227.306,5112.402,20.936,438.662,5365,11952,1.860,1.660,1.020,2,0,421.713,0,0,24,141,5,23,0
30-07 14:44:17,18.767,22.520,55.551,0,0,4467964,165364,196508,3078016,26564.173,1621.476,208.189,704.641,15.014,49.045,6275,10837,1.860,1.660,1.020,1,0,355.323,0,0,24,151,5,24,0
30-07 14:44:18,22.033,15.523,60.340,0.250,0,4494076,139076,196508,3078200,21570.031,1622.409,8.012,204.303,2.003,14.021,5881,10446,1.860,1.660,1.020,2,0,180.268,0,0,24,151,5,24,0
30-07 14:44:19,46.725,7.246,43.477,0.500,0,4613160,121880,196404,2979460,28996.458,1619.132,1211.351,2834.481,17.990,406.782,3020,3077,1.860,1.660,1.020,2,0,20.989,0,0,24,151,5,24,0
30-07 14:44:20,40.756,7.501,50.008,0.250,0,4703280,128512,196308,2885504,24970.895,1620.253,552.086,612.095,50.008,77.012,2611,3151,1.790,1.650,1.020,1,0,3.000,0,0,24,156,5,24,0
30-07 14:44:21,33.771,20.012,45.528,0,0,4660472,170536,196316,2886280,5053.072,1458.887,532.324,788.479,27.016,55.033,4307,8059,1.790,1.650,1.020,5,0,439.267,0,0,24,159,5,24,0
30-07 14:44:22,38.818,23.888,33.842,2.488,0,4688228,131144,196308,2898808,28817.222,1612.459,29203.416,350.361,380.222,29.860,7514,17034,1.790,1.650,1.020,2,1,474.779,0,0,24,173,5,24,0
30-07 14:44:23,58.462,21.986,16.489,2.249,0,4722784,142448,195940,2855968,26484.600,1692.888,43459.447,7571.026,462.696,527.653,8148,12068,1.790,1.650,1.020,7,0,228.850,0,0,24,174,5,20,0
30-07 14:44:24,71.359,18.845,6.533,3.518,0,4874284,151888,195700,2697928,29168.572,1702.555,36447.147,3975.979,468.353,237.192,5050,8192,1.790,1.650,1.020,6,0,42.212,0,0,24,181,5,20,0
30-07 14:44:25,73.244,14.249,3.750,7.749,0,4863972,194812,195768,2667500,22110.253,1619.872,67850.640,1867.852,1081.915,156.988,7276,16117,2.130,1.720,1.050,4,0,48.996,0,0,24,196,5,21,0
30-07 14:44:26,51.981,21.242,21.992,3.249,0,4932336,132148,195320,2663268,5332.011,1693.368,39533.254,12759.241,419.843,475.823,7477,14931,2.130,1.720,1.050,5,0,373.861,0,0,24,195,5,27,0
30-07 14:44:27,41.514,26.009,28.009,3.751,0,4919044,126780,194956,2682868,31125.178,1620.530,40769.332,3169.036,417.136,206.067,7766,15428,2.130,1.720,1.050,19,0,350.114,0,0,24,195,5,27,0
30-07 14:44:28,55.983,26.374,14.431,2.488,0,4977480,130120,192896,2626420,21976.305,1612.319,42214.888,959.429,423.980,54.739,6330,11831,2.130,1.720,1.050,7,0,399.099,0,0,24,195,5,28,0
30-07 14:44:29,59.287,23.363,16.078,0,0,5008668,125932,192224,2600876,29945.054,1465.097,643.115,699.388,20.097,37.180,6525,36250,2.130,1.720,1.050,7,0,302.465,0,0,24,199,5,28,0
30-07 14:44:30,58.435,22.725,18.230,0.999,0,5067984,129016,191272,2540072,20261.570,1618.209,1162.713,20653.137,58.935,1020.870,10118,17527,2.360,1.780,1.070,4,0,359.602,0,0,24,203,5,34,0
30-07 14:44:31,57.021,23.157,18.924,0,0,5116908,130700,190236,2492336,29347.230,1687.229,486.049,812.738,34.860,65.736,6257,14004,2.360,1.780,1.070,5,0,365.533,0,0,24,205,5,35,0
30-07 14:44:32,59.868,16.532,21.542,0.250,0,5172520,137312,189004,2431540,25388.889,1535.016,108.213,6556.884,20.039,604.187,6423,12904,2.360,1.780,1.070,3,0,182.358,0,0,24,213,5,35,0
30-07 14:44:33,66.449,10.532,22.317,0.251,0,5298492,142776,186780,2306272,5263.781,1699.094,910.730,601.804,57.171,47.141,3447,6914,2.360,1.780,1.070,3,0,4.012,0,0,24,220,5,39,0
30-07 14:44:34,55.011,9.502,34.257,0.500,0,5277328,172824,186604,2297768,70478.589,17381.598,240.050,4909.016,18.004,508.105,7102,12221,2.360,1.780,1.070,2,0,40.008,0,0,24,228,5,42,0
30-07 14:44:35,41.207,21.477,36.711,0.499,0,5308468,141352,186620,2298084,33217.988,1530.387,207.781,823.132,14.984,74.921,6017,11706,2.410,1.800,1.080,2,0,437.539,0,0,24,232,5,42,0
30-07 14:44:36,35.789,23.525,40.294,0,0,5316648,132788,186636,2298840,44019.629,1621.755,268.290,1229.330,11.012,143.155,5941,11255,2.410,1.800,1.080,2,0,340.368,0,0,24,233,5,42,0
30-07 14:44:37,54.731,16.744,26.241,0.250,0,5341724,128616,186480,2280888,44489.162,1619.423,239.915,523.814,24.991,35.987,5983,13190,2.410,1.800,1.080,4,0,228.919,0,0,25,236,5,43,0
30-07 14:44:38,66.502,11.000,21.751,0.500,0,5453488,179908,184548,2122096,24470.808,1500.050,900.030,400.013,78.003,17.001,3065,6847,2.410,1.800,1.080,3,0,8.000,0,0,25,238,5,43,0
30-07 14:44:39,63.494,8.749,25.497,0.500,0.250,5500576,130264,184612,2124592,29189.081,1767.823,707.929,1487.851,52.995,114.989,6352,11001,2.410,1.800,1.080,2,0,77.992,0,0,25,237,5,45,0
30-07 14:44:40,29.510,8.503,61.271,0.750,0,5517292,136256,184300,2102880,43953.340,4352.519,32.011,8306.899,5.002,770.269,5252,7369,2.380,1.800,1.090,1,0,144.050,0,0,25,239,5,46,0
30-07 14:44:41,34.490,14.996,49.236,0.750,0,5508108,123260,184316,2125060,21966036.917,111093.561,2063.397,535.844,25.992,45.987,8656,5957,2.380,1.800,1.090,3,0,209.939,0,0,25,237,5,46,0
30-07 14:44:42,41.244,9.249,47.493,0,0,5523112,168900,183104,2067324,20399.940,1619.757,3.999,523.921,1.000,41.994,3599,6128,2.380,1.800,1.090,1,0,88.987,0,0,25,235,5,48,0
30-07 14:44:43,26.438,2.245,69.338,0.249,0,5530304,161648,183112,2067380,28260.069,1616.229,19.953,430.994,3.991,26.937,3669,6041,2.380,1.800,1.090,4,0,0,0,0,25,241,5,50,0
30-07 14:44:44,27.818,4.511,65.661,0.251,0,5552420,138484,183136,2068404,27739.824,1623.971,469.147,789.931,28.069,86.211,4907,9014,2.380,1.800,1.090,3,0,6.015,0,0,25,254,5,53,2
30-07 14:44:45,26.908,3.239,68.516,0.498,0,5558436,132188,183160,2068660,15231.892,1698.190,15.945,741.463,0.997,66.772,3940,8811,2.270,1.790,1.090,3,0,2.990,0,0,25,257,5,55,2
30-07 14:44:46,25.821,12.785,60.165,1.253,0,5490760,211932,182436,2059436,30752.385,1624.458,100.275,21956.248,10.028,85.234,5257,10669,2.270,1.790,1.090,1,0,113.311,0,0,25,255,5,63,2
30-07 14:44:47,21.701,11.474,64.603,0.249,0,5537596,164844,182460,2059652,24162.957,1582.395,127.709,742.309,22.948,69.841,3136,4605,2.270,1.790,1.090,1,0,137.686,0,0,25,259,5,64,2
30-07 14:44:48,16.240,7.495,69.456,5.996,0,5529684,138236,183648,2093124,25004.147,1638.961,4932.873,1551.017,880.442,17.989,3841,4593,2.270,1.790,1.090,2,0,0,0,0,25,259,5,62,2
30-07 14:44:49,24.747,4.499,69.242,0.500,0,5529380,139724,183732,2092956,22887.345,1619.812,463.946,2787.677,68.992,107.987,2543,3560,2.270,1.790,1.090,1,0,8.999,0,0,25,259,5,62,2
30-07 14:44:50,22.257,9.003,65.519,1.000,0,5558944,122876,183452,2081116,14630.345,1620.481,668.198,52771.673,142.042,304.090,15641,28133,2.160,1.770,1.090,2,0,4.001,0,0,25,259,5,63,2
30-07 14:44:51,22.742,6.997,70.224,0,0,5569388,148668,182196,2048280,26702.280,1619.411,0,831.697,0,21.992,4885,8406,2.160,1.770,1.090,1,0,2.999,0,0,25,259,5,64,2
30-07 14:44:52,22.255,7.251,69.264,0.250,0,5568492,149560,182200,2048280,24572.988,1662.337,0,120.024,0,11.002,4915,2890,2.160,1.770,1.090,1,0,0,0,0,25,259,5,64,2
30-07 14:44:53,24.993,13.496,60.984,0.500,0,5484504,231972,182220,2049828,32635.254,1619.566,1175.685,163.956,135.964,19.995,3375,4715,2.160,1.770,1.090,1,0,233.937,0,0,25,259,5,65,2
30-07 14:44:54,17.258,12.506,69.033,0,0,5525856,190496,182236,2049936,26421.788,1458.706,0,352.170,0,21.010,3152,4955,2.160,1.770,1.090,1,0,217.105,0,0,25,259,5,58,2
30-07 14:44:55,20.033,11.769,65.107,1.252,0,5487008,229256,182260,2050000,31470.580,1696.781,24.039,21314.935,3.005,530.870,4215,5238,2.070,1.760,1.080,1,0,155.254,0,0,25,261,5,59,2
30-07 14:44:56,8.483,19.960,68.612,0,0,5490720,225504,182268,2050032,20387.002,1616.749,3.992,327.342,0.998,30.938,3566,5458,2.070,1.760,1.080,1,0,281.434,0,0,25,265,5,56,2
30-07 14:44:57,9.506,17.261,71.797,0,0,5492176,223992,182268,2050088,4343.858,1458.960,24.016,236.155,2.001,15.010,3021,4891,2.070,1.760,1.080,0,0,246.162,0,0,25,265,5,56,2
30-07 14:44:58,5.747,1.249,91.201,0,0,5498728,217440,182268,2050088,32382.740,1619.137,0,3.998,0,0.999,1860,2616,2.070,1.760,1.080,1,0,8.995,0,0,25,265,5,53,2
30-07 14:44:59,25.740,3.499,69.974,0,0,5558140,158024,182268,2050092,33215.478,1619.389,0,0,0,0,2479,3605,2.070,1.760,1.080,2,0,0,0,0,25,265,5,54,2
30-07 14:45:00,19.300,10.528,69.933,0.251,0,5488932,226976,182272,2050344,21200.439,1461.823,76.199,164.430,7.018,15.039,3420,6279,1.990,1.750,1.080,1,0,154.404,0,0,25,269,5,54,2
30-07 14:45:01,13.006,16.257,69.531,0.250,0,5493572,222188,182272,2050492,29169.184,1662.752,4.002,328.148,1.000,29.013,3834,5914,1.990,1.750,1.080,3,0,242.109,0,0,25,271,5,54,2
30-07 14:45:02,12.512,17.266,69.815,0,0,5495544,219780,182276,2050924,27739.937,1513.415,148.139,376.352,9.008,21.020,3967,6041,1.990,1.750,1.080,2,0,272.255,0,0,25,271,5,54,2
30-07 14:45:03,21.742,4.248,72.723,0,0,5558736,156564,182280,2050944,26516.136,1639.390,3.999,135.949,1.000,11.996,2071,2927,1.990,1.750,1.080,1,0,8.997,0,0,25,271,5,54,2
30-07 14:45:04,25.156,4.234,69.240,0.249,0,5588268,128748,182244,2049264,8637.592,1613.944,211.208,83.686,9.963,11.955,2206,3447,1.990,1.750,1.080,3,0,1.993,0,0,25,275,4,54,2
30-07 14:45:05,27.506,2.751,69.266,0.250,0,5501884,214916,182288,2049436,21602.055,1512.354,76.018,3456.809,7.002,202.047,2908,4493,1.910,1.730,1.080,1,0,6.001,0,0,25,271,4,54,2
30-07 14:45:06,24.768,3.753,70.800,0,0,5566668,150108,182288,2049460,24740.492,1567.108,12.008,0,2.001,0,2061,2909,1.910,1.730,1.080,2,0,3.002,0,0,25,271,4,54,2
30-07 14:45:07,27.473,2.498,68.182,0,0,5594064,122696,182288,2049476,12940.047,1618.380,0,0,0,0,3075,5377,1.910,1.730,1.080,1,0,2.997,0,0,25,279,4,54,0
30-07 14:45:08,25.249,4.750,70.499,0,0,5542672,174048,182328,2049476,12560.736,1661.965,39.999,0,4.000,0,1926,2708,1.910,1.730,1.080,3,0,15.000,0,0,25,273,4,54,0
30-07 14:45:09,21.015,7.005,70.051,0.250,0,5494300,221168,182344,2050712,9682.029,1621.177,1360.988,288.209,17.012,23.017,2502,3754,1.910,1.730,1.080,0,0,86.062,0,0,25,273,4,54,0
30-07 14:45:10,10.495,18.741,69.466,0.250,0,5512520,202780,182356,2050868,12458.858,1511.255,199.901,543.732,35.982,31.984,4088,6551,1.750,1.710,1.080,2,0,377.814,0,0,25,273,4,54,0
30-07 14:45:11,22.503,6.251,70.009,0.250,0,5540560,173788,182444,2051732,10729.330,1620.201,808.100,284.035,80.010,24.003,2661,4009,1.750,1.710,1.080,1,0,92.011,0,0,25,273,4,54,0
30-07 14:45:12,26.495,2.999,68.237,0.500,0,5565556,145564,182452,2054952,7887.454,1619.683,3195.374,267.947,45.991,8.998,9444,18890,1.750,1.710,1.080,1,0,5.999,0,0,25,273,4,54,0
30-07 14:45:13,20.001,4.250,74.505,0.250,0,5545960,164452,182476,2055636,14732.943,4617.296,408.026,632.040,24.002,33.002,2059,3298,1.750,1.710,1.080,2,0,7.000,0,0,25,274,4,54,0
30-07 14:45:14,24.854,5.021,69.290,0.251,0,5574652,134212,182612,2057048,13853.965,1646.891,68.286,409.714,17.071,12.050,9570,19299,1.750,1.710,1.080,2,0,6.025,0,0,25,274,4,54,0
30-07 14:45:15,23.405,5.478,69.967,0.498,0,5608848,124068,182088,2034276,13165.836,1613.485,31.871,7505.692,0.996,542.808,4065,5608,1.690,1.690,1.080,1,0,6.972,0,0,25,274,4,54,0
30-07 14:45:16,20.336,4.017,74.565,0,0,5630028,126876,181520,2012420,18900.913,3895.470,682.887,257.087,45.191,7.030,1965,2815,1.690,1.690,1.080,1,0,3.013,0,0,25,275,4,54,0
30-07 14:45:17,26.142,5.975,65.230,0.249,0,5632180,131728,181748,2006244,8671.145,1679.057,944.096,1175.141,9.959,20.914,2098,3101,1.690,1.690,1.080,2,0,4.979,0,0,25,276,4,55,0
30-07 14:45:18,23.998,3.250,71.995,0.250,0,5644072,124948,181564,2001484,19819.732,4584.707,1571.899,279.982,19.999,6.000,2238,3126,1.690,1.690,1.080,2,0,5.000,0,0,25,277,4,55,0
30-07 14:45:19,26.828,7.020,64.437,0.251,0,5642636,145096,181588,1984120,9835.612,1745.076,0,946.754,0,19.055,9685,18913,1.690,1.690,1.080,2,0,11.032,0,0,25,276,4,54,0
30-07 14:45:20,25.775,7.507,65.064,0,0,5631336,156764,181652,1983688,5135.063,1587.565,4.004,444.438,1.001,15.015,8595,16738,1.640,1.680,1.080,1,0,16.016,0,0,25,276,4,54,0
30-07 14:45:21,27.394,5.728,65.496,0,0,5572488,228488,181712,1970904,5338.293,1787.068,47.815,968.244,2.988,41.838,2816,5879,1.640,1.680,1.080,1,0,6.973,0,0,25,277,4,54,0
30-07 14:45:22,20.021,14.014,65.067,0.250,0,5541960,259020,181724,1970888,13478.897,1567.616,68.070,564.582,1.001,9.009,3284,5597,1.640,1.680,1.080,1,0,264.272,0,0,25,277,4,54,0
30-07 14:45:23,25.473,2.997,69.427,0,0,5582672,218088,181724,1971108,10202.226,1510.405,0,263.722,0,23.975,2443,4159,1.640,1.680,1.080,2,0,0,0,0,25,281,4,55,0
30-07 14:45:24,21.507,7.752,69.022,0.250,0,5549544,251060,181744,1971244,13788.385,1620.515,120.038,268.085,9.003,22.007,3161,5082,1.640,1.680,1.080,1,0,113.036,0,0,25,277,4,56,0
30-07 14:45:25,25.495,3.249,69.236,0.250,0,5584508,216040,181768,1971276,11204.770,1565.688,15.997,279.944,1.000,35.993,2980,5117,1.590,1.670,1.080,1,0,2.000,0,0,25,277,4,55,0
30-07 14:45:26,22.800,6.765,69.905,0,0,5568012,232528,181768,1971284,12780.257,1515.350,0,216.479,0,12.027,2210,3327,1.590,1.670,1.080,1,0,70.155,0,0,25,277,4,55,0
30-07 14:45:27,25.935,3.242,70.073,0,0,5526280,274204,181788,1971320,8507.544,1615.925,0,183.537,0,18.952,2878,5591,1.590,1.670,1.080,3,0,7.980,0,0,25,277,4,49,0
30-07 14:45:28,22.754,5.751,71.261,0,0,5577788,222684,181792,1971328,7168.125,1640.258,0,124.019,0,8.001,1881,3039,1.590,1.670,1.080,1,0,48.008,0,0,25,277,4,49,0
30-07 14:45:29,25.011,4.002,69.531,0,0,5535484,264896,181800,1971412,6894.075,1586.708,0,112.050,0,8.004,2951,4996,1.590,1.670,1.080,1,0,32.014,0,0,25,277,4,50,0
30-07 14:45:30,23.750,4.250,71.501,0,0,5587764,212604,181808,1971416,14445.130,1620.015,0,112.001,0,10.000,2222,3459,1.540,1.660,1.080,1,0,0,0,0,25,277,4,50,0
30-07 14:45:31,23.490,5.997,69.720,0.250,0,5561344,238856,181828,1971564,13134.260,1565.316,0,459.799,0,53.976,3452,5546,1.540,1.660,1.080,4,0,46.979,0,0,25,277,4,45,0
30-07 14:45:32,26.589,3.261,69.985,0,0,5595196,204864,181828,1971704,12879.223,1517.091,0,200.673,0,18.061,2783,5054,1.540,1.660,1.080,1,0,0,0,0,25,281,4,47,0
30-07 14:45:33,24.168,5.481,70.012,0.249,0,5566936,233096,181844,1971716,9068.222,1614.520,3.986,422.566,0.997,25.912,2075,3163,1.540,1.660,1.080,1,0,31.892,0,0,25,277,4,46,0
30-07 14:45:34,27.091,3.261,68.732,0,0,5584764,215232,181864,1971732,15407.940,1625.479,0,280.947,0,36.122,3415,5646,1.540,1.660,1.080,2,0,0,0,0,25,277,4,46,0
30-07 14:45:35,11.479,21.461,66.129,0.250,0,5517216,282712,181880,1971784,12184.690,1617.039,15.971,431.210,0.998,33.938,3677,5668,1.500,1.650,1.080,1,0,319.415,0,0,25,277,4,39,0
30-07 14:45:36,10.274,21.801,65.904,0.251,0,5520968,278936,181888,1971800,21313.768,1623.792,0,296.693,0,25.059,3758,5764,1.500,1.650,1.080,1,0,347.812,0,0,25,277,4,39,0
30-07 14:45:37,10.955,21.411,65.479,0,0,5521192,278684,181896,1971820,29030.928,1633.245,0,593.545,0,39.835,3794,5664,1.500,1.650,1.080,1,0,340.591,0,0,25,277,4,38,0
30-07 14:45:38,14.033,24.307,61.644,0,0,5508912,290944,181896,1971840,13549.733,1557.648,0,32.075,0,8.019,3992,7790,1.500,1.650,1.080,1,0,393.923,0,0,25,277,4,39,0
30-07 14:45:39,9.755,22.512,65.785,0.500,0,5510652,289184,181904,1971852,8239.400,1620.866,0,384.205,0,36.019,3710,6012,1.500,1.650,1.080,2,0,353.189,0,0,25,277,4,37,0
30-07 14:45:40,12.481,21.468,64.903,0,0,5516400,283396,181924,1971872,14359.532,1455.824,0,299.552,0,27.958,3709,5728,1.450,1.640,1.080,3,0,326.512,0,0,25,277,4,37,0
30-07 14:45:41,9.265,24.039,65.607,0,0,5516592,283144,181960,1971896,10305.757,1622.638,0,384.625,0,40.065,3740,5979,1.450,1.640,1.080,1,0,348.567,0,0,25,277,4,35,0
30-07 14:45:42,10.748,21.746,66.238,0,0,5516420,283292,181968,1971912,14474.380,1661.699,0,195.965,0,12.998,3537,5366,1.450,1.640,1.080,1,0,326.941,0,0,25,277,4,35,0
30-07 14:45:43,10.734,21.218,66.898,0.250,0,5519844,279844,181972,1971932,11100.017,1455.773,0,351.462,0,24.962,3459,5412,1.450,1.640,1.080,2,0,313.520,0,0,25,277,4,31,0
30-07 14:45:44,13.240,20.485,65.453,0,0,5519720,279916,181976,1971980,9256.317,1692.778,0,143.896,0,9.993,3415,5275,1.450,1.640,1.080,2,0,312.774,0,0,25,277,4,31,0
30-07 14:45:45,11.761,21.020,66.565,0,0,5525112,274504,181976,1972000,30568.713,1621.576,0,28.027,0,7.007,3385,5123,1.340,1.610,1.070,2,0,303.295,0,0,25,277,4,26,0
30-07 14:45:46,20.489,10.994,66.714,0.750,0,5557660,254584,181980,1968588,13153.884,1457.212,1211.345,2562.614,84.954,371.799,3349,4171,1.340,1.610,1.070,1,0,110.940,0,0,25,275,4,26,2
30-07 14:45:47,23.012,8.254,62.782,5.003,0,5560600,224556,182048,1995644,5499.783,1620.820,12210.178,28.014,961.487,7.004,8891,15944,1.340,1.610,1.070,2,0,6.003,0,0,25,275,4,18,2
30-07 14:45:48,20.797,3.257,74.168,0.501,0,5566608,217264,182072,1996904,25344.532,7646.357,172.391,3078.989,23.052,23.052,2010,2849,1.340,1.610,1.070,0,0,3.007,0,0,25,276,4,18,2
30-07 14:45:49,17.936,2.740,77.473,1.495,0,5576920,205672,182112,1998140,31192.487,14174.327,988.466,1578.357,72.740,54.804,2273,3267,1.340,1.610,1.070,1,0,0,0,0,25,276,4,18,2
30-07 14:45:50,19.755,3.001,75.020,1.000,0,5592612,188648,182160,1999420,27500.205,11345.973,1092.286,1248.327,62.016,45.012,3082,3090,1.310,1.600,1.070,1,1,0,0,0,25,276,4,18,2
30-07 14:45:51,18.747,1.750,76.737,1.000,0,5597476,182852,182212,2000384,28625.990,14336.491,851.851,5575.024,70.988,269.953,2797,3638,1.310,1.600,1.070,0,1,0,0,0,25,276,4,18,2
30-07 14:45:52,20.506,3.751,74.770,2.251,0,5601492,147824,182224,2031384,15640.207,8899.394,15348.129,812.218,208.056,28.008,2357,3389,1.310,1.600,1.070,3,0,1.000,0,0,25,276,4,16,2
30-07 14:45:53,23.829,4.766,70.485,0.753,0,5598008,147496,182004,2036392,15345.099,1709.693,0,2211.364,0,85.284,2259,3343,1.310,1.600,1.070,1,0,0,0,0,25,276,4,17,2
30-07 14:45:54,24.011,6.503,66.781,1.501,0,5630208,127476,181280,2026388,6194.887,1694.790,244.114,2849.328,5.002,131.061,3775,4145,1.310,1.600,1.070,2,0,1.000,0,0,25,276,4,16,2
30-07 14:45:55,23.746,5.999,68.488,1.000,0,5620016,129068,181504,2034356,13477.736,1639.725,0,3259.452,0,130.978,2668,4095,1.370,1.610,1.070,2,0,7.999,0,0,25,276,4,16,2
30-07 14:45:56,24.245,4.749,68.236,0.750,0,5541512,249960,181440,1993704,9232.126,1685.658,495.899,2139.566,9.998,69.986,3930,3351,1.370,1.610,1.070,2,0,2.999,0,0,25,277,4,15,2
30-07 14:45:57,20.426,3.986,74.729,0.249,0,5585920,205576,181468,1993696,18510.861,3705.560,0,880.805,0,15.942,1976,2865,1.370,1.610,1.070,3,0,6.975,0,0,25,278,4,15,2
30-07 14:45:58,24.333,4.766,70.492,0,0,5575820,209100,181664,2000032,12336.314,1866.402,0,991.401,0,10.034,1903,2786,1.370,1.610,1.070,1,0,3.010,0,0,25,277,4,15,2
30-07 14:45:59,19.690,3.240,75.767,0.249,0,5599812,178188,182044,2005772,12349.064,4702.554,0,1236.202,0,18.942,1789,2830,1.370,1.610,1.070,2,0,3.988,0,0,25,277,4,15,2
30-07 14:46:00,24.270,6.505,68.057,0,0,5570496,206612,182096,2006516,22690.150,5161.356,0,84.071,0,1.001,8879,17524,1.340,1.600,1.070,2,0,13.011,0,0,25,277,4,14,2
30-07 14:46:01,23.975,6.993,68.180,0,0,5582916,194012,182180,2006612,19118.365,1734.219,0,1794.157,0,27.971,9335,18044,1.340,1.600,1.070,1,0,19.979,0,0,25,277,4,14,2
30-07 14:46:02,23.271,5.255,71.313,0.250,0,5514668,275596,182208,1993868,9903.745,1459.289,0,936.827,0,22.019,2031,3134,1.340,1.600,1.070,1,0,10.009,0,0,25,277,4,14,2
30-07 14:46:03,23.067,6.018,68.199,0,0,5535348,253692,182208,1995088,13960.695,1624.736,0,4.012,0,1.003,9450,18694,1.340,1.600,1.070,1,0,47.137,0,0,25,277,4,14,2
30-07 14:46:04,21.414,4.233,72.709,0,0,5579636,209388,182224,1995088,13534.834,2860.552,3.984,573.704,0.996,10.956,2011,3069,1.340,1.600,1.070,0,0,7.968,0,0,25,278,4,14,2
30-07 14:46:05,23.308,3.007,72.429,0,0,5568196,214388,182308,2001444,15092.384,2477.136,0,842.086,0,16.040,1882,2860,1.310,1.590,1.070,1,0,4.010,0,0,25,277,4,14,2
30-07 14:46:06,20.206,2.495,75.336,0.249,0,5591572,185744,182312,2006516,15903.378,4533.131,0,478.957,0,8.980,1768,2718,1.310,1.590,1.070,2,0,4.989,0,0,25,280,4,14,2
30-07 14:46:07,24.100,6.527,68.535,0.251,0,5569208,206132,182344,2007848,6100.402,1801.501,0,899.747,0,14.059,9466,19145,1.310,1.590,1.070,2,0,14.059,0,0,25,279,4,14,2
30-07 14:46:08,22.642,6.469,68.175,0,0,5574640,200428,182380,2008020,6105.881,1451.080,0,167.203,0,1.991,9516,19181,1.310,1.590,1.070,6,0,18.910,0,0,25,279,4,14,2
30-07 14:46:09,23.015,6.254,69.797,0,0,5552152,236640,182416,1995120,13976.392,1695.139,0,1372.923,0,36.024,2221,3377,1.310,1.590,1.070,1,0,10.007,0,0,25,279,4,14,2
30-07 14:46:10,24.286,6.009,69.602,0,0,5526672,262112,182416,1995128,9209.501,1514.220,0,168.247,0,13.019,2505,3981,1.280,1.580,1.070,1,0,72.106,0,0,25,279,4,14,2
30-07 14:46:11,23.731,6.745,66.697,0.250,0,5555244,219136,182596,2008772,13827.910,1564.745,0,1534.769,0,48.961,13611,26133,1.280,1.580,1.070,2,0,27.978,0,0,25,279,4,14,2
30-07 14:46:12,21.986,2.998,74.704,0,0,5572000,199936,182648,2010904,14569.967,3635.746,3.998,743.539,0.999,8.994,1871,2764,1.280,1.580,1.070,1,0,2.998,0,0,25,280,4,14,2
30-07 14:46:13,14.508,2.001,82.045,0.250,0,5585456,186356,182684,2010960,27756.099,9317.068,0,1216.662,0,41.022,1907,2930,1.280,1.580,1.070,1,0,0,0,0,25,280,4,14,2
30-07 14:46:14,11.746,1.749,84.474,0.750,0,5588100,183360,182740,2011212,53783.542,13633.828,0,1499.541,0,61.981,2119,3176,1.280,1.580,1.070,3,0,0,0,0,25,281,4,14,2
30-07 14:46:15,7.746,1.749,88.460,0.500,0,5588196,182888,182788,2011508,126726.340,11368.827,0,1151.476,0,49.977,1941,3034,1.420,1.600,1.080,1,0,1.000,0,0,25,281,4,14,2
30-07 14:46:16,19.505,1.500,76.770,0.250,0,5607680,163260,182804,2011600,25650.772,9962.630,0,908.240,0,30.008,1956,2880,1.420,1.600,1.080,1,0,0,0,0,25,281,4,14,2
30-07 14:46:17,18.523,1.252,78.097,0.501,0,5617768,152760,182860,2011956,245650.853,17807.099,0,2895.593,0,286.355,2758,3390,1.420,1.600,1.080,2,0,0,0,0,25,281,4,15,2
30-07 14:46:18,16.245,4.249,75.729,1.250,0.250,5612804,154604,183156,2014584,103709.650,19817.392,2315.345,2519.287,30.991,117.967,2812,3949,1.420,1.600,1.080,3,0,3.999,0,0,25,281,4,14,2
30-07 14:46:19,18.477,2.497,76.656,0.749,0.250,5619908,147072,183356,2014772,68166.632,15576.949,95.883,2149.371,5.993,106.869,2909,4519,1.420,1.600,1.080,1,0,0,0,0,25,281,4,14,2
30-07 14:46:20,14.748,5.749,75.488,1.500,0,5630012,141536,183156,2010572,7245450.955,60705.591,9334.553,10002.450,69.989,171.973,5066,5396,1.310,1.570,1.080,2,0,3.999,0,0,25,281,4,14,2
30-07 14:46:21,24.087,3.513,70.504,1.255,0,5627940,129748,184924,2020680,217512.829,3398.230,0,4026.491,0,135.488,2669,3972,1.310,1.570,1.080,1,0,1.004,0,0,25,281,4,14,2
30-07 14:46:22,23.180,6.480,68.792,0.498,0,5634884,127608,186176,2013240,9361.746,1453.613,0,29319.514,0,405.775,5991,3452,1.310,1.570,1.080,2,0,0,0,0,25,281,4,14,2
30-07 14:46:23,25.334,6.271,66.972,1.003,0,5646020,128312,186656,2001224,4667.463,1625.385,0,2877.533,0,125.416,3344,4850,1.310,1.570,1.080,3,0,0,0,0,25,281,4,15,2
30-07 14:46:24,22.913,10.211,64.257,1.245,0,5643652,127256,187044,2004896,13309.623,1613.891,0,119595.332,0,443.322,3964,6225,1.310,1.570,1.080,1,0,0.996,0,0,25,281,4,11,2
30-07 14:46:25,30.524,4.003,66.052,0.250,0,5641116,134064,187680,1999772,13483.693,1533.216,8.006,2646.098,1.001,61.048,2705,4171,1.280,1.560,1.080,1,0,2.002,0,0,25,281,4,13,2
30-07 14:46:26,21.486,4.747,71.453,0.999,0,5637192,123396,188544,2012968,16749.063,2870.126,3.997,3065.998,0.999,110.928,2337,3491,1.280,1.560,1.080,1,0,0,0,0,25,282,4,13,2
30-07 14:46:27,23.565,3.008,70.946,0.251,0,5556024,237500,188560,1980032,19138.785,2982.225,52.144,1327.662,3.008,174.481,2239,2781,1.280,1.560,1.080,1,0,4.011,0,0,25,281,4,13,2
30-07 14:46:28,20.241,4.248,75.716,0.250,0,5605360,188116,188596,1980040,15409.020,3547.393,0,867.607,0,19.991,1809,2789,1.280,1.560,1.080,1,0,6.997,0,0,25,282,4,13,2
30-07 14:46:29,24.502,7.250,67.504,0.250,0,5594412,192000,188816,1986372,15566.996,1794.115,0,87809.620,0,393.025,3177,3887,1.280,1.560,1.080,1,0,3.000,0,0,25,281,4,13,2
30-07 14:46:30,18.453,2.494,76.806,0.249,0,5583592,195724,189412,1992168,20317.779,4705.138,0,1189.003,0,19.950,1969,2876,1.260,1.550,1.080,1,0,4.987,0,0,25,281,4,11,2
30-07 14:46:31,23.755,6.501,67.264,0.250,0,5605172,173496,189436,1992632,5265.058,1458.293,0,544.109,0,28.006,10684,21585,1.260,1.550,1.080,2,0,12.002,0,0,25,281,4,11,2
30-07 14:46:32,24.997,6.499,66.743,0,0,5613072,165192,189508,1992900,14880.467,1619.833,0,2207.773,0,18.998,9306,18037,1.260,1.550,1.080,3,0,12.999,0,0,25,281,4,8,2
30-07 14:46:33,23.008,5.002,71.274,0,0,5615712,162420,189544,1992964,10103.435,1620.551,0,172.058,0,3.001,1899,2842,1.260,1.550,1.080,3,0,7.002,0,0,25,281,4,8,2
30-07 14:46:34,23.203,6.736,68.862,0.748,0,5582896,208272,189596,1981200,14418.049,1616.754,618.758,1437.114,47.904,46.906,2428,3618,1.260,1.550,1.080,2,0,5.988,0,0,25,281,4,8,2
30-07 14:46:35,23.875,3.518,69.111,1.759,0,5585240,201724,189772,1985228,12321.367,1670.728,2211.553,2328.162,287.502,49.257,3927,6660,1.240,1.540,1.080,4,0,3.016,0,0,25,282,3,7,2
30-07 14:46:36,26.468,3.246,68.418,0.499,0,5586828,199764,189844,1985528,31013.814,1618.060,23.971,479.425,2.996,54.934,4643,8411,1.240,1.540,1.080,3,0,0,0,0,25,284,3,11,2
30-07 14:46:37,26.302,3.006,68.385,0.751,0,5588784,196740,189968,1986472,25053.581,1460.891,869.721,1005.991,46.091,128.254,4953,8852,1.240,1.540,1.080,3,0,1.002,0,0,25,290,3,11,2
30-07 14:46:38,30.128,5.229,61.252,0.996,0,5582664,201304,190092,1987836,6528.559,1655.296,928.241,3442.060,74.697,482.048,5770,10668,1.240,1.540,1.080,1,0,36.851,0,0,25,292,3,13,2
30-07 14:46:39,13.792,18.055,66.203,0.251,0,5545008,238504,190172,1988212,7120.790,1624.972,312.958,1560.776,8.025,110.338,4079,6682,1.240,1.540,1.080,5,0,302.927,0,0,25,291,3,12,2
30-07 14:46:40,15.763,14.512,68.054,1.001,0,5537596,241184,190204,1992912,14202.277,1621.287,4599.652,972.772,130.103,36.029,3314,4996,1.300,1.550,1.080,1,0,151.120,0,0,25,291,3,14,2
30-07 14:46:41,5.226,1.991,89.335,1.244,0,5535428,239980,190240,1996248,18989.811,3996.441,3412.154,565.374,134.376,45.787,2471,3766,1.300,1.550,1.080,0,0,3.982,0,0,25,292,3,14,2
30-07 14:46:42,3.500,0.750,93.258,0,0,5535912,239476,190252,1996256,47707.864,3755.304,0,268.022,0,22.002,1649,2669,1.300,1.550,1.080,0,0,0,0,0,25,292,3,14,2
30-07 14:46:43,5.000,2.500,89.243,0.750,0,5525048,246572,190416,1999828,17874.552,119190.346,3779.694,995.919,57.995,16.999,1924,3021,1.300,1.550,1.080,1,0,26.998,0,0,25,291,3,14,2
30-07 14:46:44,4.008,1.002,92.186,0.501,0,5524968,246572,190460,1999864,15542.380,1535.099,0,2292.629,0,146.295,2216,3514,1.300,1.550,1.080,2,0,0,0,0,25,293,3,14,2
30-07 14:46:45,3.742,2.245,93.058,0.249,0,5524900,246572,190468,1999920,13280.602,1616.665,55.885,211.564,8.981,21.955,1764,2830,1.200,1.530,1.080,0,0,0.998,0,0,25,293,3,14,2
30-07 14:46:46,2.751,1.250,94.278,0,0,5524896,246572,190468,1999924,5441.600,1736.511,0,0,0,0,1516,2627,1.200,1.530,1.080,1,0,2.001,0,0,25,293,3,14,2
30-07 14:46:47,4.499,1.000,92.985,0.250,0,5524872,246572,190476,1999940,7158.876,1457.771,0,107.983,0,11.998,1599,2694,1.200,1.530,1.080,0,0,0,0,0,25,293,3,15,1
30-07 14:46:48,4.750,1.250,91.247,0,0.250,5526376,245060,190480,1999944,22661.343,1619.953,0,67.998,0,4.000,1709,2659,1.200,1.530,1.080,0,0,0,0,0,25,293,3,15,1
30-07 14:46:49,4.000,0.750,93.010,0.250,0,5526328,245060,190508,1999964,13434.424,1512.160,16.002,568.060,1.000,51.005,1998,3324,1.200,1.530,1.080,0,0,0,0,0,25,293,3,14,1
30-07 14:46:50,2.750,1.500,94.000,0,0.250,5526312,245060,190524,1999964,13461.027,1640.003,0,112.000,0,14.000,1687,2792,1.100,1.500,1.070,0,0,0,0,0,25,293,3,14,1
30-07 14:46:51,3.250,1.000,94.006,0.250,0,5526296,245060,190540,1999964,9934.616,1620.100,0,244.015,0,24.001,1766,3029,1.100,1.500,1.070,0,0,0,0,0,25,293,3,14,1
30-07 14:46:52,2.750,0.500,94.511,0,0,5526292,245060,190544,1999964,14015.696,1620.196,0,32.004,0,4.000,1466,2437,1.100,1.500,1.070,1,0,0,0,0,25,293,3,14,1
30-07 14:46:53,2.752,0.500,93.806,0.250,0,5526516,244836,190544,1999964,15260.156,1620.973,0,1520.913,0,261.157,2051,2677,1.100,1.500,1.070,1,0,0,0,0,25,293,3,14,1
30-07 14:46:54,3.987,1.744,91.696,0,0,5526720,244612,190560,1999968,4700.399,1506.998,0,3392.739,0,39.868,1780,3118,1.100,1.500,1.070,2,0,0.997,0,0,25,293,3,14,1
30-07 14:46:55,4.012,2.507,90.267,0,0,5528520,242716,190576,1999968,20527.700,1570.644,0,15253.103,0,47.139,2161,3409,1.010,1.470,1.060,1,0,8.024,0,0,25,293,3,14,1
30-07 14:46:56,3.748,0.750,94.193,0,0,5528520,242716,190576,1999968,10494.703,1619.029,0,0,0,0,1450,2431,1.010,1.470,1.060,0,0,0,0,0,25,293,3,14,1
30-07 14:46:57,2.751,0.750,94.541,0,0,5528516,242716,190580,1999968,6256.697,1620.699,0,204.088,0,16.007,1494,2621,1.010,1.470,1.060,0,0,0,0,0,25,293,3,14,1
30-07 14:46:58,3.999,3.249,90.967,0,0,5526948,244280,190580,1999972,13383.209,1693.394,0,0,0,0,1671,2637,1.010,1.470,1.060,0,0,0,0,0,25,293,3,14,1
30-07 14:46:59,2.001,1.250,93.527,0.250,0,5526932,244280,190580,1999988,9540.748,1694.488,0,356.103,0,24.007,1726,3091,1.010,1.470,1.060,0,0,0,0,0,25,293,3,14,1
30-07 14:47:00,5.000,2.500,90.245,0.250,0,5529728,241368,190584,2000128,24897.730,5090.740,0,55069.191,0,346.982,2476,3126,0.930,1.450,1.060,0,0,0,0,0,25,293,3,14,1
30-07 14:47:01,3.000,1.250,93.242,0.500,0,5529708,241368,190600,2000132,9600.126,1457.867,0,2647.759,0,150.986,2064,3483,0.930,1.450,1.060,0,0,0,0,0,25,293,3,14,1
30-07 14:47:02,2.250,1.500,93.514,0.250,0,5529680,241368,190628,2000132,7399.080,1620.237,0,1172.171,0,60.009,1654,2892,0.930,1.450,1.060,0,0,0,0,0,25,293,3,14,1
30-07 14:47:03,3.000,1.250,94.265,0.500,0,5529660,241368,190648,2000132,12661.076,1620.266,0,1396.229,0,67.011,1701,2898,0.930,1.450,1.060,0,0,0,0,0,25,293,3,14,1
30-07 14:47:04,2.999,1.000,93.727,0,0,5529656,241368,190652,2000132,9523.629,1619.597,0,67.983,0,5.999,1607,2711,0.930,1.450,1.060,0,0,0,0,0,25,293,3,14,1
30-07 14:47:05,2.500,0.750,93.519,0,0,5530304,240696,190656,2000136,7427.471,1542.305,4.001,1688.334,1.000,14.003,1575,2679,0.930,1.450,1.060,1,0,1.000,0,0,25,293,3,14,1
30-07 14:47:06,2.000,1.750,94.506,0,0,5530304,240696,190656,2000136,11538.785,1620.110,0,0,0,0,1432,2507,0.850,1.430,1.050,2,0,0,0,0,25,293,3,14,1
30-07 14:47:07,2.501,0.500,94.785,0,0,5530300,240696,190656,2000140,8034.933,1620.592,0,0,0,0,1436,2530,0.850,1.430,1.050,0,0,0,0,0,25,293,3,14,1
30-07 14:47:08,2.499,0.250,94.227,0,0,5530296,240696,190660,2000140,15425.175,1457.639,0,31.992,0,2.999,1509,2527,0.850,1.430,1.050,1,0,0,0,0,25,293,3,14,1
30-07 14:47:09,3.250,1.250,93.000,0.250,0,5530272,240696,190680,2000144,13232.934,1619.992,0,619.997,0,48.000,1964,3354,0.850,1.430,1.050,2,0,1.000,0,0,25,293,3,14,1
30-07 14:47:10,4.248,1.000,93.216,0,0,5530256,240696,190696,2000144,6488.658,1619.415,0,1019.632,0,23.991,1839,3199,0.850,1.430,1.050,0,0,1.000,0,0,25,293,3,14,1
30-07 14:47:11,2.750,1.000,93.254,0.250,0,5530220,240696,190720,2000156,13887.667,1458.070,0,244.012,0,27.001,1824,3077,0.790,1.400,1.050,1,0,0,0,0,25,293,3,14,1
30-07 14:47:12,3.000,0.750,93.763,0,0,5530212,240696,190728,2000156,10259.426,1620.225,0,108.015,0,8.001,1534,2645,0.790,1.400,1.050,1,0,0,0,0,25,293,3,14,1
30-07 14:47:13,2.998,1.249,93.695,0.250,0,5530212,240696,190728,2000156,13686.952,485.714,0,199.882,0,14.991,1642,2658,0.790,1.400,1.050,0,0,0,0,0,25,293,3,14,1
30-07 14:47:14,9.004,3.752,86.040,0,0,5518220,252108,190756,2000708,227912.840,5408.488,564.260,0,15.007,0,1909,2997,0.790,1.400,1.050,2,0,11.005,0,0,25,293,3,14,1
30-07 14:47:15,9.770,4.259,82.922,0,0,5521008,249088,190768,2000924,321809.041,10325.467,204.425,52.108,7.015,5.010,2282,3207,0.790,1.400,1.050,1,0,36.075,0,0,25,293,3,14,1
