"pcp-dstat 5.3.6 CSV Output"
"Author:","PCP team <pcp@groups.io> and Dag Wieers <dag@wieers.com>",,,,"URL:","https://pcp.io/ and http://dag.wieers.com/home-made/dstat/"
"Host:","ubuntu",,,,"User:","ubuntu"
"Cmdline:","dstat -tcmndrylpg --tcp --output /tmp/devstack_logs/dstat-csv.log",,,,"Date:","20 May 2025 18:54:18 UTC"
"system","total usage",,,,,"memory usage",,,,"net/total",,"dsk/total",,"io/total",,"system",,"load avg",,,"procs",,,"paging",,"tcp sockets",,,,
"time","total usage:usr","total usage:sys","total usage:idl","total usage:wai","total usage:stl","used","free","buf","cach","net/total:recv","net/total:send","dsk/total:read","dsk/total:writ","read","writ","int","csw","1m","5m","15m","run","blk","new","in","out","lis","act","syn","tim","clo"
20-05 18:54:18,,1010644,908808,175524,5682388,,,,,,,1.440,0.910,0.540,3,0,,,,9,6,6,11,0
20-05 18:54:19,29.169,19.695,50.110,0.249,0,1031628,887524,175532,5682836,25202.760,11193.803,0,1858.819,0,80.775,3554,5672,1.440,0.910,0.540,1,0,388.916,0,0,9,8,6,11,0
20-05 18:54:20,35.072,21.544,42.086,0.251,0,1037900,878944,175560,5685232,1248297.769,21594.160,0,2777.680,0,59.121,3329,4513,1.440,0.910,0.540,3,0,362.742,0,0,9,5,6,11,1
20-05 18:54:21,41.003,19.001,38.252,0.250,0,995456,921204,175584,5685556,45513.776,13656.833,0,1412.086,0,48.003,3899,7913,1.560,0.950,0.550,1,0,250.015,0,0,9,4,6,11,2
20-05 18:54:22,24.961,7.738,64.898,0.499,0,1130756,785464,175604,5810580,41732.230,13294.049,0,1465.690,0,50.920,4080,8828,1.560,0.950,0.550,1,0,48.923,0,0,10,4,6,11,2
20-05 18:54:23,22.750,9.250,66.751,1.000,0,1142400,752220,175768,5830088,420890.788,10365.093,0,2800.025,0,81.001,1946,2531,1.560,0.950,0.550,2,0,86.001,0,0,10,6,6,11,2
20-05 18:54:24,36.501,13.750,47.751,1.000,0,1164304,698460,176680,5858344,5565.122,1620.036,80.002,3536.078,1.000,161.004,2876,4236,1.560,0.950,0.550,2,0,201.004,0,0,10,6,6,12,2
20-05 18:54:25,42.006,7.251,49.007,1.750,0,1235404,593664,178228,5886636,5673.772,1620.220,0,5472.744,0,141.019,1694,2359,1.560,0.950,0.550,2,0,2.000,0,0,10,6,6,12,2
20-05 18:54:26,37.839,6.265,51.621,4.511,0,1194908,640488,178644,5879668,11117.036,4205.850,0,17340.612,0,1417.319,7435,13750,1.520,0.950,0.560,1,1,30.070,0,0,10,6,6,12,0
20-05 18:54:27,35.229,9.244,46.722,7.246,0,1152756,676512,179176,5885092,11393.164,3708.775,0,45636.618,0,3517.889,13081,24872,1.520,0.950,0.560,2,0,104.937,0,0,10,5,6,12,0
20-05 18:54:28,44.047,7.258,47.801,0.501,0,1219732,602612,179604,5890404,12920.735,1795.909,0,7592.070,0,376.400,2296,3102,1.520,0.950,0.560,2,0,28.030,0,0,10,4,6,12,0
20-05 18:54:29,41.628,3.739,54.839,0.499,0,1154708,659968,180200,5896156,15806.686,4549.669,0,2731.995,0,89.737,1473,1620,1.520,0.950,0.560,2,0,13.959,0,0,10,4,6,12,0
20-05 18:54:30,46.053,7.759,45.051,0.501,0,1214820,598988,180300,5896804,8792.032,1695.935,0,7064.060,0,404.461,8071,17156,1.520,0.950,0.560,3,0,20.023,0,0,10,4,6,12,0
20-05 18:54:31,37.781,15.262,45.036,0,0,1122936,701184,180360,5886680,13978.294,1621.310,0,3190.578,0,96.078,10489,20440,1.560,0.970,0.560,2,0,231.187,0,0,10,4,6,12,0
20-05 18:54:32,31.403,22.929,45.609,0,0,1097980,729552,180360,5884708,8936.315,1507.330,0,1961.922,0,96.700,3545,5936,1.560,0.970,0.560,4,0,520.388,0,0,10,4,6,12,0
20-05 18:54:33,39.300,15.770,43.305,0,0,1152040,675528,180360,5884868,5525.028,1567.994,0,4.005,0,1.001,3502,7255,1.560,0.970,0.560,2,0,244.311,0,0,10,5,6,12,0
20-05 18:54:34,45.999,5.750,47.498,0.250,0,1242760,584256,180360,5885336,13541.567,1619.948,0,39134.748,0,498.984,2467,1990,1.560,0.970,0.560,2,0,5.000,0,0,10,5,6,12,0
20-05 18:54:35,35.491,8.998,55.735,0,0,1271268,552984,180448,5888004,8451.752,1457.612,0,695.815,0,81.978,2105,5709,1.560,0.970,0.560,0,0,117.969,0,0,10,4,6,13,0
20-05 18:54:36,0,0.250,98.502,0,0,1271492,552760,180448,5888004,7032.113,1620.026,0,4.000,0,1.000,543,882,1.430,0.950,0.560,0,0,0,0,0,10,4,6,13,0
20-05 18:54:37,14.756,4.002,80.034,0,0,1316968,507424,180448,5888004,6475.772,1694.725,0,3713.589,0,147.063,1628,1950,1.430,0.950,0.560,1,0,23.010,0,0,10,4,6,13,0
20-05 18:54:38,24.240,1.749,73.470,0.250,0,1357612,466600,180456,5888176,4396.220,1531.380,0,371.849,0,26.989,938,1251,1.430,0.950,0.560,2,0,0,0,0,10,4,6,13,0
20-05 18:54:39,21.282,5.508,71.609,0.751,0,1289192,534948,180488,5888252,5268.988,1664.523,0,21576.710,0,243.369,2960,5125,1.430,0.950,0.560,1,0,43.065,0,0,10,4,6,15,0
20-05 18:54:40,23.227,2.248,72.929,0.250,0,1339076,484828,180500,5888468,8745.438,1618.416,15.984,1678.357,3.996,18.981,1379,2092,1.430,0.950,0.560,2,0,2.997,0,0,10,17,6,15,0
20-05 18:54:41,21.773,5.005,73.076,0.751,0,1318428,505116,180500,5888728,4575.763,1459.519,232.242,1229.280,58.060,16.017,1684,2553,1.400,0.950,0.560,1,0,47.049,0,0,10,28,6,15,0
20-05 18:54:42,20.990,4.998,72.464,0,0,1284016,539516,180500,5888740,5565.223,1619.192,0,11.994,0,2.999,1489,2268,1.400,0.950,0.560,1,0,74.963,0,0,10,28,6,16,0
20-05 18:54:43,42.289,9.258,49.045,0,0,1417024,406488,180504,5888756,7062.434,1621.477,0,8.007,0,2.002,1661,2246,1.400,0.950,0.560,2,0,85.078,0,0,10,29,6,16,0
20-05 18:54:44,46.752,17.501,34.251,0.250,0,1371896,451396,180504,5888956,6333.247,1620.063,0,33349.301,0,100.004,4363,9672,1.400,0.950,0.560,5,0,415.016,0,0,10,28,6,18,0
20-05 18:54:45,85.252,13.250,1.500,0,0,1590992,232412,180504,5889004,6575.125,1532.029,0,12.000,0,3.000,2806,5642,1.400,0.950,0.560,6,0,172.003,0,0,10,30,6,18,0
20-05 18:54:46,77.749,12.750,8.750,0,0,1441260,381768,180512,5889356,5882.959,1619.989,0,1339.991,0,36.000,4552,10883,1.770,1.030,0.590,4,0,195.999,0,0,10,30,5,18,0
20-05 18:54:47,30.176,8.230,59.853,0,0,1356948,466024,180524,5889400,5505.511,1616.041,0,2797.147,0,59.853,2685,5321,1.770,1.030,0.590,1,0,119.707,0,0,10,28,5,18,0
20-05 18:54:48,24.005,2.751,73.265,0.250,0,1308620,514332,180528,5889416,5187.079,1500.312,0,452.094,0,30.006,1420,3048,1.770,1.030,0.590,2,0,11.002,0,0,10,28,5,18,0
20-05 18:54:49,20.003,6.251,73.262,0,0,1365516,457432,180528,5889420,7610.202,1620.256,0,296.047,0,16.003,1294,1778,1.770,1.030,0.590,1,0,59.009,0,0,10,28,5,18,0
20-05 18:54:50,17.450,10.568,70.292,0.246,0,1314668,508124,180536,5889568,5565.337,1592.624,0,2898.183,0,42.273,2479,4542,1.770,1.030,0.590,2,0,163.195,0,0,10,28,5,18,0
20-05 18:54:51,9.420,19.858,68.230,0,0,1313096,509684,180540,5889576,4492.981,1484.761,0,350.314,0,16.294,2428,3279,1.700,1.030,0.590,1,0,344.204,0,0,10,28,5,18,0
20-05 18:54:52,59.568,24.528,15.017,0,0,1498540,324196,180540,5889616,4364.950,1621.839,0,4352.936,0,140.159,2787,4555,1.700,1.030,0.590,5,0,542.615,0,0,10,28,5,18,0
20-05 18:54:53,80.998,8.500,10.750,0,0,1626432,196208,180560,5889692,5158.887,1619.964,0,2039.955,0,141.997,5871,13267,1.700,1.030,0.590,6,0,2.000,0,0,10,30,5,19,0
20-05 18:54:54,81.516,13.003,5.251,0,0,1474356,347900,180584,5890052,4507.884,1532.300,0,2816.552,0,180.035,4122,8920,1.700,1.030,0.590,5,0,137.027,0,0,10,28,5,18,0
20-05 18:54:55,75.543,16.509,6.754,0,0,1554512,267560,180588,5890232,5740.237,1694.956,0,39194.105,0,116.065,4973,9738,1.700,1.030,0.590,7,0,234.132,0,0,10,29,5,18,0
20-05 18:54:56,73.698,11.992,14.240,0,0,1444740,376900,180588,5890664,6152.662,1618.859,0,395.721,0,20.985,3833,11273,2.050,1.120,0.620,2,0,151.893,0,0,10,30,5,18,0
20-05 18:54:57,41.483,9.246,48.481,0,0,1411424,410188,180592,5890688,5633.758,1531.391,0,515.795,0,33.986,2333,4290,2.050,1.120,0.620,2,0,101.959,0,0,10,28,5,18,0
20-05 18:54:58,42.518,12.755,44.019,0.250,0,1387544,434028,180600,5890720,6328.677,1620.686,0,404.171,0,33.014,3811,8221,2.050,1.120,0.620,6,0,238.101,0,0,10,28,5,19,0
20-05 18:54:59,66.232,10.747,22.994,0,0,1501000,320532,180600,5890760,6048.355,1619.559,0,319.913,0,13.996,1970,3276,2.050,1.120,0.620,4,0,145.960,0,0,10,30,5,19,0
20-05 18:55:00,63.023,16.756,20.257,0.250,0,1421520,399720,180608,5891028,6304.295,1620.590,0,27554.030,0,109.040,4820,12061,2.050,1.120,0.620,5,0,264.096,0,0,10,28,5,21,0
20-05 18:55:01,81.866,7.488,10.233,0,0,1574244,246812,180608,5891208,8017.883,1497.550,0,239.608,0,12.979,4201,8607,2.200,1.160,0.640,5,0,1.997,0,0,10,30,5,23,0
20-05 18:55:02,54.343,15.777,27.296,0.250,0,1417844,403120,180620,5891288,8229.014,1696.890,0,464.792,0,46.078,4820,9457,2.200,1.160,0.640,4,0,330.563,0,0,10,28,5,27,0
20-05 18:55:03,62.002,7.250,30.751,0,0,1507044,313716,180640,5891472,5465.142,1846.048,0,660.017,0,43.001,4032,8703,2.200,1.160,0.640,4,0,0,0,0,10,29,6,28,0
20-05 18:55:04,60.840,14.961,22.441,0,0,1474232,346284,180656,5891700,5427.709,1689.551,0,414.908,0,31.916,2510,4181,2.200,1.160,0.640,4,0,305.196,0,0,10,28,6,28,0
20-05 18:55:05,57.391,16.541,26.315,0,0,1345156,475240,180656,5892336,6859.862,1461.593,0,485.193,0,31.076,4420,10682,2.200,1.160,0.640,6,0,337.830,0,0,10,28,6,35,0
20-05 18:55:06,66.753,12.251,19.751,0,0,1510616,309708,180656,5891844,6824.321,1788.084,0,316.015,0,14.001,2439,7417,2.430,1.230,0.670,4,0,133.006,0,0,10,29,6,36,0
20-05 18:55:07,61.354,10.725,28.432,0,0,1434796,384760,180660,5892608,4549.196,1616.162,0,1264.996,0,39.905,3172,8128,2.430,1.230,0.670,3,0,117.720,0,0,10,28,6,38,0
20-05 18:55:08,63.652,10.525,25.561,0.251,0,1389348,430144,180664,5892668,5161.336,1545.694,0,509.217,0,41.098,3857,9511,2.430,1.230,0.670,6,0,115.276,0,0,10,28,6,42,0
20-05 18:55:09,76.500,20.250,2.500,0,0,1557680,261748,180672,5892720,5690.028,1620.008,0,724.004,0,27.000,2438,4166,2.430,1.230,0.670,8,0,374.002,0,0,10,28,6,39,0
20-05 18:55:10,78.751,16.750,4.000,0,0,1572328,246880,180676,5892936,7176.050,1768.012,0,7296.051,0,406.003,5106,9754,2.430,1.230,0.670,9,0,252.002,0,0,10,28,6,39,0
20-05 18:55:11,85.547,11.256,2.751,0,0,1601984,217128,180680,5893148,5113.787,1532.835,0,356.194,0,25.014,2969,5726,2.800,1.320,0.700,8,0,215.117,0,0,10,30,6,39,0
20-05 18:55:12,79.457,16.741,3.248,0,0,1472600,346292,180680,5893364,5613.963,1619.124,0,315.829,0,21.988,4720,10538,2.800,1.320,0.700,7,0,429.767,0,0,10,28,6,40,0
20-05 18:55:13,58.752,23.751,17.001,0,0,1395724,422908,180680,5893552,4715.179,1620.062,0,4784.182,0,170.006,6465,15130,2.800,1.320,0.700,3,0,514.020,0,0,10,29,6,40,0
20-05 18:55:14,13.990,24.233,60.457,0,0,1319364,499192,180680,5893628,4958.499,1456.971,0,223.842,0,11.992,2859,4347,2.800,1.320,0.700,2,0,462.673,0,0,10,28,6,40,0
20-05 18:55:15,9.224,20.443,68.808,0,0,1321404,497144,180688,5893628,5230.412,1615.494,0,207.422,0,9.972,2368,3067,2.800,1.320,0.700,1,0,294.180,0,0,10,28,6,37,0
20-05 18:55:16,40.639,31.859,27.594,0,0,1426208,392296,180704,5893656,6072.775,1463.005,0,762.609,0,50.172,3243,6477,2.810,1.350,0.710,6,0,841.880,0,0,10,28,6,37,0
20-05 18:55:17,74.771,22.256,2.501,0,0,1532952,285348,180712,5893844,5788.632,1620.457,0,332.094,0,27.008,4944,9741,2.810,1.350,0.710,8,0,405.114,0,0,10,30,6,37,0
20-05 18:55:18,79.997,16.749,2.500,0,0,1525856,292372,180712,5893912,5140.794,1693.932,0,575.977,0,50.998,4031,9157,2.810,1.350,0.710,6,0,307.988,0,0,10,28,6,37,0
20-05 18:55:19,84.978,12.247,2.249,0,0,1552280,265712,180720,5894116,5559.577,1693.566,0,239.939,0,13.996,4316,8847,2.810,1.350,0.710,5,0,150.961,0,0,10,31,6,37,0
20-05 18:55:20,83.886,14.437,1.742,0,0,1691164,126608,180724,5894332,8202.402,1613.000,0,234.980,0,9.957,4303,31493,2.810,1.350,0.710,6,0,8.961,0,0,10,31,6,37,0
20-05 18:55:21,79.972,12.785,7.019,0.251,0,1575896,245152,180736,5891036,10031.848,2717.544,16.045,2005.567,2.006,65.181,6363,27391,3.070,1.430,0.740,5,0,70.195,0,0,10,30,6,38,0
20-05 18:55:22,82.379,13.020,4.507,0,0,1570648,249972,180760,5891440,143663.264,9646.125,0,1197.878,0,63.099,3338,6558,3.070,1.430,0.740,6,0,133.209,0,0,10,31,6,38,0
20-05 18:55:23,77.220,9.746,13.245,0,0,1666084,154016,180808,5891880,135323.089,9126.432,0,1379.461,0,60.976,6906,17695,3.070,1.430,0.740,3,0,1.999,0,0,10,35,6,39,0
20-05 18:55:24,67.665,13.982,17.478,0.250,0,1594744,224692,180916,5892400,26502.607,8051.855,0,1402.233,0,72.908,8502,19475,3.070,1.430,0.740,5,0,169.786,0,0,10,31,6,42,0
20-05 18:55:25,82.139,15.526,1.753,0,0,1606168,212692,180980,5892868,59220.141,4628.827,0,785.328,0,37.063,3414,5637,3.070,1.430,0.740,6,0,157.266,0,0,10,30,6,40,0
20-05 18:55:26,80.818,10.759,8.007,0,0,1611780,206772,181064,5893084,16694.107,5740.851,0,980.829,0,50.042,6808,15727,3.220,1.490,0.760,5,0,62.052,0,0,10,32,6,40,0
20-05 18:55:27,82.173,12.238,5.495,0,0,1493204,324716,181164,5893568,20871.339,6440.933,0,1130.935,0,58.944,5958,11327,3.220,1.490,0.760,5,0,118.888,0,0,10,30,6,40,0
20-05 18:55:28,80.753,13.251,4.250,0,0,1664292,153412,181204,5893672,28725.235,6756.291,0,960.041,0,46.002,4987,10260,3.220,1.490,0.760,4,0,67.003,0,0,10,33,6,40,0
20-05 18:55:29,78.890,13.981,7.240,0,0,1479848,337468,181372,5893880,40250.930,9845.286,0,1861.407,0,109.847,4884,15746,3.220,1.490,0.760,5,0,165.769,0,0,10,31,6,40,0
20-05 18:55:30,83.855,13.016,2.253,0,0,1617904,198784,181476,5894288,19826.823,3971.973,0,833.043,0,51.064,3514,6601,3.220,1.490,0.760,7,0,82.103,0,0,10,32,6,40,0
20-05 18:55:31,82.562,12.509,5.254,0,0,1647372,168688,181536,5894788,24042.984,5645.223,0,1084.811,0,37.028,5226,13629,3.520,1.580,0.800,7,0,51.038,0,0,10,32,6,40,0
20-05 18:55:32,77.704,15.241,5.247,0,0,1593152,222200,181664,5895320,62165.509,6311.295,0,1003.411,0,47.972,5726,10852,3.520,1.580,0.800,7,0,156.908,0,0,10,30,6,40,0
20-05 18:55:33,83.183,12.740,4.496,0.250,0,1655340,159352,181744,5895760,31953.182,3354.290,0,1338.918,0,66.946,5448,9314,3.520,1.580,0.800,6,0,53.956,0,0,10,31,6,40,0
20-05 18:55:34,81.799,13.758,4.253,0,0,1557936,256256,181868,5896092,76096.277,7030.183,0,6535.889,0,228.136,4815,11148,3.520,1.580,0.800,6,0,140.083,0,0,10,31,6,40,0
20-05 18:55:35,79.641,16.228,4.244,0,0,1587288,226336,181984,5896428,90199.697,7387.901,3.995,1162.411,0.999,52.928,3314,6925,3.520,1.580,0.800,5,0,130.821,0,0,10,32,6,39,0
20-05 18:55:36,77.105,12.517,9.513,0.501,0,1569196,197308,182108,5942204,24834527.454,102335.870,0,19674.699,0,113.154,9407,10428,3.880,1.690,0.840,7,0,146.198,0,0,10,31,6,39,0
20-05 18:55:37,80.847,14.017,5.507,0.250,0,1587856,160756,182380,5959160,7480945.172,51637.862,0,16083.268,0,146.175,5837,9706,3.880,1.690,0.840,6,0,117.140,0,0,10,31,6,39,0
20-05 18:55:38,74.425,13.237,10.989,0.250,0,1560824,170372,182484,5975628,8340396.200,39030.579,31.968,11212.675,7.992,79.919,6705,9657,3.880,1.690,0.840,4,0,158.840,0,0,10,30,6,39,0
20-05 18:55:39,84.750,13.000,2.000,0,0,1511884,218800,182616,5975928,5095.995,1619.998,0,384.000,0,21.000,3020,5096,3.880,1.690,0.840,5,0,116.000,0,0,10,30,6,37,0
20-05 18:55:40,81.499,13.250,5.500,0,0,1493412,236732,182660,5976384,5203.964,1457.990,0,671.995,0,38.000,4142,8417,3.880,1.690,0.840,5,0,122.999,0,0,10,30,6,37,0
20-05 18:55:41,82.747,11.000,5.500,0.250,0,1557780,135512,183468,6010132,8266.702,1619.942,0,8715.686,0,473.983,4151,6708,3.890,1.730,0.850,5,1,68.998,0,0,10,36,6,37,0
20-05 18:55:42,80.500,15.750,4.000,0.250,0,1487200,143916,185356,6064692,5568.978,1619.994,463.998,2259.991,22.000,62.000,4074,10231,3.890,1.730,0.850,4,0,90.000,0,0,10,34,6,39,0
20-05 18:55:43,75.478,19.744,4.249,0,0,1539672,130068,193828,6008156,6474.077,1531.545,1055.686,52056.539,30.991,330.902,5119,8493,3.890,1.730,0.850,5,0,46.986,0,0,10,36,6,39,0
20-05 18:55:44,77.779,15.256,6.002,0.750,0,1470928,200852,194328,6004660,7831.898,1694.627,1276.472,2717.005,38.014,73.027,5559,9256,3.890,1.730,0.850,4,0,151.056,0,0,10,34,6,38,0
20-05 18:55:45,75.245,17.749,5.750,0,0,1481576,239908,193944,5955500,8553.487,1693.898,1523.909,443.973,108.993,25.998,11309,22385,3.890,1.730,0.850,6,0,208.987,0,0,10,34,6,38,0
20-05 18:55:46,74.002,16.000,8.500,0.250,0,1632856,128864,193888,5916132,11009.308,3549.099,600.017,150848.224,43.001,572.016,4899,7738,3.900,1.770,0.870,4,0,140.004,0,0,10,36,6,37,0
20-05 18:55:47,77.746,13.749,7.750,0.500,0,1495952,300932,194464,5880692,5556.744,1867.914,1375.937,29550.641,241.989,535.975,5938,10020,3.900,1.770,0.870,5,0,131.994,0,0,10,34,6,37,0
20-05 18:55:48,78.752,12.250,8.500,0,0,1637972,158308,194496,5881112,10754.301,3638.102,20.001,2928.082,5.000,168.005,3134,5125,3.900,1.770,0.870,5,0,9.000,0,0,10,37,6,39,0
20-05 18:55:49,77.248,12.750,10.500,0,0,1501484,287272,195064,5887136,6325.842,2698.933,4.000,1271.968,1.000,52.999,3158,12473,3.900,1.770,0.870,5,0,123.997,0,0,10,34,6,42,0
20-05 18:55:50,67.520,12.754,19.006,0,0,1576476,210716,195140,5888368,9138.678,1500.440,200.059,648.190,6.002,12.004,10579,21930,3.900,1.770,0.870,4,0,133.039,0,0,10,36,6,43,0
20-05 18:55:51,61.485,12.747,23.744,0.250,0,1562892,223996,195180,5888640,5532.606,1809.544,0,895.774,0,23.994,10333,24008,3.830,1.790,0.880,4,0,87.978,0,0,10,34,6,44,0
20-05 18:55:52,58.251,15.750,26.250,0,0,1332388,510640,195212,5834824,6890.103,1968.030,4.000,1416.021,1.000,44.001,3613,7698,3.830,1.790,0.880,4,0,250.004,0,0,10,32,6,44,0
20-05 18:55:53,59.998,17.250,21.999,0,0,1481148,358712,195224,5838180,4873.864,1457.959,1595.955,595.983,26.999,17.000,2740,4457,3.830,1.790,0.880,6,0,276.992,0,0,10,32,6,44,0
20-05 18:55:54,65.002,18.751,16.000,0,0,1348848,480224,195228,5848908,6309.170,1620.044,168.005,1896.051,5.000,31.001,7074,15498,3.830,1.790,0.880,4,0,366.010,0,0,10,32,6,43,0
20-05 18:55:55,52.997,18.999,27.748,0.750,0,1461984,362688,195228,5853304,6271.617,1619.901,3739.772,299.982,80.995,14.999,3581,5966,3.830,1.790,0.880,3,0,383.977,0,0,10,34,6,43,0
20-05 18:55:56,40.253,11.251,48.003,0,0,1364728,459888,195228,5853360,5085.361,1458.104,0,332.024,0,18.001,3773,8414,3.680,1.790,0.890,3,0,184.013,0,0,10,32,6,43,0
20-05 18:55:57,25.475,10.490,64.187,0.250,0,1334656,489796,195232,5853520,5463.651,1618.416,0,339.667,0,19.980,2503,4813,3.680,1.790,0.890,2,0,234.770,0,0,10,32,6,43,0
20-05 18:55:58,18.471,8.486,73.133,0.250,0,1387516,436920,195232,5853536,6006.408,1617.417,0,215.656,0,10.982,1333,1778,3.680,1.790,0.890,1,0,87.860,0,0,10,32,6,43,0
20-05 18:55:59,19.240,7.246,72.464,0,0,1336216,488072,195240,5853676,4870.565,1531.234,0,283.858,0,22.989,2159,3903,3.680,1.790,0.890,1,0,85.957,0,0,10,32,6,44,0
20-05 18:56:00,22.552,3.007,73.169,0.251,0,1400384,423892,195244,5853684,5470.654,1697.927,0,232.538,0,17.039,1240,1726,3.680,1.790,0.890,2,0,10.023,0,0,10,32,6,42,0
20-05 18:56:01,22.958,3.743,72.117,0,0.250,1351752,472496,195244,5853712,5947.010,1455.311,0,259.520,0,18.965,2332,4377,3.470,1.780,0.890,2,0,31.941,0,0,10,32,6,43,0
20-05 18:56:02,22.760,3.501,73.531,0,0,1388120,435984,195248,5853852,5015.101,1620.679,4.002,172.072,1.000,10.004,1681,3103,3.470,1.780,0.890,2,0,0,0,0,10,33,6,36,0
20-05 18:56:03,21.492,4.748,72.724,0,0,1356800,467028,195252,5854124,4844.246,1619.414,0,171.938,0,8.997,1872,3055,3.470,1.780,0.890,2,0,57.979,0,0,10,32,6,39,0
20-05 18:56:04,22.260,4.252,72.784,0.250,0,1333128,490684,195256,5854136,4928.277,1620.749,0,244.113,0,22.010,1898,2857,3.470,1.780,0.890,2,0,21.010,0,0,10,32,6,38,0
20-05 18:56:05,20.033,6.511,72.870,0,0,1383672,440136,195260,5854136,6618.941,1622.682,0,697.152,0,43.071,1535,1987,3.470,1.780,0.890,1,0,73.121,0,0,10,32,6,38,0
20-05 18:56:06,23.705,8.983,65.876,0.250,0,1329108,494032,195264,5854800,9040.922,1549.074,566.929,187.646,4.991,17.966,3251,6832,3.350,1.780,0.900,1,0,132.749,0,0,10,32,6,31,0
20-05 18:56:07,23.753,3.250,73.510,0.250,0,1390248,432824,195272,5854860,6114.801,1694.222,0,188.025,0,17.002,1375,2163,3.350,1.780,0.900,1,0,2.000,0,0,10,32,6,31,0
20-05 18:56:08,20.286,6.762,72.629,0,0,1356092,466816,195280,5855016,6450.450,1697.012,0,3377.996,0,210.373,2361,3514,3.350,1.780,0.900,1,0,96.171,0,0,10,32,6,26,0
20-05 18:56:09,23.491,2.999,73.223,0,0,1379976,442148,195280,5855800,4455.374,1619.409,0,175.936,0,10.996,1808,3205,3.350,1.780,0.900,1,0,0,0,0,10,33,6,26,0
20-05 18:56:10,22.959,3.244,72.370,0.499,0,1367936,454036,195292,5855940,4861.289,1455.392,0,938.319,0,60.891,2122,3561,3.350,1.780,0.900,1,0,31.943,0,0,10,32,6,24,0
20-05 18:56:11,24.497,3.000,72.490,0,0,1393208,428612,195292,5856092,5244.276,1619.776,0,111.985,0,13.998,2859,5414,3.160,1.770,0.900,1,0,0,0,0,10,32,6,24,0
20-05 18:56:12,17.290,20.548,62.396,0,0,1369600,451896,195308,5856400,4630.836,1623.800,20.047,392.919,3.007,25.059,3212,4844,3.160,1.770,0.900,2,0,487.140,0,0,10,32,6,25,0
20-05 18:56:13,45.494,5.499,48.994,0.500,0,1497600,321136,195560,5858884,4579.423,1457.816,1643.793,191.976,50.994,7.999,1434,1623,3.160,1.770,0.900,2,0,6.999,0,0,10,34,6,25,0
20-05 18:56:14,40.040,5.756,48.548,5.255,0.250,1431528,380896,196048,5864512,6531.486,1621.610,116.115,25048.874,6.006,2813.794,14375,23706,3.160,1.770,0.900,2,1,121.120,0,0,10,36,6,25,0
20-05 18:56:15,41.716,7.244,43.215,9.492,0,1500072,310588,196712,5865600,5328.652,1692.619,0,40291.122,0,3490.152,16751,28078,3.160,1.770,0.900,2,0,51.958,0,0,10,36,6,25,0
20-05 18:56:16,44.261,9.752,44.011,0.750,0,1408660,401808,196792,5865744,4889.232,1458.368,0,15223.836,0,880.222,4647,5285,3.150,1.790,0.910,2,0,10.003,0,0,10,32,5,25,0
20-05 18:56:17,41.255,6.501,45.755,6.751,0,1495456,314116,197228,5866200,5109.582,1620.185,0,10813.233,0,2032.232,10961,20833,3.150,1.790,0.910,4,0,3.000,0,0,10,34,5,25,0
20-05 18:56:18,30.770,6.004,62.041,1.251,0,1366900,442528,197308,5866268,5221.478,1621.080,0,12208.131,0,1071.714,4330,6379,3.150,1.790,0.910,1,0,99.066,0,0,10,32,5,25,0
20-05 18:56:19,22.718,3.245,73.396,0.499,0,1435184,374240,197312,5866268,5287.539,1455.946,0,1437.971,0,62.911,1129,1483,3.150,1.790,0.910,1,0,3.994,0,0,10,32,5,25,0
20-05 18:56:20,22.958,2.745,73.365,0.250,0,1383204,426184,197328,5866288,6107.731,1617.017,0,5653.569,0,307.433,1697,2400,3.150,1.790,0.910,2,0,2.994,0,0,10,32,5,25,0
20-05 18:56:21,23.052,3.007,73.667,0,0,1325736,483640,197328,5866300,5925.469,1623.691,0,112.255,0,12.027,970,1188,2.980,1.770,0.910,1,0,3.007,0,0,10,32,5,25,0
20-05 18:56:22,23.701,2.994,73.100,0,0,1406584,402764,197328,5866328,5565.607,1455.022,0,0,0,0,1030,1236,2.980,1.770,0.910,1,0,3.992,0,0,10,32,5,24,0
20-05 18:56:23,23.249,3.000,73.748,0,0,1350452,458784,197332,5866396,5730.868,1619.963,0,747.983,0,8.000,931,1139,2.980,1.770,0.910,1,0,1.000,0,0,10,32,5,24,0
20-05 18:56:24,23.250,2.250,73.499,0,0,1422016,387220,197332,5866396,4940.911,1619.971,0,0,0,0,1029,1252,2.980,1.770,0.910,1,0,5.000,0,0,10,32,5,24,0
20-05 18:56:25,22.996,2.500,73.737,0,0,1371996,437120,197340,5866504,5480.046,1693.705,0,0,0,0,958,1184,2.980,1.770,0.910,1,0,2.999,0,0,10,32,5,20,0
20-05 18:56:26,23.254,3.001,74.012,0,0,1390088,419016,197340,5866516,5535.924,1532.256,0,0,0,0,898,1134,2.820,1.760,0.910,1,0,3.001,0,0,10,32,5,20,0
20-05 18:56:27,24.000,2.500,73.749,0.250,0,1327056,482020,197344,5866540,4869.932,1619.977,0,419.994,0,15.000,1093,1516,2.820,1.760,0.910,1,0,3.000,0,0,10,32,5,20,0
20-05 18:56:28,22.751,2.750,72.752,0,0,1401560,407484,197348,5866560,14084.408,1694.049,0,13792.400,0,210.006,1389,1351,2.820,1.760,0.910,1,0,2.000,0,0,10,32,5,20,0
20-05 18:56:29,23.748,2.500,73.992,0,0,1406612,402412,197348,5866580,14565.500,1457.850,0,4.000,0,1.000,1037,1180,2.820,1.760,0.910,1,0,3.000,0,0,10,32,5,20,0
20-05 18:56:30,19.753,5.751,73.513,0,0,1333912,475100,197348,5866592,5886.007,1662.284,0,0,0,0,1180,1548,2.820,1.760,0.910,1,0,61.010,0,0,10,32,5,20,0
20-05 18:56:31,10.016,20.283,68.611,0.250,0.250,1335088,473232,197356,5867240,13852.510,1622.637,512.833,528.859,6.010,6.010,2723,3852,2.670,1.750,0.910,1,0,356.579,0,0,10,32,5,20,0
20-05 18:56:32,8.744,20.487,69.705,0,0,1342012,466268,197360,5867276,11594.579,1531.020,39.974,459.706,1.999,7.995,2519,3468,2.670,1.750,0.910,1,0,284.818,0,0,10,32,5,20,0
20-05 18:56:33,10.738,18.980,69.425,0.250,0,1350944,457000,197500,5867468,5860.706,1844.020,203.781,667.283,8.990,12.986,2607,3849,2.670,1.750,0.910,1,0,304.673,0,0,10,32,6,20,0
20-05 18:56:34,9.005,20.511,69.537,0,0,1346568,461344,197500,5867500,13481.105,1694.893,0,0,0,0,2586,3657,2.670,1.750,0.910,1,0,309.163,0,0,10,32,6,20,0
20-05 18:56:35,20.741,4.998,73.969,0,0,1417088,390828,197500,5867488,7943.703,1457.395,0,3.998,0,1.000,1120,1434,2.670,1.750,0.910,1,0,38.984,0,0,10,32,6,20,0
20-05 18:56:36,22.752,3.000,73.756,0,0,1347988,459908,197500,5867504,6799.544,1694.136,0,16.001,0,1.000,864,1047,2.540,1.740,0.910,1,0,3.000,0,0,10,32,6,20,0
20-05 18:56:37,23.491,2.499,73.471,0,0,1426632,381284,197500,5867484,5249.963,1619.372,0,131.949,0,12.995,1161,1615,2.540,1.740,0.910,1,0,3.998,0,0,10,32,6,20,0
20-05 18:56:38,24.757,1.250,73.772,0,0,1371420,436476,197500,5867504,5770.702,1704.503,0,408.120,0,27.008,991,1248,2.540,1.740,0.910,1,0,3.001,0,0,10,32,6,20,0
20-05 18:56:39,23.245,2.499,73.984,0,0,1432416,375492,197500,5867492,5246.893,1457.692,0,11.997,0,1.000,879,1105,2.540,1.740,0.910,1,0,2.000,0,0,10,32,6,20,0
20-05 18:56:40,23.456,2.745,73.861,0,0,1394320,413596,197500,5867484,6658.455,1764.675,0,0,0,0,822,1126,2.540,1.740,0.910,1,0,2.994,0,0,10,32,6,20,0
20-05 18:56:41,23.048,2.505,73.653,0,0,1338080,469792,197500,5867524,5223.845,1697.524,20.042,24.050,1.002,2.004,863,1049,2.410,1.720,0.910,1,0,3.006,0,0,10,32,6,20,0
20-05 18:56:42,23.001,3.250,74.003,0,0,1417968,389912,197500,5867516,5003.170,1458.050,0,0,0,0,902,1133,2.410,1.720,0.910,1,0,4.000,0,0,10,32,6,20,0
20-05 18:56:43,23.251,2.250,74.002,0,0,1365508,442360,197500,5867528,8910.285,1620.052,0,436.014,0,5.000,948,1150,2.410,1.720,0.910,1,0,3.000,0,0,10,32,6,18,0
20-05 18:56:44,23.525,2.252,73.829,0.250,0,1431552,376340,197500,5867504,9001.668,1663.787,0,580.624,0,105.113,1121,1203,2.410,1.720,0.910,1,0,3.003,0,0,10,32,6,18,0
20-05 18:56:45,23.474,2.497,73.667,0,0,1383704,424252,197500,5867440,6729.463,1456.369,0,0,0,0,935,1149,2.410,1.720,0.910,1,0,2.997,0,0,10,32,6,18,0
20-05 18:56:46,23.502,2.500,74.256,0,0,1329384,478568,197500,5867444,5141.442,1620.139,0,88.008,0,1.000,876,1068,2.300,1.710,0.910,1,0,3.000,0,0,10,32,6,18,0
20-05 18:56:47,23.742,2.499,73.227,0.250,0,1348296,459568,197500,5867532,5084.373,1619.482,0,195.937,0,16.995,1216,1660,2.300,1.710,0.910,1,0,2.999,0,0,10,32,6,17,0
20-05 18:56:48,22.252,3.750,73.756,0,0,1425356,382516,197500,5867520,5337.454,1532.130,0,2296.195,0,105.009,1173,1305,2.300,1.710,0.910,1,0,4.000,0,0,10,32,6,17,0
20-05 18:56:49,23.499,2.500,73.247,0,0,1373172,434680,197500,5867540,6207.721,1735.922,0,31.999,0,2.000,923,1086,2.300,1.710,0.910,1,0,1.000,0,0,10,32,6,12,0
20-05 18:56:50,23.502,2.500,74.006,0,0,1374212,433640,197500,5867540,9238.739,1458.117,0,20.002,0,1.000,1053,1213,2.300,1.710,0.910,1,0,5.000,0,0,10,32,6,12,0
20-05 18:56:51,23.249,2.500,72.997,0,0,1438232,369632,197500,5867528,5302.814,1619.943,0,0,0,0,979,1180,2.200,1.700,0.910,1,0,2.000,0,0,10,32,6,10,0
20-05 18:56:52,12.266,16.771,69.838,0,0,1338016,469816,197500,5867560,5551.033,1622.055,0,108.137,0,9.011,2413,3584,2.200,1.700,0.910,1,0,328.416,0,0,10,32,6,10,0
20-05 18:56:53,20.234,5.496,73.443,0,0,1397000,410808,197500,5867584,5185.002,1618.752,0,187.855,0,3.997,1279,1714,2.200,1.700,0.910,1,0,65.949,0,0,10,32,6,10,0
20-05 18:56:54,22.748,3.250,73.743,0,0,1363540,443996,197500,5867820,5432.500,1619.851,0,0,0,0,969,1205,2.200,1.700,0.910,1,0,9.999,0,0,10,32,6,10,0
20-05 18:56:55,22.038,3.757,73.628,0,0,1338288,469248,197500,5867820,6287.903,1460.533,0,144.250,0,31.054,1118,1346,2.200,1.700,0.910,1,0,35.061,0,0,10,32,6,10,0
20-05 18:56:56,9.996,20.492,68.724,0,0,1346372,461064,197500,5867920,4829.189,1693.365,3.999,119.955,1.000,4.998,3119,4868,2.100,1.690,0.910,1,0,487.817,0,0,10,32,6,10,0
20-05 18:56:57,8.254,22.011,68.284,0,0,1346132,461276,197500,5867948,5518.715,1620.797,0,464.228,0,25.012,3483,5490,2.100,1.690,0.910,1,0,510.251,0,0,10,32,6,10,0
20-05 18:56:58,8.497,21.492,68.723,0.250,0.250,1345072,462276,197512,5867992,5275.916,1457.424,0,4498.223,0,174.931,3946,6108,2.100,1.690,0.910,1,0,578.771,0,0,10,32,6,10,0
20-05 18:56:59,8.990,21.726,68.674,0,0,1348616,458704,197512,5868020,7179.053,1618.209,0,1218.651,0,14.983,3145,4967,2.100,1.690,0.910,2,0,510.435,0,0,10,32,6,9,0
20-05 18:57:00,9.504,19.259,70.032,0,0,1347644,459656,197512,5868040,5713.651,1620.752,0,996.462,0,36.017,3356,5118,2.100,1.690,0.910,1,0,514.239,0,0,10,32,6,9,0
20-05 18:57:01,8.751,19.253,70.262,0,0,1345628,461636,197512,5868076,5780.989,1458.249,0,144.025,0,6.001,2859,4397,2.010,1.680,0.910,1,0,404.069,0,0,10,32,6,7,0
20-05 18:57:02,9.503,20.257,69.274,0,0,1344656,462436,197512,5868240,5548.948,1620.569,8.003,280.098,1.000,11.004,3104,4876,2.010,1.680,0.910,3,0,464.163,0,0,10,32,6,7,0
20-05 18:57:03,10.236,19.973,69.155,0,0,1344336,462720,197520,5868268,4643.629,1456.002,0,555.238,0,27.962,3240,5140,2.010,1.680,0.910,1,0,480.341,0,0,10,32,6,4,0
20-05 18:57:04,29.315,21.297,47.605,0.501,0,1399472,404056,197556,5871780,4901.848,1697.757,3431.594,946.094,47.104,28.062,3776,6233,2.010,1.680,0.910,3,0,636.408,0,0,10,32,6,6,0
20-05 18:57:05,62.526,29.512,7.253,0.250,0,1547872,247128,198616,5876024,5268.186,1620.673,828.344,1268.526,20.008,58.024,9200,7072,2.010,1.680,0.910,4,0,698.290,0,0,10,32,6,10,0
20-05 18:57:06,77.822,12.970,6.984,2.494,0,1649576,146108,198876,5874280,9867.384,1622.282,11.973,17719.387,0.998,1490.584,8489,15059,2.250,1.730,0.940,4,1,128.705,0,0,10,38,6,12,0
20-05 18:57:07,54.069,16.020,18.523,11.264,0,1616736,176380,199440,5876364,5220.620,1696.151,0,89689.727,0,6604.374,24556,44551,2.250,1.730,0.940,3,1,177.225,0,0,10,36,6,12,0
20-05 18:57:08,61.024,15.756,13.755,9.003,0,1656368,125840,200052,5886576,4901.897,1620.627,8.003,91255.316,1.000,6609.558,20904,42733,2.250,1.730,0.940,2,1,122.047,0,0,10,36,6,11,0
20-05 18:57:09,48.002,12.500,28.751,9.750,0,1538948,233260,200392,5896140,5289.206,1694.066,0,66194.582,0,5117.200,22555,37298,2.250,1.730,0.940,2,1,126.005,0,0,10,34,6,11,0
20-05 18:57:10,37.998,12.249,40.248,9.249,0,1574160,188148,200800,5905232,6704.618,1661.905,0,57184.740,0,4496.744,21996,36390,2.250,1.730,0.940,4,0,220.987,0,0,10,35,6,10,0
20-05 18:57:11,35.241,8.498,46.238,8.498,0,1502604,255968,201032,5908640,4764.785,1457.628,0,57893.237,0,4750.789,23481,39860,2.230,1.740,0.940,2,0,95.976,0,0,10,34,6,10,0
20-05 18:57:12,38.919,7.235,42.661,9.979,0,1557476,201024,201244,5908348,4407.832,1616.637,0,45437.490,0,3908.870,18423,30786,2.230,1.740,0.940,2,1,28.940,0,0,10,34,6,10,0
20-05 18:57:13,39.092,7.267,43.352,9.522,0,1559472,197524,201500,5909548,4640.901,1697.989,0,52804.037,0,4783.236,22147,38425,2.230,1.740,0.940,3,1,45.106,0,0,10,35,6,13,0
20-05 18:57:14,38.016,9.254,44.268,6.503,0,1532500,221840,201624,5912012,7442.044,1694.693,0,42637.439,0,3942.613,17330,31416,2.230,1.740,0.940,5,0,119.049,0,0,10,34,6,12,0
20-05 18:57:15,39.933,6.988,44.176,6.739,0,1560620,190116,201808,5915364,5348.010,1529.429,0,52807.231,0,4559.336,19405,35663,2.230,1.740,0.940,2,1,62.894,0,0,10,35,6,15,0
20-05 18:57:16,37.766,8.253,44.268,8.504,0,1523328,223152,202016,5919236,4976.075,1620.676,0,56343.495,0,4912.048,22896,39717,2.370,1.770,0.960,2,1,99.041,0,0,10,36,6,23,0
20-05 18:57:17,38.817,7.263,43.325,10.518,0,1567084,175272,202108,5923132,6792.731,1696.931,0,58745.453,0,4970.584,21250,36002,2.370,1.770,0.960,1,2,110.190,0,0,10,37,6,23,0
20-05 18:57:18,36.728,8.995,44.474,8.745,0,1506312,234268,202232,5924736,9381.502,1457.146,0,51273.953,0,4442.397,21448,39255,2.370,1.770,0.960,3,1,89.947,0,0,10,36,6,28,0
20-05 18:57:19,37.728,9.494,43.725,9.744,0,1563232,182056,202308,5919908,7471.666,1619.061,0,44997.901,0,4410.442,17535,32152,2.370,1.770,0.960,1,1,32.981,0,0,10,37,6,28,0
20-05 18:57:20,40.041,10.761,46.047,2.503,0,1425472,319824,202324,5919880,6024.151,1621.656,0,23688.186,0,1711.748,8498,14563,2.370,1.770,0.960,2,0,162.166,0,0,10,32,6,30,0
20-05 18:57:21,21.932,9.471,67.540,0.249,0,1403724,341520,202324,5919928,5235.706,1654.850,0,1411.607,0,87.727,2155,3620,2.260,1.760,0.960,2,0,141.559,0,0,10,32,6,30,0
20-05 18:57:22,23.016,5.003,73.051,0,0,1460772,284408,202324,5919972,5794.027,1567.089,0,1024.712,0,58.040,1336,1901,2.260,1.760,0.960,2,0,18.013,0,0,10,33,6,30,0
20-05 18:57:23,21.487,5.247,72.458,0.250,0,1415032,329988,202324,5920128,5324.885,1619.053,0,2966.265,0,220.871,2331,4133,2.260,1.760,0.960,2,0,44.974,0,0,10,32,6,32,0
20-05 18:57:24,23.251,2.500,73.005,0,0,1450020,294988,202324,5920140,5345.342,1512.097,0,576.037,0,40.003,2008,4247,2.260,1.760,0.960,2,0,1.000,0,0,10,32,6,34,0
20-05 18:57:25,10.257,19.263,69.047,0.500,0,1391696,353204,202324,5920248,7651.165,1567.058,0,2685.813,0,172.116,3419,5286,2.260,1.760,0.960,1,0,496.335,0,0,10,32,6,34,0
20-05 18:57:26,42.051,17.521,40.299,0.250,0,1494880,249888,202340,5920364,5585.826,1621.982,4.005,724.886,1.001,58.071,3252,4877,2.320,1.780,0.970,3,0,383.469,0,0,10,32,6,40,0
20-05 18:57:27,67.017,9.252,24.006,0,0,1667752,125236,202308,5873004,4724.181,1620.405,4.001,1388.347,1.000,70.018,1644,1586,2.320,1.780,0.970,3,0,6.002,0,0,10,32,6,40,0
20-05 18:57:28,54.718,7.246,31.232,5.747,0,1762384,130644,202432,5774664,12414.824,1619.064,2334.651,22510.989,101.941,1941.878,11526,17671,2.320,1.780,0.970,2,1,104.939,0,0,10,38,6,40,0
20-05 18:57:29,28.979,9.743,44.717,14.989,0,1765280,129720,202608,5772500,11886.359,1638.809,0,108321.250,0,8176.056,32175,55027,2.320,1.780,0.970,2,0,233.830,0,0,10,38,6,40,0
20-05 18:57:30,38.562,8.764,40.064,12.520,0,1766628,118392,202740,5782316,6872.990,1588.540,0,78657.774,0,6809.889,27493,53643,2.320,1.780,0.970,6,1,201.322,0,0,10,38,6,40,0
20-05 18:57:31,42.985,12.745,28.240,14.995,0,1685456,203424,202896,5778384,13604.171,1619.425,367.869,93290.882,4.998,7089.483,25189,46332,2.460,1.820,0.990,2,1,254.910,0,0,10,36,6,40,0
20-05 18:57:32,53.000,9.250,26.500,12.250,0,1744832,132944,203028,5789308,8299.975,1619.995,12.000,92227.723,2.000,6478.981,25375,41812,2.460,1.820,0.990,3,1,33.000,0,0,10,36,6,40,0
20-05 18:57:33,38.988,11.496,34.489,15.495,0,1654196,231620,203072,5781212,5719.216,1457.545,371.884,92095.266,7.998,6987.820,27402,46020,2.460,1.820,0.990,6,0,158.950,0,0,10,36,6,40,0
20-05 18:57:34,32.760,6.002,52.016,7.252,0,1389920,493848,203096,5783160,12022.775,1620.509,4.001,35179.046,1.000,2912.915,12697,21469,2.460,1.820,0.990,2,0,99.031,0,0,10,32,6,40,0
20-05 18:57:35,17.234,11.240,69.687,1.499,0,1426760,456972,203100,5783192,8921.917,1618.534,0,8987.857,0,553.499,3457,5015,2.460,1.820,0.990,2,0,198.820,0,0,10,32,6,40,0
20-05 18:57:36,22.725,3.746,72.172,0.499,0,1502108,381624,203100,5783192,6930.515,1456.427,0,4571.063,0,267.711,1650,2329,2.340,1.800,0.990,1,0,2.997,0,0,10,32,6,40,0
20-05 18:57:37,22.488,3.248,73.211,0.250,0,1398604,485128,203100,5783192,5258.187,1693.094,0,151.919,0,12.993,1463,2034,2.340,1.800,0.990,1,0,26.986,0,0,10,32,6,40,0
20-05 18:57:38,23.253,2.750,73.759,0,0,1472152,411572,203100,5783200,5263.611,1532.178,0,1096.127,0,52.006,974,1160,2.340,1.800,0.990,1,0,3.000,0,0,10,32,6,40,0
20-05 18:57:39,24.263,2.752,71.789,0.750,0,1392336,491384,203100,5783200,5255.885,1620.890,72.040,6911.795,2.001,403.221,2166,3351,2.340,1.800,0.990,1,0,13.007,0,0,10,32,6,40,0
20-05 18:57:40,15.282,37.079,47.351,0.251,0,1407056,476464,203100,5783384,5775.267,1623.448,44.094,3603.654,4.009,200.426,6699,11322,2.340,1.800,0.990,2,0,1425.027,0,0,10,32,6,40,0
20-05 18:57:41,9.975,28.179,60.596,0.249,0,1410996,472452,203100,5783452,5456.158,1454.310,0,371.059,0,29.924,3674,5839,2.230,1.790,0.990,1,0,669.302,0,0,10,32,6,40,0
20-05 18:57:42,4.002,7.503,87.785,0,0,1396820,485956,203112,5784112,5207.098,1620.653,688.277,216.087,17.007,12.005,1710,2457,2.230,1.790,0.990,1,0,101.041,0,0,11,12,6,40,20
20-05 18:57:43,8.514,26.293,63.604,0.250,0,1396744,485860,203112,5784252,6748.020,1622.650,0,588.962,0,19.031,3403,4868,2.230,1.790,0.990,2,0,428.700,0,0,11,12,6,40,20
20-05 18:57:44,22.512,17.259,60.281,0.250,0,1416432,465312,203112,5785044,6841.496,1620.828,640.327,1520.777,41.021,231.118,6037,10416,2.230,1.790,0.990,2,0,319.163,0,0,11,12,6,40,20
20-05 18:57:45,17.486,18.735,62.699,0,0,1441264,439760,203116,5786060,6510.655,1572.709,43.964,31.974,1.998,7.993,3967,6463,2.230,1.790,0.990,1,0,422.653,0,0,13,12,6,40,20
20-05 18:57:46,26.462,14.729,57.168,0,0,1482660,398076,203116,5785940,5760.687,1617.666,3.994,0,0.999,0,4446,8731,2.290,1.810,1,2,0,328.526,0,0,15,12,5,40,20
20-05 18:57:47,10.752,19.754,68.513,0,0,1488268,392308,203116,5786140,5275.981,1620.301,0,72.013,0,10.002,2626,4098,2.290,1.810,1,3,0,292.054,0,0,15,12,5,40,20
20-05 18:57:48,27.493,13.747,57.736,0,0,1542196,338240,203116,5786156,6562.438,1457.653,0,247.941,0,2.999,4615,12785,2.290,1.810,1,2,0,154.963,0,0,15,12,5,40,20
20-05 18:57:49,82.176,17.538,0.501,0,0,1883516,123136,203076,5662860,5353.478,1665.571,284.610,569.220,6.013,30.064,2145,3121,2.290,1.810,1,13,0,39.084,0,0,17,12,5,40,20
20-05 18:57:50,45.169,16.221,37.433,0,0,1927136,173036,203012,5571336,7025.460,1659.039,0,758.646,0,10.980,2442,3983,2.290,1.810,1,1,0,164.706,0,0,17,12,5,40,20
20-05 18:57:51,9.996,19.242,69.220,0,0,1929680,170476,203012,5571364,8087.514,1457.372,0,251.891,0,5.997,2591,3854,2.350,1.830,1.010,1,0,247.893,0,0,17,12,5,40,20
20-05 18:57:52,15.535,18.542,65.399,0,0,1939900,159996,203012,5571572,4526.338,1623.709,0,44.101,0,6.014,3570,5723,2.350,1.830,1.010,1,0,202.462,0,0,17,12,5,40,20
20-05 18:57:53,25.193,14.467,58.867,0.249,0,1975312,130352,203008,5565716,4505.848,1454.723,1061.608,43.901,16.962,1.996,3916,5924,2.350,1.830,1.010,1,0,177.600,0,0,17,12,5,40,20
20-05 18:57:54,10.260,5.756,83.334,0,0,1991252,129380,203000,5551220,5554.616,1621.639,0,0,0,0,1526,2620,2.350,1.830,1.010,1,0,67.068,0,0,18,12,5,41,20
20-05 18:57:55,21.523,5.255,71.825,0,0,2053632,132488,202952,5487360,6221.508,1533.604,144.151,184.193,2.002,4.004,1539,2397,2.350,1.830,1.010,1,0,28.029,0,0,18,13,5,41,16
20-05 18:57:56,19.241,9.246,70.216,0.250,0,2001048,184424,202952,5487964,7063.581,1693.181,315.847,539.739,4.998,52.974,3592,6652,2.240,1.820,1.010,1,0,142.931,0,0,18,18,5,47,0
20-05 18:57:57,10.494,19.489,69.960,0,0,2009020,176384,202952,5488032,5610.802,1619.077,0,159.909,0,7.995,3349,5262,2.240,1.820,1.010,1,0,426.757,0,0,18,18,5,47,0
20-05 18:57:58,8.759,22.774,68.572,0,0,2009812,175536,202952,5488072,5810.106,1695.782,0,2046.151,0,19.020,3344,5562,2.240,1.820,1.010,1,0,406.427,0,0,18,18,5,47,0
20-05 18:57:59,18.713,12.975,66.121,0.250,0,2015752,168968,202952,5488696,4935.371,1616.846,327.361,574.878,2.994,28.944,5220,9711,2.240,1.820,1.010,1,0,164.679,0,0,18,18,5,47,0
20-05 18:58:00,46.104,8.519,43.849,0,0,2123668,121684,202912,5429436,4858.976,1461.301,252.571,200.453,5.011,3.007,2123,2924,2.240,1.820,1.010,3,0,127.288,0,0,18,19,5,47,0
20-05 18:58:01,45.896,9.977,44.150,0,0,2211120,118860,202864,5346628,5570.428,1616.352,147.667,235.469,1.995,14.966,3420,12853,2.220,1.820,1.010,3,0,5.986,0,0,18,33,5,47,0
20-05 18:58:02,38.813,9.766,50.081,1.002,0,2260368,128532,202796,5288820,4957.006,1696.740,0,10124.351,0,514.831,3031,3635,2.220,1.820,1.010,2,0,126.204,0,0,18,34,5,48,0
20-05 18:58:03,14.511,17.764,66.301,0.250,0,2274160,121132,202796,5282636,4558.533,1685.306,0,464.360,0,23.018,5176,9655,2.220,1.820,1.010,0,0,260.202,0,0,18,34,6,48,0
20-05 18:58:04,7.478,4.985,85.493,0,0,2270524,130968,202792,5276288,5504.465,1688.926,215.353,43.868,9.970,3.988,2072,4037,2.220,1.820,1.010,2,0,55.832,0,0,18,34,6,48,0
20-05 18:58:05,1.750,1.250,96.015,0,0,2270720,130728,202796,5276312,5578.848,1620.246,20.003,4.001,1.000,1.000,992,1700,2.220,1.820,1.010,0,0,3.000,0,0,18,34,6,45,0
20-05 18:58:06,7.750,3.500,88.499,0,0,2267932,147616,202644,5262536,7302.956,1625.990,8.000,99.999,1.000,9.000,1799,4745,2.040,1.790,1.010,0,0,37.000,0,0,18,34,6,46,0
20-05 18:58:07,1.750,0,96.494,0,0,2267800,147632,202644,5262832,8073.532,1619.906,0,319.981,0,11.999,1043,1764,2.040,1.790,1.010,0,0,1.000,0,0,18,34,6,42,0
20-05 18:58:08,8.020,8.020,84.214,0,0,2220808,194688,202644,5263188,5006.702,1545.922,28.071,4.010,2.005,1.003,2485,4807,2.040,1.790,1.010,4,0,138.351,0,0,18,34,6,42,0
20-05 18:58:09,18.242,16.243,64.221,0.500,0,2252832,162456,202644,5262996,8088.344,1619.268,0,439.801,0,31.986,4785,7569,2.040,1.790,1.010,1,0,248.888,0,0,18,34,6,42,0
20-05 18:58:10,12.255,20.508,65.777,0.500,0,2308984,124956,202340,5245216,5523.253,2006.819,216.088,1924.785,31.013,324.132,4592,8359,2.040,1.790,1.010,2,0,294.120,0,0,19,34,6,42,0
20-05 18:58:11,13.966,15.213,69.579,0.249,0,2310624,126984,202264,5241360,5138.344,1528.236,231.430,319.214,10.973,15.961,4695,7845,1.960,1.780,1.010,0,0,186.541,0,0,19,34,6,42,0
20-05 18:58:12,5.751,8.502,85.267,0,0,2315860,121708,202264,5241404,4620.906,1620.318,0,0,0,0,1752,2838,1.960,1.780,1.010,1,0,105.021,0,0,21,34,6,42,0
20-05 18:58:13,17.769,15.516,67.071,0.250,0,2311388,129792,202264,5237764,4761.018,1621.709,168.177,1853.954,7.007,317.334,5699,11506,1.960,1.780,1.010,1,0,175.185,0,0,21,36,6,42,0
20-05 18:58:14,9.509,19.768,69.814,0,0,2315056,126012,202264,5237796,5213.776,1621.485,0,0,0,0,2851,4294,1.960,1.780,1.010,1,0,281.258,0,0,21,36,6,42,0
20-05 18:58:15,9.999,19.498,68.244,0,0,2320484,120560,202264,5237824,5220.509,1619.848,0,27.997,0,6.999,2819,4225,1.960,1.780,1.010,2,0,267.975,0,0,21,36,6,38,0
20-05 18:58:16,22.765,18.262,58.289,0,0,2326832,121828,202272,5230224,4683.105,1621.075,4.003,1513.003,1.001,220.146,5529,10100,2.040,1.800,1.020,2,0,245.163,0,0,21,36,6,38,0
20-05 18:58:17,30.999,24.250,44.749,0,0,2398948,128768,202236,5152820,6813.884,1457.975,0,335.994,0,8.000,3424,5732,2.040,1.800,1.020,2,0,465.992,0,0,21,36,6,27,0
20-05 18:58:18,33.237,21.242,45.482,0,0,2453044,136808,202376,5092024,5704.718,1693.323,167.933,11.995,5.998,2.999,3925,7717,2.040,1.800,1.020,2,0,459.816,0,0,21,40,6,29,0
20-05 18:58:19,32.241,22.994,43.238,0,0,2501108,126944,202352,5055124,5926.406,1693.544,7.998,39.989,1.999,9.997,3880,6735,2.040,1.800,1.020,3,0,385.896,0,0,21,40,6,24,0
20-05 18:58:20,42.526,19.262,37.023,0,0,2585116,133768,202280,4966460,5455.361,1548.954,0,12.007,0,3.002,3841,7614,2.040,1.800,1.020,3,0,318.196,0,0,21,40,6,24,0
20-05 18:58:21,53.710,24.981,20.734,0.250,0,2695964,132592,202188,4857764,6124.382,1618.779,7.994,7086.657,1.998,545.589,4073,7114,2.120,1.820,1.030,6,0,464.650,0,0,21,40,6,22,0
20-05 18:58:22,64.554,18.515,15.513,0.751,0,2796400,124468,203212,4764120,6356.282,1621.347,988.822,2145.783,73.061,235.195,4797,11287,2.120,1.820,1.030,7,0,284.236,0,0,21,40,6,22,0
20-05 18:58:23,63.508,22.253,11.251,2.250,0,2935184,132144,203080,4618596,4907.638,1458.190,8.001,9197.196,2.000,1084.141,7694,16470,2.120,1.820,1.030,4,0,414.054,0,0,21,44,6,20,0
20-05 18:58:24,60.668,22.969,12.733,2.247,0,3011492,122672,203020,4553688,5126.100,1617.822,0,28206.035,0,2600.500,15548,32922,2.120,1.820,1.030,6,1,445.400,0,0,21,44,6,20,0
20-05 18:58:25,70.582,21.275,7.008,0.250,0.250,3139436,141936,202904,4408256,7067.184,1621.878,12.014,5678.576,2.002,346.401,8526,15588,2.120,1.820,1.030,7,0,258.299,0,0,21,50,6,21,0
20-05 18:58:26,73.750,19.750,6.000,0.250,0,3220048,123984,202832,4345588,6821.959,1531.991,32.000,12611.924,4.000,795.995,7768,17789,2.510,1.900,1.060,4,0,407.998,0,0,21,61,6,27,0
20-05 18:58:27,51.967,24.984,22.236,0.250,0,3322500,127508,202700,4242244,4967.880,1618.983,0,859.460,0,48.969,5274,13810,2.510,1.900,1.060,4,0,504.683,0,0,21,63,6,21,0
20-05 18:58:28,50.152,16.218,33.185,0,0,3426996,126520,202624,4141084,13451.581,1616.825,0,5345.501,0,361.290,5102,10144,2.510,1.900,1.060,3,0,218.571,0,0,21,66,6,21,0
20-05 18:58:29,68.457,11.786,19.308,0.502,0,3588856,135980,202544,3972164,12662.278,1462.421,633.916,4822.579,29.088,261.791,5075,13460,2.510,1.900,1.060,2,0,17.052,0,0,21,85,6,25,0
20-05 18:58:30,9.717,19.684,68.271,0,0,3604220,120400,202544,3972416,5548.385,1704.282,87.706,267.104,7.973,15.946,2986,4858,2.510,1.900,1.060,3,0,269.097,0,0,21,81,6,29,0
20-05 18:58:31,9.763,19.777,68.843,0,0,3599644,129536,202544,3967880,12650.040,1664.242,0,308.415,0,20.027,2916,4327,2.310,1.870,1.060,1,0,247.333,0,0,21,81,6,29,0
20-05 18:58:32,9.761,18.270,70.328,0,0,3609448,119720,202544,3967892,11272.433,1621.789,0,468.517,0,31.034,2843,4051,2.310,1.870,1.060,1,0,237.262,0,0,21,81,6,29,0
20-05 18:58:33,9.241,18.981,69.181,0.250,0,3608216,130028,202544,3958860,6701.319,1660.345,0,723.279,0,20.979,2920,4394,2.310,1.870,1.060,1,0,252.748,0,0,21,81,6,29,0
20-05 18:58:34,9.750,19.750,69.248,0,0,3612844,125376,202544,3958884,12117.697,1457.964,0,35.999,0,3.000,2874,4221,2.310,1.870,1.060,1,0,254.994,0,0,21,81,6,29,0
20-05 18:58:35,11.739,19.982,67.688,0,0,3614412,123744,202544,3958960,7985.653,1692.443,0,43.960,0,10.990,2933,4551,2.310,1.870,1.060,1,0,253.767,0,0,21,81,6,30,0
20-05 18:58:36,26.561,18.292,52.622,0.501,0,3617464,129352,202544,3950308,6637.346,1697.926,400.927,6194.321,12.028,466.078,6290,10042,2.200,1.860,1.060,2,0,244.565,0,0,21,89,6,30,0
20-05 18:58:37,28.748,24.999,45.498,0.500,0,3689104,127036,202544,3881668,5149.727,1531.919,811.957,155.992,48.997,9.999,3271,5404,2.200,1.860,1.060,2,0,376.980,0,0,21,91,6,30,0
20-05 18:58:38,30.987,25.489,42.482,0.250,0,3778268,121044,202516,3799836,5257.818,1619.328,175.927,1411.414,12.995,91.962,6634,16435,2.200,1.860,1.060,1,0,263.890,0,0,21,103,6,30,0
20-05 18:58:39,46.510,21.255,31.257,0.250,0,3876036,134096,202448,3689444,5226.108,1694.359,1192.253,260.055,47.010,18.004,4301,9867,2.200,1.860,1.060,11,0,522.111,0,0,23,111,6,30,0
20-05 18:58:40,58.989,24.745,15.997,0,0,3983592,121828,202404,3595624,5124.042,1457.727,151.972,579.892,14.997,53.990,8133,15893,2.200,1.860,1.060,4,0,365.932,0,0,23,111,6,30,0
20-05 18:58:41,48.015,20.506,29.509,0.500,0,4057096,125012,202372,3520024,6263.917,1710.523,204.062,10019.066,8.002,775.237,4927,6911,2.190,1.860,1.060,3,0,411.126,0,0,23,127,6,30,0
20-05 18:58:42,24.966,21.970,51.680,0.250,0,4105772,127684,202336,3468996,4696.599,1456.015,31.956,251.657,1.997,9.986,3279,5118,2.190,1.860,1.060,1,0,391.466,0,0,24,127,6,30,0
20-05 18:58:43,12.502,19.003,65.512,0,0,4111848,121540,202336,3469064,6067.080,1694.302,0,480.085,0,37.007,3150,4882,2.190,1.860,1.060,1,0,264.047,0,0,24,127,6,30,0
20-05 18:58:44,24.281,18.774,55.572,0,0,4123296,118248,202336,3460932,5581.200,1696.188,0,184.238,0,13.017,5255,8047,2.190,1.860,1.060,2,0,198.256,0,0,24,127,6,30,0
20-05 18:58:45,31.240,21.243,46.236,0,0,4183508,121736,202288,3397496,8208.431,1573.507,0,83.974,0,7.997,3311,5179,2.190,1.860,1.060,3,0,362.886,0,0,24,127,6,30,0
20-05 18:58:46,35.146,22.185,41.627,0,0,4267488,123884,202256,3312708,4834.757,1615.241,223.342,610.202,2.991,40.880,5792,15360,2.250,1.880,1.070,1,0,229.324,0,0,24,139,6,30,0
20-05 18:58:47,32.349,20.312,46.392,0.251,0,4317768,122832,202236,3264060,5356.439,1699.215,60.185,5376.500,5.015,448.376,4489,6172,2.250,1.880,1.070,3,0,418.284,0,0,24,139,6,30,0
20-05 18:58:48,35.752,23.002,39.753,0.250,0,4402676,120060,201940,3184016,5215.349,1620.109,60.004,1144.077,5.000,74.005,5108,10175,2.250,1.880,1.070,3,0,506.034,0,0,24,151,6,30,0
20-05 18:58:49,12.974,20.460,63.874,0,0,4412984,123436,201788,3170900,6608.941,1455.125,35.929,235.535,8.982,15.968,5037,8577,2.250,1.880,1.070,1,0,298.410,0,0,24,151,6,30,0
20-05 18:58:50,16.235,22.978,59.694,0.250,0,4417508,165320,201620,3125864,5813.559,1618.485,15.985,5103.223,3.996,430.597,3981,5749,2.250,1.880,1.070,2,0,302.717,0,0,24,153,6,30,0
20-05 18:58:51,24.805,15.785,58.129,0,0,4442156,140448,201664,3126060,7386.368,1771.927,324.720,404.897,24.053,35.078,5760,9366,2.310,1.900,1.080,2,0,162.360,0,0,24,153,6,30,0
20-05 18:58:52,44.819,9.711,45.068,0,0,4557616,123188,201152,3031536,4499.857,1452.145,207.165,0,5.976,0,2063,2880,2.310,1.900,1.080,3,0,51.791,0,0,24,153,6,30,0
20-05 18:58:53,45.212,7.033,45.715,0.502,0,4655152,126336,201164,2933824,4884.949,1627.647,691.247,217.020,54.255,20.094,2432,3369,2.310,1.900,1.080,4,0,6.028,0,0,24,162,6,30,0
20-05 18:58:54,30.251,17.501,51.501,0.250,0,4605356,175936,201164,2934020,5564.161,1458.042,320.009,460.013,4.000,31.001,3904,7010,2.310,1.900,1.080,2,0,412.012,0,0,24,161,6,30,0
20-05 18:58:55,36.738,24.242,35.988,1.749,0,4657112,127864,201280,2930708,5267.220,1619.453,14347.151,587.801,210.929,45.984,7922,14689,2.310,1.900,1.080,6,0,468.842,0,0,24,175,6,30,0
20-05 18:58:56,49.255,23.002,22.502,3.000,0,4668680,119028,201244,2929460,4980.478,1620.156,37699.619,8116.779,429.041,555.053,8140,15117,3.810,2.220,1.190,5,0,163.016,0,0,24,179,6,23,0
20-05 18:58:57,71.747,19.249,6.000,3.750,0,4781220,131948,201112,2808052,6466.709,1457.934,36706.348,431.981,453.980,24.999,4708,8813,3.810,2.220,1.190,6,0,133.994,0,0,24,191,6,24,0
20-05 18:58:58,70.200,15.489,4.247,8.744,0,4837024,127792,201028,2758048,5467.129,1618.854,63958.717,8721.825,1068.244,402.715,6949,11237,3.810,2.220,1.190,5,0,47.966,0,0,24,196,6,24,0
20-05 18:58:59,59.028,21.510,17.008,3.001,0,4902980,137880,200372,2684100,6768.242,1694.812,36453.461,2749.317,371.178,169.081,6656,14043,3.810,2.220,1.190,2,1,315.151,0,0,24,195,6,31,0
20-05 18:59:00,41.508,27.505,27.755,3.251,0,4882932,135120,200112,2707876,5628.081,1574.302,38131.321,368.071,394.076,24.005,6016,10619,3.810,2.220,1.190,3,0,371.071,0,0,24,196,6,31,0
20-05 18:59:01,52.712,24.864,17.654,3.232,0,4883184,186272,200040,2658684,5573.557,1611.200,43892.260,13510.207,444.572,522.148,7432,13120,4.070,2.300,1.220,8,0,366.995,0,0,24,199,6,31,0
20-05 18:59:02,61.729,27.101,9.034,1.255,0,4958332,127072,199128,2645752,8374.068,1626.033,28618.173,377.400,307.139,26.097,8378,30651,4.070,2.300,1.220,3,0,381.415,0,0,24,199,6,30,0
20-05 18:59:03,58.148,20.464,18.218,0.749,0,4985792,129328,198480,2617428,5474.398,1617.163,1165.955,15940.041,71.874,864.484,9030,19140,4.070,2.300,1.220,5,0,325.429,0,0,24,203,6,33,0
20-05 18:59:04,56.373,23.552,20.545,0,0,5073852,120084,196940,2541216,5274.551,1515.319,272.597,797.747,19.042,61.134,5410,12265,4.070,2.300,1.220,4,0,381.836,0,0,24,207,6,34,0
20-05 18:59:05,59.851,18.281,19.032,0.751,0,5131988,124836,195752,2480224,5498.259,1568.642,184.310,7240.192,19.032,652.098,8725,19964,4.070,2.300,1.220,3,0,217.366,0,0,24,213,6,36,0
20-05 18:59:06,67.980,11.247,19.994,0.500,0,5249428,136268,193004,2357556,6651.025,1713.491,1371.593,1831.456,77.977,238.929,3525,7383,3.980,2.310,1.230,4,0,14.996,0,0,24,220,6,35,0
20-05 18:59:07,61.426,10.238,27.467,0.999,0,5238376,176096,192668,2330524,52629.581,17335.111,607.268,5193.742,59.928,489.410,7398,13912,3.980,2.310,1.230,3,0,40.951,0,0,24,228,6,45,0
20-05 18:59:08,39.545,23.026,37.292,0,0,5206100,208220,192676,2330668,4685.323,1695.927,236.268,856.974,14.016,70.080,6042,11667,3.980,2.310,1.230,3,0,434.494,0,0,24,232,6,44,0
20-05 18:59:09,37.999,20.000,39.749,0.250,0,5281416,132136,192680,2331732,6937.840,1619.963,143.997,1139.974,13.000,126.997,5524,10826,3.980,2.310,1.230,15,0,365.992,0,0,24,234,6,44,0
20-05 18:59:10,53.129,15.714,29.433,0.249,0,5280704,132816,192680,2331772,4908.847,1454.695,31.927,734.332,3.991,55.873,5766,10742,3.980,2.310,1.230,4,0,205.533,0,0,25,236,6,44,0
20-05 18:59:11,65.922,9.489,23.722,0.499,0,5407208,125604,190124,2217816,5312.710,1618.084,846.997,3523.828,68.918,438.481,4036,5884,3.900,2.320,1.240,3,0,2.996,0,0,25,238,6,44,0
20-05 18:59:12,61.702,12.541,25.082,0.502,0,5449696,183032,189632,2121816,4431.500,1625.318,666.180,1316.307,49.161,91.299,5220,12493,3.900,2.320,1.240,3,0,147.483,0,0,25,237,6,46,0
20-05 18:59:13,27.491,6.248,64.479,0.250,0,5414996,217652,189648,2121884,20307.502,5047.385,31.990,511.836,4.998,36.988,3300,6886,3.900,2.320,1.240,2,0,79.974,0,0,25,239,6,46,0
20-05 18:59:14,24.423,3.987,70.030,0.249,0.249,5478964,153420,189648,2122148,7527.372,1614.931,0,394.761,0,29.906,2283,4032,3.900,2.320,1.240,2,0,2.991,0,0,25,239,6,46,0
20-05 18:59:15,24.545,6.011,68.375,0.250,0,5430100,188992,189648,2135440,14073102.851,81992.128,0,681.247,0,59.108,7165,6878,3.900,2.320,1.240,1,0,38.070,0,0,25,240,6,46,0
20-05 18:59:16,10.745,12.994,73.715,0.250,0,5439224,169888,189652,2145416,7928655.603,24852.295,2138.993,335.842,28.986,19.991,4169,4425,3.670,2.300,1.240,2,0,182.914,0,0,25,239,6,46,0
20-05 18:59:17,24.055,7.016,67.905,0.501,0,5483480,133268,189496,2137936,7333.721,1665.798,0,1527.483,0,119.272,2787,4317,3.670,2.300,1.240,3,0,81.185,0,0,25,249,5,46,0
20-05 18:59:18,25.403,3.487,69.235,0,0,5494400,122456,189496,2137944,5569.718,1655.674,0,274.949,0,23.909,3342,7048,3.670,2.300,1.240,2,0,0.996,0,0,25,255,5,48,0
20-05 18:59:19,25.804,4.509,68.392,0.501,0,5504172,129880,189128,2122000,5417.268,1623.377,400.834,537.117,26.054,51.106,4099,8156,3.670,2.300,1.240,1,0,1.002,0,0,25,258,5,47,0
20-05 18:59:20,27.522,4.003,66.053,0.250,0,5504248,146096,188756,2106596,7520.987,1621.291,0,7205.736,0,655.522,5242,8774,3.670,2.300,1.240,1,0,1.001,0,0,25,261,5,49,0
20-05 18:59:21,24.477,11.239,61.443,1.249,0,5454188,202080,188308,2101920,8241.294,1510.588,99.907,27086.674,9.991,295.723,6475,11272,4.180,2.420,1.290,3,0,103.903,0,0,25,257,5,59,0
20-05 18:59:22,20.527,8.762,69.342,0,0,5494980,161088,188312,2102116,5673.523,1568.079,80.106,264.351,13.017,15.020,2451,3830,4.180,2.420,1.290,1,0,107.142,0,0,25,257,5,59,0
20-05 18:59:23,17.218,6.488,70.121,5.490,0,5481436,125556,189496,2149996,5330.219,1617.033,5118.607,3613.369,918.315,83.846,4039,5139,4.180,2.420,1.290,1,1,19.963,0,0,25,259,5,60,0
20-05 18:59:24,23.799,4.760,70.645,0.501,0,5482984,126732,189460,2147308,5696.707,1623.336,509.046,777.598,81.167,38.078,2355,3573,4.180,2.420,1.290,1,0,14.029,0,0,25,263,5,60,0
20-05 18:59:25,23.170,6.727,67.516,0.747,0,5497036,125536,189132,2135172,5962.311,1526.702,466.382,781.289,97.661,36.872,14478,28312,4.180,2.420,1.290,1,0,5.979,0,0,25,265,5,61,0
20-05 18:59:26,25.002,6.001,69.006,0,0,5507396,131388,188764,2120348,5905.496,1694.142,0,66445.581,0,302.025,5309,9194,3.920,2.400,1.280,1,0,4.000,0,0,25,265,5,62,0
20-05 18:59:27,23.569,4.764,70.456,0,0,5507620,131164,188768,2120344,5433.894,1624.752,0,168.493,0,13.038,1859,2859,3.920,2.400,1.280,1,0,0,0,0,25,265,5,53,0
20-05 18:59:28,26.239,11.745,60.476,0.500,0,5437196,207280,188608,2115092,11979.160,1531.381,1583.360,75.969,171.931,3.998,3912,6210,3.920,2.400,1.280,1,0,400.838,0,0,25,265,5,53,0
20-05 18:59:29,22.497,4.499,71.240,0,0,5496308,148052,188608,2115208,9345.664,1619.768,0,0,0,0,2013,3244,3.920,2.400,1.280,1,0,50.993,0,0,25,265,5,53,0
20-05 18:59:30,12.766,17.522,69.836,0,0,5440268,204072,188612,2115224,9259.380,1621.993,4.005,156.192,1.001,7.009,3357,5201,3.920,2.400,1.280,1,0,272.335,0,0,25,265,5,53,0
20-05 18:59:31,8.715,16.683,72.211,0,0.249,5438912,205268,188636,2115360,14215.154,1452.193,63.745,561.754,4.980,48.805,4141,6768,3.770,2.390,1.290,3,0,405.379,0,0,25,269,5,45,0
20-05 18:59:32,6.517,1.003,91.243,0.251,0,5445308,198872,188636,2115360,5757.303,1698.515,0,44.117,0,3.008,1492,2579,3.770,2.390,1.290,1,0,9.024,0,0,25,269,5,45,0
20-05 18:59:33,25.441,3.242,70.836,0.249,0,5502724,141448,188636,2115368,5725.739,1658.160,0,95.778,0,7.982,2262,3690,3.770,2.390,1.290,3,0,1.995,0,0,25,269,5,45,0
20-05 18:59:34,20.082,9.539,68.278,0.502,0,5438588,205488,188676,2115424,12063.121,1463.961,144.589,2650.794,13.053,173.707,4321,7415,3.770,2.390,1.290,1,0,148.605,0,0,25,273,5,45,0
20-05 18:59:35,12.479,15.225,69.134,0.250,0,5443180,200328,188684,2115984,8521.743,1617.294,171.713,535.105,16.972,42.928,3665,6080,3.770,2.390,1.290,1,0,247.586,0,0,25,273,5,45,0
20-05 18:59:36,10.756,18.761,69.291,0,0,5449432,193736,188684,2116308,6829.056,1620.963,72.043,644.383,11.007,38.023,3787,6072,3.550,2.370,1.290,1,0,275.163,0,0,25,273,5,45,0
20-05 18:59:37,24.935,2.992,71.313,0,0,5517596,125508,188684,2116372,5444.735,1615.767,3.990,43.885,0.997,3.990,1841,2909,3.550,2.370,1.290,1,0,5.984,0,0,25,273,5,45,0
20-05 18:59:38,25.243,4.499,70.232,0.500,0,5550152,120032,188072,2090616,4336.877,1457.622,107.972,5106.677,6.998,474.877,2860,3435,3.550,2.370,1.290,1,0,1.999,0,0,25,277,5,45,0
20-05 18:59:39,25.848,1.757,70.517,0.502,0,5476596,193380,188072,2090824,6630.148,1626.168,40.152,441.675,6.023,34.129,2072,3133,3.550,2.370,1.290,1,0,6.023,0,0,25,273,5,45,0
20-05 18:59:40,25.257,3.251,70.269,0.250,0,5539008,130920,188072,2090872,4820.282,1694.451,0,220.059,0,22.006,1987,3084,3.550,2.370,1.290,3,0,4.001,0,0,25,273,5,45,0
20-05 18:59:41,26.882,2.738,68.949,0.249,0,5548792,121120,188072,2090888,5341.652,1595.028,0,306.660,0,32.856,3509,6366,3.260,2.330,1.280,1,0,1.991,0,0,25,279,5,45,0
20-05 18:59:42,25.093,4.517,71.013,0,0,5493580,176328,188072,2090892,4993.506,1626.026,0,188.699,0,13.048,1777,2844,3.260,2.330,1.280,1,0,17.063,0,0,25,273,5,45,0
20-05 18:59:43,21.178,5.731,71.507,0,0,5458924,209752,188072,2092124,6190.982,1614.519,1355.398,235.201,16.942,15.946,2257,3422,3.260,2.330,1.280,0,0,84.712,0,0,25,273,5,45,0
20-05 18:59:44,13.046,17.060,68.992,0.251,0,5474944,193396,188076,2092456,6746.661,1505.279,313.098,670.351,64.225,40.141,3911,6344,3.260,2.330,1.280,2,0,379.330,0,0,25,273,5,45,0
20-05 18:59:45,20.435,7.725,70.275,0.498,0,5487044,180796,188084,2092948,6776.309,1614.831,470.494,131.579,42.863,12.959,2356,3700,3.260,2.330,1.280,1,0,91.706,0,0,25,273,5,45,0
20-05 18:59:46,25.590,5.269,68.491,0.251,0,5503536,161152,188088,2096080,5458.218,1625.724,3211.307,96.339,48.170,5.018,9632,19218,3.240,2.340,1.290,3,0,5.018,0,0,25,273,5,45,0
20-05 18:59:47,17.195,3.240,76.752,0,0,5485740,178528,188100,2096488,10899.826,4366.908,199.357,267.138,13.955,6.977,1824,2856,3.240,2.340,1.290,2,0,7.974,0,0,25,274,5,45,0
20-05 18:59:48,25.832,3.511,69.972,0.251,0,5513752,148540,188256,2098304,5759.297,1625.163,260.829,381.211,26.083,12.038,6157,12087,3.240,2.340,1.290,2,0,6.019,0,0,25,274,5,45,0
20-05 18:59:49,24.411,5.480,69.496,0,0,5542280,128660,188068,2089872,4346.098,1526.415,0,3.985,0,0.996,5549,10536,3.240,2.340,1.290,1,0,5.978,0,0,25,274,5,45,0
20-05 18:59:50,21.073,4.767,73.506,0.753,0,5581940,128256,187196,2053276,10343.046,3723.978,903.147,425.483,51.178,34.119,2166,3398,3.240,2.340,1.290,2,0,25.087,0,0,25,277,5,45,0
20-05 18:59:51,26.749,6.250,65.996,0.250,0,5538292,184236,187408,2042104,4968.732,1793.903,1839.901,1739.906,15.999,52.997,2459,3866,3.060,2.320,1.290,2,0,5.000,0,0,25,276,5,45,0
20-05 18:59:52,20.175,2.989,75.718,0,0,5565952,156604,187424,2042060,13913.118,4526.122,15.941,175.346,2.989,5.978,2092,3286,3.060,2.320,1.290,1,0,2.989,0,0,25,277,5,45,0
20-05 18:59:53,27.097,5.520,65.987,0.251,0,5542716,173408,188012,2047888,5027.032,1800.458,0,891.197,0,19.068,6823,13045,3.060,2.320,1.290,3,0,6.022,0,0,25,276,5,46,0
20-05 18:59:54,25.408,6.477,66.260,0,0.249,5555000,160844,188076,2048104,5548.885,1452.734,0,817.038,0,30.888,13813,27748,3.060,2.320,1.290,1,0,15.942,0,0,25,276,5,46,0
20-05 18:59:55,21.250,7.000,70.752,0.500,0,5507084,221516,188140,2035268,5705.131,1686.039,0,1384.032,0,34.001,2195,3463,3.060,2.320,1.290,2,0,14.000,0,0,25,273,5,47,1
20-05 18:59:56,16.571,14.060,69.549,0,0,5469240,259436,188148,2035184,5998.759,1809.771,0,273.173,0,21.091,3282,5453,2.900,2.300,1.280,1,0,268.151,0,0,25,273,5,47,0
20-05 18:59:57,24.899,2.988,70.714,0,0,5504216,224268,188152,2035372,5773.657,1493.960,0,135.452,0,7.968,2260,3764,2.900,2.300,1.280,1,0,0,0,0,25,277,5,48,0
20-05 18:59:58,22.001,7.750,69.253,0,0,5464604,263824,188152,2035428,7407.304,1620.066,28.001,132.005,3.000,7.000,2854,4808,2.900,2.300,1.280,1,0,114.005,0,0,25,273,5,49,0
20-05 18:59:59,24.924,2.742,70.536,0,0,5484264,244032,188152,2035560,6279.953,1656.974,0,0,0,0,2598,4488,2.900,2.300,1.280,1,0,0,0,0,25,273,5,51,0
20-05 19:00:00,24.569,5.516,69.696,0,0,5477772,250512,188152,2035572,5523.565,1462.120,0,52.147,0,3.008,2104,3277,2.900,2.300,1.280,1,0,72.203,0,0,25,273,5,44,0
20-05 19:00:01,24.750,5.250,69.249,0,0,5438168,289960,188168,2035712,7000.888,1619.974,91.999,467.993,7.000,41.999,3304,5857,2.740,2.280,1.280,1,0,55.999,0,0,25,273,5,44,0
20-05 19:00:02,24.254,3.000,71.761,0,0,5488968,239160,188168,2035712,6574.052,1662.266,0,40.006,0,6.001,2085,3625,2.740,2.280,1.280,4,0,2.000,0,0,25,273,5,45,0
20-05 19:00:03,25.994,5.249,68.485,0,0,5471900,256200,188168,2035740,4843.963,1457.688,0,0,0,0,2250,4287,2.740,2.280,1.280,2,0,33.993,0,0,25,273,5,47,0
20-05 19:00:04,34.498,3.500,62.247,0.500,0,5499684,228288,188188,2035848,5829.674,1619.909,4.000,2719.848,1.000,388.978,5191,8811,2.740,2.280,1.280,1,0,1.000,0,0,25,273,5,46,0
20-05 19:00:05,26.008,4.751,67.020,0.250,0,5488388,239512,188216,2035892,6800.999,1458.429,4.001,336.099,1.000,29.009,2498,3945,2.740,2.280,1.280,1,0,49.014,0,0,25,273,5,47,0
20-05 19:00:06,25.333,7.525,64.460,2.257,0,5443988,280692,188224,2039104,6974.752,1793.852,1440.700,200.655,27.088,14.046,3179,5532,2.600,2.250,1.280,1,0,32.105,0,0,25,273,5,47,0
20-05 19:00:07,27.401,6.227,65.264,0,0,5498760,225904,188224,2039120,4978.009,1687.900,0,107.611,0,5.978,2788,5698,2.600,2.250,1.280,2,0,35.870,0,0,25,273,5,48,0
20-05 19:00:08,17.557,12.792,68.473,0.251,0,5450640,273964,188244,2039160,6853.369,1625.305,24.079,429.402,5.016,42.138,3504,6922,2.600,2.250,1.280,2,0,323.054,0,0,25,273,5,38,0
20-05 19:00:09,11.008,21.265,67.048,0,0,5457600,266968,188244,2039196,5062.660,1695.226,0,396.287,0,26.019,4403,7513,2.600,2.250,1.280,1,0,635.459,0,0,25,273,5,38,0
20-05 19:00:10,10.248,20.497,66.990,0.250,0,5465656,258872,188276,2039204,5444.183,1457.781,3.999,787.882,1.000,63.990,5240,9292,2.600,2.250,1.280,1,0,786.882,0,0,25,273,5,38,0
20-05 19:00:11,9.745,21.739,66.717,0.250,0,5463564,260864,188300,2039280,5834.135,1619.205,11.994,1883.075,1.999,153.924,5629,9496,2.470,2.230,1.280,1,0,772.621,0,0,25,273,5,38,0
20-05 19:00:12,10.248,21.246,67.739,0,0,5463396,260976,188300,2039336,4818.195,1511.748,0,219.963,0,21.996,4556,7763,2.470,2.230,1.280,1,0,639.893,0,0,25,273,5,38,0
20-05 19:00:13,10.492,19.734,68.446,0.500,0,5462928,260892,188312,2039876,5889.342,1638.704,623.507,459.636,11.991,33.973,4437,7336,2.470,2.230,1.280,2,0,562.555,0,0,25,273,5,38,0
20-05 19:00:14,18.013,8.506,67.298,3.753,0,5485816,233216,188328,2052632,8598.182,1695.219,9010.479,2129.531,795.572,29.021,7316,13012,2.470,2.230,1.280,2,0,45.032,0,0,25,273,5,36,0
20-05 19:00:15,22.682,3.988,70.290,1.496,0,5505728,202208,188328,2063812,5345.040,1688.957,3696.961,1603.213,236.294,18.943,3148,5172,2.470,2.230,1.280,1,0,3.988,0,0,25,273,5,36,0
20-05 19:00:16,18.497,1.000,78.237,0.500,0,5519460,187592,188332,2064692,18808.897,9014.513,539.911,1223.798,35.994,30.995,1930,2872,2.360,2.210,1.280,1,0,0,0,0,25,274,5,36,0
20-05 19:00:17,11.748,1.500,84.482,1.000,0,5519316,187088,188356,2065316,21971.430,13421.208,611.873,1315.726,61.987,44.991,1964,3059,2.360,2.210,1.280,1,0,0,0,0,25,274,5,36,0
20-05 19:00:18,19.030,2.504,76.873,0.751,0,5534332,170708,188376,2066660,19245.735,10421.643,1033.651,1037.657,58.093,36.058,2067,3007,2.360,2.210,1.280,1,0,1.002,0,0,25,274,5,35,0
20-05 19:00:19,18.531,2.504,78.382,1.252,0,5543920,160124,188388,2067644,24712.641,13742.156,825.391,1478.491,67.113,49.083,2104,3183,2.360,2.210,1.280,0,0,0,0,0,25,274,5,35,0
20-05 19:00:20,21.700,2.744,72.833,1.995,0,5548620,124264,188404,2098788,12967.188,5645.022,13496.970,1376.835,175.596,66.846,2619,3834,2.360,2.210,1.280,1,0,0.998,0,0,25,274,5,33,0
20-05 19:00:21,31.496,5.999,60.742,1.250,0,5551944,140036,187816,2083496,5804.280,1767.781,0,4203.479,0,118.985,2493,3598,2.330,2.210,1.280,1,0,0,0,0,25,274,5,33,0
20-05 19:00:22,23.735,5.247,68.957,1.499,0,5553384,142436,187444,2082172,4874.948,1457.088,0,3649.715,0,149.906,4019,3865,2.330,2.210,1.280,1,0,0,0,0,25,274,5,21,0
20-05 19:00:23,26.261,4.002,69.779,0.250,0,5484720,220088,187552,2072744,5531.312,1794.750,444.186,1104.462,7.003,39.016,2002,2866,2.330,2.210,1.280,2,0,2.001,0,0,25,273,5,22,0
20-05 19:00:24,20.508,3.001,76.281,0,0,5525552,178072,187580,2073900,10738.317,3712.492,0,1088.438,0,45.018,2043,3180,2.330,2.210,1.280,2,0,8.003,0,0,25,274,5,21,0
20-05 19:00:25,25.553,4.008,70.145,0.251,0,5517388,180104,187764,2079208,7899.383,1797.728,0,1451.009,0,32.067,2077,3157,2.330,2.210,1.280,1,0,5.010,0,0,25,273,5,21,0
20-05 19:00:26,19.763,2.752,75.301,0.250,0,5516332,174164,188036,2085100,11976.144,4654.165,0,1380.939,0,40.027,2111,3305,2.220,2.190,1.280,1,0,5.003,0,0,25,273,5,19,0
20-05 19:00:27,23.499,7.250,66.998,0,0,5511900,177932,188048,2085672,4612.852,1457.953,31.999,1535.951,2.000,11.000,10828,21697,2.220,2.190,1.280,2,0,16.999,0,0,25,273,5,19,0
20-05 19:00:28,23.687,5.735,68.568,0.249,0,5501788,191952,188056,2081804,12402.122,1615.717,0,622.350,0,21.942,8679,17177,2.220,2.190,1.280,1,0,14.960,0,0,25,273,5,19,0
20-05 19:00:29,23.237,4.747,70.959,0.250,0,5468744,234672,188060,2073372,11684.223,1693.018,0,527.694,0,5.997,2385,3628,2.220,2.190,1.280,2,0,50.970,0,0,25,273,5,19,0
20-05 19:00:30,25.504,5.001,67.511,0,0,5484692,217844,188060,2074252,6095.006,1694.280,0,0,0,0,8737,17419,2.220,2.190,1.280,1,0,11.002,0,0,25,273,5,19,0
20-05 19:00:31,18.996,5.499,74.233,0,0,5517868,178620,188064,2080104,18176.783,3548.177,0,743.827,0,6.998,1926,2665,2.040,2.150,1.270,3,0,8.998,0,0,25,274,5,19,0
20-05 19:00:32,22.500,4.000,72.500,0,0,5516540,179144,188064,2080588,9175.046,2850.014,0,660.003,0,8.000,1912,2690,2.040,2.150,1.270,0,0,6.000,0,0,25,274,5,19,0
20-05 19:00:33,21.762,3.502,73.542,0.500,0,5501616,187008,188084,2086780,13163.516,3705.116,0,1248.713,0,19.011,4947,9191,2.040,2.150,1.270,2,0,6.003,0,0,25,273,5,19,0
20-05 19:00:34,26.742,6.248,66.231,0,0.250,5502812,185480,188112,2086988,12161.510,1457.582,0,1059.696,0,30.991,15481,31080,2.040,2.150,1.270,2,0,19.994,0,0,25,273,5,19,0
20-05 19:00:35,23.496,4.999,70.238,0.250,0,5484884,217424,188132,2074264,11766.941,1619.717,0,2923.488,0,330.942,2417,3167,2.040,2.150,1.270,2,0,9.998,0,0,25,273,5,20,0
20-05 19:00:36,26.012,4.502,68.531,0,0,5495092,207300,188144,2074272,6806.097,1500.683,0,74958.106,0,384.175,2827,3509,2.040,2.150,1.280,1,0,8.004,0,0,25,273,5,19,0
20-05 19:00:37,21.034,8.514,69.111,0.250,0,5474876,223196,188168,2078580,5785.303,1696.728,0,2027.260,0,11.018,6962,12996,2.040,2.150,1.280,3,0,98.158,0,0,25,273,5,19,0
20-05 19:00:38,25.697,5.239,69.607,0,0,5492384,192904,188512,2089732,5771.181,1616.689,0,11.975,0,2.994,7279,13850,2.040,2.150,1.280,1,0,3.992,0,0,25,273,5,19,0
20-05 19:00:39,18.491,1.749,78.214,0.250,0,5505048,179800,188532,2090088,20375.607,9785.489,3.998,1887.130,1.000,28.987,1940,2806,2.040,2.150,1.280,1,0,0,0,0,25,274,5,19,0
20-05 19:00:40,13.751,1.250,83.006,0.750,0,5505652,178820,188676,2090284,53703.598,15177.017,0,1692.113,0,71.005,2282,3548,2.040,2.150,1.280,0,0,1.000,0,0,25,275,5,19,0
20-05 19:00:41,8.751,2.000,86.761,0.750,0,5505268,178820,188812,2090500,133442.481,14086.845,4.001,11809.547,1.000,177.023,2350,3619,1.880,2.110,1.270,2,0,1.000,0,0,25,275,5,19,0
20-05 19:00:42,18.248,2.000,78.490,0.500,0,5520644,163196,188872,2090680,16907.937,9739.812,19.998,1035.874,3.000,37.995,1909,2789,1.880,2.110,1.270,1,0,0,0,0,25,275,5,19,0
20-05 19:00:43,4.250,1.250,92.990,0.250,0,5520896,162944,188876,2090676,8507.115,3944.590,0,303.968,0,29.997,1817,3043,1.880,2.110,1.270,1,0,0,0,0,25,275,5,19,0
20-05 19:00:44,17.565,1.506,80.044,0.502,0,5527428,156172,188972,2090784,21199.888,10439.354,0,1280.705,0,69.254,2220,3521,1.880,2.110,1.270,1,0,1.004,0,0,25,275,5,19,0
20-05 19:00:45,7.477,1.246,88.477,0.748,0,5529752,153400,189096,2091076,236764.528,9423.965,0,1048.769,0,43.865,1827,2874,1.880,2.110,1.270,2,0,0,0,0,25,275,5,19,0
20-05 19:00:46,5.998,1.499,91.718,0.250,0,5530268,152672,189220,2091128,28207.268,7080.557,0,755.739,0,39.986,1793,2912,1.890,2.110,1.270,1,0,0,0,0,25,275,5,19,0
20-05 19:00:47,7.248,1.500,88.481,0.750,0,5530308,152168,189428,2091320,87922.097,12318.352,35.992,1399.699,5.999,65.986,2062,3164,1.890,2.110,1.270,4,0,0,0,0,25,275,4,19,0
20-05 19:00:48,15.013,2.002,81.073,0.751,0,5536204,145868,189568,2091516,49469.275,11494.287,96.086,1181.057,6.005,48.043,1993,3024,1.890,2.110,1.270,1,0,0,0,0,25,275,4,19,0
20-05 19:00:49,13.503,4.001,79.515,1.250,0,5532760,118972,189420,2122680,8060397.657,65035.552,10041.938,9101.757,72.014,69.013,5083,5076,1.890,2.110,1.270,1,0,5.001,0,0,25,275,4,19,0
20-05 19:00:50,20.730,5.994,72.679,0.749,0,5542272,129816,189684,2102440,525224.855,6834.323,0,3029.041,0,104.898,4002,3581,1.890,2.110,1.270,1,0,0.999,0,0,25,275,4,19,0
20-05 19:00:51,26.506,7.002,63.515,0.750,0,5554568,147420,190836,2072544,5055.208,1620.387,2532.605,4673.117,22.005,114.027,2644,3998,1.810,2.090,1.270,1,0,4.001,0,0,25,275,4,19,0
20-05 19:00:52,25.007,5.001,68.019,0.750,0,5554276,124436,191696,2094404,7045.924,1620.442,0,2008.548,0,84.023,2523,3958,1.810,2.090,1.270,1,0,0,0,0,25,275,4,19,0
20-05 19:00:53,25.565,10.778,63.412,1.003,0,5548336,184388,192036,2039796,4772.183,1461.732,68.174,3456.825,9.023,135.346,4246,3911,1.810,2.090,1.270,2,0,0,0,0,25,275,4,19,0
20-05 19:00:54,26.237,3.498,69.966,0.750,0,5550568,153372,193636,2065112,5372.384,1619.211,7.996,3978.063,1.000,132.935,2415,3870,1.810,2.090,1.270,1,0,1.000,0,0,25,275,4,19,0
20-05 19:00:55,19.450,3.990,73.311,0.997,0,5562976,148588,194564,2055120,11734.736,4288.939,23.938,2900.520,3.990,100.740,3139,3694,1.810,2.090,1.270,1,0,0.997,0,0,25,273,4,18,0
20-05 19:00:56,25.592,4.767,68.999,0,0,5503740,207972,194568,2055020,6646.956,1537.541,0,513.852,0,18.065,2087,3067,1.750,2.070,1.270,2,0,7.025,0,0,25,273,4,18,0
20-05 19:00:57,21.445,3.740,73.063,0,0,5495720,210004,194708,2060472,10633.841,3875.103,0,1117.147,0,9.975,3074,5736,1.750,2.070,1.270,1,0,2.992,0,0,25,273,4,18,0
20-05 19:00:58,22.748,3.750,72.742,0,0,5523560,180872,194816,2061472,9691.992,2945.694,0,0,0,0,2091,3326,1.750,2.070,1.270,2,0,5.999,0,0,25,274,4,18,0
20-05 19:00:59,24.576,4.012,69.716,0.251,0,5511064,185720,195392,2067676,8807.311,3409.573,0,1809.612,0,41.128,9671,18864,1.750,2.070,1.270,1,0,6.019,0,0,25,273,4,15,0
20-05 19:01:00,22.506,5.251,71.020,0.250,0,5506216,190264,195444,2067864,5710.593,1458.407,0,2184.610,0,13.004,2759,4762,1.750,2.070,1.270,1,0,9.003,0,0,25,273,4,15,0
20-05 19:01:01,23.239,6.747,67.969,0,0,5514564,181728,195492,2067972,6637.960,1661.239,0,531.756,0,20.990,10025,19620,1.690,2.060,1.270,2,0,18.991,0,0,25,273,4,13,0
20-05 19:01:02,22.498,5.000,71.744,0,0,5493148,216964,195492,2055240,5659.559,1693.868,0,455.964,0,16.999,1777,2770,1.690,2.060,1.270,1,0,5.000,0,0,25,273,4,13,0
20-05 19:01:03,22.426,3.489,70.768,1.744,0,5508932,195664,195804,2060228,6397.024,1453.235,2683.202,7.974,335.899,1.993,2950,4612,1.690,2.060,1.270,3,0,2.990,0,0,25,274,4,10,0
20-05 19:01:04,28.571,3.007,67.919,0.752,0,5511176,192892,195844,2060716,7695.176,1624.047,40.100,2566.395,4.010,79.197,4872,10564,1.690,2.060,1.270,2,0,1.002,0,0,25,276,4,13,0
20-05 19:01:05,28.670,2.992,66.065,1.247,0,5511280,191408,195920,2062024,9056.596,1615.469,1152.766,1711.200,81.771,200.438,5557,10832,1.690,2.060,1.270,2,0,1.994,0,0,25,281,4,12,0
20-05 19:01:06,23.339,6.023,68.011,1.004,0,5473120,228492,196032,2062988,6304.170,1557.973,706.710,5324.414,42.162,604.317,4844,7941,1.630,2.040,1.270,1,0,77.296,0,0,25,283,4,12,0
20-05 19:01:07,18.498,18.748,60.742,1.500,0,5457600,235676,196040,2071468,7336.046,1619.789,8514.893,151596.292,150.980,705.908,5820,10061,1.630,2.040,1.270,1,0,405.947,0,0,25,283,4,11,0
20-05 19:01:08,8.218,3.238,77.951,8.717,0,5448696,217840,196200,2098104,5668.245,2628.910,26502.284,1562.005,2151.742,49.809,6446,7914,1.630,2.040,1.270,0,0,5.977,0,0,25,284,4,11,0
20-05 19:01:09,4.500,0.250,94.242,0,0,5448920,217616,196208,2098096,10923.061,2131.817,0,307.974,0,21.998,1591,2735,1.630,2.040,1.270,0,0,0,0,0,25,284,4,11,0
20-05 19:01:10,3.751,1.250,93.025,0.250,0,5449104,217392,196240,2098104,20966.703,2998.816,0,2440.664,0,147.040,1927,3423,1.630,2.040,1.270,0,0,1.000,0,0,25,284,4,11,0
20-05 19:01:11,7.247,3.249,87.969,0.750,0,5434048,228508,196524,2101760,96359.178,121176.467,4070.571,807.716,69.975,28.990,2309,3622,1.500,2,1.260,0,0,27.990,0,0,25,283,4,11,1
20-05 19:01:12,3.003,1.001,94.100,0.250,0,5433840,228508,196524,2101964,5876.258,1513.612,0,20309.630,0,140.149,1685,2565,1.500,2,1.260,1,0,0,0,0,25,283,4,11,0
20-05 19:01:13,3.996,0.999,93.911,0.250,0,5433940,228508,196536,2101964,4775.463,1660.423,0,827.214,0,16.984,1610,2861,1.500,2,1.260,0,0,0,0,0,25,283,4,11,0
20-05 19:01:14,4.002,0.750,92.296,0.250,0,5433928,228508,196560,2101952,5167.548,1620.799,0,504.249,0,49.024,1967,3470,1.500,2,1.260,1,0,1.000,0,0,25,283,4,11,0
20-05 19:01:15,4.249,1.250,92.973,0.250,0,5433864,228508,196592,2101984,6744.044,1619.530,0,227.934,0,34.990,1896,3246,1.500,2,1.260,1,0,0,0,0,25,283,4,11,0
20-05 19:01:16,3.000,1.000,93.497,0,0,5433864,228508,196596,2101980,6112.804,1457.953,15.999,271.991,1.000,29.999,1696,3027,1.380,1.970,1.250,1,0,0,0,0,25,283,4,11,0
20-05 19:01:17,2.250,1.000,94.237,0,0,5433828,228508,196608,2102004,8213.858,1619.775,103.986,139.981,6.999,13.998,1532,2678,1.380,1.970,1.250,0,0,0,0,0,25,283,4,11,0
20-05 19:01:18,2.750,0.750,94.239,0.500,0,5433724,228508,196620,2102096,5610.366,1619.817,0,351.960,0,22.997,1492,2644,1.380,1.970,1.250,0,0,1.000,0,0,25,283,4,11,0
20-05 19:01:19,3.500,1.250,94.012,0,0,5433704,228508,196624,2102112,5827.752,1532.198,0,72.009,0,6.001,1484,2614,1.380,1.970,1.250,0,0,0,0,0,25,283,4,11,0
20-05 19:01:20,4.000,0.500,93.999,0,0,5433704,228508,196624,2102112,7287.949,1619.989,0,12.000,0,3.000,1531,2699,1.380,1.970,1.250,0,0,0,0,0,25,283,4,11,0
20-05 19:01:21,4.245,1.997,91.632,0,0,5436940,225272,196624,2102112,5486.916,1617.911,0,103.866,0,9.987,1515,2632,1.270,1.940,1.250,1,0,0,0,0,25,283,4,11,0
20-05 19:01:22,3.005,1.002,93.648,0.250,0,5437384,224796,196624,2102144,7871.413,1460.303,0,1193.883,0,217.343,1877,2663,1.270,1.940,1.250,0,0,0,0,0,25,283,4,11,0
20-05 19:01:23,3.752,0.750,94.046,0,0,5437380,224796,196624,2102148,7580.669,1620.784,0,40.019,0,2.001,1473,2600,1.270,1.940,1.250,0,0,0,0,0,25,283,4,12,0
20-05 19:01:24,4.249,1.000,92.972,0,0,5437624,224548,196632,2102144,6088.180,1511.548,0,391.883,0,31.990,1759,3099,1.270,1.940,1.250,0,0,1.000,0,0,25,283,4,11,0
20-05 19:01:25,2.998,0.500,93.934,0.250,0,5437592,224548,196656,2102152,6918.164,1564.906,0,143.899,0,21.985,1676,3037,1.270,1.940,1.250,0,0,0.999,0,0,25,283,4,11,0
20-05 19:01:26,3.250,1.250,93.496,0,0,5437584,224548,196676,2102140,5106.765,1693.922,0,207.990,0,27.999,1778,3224,1.170,1.910,1.240,0,0,1.000,0,0,25,283,4,11,0
20-05 19:01:27,2.500,1.000,94.517,0,0,5437560,224548,196680,2102160,5475.997,1458.265,0,108.020,0,8.001,1453,2614,1.170,1.910,1.240,0,0,0,0,0,25,283,4,11,0
20-05 19:01:28,3.000,0.750,93.756,0.500,0,5437560,224548,196680,2102160,12106.823,1620.110,0,316.021,0,19.001,1678,2784,1.170,1.910,1.240,0,0,0,0,0,25,283,4,11,0
20-05 19:01:29,3.001,1.250,94.020,0,0,5437556,224548,196680,2102164,11189.361,1620.342,0,32.007,0,4.001,1521,2491,1.170,1.910,1.240,0,0,0,0,0,25,283,4,11,0
20-05 19:01:30,2.749,0.750,95.224,0,0,5437552,224548,196680,2102168,6641.220,1619.566,0,0,0,0,1459,2529,1.170,1.910,1.240,1,0,0,0,0,25,283,4,11,0
20-05 19:01:31,3.000,1.250,92.993,0,0,5437552,224548,196680,2102168,15116.881,1619.880,0,0,0,0,1643,2648,1.160,1.890,1.240,1,0,6.000,0,0,25,283,4,11,0
20-05 19:01:32,2.753,0.501,95.111,0,0,5437552,224548,196680,2102168,11545.427,1513.761,0,8.009,0,1.001,1431,2399,1.160,1.890,1.240,0,0,0,0,0,25,283,4,11,0
20-05 19:01:33,2.998,0.750,93.952,0,0,5437552,224548,196680,2102168,5259.291,1565.194,0,43.977,0,2.998,1424,2566,1.160,1.890,1.240,0,0,0,0,0,25,283,4,11,0
20-05 19:01:34,3.750,1.000,92.507,0.250,0,5437368,224548,196732,2102300,14194.008,1620.115,0,4892.347,0,264.019,2351,3821,1.160,1.890,1.240,0,0,1.000,0,0,25,283,4,11,0
20-05 19:01:35,4.248,1.499,93.450,0.250,0,5437364,224548,196744,2102292,7391.038,1511.190,0,107.942,0,10.994,1552,2716,1.160,1.890,1.240,0,0,0,0,0,25,283,4,12,0
20-05 19:01:36,3.000,1.750,94.004,0,0.250,5437340,224548,196756,2102304,7340.330,1640.074,0,392.018,0,36.002,1757,3059,1.060,1.860,1.230,1,0,0,0,0,25,283,4,11,0
20-05 19:01:37,3.000,0.750,94.494,0.250,0,5437332,224548,196756,2102312,5727.628,1693.890,0,647.958,0,127.992,1711,2768,1.060,1.860,1.230,1,0,0,0,0,25,283,4,11,0
20-05 19:01:38,3.500,1.000,94.510,0,0,5437332,224548,196756,2102312,4801.504,1554.163,0,108.011,0,9.001,1442,2597,1.060,1.860,1.230,0,0,0,0,0,25,283,4,11,0
20-05 19:01:39,2.750,1.000,93.990,0,0,5437332,224548,196756,2102312,6462.289,1639.820,0,0,0,0,1517,2652,1.060,1.860,1.230,1,0,0,0,0,25,283,4,11,0
20-05 19:01:40,3.250,0.750,93.996,0.500,0,5437332,224548,196760,2102308,5424.767,1619.930,0,283.988,0,23.999,1621,2988,1.060,1.860,1.230,0,0,1.000,0,0,25,283,4,11,0
20-05 19:01:41,4.501,1.500,92.767,0,0,5437316,224548,196768,2102316,15709.796,4821.858,0,84.015,0,12.002,1741,3056,0.980,1.830,1.220,2,0,1.000,0,0,25,283,4,11,0
20-05 19:01:42,2.750,1.000,93.994,0,0,5437304,224548,196772,2102324,5353.684,269.984,0,71.996,0,6.000,1463,2678,0.980,1.830,1.220,0,0,0,0,0,25,283,4,11,0
20-05 19:01:43,13.002,5.001,81.263,0,0,5447240,214036,196776,2102896,337784.734,9973.646,728.120,2700.446,25.004,90.015,2358,3262,0.980,1.830,1.220,0,0,29.005,0,0,25,283,4,11,0
20-05 19:01:44,14.805,6.022,78.037,0.502,0,5462704,193672,196788,2107948,241066.849,5827.463,562.070,658.425,54.200,45.166,2594,3904,0.980,1.830,1.220,2,0,38.140,0,0,25,283,4,11,0
