"pcp-dstat 5.3.6 CSV Output"
"Author:","PCP team <pcp@groups.io> and Dag Wieers <dag@wieers.com>",,,,"URL:","https://pcp.io/ and http://dag.wieers.com/home-made/dstat/"
"Host:","ubuntu",,,,"User:","ubuntu"
"Cmdline:","dstat -tcmndrylpg --tcp --output /tmp/devstack_logs/dstat-csv.log",,,,"Date:","24 Apr 2025 14:23:37 UTC"
"system","total usage",,,,,"memory usage",,,,"net/total",,"dsk/total",,"io/total",,"system",,"load avg",,,"procs",,,"paging",,"tcp sockets",,,,
"time","total usage:usr","total usage:sys","total usage:idl","total usage:wai","total usage:stl","used","free","buf","cach","net/total:recv","net/total:send","dsk/total:read","dsk/total:writ","read","writ","int","csw","1m","5m","15m","run","blk","new","in","out","lis","act","syn","tim","clo"
24-04 14:23:37,,1029768,916236,172108,5659452,,,,,,,1.110,0.790,0.470,2,0,,,,9,8,6,11,0
24-04 14:23:38,21.247,19.997,58.243,0.250,0,985972,959928,172124,5659500,16624.889,9144.839,0,1839.766,0,79.990,3053,4690,1.100,0.800,0.480,2,0,372.953,0,0,9,5,6,11,1
24-04 14:23:39,12.742,19.987,65.958,0.500,0,994536,951192,172168,5659620,36067.133,8316.727,0,3042.071,0,232.852,2896,3692,1.100,0.800,0.480,4,1,301.809,0,0,9,4,6,11,2
24-04 14:23:40,24.033,18.776,55.327,0.501,0,996488,948880,172236,5660080,42168.445,14759.457,0,1742.415,0,65.090,4325,10132,1.100,0.800,0.480,5,0,320.444,0,0,9,4,6,11,2
24-04 14:23:41,28.628,11.700,57.008,0.996,0,1119176,804468,172900,5804580,438526.263,13329.350,0,3214.339,0,98.581,4868,11269,1.100,0.800,0.480,2,0,75.678,0,0,10,4,6,10,2
24-04 14:23:42,28.346,8.529,61.959,1.254,0,1136836,754328,173860,5833348,4971.760,1699.730,0,3250.959,0,147.497,2042,2911,1.100,0.800,0.480,3,0,88.298,0,0,10,6,6,10,2
24-04 14:23:43,34.999,15.250,47.999,1.000,0,1139100,718724,175348,5861596,4691.873,1625.956,79.998,3835.896,1.000,147.996,2761,4032,1.250,0.830,0.490,3,0,198.995,0,0,10,6,6,12,2
24-04 14:23:44,40.764,5.502,53.018,0.250,0,1168068,702336,175404,5848912,13473.500,4293.434,0,1288.430,0,29.010,1274,1509,1.250,0.830,0.490,3,0,8.003,0,0,10,4,6,12,0
24-04 14:23:45,40.997,8.749,45.246,5.250,0,1192384,670336,175800,5855780,9715.242,1619.874,0,21782.301,0,1799.860,17545,32648,1.250,0.830,0.490,3,1,42.997,0,0,10,6,6,12,0
24-04 14:23:46,36.867,12.953,43.095,5.729,0,1141284,716716,176212,5859896,5139.488,1452.767,0,42219.924,0,3427.654,21928,36268,1.250,0.830,0.490,4,0,114.587,0,0,10,4,6,12,0
24-04 14:23:47,42.683,8.286,49.462,0,0,1177580,680308,176216,5859952,6655.532,1626.975,0,1329.700,0,42.181,1377,1582,1.250,0.830,0.490,3,0,31.133,0,0,10,4,6,12,0
24-04 14:23:48,37.092,4.730,57.257,0.249,0,1102792,755084,176216,5859956,5023.649,1613.144,0,1023.649,0,31.865,1321,1541,1.310,0.850,0.500,2,0,59.746,0,0,10,4,6,12,0
24-04 14:23:49,23.992,2.499,72.477,1.250,0,1166492,691360,176236,5859960,5753.170,1661.472,0,7093.744,0,382.878,1959,2677,1.310,0.850,0.500,2,0,1.999,0,0,10,4,6,12,0
24-04 14:23:50,16.042,11.781,72.189,0,0,1078808,779016,176240,5859984,7860.618,1698.455,0,200.526,0,16.042,1915,2541,1.310,0.850,0.500,2,0,157.413,0,0,10,4,6,12,0
24-04 14:23:51,8.987,19.971,69.400,0,0,1077632,780128,176244,5860012,7107.786,1617.675,0,127.816,0,14.978,2581,3606,1.310,0.850,0.500,2,0,279.598,0,0,10,4,5,12,0
24-04 14:23:52,11.520,21.037,66.867,0,0,1078688,778472,176244,5860628,5526.655,1460.552,0,38827.832,0,102.179,3853,6255,1.310,0.850,0.500,7,0,293.513,0,0,10,4,5,12,0
24-04 14:23:53,30.011,16.756,51.769,0,0,1139216,717840,176244,5860780,5439.969,1620.587,0,0,0,0,3999,6535,1.290,0.860,0.500,3,0,184.067,0,0,10,5,5,12,0
24-04 14:23:54,47.729,3.249,49.478,0,0,1231340,625132,176248,5861248,5029.812,1619.296,0,2143.068,0,154.933,1459,1337,1.290,0.860,0.500,2,0,3.998,0,0,10,5,5,12,0
24-04 14:23:55,35.478,9.244,54.966,0,0,1264068,589800,176260,5863528,6333.055,1457.092,0,651.594,0,77.951,1966,6727,1.290,0.860,0.500,2,0,114.928,0,0,10,4,5,12,0
24-04 14:23:56,1.247,0.748,97.041,0.249,0,1263880,589920,176268,5863532,5302.605,1616.526,0,2654.296,0,18.959,807,1389,1.290,0.860,0.500,1,0,2.994,0,0,10,4,5,12,0
24-04 14:23:57,22.560,5.013,71.188,0,0,1341832,511952,176280,5863532,5777.252,1624.288,0,14117.270,0,55.146,1466,1790,1.290,0.860,0.500,1,0,25.066,0,0,10,4,5,12,0
24-04 14:23:58,23.449,2.495,73.091,0.748,0,1369244,484260,176308,5863780,4243.778,1454.839,0,1620.479,0,138.699,2175,3533,1.260,0.860,0.500,4,0,0.998,0,0,10,10,5,12,0
24-04 14:23:59,22.471,3.745,72.656,0.250,0,1305836,547648,176324,5863784,6669.343,1691.804,0,2700.495,0,192.750,2237,3280,1.260,0.860,0.500,3,0,43.943,0,0,10,4,5,14,0
24-04 14:24:00,21.837,4.016,72.790,1.004,0,1338876,513880,176324,5864348,5744.888,1626.480,232.928,1405.600,58.232,25.100,1885,3009,1.260,0.860,0.500,2,0,3.012,0,0,10,29,5,14,0
24-04 14:24:01,22.669,3.737,73.239,0,0,1337676,515036,176328,5864364,5185.488,1526.550,0,829.040,0,20.925,1289,1705,1.260,0.860,0.500,2,0,44.840,0,0,10,28,5,14,0
24-04 14:24:02,27.312,9.772,61.890,0,0,1345920,506700,176332,5864520,5822.152,1623.668,0,34185.224,0,101.229,2285,3225,1.260,0.860,0.500,3,0,160.362,0,0,10,28,5,15,0
24-04 14:24:03,45.015,6.502,49.016,0,0,1413984,438436,176336,5864672,5408.752,1694.549,0,1072.347,0,11.004,3388,6818,1.320,0.880,0.510,6,0,0,0,0,10,29,5,15,0
24-04 14:24:04,60.583,21.529,17.524,0.250,0,1461880,390456,176336,5864752,4879.646,1459.989,0,156.213,0,24.033,2660,5111,1.320,0.880,0.510,6,0,470.641,0,0,10,28,5,15,0
24-04 14:24:05,84.781,12.755,2.251,0,0.250,1621608,230480,176348,5864976,6456.350,1662.605,0,4121.500,0,208.076,4414,11183,1.320,0.880,0.510,7,0,120.044,0,0,10,30,5,16,0
24-04 14:24:06,56.619,13.469,28.933,0,0,1367996,483908,176360,5865148,5238.914,1616.271,0,2833.463,0,58.864,4412,8461,1.320,0.880,0.510,2,0,249.425,0,0,10,28,5,16,0
24-04 14:24:07,20.304,6.768,72.693,0.501,0,1355232,496644,176364,5865156,6577.483,1698.515,0,13315.392,0,585.556,2299,2896,1.320,0.880,0.510,2,0,63.168,0,0,10,28,5,16,0
24-04 14:24:08,18.962,7.236,71.856,0,0,1312940,539124,176368,5865172,6051.884,1497.003,0,283.433,0,19.960,2318,3993,1.300,0.880,0.520,1,0,67.864,0,0,10,28,5,16,0
24-04 14:24:09,27.752,5.500,66.754,0.250,0,1365036,487008,176372,5865184,5087.321,1846.116,0,400.025,0,19.001,1931,4368,1.300,0.880,0.520,1,0,36.002,0,0,10,28,6,17,0
24-04 14:24:10,14.749,13.499,69.746,0.250,0,1308236,543788,176372,5865204,5487.720,1693.914,0,235.988,0,26.999,2300,3678,1.300,0.880,0.520,1,0,174.991,0,0,10,28,6,16,0
24-04 14:24:11,8.510,21.775,68.327,0,0,1309020,543004,176372,5865204,11366.879,1459.654,0,208.236,0,12.014,2471,3097,1.300,0.880,0.520,1,0,298.338,0,0,10,28,6,16,0
24-04 14:24:12,51.742,26.496,22.497,0,0,1457980,394100,176372,5865244,11691.305,1693.754,0,30619.560,0,103.985,2904,4762,1.300,0.880,0.520,6,0,546.921,0,0,10,28,6,15,0
24-04 14:24:13,86.269,10.752,2.501,0,0,1597176,254744,176384,5865316,5531.222,1620.358,0,1568.347,0,79.017,4340,10321,1.590,0.950,0.540,5,0,28.006,0,0,10,31,6,15,0
24-04 14:24:14,82.506,13.251,4.000,0,0,1454896,396572,176412,5865736,12893.915,1500.107,0,384.027,0,42.003,3653,7759,1.590,0.950,0.540,6,0,179.013,0,0,10,28,6,15,0
24-04 14:24:15,84.004,13.001,2.750,0,0,1620048,231012,176428,5866120,8970.422,1694.080,0,236.011,0,15.001,3859,8904,1.590,0.950,0.540,7,0,143.007,0,0,10,31,6,15,0
24-04 14:24:16,67.414,14.481,17.727,0.250,0,1432772,418044,176436,5866348,5901.428,1765.735,0,323.585,0,20.973,4800,11119,1.590,0.950,0.540,2,0,199.744,0,0,10,29,6,17,0
24-04 14:24:17,44.273,9.755,46.774,0,0,1410528,440236,176444,5866364,11067.755,1458.759,0,35578.501,0,105.055,2353,3015,1.590,0.950,0.540,3,0,109.057,0,0,10,28,6,17,0
24-04 14:24:18,38.275,18.012,43.278,0,0,1325296,525228,176452,5866552,8216.291,1621.044,0,1420.915,0,34.022,4347,9495,1.630,0.970,0.550,5,0,368.237,0,0,10,28,6,17,0
24-04 14:24:19,64.294,9.256,26.018,0,0,1489796,360700,176452,5866568,5238.599,1621.114,0,724.498,0,13.009,2044,3396,1.630,0.970,0.550,4,0,16.011,0,0,10,29,6,17,0
24-04 14:24:20,67.250,15.250,17.750,0.250,0,1439596,410624,176484,5866776,6009.994,1457.999,0,500.000,0,49.000,4270,9799,1.630,0.970,0.550,5,0,266.000,0,0,10,28,6,17,0
24-04 14:24:21,74.449,8.994,15.989,0,0,1553304,296720,176504,5866948,5332.369,1618.898,0,271.815,0,18.987,4306,9432,1.630,0.970,0.550,5,0,0,0,0,10,31,6,20,0
24-04 14:24:22,68.620,13.923,16.658,0.249,0,1446212,403604,176512,5867148,5115.644,1611.070,0,354.038,0,28.840,3484,7173,1.630,0.970,0.550,7,0,328.181,0,0,10,28,6,21,0
24-04 14:24:23,58.887,14.848,25.669,0,0,1322312,527252,176544,5867364,4787.487,1630.725,0,1058.965,0,50.331,4960,11777,1.820,1.020,0.570,5,1,245.615,0,0,10,28,6,24,0
24-04 14:24:24,65.254,10.001,24.751,0,0,1490576,358940,176544,5867408,5277.301,1768.101,0,244.014,0,13.001,2334,3725,1.820,1.020,0.570,4,0,63.004,0,0,10,29,6,24,0
24-04 14:24:25,56.746,15.499,27.248,0.250,0,1412188,437212,176544,5867484,7894.455,1457.899,0,279.981,0,27.998,5070,10045,1.820,1.020,0.570,4,0,292.980,0,0,10,28,6,26,0
24-04 14:24:26,62.751,9.500,27.751,0,0,1433100,415592,176548,5868184,5002.110,1620.036,0,492.011,0,46.001,4464,9345,1.820,1.020,0.570,4,0,63.001,0,0,10,28,6,25,0
24-04 14:24:27,65.939,9.491,23.978,0.500,0,1487940,360728,176556,5868200,5874.584,1618.508,0,2961.270,0,178.835,2308,3411,1.820,1.020,0.570,4,0,55.948,0,0,10,31,6,25,0
24-04 14:24:28,67.572,19.521,12.513,0,0,1441184,407224,176564,5868436,5893.241,1459.546,0,668.708,0,50.053,4447,10127,2.070,1.080,0.590,7,0,415.440,0,0,10,28,6,27,0
24-04 14:24:29,82.010,14.002,2.750,0,0,1540056,308112,176580,5868652,7531.957,1704.216,0,660.084,0,48.006,4069,8320,2.070,1.080,0.590,9,0,204.026,0,0,10,29,6,27,0
24-04 14:24:30,86.159,13.735,0.499,0,0,1551600,296376,176580,5868836,5793.864,1618.286,0,235.750,0,13.985,2541,4560,2.070,1.080,0.590,11,0,245.740,0,0,10,29,6,27,0
24-04 14:24:31,81.466,14.744,2.999,0,0,1504064,343680,176588,5869056,6101.456,1531.361,0,447.813,0,35.985,4662,9060,2.070,1.080,0.590,10,0,270.887,0,0,10,29,6,27,0
24-04 14:24:32,64.508,20.753,12.502,0,0,1443312,404200,176596,5869276,6394.799,1620.203,0,236.030,0,12.002,7376,16638,2.070,1.080,0.590,6,0,419.052,0,0,10,30,6,29,0
24-04 14:24:33,18.420,23.897,56.506,0,0,1314224,533232,176596,5869332,5093.994,1613.032,0,633.264,0,13.940,2962,4768,1.990,1.080,0.590,4,0,515.772,0,0,10,28,6,29,0
24-04 14:24:34,8.751,21.251,68.254,0,0,1311128,536312,176596,5869348,4709.292,1458.090,0,204.013,0,8.000,2305,2944,1.990,1.080,0.590,3,0,292.018,0,0,10,28,6,26,0
24-04 14:24:35,13.812,26.369,59.266,0.251,0,1330756,516672,176596,5869360,6557.469,1627.313,0,739.323,0,46.208,3248,5026,1.990,1.080,0.590,4,0,558.510,0,0,10,28,6,26,0
24-04 14:24:36,72.590,23.779,3.004,0,0,1526092,321280,176596,5869416,6401.913,1501.856,0,5014.198,0,124.153,3061,6562,1.990,1.080,0.590,7,0,694.859,0,0,10,29,6,26,0
24-04 14:24:37,78.961,16.242,4.748,0,0,1456188,390952,176616,5869624,6607.696,1619.190,0,931.534,0,67.966,5478,11099,1.990,1.080,0.590,6,0,317.841,0,0,10,29,6,26,0
24-04 14:24:38,82.003,16.001,1.500,0,0,1495428,351468,176628,5869844,4636.172,1620.060,0,2020.075,0,105.004,4367,8187,2.310,1.160,0.620,6,0,311.012,0,0,10,28,6,26,0
24-04 14:24:39,86.922,10.241,2.748,0,0,1639380,207328,176636,5870040,5649.938,1618.550,0,655.413,0,23.979,4712,10827,2.310,1.160,0.620,6,0,40.963,0,0,10,31,6,26,0
24-04 14:24:40,83.067,14.262,3.002,0,0,1564408,281928,176664,5870328,5335.327,1769.435,0,1701.380,0,45.037,7361,44501,2.310,1.160,0.620,10,0,51.041,0,0,10,30,6,27,0
24-04 14:24:41,82.010,15.502,1.750,0,0,1545496,300600,176672,5870532,5838.718,1694.208,0,460.057,0,46.006,2709,6343,2.310,1.160,0.620,8,0,153.019,0,0,10,29,6,27,0
24-04 14:24:42,83.192,11.492,5.246,0,0,1642352,203344,176676,5870920,8998.719,2708.110,0,411.713,0,14.990,3946,12298,2.310,1.160,0.620,6,0,4.997,0,0,10,32,6,27,0
24-04 14:24:43,75.972,12.495,11.996,0,0,1636300,208780,176776,5871392,143211.725,9807.352,0,1359.494,0,62.977,5612,20868,2.440,1.210,0.640,7,0,99.963,0,0,10,32,6,28,0
24-04 14:24:44,82.839,12.764,2.503,0,0,1529012,315464,176880,5871820,129516.583,7816.364,0,1329.422,0,59.063,4358,11077,2.440,1.210,0.640,5,0,190.204,0,0,10,30,6,28,0
24-04 14:24:45,81.980,12.497,5.249,0,0,1627536,216524,176940,5872124,25380.909,6633.408,0,1039.750,0,45.989,6202,11985,2.440,1.210,0.640,7,0,105.975,0,0,10,32,6,26,0
24-04 14:24:46,77.696,9.993,10.743,0.250,0,1452196,391264,177044,5872544,22622.323,6578.441,0,1111.230,0,55.961,5049,14781,2.440,1.210,0.640,6,0,140.902,0,0,10,31,6,27,0
24-04 14:24:47,84.496,12.749,2.750,0,0,1577780,265148,177116,5872944,59402.970,5540.717,0,1047.947,0,40.998,5476,9492,2.440,1.210,0.640,6,0,37.998,0,0,10,31,6,27,0
24-04 14:24:48,81.510,11.251,6.751,0.250,0,1476756,365652,177192,5873268,23287.818,6772.820,0,1320.160,0,73.009,5442,12448,2.650,1.270,0.660,8,0,123.015,0,0,10,31,6,27,0
24-04 14:24:49,81.000,14.000,4.750,0,0,1571556,269788,177280,5874192,341844.709,12154.061,0,1784.009,0,71.000,5952,11870,2.650,1.270,0.660,7,0,99.000,0,0,10,31,6,27,0
24-04 14:24:50,82.500,11.250,5.250,0,0,1520876,318936,177288,5875588,7292.964,2437.988,0,307.998,0,13.000,4700,13693,2.650,1.270,0.660,6,0,89.000,0,0,10,30,6,27,0
24-04 14:24:51,82.745,14.249,2.250,0,0,1605096,234468,177384,5875700,24450.484,6629.589,0,1067.934,0,45.997,3663,7888,2.650,1.270,0.660,7,0,137.991,0,0,10,31,6,27,0
24-04 14:24:52,82.251,13.500,3.250,0,0,1588448,241496,177592,5884052,1410136.922,16265.195,0,2668.032,0,34.000,4988,13701,2.650,1.270,0.660,6,0,113.001,0,0,10,33,6,28,0
24-04 14:24:53,84.004,12.251,4.000,0,0,1537904,291580,177708,5884340,23041.083,6796.319,0,1620.076,0,93.004,4418,11034,2.840,1.340,0.690,6,0,177.008,0,0,10,30,6,28,0
24-04 14:24:54,80.052,12.758,6.754,0,0,1537896,291096,177752,5884696,12433.082,3935.558,0,2497.623,0,31.020,4241,9094,2.840,1.340,0.690,4,0,79.051,0,0,10,32,6,28,0
24-04 14:24:55,78.700,13.242,8.495,0,0,1466440,362060,177848,5884964,22194.973,6818.691,0,1207.237,0,61.961,3759,12493,2.840,1.340,0.690,6,0,164.896,0,0,10,31,6,29,0
24-04 14:24:56,83.051,12.508,4.253,0,0,1560212,267532,177932,5885536,48922.941,3937.410,0,788.483,0,38.023,3542,7141,2.840,1.340,0.690,5,0,118.072,0,0,10,31,6,29,0
24-04 14:24:57,71.196,12.990,14.739,0,0,1484224,342904,178048,5885940,49449.715,5157.112,0,1067.195,0,36.972,4590,8810,2.840,1.340,0.690,4,0,170.871,0,0,10,31,6,29,0
24-04 14:24:58,70.752,9.500,18.751,0.250,0,1466652,359848,178240,5886260,129626.407,9921.337,0,2264.077,0,104.004,3978,8601,2.850,1.360,0.700,6,0,79.003,0,0,10,30,6,29,0
24-04 14:24:59,72.552,12.509,14.510,0.500,0,1509536,269468,178352,5932416,24664668.909,106517.947,0,19261.734,0,80.057,8701,5775,2.850,1.360,0.700,4,0,144.103,0,0,10,30,6,27,0
24-04 14:25:00,64.501,14.500,20.500,1.000,0,1467768,291896,178656,5950704,8835379.695,48721.682,0,17096.239,0,166.002,6038,11894,2.850,1.360,0.700,5,0,238.003,0,0,10,35,6,27,0
24-04 14:25:01,78.928,10.241,9.491,0.250,0,1549952,198512,178780,5961160,4958438.821,22633.404,0,13020.152,0,269.755,4574,6477,2.850,1.360,0.700,6,0,47.956,0,0,10,36,6,27,0
24-04 14:25:02,78.582,14.265,7.258,0,0,1455264,291416,178888,5962708,5570.799,1621.688,0,1033.075,0,46.048,5291,11050,2.850,1.360,0.700,5,0,151.157,0,0,10,34,6,27,0
24-04 14:25:03,78.005,16.001,5.250,0,0,1502812,233792,179480,5970464,4589.266,1620.094,0,1728.100,0,46.003,4143,8955,3.020,1.420,0.720,5,0,187.011,0,0,10,34,6,26,0
24-04 14:25:04,82.247,11.500,5.250,0,0,1542636,193288,179528,5971152,5049.838,1531.951,0,771.975,0,35.999,3488,9853,3.020,1.420,0.720,4,0,150.995,0,0,10,35,6,26,0
24-04 14:25:05,80.748,12.500,7.750,0,0,1473420,247064,179580,5986176,5612.882,1735.964,0,1195.975,0,65.999,4285,8133,3.020,1.420,0.720,5,0,134.997,0,0,10,34,6,26,0
24-04 14:25:06,75.816,14.714,7.981,0.998,0,1550584,126448,179288,6024812,5566.501,1616.081,211.487,51343.492,5.985,959.673,5766,9679,3.020,1.420,0.720,4,0,2.993,0,0,10,37,6,29,0
24-04 14:25:07,70.174,19.298,9.524,0.251,0,1458444,170540,190396,6050216,7545.706,1461.623,858.127,19051.228,29.072,303.753,4505,9671,3.020,1.420,0.720,5,0,239.594,0,0,10,34,6,30,0
24-04 14:25:08,65.443,8.742,25.478,0.500,0,1461260,156056,191608,6058424,7847.189,1618.595,0,13200.542,0,67.941,3019,6654,2.860,1.420,0.730,4,0,5.995,0,0,10,34,6,31,0
24-04 14:25:09,65.977,15.436,17.179,0.249,0,1511308,140040,191064,6024912,7079.711,1613.326,796.704,87179.339,20.913,507.899,11323,22632,2.860,1.420,0.730,6,0,113.530,0,0,10,35,6,31,0
24-04 14:25:10,50.714,25.732,23.983,0.250,0,1430864,219876,191104,6025624,6164.660,1618.860,439.690,999.296,17.987,42.970,4150,7700,2.860,1.420,0.730,5,0,378.733,0,0,10,34,6,32,0
24-04 14:25:11,62.436,11.238,25.973,0,0,1464324,241180,191144,5972944,13430.154,1804.140,71.926,455.530,1.998,11.988,3324,5043,2.860,1.420,0.730,7,0,113.883,0,0,10,32,6,34,1
24-04 14:25:12,70.225,14.850,15.102,0.252,0,1450668,244292,191192,5983436,10183.915,1705.541,704.769,1304.830,15.102,26.177,4830,9363,2.860,1.420,0.730,6,0,178.206,0,0,10,32,6,34,0
24-04 14:25:13,56.250,20.250,21.500,0,0,1396156,294876,191212,5987276,9009.973,1693.995,547.998,1443.996,41.000,19.000,6098,13418,2.870,1.440,0.740,6,0,482.999,0,0,10,33,6,35,0
24-04 14:25:14,37.190,22.713,38.188,0.499,0.250,1390364,299184,191212,5988760,11345.586,1617.375,1305.881,375.391,44.927,20.966,3830,6520,2.870,1.440,0.740,2,0,529.141,0,0,10,32,6,35,0
24-04 14:25:15,19.202,6.982,72.567,0.249,0,1351632,337760,191216,5988912,11581.872,1615.936,0,355.107,0,27.930,2203,3386,2.870,1.440,0.740,2,0,100.747,0,0,10,32,6,35,0
24-04 14:25:16,24.695,2.494,72.839,0,0,1387792,301592,191216,5988920,6113.495,1616.429,0,243.462,0,17.960,1835,2955,2.870,1.440,0.740,2,0,0,0,0,10,32,6,36,0
24-04 14:25:17,18.071,8.533,72.032,0,0,1363384,325900,191216,5989020,13804.029,1463.729,92.362,257.006,4.016,17.067,1769,2100,2.870,1.440,0.740,1,0,103.405,0,0,10,32,6,34,0
24-04 14:25:18,23.436,3.241,72.054,0.499,0,1387540,301708,191220,5989052,7883.517,1615.597,0,251.315,0,20.943,2518,4492,2.720,1.440,0.740,2,0,0,0,0,10,32,6,35,0
24-04 14:25:19,21.243,4.998,72.727,0.250,0,1381936,307300,191232,5989052,5989.101,1619.487,0,1055.665,0,69.978,1536,2036,2.720,1.440,0.740,2,0,31.990,0,0,10,32,6,34,0
24-04 14:25:20,22.716,4.992,71.392,0,0,1336076,352744,191236,5989464,5754.271,1529.679,3.994,287.564,0.998,7.988,2572,4612,2.720,1.440,0.740,2,0,55.915,0,0,10,32,6,37,0
24-04 14:25:21,23.102,2.762,73.825,0,0,1384260,304552,191236,5989472,5542.437,1627.174,0,4.018,0,1.004,1186,1960,2.720,1.440,0.740,2,0,2.009,0,0,10,33,5,34,0
24-04 14:25:22,19.696,5.984,73.298,0,0,1367404,321396,191244,5989476,7486.368,1615.548,0,195.461,0,16.953,1500,2149,2.720,1.440,0.740,3,0,92.744,0,0,10,32,5,34,0
24-04 14:25:23,19.504,8.002,71.765,0.250,0,1314472,374076,191252,5989720,5970.212,1458.296,0,224.045,0,18.004,2128,3652,2.660,1.450,0.750,2,0,99.020,0,0,10,32,5,30,0
24-04 14:25:24,23.261,2.751,73.534,0,0,1365684,322864,191252,5989720,5327.461,1620.749,0,216.100,0,13.006,1126,1701,2.660,1.450,0.750,2,0,2.001,0,0,10,33,5,30,0
24-04 14:25:25,20.087,6.277,72.566,0.251,0,1343388,345004,191252,5989876,10614.161,1669.260,0,301.310,0,27.118,1993,3220,2.660,1.450,0.750,1,0,96.419,0,0,10,32,5,27,0
24-04 14:25:26,23.127,2.735,73.110,0,0,1368596,319004,191252,5990668,5995.029,1450.266,0,242.706,0,24.867,2760,5435,2.660,1.450,0.750,2,0,0,0,0,10,32,5,30,0
24-04 14:25:27,22.753,4.251,73.009,0,0,1374396,313188,191264,5990672,6364.783,1620.199,0,780.096,0,46.006,1203,1793,2.660,1.450,0.750,2,0,33.004,0,0,10,32,5,30,0
24-04 14:25:28,20.611,6.284,71.889,0,0,1317812,369492,191264,5990952,7420.106,1508.152,0,40.217,0,2.011,2985,5659,2.530,1.440,0.750,1,0,91.495,0,0,10,32,5,29,0
24-04 14:25:29,28.181,15.213,56.363,0,0,1379360,307536,191288,5991336,29885.289,1657.966,19.951,311.243,2.993,17.956,2868,4397,2.530,1.440,0.750,2,0,396.036,0,0,10,32,5,31,0
24-04 14:25:30,40.600,7.519,47.116,3.509,0,1493068,190664,191888,5993856,6212.351,1698.196,413.021,9639.820,12.030,782.935,4638,7410,2.530,1.440,0.750,2,0,34.084,0,0,10,36,5,29,0
24-04 14:25:31,37.992,6.999,45.740,8.248,0,1427796,250680,192428,5998520,6615.617,1693.646,0,28570.029,0,2858.403,13870,24718,2.530,1.440,0.750,2,0,104.978,0,0,10,36,5,29,0
24-04 14:25:32,37.812,7.960,48.012,4.975,0,1493156,184152,192940,5999176,6053.948,1450.798,0,37310.789,0,3227.976,14729,25409,2.530,1.440,0.750,3,0,37.812,0,0,10,36,5,29,0
24-04 14:25:33,44.232,7.288,48.002,1.005,0,1419608,257576,192976,5999264,5423.441,1702.930,0,11041.904,0,639.353,3106,4341,2.490,1.450,0.760,3,0,10.053,0,0,10,32,5,29,0
24-04 14:25:34,38.907,6.734,45.391,7.482,0,1490364,186008,193420,5999632,5632.476,1616.120,0,18431.745,0,2387.268,12820,23783,2.490,1.450,0.760,2,0,2.993,0,0,10,34,5,27,0
24-04 14:25:35,36.338,8.270,51.374,4.010,0,1383084,293080,193672,5999784,6280.204,1461.538,0,19354.858,0,1719.162,7029,11865,2.490,1.450,0.760,2,0,101.245,0,0,10,32,5,27,0
24-04 14:25:36,22.696,2.993,73.575,0,0,1443024,233132,193676,5999788,9949.311,1616.152,0,893.872,0,41.900,1114,1371,2.490,1.450,0.760,2,0,1.995,0,0,10,32,5,27,0
24-04 14:25:37,23.251,2.250,73.252,0.750,0,1386236,289892,193684,5999808,5603.168,1694.051,0,800.024,0,42.001,1111,1623,2.490,1.450,0.760,2,0,4.000,0,0,10,32,5,27,0
24-04 14:25:38,25.058,3.007,70.915,1.002,0,1335396,338992,193696,6001536,4727.023,1461.408,2185.096,6695.614,36.084,370.865,1797,3085,2.370,1.440,0.760,2,0,48.112,0,0,10,32,5,27,0
24-04 14:25:39,22.946,4.489,72.330,0,0,1415644,258224,193700,6002052,5530.980,1841.665,51.878,359.155,3.991,12.969,1216,1737,2.370,1.440,0.760,2,0,43.897,0,0,10,32,6,27,0
24-04 14:25:40,23.492,4.498,71.225,0.250,0,1354276,319684,193704,6002120,6098.823,1531.453,0,71938.318,0,706.748,3019,2745,2.370,1.440,0.760,2,0,1.000,0,0,10,32,6,27,0
24-04 14:25:41,23.508,2.501,74.026,0,0,1427032,246928,193704,6002120,5578.992,1620.579,0,0,0,0,879,1222,2.370,1.440,0.760,1,0,4.001,0,0,10,32,6,27,0
24-04 14:25:42,23.426,2.741,73.518,0,0,1368956,304888,193712,6002228,5531.559,1688.676,0,0,0,0,840,1062,2.370,1.440,0.760,2,0,0.997,0,0,10,32,6,26,0
24-04 14:25:43,23.502,2.250,74.008,0.250,0,1377052,296432,193712,6002588,4822.502,1552.161,344.036,0,4.000,0,1000,1254,2.260,1.430,0.760,3,0,5.001,0,0,10,32,6,26,0
24-04 14:25:44,23.066,3.259,73.461,0.251,0,1439900,233684,193712,6002588,5319.272,1708.906,0,2555.336,0,14.040,1156,1572,2.260,1.430,0.760,2,0,2.006,0,0,10,32,6,25,0
24-04 14:25:45,22.936,2.992,73.047,0,0,1381088,291960,193716,6003120,5486.774,1689.312,498.616,12712.722,3.989,63.823,1132,1357,2.260,1.430,0.760,3,0,2.992,0,0,10,32,6,25,0
24-04 14:25:46,23.122,2.513,74.143,0,0,1365512,307516,193716,6003140,7471.569,1777.413,0,0,0,0,957,1138,2.260,1.430,0.760,3,0,3.016,0,0,10,32,6,24,0
24-04 14:25:47,22.990,3.249,73.718,0,0,1420700,252328,193716,6003140,4994.822,1619.294,0,0,0,0,891,1123,2.260,1.430,0.760,1,0,2.999,0,0,10,32,6,24,0
24-04 14:25:48,11.005,16.508,70.033,0,0,1334460,338400,193728,6003296,5624.672,1458.693,0,528.251,0,6.003,2858,4278,2.160,1.420,0.760,2,0,404.192,0,0,10,32,6,24,0
24-04 14:25:49,8.740,21.476,70.173,0,0,1342360,330132,193732,6003656,6324.056,1618.223,59.934,627.311,2.997,9.989,3035,4680,2.160,1.420,0.760,2,0,433.524,0,0,10,32,6,24,0
24-04 14:25:50,9.001,20.001,70.004,0,0,1344692,327756,193744,6003684,7715.478,1662.103,12.001,444.028,3.000,5.000,3372,5396,2.160,1.420,0.760,2,0,515.032,0,0,10,32,6,24,0
24-04 14:25:51,23.355,3.478,73.792,0,0,1422228,250216,193744,6003680,9192.010,1449.016,0,3.975,0,0.994,1092,1404,2.160,1.420,0.760,2,0,23.852,0,0,10,32,6,24,0
24-04 14:25:52,22.361,2.764,74.117,0,0,1374800,297628,193744,6003696,7050.867,1628.051,0,16.080,0,1.005,979,1097,2.160,1.420,0.760,1,0,3.015,0,0,10,32,6,24,0
24-04 14:25:53,21.999,3.250,73.246,0,0,1453440,219008,193744,6003676,5565.722,1619.919,0,0,0,0,977,1199,2.060,1.420,0.760,2,0,4.000,0,0,10,32,6,24,0
24-04 14:25:54,23.500,3.000,73.749,0.250,0,1389128,283296,193752,6003692,5315.957,1605.987,0,159.999,0,14.000,1151,1571,2.060,1.420,0.760,1,0,3.000,0,0,10,32,6,23,0
24-04 14:25:55,23.499,2.250,73.496,0,0,1459432,212988,193756,6003692,6224.664,1619.913,0,303.984,0,22.999,1013,1273,2.060,1.420,0.760,1,0,2.000,0,0,10,32,6,23,0
24-04 14:25:56,23.125,2.735,73.852,0,0,1415596,256832,193756,6003684,5194.999,1611.315,0,11.936,0,0.995,951,1180,2.060,1.420,0.760,2,0,2.984,0,0,10,32,6,22,0
24-04 14:25:57,24.633,1.257,73.145,0,0,1459924,212480,193756,6003704,5406.231,1465.926,0,24.130,0,2.011,907,1148,2.060,1.420,0.760,1,0,3.016,0,0,10,32,6,22,0
24-04 14:25:58,23.001,3.250,74.253,0,0,1432944,239472,193756,6003692,4875.224,1620.075,0,0,0,0,975,1208,1.980,1.410,0.760,1,0,3.000,0,0,10,32,6,22,0
24-04 14:25:59,24.001,1.750,73.752,0,0,1372460,299944,193756,6003704,6904.159,1458.034,0,12.000,0,1.000,848,1004,1.980,1.410,0.760,1,0,3.000,0,0,10,32,6,22,0
24-04 14:26:00,24.007,2.251,73.521,0,0,1450096,222332,193756,6003680,4992.433,1620.465,0,0,0,0,936,1141,1.980,1.410,0.760,1,0,4.001,0,0,10,32,6,22,0
24-04 14:26:01,23.159,2.988,73.712,0,0,1392328,280144,193764,6003620,5798.317,1687.399,0,2151.583,0,121.525,1041,1133,1.980,1.410,0.760,2,0,0.996,0,0,10,32,6,22,0
24-04 14:26:02,23.081,3.261,73.509,0,0,1462124,210344,193764,6003624,5787.366,1625.721,0,0,0,0,966,1153,1.980,1.410,0.760,1,0,4.014,0,0,10,32,6,22,0
24-04 14:26:03,24.753,1.500,74.258,0,0,1408608,263784,193764,6003700,7351.787,1620.173,0,96.010,0,2.000,919,1134,1.900,1.400,0.760,2,0,3.000,0,0,10,32,6,22,0
24-04 14:26:04,23.741,2.749,72.972,0.250,0,1417788,254608,193768,6003692,5322.961,1619.380,0,207.920,0,11.995,1160,1592,1.900,1.400,0.760,2,0,2.999,0,0,10,32,6,22,0
24-04 14:26:05,24.441,1.746,73.821,0.499,0,1465640,206728,193776,6003712,6179.022,1657.981,0,351.149,0,24.940,1001,1225,1.900,1.400,0.760,2,0,1.995,0,0,10,32,6,22,0
24-04 14:26:06,23.212,2.496,73.130,0,0,1431896,240492,193776,6003692,5651.703,1455.606,0,223.632,0,1.997,919,1151,1.900,1.400,0.760,2,0,2.995,0,0,10,32,6,20,0
24-04 14:26:07,23.103,2.511,74.079,0,0,1420192,252188,193776,6003700,7191.976,1627.235,0,0,0,0,926,1166,1.900,1.400,0.760,1,0,4.018,0,0,10,32,6,20,0
24-04 14:26:08,22.293,4.258,73.392,0,0,1357156,315212,193776,6003712,5317.262,1623.133,0,12.023,0,1.002,1003,1276,1.830,1.400,0.770,3,0,34.066,0,0,10,32,6,20,0
24-04 14:26:09,18.008,15.507,67.031,0,0,1392028,280252,193788,6004960,4895.262,1458.674,0,572.264,0,24.011,2778,4612,1.830,1.400,0.770,4,0,392.181,0,0,10,32,6,16,0
24-04 14:26:10,24.186,2.992,71.561,0,0,1433384,238688,193788,6003964,6999.493,1615.728,0,0,0,0,1076,2241,1.830,1.400,0.770,2,0,3.989,0,0,10,32,6,17,0
24-04 14:26:11,23.256,3.251,73.520,0,0.250,1415052,256960,193788,6003992,13084.572,1606.439,0,36.010,0,1.000,977,1271,1.830,1.400,0.770,2,0,11.003,0,0,10,32,6,15,0
24-04 14:26:12,16.782,12.524,70.633,0,0,1358576,313348,193788,6004080,11603.804,1697.189,0,256.482,0,36.068,2369,3630,1.830,1.400,0.770,2,0,328.617,0,0,10,32,6,15,0
24-04 14:26:13,9.753,20.257,69.275,0,0,1354116,317780,193788,6004108,4932.746,1620.574,0,208.074,0,6.002,2981,4626,1.760,1.390,0.770,3,0,444.157,0,0,10,32,6,13,0
24-04 14:26:14,10.481,20.213,68.623,0,0,1353316,318532,193792,6004152,10842.995,1529.179,0,714.681,0,21.959,3499,5379,1.760,1.390,0.770,2,0,495.087,0,0,10,32,6,13,0
24-04 14:26:15,10.015,21.032,68.855,0.250,0,1355512,316308,193796,6004176,13155.154,1622.486,0,1678.572,0,42.064,3420,5372,1.760,1.390,0.770,1,0,539.827,0,0,10,32,6,12,0
24-04 14:26:16,10.238,20.227,68.922,0,0,1358100,313696,193796,6004200,5915.280,1618.162,0,4015.438,0,109.875,3382,5127,1.760,1.390,0.770,3,0,532.395,0,0,10,32,6,12,0
24-04 14:26:17,9.499,19.497,69.739,0,0.250,1352104,319656,193796,6004236,12464.068,1457.774,0,439.932,0,6.999,3069,4658,1.760,1.390,0.770,2,0,444.931,0,0,10,32,6,11,0
24-04 14:26:18,9.267,19.286,70.381,0,0,1355584,316148,193796,6004264,7956.776,1697.152,0,192.357,0,8.015,3021,4649,1.620,1.370,0.760,1,0,446.830,0,0,10,32,6,11,0
24-04 14:26:19,23.978,24.477,50.454,0,0,1404012,267836,193808,6004312,5114.290,1692.441,0,539.503,0,24.977,3734,6117,1.620,1.370,0.760,4,0,630.419,0,0,10,32,6,12,0
24-04 14:26:20,66.499,28.250,4.750,0,0,1542956,130924,194804,5997988,5845.918,1693.976,759.989,5119.928,17.000,259.996,9160,6555,1.620,1.370,0.760,5,0,627.991,0,0,10,32,6,16,0
24-04 14:26:21,75.367,9.701,9.452,5.223,0,1632736,124840,195168,5914388,6600.417,1450.619,1524.245,26357.891,136.306,1932.169,9254,16798,1.620,1.370,0.760,8,1,103.474,0,0,10,38,6,15,0
24-04 14:26:22,55.024,14.321,20.603,9.799,0,1586220,159328,195696,5925772,7926.466,1702.477,1185.905,83672.606,30.150,6363.685,25894,44089,1.620,1.370,0.760,7,0,182.911,0,0,10,36,6,15,0
24-04 14:26:23,63.732,13.996,14.246,8.248,0,1618484,136508,196220,5916020,4807.635,1619.540,755.785,85603.689,13.996,6448.169,25733,43736,1.810,1.410,0.780,7,0,113.968,0,0,10,37,6,15,0
24-04 14:26:24,48.741,15.497,27.245,8.248,0,1511392,235504,196540,5923788,5364.986,1499.717,483.909,66287.472,38.993,5196.018,22259,36531,1.810,1.410,0.780,6,0,240.954,0,0,10,34,6,17,0
24-04 14:26:25,35.303,13.520,40.060,9.765,0,1543980,194648,197240,5931164,5899.803,1622.421,16.024,62837.754,2.003,4959.399,22893,38595,1.810,1.410,0.780,3,0,109.163,0,0,10,35,6,19,0
24-04 14:26:26,35.718,9.492,43.961,9.242,0,1501320,232452,197372,5935736,8547.376,1766.424,0,52117.511,0,4435.044,21349,36354,1.810,1.410,0.780,2,1,95.914,0,0,10,34,6,23,0
24-04 14:26:27,39.725,8.495,46.221,6.246,0,1547236,186396,197568,5935648,6901.735,1457.100,0,52395.620,0,5060.872,19265,35570,1.810,1.410,0.780,2,1,38.976,0,0,10,35,6,20,0
24-04 14:26:28,40.500,7.000,44.000,7.250,0,1548424,183904,197744,5936728,5324.032,1662.010,0,53804.323,0,4749.028,23366,40968,1.910,1.440,0.790,3,0,39.000,0,0,10,34,6,27,0
24-04 14:26:29,43.000,9.250,40.250,9.000,0,1541900,187740,197832,5939260,7813.953,1619.990,0,42619.744,0,4087.975,14150,29623,1.910,1.440,0.790,3,1,120.999,0,0,10,34,6,24,0
24-04 14:26:30,39.992,8.748,43.491,7.748,0,1543828,182952,198052,5941844,5900.767,1457.695,0,54112.690,0,4429.074,20410,39274,1.910,1.440,0.790,5,0,47.990,0,0,10,35,6,27,0
24-04 14:26:31,36.724,9.993,44.468,8.494,0,1528336,194360,198412,5945464,6095.654,1618.846,0,47346.242,0,4469.813,17331,33332,1.910,1.440,0.790,2,1,94.932,0,0,10,36,6,27,0
24-04 14:26:32,41.572,7.263,40.570,10.268,0,1538176,180752,198508,5949044,5102.828,1622.807,0,52907.530,0,4744.207,19446,39544,1.910,1.440,0.790,4,0,105.182,0,0,10,37,6,31,0
24-04 14:26:33,37.535,12.429,40.270,10.689,0,1526584,189608,198648,5951572,5240.011,1449.703,0,58568.811,0,4908.906,20264,36139,1.990,1.460,0.810,5,0,104.403,0,0,10,36,6,31,0
24-04 14:26:34,39.188,10.048,41.700,10.048,0,1491332,230404,198724,5945924,5542.560,1702.157,0,44995.619,0,4188.069,19681,33483,1.990,1.460,0.810,4,1,53.255,0,0,10,36,6,33,0
24-04 14:26:35,43.729,8.496,43.479,4.748,0,1431772,289260,198744,5946600,7115.599,1693.191,231.889,31177.097,1.999,2369.867,10921,17036,1.990,1.460,0.810,2,0,38.981,0,0,10,32,6,36,0
24-04 14:26:36,21.995,12.747,65.484,0,0,1400532,320320,198744,5946780,6424.394,1619.595,3.999,1647.588,1.000,100.975,2666,4162,1.990,1.460,0.810,2,0,256.936,0,0,10,32,6,36,0
24-04 14:26:37,23.506,2.751,72.518,0.250,0,1425944,294896,198748,5946788,5067.241,1620.397,0,2352.576,0,211.052,2590,3922,1.990,1.460,0.810,2,0,1.000,0,0,10,33,6,36,0
24-04 14:26:38,20.932,4.984,73.013,0.249,0,1416544,304288,198748,5946796,5429.349,1656.614,0,562.172,0,28.906,1375,2032,1.910,1.460,0.810,2,0,44.854,0,0,10,32,6,36,0
24-04 14:26:39,23.811,3.008,72.435,0,0,1396432,324364,198748,5946832,4736.091,1461.732,0,545.392,0,39.100,2461,4278,1.910,1.460,0.810,1,0,0,0,0,10,32,6,37,0
24-04 14:26:40,10.269,20.538,68.377,0.250,0,1374528,346168,198748,5946932,5151.535,1623.004,0,733.357,0,44.082,2463,3233,1.910,1.460,0.810,1,0,291.540,0,0,10,32,6,37,0
24-04 14:26:41,8.996,22.240,67.970,0,0,1379284,341340,198752,5947000,7268.780,1619.283,3.998,675.701,1.000,34.985,2612,3520,1.910,1.460,0.810,2,0,301.866,0,0,10,32,6,37,0
24-04 14:26:42,47.561,18.524,34.044,0,0,1484500,235856,198772,5947240,5308.817,1533.970,112.144,3864.963,5.006,249.320,3260,4691,1.910,1.460,0.810,4,0,287.369,0,0,10,32,6,43,0
24-04 14:26:43,65.245,11.249,23.248,0.500,0,1670244,142804,198796,5856140,5215.630,1787.873,259.982,4383.689,3.000,226.984,1773,1555,2.160,1.510,0.830,4,0,5.000,0,0,10,32,6,43,0
24-04 14:26:44,52.980,9.996,30.238,6.248,0,1741968,119124,198952,5809032,5640.828,1619.377,3258.745,41735.932,116.955,3108.803,13922,22340,2.160,1.510,0.830,10,0,101.961,0,0,10,38,6,43,0
24-04 14:26:45,36.777,11.759,38.278,12.259,0,1744392,119976,199196,5805824,7211.308,1459.074,0,91002.978,0,7464.494,30138,54670,2.160,1.510,0.830,5,1,273.201,0,0,10,38,6,43,0
24-04 14:26:46,51.918,12.231,25.460,10.733,0,1744680,126836,199212,5798864,6411.837,1617.436,0,102265.909,0,8702.207,33891,65049,2.160,1.510,0.830,4,1,176.720,0,0,10,38,6,43,0
24-04 14:26:47,46.421,13.477,29.949,9.983,0,1667340,193264,199344,5809320,6671.625,1617.243,3.993,70783.314,0.998,5747.201,23599,39677,2.160,1.510,0.830,4,0,238.593,0,0,10,36,6,43,0
24-04 14:26:48,51.822,9.012,28.289,11.766,0,1725128,124568,199448,5819856,6346.759,1460.015,16.022,85489.976,2.003,6090.405,23584,41592,2.230,1.540,0.840,6,0,32.044,0,0,10,36,6,43,0
24-04 14:26:49,43.745,13.749,31.747,12.249,0,1635300,235060,199448,5799264,6118.339,1619.825,159.983,90630.212,5.999,7105.233,27264,46598,2.230,1.540,0.840,9,1,114.988,0,0,10,36,6,43,0
24-04 14:26:50,39.120,6.977,44.103,8.223,0,1633868,233480,199468,5802236,7413.358,1688.388,3.987,55961.982,0.997,4527.949,15516,30018,2.230,1.540,0.840,3,0,91.695,0,0,10,34,6,43,0
24-04 14:26:51,15.285,15.285,67.403,0.251,0,1378160,489160,199468,5802264,6479.741,1461.325,4.009,1178.682,1.002,66.150,2311,3025,2.230,1.540,0.840,1,0,249.568,0,0,10,32,6,43,0
24-04 14:26:52,22.754,4.001,73.012,0.250,0,1449368,417592,199468,5802624,6925.108,1620.259,360.058,4104.657,5.001,253.040,1671,2439,2.230,1.540,0.840,1,0,3.000,0,0,10,32,5,43,0
24-04 14:26:53,24.263,1.501,73.540,0.250,0,1496944,369712,199468,5802928,5211.856,1620.888,296.162,124.068,6.003,13.007,1228,1738,2.130,1.530,0.840,2,0,0,0,0,10,38,5,43,0
24-04 14:26:54,22.783,3.755,73.106,0,0,1411556,455100,199468,5802928,5011.286,1622.359,0,296.431,0,53.077,1155,1419,2.130,1.530,0.840,2,0,29.042,0,0,10,32,5,43,0
24-04 14:26:55,22.215,3.245,73.883,0,0,1485644,381012,199468,5802928,5613.131,1617.444,0,51.918,0,5.991,894,1128,2.130,1.530,0.840,1,0,0.998,0,0,10,32,5,43,0
24-04 14:26:56,19.778,14.771,65.343,0.250,0,1375124,491324,199468,5803136,5834.261,1460.067,224.318,672.953,14.020,50.071,2736,4388,2.130,1.530,0.840,4,0,390.553,0,0,10,32,5,43,0
24-04 14:26:57,13.510,39.030,45.785,0,0,1382232,484104,199468,5803260,6255.736,1621.227,8.006,304.230,2.002,31.023,5175,9124,2.130,1.530,0.840,3,0,1152.873,0,0,10,32,5,43,0
24-04 14:26:58,10.471,23.935,63.327,0.249,0,1381608,483172,199468,5804816,6047.508,1615.594,1479.964,171.532,21.940,15.956,3214,5139,2.120,1.540,0.850,0,0,568.450,0,0,10,32,5,43,0
24-04 14:26:59,7.008,13.516,78.593,0.250,0,1368096,493788,199520,5807664,7282.652,1459.734,2763.283,0,52.062,0,2235,3038,2.120,1.540,0.850,1,0,189.225,0,0,11,12,5,43,20
24-04 14:27:00,8.991,19.730,69.681,0,0,1369264,492336,199652,5807816,6181.874,1692.323,131.869,19.980,3.996,4.995,2320,3290,2.120,1.540,0.850,2,0,252.750,0,0,11,12,5,43,20
24-04 14:27:01,15.750,17.750,65.248,0.250,0,1378076,483004,199688,5808552,6414.840,1693.958,455.989,16.000,42.999,4.000,3704,8033,2.120,1.540,0.850,1,0,194.995,0,0,11,12,5,43,20
24-04 14:27:02,22.799,19.542,56.872,0,0,1410468,449924,199700,5808912,4798.297,1461.136,48.103,12.026,3.006,3.006,3360,5509,2.120,1.540,0.850,1,0,416.895,0,0,13,12,5,43,20
24-04 14:27:03,12.475,19.461,67.115,0,0,1418912,441432,199700,5809280,6458.985,1690.593,0,343.308,0,9.980,3381,5408,2.030,1.530,0.850,1,0,208.580,0,0,13,12,5,43,20
24-04 14:27:04,21.188,20.440,56.584,0,0,1460356,398868,199704,5809968,5239.622,1615.259,650.092,7.977,10.968,0.997,4476,7287,2.030,1.530,0.850,2,0,288.154,0,0,15,12,5,43,20
24-04 14:27:05,9.793,20.590,68.048,0,0,1463744,395448,199704,5810000,5354.415,1506.588,0,28.123,0,7.031,2708,4123,2.030,1.530,0.850,2,0,306.340,0,0,15,12,5,43,20
24-04 14:27:06,24.505,14.253,58.512,0,0,1501512,357636,199704,5810024,5878.193,1620.329,0,600.122,0,33.007,5566,9649,2.030,1.530,0.850,3,0,178.036,0,0,15,12,5,43,20
24-04 14:27:07,79.249,15.250,5.750,0,0,1809052,126668,199736,5734672,5608.955,1531.988,0,5699.954,0,391.997,2445,2542,2.030,1.530,0.850,14,0,32.000,0,0,17,12,5,43,20
24-04 14:27:08,52.356,15.956,30.666,0,0,1894120,184312,199756,5595344,5667.392,1615.551,0,15.956,0,3.989,2504,4334,2.110,1.550,0.860,2,0,183.495,0,0,17,12,5,43,20
24-04 14:27:09,9.775,19.048,68.674,0.251,0,1901656,176564,199756,5595492,5873.843,1850.677,0,569.439,0,15.038,2724,4022,2.110,1.550,0.860,2,0,248.628,0,0,17,12,6,43,20
24-04 14:27:10,18.228,21.724,59.179,0,0,1901488,176352,199756,5596144,5908.927,1691.975,259.689,19.976,9.988,4.994,5703,12516,2.110,1.550,0.860,1,0,263.684,0,0,17,12,6,43,20
24-04 14:27:11,24.942,10.974,62.605,0.499,0,1954564,121972,199760,5597060,11826.515,1616.244,1021.626,0,15.963,0,2459,3567,2.110,1.550,0.860,2,0,143.666,0,0,18,12,6,43,20
24-04 14:27:12,9.289,8.285,82.596,0,0.251,1964908,118504,199760,5590276,7742.402,1538.438,0,0,0,0,1811,2724,2.110,1.550,0.860,1,0,91.382,0,0,18,12,6,44,20
24-04 14:27:13,24.001,4.500,70.502,0,0,2015068,130888,199760,5529056,6613.152,1620.037,0,236.005,0,13.000,1921,3111,2.100,1.560,0.870,1,0,2.000,0,0,18,12,6,44,10
24-04 14:27:14,17.180,12.450,68.721,0.498,0,1971112,174320,199760,5529552,13092.908,1535.772,330.659,418.304,4.980,39.838,3219,5163,2.100,1.560,0.870,2,0,134.455,0,0,18,18,6,49,0
24-04 14:27:15,10.779,19.803,68.431,0,0,1974640,170724,199760,5529620,12101.092,1698.504,0,124.330,0,6.016,2908,4165,2.100,1.560,0.870,1,0,298.792,0,0,18,18,6,49,0
24-04 14:27:16,10.231,19.465,67.128,0.250,0,1974804,170512,199760,5529652,5652.757,1806.726,0,7314.746,0,398.278,3995,6273,2.100,1.560,0.870,2,0,276.499,0,0,18,18,6,49,0
24-04 14:27:17,11.766,19.277,66.592,0,0,1977488,167664,199760,5529800,11043.284,1460.021,0,1594.206,0,89.123,3259,4896,2.100,1.560,0.870,1,0,303.420,0,0,18,18,6,49,0
24-04 14:27:18,17.519,15.767,65.320,0.501,0,1983288,161328,199760,5530324,10810.600,1621.740,400.430,292.314,4.004,17.018,5052,9198,2.010,1.550,0.870,2,0,135.145,0,0,18,18,6,49,0
24-04 14:27:19,46.703,9.990,41.458,0,0,2099356,121776,199768,5456116,4828.143,1618.372,0,303.694,0,6.993,1989,3137,2.010,1.550,0.870,3,0,126.872,0,0,18,19,6,49,0
24-04 14:27:20,48.090,6.763,44.583,0.501,0,2172216,132736,199784,5373692,6767.601,1460.720,0,1310.440,0,67.125,6448,12463,2.010,1.550,0.870,3,2,6.011,0,0,18,33,6,43,0
24-04 14:27:21,39.335,8.713,50.538,0.249,0,2213660,131856,199840,5333660,5412.322,1613.241,223.065,6899.093,7.967,415.260,2528,3144,2.010,1.550,0.870,2,0,58.754,0,0,18,34,6,43,0
24-04 14:27:22,13.030,15.786,69.908,0,0,2231772,130960,199852,5316804,4714.679,1623.678,998.261,469.062,32.073,25.057,2556,3918,2.010,1.550,0.870,1,0,199.452,0,0,18,34,6,42,0
24-04 14:27:23,8.495,1.499,89.202,0,0,2237668,124968,199860,5316868,19592.420,2486.657,15.991,75.959,2.998,3.998,1083,1765,1.850,1.530,0.860,0,0,1.999,0,0,18,35,6,42,0
24-04 14:27:24,2.000,0.500,95.509,0.250,0,2237556,124968,199860,5316980,156427.922,5354.477,0,256.023,0,11.001,1182,1856,1.850,1.530,0.860,0,0,0,0,0,18,35,6,40,0
24-04 14:27:25,16.263,9.007,70.557,2.252,0,2277288,130208,200052,5272576,17949.503,2091.690,1761.423,4723.817,136.110,309.250,2656,4485,1.850,1.530,0.860,1,0,61.049,0,0,18,34,6,41,0
24-04 14:27:26,15.760,12.007,70.294,2.251,0,2276976,147112,200068,5256916,9846.105,1621.005,2193.360,4606.856,483.300,133.083,3837,3783,1.850,1.530,0.860,2,0,30.019,0,0,18,34,6,35,0
24-04 14:27:27,17.487,10.492,71.445,0,0,2295108,141896,200068,5243188,5590.734,1618.765,7.994,0,0.999,0,1941,2667,1.850,1.530,0.860,2,0,49.962,0,0,18,34,6,35,0
24-04 14:27:28,17.749,8.750,71.747,0,0,2300888,135712,200068,5243592,9688.622,1661.935,399.984,35.999,6.000,1.000,1934,2475,1.780,1.520,0.860,1,0,59.998,0,0,18,34,6,28,0
24-04 14:27:29,24.062,3.509,71.685,0,0,2290060,147968,200080,5242680,7143.387,1624.181,36.093,4.010,7.018,1.003,1479,2058,1.780,1.520,0.860,1,0,14.036,0,0,18,34,6,28,0
24-04 14:27:30,22.911,4.234,72.718,0,0,2307672,130364,200080,5242680,5227.727,1452.368,0,0,0,0,1551,2158,1.780,1.520,0.860,3,0,26.896,0,0,18,34,6,26,0
24-04 14:27:31,20.956,4.491,71.850,0,0,2307672,130364,200080,5242680,7836.676,1690.479,0,151.684,0,1.996,1615,2152,1.780,1.520,0.860,3,0,24.948,0,0,18,34,6,26,0
24-04 14:27:32,14.264,12.763,72.322,0.751,0,2246784,243284,200252,5191824,5055.004,1621.605,1933.915,24.024,77.076,4.004,2299,3321,1.780,1.520,0.860,2,0,135.134,0,0,18,34,6,21,0
24-04 14:27:33,16.985,17.735,63.446,0,0,2254272,235784,200252,5191856,4755.934,1456.754,0,0,0,0,5205,8623,1.720,1.510,0.870,3,0,216.815,0,0,18,34,6,21,0
24-04 14:27:34,2.750,2.500,93.243,0,0,2254752,235052,200252,5192060,4853.626,1619.875,215.983,0,9.999,0,1670,2541,1.720,1.510,0.870,1,0,25.998,0,0,18,34,6,21,0
24-04 14:27:35,2.506,1.253,96.492,0,0,2254752,235052,200252,5192060,5421.597,1624.073,0,0,0,0,959,1659,1.720,1.510,0.870,0,0,3.008,0,0,18,34,6,19,0
24-04 14:27:36,1.497,0.748,96.528,0,0,2254752,235052,200252,5192060,7117.594,1454.647,0,3.991,0,0.998,1031,1757,1.720,1.510,0.870,1,0,2.993,0,0,18,34,6,19,0
24-04 14:27:37,1.755,0.501,96.750,0,0,2254752,235052,200252,5192060,5999.503,1624.197,0,204.529,0,2.005,980,1714,1.720,1.510,0.870,0,0,1.003,0,0,18,34,6,16,0
24-04 14:27:38,13.038,11.032,74.217,0,0,2204120,285632,200252,5192084,5229.259,1624.741,8.023,16.047,1.003,4.012,3550,6778,1.740,1.520,0.870,3,0,181.530,0,0,18,34,6,16,0
24-04 14:27:39,14.200,15.197,69.009,0.249,0,2250892,238684,200252,5192236,4749.410,1452.925,0,474.343,0,15.944,3903,8437,1.740,1.520,0.870,2,0,306.928,0,0,19,34,6,16,0
24-04 14:27:40,17.282,17.533,63.118,0.250,0,2258216,230480,200260,5193084,5634.548,1861.485,673.260,8.015,34.064,2.004,5799,10347,1.740,1.520,0.870,3,0,261.490,0,0,19,34,6,16,0
24-04 14:27:41,6.243,4.245,88.395,0.499,0,2256500,232184,200260,5193064,6171.680,1765.906,0,3048.385,0,384.544,2510,3126,1.740,1.520,0.870,1,0,117.860,0,0,19,34,6,15,0
24-04 14:27:42,17.547,15.291,65.676,0,0,2268536,220068,200260,5193108,6170.537,1536.117,0,0,0,0,5414,11942,1.740,1.520,0.870,2,0,212.570,0,0,21,36,6,15,0
24-04 14:27:43,10.245,17.741,71.712,0,0,2264880,223712,200260,5193124,5489.118,1713.101,0,39.979,0,8.995,3679,6858,1.680,1.510,0.870,1,0,367.807,0,0,21,36,6,10,0
24-04 14:27:44,16.482,16.482,66.426,0,0,2265396,223164,200260,5193500,5800.544,1692.117,0,47.947,0,11.987,4773,8210,1.680,1.510,0.870,2,0,307.658,0,0,21,36,6,10,0
24-04 14:27:45,27.017,21.513,51.782,0,0,2309280,179216,200272,5193208,5909.705,1621.016,0,156.098,0,7.004,4782,11052,1.680,1.510,0.870,3,0,532.334,0,0,21,36,6,10,0
24-04 14:27:46,31.990,21.493,45.735,0,0,2364864,122788,200340,5193916,5225.307,1457.528,11.996,451.854,2.999,12.996,3848,6128,1.680,1.510,0.870,3,0,543.824,0,0,21,36,6,10,0
24-04 14:27:47,35.535,24.023,38.538,0.250,0,2387316,159144,200348,5136144,7981.774,1621.579,36.035,5925.772,3.003,495.483,6781,12459,1.680,1.510,0.870,3,0,232.226,0,0,21,40,6,12,0
24-04 14:27:48,45.512,11.938,42.279,0,0,2515328,141120,200364,5028896,5080.434,1685.188,27.854,0,2.984,0,2278,3410,1.710,1.520,0.880,2,0,161.157,0,0,21,40,6,12,0
24-04 14:27:49,23.999,4.000,70.998,0,0,2558800,131364,200468,4995884,5506.846,1531.957,4.000,0,1.000,0,1966,3400,1.710,1.520,0.880,3,0,5.000,0,0,21,40,6,12,0
24-04 14:27:50,24.067,6.518,66.436,3.259,0,2643852,136616,201004,4906540,8105.672,1789.004,465.301,13798.595,57.160,803.247,4444,7123,1.710,1.520,0.880,6,0,6.017,0,0,21,42,6,12,0
24-04 14:27:51,26.039,7.762,52.328,12.268,0,2643068,121008,201024,4922896,6772.050,1460.167,8.012,36077.539,2.003,3356.982,16943,30249,1.710,1.520,0.880,3,0,4.006,0,0,21,42,6,12,0
24-04 14:27:52,38.241,15.746,44.489,1.000,0,2764568,126324,201132,4796004,6261.491,1693.592,27.993,58657.863,2.999,872.790,9538,19099,1.710,1.520,0.880,5,0,69.983,0,0,22,73,6,24,0
24-04 14:27:53,11.764,17.770,68.329,0,0,2778592,124388,201132,4783916,6028.927,1621.864,0,544.626,0,33.038,3477,5843,1.570,1.490,0.870,1,0,357.411,0,0,22,73,6,24,0
24-04 14:27:54,12.751,19.252,67.757,0.250,0,2776944,131536,201132,4778780,5025.548,1458.159,0,460.050,0,29.003,4280,7584,1.570,1.490,0.870,1,0,380.041,0,0,22,73,6,24,0
24-04 14:27:55,31.960,13.733,53.433,0,0,2838372,123932,201136,4725056,5926.527,1617.960,3.995,2688.610,0.999,141.821,4705,8330,1.570,1.490,0.870,3,0,189.761,0,0,22,74,6,24,0
24-04 14:27:56,40.971,8.494,49.216,0.250,0,2942480,131732,201152,4613640,6820.239,1766.767,183.872,635.556,11.992,42.970,2422,4697,1.570,1.490,0.870,3,0,34.976,0,0,22,77,6,25,0
24-04 14:27:57,9.221,18.192,69.779,0.249,0,2950612,129232,201152,4608336,5346.053,1614.881,0,717.725,0,42.864,2960,4518,1.570,1.490,0.870,2,0,267.153,0,0,22,77,6,25,0
24-04 14:27:58,8.272,20.554,69.934,0,0,2954724,126000,201152,4607532,7654.100,1461.839,0,132.348,0,17.045,2915,4395,1.520,1.480,0.880,2,0,254.669,0,0,22,77,6,25,0
24-04 14:27:59,8.019,18.793,70.663,0.251,0,2954836,125860,201152,4607560,7440.179,1623.749,0,72.167,0,5.012,2739,4098,1.520,1.480,0.880,2,0,249.576,0,0,22,77,6,25,0
24-04 14:28:00,10.503,19.505,69.768,0,0,2954796,128816,201152,4604660,6069.560,1710.440,0,404.104,0,2.001,2883,4341,1.520,1.480,0.880,3,0,264.068,0,0,22,77,6,25,0
24-04 14:28:01,10.725,19.954,67.344,0,0,2957248,126332,201152,4604696,5984.159,1658.165,3.991,11.972,0.998,2.993,3385,5408,1.520,1.480,0.880,2,0,268.379,0,0,22,77,6,25,0
24-04 14:28:02,19.798,19.046,59.644,0.251,0,2961972,130160,201152,4596620,5157.414,1623.909,48.116,497.197,2.005,50.121,5074,9161,1.520,1.480,0.880,15,0,247.596,0,0,22,91,6,25,0
24-04 14:28:03,29.736,20.990,49.477,0,0,3008996,129904,201156,4550488,4216.082,1457.337,7.996,159.927,1.999,12.994,4409,9230,1.720,1.520,0.890,2,0,452.794,0,0,22,91,6,25,0
24-04 14:28:04,37.406,20.199,42.144,0,0,3064276,129996,201168,4496388,5497.114,1689.732,0,307.224,0,16.957,5033,9322,1.720,1.520,0.890,1,1,361.088,0,0,22,94,6,25,0
24-04 14:28:05,52.661,24.074,21.566,0,0,3214216,121752,201176,4356468,5404.522,1590.863,56.172,914.797,7.021,66.202,6430,13469,1.720,1.520,0.890,3,0,535.637,0,0,24,103,6,25,0
24-04 14:28:06,56.913,21.467,21.966,0.250,0,3329484,124768,201176,4240404,5050.293,1563.614,0,7708.237,0,586.106,6974,11407,1.720,1.520,0.890,4,0,356.456,0,0,24,107,6,25,0
24-04 14:28:07,59.821,19.442,19.691,0.249,0,3409920,127972,201180,4158112,6684.965,1615.159,0,6580.279,0,469.593,5093,13169,1.720,1.520,0.890,6,0,427.718,0,0,24,123,6,25,0
24-04 14:28:08,30.686,22.453,46.403,0,0,3466552,147680,201180,4083196,5056.477,1616.636,0,23.950,0,5.988,3297,5547,1.750,1.530,0.900,2,0,397.173,0,0,25,123,6,25,0
24-04 14:28:09,13.557,19.080,66.279,0,0,3482680,131636,201180,4083540,4552.128,1464.152,0,373.570,0,19.080,3874,7157,1.750,1.530,0.900,1,0,280.177,0,0,25,123,6,25,0
24-04 14:28:10,27.794,20.783,50.079,0,0,3500576,121204,201180,4075884,7293.436,1712.685,248.389,352.553,27.042,24.038,5294,12899,1.750,1.530,0.900,2,0,255.400,0,0,25,123,6,26,0
24-04 14:28:11,32.475,21.234,44.466,0,0,3551144,123316,201188,4023844,11775.110,1456.900,0,115.912,0,9.992,3470,5982,1.750,1.530,0.900,3,0,403.695,0,0,25,123,6,25,0
24-04 14:28:12,36.485,22.241,40.234,0.250,0,3630632,128876,201196,3939540,10713.607,1693.306,163.933,575.764,1.999,33.986,6880,17754,1.750,1.530,0.900,3,0,180.926,0,0,25,135,6,25,0
24-04 14:28:13,31.767,22.012,43.774,0.500,0,3695812,134796,201196,3868892,5985.226,1694.914,1116.602,184.099,57.031,22.012,3653,6222,1.770,1.540,0.910,3,0,438.236,0,0,25,137,6,24,0
24-04 14:28:14,31.476,24.731,42.967,0.250,0,3767104,128476,201196,3804928,11706.986,1618.754,131.898,6007.374,6.995,458.647,6711,12244,1.770,1.540,0.910,1,0,495.618,0,0,25,143,6,24,0
24-04 14:28:15,10.748,20.997,67.240,0,0,3774620,120712,201196,3805160,12077.273,1457.792,63.991,363.948,3.999,30.996,3486,5422,1.770,1.540,0.910,1,0,271.961,0,0,25,149,6,19,0
24-04 14:28:16,12.981,18.723,67.154,0,0.250,3776396,127912,201196,3796660,8408.950,1617.682,0,279.599,0,23.966,3718,6140,1.770,1.540,0.910,2,0,291.582,0,0,25,149,6,19,0
24-04 14:28:17,32.611,14.823,51.140,0.741,0,3821448,118404,201196,3760944,11687.648,1642.417,877.537,4937.135,14.823,417.028,5411,9271,1.770,1.540,0.910,4,0,183.808,0,0,25,149,6,19,0
24-04 14:28:18,46.947,7.824,44.675,0,0,3946712,124716,201112,3630040,10991.563,1635.559,1098.450,0,25.240,0,2082,2538,1.950,1.580,0.920,4,0,6.058,0,0,25,149,6,19,0
24-04 14:28:19,41.138,7.024,50.670,0,0,3898800,246660,200604,3557600,5687.092,1625.457,168.566,333.118,7.024,20.067,2383,3545,1.950,1.580,0.920,2,0,13.044,0,0,25,152,6,19,0
24-04 14:28:20,32.094,23.819,42.624,0,0,3979180,165996,200608,3557864,5084.822,1536.479,28.082,381.111,1.003,29.085,4212,8276,1.950,1.580,0.920,3,0,497.450,0,0,25,157,6,19,0
24-04 14:28:21,41.698,24.220,32.460,0.250,0,3979092,178756,200348,3545764,7985.051,1617.984,2492.894,475.408,48.939,32.959,6558,17359,1.950,1.580,0.920,4,0,450.439,0,0,25,169,6,19,0
24-04 14:28:22,60.901,20.467,17.472,0.250,0,4065980,123552,200276,3514660,8754.765,1617.370,119.805,595.032,6.989,43.929,5592,10818,1.950,1.580,0.920,8,0,166.729,0,0,25,176,5,19,0
24-04 14:28:23,75.842,19.524,3.755,0.501,0,4128208,146592,200304,3430776,4323.248,1459.772,1930.343,788.958,57.069,56.068,4022,8728,2.430,1.690,0.960,5,0,103.125,0,0,25,190,5,20,0
24-04 14:28:24,74.252,17.501,4.250,4.000,0,4218396,134076,200380,3353468,4517.140,1620.050,5440.169,16488.511,474.015,659.020,7057,13430,2.430,1.690,0.960,5,0,48.001,0,0,25,194,5,24,0
24-04 14:28:25,48.492,26.246,23.496,0.250,0,4234480,142656,200392,3329088,5190.149,1619.734,15.997,723.881,1.000,48.992,5890,12672,2.430,1.690,0.960,5,0,497.918,0,0,25,191,5,24,0
24-04 14:28:26,46.537,27.522,24.770,0,0,4252840,130348,200392,3323256,5700.572,1459.170,380.305,508.408,12.010,39.031,11866,36005,2.430,1.690,0.960,6,0,223.179,0,0,25,191,5,23,0
24-04 14:28:27,52.225,24.488,21.240,0.500,0,4291572,124748,200392,3290456,7307.544,1619.234,47.977,20046.518,5.997,693.672,4917,7811,2.430,1.690,0.960,4,0,504.761,0,0,25,196,5,23,0
24-04 14:28:28,57.504,21.251,20.251,0.250,0,4320776,133520,200404,3253420,5134.323,1662.105,1228.077,992.062,57.004,75.005,8158,18068,2.560,1.730,0.980,8,0,239.015,0,0,25,197,5,27,0
24-04 14:28:29,54.707,26.479,17.736,0,0,4394800,125560,200384,3189040,7301.305,1456.864,167.869,8641.260,18.985,688.463,7001,17029,2.560,1.730,0.980,7,0,498.611,0,0,25,199,5,27,0
24-04 14:28:30,58.750,22.500,18.250,0.500,0,4437180,123244,200372,3149840,6601.053,1694.014,316.003,5432.043,24.000,508.004,8184,19746,2.560,1.730,0.980,7,0,267.002,0,0,25,209,5,29,0
24-04 14:28:31,64.656,10.693,23.127,0,0,4515900,129008,200292,3067356,5722.579,1523.899,0,226.794,0,11.937,3224,5813,2.560,1.730,0.980,9,0,91.514,0,0,25,209,5,29,0
24-04 14:28:32,71.077,9.544,18.837,0.753,0,4618688,123508,200224,2972800,14270.717,6756.112,1257.792,4364.097,88.407,479.207,6935,15560,2.560,1.730,0.980,4,0,2.009,0,0,25,225,5,37,0
24-04 14:28:33,44.984,14.995,37.486,0.250,0,4582372,183028,200228,2950216,42077.600,12342.483,223.918,1435.475,12.995,178.935,6083,11183,2.510,1.730,0.980,4,0,276.899,0,0,25,228,5,37,0
24-04 14:28:34,33.902,20.690,44.372,0.249,0,4553960,210776,200228,2951224,5355.549,1615.340,79.770,809.664,9.971,62.819,5958,13220,2.510,1.730,0.980,7,0,513.518,0,0,25,229,5,37,0
24-04 14:28:35,51.451,19.827,28.612,0,0,4662068,121704,200232,2932688,6453.154,1463.706,16.063,473.847,3.012,22.086,3835,9562,2.510,1.730,0.980,5,0,225.880,0,0,26,233,5,37,0
24-04 14:28:36,65.038,9.433,23.334,0.993,0,4729380,118868,200232,2869752,6135.432,1608.577,1632.408,655.346,126.105,43.690,4113,6285,2.510,1.730,0.980,8,0,8.937,0,0,26,232,5,38,0
24-04 14:28:37,60.143,12.834,25.668,0.755,0,4808960,126676,199836,2783532,5392.233,1705.141,901.893,10335.532,76.500,977.386,7112,9494,2.510,1.730,0.980,5,0,127.835,0,0,26,235,5,40,0
24-04 14:28:38,28.507,8.252,61.266,0.500,0,4850504,120108,199788,2748872,19628.044,4972.278,16.004,676.174,4.001,48.012,2862,5088,2.550,1.750,0.990,5,0,98.025,0,0,26,235,5,40,0
24-04 14:28:39,23.857,4.970,69.085,0.249,0,4762276,220128,199776,2737384,5482.037,1781.289,3.976,950.286,0.994,79.522,3830,7085,2.550,1.750,0.990,1,0,37.773,0,0,26,235,6,40,0
24-04 14:28:40,7.288,2.764,86.199,0,0,4768928,200996,199776,2749864,13488453.821,72252.580,0,402.096,0,23.121,4881,3339,2.550,1.750,0.990,2,0,1.005,0,0,26,236,6,40,0
24-04 14:28:41,9.205,12.439,76.376,0.498,0,4770204,188864,199776,2760720,8513066.435,33442.034,2125.578,310.478,27.863,16.917,4431,4325,2.550,1.750,0.990,2,0,181.112,0,0,26,235,6,40,0
24-04 14:28:42,21.653,7.805,69.742,0,0,4821844,137208,199776,2760736,5041.594,1748.343,0,1679.860,0,111.789,2479,3930,2.550,1.750,0.990,1,0,79.562,0,0,26,239,6,40,0
24-04 14:28:43,27.211,2.996,68.152,0.499,0,4831520,126876,199776,2761396,5004.833,1753.489,487.302,651.068,9.986,73.894,3551,7960,2.430,1.740,0.990,4,0,3.994,0,0,26,253,6,41,0
24-04 14:28:44,25.862,2.984,67.889,0.497,0,4847444,124940,199760,2747696,5226.202,1450.286,481.439,453.587,26.857,43.767,4047,8048,2.430,1.740,0.990,4,0,0.995,0,0,26,255,6,41,0
24-04 14:28:45,26.385,5.026,67.847,0.251,0,4856588,120928,199756,2742552,5349.378,1702.714,8.041,486.490,2.010,44.226,4208,8254,2.430,1.740,0.990,4,0,1.005,0,0,26,258,6,48,0
24-04 14:28:46,20.463,13.725,60.391,1.497,0,4786100,211308,199656,2724016,5141.704,1764.809,47.913,38119.081,5.989,520.060,6146,9413,2.430,1.740,0.990,1,0,184.666,0,0,26,257,6,52,0
24-04 14:28:47,24.259,5.752,69.775,0.250,0,4836120,152448,200024,2732488,4887.755,1620.582,84.030,332.119,15.005,26.009,2030,3058,2.430,1.740,0.990,2,0,27.010,0,0,26,257,6,52,0
24-04 14:28:48,21.422,7.224,70.493,0,0,4814812,141380,201128,2761400,7580.392,1614.121,0,3184.402,0,59.782,1910,3105,2.390,1.750,1,3,0,9.964,0,0,26,257,6,50,0
24-04 14:28:49,25.417,5.788,66.688,0.252,0,4856540,126324,200720,2736132,7215.398,1467.641,8.053,885.819,1.007,48.317,14526,28438,2.390,1.750,1,1,0,8.053,0,0,26,261,6,51,0
24-04 14:28:50,22.944,4.489,70.828,0,0.249,4875612,129376,200368,2714892,6721.693,1616.079,0,195.526,0,10.973,1785,2901,2.390,1.750,1,2,0,0,0,0,26,261,6,51,0
24-04 14:28:51,22.817,6.018,70.205,0,0,4868980,135772,200368,2715128,8985.201,1624.738,0,8990.215,0,30.088,4295,7818,2.390,1.750,1,5,0,3.009,0,0,26,261,6,52,0
24-04 14:28:52,23.693,5.736,68.087,0.499,0,4794300,223828,200184,2702520,5742.282,1616.139,255.390,706.313,34.917,63.847,2723,4230,2.390,1.750,1,3,0,24.940,0,0,26,261,6,42,0
24-04 14:28:53,22.537,15.275,61.851,0,0,4839672,178068,200200,2702876,4968.128,1622.655,184.302,0,19.031,0,3384,6060,2.280,1.730,1,4,0,425.696,0,0,26,261,6,42,0
24-04 14:28:54,20.274,7.259,71.085,0,0,4809628,207916,200200,2703072,5701.825,1607.925,4.005,440.527,1.001,24.029,2439,3768,2.280,1.730,1,1,0,117.140,0,0,26,261,6,41,0
24-04 14:28:55,10.961,17.687,69.753,0.249,0,4813104,204300,200200,2703212,5911.081,1614.287,0,414.533,0,32.884,3874,6418,2.280,1.730,1,2,0,366.702,0,0,26,261,6,41,0
24-04 14:28:56,6.491,7.989,84.134,0,0,4811368,206000,200200,2703248,5750.099,1617.777,3.995,171.764,0.999,18.974,2589,4372,2.280,1.730,1,0,0,187.742,0,0,26,265,6,40,0
24-04 14:28:57,16.269,3.003,79.591,0,0,4850428,166940,200200,2703248,4991.736,1459.677,0,0,0,0,1636,2554,2.280,1.730,1,1,0,11.013,0,0,26,265,6,40,0
24-04 14:28:58,25.299,4.008,69.634,0,0,4812424,204856,200200,2703336,7648.739,1623.128,64.124,284.548,4.008,24.046,3133,5562,2.180,1.720,1,2,0,27.052,0,0,26,269,6,41,0
24-04 14:28:59,11.995,16.742,69.719,0.500,0,4816748,200224,200204,2703640,10181.408,1619.270,3.998,303.863,1.000,28.987,3753,6070,2.180,1.720,1,1,0,270.878,0,0,26,271,6,41,0
24-04 14:29:00,12.739,15.486,69.938,0,0,4815860,200824,200204,2703928,4966.605,1456.711,19.982,115.897,2.997,7.993,3442,5618,2.180,1.720,1,3,0,237.790,0,0,26,271,6,41,0
24-04 14:29:01,20.983,7.993,70.941,0.500,0,4859328,157164,200204,2704120,5442.494,1692.599,3.997,143.881,0.999,11.990,2412,3700,2.180,1.720,1,2,0,102.915,0,0,26,271,6,41,0
24-04 14:29:02,24.943,5.238,68.093,0.499,0,4908856,127756,200052,2684604,5429.490,1616.276,431.007,9941.096,11.972,586.648,2880,3415,2.180,1.720,1,5,0,1.995,0,0,26,275,6,41,0
24-04 14:29:03,26.561,2.506,70.411,0.251,0,4833032,203448,200052,2684736,5290.125,1623.722,96.221,441.011,6.014,32.074,2329,3700,2.080,1.710,1,3,0,7.016,0,0,26,275,6,41,0
24-04 14:29:04,26.004,2.500,71.010,0,0,4896724,139692,200052,2684800,4853.704,1458.211,52.008,184.027,6.001,13.002,1864,2590,2.080,1.710,1,2,0,2.000,0,0,26,275,6,41,0
24-04 14:29:05,25.130,4.230,69.666,0,0,4918124,127380,199876,2676124,5705.647,1612.271,0,13037.498,0,93.552,3276,5634,2.080,1.710,1,2,0,1.990,0,0,26,281,6,42,0
24-04 14:29:06,27.269,4.003,69.299,0,0,4850576,194924,199876,2676128,5561.943,1621.149,0,0,0,0,2024,2954,2.080,1.710,1,2,0,17.012,0,0,26,275,6,42,0
24-04 14:29:07,21.344,7.784,69.808,0.502,0,4821880,222264,199996,2677364,5186.890,1627.181,1486.560,574.535,24.106,41.182,2847,4458,2.080,1.710,1,1,0,119.527,0,0,26,275,6,42,0
24-04 14:29:08,15.039,15.039,68.679,0.501,0,4848036,195768,199996,2677716,5424.168,1461.818,300.786,2293.992,66.173,145.380,3964,6611,1.920,1.680,0.990,1,0,364.953,0,0,26,277,6,42,0
24-04 14:29:09,24.420,6.479,67.779,0.249,0,4850708,192484,200192,2678132,5259.837,1614.731,534.257,1838.003,25.915,102.665,2730,4434,1.920,1.680,0.990,1,0,91.701,0,0,26,277,6,42,0
24-04 14:29:10,29.471,7.243,61.939,0.250,0,4873884,168964,200208,2678376,4821.246,1618.404,195.807,31253.184,16.983,104.897,10464,21098,1.920,1.680,0.990,2,0,46.954,0,0,26,277,6,44,0
24-04 14:29:11,20.020,2.252,76.076,0,0,4856696,185808,200264,2678660,19598.618,5531.537,44.044,408.409,8.008,15.015,1967,2928,1.920,1.680,0.990,1,0,0,0,0,26,278,6,43,0
24-04 14:29:12,24.664,5.232,67.764,0.249,0,4887644,153300,200412,2680072,11097.337,1688.119,0,502.250,0,17.938,9493,18899,1.920,1.680,0.990,2,0,5.979,0,0,26,278,6,43,0
24-04 14:29:13,18.844,9.296,69.848,0,0,4825344,215860,200416,2679808,6119.450,1640.161,4.020,261.300,1.005,11.055,2360,3815,1.840,1.670,1,2,0,105.525,0,0,26,277,6,43,0
24-04 14:29:14,18.724,11.484,68.903,0,0,4862132,178968,200416,2679912,11459.922,1691.627,79.888,183.742,4.993,8.987,2750,4490,1.840,1.670,1,4,0,167.765,0,0,26,277,6,43,0
24-04 14:29:15,25.145,3.734,69.709,0.249,0,4885184,155532,200420,2680292,10451.386,1613.268,51.784,466.055,2.988,34.855,2726,5138,1.840,1.670,1,3,0,0,0,0,26,277,6,46,0
24-04 14:29:16,20.834,8.534,70.032,0,0,4857724,182972,200420,2680312,5843.538,1548.236,8.032,40.162,1.004,3.012,2372,3531,1.840,1.670,1,1,0,114.461,0,0,26,277,6,46,0
24-04 14:29:17,25.245,4.749,68.487,0.250,0.250,4821660,219020,200420,2680328,12080.741,1661.689,0,143.973,0,13.997,2710,4563,1.840,1.670,1,1,0,14.997,0,0,26,277,6,47,0
24-04 14:29:18,22.502,6.501,71.006,0,0,4879648,161032,200420,2680328,10059.865,1694.146,0,48.004,0,4.000,2125,3330,1.770,1.660,1,2,0,64.006,0,0,26,277,6,47,0
24-04 14:29:19,25.508,5.002,68.522,0,0,4835000,205648,200420,2680360,5775.837,1694.539,0,228.073,0,27.009,2869,5893,1.770,1.660,1,2,0,56.018,0,0,26,277,6,47,0
24-04 14:29:20,27.999,3.750,67.749,0,0,4883208,157320,200420,2680480,5330.904,1531.972,0,2055.963,0,320.994,3545,6302,1.770,1.660,1,4,0,2.000,0,0,26,281,6,48,0
24-04 14:29:21,27.998,4.750,65.996,0.250,0,4864908,175580,200420,2680520,6317.577,1619.891,23.998,139.991,3.000,7.999,2613,4282,1.770,1.660,1,1,0,33.998,0,0,26,277,6,49,0
24-04 14:29:22,26.016,4.002,68.541,0,0,4825032,215440,200420,2680536,4908.926,1695.010,0,516.308,0,67.040,3338,5938,1.770,1.660,1,3,0,33.020,0,0,26,277,6,50,0
24-04 14:29:23,25.127,3.732,70.156,0.498,0,4885000,155432,200420,2680576,5064.165,1612.094,0,1130.456,0,205.990,2546,3669,1.710,1.640,1,8,0,17.912,0,0,26,278,6,49,0
24-04 14:29:24,24.949,5.040,70.058,0,0,4862112,178236,200420,2680660,5452.456,1633.015,0,68.546,0,6.048,2553,4289,1.710,1.640,1,3,0,34.273,0,0,26,277,6,52,0
24-04 14:29:25,25.207,3.494,70.131,0,0,4889532,150796,200420,2680680,5283.035,1455.530,3.993,375.363,0.998,34.941,2751,5190,1.710,1.640,1,2,0,0,0,0,26,277,6,47,0
24-04 14:29:26,12.486,18.479,67.423,0,0,4832668,207500,200420,2680840,5728.435,1765.976,0,263.698,0,23.973,4416,7432,1.710,1.640,1,3,0,618.291,0,0,26,277,6,47,0
24-04 14:29:27,13.016,18.773,67.581,0,0,4832212,207796,200420,2681000,7400.888,1621.948,0,196.236,0,21.025,4425,7659,1.710,1.640,1,3,0,633.761,0,0,26,277,6,47,0
24-04 14:29:28,9.493,21.984,67.952,0,0,4834156,205820,200420,2681032,5251.282,1456.968,0,563.601,0,38.972,4472,7758,1.650,1.630,1,2,0,638.548,0,0,26,277,6,47,0
24-04 14:29:29,9.756,22.013,66.539,0.250,0,4832384,207556,200420,2681068,7623.467,1620.950,0,396.232,0,40.023,4877,8591,1.650,1.630,1,1,0,667.391,0,0,26,277,6,43,0
24-04 14:29:30,11.989,18.982,68.187,0,0,4836652,203252,200420,2681104,5464.945,1618.503,0,279.741,0,24.977,4349,7393,1.650,1.630,1,2,0,585.458,0,0,26,277,6,43,0
24-04 14:29:31,10.775,20.547,68.156,0,0,4833940,205932,200420,2681136,7121.343,1623.726,0,244.561,0,22.051,4373,7532,1.650,1.630,1,2,0,576.323,0,0,26,277,6,41,0
24-04 14:29:32,20.219,9.236,68.147,0.749,0,4838924,276616,200668,2613428,5132.250,1455.802,407.385,1617.557,57.913,16.974,15443,30241,1.650,1.630,1,2,0,46.929,0,0,26,277,6,41,0
24-04 14:29:33,26.106,2.238,70.114,0,0,4879468,231952,200668,2617100,4913.939,1611.128,0,0,0,0,1756,2670,1.600,1.620,1,3,0,2.984,0,0,26,277,6,33,0
24-04 14:29:34,13.833,2.012,82.241,0.503,0,4884916,225680,200700,2617828,21368.592,10994.649,571.412,2112.614,35.210,35.210,1854,2761,1.600,1.620,1,3,0,0,0,0,26,278,6,33,0
24-04 14:29:35,11.769,1.252,84.639,0.751,0,4884420,225428,200736,2618540,21138.667,12538.563,500.821,1258.063,46.076,46.076,2005,3142,1.600,1.620,1,1,0,0,0,0,26,278,6,33,0
24-04 14:29:36,17.207,1.995,79.304,0.998,0,4899648,209048,200768,2619728,22987.107,11248.161,1041.422,5330.806,54.864,199.506,2218,2910,1.600,1.620,1,4,0,0,0,0,26,278,6,33,0
24-04 14:29:37,17.360,1.984,77.625,1.240,0,4899512,208320,200820,2620508,21831.150,12546.934,654.726,1745.936,39.680,80.353,2203,3677,1.600,1.620,1,2,0,0,0,0,26,278,6,30,0
24-04 14:29:38,19.930,4.289,73.160,1.766,0,4899996,174024,201104,2652796,15303.033,5709.500,13421.058,1929.403,163.475,69.628,2446,3524,1.550,1.610,1,2,0,1.009,0,0,26,278,6,30,0
24-04 14:29:39,27.742,5.248,64.731,1.000,0,4917392,127640,201288,2680224,5446.399,1619.524,1267.627,2871.156,12.996,141.958,2754,4451,1.550,1.610,1,4,0,3.999,0,0,26,278,6,30,0
24-04 14:29:40,25.681,4.488,67.318,1.247,0,4908888,121292,201132,2693732,5478.182,1615.630,0,3570.342,0,144.609,2494,4053,1.550,1.610,1,5,0,0,0,0,26,278,6,31,0
24-04 14:29:41,26.640,5.477,67.968,0.249,0,4887340,154048,201136,2682168,6114.667,1786.598,386.399,2258.642,5.975,275.857,2298,3127,1.550,1.610,1,5,0,5.975,0,0,26,277,6,31,0
24-04 14:29:42,24.631,6.032,67.106,0,0,4881368,159052,201136,2683136,5327.283,1540.177,16.085,1652.775,1.005,14.075,9007,17594,1.550,1.610,1,2,0,13.069,0,0,26,277,6,31,0
24-04 14:29:43,23.615,7.209,67.863,0,0,4855172,185160,201136,2683224,5080.998,1704.272,0,119.319,0,7.955,9164,18108,1.510,1.600,1,4,0,12.926,0,0,26,277,6,31,0
24-04 14:29:44,24.730,4.795,70.657,0,0,4866132,174296,201136,2683128,6368.224,1709.902,0,565.257,0,8.075,2973,4998,1.510,1.600,1,2,0,54.507,0,0,26,277,6,30,0
24-04 14:29:45,24.264,6.437,67.591,0,0,4894128,146288,201136,2683140,8179.301,1443.930,0,0,0,0,9386,18275,1.510,1.600,1,2,0,10.894,0,0,26,277,6,30,0
24-04 14:29:46,27.156,7.543,63.363,0,0,4904384,135924,201136,2683248,6801.004,1629.344,0,1633.367,0,7.040,14432,29217,1.510,1.600,1,1,0,14.081,0,0,26,275,6,22,2
24-04 14:29:47,24.576,3.511,69.465,0.251,0,4864304,176104,201136,2683148,5056.630,1625.023,0,421.302,0,23.071,1964,3043,1.510,1.600,1,1,0,14.043,0,0,26,275,6,22,2
24-04 14:29:48,23.444,5.237,70.332,0,0,4840864,199524,201136,2683168,11584.302,1454.522,0,0,0,0,1994,2919,1.470,1.590,1,2,0,43.895,0,0,26,275,6,18,2
24-04 14:29:49,23.039,8.765,66.362,0,0,4847704,178636,201416,2695472,6300.629,1622.738,8.014,1029.737,2.003,23.039,15966,30897,1.470,1.590,1,3,0,61.103,0,0,26,275,6,18,2
24-04 14:29:50,25.019,2.502,70.804,0,0,4882980,139112,201500,2699116,6052.630,1695.297,0,1136.870,0,15.011,1876,2935,1.470,1.590,1,1,0,3.002,0,0,26,275,6,17,2
24-04 14:29:51,15.989,1.499,81.942,0.500,0,4894996,126792,201508,2699352,27115.775,12874.872,0,1295.082,0,42.970,1907,2957,1.470,1.590,1,2,0,0,0,0,26,276,6,17,2
24-04 14:29:52,12.410,1.489,83.645,0.745,0,4895072,126316,201516,2699644,53023.429,13504.310,31.770,1648.078,1.986,82.404,2344,3606,1.470,1.590,1,1,0,0,0,0,26,277,5,16,2
24-04 14:29:53,12.253,2.001,82.772,0.750,0,4903788,128640,201372,2689060,124233.667,13013.527,0,1312.356,0,55.015,2061,3087,1.430,1.580,1,7,0,0,0,0,26,277,5,16,2
24-04 14:29:54,17.322,1.506,80.335,0.251,0,4905276,126932,201444,2689172,25083.447,14514.438,0,1333.553,0,49.205,1953,2980,1.430,1.580,1,0,0,0,0,0,26,277,5,16,2
24-04 14:29:55,14.280,1.754,81.424,0.752,0,4907340,124216,201644,2689560,270814.376,19656.909,0,2028.324,0,87.186,2302,3173,1.430,1.580,1,2,0,0,0,0,26,277,5,16,2
24-04 14:29:56,14.718,1.497,82.073,0.998,0,4907104,123712,201880,2689924,121374.438,19559.849,127.725,2334.968,10.976,108.766,2300,3404,1.430,1.580,1,1,0,0,0,0,26,277,5,16,2
24-04 14:29:57,12.184,4.227,79.320,0.995,0,4889804,135336,201928,2695864,7179742.515,52887.561,135.267,7268.633,1.989,59.677,4063,4087,1.430,1.580,1,2,0,4.973,0,0,26,277,5,16,2
24-04 14:29:58,19.521,3.754,75.332,1.001,0.250,4896796,127064,202400,2695772,954472.603,14943.213,28.030,3852.180,2.002,98.106,2552,3594,1.400,1.570,1,4,0,1.001,0,0,26,277,5,16,2
24-04 14:29:59,22.253,6.501,69.008,1.000,0,4899976,123356,205452,2690952,8177.940,1512.174,0,5036.579,0,114.013,2434,3766,1.400,1.570,1,2,0,0,0,0,26,277,5,16,2
24-04 14:30:00,23.603,4.017,69.301,0.753,0,4916720,129732,206148,2668876,5215.678,1701.398,0,2603.319,0,109.476,2262,3515,1.400,1.570,1,1,0,0,0,0,26,277,5,15,2
24-04 14:30:01,24.662,4.235,69.999,0.996,0,4916488,129280,206624,2667232,5509.238,1526.524,0,2662.450,0,107.614,2242,3494,1.400,1.570,1,2,0,0,0,0,26,277,5,15,2
24-04 14:30:02,23.594,5.271,70.028,0.753,0,4902784,131900,208048,2675288,5556.035,1626.451,0,2811.149,0,74.295,2168,3328,1.400,1.570,1,5,0,0,0,0,26,277,5,15,2
24-04 14:30:03,20.062,7.523,70.216,0.502,0,4912204,163136,208732,2633424,11168.343,4313.263,20.062,131540.487,3.009,637.962,3274,3917,1.280,1.550,0.990,3,0,0,0,0,26,275,5,15,2
24-04 14:30:04,24.768,3.753,70.801,0,0,4894440,179512,208816,2634772,5109.689,1459.053,0,4.003,0,1.001,4062,7618,1.280,1.550,0.990,3,0,10.007,0,0,26,275,5,15,2
24-04 14:30:05,23.094,5.215,69.034,0,0,4880200,193612,208824,2634904,5003.193,1609.127,0,91.383,0,2.980,6337,12345,1.280,1.550,0.990,2,0,8.940,0,0,26,275,5,15,2
24-04 14:30:06,23.688,6.982,68.570,0,0,4904864,168920,208824,2634932,5854.632,1615.759,0,841.790,0,158.584,8894,17315,1.280,1.550,0.990,2,0,11.969,0,0,26,275,5,14,2
24-04 14:30:07,24.482,4.497,69.950,0.250,0,4880500,192044,208856,2636136,9243.345,1530.898,167.879,3097.770,3.997,51.963,2170,3555,1.280,1.550,0.990,2,0,5.996,0,0,26,275,5,14,2
24-04 14:30:08,26.882,7.034,65.822,0.502,0,4897876,172280,208924,2638236,4892.956,1627.971,506.480,140865.678,12.059,540.647,4709,8440,1.260,1.540,0.990,2,0,3.015,0,0,26,276,5,14,2
24-04 14:30:09,26.284,3.755,65.836,0.501,0,4904364,165184,208924,2638844,4982.522,1622.123,256.336,765.001,15.020,85.111,4189,8518,1.260,1.540,0.990,1,0,0,0,0,26,284,5,19,2
24-04 14:30:10,30.756,6.251,61.512,1.000,0,4916860,163952,208804,2628176,5160.037,1458.293,1104.222,1596.321,80.016,211.042,4923,12166,1.260,1.540,0.990,5,0,36.007,0,0,26,286,5,21,2
24-04 14:30:11,15.494,14.495,65.725,1.250,0,4865036,214988,208804,2628964,11900.525,1619.391,595.776,4766.208,29.989,351.868,4845,8279,1.260,1.540,0.990,2,0,210.921,0,0,26,284,5,22,2
24-04 14:30:12,13.926,15.418,68.883,0.497,0,4887592,191208,208804,2630204,8267.940,1611.413,1273.215,2307.702,50.730,302.389,3347,4881,1.260,1.540,0.990,2,0,226.791,0,0,26,284,5,23,2
24-04 14:30:13,11.809,4.522,71.606,10.301,0,4865784,170164,208808,2673052,5854.077,2652.173,42989.529,2737.598,3336.573,68.339,8626,9666,1.240,1.530,1,1,0,15.075,0,0,26,285,5,23,2
24-04 14:30:14,3.000,1.250,94.235,0,0,4865788,170164,208808,2673048,16572.365,3157.498,0,147.976,0,11.998,1698,2715,1.240,1.530,1,0,0,0,0,0,26,285,5,23,2
24-04 14:30:15,4.500,1.250,93.008,0,0,4865524,170164,208824,2673264,91698.253,4105.369,152.014,204.018,2.000,9.001,1675,2586,1.240,1.530,1,1,0,2.000,0,0,26,285,5,23,2
24-04 14:30:16,6.999,2.500,88.234,0.500,0,4847524,185320,209220,2675760,53875.464,119738.806,2883.490,447.921,42.992,1.000,1858,2879,1.240,1.530,1,1,0,24.996,0,0,26,284,5,20,2
24-04 14:30:17,4.485,2.243,90.953,0,0,4847524,185320,209220,2675760,11450.659,1614.734,0,470.466,0,12.958,1781,2908,1.240,1.530,1,1,0,5.980,0,0,26,284,5,20,2
24-04 14:30:18,2.509,1.254,94.580,0,0,4847524,185320,209220,2675760,8612.056,1625.674,0,0,0,0,1434,2433,1.140,1.500,0.990,0,0,1.004,0,0,26,284,5,19,2
24-04 14:30:19,4.000,0.500,93.999,0,0,4847520,185320,209220,2675764,5474.962,1457.990,0,259.998,0,26.000,1681,2880,1.140,1.500,0.990,0,0,0,0,0,26,284,5,19,2
24-04 14:30:20,3.753,1.001,92.572,0.500,0,4847516,185320,209220,2675768,5062.959,1621.268,0,424.332,0,47.037,1760,3000,1.140,1.500,0.990,1,0,0,0,0,26,284,5,19,2
24-04 14:30:21,3.498,2.999,91.209,0.250,0,4841616,191184,209220,2675804,5713.412,1619.266,15.993,411.813,1.000,57.974,1959,3356,1.140,1.500,0.990,1,0,0,0,0,26,284,5,19,2
24-04 14:30:22,6.718,2.239,87.834,0.249,0,4841500,191184,209220,2675920,6134.969,1451.133,0,342.380,0,34.835,3228,5932,1.140,1.500,0.990,1,0,0,0,0,26,284,5,17,2
24-04 14:30:23,6.535,2.262,90.478,0,0,4841936,190708,209220,2675960,4894.884,1628.612,0,124.659,0,8.043,1859,2931,1.210,1.510,1,2,0,0,0,0,26,284,5,19,2
24-04 14:30:24,2.486,0.249,93.706,0,0,4841936,190708,209220,2675960,6648.386,1684.218,0,0,0,0,1545,2659,1.210,1.510,1,1,0,0,0,0,26,284,5,18,2
24-04 14:30:25,2.751,0.750,94.526,0,0,4841936,190708,209220,2675960,6328.715,1458.395,0,312.085,0,19.005,1416,2534,1.210,1.510,1,1,0,0,0,0,26,284,5,16,2
24-04 14:30:26,3.265,0.502,94.440,0,0,4841936,190708,209220,2675960,6090.393,1627.588,0,56.262,0,7.033,1371,2306,1.210,1.510,1,0,0,0,0,0,26,284,5,16,2
24-04 14:30:27,3.731,0.995,93.275,0.249,0,4841932,190708,209220,2675964,5156.732,1504.337,0,278.581,0,17.909,1520,2577,1.210,1.510,1,3,0,0,0,0,26,284,5,16,2
24-04 14:30:28,2.765,0.251,94.266,0,0,4842176,190460,209220,2675968,7701.148,1574.618,0,40.220,0,2.011,1419,2457,1.190,1.500,1,0,0,1.006,0,0,26,284,5,16,2
24-04 14:30:29,5.248,1.499,91.710,0,0,4842172,190460,209220,2675972,18007.131,5088.776,0,195.914,0,21.990,1890,3161,1.190,1.500,1,1,0,0,0,0,26,284,5,16,2
24-04 14:30:30,3.251,1.501,93.039,0.500,0,4842172,190460,209220,2675972,5535.341,1620.686,0,268.113,0,25.011,1660,2902,1.190,1.500,1,0,0,0,0,0,26,284,5,16,2
24-04 14:30:31,2.736,0.497,94.013,0,0,4842168,190460,209220,2675976,6380.915,1685.262,0,167.133,0,18.902,1657,2913,1.190,1.500,1,1,0,0,0,0,26,284,5,16,2
24-04 14:30:32,2.512,0.502,93.452,0,0,4842168,190460,209220,2675976,7311.365,1535.427,0,96.467,0,12.058,1544,2632,1.190,1.500,1,0,0,0,0,0,26,284,5,16,2
24-04 14:30:33,4.008,1.754,93.196,0.251,0,4843300,189312,209224,2675980,5104.735,1623.414,0,8085.003,0,75.158,1821,3148,1.100,1.480,0.990,1,0,0,0,0,26,284,5,16,2
24-04 14:30:34,3.232,0,93.715,0,0,4843292,189312,209224,2675988,4922.871,1610.796,0,298.296,0,11.932,1604,2800,1.100,1.480,0.990,1,0,0,0,0,26,284,5,16,2
24-04 14:30:35,3.497,1.249,93.928,0,0.250,4843292,189312,209224,2675988,4850.285,1456.884,0,3.997,0,0.999,1409,2464,1.100,1.480,0.990,1,0,0,0,0,26,284,5,16,2
24-04 14:30:36,2.512,1.005,94.445,0.251,0,4843292,189312,209224,2675988,5764.132,1627.661,0,176.832,0,11.052,1493,2578,1.100,1.480,0.990,1,0,0,0,0,26,284,5,16,2
24-04 14:30:37,4.250,0.500,93.508,0,0,4843284,189312,209224,2675996,4766.400,1620.136,0,404.034,0,41.003,1779,3128,1.100,1.480,0.990,0,0,0,0,0,26,284,5,16,2
24-04 14:30:38,3.501,0.750,93.284,0.250,0,4843280,189312,209224,2676000,4946.796,1458.529,4.001,104.038,1.000,12.004,1551,2727,1.010,1.450,0.990,1,0,1.000,0,0,26,284,5,16,2
24-04 14:30:39,7.994,3.747,86.185,0.250,0,4852848,176996,209224,2679028,6215.301,1618.776,2729.936,10919.745,23.982,217.835,2610,3889,1.010,1.450,0.990,0,0,3.997,0,0,26,284,5,16,2
24-04 14:30:40,6.000,1.250,90.506,0,0,4851924,176996,209224,2679952,4736.327,1512.104,0,88.006,0,7.000,1866,3094,1.010,1.450,0.990,1,0,0,0,0,26,284,5,17,2
24-04 14:30:41,6.000,2.250,89.248,0.500,0,4844028,186100,209224,2678744,5903.900,1639.972,0,235.996,0,23.000,1995,3359,1.010,1.450,0.990,0,0,0,0,0,26,284,5,16,2
24-04 14:30:42,3.257,0.752,94.699,0.251,0,4844028,186100,209224,2678744,5948.498,1697.567,0,1783.748,0,275.579,1695,2559,1.010,1.450,0.990,1,0,0,0,0,26,284,5,16,2
24-04 14:30:43,2.994,0.998,94.047,0.249,0,4844028,186100,209224,2678744,4540.193,1508.741,0,359.224,0,26.942,1518,2659,1.010,1.440,0.990,0,0,0,0,0,26,284,5,16,2
24-04 14:30:44,4.003,1.001,94.318,0,0,4844024,186100,209224,2678748,4569.317,1641.192,0,120.087,0,13.009,1415,2526,1.010,1.440,0.990,1,0,0,0,0,26,284,5,16,2
24-04 14:30:45,2.748,0.750,94.443,0,0,4844024,186100,209224,2678748,5668.599,1619.029,0,0,0,0,1471,2506,1.010,1.440,0.990,0,0,0,0,0,26,284,5,16,2
24-04 14:30:46,3.000,1.000,94.496,0,0,4844024,186100,209224,2678748,5636.752,539.976,0,0,0,0,1422,2378,1.010,1.440,0.990,0,0,0,0,0,26,284,5,16,2
24-04 14:30:47,9.210,3.485,85.632,0.249,0,4851712,177816,209376,2679160,225529.127,5719.429,541.673,147.367,11.949,12.944,1940,2912,1.010,1.440,0.990,3,0,19.914,0,0,26,284,5,16,1
24-04 14:30:48,11.248,4.249,82.984,0,0,4876236,153108,209396,2679324,346376.110,10022.036,151.970,3.999,5.999,1.000,2019,2945,1.090,1.450,0.990,2,0,27.995,0,0,26,284,5,16,1
