"pcp-dstat 5.3.6 CSV Output"
"Author:","PCP team <pcp@groups.io> and Dag Wieers <dag@wieers.com>",,,,"URL:","https://pcp.io/ and http://dag.wieers.com/home-made/dstat/"
"Host:","ubuntu",,,,"User:","ubuntu"
"Cmdline:","dstat -tcmndrylpg --tcp --output /tmp/devstack_logs/dstat-csv.log",,,,"Date:","17 Mar 2025 18:56:40 UTC"
"system","total usage",,,,,"memory usage",,,,"net/total",,"dsk/total",,"io/total",,"system",,"load avg",,,"procs",,,"paging",,"tcp sockets",,,,
"time","total usage:usr","total usage:sys","total usage:idl","total usage:wai","total usage:stl","used","free","buf","cach","net/total:recv","net/total:send","dsk/total:read","dsk/total:writ","read","writ","int","csw","1m","5m","15m","run","blk","new","in","out","lis","act","syn","tim","clo"
17-03 18:56:40,,1030716,892260,180680,5673568,,,,,,,1.700,1.090,0.630,3,0,,,,9,6,6,12,1
17-03 18:56:41,41.485,22.742,33.238,1.000,0,1044208,854952,180840,5694680,1683172.325,25030.889,0,6433.658,0,177.935,4467,6509,1.700,1.090,0.630,3,0,523.809,0,0,9,4,6,12,2
17-03 18:56:42,50.720,22.487,26.234,0.500,0,1037980,832944,181620,5719600,18672.815,3948.635,0,3805.720,0,159.904,3453,7814,1.700,1.090,0.630,4,0,411.753,0,0,9,4,6,12,2
17-03 18:56:43,33.948,17.473,46.429,0.998,0,1113408,726764,182876,5870576,12814.407,2564.080,0,3282.980,0,110.831,3796,12047,1.700,1.090,0.630,2,0,134.794,0,0,10,5,6,11,2
17-03 18:56:44,27.809,8.518,62.634,0.251,0,1088340,765624,182932,5857008,18291.106,3383.233,0,380.814,0,12.026,1652,2123,1.700,1.090,0.630,2,0,108.231,0,0,10,4,6,11,0
17-03 18:56:45,37.488,15.495,46.485,0,0,1106556,746032,182968,5858284,11381.369,1661.470,79.974,1963.374,1.000,22.993,9603,18063,1.730,1.110,0.640,2,0,201.936,0,0,10,4,5,13,0
17-03 18:56:46,44.246,8.249,46.246,0.250,0,1170760,680272,183008,5859484,7814.265,1619.848,0,2083.804,0,16.998,9059,17753,1.730,1.110,0.640,2,0,14.999,0,0,10,4,5,13,0
17-03 18:56:47,36.477,7.745,46.221,8.495,0,1170948,674324,183040,5865084,14458.833,1565.008,0,21498.370,0,1833.837,8777,15695,1.730,1.110,0.640,2,1,49.968,0,0,10,6,5,13,0
17-03 18:56:48,27.253,8.251,56.756,8.251,0,1053280,787876,183060,5868920,12697.321,1620.168,0,37339.883,0,2910.303,12207,21357,1.730,1.110,0.640,1,0,114.012,0,0,10,4,5,13,0
17-03 18:56:49,20.262,6.254,71.043,0.750,0,1114500,726644,183060,5868932,6781.096,1620.979,0,8092.888,0,418.253,2814,3873,1.730,1.110,0.640,1,0,50.030,0,0,10,4,5,13,0
17-03 18:56:50,24.205,1.996,73.614,0.250,0,1056712,784428,183060,5868932,11562.655,1509.214,0,766.585,0,25.952,1036,1185,1.670,1.100,0.640,4,0,9.982,0,0,10,4,5,13,0
17-03 18:56:51,21.296,4.009,72.656,1.002,0,1132960,708168,183060,5868944,9293.973,1623.489,0,4966.673,0,282.607,1979,2648,1.670,1.100,0.640,1,0,2.004,0,0,10,4,5,13,0
17-03 18:56:52,20.714,5.990,72.623,0,0,1058956,782164,183060,5868952,13510.316,1617.165,0,127.776,0,10.981,1351,1613,1.670,1.100,0.640,2,0,59.895,0,0,10,4,5,13,0
17-03 18:56:53,8.746,18.991,70.968,0,0,1061956,779136,183060,5868980,12730.271,1619.271,0,15.993,0,2.999,2544,3566,1.670,1.100,0.640,1,0,279.874,0,0,10,4,5,13,0
17-03 18:56:54,10.511,19.520,68.821,0,0,1062392,778536,183060,5869128,7022.247,1695.750,0,28.029,0,7.007,2406,3356,1.670,1.100,0.640,2,0,259.268,0,0,10,4,5,13,0
17-03 18:56:55,14.761,16.012,66.548,0,0,1065212,775612,183060,5869484,14450.506,1641.193,0,12.009,0,3.002,3741,8424,1.610,1.100,0.640,1,0,185.135,0,0,10,4,5,13,0
17-03 18:56:56,40.753,13.251,45.003,0,0,1185116,655608,183060,5869632,14278.014,1512.107,0,40434.871,0,124.009,2743,3610,1.610,1.100,0.640,2,0,134.010,0,0,10,5,5,13,0
17-03 18:56:57,49.242,2.999,48.242,0.250,0,1246528,591680,183136,5871868,9683.344,1693.710,0,2227.619,0,34.994,1261,3598,1.610,1.100,0.640,3,0,0,0,0,10,5,5,13,0
17-03 18:56:58,15.217,10.477,72.840,0,0,1258212,578848,183176,5872764,12963.558,1616.454,0,1189.390,0,39.912,1957,3420,1.610,1.100,0.640,1,0,117.742,0,0,10,4,5,14,0
17-03 18:56:59,0.250,0.750,97.779,0.250,0,1258212,578848,183176,5872764,6137.798,1620.475,0,412.121,0,25.007,673,1059,1.610,1.100,0.640,1,0,1.000,0,0,10,4,5,14,0
17-03 18:57:00,20.509,4.752,73.532,0,0,1332716,504284,183204,5872764,15218.681,1620.711,0,0,0,0,1449,1585,1.560,1.100,0.650,1,0,24.011,0,0,10,4,5,14,0
17-03 18:57:01,28.229,4.996,65.702,0,0,1362352,474380,183204,5872984,11874.320,1692.763,0,13082.437,0,50.963,1892,4740,1.560,1.100,0.650,2,0,34.974,0,0,10,10,5,15,0
17-03 18:57:02,21.988,5.247,71.210,0.999,0,1288904,547760,183212,5873020,6681.238,1713.036,0,3534.010,0,327.815,3408,5609,1.560,1.100,0.650,2,0,43.975,0,0,10,4,5,16,0
17-03 18:57:03,23.303,2.506,72.414,0.251,0,1328660,507748,183212,5873220,14051.856,1687.826,68.155,4674.597,17.039,159.361,1892,2592,1.560,1.100,0.650,1,0,1.002,0,0,10,16,6,16,0
17-03 18:57:04,21.966,4.493,72.637,0.250,0,1315624,520408,183216,5873472,11630.926,1691.372,163.746,1321.946,40.936,24.961,1639,2196,1.560,1.100,0.650,1,0,46.927,0,0,10,28,6,16,0
17-03 18:57:05,19.507,8.503,72.276,0,0,1284576,551440,183216,5873484,13359.769,1620.579,0,8.003,0,2.001,1768,2476,1.520,1.100,0.650,2,0,99.035,0,0,10,28,6,17,0
17-03 18:57:06,42.347,9.021,48.110,0,0,1404408,431572,183216,5873504,10366.750,1697.890,0,34134.201,0,79.181,1925,2697,1.520,1.100,0.650,2,0,61.140,0,0,10,29,6,17,0
17-03 18:57:07,48.247,17.749,32.498,0.250,0,1373296,462460,183216,5873708,11892.191,1619.890,0,1187.919,0,28.998,4477,9964,1.520,1.100,0.650,5,0,444.970,0,0,10,28,6,18,0
17-03 18:57:08,82.069,15.466,2.744,0,0,1574444,261112,183216,5873904,12021.553,1658.352,0,159.649,0,15.965,3596,6343,1.520,1.100,0.650,5,0,140.690,0,0,10,31,6,18,0
17-03 18:57:09,76.661,12.526,9.771,0,0,1421416,413912,183216,5874120,6501.680,1589.344,0,954.007,0,59.124,4061,10401,1.520,1.100,0.650,3,0,205.432,0,0,10,29,6,18,0
17-03 18:57:10,27.989,7.747,63.226,0.250,0,1348880,486424,183220,5874140,6224.628,1713.347,0,395.849,0,41.984,2621,4548,1.480,1.100,0.650,1,0,111.957,0,0,10,28,6,18,0
17-03 18:57:11,21.986,4.997,72.454,0.250,0,1303588,531888,183220,5874164,12013.420,1618.978,0,14007.161,0,466.706,3036,3855,1.480,1.100,0.650,4,0,56.964,0,0,10,28,6,19,0
17-03 18:57:12,21.970,4.244,73.150,0,0,1362272,473200,183220,5874168,9665.768,1617.785,0,2376.746,0,19.973,1370,1821,1.480,1.100,0.650,3,0,12.982,0,0,10,28,6,19,0
17-03 18:57:13,13.753,15.004,69.518,0,0,1303560,531752,183220,5874324,13078.309,1620.410,0,336.085,0,28.007,2876,4424,1.480,1.100,0.650,3,0,197.050,0,0,10,28,6,20,0
17-03 18:57:14,8.256,21.266,68.553,0,0,1304632,530676,183220,5874328,5852.501,1621.247,0,316.243,0,12.009,2514,3233,1.480,1.100,0.650,3,0,324.249,0,0,10,28,6,19,0
17-03 18:57:15,65.629,22.544,10.771,0,0,1504976,330288,183220,5874368,11869.335,1623.191,0,845.663,0,61.120,2846,4598,1.840,1.180,0.680,5,0,526.034,0,0,10,28,6,19,0
17-03 18:57:16,81.554,10.724,7.731,0,0,1544056,291028,183220,5874584,9796.420,1454.499,0,65163.152,0,199.520,5980,14113,1.840,1.180,0.680,6,0,31.923,0,0,10,30,6,23,0
17-03 18:57:17,84.152,9.267,5.259,0.250,0,1477988,357040,183220,5874636,6342.435,1622.926,0,456.824,0,48.087,3181,6501,1.840,1.180,0.680,5,0,124.224,0,0,10,28,6,23,0
17-03 18:57:18,79.742,14.749,5.499,0,0,1544364,290036,183220,5875216,12508.737,1693.829,0,3015.695,0,115.988,7649,15307,1.840,1.180,0.680,5,0,186.981,0,0,10,31,6,23,0
17-03 18:57:19,61.179,9.739,27.968,0,0,1424500,409692,183220,5875412,9232.327,1692.044,0,551.363,0,22.973,4242,9083,1.840,1.180,0.680,2,0,181.790,0,0,10,29,6,26,0
17-03 18:57:20,40.789,10.510,48.546,0,0,1408236,425944,183220,5875424,6408.062,1621.534,0,324.307,0,28.027,2639,3991,1.850,1.190,0.690,2,0,102.097,0,0,10,28,6,26,0
17-03 18:57:21,41.975,16.490,40.476,0,0,1336284,497720,183220,5875600,13097.129,1619.027,0,803.517,0,30.981,4604,9436,1.850,1.190,0.690,4,0,377.773,0,0,10,28,6,29,0
17-03 18:57:22,66.306,8.007,25.271,0,0,1483964,349824,183220,5875776,9813.263,1621.365,0,244.206,0,8.007,2813,4668,1.850,1.190,0.690,7,0,6.005,0,0,10,30,6,28,0
17-03 18:57:23,68.496,15.999,15.999,0.250,0,1448076,385648,183220,5875840,12303.262,1457.913,0,551.967,0,43.997,3947,8351,1.850,1.190,0.690,5,0,265.984,0,0,10,28,6,29,0
17-03 18:57:24,69.734,9.498,20.245,0,0,1544832,288684,183220,5876044,12330.152,1619.626,0,283.934,0,20.995,5541,12774,1.850,1.190,0.690,6,0,0,0,0,10,30,6,31,0
17-03 18:57:25,63.575,18.021,18.272,0,0,1457760,375704,183220,5876088,8428.963,1696.005,0,352.417,0,26.031,2580,5140,1.940,1.220,0.700,4,0,330.391,0,0,10,28,6,32,0
17-03 18:57:26,58.196,12.738,28.723,0.250,0,1321916,511272,183220,5876360,12040.874,1618.505,0,503.535,0,49.954,4118,11482,1.940,1.220,0.700,4,0,298.724,0,0,10,28,6,35,0
17-03 18:57:27,66.362,8.233,25.447,0,0,1489196,343972,183220,5876376,9445.307,1616.629,0,219.542,0,9.979,2135,3463,1.940,1.220,0.700,3,0,5.988,0,0,10,30,6,36,0
17-03 18:57:28,57.505,16.502,26.002,0,0,1413880,419080,183220,5876576,8217.756,1620.149,0,328.030,0,28.003,4668,9928,1.940,1.220,0.700,4,0,293.027,0,0,10,28,6,37,0
17-03 18:57:29,62.848,8.513,29.045,0.250,0,1431708,400744,183220,5877084,12378.360,1622.538,0,436.683,0,38.060,4326,9304,1.940,1.220,0.700,5,0,21.033,0,0,10,28,6,39,0
17-03 18:57:30,62.991,12.248,24.247,0.250,0,1487820,344412,183220,5877300,10614.503,1499.789,0,2767.610,0,168.976,2480,3403,2.030,1.250,0.710,4,0,97.986,0,0,10,30,6,35,0
17-03 18:57:31,56.527,17.759,24.512,0,0,1394768,437268,183220,5877492,11458.534,1620.783,0,1504.727,0,54.026,5641,11552,2.030,1.250,0.710,5,0,412.199,0,0,10,28,6,37,0
17-03 18:57:32,83.011,15.502,2.000,0.250,0,1595736,236236,183220,5877540,13628.840,1620.219,0,528.071,0,31.004,3872,7126,2.030,1.250,0.710,8,0,210.028,0,0,10,29,6,37,0
17-03 18:57:33,82.004,15.501,1.750,0,0,1507112,324608,183220,5877788,5734.275,1620.078,0,908.044,0,52.002,3805,7253,2.030,1.250,0.710,7,0,297.014,0,0,10,28,6,37,0
17-03 18:57:34,77.996,16.999,3.750,0,0,1527136,304372,183220,5877996,13239.312,1619.916,0,487.975,0,37.998,5811,11182,2.030,1.250,0.710,7,0,224.988,0,0,10,29,6,37,0
17-03 18:57:35,67.676,19.229,10.988,0,0,1491568,339708,183220,5878220,8730.423,1766.063,0,235.741,0,10.988,6161,13384,2.190,1.300,0.730,5,0,504.447,0,0,10,29,6,37,0
17-03 18:57:36,29.921,26.181,43.636,0,0,1303676,527392,183220,5878428,6224.666,1689.567,0,247.351,0,13.963,3832,8540,2.190,1.300,0.730,2,0,628.351,0,0,10,28,6,37,0
17-03 18:57:37,8.512,21.780,68.594,0.250,0,1305860,525196,183220,5878440,15777.568,1622.218,0,428.586,0,12.016,2552,3248,2.190,1.300,0.730,3,0,319.437,0,0,10,28,6,34,0
17-03 18:57:38,46.107,31.323,21.801,0,0,1436516,394500,183220,5878476,13374.095,1535.570,0,833.939,0,65.151,3313,6781,2.190,1.300,0.730,9,0,899.090,0,0,10,28,6,34,0
17-03 18:57:39,73.056,22.517,3.503,0,0,1506376,324540,183220,5878544,14116.757,1621.235,0,572.436,0,52.040,5367,11203,2.190,1.300,0.730,6,0,414.316,0,0,10,28,6,35,0
17-03 18:57:40,82.937,15.238,1.749,0,0,1478380,352180,183220,5878900,14942.673,1618.773,0,403.694,0,27.979,3351,6855,2.490,1.370,0.760,11,0,253.808,0,0,10,30,6,35,0
17-03 18:57:41,83.994,13.749,1.250,0,0,1572716,257784,183224,5878948,6558.567,1619.893,0,183.988,0,7.999,3532,7877,2.490,1.370,0.760,6,0,118.992,0,0,10,31,6,35,0
17-03 18:57:42,81.003,15.501,3.000,0,0,1624884,205204,183232,5879352,12998.442,1736.059,0,2144.073,0,91.003,7669,16433,2.490,1.370,0.760,4,0,38.001,0,0,10,32,6,35,0
17-03 18:57:43,81.497,15.249,4.000,0,0,1590756,239012,183244,5879608,9393.615,1735.929,0,1707.930,0,57.998,4414,13032,2.490,1.370,0.760,6,0,70.997,0,0,10,28,6,37,0
17-03 18:57:44,82.505,15.001,2.750,0,0,1624456,205248,183244,5879672,11502.633,1694.093,0,220.012,0,14.001,4210,9500,2.490,1.370,0.760,7,0,109.006,0,0,10,30,6,37,0
17-03 18:57:45,77.337,11.226,11.476,0.249,0,1626548,202500,183300,5880260,133867.076,8586.916,0,1081.722,0,37.920,5521,16190,2.530,1.400,0.770,5,0,72.847,0,0,10,34,6,38,0
17-03 18:57:46,70.306,11.009,17.764,0,0,1556096,272132,183436,5880848,153253.683,9885.849,0,1617.284,0,73.058,7868,21583,2.530,1.400,0.770,6,0,123.098,0,0,10,31,6,38,0
17-03 18:57:47,83.099,13.266,3.254,0,0,1566216,261548,183580,5881076,34320.979,7586.058,0,1401.674,0,68.081,3359,8027,2.530,1.400,0.770,7,0,161.192,0,0,10,31,6,36,0
17-03 18:57:48,77.243,11.499,9.999,0,0,1556248,270736,183716,5881664,63766.452,7843.318,0,1315.886,0,63.994,5999,12604,2.530,1.400,0.770,6,0,103.991,0,0,10,31,6,36,1
17-03 18:57:49,86.016,11.252,2.751,0.250,0,1606336,220108,183792,5881988,17359.246,5837.092,0,6877.286,0,191.036,5238,12453,2.530,1.400,0.770,7,0,39.007,0,0,10,30,6,36,0
17-03 18:57:50,77.771,14.754,6.252,0,0,1555184,270852,183872,5882296,27167.362,6800.843,0,2876.780,0,79.021,6602,12357,2.730,1.460,0.790,6,0,191.052,0,0,10,30,6,36,0
17-03 18:57:51,82.462,11.995,5.248,0,0,1540472,283636,183992,5884024,339887.671,10608.152,0,1411.355,0,56.974,5287,9026,2.730,1.460,0.790,8,0,109.950,0,0,10,31,6,36,0
17-03 18:57:52,81.764,14.252,4.251,0,0,1512708,311004,184040,5884240,17227.998,4002.696,0,796.139,0,38.007,6741,14458,2.730,1.460,0.790,5,0,46.008,0,0,10,32,6,36,0
17-03 18:57:53,83.498,12.250,4.000,0,0,1475060,341460,184368,5890504,1426165.477,21344.573,0,2407.952,0,61.999,3931,10902,2.730,1.460,0.790,7,0,132.997,0,0,10,30,6,36,0
17-03 18:57:54,83.670,13.987,2.997,0,0,1545248,268052,184548,5892964,18089.797,4085.115,0,1158.898,0,34.967,4218,11732,2.730,1.460,0.790,6,0,120.885,0,0,10,30,6,36,0
17-03 18:57:55,79.823,12.762,6.005,0,0,1549532,263212,184648,5893332,21276.404,4132.769,0,876.800,0,47.043,5328,12977,2.990,1.540,0.820,7,0,130.119,0,0,10,32,6,36,0
17-03 18:57:56,79.249,11.750,7.750,0,0,1479640,332640,184720,5893664,21163.683,5838.912,0,919.986,0,51.999,4540,10948,2.990,1.540,0.820,6,0,163.998,0,0,10,31,6,36,0
17-03 18:57:57,78.516,12.503,8.502,0,0.250,1576368,235200,184848,5894172,55905.740,6250.313,0,1252.263,0,62.013,4499,7826,2.990,1.540,0.820,5,0,99.021,0,0,10,31,6,36,0
17-03 18:57:58,76.988,14.748,7.999,0,0,1483444,327248,184936,5894760,40736.604,3658.426,0,843.868,0,46.993,5273,12651,2.990,1.540,0.820,5,0,172.973,0,0,10,30,6,36,0
17-03 18:57:59,67.496,9.250,22.749,0.250,0,1489576,320636,185060,5895024,85723.542,9502.506,0,1283.933,0,58.997,3215,5276,2.990,1.540,0.820,4,0,132.993,0,0,10,30,6,36,0
17-03 18:58:00,70.267,12.253,16.504,0,0,1485624,310900,185136,5908312,7123489.625,49678.320,0,948.235,0,45.011,6060,8553,3.070,1.580,0.840,4,0,84.021,0,0,10,30,6,37,0
17-03 18:58:01,68.154,14.480,14.979,0.499,0,1491820,260084,185344,5951380,22037490.988,113310.779,0,30201.295,0,172.756,8309,10267,3.070,1.580,0.840,6,0,157.777,0,0,10,31,6,38,0
17-03 18:58:02,62.325,10.763,25.781,0.501,0,1478164,263724,185508,5960740,6758665.916,32087.569,0,5646.787,0,101.122,4873,8022,3.070,1.580,0.840,6,0,110.132,0,0,10,31,6,39,0
17-03 18:58:03,76.997,13.499,9.500,0.250,0,1483544,248428,185652,5970076,2594846.016,15291.358,0,6679.719,0,67.997,4407,8161,3.070,1.580,0.840,7,0,77.997,0,0,10,33,6,37,0
17-03 18:58:04,77.748,15.250,6.750,0,0,1527832,202360,185760,5971668,5798.849,1619.958,0,747.981,0,50.999,4509,9270,3.070,1.580,0.840,4,0,165.996,0,0,10,34,6,37,0
17-03 18:58:05,80.252,15.000,4.750,0,0,1520044,200576,186452,5978732,12258.319,1620.042,0,1796.047,0,33.001,4965,10276,3.150,1.620,0.860,6,0,137.004,0,0,10,35,6,37,0
17-03 18:58:06,74.494,13.749,11.499,0,0,1408700,311012,186488,5979616,13515.865,1585.867,0,967.919,0,46.996,4147,10458,3.150,1.620,0.860,6,0,143.988,0,0,10,34,6,37,0
17-03 18:58:07,83.783,12.255,3.751,0,0,1544600,174572,186488,5980152,7221.809,1694.659,0,376.146,0,21.008,2737,5480,3.150,1.620,0.860,4,0,91.035,0,0,10,36,6,37,0
17-03 18:58:08,69.476,19.243,8.747,1.000,0,1428940,202256,187620,6061768,13735.303,1619.446,0,5806.014,0,244.916,5409,13598,3.150,1.620,0.860,6,0,291.900,0,0,10,34,6,40,0
17-03 18:58:09,60.250,15.250,23.750,0.500,0,1477008,130636,196960,6066652,8992.063,1566.011,0,14688.103,0,251.002,3718,7835,3.150,1.620,0.860,5,0,11.000,0,0,10,35,6,41,0
17-03 18:58:10,63.675,12.485,23.722,0.749,0,1472440,132416,198452,6063748,12362.462,1618.097,139.836,6800.003,9.988,46.945,2202,3032,3.140,1.640,0.870,5,0,38.954,0,0,10,34,6,42,0
17-03 18:58:11,63.073,11.764,24.278,0.501,0,1434756,189052,197780,6044812,6228.237,1621.885,1145.331,8085.395,32.037,361.420,11657,22929,3.140,1.640,0.870,3,0,78.091,0,0,10,34,6,42,0
17-03 18:58:12,60.034,13.508,25.765,0,0,1515936,131736,197368,6021376,6388.616,1620.917,520.294,2461.393,10.006,155.088,3332,5505,3.140,1.640,0.870,3,0,9.005,0,0,10,35,6,42,0
17-03 18:58:13,51.495,24.877,23.136,0,0,1383632,319176,197408,5968700,13102.157,1958.308,262.700,688.592,15.921,47.764,4081,7065,3.140,1.640,0.870,4,0,490.572,0,0,10,32,6,44,0
17-03 18:58:14,65.291,11.300,22.349,0,0,1494552,203780,197692,5972920,9165.806,1593.092,964.293,2069.212,15.067,25.112,4233,8639,3.140,1.640,0.870,8,0,57.255,0,0,10,33,6,44,0
17-03 18:58:15,62.501,21.250,15.750,0,0,1411808,277096,197692,5982336,11565.127,1620.018,168.002,776.009,5.000,18.000,5896,12114,3.130,1.670,0.880,3,0,423.005,0,0,10,32,5,44,0
17-03 18:58:16,45.985,19.244,32.490,0.750,0,1401644,285200,197820,5984488,9343.001,1619.480,1831.412,163187.617,69.978,592.810,5346,11327,3.130,1.670,0.880,2,0,353.886,0,0,10,32,5,44,0
17-03 18:58:17,30.685,18.960,49.145,0,0,1385848,300632,197820,5984852,14409.294,1562.670,195.583,215.541,4.989,12.972,2800,4813,3.130,1.670,0.880,1,0,349.256,0,0,10,33,5,44,0
17-03 18:58:18,18.036,8.767,72.142,0.250,0,1371924,314508,197820,5984900,14546.701,1623.203,0,340.672,0,27.053,1827,2512,3.130,1.670,0.880,2,0,101.200,0,0,10,32,5,40,0
17-03 18:58:19,21.452,4.240,72.587,0.249,0,1341248,345160,197820,5984924,7845.379,1616.370,0,307.310,0,28.935,1754,3272,3.130,1.670,0.880,1,0,16.962,0,0,10,32,5,41,0
17-03 18:58:20,18.773,8.260,73.090,0.250,0,1382972,303432,197820,5984928,5696.046,1513.873,0,228.282,0,12.015,1399,1739,2.950,1.650,0.880,2,0,80.099,0,0,10,32,5,38,0
17-03 18:58:21,23.521,3.253,72.565,0.250,0,1393008,293380,197824,5984940,11959.788,1621.463,4.004,476.430,1.001,21.019,2540,4661,2.950,1.650,0.880,2,0,0,0,0,10,32,5,38,0
17-03 18:58:22,21.456,4.241,72.849,0,0,1378580,307664,197824,5985084,9898.530,1616.657,0,195.596,0,11.975,1210,1551,2.950,1.650,0.880,3,0,31.934,0,0,10,32,5,35,0
17-03 18:58:23,22.290,4.508,72.630,0,0,1327152,359064,197824,5985112,12661.588,1622.895,0,236.422,0,12.021,2425,4334,2.950,1.650,0.880,3,0,31.055,0,0,10,32,5,35,0
17-03 18:58:24,21.223,4.494,73.406,0,0,1371888,314324,197824,5985116,9607.721,1691.838,0,151.806,0,8.989,1355,1828,2.950,1.650,0.880,1,0,26.966,0,0,10,33,5,34,0
17-03 18:58:25,17.744,9.497,72.227,0.250,0,1346496,339708,197824,5985124,13302.810,1639.484,0,231.927,0,19.994,2027,2720,2.800,1.640,0.880,3,0,92.971,0,0,10,32,5,35,0
17-03 18:58:26,22.249,3.000,72.996,0,0,1322740,363448,197824,5985140,13526.202,1619.904,0,323.981,0,22.999,1883,3166,2.800,1.640,0.880,3,0,5.000,0,0,10,32,5,32,0
17-03 18:58:27,17.690,9.717,72.755,0,0,1365852,320332,197824,5985144,6813.054,1580.676,0,502.308,0,31.893,1621,2113,2.800,1.640,0.880,2,0,95.678,0,0,10,32,5,32,0
17-03 18:58:28,17.335,8.542,72.104,0.251,0,1323236,362348,197824,5985744,6703.896,1627.989,192.947,196.967,2.010,25.123,2324,3937,2.800,1.640,0.880,1,0,94.464,0,0,10,32,5,26,0
17-03 18:58:29,23.713,2.746,73.385,0,0,1381896,303680,197824,5985752,12886.819,1617.467,0,183.712,0,8.986,1237,1796,2.800,1.640,0.880,2,0,2.995,0,0,10,32,5,26,0
17-03 18:58:30,22.295,4.509,72.398,0,0,1334408,351016,197824,5985904,10329.071,1623.312,0,260.531,0,20.041,2367,4315,2.570,1.620,0.880,1,0,30.061,0,0,10,32,5,24,0
17-03 18:58:31,22.472,3.496,73.158,0,0,1363284,322132,197824,5985912,16552.243,1691.878,0,199.750,0,9.987,1672,2375,2.570,1.620,0.880,3,0,1.997,0,0,10,33,5,25,0
17-03 18:58:32,15.756,12.754,69.524,0,0,1322248,362108,197824,5986972,9364.287,1620.569,0,164.058,0,10.004,3028,4969,2.570,1.620,0.880,3,0,176.062,0,0,10,32,5,25,0
17-03 18:58:33,19.272,20.273,58.316,0.250,0,1363880,320180,197964,5987128,12408.133,1794.043,180.205,744.848,8.009,36.041,2811,4076,2.570,1.620,0.880,2,0,310.353,0,0,10,32,6,27,0
17-03 18:58:34,42.763,6.502,49.015,1.500,0,1487612,194524,197976,5989016,8771.614,1586.473,152.045,4773.422,6.002,321.096,3035,4697,2.570,1.620,0.880,2,0,27.008,0,0,10,36,6,27,0
17-03 18:58:35,39.515,9.003,42.016,9.003,0,1427080,249192,198056,5994740,6059.321,1620.621,8.003,40427.484,2.001,3623.388,14700,28346,2.530,1.620,0.880,3,0,127.049,0,0,10,36,6,27,0
17-03 18:58:36,42.926,7.737,44.173,4.742,0,1448836,227024,198148,5995052,12111.024,1691.071,0,42937.632,0,3052.713,11687,19287,2.530,1.620,0.880,3,0,29.948,0,0,10,32,6,27,0
17-03 18:58:37,43.746,6.000,47.996,2.000,0,1426804,248980,198192,5995080,11881.038,1619.869,0,3335.730,0,608.951,4991,8064,2.530,1.620,0.880,3,0,6.000,0,0,10,34,6,27,0
17-03 18:58:38,39.300,9.011,45.808,5.507,0,1429068,246128,198288,5995572,8471.717,1664.105,0,14690.584,0,2201.785,13369,23477,2.530,1.620,0.880,2,0,52.066,0,0,10,32,6,27,0
17-03 18:58:39,25.193,4.490,70.092,0.249,0,1397372,277796,198300,5995588,14070.356,1732.104,0,2302.821,0,125.717,1601,2108,2.530,1.620,0.880,2,0,51.883,0,0,10,32,6,27,0
17-03 18:58:40,22.813,2.758,73.452,0.251,0,1349628,325396,198312,5995716,10093.778,1698.675,0,1323.643,0,83.229,1168,1551,2.410,1.610,0.880,1,0,3.008,0,0,10,32,6,26,0
17-03 18:58:41,22.180,3.738,72.769,0.249,0,1423908,251092,198316,5995736,12513.320,1580.987,0,5355.019,0,292.074,1788,2386,2.410,1.610,0.880,2,0,1.994,0,0,10,32,6,26,0
17-03 18:58:42,23.316,3.009,73.208,0.251,0,1355544,319436,198320,5995752,9516.981,1612.572,0,754.138,0,23.065,1059,1158,2.410,1.610,0.880,1,0,3.009,0,0,10,32,6,26,0
17-03 18:58:43,22.699,2.993,73.834,0,0,1417428,257552,198320,5995752,5624.373,1616.371,0,0,0,0,841,1141,2.410,1.610,0.880,2,0,3.991,0,0,10,32,6,26,0
17-03 18:58:44,22.998,3.250,72.494,0,0,1361576,312736,198320,5996416,11315.993,1619.856,595.947,0,15.999,0,983,1150,2.410,1.610,0.880,3,0,6.999,0,0,10,32,6,24,0
17-03 18:58:45,22.817,2.758,74.219,0,0,1429844,244468,198320,5996416,9079.813,1709.047,0,0,0,0,940,1126,2.290,1.600,0.880,1,0,4.012,0,0,10,32,6,24,0
17-03 18:58:46,22.486,2.748,73.704,0,0,1377448,296776,198320,5996504,5737.437,1618.995,0,0,0,0,834,1118,2.290,1.600,0.880,1,0,2.998,0,0,10,32,6,23,0
17-03 18:58:47,21.947,3.990,72.824,0.249,0,1388760,285424,198320,5996536,12565.666,1616.099,0,17449.876,0,272.343,1537,1257,2.290,1.600,0.880,4,0,2.993,0,0,10,32,6,23,0
17-03 18:58:48,24.807,1.754,72.917,0.251,0,1432400,241828,198328,5996884,9071.829,1589.650,501.151,749.721,4.009,38.087,1201,1553,2.290,1.600,0.880,1,0,2.005,0,0,10,32,6,23,0
17-03 18:58:49,22.224,2.996,73.913,0,0,1407296,266740,198328,5997076,13005.757,1638.080,0,0,0,0,974,1192,2.290,1.600,0.880,3,0,3.995,0,0,10,32,6,23,0
17-03 18:58:50,22.474,2.997,73.666,0,0,1389884,284128,198328,5997096,9194.527,1618.157,0,0,0,0,953,1065,2.190,1.590,0.890,3,0,2.997,0,0,10,32,6,23,0
17-03 18:58:51,21.779,4.005,73.849,0,0,1327812,346200,198328,5997096,6391.571,1622.175,0,0,0,0,962,1174,2.190,1.590,0.890,1,0,23.031,0,0,10,32,6,23,0
17-03 18:58:52,8.991,19.481,69.681,0,0,1335076,338788,198328,5997244,13020.019,1618.386,0,439.562,0,4.995,2554,3526,2.190,1.590,0.890,4,0,309.691,0,0,10,32,6,23,0
17-03 18:58:53,8.247,21.242,68.725,0,0,1340932,332916,198328,5997260,11690.745,1619.411,0,651.763,0,9.996,2586,3466,2.190,1.590,0.890,2,0,303.889,0,0,10,32,6,23,0
17-03 18:58:54,8.260,20.526,70.338,0.250,0,1339768,333752,198328,5997588,13797.357,1622.041,108.136,188.237,6.008,5.006,2516,3370,2.190,1.590,0.890,3,0,269.339,0,0,10,32,6,23,0
17-03 18:58:55,6.491,21.472,69.658,0,0,1342580,330900,198340,5997616,8631.641,1583.916,11.984,87.884,2.996,0.999,2537,3407,2.090,1.580,0.890,2,0,295.611,0,0,10,32,6,23,0
17-03 18:58:56,14.026,13.525,71.383,0.250,0,1361176,312148,198344,5997764,15381.687,1568.926,4.007,0,1.002,0,2036,2645,2.090,1.580,0.890,1,0,177.331,0,0,10,32,6,23,0
17-03 18:58:57,22.010,3.001,74.285,0,0,1434964,238376,198344,5997748,13263.167,1620.754,0,0,0,0,998,1110,2.090,1.580,0.890,3,0,2.001,0,0,10,32,6,23,0
17-03 18:58:58,24.023,2.002,73.319,0.250,0.250,1377992,295328,198344,5997768,8064.556,1621.519,0,548.514,0,40.038,1241,1652,2.090,1.580,0.890,1,0,3.003,0,0,10,32,6,23,0
17-03 18:58:59,23.104,2.981,73.783,0,0,1427876,245464,198344,5997748,6046.724,1609.810,0,35.774,0,3.975,892,1220,2.090,1.580,0.890,2,0,2.981,0,0,10,32,6,23,0
17-03 18:59:00,23.345,2.259,74.051,0,0,1385896,287436,198344,5997756,12424.518,1626.614,0,0,0,0,1017,1179,2.010,1.570,0.890,2,0,3.012,0,0,10,32,6,23,0
17-03 18:59:01,27.121,4.230,66.435,0,0,1324140,349176,198344,5997664,12564.344,1612.345,0,11.943,0,0.995,1589,3569,2.010,1.570,0.890,2,0,36.825,0,0,10,32,6,22,0
17-03 18:59:02,23.001,3.000,73.504,0,0,1395332,277436,198344,5998316,12368.618,1606.080,568.028,640.032,5.000,118.006,1276,1245,2.010,1.570,0.890,2,0,4.000,0,0,10,32,6,22,0
17-03 18:59:03,24.543,2.504,72.626,0,0,1348556,324192,198344,5998336,10633.492,1622.822,0,504.878,0,16.028,1235,1373,2.010,1.570,0.890,2,0,2.003,0,0,10,32,6,19,0
17-03 18:59:04,23.555,3.007,74.174,0,0.251,1426236,246520,198344,5998328,12089.422,1569.690,0,0,0,0,1011,1172,2.010,1.570,0.890,2,0,3.007,0,0,10,32,6,19,0
17-03 18:59:05,23.987,2.748,73.959,0,0.250,1368764,303980,198344,5998340,12025.350,1767.023,0,23.987,0,3.998,1024,1132,1.930,1.560,0.890,1,0,2.998,0,0,10,32,6,19,0
17-03 18:59:06,23.253,2.250,73.759,0,0,1423216,249552,198344,5998316,8501.003,1694.200,0,24.003,0,1.000,922,1106,1.930,1.560,0.890,1,0,2.000,0,0,10,32,6,19,0
17-03 18:59:07,23.251,3.750,73.252,0,0,1383492,289340,198344,5998252,6507.143,1620.036,0,1628.036,0,5.000,976,1169,1.930,1.560,0.890,1,0,3.000,0,0,10,32,6,18,0
17-03 18:59:08,22.870,2.734,73.333,0.249,0,1434412,238404,198352,5998260,12447.287,1684.431,0,628.430,0,41.763,1250,1662,1.930,1.560,0.890,2,0,1.989,0,0,10,32,6,18,0
17-03 18:59:09,22.287,3.506,73.871,0,0,1323648,349092,198352,5998336,12357.303,1514.488,0,12.020,0,1.002,1048,1244,1.930,1.560,0.890,2,0,5.008,0,0,10,32,6,14,0
17-03 18:59:10,23.025,2.753,73.831,0,0,1401988,270760,198352,5998328,13380.679,1621.779,0,0,0,0,999,1120,1.850,1.550,0.890,2,0,2.002,0,0,10,32,6,14,0
17-03 18:59:11,22.846,3.013,73.560,0,0,1342276,330452,198352,5998348,8707.703,1572.629,0,28.119,0,3.013,929,1042,1.850,1.550,0.890,1,0,3.013,0,0,10,32,6,12,0
17-03 18:59:12,23.011,3.252,74.286,0,0,1343124,329604,198352,5998348,13828.665,1694.817,0,80.039,0,2.001,1010,1132,1.850,1.550,0.890,2,0,3.001,0,0,10,32,6,12,0
17-03 18:59:13,22.250,3.250,73.749,0,0,1419476,253248,198352,5998348,9104.909,1693.983,0,0,0,0,948,1146,1.850,1.550,0.890,1,0,4.000,0,0,10,32,6,8,0
17-03 18:59:14,16.506,11.254,71.527,0,0,1336492,336220,198352,5998360,5980.255,1694.639,0,124.047,0,6.002,1626,2225,1.850,1.550,0.890,2,0,151.057,0,0,10,32,6,8,0
17-03 18:59:15,10.731,17.968,70.124,0,0,1349248,323444,198352,5998380,12136.276,1617.105,0,59.893,0,4.991,2234,2991,1.780,1.540,0.890,1,0,240.569,0,0,10,32,6,8,0
17-03 18:59:16,22.294,3.006,73.896,0,0,1421832,250680,198352,5998560,11898.511,1589.140,0,0,0,0,986,1213,1.780,1.540,0.890,1,0,2.004,0,0,10,32,6,8,0
17-03 18:59:17,21.500,4.500,74.249,0,0,1404232,268212,198352,5998628,7396.941,1619.987,0,60.000,0,3.000,1051,1322,1.780,1.540,0.890,1,0,11.000,0,0,10,32,6,8,0
17-03 18:59:18,20.502,8.751,69.507,0.250,0,1353528,318872,198352,5998668,12361.298,1620.170,4.000,568.060,1.000,40.004,1969,2818,1.780,1.540,0.890,2,0,143.015,0,0,10,32,6,8,0
17-03 18:59:19,9.479,20.205,69.846,0,0,1351580,320720,198352,5998768,9501.991,1562.545,0,95.788,0,3.991,2516,3456,1.780,1.540,0.890,2,0,296.345,0,0,10,32,6,8,0
17-03 18:59:20,9.010,20.272,69.075,0,0,1357936,314336,198352,5998796,12174.185,1769.917,0,96.104,0,4.004,2566,3426,1.640,1.520,0.890,2,0,301.326,0,0,10,32,6,8,0
17-03 18:59:21,9.478,20.702,67.844,0,0,1356492,315772,198352,5998804,11298.071,1616.291,0,179.588,0,2.993,2607,3599,1.640,1.520,0.890,2,0,313.281,0,0,10,32,6,7,0
17-03 18:59:22,8.509,20.021,69.823,0,0,1356400,315832,198352,5998832,7756.128,1621.700,0,452.474,0,8.008,2436,3263,1.640,1.520,0.890,3,0,274.287,0,0,10,32,6,7,0
17-03 18:59:23,11.019,20.284,67.364,0,0,1358492,313728,198352,5998844,12332.929,1514.570,0,1766.999,0,89.151,2966,4097,1.640,1.520,0.890,3,0,370.629,0,0,10,32,6,7,0
17-03 18:59:24,9.489,20.475,68.667,0.250,0,1354312,317916,198352,5998864,12246.256,1618.052,0,4330.786,0,173.791,2913,4122,1.640,1.520,0.890,1,0,290.650,0,0,10,32,6,7,0
17-03 18:59:25,8.760,20.775,68.832,0,0,1352496,319724,198352,5998872,6213.444,1621.943,0,616.739,0,7.008,2409,3222,1.670,1.520,0.890,2,0,279.335,0,0,10,32,6,6,0
17-03 18:59:26,7.989,21.220,69.401,0,0,1349668,322532,198352,5998892,12067.779,1617.692,0,551.213,0,5.991,2455,3186,1.670,1.520,0.890,3,0,267.618,0,0,10,32,6,6,0
17-03 18:59:27,9.249,19.497,70.239,0,0,1356732,315452,198352,5998908,10769.374,1565.764,0,95.986,0,3.999,2425,3287,1.670,1.520,0.890,2,0,268.959,0,0,10,32,6,6,0
17-03 18:59:28,10.257,19.012,70.046,0,0,1355108,317052,198352,5998932,16028.435,1695.104,0,104.068,0,6.004,2499,3294,1.670,1.520,0.890,2,0,271.177,0,0,10,32,6,6,0
17-03 18:59:29,8.745,19.739,69.211,0,0,1352568,319572,198352,5998952,12336.042,1585.106,0,331.813,0,8.995,2459,3326,1.670,1.520,0.890,2,0,272.846,0,0,10,32,6,6,0
17-03 18:59:30,27.067,26.315,45.363,0,0,1414192,257924,198352,5998976,6041.036,1624.042,0,573.427,0,38.095,3474,5709,1.860,1.570,0.910,4,0,556.385,0,0,10,32,6,8,0
17-03 18:59:31,67.483,28.243,3.249,0.250,0,1551588,137448,199128,5978336,12879.780,1619.595,763.809,3011.247,17.996,274.931,9487,6595,1.860,1.570,0.910,4,0,580.855,0,0,10,32,6,11,0
17-03 18:59:32,68.249,16.000,12.250,4.250,0,1630664,120104,198776,5916816,10003.800,1619.968,1123.978,28911.422,52.999,2119.958,9967,18820,1.860,1.570,0.910,3,1,113.998,0,0,10,38,6,13,0
17-03 18:59:33,58.777,15.007,15.257,10.755,0,1608504,150864,198684,5908748,5619.557,1662.757,688.313,85414.864,141.064,6389.907,20975,42256,1.860,1.570,0.910,5,1,182.083,0,0,10,36,6,9,0
17-03 18:59:34,55.466,16.490,15.990,10.743,0,1616216,155016,197648,5897836,11931.579,1618.993,983.388,88684.838,46.971,6536.934,24861,43397,1.860,1.570,0.910,2,1,101.937,0,0,10,36,6,10,0
17-03 18:59:35,47.733,14.245,24.741,11.746,0,1524128,239460,197720,5905480,8903.875,1619.432,119.958,53977.054,9.996,4432.444,18766,32440,2.030,1.610,0.930,4,0,216.924,0,0,10,34,6,10,0
17-03 18:59:36,36.024,9.506,40.778,11.508,0,1536548,220460,197840,5911848,12127.210,1641.111,304.206,58379.523,12.008,4299.911,19684,37081,2.030,1.610,0.930,1,0,118.080,0,0,10,35,6,13,0
17-03 18:59:37,36.767,10.005,41.769,10.505,0,1517996,234576,197896,5916200,10789.920,1586.724,44.020,59739.241,5.002,4788.183,20200,35620,2.030,1.610,0.930,1,1,95.043,0,0,10,34,6,14,0
17-03 18:59:38,38.745,7.999,42.245,10.249,0,1544072,208620,197896,5916064,7439.130,1619.810,7.999,58001.214,1.000,4816.436,21475,37550,2.030,1.610,0.930,2,0,29.996,0,0,10,35,6,18,0
17-03 18:59:39,38.989,9.747,41.488,10.497,0,1503476,247452,197928,5917764,15899.421,1619.534,0,50217.537,0,4527.696,21005,35072,2.030,1.610,0.930,2,0,116.966,0,0,10,34,6,20,0
17-03 18:59:40,39.990,8.748,40.740,10.997,0,1543544,205872,197952,5919240,10694.444,1619.613,0,53603.189,0,4525.918,19777,34321,2.270,1.660,0.950,2,0,40.990,0,0,10,35,6,20,0
17-03 18:59:41,40.211,8.492,40.461,7.243,0,1484024,263172,197980,5921428,11929.560,1660.408,0,42163.565,0,3943.218,16518,34615,2.270,1.660,0.950,2,1,77.925,0,0,10,34,6,25,0
17-03 18:59:42,37.728,7.995,41.726,10.244,0,1538028,205772,198020,5924744,12229.870,1619.056,0,59313.420,0,4747.232,15242,33849,2.270,1.660,0.950,5,0,58.966,0,0,10,36,6,25,0
17-03 18:59:43,36.681,8.734,45.914,7.985,0,1482208,257936,198064,5928216,13992.694,1616.960,0,47474.747,0,4341.837,21492,40186,2.270,1.660,0.950,3,0,70.867,0,0,10,36,6,28,0
17-03 18:59:44,36.139,10.039,39.652,11.544,0,1543304,191852,198072,5933060,12175.792,1580.072,570.191,54280.600,8.031,4562.534,21195,34338,2.270,1.660,0.950,2,0,160.617,0,0,10,36,6,28,0
17-03 18:59:45,38.919,7.734,45.156,7.734,0,1515924,221836,198076,5930392,8375.654,1616.652,0,48743.053,0,4239.221,19732,34296,2.330,1.690,0.960,5,0,59.876,0,0,10,36,6,29,0
17-03 18:59:46,39.566,7.512,47.830,4.507,0,1553848,185296,198080,5929024,6328.524,1622.699,0,45844.239,0,3846.397,15506,27981,2.330,1.690,0.960,3,0,33.055,0,0,10,34,5,30,0
17-03 18:59:47,30.208,14.729,54.174,0.499,0,1428368,310592,198080,5929208,14581.498,1617.725,23.966,1390.046,1.997,84.881,3832,3407,2.330,1.690,0.960,1,0,273.615,0,0,10,32,5,30,0
17-03 18:59:48,22.671,4.983,71.751,0,0,1394228,344712,198080,5929228,9587.778,1614.406,0,454.425,0,19.931,2176,3867,2.330,1.690,0.960,3,0,42.852,0,0,10,32,5,32,0
17-03 18:59:49,23.316,3.008,73.206,0.251,0,1437828,301040,198080,5929300,14257.148,1624.575,56.158,1042.937,3.008,64.181,1749,2898,2.330,1.690,0.960,2,0,3.008,0,0,10,33,5,32,0
17-03 18:59:50,12.762,16.765,68.812,0.250,0,1383860,354964,198080,5929344,9265.385,1621.467,0,2794.529,0,240.217,3201,4168,2.140,1.660,0.950,1,0,267.242,0,0,10,32,5,32,0
17-03 18:59:51,9.489,21.224,67.668,0,0,1385364,353332,198080,5929472,11312.335,1456.241,3.995,603.271,0.999,36.955,2625,3369,2.140,1.660,0.950,2,0,305.631,0,0,10,32,5,32,0
17-03 18:59:52,43.609,19.298,36.842,0.501,0,1473312,265216,198096,5929616,9990.897,1624.047,96.240,3384.434,4.010,218.545,3420,4995,2.140,1.660,0.950,3,0,306.764,0,0,10,32,5,38,0
17-03 18:59:53,67.002,8.000,24.751,0,0,1658180,121408,197936,5889300,8082.291,1620.058,16.001,940.034,1.000,45.002,1657,1731,2.140,1.660,0.950,3,0,6.000,0,0,10,32,5,38,0
17-03 18:59:54,53.482,9.747,29.740,5.498,0,1738000,127912,197284,5805120,6593.771,1693.428,3538.804,42729.557,112.962,2959.000,13494,20842,2.140,1.660,0.950,3,1,98.967,0,0,10,38,5,38,0
17-03 18:59:55,32.710,10.487,43.947,14.982,0,1743976,125472,197156,5802184,14832.963,1691.943,763.072,99814.625,16.979,7779.540,31407,53524,2.290,1.700,0.970,2,1,269.672,0,0,10,38,5,38,0
17-03 18:59:56,37.550,8.762,38.301,14.019,0,1745104,132084,196924,5794780,12215.234,1622.156,4.005,85625.797,1.001,6917.193,29075,51303,2.290,1.700,0.970,6,1,159.212,0,0,10,38,5,38,0
17-03 18:59:57,42.381,11.717,36.647,8.476,0,1657360,208888,196976,5805476,14108.327,1689.250,0,83445.352,0,6268.373,23104,42311,2.290,1.700,0.970,4,0,242.319,0,0,10,36,5,38,0
17-03 18:59:58,50.183,10.538,30.110,10.538,0,1721164,136632,197008,5813524,11031.231,1463.337,8.029,64278.423,1.004,4826.603,20827,34154,2.290,1.700,0.970,4,1,51.187,0,0,10,36,5,38,0
17-03 18:59:59,40.759,10.502,35.508,11.503,0,1637516,224136,196780,5809844,13920.174,1620.369,0,84867.350,0,6807.552,28325,47062,2.290,1.700,0.970,5,2,88.020,0,0,10,36,5,38,0
17-03 19:00:00,35.968,7.493,42.962,11.490,0,1636200,221776,196780,5813380,12989.608,1618.581,67.940,74902.311,11.989,6031.710,22955,39002,2.260,1.700,0.980,4,0,119.895,0,0,10,34,5,38,0
17-03 19:00:01,20.995,20.246,57.487,0,0,1407012,450612,196780,5814680,8722.072,1693.626,351.922,2563.433,3.999,155.966,3007,4699,2.260,1.700,0.980,4,0,280.938,0,0,10,32,5,38,0
17-03 19:00:02,25.499,5.000,69.748,0.250,0,1463612,393992,196780,5813736,13354.599,1713.949,0,4587.862,0,284.991,2197,3625,2.260,1.700,0.980,1,0,5.000,0,0,10,32,5,38,0
17-03 19:00:03,23.957,2.246,72.370,0.499,0,1502216,355016,196780,5814100,10435.300,1842.698,363.349,483.134,6.987,28.948,1533,2170,2.260,1.700,0.980,1,0,0,0,0,10,38,6,38,0
17-03 19:00:04,21.993,3.499,73.476,0,0,1407020,450204,196780,5814108,5986.019,1693.439,0,111.963,0,8.997,1215,1542,2.260,1.700,0.980,1,0,26.991,0,0,10,32,6,38,0
17-03 19:00:05,21.989,4.248,72.964,0.500,0,1471952,385272,196780,5814108,11611.299,1619.205,0,251.876,0,48.976,1064,1140,2.160,1.690,0.980,1,0,2.999,0,0,10,32,6,38,0
17-03 19:00:06,23.044,2.755,72.638,0,0,1391864,465344,196784,5814120,8085.330,1534.910,0,557.056,0,47.089,1338,1834,2.160,1.690,0.980,1,0,11.021,0,0,10,32,6,38,0
17-03 19:00:07,13.265,35.041,51.060,0.250,0,1401624,455512,196792,5814184,15207.747,1621.893,44.051,300.351,4.005,27.032,4780,7788,2.160,1.690,0.980,2,0,951.110,0,0,10,32,6,38,0
17-03 19:00:08,13.469,34.670,50.134,0,0,1404520,452524,196800,5814264,12133.021,1700.080,7.982,199.540,1.995,26.938,4919,8256,2.160,1.690,0.980,3,0,1057.561,0,0,10,32,6,38,0
17-03 19:00:09,2.998,7.495,87.190,0.500,0,1406016,446932,196800,5818356,8176.391,1692.839,4037.230,3.997,45.968,0.999,1413,1948,2.160,1.690,0.980,1,0,90.938,0,0,10,32,6,38,0
17-03 19:00:10,7.257,15.515,76.576,0.500,0,1404056,445776,196844,5821356,12322.310,1769.768,2914.912,0,55.055,0,2438,3063,2.230,1.710,0.990,1,0,191.191,0,0,11,12,6,38,20
17-03 19:00:11,8.508,20.769,69.063,0,0,1403212,446600,196844,5821376,8759.928,1621.467,36.033,20.018,2.002,5.005,2439,3407,2.230,1.710,0.990,2,0,262.237,0,0,11,12,6,38,20
17-03 19:00:12,16.183,17.926,64.732,0,0,1405080,444180,196844,5822248,13077.910,1613.327,342.583,15.934,18.922,3.984,4138,8760,2.230,1.710,0.990,2,0,184.238,0,0,11,12,6,38,20
17-03 19:00:13,22.809,20.303,56.396,0.501,0,1437824,410664,196860,5822512,9512.638,1515.926,48.125,352.914,3.008,7.018,3821,6274,2.230,1.710,0.990,2,0,470.218,0,0,13,12,6,38,20
17-03 19:00:14,16.251,16.251,64.503,0,0,1445428,402976,196860,5822764,11785.542,1566.072,0,12.001,0,3.000,3714,7461,2.230,1.710,0.990,4,0,191.009,0,0,13,12,6,38,20
17-03 19:00:15,21.523,20.021,58.061,0,0,1481540,365644,196860,5823716,9377.931,1621.717,928.984,20.021,13.014,4.004,3568,7303,2.130,1.700,0.990,4,0,419.444,0,0,15,12,6,38,20
17-03 19:00:16,13.731,16.727,66.409,0,0,1489408,357464,196860,5824284,6194.551,1659.736,0,679.074,0,37.948,4323,8417,2.130,1.700,0.990,1,0,209.714,0,0,15,12,6,38,20
17-03 19:00:17,48.882,16.043,34.092,0,0,1650032,196852,196892,5823936,8353.538,1624.383,0,176.476,0,4.011,3355,4932,2.130,1.700,0.990,13,0,127.344,0,0,17,12,6,38,20
17-03 19:00:18,83.999,15.500,0.500,0,0,1905512,136100,196496,5633508,13013.844,1693.980,0,4535.946,0,343.996,2795,3283,2.130,1.700,0.990,6,0,48.999,0,0,17,12,6,38,20
17-03 19:00:19,17.722,19.219,61.901,0,0,1917700,154456,196488,5603596,7546.902,1691.289,0,11.981,0,2.995,2717,4187,2.130,1.700,0.990,1,0,265.574,0,0,17,12,6,38,20
17-03 19:00:20,11.245,18.742,68.471,0,0,1919932,152140,196488,5603744,13219.395,1457.382,0,27.988,0,6.997,2768,4043,2.040,1.690,0.990,2,0,282.880,0,0,17,12,6,38,20
17-03 19:00:21,23.037,18.029,57.341,0,0,1943436,127552,196488,5604736,22075.033,1622.575,1245.977,4.006,24.038,1.002,5194,9446,2.040,1.690,0.990,2,1,206.327,0,0,17,12,6,38,20
17-03 19:00:22,15.219,2.495,81.335,0,0,1966196,133768,196232,5576584,13608.375,1616.718,59.878,383.222,1.996,2.994,1363,2065,2.040,1.690,0.990,2,0,15.968,0,0,18,12,6,38,20
17-03 19:00:23,18.253,9.002,72.013,0,0,2005096,125792,195976,5546684,13024.279,1620.284,12.002,56.010,3.001,5.001,2046,2785,2.040,1.690,0.990,3,0,93.016,0,0,18,12,6,39,20
17-03 19:00:24,24.498,4.250,70.245,1.000,0,2031000,124356,195980,5522784,6211.584,1619.891,287.981,3455.768,4.000,311.979,3380,5398,2.040,1.690,0.990,3,0,1.000,0,0,18,18,6,44,0
17-03 19:00:25,10.500,20.751,67.002,0,0,1987772,167504,195980,5522840,7235.232,1694.054,4.000,104.003,1.000,7.000,2938,4296,1.960,1.680,0.990,5,0,321.010,0,0,18,18,6,44,0
17-03 19:00:26,9.770,20.041,69.894,0.251,0,1994096,161112,195980,5522876,13710.174,1623.336,0,541.112,0,38.078,3199,4767,1.960,1.680,0.990,1,0,278.572,0,0,18,18,6,44,0
17-03 19:00:27,10.476,20.204,67.596,0,0,1989388,165804,195980,5522892,9506.373,1454.691,0,99.773,0,10.975,2946,4444,1.960,1.680,0.990,3,0,285.351,0,0,18,18,6,44,0
17-03 19:00:28,16.037,17.791,64.901,0,0,1999988,155004,195980,5523240,13028.252,1623.770,0,20.047,0,5.012,4227,6619,1.960,1.680,0.990,2,0,220.512,0,0,18,18,6,44,0
17-03 19:00:29,37.508,12.753,49.760,0.250,0,2054932,135844,195840,5488632,9620.011,1620.339,400.084,12.003,4.001,2.000,3696,5966,1.960,1.680,0.990,2,0,163.034,0,0,18,19,6,44,0
17-03 19:00:30,45.734,7.747,46.234,0,0,2166792,132160,195844,5382572,13178.519,1619.449,0,215.927,0,2.999,3400,5761,1.960,1.680,1,3,0,1.000,0,0,18,19,6,44,0
17-03 19:00:31,44.510,8.752,45.760,0,0,2233880,129388,195816,5319512,11404.509,1620.356,172.038,1100.242,2.000,77.017,4875,9623,1.960,1.680,1,2,0,9.002,0,0,18,35,6,40,0
17-03 19:00:32,19.949,13.715,63.838,0.249,0,2249768,124676,195816,5308568,7045.070,1615.888,7.980,183.533,1.995,12.967,2731,3965,1.960,1.680,1,2,0,200.490,0,0,18,34,6,41,0
17-03 19:00:33,15.002,6.501,77.013,0.250,0,2265712,137340,195460,5280864,32741.370,1553.255,1012.166,572.094,35.006,23.004,1946,2625,1.960,1.680,1,4,0,56.009,0,0,18,34,6,37,0
17-03 19:00:34,2.500,1.250,95.993,0.250,0,2265672,137340,195460,5280904,44652.919,3574.753,0,135.991,0,9.999,1214,1788,1.960,1.680,1,1,0,0,0,0,18,35,6,37,0
17-03 19:00:35,2.500,1.000,96.748,0,0.250,2265592,137340,195460,5280984,92280.970,3615.920,0,79.998,0,1.000,1151,1802,1.800,1.650,0.990,1,0,0,0,0,18,35,6,36,0
17-03 19:00:36,4.501,2.001,91.530,0.500,0,2309700,123088,195064,5252232,75113.788,3081.017,0,7966.629,0,425.140,2069,2410,1.800,1.650,0.990,1,0,0,0,0,18,34,6,37,0
17-03 19:00:37,17.751,10.251,69.006,2.250,0.250,2324856,122560,194756,5238060,12541.028,1620.133,1708.140,4684.384,123.010,310.025,3272,4688,1.800,1.650,0.990,1,0,68.006,0,0,18,34,6,34,0
17-03 19:00:38,17.523,8.010,72.094,2.253,0,2339912,152016,194092,5195084,13434.478,1696.207,2214.882,4638.034,487.634,132.172,3221,3600,1.800,1.650,0.990,1,0,30.039,0,0,18,34,6,34,0
17-03 19:00:39,16.004,11.503,71.516,0,0,2349712,141524,194092,5195084,14463.182,1620.356,0,0,0,0,2150,2825,1.800,1.650,0.990,1,0,60.013,0,0,18,34,6,29,0
17-03 19:00:40,19.719,7.239,72.137,0,0,2359260,131576,194096,5195452,7246.637,1455.717,363.430,0,4.992,0,1722,2256,1.740,1.640,0.990,3,0,45.928,0,0,18,34,6,29,0
17-03 19:00:41,24.016,3.752,71.798,0,0,2371924,126036,193888,5189012,12261.117,1621.073,32.021,0,6.004,0,1513,2033,1.740,1.640,0.990,2,0,18.012,0,0,18,34,6,26,0
17-03 19:00:42,21.502,5.000,72.756,0,0,2371924,126036,193888,5189012,12278.056,1694.146,0,8.001,0,2.000,1787,2164,1.740,1.640,0.990,3,0,26.002,0,0,18,34,6,26,0
17-03 19:00:43,18.511,8.755,71.544,0,0,2293156,257776,193900,5137232,6356.909,1695.042,16.010,120.074,4.002,3.002,1875,2551,1.740,1.640,0.990,2,0,71.044,0,0,18,34,6,22,0
17-03 19:00:44,12.989,15.487,69.939,0.500,0,2299396,249600,194076,5139092,13617.153,1734.491,1942.310,15.986,78.931,1.998,2593,3771,1.740,1.640,0.990,4,0,195.830,0,0,18,34,6,22,0
17-03 19:00:45,16.487,15.738,66.697,0.500,0,2308728,240004,194076,5139328,11812.633,1618.716,227.819,0,10.991,0,4673,9556,1.760,1.650,1,2,0,134.893,0,0,18,34,6,19,0
17-03 19:00:46,1.750,1.750,96.016,0,0,2308732,240004,194076,5139340,12248.997,1736.283,0,4.001,0,1.000,1030,1649,1.760,1.650,1,1,0,3.000,0,0,18,34,6,19,0
17-03 19:00:47,2.250,0.750,96.500,0,0,2308732,240004,194076,5139340,9397.047,1458.007,0,16.000,0,2.000,1033,1718,1.760,1.650,1,1,0,1.000,0,0,18,34,6,18,0
17-03 19:00:48,3.500,0.250,96.508,0,0,2308732,240004,194076,5139340,7250.616,1620.138,0,264.022,0,5.000,1122,1842,1.760,1.650,1,1,0,3.000,0,0,18,34,6,18,0
17-03 19:00:49,3.500,2.000,93.238,0,0,2313248,235492,194076,5139336,13304.297,1619.793,0,3.999,0,1.000,1184,1888,1.760,1.650,1,1,0,2.000,0,0,18,34,6,16,0
17-03 19:00:50,16.251,16.251,67.004,0,0,2297512,251060,194076,5139680,9183.505,1768.097,8.000,0,1.000,0,5002,8829,2.020,1.700,1.020,2,0,219.012,0,0,18,34,6,16,0
17-03 19:00:51,12.266,16.020,70.840,0,0,2294672,253828,194076,5139516,13087.621,1622.060,24.031,4.005,2.003,1.001,3300,4938,2.020,1.700,1.020,1,0,242.308,0,0,19,34,6,16,0
17-03 19:00:52,15.227,19.721,63.656,0.250,0,2303800,243044,194084,5141104,15936.414,1855.254,1433.878,0,41.938,0,3876,5768,2.020,1.700,1.020,2,0,222.670,0,0,19,34,6,16,0
17-03 19:00:53,13.759,10.757,74.798,0,0,2304276,242600,194084,5141104,11704.561,1621.047,0,312.202,0,14.009,3574,6342,2.020,1.700,1.020,0,0,182.118,0,0,19,34,6,10,0
17-03 19:00:54,7.753,12.004,79.029,0,0,2308260,238584,194084,5141120,12050.374,1458.529,0,12.004,0,3.001,2182,3306,2.020,1.700,1.020,4,0,148.054,0,0,21,34,6,10,0
17-03 19:00:55,19.020,15.266,65.567,0,0,2319704,227148,194084,5141128,6925.112,1621.665,0,28.029,0,6.006,5216,10607,1.940,1.690,1.020,1,0,162.167,0,0,21,36,6,10,0
17-03 19:00:56,10.500,19.001,68.253,0.250,0,2322688,224004,194084,5141288,6285.264,1662.070,0,6792.285,0,346.015,3770,5706,1.940,1.690,1.020,2,0,279.012,0,0,21,36,6,10,0
17-03 19:00:57,13.225,18.715,65.628,0.250,0,2325376,221280,194084,5141696,14475.004,1658.906,0,3717.068,0,401.252,4293,6259,1.940,1.690,1.020,3,0,291.456,0,0,21,36,6,10,0
17-03 19:00:58,23.558,20.801,53.882,0.251,0,2358008,188640,194092,5141328,12784.373,1698.167,8.020,216.531,2.005,10.025,4369,9056,1.940,1.690,1.020,2,0,253.622,0,0,21,36,6,10,0
17-03 19:00:59,31.006,22.255,45.259,0,0,2422584,123632,194128,5141724,11947.449,1694.347,12.002,312.064,3.001,6.001,3422,5354,1.940,1.690,1.020,4,0,437.090,0,0,21,36,6,10,0
17-03 19:01:00,30.497,23.997,43.995,0.500,0,2476292,119660,192972,5094748,10669.869,1457.845,79.992,7027.255,11.999,316.966,4246,7342,1.940,1.700,1.020,2,0,476.949,0,0,21,40,6,12,0
17-03 19:01:01,41.018,20.759,36.016,0,0,2503772,135016,192948,5053064,11687.271,1620.731,4.002,8.004,1.000,2.001,4123,10218,1.940,1.700,1.020,3,0,285.129,0,0,21,40,6,12,0
17-03 19:01:02,28.413,6.480,65.050,0,0,2579800,127660,192904,4986144,15262.008,1798.463,538.342,0,8.972,0,2130,3524,1.940,1.700,1.020,2,0,56.825,0,0,21,40,6,13,0
17-03 19:01:03,23.238,4.498,71.213,0,0,2618044,131972,193024,4944428,7627.019,1619.155,7.996,1179.384,1.999,8.995,1698,3499,1.940,1.700,1.020,3,0,3.998,0,0,21,40,6,12,0
17-03 19:01:04,24.078,7.274,63.205,6.020,0,2653104,152468,193700,4888444,9114.613,1625.281,638.073,63044.833,68.222,1653.372,7344,12329,1.940,1.700,1.020,2,1,9.029,0,0,21,42,6,12,0
17-03 19:01:05,25.439,6.983,54.120,11.473,0,2658232,130660,193752,4905072,11018.632,1616.133,3.990,29625.107,0.998,2566.858,15134,26969,2.030,1.720,1.030,1,0,4.988,0,0,21,42,6,12,0
17-03 19:01:06,34.291,20.525,43.803,0.250,0,2787612,130636,193708,4775620,5645.814,1696.047,24.029,8918.765,2.002,546.660,7971,20800,2.030,1.720,1.030,3,0,159.192,0,0,22,75,6,23,0
17-03 19:01:07,10.999,18.997,68.741,0,0,2794284,128720,193708,4770856,12562.304,1693.771,0,727.902,0,39.995,3054,4555,2.030,1.720,1.030,2,0,259.965,0,0,22,75,6,24,0
17-03 19:01:08,12.235,19.476,66.169,0.749,0,2796744,126232,193708,4770884,12453.806,1456.223,0,4654.322,0,255.688,3506,5333,2.030,1.720,1.030,1,0,250.694,0,0,22,75,6,24,0
17-03 19:01:09,16.296,18.051,63.430,0,0,2806216,128700,193696,4759332,12371.109,1624.611,0,88.250,0,8.023,4883,8165,2.030,1.720,1.030,2,0,202.575,0,0,22,75,6,24,0
17-03 19:01:10,39.389,12.465,47.865,0,0.249,2899528,130352,193616,4664536,9598.835,1615.428,0,3.989,0,0.997,2389,3702,2.030,1.720,1.040,2,0,125.644,0,0,22,76,6,24,0
17-03 19:01:11,28.483,12.992,56.715,0.750,0,2961688,126524,193592,4607344,5795.465,1619.012,367.776,1495.088,14.991,79.951,2836,5440,2.030,1.720,1.040,2,0,130.920,0,0,22,79,6,24,0
17-03 19:01:12,9.001,20.001,69.254,0.750,0,2972788,127376,193580,4595696,14099.818,1710.099,0,4220.245,0,351.020,3649,4569,2.030,1.720,1.040,2,0,276.016,0,0,22,79,6,24,0
17-03 19:01:13,9.263,19.026,70.346,0,0,2979300,120832,193580,4595728,10175.900,1622.216,0,44.060,0,4.005,2927,4306,2.030,1.720,1.040,1,0,275.376,0,0,22,79,6,24,0
17-03 19:01:14,7.241,20.974,69.913,0,0,2980704,119412,193580,4595744,6105.411,1691.897,0,0,0,0,2957,4439,2.030,1.720,1.040,3,0,256.681,0,0,22,79,6,24,0
17-03 19:01:15,11.518,19.030,68.610,0,0,2983736,124980,193564,4587388,12812.462,1460.332,0,64.102,0,6.010,3352,5362,1.940,1.710,1.040,4,0,286.457,0,0,22,81,6,24,0
17-03 19:01:16,15.759,19.761,61.283,0,0,2985548,135020,193572,4576168,8918.852,1620.882,24.013,576.314,4.002,60.033,3784,6684,1.940,1.710,1.040,1,0,299.163,0,0,22,93,5,24,0
17-03 19:01:17,23.969,17.477,57.925,0.250,0,3012860,130224,193572,4553840,13087.999,1659.844,0,1853.592,0,276.641,5359,9064,1.940,1.710,1.040,2,0,224.708,0,0,22,93,5,24,0
17-03 19:01:18,31.281,22.522,44.294,0,0,3069828,129748,193536,4497948,11858.847,1621.620,524.524,200.200,11.011,12.012,3283,5707,1.940,1.710,1.040,2,0,402.402,0,0,22,93,5,24,0
17-03 19:01:19,41.665,22.205,33.931,0.748,0,3155868,129428,193492,4413216,6359.009,1616.697,59.878,2894.087,2.994,291.405,9546,17565,1.940,1.710,1.040,6,0,257.474,0,0,22,105,5,24,0
17-03 19:01:20,47.320,24.036,28.542,0.250,0,3256272,127356,193432,4316112,15196.613,1622.414,32.048,4702.998,3.004,365.544,4285,5776,2.110,1.750,1.050,3,0,414.617,0,0,24,105,5,24,0
17-03 19:01:21,54.256,24.003,20.252,0.250,0,3349732,126836,193372,4225804,8843.929,1620.170,0,1760.185,0,238.025,6856,14541,2.110,1.750,1.050,5,0,409.043,0,0,24,109,5,24,0
17-03 19:01:22,40.519,19.759,39.268,0,0,3404644,139280,193372,4159428,7199.333,1458.675,0,6190.866,0,439.203,6101,10622,2.110,1.750,1.050,2,0,263.122,0,0,24,125,5,24,0
17-03 19:01:23,37.738,20.244,40.987,0,0,3459400,147800,193376,4097124,13085.891,1709.463,0,263.917,0,8.997,3629,5846,2.110,1.750,1.050,2,0,462.855,0,0,24,125,5,24,0
17-03 19:01:24,13.975,20.962,63.885,0,0,3474260,133036,193376,4097176,10938.246,1690.946,0,551.005,0,41.924,3423,5656,2.110,1.750,1.050,2,0,314.432,0,0,25,125,5,23,0
17-03 19:01:25,19.243,16.744,63.476,0,0,3484204,123032,193376,4097224,14046.761,1693.368,0,7.997,0,1.999,5581,9268,2.020,1.740,1.050,2,0,161.940,0,0,25,125,5,23,0
17-03 19:01:26,30.564,23.299,45.595,0,0,3539208,126704,193376,4039552,11881.738,1623.380,0,272.567,0,20.042,3617,5774,2.020,1.740,1.050,2,0,391.816,0,0,25,127,5,18,0
17-03 19:01:27,37.481,22.989,38.231,0.500,0,3632708,134292,193340,3939588,6438.819,1693.164,71.964,3126.456,1.000,435.785,6399,11711,2.020,1.740,1.050,6,0,297.853,0,0,25,139,5,18,0
17-03 19:01:28,30.537,21.026,47.307,0.501,0,3677348,122984,193328,3906508,14198.237,1621.969,620.754,4561.538,20.024,339.412,5584,10512,2.020,1.740,1.050,2,0,337.410,0,0,25,139,5,18,0
17-03 19:01:29,32.012,22.758,43.766,0.250,0,3732972,130368,192668,3844452,9137.399,1620.603,828.308,1460.543,53.020,214.080,4694,7986,2.020,1.740,1.050,2,0,497.185,0,0,25,145,5,18,0
17-03 19:01:30,17.950,23.435,56.594,0.499,0,3788696,125676,192636,3794388,11279.879,1453.988,0,5022.144,0,496.630,5891,10487,1.860,1.710,1.050,5,0,372.971,0,0,25,151,5,18,0
17-03 19:01:31,13.245,18.992,66.723,0,0,3795360,118904,192636,3794476,8770.430,1693.311,0,391.841,0,28.988,3285,5137,1.860,1.710,1.050,2,0,288.882,0,0,25,151,5,18,0
17-03 19:01:32,19.811,17.053,61.190,0.251,0,3804016,118832,192632,3786036,12270.049,1625.039,68.212,361.120,2.006,23.072,6071,10308,1.860,1.710,1.050,2,0,166.516,0,0,25,151,5,17,0
17-03 19:01:33,40.748,11.999,46.247,0.250,0,3911156,135536,192492,3662612,14083.183,1619.906,1023.941,1951.887,19.999,312.982,2897,4006,1.860,1.710,1.050,2,0,101.994,0,0,25,151,5,17,0
17-03 19:01:34,44.988,7.998,44.988,0.250,0,4010116,130904,192416,3569648,6364.269,1619.559,115.968,667.818,17.995,104.971,2356,3152,1.860,1.710,1.050,2,0,3.999,0,0,25,155,5,17,0
17-03 19:01:35,30.478,16.988,51.214,0.250,0,3959060,206352,192408,3545428,6163.612,1618.847,107.923,479.658,2.998,29.979,3815,6622,1.950,1.730,1.060,2,0,258.816,0,0,25,159,5,17,0
17-03 19:01:36,38.984,21.241,38.734,0,0,4011776,152236,192412,3546792,13807.436,1619.347,23.990,591.762,1.999,51.979,6423,13215,1.950,1.730,1.060,3,0,412.834,0,0,25,171,5,17,0
17-03 19:01:37,46.917,22.710,28.200,0.749,0,3982292,178512,192424,3550336,11948.779,1509.319,2579.419,578.972,53.904,29.947,6991,14303,1.950,1.730,1.060,3,0,332.410,0,0,25,177,5,18,0
17-03 19:01:38,71.282,20.330,8.032,0.251,0,4128588,134232,192348,3449340,13248.371,1572.215,321.270,9015.639,19.075,468.853,4087,8286,1.950,1.730,1.060,5,0,181.718,0,0,25,179,5,17,0
17-03 19:01:39,76.275,18.695,3.240,1.994,0,4202332,123660,192324,3386628,9247.747,1689.022,5045.132,9511.968,288.151,433.722,4418,8333,1.950,1.730,1.060,5,1,63.812,0,0,25,192,5,18,0
17-03 19:01:40,66.134,18.287,13.277,1.503,0,4250808,140320,192340,3322360,12628.573,1697.437,2148.350,1631.303,222.450,125.254,7794,19405,2.110,1.770,1.080,4,0,129.262,0,0,25,193,5,25,0
17-03 19:01:41,45.250,31.500,22.250,0,0,4256904,126728,192340,3329840,9856.049,1620.008,340.002,448.002,5.000,26.000,9749,19847,2.110,1.770,1.080,5,0,496.002,0,0,25,194,5,25,0
17-03 19:01:42,44.649,21.950,33.175,0,0,4229340,156180,192344,3327940,7395.228,1616.334,255.421,1552.479,8.980,90.794,8106,17654,2.110,1.770,1.080,5,0,278.369,0,0,25,195,5,28,0
17-03 19:01:43,52.126,25.311,22.304,0,0,4319272,121340,192316,3274044,7463.031,1623.923,24.058,316.765,5.012,28.068,4282,8137,2.110,1.770,1.080,4,0,439.061,0,0,25,199,5,28,0
17-03 19:01:44,61.348,22.444,14.215,0.748,0,4348160,123960,192308,3243300,13304.937,1508.252,1101.263,19878.602,62.844,713.228,9135,20947,2.110,1.770,1.080,6,0,330.180,0,0,25,201,5,32,0
17-03 19:01:45,53.083,23.286,22.785,0.250,0,4388836,154604,191748,3174464,8866.814,1664.593,28.044,6153.587,4.006,488.761,7765,14970,2.350,1.820,1.100,16,0,452.705,0,0,25,201,5,33,0
17-03 19:01:46,60.303,20.518,18.266,0.250,0,4491356,126856,191568,3101064,13170.669,1567.389,368.326,6677.917,33.029,651.577,10638,18001,2.350,1.820,1.100,3,0,216.192,0,0,25,213,5,36,0
17-03 19:01:47,71.254,9.501,18.001,0.250,0,4583652,129544,191384,3008960,9550.535,1662.093,488.027,320.018,37.002,26.001,3950,7515,2.350,1.820,1.100,4,0,12.001,0,0,25,219,5,37,0
17-03 19:01:48,63.617,9.406,26.734,0.743,0,4652616,124852,191340,2946476,26745.984,6969.680,1085.207,6024.084,84.163,588.150,8396,16298,2.350,1.820,1.100,4,0,2.970,0,0,25,229,5,44,0
17-03 19:01:49,41.154,21.966,35.347,0.252,0,4630340,173028,191304,2921072,41982.351,12152.360,84.833,5037.478,9.089,425.176,5989,9891,2.350,1.820,1.100,2,0,459.513,0,0,25,233,5,44,0
17-03 19:01:50,36.620,19.680,43.097,0.249,0,4589860,212832,191304,2922176,6700.241,1614.276,235.166,645.710,24.912,47.830,5593,11318,2.400,1.840,1.110,3,0,364.707,0,0,25,233,5,44,0
17-03 19:01:51,54.254,17.251,26.752,0.250,0,4701716,121464,191288,2901764,12212.806,1512.100,96.006,3180.210,12.001,427.028,5668,9814,2.400,1.840,1.110,3,0,199.013,0,0,26,238,5,44,0
17-03 19:01:52,66.952,10.532,22.066,1.003,0,4781896,129320,191188,2814492,10431.409,1624.893,1849.569,666.005,143.432,44.133,3814,6152,2.400,1.840,1.110,7,0,11.033,0,0,26,236,5,44,0
17-03 19:01:53,54.963,14.740,29.980,0.250,0.250,4778368,176480,190860,2771740,6370.725,1618.914,423.716,923.380,26.982,71.952,4502,13790,2.400,1.840,1.110,2,0,215.855,0,0,26,237,5,46,0
17-03 19:01:54,24.698,4.241,68.606,0.249,0,4832276,122644,190860,2771812,27843.668,5146.219,0,439.080,0,27.941,2562,3972,2.400,1.840,1.110,1,0,3.992,0,0,26,239,5,46,0
17-03 19:01:55,28.271,13.260,57.544,1.001,0,4782408,177724,190584,2767420,21981861.287,90124.134,2077.571,7549.708,27.020,464.351,9814,7744,2.290,1.830,1.110,2,0,211.160,0,0,26,237,5,46,0
17-03 19:01:56,20.971,8.239,68.905,0,0,4830488,129612,190584,2767452,13677.235,1617.780,0,323.556,0,29.959,2579,3814,2.290,1.830,1.110,2,0,87.879,0,0,26,243,5,46,0
17-03 19:01:57,25.512,3.252,68.783,0.500,0,4843300,128388,190400,2756236,12427.903,1620.770,0,1404.667,0,88.042,3539,6765,2.290,1.830,1.110,1,0,0,0,0,26,249,5,47,0
17-03 19:01:58,28.226,4.246,65.944,0.500,0,4857436,125388,190204,2745636,7801.330,1552.672,399.658,651.443,25.978,71.938,4876,10239,2.290,1.830,1.110,1,0,2.997,0,0,26,256,5,49,0
17-03 19:01:59,27.611,5.020,66.267,0.251,0,4870272,122344,189912,2736652,12092.807,1668.735,8.032,590.383,2.008,53.215,5604,10279,2.290,1.830,1.110,3,0,4.016,0,0,26,264,5,55,0
17-03 19:02:00,21.431,14.204,63.795,0.997,0,4829800,178080,189424,2722732,9039.991,1614.818,99.680,34194.271,12.958,138.555,6511,11386,2.180,1.810,1.100,1,0,210.325,0,0,26,263,5,60,0
17-03 19:02:01,22.996,5.749,69.738,0.500,0,4856880,122332,190168,2750596,14070.622,1619.726,71.988,8462.570,13.998,392.934,2501,3199,2.180,1.810,1.100,1,0,2.000,0,0,26,263,5,58,0
17-03 19:02:02,28.744,7.998,61.988,0.250,0,4833600,168844,190324,2727364,12238.601,1713.664,731.857,2339.541,32.994,81.984,2848,10594,2.180,1.810,1.100,2,0,65.987,0,0,26,263,5,61,0
17-03 19:02:03,23.256,5.501,69.267,0,0,4875936,123792,190348,2730052,13411.313,1566.387,8.002,520.128,1.000,13.003,13294,26424,2.180,1.810,1.100,1,0,4.001,0,0,26,263,5,61,0
17-03 19:02:04,22.563,5.265,71.198,0.501,0,4887032,134716,189988,2708616,9202.528,1624.506,0,4504.495,0,191.531,4435,7911,2.180,1.810,1.100,1,0,4.011,0,0,26,265,5,62,0
17-03 19:02:05,22.930,6.231,69.787,0,0,4887180,134464,189988,2708720,5649.779,1581.181,3.988,526.396,0.997,45.860,1964,3431,2.090,1.800,1.100,3,0,0.997,0,0,26,267,5,62,0
17-03 19:02:06,28.368,10.042,60.754,0.502,0,4822884,209348,189816,2698548,6135.616,1701.102,353.476,405.694,41.172,28.117,3176,5335,2.090,1.800,1.100,1,0,269.124,0,0,26,267,5,62,0
17-03 19:02:07,21.157,9.210,69.446,0,0,4876496,155436,189816,2698848,12437.486,1612.931,3.983,242.935,0.996,22.900,2763,4371,2.090,1.800,1.100,2,0,180.210,0,0,26,267,5,51,0
17-03 19:02:08,16.503,12.502,70.263,0.250,0.250,4833388,198344,189816,2699048,9182.671,1694.308,0,288.052,0,17.003,2902,4586,2.090,1.800,1.100,2,0,214.039,0,0,26,267,5,51,0
17-03 19:02:09,9.782,20.316,68.724,0,0,4835864,195832,189820,2699080,12027.160,1625.292,0,22898.558,0,77.252,4143,6625,2.090,1.800,1.100,1,0,410.336,0,0,26,267,5,51,0
17-03 19:02:10,6.727,2.741,90.937,0.249,0,4835912,195612,189820,2699188,6036.199,1560.622,51.821,737.459,3.986,42.852,2065,3640,1.920,1.770,1.100,1,0,50.825,0,0,26,271,5,51,0
17-03 19:02:11,21.494,3.499,72.979,0,0,4889840,141684,189820,2699188,13372.176,1619.537,0,39.989,0,3.999,1958,2910,1.920,1.770,1.100,4,0,10.997,0,0,26,271,5,51,0
17-03 19:02:12,21.026,8.010,69.587,0.250,0,4837784,193628,189820,2699300,10973.750,1587.990,100.125,276.346,11.014,23.029,3375,5950,1.920,1.770,1.100,2,0,106.133,0,0,26,275,5,51,0
17-03 19:02:13,12.520,16.527,69.863,0,0,4837616,193408,189824,2699684,6574.592,1696.733,44.071,44.071,3.005,4.006,3419,5488,1.920,1.770,1.100,4,0,235.379,0,0,26,275,5,51,0
17-03 19:02:14,12.260,16.514,69.308,0,0,4837900,192832,189824,2699976,6014.028,1695.417,68.057,0,4.003,0,3487,5569,1.920,1.770,1.100,2,0,271.227,0,0,26,275,5,51,0
17-03 19:02:15,24.424,4.735,70.531,0,0,4906100,124444,189824,2700164,11872.102,1614.981,3.988,307.046,0.997,31.901,2112,3141,1.850,1.760,1.100,1,0,5.981,0,0,26,275,5,51,0
17-03 19:02:16,25.988,4.248,67.969,1.000,0,4949828,127140,189076,2655328,11058.002,1693.235,343.845,30354.280,14.993,601.728,3171,3568,1.850,1.760,1.100,2,0,1.999,0,0,26,279,5,51,0
17-03 19:02:17,24.751,2.500,71.004,0.250,0,4860936,215996,189108,2655304,13013.742,1620.092,52.003,220.013,5.000,18.001,2064,3079,1.850,1.760,1.100,2,0,5.000,0,0,26,275,5,51,0
17-03 19:02:18,24.757,4.501,69.521,0,0,4927512,149336,189108,2655388,9446.843,1458.439,20.006,120.036,4.001,8.002,1909,2693,1.850,1.760,1.100,1,0,3.001,0,0,26,275,5,51,0
17-03 19:02:19,29.725,4.996,64.446,0.250,0,4946524,139420,188928,2646724,12534.484,1618.642,1706.568,351.705,18.984,32.972,3145,5527,1.850,1.760,1.100,1,0,25.978,0,0,26,283,5,51,0
17-03 19:02:20,27.359,4.518,67.769,0,0,4889908,195812,189044,2646832,11810.901,1775.049,116.462,257.021,4.016,17.068,2458,3651,1.860,1.760,1.100,2,0,17.068,0,0,26,277,5,51,0
17-03 19:02:21,25.135,6.470,65.699,0,0,4843440,241576,189044,2647536,5856.173,1612.613,1353.798,338.450,16.922,32.850,2741,4396,1.860,1.760,1.100,2,0,85.608,0,0,26,277,5,51,0
17-03 19:02:22,12.056,17.079,70.327,0.251,0,4851624,232908,189048,2648016,6617.793,1627.573,289.346,421.963,63.295,11.051,3581,5853,1.860,1.760,1.100,2,0,377.758,0,0,26,277,5,51,0
17-03 19:02:23,21.441,6.981,71.055,0.249,0,4872872,211084,189236,2648420,13301.461,1615.562,530.543,398.904,29.918,20.942,2345,3565,1.860,1.760,1.100,1,0,91.748,0,0,26,277,5,51,0
17-03 19:02:24,28.016,5.003,66.287,0,0,4889512,194244,189252,2648604,9941.547,1620.904,152.085,356.199,8.004,35.020,10180,19985,1.860,1.760,1.100,1,0,6.003,0,0,26,277,5,52,0
17-03 19:02:25,19.975,4.744,74.157,0.250,0,4870112,213332,189284,2648884,21171.451,5371.264,27.965,723.093,6.991,42.946,2349,3628,1.790,1.750,1.100,2,0,6.991,0,0,26,278,5,52,0
17-03 19:02:26,24.335,5.519,68.488,0.251,0,4905792,176036,189428,2650348,10887.857,1463.087,4.014,573.996,1.003,22.077,9735,19266,1.790,1.750,1.100,2,0,6.021,0,0,26,278,5,52,0
17-03 19:02:27,22.198,5.986,71.084,0,0,4843352,238628,189428,2650200,15380.978,1789.808,0,111.738,0,7.981,2083,3204,1.790,1.750,1.100,1,0,43.897,0,0,26,277,5,52,0
17-03 19:02:28,17.790,11.025,69.906,0,0,4878396,203680,189428,2650104,9545.286,1697.786,0,4.009,0,1.002,2884,4704,1.790,1.750,1.100,3,0,229.512,0,0,26,277,5,52,0
17-03 19:02:29,25.993,4.249,69.732,0,0,4844808,237044,189428,2650328,9441.574,1693.565,15.996,167.957,1.000,2.999,2695,4576,1.790,1.750,1.100,2,0,8.998,0,0,26,277,5,54,0
17-03 19:02:30,21.190,6.731,69.802,0,0,4899084,182652,189428,2650444,12019.912,1615.419,23.932,195.446,1.994,19.943,2610,4210,1.730,1.740,1.100,1,0,105.700,0,0,26,277,5,54,0
17-03 19:02:31,23.730,5.246,69.442,0.500,0,4862600,219128,189428,2650452,9069.400,1618.644,0,215.819,0,19.983,2714,5034,1.730,1.740,1.100,4,0,69.941,0,0,26,277,5,54,0
17-03 19:02:32,24.817,3.008,70.439,0,0,4905848,175868,189428,2650464,5918.874,1624.357,0,1780.776,0,293.788,2702,4053,1.730,1.740,1.100,2,0,2.005,0,0,26,279,5,54,0
17-03 19:02:33,23.706,5.240,69.870,0,0,4882664,199032,189428,2650484,11350.842,1455.287,0,135.747,0,11.978,2602,4494,1.730,1.740,1.100,1,0,57.892,0,0,26,277,5,55,0
17-03 19:02:34,24.529,5.006,69.582,0,0,4847672,234008,189428,2650500,9879.609,1621.906,0,56.066,0,7.008,2794,4777,1.730,1.740,1.100,1,0,22.026,0,0,26,277,5,58,0
17-03 19:02:35,27.454,4.742,67.387,0,0,4902020,179612,189428,2650548,11630.554,1617.296,0,215.639,0,19.967,3448,6213,1.910,1.770,1.120,2,0,11.980,0,0,26,278,5,58,0
17-03 19:02:36,29.772,5.004,64.047,0.751,0,4864772,216744,189428,2650664,9849.170,1695.234,36.026,672.490,4.003,72.052,3881,6969,1.910,1.770,1.120,1,0,49.036,0,0,26,277,5,58,0
17-03 19:02:37,26.741,4.499,67.228,0.250,0,4901776,179700,189428,2650704,7953.367,1619.464,0,2915.035,0,184.939,3432,6062,1.910,1.770,1.120,2,0,0,0,0,26,280,5,60,0
17-03 19:02:38,24.737,3.998,70.212,0,0,4888064,193396,189428,2650720,13644.700,1619.134,0,131.929,0,6.996,2186,2944,1.910,1.770,1.120,3,0,33.982,0,0,26,277,5,60,0
17-03 19:02:39,24.594,6.023,68.513,0.251,0,4846884,234564,189428,2650732,11503.080,1626.232,0,341.308,0,33.127,3574,6606,1.910,1.770,1.120,1,0,90.346,0,0,26,277,5,61,0
17-03 19:02:40,10.987,20.227,67.422,0,0,4847488,233900,189432,2650788,13645.226,1618.129,15.982,563.349,0.999,39.954,4973,8478,1.910,1.770,1.120,1,0,705.185,0,0,26,277,5,59,0
17-03 19:02:41,9.503,21.506,67.020,0,0,4848424,232868,189432,2650884,8633.607,1500.453,0,252.076,0,24.007,4693,8129,1.760,1.740,1.110,2,0,689.208,0,0,26,277,5,59,0
17-03 19:02:42,10.476,20.703,67.348,0,0,4848672,232564,189432,2650924,13866.744,1616.357,0,806.183,0,60.863,4760,7965,1.760,1.740,1.110,1,0,667.495,0,0,26,277,5,51,0
17-03 19:02:43,9.778,21.812,67.192,0.251,0,4847612,233592,189432,2650956,8931.517,1624.642,0,260.745,0,26.074,4733,8055,1.760,1.740,1.110,2,0,650.860,0,0,26,277,5,51,0
17-03 19:02:44,11.755,20.759,67.530,0,0,4851744,229420,189432,2650996,5314.370,1620.723,0,188.084,0,20.009,4562,7845,1.760,1.740,1.110,1,0,627.280,0,0,26,277,5,48,0
17-03 19:02:45,14.492,13.742,69.460,0.250,0,4865400,219928,189436,2646828,8131.284,1693.018,83.951,447.740,10.994,27.984,3593,5967,1.760,1.740,1.110,2,0,333.806,0,0,26,277,5,48,0
17-03 19:02:46,20.763,10.006,66.540,0.500,0,4886752,267960,189488,2585220,12095.293,1620.977,324.195,3261.967,47.028,30.018,14412,27866,1.780,1.750,1.110,1,0,8.005,0,0,26,275,4,44,2
17-03 19:02:47,21.171,2.242,75.717,0.249,0,4902824,249684,189524,2587164,14194.883,4431.418,15.940,4523.075,2.989,154.422,2097,2784,1.780,1.750,1.110,2,0,2.989,0,0,26,276,4,44,2
17-03 19:02:48,16.500,1.750,78.998,1.000,0,4908776,242628,189588,2588140,31367.122,14014.608,859.976,3391.905,60.998,342.990,2789,3356,1.780,1.750,1.110,2,0,0,0,0,26,276,4,40,2
17-03 19:02:49,20.263,3.252,75.048,0.750,0,4920996,228952,189644,2589508,25555.432,12648.133,1124.723,1436.924,56.036,51.033,2219,3269,1.780,1.750,1.110,1,0,1.001,0,0,26,276,4,40,2
17-03 19:02:50,16.757,1.250,80.281,1.000,0,4920592,228224,189708,2590540,31609.264,14359.572,776.301,1900.737,53.021,82.032,2418,3626,1.780,1.750,1.110,2,0,0,0,0,26,276,4,33,2
17-03 19:02:51,21.232,2.248,73.687,1.998,0,4919972,199476,189764,2619592,20379.616,7219.841,13260.689,1734.520,163.860,84.928,2747,3932,1.710,1.740,1.110,2,0,0,0,0,26,276,4,33,2
17-03 19:02:52,21.650,4.728,70.922,0.995,0,4938936,151128,190208,2646532,7066.346,1696.162,0,2842.863,0,113.476,2297,3507,1.710,1.740,1.110,5,0,0,0,0,26,276,4,33,2
17-03 19:02:53,21.849,4.521,70.822,1.507,0,4932332,125940,190496,2675752,6190.109,1627.390,0,3857.517,0,161.734,2470,3752,1.710,1.740,1.110,2,0,0,0,0,26,276,4,33,2
17-03 19:02:54,26.508,3.251,69.520,0.250,0,4895264,171284,190596,2666640,12608.657,1868.542,436.126,1556.451,7.002,44.013,2262,3324,1.710,1.740,1.110,2,0,4.001,0,0,26,275,4,32,2
17-03 19:02:55,23.834,7.527,67.990,0.251,0,4901400,163804,190600,2667980,9703.282,1591.623,0,2147.587,0,36.128,10269,20306,1.710,1.740,1.110,1,0,14.050,0,0,26,275,4,32,2
17-03 19:02:56,25.247,4.249,67.992,0,0,4922336,142724,190600,2668124,12269.479,1565.806,0,475.941,0,10.999,9840,19371,1.660,1.720,1.110,1,0,12.998,0,0,26,275,4,32,2
17-03 19:02:57,24.916,3.987,70.512,0,0,4872988,192084,190600,2668112,10018.189,1688.302,0,1371.372,0,4.983,2263,3432,1.660,1.720,1.110,2,0,50.828,0,0,26,275,4,32,2
17-03 19:02:58,27.240,4.498,67.726,0,0,4907936,157128,190600,2668120,13670.106,1619.420,0,3.999,0,1.000,10058,19804,1.660,1.720,1.110,1,0,10.996,0,0,26,275,4,29,2
17-03 19:02:59,23.765,7.505,66.292,0,0,4903880,161152,190600,2668152,11107.031,1621.026,0,84.053,0,1.001,13661,27184,1.660,1.720,1.110,1,0,18.011,0,0,26,275,4,29,2
17-03 19:03:00,27.599,5.771,65.736,0,0,4864404,200664,190600,2668116,9798.175,1625.837,0,120.432,0,10.036,6506,12266,1.660,1.720,1.110,1,0,15.054,0,0,26,273,4,18,4
17-03 19:03:01,25.646,2.739,69.716,0,0,4884688,180352,190600,2668144,9348.968,1687.137,0,358.541,0,11.951,2010,3030,1.600,1.710,1.110,1,0,2.988,0,0,26,273,4,18,4
17-03 19:03:02,25.005,10.252,63.013,0,0,4859188,191280,191312,2680424,13774.741,1714.341,24.005,212.042,6.001,5.001,15141,31485,1.600,1.710,1.110,2,0,135.027,0,0,26,273,4,16,4
17-03 19:03:03,25.496,2.750,71.239,0,0,4898368,147800,191552,2683964,12364.046,1511.761,0,0,0,0,1895,2971,1.600,1.710,1.110,2,0,3.000,0,0,26,273,4,16,4
17-03 19:03:04,15.755,2.001,80.525,0.750,0,4910164,135480,191628,2684344,32863.352,13767.337,0,2444.770,0,43.014,1992,3005,1.600,1.710,1.110,0,1,0,0,0,26,274,4,15,4
17-03 19:03:05,13.027,1.754,83.172,0.752,0,4910628,134496,191828,2684584,169367.098,20106.681,0,2421.019,0,107.222,2408,3802,1.600,1.710,1.110,2,0,0,0,0,26,275,4,15,4
17-03 19:03:06,21.719,1.248,74.892,0.749,0.250,4919076,128028,191872,2682508,29754.005,13009.202,51.925,1477.864,2.996,67.902,2426,3728,1.560,1.700,1.110,2,0,0,0,0,26,275,4,14,4
17-03 19:03:07,17.739,1.499,78.702,0.750,0,4919600,126824,192044,2682948,257860.158,18540.579,0,1950.798,0,71.956,2389,3238,1.560,1.700,1.110,0,0,0,0,0,26,275,4,15,4
17-03 19:03:08,13.789,2.758,81.729,1.504,0,4919144,126240,192412,2683448,140026.494,22188.194,128.360,2948.264,11.031,145.408,2610,3744,1.560,1.700,1.110,5,0,0,0,0,26,275,4,14,4
17-03 19:03:09,14.759,2.502,79.048,0.750,0,4909156,124964,192280,2695304,6329428.952,57816.268,0,7416.524,0,62.038,4479,4619,1.560,1.700,1.110,3,0,5.003,0,0,26,275,4,14,4
17-03 19:03:10,16.996,3.999,75.233,0.750,0,4915928,132172,192200,2681388,1871448.281,19072.804,163.964,3727.180,3.999,93.979,2728,3568,1.560,1.700,1.110,3,0,1.000,0,0,26,275,4,14,4
17-03 19:03:11,22.189,4.737,69.809,1.247,0,4915436,130924,195156,2678340,8396.045,1615.583,0,4894.618,0,112.692,2247,3547,1.670,1.720,1.120,1,0,0,0,0,26,275,4,14,4
17-03 19:03:12,22.991,5.248,70.471,1.000,0,4923936,134048,195420,2665608,14085.281,1565.364,0,2131.135,0,83.966,2238,3184,1.670,1.720,1.120,1,0,0,0,0,26,275,4,14,4
17-03 19:03:13,22.994,5.748,69.732,1.000,0,4906272,130320,196072,2684512,11842.897,1619.576,0,6482.302,0,299.921,2409,3336,1.670,1.720,1.120,2,0,0,0,0,26,275,4,14,4
17-03 19:03:14,23.501,4.500,70.253,0.500,0.250,4908416,137080,197040,2673364,13996.644,1620.075,0,2448.113,0,52.002,2042,3144,1.670,1.720,1.120,3,0,0,0,0,26,275,4,14,4
17-03 19:03:15,20.651,8.459,68.421,0.995,0,4907780,133028,197616,2676424,29865.348,6312.636,3.981,138075.855,0.995,688.687,3624,5138,1.670,1.720,1.120,1,0,0,0,0,26,276,4,14,4
17-03 19:03:16,24.413,5.285,69.967,0.252,0,4898224,174272,197624,2644760,7988.338,2993.991,20.134,793.297,3.020,32.215,4091,3005,1.540,1.690,1.110,2,0,6.040,0,0,26,273,4,14,4
17-03 19:03:17,24.001,7.250,68.253,0,0,4910340,161112,197628,2645804,12964.596,1512.070,0,0,0,0,9668,19202,1.540,1.690,1.110,2,0,12.001,0,0,26,273,4,14,4
17-03 19:03:18,24.965,4.993,68.154,0,0,4908264,163068,197628,2645924,9427.735,1617.724,0,107.848,0,6.990,9754,19044,1.540,1.690,1.110,3,0,12.982,0,0,26,273,4,14,4
17-03 19:03:19,24.570,6.769,67.693,0,0,4882120,188216,197628,2646920,6895.639,1698.838,0,124.354,0,9.026,1957,2894,1.540,1.690,1.110,3,0,9.026,0,0,26,273,4,14,4
17-03 19:03:20,25.916,6.728,65.538,0.249,0,4901752,163052,197804,2651792,12612.162,1560.946,2683.311,70531.619,32.893,307.006,3908,5923,1.540,1.690,1.110,2,0,3.987,0,0,26,274,4,14,4
17-03 19:03:21,27.589,3.762,66.465,0.502,0,4909332,155016,197848,2652308,12268.775,1625.269,72.234,4225.700,6.020,86.280,5138,9687,1.490,1.680,1.110,1,0,0,0,0,26,276,4,18,4
17-03 19:03:22,28.665,4.736,64.310,1.496,0,4918964,144396,197932,2653212,12935.839,1615.235,1292.188,2014.059,102.697,222.344,5640,10966,1.490,1.680,1.110,1,0,1.994,0,0,26,282,4,19,4
17-03 19:03:23,18.324,12.802,67.773,0.753,0,4879812,182764,197980,2653944,14082.824,1626.563,614.479,2494.064,35.142,214.867,4982,9277,1.490,1.680,1.110,1,0,281.134,0,0,26,280,4,21,4
17-03 19:03:24,15.185,10.206,68.456,4.481,0,4867460,176960,197984,2672096,8134.056,1505.532,18034.524,3289.867,1293.443,359.456,5465,7642,1.490,1.680,1.110,1,0,167.281,0,0,26,280,4,24,4
17-03 19:03:25,9.486,4.993,78.637,6.740,0,4871048,146780,198012,2698664,14949.592,2709.121,26557.969,1625.672,2159.907,42.939,5005,7814,1.490,1.680,1.110,0,0,5.991,0,0,26,281,4,23,4
17-03 19:03:26,4.254,1.501,93.842,0,0,4870996,146780,198016,2698712,25564.053,3503.433,0,276.271,0,16.016,1580,2614,1.690,1.720,1.130,1,0,0,0,0,26,281,4,23,4
17-03 19:03:27,5.762,2.756,89.944,0.752,0,4855564,159432,198052,2701456,40093.361,121184.030,2934.321,2529.448,48.104,109.235,2208,3305,1.690,1.720,1.130,0,0,27.058,0,0,26,280,4,23,4
17-03 19:03:28,4.746,0.250,94.161,0,0,4855884,158984,198052,2701584,8822.645,1564.518,0,275.739,0,13.987,1609,2830,1.690,1.720,1.130,1,0,0,0,0,26,280,4,23,4
17-03 19:03:29,3.745,1.748,93.621,0,0,4855880,158984,198056,2701584,11890.591,1617.767,0,31.956,0,3.994,1625,2652,1.690,1.720,1.130,1,0,0.999,0,0,26,280,4,23,4
17-03 19:03:30,4.753,0.750,94.302,0,0,4855876,158984,198056,2701588,7293.011,1662.915,0,0,0,0,1494,2632,1.690,1.720,1.130,1,0,0,0,0,26,280,4,23,4
17-03 19:03:31,4.503,1.001,94.053,0,0,4855876,158984,198056,2701588,6338.556,1512.849,0,8.004,0,1.001,1479,2553,1.800,1.740,1.140,0,0,0,0,0,26,280,4,21,4
17-03 19:03:32,3.749,2.249,91.224,0.750,0,4855856,158984,198088,2701576,6331.227,1619.547,0,3854.921,0,215.940,2177,3611,1.800,1.740,1.140,1,0,0,0,0,26,280,4,21,4
17-03 19:03:33,4.246,0.749,92.166,0.250,0,4855792,158984,198112,2701616,12444.638,1618.522,0,779.289,0,81.925,2162,3835,1.800,1.740,1.140,1,0,0,0,0,26,280,4,20,4
17-03 19:03:34,3.751,1.000,93.514,0.250,0,4855792,158984,198112,2701616,11494.701,1620.240,0,104.015,0,16.002,1483,2454,1.800,1.740,1.140,2,0,0,0,0,26,280,4,20,4
17-03 19:03:35,4.503,0.500,93.319,0.250,0.250,4855784,158984,198120,2701616,11589.518,1641.206,0,280.206,0,26.019,1807,2899,1.800,1.740,1.140,3,0,0,0,0,26,280,4,17,4
17-03 19:03:36,3.997,1.249,93.440,0.250,0,4855776,158984,198128,2701616,8913.322,1692.922,0,151.903,0,23.985,1804,3143,1.650,1.710,1.130,1,0,0,0,0,26,280,4,17,4
17-03 19:03:37,5.005,1.001,92.336,0,0,4855768,158984,198128,2701624,14474.432,1513.404,4.004,144.134,1.001,9.008,1791,2809,1.650,1.710,1.130,0,0,0,0,0,26,280,4,17,4
17-03 19:03:38,6.485,3.741,90.041,0,0,4855652,158984,198128,2701740,14552.239,1690.079,0,0,0,0,2785,5372,1.650,1.710,1.130,2,0,0,0,0,26,280,4,17,4
17-03 19:03:39,6.757,0.501,91.844,0,0,4855648,158984,198128,2701744,9554.794,1621.662,0,0,0,0,1913,3071,1.650,1.710,1.130,0,0,0,0,0,26,280,4,17,4
17-03 19:03:40,5.996,1.249,92.195,0,0,4855636,158984,198132,2701752,7327.655,1619.040,0,219.870,0,20.988,1839,3105,1.650,1.710,1.130,2,0,0.999,0,0,26,280,4,17,4
17-03 19:03:41,3.755,0.751,93.866,0,0,4855860,158760,198132,2701752,12659.685,1622.010,0,0,0,0,1546,2529,1.600,1.700,1.130,1,0,0,0,0,26,280,4,16,4
17-03 19:03:42,4.499,1.250,94.231,0,0,4855848,158760,198140,2701756,8972.223,1693.665,0,435.914,0,23.995,1539,2571,1.600,1.700,1.130,4,1,0,0,0,26,280,4,16,4
17-03 19:03:43,5.251,1.250,94.013,0.250,0.250,4855696,158760,198144,2701904,12206.648,1566.211,12.002,384.052,1.000,36.005,1795,3083,1.600,1.700,1.130,0,0,0,0,0,26,280,4,16,4
17-03 19:03:44,4.249,1.500,92.969,0,0,4856436,158012,198148,2701904,11526.196,1511.501,0,207.931,0,5.998,1560,2530,1.600,1.700,1.130,0,0,5.998,0,0,26,280,4,16,4
17-03 19:03:45,4.498,0.750,93.714,0.250,0,4856432,158012,198156,2701900,12312.235,1619.373,0,247.904,0,22.991,1785,2939,1.600,1.700,1.130,0,0,0,0,0,26,280,4,16,4
17-03 19:03:46,5.006,3.004,91.367,0.250,0,4855696,158684,198172,2701920,10634.666,1622.084,0,66429.362,0,202.260,2349,3734,1.470,1.670,1.120,0,0,0,0,0,26,280,4,17,2
17-03 19:03:47,4.246,0.500,94.168,0,0,4855692,158684,198176,2701920,7203.747,1618.595,0,31.972,0,2.997,1423,2477,1.470,1.670,1.120,1,0,0,0,0,26,280,4,17,2
17-03 19:03:48,3.752,1.501,93.789,0,0,4855688,158684,198188,2701912,13280.551,1620.677,0,200.084,0,14.006,1633,2756,1.470,1.670,1.120,3,0,0,0,0,26,280,4,17,2
17-03 19:03:49,5.247,0.750,92.456,0.500,0,4856128,158208,198192,2701944,13878.338,1619.223,23.988,1627.219,3.998,277.867,2337,3078,1.470,1.670,1.120,1,0,0,0,0,26,280,4,17,2
17-03 19:03:50,5.499,2.000,91.239,0,0,4854336,160000,198192,2701944,6201.250,1531.815,0,147.982,0,14.998,1746,2978,1.470,1.670,1.120,1,0,1.000,0,0,26,280,4,17,2
17-03 19:03:51,3.723,1.737,92.331,0.248,0,4855500,159076,198192,2701952,12030.813,1608.344,0,10587.274,0,242.244,2203,3311,1.360,1.640,1.120,1,0,0,0,0,26,280,4,17,2
17-03 19:03:52,2.267,1.512,94.722,0,0,4855500,159076,198192,2701952,9235.420,1632.447,0,108.830,0,8.061,1495,2471,1.360,1.640,1.120,1,0,0,0,0,26,280,4,17,2
17-03 19:03:53,4.500,1.000,93.991,0.500,0,4855488,159076,198192,2701964,11362.898,1619.843,0,675.934,0,47.995,1849,3117,1.360,1.640,1.120,1,0,0,0,0,26,280,4,17,2
17-03 19:03:54,5.504,0.500,91.814,0,0,4855488,159076,198192,2701964,11874.336,1621.138,0,88.062,0,14.010,1958,3150,1.360,1.640,1.120,0,0,0,0,0,26,280,4,18,2
17-03 19:03:55,5.246,1.249,93.432,0.500,0,4855484,159076,198192,2701968,6164.481,1618.813,0,195.856,0,23.982,1783,3032,1.360,1.640,1.120,0,0,0,0,0,26,282,4,17,2
17-03 19:03:56,3.731,0.995,93.523,0,0,4855484,159076,198192,2701968,12004.823,1611.786,0,63.676,0,9.949,1615,2730,1.250,1.610,1.110,1,0,0,0,0,26,282,4,17,2
17-03 19:03:57,4.272,0.503,94.733,0.251,0,4855484,159076,198192,2701968,9036.102,1302.646,0,269.374,0,17.087,1430,2488,1.250,1.610,1.110,1,0,0,0,0,26,282,4,17,2
17-03 19:03:58,5.010,1.252,93.430,0.250,0,4856060,158328,198200,2702132,109317.546,909.752,268.517,56.108,6.012,7.014,1599,2814,1.250,1.610,1.110,2,0,3.006,0,0,26,282,4,17,2
17-03 19:03:59,13.222,5.489,81.331,0,0,4866384,147532,198352,2702452,239606.899,9398.423,339.293,115.759,14.969,5.988,2258,3089,1.250,1.610,1.110,1,0,29.938,0,0,26,282,4,17,2
17-03 19:04:00,15.797,5.767,77.231,0,0,4869052,139224,198360,2708084,236328.805,4338.995,320.961,132.397,30.090,7.021,2262,3220,1.250,1.610,1.110,1,0,39.117,0,0,26,282,4,17,2
