"pcp-dstat 5.3.6 CSV Output"
"Author:","PCP team <pcp@groups.io> and Dag Wieers <dag@wieers.com>",,,,"URL:","https://pcp.io/ and http://dag.wieers.com/home-made/dstat/"
"Host:","ubuntu",,,,"User:","ubuntu"
"Cmdline:","dstat -tcmndrylpg --tcp --output /tmp/devstack_logs/dstat-csv.log",,,,"Date:","17 Jan 2026 03:46:58 UTC"
"system","total usage",,,,,"memory usage",,,,"net/total",,"dsk/total",,"io/total",,"system",,"load avg",,,"procs",,,"paging",,"tcp sockets",,,,
"time","total usage:usr","total usage:sys","total usage:idl","total usage:wai","total usage:stl","used","free","buf","cach","net/total:recv","net/total:send","dsk/total:read","dsk/total:writ","read","writ","int","csw","1m","5m","15m","run","blk","new","in","out","lis","act","syn","tim","clo"
17-01 03:46:58,,1022480,454232,177180,6107220,,,,,,,1.470,0.900,0.520,1,0,,,,9,4,6,12,2
17-01 03:46:59,19.690,19.939,58.322,0.249,0,1031696,437516,177196,6114612,92502.958,12951.511,0,1395.744,0,53.836,2971,4582,1.470,0.900,0.520,1,0,361.897,0,0,9,4,6,12,2
17-01 03:47:00,27.046,22.288,50.084,0.501,0,1034124,411768,177508,6135312,345904.503,8130.692,0,3674.187,0,113.191,3118,4804,1.470,0.900,0.520,2,0,347.585,0,0,9,4,6,12,2
17-01 03:47:01,33.265,21.010,44.520,0.250,0,1050660,368196,178120,6159408,9192.182,1620.737,0,1564.712,0,47.021,3901,7933,1.470,0.900,0.520,2,0,257.117,0,0,9,4,6,12,2
17-01 03:47:02,32.193,13.975,51.159,0.998,0,1165680,228216,179392,6304148,6908.716,1637.089,0,4028.837,0,161.712,4931,8209,1.670,0.950,0.530,1,0,77.862,0,0,10,4,6,12,2
17-01 03:47:03,26.252,8.751,64.256,0.500,0,1176308,193864,180312,6324472,14863.367,3708.341,0,2584.238,0,84.008,2020,2657,1.670,0.950,0.530,2,0,95.009,0,0,10,7,6,11,2
17-01 03:47:04,36.553,15.272,48.070,0.501,0,1104240,282164,180336,6308704,7621.020,2417.496,80.116,16251.500,1.001,418.605,3126,3340,1.670,0.950,0.530,2,0,196.284,0,0,10,4,6,13,0
17-01 03:47:05,39.002,4.250,55.753,0,0,1205124,172792,180728,6316044,15077.739,3707.182,0,992.049,0,4.000,1219,1300,1.670,0.950,0.530,2,0,4.000,0,0,10,5,6,13,0
17-01 03:47:06,37.010,7.252,50.764,4.501,0,1215120,156204,181212,6321484,9023.472,2924.801,0,24530.721,0,1831.502,9710,15781,1.670,0.950,0.530,1,1,37.010,0,0,10,7,6,13,0
17-01 03:47:07,35.238,5.748,49.483,8.997,0,1204804,153712,182384,6331608,12477.608,3477.776,0,43152.810,0,3257.853,13101,25949,1.620,0.960,0.540,3,0,56.980,0,0,10,4,6,13,0
17-01 03:47:08,42.518,11.255,45.270,0.250,0,1181908,175788,182460,6332112,6822.941,1662.717,0,4914.118,0,279.120,11910,22660,1.620,0.960,0.540,2,0,88.038,0,0,10,4,6,13,0
17-01 03:47:09,44.747,7.749,46.497,0.750,0,1112124,251872,182596,6325588,11600.200,1619.888,0,8891.386,0,384.973,7325,13176,1.620,0.960,0.540,3,1,24.998,0,0,10,4,6,13,0
17-01 03:47:10,44.920,6.489,49.163,0,0,1175204,196588,182600,6319576,9658.884,1752.894,0,922.366,0,38.931,1432,1530,1.620,0.960,0.540,2,0,12.977,0,0,10,4,6,13,0
17-01 03:47:11,27.023,10.259,62.303,0,0,1062912,308856,182604,6319596,10443.877,1621.378,0,60.051,0,5.004,1820,2332,1.620,0.960,0.540,1,0,157.134,0,0,10,4,6,13,0
17-01 03:47:12,7.754,21.512,69.289,0,0,1062336,309408,182604,6319620,6580.751,1620.924,0,12.007,0,3.002,2453,3386,1.570,0.960,0.540,1,0,269.153,0,0,10,4,6,13,0
17-01 03:47:13,9.248,20.246,69.238,0,0,1062264,309464,182604,6319632,9069.395,1619.713,0,27.995,0,6.999,2430,3308,1.570,0.960,0.540,2,0,257.954,0,0,10,4,6,13,0
17-01 03:47:14,16.476,17.724,63.907,0,0,1074812,296504,182604,6319932,8898.071,1509.806,0,41531.655,0,109.840,4970,10138,1.570,0.960,0.540,1,0,159.768,0,0,10,4,6,13,0
17-01 03:47:15,47.756,7.251,44.755,0,0,1199880,171396,182604,6320396,5388.641,1620.193,0,64.008,0,3.000,1756,2417,1.570,0.960,0.540,2,0,125.015,0,0,10,5,6,13,0
17-01 03:47:16,51.996,5.250,41.747,0,0.250,1216232,162120,182612,6313304,5498.577,1619.875,0,9263.287,0,552.957,2953,5217,1.570,0.960,0.540,2,0,35.997,0,0,10,5,6,14,0
17-01 03:47:17,22.741,10.496,66.224,0.500,0,1242244,136600,182636,6312836,12742.916,1619.354,123.951,1659.338,11.995,64.974,2244,6162,1.760,1.010,0.560,0,0,117.953,0,0,10,4,6,13,0
17-01 03:47:18,0.750,0.750,98.769,0,0,1242700,136128,182636,6312852,6301.191,1640.310,0,36.007,0,4.001,629,943,1.760,1.010,0.560,0,0,0,0,0,10,4,6,13,0
17-01 03:47:19,14.268,8.260,74.344,1.502,0,1281472,129104,180712,6283460,11543.533,1696.135,584.736,125209.639,14.018,647.816,2463,2470,1.760,1.010,0.560,2,0,21.026,0,0,10,4,6,13,0
17-01 03:47:20,23.748,2.750,72.993,0.250,0,1319292,126364,179796,6249336,12112.910,1619.854,547.951,0,15.999,0,1203,1214,1.760,1.010,0.560,1,0,0,0,0,10,4,6,13,0
17-01 03:47:21,23.271,3.503,71.565,1.251,0,1340260,133196,179804,6221680,10103.234,1513.383,4.004,9536.717,1.001,421.385,3334,5217,1.760,1.010,0.560,2,0,1.001,0,0,10,4,6,15,0
17-01 03:47:22,20.209,5.988,73.351,0.249,0,1304052,168368,180004,6222516,9920.871,1616.720,1173.619,0,44.909,0,1244,1539,1.700,1.010,0.560,1,0,41.915,0,0,10,4,6,15,0
17-01 03:47:23,23.780,4.005,72.593,1.001,0,1330428,141208,180212,6223088,5933.565,1622.068,540.689,2266.890,91.116,40.051,1910,2955,1.700,1.010,0.560,3,0,3.004,0,0,10,29,6,15,0
17-01 03:47:24,20.761,5.753,73.288,0,0,1319276,152028,180212,6223356,9760.007,1704.875,0,0,0,0,1182,1467,1.700,1.010,0.560,2,0,43.022,0,0,10,28,6,15,0
17-01 03:47:25,21.208,10.230,66.866,0,0,1302256,168912,180212,6223492,7640.741,1562.879,135.729,63.872,7.984,6.986,1994,2837,1.700,1.010,0.560,2,0,156.687,0,0,10,28,6,16,0
17-01 03:47:26,45.604,7.016,48.109,0.251,0,1404868,130564,179824,6160384,8216.701,1697.864,24.055,0,4.009,0,1768,3018,1.700,1.010,0.560,3,0,0,0,0,10,30,6,16,0
17-01 03:47:27,49.998,19.249,30.749,0.250,0,1395828,138712,179848,6161244,10361.627,1693.939,891.968,395.986,34.999,35.999,3988,8344,2.450,1.170,0.620,5,0,433.984,0,0,10,28,6,19,0
17-01 03:47:28,82.995,15.499,1.250,0,0,1585184,124088,177248,5992400,7174.541,1511.903,1559.900,3399.782,169.989,403.974,4805,7472,2.450,1.170,0.620,7,0,143.991,0,0,10,30,6,19,0
17-01 03:47:29,76.714,13.494,9.496,0.250,0,1444936,299476,176492,5958900,8672.941,1619.242,543.746,1179.448,84.960,140.934,4356,7860,2.450,1.170,0.620,2,0,199.906,0,0,10,30,6,19,0
17-01 03:47:30,31.189,8.733,59.883,0,0.250,1353724,390508,176496,5959076,7163.018,1616.844,0,291.431,0,26.947,2442,4874,2.450,1.170,0.620,1,0,109.786,0,0,10,28,6,20,0
17-01 03:47:31,23.270,2.502,72.813,0.250,0,1314040,430180,176496,5959088,5400.709,1621.414,0,196.171,0,22.019,1864,3115,2.450,1.170,0.620,1,0,10.009,0,0,10,28,6,21,0
17-01 03:47:32,20.241,6.747,72.967,0,0,1374628,369584,176496,5959096,8777.971,1619.257,0,111.949,0,5.997,1355,1749,2.330,1.170,0.620,1,0,57.973,0,0,10,28,6,21,0
17-01 03:47:33,17.768,10.010,70.320,0.500,0,1315056,428812,176528,5959408,7047.985,1567.553,332.329,1097.087,8.008,75.074,2391,3973,2.330,1.170,0.620,1,0,115.114,0,0,10,28,6,20,0
17-01 03:47:34,11.000,20.749,67.498,0.250,0,1311948,430620,176528,5960708,5916.822,1585.952,1251.962,67.998,22.999,7.000,2562,3361,2.330,1.170,0.620,1,0,332.990,0,0,10,28,6,20,0
17-01 03:47:35,40.811,28.542,30.545,0,0,1435636,306836,176528,5960804,9250.747,1622.411,80.119,164.244,1.001,19.028,2881,4603,2.330,1.170,0.620,5,0,572.851,0,0,10,28,5,20,0
17-01 03:47:36,81.472,12.496,5.498,0,0,1608716,133548,176532,5961008,8009.237,1619.441,0,307.894,0,25.991,4933,9770,2.330,1.170,0.620,5,0,24.991,0,0,10,31,5,20,0
17-01 03:47:37,82.738,12.248,4.749,0,0,1478972,262948,176556,5961328,9486.577,1619.757,0,531.920,0,59.991,4272,10874,2.790,1.280,0.660,5,0,119.982,0,0,10,28,5,20,0
17-01 03:47:38,80.784,17.507,2.001,0,0,1584444,157104,176556,5961700,10502.485,1620.692,0,200.085,0,12.005,4478,8606,2.790,1.280,0.660,6,0,190.081,0,0,10,30,5,20,0
17-01 03:47:39,76.712,13.743,8.496,0,0.250,1420276,321200,176560,5961768,5469.265,1619.190,0,199.900,0,12.994,4889,11215,2.790,1.280,0.660,2,0,199.900,0,0,10,28,5,20,0
17-01 03:47:40,43.188,9.986,47.932,0.250,0,1332464,408796,176576,5961968,9672.207,1617.693,3.994,371.470,0.999,33.952,3986,7654,2.790,1.280,0.660,2,0,97.860,0,0,10,28,5,21,0
17-01 03:47:41,44.062,6.509,48.819,0,0,1432876,308364,176576,5961988,8909.598,1460.065,0,232.329,0,21.030,2118,3476,2.790,1.280,0.660,2,0,0,0,0,10,28,5,21,0
17-01 03:47:42,54.257,18.502,26.253,0,0,1433884,307300,176576,5962044,5779.705,1620.198,0,220.027,0,17.002,3092,6256,2.880,1.330,0.680,3,0,378.046,0,0,10,28,5,21,0
17-01 03:47:43,63.499,7.500,29.250,0,0,1502176,238784,176588,5962256,9234.861,1619.976,0,291.996,0,28.000,2845,8340,2.880,1.330,0.680,3,0,0,0,0,10,29,5,22,0
17-01 03:47:44,77.743,17.998,4.500,0,0,1534656,206212,176596,5962340,7019.410,1693.858,0,3239.728,0,125.989,2372,3675,2.880,1.330,0.680,4,0,257.978,0,0,10,29,5,22,0
17-01 03:47:45,70.007,11.751,17.752,0,0,1376664,364028,176616,5962496,10777.067,1694.168,0,404.040,0,32.003,4426,12919,2.880,1.330,0.680,5,0,144.014,0,0,10,28,5,24,0
17-01 03:47:46,63.108,13.220,23.198,0,0,1495592,244444,176620,5963148,9556.422,1710.139,566.720,203.540,4.989,10.975,1935,2747,2.880,1.330,0.680,3,0,180.592,0,0,10,28,5,23,0
17-01 03:47:47,56.129,15.786,28.064,0.251,0,1360692,378952,176624,5963536,5213.961,1589.647,0,553.269,0,50.115,4068,10823,2.890,1.360,0.690,3,0,299.687,0,0,10,28,5,23,0
17-01 03:47:48,65.638,7.238,26.705,0,0,1507772,231840,176628,5963564,9083.540,1563.339,0,171.708,0,6.988,2481,4189,2.890,1.360,0.690,2,0,0,0,0,10,31,5,21,0
17-01 03:47:49,61.977,14.745,22.492,0.250,0,1437028,302364,176632,5963748,7594.221,1661.392,0,319.883,0,24.991,3792,7921,2.890,1.360,0.690,3,0,286.895,0,0,10,28,5,23,0
17-01 03:47:50,64.885,7.265,27.557,0,0,1412516,325168,176672,5965416,8809.332,1623.378,1126.344,3511.307,11.023,232.484,4091,9860,2.890,1.360,0.690,4,0,64.133,0,0,10,28,5,25,0
17-01 03:47:51,67.000,8.750,25.000,0,0,1497652,239828,176672,5965620,7341.993,1693.998,0,164.000,0,8.000,1796,2547,2.890,1.360,0.690,5,0,48.000,0,0,10,28,5,25,1
17-01 03:47:52,66.001,15.500,16.750,0.250,0,1414504,322752,176840,5965676,9636.087,1846.017,136.001,776.007,5.000,60.001,4030,10497,2.980,1.400,0.710,6,0,372.003,0,0,10,28,6,29,0
17-01 03:47:53,82.025,14.754,3.501,0,0,1602164,135016,176844,5965716,8904.698,1694.513,0,392.119,0,27.008,3399,6680,2.980,1.400,0.710,7,0,181.055,0,0,10,29,6,31,0
17-01 03:47:54,82.245,16.749,1.500,0,0,1513892,222900,176848,5966100,5335.680,1619.903,0,467.972,0,31.998,3565,6500,2.980,1.400,0.710,7,0,290.983,0,0,10,28,6,28,0
17-01 03:47:55,79.979,14.996,3.749,0,0,1532720,203888,176860,5966272,5198.607,1585.575,0,443.881,0,31.991,3859,7469,2.980,1.400,0.710,6,0,201.946,0,0,10,29,6,28,0
17-01 03:47:56,73.007,18.252,7.251,0,0,1504184,232320,176860,5966376,9433.943,1566.157,0,240.024,0,11.001,4262,10872,2.980,1.400,0.710,4,0,346.035,0,0,10,29,6,28,0
17-01 03:47:57,42.000,27.250,31.000,0,0,1316256,420016,176860,5966608,9331.897,1703.981,0,8.000,0,2.000,5492,11524,3.060,1.440,0.730,5,0,648.993,0,0,10,28,6,29,0
17-01 03:47:58,7.990,22.722,67.667,0,0,1316892,419356,176860,5966632,9721.101,1618.020,0,3.995,0,0.999,2496,3173,3.060,1.440,0.730,1,0,345.577,0,0,10,28,6,29,0
17-01 03:47:59,16.269,24.279,59.070,0,0,1337956,398292,176864,5966628,8514.106,1696.013,4.005,1902.258,1.001,52.062,3060,4450,3.060,1.440,0.730,4,0,487.579,0,0,10,28,6,29,0
17-01 03:48:00,74.887,21.967,3.744,0,0,1535916,200276,176872,5966680,10029.855,1765.334,3.994,774.830,0.998,57.913,2893,5934,3.060,1.440,0.730,6,0,624.058,0,0,10,30,6,29,0
17-01 03:48:01,73.353,22.031,3.505,0,0.250,1443548,292448,176884,5966864,7358.361,1622.284,24.034,717.010,2.003,60.085,5082,11153,3.060,1.440,0.730,8,0,461.650,0,0,10,29,6,30,0
17-01 03:48:02,81.497,15.499,3.250,0,0,1567664,168228,176888,5966964,6131.749,1511.938,12.000,363.985,2.000,26.999,4049,7840,3.300,1.520,0.760,7,0,207.991,0,0,10,28,6,30,0
17-01 03:48:03,82.256,13.251,4.500,0,0,1651600,126432,176648,5925984,6207.490,1566.124,176.014,5100.403,10.001,249.020,5652,10890,3.300,1.520,0.760,6,0,71.006,0,0,10,30,6,30,0
17-01 03:48:04,81.053,12.431,6.216,0.249,0,1666392,164944,175636,5874688,15921.131,4444.471,43.758,2724.961,9.945,483.332,8158,19423,3.300,1.520,0.760,6,0,32.819,0,0,10,31,6,31,0
17-01 03:48:05,84.467,11.061,4.022,0,0,1495296,328904,175968,5880892,7073.086,1803.969,0,1516.380,0,73.406,4466,9994,3.300,1.520,0.760,6,0,99.550,0,0,10,29,6,32,0
17-01 03:48:06,83.998,12.000,3.250,0,0,1630416,192420,176012,5882048,9612.827,1619.971,0,539.990,0,16.000,3638,8667,3.300,1.520,0.760,6,0,63.999,0,0,10,29,6,30,0
17-01 03:48:07,80.269,13.253,5.751,0,0,1629808,192256,176040,5882728,8909.085,2093.490,0,1492.349,0,15.004,8209,19599,3.520,1.600,0.780,7,0,82.019,0,0,10,33,6,31,0
17-01 03:48:08,82.480,11.497,4.999,0.250,0,1569048,252444,176124,5883212,159696.673,11451.252,0,1123.730,0,45.989,6959,15909,3.520,1.600,0.780,7,0,104.975,0,0,10,31,6,31,0
17-01 03:48:09,80.258,15.502,4.250,0,0,1597796,222680,176216,5884104,506201.633,10043.024,0,1388.142,0,52.005,4650,9583,3.520,1.600,0.780,7,0,114.012,0,0,10,31,6,32,0
17-01 03:48:10,82.627,11.733,5.741,0,0.250,1658828,161160,176340,5884372,73376.595,10002.087,0,1349.987,0,67.899,5424,11055,3.520,1.600,0.780,5,0,29.955,0,0,10,33,6,32,0
17-01 03:48:11,81.115,13.018,5.758,0,0,1568348,251132,176420,5884796,24345.376,5939.386,0,941.329,0,50.071,4513,12622,3.520,1.600,0.780,6,0,98.139,0,0,10,31,6,34,0
17-01 03:48:12,83.654,11.986,3.746,0,0,1609056,209820,176548,5885204,63631.206,7202.760,0,1038.812,0,44.949,4438,8879,3.630,1.650,0.810,6,0,103.881,0,0,10,31,6,34,0
17-01 03:48:13,80.864,13.769,4.757,0,0,1599552,218924,176564,5885556,11432.131,3712.238,4.006,504.712,1.001,40.057,4899,11966,3.630,1.650,0.810,7,0,185.261,0,0,10,33,6,34,0
17-01 03:48:14,85.253,12.000,2.750,0,0,1595168,221936,176572,5886920,9038.343,1686.064,0,352.013,0,23.001,4652,10623,3.630,1.650,0.810,8,0,64.002,0,0,10,32,6,34,0
17-01 03:48:15,82.726,13.496,2.749,0,0,1614080,195944,177140,5892440,7618.806,1867.462,0,1327.618,0,32.990,4269,9114,3.630,1.650,0.810,8,0,94.973,0,0,10,30,6,35,0
17-01 03:48:16,82.761,13.252,3.751,0,0,1586260,223172,177196,5893236,19767.688,5732.780,8.001,868.118,1.000,36.005,3717,6468,3.630,1.650,0.810,6,0,133.018,0,0,10,32,6,35,0
17-01 03:48:17,79.948,10.993,8.994,0,0,1694012,130804,176784,5878212,24022.385,6514.765,0,10281.317,0,408.734,5191,15108,4.060,1.770,0.850,4,0,20.986,0,0,10,35,6,38,0
17-01 03:48:18,70.782,14.507,13.756,0.250,0,1443956,380576,176892,5878348,22503.194,6669.021,8.004,1500.680,2.001,100.045,5681,12712,4.060,1.770,0.850,6,0,279.126,0,0,10,30,6,39,0
17-01 03:48:19,80.742,10.999,8.249,0,0,1629492,194628,176984,5878592,24236.455,6647.302,0,931.902,0,45.995,3203,5467,4.060,1.770,0.850,9,0,0,0,0,10,31,6,40,0
17-01 03:48:20,69.160,13.732,15.979,0,0,1529196,294420,177076,5878932,25453.013,6650.381,3.995,1102.571,0.999,51.933,5791,13074,4.060,1.770,0.850,5,0,172.776,0,0,10,31,6,44,0
17-01 03:48:21,82.249,13.500,4.250,0,0,1585268,237988,177152,5879144,21586.741,4743.943,0,739.991,0,37.000,2954,5442,4.060,1.770,0.850,6,0,134.998,0,0,10,33,6,44,0
17-01 03:48:22,81.246,12.999,5.250,0,0,1525728,289888,177716,5885300,7810.586,1793.905,0,1615.914,0,49.997,3572,9309,4.060,1.810,0.870,7,0,130.993,0,0,10,30,6,45,0
17-01 03:48:23,68.353,13.520,17.276,0,0,1457904,356336,177832,5886312,16190.415,4957.476,0,15827.868,0,104.157,4573,11804,4.060,1.810,0.870,4,0,98.148,0,0,10,33,6,43,0
17-01 03:48:24,67.028,9.004,23.760,0.250,0,1538628,275224,177900,5886552,23050.727,6008.536,0,932.393,0,47.020,2848,5090,4.060,1.810,0.870,7,0,35.015,0,0,10,36,6,43,0
17-01 03:48:25,73.458,9.495,15.741,0,0,1505796,307416,177984,5887076,57247.968,5339.919,0,899.481,0,49.971,5491,12756,4.060,1.810,0.870,4,0,123.928,0,0,10,35,6,44,0
17-01 03:48:26,83.389,14.231,2.746,0.250,0,1563040,241848,178592,5893692,6235.719,1949.411,0,1230.366,0,21.971,2634,4268,4.060,1.810,0.870,6,0,52.930,0,0,10,35,6,44,0
17-01 03:48:27,75.571,11.511,12.011,0.250,0,1505324,298904,178672,5894156,37286.086,4065.826,0,452.426,0,13.012,4068,7963,3.970,1.830,0.880,6,0,124.117,0,0,10,35,6,43,0
17-01 03:48:28,78.229,7.998,12.997,0,0,1607040,190164,179160,5899692,16353.683,3481.081,0,1443.619,0,50.987,4338,8444,3.970,1.830,0.880,6,0,0,0,0,10,35,6,44,0
17-01 03:48:29,74.796,14.509,10.506,0.250,0,1528736,266472,179336,5901236,27531.014,4315.667,0,1060.655,0,43.027,2326,4112,3.970,1.830,0.880,4,0,271.168,0,0,10,34,6,42,0
17-01 03:48:30,69.683,10.740,17.983,0.250,0,1457692,336068,179504,5902432,375454.690,15645.028,0,1750.325,0,82.921,5857,11044,3.970,1.830,0.880,5,0,138.867,0,0,10,35,6,44,0
17-01 03:48:31,67.957,10.455,20.412,0.498,0,1518492,239324,179576,5938220,18301726.164,117612.326,0,18779.100,0,74.678,10183,10498,3.970,1.830,0.880,3,0,30.867,0,0,10,36,6,43,0
17-01 03:48:32,65.351,13.824,19.354,0.754,0,1503620,218560,179832,5972672,17576022.971,91916.869,410.204,21407.020,60.324,305.642,8282,8091,3.900,1.850,0.890,4,0,164.886,0,0,10,34,6,44,0
17-01 03:48:33,67.983,7.248,23.494,0.750,0,1580260,129236,180104,5984804,6106208.917,30562.207,0,12772.743,0,297.924,6823,12116,3.900,1.850,0.890,6,0,3.999,0,0,10,36,6,45,0
17-01 03:48:34,64.222,20.491,13.494,0.250,0,1505748,191892,180188,5996000,5617691.304,21598.605,3.998,6289.264,1.000,46.980,11760,22472,3.900,1.850,0.890,3,0,350.847,0,0,10,34,6,45,0
17-01 03:48:35,63.775,11.254,25.260,0,0,1463416,233668,180252,5996420,8573.309,1620.626,0,740.286,0,21.008,4071,8151,3.900,1.850,0.890,3,0,73.028,0,0,10,34,6,45,0
17-01 03:48:36,66.263,8.502,25.505,0,0,1502824,192936,180544,5997304,6868.360,1532.303,0,892.177,0,34.007,2465,3707,3.900,1.850,0.890,2,1,8.002,0,0,10,35,6,45,0
17-01 03:48:37,61.508,12.002,26.253,0.750,0,1454876,191060,181768,6042040,9000.188,1620.214,8.001,5260.694,2.000,231.030,4241,6677,3.820,1.870,0.900,3,0,100.013,0,0,10,34,6,45,0
17-01 03:48:38,63.498,11.750,22.999,1.000,0,1514416,126028,181064,6045804,10187.705,1619.953,16.000,173554.967,3.000,871.975,4093,4611,3.820,1.870,0.900,3,0,0,0,0,10,35,6,46,0
17-01 03:48:39,60.751,14.500,25.000,0.500,0,1460984,154232,192880,6048184,9845.138,1620.023,368.005,13324.187,4.000,55.001,3176,5668,3.820,1.870,0.900,4,0,35.000,0,0,10,34,6,48,0
17-01 03:48:40,65.991,8.499,24.247,0.250,0,1452308,276232,193252,5938896,9022.755,2115.708,0,4127.430,0,45.994,2805,4710,3.820,1.870,0.900,3,0,4.999,0,0,10,34,6,50,0
17-01 03:48:41,53.887,21.206,24.449,0.249,0,1443968,284132,193256,5939332,5489.499,1616.613,43.908,1077.742,7.983,29.937,3471,6769,3.820,1.870,0.900,3,0,445.068,0,0,10,32,6,50,0
17-01 03:48:42,75.686,13.032,11.779,0,0,1458760,255088,193396,5953436,4390.797,1623.993,1852.555,1491.668,26.064,35.086,6072,13523,3.840,1.910,0.920,3,0,261.643,0,0,10,33,6,51,0
17-01 03:48:43,44.623,25.179,28.419,0.997,0,1417356,292248,193400,5957672,9273.691,1453.875,3813.182,434.767,99.717,17.949,3883,6821,3.840,1.910,0.920,2,0,586.337,0,0,10,32,6,50,0
17-01 03:48:44,43.616,8.523,47.877,0,0,1391620,317108,193404,5958544,10474.874,1624.322,0,364.971,0,30.080,3294,6816,3.840,1.910,0.920,2,0,76.203,0,0,10,33,6,50,0
17-01 03:48:45,34.239,20.243,45.985,0,0,1395308,313116,193404,5958848,11525.277,1619.477,0,347.888,0,27.991,2919,4379,3.840,1.910,0.920,2,0,351.886,0,0,10,33,6,48,0
17-01 03:48:46,23.400,5.228,70.947,0,0,1346936,361216,193412,5959112,14284.050,1706.717,0,302.708,0,24.894,2132,4231,3.840,1.910,0.920,2,0,44.809,0,0,10,32,6,49,0
17-01 03:48:47,23.320,2.257,73.221,0,0,1394808,313336,193412,5959120,10497.714,1624.909,0,176.533,0,12.036,1207,1598,3.610,1.890,0.920,1,0,0,0,0,10,32,6,49,0
17-01 03:48:48,20.255,7.002,72.018,0,0,1344344,363708,193412,5959212,9103.330,1694.434,0,184.047,0,9.002,1869,3612,3.610,1.890,0.920,1,0,56.014,0,0,10,32,6,49,0
17-01 03:48:49,24.025,3.003,73.828,0,0,1393448,314596,193416,5959216,5990.296,1695.782,0,164.173,0,8.008,1052,1799,3.610,1.890,0.920,1,0,0,0,0,10,33,6,45,0
17-01 03:48:50,18.471,8.736,72.136,0,0,1358940,349088,193420,5959228,9915.304,1455.696,0,243.614,0,20.967,1674,2300,3.610,1.890,0.920,2,0,90.856,0,0,10,32,6,46,0
17-01 03:48:51,22.734,3.997,72.698,0.250,0,1390692,317336,193436,5959212,9099.448,1618.834,0,203.853,0,18.986,1841,3053,3.610,1.890,0.920,1,0,0,0,0,10,32,6,44,0
17-01 03:48:52,17.251,9.751,72.254,0,0,1366724,341272,193436,5959244,5223.293,1620.091,0,144.008,0,9.001,1489,1836,3.400,1.880,0.920,1,0,99.006,0,0,10,32,6,44,0
17-01 03:48:53,24.535,2.754,72.855,0.501,0,1393436,314560,193472,5959208,10665.401,1622.343,0,1173.695,0,75.108,1803,3130,3.400,1.880,0.920,1,0,0,0,0,10,32,6,40,0
17-01 03:48:54,17.489,8.495,72.706,0,0,1387816,319988,193472,5959400,7040.705,1619.012,0,2562.437,0,199.878,1871,2005,3.400,1.880,0.920,2,0,93.943,0,0,10,32,6,40,0
17-01 03:48:55,25.003,3.250,71.758,0.250,0,1403940,303860,193476,5959400,10308.134,1620.178,0,284.031,0,26.003,2843,4902,3.400,1.880,0.920,2,0,1.000,0,0,10,32,6,40,0
17-01 03:48:56,20.526,5.507,73.592,0,0,1388068,319704,193476,5959428,11270.065,1587.982,0,8.010,0,2.002,1129,1355,3.400,1.880,0.920,1,0,30.037,0,0,10,32,6,40,0
17-01 03:48:57,22.980,3.747,72.437,0,0,1321700,386056,193476,5959444,5620.111,1638.574,0,0,0,0,2661,4872,3.210,1.860,0.920,1,0,24.978,0,0,10,32,6,40,0
17-01 03:48:58,11.763,23.527,64.824,0,0,1327424,380012,193488,5959752,9292.538,1621.839,12.014,332.377,1.001,26.030,2938,4188,3.210,1.860,0.920,2,0,422.479,0,0,10,32,6,42,0
17-01 03:48:59,42.733,7.747,48.730,0.500,0,1468828,236880,193524,5961440,14295.153,1619.338,1211.504,915.626,21.991,9.996,1594,1792,3.210,1.860,0.920,2,0,38.984,0,0,10,32,6,42,0
17-01 03:49:00,39.011,8.502,44.262,8.502,0,1392828,305820,194004,5967984,7168.021,1620.457,324.091,38398.828,18.005,3548.001,15264,28259,3.210,1.860,0.920,3,0,126.036,0,0,10,36,6,42,0
17-01 03:49:01,42.004,8.001,41.754,8.001,0,1470404,226804,194244,5969176,14305.516,1620.172,0,36379.856,0,3201.339,12630,24754,3.210,1.860,0.920,2,0,45.005,0,0,10,34,6,41,0
17-01 03:49:02,43.913,6.737,48.903,0,0,1411604,285564,194244,5969216,7463.215,1616.797,19.960,702.608,0.998,37.925,1316,1482,3.110,1.860,0.930,2,0,7.984,0,0,10,32,6,41,0
17-01 03:49:03,41.002,7.250,45.253,6.500,0,1492576,203944,194420,5969688,9394.564,1620.097,0,12288.737,0,2311.139,13483,27148,3.110,1.860,0.930,3,0,3.000,0,0,10,34,6,41,0
17-01 03:49:04,29.488,6.747,62.725,0.500,0,1368824,327644,194428,5969732,6691.377,1585.379,0,6829.323,0,389.847,2165,3323,3.110,1.860,0.930,1,0,98.961,0,0,10,32,6,41,0
17-01 03:49:05,22.999,3.750,72.747,0.250,0,1421228,275228,194440,5969732,5230.749,1565.925,0,2915.860,0,177.991,1410,2030,3.110,1.860,0.930,1,0,3.000,0,0,10,32,6,41,0
17-01 03:49:06,23.052,3.007,72.913,0.501,0,1383804,312596,194476,5969752,10600.756,1623.639,0,7332.432,0,430.966,1756,2494,3.110,1.860,0.930,1,0,1.002,0,0,10,32,5,39,0
17-01 03:49:07,24.697,0.998,73.093,0,0,1425636,270764,194484,5969744,9223.170,1616.524,0,115.751,0,11.974,952,1169,2.940,1.850,0.930,1,0,1.996,0,0,10,32,5,39,0
17-01 03:49:08,21.996,3.749,73.488,0,0,1397060,299316,194484,5969768,9170.533,1619.741,0,3.999,0,1.000,937,1100,2.940,1.850,0.930,1,0,1.000,0,0,10,32,5,38,0
17-01 03:49:09,23.558,4.260,72.428,0.501,0,1336140,360160,194484,5969836,7109.454,1623.987,0,63612.168,0,742.824,2240,1374,2.940,1.850,0.930,1,0,3.007,0,0,10,32,5,38,0
17-01 03:49:10,22.947,2.744,73.830,0,0,1405436,290860,194484,5969836,10586.598,1616.274,0,0,0,0,958,1101,2.940,1.850,0.930,1,0,1.995,0,0,10,32,5,37,0
17-01 03:49:11,23.749,2.250,73.748,0,0,1337560,358648,194484,5969924,10824.762,1511.967,0,0,0,0,902,1032,2.940,1.850,0.930,1,0,1.000,0,0,10,32,5,37,0
17-01 03:49:12,23.001,3.250,73.505,0.250,0,1359924,335752,194484,5970456,5089.316,1566.097,500.031,892.055,4.000,4.000,877,1077,2.790,1.830,0.930,1,0,1.000,0,0,10,32,5,35,0
17-01 03:49:13,23.249,3.500,73.496,0,0,1429024,266956,194492,5970448,5723.708,1619.917,0,91.995,0,12.999,1003,1354,2.790,1.830,0.930,1,0,2.000,0,0,10,32,5,35,0
17-01 03:49:14,23.307,4.260,71.676,0,0,1400280,295700,194496,5970484,10835.612,1698.171,0,38446.424,0,123.303,1312,1508,2.790,1.830,0.930,1,0,1.002,0,0,10,32,5,35,0
17-01 03:49:15,23.441,2.743,73.316,0,0,1375588,320360,194496,5970516,10650.278,1689.760,0,0,0,0,964,1111,2.790,1.830,0.930,1,0,1.995,0,0,10,32,5,35,0
17-01 03:49:16,23.251,2.500,74.002,0,0,1432288,263660,194496,5970516,10286.288,1620.045,0,0,0,0,913,1042,2.790,1.830,0.930,1,0,2.000,0,0,10,32,5,34,0
17-01 03:49:17,14.999,19.998,65.244,0,0,1325280,370552,194496,5970736,9397.192,1693.854,0,263.977,0,3.000,2762,6454,2.640,1.820,0.930,1,0,316.973,0,0,10,32,5,35,0
17-01 03:49:18,8.758,21.270,68.316,0,0,1332604,363180,194496,5970680,8811.459,1513.453,0,704.676,0,8.008,2570,3590,2.640,1.820,0.930,1,0,328.315,0,0,10,32,5,30,0
17-01 03:49:19,9.989,18.979,69.673,0.499,0,1333780,361540,194500,5971140,9126.915,1606.225,107.881,1985.806,5.993,11.987,2430,3525,2.640,1.820,0.930,2,0,275.695,0,0,10,32,5,30,0
17-01 03:49:20,10.500,20.251,69.503,0,0,1339976,355324,194500,5971160,6054.224,1620.060,0,92.003,0,2.000,2431,3401,2.640,1.820,0.930,1,0,286.011,0,0,10,32,5,26,0
17-01 03:49:21,12.025,14.280,71.649,0,0,1364684,330592,194500,5971184,9982.824,1697.541,0,0,0,0,1976,2668,2.640,1.820,0.930,1,0,200.418,0,0,10,32,5,26,0
17-01 03:49:22,24.240,2.249,73.220,0,0,1435504,259780,194504,5971172,8877.378,1887.230,0,343.860,0,9.996,1010,1207,2.510,1.810,0.930,1,0,1.999,0,0,10,32,6,25,0
17-01 03:49:23,23.232,2.248,73.943,0,0,1388264,306976,194516,5971204,8196.689,1692.697,0,107.917,0,11.991,1111,1468,2.510,1.810,0.930,1,0,0.999,0,0,10,32,6,25,0
17-01 03:49:24,24.252,2.000,73.756,0,0,1440696,254560,194520,5971184,9543.821,1620.139,0,380.033,0,26.002,1028,1198,2.510,1.810,0.930,1,0,2.000,0,0,10,32,6,24,0
17-01 03:49:25,23.247,3.000,73.742,0,0,1413400,281848,194520,5971192,7450.143,1573.819,0,11.999,0,2.000,978,1153,2.510,1.810,0.930,1,0,2.000,0,0,10,32,6,24,0
17-01 03:49:26,23.268,2.752,73.806,0,0,1339920,355316,194520,5971204,9885.454,1621.222,0,20.015,0,3.002,936,1034,2.510,1.810,0.930,1,0,3.002,0,0,10,32,6,23,0
17-01 03:49:27,23.493,2.499,73.729,0,0,1411208,284016,194520,5971216,9271.348,1661.525,0,0,0,0,885,1149,2.390,1.790,0.930,1,0,1.999,0,0,10,32,6,23,0
17-01 03:49:28,22.506,3.251,73.771,0,0,1351140,344064,194520,5971236,5480.578,1662.479,0,20.006,0,1.000,838,998,2.390,1.790,0.930,1,0,1.000,0,0,10,32,6,22,0
17-01 03:49:29,23.250,2.750,73.999,0,0,1422212,273000,194524,5971224,9202.899,1693.981,0,243.997,0,4.000,942,1072,2.390,1.790,0.930,1,0,2.000,0,0,10,32,6,22,0
17-01 03:49:30,23.242,2.499,73.724,0,0,1387856,307344,194524,5971236,8318.114,1767.387,0,11.996,0,1.000,920,1046,2.390,1.790,0.930,1,0,1.000,0,0,10,32,6,19,0
17-01 03:49:31,23.495,2.749,73.733,0,0,1434500,260724,194524,5971212,4596.934,1457.662,0,27.994,0,2.000,865,1046,2.390,1.790,0.930,1,0,2.000,0,0,10,32,6,19,0
17-01 03:49:32,22.518,3.753,73.558,0,0,1389952,305336,194524,5971148,9364.360,1621.274,0,4.003,0,1.001,949,1103,2.280,1.780,0.930,1,0,1.001,0,0,10,32,6,18,0
17-01 03:49:33,23.254,2.500,73.262,0.250,0,1324932,370352,194528,5971148,6553.055,1620.261,0,220.035,0,10.002,1051,1401,2.280,1.780,0.930,1,0,3.000,0,0,10,32,6,18,0
17-01 03:49:34,21.985,4.747,72.701,0.250,0.250,1347932,347264,194528,5971236,9515.548,1618.902,0,1890.718,0,31.978,1111,1283,2.280,1.780,0.930,1,0,6.995,0,0,10,32,6,16,0
17-01 03:49:35,23.474,3.246,73.917,0,0,1429092,266120,194528,5971216,7172.930,1618.180,0,0,0,0,1017,1208,2.280,1.780,0.930,1,0,2.997,0,0,10,32,6,16,0
17-01 03:49:36,24.023,1.752,73.821,0,0,1371292,323900,194528,5971236,6711.463,1621.562,0,20.019,0,1.001,902,1062,2.280,1.780,0.930,2,0,1.001,0,0,10,32,6,16,0
17-01 03:49:37,22.757,2.751,74.023,0,0,1360492,334700,194528,5971236,9081.824,1620.504,0,24.007,0,2.001,935,1092,2.180,1.770,0.930,1,0,1.000,0,0,10,32,6,16,0
17-01 03:49:38,22.748,3.000,73.992,0,0,1432072,263132,194528,5971224,7677.209,1605.835,0,4.000,0,1.000,920,1087,2.180,1.770,0.930,1,0,2.000,0,0,10,32,6,16,0
17-01 03:49:39,15.013,14.012,70.309,0,0,1340612,354552,194532,5971260,10308.701,1621.368,0,348.294,0,10.008,2032,2789,2.180,1.770,0.930,1,0,223.188,0,0,10,32,6,16,0
17-01 03:49:40,13.722,15.968,69.609,0,0,1360816,334324,194532,5971284,10180.405,1616.729,0,678.627,0,103.790,2306,2991,2.180,1.770,0.930,3,0,236.522,0,0,10,32,6,12,0
17-01 03:49:41,23.002,2.750,74.006,0,0,1418512,276616,194532,5971296,9188.790,1620.139,0,0,0,0,905,1074,2.180,1.770,0.930,1,0,0,0,0,10,32,6,12,0
17-01 03:49:42,22.259,3.752,74.030,0,0,1375784,319104,194532,5971536,9207.729,1620.656,0,0,0,0,949,1098,2.080,1.750,0.930,1,0,9.004,0,0,10,32,6,8,0
17-01 03:49:43,22.027,7.259,70.087,0.250,0,1329352,365520,194544,5971540,7865.801,1622.021,4.005,316.394,1.001,34.042,1657,2473,2.080,1.750,0.930,1,0,121.151,0,0,10,32,6,8,0
17-01 03:49:44,8.002,21.756,68.018,0.500,0,1335156,359572,194576,5971652,5829.580,1512.410,0,6945.882,0,287.078,3184,4573,2.080,1.750,0.930,1,0,322.087,0,0,10,32,6,8,0
17-01 03:49:45,9.997,21.744,67.980,0,0.250,1337868,356836,194576,5971676,9139.295,1693.499,0,71.979,0,2.999,2590,3716,2.080,1.750,0.930,2,0,320.905,0,0,10,32,6,8,0
17-01 03:49:46,9.249,21.997,68.740,0,0,1341604,353088,194576,5971688,9677.568,1659.754,0,199.970,0,3.000,2434,3351,2.080,1.750,0.930,1,0,293.956,0,0,10,32,6,8,0
17-01 03:49:47,10.242,19.486,68.949,0,0,1342516,352144,194584,5971712,10718.058,1618.800,7.994,179.867,1.999,2.998,2525,3461,1.910,1.720,0.930,1,0,305.773,0,0,10,32,6,7,0
17-01 03:49:48,8.248,22.495,68.235,0,0,1338016,356632,194584,5971724,7724.332,1619.650,0,811.825,0,8.998,2575,3634,1.910,1.720,0.930,1,0,339.927,0,0,10,32,6,7,0
17-01 03:49:49,9.746,21.741,68.223,0,0,1336880,357768,194584,5971752,8994.384,1619.349,0,851.658,0,10.996,2510,3503,1.910,1.720,0.930,1,0,309.875,0,0,10,32,6,7,0
17-01 03:49:50,9.256,21.515,68.297,0,0,1337416,357216,194584,5971768,8233.665,1621.115,0,884.609,0,13.009,2470,3442,1.910,1.720,0.930,2,0,313.215,0,0,10,32,6,7,0
17-01 03:49:51,9.250,21.249,68.747,0,0,1338340,356288,194584,5971772,5574.783,1511.941,0,891.965,0,39.998,2481,3480,1.910,1.720,0.930,1,0,310.988,0,0,10,32,6,6,0
17-01 03:49:52,7.759,20.023,70.330,0,0,1337888,356720,194588,5971788,4745.410,1621.849,0,632.721,0,19.022,2471,3746,1.760,1.700,0.920,1,0,280.320,0,0,10,32,6,6,0
17-01 03:49:53,8.480,20.201,69.832,0,0,1336380,358192,194588,5971824,9735.566,1616.110,0,135.673,0,4.988,2481,3442,1.760,1.700,0.920,1,0,292.296,0,0,10,32,6,6,0
17-01 03:49:54,8.774,20.556,70.190,0,0,1337220,357340,194588,5971836,7099.225,1644.453,0,268.728,0,5.014,2442,3406,1.760,1.700,0.920,1,0,287.779,0,0,10,32,6,6,0
17-01 03:49:55,10.243,20.736,67.953,0,0,1335804,358548,194588,5972044,9303.608,1692.837,175.879,39.973,4.997,9.993,2504,3479,1.760,1.700,0.920,3,0,304.791,0,0,10,32,6,6,0
17-01 03:49:56,8.997,20.994,68.979,0,0,1336268,358068,194588,5972060,7401.772,1693.490,0,35.989,0,8.997,2483,3467,1.760,1.700,0.920,1,0,310.906,0,0,10,32,6,6,0
17-01 03:49:57,20.514,20.014,59.291,0.751,0,1348192,342424,194616,5975780,8995.234,1621.123,3682.552,280.194,56.039,8.006,2804,4046,1.620,1.670,0.920,2,0,375.260,0,0,10,32,6,3,0
17-01 03:49:58,35.018,30.766,32.267,0.250,0,1431676,258876,194644,5975836,7436.830,1586.817,96.049,628.324,5.003,38.020,3748,6464,1.620,1.670,0.920,6,0,718.370,0,0,10,32,6,7,0
17-01 03:49:59,74.498,22.749,1.500,0,0,1613504,138584,195160,5911792,5223.859,1661.955,803.978,5951.839,21.999,324.991,8508,4451,1.620,1.670,0.920,4,0,339.991,0,0,10,32,6,7,0
17-01 03:50:00,59.504,13.001,18.501,8.501,0,1648744,124432,195596,5890376,8484.526,1620.100,408.025,47654.955,6.000,3726.231,16134,29480,1.620,1.670,0.920,6,0,143.009,0,0,10,38,6,9,0
17-01 03:50:01,55.494,15.748,18.248,10.999,0,1649776,131144,196508,5882172,9213.033,1619.830,0,85866.984,0,6536.314,24910,42650,1.620,1.670,0.920,3,0,171.982,0,0,10,36,6,9,0
17-01 03:50:02,57.234,14.496,18.995,11.247,0,1580932,206824,196896,5875260,7159.003,1639.543,71.980,75698.880,1.999,5758.393,23344,40496,2.130,1.770,0.950,7,1,96.973,0,0,10,36,6,9,0
17-01 03:50:03,47.007,16.002,27.254,11.002,0,1542100,237004,197132,5883644,8705.219,1694.237,0,57216.010,0,4741.664,17384,33882,2.130,1.770,0.950,5,1,243.034,0,0,10,34,6,9,0
17-01 03:50:04,37.774,9.756,42.277,9.506,0,1556460,216676,197488,5889144,7233.579,1695.073,4.003,48954.989,1.001,3935.491,16934,35901,2.130,1.770,0.950,2,1,96.061,0,0,10,35,6,9,0
17-01 03:50:05,37.481,7.996,40.979,11.994,0,1535592,234060,197712,5892360,9376.153,1511.219,0,52752.727,0,4618.612,17462,34514,2.130,1.770,0.950,3,1,90.953,0,0,10,34,6,9,0
17-01 03:50:06,37.514,9.003,41.016,10.254,0,1559308,210148,198136,5892128,7232.763,1694.647,0,49791.020,0,4335.656,17428,35028,2.130,1.770,0.950,1,1,24.009,0,0,10,35,6,11,0
17-01 03:50:07,34.741,11.247,42.489,11.497,0,1517144,250964,198384,5893224,7403.068,1619.577,0,51726.499,0,4519.820,20158,36916,2.200,1.790,0.970,2,0,106.972,0,0,10,34,6,11,0
17-01 03:50:08,40.001,7.250,40.751,9.750,0,1562888,202860,198504,5895456,9197.313,1620.055,0,34837.184,0,3334.113,16042,28142,2.200,1.790,0.970,1,0,45.002,0,0,10,35,6,11,0
17-01 03:50:09,38.751,9.750,41.752,9.750,0,1496376,266300,198564,5898468,8261.297,1620.058,0,53945.942,0,4594.165,21319,38586,2.200,1.790,0.970,2,1,90.003,0,0,10,34,6,11,0
17-01 03:50:10,37.447,10.236,39.445,13.231,0,1559244,199132,198804,5902492,5473.315,1711.597,0,70009.706,0,5981.602,22669,38591,2.200,1.790,0.970,2,1,65.907,0,0,10,36,6,12,0
17-01 03:50:11,37.539,8.259,44.296,8.509,0,1559584,195352,198992,5905736,8926.257,1621.682,0,53203.172,0,4586.756,21192,39405,2.200,1.790,0.970,5,1,99.103,0,0,10,36,6,22,0
17-01 03:50:12,36.185,11.479,41.925,10.731,0,1542676,208444,199168,5909376,8724.409,1617.110,0,37860.344,0,3410.905,15925,28276,2.430,1.850,0.990,5,0,105.811,0,0,10,36,6,22,0
17-01 03:50:13,37.595,9.524,41.354,10.777,0,1497692,258324,199276,5904348,9071.907,1515.827,0,68589.188,0,5643.249,22635,41788,2.430,1.850,0.990,4,0,61.154,0,0,10,36,6,23,0
17-01 03:50:14,40.483,9.496,45.481,4.248,0,1450896,304884,199296,5904588,5655.687,1619.338,0,20411.652,0,1551.365,7891,12174,2.430,1.850,0.990,4,0,127.948,0,0,10,32,6,24,0
17-01 03:50:15,21.452,11.225,66.602,0.499,0,1415016,340712,199296,5904636,5439.945,1616.418,0,1564.533,0,98.781,2359,3765,2.430,1.850,0.990,1,0,162.640,0,0,10,32,6,24,0
17-01 03:50:16,23.995,2.499,72.234,0,0,1442932,312796,199296,5904636,9593.937,1619.652,0,587.874,0,33.993,2455,4782,2.430,1.850,0.990,2,0,0,0,0,10,32,6,25,0
17-01 03:50:17,25.061,8.771,66.162,0.251,0,1430880,324816,199300,5904820,10544.782,1623.971,0,2838.941,0,167.409,2273,3727,2.310,1.830,0.990,1,0,77.189,0,0,10,32,6,25,0
17-01 03:50:18,19.493,7.747,72.225,0.250,0,1372900,382780,199300,5904676,6914.580,1693.407,0,99.965,0,12.995,2728,5456,2.310,1.830,0.990,3,0,93.967,0,0,10,32,6,26,0
17-01 03:50:19,8.734,20.713,67.877,0,0,1377536,378000,199300,5904820,10051.806,1529.232,0,163.704,0,7.986,2426,3077,2.310,1.830,0.990,2,0,294.467,0,0,10,32,6,26,0
17-01 03:50:20,11.751,22.502,64.756,0.250,0.250,1383552,371956,199308,5904840,9227.794,1620.139,8.001,412.035,2.000,31.003,2847,4032,2.310,1.830,0.990,4,0,372.032,0,0,10,32,6,28,0
17-01 03:50:21,60.603,13.774,26.044,0,0,1582780,171868,199336,5905672,9522.254,1622.770,0,761.300,0,48.082,2210,2897,2.310,1.830,0.990,3,0,118.202,0,0,10,32,6,32,0
17-01 03:50:22,66.259,9.751,23.503,0.750,0,1758428,130408,199340,5774692,10940.543,1662.234,960.135,3336.470,49.007,130.018,2004,2095,2.370,1.850,1,0,3,6.001,0,0,10,32,6,32,0
17-01 03:50:23,45.536,8.006,36.779,8.006,0,1779656,120348,199440,5763596,7355.782,1621.274,1677.318,47377.239,69.054,3938.095,17356,30768,2.370,1.850,1,1,3,162.127,0,0,10,38,6,32,0
17-01 03:50:24,32.261,9.753,43.015,14.255,0,1778372,125240,199632,5760008,9845.397,1662.574,0,105196.293,0,8079.788,29547,56530,2.370,1.850,1,4,1,261.090,0,0,10,38,6,32,0
17-01 03:50:25,45.929,11.482,30.203,11.732,0,1643828,265580,199784,5754120,9851.671,1617.483,0,73825.128,0,6715.551,28554,53494,2.370,1.850,1,3,1,228.644,0,0,10,36,6,32,0
17-01 03:50:26,43.271,13.757,31.765,11.005,0,1695608,204156,199836,5763408,10399.054,1532.745,4.002,99332.275,1.000,7337.566,27651,46539,2.370,1.850,1,3,0,169.082,0,0,10,36,6,32,0
17-01 03:50:27,44.779,10.757,33.271,12.758,0,1761672,124272,199872,5776688,7385.771,1695.095,0,71610.260,0,5526.570,23714,39469,2.420,1.870,1.010,3,0,8.005,0,0,10,36,6,32,0
17-01 03:50:28,42.479,11.244,34.982,11.994,0,1670812,226284,199904,5765620,10426.755,1619.186,7.996,80347.585,1.999,6098.932,25458,41210,2.420,1.870,1.010,1,1,152.923,0,0,10,36,6,32,0
17-01 03:50:29,36.192,7.488,49.671,7.238,0,1403264,491048,199960,5768292,7130.591,1617.412,0,44620.607,0,3372.604,13033,21758,2.420,1.870,1.010,1,0,97.843,0,0,10,32,6,32,0
17-01 03:50:30,12.517,15.521,69.846,0.501,0,1420216,474068,199960,5768320,5936.150,1622.227,0,2679.679,0,162.223,2337,3109,2.420,1.870,1.010,3,0,199.274,0,0,10,32,6,32,0
17-01 03:50:31,23.256,3.001,73.269,0.250,0,1489516,404772,199960,5768316,5766.528,1620.429,0,748.198,0,43.011,1044,1402,2.420,1.870,1.010,1,0,1.000,0,0,10,32,6,32,0
17-01 03:50:32,24.687,2.244,71.816,0.499,0,1525988,368296,199960,5768320,8438.381,1615.860,0,6020.575,0,363.070,2104,3053,2.300,1.860,1.010,1,0,1.995,0,0,10,38,6,32,0
17-01 03:50:33,21.305,4.512,73.692,0,0,1452964,441316,199960,5768324,6709.445,1515.941,0,84.219,0,7.018,1106,1372,2.300,1.860,1.010,1,0,28.073,0,0,10,32,6,32,0
17-01 03:50:34,23.738,3.248,72.962,0,0,1524280,370000,199960,5768324,9556.040,1639.149,0,39.979,0,4.997,1028,1200,2.300,1.860,1.010,1,0,7.996,0,0,10,32,6,32,0
17-01 03:50:35,19.505,7.752,71.769,0,0,1408168,486104,199968,5768320,6444.689,1620.425,84.022,512.134,9.002,40.010,1598,2180,2.300,1.860,1.010,2,0,84.022,0,0,10,32,6,32,0
17-01 03:50:36,13.984,38.457,46.698,0,0,1411480,482632,199968,5768476,8686.323,1618.197,39.955,47.947,2.997,11.987,4398,7446,2.300,1.860,1.010,2,0,938.954,0,0,10,32,5,32,0
17-01 03:50:37,13.000,40.251,46.501,0.250,0,1415256,478784,199968,5768548,6514.169,1620.042,0,384.010,0,36.001,4450,7633,2.360,1.880,1.020,1,0,941.024,0,0,10,32,5,32,0
17-01 03:50:38,9.253,16.505,73.271,0.250,0,1398752,494720,200004,5769080,6888.004,1620.472,632.184,128.037,17.005,8.002,2395,3189,2.360,1.880,1.020,1,0,211.061,0,0,11,12,5,32,20
17-01 03:50:39,8.238,18.972,70.896,0,0,1406188,487040,200004,5769308,13852.733,1617.633,0,3.994,0,0.999,2372,3211,2.360,1.880,1.020,2,0,249.635,0,0,11,12,5,32,20
17-01 03:50:40,9.769,21.042,69.137,0,0,1402980,490216,200004,5769332,9618.111,1557.094,0,32.064,0,8.016,2328,3245,2.360,1.880,1.020,3,0,245.488,0,0,11,12,5,32,20
17-01 03:50:41,21.467,17.723,58.911,0.250,0,1425572,467032,200008,5769848,5200.101,1617.543,523.205,3.994,40.938,0.998,4549,8309,2.360,1.880,1.020,2,0,188.713,0,0,11,12,5,32,20
17-01 03:50:42,16.494,19.993,62.729,0,0,1453676,438168,200016,5770528,10923.264,1565.465,43.985,11.996,1.999,2.999,2653,3834,2.250,1.860,1.020,1,0,293.899,0,0,13,12,5,32,20
17-01 03:50:43,11.270,20.787,67.871,0,0,1456568,435148,200016,5771020,7696.777,1622.905,0,332.595,0,7.013,3478,5565,2.250,1.860,1.020,8,0,223.400,0,0,13,12,5,32,20
17-01 03:50:44,25.010,18.507,55.522,0,0,1492268,399136,200016,5770864,9885.846,1694.659,4.002,36.014,1.000,3.001,4114,6578,2.250,1.860,1.020,2,0,211.082,0,0,13,12,5,32,20
17-01 03:50:45,10.241,20.233,67.942,0,0,1501596,389700,200016,5770960,8377.862,1692.558,0,507.568,0,32.972,2741,4137,2.250,1.860,1.020,2,0,258.780,0,0,15,12,5,32,20
17-01 03:50:46,13.016,19.274,66.333,0,0,1507992,383144,200020,5771432,5811.247,1716.140,68.085,664.829,1.001,13.016,3320,5437,2.250,1.860,1.020,2,0,206.257,0,0,15,12,5,32,20
17-01 03:50:47,32.257,15.753,51.511,0,0,1592384,298648,200044,5771088,11373.479,1586.346,4.001,0,1.000,0,3380,7509,2.150,1.850,1.020,14,0,133.029,0,0,17,12,5,32,20
17-01 03:50:48,83.946,16.489,0,0,0,1905372,126624,200048,5632804,8688.387,1618.954,3.997,15.990,0.999,0.999,2074,3125,2.150,1.850,1.020,12,0,36.976,0,0,17,12,5,32,20
17-01 03:50:49,36.183,16.220,46.165,0,0,1929420,178068,200064,5558752,5361.082,1617.009,0,283.476,0,8.983,2562,3996,2.150,1.850,1.020,2,0,188.651,0,0,17,12,5,32,20
17-01 03:50:50,8.257,21.518,68.807,0,0,1937284,170160,200064,5558780,8689.238,1567.306,0,16.013,0,4.003,2626,3856,2.150,1.850,1.020,3,0,245.204,0,0,17,12,5,32,20
17-01 03:50:51,14.741,17.489,65.960,0,0,1943124,164284,200064,5559000,7493.407,1692.962,0,363.777,0,5.996,4194,7214,2.150,1.850,1.020,0,0,176.892,0,0,17,12,5,32,20
17-01 03:50:52,25.997,13.249,60.493,0.250,0,1986580,119640,200068,5560004,9923.889,1845.793,1007.887,391.956,16.998,11.999,3315,5408,2.140,1.850,1.020,1,0,169.981,0,0,17,12,6,32,20
17-01 03:50:53,7.995,8.745,82.200,0,0,1987740,119180,200068,5559272,7020.766,1692.979,0,0,0,0,1714,2782,2.140,1.850,1.020,1,0,91.945,0,0,18,12,6,33,20
17-01 03:50:54,23.043,4.508,70.631,1.002,0,2043460,136392,200072,5487784,4718.777,1514.818,0,5750.696,0,394.734,1924,2573,2.140,1.850,1.020,1,0,0,0,0,18,13,6,33,14
17-01 03:50:55,21.983,7.244,69.696,0.500,0,1991392,188088,200072,5488260,9078.964,1692.688,327.746,807.374,7.994,70.945,3163,5763,2.140,1.850,1.020,2,0,53.958,0,0,18,18,6,38,0
17-01 03:50:56,8.244,21.733,68.447,0,0,1998036,181284,200072,5488408,12169.520,1618.739,0,91.928,0,6.995,3014,4530,2.140,1.850,1.020,1,0,338.736,0,0,18,18,6,38,0
17-01 03:50:57,8.750,20.750,69.752,0,0,2014704,164584,200072,5488440,6971.153,1704.037,0,4.000,0,1.000,2801,4161,1.970,1.820,1.020,2,0,265.006,0,0,18,18,6,38,0
17-01 03:50:58,11.015,20.278,68.093,0,0,2011208,168028,200072,5488456,9023.263,1568.131,0,28.038,0,7.010,2799,4307,1.970,1.820,1.020,1,0,269.366,0,0,18,18,6,36,0
17-01 03:50:59,14.494,17.743,65.974,0,0,2011448,167712,200072,5488716,8664.612,1693.338,0,79.969,0,6.997,4621,8714,1.970,1.820,1.020,14,0,194.924,0,0,18,18,6,36,0
17-01 03:51:00,40.550,11.264,48.060,0,0,2082764,131528,200080,5454612,9195.402,1662.061,328.407,520.646,3.004,16.020,2757,4530,1.970,1.820,1.020,3,0,147.183,0,0,18,19,6,30,0
17-01 03:51:01,46.631,5.985,47.130,0,0,2178072,124248,200080,5368428,7384.200,1615.886,0,191.512,0,0.997,1529,1875,1.970,1.820,1.020,2,0,0,0,0,18,19,6,30,0
17-01 03:51:02,45.245,7.499,46.995,0,0,2240364,124280,200100,5307024,5586.441,1619.838,91.991,1139.886,1.000,141.986,2559,3771,2.050,1.840,1.030,2,0,20.998,0,0,18,35,6,30,0
17-01 03:51:03,26.334,15.550,58.186,0,0,2262360,120480,200108,5289228,9305.750,1625.196,0,284.911,0,6.019,5274,15201,2.050,1.840,1.030,2,0,184.590,0,0,18,34,6,30,0
17-01 03:51:04,15.456,17.699,63.817,0,0,2267424,118756,200108,5286208,6934.134,1615.372,0,155.554,0,11.966,4522,6798,2.050,1.840,1.030,2,0,227.349,0,0,18,34,6,30,0
17-01 03:51:05,4.500,3.250,91.494,0.250,0,2260472,129220,200108,5282404,11226.237,1619.890,215.985,907.938,9.999,14.999,1780,2599,2.050,1.840,1.030,0,0,26.998,0,0,18,34,6,30,0
17-01 03:51:06,2.499,1.000,95.974,0,0,2260972,128716,200108,5282408,7226.042,1565.576,0,7.998,0,1.999,1057,1772,2.050,1.840,1.030,0,0,2.999,0,0,18,34,6,28,0
17-01 03:51:07,3.000,1.500,96.761,0,0,2260972,128716,200108,5282408,10132.145,1512.171,0,0,0,0,1101,1786,1.880,1.810,1.020,0,0,3.000,0,0,18,34,6,28,0
17-01 03:51:08,1.750,1.500,96.495,0,0,2260972,128716,200108,5282408,7487.588,1767.903,0,4.000,0,1.000,1031,1732,1.880,1.810,1.020,0,0,1.000,0,0,18,34,6,28,0
17-01 03:51:09,13.031,10.525,75.680,0,0,2230000,159644,200112,5282604,6706.976,1623.868,36.086,4.010,3.007,1.002,3605,5796,1.880,1.810,1.020,2,0,182.435,0,0,18,34,6,29,0
17-01 03:51:10,13.492,15.241,68.709,0.250,0,2282564,121504,200112,5268292,4701.165,1619.024,303.817,7023.765,17.989,490.704,5300,7730,1.880,1.810,1.020,1,0,264.840,0,0,18,34,6,29,0
17-01 03:51:11,15.747,17.747,64.988,0.500,0,2284736,133012,200104,5255248,8857.432,1857.671,1095.806,1603.716,36.993,255.955,4751,9591,1.880,1.810,1.020,2,0,242.957,0,0,19,34,6,29,0
17-01 03:51:12,10.240,10.240,78.922,0.250,0,2282588,134864,200108,5255224,9208.883,1618.398,199.802,583.422,9.990,36.963,3211,6470,2.210,1.880,1.050,1,0,187.814,0,0,19,50,6,29,0
17-01 03:51:13,10.745,14.494,73.719,0,0,2286452,130960,200108,5255592,10822.422,1565.338,3.998,0,1.000,0,3292,5536,2.210,1.880,1.050,1,0,176.925,0,0,21,50,6,18,0
17-01 03:51:14,14.266,15.017,68.828,0,0,2291704,125712,200108,5255252,6830.753,1513.718,0,0,0,0,4808,7773,2.210,1.880,1.050,1,0,228.259,0,0,21,52,6,18,0
17-01 03:51:15,8.996,19.491,69.468,0,0,2297640,119664,200108,5255280,10083.392,1693.226,0,3.998,0,1.000,2833,4214,2.210,1.880,1.050,3,0,269.877,0,0,21,52,6,16,0
17-01 03:51:16,11.768,19.279,68.354,0,0,2295100,122172,200108,5255656,8963.643,1622.469,0,48.073,0,11.017,3254,5504,2.210,1.880,1.050,1,0,277.422,0,0,21,52,6,16,0
17-01 03:51:17,28.242,21.494,49.985,0.250,0,2321852,131508,200116,5222916,5144.472,1619.519,23.993,2591.230,4.999,377.888,5636,14499,2.120,1.860,1.050,7,0,324.904,0,0,22,53,6,15,0
17-01 03:51:18,30.513,24.010,45.019,0,0,2360444,128920,200136,5184804,6022.572,1620.692,0,348.149,0,6.003,3353,5658,2.120,1.860,1.050,2,0,410.175,0,0,21,52,6,16,0
17-01 03:51:19,32.504,25.503,41.255,0,0.250,2448208,127152,200180,5100808,9418.083,1620.186,36.004,36.004,3.000,9.001,3891,11948,2.120,1.860,1.050,2,0,446.051,0,0,21,56,6,16,0
17-01 03:51:20,32.743,22.496,43.491,0,0,2494196,129860,200184,5053224,9294.150,1499.702,7.998,31.994,2.000,7.998,3644,6110,2.120,1.860,1.050,3,0,362.928,0,0,21,56,6,16,0
17-01 03:51:21,44.777,22.013,32.019,0,0,2585040,133740,200196,4958764,12353.499,1711.039,0,0,0,0,3964,6104,2.120,1.860,1.050,3,0,347.211,0,0,21,56,6,10,0
17-01 03:51:22,51.489,26.744,21.495,0,0,2698496,131148,200204,4848548,12294.381,1619.655,7.998,1175.750,2.000,29.994,4695,10909,2.270,1.900,1.070,3,0,471.899,0,0,21,56,6,10,0
17-01 03:51:23,67.225,20.992,10.246,0.500,0,2805660,127356,200524,4745008,12299.363,1661.374,219.917,8148.928,54.979,501.811,4959,10758,2.270,1.900,1.070,4,0,411.845,0,0,21,56,6,10,0
17-01 03:51:24,66.964,23.737,5.497,2.499,0,2966676,134708,200528,4579496,9630.770,1693.081,3.998,7579.884,0.999,916.502,7338,18193,2.270,1.900,1.070,4,2,305.834,0,0,21,60,6,10,0
17-01 03:51:25,67.792,23.765,6.754,2.502,0,3069780,128088,200544,4483884,6427.985,1695.051,4.002,33941.043,1.001,2688.667,14049,29716,2.270,1.900,1.070,4,0,465.288,0,0,21,62,6,10,0
17-01 03:51:26,71.243,20.248,6.499,0.250,0,3152868,142348,200604,4388164,10695.973,1693.837,4.000,3291.684,1.000,223.978,8514,18455,2.270,1.900,1.070,10,0,211.980,0,0,21,66,6,13,0
17-01 03:51:27,70.995,19.249,8.249,0,0,3296924,128536,200604,4260576,7327.458,1619.880,31.998,13754.982,3.000,1028.924,8308,15033,2.570,1.970,1.090,4,0,476.965,0,0,21,79,6,20,0
17-01 03:51:28,50.121,23.938,24.687,0.249,0,3379432,127628,200604,4180760,7046.875,1569.962,19.949,7883.723,4.987,477.771,6499,15212,2.570,1.970,1.090,3,0,462.810,0,0,21,79,6,20,0
17-01 03:51:29,45.871,19.050,34.592,0,0,3468712,131920,200608,4088844,12201.309,1624.301,116.308,481.274,6.016,25.066,7050,15473,2.570,1.970,1.090,5,0,199.528,0,0,21,80,6,21,0
17-01 03:51:30,48.247,10.999,39.747,1.250,0,3605208,126980,200616,3958788,7238.479,1619.883,1035.925,8735.371,65.995,624.955,4124,8042,2.570,1.970,1.090,3,0,7.999,0,0,21,84,6,23,0
17-01 03:51:31,15.485,16.734,65.687,0.500,0,3626948,125616,200616,3938440,13220.335,1708.363,199.809,4499.689,12.988,387.629,4142,7222,2.570,1.970,1.090,1,0,255.755,0,0,21,87,6,23,0
17-01 03:51:32,8.504,20.258,70.279,0.500,0,3632428,120076,200616,3938500,12810.291,1694.700,0,540.223,0,31.013,2937,4292,2.440,1.950,1.090,2,0,243.100,0,0,21,87,6,23,0
17-01 03:51:33,7.737,20.716,69.387,0,0,3628688,127980,200616,3934380,7215.232,1691.242,0,2859.336,0,147.759,2997,4684,2.440,1.950,1.090,1,0,247.596,0,0,21,87,6,23,0
17-01 03:51:34,9.000,21.250,69.249,0,0,3635460,121364,200616,3934224,9151.881,1693.978,0,36.000,0,4.000,2807,4131,2.440,1.950,1.090,2,0,269.996,0,0,21,87,6,23,0
17-01 03:51:35,11.019,18.031,69.369,0,0,3636804,119988,200616,3934240,6934.859,1514.590,0,8.014,0,2.003,2757,4242,2.440,1.950,1.090,1,0,257.440,0,0,21,87,6,23,0
17-01 03:51:36,10.222,21.692,66.820,0,0,3632112,128932,200616,3930364,5240.892,1635.597,0,95.742,0,9.973,3246,5383,2.440,1.950,1.090,8,0,250.326,0,0,21,89,6,23,0
17-01 03:51:37,25.073,19.807,54.909,0,0,3649840,129716,200616,3911508,8717.254,1624.707,914.650,152.442,12.035,10.029,4647,8309,2.330,1.930,1.090,4,0,225.654,0,0,21,91,6,23,0
17-01 03:51:38,31.727,22.983,44.717,0.500,0,3719040,123676,200616,3848600,9304.217,1618.820,123.910,1806.683,13.990,303.779,3743,5300,2.330,1.930,1.090,3,0,382.721,0,0,21,93,6,23,0
17-01 03:51:39,26.723,20.230,51.449,0.250,0,3745716,132600,200608,3813328,10710.343,1618.390,19.980,567.435,1.998,30.969,5635,11620,2.330,1.930,1.090,1,0,279.722,0,0,21,101,6,24,0
17-01 03:51:40,53.136,24.813,21.054,0,0,3904936,118660,199388,3671264,7291.615,1772.525,669.710,822.099,39.100,86.220,6736,19029,2.330,1.930,1.090,4,0,441.126,0,0,23,113,6,24,0
17-01 03:51:41,54.718,23.486,21.737,0.500,0,4018956,134868,199320,3544208,5315.901,1619.056,171.900,10341.971,5.997,875.490,5810,9020,2.330,1.930,1.090,3,0,444.741,0,0,23,125,6,24,0
17-01 03:51:42,41.988,23.243,31.741,0.500,0,4082972,118096,199284,3496620,8595.524,1601.539,91.974,6922.006,1.000,551.841,9695,23635,2.380,1.950,1.100,2,0,364.895,0,0,23,133,6,24,0
17-01 03:51:43,36.245,21.997,41.244,0,0,4144916,125372,199252,3428184,11338.322,1619.760,7.999,339.950,2.000,10.998,3393,5510,2.380,1.950,1.100,2,0,428.937,0,0,24,133,6,24,0
17-01 03:51:44,11.726,18.712,67.614,0,0,4149664,125080,199252,3423748,12532.847,1562.863,0,251.495,0,14.970,2805,4144,2.380,1.950,1.100,1,0,229.539,0,0,24,133,6,24,0
17-01 03:51:45,19.758,17.007,61.526,0.250,0,4160432,122420,199248,3415836,7024.922,1620.674,0,464.193,0,30.012,5077,8429,2.380,1.950,1.100,1,0,160.067,0,0,24,133,6,24,0
17-01 03:51:46,30.536,22.527,46.305,0,0,4209872,129976,199220,3359212,9198.836,1716.021,324.382,2094.467,5.006,314.370,3856,5645,2.380,1.950,1.100,2,0,370.436,0,0,24,133,6,24,0
17-01 03:51:47,36.493,22.746,39.992,0,0,4291320,127680,199184,3282012,11714.751,1619.689,27.995,431.917,5.999,27.995,5093,10104,2.270,1.940,1.100,4,0,314.940,0,0,24,143,6,24,0
17-01 03:51:48,32.192,20.463,46.416,0,0,4355016,127152,199132,3220320,6264.623,1690.929,0,339.384,0,20.962,4781,13828,2.270,1.940,1.100,2,0,298.458,0,0,24,145,6,24,0
17-01 03:51:49,33.347,24.321,41.622,0.251,0,4413616,132412,199084,3158348,5923.302,1590.646,108.316,5427.855,8.023,476.392,4947,7467,2.270,1.940,1.100,3,0,522.526,0,0,24,153,6,24,0
17-01 03:51:50,20.433,26.413,51.331,0.498,0,4468472,128180,199048,3109124,10462.589,1614.689,474.440,1060.512,54.820,72.761,8009,19741,2.270,1.940,1.100,1,0,449.522,0,0,24,165,6,25,0
17-01 03:51:51,11.020,20.537,66.620,0,0,4471776,124948,199048,3109084,9291.790,1568.835,0,320.579,0,22.040,3146,5093,2.270,1.940,1.100,1,0,254.460,0,0,24,169,6,25,0
17-01 03:51:52,19.018,20.770,59.306,0.250,0,4478628,129360,199044,3098016,10357.830,1621.539,264.251,5785.490,7.007,537.510,5305,11320,2.250,1.940,1.110,2,0,176.167,0,0,24,181,6,25,0
17-01 03:51:53,42.747,11.249,45.497,0.250,0,4601520,128204,198920,2980204,9402.445,1619.904,215.987,1203.929,6.000,183.989,2737,3796,2.250,1.940,1.110,6,0,97.994,0,0,24,181,6,24,0
17-01 03:51:54,45.763,8.753,44.763,0.500,0,4714876,127984,198788,2871484,11159.203,1620.465,1544.443,344.099,61.018,52.015,2241,2771,2.250,1.940,1.110,2,0,5.001,0,0,24,181,6,24,0
17-01 03:51:55,33.243,15.997,50.240,0.250,0,4646104,196352,198788,2872008,9583.064,1619.673,327.934,695.859,4.999,51.989,3942,7181,2.250,1.940,1.110,3,0,305.938,0,0,24,189,6,24,0
17-01 03:51:56,35.493,21.746,40.992,0.250,0,4695104,144520,198792,2874820,5006.974,1585.675,123.975,231.952,22.995,18.996,5501,14688,2.250,1.940,1.110,2,0,404.917,0,0,24,193,6,19,0
17-01 03:51:57,45.507,24.254,24.504,5.001,0,4695136,138792,198748,2882476,7019.088,1620.251,51920.048,7285.129,598.093,633.098,8517,16655,2.310,1.960,1.120,4,0,294.046,0,0,24,199,6,20,0
17-01 03:51:58,68.521,21.257,7.002,3.001,0,4828260,190816,198696,2701932,9851.074,1694.529,36147.278,228.071,442.138,13.004,3929,7474,2.310,1.960,1.120,4,0,162.051,0,0,24,201,6,21,0
17-01 03:51:59,70.237,15.497,5.499,6.999,0,4869688,136048,198532,2716344,8067.532,1565.715,55609.879,8134.520,882.839,340.938,5184,7477,2.310,1.960,1.120,3,1,42.992,0,0,24,206,6,21,0
17-01 03:52:00,61.010,19.253,13.252,4.751,0,4921344,144620,198168,2658636,12034.914,1620.258,46895.456,3552.565,595.095,270.043,6990,17276,2.310,1.960,1.120,2,2,211.034,0,0,24,210,6,26,0
17-01 03:52:01,42.962,25.727,26.227,3.747,0.250,4923912,127032,198096,2674468,7530.396,1618.581,47674.190,7949.029,488.572,400.649,7961,12932,2.310,1.960,1.120,16,0,478.580,0,0,24,209,6,27,0
17-01 03:52:02,50.507,22.753,23.003,2.250,0,4911916,175908,197656,2638876,11958.614,1512.204,33208.483,6932.936,351.047,484.065,5895,13556,2.600,2.020,1.140,5,0,301.041,0,0,24,209,6,28,0
17-01 03:52:03,61.254,29.502,7.501,1.500,0,5003124,125828,196332,2602456,6981.475,1620.110,28109.911,716.049,284.019,41.003,6567,29921,2.600,2.020,1.140,3,0,396.027,0,0,24,214,6,28,0
17-01 03:52:04,56.828,19.777,21.029,0.501,0,5019088,137896,196488,2574724,5520.574,1622.226,1886.588,11651.987,90.124,508.698,9154,19798,2.600,2.020,1.140,5,0,280.385,0,0,24,217,6,30,0
17-01 03:52:05,54.922,24.465,19.472,0.250,0,5117056,123640,194964,2493712,8992.231,1691.598,75.892,6083.362,2.996,582.173,6159,12727,2.600,2.020,1.140,5,0,477.322,0,0,24,219,6,31,0
17-01 03:52:06,63.048,17.764,18.764,0.751,0,5154472,125888,194212,2455500,7350.623,1621.240,256.196,7837.996,13.010,915.701,8022,18083,2.600,2.020,1.140,4,0,218.167,0,0,24,225,5,32,0
17-01 03:52:07,64.979,13.246,21.243,0.500,0,5284980,131004,192080,2325408,5373.254,1619.474,731.762,1595.481,59.981,214.930,4634,10083,2.640,2.040,1.150,6,0,1.999,0,0,24,231,5,33,0
17-01 03:52:08,63.502,9.750,26.001,0.250,0,5341556,130144,190956,2271412,61693.344,18499.703,564.021,5392.205,31.001,490.019,7319,11938,2.640,2.040,1.150,2,0,8.000,0,0,24,241,5,38,0
17-01 03:52:09,43.512,17.255,37.761,0.250,0,5279536,195584,190900,2268092,7255.075,1512.433,64.018,712.204,4.001,62.018,6030,11277,2.640,2.040,1.150,3,0,335.096,0,0,24,245,5,39,2
17-01 03:52:10,33.487,24.240,39.984,0.750,0,5329356,145460,190904,2268360,9978.039,1661.340,271.892,1351.463,16.993,141.944,5577,9583,2.640,2.040,1.150,2,0,358.858,0,0,24,246,5,38,2
17-01 03:52:11,46.001,17.500,35.251,0.250,0,5323076,151228,190904,2269204,8944.233,1620.042,116.003,4160.108,5.000,286.007,7950,14261,2.640,2.040,1.150,7,0,213.006,0,0,25,245,5,38,2
17-01 03:52:12,67.156,9.736,21.220,1.248,0,5443960,161636,189912,2142636,4707.377,1617.724,1645.685,758.932,127.820,48.931,3730,7439,2.830,2.090,1.170,3,0,72.897,0,0,25,248,5,38,2
17-01 03:52:13,69.892,7.515,20.792,0.501,0,5505424,129780,189264,2114544,10079.411,1623.287,713.445,5619.379,50.101,580.175,4977,7249,2.830,2.090,1.170,4,0,13.026,0,0,25,252,5,38,2
17-01 03:52:14,29.416,9.722,59.331,0.249,0,5492504,167728,188836,2090740,17936.790,4348.585,7.977,474.645,1.994,36.895,4595,8879,2.830,2.090,1.170,1,0,211.396,0,0,25,251,5,39,2
17-01 03:52:15,28.297,3.756,65.860,0,0,5528064,135856,188664,2087324,3578936.139,31829.282,4.007,324.543,1.002,26.044,4061,5293,2.830,2.090,1.170,3,0,1.002,0,0,25,252,5,39,2
17-01 03:52:16,19.218,4.742,74.128,0.250,0,5484032,163228,188672,2103976,17478994.533,82700.041,0,610.996,0,53.911,6776,5373,2.830,2.090,1.170,1,0,37.938,0,0,25,252,5,39,2
17-01 03:52:17,10.495,16.742,71.468,0.500,0,5485476,158432,188676,2107324,907437.561,3450.451,2067.072,271.878,22.990,17.992,3222,4726,2.680,2.070,1.170,1,0,242.891,0,0,25,251,5,39,2
17-01 03:52:18,30.053,7.263,61.359,1.503,0,5535952,126728,188272,2089312,10307.244,1622.872,240.426,27769.151,26.046,649.149,3458,5718,2.680,2.070,1.170,1,0,52.092,0,0,25,260,5,39,2
17-01 03:52:19,29.721,5.744,63.189,0.250,0,5543832,157940,187428,2053156,11210.205,1702.361,0,583.438,0,48.953,3730,7391,2.680,2.070,1.170,2,0,5.994,0,0,25,269,5,40,2
17-01 03:52:20,26.954,4.243,68.634,0,0,5557736,143540,187444,2053652,5932.956,1617.262,435.263,455.229,23.959,40.931,3544,7829,2.680,2.070,1.170,2,0,0.998,0,0,25,272,5,39,2
17-01 03:52:21,24.505,4.751,68.513,0.750,0.250,5560312,140796,187456,2053808,10072.863,1694.313,0,536.099,0,54.010,4486,8904,2.680,2.070,1.170,2,0,1.000,0,0,25,275,5,41,2
17-01 03:52:22,25.010,12.005,61.274,0.500,0,5505728,205940,186880,2045172,7591.938,1620.627,104.040,24493.479,11.004,495.192,6609,9932,2.540,2.050,1.170,2,0,109.042,0,0,25,273,5,50,2
17-01 03:52:23,21.511,10.005,67.283,0.500,0,5545540,165980,186884,2045316,10712.270,1500.738,80.039,324.159,13.006,23.011,2513,3615,2.540,2.050,1.170,2,0,101.050,0,0,25,275,5,50,2
17-01 03:52:24,16.501,7.751,69.255,5.750,0,5545192,127360,187444,2083968,10145.751,1620.120,4464.330,37882.803,690.051,357.026,3817,4322,2.540,2.050,1.170,0,1,0,0,0,25,275,5,50,2
17-01 03:52:25,21.261,6.253,69.036,2.001,0,5540340,143972,187372,2072836,9140.753,1620.843,1860.968,5174.691,325.169,101.053,2883,3880,2.540,2.050,1.170,1,0,10.005,0,0,25,275,5,50,2
17-01 03:52:26,23.246,7.749,66.987,1.750,0,5565096,132532,187076,2060608,7947.482,1619.691,699.866,8422.391,147.972,189.964,14387,27953,2.540,2.050,1.170,2,0,4.999,0,0,25,275,5,49,2
17-01 03:52:27,25.800,7.014,67.131,0.250,0,5586588,128316,186724,2044728,5953.616,1665.249,0,4376.539,0,124.242,4629,8306,2.420,2.040,1.170,2,0,5.010,0,0,25,275,5,50,2
17-01 03:52:28,23.221,5.493,70.411,0,0,5586900,128120,186724,2044644,6736.519,1617.963,0,155.804,0,7.990,1710,2856,2.420,2.040,1.170,1,0,0,0,0,25,275,5,42,2
17-01 03:52:29,27.035,9.012,62.581,0.501,0,5480832,248680,185656,2032440,11472.765,1696.183,1429.840,108.139,152.196,8.010,2608,4178,2.420,2.040,1.170,9,0,128.165,0,0,25,275,5,42,2
17-01 03:52:30,18.964,12.726,67.371,0,0,5513616,215704,185656,2032616,10110.608,1529.067,95.816,179.655,3.992,5.989,2953,4901,2.420,2.040,1.170,2,0,321.384,0,0,25,275,5,39,2
17-01 03:52:31,18.510,9.755,69.538,0,0,5483256,246016,185668,2032652,10001.501,1620.891,32.018,436.240,1.001,35.019,2429,3680,2.420,2.040,1.170,3,0,95.052,0,0,25,275,5,39,2
17-01 03:52:32,12.234,18.476,68.661,0.250,0,5487300,241828,185684,2032796,7122.783,1617.906,7.990,407.473,1.997,38.950,3353,5294,2.230,2,1.160,1,0,259.664,0,0,25,279,5,39,2
17-01 03:52:33,9.003,21.507,68.524,0,0,5490304,238804,185684,2032816,12455.297,1620.559,0,8.003,0,2.001,3219,5026,2.230,2,1.160,1,0,283.098,0,0,25,279,5,39,2
17-01 03:52:34,4.499,4.249,90.722,0,0.250,5489876,239180,185684,2032868,10471.775,1619.501,23.993,0,1.999,0,1758,2752,2.230,2,1.160,0,0,38.988,0,0,25,279,5,39,2
17-01 03:52:35,25.237,4.997,69.213,0.250,0,5548012,180968,185688,2032940,7498.996,1619.135,7.996,535.714,1.999,40.978,2251,3438,2.230,2,1.160,2,0,30.983,0,0,25,279,5,41,2
17-01 03:52:36,23.993,5.748,69.479,0,0,5496292,232484,185688,2033144,6604.972,1619.503,63.980,63.980,3.999,5.998,3075,5477,2.230,2,1.160,2,0,42.987,0,0,25,283,5,42,2
17-01 03:52:37,10.500,18.000,68.750,0.750,0,5499336,229332,185692,2033248,9702.019,1458.003,108.000,224.000,13.000,16.000,3187,4723,2.210,2,1.170,1,0,174.000,0,0,25,283,5,42,2
17-01 03:52:38,14.261,17.764,66.552,0,0,5499408,229004,185696,2033484,8791.831,1621.260,108.084,124.096,10.008,11.009,3009,4515,2.210,2,1.170,2,0,155.121,0,0,25,283,5,42,2
17-01 03:52:39,14.509,16.010,68.541,0.250,0,5497520,230556,185708,2033808,8821.328,1695.024,116.070,240.145,9.005,21.013,2970,4480,2.210,2,1.170,1,0,148.089,0,0,25,283,5,43,2
17-01 03:52:40,13.982,14.981,68.661,0,0,5508988,218884,185712,2034008,7370.448,1617.903,39.948,67.912,3.995,3.995,2770,4184,2.210,2,1.170,3,0,154.799,0,0,25,283,5,43,2
17-01 03:52:41,24.742,4.998,69.227,0,0,5578212,149584,185720,2034076,10043.605,1619.453,0,491.834,0,42.985,1968,3201,2.210,2,1.170,5,0,1.999,0,0,25,283,5,42,2
17-01 03:52:42,26.498,4.750,67.746,0.750,0,5606848,147864,185120,2008852,9346.411,1619.898,115.993,4715.703,7.000,516.967,2748,3588,2.110,1.980,1.170,2,0,7.000,0,0,25,289,5,42,0
17-01 03:52:43,24.348,3.012,70.534,0,0,5531528,223184,185120,2008852,6037.294,1626.545,40.162,144.582,6.024,10.040,1795,2730,2.110,1.980,1.170,2,0,5.020,0,0,25,285,5,42,0
17-01 03:52:44,24.644,3.236,71.443,0,0,5590500,164156,185120,2008908,8923.611,1505.523,0,171.263,0,7.966,1734,2714,2.110,1.980,1.170,1,0,1.991,0,0,25,285,5,42,0
17-01 03:52:45,26.509,3.501,67.772,0,0,5604992,149568,185124,2009000,6991.314,1640.543,76.025,596.197,1.000,49.016,3192,5605,2.110,1.980,1.170,1,0,5.002,0,0,25,293,5,42,0
17-01 03:52:46,25.013,5.253,69.285,0,0,5544668,209892,185132,2009000,5790.930,1620.820,0,108.055,0,9.005,1760,2749,2.110,1.980,1.170,2,0,15.008,0,0,25,287,5,42,0
17-01 03:52:47,26.294,3.756,69.867,0,0,5504152,250272,185132,2009136,9736.299,1716.874,128.215,112.188,1.002,13.022,1931,2956,2.020,1.970,1.170,1,0,40.067,0,0,25,287,5,42,0
17-01 03:52:48,11.493,17.239,70.955,0.250,0,5509188,243848,185136,2010520,12089.287,1618.967,1367.128,271.827,18.988,7.995,3012,4504,2.020,1.970,1.170,1,0,207.867,0,0,25,287,5,42,0
17-01 03:52:49,17.278,18.780,63.101,0.501,0,5532084,219196,185140,2012420,9448.070,1622.588,1646.626,316.505,27.043,40.064,3442,5553,2.020,1.970,1.170,1,0,317.506,0,0,25,289,5,43,0
17-01 03:52:50,24.669,5.233,70.021,0,0,5567980,182336,185188,2013336,6935.301,1614.715,825.299,3.987,50.834,0.997,2103,3120,2.020,1.970,1.170,1,0,13.954,0,0,25,289,5,43,0
17-01 03:52:51,22.499,3.750,71.497,0.250,0,5594672,154168,185216,2014784,10912.520,3664.839,251.989,691.970,44.998,36.998,2458,3675,2.020,1.970,1.170,3,0,3.000,0,0,25,290,5,42,0
17-01 03:52:52,27.101,4.266,68.004,0.251,0,5561588,181796,185796,2019644,9234.472,1746.520,68.255,1132.227,17.064,20.075,1902,2837,1.940,1.950,1.170,2,0,3.011,0,0,25,291,5,42,0
17-01 03:52:53,20.193,3.241,76.287,0.249,0,5585872,157408,185796,2019772,14101.544,4456.531,15.955,267.252,2.992,5.983,1700,2539,1.940,1.950,1.170,1,0,2.992,0,0,25,292,5,42,0
17-01 03:52:54,26.003,4.001,69.259,0.500,0.250,5569416,164384,186384,2028648,9001.170,1794.233,3160.411,860.112,37.005,15.002,6148,11751,1.940,1.950,1.170,2,0,6.001,0,0,25,291,5,42,0
17-01 03:52:55,24.244,7.248,67.483,0.750,0,5555432,176740,186412,2030248,12641.877,3842.051,511.874,947.766,13.997,41.990,6331,12355,1.940,1.950,1.170,1,0,9.998,0,0,25,294,5,42,0
17-01 03:52:56,26.995,6.249,65.738,0.250,0,5581772,149776,186500,2030752,10187.126,2525.535,239.956,543.900,10.998,18.997,10421,20584,1.940,1.950,1.170,2,0,17.997,0,0,25,294,5,42,0
17-01 03:52:57,24.995,6.249,67.985,0.250,0.250,5575528,167496,186588,2019188,6965.502,1793.614,0,1063.771,0,53.988,2560,3608,1.860,1.930,1.160,1,0,4.999,0,0,25,293,5,41,0
17-01 03:52:58,12.289,18.559,67.964,0.251,0,5548240,194800,186588,2019296,7453.516,1591.020,0,577.823,0,8.025,3075,4669,1.860,1.930,1.160,3,0,264.836,0,0,25,293,5,41,0
17-01 03:52:59,26.185,2.244,70.574,0,0,5595776,147088,186588,2019472,6610.500,1562.101,0,143.641,0,11.970,1709,2646,1.860,1.930,1.160,1,0,0,0,0,25,293,5,40,0
17-01 03:53:00,23.245,5.749,69.486,0.250,0,5541516,201236,186592,2019580,9445.102,1661.666,27.994,303.939,3.999,17.996,3075,5064,1.860,1.930,1.160,1,0,36.993,0,0,25,293,5,43,0
17-01 03:53:01,21.804,8.020,70.424,0,0,5596716,145984,186612,2019612,9472.340,1624.002,24.059,216.534,2.005,20.049,2361,3699,1.860,1.930,1.160,1,0,75.185,0,0,25,293,5,37,0
17-01 03:53:02,22.489,6.247,69.465,0.250,0,5544396,198276,186616,2019636,9552.167,1693.143,0,111.943,0,7.996,2706,4826,1.790,1.920,1.160,3,0,69.965,0,0,25,293,5,37,0
17-01 03:53:03,25.492,3.249,71.229,0,0,5608620,134044,186624,2019636,7257.852,1693.499,3.999,2431.280,1.000,393.883,2628,3390,1.790,1.920,1.160,2,0,0,0,0,25,294,5,36,0
17-01 03:53:04,23.009,7.003,69.778,0,0,5561184,181324,186624,2019792,9650.909,1694.686,0,76.031,0,6.002,2901,4688,1.790,1.920,1.160,1,0,56.023,0,0,25,293,5,37,0
17-01 03:53:05,26.494,3.249,69.485,0,0,5606788,135712,186628,2019796,9338.020,1511.680,0,195.958,0,19.996,2388,3796,1.790,1.920,1.160,1,0,1.000,0,0,25,297,5,36,0
17-01 03:53:06,24.975,4.995,69.681,0.250,0,5583468,159020,186628,2019808,5970.090,1692.325,0,235.767,0,20.979,2271,4438,1.790,1.920,1.160,2,0,31.968,0,0,25,291,5,38,2
17-01 03:53:07,26.248,3.000,69.745,0.250,0,5608336,133820,186632,2020136,5527.630,1565.895,0,243.984,0,29.998,2824,5159,1.730,1.900,1.160,1,0,0,0,0,25,291,5,37,2
17-01 03:53:08,24.459,5.241,69.135,0,0,5595760,146264,186632,2020268,11112.553,1617.315,0,155.741,0,10.982,2042,3062,1.730,1.900,1.160,1,0,46.922,0,0,25,291,5,37,2
17-01 03:53:09,25.840,4.014,69.491,0,0,5543348,198504,186632,2020440,9498.933,1625.636,4.014,116.404,1.003,7.024,2838,4868,1.730,1.900,1.160,3,0,9.031,0,0,25,291,5,33,2
17-01 03:53:10,22.731,4.996,70.941,0,0,5606544,135300,186632,2020448,11969.054,1766.532,0,151.874,0,7.993,1869,2840,1.730,1.900,1.160,1,0,22.981,0,0,25,291,5,33,2
17-01 03:53:11,24.291,7.763,66.863,0.501,0,5542540,199184,186664,2020536,9198.573,1622.747,16.027,3021.115,1.002,211.358,3869,7053,1.730,1.900,1.160,1,0,84.142,0,0,25,291,5,34,2
17-01 03:53:12,10.231,22.708,65.379,0,0,5547440,194264,186680,2020540,8707.882,1509.206,0,391.276,0,32.939,3706,5898,1.750,1.910,1.170,1,0,372.311,0,0,25,291,5,34,2
17-01 03:53:13,10.762,22.274,66.071,0.250,0,5545572,196104,186688,2020560,9344.082,1621.750,0,1621.750,0,123.133,3657,5794,1.750,1.910,1.170,2,0,395.427,0,0,25,291,5,34,2
17-01 03:53:14,10.489,21.978,65.933,0,0,5544724,196916,186688,2020596,5538.406,1618.365,0,231.766,0,16.983,3391,5420,1.750,1.910,1.170,1,0,341.655,0,0,25,291,5,34,2
17-01 03:53:15,11.762,21.522,65.568,0.250,0,5547536,194088,186688,2020612,10294.634,1567.619,0,852.881,0,65.067,3874,6213,1.750,1.910,1.170,3,0,376.389,0,0,25,291,5,33,2
17-01 03:53:16,13.961,18.448,66.314,0,0,5550080,191520,186700,2020624,9401.563,1615.457,0,215.394,0,21.938,3801,6111,1.750,1.910,1.170,1,0,406.856,0,0,25,291,5,33,2
17-01 03:53:17,10.023,22.050,65.899,0,0,5544912,196656,186704,2020652,4953.194,1623.669,0,100.227,0,13.029,3514,5682,1.690,1.890,1.170,2,0,400.906,0,0,25,291,5,33,2
17-01 03:53:18,15.258,21.761,62.033,0,0,5548900,192648,186704,2020672,10473.520,1694.893,0,172.091,0,12.006,4182,10030,1.690,1.890,1.170,2,0,480.253,0,0,25,291,5,34,2
17-01 03:53:19,12.753,22.255,65.266,0,0,5548832,192692,186704,2020696,8262.016,1512.369,0,144.035,0,13.003,3658,5968,1.690,1.890,1.170,2,0,421.103,0,0,25,291,5,35,2
17-01 03:53:20,12.494,21.490,64.970,0,0,5548000,193480,186704,2020740,11356.742,1693.216,0,31.985,0,7.996,3612,5872,1.690,1.890,1.170,1,0,404.813,0,0,25,291,5,33,2
17-01 03:53:21,16.719,11.728,69.121,0.749,0,5570040,183852,186720,2017676,9071.101,1616.988,1381.426,391.271,90.831,36.931,2664,4180,1.690,1.890,1.170,1,0,112.790,0,0,25,291,5,33,2
17-01 03:53:22,26.023,9.258,59.803,5.755,0,5583704,143880,186724,2044072,5534.887,1621.432,11906.513,2734.414,973.860,13.011,8159,13988,1.800,1.910,1.180,1,0,5.004,0,0,25,289,5,30,4
17-01 03:53:23,16.246,2.749,78.982,0.250,0,5595792,130780,186724,2045084,22323.022,6778.488,131.971,955.787,17.996,13.997,1837,2666,1.800,1.910,1.180,0,0,2.999,0,0,25,290,5,30,4
17-01 03:53:24,17.237,2.248,80.688,1.249,0,5588404,137520,186728,2045728,21338.612,9766.499,779.401,1007.226,48.962,36.972,1931,2762,1.800,1.910,1.180,3,0,0,0,0,25,290,5,21,4
17-01 03:53:25,15.273,2.253,81.876,1.252,0,5599644,139284,186396,2033224,24305.260,12675.431,1081.658,2339.587,66.101,156.240,2388,3520,1.800,1.910,1.180,3,1,1.002,0,0,25,290,5,21,4
17-01 03:53:26,18.460,1.497,76.335,0.748,0,5608300,137808,186252,2027040,20091.702,8094.556,514.890,2378.874,39.914,302.348,2376,3098,1.800,1.910,1.180,1,0,0.998,0,0,25,290,5,21,4
17-01 03:53:27,17.280,2.004,79.138,1.002,0,5609056,135948,186264,2028128,24172.229,10405.178,857.498,1358.373,53.093,63.110,2289,3334,1.650,1.880,1.170,1,0,1.002,0,0,25,290,5,21,4
17-01 03:53:28,17.748,2.500,77.740,0.750,0,5607728,138876,186260,2026652,23064.094,9678.780,491.938,827.896,44.994,29.996,2091,3034,1.650,1.880,1.170,0,1,1.000,0,0,25,292,5,19,4
17-01 03:53:29,18.529,6.761,70.361,2.754,0,5621148,134004,184176,2022544,11616.249,3264.128,15255.967,23657.165,180.283,425.669,3870,3771,1.650,1.880,1.170,0,1,1.002,0,0,25,292,5,19,4
17-01 03:53:30,22.236,6.246,70.707,0.750,0,5640376,133540,183696,2006676,5475.665,1565.047,0,2122.707,0,89.945,2207,3397,1.650,1.880,1.170,1,0,0,0,0,25,292,5,19,4
17-01 03:53:31,21.736,5.247,69.954,1.499,0,5624076,144292,184276,2014240,8717.325,1618.946,0,11712.375,0,201.869,2594,3648,1.650,1.880,1.170,1,0,0,0,0,25,292,5,19,4
17-01 03:53:32,23.519,4.754,70.558,1.001,0,5613448,132828,184924,2034892,7521.235,1663.379,0,6369.280,0,136.113,2210,3322,1.760,1.900,1.180,4,0,0,0,0,25,292,5,19,4
17-01 03:53:33,25.219,3.745,70.165,0.499,0,5556816,203600,184992,2020612,8922.204,1683.962,519.372,1022.762,9.988,18.977,1821,2470,1.760,1.900,1.180,1,0,5.993,0,0,25,291,5,19,4
17-01 03:53:34,18.254,4.251,76.517,0,0,5595708,159852,185064,2025204,13932.037,3707.808,4.001,264.058,1.000,8.002,1780,2521,1.760,1.900,1.180,2,0,9.002,0,0,25,292,5,19,4
17-01 03:53:35,23.745,4.499,70.236,0.250,0,5586820,166424,185176,2026956,7898.381,2923.401,0,1619.668,0,33.993,2147,3220,1.760,1.900,1.180,0,0,6.999,0,0,25,292,5,19,4
17-01 03:53:36,20.704,3.742,75.084,0.998,0,5569900,176328,185608,2032740,15349.079,3644.945,0,1181.389,0,28.936,3375,5815,1.760,1.900,1.180,2,0,5.987,0,0,25,291,4,16,4
17-01 03:53:37,26.097,5.270,67.752,0.251,0,5588556,156912,185668,2033280,8881.029,1626.047,0,11506.794,0,204.762,9679,18351,1.700,1.880,1.180,1,0,13.049,0,0,25,291,4,16,4
17-01 03:53:38,23.199,6.486,68.847,0,0,5594676,150548,185688,2033456,5109.667,1562.534,0,407.097,0,5.987,7766,15100,1.700,1.880,1.180,2,0,15.965,0,0,25,293,4,16,4
17-01 03:53:39,22.997,5.249,71.239,0,0,5549444,209832,185700,2020732,9870.519,1511.773,0,215.968,0,11.998,2255,3496,1.700,1.880,1.180,1,0,50.992,0,0,25,293,4,17,4
17-01 03:53:40,25.529,5.006,68.577,0,0,5566880,191328,185740,2021760,10850.196,1621.823,0,0,0,0,9088,17985,1.700,1.880,1.180,1,0,11.012,0,0,25,293,4,16,4
17-01 03:53:41,20.954,3.742,75.334,0.249,0,5597224,155096,185776,2027228,16482.771,3764.725,0,1680.307,0,23.947,2024,3065,1.700,1.880,1.180,1,0,3.991,0,0,25,293,4,16,5
17-01 03:53:42,23.743,3.999,71.730,0,0,5591440,159572,185804,2028252,9641.349,2783.235,0,603.834,0,21.994,1984,3082,1.640,1.870,1.180,0,0,6.998,0,0,25,294,4,16,4
17-01 03:53:43,20.759,3.251,74.534,0.250,0,5579712,164412,185944,2034168,16595.551,3654.663,0,1000.455,0,19.009,5269,10127,1.640,1.870,1.180,2,0,6.003,0,0,25,293,4,16,4
17-01 03:53:44,27.612,7.280,65.516,0,0,5587100,156580,185960,2034564,15650.557,5198.110,0,88.359,0,2.008,12853,25596,1.640,1.870,1.180,1,0,18.073,0,0,25,294,4,16,4
17-01 03:53:45,23.718,6.990,68.407,0.250,0,5538676,218548,186040,2022136,10802.276,1931.368,0,2009.261,0,56.922,2381,3710,1.640,1.870,1.180,1,0,11.984,0,0,25,293,4,16,4
17-01 03:53:46,24.785,3.255,70.850,0,0,5566976,190516,186044,2021992,9734.745,1502.121,0,172.243,0,8.011,1801,2619,1.640,1.870,1.180,1,0,8.011,0,0,25,293,4,16,4
17-01 03:53:47,22.492,6.748,70.475,0,0,5555940,201528,186044,2022016,14287.000,1787.374,0,3.999,0,1.000,2445,3833,1.590,1.850,1.180,1,0,95.966,0,0,25,293,4,16,4
17-01 03:53:48,23.422,6.229,68.523,0,0,5579608,161300,186184,2037060,9308.190,1614.655,0,1307.672,0,14.951,13915,27000,1.590,1.850,1.180,1,0,5.980,0,0,25,293,4,16,4
17-01 03:53:49,17.041,0.752,81.448,0.251,0,5591276,149260,186216,2037368,20504.868,7755.862,4.010,1295.150,1.002,26.063,1760,2652,1.590,1.850,1.180,2,0,0,0,0,25,294,4,17,4
17-01 03:53:50,19.249,4.250,75.497,0.250,0,5589492,147728,186244,2040624,22103.116,11049.558,2147.914,991.960,21.999,37.998,2135,3228,1.590,1.850,1.180,0,0,4.000,0,0,25,294,4,16,4
17-01 03:53:51,9.974,2.244,85.777,0.499,0,5589888,147476,186272,2040452,51236.835,8640.543,0,865.750,0,35.907,2215,3312,1.590,1.850,1.180,1,0,0,0,0,25,295,4,16,4
17-01 03:53:52,10.490,2.248,86.920,0.250,0,5587040,150740,186328,2039980,123866.538,9707.108,0,947.132,0,45.958,1956,3059,1.700,1.870,1.190,1,0,0,0,0,25,295,4,16,4
17-01 03:53:53,17.770,2.503,79.339,0.250,0,5600508,137132,186376,2040072,16914.894,8101.049,0,1045.167,0,50.056,1979,3183,1.700,1.870,1.190,1,0,0,0,0,25,295,4,16,4
17-01 03:53:54,15.268,1.001,82.597,0.501,0,5604568,132848,186452,2040188,20061.613,10606.484,0,893.051,0,35.041,1756,2736,1.700,1.870,1.190,1,0,0,0,0,25,295,4,16,4
17-01 03:53:55,19.228,2.997,76.413,0.499,0,5616476,128396,186392,2032936,284060.319,11556.791,0,3160.388,0,329.623,2843,3569,1.700,1.870,1.190,0,0,0.999,0,0,25,295,4,16,4
17-01 03:53:56,9.245,2.998,85.704,1.499,0,5616904,127472,186576,2033120,82983.272,16227.254,31.983,2114.860,4.997,112.939,2432,3578,1.700,1.870,1.190,1,0,0.999,0,0,25,295,4,16,4
17-01 03:53:57,13.783,2.506,82.698,0.752,0,5618412,140124,185696,2020608,81568.950,12605.126,128.307,2530.047,10.024,177.424,2550,3528,1.570,1.840,1.180,2,0,1.002,0,0,25,295,4,16,4
17-01 03:53:58,17.486,4.746,76.687,0.250,0,5627112,135564,185204,2017236,1538544.778,24428.895,0,2282.122,0,30.975,4082,6269,1.570,1.840,1.180,0,0,1.998,0,0,25,295,4,16,4
17-01 03:53:59,12.006,7.004,77.292,1.751,0,5627380,142116,178984,2018004,5780244.992,30361.304,10121.435,98757.033,64.034,618.332,5394,4512,1.570,1.840,1.180,1,0,3.002,0,0,25,295,4,18,4
17-01 03:54:00,23.514,3.002,71.544,0.750,0,5636964,148880,179520,2000684,210398.975,4435.719,4.002,3750.299,1.001,174.107,2361,3513,1.570,1.840,1.180,3,0,1.001,0,0,25,295,4,15,4
17-01 03:54:01,22.728,4.745,70.931,0.749,0,5636404,138036,182172,2007264,8366.859,1618.425,0,11708.608,0,146.857,2042,3230,1.570,1.840,1.180,1,0,0,0,0,25,295,4,15,4
17-01 03:54:02,23.982,4.497,69.698,0.999,0,5648684,144776,180484,1989904,10602.123,1618.797,0,18366.354,0,238.823,2202,3228,1.520,1.830,1.180,2,0,0,0,0,25,295,4,15,4
17-01 03:54:03,24.523,7.007,68.564,1.501,0.250,5658512,128480,180936,1995648,8292.745,1621.514,0,35581.233,0,362.338,3100,3625,1.520,1.830,1.180,1,0,0,0,0,25,295,4,15,4
17-01 03:54:04,25.707,4.992,69.134,0,0,5634556,137284,182160,2008404,5397.975,1617.296,0,72151.363,0,328.451,2341,3256,1.520,1.830,1.180,3,0,0,0,0,25,295,4,15,4
17-01 03:54:05,22.992,6.248,69.226,1.499,0,5634284,127576,183096,2016852,9953.586,1619.445,3.999,12343.766,1.000,178.939,2402,3910,1.520,1.830,1.180,3,0,1.000,0,0,25,295,4,14,4
17-01 03:54:06,20.308,4.011,74.463,0.501,0,5549120,252176,183080,1977312,12921.983,4071.653,48.138,16495.209,5.014,106.304,2127,3331,1.520,1.830,1.180,5,0,2.006,0,0,25,293,4,14,4
17-01 03:54:07,20.722,3.495,75.399,0,0,5596596,204656,183096,1977340,15636.048,3636.128,0,643.138,0,16.977,1859,2715,1.480,1.810,1.180,1,0,6.991,0,0,25,294,4,11,3
17-01 03:54:08,24.045,3.507,71.133,0.501,0,5590428,203696,183320,1983860,8263.477,1863.490,196.368,1514.837,40.075,23.043,2040,3156,1.480,1.810,1.180,1,0,3.006,0,0,25,293,4,11,3
17-01 03:54:09,20.697,1.995,75.806,0.249,0,5607920,181132,183620,1988244,12506.022,4531.413,15.959,518.674,3.990,38.901,2071,3248,1.480,1.810,1.180,1,0,3.990,0,0,25,294,4,11,3
17-01 03:54:10,23.997,5.749,67.991,0,0,5598100,188288,183964,1990108,11254.571,1793.772,131.983,1099.860,3.000,15.998,9414,18671,1.480,1.810,1.180,1,0,12.998,0,0,25,293,4,11,3
17-01 03:54:11,27.001,6.500,67.254,0,0,5601960,184092,184024,1990336,9559.516,1620.087,0,3808.206,0,22.001,8791,17507,1.480,1.810,1.180,1,0,14.001,0,0,25,293,4,8,3
17-01 03:54:12,23.229,5.495,70.436,0.250,0,5602684,183112,184084,1990464,4917.550,1456.682,0,651.410,0,34.968,1947,3243,1.440,1.800,1.180,1,0,7.993,0,0,25,293,4,8,3
17-01 03:54:13,23.841,4.768,71.273,0.502,0,5582764,215440,184152,1978948,10744.182,1626.233,742.847,289.108,72.277,12.046,1911,2769,1.440,1.800,1.180,1,0,6.023,0,0,25,293,4,7,3
17-01 03:54:14,22.672,3.488,69.261,1.993,0,5591008,202840,184488,1982948,7975.508,1614.435,2048.937,0,260.103,0,3206,5452,1.440,1.800,1.180,1,0,1.993,0,0,25,294,4,8,3
17-01 03:54:15,26.541,3.255,68.605,0.501,0,5592100,201608,184532,1983044,10509.121,1622.489,76.117,3212.929,7.011,114.175,4432,8933,1.440,1.800,1.180,1,0,1.002,0,0,25,296,4,10,3
17-01 03:54:16,24.288,4.006,69.108,0.751,0,5592024,200600,184616,1984048,7504.737,1696.654,933.460,1017.592,50.078,113.177,4003,8512,1.440,1.800,1.180,1,0,0,0,0,25,300,4,13,3
17-01 03:54:17,29.480,2.998,66.206,1.499,0,5593632,198108,184728,1984820,5490.365,1618.928,427.717,4880.769,51.966,380.748,3711,7167,1.410,1.780,1.180,2,0,1.999,0,0,25,301,4,13,3
17-01 03:54:18,26.234,11.743,59.464,1.249,0,5545876,244164,184872,1986376,9384.341,1619.024,1123.323,2454.520,69.958,245.852,5453,14313,1.410,1.780,1.180,1,0,131.920,0,0,25,303,4,14,3
17-01 03:54:19,9.228,21.449,66.343,0.249,0,5549552,240412,184892,1986432,7454.363,1454.559,3.991,458.914,0.998,31.924,3388,5487,1.410,1.780,1.180,1,0,301.287,0,0,25,303,4,14,3
17-01 03:54:20,17.247,8.998,66.237,7.499,0.250,5536012,225612,185724,2013960,9978.024,1619.679,28362.384,331.934,1775.648,16.997,4062,7002,1.410,1.780,1.180,1,0,52.990,0,0,25,303,4,16,3
17-01 03:54:21,9.751,5.000,76.256,7.751,0,5532408,205708,186300,2036880,10504.851,2639.214,23461.900,2972.241,2111.171,89.007,4336,7503,1.410,1.780,1.180,0,0,6.000,0,0,25,304,4,15,3
17-01 03:54:22,4.250,1.000,94.260,0,0,5532408,205484,186304,2037100,52819.440,3566.367,128.013,180.019,1.000,16.002,1654,2721,1.290,1.750,1.170,0,1,0,0,0,25,304,4,15,3
17-01 03:54:23,6.264,1.253,88.947,2.506,0,5527652,195404,186316,2051924,88537.021,3949.745,14776.716,24.053,176.391,4.009,1889,3100,1.290,1.750,1.170,0,0,2.004,0,0,25,304,4,15,2
17-01 03:54:24,6.001,4.250,87.260,1.250,0,5520576,190924,186484,2063308,86304.493,119903.189,11253.238,468.051,140.015,2.000,1988,3006,1.290,1.750,1.170,0,0,25.003,0,0,25,303,4,15,2
17-01 03:54:25,4.744,1.248,93.123,0.250,0,5520556,190924,186496,2063312,7348.961,1583.836,0,778.936,0,29.959,1723,2966,1.290,1.750,1.170,0,0,0.999,0,0,25,303,4,15,2
17-01 03:54:26,3.996,1.498,93.404,0.250,0,5520400,190924,186520,2063444,12033.581,1680.266,0,167.827,0,24.974,1780,2965,1.290,1.750,1.170,2,0,0.999,0,0,25,303,4,15,2
17-01 03:54:27,4.000,1.500,92.252,0.500,0,5520340,190924,186568,2063456,7875.213,1620.044,0,336.009,0,35.001,1766,2981,1.190,1.730,1.160,0,0,1.000,0,0,25,303,4,15,2
17-01 03:54:28,3.252,1.501,93.802,0.250,0,5520276,190924,186592,2063496,8647.825,1694.946,0,192.107,0,26.015,1664,3185,1.190,1.730,1.160,0,0,0,0,0,25,303,4,15,2
17-01 03:54:29,3.998,0.999,93.951,0,0,5520272,190924,186592,2063500,8697.495,1619.161,0,107.944,0,7.996,1485,2609,1.190,1.730,1.160,1,0,0,0,0,25,303,4,15,2
17-01 03:54:30,4.007,1.002,95.412,0,0,5520272,190924,186596,2063496,8610.621,1622.755,0,116.197,0,9.015,1390,2320,1.190,1.730,1.160,0,0,0,0,0,25,303,4,15,2
17-01 03:54:31,3.250,1.000,94.759,0,0,5520268,190924,186596,2063500,9546.878,1620.149,0,388.036,0,24.002,1461,2520,1.190,1.730,1.160,0,0,0,0,0,25,303,4,15,2
17-01 03:54:32,2.501,1.251,94.792,0,0,5520268,190924,186596,2063500,9595.270,1586.706,0,184.082,0,5.002,1379,2398,1.090,1.700,1.160,0,0,0,0,0,25,303,4,15,2
17-01 03:54:33,2.999,1.000,94.706,0,0,5520268,190924,186596,2063500,34215.987,1565.267,0,0,0,0,1610,2429,1.090,1.700,1.160,0,0,0,0,0,25,303,4,15,2
17-01 03:54:34,3.745,1.748,93.621,0,0,5520760,190428,186596,2063504,10303.760,1617.764,0,0,0,0,1398,2418,1.090,1.700,1.160,0,0,5.992,0,0,25,303,4,15,2
17-01 03:54:35,4.248,1.499,93.710,0.250,0,5520740,190428,186616,2063504,8844.250,1619.313,3.998,211.910,1.000,24.989,1686,2969,1.090,1.700,1.160,0,0,1.000,0,0,25,303,4,15,2
17-01 03:54:36,4.250,2.500,93.007,0.250,0,5521032,190072,186624,2063500,9974.778,1620.126,0,41719.254,0,353.028,2258,2936,1.090,1.700,1.160,0,0,0,0,0,25,303,4,15,2
17-01 03:54:37,4.010,3.258,92.232,0.501,0,5522232,188992,186640,2063516,6897.354,1624.086,0,4174.503,0,480.208,2270,2645,1.010,1.670,1.150,2,0,0,0,0,25,303,4,15,2
17-01 03:54:38,4.250,1.250,93.751,0.250,0,5523192,187984,186640,2063564,9352.122,1620.021,40.001,88.001,5.000,9.000,1622,3014,1.010,1.670,1.150,0,0,0,0,0,25,303,4,15,2
17-01 03:54:39,5.499,1.000,93.476,0,0,5523436,187732,186648,2063564,9928.399,1511.604,0,127.966,0,12.997,1545,2597,1.010,1.670,1.150,0,0,0,0,0,25,303,4,15,2
17-01 03:54:40,2.997,0.749,94.915,0,0,5523436,187732,186648,2063564,5909.723,1638.537,0,0,0,0,1344,2289,1.010,1.670,1.150,0,0,0,0,0,25,303,4,15,2
17-01 03:54:41,4.998,1.999,93.469,0.500,0,5523416,187732,186664,2063568,8893.030,1619.459,0,487.837,0,34.988,1656,2853,1.010,1.670,1.150,0,0,1.000,0,0,25,303,4,15,2
17-01 03:54:42,3.499,1.500,94.223,0,0,5523416,187732,186676,2063556,7314.930,1619.542,15.995,291.917,1.000,23.993,1553,2802,0.930,1.640,1.150,0,0,1.000,0,0,25,303,4,15,2
17-01 03:54:43,4.005,1.251,94.612,0,0,5523324,187732,186680,2063644,7239.550,1621.915,0,32.038,0,3.004,1371,2503,0.930,1.640,1.150,0,0,0,0,0,25,303,4,15,2
17-01 03:54:44,5.747,0.750,92.201,0,0,5523324,187732,186680,2063644,18703.069,4828.436,0,0,0,0,1537,2609,0.930,1.640,1.150,0,0,0,0,0,25,304,4,15,2
17-01 03:54:45,4.752,0.750,93.298,0.250,0,5523568,187484,186680,2063648,14182.304,2095.079,0,372.192,0,31.016,1678,2872,0.930,1.640,1.150,0,0,1.001,0,0,25,303,4,15,2
17-01 03:54:46,4.250,1.250,94.996,0,0,5523564,187484,186684,2063648,9180.614,1619.932,0,31.999,0,4.000,1350,2352,0.930,1.640,1.150,1,0,0,0,0,25,303,4,15,2
17-01 03:54:47,3.751,1.500,94.024,0,0,5523556,187484,186688,2063652,9737.473,1566.398,0,2448.622,0,10.003,1423,2382,0.850,1.610,1.140,0,0,0,0,0,25,303,4,15,2
17-01 03:54:48,3.741,0.748,94.519,0.249,0,5523540,187484,186692,2063664,5178.339,1616.049,15.961,111.727,0.998,12.968,1606,2959,0.850,1.610,1.140,0,0,0,0,0,25,303,4,15,2
17-01 03:54:49,3.001,1.250,93.267,0,0,5523508,187484,186704,2063684,11109.022,1620.295,0,420.076,0,30.005,1546,2625,0.850,1.610,1.140,0,0,0,0,0,25,303,4,16,2
17-01 03:54:50,6.501,3.000,89.259,0.250,0,5521944,187264,186708,2065592,9540.916,1736.167,1744.167,84.008,18.002,7.001,1773,2755,0.850,1.610,1.140,0,0,4.000,0,0,25,303,4,15,2
17-01 03:54:51,8.000,2.000,90.254,0,0,5521612,186032,186708,2067156,7807.328,1620.068,504.021,96.004,5.000,7.000,1895,3017,0.850,1.610,1.140,0,0,0,0,0,25,303,4,15,2
17-01 03:54:52,6.503,2.001,90.036,0,0,5526872,181988,186708,2065940,9074.666,1512.611,0,116.047,0,10.004,1792,2875,0.780,1.590,1.130,0,0,0,0,0,25,303,4,15,2
17-01 03:54:53,3.254,1.251,94.613,0,0,5527096,181764,186708,2065940,9533.345,1621.930,0,0,0,0,1434,2535,0.780,1.590,1.130,1,0,0,0,0,25,303,4,15,2
17-01 03:54:54,3.501,0.500,95.287,0,0,5527096,181764,186708,2065940,8500.341,1134.446,0,4.002,0,1.000,1385,2469,0.780,1.590,1.130,0,0,0,0,0,25,303,4,15,2
17-01 03:54:55,6.748,2.249,89.479,0.250,0,5529516,178776,186720,2066496,110121.571,1785.571,563.865,271.935,11.997,22.994,1790,3002,0.780,1.590,1.130,0,0,4.999,0,0,25,303,4,15,2
17-01 03:54:56,10.255,5.252,82.537,0.250,0,5543676,164352,186732,2066748,347858.536,9792.407,232.104,260.117,15.007,19.009,2245,3306,0.780,1.590,1.130,2,0,35.016,0,0,25,303,4,15,2
