"pcp-dstat 5.3.6 CSV Output"
"Author:","PCP team <pcp@groups.io> and Dag Wieers <dag@wieers.com>",,,,"URL:","https://pcp.io/ and http://dag.wieers.com/home-made/dstat/"
"Host:","ubuntu",,,,"User:","ubuntu"
"Cmdline:","dstat -tcmndrylpg --tcp --output /tmp/devstack_logs/dstat-csv.log",,,,"Date:","20 Dec 2025 13:50:44 UTC"
"system","total usage",,,,,"memory usage",,,,"net/total",,"dsk/total",,"io/total",,"system",,"load avg",,,"procs",,,"paging",,"tcp sockets",,,,
"time","total usage:usr","total usage:sys","total usage:idl","total usage:wai","total usage:stl","used","free","buf","cach","net/total:recv","net/total:send","dsk/total:read","dsk/total:writ","read","writ","int","csw","1m","5m","15m","run","blk","new","in","out","lis","act","syn","tim","clo"
20-12 13:50:44,,1007760,469120,177060,6106892,,,,,,,2.220,1.220,0.680,2,0,,,,9,4,6,12,2
20-12 13:50:45,24.235,18.239,55.716,0.500,0,1032036,444416,177092,6107216,40900.887,12908.074,0,1575.033,0,57.964,2794,4633,2.220,1.220,0.680,2,0,367.774,0,0,9,4,6,12,2
20-12 13:50:46,24.016,20.764,52.284,0.750,0,1033016,425492,177108,6124588,428846.036,13816.022,0,2597.696,0,82.054,2826,4578,2.220,1.220,0.680,3,0,366.239,0,0,9,4,6,12,2
20-12 13:50:47,35.993,19.996,43.991,0.500,0,1042848,391920,177676,6144692,8148.354,1619.673,0,1991.598,0,70.986,4493,12048,2.220,1.220,0.680,2,0,270.945,0,0,9,4,6,12,2
20-12 13:50:48,29.777,12.261,54.800,1.001,0,1183384,223988,178668,6292732,8833.020,1695.540,0,3487.166,0,132.120,4381,10075,2.220,1.220,0.680,2,0,72.065,0,0,10,6,6,11,2
20-12 13:50:49,36.485,14.994,48.480,1.000,0,1193864,180308,180024,6321272,4621.087,1767.268,79.967,5865.572,1.000,350.855,2857,3796,2.200,1.230,0.690,2,0,226.906,0,0,10,8,6,11,2
20-12 13:50:50,38.941,7.239,53.170,0.499,0,1169292,216016,180260,6309244,16762.672,4347.431,0,2336.470,0,62.905,1614,2099,2.200,1.230,0.690,2,0,36.944,0,0,10,4,6,13,0
20-12 13:50:51,36.721,5.745,52.459,4.247,0,1244932,136388,180492,6312956,12995.798,3778.034,0,16107.356,0,976.234,5743,9520,2.200,1.230,0.690,3,0,16.987,0,0,10,7,6,13,0
20-12 13:50:52,36.087,9.022,43.104,12.029,0,1240192,126200,181656,6325316,12453.062,1635.949,0,44415.218,0,3631.767,15632,26930,2.200,1.230,0.690,7,0,75.181,0,0,10,6,6,13,0
20-12 13:50:53,36.510,9.503,51.514,1.500,0,1175024,187456,182372,6327152,14394.016,4644.296,44.012,14772.121,10.003,768.214,4413,6985,2.200,1.230,0.690,3,0,85.024,0,0,10,4,6,13,0
20-12 13:50:54,44.757,8.251,45.257,0.500,0,1227140,134512,182440,6327700,9544.413,1620.240,0,3408.504,0,119.018,13097,25898,2.260,1.260,0.700,2,0,13.002,0,0,10,4,6,13,0
20-12 13:50:55,42.457,9.241,46.953,0.499,0,1179932,195572,182540,6315260,10262.665,1734.254,0,16511.373,0,817.177,6462,10431,2.260,1.260,0.700,2,0,24.975,0,0,10,4,6,13,0
20-12 13:50:56,45.513,5.001,48.764,0,0,1102232,273436,182548,6315184,7895.242,1620.460,12.003,800.227,1.000,24.007,1388,1457,2.260,1.260,0.700,2,0,23.007,0,0,10,4,6,13,0
20-12 13:50:57,14.729,22.718,62.162,0,0,1076900,298576,182548,6315376,11300.964,1691.600,35.949,11.983,3.994,2.996,2856,4097,2.260,1.260,0.700,2,0,386.452,0,0,10,4,6,13,0
20-12 13:50:58,10.011,21.272,68.322,0,0,1076188,299252,182548,6315396,7809.231,1621.709,0,28.030,0,7.007,2332,3277,2.260,1.260,0.700,3,0,260.274,0,0,10,4,6,13,0
20-12 13:50:59,16.735,16.985,64.943,0,0,1085416,289704,182548,6315884,8546.522,1456.725,127.888,11.990,3.997,2.997,4663,7788,2.240,1.270,0.710,1,0,180.842,0,0,10,4,6,13,0
20-12 13:51:00,43.956,11.489,45.455,0,0,1200168,174824,182548,6316272,9320.735,1618.391,247.754,42553.702,6.993,109.891,2895,4937,2.240,1.270,0.710,2,0,129.871,0,0,10,5,6,13,0
20-12 13:51:01,48.755,2.500,48.755,0,0,1238124,136520,182548,6316748,7881.883,1620.181,0,2020.226,0,34.004,1185,1174,2.240,1.270,0.710,3,0,6.001,0,0,10,5,6,13,0
20-12 13:51:02,27.244,10.998,60.987,0.250,0,1257440,129788,181800,6305464,5208.906,1619.660,275.942,1175.753,20.996,60.987,2977,8336,2.240,1.270,0.710,0,0,117.975,0,0,10,4,6,13,0
20-12 13:51:03,1.250,0.750,97.256,0.250,0.250,1257628,129548,181820,6305496,8578.566,1620.107,0,376.025,0,27.002,736,1159,2.240,1.270,0.710,0,0,1.000,0,0,10,4,6,13,0
20-12 13:51:04,21.500,12.000,64.749,0.500,0,1304104,143792,179936,6246936,8609.836,1693.968,295.994,78418.510,14.000,340.994,3035,7073,2.140,1.270,0.710,1,0,58.999,0,0,10,4,6,14,0
20-12 13:51:05,23.751,3.000,72.002,0.500,0,1333600,130884,179688,6230892,8710.261,1458.044,964.029,50197.506,25.001,274.008,1623,1588,2.140,1.270,0.710,1,0,0,0,0,10,4,6,13,0
20-12 13:51:06,22.766,4.003,71.801,1.251,0,1256188,227272,179768,6212180,7638.385,1621.143,856.604,9590.761,15.011,411.290,3074,5385,2.140,1.270,0.710,2,0,15.011,0,0,10,4,6,15,0
20-12 13:51:07,21.774,3.754,73.831,0.250,0,1301148,181688,180080,6212492,10226.249,1695.865,504.555,0,27.030,0,1101,1348,2.140,1.270,0.710,1,0,28.031,0,0,10,4,6,15,0
20-12 13:51:08,22.245,3.499,73.232,0.500,0,1328420,153464,180480,6213048,7193.238,1661.593,735.820,1243.695,76.981,29.993,1757,2795,2.140,1.270,0.710,1,0,2.999,0,0,10,28,6,15,0
20-12 13:51:09,21.466,5.491,73.382,0,0,1325472,156484,180480,6213056,4910.134,1617.409,0,0,0,0,1081,1488,2.050,1.260,0.710,2,0,42.931,0,0,10,28,6,15,0
20-12 13:51:10,21.001,13.000,65.002,0.250,0,1313632,168052,180480,6213328,5816.180,1620.050,120.004,12.000,5.000,3.000,1977,3066,2.050,1.260,0.710,3,0,156.005,0,0,10,28,6,15,0
20-12 13:51:11,44.126,6.268,48.639,0,0,1408308,129668,180176,6157892,9423.943,1624.645,16.046,0,3.009,0,2428,4200,2.050,1.260,0.710,3,0,0,0,0,10,29,6,15,0
20-12 13:51:12,47.998,18.749,31.499,0.500,0,1381944,155136,180184,6158772,9339.626,1457.942,663.973,1603.936,24.999,53.998,4498,9112,2.050,1.260,0.710,7,0,429.983,0,0,10,28,6,16,0
20-12 13:51:13,82.249,16.000,2.250,0,0,1586916,126708,179488,5986488,8203.902,1693.980,1995.976,3291.960,52.999,423.995,4192,5711,2.050,1.260,0.710,8,0,148.998,0,0,10,30,6,16,0
20-12 13:51:14,78.084,14.469,6.486,0.249,0,1437664,352808,179160,5911776,6476.193,1690.396,51.889,702.502,4.989,55.881,4186,11358,2.370,1.340,0.740,5,0,199.575,0,0,10,29,6,16,0
20-12 13:51:15,28.811,9.019,60.879,0,0,1328136,462164,179180,5911928,10335.871,1623.435,0,252.534,0,25.053,2656,5359,2.370,1.340,0.740,2,0,110.233,0,0,10,28,6,18,0
20-12 13:51:16,23.000,2.750,73.499,0,0,1363864,426408,179188,5911948,9265.842,1619.972,0,155.997,0,15.000,1568,3228,2.370,1.340,0.740,3,0,0,0,0,10,28,6,18,0
20-12 13:51:17,18.699,8.227,73.298,0.249,0,1353016,437248,179192,5911952,5369.229,1615.556,0,386.936,0,21.940,1290,1839,2.370,1.340,0.740,2,0,67.813,0,0,10,28,6,18,0
20-12 13:51:18,18.531,9.516,70.867,0,0,1296488,493440,179196,5912284,8367.866,1622.689,324.538,256.425,7.012,27.045,2146,4147,2.370,1.340,0.740,2,0,110.183,0,0,10,28,6,18,0
20-12 13:51:19,8.999,20.747,68.489,0,0,1298488,491424,179196,5912300,10115.341,1457.761,0,151.975,0,7.999,2405,2934,2.260,1.340,0.740,1,0,304.950,0,0,10,28,6,17,0
20-12 13:51:20,35.545,26.784,37.297,0.250,0,1409208,380576,179200,5912424,6710.462,1696.139,80.101,668.843,1.001,49.062,2905,4986,2.260,1.340,0.740,5,0,623.787,0,0,10,28,6,17,0
20-12 13:51:21,87.209,10.245,2.749,0,0,1612516,177240,179212,5912440,9928.334,1619.239,0,191.910,0,16.992,3217,7052,2.260,1.340,0.740,5,0,0,0,0,10,30,6,17,0
20-12 13:51:22,80.784,12.755,6.003,0,0,1532432,256780,179252,5912944,7860.309,1620.682,0,504.212,0,61.026,5985,13593,2.260,1.340,0.740,5,0,90.038,0,0,10,28,6,17,0
20-12 13:51:23,79.980,15.996,3.249,0,0,1586536,202368,179252,5913252,11670.117,1661.590,0,515.873,0,13.997,4035,9349,2.260,1.340,0.740,6,0,220.945,0,0,10,30,5,17,0
20-12 13:51:24,82.514,12.252,4.751,0,0,1500916,287776,179256,5913460,8380.383,1620.267,0,208.034,0,12.002,4427,10354,2.720,1.450,0.780,3,0,150.025,0,0,10,29,5,17,0
20-12 13:51:25,44.126,11.966,43.628,0,0,1363476,425020,179276,5913636,4666.900,1657.348,0,406.858,0,36.896,3572,7301,2.720,1.450,0.780,2,0,147.586,0,0,10,28,5,16,0
20-12 13:51:26,45.553,5.256,48.557,0,0,1438032,350428,179280,5913668,8477.885,1459.702,0,252.294,0,22.026,3084,5320,2.720,1.450,0.780,2,0,0,0,0,10,29,5,17,0
20-12 13:51:27,54.341,19.783,26.044,0,0,1455380,333036,179288,5913704,7541.647,1622.721,4.007,865.451,1.002,58.097,3276,5564,2.720,1.450,0.780,3,0,378.635,0,0,10,28,5,17,0
20-12 13:51:28,61.752,8.500,30.251,0.500,0,1366076,422116,179304,5913912,8046.233,1620.047,0,328.010,0,39.001,4081,10875,2.720,1.450,0.780,5,0,87.003,0,0,10,28,5,21,0
20-12 13:51:29,81.736,15.747,2.750,0,0,1558228,229932,179316,5913932,9910.256,1619.715,0,371.935,0,9.998,2154,2942,2.820,1.490,0.800,4,0,170.970,0,0,10,29,5,21,0
20-12 13:51:30,64.262,15.003,19.504,0,0,1328360,459404,179348,5914296,9760.835,1620.305,0,348.065,0,33.006,4010,14090,2.820,1.490,0.800,5,0,313.059,0,0,10,28,5,21,0
20-12 13:51:31,66.004,8.501,25.002,0,0,1504736,283004,179352,5914316,9128.612,1694.114,0,168.011,0,11.001,1933,3239,2.820,1.490,0.800,2,0,11.001,0,0,10,31,5,20,0
20-12 13:51:32,58.358,15.712,24.690,0,0,1411268,375672,179376,5915092,6968.102,1622.066,566.626,498.790,4.988,43.894,4381,9861,2.820,1.490,0.800,3,0,298.277,0,0,10,28,5,22,0
20-12 13:51:33,64.357,7.262,28.547,0,0,1504808,281956,179380,5915264,5006.300,1622.690,0,3894.457,0,105.174,4098,8424,2.820,1.490,0.800,5,0,1.002,0,0,10,29,5,18,0
20-12 13:51:34,64.295,15.511,20.765,0,0,1474216,312384,179380,5915428,11736.262,1695.193,0,236.166,0,14.010,2331,3746,2.830,1.510,0.810,4,0,287.202,0,0,10,28,5,18,0
20-12 13:51:35,59.752,9.500,30.501,0,0,1351184,434780,179388,5916056,9805.324,1620.053,0,396.013,0,41.001,5213,10365,2.830,1.510,0.810,4,0,112.004,0,0,10,28,5,23,0
20-12 13:51:36,63.998,9.000,26.499,0,0,1501604,284336,179392,5916076,8270.744,1619.950,0,191.994,0,9.000,1857,4252,2.830,1.510,0.810,3,0,0,0,0,10,31,5,23,0
20-12 13:51:37,58.496,20.499,20.249,0.500,0,1437176,347348,179420,5917432,7827.523,1619.901,1271.922,3639.778,12.999,241.985,3977,8784,2.830,1.510,0.810,7,0,398.976,0,0,10,28,5,25,0
20-12 13:51:38,81.235,15.497,3.249,0,0,1618580,165716,179432,5917648,8785.401,1585.711,0,287.948,0,25.995,4854,8287,2.830,1.510,0.810,8,0,180.967,0,0,10,29,5,25,0
20-12 13:51:39,82.274,16.255,1.500,0,0,1534364,249612,179572,5917828,7788.313,1792.532,132.039,992.295,4.001,33.010,3287,5261,3.090,1.590,0.840,8,0,277.082,0,0,10,28,6,22,0
20-12 13:51:40,79.498,15.750,4.000,0,0,1547144,236612,179580,5918040,5743.862,1693.959,0,359.991,0,26.999,5322,9376,3.090,1.590,0.840,7,0,236.994,0,0,10,29,6,22,0
20-12 13:51:41,75.748,15.750,7.250,0,0.250,1516752,266792,179584,5918248,5348.877,1619.963,0,171.996,0,9.000,5705,11056,3.090,1.590,0.840,5,0,331.992,0,0,10,28,6,22,0
20-12 13:51:42,32.169,27.680,39.151,0,0,1316716,466744,179584,5918332,10840.573,1689.725,0,11.970,0,2.992,4592,9590,3.090,1.590,0.840,2,0,623.423,0,0,10,28,6,23,0
20-12 13:51:43,7.516,23.301,68.149,0.251,0,1314184,469264,179592,5918336,7056.404,1623.544,0,505.103,0,11.024,2402,2999,3.090,1.590,0.840,1,0,303.663,0,0,10,28,6,23,0
20-12 13:51:44,9.003,22.757,66.520,0,0,1313452,469980,179592,5918352,10301.132,1704.518,0,328.100,0,22.007,2618,3546,2.920,1.580,0.840,3,0,333.101,0,0,10,28,6,23,0
20-12 13:51:45,59.754,28.002,12.001,0,0,1493684,289684,179604,5918404,7433.528,1512.107,4.000,200.014,1.000,22.002,2736,5642,2.920,1.580,0.840,6,0,789.056,0,0,10,29,6,23,0
20-12 13:51:46,77.249,17.500,4.500,0,0,1548880,234252,179636,5918608,8341.900,1639.980,8.000,1007.988,2.000,69.999,6078,11823,2.920,1.580,0.840,8,0,391.995,0,0,10,29,6,23,0
20-12 13:51:47,82.496,15.749,1.250,0,0,1517428,265588,179656,5918704,7490.596,1693.909,155.992,375.980,10.999,28.998,4302,8068,2.920,1.580,0.840,6,0,253.986,0,0,10,29,6,24,0
20-12 13:51:48,82.754,13.751,3.000,0.250,0,1614240,168288,179676,5919168,5857.310,1694.090,8.000,196.010,2.000,9.000,4668,8313,2.920,1.580,0.840,6,0,119.006,0,0,10,30,6,24,0
20-12 13:51:49,84.248,11.250,4.750,0,0,1667596,155668,179608,5879372,11927.690,4534.882,31.999,5767.850,8.000,344.991,6670,16884,3.090,1.640,0.870,7,0,1.000,0,0,10,31,6,24,0
20-12 13:51:50,83.752,13.250,3.000,0,0,1554456,261800,179976,5885116,9165.202,1794.039,20.000,1872.041,4.000,63.001,5154,13388,3.090,1.640,0.870,7,0,91.002,0,0,10,28,6,22,0
20-12 13:51:51,83.750,15.250,1.000,0,0,1620416,195456,179976,5885436,7381.993,1619.998,12.000,352.000,2.000,14.000,5540,26115,3.090,1.640,0.870,7,0,104.000,0,0,10,29,6,22,0
20-12 13:51:52,80.749,12.500,6.500,0,0,1611356,203792,179984,5886088,15345.847,2871.971,8.000,1147.989,2.000,12.000,4930,22412,3.090,1.640,0.870,7,0,41.000,0,0,10,33,6,22,0
20-12 13:51:53,78.497,11.000,9.750,0,0,1631124,183204,180072,5886752,153128.181,9230.649,0,1495.943,0,45.998,5972,18848,3.090,1.640,0.870,4,0,109.996,0,0,10,33,6,24,0
20-12 13:51:54,83.255,12.501,2.750,0,0,1579384,233916,180224,5887596,554806.069,14290.800,0,2092.117,0,83.005,4820,10440,3.320,1.710,0.890,7,0,148.008,0,0,10,31,6,24,0
20-12 13:51:55,82.497,11.000,6.500,0,0,1653484,159292,180320,5887992,28351.809,6610.722,0,1095.954,0,59.997,5812,12991,3.320,1.710,0.890,6,0,29.999,0,0,10,31,6,24,0
20-12 13:51:56,79.997,14.999,4.500,0,0,1581608,230752,180412,5888280,24325.978,6654.721,4.000,1055.956,1.000,56.998,7059,14413,3.320,1.710,0.890,5,0,97.996,0,0,10,30,6,24,0
20-12 13:51:57,86.650,10.209,2.490,0,0,1678568,133252,180484,5888684,52487.844,3981.905,3.984,525.874,0.996,18.924,5596,10190,3.320,1.710,0.890,6,0,74.698,0,0,10,33,6,24,0
20-12 13:51:58,79.560,12.800,7.278,0,0,1554124,278324,180920,5867616,18129.560,3246.636,0,10187.650,0,394.536,5637,10896,3.320,1.710,0.890,8,0,123.481,0,0,10,31,6,24,0
20-12 13:51:59,81.251,15.250,3.250,0,0,1598756,232620,181052,5868084,9340.140,1794.027,0,836.013,0,27.000,4001,8724,3.620,1.800,0.930,6,0,152.002,0,0,10,30,6,24,0
20-12 13:52:00,82.175,9.712,7.470,0,0,1582256,248624,181128,5868412,20727.045,5512.205,0,824.739,0,34.862,4581,9869,3.620,1.800,0.930,6,0,52.791,0,0,10,31,6,24,0
20-12 13:52:01,84.099,13.054,2.510,0.251,0.251,1566204,264176,181220,5868760,23627.147,6522.093,108.451,1072.455,4.017,59.246,3266,6364,3.620,1.800,0.930,5,0,117.488,0,0,10,31,6,24,0
20-12 13:52:02,79.994,12.249,7.499,0,0,1616880,213032,181352,5868996,30998.613,8085.377,0,1419.891,0,71.994,6265,13466,3.620,1.800,0.930,8,0,77.994,0,0,10,32,6,25,0
20-12 13:52:03,79.507,13.501,6.501,0,0,1561716,267880,181436,5869184,23961.252,6631.623,4.000,7692.723,1.000,109.010,5188,10897,3.620,1.800,0.930,5,0,225.021,0,0,10,31,6,25,0
20-12 13:52:04,80.245,11.999,8.249,0,0,1500308,328472,181556,5872204,21637.529,5640.616,7.999,1239.916,1.000,65.996,4845,16760,3.570,1.820,0.940,10,0,102.993,0,0,10,31,6,25,0
20-12 13:52:05,84.000,13.750,1.750,0,0,1606968,221584,181576,5869944,18841.038,3707.007,0,356.001,0,15.000,3001,6350,3.570,1.820,0.940,7,0,138.000,0,0,10,32,6,26,0
20-12 13:52:06,85.252,8.750,5.000,0,0,1585180,235484,182124,5876336,7457.201,1794.048,0,1388.037,0,38.001,6083,13154,3.570,1.820,0.940,8,0,61.002,0,0,10,30,6,25,0
20-12 13:52:07,75.210,15.492,9.245,0,0,1541176,278384,182232,5877100,17214.893,4707.510,0,1139.397,0,42.977,2790,5292,3.570,1.820,0.940,5,0,224.881,0,0,10,31,6,25,0
20-12 13:52:08,61.779,10.005,27.513,0.250,0,1448380,370412,182384,5877672,66065.249,7101.359,0,2036.963,0,78.037,5496,14328,3.570,1.820,0.940,4,0,78.037,0,0,10,35,6,27,0
20-12 13:52:09,83.504,10.750,5.500,0,0,1582832,234580,182408,5878916,15875.683,3707.159,0,848.036,0,40.002,2877,4324,3.520,1.840,0.950,6,0,35.002,0,0,10,36,6,27,0
20-12 13:52:10,77.751,14.500,7.250,0,0,1508808,301096,183028,5884620,9421.113,2523.030,0,1332.016,0,47.001,5771,11900,3.520,1.840,0.950,4,0,121.001,0,0,10,34,6,27,0
20-12 13:52:11,78.745,9.249,11.249,0,0,1582724,226588,183096,5885092,37391.607,4756.696,0,939.940,0,23.998,2992,8233,3.520,1.840,0.950,6,0,54.996,0,0,10,35,6,29,0
20-12 13:52:12,85.987,11.248,2.500,0.250,0,1512248,288728,183700,5891692,7026.911,1867.711,0,867.865,0,17.997,2933,4637,3.520,1.840,0.950,5,0,120.981,0,0,10,34,6,28,0
20-12 13:52:13,67.514,11.502,20.754,0,0,1437052,363172,183824,5892176,74618.924,7826.565,0,2104.421,0,92.018,5133,11109,3.520,1.840,0.950,6,0,125.025,0,0,10,34,6,29,0
20-12 13:52:14,73.498,12.000,14.500,0,0,1555728,241092,183928,5895432,1747858.564,25925.222,0,987.970,0,42.999,2976,3117,3.560,1.870,0.970,5,0,146.996,0,0,10,34,6,29,0
20-12 13:52:15,65.252,11.250,21.001,0.750,0,1479564,268600,184056,5943768,24625119.379,123171.818,0,19540.606,0,112.003,11189,14929,3.560,1.870,0.970,5,0,140.004,0,0,10,35,6,31,0
20-12 13:52:16,68.498,11.000,19.499,0.500,0,1557100,163888,184380,5969676,13108859.061,67016.191,0,22827.384,0,183.995,6763,6707,3.560,1.870,0.970,4,0,32.999,0,0,10,34,6,29,0
20-12 13:52:17,65.995,16.999,16.249,0.250,0,1536436,167256,184548,5986052,8395769.296,33109.682,0,9791.315,0,96.993,5646,13974,3.560,1.870,0.970,5,0,169.988,0,0,10,35,6,29,0
20-12 13:52:18,74.469,15.442,8.966,0,0,1538908,172088,184600,5978724,7971.922,1687.633,0,14210.384,0,440.339,5119,40429,3.560,1.870,0.970,4,0,213.196,0,0,10,35,6,30,0
20-12 13:52:19,60.982,14.304,24.594,0,0.251,1491316,219176,184760,5978956,6245.746,1720.541,0,465.771,0,32.122,2697,4613,3.510,1.890,0.980,5,0,135.515,0,0,10,34,6,30,0
20-12 13:52:20,64.497,9.250,25.999,0.250,0,1454036,236200,185068,5998064,5456.749,1511.930,0,2115.903,0,80.996,4840,9506,3.510,1.890,0.980,4,0,65.997,0,0,10,34,6,33,0
20-12 13:52:21,65.004,10.001,25.252,0.500,0,1487416,127288,186316,6067344,9200.616,1736.116,0,20353.364,0,395.026,2413,2500,3.510,1.890,0.980,5,0,5.000,0,0,10,34,6,33,0
20-12 13:52:22,59.106,13.467,26.685,0.499,0,1392856,225700,194776,6046928,10286.015,1616.075,359.128,77499.753,4.988,270.343,4250,7382,3.510,1.890,0.980,6,0,94.770,0,0,10,34,6,33,0
20-12 13:52:23,66.409,9.773,24.810,0,0,1491296,119348,198888,6046068,10005.012,1623.897,0,8039.294,0,29.070,1495,1502,3.510,1.890,0.980,4,1,5.012,0,0,10,34,6,33,0
20-12 13:52:24,58.829,13.710,25.426,0.499,0,1374380,345656,199436,5941280,8046.673,1962.311,47.861,3186.762,8.974,67.803,5091,9023,3.550,1.930,0.990,4,0,145.578,0,0,10,32,6,34,0
20-12 13:52:25,74.220,11.785,13.791,0,0,1498332,211148,199576,5951680,9422.901,1699.031,1684.989,1769.239,21.062,18.053,4382,8814,3.550,1.930,0.990,8,0,145.431,0,0,10,32,6,34,0
20-12 13:52:26,49.748,26.499,22.749,0.250,0,1359124,345748,199580,5956284,7471.664,1619.927,919.959,891.960,42.998,34.998,5668,11470,3.550,1.930,0.990,7,0,688.969,0,0,10,32,6,33,0
20-12 13:52:27,45.426,12.729,40.684,0.749,0,1455968,246172,199592,5959360,5061.810,1529.525,3043.076,122222.244,57.906,515.166,3232,4360,3.550,1.930,0.990,3,0,206.666,0,0,10,33,6,34,0
20-12 13:52:28,41.284,11.009,48.040,0,0,1388716,312940,199592,5959844,6030.017,1621.349,0,312.260,0,32.027,3129,5946,3.550,1.930,0.990,4,0,145.121,0,0,10,32,6,34,0
20-12 13:52:29,43.788,7.006,48.042,0.250,0,1390068,311424,199596,5960004,10178.805,1621.403,0,352.305,0,33.029,2245,3989,3.350,1.910,0.990,5,0,43.037,0,0,10,33,6,30,0
20-12 13:52:30,39.239,12.497,47.487,0,0,1381896,318200,199616,5961380,7328.948,1661.535,411.885,355.900,49.986,35.990,3658,6529,3.350,1.910,0.990,3,0,165.954,0,0,10,32,6,31,0
20-12 13:52:31,25.952,13.974,59.640,0.250,0,1325760,373892,199620,5961820,9352.716,1617.012,0,2587.219,0,163.697,3601,6907,3.350,1.910,0.990,1,0,262.515,0,0,10,32,6,31,0
20-12 13:52:32,22.232,2.998,73.689,0,0,1380368,319264,199632,5961828,9005.534,1712.580,0,143.881,0,8.993,1186,2230,3.350,1.910,0.990,1,0,0,0,0,10,33,6,31,0
20-12 13:52:33,21.498,5.500,71.995,0,0,1343320,356280,199636,5961856,10093.263,1619.882,0,147.989,0,13.999,2140,3969,3.350,1.910,0.990,1,0,56.996,0,0,10,32,6,31,0
20-12 13:52:34,22.769,3.253,73.561,0,0,1310100,389488,199640,5961864,6916.734,1533.271,0,180.149,0,21.017,1450,2483,3.160,1.900,0.990,1,0,5.004,0,0,10,32,6,31,0
20-12 13:52:35,19.998,6.999,72.492,0,0,1367180,332408,199640,5961864,5406.422,1619.827,0,227.976,0,11.999,1344,1721,3.160,1.900,0.990,1,0,85.991,0,0,10,32,6,31,0
20-12 13:52:36,18.993,7.747,71.974,0.250,0,1313768,385804,199640,5961880,8936.774,1619.415,0,191.931,0,21.992,2041,3561,3.160,1.900,0.990,1,0,93.966,0,0,10,32,6,31,0
20-12 13:52:37,22.241,4.248,73.722,0,0,1382272,317288,199644,5961888,9432.369,1693.348,0,143.945,0,6.997,1169,1540,3.160,1.900,0.990,1,0,4.998,0,0,10,32,6,24,0
20-12 13:52:38,19.011,8.005,71.792,0.500,0,1331756,367656,199652,5962028,8816.113,1620.940,0,832.483,0,63.037,2330,3593,3.160,1.900,0.990,1,0,94.055,0,0,10,32,6,24,0
20-12 13:52:39,23.481,2.748,73.192,0,0,1377608,321792,199656,5962036,8632.129,1618.712,0,43.965,0,5.995,1767,2892,3.070,1.900,1,2,0,0,0,0,10,33,6,24,0
20-12 13:52:40,22.054,4.260,72.929,0,0,1349908,349476,199656,5962052,9834.192,1515.729,0,316.779,0,27.067,2154,4024,3.070,1.900,1,1,0,30.074,0,0,10,32,6,26,0
20-12 13:52:41,22.969,2.996,73.151,0,0,1376336,323016,199656,5962084,9098.653,1563.878,3.995,0,0.999,0,2179,5021,3.070,1.900,1,1,0,0,0,0,10,32,6,26,0
20-12 13:52:42,12.009,17.763,68.799,0,0,1310784,388260,199656,5962392,7238.139,1621.151,0,2850.024,0,166.118,2290,2782,3.070,1.900,1,1,0,246.175,0,0,10,32,6,26,0
20-12 13:52:43,28.265,16.759,53.529,0.500,0,1405724,293064,199684,5962620,4878.669,1694.927,100.055,460.252,6.003,29.016,2299,3311,3.070,1.900,1,2,0,241.132,0,0,10,32,6,27,0
20-12 13:52:44,41.539,6.506,47.544,3.253,0,1498236,195288,199928,5967640,9679.011,1695.579,1441.342,10205.501,33.031,924.861,6350,10256,2.900,1.880,1,2,0,59.055,0,0,10,36,6,27,0
20-12 13:52:45,39.672,9.232,41.918,9.731,0,1441740,246948,200492,5971912,8918.502,1616.828,0,47973.875,0,4167.823,20181,31835,2.900,1.880,1,6,0,105.792,0,0,10,36,6,27,0
20-12 13:52:46,42.992,7.249,45.492,3.749,0,1459116,229560,200612,5971804,5096.067,1619.704,0,18512.612,0,1494.726,8537,12851,2.900,1.880,1,2,0,12.998,0,0,10,32,6,27,0
20-12 13:52:47,41.818,6.511,47.327,3.255,0,1462364,226104,200704,5971920,8896.430,1622.632,0,5609.098,0,1107.797,7807,13609,2.900,1.880,1,3,0,2.003,0,0,10,34,6,27,0
20-12 13:52:48,39.019,10.005,45.272,4.752,0.250,1439512,248428,200832,5972320,8641.113,1500.714,0,12850.117,0,1729.823,10882,19004,2.900,1.880,1,2,0,93.044,0,0,10,32,6,27,0
20-12 13:52:49,23.427,2.742,73.273,0,0,1411804,276124,200840,5972324,9362.993,1614.997,0,1678.799,0,98.694,1220,1709,2.750,1.870,1,1,0,7.975,0,0,10,32,6,26,0
20-12 13:52:50,23.252,2.250,74.007,0,0,1363312,324580,200856,5972344,7897.766,1694.164,0,5516.535,0,290.028,1524,2204,2.750,1.870,1,1,0,3.000,0,0,10,32,6,26,0
20-12 13:52:51,22.490,3.748,72.969,0,0,1432352,255032,200856,5972852,6725.128,1619.309,499.787,159.932,3.998,17.992,1098,1442,2.750,1.870,1,3,0,1.999,0,0,10,32,6,26,0
20-12 13:52:52,23.028,4.005,72.339,0.250,0,1378628,308556,200860,5972864,11784.424,1621.985,0,35911.956,0,416.510,1894,2475,2.750,1.870,1,1,0,1.001,0,0,10,32,6,26,0
20-12 13:52:53,23.748,2.750,73.245,0.250,0,1439608,247572,200864,5972864,8961.355,1619.883,0,1827.868,0,50.996,1086,1326,2.750,1.870,1,1,0,3.000,0,0,10,32,5,24,0
20-12 13:52:54,22.234,2.748,74.198,0,0,1399188,287924,200864,5972932,9071.614,1618.860,0,0,0,0,796,996,2.610,1.850,1,1,0,0.999,0,0,10,32,5,24,0
20-12 13:52:55,23.253,2.750,73.760,0,0,1443200,243824,200864,5973020,9594.238,1512.195,0,0,0,0,824,1027,2.610,1.850,1,1,0,2.000,0,0,10,32,5,24,0
20-12 13:52:56,23.549,3.257,73.905,0,0,1317628,369364,200864,5973052,11586.285,1569.289,0,0,0,0,973,1103,2.610,1.850,1,1,0,2.004,0,0,10,32,5,24,0
20-12 13:52:57,21.743,4.998,72.225,0.250,0,1399920,287072,200864,5973052,9355.791,1619.445,0,33184.618,0,185.936,1298,1252,2.610,1.850,1,1,1,1.999,0,0,10,32,5,24,0
20-12 13:52:58,24.454,1.996,73.363,0.250,0,1346604,340316,200864,5973088,5566.624,1616.986,0,4527.561,0,190.645,1394,1597,2.610,1.850,1,1,0,0.998,0,0,10,32,5,24,0
20-12 13:52:59,23.050,3.508,73.659,0.251,0,1334764,352124,200864,5973120,6388.761,1697.657,0,92.199,0,4.009,939,1124,2.480,1.840,1,1,0,1.002,0,0,10,32,5,24,0
20-12 13:53:00,22.500,3.750,74.249,0,0,1415404,271484,200864,5973120,9770.834,1693.971,0,0,0,0,935,1081,2.480,1.840,1,1,0,2.000,0,0,10,32,5,24,0
20-12 13:53:01,17.483,9.491,71.931,0,0,1333604,353148,200864,5973256,8635.675,1552.503,0,0,0,0,1493,1966,2.480,1.840,1,1,0,117.886,0,0,10,32,5,24,0
20-12 13:53:02,10.758,19.264,69.301,0,0,1339780,346952,200864,5973276,9547.989,1695.241,0,528.387,0,6.004,2493,3444,2.480,1.840,1,1,0,310.227,0,0,10,32,5,24,0
20-12 13:53:03,9.256,20.513,69.293,0,0,1342044,344332,200864,5973632,8029.018,1566.979,108.068,452.283,6.004,8.005,2499,3508,2.480,1.840,1,1,0,289.181,0,0,10,32,5,23,0
20-12 13:53:04,8.981,20.207,69.102,0.249,0,1337608,348732,200864,5973668,8633.447,1616.526,0,722.447,0,89.807,2704,3675,2.280,1.810,0.990,1,0,316.320,0,0,10,32,5,23,0
20-12 13:53:05,12.519,21.783,64.848,0,0,1332188,354128,200864,5973692,7168.854,1622.456,0,132.200,0,2.003,2957,6439,2.280,1.810,0.990,1,0,346.525,0,0,10,32,5,23,0
20-12 13:53:06,19.963,5.989,73.113,0,0,1404696,281628,200864,5973684,6878.124,1690.835,0,0,0,0,1147,1367,2.280,1.810,0.990,1,0,33.936,0,0,10,32,5,23,0
20-12 13:53:07,22.252,3.500,74.006,0,0,1333364,352944,200864,5973700,10978.944,1620.139,0,16.001,0,1.000,950,1030,2.280,1.810,0.990,1,0,3.000,0,0,10,32,5,23,0
20-12 13:53:08,23.012,2.501,73.290,0,0,1412500,273816,200872,5973684,8666.671,1512.815,0,532.287,0,41.022,1239,1667,2.280,1.810,0.990,1,0,2.001,0,0,10,32,5,23,0
20-12 13:53:09,22.501,3.500,73.504,0,0,1343868,342436,200876,5973692,5618.326,1846.107,0,316.018,0,11.001,1017,1273,2.180,1.790,1,2,0,1.000,0,0,10,32,6,19,0
20-12 13:53:10,21.990,3.748,73.966,0,0,1422464,263840,200876,5973692,10893.044,1693.230,0,7.996,0,1.999,956,1100,2.180,1.790,1,2,0,1.999,0,0,10,32,6,19,0
20-12 13:53:11,23.247,2.000,73.489,0,0,1368220,318092,200876,5973684,7517.917,1565.775,0,11.998,0,1.000,860,1032,2.180,1.790,1,2,0,1.000,0,0,10,32,6,19,0
20-12 13:53:12,23.999,2.250,73.998,0,0,1424144,262148,200876,5973704,9273.805,1693.964,0,20.000,0,1.000,959,1086,2.180,1.790,1,1,0,2.000,0,0,10,32,6,17,0
20-12 13:53:13,23.502,3.000,73.508,0,0,1402412,283892,200876,5973692,7549.785,1620.168,0,32.003,0,2.000,921,1067,2.180,1.790,1,1,0,2.000,0,0,10,32,6,17,0
20-12 13:53:14,23.501,2.750,73.754,0,0,1341844,344448,200876,5973704,5568.284,1704.087,0,260.013,0,53.003,956,1006,2.080,1.780,1,1,0,3.000,0,0,10,32,6,16,0
20-12 13:53:15,22.500,3.500,74.001,0,0,1419484,266832,200876,5973680,8448.084,1586.016,0,52.001,0,2.000,918,1057,2.080,1.780,1,1,0,2.000,0,0,10,32,6,16,0
20-12 13:53:16,22.999,1.750,73.748,0,0,1346972,339408,200876,5973616,7270.826,1693.959,0,27.999,0,2.000,853,980,2.080,1.780,1,1,0,1.000,0,0,10,32,6,14,0
20-12 13:53:17,23.252,3.250,73.757,0,0,1420556,265824,200876,5973616,5355.487,1662.151,0,0,0,0,876,1058,2.080,1.780,1,1,0,2.000,0,0,10,32,6,14,0
20-12 13:53:18,23.497,2.500,72.742,0.250,0,1363228,323056,200888,5973700,8831.046,1639.823,0,2323.749,0,47.995,1290,1697,2.080,1.780,1,1,0,1.000,0,0,10,32,6,14,0
20-12 13:53:19,23.001,3.000,74.003,0,0,1384620,301672,200888,5973692,6810.245,1620.058,0,12.000,0,1.000,952,1114,2,1.770,1,1,0,1.000,0,0,10,32,6,14,0
20-12 13:53:20,23.502,2.500,73.505,0,0,1434748,251524,200888,5973712,9579.661,1620.112,0,140.010,0,25.002,932,1000,2,1.770,1,1,0,2.000,0,0,10,32,6,13,0
20-12 13:53:21,22.499,3.500,73.996,0,0,1406724,279568,200888,5973692,10136.473,1511.921,0,0,0,0,962,1050,2,1.770,1,1,0,1.000,0,0,10,32,6,13,0
20-12 13:53:22,24.010,2.501,73.781,0,0,1393900,292384,200888,5973700,8358.519,1662.700,0,24.010,0,2.001,921,1049,2,1.770,1,1,0,1.000,0,0,10,32,6,10,0
20-12 13:53:23,22.776,3.254,73.584,0,0,1340524,345740,200892,5973716,10622.194,1621.862,0,96.110,0,4.005,1048,1232,2,1.770,1,1,0,19.022,0,0,10,32,6,10,0
20-12 13:53:24,8.990,20.726,68.421,0,0,1346260,339972,200892,5973748,5757.322,1692.037,0,159.815,0,7.991,2400,3300,1.920,1.750,1,1,0,292.661,0,0,10,32,6,10,0
20-12 13:53:25,15.743,12.244,71.468,0,0,1381540,304672,200892,5973768,8458.185,1639.261,0,39.982,0,1.999,1668,2279,1.920,1.750,1,1,0,150.932,0,0,10,32,6,10,0
20-12 13:53:26,23.750,1.500,74.001,0,0,1428176,257800,200892,5974004,8318.141,1620.028,0,0,0,0,791,1024,1.920,1.750,1,1,0,0,0,0,10,32,6,9,0
20-12 13:53:27,23.050,3.257,73.661,0,0,1400020,285952,200892,5974008,9077.844,1623.549,0,0,0,0,955,1116,1.920,1.750,1,1,0,9.020,0,0,10,32,6,9,0
20-12 13:53:28,16.992,12.244,69.468,0.250,0,1342084,343788,200896,5974104,12276.316,1511.300,3.998,2238.963,1.000,114.947,2237,3057,1.920,1.750,1,1,0,187.913,0,0,10,32,6,8,0
20-12 13:53:29,8.505,20.512,69.541,0,0,1338660,347192,200896,5974124,34818.473,1620.953,0,120.071,0,5.003,2713,3298,1.840,1.740,1,1,0,284.167,0,0,10,32,6,8,0
20-12 13:53:30,9.234,19.217,69.630,0,0,1340560,345272,200896,5974144,5320.795,1617.202,0,195.662,0,31.945,2440,3282,1.840,1.740,1,2,0,279.516,0,0,10,32,6,8,0
20-12 13:53:31,8.762,22.280,68.342,0,0,1343680,342136,200896,5974160,11100.986,1738.347,0,200.270,0,3.004,2491,3362,1.840,1.740,1,2,0,289.391,0,0,10,32,6,8,0
20-12 13:53:32,10.486,18.725,69.156,0,0,1344072,341724,200896,5974180,9068.730,1711.684,0,91.876,0,1.997,2459,3328,1.840,1.740,1,2,0,283.616,0,0,10,32,6,7,0
20-12 13:53:33,9.499,20.998,68.495,0,0,1342720,343060,200896,5974196,8189.402,1565.886,0,1055.923,0,12.999,2479,3419,1.840,1.740,1,2,0,295.978,0,0,10,32,6,7,0
20-12 13:53:34,10.012,19.273,68.831,0,0,1344284,341476,200896,5974216,8724.260,1513.780,0,744.876,0,10.012,2425,3248,1.860,1.750,1,1,0,286.337,0,0,10,32,6,5,0
20-12 13:53:35,7.492,22.227,68.680,0,0,1341252,344496,200896,5974228,9551.258,1618.349,0,643.344,0,6.993,2394,3144,1.860,1.750,1,1,0,280.714,0,0,10,32,6,5,0
20-12 13:53:36,8.765,21.786,68.864,0,0,1335040,350696,200896,5974240,8080.397,1622.690,0,737.222,0,8.013,2468,3321,1.860,1.750,1,1,0,289.480,0,0,10,32,6,5,0
20-12 13:53:37,8.494,20.235,70.197,0,0,1334740,350976,200896,5974260,5162.097,1618.776,0,459.653,0,4.996,2324,3221,1.860,1.750,1,2,0,268.797,0,0,10,32,6,5,0
20-12 13:53:38,10.740,17.733,69.682,0,0,1341556,344140,200896,5974280,6830.327,1618.419,0,199.805,0,6.993,2412,3352,1.860,1.750,1,3,0,280.726,0,0,10,32,6,5,0
20-12 13:53:39,8.499,19.998,69.994,0,0,1337508,348164,200900,5974300,8736.231,1619.857,0,575.949,0,19.998,2639,3648,1.790,1.730,1,1,0,288.975,0,0,10,32,6,5,0
20-12 13:53:40,9.501,20.502,69.507,0.250,0,1336288,349184,200900,5974500,9186.983,1620.173,176.019,244.026,5.001,7.001,2434,3316,1.790,1.730,1,1,0,277.030,0,0,10,32,6,3,0
20-12 13:53:41,9.002,21.254,68.263,0,0,1337776,347676,200900,5974520,8696.635,1532.288,0,36.007,0,9.002,2497,3391,1.790,1.730,1,2,0,306.058,0,0,10,32,6,3,0
20-12 13:53:42,6.998,21.995,69.733,0,0,1337972,347464,200900,5974536,6842.324,1693.585,0,23.994,0,5.999,2450,3416,1.790,1.730,1,1,0,293.928,0,0,10,32,6,3,0
20-12 13:53:43,21.800,21.800,54.124,0.501,0,1368788,313140,200928,5978032,7892.097,1697.893,3431.869,368.846,50.115,19.044,3435,5332,1.790,1.730,1,2,0,497.140,0,0,10,32,6,5,0
20-12 13:53:44,54.752,30.251,16.750,0,0,1497996,183312,200988,5978592,9695.271,1620.045,164.005,1512.042,11.000,65.002,3588,6827,2.040,1.790,1.020,4,0,778.022,0,0,10,32,6,7,0
20-12 13:53:45,77.750,15.750,4.500,1.750,0,1632476,137644,202252,5887016,4580.023,1694.008,1184.006,15076.075,23.000,978.005,11556,8766,2.040,1.790,1.020,5,0,121.001,0,0,10,36,6,8,0
20-12 13:53:46,50.746,13.749,22.748,9.999,0,1582228,193248,202960,5881112,6038.559,1619.882,0,64459.294,0,5184.622,21843,38276,2.040,1.790,1.020,4,2,204.985,0,0,10,36,6,8,0
20-12 13:53:47,61.752,13.750,13.000,10.000,0,1642704,136648,203712,5876704,9366.300,1662.053,68.002,96851.099,1.000,6852.219,22102,42496,2.040,1.790,1.020,6,0,90.003,0,0,10,37,6,8,0
20-12 13:53:48,49.498,13.750,27.499,7.750,0,1593816,176040,203952,5885884,6753.784,1585.949,0,69833.765,0,5321.830,21620,39319,2.040,1.790,1.020,4,0,154.995,0,0,10,36,6,11,0
20-12 13:53:49,40.752,14.751,35.502,9.000,0,1553900,207240,204368,5894132,8834.398,1714.077,0,62466.811,0,4591.207,16300,33783,2.200,1.830,1.040,3,0,215.010,0,0,10,35,6,11,0
20-12 13:53:50,36.912,6.983,44.892,9.477,0,1557536,200464,204600,5896996,7828.244,1616.128,0,42865.295,0,3821.843,17247,34765,2.200,1.830,1.040,2,0,53.871,0,0,10,34,6,12,0
20-12 13:53:51,37.086,7.267,43.851,11.025,0,1549664,205508,204900,5899480,11314.124,1697.920,0,45493.043,0,3885.973,17346,30358,2.200,1.830,1.040,2,0,81.187,0,0,10,34,6,12,0
20-12 13:53:52,37.987,6.748,45.734,9.247,0,1559624,195008,205180,5899728,9779.538,1619.427,0,39218.117,0,3715.685,19199,34038,2.200,1.830,1.040,3,0,23.992,0,0,10,35,6,13,0
20-12 13:53:53,35.013,10.004,43.517,10.254,0,1523552,230308,205352,5900308,7984.042,1620.617,0,44012.769,0,4175.591,19044,33342,2.200,1.830,1.040,2,2,114.043,0,0,10,34,6,14,0
20-12 13:53:54,40.749,6.250,41.999,10.000,0,1553508,198332,205436,5902240,9865.684,1619.948,0,32898.947,0,3214.897,16320,28806,2.350,1.860,1.060,2,0,32.999,0,0,10,35,6,14,0
20-12 13:53:55,37.980,7.746,40.728,12.244,0,1511660,237868,205508,5904480,8746.382,1619.145,0,38775.527,0,3585.107,17623,31758,2.350,1.860,1.060,2,0,86.954,0,0,10,36,6,14,0
20-12 13:53:56,36.747,7.749,41.497,13.749,0,1555024,190996,205740,5907748,7681.424,1585.881,0,46488.513,0,4106.692,18604,32828,2.350,1.860,1.060,1,1,50.996,0,0,10,37,6,14,0
20-12 13:53:57,35.273,9.506,42.777,12.258,0,1489356,253732,205836,5910564,10303.615,1567.006,0,52089.441,0,4425.841,21973,38295,2.350,1.860,1.060,2,0,118.076,0,0,10,36,6,17,0
20-12 13:53:58,35.959,8.740,39.955,14.733,0,1553728,186224,206008,5913524,9335.395,1692.078,0,51849.099,0,4607.766,20456,34567,2.350,1.860,1.060,3,0,89.898,0,0,10,37,6,17,0
20-12 13:53:59,37.531,8.257,42.284,12.010,0,1522980,215700,206132,5914664,15080.275,1621.320,0,37114.211,0,3535.878,17760,31041,2.320,1.860,1.060,2,0,61.050,0,0,10,36,6,17,0
20-12 13:54:00,37.750,5.750,42.250,13.750,0,1565860,176164,206192,5911240,11232.966,1619.995,0,51911.844,0,4835.985,20793,36393,2.320,1.860,1.060,2,0,30.000,0,0,10,36,6,17,0
20-12 13:54:01,37.997,13.499,46.496,1.750,0,1446068,296076,206196,5911096,5888.535,1661.869,0,15418.782,0,1114.912,6174,9087,2.320,1.860,1.060,2,0,212.983,0,0,10,32,6,18,0
20-12 13:54:02,23.753,8.001,68.258,0.250,0,1395704,346248,206196,5911288,9144.106,1620.196,0,2012.243,0,129.016,2915,5280,2.320,1.860,1.060,1,0,117.014,0,0,10,32,6,18,0
20-12 13:54:03,23.258,3.001,72.273,0.500,0,1445792,296100,206196,5911332,7628.464,1512.489,0,2524.816,0,226.073,1724,2304,2.320,1.860,1.060,1,0,1.000,0,0,10,33,6,18,0
20-12 13:54:04,16.467,11.477,70.859,0.250,0,1380688,361144,206196,5911392,5263.541,1690.641,0,518.969,0,38.923,2798,4694,2.210,1.850,1.060,1,0,137.726,0,0,10,32,6,18,0
20-12 13:54:05,13.008,22.764,62.788,0,0,1377672,364044,206196,5911508,10234.263,1695.037,0,492.301,0,28.017,2926,6785,2.210,1.850,1.060,1,0,357.219,0,0,10,32,6,18,0
20-12 13:54:06,17.521,25.030,55.816,0,0,1406324,335236,206196,5911664,7938.391,1567.855,4.005,977.156,1.001,76.090,3357,5046,2.210,1.850,1.060,3,0,415.492,0,0,10,32,6,24,0
20-12 13:54:07,66.578,9.226,24.187,0,0,1610352,130136,206196,5912716,9357.782,1615.818,0,2421.733,0,127.670,1871,1825,2.210,1.850,1.060,3,0,2.992,0,0,10,32,6,24,0
20-12 13:54:08,64.764,10.711,23.415,1.495,0,1759948,125312,206272,5771132,10230.760,1614.125,2419.194,4372.086,100.634,190.307,2344,2428,2.210,1.850,1.060,4,0,5.978,0,0,10,32,6,24,0
20-12 13:54:09,38.245,6.542,41.265,13.336,0,1771500,123436,206384,5761636,6543.960,1630.454,0,60230.196,0,4891.363,23017,38404,2.520,1.920,1.090,3,1,220.413,0,0,10,38,6,24,0
20-12 13:54:10,28.990,9.247,45.983,16.744,0,1771132,129020,206504,5756388,11126.994,1511.456,0,93450.358,0,7302.371,27034,49735,2.520,1.920,1.090,4,1,209.924,0,0,10,38,6,24,0
20-12 13:54:11,33.706,8.489,40.198,16.728,0,1642396,248816,206612,5764952,7233.661,1617.911,0,77412.061,0,6210.982,24947,42534,2.520,1.920,1.090,6,0,181.765,0,0,10,36,6,24,0
20-12 13:54:12,37.549,13.267,32.542,15.771,0,1704588,176408,206668,5774776,11048.385,1622.112,0,76047.013,0,6050.878,25118,42207,2.520,1.920,1.090,4,0,209.272,0,0,10,36,6,24,0
20-12 13:54:13,43.507,10.252,30.755,14.252,0,1766448,129628,206732,5759704,8049.360,1694.286,0,80885.670,0,5670.958,23151,37993,2.520,1.920,1.090,3,0,3.001,0,0,10,36,6,24,0
20-12 13:54:14,32.252,10.501,39.002,15.751,0,1658144,241072,206760,5756616,11915.596,1694.085,0,80208.010,0,6159.308,25748,43168,2.550,1.940,1.100,4,2,141.007,0,0,10,36,6,24,0
20-12 13:54:15,37.139,5.234,49.602,7.976,0,1658356,238328,206780,5759020,8233.399,1453.656,0,30895.684,0,2803.623,13492,22554,2.550,1.940,1.100,2,0,65.803,0,0,10,34,6,24,0
20-12 13:54:16,19.005,16.755,61.267,2.751,0,1408084,488572,206780,5759044,5645.530,1620.439,0,18336.969,0,1128.306,5182,7855,2.550,1.940,1.100,1,0,249.067,0,0,10,32,6,24,0
20-12 13:54:17,22.499,3.500,73.747,0,0,1477356,419300,206780,5759044,6302.760,1619.938,0,819.969,0,50.998,1057,1309,2.550,1.940,1.100,1,0,1.000,0,0,10,32,6,24,0
20-12 13:54:18,23.515,2.970,71.534,0.495,0,1522708,373940,206780,5759052,8713.836,1645.540,0,5374.241,0,322.771,1939,2685,2.550,1.940,1.100,1,0,1.980,0,0,10,38,6,24,0
20-12 13:54:19,22.541,4.559,74.209,0,0,1430040,466604,206780,5759056,8532.306,1641.218,0,68.891,0,6.079,1157,1367,2.430,1.920,1.100,2,0,27.354,0,0,10,32,6,24,0
20-12 13:54:20,22.248,3.250,73.742,0,0,1503876,392768,206780,5759056,9096.054,1693.824,0,39.996,0,4.000,988,1130,2.430,1.920,1.100,2,0,1.000,0,0,10,32,6,24,0
20-12 13:54:21,23.983,1.499,73.948,0.250,0,1407188,489456,206780,5759056,7261.909,1456.979,0,107.924,0,16.988,1151,1518,2.430,1.920,1.100,1,0,1.999,0,0,10,34,6,24,0
20-12 13:54:22,13.510,34.776,50.288,0,0,1417048,479428,206780,5759224,10700.004,1663.244,84.063,696.521,5.004,52.039,5785,9632,2.430,1.920,1.100,4,0,1237.926,0,0,10,32,6,24,0
20-12 13:54:23,15.487,27.727,55.203,0.250,0,1415640,480788,206780,5759272,9089.329,1618.634,0,399.663,0,35.970,4265,7040,2.430,1.920,1.100,1,0,839.292,0,0,10,32,5,24,0
20-12 13:54:24,5.996,11.742,80.694,0.250,0,1408132,487548,206816,5760000,5991.848,1618.878,623.568,527.634,15.989,109.924,2206,2718,2.390,1.920,1.100,1,0,137.904,0,0,11,12,5,24,20
20-12 13:54:25,8.247,19.743,70.225,0,0,1411232,484404,206816,5760028,8933.775,1619.415,0,7.997,0,1.999,2452,3372,2.390,1.920,1.100,1,0,265.904,0,0,11,12,5,24,20
20-12 13:54:26,12.238,19.481,66.436,0,0,1411556,483444,206860,5760952,7167.120,1618.446,495.524,23.977,48.953,5.994,3403,4862,2.390,1.920,1.100,1,0,243.766,0,0,11,12,5,24,20
20-12 13:54:27,23.784,19.779,55.080,0.250,0,1442488,451828,206872,5761248,5029.277,1460.113,44.064,4.006,2.003,1.001,4626,7459,2.390,1.920,1.100,1,0,345.500,0,0,13,12,5,24,20
20-12 13:54:28,10.988,19.479,68.428,0,0,1452492,441756,206872,5761316,8702.819,1618.293,0,331.650,0,7.992,2530,3638,2.390,1.920,1.100,1,0,275.709,0,0,13,12,5,24,20
20-12 13:54:29,22.021,17.767,59.808,0,0,1476184,418020,206872,5761360,7838.572,1695.638,0,16.015,0,3.003,4420,6711,2.360,1.920,1.110,3,0,164.159,0,0,13,12,5,24,20
20-12 13:54:30,14.240,19.986,63.957,0,0,1492900,401056,206872,5761604,10002.238,1734.827,3.997,11.992,0.999,2.998,2762,4144,2.360,1.920,1.110,3,0,307.792,0,0,15,12,5,24,20
20-12 13:54:31,13.244,18.992,66.722,0.250,0,1503060,390744,206872,5762108,10766.489,1619.322,0,291.878,0,16.993,3535,5679,2.360,1.920,1.110,1,0,232.902,0,0,15,12,5,24,20
20-12 13:54:32,36.345,14.789,47.625,0,0,1608616,285028,206896,5761860,7876.629,1792.695,44.116,1094.867,1.003,33.087,3823,5843,2.360,1.920,1.110,13,0,133.349,0,0,17,12,5,24,20
20-12 13:54:33,82.495,17.749,0,0,0,1914208,119664,206908,5624424,8794.464,1619.901,0,0,0,0,1945,2676,2.360,1.920,1.110,15,0,32.998,0,0,17,12,5,24,20
20-12 13:54:34,34.931,15.968,47.905,0.250,0,1932232,162652,206912,5564420,6598.921,1455.116,0,654.702,0,10.978,2632,4378,2.330,1.930,1.110,1,0,216.571,0,0,17,12,5,24,20
20-12 13:54:35,9.996,20.743,67.476,0.500,0,1935884,158976,206912,5564444,5215.117,1619.415,0,6717.575,0,340.877,3436,5256,2.330,1.930,1.110,1,0,270.902,0,0,17,12,5,24,20
20-12 13:54:36,16.783,19.538,62.373,0,0,1945272,149448,206912,5564584,8678.096,1623.198,0,2304.540,0,112.221,5471,10946,2.330,1.930,1.110,2,0,191.377,0,0,17,12,5,24,20
20-12 13:54:37,21.189,9.223,68.551,0.249,0,1983924,129680,206912,5546164,6369.528,1689.102,1033.004,39.884,14.957,0.997,1855,3016,2.330,1.930,1.110,0,0,108.685,0,0,18,12,5,24,20
20-12 13:54:38,12.752,7.001,78.509,0,0,2020780,132548,206912,5507148,9092.091,1620.194,0,0,0,0,1753,2640,2.330,1.930,1.110,1,0,91.011,0,0,18,12,5,25,20
20-12 13:54:39,23.014,4.753,70.792,0,0,2062692,127124,206912,5471532,7054.169,1847.092,32.019,2705.599,2.001,31.018,2272,4361,2.230,1.910,1.110,1,0,0,0,0,18,19,6,26,10
20-12 13:54:40,17.003,12.752,68.262,0.250,0,2007772,181556,206912,5471992,6928.171,1694.286,300.051,420.071,7.001,41.007,2849,4844,2.230,1.910,1.110,2,0,170.029,0,0,18,18,6,30,0
20-12 13:54:41,10.015,21.031,68.600,0,0.250,2016012,173252,206912,5472056,9758.286,1514.217,0,192.282,0,12.018,2953,4418,2.230,1.910,1.110,2,0,271.397,0,0,18,18,6,30,0
20-12 13:54:42,10.484,18.972,68.898,0.250,0,2020816,168408,206912,5472080,8507.350,1637.565,0,595.115,0,22.966,2799,4059,2.230,1.910,1.110,2,0,247.632,0,0,18,18,6,30,0
20-12 13:54:43,11.003,20.256,67.770,0.250,0,2016980,172192,206916,5472128,8236.413,1620.475,0,204.060,0,16.005,2677,4041,2.230,1.910,1.110,1,0,244.072,0,0,18,18,6,30,0
20-12 13:54:44,15.989,17.987,65.454,0,0,2020492,168664,206916,5472488,7144.006,1702.810,0,179.874,0,7.994,3933,8595,2.130,1.890,1.110,8,0,186.869,0,0,18,18,6,28,0
20-12 13:54:45,39.504,13.251,45.754,0.500,0,2091324,134556,206924,5436520,8645.847,1694.166,328.032,5648.554,3.000,386.038,3063,3951,2.130,1.890,1.110,2,0,149.015,0,0,18,19,6,28,0
20-12 13:54:46,45.995,5.999,47.245,0.250,0,2185612,122012,206924,5356568,8055.114,1693.814,0,623.931,0,11.999,1614,2008,2.130,1.890,1.110,2,0,0,0,0,18,19,6,23,0
20-12 13:54:47,46.494,6.499,45.994,0,0,2258924,128592,206940,5277920,7270.004,1661.772,95.987,287.961,1.000,28.996,2350,3528,2.130,1.890,1.110,2,0,20.997,0,0,18,35,6,24,0
20-12 13:54:48,25.037,16.274,58.337,0,0,2279536,122080,206948,5264192,6812.177,1588.373,0,532.796,0,21.031,5238,12740,2.130,1.890,1.110,3,0,179.268,0,0,18,34,6,23,0
20-12 13:54:49,15.021,18.276,64.843,0.250,0,2284948,124048,206952,5257288,8815.589,1568.239,0,160.229,0,10.014,5199,9982,2.040,1.880,1.110,11,0,230.329,0,0,18,34,6,23,0
20-12 13:54:50,6.481,3.490,88.239,0.249,0,2286648,122112,206952,5257152,9235.690,1615.224,215.363,99.705,9.971,8.973,1793,2777,2.040,1.880,1.110,1,0,28.914,0,0,18,34,6,22,0
20-12 13:54:51,3.000,2.000,93.502,0,0,2314008,137544,206952,5215364,9186.184,1620.032,0,100.002,0,11.000,1241,2131,2.040,1.880,1.110,0,0,3.000,0,0,18,34,6,22,0
20-12 13:54:52,1.250,1.250,96.243,0,0,2314256,137292,206952,5215368,8354.390,1619.882,0,303.978,0,21.998,1111,1864,2.040,1.880,1.110,0,0,3.000,0,0,18,34,6,21,0
20-12 13:54:53,1.502,0.501,96.861,0,0,2314504,137044,206952,5215368,8944.223,1621.854,0,4.005,0,1.001,1056,1795,2.040,1.880,1.110,1,0,2.002,0,0,18,34,6,21,0
20-12 13:54:54,10.240,10.989,77.673,0,0,2266120,185284,206952,5215888,8152.961,1692.331,23.976,7.992,0.999,1.998,3065,5567,2.110,1.900,1.120,1,0,169.833,0,0,18,34,6,19,0
20-12 13:54:55,14.268,17.272,67.586,0,0,2328304,122948,206952,5215668,5627.146,1588.017,0,4.005,0,1.001,4419,6679,2.110,1.900,1.120,1,0,232.295,0,0,18,34,6,19,0
20-12 13:54:56,12.980,19.720,64.651,0.749,0,2312500,159456,206948,5195644,7972.825,1855.167,583.110,8227.437,30.953,496.242,5149,8095,2.110,1.900,1.120,1,0,282.569,0,0,19,34,6,19,0
20-12 13:54:57,17.245,12.746,69.231,0.500,0,2322528,149312,206948,5195532,8929.491,1565.560,231.935,647.818,10.997,39.989,4518,7567,2.110,1.900,1.120,0,0,194.945,0,0,19,50,6,19,0
20-12 13:54:58,5.261,10.021,82.920,0,0,2328016,143788,206948,5195552,6932.204,1623.326,4.008,0,1.002,0,1849,2803,2.110,1.900,1.120,2,0,120.246,0,0,21,50,6,16,0
20-12 13:54:59,17.509,15.008,65.783,0,0,2334504,137260,206948,5195560,9146.619,1620.819,0,0,0,0,5251,8736,2.030,1.880,1.120,2,0,161.081,0,0,21,52,6,16,0
20-12 13:55:00,8.485,20.964,69.130,0,0,2344740,126996,206948,5195592,6358.007,1617.204,0,0,0,0,2855,4234,2.030,1.880,1.120,2,0,280.515,0,0,21,52,6,16,0
20-12 13:55:01,10.772,19.289,68.388,0,0,2346968,124716,206948,5195644,9276.683,1739.503,0,28.057,0,7.014,2887,4354,2.030,1.880,1.120,1,0,292.589,0,0,21,52,6,16,0
20-12 13:55:02,17.511,18.762,61.788,0.500,0,2342716,129568,206952,5195024,7575.667,1512.932,292.180,2665.642,7.004,365.225,6178,9479,2.030,1.880,1.120,2,0,341.210,0,0,21,52,6,15,0
20-12 13:55:03,31.982,21.738,45.475,0,0,2401612,124908,206956,5142048,5759.821,1619.106,0,395.782,0,8.995,4083,7034,2.030,1.880,1.120,3,0,633.650,0,0,21,52,6,15,0
20-12 13:55:04,31.749,24.500,41.999,0.250,0,2458928,118656,207016,5092080,8053.855,1565.972,39.999,27.999,4.000,7.000,3874,9099,1.940,1.870,1.120,2,0,484.991,0,0,21,56,6,17,0
20-12 13:55:05,38.486,23.492,37.487,0,0,2522624,157188,207020,4990980,8362.023,1619.423,15.994,27.990,2.999,6.998,4588,14076,1.940,1.870,1.120,2,0,363.870,0,0,21,56,6,18,0
20-12 13:55:06,62.057,22.771,14.513,0,0,2667848,130232,207020,4872912,5866.403,1711.576,0,12.011,0,3.003,2841,7048,1.940,1.870,1.120,3,0,541.499,0,0,21,56,6,16,0
20-12 13:55:07,59.968,20.489,19.490,0,0,2757768,120528,207020,4792728,9246.053,1619.134,7.996,811.566,1.999,13.993,5923,13234,1.940,1.870,1.120,4,0,302.838,0,0,21,56,6,16,0
20-12 13:55:08,73.788,19.510,3.752,0.500,0,2904572,129336,207796,4639036,8704.483,1620.835,768.396,1204.620,82.042,51.026,2472,7179,1.940,1.870,1.120,5,0,535.276,0,0,21,60,6,11,0
20-12 13:55:09,60.968,22.488,13.743,1.999,0,2984204,119900,207812,4569956,9028.332,1511.219,0,29708.641,0,2108.910,13138,25591,2.110,1.900,1.130,4,1,215.888,0,0,21,60,6,11,0
20-12 13:55:10,68.281,20.760,6.003,1.501,0.250,3101592,127408,207844,4445948,9192.219,1694.778,4.002,21041.658,1.000,1848.849,10594,26753,2.110,1.900,1.130,4,0,420.193,0,0,21,62,6,11,0
20-12 13:55:11,72.501,21.750,4.000,0.250,0.250,3179980,140660,207844,4356256,5176.093,1768.032,572.010,10384.187,23.000,747.013,8518,22900,2.110,1.900,1.130,4,0,373.007,0,0,21,74,6,17,0
20-12 13:55:12,61.738,21.496,16.247,0,0,3299344,129832,207844,4249932,10514.023,1565.706,19.996,971.817,4.999,56.989,4264,12052,2.110,1.900,1.130,3,0,555.895,0,0,21,79,6,20,0
20-12 13:55:13,46.938,24.717,26.715,0,0,3384784,127032,207844,4169756,7135.574,1691.765,11.984,375.504,2.996,20.972,8557,26138,2.110,1.900,1.130,2,0,331.562,0,0,21,81,6,20,0
20-12 13:55:14,60.155,14.228,23.962,0.250,0,3523992,118264,207764,4040672,9778.599,1617.453,379.402,9624.841,34.945,625.016,4567,10162,2.180,1.920,1.140,7,3,129.796,0,0,21,80,6,21,0
20-12 13:55:15,31.545,14.771,51.323,0.751,0,3605164,123932,207712,3954880,8594.298,1622.322,496.711,7222.335,26.037,456.653,3628,8708,2.180,1.920,1.140,2,0,126.181,0,0,21,87,6,23,0
20-12 13:55:16,9.245,18.741,69.715,0.500,0,3611184,130068,207708,3942752,8841.535,1511.237,3.998,791.600,0.999,52.973,3236,4812,2.180,1.920,1.140,1,0,295.851,0,0,21,87,6,23,0
20-12 13:55:17,9.765,18.529,70.611,0,0,3615236,135216,207704,3933716,7303.437,1786.798,0,120.188,0,11.017,3480,5660,2.180,1.920,1.140,1,0,417.654,0,0,21,87,6,24,0
20-12 13:55:18,9.239,19.228,70.170,0,0,3624204,130520,207704,3929484,5261.996,1734.021,0,3.995,0,0.999,3295,5455,2.180,1.920,1.140,2,0,402.541,0,0,21,87,6,24,0
20-12 13:55:19,15.025,18.030,65.861,0,0,3623692,140188,207700,3920712,5177.704,1622.728,0,28.047,0,7.012,4722,7749,2.160,1.920,1.150,3,0,315.530,0,0,21,87,6,24,0
20-12 13:55:20,27.674,19.696,49.862,0.997,0,3655728,131592,207692,3896972,9596.523,1689.339,1336.313,4655.156,34.904,374.965,6419,7664,2.160,1.920,1.150,3,0,402.888,0,0,21,89,6,24,0
20-12 13:55:21,31.837,22.562,45.124,0,0,3699660,134684,207656,3850516,8783.048,1570.299,136.373,260.714,14.038,23.063,3994,6517,2.160,1.920,1.150,4,0,378.035,0,0,21,92,6,24,0
20-12 13:55:22,34.247,20.748,43.246,0,0,3776180,125784,207604,3783428,9042.078,1735.823,71.993,543.945,3.000,39.996,5909,10096,2.160,1.920,1.150,3,0,219.978,0,0,23,103,6,24,0
20-12 13:55:23,56.720,27.486,14.742,0.500,0,3930376,127104,207508,3630072,4967.412,1511.213,163.915,9339.134,14.992,776.595,11625,19734,2.160,1.920,1.150,3,0,485.747,0,0,23,109,6,24,0
20-12 13:55:24,55.863,19.203,23.941,0,0,3995852,127876,207480,3565868,9080.788,1616.047,79.805,502.770,0.998,33.917,6275,16308,2.390,1.970,1.170,3,0,289.292,0,0,23,127,6,24,0
20-12 13:55:25,41.114,21.560,36.852,0.752,0,4086488,126484,207432,3476760,9524.335,1624.492,762.107,7075.564,35.097,555.536,5405,7334,2.390,1.970,1.170,2,0,448.239,0,0,23,133,6,24,0
20-12 13:55:26,23.494,20.994,53.485,0,0,4118952,122852,207368,3448244,5019.620,1767.514,63.982,735.798,3.999,74.979,3529,5602,2.390,1.970,1.170,1,0,400.890,0,0,24,133,6,24,0
20-12 13:55:27,13.709,18.944,65.305,0.249,0,4122152,125416,207368,3442912,7086.881,1704.919,0,402.800,0,30.908,4024,6813,2.390,1.970,1.170,1,0,257.233,0,0,24,133,6,24,0
20-12 13:55:28,28.850,18.565,50.927,0.251,0,4159952,127372,207352,3403184,9422.782,1625.656,0,2023.038,0,308.072,6101,9506,2.390,1.970,1.170,4,0,430.498,0,0,24,133,6,24,0
20-12 13:55:29,36.249,19.500,43.749,0,0,4228416,119796,207312,3343256,7058.831,1565.962,4.000,207.995,1.000,17.000,5883,12695,2.600,2.030,1.190,3,0,318.992,0,0,24,134,6,24,0
20-12 13:55:30,38.245,24.747,35.745,0,0,4332452,121876,207256,3239404,8928.777,1553.787,99.986,479.934,9.999,29.996,5868,10631,2.600,2.030,1.190,3,0,401.945,0,0,24,145,6,24,0
20-12 13:55:31,31.450,25.210,41.684,0,0,4414580,121388,207212,3159768,9096.636,1617.446,91.855,399.369,10.983,26.957,4305,7731,2.600,2.030,1.190,5,0,521.177,0,0,24,149,6,24,0
20-12 13:55:32,12.988,22.979,62.692,0.250,0,4440976,118848,207200,3136684,9266.493,1712.428,471.567,419.615,6.994,27.974,5224,9180,2.600,2.030,1.190,4,0,320.706,0,0,24,157,6,24,0
20-12 13:55:33,10.506,21.262,66.038,0,0,4441484,125448,207196,3129812,6725.901,1620.940,108.063,336.195,10.006,25.015,3264,5162,2.600,2.030,1.190,1,0,263.153,0,0,24,157,6,24,0
20-12 13:55:34,23.535,20.280,53.580,0.501,0,4454820,155240,207156,3087976,6343.496,1696.540,300.450,1145.715,10.015,74.111,5371,8965,2.710,2.060,1.210,3,0,182.273,0,0,24,173,6,24,0
20-12 13:55:35,47.888,10.725,39.657,0,0,4593356,119616,207048,2988464,9143.577,1690.040,407.046,347.187,16.960,33.921,4309,8078,2.710,2.060,1.210,4,0,88.792,0,0,24,179,6,24,0
20-12 13:55:36,45.120,8.272,46.123,0.752,0,4696276,124708,206636,2884840,9460.192,1516.037,1548.123,8406.386,61.163,719.917,3461,3255,2.710,2.060,1.210,3,0,6.016,0,0,24,184,6,24,0
20-12 13:55:37,33.985,13.744,51.477,0,0,4631008,192252,206608,2882592,5817.429,1565.308,387.829,431.809,9.996,35.984,3245,5638,2.710,2.060,1.210,6,0,285.874,0,0,24,183,6,24,0
20-12 13:55:38,33.490,24.493,40.488,0,0,4678716,141580,206608,2885508,8468.443,1619.511,219.934,327.901,27.992,29.991,6685,12335,2.710,2.060,1.210,4,0,402.878,0,0,24,191,6,24,0
20-12 13:55:39,43.284,25.520,26.020,4.253,0,4674364,135880,206096,2898104,7036.460,1621.258,51828.219,188.146,595.462,11.009,6717,16652,2.900,2.110,1.230,5,0,309.240,0,0,24,191,6,23,0
20-12 13:55:40,67.988,20.246,8.498,2.250,0,4803132,203180,205432,2707684,9029.384,1619.710,36309.501,319.943,443.921,19.996,4738,9397,2.900,2.110,1.230,6,0,164.970,0,0,24,200,6,23,0
20-12 13:55:41,70.505,17.501,5.250,6.750,0,4850840,125304,204956,2738676,5408.384,1620.115,61920.396,15317.088,806.057,736.052,6043,9760,2.900,2.110,1.230,4,0,51.004,0,0,24,206,6,18,0
20-12 13:55:42,60.731,21.243,11.746,5.248,0,4920388,123516,204160,2674224,6301.015,1693.467,44202.076,1355.573,667.790,89.972,6332,14857,2.900,2.110,1.230,4,0,169.946,0,0,24,207,6,22,0
20-12 13:55:43,38.767,31.014,24.511,4.502,0,4907952,124156,204172,2686772,8942.899,1694.739,51330.380,760.332,527.230,65.028,6519,11964,2.900,2.110,1.230,3,0,493.215,0,0,24,205,6,23,0
20-12 13:55:44,54.226,23.240,21.491,1.249,0,4933164,131360,203604,2655932,8956.041,1457.356,27539.827,695.693,272.879,40.982,5835,13795,3.310,2.210,1.260,3,1,284.874,0,0,24,205,6,26,0
20-12 13:55:45,56.782,31.017,9.755,1.501,0,4974792,128004,202752,2621248,4658.590,1620.901,26270.606,868.483,266.148,55.031,9287,31350,3.310,2.210,1.260,3,0,456.254,0,0,24,211,6,26,0
20-12 13:55:46,56.499,21.249,19.250,1.000,0,4987956,160960,202524,2576500,10540.736,1619.960,1191.970,21967.451,76.998,827.979,9766,19510,3.310,2.210,1.260,3,0,229.994,0,0,24,215,6,30,0
20-12 13:55:47,52.249,25.249,20.249,0.750,0,5097408,123528,201740,2506580,9291.758,1619.958,155.996,9967.741,10.000,1001.974,5981,10048,3.310,2.210,1.260,2,0,477.988,0,0,24,217,6,31,0
20-12 13:55:48,53.243,21.997,22.747,0.250,0,5120740,122760,201448,2484328,9122.869,1661.794,383.952,771.904,24.997,62.992,9016,21678,3.310,2.210,1.260,3,1,246.969,0,0,24,221,6,33,0
20-12 13:55:49,67.248,10.500,21.999,0.500,0,5268556,122448,200252,2341376,6702.779,1619.947,479.984,6031.801,20.999,565.981,3463,5046,3.280,2.220,1.270,3,0,1.000,0,0,24,223,6,32,0
20-12 13:55:50,63.986,9.498,25.995,0.500,0,5320424,122732,199212,2291036,44073.700,14900.856,931.803,815.828,79.983,63.986,5350,11008,3.280,2.220,1.270,3,0,7.998,0,0,24,237,6,37,0
20-12 13:55:51,46.083,16.939,35.621,1.245,0,5297780,164664,198912,2272332,21714.437,5216.128,215.221,5631.625,14.946,526.097,6186,11856,3.280,2.220,1.270,2,0,297.922,0,0,24,240,6,38,0
20-12 13:55:52,35.786,23.274,40.541,0.250,0,5320508,141508,198912,2272764,7245.354,1567.591,176.179,1325.345,10.010,151.153,4886,8506,3.280,2.220,1.270,4,0,403.409,0,0,24,240,6,38,3
20-12 13:55:53,45.195,20.974,32.710,0.250,0,5304824,156248,198912,2274152,11825.490,1618.015,503.382,703.137,12.984,50.937,5060,14106,3.280,2.220,1.270,4,0,243.701,0,0,25,241,5,38,2
20-12 13:55:54,65.993,11.543,22.081,1.004,0,5448944,147148,197844,2144292,9508.075,1625.998,1654.102,3605.300,128.474,437.614,4003,5826,3.340,2.250,1.290,4,0,33.122,0,0,25,245,5,38,2
20-12 13:55:55,65.235,9.998,22.745,0.500,0,5500048,117924,197388,2123704,9949.662,1619.619,623.853,1139.732,43.990,89.979,5217,9909,3.340,2.250,1.290,5,0,40.990,0,0,25,245,5,40,2
20-12 13:55:56,26.403,12.205,58.784,0.498,0,5474780,157096,197096,2110356,23827.339,5554.565,11.956,6221.113,2.989,544.995,4925,7553,3.340,2.250,1.290,1,0,184.322,0,0,25,247,5,40,2
20-12 13:55:57,32.589,11.532,53.146,0.251,0,5521684,141724,196256,2080824,22016071.115,111660.508,2077.703,573.574,24.066,50.138,8665,6924,3.340,2.250,1.290,2,0,146.402,0,0,25,247,5,40,2
20-12 13:55:58,28.022,9.257,61.798,0.250,0,5515760,154648,196124,2074228,6365.946,1621.260,0,732.569,0,58.045,3192,5455,3.340,2.250,1.290,1,0,150.117,0,0,25,247,5,41,2
20-12 13:55:59,26.173,1.994,69.544,0.499,0,5524804,145576,196132,2074252,11038.371,1581.326,0,422.750,0,29.912,3323,6092,3.150,2.230,1.290,1,0,0,0,0,25,253,5,42,2
20-12 13:56:00,27.041,4.507,66.351,0.250,0,5539312,147740,195772,2059120,8358.764,1642.508,432.661,652.997,27.041,65.099,3977,8183,3.150,2.230,1.290,2,0,7.011,0,0,25,266,5,43,0
20-12 13:56:01,28.492,6.498,64.733,0.750,0,5553644,139804,195464,2053596,11855.834,1745.534,23.994,867.768,2.999,84.977,4458,8961,3.150,2.230,1.290,3,0,7.998,0,0,25,272,5,49,0
20-12 13:56:02,20.459,14.471,62.125,1.247,0,5489992,219872,194784,2039400,9742.340,1616.737,47.903,33009.387,5.988,507.975,5488,8114,3.150,2.230,1.290,1,0,209.577,0,0,25,271,5,54,0
20-12 13:56:03,21.744,6.248,69.981,0.750,0,5542224,143292,195096,2063420,10241.255,1693.546,1275.658,379.898,117.968,21.994,2060,3008,3.150,2.230,1.290,1,0,1.000,0,0,25,271,5,54,0
20-12 13:56:04,19.316,9.282,66.225,6.271,0,5496088,196832,195188,2057232,6801.151,1625.533,5245.857,2516.566,920.132,41.140,3858,4935,2.980,2.210,1.280,2,0,31.106,0,0,25,273,5,54,0
20-12 13:56:05,25.783,8.511,62.079,1.502,0,5556576,150636,194220,2045124,5461.931,1622.058,833.057,2579.273,163.207,117.149,13327,18516,2.980,2.210,1.280,1,0,38.048,0,0,25,273,5,55,0
20-12 13:56:06,22.166,7.721,69.487,0.249,0,5568632,137588,194236,2046104,6260.299,1506.297,107.593,442.325,10.959,15.940,7319,13860,2.980,2.210,1.280,1,0,0,0,0,25,273,5,53,0
20-12 13:56:07,23.001,7.250,68.752,0.250,0,5574112,148092,193888,2031932,8957.224,1694.042,4.000,16012.400,1.000,176.004,5203,8072,2.980,2.210,1.280,1,0,4.000,0,0,25,275,5,54,0
20-12 13:56:08,22.987,5.247,71.458,0.250,0,5584432,137760,193900,2031932,6375.270,1565.084,0,327.808,0,33.980,1677,2805,2.980,2.210,1.280,2,0,0,0,0,25,275,5,54,0
20-12 13:56:09,23.256,15.004,60.265,0.500,0,5498108,223008,193916,2033088,9196.327,1620.410,620.157,0,94.024,0,3489,5670,2.820,2.190,1.280,1,0,411.104,0,0,25,275,5,54,0
20-12 13:56:10,25.844,6.273,66.491,0.502,0,5551468,169568,193916,2033168,6454.358,1625.884,8.029,377.366,2.007,27.098,2025,3158,2.820,2.190,1.280,1,0,61.222,0,0,25,279,5,55,0
20-12 13:56:11,12.705,15.196,69.256,0.249,0,5498536,222428,193920,2033236,8325.627,1614.305,23.916,394.608,2.989,37.866,3603,5763,2.820,2.190,1.280,1,0,241.149,0,0,25,279,5,55,0
20-12 13:56:12,11.787,19.311,67.715,0,0,5499692,221236,193924,2033268,7375.395,1667.289,4.013,690.189,1.003,58.185,3579,5553,2.820,2.190,1.280,3,0,272.866,0,0,25,283,5,48,0
20-12 13:56:13,6.722,10.706,80.668,0,0,5503184,217716,193928,2033292,4674.749,1505.799,3.984,143.409,0.996,7.967,2315,3748,2.820,2.190,1.280,0,0,159.344,0,0,25,283,5,48,0
20-12 13:56:14,12.052,3.515,83.358,0.251,0,5539320,181428,193932,2033436,8718.446,1626.988,8.035,309.329,2.009,32.138,1724,2675,2.670,2.170,1.280,1,0,9.039,0,0,25,283,5,47,0
20-12 13:56:15,25.664,3.239,69.516,0,0,5566140,154520,193932,2033524,14358.669,1634.498,63.785,39.866,3.987,2.990,3148,5550,2.670,2.170,1.280,1,0,2.990,0,0,25,287,5,47,0
20-12 13:56:16,13.989,14.489,68.947,0,0,5509664,210848,193948,2033640,7362.316,1692.693,83.935,139.892,8.993,7.994,2857,4319,2.670,2.170,1.280,2,0,172.867,0,0,25,287,5,44,0
20-12 13:56:17,12.515,18.021,69.082,0.501,0,5513100,207268,193956,2033776,9505.311,1621.930,12.014,444.529,3.004,41.049,3294,5095,2.670,2.170,1.280,1,0,181.216,0,0,25,287,5,45,0
20-12 13:56:18,12.755,17.006,68.775,0,0,5511020,209012,193964,2034104,8288.984,1620.583,48.017,440.158,3.001,25.009,3206,4795,2.670,2.170,1.280,1,0,178.064,0,0,25,287,5,44,0
20-12 13:56:19,15.732,13.484,68.920,0,0,5532672,187296,193964,2034168,11279.881,1618.118,3.995,0,0.999,0,2655,3833,2.620,2.160,1.280,1,0,139.837,0,0,25,287,5,44,0
20-12 13:56:20,24.011,4.252,70.531,0,0,5579112,141752,193952,2033300,9821.312,1512.664,0,12.005,0,3.001,1810,2525,2.620,2.160,1.280,2,0,1.000,0,0,25,287,5,44,0
20-12 13:56:21,24.251,4.500,69.002,0.750,0,5610192,140844,193268,2005252,7763.279,1620.058,192.007,13464.485,8.000,553.020,2941,3563,2.620,2.160,1.280,1,0,4.000,0,0,25,291,5,44,0
20-12 13:56:22,25.085,3.512,70.990,0.251,0,5535284,215636,193268,2005368,8914.139,1625.496,40.136,730.470,6.020,51.173,1837,2696,2.620,2.160,1.280,1,0,5.017,0,0,25,287,5,44,0
20-12 13:56:23,24.736,3.748,70.461,0,0,5595400,155440,193268,2005448,10037.399,1565.127,79.955,155.913,4.997,20.988,1943,2934,2.620,2.160,1.280,1,0,3.998,0,0,25,287,5,44,0
20-12 13:56:24,27.250,1.750,70.249,0.250,0,5604020,146648,193268,2005620,5975.952,1693.986,40.000,2663.979,1.000,141.999,3011,5473,2.490,2.140,1.280,2,0,1.000,0,0,25,293,5,47,0
20-12 13:56:25,26.160,3.488,70.257,0,0,5551480,199064,193388,2005624,8989.922,1614.419,119.587,155.463,4.983,12.955,1864,2762,2.490,2.140,1.280,1,0,14.948,0,0,25,287,5,47,0
20-12 13:56:26,20.498,8.749,68.742,0.250,0,5508408,240996,193516,2006736,5087.400,1511.822,1487.824,37971.519,22.997,206.976,2968,4203,2.490,2.140,1.280,0,0,85.990,0,0,25,287,5,47,0
20-12 13:56:27,10.256,18.760,67.287,0.250,0,5508016,241056,193556,2007028,9564.251,1620.890,60.033,1548.850,5.003,64.035,3596,5557,2.490,2.140,1.280,1,0,278.153,0,0,25,289,5,47,0
20-12 13:56:28,14.496,13.996,69.230,0.250,0,5525360,223652,193564,2007080,8139.591,1619.521,51.985,139.959,10.997,7.998,2685,4112,2.490,2.140,1.280,1,0,188.944,0,0,25,289,5,47,0
20-12 13:56:29,22.584,5.019,70.764,0,0,5565392,182580,194136,2007548,6595.588,1626.062,1003.742,144.539,57.213,9.034,1735,2517,2.370,2.130,1.280,1,0,7.026,0,0,25,289,5,47,0
20-12 13:56:30,20.935,2.243,75.516,0.498,0,5581112,159900,194612,2014032,16679.228,3641.696,287.109,311.035,60.811,6.978,1805,2588,2.370,2.130,1.280,1,0,0,0,0,25,290,5,47,0
20-12 13:56:31,24.052,4.259,70.402,0,0.251,5567828,172884,194720,2014224,8984.460,1872.055,32.069,837.815,1.002,21.046,1997,2970,2.370,2.130,1.280,2,0,6.013,0,0,25,289,5,47,0
20-12 13:56:32,20.692,2.244,75.536,0.249,0,5585104,152528,194868,2017156,15899.053,4522.216,23.932,793.756,4.986,28.918,1787,2620,2.370,2.130,1.280,1,0,0.997,0,0,25,290,5,47,0
20-12 13:56:33,24.079,5.518,67.972,0.752,0,5556752,173872,195336,2023696,11219.711,1785.843,3290.767,1063.480,36.118,20.066,8993,17856,2.370,2.130,1.280,1,0,14.046,0,0,25,289,5,47,0
20-12 13:56:34,23.437,6.233,68.066,0.249,0,5568216,159452,195380,2026608,15522.152,4630.516,2046.483,534.559,29.919,17.952,8649,16410,2.500,2.160,1.290,1,0,9.973,0,0,25,290,5,47,0
20-12 13:56:35,25.230,4.996,68.446,0,0,5546176,181196,195432,2026852,7434.090,1618.713,11.990,167.867,0.999,1.998,2243,3404,2.500,2.160,1.290,1,0,13.989,0,0,25,290,5,47,0
20-12 13:56:36,17.278,13.272,67.860,0.501,0,5515680,223452,195532,2014992,5466.900,1796.925,0,781.272,0,27.044,2837,4489,2.500,2.160,1.290,1,0,156.254,0,0,25,289,5,47,0
20-12 13:56:37,23.981,7.244,67.696,0,0,5559168,180116,195532,2014840,6613.762,1618.718,0,799.367,0,31.975,2417,3913,2.500,2.160,1.290,2,0,108.914,0,0,25,289,5,47,0
20-12 13:56:38,26.248,2.500,70.495,0,0,5574296,164744,195532,2015084,9669.323,1565.890,15.999,0,1.000,0,2401,4346,2.500,2.160,1.290,1,0,0,0,0,25,289,5,51,0
20-12 13:56:39,21.814,7.522,69.956,0,0,5548928,190092,195532,2015104,9042.576,1516.457,12.035,112.330,2.006,8.024,2233,3381,2.380,2.140,1.290,1,0,112.330,0,0,25,289,5,51,0
20-12 13:56:40,23.766,7.255,66.795,0,0,5499028,239636,195532,2015460,9859.705,1695.153,244.166,4.003,5.003,1.001,2790,4611,2.380,2.140,1.290,2,0,70.048,0,0,25,289,5,51,0
20-12 13:56:41,26.161,3.987,68.020,0.249,0,5563876,174548,195544,2015688,6890.682,1688.287,123.582,211.285,4.983,20.929,2631,3572,2.380,2.140,1.290,2,0,0.997,0,0,25,290,5,51,0
20-12 13:56:42,25.978,7.244,65.194,0,0,5520116,218036,195548,2015956,9406.863,1618.600,0,271.765,0,19.983,4539,8771,2.380,2.140,1.290,1,0,57.950,0,0,25,289,5,48,0
20-12 13:56:43,27.270,4.003,67.549,0,0,5570972,167164,195548,2015972,10186.344,1695.222,0,284.205,0,23.017,2365,3715,2.380,2.140,1.290,3,0,1.001,0,0,25,289,5,48,0
20-12 13:56:44,23.996,4.749,69.737,0,0,5534500,203620,195548,2015988,4827.112,1619.702,0,143.974,0,9.998,2225,4390,2.270,2.120,1.290,2,0,31.994,0,0,25,289,5,52,0
20-12 13:56:45,25.992,3.249,69.479,0.250,0,5568480,169628,195552,2015996,4554.643,1565.533,0,199.940,0,11.996,2369,4505,2.270,2.120,1.290,1,0,0,0,0,25,290,5,48,0
20-12 13:56:46,22.760,5.752,70.530,0,0,5543364,194708,195576,2016008,8267.555,1512.650,0,316.136,0,33.014,2247,3565,2.270,2.120,1.290,1,0,47.020,0,0,25,289,5,48,0
20-12 13:56:47,26.750,2.750,68.750,0.250,0,5502976,235052,195600,2016028,7330.971,1619.994,0,271.999,0,28.000,2942,5071,2.270,2.120,1.290,1,0,1.000,0,0,25,289,5,47,0
20-12 13:56:48,24.488,4.498,69.965,0.250,0,5560892,177000,195600,2016164,8423.738,1693.143,0,191.903,0,9.995,1926,2831,2.270,2.120,1.290,2,0,30.984,0,0,25,290,5,47,0
20-12 13:56:49,21.066,8.276,68.967,0,0,5505204,232592,195604,2016256,7166.524,1699.341,0,421.324,0,40.126,3438,6496,2.170,2.100,1.290,3,0,112.353,0,0,25,289,5,44,0
20-12 13:56:50,8.739,24.470,66.418,0,0,5509908,227868,195608,2016272,9035.787,1691.900,0,235.707,0,15.980,3604,5835,2.170,2.100,1.290,1,0,389.517,0,0,25,289,5,44,0
20-12 13:56:51,11.252,21.003,66.259,0.250,0,5510848,226900,195616,2016292,7022.941,1620.217,0,416.056,0,25.003,3480,5538,2.170,2.100,1.290,2,0,374.050,0,0,25,289,5,38,0
20-12 13:56:52,14.467,19.955,63.854,0.249,0,5512660,225052,195628,2016316,17064.111,5404.683,0,3990.905,0,460.949,4465,6131,2.170,2.100,1.290,1,0,396.097,0,0,25,289,5,38,0
20-12 13:56:53,11.039,20.823,65.980,0,0,5514344,223352,195628,2016332,9108.781,1463.105,0,289.008,0,25.088,3474,5482,2.170,2.100,1.290,1,0,351.225,0,0,25,289,5,37,0
20-12 13:56:54,11.998,19.497,66.740,0,0,5513196,224420,195628,2016412,6944.965,1689.748,0,39.994,0,9.999,3339,5339,2.070,2.080,1.290,1,0,358.947,0,0,25,289,5,37,0
20-12 13:56:55,10.999,21.998,66.243,0,0,5517760,219836,195628,2016432,5678.432,1619.838,0,31.997,0,7.999,3339,5310,2.070,2.080,1.290,1,0,357.964,0,0,25,289,5,37,0
20-12 13:56:56,10.726,20.953,66.101,0,0,5519032,218540,195628,2016456,9076.541,1764.024,0,187.577,0,19.955,3850,6347,2.070,2.080,1.290,4,0,410.076,0,0,25,289,5,37,0
20-12 13:56:57,10.498,21.246,66.238,0.500,0,5510812,226724,195636,2016484,7185.685,1661.696,0,2519.539,0,190.965,4115,6366,2.070,2.080,1.290,2,0,382.930,0,0,25,289,5,35,0
20-12 13:56:58,10.002,22.004,66.761,0,0,5514404,223116,195636,2016500,9484.555,1620.266,0,16.003,0,4.001,3268,4983,2.070,2.080,1.290,1,0,321.053,0,0,25,289,5,35,0
20-12 13:56:59,10.992,19.486,68.201,0.500,0,5518844,217824,195636,2017352,7939.244,1660.796,975.293,367.733,37.972,34.975,3291,5005,1.990,2.060,1.280,2,0,265.807,0,0,25,289,5,34,0
20-12 13:57:00,17.822,9.288,67.022,4.769,0,5526852,208052,195636,2028700,5888.915,1463.945,8273.599,2180.856,742.013,18.073,6576,11631,1.990,2.060,1.280,1,1,44.179,0,0,25,289,5,34,0
20-12 13:57:01,24.731,4.746,67.948,1.499,0,5548664,174296,195660,2040616,8829.290,1618.770,4020.944,7.994,288.781,1.998,3837,6558,1.990,2.060,1.280,2,0,9.992,0,0,25,289,5,32,0
20-12 13:57:02,21.188,2.742,73.785,0.748,0,5563144,158924,195736,2041436,23602.153,9887.159,594.267,2014.125,36.892,26.921,1919,2622,1.990,2.060,1.280,1,0,0,0,0,25,288,5,32,2
20-12 13:57:03,9.995,1.499,84.953,0.999,0,5563148,157944,195808,2042340,21401.251,13147.782,643.647,1371.247,63.965,45.975,1976,3033,1.990,2.060,1.280,2,0,0.999,0,0,25,288,5,21,2
20-12 13:57:04,17.807,3.511,77.248,0.752,0,5580044,145316,195784,2038164,21490.004,8957.763,1127.621,955.067,52.168,33.106,2389,2794,1.830,2.030,1.280,2,0,2.006,0,0,25,288,5,21,2
20-12 13:57:05,23.276,8.760,66.075,1.251,0,5592512,169352,194052,2006760,24026.246,13047.796,664.754,1177.335,61.069,39.044,7107,5554,1.830,2.030,1.280,1,0,34.039,0,0,25,288,5,22,2
20-12 13:57:06,19.747,2.000,76.489,1.000,0,5609664,151240,194076,2007608,25988.362,11757.354,831.884,1339.812,63.991,47.993,3346,2995,1.830,2.030,1.280,1,0,0,0,0,25,288,5,22,2
20-12 13:57:07,21.256,4.251,69.768,2.251,0,5605756,147772,193604,2016448,7092.865,1704.448,15163.988,3921.031,169.044,114.030,2593,3936,1.830,2.030,1.280,5,0,1.000,0,0,25,288,5,19,2
20-12 13:57:08,22.905,5.975,69.462,0.498,0,5619516,152064,192120,2002988,6594.659,1559.534,0,1210.979,0,36.847,2267,2842,1.830,2.030,1.280,3,0,0,0,0,25,288,5,19,2
20-12 13:57:09,22.499,5.500,69.498,1.750,0,5621932,142464,192620,2010980,8766.746,1619.953,0,3699.893,0,167.995,3171,3516,1.760,2.010,1.280,3,0,0,0,0,25,288,5,19,2
20-12 13:57:10,23.264,6.504,68.792,1.001,0,5617788,200712,192264,1957112,7458.550,1795.095,0,2633.606,0,92.056,5390,3180,1.760,2.010,1.280,2,0,0,0,0,25,287,5,19,2
20-12 13:57:11,24.986,3.498,70.210,0.250,0,5563876,254172,192280,1957548,8294.330,1619.088,479.730,507.714,7.995,13.992,2007,2971,1.760,2.010,1.280,2,0,6.996,0,0,25,287,5,18,2
20-12 13:57:12,21.514,4.003,73.799,0.250,0,5547996,263568,192404,1963364,10654.021,3957.608,0,1793.182,0,38.025,2196,3186,1.760,2.010,1.280,2,0,5.003,0,0,25,287,5,18,2
20-12 13:57:13,20.234,4.496,73.941,0,0,5577248,233644,192456,1963920,16561.866,4357.544,31.975,499.604,1.998,8.993,1920,2811,1.760,2.010,1.280,2,0,6.994,0,0,25,290,5,18,2
20-12 13:57:14,25.766,5.003,67.792,0.250,0,5577244,226412,192620,1970128,10501.500,1837.137,0,844.523,0,14.009,9852,19660,1.700,1.990,1.270,2,0,14.009,0,0,25,289,5,19,2
20-12 13:57:15,23.494,6.998,68.233,0,0,5571296,231916,192688,1970472,7634.153,1565.621,0,1867.548,0,18.995,8926,17485,1.700,1.990,1.270,2,0,12.997,0,0,25,289,5,18,2
20-12 13:57:16,22.839,5.522,70.776,0,0,5533436,283684,192732,1957808,6435.136,1626.353,0,538.102,0,15.059,1899,2865,1.700,1.990,1.270,2,0,12.047,0,0,25,289,5,18,2
20-12 13:57:17,25.254,4.751,68.262,0,0,5530128,285956,192740,1958836,9231.579,1620.277,0,788.135,0,31.005,8177,15628,1.700,1.990,1.270,3,0,50.009,0,0,25,289,5,19,2
20-12 13:57:18,23.410,4.732,69.484,0,0,5573432,242620,192740,1958868,8507.442,1613.824,0,502.079,0,4.981,4415,8014,1.700,1.990,1.270,3,0,8.966,0,0,25,289,5,19,2
20-12 13:57:19,20.004,4.501,74.263,0.250,0,5554060,254980,192812,1965200,15025.629,3881.679,4.001,1020.179,1.000,15.003,1716,2598,1.640,1.980,1.270,1,0,3.001,0,0,25,289,5,18,2
20-12 13:57:20,20.990,2.249,75.213,0,0,5582832,222752,192900,1968344,14177.939,4432.792,0,343.829,0,5.997,1756,2656,1.640,1.980,1.270,4,0,4.998,0,0,25,290,5,18,2
20-12 13:57:21,23.008,7.753,67.772,0.500,0,5558536,243204,192936,1971468,9653.195,1794.594,0,1096.363,0,21.007,8737,16937,1.640,1.980,1.270,2,0,14.005,0,0,25,289,4,18,2
20-12 13:57:22,22.756,6.752,69.020,0,0,5573088,228340,192956,1971696,8181.315,1620.459,0,628.178,0,9.003,9396,18763,1.640,1.980,1.270,1,0,19.005,0,0,25,289,4,18,2
20-12 13:57:23,22.504,5.001,71.014,0.250,0,5538720,276892,192972,1958872,7465.463,1566.307,0,2456.481,0,305.060,2237,2764,1.640,1.980,1.270,1,0,8.002,0,0,25,291,4,18,2
20-12 13:57:24,22.511,6.253,70.533,0,0,5518580,297012,192980,1958884,6245.929,1620.760,0,116.054,0,4.002,1935,3209,1.590,1.960,1.270,2,0,65.030,0,0,25,291,4,18,2
20-12 13:57:25,22.558,6.266,68.425,0,0,5540132,261116,192980,1972140,10751.459,1624.148,0,8.020,0,2.005,14425,27926,1.590,1.960,1.270,1,0,36.092,0,0,25,291,4,15,2
20-12 13:57:26,21.665,1.992,74.957,0.249,0,5561200,237516,193120,1974240,12620.590,5188.686,3.984,1701.339,0.996,19.922,2072,3290,1.590,1.960,1.270,0,0,3.984,0,0,25,292,4,15,2
20-12 13:57:27,17.499,2.000,76.744,0.750,0,5569708,228752,193208,1974376,31321.369,13312.882,0,1939.837,0,96.992,2487,3798,1.590,1.960,1.270,1,0,1.000,0,0,25,292,4,15,2
20-12 13:57:28,7.246,1.749,88.957,0.750,0,5571536,226764,193236,1974568,51868.740,9834.211,0,7744.229,0,228.889,2253,3122,1.590,1.960,1.270,0,0,0,0,0,25,293,4,15,2
20-12 13:57:29,11.253,1.751,83.776,0.750,0,5593380,204616,193268,1974776,128660.885,12243.796,0,1264.392,0,54.017,1955,2932,1.540,1.940,1.270,1,0,0,0,0,25,293,4,15,2
20-12 13:57:30,20.243,1.499,76.224,0.500,0,5600548,197308,193304,1974880,20953.729,11369.055,0,1015.648,0,35.988,1977,2968,1.540,1.940,1.270,1,0,0,0,0,25,293,4,15,2
20-12 13:57:31,19.008,1.751,77.282,0.500,0,5617936,179444,193400,1975252,290521.114,15747.456,0,1652.678,0,68.028,2001,2999,1.540,1.940,1.270,1,0,0,0,0,25,293,4,15,2
20-12 13:57:32,13.152,2.730,82.386,1.489,0,5618604,177988,193756,1975552,131477.702,21428.231,51.615,2862.656,7.941,134.001,2386,3550,1.540,1.940,1.270,1,0,0,0,0,25,293,4,15,2
20-12 13:57:33,16.882,2.772,77.606,0.756,0,5630420,154448,193832,1987096,1480143.440,27870.642,104.819,18480.313,6.047,117.921,2657,3407,1.540,1.940,1.270,1,0,2.016,0,0,25,293,4,15,2
20-12 13:57:34,13.526,4.258,78.403,1.503,0,5614472,150612,193780,2006932,6057992.854,43421.498,10047.553,7779.138,83.162,95.185,3638,3581,1.500,1.930,1.270,2,0,3.006,0,0,25,293,4,15,2
20-12 13:57:35,24.956,8.984,63.887,0.499,0,5641176,141336,194968,1988124,9048.030,1617.146,2970.757,3917.086,29.947,110.804,4366,4017,1.500,1.930,1.270,1,0,4.991,0,0,25,293,4,15,2
20-12 13:57:36,23.845,5.216,68.057,0.745,0.248,5628748,149288,194976,1992024,9076.900,1609.520,170.887,2618.948,1.987,75.508,2420,3644,1.500,1.930,1.270,2,0,0,0,0,25,293,4,15,2
20-12 13:57:37,25.148,7.293,65.889,1.006,0,5647640,146864,194256,1977280,9946.695,1704.056,0,2796.502,0,123.730,4414,3977,1.500,1.930,1.270,1,0,0,0,0,25,293,4,15,2
20-12 13:57:38,21.325,11.540,63.221,2.007,0,5638696,135444,188228,2003432,8976.417,1571.500,0,208634.220,0,1061.716,4972,5386,1.500,1.930,1.270,1,0,0,0,0,25,293,4,15,2
20-12 13:57:39,23.434,4.487,69.306,0.249,0,5625372,141804,188700,2009440,5307.124,1615.472,0,2692.453,0,42.880,1807,2866,1.460,1.910,1.270,1,0,0,0,0,25,293,4,15,2
20-12 13:57:40,25.748,7.250,64.746,1.000,0,5625516,153532,187836,1998964,8415.428,1619.890,0,2871.805,0,103.993,3904,6829,1.460,1.910,1.270,1,0,1.000,0,0,25,293,4,11,2
20-12 13:57:41,25.338,3.010,71.246,0.251,0,5549052,262860,187860,1966088,14923.606,4128.276,40.139,951.290,3.010,25.087,2320,3613,1.460,1.910,1.270,1,0,3.010,0,0,25,291,4,11,2
20-12 13:57:42,21.919,3.487,71.736,0,0,5582160,229600,187888,1966212,10599.048,3693.427,107.605,665.554,17.934,31.883,2266,3576,1.460,1.910,1.270,1,0,7.971,0,0,25,292,4,11,2
20-12 13:57:43,24.995,3.499,70.237,0.500,0,5575504,229340,188108,1972636,10299.043,1793.659,87.983,2867.455,21.996,110.979,2263,3346,1.460,1.910,1.270,1,0,3.999,0,0,25,291,4,11,2
20-12 13:57:44,20.266,3.753,74.557,0.751,0,5574320,223408,188600,1978444,13271.166,4712.610,20.015,18826.421,4.003,152.117,1989,2838,1.420,1.900,1.260,2,0,5.004,0,0,25,291,4,7,2
20-12 13:57:45,23.496,6.749,68.238,0,0,5585000,212072,188620,1979048,8986.463,1735.703,227.961,399.932,10.998,13.998,8890,17942,1.420,1.900,1.260,1,0,11.998,0,0,25,291,4,7,2
20-12 13:57:46,24.755,6.001,68.013,0,0,5581456,215280,188692,1979312,6689.238,1640.303,0,88.016,0,2.000,9538,18958,1.420,1.900,1.260,1,0,13.002,0,0,25,291,4,7,2
20-12 13:57:47,22.481,6.744,70.192,0,0,5582316,214272,188736,1979384,6612.525,1510.749,0,2525.909,0,29.975,2063,3223,1.420,1.900,1.260,1,0,6.994,0,0,25,291,4,8,2
20-12 13:57:48,24.259,4.752,69.025,1.250,0,5555892,252068,188744,1968868,10330.719,1620.583,1148.413,940.339,144.052,24.009,2490,3649,1.420,1.900,1.260,1,0,6.002,0,0,25,291,4,5,2
20-12 13:57:49,23.572,4.263,68.962,1.755,0,5565892,238996,188872,1971812,11365.939,1624.995,1681.168,3221.904,195.601,235.725,3849,5944,1.630,1.930,1.280,1,0,2.006,0,0,25,292,4,6,2
20-12 13:57:50,25.910,4.235,68.264,0.498,0,5566340,238296,188888,1972048,8145.783,1614.408,19.931,478.343,1.993,55.807,4389,8923,1.630,1.930,1.280,3,0,0,0,0,25,294,4,11,2
20-12 13:57:51,28.621,2.762,65.779,1.004,0,5567724,235816,188936,1973084,7193.537,1626.906,903.837,1554.599,46.196,224.955,5556,10479,1.630,1.930,1.280,7,0,1.004,0,0,25,298,4,11,2
20-12 13:57:52,27.899,1.993,67.257,0.498,0,5571440,231532,188976,1973612,20845.581,5323.739,350.731,928.640,44.838,93.661,3041,5210,1.630,1.930,1.280,1,0,0.996,0,0,25,299,4,11,2
20-12 13:57:53,19.036,13.024,66.375,1.252,0,5531124,270496,189012,1974928,8421.799,1623.045,977.834,1615.030,58.109,175.329,5017,9015,1.630,1.930,1.280,3,0,147.276,0,0,25,301,4,11,2
20-12 13:57:54,11.001,18.252,68.256,0.250,0,5536948,264628,189012,1974972,6455.581,1532.138,4.000,848.076,1.000,41.004,3259,5039,1.660,1.930,1.280,1,0,266.024,0,0,25,301,4,11,2
20-12 13:57:55,15.220,6.737,68.615,8.234,0,5507600,267828,190444,1999692,8235.849,1616.829,26332.362,898.239,2276.536,21.957,6502,8053,1.660,1.930,1.280,1,0,41.918,0,0,25,301,4,13,2
20-12 13:57:56,4.246,2.997,89.409,1.249,0,5508796,262564,190484,2003720,94423.971,4106.823,3776.160,3308.635,131.866,168.828,2780,4170,1.660,1.930,1.280,0,0,3.996,0,0,25,302,4,13,2
20-12 13:57:57,4.001,1.750,89.768,2.500,0,5505008,253240,190508,2016808,45791.112,3743.745,13086.604,536.107,260.052,51.010,2401,3656,1.660,1.930,1.280,1,0,1.000,0,0,25,302,4,13,2
20-12 13:57:58,6.505,3.002,88.063,0.751,0,5493428,255256,190776,2026108,19861.201,119289.292,9154.546,1116.799,131.094,19.014,2227,3256,1.660,1.930,1.280,0,0,12.009,0,0,25,301,4,13,2
20-12 13:57:59,3.246,0.749,93.878,0.499,0,5493428,255256,190776,2026108,7772.887,1617.895,0,2740.435,0,408.469,1924,2316,1.530,1.900,1.280,0,0,0,0,0,25,301,4,13,2
20-12 13:58:00,3.001,1.000,94.291,0.500,0,5493428,255256,190776,2026108,9792.269,1620.707,0,332.145,0,27.012,1576,2588,1.530,1.900,1.280,1,0,0,0,0,25,301,4,13,2
20-12 13:58:01,3.504,2.503,92.364,0.250,0,5493648,255008,190796,2026116,8160.061,1575.943,0,276.341,0,34.042,1652,2746,1.530,1.900,1.280,0,0,6.007,0,0,25,301,4,13,2
20-12 13:58:02,2.999,0,94.456,0,0,5493868,254784,190800,2026116,5734.356,1619.254,0,179.917,0,3.998,1380,2431,1.530,1.900,1.280,0,0,0,0,0,25,301,4,13,1
20-12 13:58:03,3.998,3.748,91.199,0,0,5504632,243948,190816,2026172,8814.038,1619.088,15.991,199.887,0.999,24.986,1825,2990,1.530,1.900,1.280,0,0,1.999,0,0,25,303,4,13,1
20-12 13:58:04,3.501,0.500,94.288,0.250,0,5504616,243948,190824,2026180,6404.581,1620.653,0,436.176,0,29.012,1512,2551,1.400,1.870,1.270,1,0,2.001,0,0,25,303,4,13,1
20-12 13:58:05,5.508,2.754,90.639,0,0.250,5506616,241948,190824,2026180,5396.262,1622.484,0,12.018,0,2.003,1614,2708,1.400,1.870,1.270,1,0,9.014,0,0,25,303,4,13,1
20-12 13:58:06,6.990,2.496,89.616,0,0,5485372,263052,190832,2026312,8686.040,1617.587,0,135.797,0,11.982,2023,11187,1.400,1.870,1.270,0,0,24.963,0,0,25,303,4,13,1
20-12 13:58:07,2.500,1.000,93.482,0.250,0.250,5485360,263052,190844,2026312,5595.937,1457.723,0,267.949,0,29.994,1616,2899,1.400,1.870,1.270,0,0,0,0,0,25,303,4,13,1
20-12 13:58:08,3.002,0.750,95.306,0,0,5485356,263052,190844,2026316,8523.046,1620.960,0,36.021,0,1.001,1356,2309,1.400,1.870,1.270,0,0,0,0,0,25,303,4,13,1
20-12 13:58:09,2.247,1.498,94.143,0.250,0,5486460,261932,190852,2026324,8464.418,1618.168,0,24100.718,0,86.902,1625,2701,1.370,1.850,1.270,0,0,0,0,0,25,303,4,13,1
20-12 13:58:10,3.002,0.500,94.312,0,0,5486460,261932,190852,2026324,7573.013,1621.073,0,4.003,0,1.001,1450,2500,1.370,1.850,1.270,0,0,0,0,0,25,303,4,13,1
20-12 13:58:11,5.499,4.749,88.733,0,0,5493388,253528,190860,2027792,10349.982,1693.670,911.822,115.977,16.997,11.998,1956,3256,1.370,1.850,1.270,0,0,1.000,0,0,25,303,4,13,1
20-12 13:58:12,2.499,0.750,94.213,0,0,5493592,253304,190868,2027804,7258.119,1693.328,7.997,263.895,1.999,23.990,1609,2900,1.370,1.850,1.270,1,0,1.000,0,0,25,303,4,13,1
20-12 13:58:13,3.002,0.500,94.049,0.500,0,5494084,252804,190868,2027812,5051.632,1620.844,0,112.058,0,15.008,1623,2954,1.370,1.850,1.270,0,0,2.001,0,0,25,305,4,13,1
20-12 13:58:14,3.500,2.250,91.993,0.500,0,5495536,251460,190868,2027812,8564.341,1531.882,0,37777.091,0,282.978,1959,2640,1.260,1.820,1.260,2,0,0,0,0,25,305,4,14,1
20-12 13:58:15,2.999,0.500,94.214,0.250,0,5495536,251460,190868,2027812,8892.594,1619.380,0,1251.521,0,230.912,1802,2368,1.260,1.820,1.260,0,0,0,0,0,25,305,4,13,1
20-12 13:58:16,3.749,0.750,93.975,0,0,5495720,251460,190868,2027812,9657.450,1619.572,0,851.775,0,22.994,1562,2489,1.260,1.820,1.260,0,0,0,0,0,25,305,4,13,1
20-12 13:58:17,3.504,1.001,92.848,0.250,0,5495712,251460,190876,2027812,7661.082,1621.711,0,232.245,0,23.024,1580,2756,1.260,1.820,1.260,0,0,0,0,0,25,305,4,14,1
20-12 13:58:18,1.749,0.250,94.933,0.250,0,5495668,251460,190880,2027852,5594.067,1692.810,35.975,63.955,2.998,3.997,1416,2484,1.260,1.820,1.260,0,0,0,0,0,25,305,4,14,1
20-12 13:58:19,2.748,0.749,94.424,0,0,5495668,251460,190880,2027852,12315.074,1618.695,0,355.713,0,0.999,1427,2344,1.160,1.790,1.250,1,0,0,0,0,25,305,4,13,1
20-12 13:58:20,4.003,1.251,94.080,0,0,5496116,251012,190880,2027852,7077.015,1459.240,0,1837.562,0,7.006,1587,2724,1.160,1.790,1.250,0,0,0,0,0,25,305,4,13,1
20-12 13:58:21,2.251,1.501,94.552,0,0,5496108,251012,190880,2027860,9846.366,1620.883,0,372.203,0,13.007,1407,2434,1.160,1.790,1.250,0,0,0,0,0,25,305,4,13,1
20-12 13:58:22,3.498,0.750,94.943,0,0,5496332,250788,190880,2027860,7617.445,1619.032,0,47.971,0,5.996,1349,2399,1.160,1.790,1.250,0,0,0,0,0,25,305,4,13,1
20-12 13:58:23,3.000,1.000,93.997,0.250,0,5496292,250788,190880,2027900,10530.610,1661.939,15.999,159.994,1.000,25.999,1695,2954,1.160,1.790,1.250,0,0,1.000,0,0,25,305,4,13,1
20-12 13:58:24,2.501,1.000,94.026,0.250,0,5496292,250788,190880,2027900,9680.701,1620.452,0,4673.304,0,233.065,1677,3277,1.070,1.760,1.250,1,0,0,0,0,25,305,4,13,1
20-12 13:58:25,2.000,1.500,95.001,0,0,5496288,250788,190880,2027904,6771.068,1620.016,0,36.000,0,2.000,1316,2381,1.070,1.760,1.250,0,0,0,0,0,25,305,4,13,1
20-12 13:58:26,3.498,0.750,93.954,0.250,0,5496288,250788,190880,2027904,4769.658,1585.222,0,91.955,0,10.995,1675,3002,1.070,1.760,1.250,1,0,1.000,0,0,25,305,4,13,1
20-12 13:58:27,3.752,1.251,92.548,0.500,0,5496260,250788,190908,2027904,8935.647,1566.815,0,488.254,0,52.027,1948,3555,1.070,1.760,1.250,0,0,1.001,0,0,25,305,4,13,1
20-12 13:58:28,1.500,1.000,94.766,0,0,5496256,250788,190908,2027908,6415.097,702.120,0,0,0,0,1369,2458,1.070,1.760,1.250,0,0,0,0,0,25,305,4,13,1
20-12 13:58:29,9.497,3.999,86.721,0,0,5515112,231436,190924,2028388,227896.743,5192.240,483.836,0,12.996,0,1770,2675,0.980,1.730,1.240,0,0,18.994,0,0,25,305,4,13,1
20-12 13:58:30,12.004,4.751,81.025,0,0,5536040,210356,190932,2028548,350582.732,8568.682,152.048,708.222,6.002,7.002,2053,2959,0.980,1.730,1.240,1,0,27.008,0,0,25,305,4,13,1
