"pcp-dstat 5.3.6 CSV Output"
"Author:","PCP team <pcp@groups.io> and Dag Wieers <dag@wieers.com>",,,,"URL:","https://pcp.io/ and http://dag.wieers.com/home-made/dstat/"
"Host:","ubuntu",,,,"User:","ubuntu"
"Cmdline:","dstat -tcmndrylpg --tcp --output /tmp/devstack_logs/dstat-csv.log",,,,"Date:","13 Feb 2026 22:41:47 UTC"
"system","total usage",,,,,"memory usage",,,,"net/total",,"dsk/total",,"io/total",,"system",,"load avg",,,"procs",,,"paging",,"tcp sockets",,,,
"time","total usage:usr","total usage:sys","total usage:idl","total usage:wai","total usage:stl","used","free","buf","cach","net/total:recv","net/total:send","dsk/total:read","dsk/total:writ","read","writ","int","csw","1m","5m","15m","run","blk","new","in","out","lis","act","syn","tim","clo"
13-02 22:41:47,,1067136,354016,177896,6159260,,,,,,,1.200,0.870,0.570,3,0,,,,9,6,5,12,1
13-02 22:41:48,47.196,20.227,30.465,0.250,0,1092240,323140,177964,6164868,2935618.009,49793.534,0,5433.838,0,100.886,4712,6714,1.500,0.930,0.600,5,0,524.405,0,0,9,5,5,12,1
13-02 22:41:49,42.751,20.001,37.001,0,0,1064156,350312,178028,6165472,48803.659,13858.471,0,1652.056,0,65.002,3647,6144,1.500,0.930,0.600,4,0,325.011,0,0,9,6,5,12,1
13-02 22:41:50,46.141,18.955,34.169,0.748,0,1137808,274532,178060,6231464,1186214.162,27381.325,0,2949.034,0,63.849,5696,9520,1.500,0.930,0.600,10,0,220.479,0,0,10,5,5,12,1
13-02 22:41:51,27.066,5.263,65.660,0.752,0,1219412,178916,178100,6305716,595969.550,19269.094,0,2221.429,0,75.184,1899,2522,1.500,0.930,0.600,3,0,45.110,0,0,10,6,5,12,3
13-02 22:41:52,34.498,14.749,49.997,1.000,0,1174152,203520,178908,6322920,1543565.191,14145.250,79.996,4775.747,1.000,125.993,2757,3627,1.500,0.930,0.600,3,0,167.991,0,0,10,6,5,11,2
13-02 22:41:53,42.660,8.233,47.899,0.249,0,1224092,130700,179568,6342592,8800.440,1842.115,0,3001.669,0,72.846,2092,3131,1.540,0.950,0.610,2,0,78.834,0,0,10,6,6,13,2
13-02 22:41:54,40.835,9.770,46.347,2.756,0,1259812,123388,179188,6312424,11164.289,1697.541,501.045,47134.322,17.036,807.685,3585,5191,1.540,0.950,0.610,4,1,11.023,0,0,10,8,6,13,2
13-02 22:41:55,31.977,7.994,48.465,11.492,0,1265064,125808,180532,6301004,12973.594,2815.958,231.832,56638.937,4.996,3001.824,11609,24557,1.540,0.950,0.610,2,0,51.962,0,0,10,9,6,13,2
13-02 22:41:56,37.464,11.739,44.707,5.245,0,1118132,286144,180956,6287452,11597.936,3107.036,963.081,29835.537,23.977,2246.856,10314,16120,1.540,0.950,0.610,2,0,107.897,0,0,10,4,6,13,0
13-02 22:41:57,43.232,7.247,48.230,0.250,0,1185992,212760,181144,6292008,14926.805,3879.390,91.962,2159.104,16.993,74.969,1991,9976,1.540,0.950,0.610,2,0,37.984,0,0,10,4,6,14,0
13-02 22:41:58,41.565,5.008,53.333,0.250,0,1151308,246016,181252,6293212,10761.799,3639.682,0,7443.619,0,434.679,2329,3152,1.500,0.950,0.610,2,0,15.023,0,0,10,5,6,13,0
13-02 22:41:59,46.019,6.753,46.769,0.500,0,1214448,175840,181788,6298536,6100.495,2596.062,0,1460.597,0,81.033,8676,16855,1.500,0.950,0.610,2,0,14.006,0,0,10,4,6,13,0
13-02 22:42:00,33.997,19.498,44.996,0.250,0,1142768,246572,181860,6299288,10566.943,1767.823,631.937,93966.603,36.996,606.939,6759,29542,1.500,0.950,0.610,2,0,283.972,0,0,10,4,6,13,0
13-02 22:42:01,28.999,25.749,44.998,0.250,0,1106540,294484,181904,6288840,8975.686,1619.943,0,3019.894,0,32.999,3043,5193,1.500,0.950,0.610,2,0,431.985,0,0,10,4,6,13,0
13-02 22:42:02,45.510,18.504,35.008,0.500,0,1133772,262752,181912,6293768,9055.065,1566.357,4393.002,12.003,84.019,3.001,5522,12507,1.500,0.950,0.610,3,0,235.054,0,0,10,5,6,13,0
13-02 22:42:03,52.997,4.250,43.248,0,0,1199260,197064,182044,6294148,8621.509,1619.908,123.993,195.989,4.000,2.000,1351,1350,1.540,0.970,0.620,2,0,49.997,0,0,10,5,6,13,0
13-02 22:42:04,48.735,3.249,47.736,0,0,1245360,148960,182116,6295996,10016.985,1619.513,0,315.905,0,33.990,1498,4029,1.540,0.970,0.620,3,0,0,0,0,10,5,6,13,0
13-02 22:42:05,7.985,9.732,81.100,0,0,1256416,137156,182116,6296728,6979.124,1603.042,127.764,3042.387,1.996,77.856,1856,3162,1.540,0.970,0.620,0,0,118.781,0,0,10,4,6,14,0
13-02 22:42:06,12.750,7.500,79.252,0.500,0,1293632,127632,182100,6269396,4816.106,1620.036,628.014,42748.940,17.000,381.008,2106,2248,1.540,0.970,0.620,1,0,21.000,0,0,10,4,6,14,0
13-02 22:42:07,23.543,2.004,73.885,0,0,1337692,118524,182100,6234852,4201.685,1622.968,0,0,0,0,862,1065,1.540,0.970,0.620,1,0,0,0,0,10,4,6,14,0
13-02 22:42:08,23.747,3.000,71.990,1.000,0,1355680,118804,182144,6216740,9610.626,1767.747,0,2031.709,0,178.974,2847,4643,1.500,0.970,0.620,1,0,1.000,0,0,10,10,6,14,0
13-02 22:42:09,20.226,5.993,72.664,0.999,0,1311508,162256,182188,6217500,9620.619,1618.086,858.984,2485.060,42.949,144.829,1597,2043,1.500,0.970,0.620,1,0,41.950,0,0,10,4,6,16,0
13-02 22:42:10,22.528,2.253,73.342,0.751,0,1333344,139704,182200,6218148,10398.091,1567.974,280.353,1365.719,67.084,27.034,1781,2615,1.500,0.970,0.620,3,0,1.001,0,0,10,25,6,17,0
13-02 22:42:11,21.715,5.491,72.384,0,0,1316720,156304,182200,6218172,9122.322,1509.571,0,898.554,0,18.969,1397,1891,1.500,0.970,0.620,1,0,44.928,0,0,10,28,6,17,0
13-02 22:42:12,19.262,8.255,72.796,0,0,1273764,199076,182200,6218352,10947.875,1621.018,180.113,12.008,5.003,3.002,1625,2253,1.500,0.970,0.620,1,0,74.047,0,0,10,28,6,17,0
13-02 22:42:13,42.556,9.262,48.314,0,0,1402748,130688,182036,6159000,14021.438,1622.133,0,8.011,0,2.003,1782,2234,1.540,0.990,0.630,2,0,82.108,0,0,10,29,6,17,0
13-02 22:42:14,45.247,16.499,36.998,0.250,0,1346040,206952,182016,6139788,8298.461,1619.895,195.987,243.984,23.998,26.998,4190,9429,1.540,0.990,0.630,6,0,371.976,0,0,10,28,6,21,0
13-02 22:42:15,81.766,16.003,2.250,0,0,1585328,133940,182004,5977276,15406.958,1694.325,208.040,84.016,28.005,7.001,2150,3144,1.540,0.990,0.630,11,0,207.040,0,0,10,29,6,21,0
13-02 22:42:16,83.997,11.000,4.250,0,0,1565392,243240,181928,5889880,10581.608,1619.940,1479.945,4983.816,191.993,485.982,5409,9592,1.540,0.990,0.630,7,0,39.999,0,0,10,29,6,22,0
13-02 22:42:17,40.660,11.974,45.898,0.249,0,1331040,477024,181936,5890436,5060.805,1616.424,367.188,534.817,6.985,48.892,3733,7211,1.540,0.990,0.630,2,0,269.404,0,0,10,28,6,22,0
13-02 22:42:18,23.027,3.254,73.587,0,0,1376816,431188,181936,5890496,8632.195,1459.724,40.047,144.170,8.009,6.007,1506,2681,1.410,0.970,0.620,2,0,0,0,0,10,29,6,22,0
13-02 22:42:19,18.976,7.490,72.658,0.499,0,1352108,455852,181944,5890532,9490.937,1617.944,23.970,575.269,2.996,39.949,1681,2437,1.410,0.970,0.620,1,0,67.914,0,0,10,28,6,23,0
13-02 22:42:20,22.020,5.005,71.566,0,0,1303268,504672,181948,5890548,11639.674,1621.487,152.140,120.110,6.006,18.017,2079,3625,1.410,0.970,0.620,1,0,56.051,0,0,10,28,6,23,0
13-02 22:42:21,8.504,22.511,68.283,0.250,0,1306112,501492,181948,5890884,7046.418,1620.786,180.087,180.087,2.001,8.004,2492,3203,1.410,0.970,0.620,1,0,320.155,0,0,10,28,6,23,0
13-02 22:42:22,25.273,28.526,45.292,0,0,1381364,426240,181952,5890880,4986.573,1621.487,80.073,280.257,1.001,27.025,2820,4776,1.410,0.970,0.620,5,0,599.550,0,0,10,28,6,23,0
13-02 22:42:23,85.746,12.249,2.250,0,0,1605332,201964,182104,5891036,8612.647,1619.934,151.994,991.959,6.000,50.998,3407,6292,1.860,1.070,0.660,6,0,62.997,0,0,10,31,6,23,0
13-02 22:42:24,80.749,13.000,6.000,0.250,0,1501120,305756,182128,5891432,8788.912,1693.983,4.000,955.990,1.000,89.999,5592,13510,1.860,1.070,0.660,5,0,89.999,0,0,10,28,6,22,0
13-02 22:42:25,83.002,13.500,3.500,0,0,1554364,252372,182132,5891568,10071.201,1660.033,0,160.003,0,14.000,3430,5945,1.860,1.070,0.660,9,0,193.004,0,0,10,30,6,22,0
13-02 22:42:26,84.515,13.252,2.000,0,0,1560452,245936,182136,5891912,7859.423,1566.283,0,160.029,0,9.002,6387,10341,1.860,1.070,0.660,5,0,101.018,0,0,10,29,6,22,0
13-02 22:42:27,53.621,14.216,32.921,0.249,0,1326052,480064,182144,5892176,9151.962,1689.931,0,375.097,0,31.923,3890,9628,1.860,1.070,0.660,2,0,224.460,0,0,10,28,6,23,0
13-02 22:42:28,45.600,5.011,48.356,0,0,1432884,373216,182148,5892188,9803.489,1623.559,0,156.343,0,7.015,1952,3024,1.870,1.090,0.660,2,0,0,0,0,10,29,6,23,0
13-02 22:42:29,41.439,16.725,41.938,0,0,1378076,427840,182148,5892372,6531.405,1617.624,0,279.589,0,26.960,3405,6463,1.870,1.090,0.660,3,0,377.446,0,0,10,28,6,23,0
13-02 22:42:30,62.842,8.763,27.290,0,0.250,1509828,296072,182148,5892388,6610.698,1622.380,0,148.217,0,7.010,2664,6612,1.870,1.090,0.660,2,0,0,0,0,10,31,6,25,0
13-02 22:42:31,70.012,16.253,12.752,0.250,0,1484480,321204,182152,5892600,12823.193,1620.277,0,1280.219,0,94.016,3550,7626,1.870,1.090,0.660,4,0,258.044,0,0,10,28,6,26,0
13-02 22:42:32,73.740,8.249,16.998,0,0,1510672,294800,182156,5892808,8937.784,1585.784,0,95.987,0,10.999,5813,12335,1.870,1.090,0.660,7,0,4.999,0,0,10,30,6,32,0
13-02 22:42:33,60.250,17.750,22.750,0,0,1463324,342112,182160,5892840,9411.075,1694.014,0,320.003,0,26.000,3149,5572,1.960,1.120,0.680,3,0,319.003,0,0,10,28,6,31,0
13-02 22:42:34,61.001,11.750,27.001,0.250,0,1451088,354156,182168,5893020,8890.187,1640.034,0,472.010,0,48.001,4941,11607,1.960,1.120,0.680,5,0,136.003,0,0,10,28,6,33,0
13-02 22:42:35,62.437,13.986,23.476,0,0,1517124,288052,182172,5893084,9429.523,1618.374,0,227.771,0,8.991,1865,2794,1.960,1.120,0.680,2,0,163.835,0,0,10,31,6,33,0
13-02 22:42:36,59.307,15.014,25.775,0,0,1378016,426836,182180,5893400,10778.390,1695.635,0,272.262,0,25.024,4068,9974,1.960,1.120,0.680,3,0,287.277,0,0,10,28,6,34,0
13-02 22:42:37,64.221,7.996,28.487,0,0,1509400,295068,182184,5893780,6341.146,1619.271,0,191.914,0,7.996,2230,5440,1.960,1.120,0.680,2,0,0,0,0,10,31,6,34,0
13-02 22:42:38,62.279,11.255,25.762,0,0,1462656,340088,182232,5895456,5971.735,1620.742,1412.647,3265.496,14.006,217.099,3166,5459,2.050,1.150,0.690,4,0,112.051,0,0,10,28,6,34,0
13-02 22:42:39,61.747,11.250,26.749,0.250,0,1321660,480952,182240,5895580,9568.598,1511.936,0,403.983,0,38.998,5218,10449,2.050,1.150,0.690,8,0,219.991,0,0,10,28,6,34,0
13-02 22:42:40,82.494,15.749,2.000,0,0,1575352,227220,182244,5895616,9258.361,1767.878,0,235.984,0,17.999,2297,3536,2.050,1.150,0.690,9,0,260.982,0,0,10,29,6,34,0
13-02 22:42:41,80.259,15.502,4.000,0,0,1486768,315636,182252,5895776,8613.999,1662.193,0,676.078,0,47.005,4483,9440,2.050,1.150,0.690,8,0,246.029,0,0,10,28,6,33,0
13-02 22:42:42,85.495,11.749,1.750,0,0,1630368,171796,182264,5896004,5077.695,1565.906,31.998,411.975,2.000,32.998,3377,5927,2.050,1.150,0.690,8,0,165.990,0,0,10,29,6,34,0
13-02 22:42:43,78.001,18.500,3.250,0,0,1494020,307892,182264,5896256,9178.174,1620.031,0,180.003,0,9.000,5800,10624,2.360,1.230,0.720,9,0,241.005,0,0,10,29,6,34,0
13-02 22:42:44,56.744,23.747,17.748,0,0,1389696,411976,182264,5896496,6958.242,1619.823,0,211.977,0,11.999,6467,13865,2.360,1.230,0.720,5,0,583.936,0,0,10,28,6,34,0
13-02 22:42:45,9.735,24.960,64.647,0,0,1321644,479976,182264,5896548,4680.567,1617.432,0,175.721,0,8.986,2800,4015,2.360,1.230,0.720,2,0,442.298,0,0,10,28,6,31,0
13-02 22:42:46,9.014,21.534,68.359,0,0,1324128,477476,182264,5896564,9392.991,1556.484,0,152.243,0,9.014,2395,3008,2.360,1.230,0.720,2,0,308.492,0,0,10,28,6,31,0
13-02 22:42:47,27.277,29.028,42.542,0.500,0,1383280,418308,182268,5896572,6860.730,1663.632,0,6882.752,0,179.176,3623,6258,2.360,1.230,0.720,6,0,780.766,0,0,10,28,6,31,0
13-02 22:42:48,80.248,16.749,2.500,0,0,1586900,214636,182268,5896624,6247.806,1693.947,4.000,279.991,1.000,20.999,3658,7458,2.650,1.310,0.750,7,0,365.989,0,0,10,29,6,31,0
13-02 22:42:49,78.188,20.234,1.998,0,0,1576188,225160,182280,5896800,9487.495,1692.661,7.994,1015.197,0.999,77.938,5704,11788,2.650,1.310,0.750,6,0,418.669,0,0,10,28,6,31,0
13-02 22:42:50,82.749,13.500,2.500,0,0,1548264,252816,182284,5897064,8246.909,1565.983,12.000,215.998,3.000,14.000,3649,6051,2.650,1.310,0.750,6,0,158.998,0,0,10,28,6,31,0
13-02 22:42:51,84.055,12.508,4.253,0,0,1678692,121052,182292,5898340,17493.476,4545.982,0,480.315,0,24.016,6805,15618,2.650,1.310,0.750,7,0,49.032,0,0,10,31,6,31,0
13-02 22:42:52,84.676,12.489,3.497,0.250,0,1620268,197400,182404,5879808,9245.965,1792.442,323.719,5283.409,14.987,257.776,6003,13274,2.650,1.310,0.750,8,0,61.946,0,0,10,29,6,31,0
13-02 22:42:53,83.013,13.502,2.250,0,0,1591968,224644,182440,5880748,6917.065,1566.241,4.001,880.136,1.000,44.007,5536,30070,3,1.410,0.780,6,0,80.012,0,0,10,28,6,29,0
13-02 22:42:54,80.503,17.251,2.250,0,0,1647264,168432,182476,5881544,9513.381,1566.063,84.003,960.038,3.000,11.000,4925,27926,3,1.410,0.780,8,0,67.003,0,0,10,29,6,29,0
13-02 22:42:55,78.551,12.758,8.255,0,0,1596120,218996,182540,5881916,143444.956,8682.687,0,1989.303,0,49.032,5820,15464,3,1.410,0.780,5,0,136.089,0,0,10,33,6,29,0
13-02 22:42:56,82.695,12.242,4.247,0.250,0,1583168,231048,182616,5882696,528823.919,12677.607,0,1690.881,0,63.958,5020,14641,3,1.410,0.780,6,0,70.953,0,0,10,30,6,29,0
13-02 22:42:57,82.247,13.499,3.250,0,0,1675856,137384,182848,5883332,103061.981,16827.344,8.000,2339.909,1.000,111.996,4149,13762,3,1.410,0.780,5,0,117.995,0,0,10,32,6,29,0
13-02 22:42:58,83.253,11.250,5.750,0,0,1617372,222204,182924,5857280,52542.892,3177.114,64.002,7892.284,16.001,385.014,6193,14125,3.240,1.480,0.810,7,0,55.002,0,0,10,31,7,29,0
13-02 22:42:59,83.747,13.500,2.000,0,0,1689176,149576,182936,5858336,15086.472,3468.879,4.000,331.988,1.000,12.000,3524,6594,3.240,1.480,0.810,7,0,76.997,0,0,10,32,6,29,0
13-02 22:43:00,81.750,11.250,5.750,0,0.250,1671556,174524,183408,5850668,12930.948,2141.991,20.000,1831.993,5.000,40.000,7583,14703,3.240,1.480,0.810,7,0,72.000,0,0,10,30,6,29,0
13-02 22:43:01,79.010,17.252,2.750,0,0,1482132,363744,183420,5851136,5643.689,1512.184,496.061,184.022,30.004,11.001,4935,10640,3.240,1.480,0.810,8,0,323.039,0,0,10,28,6,29,0
13-02 22:43:02,81.744,15.249,2.500,0,0,1645828,199796,183428,5851384,13132.976,1565.878,0,459.964,0,25.998,5650,12750,3.240,1.480,0.810,7,0,229.982,0,0,10,28,6,29,0
13-02 22:43:03,80.256,15.751,3.500,0.250,0,1471004,373736,183428,5852268,8562.634,1620.120,492.036,280.021,22.002,19.001,6190,13848,3.460,1.560,0.840,8,0,315.023,0,0,10,29,6,30,0
13-02 22:43:04,79.988,16.748,2.250,0,0,1572092,269920,183436,5854988,9934.530,1693.749,2739.595,419.938,58.991,23.996,4717,8431,3.460,1.560,0.840,7,0,239.964,0,0,10,30,6,30,0
13-02 22:43:05,79.013,15.002,5.001,0,0,1564612,276472,183436,5855916,9192.471,1714.274,448.072,500.080,4.001,37.006,6193,12845,3.460,1.560,0.840,6,0,122.020,0,0,10,29,5,29,0
13-02 22:43:06,76.990,13.748,8.499,0,0,1554648,286240,183436,5856112,9574.698,1619.780,0,315.957,0,24.997,5577,12269,3.460,1.560,0.840,6,0,137.981,0,0,10,30,5,29,0
13-02 22:43:07,78.994,12.499,8.749,0,0,1505964,334588,183436,5856448,7345.471,1619.883,0,383.972,0,27.998,4756,10251,3.460,1.560,0.840,4,0,106.992,0,0,10,28,5,30,0
13-02 22:43:08,80.752,11.250,7.750,0.250,0,1506596,333964,183436,5856516,6823.130,1512.029,0,396.008,0,31.001,4056,10214,3.590,1.620,0.860,6,0,102.002,0,0,10,29,5,31,0
13-02 22:43:09,76.256,15.751,6.751,0,0,1454160,386036,183436,5856880,5352.444,1620.134,0,244.020,0,15.001,3144,9041,3.590,1.620,0.860,4,0,278.023,0,0,10,29,5,29,0
13-02 22:43:10,63.250,10.500,25.750,0,0,1421316,418864,183440,5856892,9850.010,1566.002,0,344.000,0,23.000,4228,8103,3.590,1.620,0.860,4,0,78.000,0,0,10,31,5,31,0
13-02 22:43:11,66.558,8.007,24.521,0,0,1455112,384872,183444,5857084,9104.967,1621.419,0,344.301,0,29.025,4547,10846,3.590,1.620,0.860,4,0,31.027,0,0,10,34,5,30,0
13-02 22:43:12,65.093,9.477,24.690,0.249,0,1481392,358372,183452,5857296,9380.318,1616.092,0,363.122,0,33.918,2739,5318,3.590,1.620,0.860,4,0,118.713,0,0,10,32,5,32,0
13-02 22:43:13,59.313,6.006,33.786,0,0,1521404,318336,183452,5857320,5103.379,1621.709,0,176.186,0,11.012,4527,13975,3.620,1.660,0.880,5,0,0,0,0,10,33,5,35,0
13-02 22:43:14,63.173,12.485,24.220,0,0,1496084,343444,183456,5857528,9806.046,1691.938,0,155.810,0,7.990,2063,2968,3.620,1.660,0.880,3,0,136.833,0,0,10,32,5,36,0
13-02 22:43:15,59.844,11.017,29.045,0,0,1412472,426852,183456,5857732,10325.138,1588.483,0,400.626,0,44.069,5329,11207,3.620,1.660,0.880,3,0,180.282,0,0,10,32,5,37,0
13-02 22:43:16,65.966,9.495,24.987,0,0,1514772,324512,183456,5857772,6833.440,1619.156,0,255.867,0,22.988,2154,3398,3.620,1.660,0.880,3,0,63.967,0,0,10,32,5,33,0
13-02 22:43:17,60.649,11.730,26.705,0.250,0,1399380,438888,183464,5858780,5253.227,1691.176,0,379.366,0,40.932,3624,9950,3.620,1.660,0.880,5,0,158.735,0,0,10,32,5,34,0
13-02 22:43:18,64.138,8.518,26.307,0.251,0,1457516,380676,183464,5858856,9752.959,1569.373,0,5676.198,0,237.510,3765,7356,3.650,1.690,0.890,4,0,69.149,0,0,10,33,5,33,0
13-02 22:43:19,65.384,10.731,23.957,0,0,1507080,331084,183468,5858880,7653.369,1617.120,0,307.452,0,19.964,3431,8133,3.650,1.690,0.890,3,0,93.833,0,0,10,32,5,34,0
13-02 22:43:20,46.811,14.519,38.550,0,0,1351688,485972,183468,5859384,9465.314,1622.110,0,568.740,0,43.056,4242,9114,3.650,1.690,0.890,3,0,297.387,0,0,10,32,5,33,0
13-02 22:43:21,45.327,5.697,49.042,0,0,1456324,381152,183468,5859568,6418.036,1678.319,0,285.334,0,17.833,2142,4041,3.650,1.690,0.890,2,0,0,0,0,10,32,5,34,0
13-02 22:43:22,39.394,11.616,48.232,0,0,1399084,438576,183472,5859572,9990.859,1527.265,0,286.867,0,17.172,2737,5411,3.650,1.690,0.890,3,0,167.676,0,0,10,32,5,34,0
13-02 22:43:23,45.399,4.490,48.641,0.249,0.249,1452376,385152,183476,5859700,11654.998,1841.891,0,542.789,0,30.931,3018,5507,3.520,1.700,0.900,2,0,0,0,0,10,33,6,35,0
13-02 22:43:24,40.257,10.502,48.758,0,0,1428180,409284,183476,5859764,5411.920,1694.288,0,304.052,0,25.004,2002,2852,3.520,1.700,0.900,2,0,99.017,0,0,10,32,6,35,0
13-02 22:43:25,47.075,5.509,48.828,0.250,0,1413168,423892,183476,5860168,8579.624,1622.577,196.312,392.623,41.065,36.057,3908,8338,3.520,1.700,0.900,2,0,6.010,0,0,10,32,6,36,0
13-02 22:43:26,44.420,6.987,48.413,0,0,1442900,394124,183484,5860196,9035.736,1637.053,0,2303.853,0,149.730,2945,5082,3.520,1.700,0.900,2,0,29.946,0,0,10,33,6,36,0
13-02 22:43:27,42.823,8.264,48.583,0.250,0,1374208,462632,183488,5860376,4653.930,1622.765,0,220.376,0,20.034,3141,6087,3.520,1.700,0.900,2,0,61.104,0,0,10,32,6,36,0
13-02 22:43:28,43.998,6.250,49.498,0.250,0,1386552,450280,183488,5860384,8998.595,1619.927,0,223.990,0,19.999,2736,5210,3.400,1.710,0.910,5,0,43.998,0,0,10,33,6,35,0
13-02 22:43:29,33.521,19.762,46.529,0,0,1404424,432364,183488,5860428,10008.225,1586.987,0,5483.411,0,289.180,4036,5763,3.400,1.710,0.910,2,0,339.211,0,0,10,32,6,35,0
13-02 22:43:30,45.751,5.500,48.751,0.250,0,1456748,379444,183492,5861020,9630.289,1768.053,0,312.009,0,27.001,2627,5654,3.400,1.710,0.910,2,0,0,0,0,10,32,6,35,0
13-02 22:43:31,39.748,10.250,48.748,0,0,1447184,388956,183492,5861072,8950.588,1619.925,0,223.990,0,9.000,1828,2249,3.400,1.710,0.910,2,0,139.994,0,0,10,32,6,35,0
13-02 22:43:32,43.746,8.249,48.496,0,0,1332152,502796,183500,5862256,6214.434,1619.853,0,311.972,0,28.997,3636,9322,3.400,1.710,0.910,2,0,91.992,0,0,10,32,6,32,0
13-02 22:43:33,27.176,14.710,57.095,0,0,1391172,443576,183500,5862456,10207.348,1615.623,0,215.416,0,11.968,2402,3508,3.200,1.690,0.910,2,0,285.227,0,0,10,33,6,32,0
13-02 22:43:34,21.261,6.503,72.287,0.250,0,1342280,492432,183500,5862492,7599.846,1566.793,28.014,340.172,1.001,15.008,2691,4786,3.200,1.690,0.910,1,0,56.028,0,0,10,32,6,27,0
13-02 22:43:35,22.265,4.003,72.798,0,0,1391612,443068,183504,5862520,9267.088,1621.065,0,220.145,0,18.012,1674,2604,3.200,1.690,0.910,1,0,1.001,0,0,10,32,6,27,0
13-02 22:43:36,18.995,8.748,72.731,0,0,1372988,461688,183504,5862524,9289.566,1511.604,0,151.960,0,7.998,1465,1808,3.200,1.690,0.910,1,0,90.976,0,0,10,32,6,24,0
13-02 22:43:37,21.265,5.504,73.053,0,0,1325884,508780,183508,5862532,8778.391,1621.180,0,240.175,0,21.015,1879,3302,3.200,1.690,0.910,2,0,38.028,0,0,10,32,6,24,0
13-02 22:43:38,19.233,6.744,72.936,0.250,0,1386608,448048,183508,5862540,8524.575,1692.526,0,147.871,0,7.993,1258,1572,3.030,1.680,0.910,1,0,60.947,0,0,10,32,6,24,0
13-02 22:43:39,19.244,7.748,71.978,0,0,1330672,503964,183512,5862556,4985.499,1693.490,0,635.809,0,30.991,2202,3942,3.030,1.680,0.910,1,0,93.972,0,0,10,32,6,27,0
13-02 22:43:40,22.997,2.500,73.990,0,0,1389380,445248,183516,5862560,5173.286,1619.776,0,191.974,0,13.998,1110,1662,3.030,1.680,0.910,2,0,0,0,0,10,32,6,24,0
13-02 22:43:41,22.995,4.499,71.986,0.500,0,1338108,496368,183532,5862696,10832.877,1565.693,0,879.828,0,55.989,2494,4830,3.030,1.680,0.910,4,0,29.994,0,0,10,32,6,24,0
13-02 22:43:42,23.059,3.008,73.436,0,0,1379420,455040,183532,5862712,7120.071,1515.847,0,112.285,0,8.020,1420,2607,3.030,1.680,0.910,2,0,0,0,0,10,33,6,25,0
13-02 22:43:43,17.979,10.738,70.419,0,0,1313944,520460,183532,5862768,8884.774,1660.089,0,143.834,0,14.983,2741,4378,2.780,1.650,0.900,1,0,143.834,0,0,10,32,6,27,0
13-02 22:43:44,16.766,21.270,61.057,0.250,0,1356160,478008,183532,5863004,7370.825,1621.502,28.026,396.367,2.002,28.026,2793,4079,2.780,1.650,0.900,2,0,342.317,0,0,10,32,6,28,0
13-02 22:43:45,42.763,7.002,49.014,0.500,0,1494880,336668,183532,5865620,8953.623,1694.496,1528.448,1884.552,38.011,53.016,1579,2090,2.780,1.650,0.900,2,0,6.002,0,0,10,36,6,28,0
13-02 22:43:46,37.234,8.246,43.981,11.495,0,1421344,403980,183876,5871440,8075.552,1619.309,0,31966.350,0,2754.824,14330,25080,2.780,1.650,0.900,2,0,123.947,0,0,10,36,6,28,0
13-02 22:43:47,39.676,7.736,41.423,10.730,0,1501636,322112,184308,5872580,6831.314,1700.842,0,42425.216,0,3546.414,15987,26970,2.780,1.650,0.900,2,0,43.918,0,0,10,36,6,28,0
13-02 22:43:48,46.608,4.761,47.360,1.253,0,1454608,369052,184372,5872604,5459.699,1623.777,0,9261.542,0,565.315,2536,3669,2.720,1.660,0.910,2,0,6.014,0,0,10,32,6,28,0
13-02 22:43:49,38.782,7.756,45.037,8.257,0,1514332,308600,184708,5872996,9791.117,1459.210,0,15080.502,0,2408.997,15871,26572,2.720,1.660,0.910,1,1,3.002,0,0,10,34,6,28,0
13-02 22:43:50,31.886,9.217,55.801,3.238,0,1395300,427380,184828,5873124,7631.717,1614.229,0,15113.968,0,1123.982,5659,9365,2.720,1.660,0.910,1,0,98.647,0,0,10,32,6,28,0
13-02 22:43:51,23.806,2.255,73.924,0,0,1343652,478988,184836,5873156,11683.491,1623.821,0,517.217,0,35.083,1102,1355,2.720,1.660,0.910,1,0,3.007,0,0,10,32,6,28,0
13-02 22:43:52,23.950,2.744,72.350,0,0,1415536,407104,184860,5873132,7469.471,1616.639,0,4019.643,0,215.552,1407,1953,2.720,1.660,0.910,1,0,1.996,0,0,10,32,6,28,0
13-02 22:43:53,24.295,3.006,72.633,0.250,0,1347276,473724,184864,5874760,10010.339,1622.973,1643.010,496.910,19.035,27.050,1151,1416,2.580,1.650,0.910,1,0,1.002,0,0,10,32,6,28,0
13-02 22:43:54,22.250,3.500,73.251,0,0,1421248,399636,184864,5874876,8888.124,1694.024,0,0,0,0,966,1143,2.580,1.650,0.910,1,0,8.000,0,0,10,32,6,28,0
13-02 22:43:55,23.212,3.245,73.381,0,0,1364728,456084,184864,5874944,8035.966,1603.399,0,0,0,0,876,1086,2.580,1.650,0.910,1,0,1.997,0,0,10,32,6,28,0
13-02 22:43:56,23.770,2.502,73.811,0,0,1427976,392836,184864,5874944,9570.973,1621.351,0,0,0,0,885,1057,2.580,1.650,0.910,1,0,2.002,0,0,10,32,6,28,0
13-02 22:43:57,23.530,4.255,72.843,0,0,1402864,417860,184864,5875652,7840.004,1622.070,0,52.066,0,3.004,990,1229,2.580,1.650,0.910,5,0,23.029,0,0,10,32,6,28,0
13-02 22:43:58,26.198,3.743,69.113,0.250,0,1397492,423200,184864,5875064,7332.482,1690.653,0,223.557,0,2.994,1253,3842,2.460,1.640,0.910,1,0,14.970,0,0,10,32,6,29,0
13-02 22:43:59,23.254,2.750,73.012,0.250,0,1338980,481692,184868,5875080,9389.549,1620.267,0,2164.357,0,244.040,1462,1368,2.460,1.640,0.910,1,0,1.000,0,0,10,32,6,28,0
13-02 22:44:00,23.518,2.002,73.806,0.250,0,1342508,478128,184868,5875116,9581.205,1621.219,0,444.334,0,28.021,1004,1176,2.460,1.640,0.910,2,0,1.001,0,0,10,32,6,28,0
13-02 22:44:01,23.243,3.499,73.979,0,0,1423400,397236,184868,5875116,9421.334,1619.542,0,0,0,0,1004,1153,2.460,1.640,0.910,1,0,1.999,0,0,10,32,6,28,0
13-02 22:44:02,16.255,10.003,73.273,0,0,1329900,490736,184868,5875116,8993.788,1532.475,0,0,0,0,1660,2231,2.460,1.640,0.910,1,0,143.044,0,0,10,32,6,28,0
13-02 22:44:03,8.500,20.500,69.248,0,0,1339804,480672,184868,5875276,5092.888,1693.963,0,615.986,0,7.000,2506,3613,2.340,1.630,0.910,2,0,328.993,0,0,10,32,6,28,0
13-02 22:44:04,9.253,19.507,70.026,0.250,0,1343252,477208,184868,5875292,9363.530,1694.639,108.041,384.145,6.002,11.004,2484,3441,2.340,1.630,0.910,1,0,273.103,0,0,10,32,6,28,0
13-02 22:44:05,9.991,20.481,69.184,0,0,1343760,476496,184868,5875492,8864.588,1712.375,0,391.628,0,4.995,2449,3362,2.340,1.630,0.910,2,0,279.735,0,0,10,32,6,27,0
13-02 22:44:06,9.004,19.509,70.533,0,0,1341532,478712,184868,5875504,8778.064,1694.785,0,0,0,0,2439,3387,2.340,1.630,0.910,1,0,288.133,0,0,10,32,6,27,0
13-02 22:44:07,21.271,5.255,73.571,0,0,1415424,404800,184868,5875524,8763.466,1621.566,0,0,0,0,1267,1583,2.340,1.630,0.910,1,0,57.055,0,0,10,32,6,26,0
13-02 22:44:08,23.212,2.496,73.880,0,0,1359372,460844,184868,5875528,6853.862,1617.372,0,15.974,0,0.998,955,1111,2.230,1.620,0.910,1,0,2.995,0,0,10,32,6,26,0
13-02 22:44:09,22.745,3.249,73.984,0,0,1440776,379448,184876,5875508,9795.933,1511.681,0,123.974,0,9.998,1186,1508,2.230,1.620,0.910,1,0,2.000,0,0,10,32,6,25,0
13-02 22:44:10,23.302,2.255,73.665,0,0,1387888,432292,184892,5875536,9086.326,1717.843,0,453.013,0,32.072,1071,1248,2.230,1.620,0.910,1,0,1.002,0,0,10,32,6,25,0
13-02 22:44:11,22.999,2.500,74.248,0,0,1454872,365316,184892,5875528,6760.777,1619.947,0,12.000,0,1.000,963,1167,2.230,1.620,0.910,1,0,2.000,0,0,10,32,6,23,0
13-02 22:44:12,23.004,2.500,73.761,0,0,1414216,405960,184892,5875540,9268.418,1620.248,0,0,0,0,933,1085,2.230,1.620,0.910,1,0,1.000,0,0,10,32,6,23,0
13-02 22:44:13,23.664,2.740,73.482,0,0,1442712,377484,184892,5875520,7094.163,1614.121,0,19.927,0,0.996,869,1094,2.130,1.610,0.910,2,0,1.993,0,0,10,32,6,19,0
13-02 22:44:14,21.785,3.506,73.619,0,0,1419688,400488,184892,5875540,9915.092,1622.634,0,0,0,0,956,1111,2.130,1.610,0.910,2,0,3.005,0,0,10,32,6,19,0
13-02 22:44:15,22.543,3.757,74.141,0,0,1377024,443148,184892,5875540,7534.323,1623.085,0,516.983,0,8.015,889,1114,2.130,1.610,0.910,2,0,2.004,0,0,10,32,6,16,0
13-02 22:44:16,23.441,2.993,73.566,0,0,1439796,380400,184892,5875516,10812.935,1508.225,0,3.990,0,0.998,986,1149,2.130,1.610,0.910,1,0,1.995,0,0,10,32,6,16,0
13-02 22:44:17,23.558,2.256,74.183,0,0,1382064,438108,184892,5875540,8774.673,1569.878,0,24.059,0,1.002,873,1019,2.130,1.610,0.910,1,0,1.002,0,0,10,32,6,15,0
13-02 22:44:18,23.198,3.243,73.335,0,0,1446916,373344,184892,5875452,5336.976,1690.192,0,87.802,0,0.998,878,1079,2.040,1.600,0.910,1,0,1.996,0,0,10,32,6,15,0
13-02 22:44:19,23.502,2.250,73.756,0,0,1402396,417768,184896,5875544,6235.474,1694.129,0,140.011,0,12.001,996,1412,2.040,1.600,0.910,1,0,1.000,0,0,10,32,6,15,0
13-02 22:44:20,23.000,3.000,73.001,0.500,0,1415908,404252,184896,5875548,11498.207,1620.029,0,2728.049,0,166.003,1129,1243,2.040,1.600,0.910,1,0,1.000,0,0,10,32,6,15,0
13-02 22:44:21,23.051,2.506,73.915,0,0,1371976,448172,184896,5875548,10720.865,1623.614,0,24.054,0,2.004,937,1062,2.040,1.600,0.910,1,0,3.007,0,0,10,32,6,14,0
13-02 22:44:22,22.249,2.500,74.248,0,0.250,1361176,458972,184896,5875548,8940.741,1619.953,0,23.999,0,2.000,894,1061,2.040,1.600,0.910,1,0,1.000,0,0,10,32,6,14,0
13-02 22:44:23,23.446,2.993,73.331,0,0,1431496,388664,184896,5875536,6811.334,1508.530,0,0,0,0,932,1143,2.040,1.600,0.910,1,0,1.995,0,0,10,32,6,13,0
13-02 22:44:24,17.771,10.012,71.586,0,0,1351188,468972,184896,5875536,10539.732,1664.010,0,164.198,0,23.028,1759,2263,1.960,1.580,0.910,1,0,156.189,0,0,10,32,6,13,0
13-02 22:44:25,9.509,20.268,69.313,0,0,1351364,468744,184896,5875588,8292.538,1567.425,0,252.229,0,10.009,2536,3628,1.960,1.580,0.910,1,0,305.277,0,0,10,32,6,12,0
13-02 22:44:26,22.704,2.994,73.850,0,0,1431036,389064,184896,5875596,7022.772,1690.575,0,0,0,0,907,1150,1.960,1.580,0.910,2,0,0,0,0,10,32,6,12,0
13-02 22:44:27,23.050,2.756,73.910,0,0,1368060,451752,184896,5875848,11252.429,1697.686,0,8.017,0,1.002,969,1102,1.960,1.580,0.910,3,0,9.020,0,0,10,32,6,11,0
13-02 22:44:28,24.198,1.746,73.843,0,0,1420476,399336,184896,5875848,7849.289,1616.558,0,3.992,0,0.998,922,1079,1.960,1.580,0.910,2,0,0,0,0,10,32,6,11,0
13-02 22:44:29,11.758,19.764,67.797,0,0.250,1338580,481136,184896,5875944,7256.021,1621.122,4.003,316.219,1.001,16.011,2837,4220,1.880,1.580,0.910,2,0,354.245,0,0,10,32,6,11,0
13-02 22:44:30,9.256,20.262,69.042,0.250,0,1344668,475028,184900,5875960,9448.716,1512.915,0,944.571,0,83.050,2736,3714,1.880,1.580,0.910,2,0,305.185,0,0,10,32,6,11,0
13-02 22:44:31,9.735,20.718,69.392,0,0,1346292,473368,184900,5875992,6827.397,1617.488,0,199.690,0,2.995,2519,3516,1.880,1.580,0.910,2,0,303.529,0,0,10,32,6,11,0
13-02 22:44:32,8.514,21.786,69.113,0,0,1348532,471108,184900,5876012,11079.103,1622.651,0,8.013,0,2.003,2582,3504,1.880,1.580,0.910,2,0,304.498,0,0,10,32,6,11,0
13-02 22:44:33,10.750,20.249,68.997,0,0,1350116,469504,184900,5876028,7125.672,1565.928,0,615.972,0,7.000,2520,3520,1.880,1.580,0.910,1,0,316.985,0,0,10,32,6,10,0
13-02 22:44:34,9.740,21.229,68.682,0,0,1344064,475512,184900,5876040,5098.942,1692.321,0,723.283,0,8.991,2458,3361,1.810,1.570,0.910,1,0,291.711,0,0,10,32,6,10,0
13-02 22:44:35,8.763,21.531,69.099,0,0,1344128,475424,184904,5876060,9243.209,1622.318,0,841.202,0,12.017,2498,3488,1.810,1.570,0.910,1,0,302.432,0,0,10,32,5,10,0
13-02 22:44:36,10.744,20.488,68.710,0,0,1344744,474780,184904,5876088,8953.816,1619.063,0,735.574,0,7.995,2548,3431,1.810,1.570,0.910,2,0,306.822,0,0,10,32,5,10,0
13-02 22:44:37,10.248,18.996,70.237,0,0,1346444,473064,184904,5876104,4892.095,1511.720,0,459.915,0,4.999,2430,3530,1.810,1.570,0.910,1,0,290.946,0,0,10,32,5,10,0
13-02 22:44:38,9.255,20.011,70.037,0,0,1347260,472232,184904,5876120,9151.814,1620.853,0,124.065,0,6.003,2488,3411,1.810,1.570,0.910,3,0,290.153,0,0,10,32,5,10,0
13-02 22:44:39,8.739,19.974,70.660,0,0,1345480,473992,184904,5876140,12928.452,1617.929,0,119.847,0,4.994,2494,3340,1.670,1.540,0.910,1,0,272.651,0,0,10,32,5,10,0
13-02 22:44:40,10.005,19.261,69.538,0.250,0,1348680,470592,184904,5876340,34333.781,1566.857,168.092,300.164,4.002,10.005,2739,3338,1.670,1.540,0.910,1,0,269.147,0,0,10,32,5,7,0
13-02 22:44:41,9.500,22.250,67.250,0,0,1350788,468476,184904,5876348,9031.009,1620.002,0,32.000,0,8.000,2529,3395,1.670,1.540,0.910,1,0,302.000,0,0,10,32,5,7,0
13-02 22:44:42,7.748,21.745,69.735,0,0,1343452,475676,184904,5876484,7918.353,1619.663,0,23.995,0,5.999,2442,3350,1.670,1.540,0.910,1,0,281.941,0,0,10,32,5,6,0
13-02 22:44:43,17.777,24.537,57.838,0.250,0,1367780,450296,184904,5877532,12284.685,1622.468,921.401,332.506,18.027,18.027,3402,5120,1.670,1.540,0.910,2,0,488.743,0,0,10,32,5,8,0
13-02 22:44:44,50.253,30.502,18.251,0,0,1485712,331888,184936,5877996,6474.388,1586.095,268.016,1504.090,11.001,68.004,3487,6931,1.690,1.550,0.910,5,0,792.048,0,0,10,32,5,9,0
13-02 22:44:45,77.501,17.500,4.500,0.750,0,1659828,145056,186240,5885700,12381.087,1694.012,236.002,8484.059,9.000,521.004,10986,7994,1.690,1.550,0.910,5,0,110.001,0,0,10,36,5,10,0
13-02 22:44:46,54.557,13.264,22.023,10.761,0,1599616,194456,186812,5895460,6408.710,1621.698,0,61516.408,0,4959.192,21653,38466,1.690,1.550,0.910,4,1,175.183,0,0,10,36,5,8,0
13-02 22:44:47,59.936,12.986,16.732,10.239,0,1655156,127872,187136,5906080,11339.957,1734.158,0,80550.455,0,6067.556,22159,40560,1.690,1.550,0.910,4,0,123.868,0,0,10,37,5,8,0
13-02 22:44:48,48.023,13.006,30.765,10.255,0,1601096,173704,187468,5913800,9997.749,1566.744,0,65106.926,0,5433.581,23302,40121,1.690,1.550,0.910,3,0,157.075,0,0,10,36,5,8,0
13-02 22:44:49,39.224,16.739,32.478,10.243,0,1556340,210556,187872,5921224,6466.719,1660.900,0,60332.060,0,4936.732,21688,35898,1.960,1.600,0.940,3,0,208.862,0,0,10,34,5,9,0
13-02 22:44:50,34.253,10.001,44.253,10.251,0,1557348,204576,188388,5925636,6152.480,1620.126,0,55472.327,0,4394.343,21006,37627,1.960,1.600,0.940,2,0,42.003,0,0,10,35,5,9,0
13-02 22:44:51,34.472,9.492,42.216,12.990,0,1539232,219416,188600,5928644,11091.038,1584.720,0,58524.712,0,4683.216,19645,33068,1.960,1.600,0.940,2,0,86.930,0,0,10,34,5,9,0
13-02 22:44:52,39.787,8.508,42.039,10.760,0,1556992,202084,188720,5928048,8290.644,1621.495,0,47736.013,0,4238.908,19715,34029,1.960,1.600,0.940,2,1,27.025,0,0,10,35,5,10,0
13-02 22:44:53,35.270,9.755,42.024,12.257,0,1517456,240044,188800,5929544,10126.701,1620.913,0,48255.168,0,4264.401,20064,34435,1.960,1.600,0.940,3,0,110.062,0,0,10,34,5,11,0
13-02 22:44:54,39.477,7.995,42.725,11.993,0,1557304,199340,188916,5930272,7902.322,1619.042,0,46968.195,0,3929.674,16680,31194,1.960,1.610,0.940,2,0,35.979,0,0,10,35,5,11,0
13-02 22:44:55,40.001,7.000,41.751,8.500,0,1494820,259564,188992,5932440,9333.317,1620.055,0,32109.092,0,3086.105,18296,32278,1.960,1.610,0.940,3,0,79.003,0,0,10,36,5,15,0
13-02 22:44:56,37.245,7.749,40.245,13.998,0,1554928,196060,189292,5935440,7374.005,1619.781,0,50561.174,0,4052.453,17199,29624,1.960,1.610,0.940,2,1,47.994,0,0,10,36,5,16,0
13-02 22:44:57,34.994,8.249,42.993,11.998,0,1555052,192824,189408,5938372,5414.139,1565.751,0,38789.832,0,3610.426,19651,35021,1.960,1.610,0.940,3,1,53.991,0,0,10,36,5,19,0
13-02 22:44:58,37.748,11.499,41.498,8.000,0,1535588,209224,189480,5941256,7009.607,1511.915,0,53293.016,0,4487.749,20473,36503,1.960,1.610,0.940,1,2,175.990,0,0,10,36,5,19,0
13-02 22:44:59,33.771,10.006,44.778,10.757,0,1495840,245776,189552,5944292,9196.849,1695.078,0,41218.215,0,3750.385,18402,31507,2.200,1.670,0.960,1,2,88.056,0,0,10,36,5,21,0
13-02 22:45:00,36.490,7.748,42.238,13.246,0,1561192,185324,189620,5939288,8526.578,1693.519,0,49389.973,0,4949.594,20177,36976,2.200,1.670,0.960,1,2,14.996,0,0,10,37,5,21,0
13-02 22:45:01,35.730,8.495,43.475,10.994,0,1537108,208728,189660,5939924,9982.340,1619.082,0,33185.184,0,2894.359,14405,23999,2.200,1.670,0.960,2,1,100.943,0,0,10,34,5,23,0
13-02 22:45:02,33.946,8.986,52.916,3.245,0,1445064,300424,189664,5940260,9372.117,1617.432,0,14900.338,0,922.535,5310,9864,2.200,1.670,0.960,1,0,211.664,0,0,10,32,5,23,0
13-02 22:45:03,21.040,5.009,73.389,0,0,1444308,301176,189664,5940264,9924.798,1623.074,0,877.662,0,50.095,1223,1619,2.200,1.670,0.960,1,0,43.082,0,0,10,32,5,23,0
13-02 22:45:04,18.003,9.752,71.511,0.750,0,1380356,365108,189664,5940284,9069.442,1620.258,0,2676.426,0,155.025,3656,5933,2.110,1.660,0.970,1,1,134.021,0,0,10,32,5,23,0
13-02 22:45:05,10.001,21.002,68.005,0,0,1379596,365820,189668,5940328,5225.413,1594.126,0,972.077,0,66.005,3361,5096,2.110,1.660,0.970,2,0,515.041,0,0,10,32,5,23,0
13-02 22:45:06,58.752,12.750,27.501,0.250,0,1553184,191568,189696,5940960,9206.304,1620.053,4.000,996.033,1.000,63.002,2731,3904,2.110,1.660,0.970,3,0,231.008,0,0,10,32,5,29,0
13-02 22:45:07,65.497,11.499,22.749,0.250,0.250,1739492,129508,189772,5819136,6973.630,1619.914,19.999,11179.407,3.000,311.983,2123,2019,2.110,1.660,0.970,4,0,0,0,0,10,32,5,29,0
13-02 22:45:08,46.738,8.248,34.241,7.748,0,1766200,128340,190008,5793768,5170.650,1693.558,1927.497,28396.588,177.954,2398.374,14272,22506,2.110,1.660,0.970,6,0,134.965,0,0,10,38,5,29,0
13-02 22:45:09,30.519,9.506,43.277,17.261,0,1767664,119848,190204,5800620,9658.133,1621.029,0,98766.717,0,7798.952,28077,51840,2.420,1.730,0.990,2,2,261.166,0,0,10,38,5,29,0
13-02 22:45:10,40.983,7.747,36.485,14.494,0,1768496,124484,190300,5795164,7514.904,1619.333,0,91282.392,0,7521.901,27116,56128,2.420,1.730,0.990,7,0,170.930,0,0,10,38,5,29,0
13-02 22:45:11,40.252,13.501,31.002,16.501,0,1688952,194416,190416,5804576,10416.562,1620.087,108.006,81016.375,10.001,6124.331,23182,40397,2.420,1.730,0.990,1,1,241.013,0,0,10,36,5,29,0
13-02 22:45:12,43.748,10.000,29.749,15.499,0,1762512,126132,190496,5799076,9626.519,1457.927,0,82963.852,0,6054.697,24024,39971,2.420,1.730,0.990,4,0,19.999,0,0,10,36,5,29,0
13-02 22:45:13,38.255,8.001,34.254,17.502,0,1654796,244076,190520,5788948,7347.933,1620.206,0,88603.253,0,6686.849,26647,44040,2.420,1.730,0.990,4,1,51.006,0,0,10,36,5,29,0
13-02 22:45:14,28.747,8.999,46.996,13.749,0,1658052,237568,190536,5792196,10068.114,1619.857,4.000,55463.119,1.000,4616.594,19133,34471,2.470,1.750,1,2,1,155.986,0,0,10,36,5,29,0
13-02 22:45:15,26.438,13.219,57.115,2.245,0,1397308,498212,190536,5792284,8567.780,1690.012,0,10519.175,0,661.439,3727,5337,2.470,1.750,1,1,0,210.503,0,0,10,32,5,29,0
13-02 22:45:16,21.051,5.263,72.926,0.501,0,1457732,437760,190536,5792312,6111.748,1623.919,0,2894.986,0,183.443,1691,2347,2.470,1.750,1,2,0,40.097,0,0,10,32,5,29,0
13-02 22:45:17,23.944,2.744,72.829,0.249,0,1512136,383356,190536,5792312,8892.121,1616.205,0,2957.057,0,183.569,1442,1969,2.470,1.750,1,1,0,1.995,0,0,10,36,5,29,0
13-02 22:45:18,22.001,4.000,73.254,0,0,1415680,479808,190536,5792316,8655.459,1620.086,0,360.019,0,56.003,1395,1752,2.470,1.750,1,1,0,27.001,0,0,10,32,5,29,0
13-02 22:45:19,23.254,2.750,74.012,0,0,1488004,407484,190536,5792316,10989.780,1512.245,0,36.006,0,5.001,983,1162,2.350,1.740,1,1,0,1.000,0,0,10,32,5,29,0
13-02 22:45:20,23.761,2.751,73.032,0.250,0,1395912,499568,190544,5792316,7446.314,1566.697,0,592.264,0,48.021,1256,1706,2.350,1.740,1,1,0,6.003,0,0,10,32,5,29,0
13-02 22:45:21,14.525,31.804,52.590,0,0,1408612,486808,190548,5792372,5289.023,1622.768,84.144,296.506,5.009,28.048,4529,7559,2.350,1.740,1,2,0,907.548,0,0,10,32,5,29,0
13-02 22:45:22,13.983,37.455,48.441,0,0,1406076,489236,190548,5792480,9935.987,1618.044,0,203.754,0,30.963,5006,8520,2.350,1.740,1,1,0,1103.666,0,0,10,32,5,29,0
13-02 22:45:23,8.505,14.009,77.300,0.500,0,1404500,490160,190580,5793084,8485.439,1621.039,652.418,532.341,16.010,92.059,2467,3303,2.350,1.740,1,1,0,197.126,0,0,11,12,5,29,20
13-02 22:45:24,9.505,18.509,70.286,0,0,1405556,488968,190580,5793208,11661.959,1620.828,0,24.012,0,5.003,2521,3586,2.240,1.720,1,2,0,289.148,0,0,11,12,5,29,20
13-02 22:45:25,12.997,19.495,65.733,0,0,1406764,487192,190608,5794044,6562.261,1585.580,431.886,27.993,40.989,6.998,3286,5236,2.240,1.720,1,3,0,222.941,0,0,11,12,5,29,20
13-02 22:45:26,25.726,18.233,56.197,0.250,0,1443288,450032,190624,5794288,10281.233,1692.392,43.958,0,1.998,0,3455,10603,2.240,1.720,1,2,0,257.755,0,0,13,12,5,29,20
13-02 22:45:27,9.755,21.011,69.038,0,0,1447416,445668,190624,5794456,5811.167,1620.883,0,20.011,0,5.003,2466,3658,2.240,1.720,1,2,0,279.152,0,0,13,12,5,29,20
13-02 22:45:28,16.762,14.760,65.045,0,0,1455644,437416,190624,5794504,5696.937,1641.134,0,320.221,0,6.004,5017,8397,2.240,1.720,1,3,0,162.112,0,0,13,12,5,29,20
13-02 22:45:29,18.743,22.741,58.727,0,0,1495528,397328,190624,5794688,7301.153,1619.368,3.998,39.984,1.000,4.998,3427,5637,2.380,1.760,1.020,1,0,421.835,0,0,15,12,5,29,20
13-02 22:45:30,13.994,18.743,66.723,0,0,1501968,390652,190624,5795064,9153.348,1619.354,0,583.767,0,34.986,4451,8039,2.380,1.760,1.020,3,0,204.918,0,0,15,12,5,29,20
13-02 22:45:31,40.319,17.530,41.572,0,0,1683824,208784,190660,5794860,4872.385,1622.793,0,681.172,0,8.014,3680,6127,2.380,1.760,1.020,15,0,133.229,0,0,17,12,5,29,20
13-02 22:45:32,88.838,10.980,0.250,0,0,1938884,131672,190684,5620844,9213.223,1583.117,0,115.789,0,3.993,2125,3267,2.380,1.760,1.020,9,0,45.916,0,0,17,12,5,29,20
13-02 22:45:33,19.264,18.514,59.794,0.500,0,1934860,159064,190684,5598116,5542.090,1695.251,0,2485.835,0,236.174,3158,4251,2.380,1.760,1.020,2,0,251.185,0,0,17,12,5,29,20
13-02 22:45:34,11.246,20.243,68.227,0,0,1937316,156560,190684,5598132,9278.864,1693.428,0,287.903,0,10.996,2671,3905,2.190,1.730,1.010,1,0,241.918,0,0,17,12,5,29,20
13-02 22:45:35,18.017,16.765,64.059,0,0,1935000,158684,190684,5598324,8005.333,1567.436,0,8.007,0,2.002,4466,11208,2.190,1.730,1.010,3,0,149.137,0,0,17,12,5,29,20
13-02 22:45:36,21.942,10.223,67.071,0.249,0,1979100,128476,190684,5584668,5106.397,1689.499,853.726,386.969,11.968,2.992,1873,3025,2.190,1.730,1.010,0,0,131.649,0,0,18,12,5,29,20
13-02 22:45:37,10.248,9.248,80.233,0,0,2003216,126032,190684,5563168,4857.951,1619.650,0,3.999,0,1.000,1665,2534,2.190,1.730,1.010,1,0,90.980,0,0,18,12,5,30,20
13-02 22:45:38,23.285,5.007,71.357,0,0,2053620,124324,190684,5515560,10696.971,1622.422,32.048,1354.022,2.003,129.193,2408,3634,2.190,1.730,1.010,1,0,0,0,0,18,19,5,31,10
13-02 22:45:39,16.744,11.496,69.473,0.250,0,1999892,177500,190684,5516112,7095.275,1511.420,283.891,339.869,2.999,34.987,2958,5371,2.100,1.720,1.010,1,0,185.929,0,0,18,18,5,35,0
13-02 22:45:40,10.263,20.776,68.836,0,0,2006076,171204,190684,5516192,9761.211,1770.215,0,444.556,0,31.039,3136,4743,2.100,1.720,1.010,1,0,292.366,0,0,18,18,5,35,0
13-02 22:45:41,9.748,20.996,68.986,0,0.250,2014472,162792,190684,5516208,6543.632,1619.661,0,407.915,0,10.998,2958,4319,2.100,1.720,1.010,1,0,285.940,0,0,18,18,5,35,0
13-02 22:45:42,12.002,19.254,68.263,0,0,2015320,161872,190684,5516232,20953.086,1620.316,0,100.020,0,11.002,3061,4495,2.100,1.720,1.010,4,0,284.055,0,0,18,18,5,35,0
13-02 22:45:43,24.252,16.501,56.504,0,0,2049328,127324,190692,5516944,9136.722,1566.124,328.026,592.047,3.000,9.001,6602,12109,2.100,1.720,1.010,2,0,220.017,0,0,18,19,5,35,0
13-02 22:45:44,46.750,5.000,47.750,0,0,2171416,129408,190696,5395292,5659.045,1620.013,0,36.000,0,3.000,1541,1969,2.090,1.730,1.020,2,0,0,0,0,18,19,5,35,0
13-02 22:45:45,45.395,6.236,46.891,0.249,0,2243436,121320,190744,5332672,8599.085,1508.506,91.787,4485.611,0.998,304.295,2691,3719,2.090,1.730,1.020,2,0,21.949,0,0,18,35,5,29,0
13-02 22:45:46,34.544,12.766,52.817,0,0.250,2272392,126532,190772,5299140,8237.495,1664.120,0,464.592,0,74.094,4634,11599,2.090,1.730,1.020,1,0,119.152,0,0,18,34,5,29,0
13-02 22:45:47,11.242,20.235,65.701,0.250,0,2277632,134708,190776,5286184,5315.046,1660.764,0,495.631,0,22.983,4025,6669,2.090,1.730,1.020,1,0,257.808,0,0,18,34,5,28,0
13-02 22:45:48,13.744,6.747,76.966,0,0,2285892,126540,190776,5285824,10889.198,1693.253,223.901,71.968,10.995,4.998,3425,5935,2.090,1.730,1.020,0,0,61.973,0,0,18,34,5,29,0
13-02 22:45:49,3.501,1.500,95.770,0.250,0,2285692,126540,190776,5286024,7251.523,1694.356,12.003,80.017,1.000,9.002,1138,1859,1.920,1.700,1.010,0,0,3.001,0,0,18,34,5,29,0
13-02 22:45:50,2.249,1.000,96.456,0,0,2285692,126540,190776,5286024,9856.476,1619.257,0,771.646,0,3.998,1108,1789,1.920,1.700,1.010,1,0,2.999,0,0,18,34,5,29,0
13-02 22:45:51,2.750,0.500,96.242,0,0,2285692,126540,190776,5286024,8092.328,1565.870,0,11.999,0,3.000,1137,1824,1.920,1.700,1.010,1,0,1.000,0,0,18,34,5,28,0
13-02 22:45:52,4.999,4.999,89.991,0,0,2238724,173508,190776,5286024,5757.413,1511.846,0,0,0,0,1593,2414,1.920,1.700,1.010,1,0,46.995,0,0,18,34,5,28,0
13-02 22:45:53,18.297,18.297,61.657,0,0,2238420,174604,190780,5285276,11324.822,1666.241,28.071,2746.991,5.013,131.334,5133,9709,1.920,1.700,1.010,1,2,239.610,0,0,18,34,5,26,0
13-02 22:45:54,9.734,18.471,70.138,0.250,0,2294760,118264,190780,5285280,11335.942,1617.423,15.975,4173.352,1.997,220.649,3369,5326,1.850,1.690,1.010,1,0,247.606,0,0,19,34,5,26,0
13-02 22:45:55,19.746,17.746,60.237,1.000,0,2283032,134048,190788,5281628,7639.358,1857.601,199.957,7826.317,27.994,588.873,7352,12349,1.850,1.690,1.010,1,0,200.957,0,0,19,50,5,22,0
13-02 22:45:56,6.497,8.496,82.963,0,0,2287468,129336,190788,5281476,10052.577,1693.255,231.898,227.900,11.995,11.995,2658,4055,1.850,1.690,1.010,0,0,152.933,0,0,19,50,5,22,0
13-02 22:45:57,13.261,16.763,69.805,0.250,0,2294912,136168,190776,5267384,9752.744,1621.287,0,1481.176,0,276.219,3978,5281,1.850,1.690,1.010,1,0,183.145,0,0,21,50,5,19,0
13-02 22:45:58,16.254,20.004,63.514,0.250,0,2293440,151172,190776,5254032,10646.385,1458.327,176.039,0,8.002,0,4600,10120,1.850,1.690,1.010,1,0,308.069,0,0,21,52,5,20,0
13-02 22:45:59,10.504,19.508,69.027,0,0,2302544,142292,190776,5253964,10779.269,1662.658,0,12.005,0,3.001,2889,4327,1.780,1.670,1.010,3,0,273.108,0,0,21,52,5,16,0
13-02 22:46:00,11.988,21.478,65.683,0,0,2307524,137288,190776,5254344,7213.678,1660.315,0,23.976,0,5.994,3942,6582,1.780,1.670,1.010,1,0,249.747,0,0,21,52,5,16,0
13-02 22:46:01,27.554,18.536,53.104,0,0,2324460,128424,190788,5245920,11717.862,1623.167,0,1903.714,0,270.528,5659,8647,1.780,1.670,1.010,3,0,417.815,0,0,21,52,5,14,0
13-02 22:46:02,29.744,24.495,45.491,0,0,2384552,124576,190848,5190872,8266.330,1619.673,0,283.943,0,4.999,4275,6938,1.780,1.670,1.010,2,0,717.855,0,0,21,52,5,14,0
13-02 22:46:03,33.011,27.509,38.762,0,0,2447920,163360,190876,5090596,5766.857,1620.522,36.012,52.017,3.001,13.004,3943,8563,1.780,1.670,1.010,2,0,459.148,0,0,21,56,5,16,0
13-02 22:46:04,48.996,17.749,32.247,0,0.250,2546720,131068,190880,5026084,9266.277,1693.868,4.000,4.000,1.000,1.000,3765,14028,1.800,1.680,1.020,5,0,244.981,0,0,21,56,5,16,0
13-02 22:46:05,55.003,25.001,19.751,0,0,2680524,131780,190900,4894956,6854.384,1642.092,0,32.002,0,8.000,5271,9813,1.800,1.680,1.020,4,0,462.026,0,0,21,56,5,16,0
13-02 22:46:06,66.759,20.753,11.252,0.250,0,2789696,128324,190976,4789040,8969.220,1620.220,8.001,9097.237,2.000,536.073,5923,8816,1.800,1.680,1.020,5,0,402.055,0,0,21,56,4,16,0
13-02 22:46:07,68.202,22.984,7.495,0.749,0.250,2992140,135428,191184,4580140,8077.346,1618.867,175.877,4460.877,40.971,350.754,7324,16293,1.800,1.680,1.020,4,1,294.794,0,0,21,60,4,16,0
13-02 22:46:08,66.528,21.759,6.503,2.751,0,3097876,122600,191188,4489052,4699.993,1620.687,4.002,28580.118,1.000,2178.924,13541,26770,1.800,1.680,1.020,5,0,426.181,0,0,21,62,4,10,0
13-02 22:46:09,65.496,22.249,10.749,0.750,0,3178560,131780,191304,4400032,12169.331,1619.911,4.000,8735.520,1.000,739.959,10586,20285,2.210,1.770,1.050,5,0,242.987,0,0,21,64,4,12,0
13-02 22:46:10,78.119,19.966,1.997,0,0,3269528,128004,191304,4313752,13241.727,1617.280,35.940,1174.025,4.992,64.891,4502,11897,2.210,1.770,1.050,5,0,326.451,0,0,21,68,4,16,0
13-02 22:46:11,55.330,26.539,16.774,0,0,3387212,124048,191308,4201928,9807.240,1622.356,0,19255.960,0,1443.095,11681,19915,2.210,1.770,1.050,3,0,528.768,0,0,21,79,4,19,0
13-02 22:46:12,36.508,18.754,43.759,0.250,0,3450980,138508,191308,4125620,7345.550,1458.308,0,848.179,0,45.009,6138,11610,2.210,1.770,1.050,2,0,192.041,0,0,21,81,4,19,0
13-02 22:46:13,53.931,14.663,29.575,0.249,0,3589468,125860,191320,4002840,12035.904,1610.487,23.859,9122.116,5.965,778.402,7808,11008,2.210,1.770,1.050,4,1,128.242,0,0,21,84,4,22,0
13-02 22:46:14,19.341,18.336,61.790,1.005,0,3640532,120392,191340,3957768,7722.209,1701.981,192.905,4577.464,11.052,277.300,4049,6301,2.200,1.770,1.050,1,0,210.989,0,0,21,87,4,23,0
13-02 22:46:15,10.245,18.491,70.215,0,0,3643168,135840,191340,3939716,7349.340,1783.112,0,131.934,0,11.994,2874,4380,2.200,1.770,1.050,1,0,253.874,0,0,21,87,4,23,0
13-02 22:46:16,10.509,20.017,70.309,0,0,3652700,126276,191340,3939748,7335.191,1621.368,0,40.034,0,4.003,2806,4098,2.200,1.770,1.050,1,0,256.216,0,0,21,87,4,23,0
13-02 22:46:17,11.741,19.236,68.449,0,0,3656540,128092,191340,3934092,10385.315,1692.747,31.976,111.917,1.999,8.993,3020,4645,2.200,1.770,1.050,2,0,288.786,0,0,21,87,4,23,2
13-02 22:46:18,11.015,18.776,68.846,0,0,3667648,118108,191340,3932988,8977.506,1622.260,8.011,136.190,2.003,10.014,2898,4389,2.200,1.770,1.050,2,0,259.361,0,0,21,87,4,24,2
13-02 22:46:19,10.721,20.694,67.567,0,0,3657728,132076,191340,3929316,9078.361,1454.054,0,127.654,0,11.968,4088,6756,2.020,1.740,1.050,4,0,249.323,0,0,21,87,4,24,2
13-02 22:46:20,24.071,19.307,55.413,0.251,0,3676676,130512,191340,3911652,8427.820,1624.785,96.284,96.284,6.018,6.018,4582,7847,2.020,1.740,1.050,3,0,227.670,0,0,21,89,4,24,2
13-02 22:46:21,30.502,24.001,44.252,0.500,0,3753512,134116,191344,3832012,9758.498,1694.086,572.029,320.016,31.002,31.002,3553,5662,2.020,1.740,1.050,3,0,401.020,0,0,21,97,4,24,2
13-02 22:46:22,27.704,17.721,53.411,0,0,3777608,127736,191356,3814644,22306.904,1617.310,0,5107.506,0,457.240,5995,11218,2.020,1.740,1.050,5,0,262.563,0,0,21,105,4,24,2
13-02 22:46:23,51.299,30.279,18.268,0.751,0,3925052,123748,191360,3672772,6707.446,1621.558,2094.012,9352.988,64.062,974.937,11799,20639,2.020,1.740,1.050,4,0,454.437,0,0,23,113,4,24,2
13-02 22:46:24,55.043,23.910,20.423,0.249,0,4035412,123304,191304,3564008,9627.780,1613.928,139.475,5519.237,31.880,557.901,5463,8750,2.020,1.750,1.050,7,0,417.430,0,0,23,121,4,24,2
13-02 22:46:25,49.461,24.605,24.605,0.251,0,4119860,124376,191268,3479544,7013.964,1554.641,92.395,7182.684,1.004,578.471,8751,17112,2.020,1.750,1.050,3,0,344.472,0,0,23,133,4,24,2
13-02 22:46:26,27.178,21.693,50.616,0,0,4170600,120740,191248,3433548,6353.183,1615.723,0,255.324,0,14.960,3306,5227,2.020,1.750,1.050,2,0,405.926,0,0,24,133,4,24,2
13-02 22:46:27,11.022,20.540,67.632,0.250,0,4175080,119612,191248,3430264,10037.634,1623.175,4.008,376.737,1.002,20.039,2893,4226,2.020,1.750,1.050,1,0,263.515,0,0,24,133,4,24,2
13-02 22:46:28,18.009,17.759,62.783,0,0,4183612,126796,191240,3415452,13057.803,1620.844,0,448.234,0,37.019,5334,9870,2.020,1.750,1.050,1,0,174.091,0,0,24,133,4,24,2
13-02 22:46:29,27.508,23.006,49.014,0,0,4239528,127168,191208,3359856,9751.691,1694.468,0,4.001,0,1.000,3446,5296,1.940,1.730,1.050,3,0,296.082,0,0,24,133,4,24,2
13-02 22:46:30,35.494,24.246,40.493,0,0,4327848,120400,191152,3279228,8690.497,1693.707,31.994,3683.363,5.999,447.923,5687,11030,1.940,1.730,1.050,7,0,388.933,0,0,24,143,4,25,2
13-02 22:46:31,28.750,21.500,47.000,0,0,4369696,125756,191112,3232324,6549.033,1512.008,116.001,576.003,12.000,28.000,4777,12829,1.940,1.730,1.050,2,0,243.001,0,0,24,145,4,25,2
13-02 22:46:32,31.221,24.727,43.710,0.749,0,4427180,127276,191080,3173996,11279.645,1564.564,43.960,4316.038,1.998,413.620,4337,6552,1.940,1.730,1.050,4,0,477.562,0,0,24,151,4,25,2
13-02 22:46:33,30.997,24.998,41.747,0.500,0,4502080,129812,191012,3099136,9819.185,1619.866,223.981,1723.857,28.998,129.989,9323,18341,1.940,1.730,1.050,1,0,448.963,0,0,24,165,4,25,2
13-02 22:46:34,12.003,19.004,67.515,0,0,4503988,127772,191012,3099268,6120.395,1620.369,0,16.004,0,4.001,3077,4774,1.940,1.740,1.060,1,0,261.060,0,0,24,165,4,25,2
13-02 22:46:35,16.977,18.225,63.663,0,0,4507152,127516,191012,3096524,9348.212,1659.729,0,511.301,0,44.939,5155,8673,1.940,1.740,1.060,1,0,227.689,0,0,24,181,4,25,2
13-02 22:46:36,34.075,14.532,49.859,0,0,4581680,127164,191012,3024232,8927.587,1623.562,64.141,328.721,9.020,23.051,4080,6392,1.940,1.740,1.060,3,0,146.321,0,0,24,181,4,25,2
13-02 22:46:37,46.750,7.500,44.250,0.750,0,4694052,124672,191012,2917360,9516,1620,484,5644,28,527,2894,2531,1.940,1.740,1.060,2,0,2,0,0,24,183,4,25,2
13-02 22:46:38,33.995,11.998,53.742,0,0,4635284,235420,191012,2867368,10871.445,1531.781,303.957,567.919,26.996,41.994,3007,5098,1.940,1.740,1.060,3,0,170.976,0,0,24,191,4,24,2
13-02 22:46:39,41.499,25.000,33.749,0.500,0,4719476,149360,191020,2869196,6782.891,1619.974,179.997,467.993,21.000,32.999,5945,13420,2.190,1.790,1.080,6,0,600.990,0,0,24,191,4,24,2
13-02 22:46:40,42.994,18.997,36.495,0.250,0,4723084,140596,191024,2874512,9344.710,1619.776,3239.553,571.921,66.991,33.995,7278,16581,2.190,1.790,1.080,11,0,241.967,0,0,24,201,4,19,2
13-02 22:46:41,69.966,19.990,4.998,3.748,0,4869572,167380,190976,2707052,8363.960,1619.218,55721.087,6932.652,614.703,548.735,4743,6907,2.190,1.790,1.080,4,1,136.934,0,0,24,202,4,20,2
13-02 22:46:42,69.298,15.010,5.254,8.006,0.250,4917208,216612,190952,2614428,9355.540,1621.133,43694.542,2129.489,903.632,149.104,6471,10900,2.190,1.790,1.080,4,0,45.031,0,0,24,208,4,20,2
13-02 22:46:43,56.494,21.748,17.748,4.250,0,4941792,148932,190908,2658076,10345.945,1661.830,54062.486,663.932,549.944,42.996,6576,13012,2.190,1.790,1.080,3,1,377.961,0,0,24,213,4,25,2
13-02 22:46:44,43.006,25.253,27.504,3.000,0,4955332,131416,190920,2663188,6909.891,1620.209,38973.028,796.103,394.051,56.007,7559,16152,2.490,1.860,1.110,3,0,352.045,0,0,24,211,4,25,2
13-02 22:46:45,54.994,25.997,16.248,2.000,0,5029772,128796,190196,2595008,9183.953,1531.825,38603.599,703.920,401.954,49.994,6635,13270,2.490,1.860,1.110,5,0,450.949,0,0,24,211,4,25,2
13-02 22:46:46,62.456,20.819,12.392,2.478,0,5046492,123720,189228,2585704,8749.798,1606.013,40225.675,21437.303,427.279,651.328,7365,12315,2.490,1.860,1.110,6,0,281.548,0,0,24,217,4,25,2
13-02 22:46:47,59.775,29.761,10.341,0.252,0,5043772,183684,188172,2529944,4731.557,1634.355,14806.041,1852.268,178.568,116.019,15939,34097,2.490,1.860,1.110,3,0,358.146,0,0,24,219,4,29,2
13-02 22:46:48,55.153,23.602,19.627,0.497,0,5151952,123632,187788,2484552,9528.078,1651.613,254.400,13149.304,17.888,752.269,9588,15334,2.490,1.860,1.110,22,0,372.656,0,0,24,222,4,31,2
13-02 22:46:49,59.601,17.352,22.382,0,0,5204600,131880,186616,2426388,9130.835,1629.608,185.091,1384.161,22.130,103.611,5265,10915,3.010,1.980,1.150,6,0,187.103,0,0,24,225,4,33,2
13-02 22:46:50,64.511,13.002,21.254,0.250,0,5320092,132516,184456,2315908,9350.543,1620.267,864.143,1988.328,61.010,132.022,5764,10950,3.010,1.980,1.150,3,0,2.000,0,0,24,232,4,36,2
13-02 22:46:51,61.006,10.001,27.253,0.750,0,5315028,180164,183544,2275324,57204.778,18620.881,536.054,1160.117,34.003,102.010,5287,10106,3.010,1.980,1.150,3,0,37.004,0,0,24,240,4,40,2
13-02 22:46:52,34.002,20.751,44.003,0.250,0,5293592,201492,183560,2275416,9853.601,1458.089,8.000,616.038,2.000,44.003,5090,9263,3.010,1.980,1.150,2,0,391.024,0,0,24,240,4,42,2
13-02 22:46:53,40.970,23.447,34.800,0,0,5342680,151852,183592,2276252,56927.304,1599.303,189.547,833.217,10.859,61.208,5179,11842,3.010,1.980,1.150,4,0,353.426,0,0,24,246,4,43,2
13-02 22:46:54,56.243,17.576,25.611,0.502,0,5374968,127204,183424,2268792,6543.241,1627.022,188.815,2093.034,14.061,218.945,6432,16331,2.930,1.980,1.150,3,0,204.884,0,0,25,247,4,45,2
13-02 22:46:55,63.765,11.342,22.431,1.512,0,5439440,182052,182140,2153536,6942.106,1707.802,1669.493,10323.434,138.116,931.529,5836,8175,2.930,1.980,1.150,3,0,9.073,0,0,25,248,4,46,2
13-02 22:46:56,61.249,13.250,24.000,0.750,0,5542960,126860,181184,2107972,11282.774,1693.966,619.988,1183.976,41.999,85.998,4975,13257,2.930,1.980,1.150,2,0,108.998,0,0,25,249,4,47,2
13-02 22:46:57,27.723,8.742,63.938,0.250,0,5522104,147364,181216,2108376,111815.210,6330.897,47.954,611.411,4.995,42.959,3403,5929,2.930,1.980,1.150,3,0,110.893,0,0,25,250,4,47,3
13-02 22:46:58,39.303,15.020,45.811,0.501,0,5568012,130036,180160,2081824,21910232.070,119021.012,2359.152,664.888,51.068,53.071,9802,14493,2.930,1.980,1.150,2,0,293.392,0,0,25,251,4,48,0
13-02 22:46:59,26.495,6.749,64.988,0.250,0,5553944,147708,180080,2078540,9119.295,1511.717,0,435.918,0,28.995,2515,3814,2.860,1.980,1.160,2,0,37.993,0,0,25,254,4,47,0
13-02 22:47:00,26.742,2.999,68.981,0.250,0,5555136,146476,180096,2078568,9576.299,1565.559,0,583.835,0,48.986,3899,7396,2.860,1.980,1.160,1,0,0,0,0,25,259,4,49,0
13-02 22:47:01,27.972,4.495,66.183,0.749,0,5569560,131360,180156,2079200,6683.197,1660.310,515.475,903.081,29.969,88.909,4409,8779,2.860,1.980,1.160,1,0,5.994,0,0,25,272,4,51,0
13-02 22:47:02,26.029,5.506,66.824,1.502,0,5589684,125672,179740,2065900,6321.954,1737.912,48.053,7984.783,9.010,792.872,5324,9693,2.860,1.980,1.160,4,0,1.001,0,0,25,276,4,57,0
13-02 22:47:03,21.235,16.489,59.459,0.999,0,5543304,206156,178256,2036272,9078.690,1618.875,119.917,30842.564,9.993,220.847,5827,9865,2.860,1.980,1.160,1,0,258.820,0,0,25,275,4,59,0
13-02 22:47:04,15.482,15.732,66.674,1.249,0,5562052,183884,178464,2039508,8469.370,1618.160,3312.234,3587.921,143.836,35.959,3432,5302,2.790,1.980,1.160,3,1,157.821,0,0,25,275,4,59,0
13-02 22:47:05,18.249,10.749,69.496,0.750,0,5535468,206136,178600,2043468,6215.677,1713.911,1167.939,5615.708,67.996,49.997,7790,15271,2.790,1.980,1.160,2,1,16.999,0,0,25,275,4,59,0
13-02 22:47:06,4.248,1.499,94.446,0.250,0.250,5535364,206188,178600,2043520,11335.471,1511.130,79.954,1019.413,6.996,70.959,1700,2949,2.790,1.980,1.160,0,0,0,0,0,25,275,4,59,0
13-02 22:47:07,4.249,1.500,95.233,0,0,5535284,206188,178600,2043600,6557.813,1565.717,0,31.994,0,3.999,1304,2298,2.790,1.980,1.160,2,0,0,0,0,25,275,4,59,0
13-02 22:47:08,5.748,1.499,90.965,1.000,0.250,5535356,206188,178624,2043600,9325.391,1619.373,3.998,21279.765,1.000,577.776,2391,3213,2.790,1.980,1.160,1,0,1.000,0,0,25,277,4,59,0
13-02 22:47:09,3.250,1.750,94.013,0.250,0,5535560,205964,178640,2043604,9485.299,1620.222,0,220.030,0,22.003,1557,2641,2.570,1.950,1.160,0,0,1.000,0,0,25,277,4,59,0
13-02 22:47:10,4.249,1.000,94.229,0,0,5535620,205900,178656,2043592,6218.626,1693.626,0,219.951,0,21.995,1557,2787,2.570,1.950,1.160,0,0,1.000,0,0,25,277,4,59,0
13-02 22:47:11,3.753,1.751,93.817,0.500,0,5535812,205676,178668,2043612,9675.909,1621.158,0,232.166,0,21.015,1646,2756,2.570,1.950,1.160,0,0,1.001,0,0,25,279,4,50,0
13-02 22:47:12,4.999,1.250,93.487,0,0,5535788,205676,178668,2043636,8036.851,1619.768,15.998,431.938,1.000,41.994,1786,2988,2.570,1.950,1.160,3,0,0,0,0,25,279,4,50,0
13-02 22:47:13,3.748,1.000,93.205,0.250,0,5535784,205676,178668,2043640,10427.942,1511.267,0,143.930,0,18.991,1565,2646,2.570,1.950,1.160,0,0,1.999,0,0,25,283,4,47,0
13-02 22:47:14,4.751,2.000,93.273,0,0,5535948,205424,178668,2043728,24513.981,1620.395,16.004,272.066,4.001,33.008,1705,2757,2.440,1.930,1.160,2,0,20.005,0,0,25,285,4,48,0
13-02 22:47:15,4.253,1.751,93.826,0.250,0,5519956,220984,178904,2043928,19632.824,118025.128,688.555,4.003,19.015,1.001,1606,2438,2.440,1.930,1.160,2,0,1.001,0,0,25,285,4,47,0
13-02 22:47:16,3.250,1.000,94.512,0,0,5519792,220984,178904,2044092,12363.508,1620.198,0,0,0,0,1346,2277,2.440,1.930,1.160,1,0,0,0,0,25,285,4,47,0
13-02 22:47:17,3.999,1.500,95.220,0,0,5519792,220984,178904,2044092,10015.825,1619.487,0,0,0,0,1343,2280,2.440,1.930,1.160,0,0,0,0,0,25,285,4,47,0
13-02 22:47:18,5.504,2.752,92.073,0.751,0,5519696,220984,178916,2044176,5233.176,1621.294,4.003,612.489,1.001,55.044,1886,3183,2.440,1.930,1.160,0,0,2.002,0,0,25,289,4,48,0
13-02 22:47:19,3.999,1.000,94.720,0,0,5519700,220984,178916,2044172,10156.790,1693.465,0,195.938,0,18.994,1570,2550,2.240,1.900,1.150,0,0,0,0,0,25,289,4,47,0
13-02 22:47:20,5.486,1.745,92.760,0.249,0,5522400,218212,178916,2044244,6951.987,1508.093,47.876,127.669,2.992,14.961,1537,2676,2.240,1.900,1.150,2,0,1.995,0,0,25,291,4,47,0
13-02 22:47:21,6.016,2.005,91.240,0,0,5528244,212188,178916,2044424,11904.368,1624.280,4.011,208.550,1.003,15.040,1752,2727,2.240,1.900,1.150,1,0,1.003,0,0,25,291,4,48,0
13-02 22:47:22,2.999,1.000,94.722,0,0,5528236,212188,178920,2044428,9279.281,1565.541,0,391.885,0,27.992,1647,2854,2.240,1.900,1.150,0,0,0,0,0,25,291,4,48,0
13-02 22:47:23,3.253,1.502,93.844,1.001,0,5528680,211740,178924,2044428,9699.709,1621.623,0,6910.918,0,670.671,2090,2518,2.240,1.900,1.150,2,0,0,0,0,25,291,4,48,0
13-02 22:47:24,4.000,1.250,94.496,0.250,0,5528668,211740,178932,2044432,8236.671,1661.934,0,227.991,0,20.999,1511,2634,2.060,1.870,1.140,0,0,1.000,0,0,25,291,4,48,0
13-02 22:47:25,4.248,1.250,93.967,0,0,5528648,211740,178952,2044432,11680.853,1619.425,0,235.916,0,21.992,1654,2997,2.060,1.870,1.140,1,0,1.999,0,0,25,291,4,48,0
13-02 22:47:26,4.251,0.750,94.513,0.250,0,5528636,211740,178956,2044440,6396.876,1586.217,0,128.018,0,11.002,1484,2644,2.060,1.870,1.140,0,0,0,0,0,25,291,4,48,0
13-02 22:47:27,3.998,1.000,94.454,0,0,5528636,211740,178960,2044436,10746.809,1619.218,0,55.973,0,5.997,1535,2596,2.060,1.870,1.140,0,0,0,0,0,25,291,4,48,0
13-02 22:47:28,4.247,0.749,93.678,0,0,5528620,211740,178972,2044440,7869.940,1618.754,0,243.812,0,22.982,1607,2762,2.060,1.870,1.140,0,0,0,0,0,25,291,4,48,0
13-02 22:47:29,3.252,1.501,94.550,0.250,0,5528620,211740,178976,2044436,9793.132,1566.821,0,296.155,0,18.009,1520,2627,1.900,1.840,1.140,2,0,0,0,0,25,291,4,48,0
13-02 22:47:30,4.244,1.498,93.116,0.499,0,5528600,211740,178996,2044436,7876.650,1617.669,0,1557.755,0,91.868,1625,2853,1.900,1.840,1.140,2,2,0.999,0,0,25,293,4,48,0
13-02 22:47:31,4.256,1.252,94.626,0,0,5528812,211516,178996,2044448,9222.256,1692.249,0,404.538,0,26.035,1496,2566,1.900,1.840,1.140,1,0,0,0,0,25,293,4,48,0
13-02 22:47:32,4.245,1.498,94.385,0,0.250,5528812,211516,178996,2044448,7454.912,1618.028,0,335.591,0,23.971,1545,2804,1.900,1.840,1.140,2,0,0,0,0,25,293,4,47,0
13-02 22:47:33,6.253,1.251,91.545,0.500,0,5531864,208440,178996,2044472,5055.508,1512.750,12.006,676.335,3.001,36.018,1579,2768,1.900,1.840,1.140,0,0,0,0,0,25,293,4,47,0
13-02 22:47:34,3.505,1.252,94.646,0,0,5532036,208268,178996,2044472,6241.618,1622.500,0,96.148,0,6.009,1499,2602,1.750,1.810,1.130,2,0,0,0,0,25,293,4,47,0
13-02 22:47:35,6.250,1.250,92.755,0,0,5532284,208016,178996,2044476,17339.850,1620.079,0,52.003,0,6.000,1661,2743,1.750,1.810,1.130,1,0,1.000,0,0,25,293,4,47,0
13-02 22:47:36,3.999,2.249,92.225,1.000,0,5531372,208016,178996,2045388,9928.339,1619.566,487.869,0,9.997,0,1656,2737,1.750,1.810,1.130,0,0,0,0,0,25,293,3,47,0
13-02 22:47:37,4.497,0.999,95.195,0,0,5531228,208016,178996,2045532,10787.711,1565.088,0,0,0,0,1410,2440,1.750,1.810,1.130,3,0,0,0,0,25,293,3,47,0
13-02 22:47:38,6.018,1.755,90.765,0.251,0,5531480,207764,178996,2045532,9191.822,1624.741,0,641.873,0,72.211,2719,4844,1.750,1.810,1.130,2,0,0,0,0,25,293,3,47,0
13-02 22:47:39,6.226,2.740,90.158,0.249,0,5532872,206252,178996,2045652,9726.060,1548.120,0,207.213,0,23.909,2521,4444,1.690,1.790,1.130,2,0,1.992,0,0,25,293,3,47,0
13-02 22:47:40,7.755,2.502,90.308,0,0,5532872,206252,179008,2045640,8943.706,1621.034,0,288.184,0,32.020,2142,3620,1.690,1.790,1.130,2,0,1.001,0,0,25,293,3,47,0
13-02 22:47:41,3.500,0.500,94.502,0.250,0,5532844,206252,179008,2045668,5402.130,1620.039,0,108.003,0,8.000,1444,2551,1.690,1.790,1.130,0,0,0,0,0,25,293,3,47,0
13-02 22:47:42,3.745,1.748,93.885,0,0,5532716,206252,179012,2045792,8945.007,1618.011,119.853,319.607,6.991,20.974,1708,2967,1.690,1.790,1.130,3,0,0,0,0,25,293,3,46,0
13-02 22:47:43,3.756,2.254,94.413,0,0,5532712,206252,179012,2045796,10510.109,1622.796,0,316.545,0,26.045,1483,2542,1.690,1.790,1.130,1,0,0,0,0,25,293,3,46,0
13-02 22:47:44,4.998,1.500,94.469,0,0,5532712,206252,179012,2045796,4722.446,1639.461,0,3.999,0,1.000,1452,2497,1.550,1.760,1.120,0,0,0,0,0,25,293,3,42,0
13-02 22:47:45,2.750,1.250,94.749,0,0,5532708,206252,179012,2045800,8243.942,775.995,0,71.999,0,5.000,1354,2469,1.550,1.760,1.120,0,0,1.000,0,0,25,293,3,42,0
13-02 22:47:46,11.000,2.250,87.249,0.250,0,5544016,194660,179032,2046064,228230.631,3931.976,367.998,0,11.000,0,1728,2626,1.550,1.760,1.120,1,0,8.000,0,0,25,293,3,42,0
13-02 22:47:47,10.996,5.498,82.718,0.250,0,5553548,184728,179160,2046336,351753.926,10248.065,259.900,3.998,12.995,1.000,2109,3038,1.550,1.760,1.120,2,0,37.985,0,0,25,293,3,42,0
