"pcp-dstat 5.3.6 CSV Output"
"Author:","PCP team <pcp@groups.io> and Dag Wieers <dag@wieers.com>",,,,"URL:","https://pcp.io/ and http://dag.wieers.com/home-made/dstat/"
"Host:","ubuntu",,,,"User:","ubuntu"
"Cmdline:","dstat -tcmndrylpg --tcp --output /tmp/devstack_logs/dstat-csv.log",,,,"Date:","22 Aug 2025 20:15:38 UTC"
"system","total usage",,,,,"memory usage",,,,"net/total",,"dsk/total",,"io/total",,"system",,"load avg",,,"procs",,,"paging",,"tcp sockets",,,,
"time","total usage:usr","total usage:sys","total usage:idl","total usage:wai","total usage:stl","used","free","buf","cach","net/total:recv","net/total:send","dsk/total:read","dsk/total:writ","read","writ","int","csw","1m","5m","15m","run","blk","new","in","out","lis","act","syn","tim","clo"
22-08 20:15:38,,979176,524400,177220,6082348,,,,,,,1.370,0.960,0.590,1,1,,,,9,5,6,11,1
22-08 20:15:39,24.981,20.735,53.960,0.500,0,1008740,494264,177232,6082672,44748.796,11977.113,0,1802.662,0,111.917,4232,6685,1.370,0.960,0.590,2,0,613.545,0,0,9,5,6,11,1
22-08 20:15:40,26.785,17.523,54.571,0.250,0,1019220,483388,177256,6083048,70118.294,15795.566,0,2038.654,0,69.090,4679,7792,1.370,0.960,0.590,1,0,377.491,0,0,9,4,6,10,2
22-08 20:15:41,22.688,11.718,63.328,0.748,0,1149696,339404,177268,6220624,412544.878,17098.492,0,2030.477,0,58.840,5655,8921,1.420,0.980,0.600,0,1,76.791,0,0,10,4,6,10,2
22-08 20:15:42,28.820,8.771,61.650,0.752,0,1162104,303804,177768,6240440,71023.231,2731.624,0,2882.991,0,98.238,2222,2701,1.420,0.980,0.600,2,0,97.236,0,0,10,6,6,10,2
22-08 20:15:43,38.748,10.499,48.748,0.750,0,1209052,233112,178424,6261252,35223.239,1693.915,79.996,4615.769,1.000,189.991,3084,3875,1.420,0.980,0.600,2,0,189.991,0,0,10,6,6,12,2
22-08 20:15:44,42.675,5.989,49.163,1.497,0,1263812,149976,179840,6284560,25497.920,1603.166,0,5538.208,0,159.718,2143,2416,1.420,0.980,0.600,2,0,0,0,0,10,6,6,12,2
22-08 20:15:45,33.075,6.765,49.362,9.271,0,1261092,146632,181116,6287440,35327.122,4367.906,0,35865.343,0,2627.960,13843,23048,1.420,0.980,0.600,2,0,52.118,0,0,10,6,6,12,0
22-08 20:15:46,40.245,8.999,43.744,6.999,0,1156248,248944,181424,6289588,29491.284,1511.810,23.997,31775.996,3.000,2288.712,10214,16855,1.310,0.960,0.590,2,0,101.987,0,0,10,4,6,12,0
22-08 20:15:47,42.240,4.249,53.238,0.250,0,1221664,175876,181728,6295868,19435.491,3830.111,31.993,2499.420,7.998,66.984,1470,1387,1.310,0.960,0.590,2,0,3.999,0,0,10,4,6,12,0
22-08 20:15:48,39.749,6.500,52.998,0.500,0.250,1185768,210316,181796,6297184,33315.901,4476.852,0,7319.758,0,382.987,2458,2831,1.310,0.960,0.590,2,0,15.000,0,0,10,5,6,12,0
22-08 20:15:49,44.247,8.749,45.746,0,0,1199188,189620,182428,6302316,20094.413,1631.871,0,4643.633,0,130.990,9034,17176,1.310,0.960,0.590,2,0,14.999,0,0,10,4,6,12,0
22-08 20:15:50,33.716,20.729,43.956,0,0,1137588,250984,182512,6302424,22452.301,1498.485,35.964,747.245,3.996,53.945,10790,20199,1.310,0.960,0.590,2,0,415.580,0,0,10,4,6,12,0
22-08 20:15:51,37.049,24.532,38.551,0,0.250,1095780,306492,182520,6290180,31507.590,1459.927,124.164,32807.306,4.005,100.132,5198,10204,1.520,1.010,0.610,2,0,401.530,0,0,10,4,6,13,0
22-08 20:15:52,51.136,13.969,32.677,0,0,1167712,234452,182528,6290872,34103.710,1690.219,263.411,3.991,5.987,0.998,3453,5430,1.520,1.010,0.610,2,0,217.513,0,0,10,5,6,12,0
22-08 20:15:53,47.759,3.501,49.009,0,0,1231480,170192,182552,6291340,31446.849,1736.323,0,188.035,0,1.000,1430,1081,1.520,1.010,0.610,2,0,0,0,0,10,5,6,12,0
22-08 20:15:54,28.997,9.999,60.245,0,0,1260912,137972,182644,6294008,30094.382,1499.870,0,399.965,0,43.996,3174,6572,1.520,1.010,0.610,2,0,117.990,0,0,10,4,6,13,0
22-08 20:15:55,0.500,1.500,97.718,0.250,0,1261120,137732,182644,6294040,30586.029,1619.472,0,3626.818,0,119.961,1052,938,1.520,1.010,0.610,1,0,0,0,0,10,4,6,13,0
22-08 20:15:56,19.504,5.501,72.264,0.750,0,1297952,128684,181204,6268312,21841.172,1620.309,60.011,44756.549,4.001,552.105,2768,2578,1.480,1.010,0.620,4,0,21.004,0,0,10,4,6,13,0
22-08 20:15:57,24.248,1.500,73.243,0,0,1337364,119616,179880,6239436,18866.151,1619.841,207.980,279.973,15.998,5.999,1076,1167,1.480,1.010,0.620,1,0,0,0,0,10,6,6,13,0
22-08 20:15:58,21.055,5.514,70.683,2.256,0,1254672,221416,179636,6220588,28018.596,1624.208,2189.673,3641.435,43.112,325.844,3807,5861,1.480,1.010,0.620,1,0,43.112,0,0,10,4,6,15,0
22-08 20:15:59,23.448,1.996,73.586,0,0,1313392,162000,179888,6221036,8848.233,1690.224,534.805,870.056,20.953,14.967,1145,1471,1.480,1.010,0.620,2,0,1.996,0,0,10,11,6,15,0
22-08 20:16:00,21.044,4.509,72.149,1.253,0,1279316,195332,180284,6221384,20875.233,1515.138,649.345,1442.988,73.151,42.087,2203,3257,1.480,1.010,0.620,3,0,45.093,0,0,10,28,6,15,0
22-08 20:16:01,22.751,5.750,70.754,0,0,1338080,136224,180284,6221384,28726.465,1620.083,0,100141.107,0,261.013,2246,2410,1.440,1.010,0.620,2,0,0,0,0,10,28,6,15,0
22-08 20:16:02,36.496,10.249,53.744,0,0,1381288,125968,179944,6189184,29689.823,1565.832,139.985,2015.784,9.999,13.999,2104,2376,1.440,1.010,0.620,3,0,155.983,0,0,10,28,6,15,0
22-08 20:16:03,42.187,8.986,46.680,0.499,0,1301036,241172,179756,6155120,29060.264,1617.566,27.958,4684.949,4.992,400.397,5517,9553,1.440,1.010,0.620,3,0,84.872,0,0,10,28,6,17,0
22-08 20:16:04,70.362,23.537,6.260,0.250,0,1508404,130588,178276,6061192,13788.869,1664.640,1266.008,48.076,118.187,12.019,2760,4412,1.440,1.010,0.620,6,0,440.699,0,0,10,28,6,17,0
22-08 20:16:05,81.628,12.902,5.210,0,0.248,1643836,132948,175296,5929460,22078.869,1607.757,1286.206,4124.591,140.927,631.193,6472,11192,1.440,1.010,0.620,7,0,53.592,0,0,10,29,6,17,0
22-08 20:16:06,56.478,11.798,30.373,0,0.251,1358544,418364,175304,5929344,29476.910,1518.124,4.016,357.442,1.004,30.122,3441,6241,1.810,1.090,0.650,1,1,251.013,0,0,10,29,6,18,0
22-08 20:16:07,19.238,7.745,71.705,0.250,0,1338232,438504,175452,5929368,31757.057,1565.017,135.915,507.681,4.997,28.982,1901,2317,1.810,1.090,0.650,1,0,59.962,0,0,10,28,6,18,0
22-08 20:16:08,20.274,6.257,72.335,0,0,1292388,484324,175456,5929388,28578.437,1621.898,0,200.234,0,20.023,2439,3692,1.810,1.090,0.650,1,0,68.080,0,0,10,28,6,19,0
22-08 20:16:09,23.244,3.249,72.732,0,0,1357716,418976,175460,5929404,29597.571,1767.556,3.999,111.972,1.000,5.998,1382,1639,1.810,1.090,0.650,1,0,1.000,0,0,10,28,6,20,0
22-08 20:16:10,15.025,13.022,69.867,0.751,0,1292892,483560,175488,5929616,25427.617,1588.663,196.329,1402.350,6.010,101.170,3274,4590,1.810,1.090,0.650,1,0,181.304,0,0,10,28,6,20,0
22-08 20:16:11,7.743,21.979,68.434,0,0,1298540,477772,175488,5929756,15478.033,1564.487,79.923,11.988,0.999,2.997,2631,3360,1.820,1.110,0.650,1,0,317.693,0,0,10,28,6,20,0
22-08 20:16:12,56.389,28.320,15.789,0,0,1482584,293604,175492,5929876,28037.945,1698.176,0,192.473,0,22.054,2972,4426,1.820,1.110,0.650,5,0,538.324,0,0,10,28,6,20,0
22-08 20:16:13,84.242,11.714,3.988,0,0.249,1563016,211708,175496,5931336,20680.614,1507.380,1399.710,259.206,22.930,20.936,4196,8641,1.820,1.110,0.650,7,0,23.927,0,0,10,30,6,21,0
22-08 20:16:14,83.193,13.030,4.009,0.251,0,1499288,275032,175520,5931716,32142.442,1611.733,0,493.142,0,60.139,5688,12011,1.820,1.110,0.650,5,0,104.241,0,0,10,28,6,21,0
22-08 20:16:15,82.821,14.262,3.003,0.250,0,1599160,174888,175524,5931984,24918.480,1621.398,0,204.176,0,13.011,4252,8256,1.820,1.110,0.650,6,0,190.164,0,0,10,29,6,21,0
22-08 20:16:16,77.574,13.968,7.982,0,0,1433736,339996,175524,5932300,17992.068,1624.305,0,203.537,0,12.970,3539,9809,2.080,1.170,0.680,3,0,199.546,0,0,10,29,6,22,1
22-08 20:16:17,42.699,8.490,47.693,0,0,1349832,423856,175528,5932340,35645.546,1638.049,0,411.510,0,34.958,3374,6518,2.080,1.170,0.680,2,0,97.883,0,0,10,28,6,26,0
22-08 20:16:18,45.524,5.503,48.025,0,0,1431816,341704,175544,5932492,35282.559,1694.892,0,248.131,0,22.012,2823,4451,2.080,1.170,0.680,4,0,0,0,0,10,29,6,27,0
22-08 20:16:19,54.908,19.807,25.323,0,0,1452476,320992,175560,5932528,31149.399,1624.663,0,220.633,0,13.037,3345,5626,2.080,1.170,0.680,4,0,380.091,0,0,10,28,6,27,0
22-08 20:16:20,60.998,7.250,31.249,0.250,0,1443636,329632,175568,5932720,21591.439,1585.959,0,347.991,0,38.999,5587,11583,2.080,1.170,0.680,4,0,29.999,0,0,10,28,6,29,0
22-08 20:16:21,76.499,19.500,4.000,0,0,1546020,227208,175572,5932756,22297.688,1619.977,4.000,219.997,1.000,15.000,2523,3329,2.230,1.220,0.700,6,0,227.997,0,0,10,28,6,28,0
22-08 20:16:22,67.247,13.749,18.499,0,0,1381084,391780,175584,5933108,29755.601,1565.926,0,471.978,0,38.998,7868,15400,2.230,1.220,0.700,6,0,254.988,0,0,10,28,6,34,0
22-08 20:16:23,64.455,11.992,23.484,0,0,1494360,278460,175592,5933144,10134.966,1618.876,3.997,219.847,0.999,12.991,2116,2738,2.230,1.220,0.700,4,0,68.952,0,0,10,28,6,35,0
22-08 20:16:24,60.543,16.011,22.266,0,0,1374348,398264,175608,5933336,29755.275,1769.265,0,528.378,0,46.033,6530,12169,2.230,1.220,0.700,4,0,299.214,0,0,10,28,6,39,0
22-08 20:16:25,65.423,7.242,27.468,0.250,0,1507704,264880,175612,5933360,25979.552,1618.104,0,283.668,0,18.978,3899,6790,2.230,1.220,0.700,5,0,0,0,0,10,30,6,39,0
22-08 20:16:26,65.328,15.018,19.273,0,0,1462136,310296,175612,5933512,30420.109,1513.797,0,264.314,0,18.021,3526,6378,2.450,1.280,0.720,4,0,287.341,0,0,10,28,6,39,0
22-08 20:16:27,61.691,9.241,29.222,0,0,1312876,457916,175636,5935128,24828.115,1618.443,1042.997,3440.690,10.989,226.782,6350,11345,2.450,1.280,0.720,4,0,84.918,0,0,10,28,6,43,0
22-08 20:16:28,65.039,9.756,25.515,0,0,1499872,270724,175636,5935324,5638.406,1620.979,0,132.080,0,7.004,2100,2740,2.450,1.280,0.720,4,0,27.016,0,0,10,29,6,43,0
22-08 20:16:29,66.027,20.258,13.005,0,0,1430916,339556,175668,5935416,21852.025,1620.669,28.012,1488.615,1.000,108.045,5448,11074,2.450,1.280,0.720,7,0,408.169,0,0,10,28,6,41,0
22-08 20:16:30,82.733,14.997,1.500,0,0,1551796,218620,175672,5935468,29064.187,1565.687,0,243.951,0,18.996,4017,6886,2.450,1.280,0.720,9,0,207.958,0,0,10,30,6,43,0
22-08 20:16:31,85.767,13.003,1.000,0,0,1522556,247468,175676,5935856,25814.085,1620.319,0,412.081,0,32.006,4151,6344,2.820,1.380,0.750,8,0,233.046,0,0,10,28,6,44,0
22-08 20:16:32,81.499,16.250,2.000,0,0,1540348,229460,175692,5936056,30909.475,1585.973,0,395.993,0,29.999,5549,10224,2.820,1.380,0.750,6,0,228.996,0,0,10,30,6,44,0
22-08 20:16:33,76.132,17.972,4.743,0,0,1509724,259448,175692,5936692,29678.029,1785.235,567.122,7.988,4.992,1.997,6642,12755,2.820,1.380,0.750,6,0,328.491,0,0,10,29,6,42,1
22-08 20:16:34,34.510,25.508,38.262,0,0,1322092,446864,175692,5936908,33449.068,1566.472,0,32.010,0,5.002,5056,9346,2.820,1.380,0.750,3,0,587.177,0,0,10,28,6,42,0
22-08 20:16:35,8.994,21.736,68.206,0,0,1322968,445956,175692,5936940,13361.302,1511.016,0,3.997,0,0.999,2516,3098,2.820,1.380,0.750,2,0,319.792,0,0,10,28,6,42,0
22-08 20:16:36,9.766,20.783,67.358,0.501,0,1324644,444276,175704,5936932,24227.910,1622.606,4.006,6197.954,1.002,135.217,2896,3379,2.590,1.360,0.750,2,0,306.492,0,0,10,28,6,42,0
22-08 20:16:37,52.516,31.260,16.505,0,0,1463436,305424,175708,5936988,29497.997,1608.491,4.001,52.016,1.000,13.004,3139,5686,2.590,1.360,0.750,8,0,845.258,0,0,10,28,6,42,0
22-08 20:16:38,82.502,15.500,2.250,0,0,1559832,208840,175712,5937172,25654.564,1512.033,4.000,772.017,1.000,49.001,5116,9408,2.590,1.360,0.750,8,0,236.005,0,0,10,28,6,42,0
22-08 20:16:39,79.255,17.751,1.500,0,0,1459348,309224,175740,5937244,22035.300,1620.096,0,668.039,0,57.003,5091,11445,2.590,1.360,0.750,7,0,378.022,0,0,10,29,6,42,0
22-08 20:16:40,84.741,14.249,1.500,0,0,1575004,193188,175764,5937596,15475.391,1639.829,167.983,267.972,13.999,10.999,3458,6613,2.590,1.360,0.750,7,0,159.983,0,0,10,30,6,42,0
22-08 20:16:41,86.513,10.752,3.000,0,0,1702596,132836,175092,5872364,26693.924,1512.222,4.001,3044.448,1.000,304.045,4728,12338,2.940,1.450,0.780,4,0,5.001,0,0,10,33,6,42,0
22-08 20:16:42,82.120,11.232,6.490,0.250,0,1635080,198780,175112,5873916,29654.176,4601.734,27.956,818.707,6.989,71.886,6439,19766,2.940,1.450,0.780,8,0,59.905,0,0,10,30,6,43,0
22-08 20:16:43,85.877,11.517,2.253,0,0,1568236,259128,175300,5879392,30877.668,1796.657,8.012,1281.896,1.001,40.059,3762,6720,2.940,1.450,0.780,7,0,129.191,0,0,10,30,6,43,0
22-08 20:16:44,84.254,12.001,3.250,0,0,1689848,136848,175324,5879940,22168.953,1566.067,0,528.023,0,13.001,10776,23794,2.940,1.450,0.780,6,0,6.000,0,0,10,31,6,41,0
22-08 20:16:45,78.978,13.996,5.748,0,0,1613616,212124,175344,5880736,54752.669,6517.175,0,1743.512,0,29.992,5846,16614,2.940,1.450,0.780,5,0,176.950,0,0,10,33,6,41,0
22-08 20:16:46,78.772,14.754,5.752,0.250,0,1601684,222920,175492,5881652,623613.106,14622.153,0,2096.595,0,77.022,5906,12723,3.190,1.530,0.810,10,0,118.034,0,0,10,31,6,41,0
22-08 20:16:47,82.465,14.744,2.499,0,0,1619620,204544,175632,5881920,82219.646,10731.386,0,1735.254,0,87.962,3706,9948,3.190,1.530,0.810,6,0,96.958,0,0,10,31,6,41,0
22-08 20:16:48,82.012,12.502,5.501,0,0,1548368,275332,175748,5882204,47676.961,8277.208,0,1252.183,0,55.008,4766,9550,3.190,1.530,0.810,6,0,98.014,0,0,10,31,6,41,0
22-08 20:16:49,84.011,11.751,4.001,0.250,0,1616564,206368,175824,5882828,71678.960,2667.333,0,572.072,0,21.003,3429,9379,3.190,1.530,0.810,8,0,47.006,0,0,10,32,6,41,0
22-08 20:16:50,82.507,11.251,6.501,0,0,1506452,315812,175932,5883356,46887.798,7298.591,0,1316.107,0,87.007,5157,13255,3.190,1.530,0.810,6,0,94.008,0,0,10,30,5,41,0
22-08 20:16:51,80.180,16.185,2.241,0,0,1631048,191096,175960,5883544,23075.766,3193.237,7.968,466.137,0.996,22.908,3707,10536,3.410,1.600,0.840,5,0,174.303,0,0,10,31,5,42,0
22-08 20:16:52,81.201,8.270,10.777,0,0,1642524,179156,176076,5883716,28983.735,8181.249,0,2157.339,0,72.179,4267,14431,3.410,1.600,0.840,3,0,30.074,0,0,10,34,5,41,0
22-08 20:16:53,83.879,12.018,3.756,0,0,1541296,279980,176184,5883944,52014.739,8373.837,0,1213.861,0,59.091,3435,7264,3.410,1.600,0.840,6,0,191.293,0,0,10,30,5,42,0
22-08 20:16:54,85.750,9.750,3.750,0,0,1691980,128836,176312,5884192,45859.817,5814.977,0,1083.996,0,54.000,4123,8705,3.410,1.600,0.840,7,0,1.000,0,0,10,31,5,42,0
22-08 20:16:55,83.087,12.476,4.242,0,0,1564324,273196,175980,5868072,39443.572,5741.729,0,8974.383,0,396.222,5291,13234,3.410,1.600,0.840,8,0,170.665,0,0,10,31,5,42,0
22-08 20:16:56,80.142,12.773,6.261,0,0,1593496,243172,176120,5868712,74969.696,6372.279,4.007,1262.234,1.002,58.103,3868,7909,3.460,1.640,0.860,6,0,110.195,0,0,10,31,5,41,0
22-08 20:16:57,82.511,12.752,4.501,0,0.250,1514952,320920,176220,5869288,57159.774,3481.473,0,692.094,0,30.004,3930,7624,3.460,1.640,0.860,6,0,111.015,0,0,10,31,5,41,0
22-08 20:16:58,78.688,12.740,7.994,0.250,0,1544252,291060,176364,5869648,100827.246,9369.589,3.997,1410.884,0.999,68.945,6243,12752,3.460,1.640,0.860,10,0,88.930,0,0,10,30,5,41,0
22-08 20:16:59,82.240,14.248,3.500,0,0,1513772,321076,176432,5869996,142580.892,6626.158,0,963.878,0,51.993,3487,6805,3.460,1.640,0.860,5,0,185.976,0,0,10,30,5,41,0
22-08 20:17:00,70.312,12.511,15.764,0.250,0,1459532,307408,176604,5937640,34993209.031,163042.314,0,44246.893,0,176.155,12754,11162,3.460,1.640,0.860,5,0,96.084,0,0,10,35,5,39,0
22-08 20:17:01,72.823,12.470,14.216,0.748,0,1564304,174076,176960,5965176,12351306.730,66309.134,3571.336,15346.769,65.840,172.581,5938,4383,3.420,1.660,0.870,5,0,81.802,0,0,10,35,5,39,0
22-08 20:17:02,73.913,18.792,6.264,0,0,1482120,255564,177044,5965640,28990.097,1623.590,0,1050.322,0,47.104,12641,24941,3.420,1.660,0.870,6,0,199.441,0,0,10,34,5,39,0
22-08 20:17:03,82.731,10.498,6.998,0,0,1586912,150620,177060,5965696,28872.417,1457.668,0,423.903,0,8.998,3383,6693,3.420,1.660,0.870,5,0,1.000,0,0,10,37,5,42,0
22-08 20:17:04,80.292,14.007,5.253,0,0,1509872,227280,177172,5965960,10222.346,1620.848,0,412.216,0,20.010,2417,5733,3.420,1.660,0.870,5,0,131.069,0,0,10,34,5,40,0
22-08 20:17:05,80.243,9.999,9.749,0,0,1527320,209220,177220,5966460,31441.202,1693.849,0,499.956,0,36.997,5981,11550,3.420,1.660,0.870,5,0,1.000,0,0,10,36,5,42,0
22-08 20:17:06,78.503,16.501,3.250,0.500,0,1529840,169424,178096,6000524,29831.134,1500.057,4.000,4272.162,1.000,207.008,3823,5511,3.550,1.720,0.890,5,0,278.011,0,0,10,34,5,42,0
22-08 20:17:07,75.746,13.749,9.749,0.500,0,1444052,237880,178116,6014680,23409.783,1845.904,4.000,39513.945,1.000,637.967,6020,10615,3.550,1.720,0.890,6,0,152.992,0,0,10,35,6,44,0
22-08 20:17:08,81.008,18.002,1.500,0,0,1524656,128004,188976,6022624,21728.108,1694.164,356.035,27002.619,5.000,207.020,3838,6115,3.550,1.720,0.890,4,0,74.007,0,0,10,34,6,42,0
22-08 20:17:09,77.001,13.750,8.250,0.500,0,1483712,211904,189492,5978304,29391.382,1620.021,16.000,80533.047,4.000,501.007,5097,8694,3.550,1.720,0.890,7,0,100.001,0,0,10,35,6,42,0
22-08 20:17:10,77.504,15.751,6.500,0,0,1482524,265956,189968,5925184,25401.295,1880.096,48.002,924.047,9.000,16.001,6235,10897,3.550,1.720,0.890,4,0,200.010,0,0,10,32,6,41,0
22-08 20:17:11,70.001,17.000,10.500,0.500,0,1436308,300120,190140,5937056,15229.274,1620.029,2204.040,2744.049,27.000,48.001,7849,15404,3.510,1.740,0.900,5,0,292.005,0,0,10,32,6,42,0
22-08 20:17:12,56.499,19.000,23.750,0.250,0,1463220,269724,190144,5940552,28188.521,1619.972,487.992,575.990,21.000,19.000,5258,10651,3.510,1.740,0.900,5,0,420.993,0,0,10,34,6,43,0
22-08 20:17:13,45.850,11.961,41.365,0.748,0,1420404,309180,190164,5943892,30653.915,1730.350,3133.768,502.360,58.808,26.912,3014,4197,3.510,1.740,0.900,2,0,209.317,0,0,10,32,6,43,0
22-08 20:17:14,42.638,11.788,44.394,0.251,0,1328020,401136,190208,5944260,25547.800,1699.508,501.626,100024.178,64.208,518.681,5327,8692,3.510,1.740,0.900,4,0,134.436,0,0,10,32,6,44,0
22-08 20:17:15,38.999,12.750,47.749,0,0,1444676,284276,190212,5944460,20992.496,1693.959,0,231.994,0,17.000,2122,2584,3.510,1.740,0.900,3,0,243.994,0,0,10,32,6,44,0
22-08 20:17:16,44.204,6.993,48.200,0.250,0,1349388,379300,190232,5944704,13163.363,1456.491,0,615.362,0,48.949,3110,6940,3.390,1.740,0.910,4,0,38.960,0,0,10,32,6,44,0
22-08 20:17:17,44.439,5.742,48.684,0,0,1460972,267568,190232,5944852,26411.974,1659.736,0,119.837,0,6.990,1948,2856,3.390,1.740,0.910,3,0,36.950,0,0,10,33,6,45,0
22-08 20:17:18,42.344,9.772,48.357,0,0,1362512,365968,190236,5944908,21941.557,1623.593,0,204.452,0,20.044,3537,8046,3.390,1.740,0.910,4,0,118.262,0,0,10,32,6,42,0
22-08 20:17:19,28.994,12.497,57.988,0,0,1319612,408688,190240,5945084,31313.455,1619.661,0,583.878,0,23.995,3313,5128,3.390,1.740,0.910,2,0,291.939,0,0,10,32,6,42,0
22-08 20:17:20,18.954,6.484,72.822,0,0,1374784,353512,190240,5945088,18906.679,1616.041,0,111.726,0,5.985,1441,1633,3.390,1.740,0.910,1,0,93.770,0,0,10,32,6,40,0
22-08 20:17:21,21.269,4.504,72.563,0.500,0,1319012,409280,190240,5945092,30341.458,1621.414,0,988.862,0,72.063,2394,3633,3.190,1.730,0.910,1,0,29.025,0,0,10,32,6,41,0
22-08 20:17:22,20.495,5.499,73.233,0,0,1378488,349652,190244,5945240,25165.011,1619.615,0,55.987,0,6.998,1463,1548,3.190,1.730,0.910,1,0,64.985,0,0,10,32,6,41,0
22-08 20:17:23,22.260,4.002,72.032,0.250,0,1322680,405416,190260,5945268,5437.431,1660.742,0,604.270,0,47.021,3114,5973,3.190,1.730,0.910,1,0,30.013,0,0,10,32,6,35,0
22-08 20:17:24,22.224,3.746,73.664,0,0,1387936,340148,190260,5945280,30172.638,1564.167,0,7.991,0,0.999,1323,1591,3.190,1.730,0.910,1,0,0,0,0,10,32,6,36,0
22-08 20:17:25,20.016,7.006,72.309,0,0,1342848,384824,190260,5945692,22807.520,1621.317,0,0,0,0,2429,4363,3.190,1.730,0.910,1,0,56.046,0,0,10,32,6,31,0
22-08 20:17:26,21.970,3.495,73.399,0,0,1388708,338960,190260,5945696,6042.715,1659.725,0,111.847,0,11.984,1287,2355,3.020,1.720,0.910,3,0,0,0,0,10,32,6,31,0
22-08 20:17:27,19.026,7.510,72.848,0,0,1363804,363728,190264,5945828,13808.586,1622.183,0,136.183,0,13.018,1532,1824,3.020,1.720,0.910,1,0,91.123,0,0,10,32,6,31,0
22-08 20:17:28,22.251,3.500,72.752,0,0,1323512,404004,190264,5945844,9273.269,1500.044,0,196.006,0,18.001,1700,3208,3.020,1.720,0.910,1,0,21.001,0,0,10,32,6,31,0
22-08 20:17:29,20.481,5.245,73.184,0.250,0,1383436,344068,190268,5945852,13677.581,1692.463,0,3237.061,0,182.834,1637,1756,3.020,1.720,0.910,1,0,78.928,0,0,10,32,6,26,0
22-08 20:17:30,19.543,6.264,72.409,0.251,0,1324876,402468,190284,5945996,12865.304,1623.572,0,613.349,0,42.093,2144,3750,3.020,1.720,0.910,1,0,94.207,0,0,10,32,6,26,0
22-08 20:17:31,23.252,2.500,74.007,0,0,1383304,344032,190284,5946004,5614.505,1458.131,0,0,0,0,860,1541,2.860,1.710,0.910,1,0,0,0,0,10,32,6,22,0
22-08 20:17:32,22.958,4.242,73.117,0,0,1346776,379640,190284,5946924,13622.153,1617.050,0,271.505,0,21.960,2423,4924,2.860,1.710,0.910,1,0,29.945,0,0,10,32,6,22,0
22-08 20:17:33,22.805,4.010,72.926,0.251,0,1382912,343352,190284,5947076,16415.594,1718.144,0,180.435,0,17.041,2227,4366,2.860,1.710,0.910,1,0,0,0,0,10,33,6,22,0
22-08 20:17:34,15.503,15.003,68.763,0,0,1321700,404416,190292,5947216,13746.681,1458.284,0,268.052,0,18.004,3046,4753,2.860,1.710,0.910,2,0,382.075,0,0,10,32,6,22,0
22-08 20:17:35,41.692,7.989,49.182,0,0,1454820,270164,190300,5948340,17190.174,1617.758,587.186,503.302,9.986,23.967,1882,2455,2.860,1.710,0.910,2,0,103.856,0,0,10,32,6,23,0
22-08 20:17:36,37.767,8.004,45.771,8.254,0,1508936,209992,190752,5953888,18681.388,1620.728,956.429,27824.493,30.013,2510.127,11634,20749,2.950,1.750,0.930,2,0,86.039,0,0,10,36,6,23,0
22-08 20:17:37,37.024,9.756,42.778,11.257,0,1471588,243312,191348,5957272,13928.970,1458.940,0,46469.927,0,4361.809,16131,31369,2.950,1.750,0.930,1,1,79.051,0,0,10,36,6,23,0
22-08 20:17:38,44.251,5.750,47.251,3.000,0,1368652,346708,191428,5956732,10301.175,1620.028,0,12224.208,0,1174.020,5441,9320,2.950,1.750,0.930,2,0,14.000,0,0,10,32,6,23,0
22-08 20:17:39,43.400,5.737,45.894,4.988,0,1472972,241896,191620,5957032,11664.056,1763.925,0,22344.384,0,1718.031,9013,16891,2.950,1.750,0.930,2,1,1.995,0,0,10,34,6,23,0
22-08 20:17:40,36.996,10.249,48.745,3.750,0.250,1349332,365208,191704,5957272,17700.283,1585.846,0,9395.089,0,1364.868,8670,16432,2.950,1.750,0.930,1,0,100.990,0,0,10,32,6,23,0
22-08 20:17:41,21.709,3.493,73.611,0.250,0,1426688,287844,191708,5957276,14521.656,1563.057,0,1365.429,0,77.853,1155,1441,2.790,1.730,0.930,1,0,1.996,0,0,10,32,6,23,0
22-08 20:17:42,23.597,3.263,73.302,0.753,0,1376544,337968,191712,5957292,13968.508,1701.003,0,5189.365,0,263.083,1444,2270,2.790,1.730,0.930,1,0,1.004,0,0,10,32,6,23,0
22-08 20:17:43,22.240,2.499,73.966,0,0,1443320,271188,191712,5957296,11932.523,1619.257,0,0,0,0,921,1035,2.790,1.730,0.930,1,0,1.999,0,0,10,32,6,22,0
22-08 20:17:44,24.445,1.746,73.085,0,0,1395872,318624,191712,5957308,14549.119,1616.347,0,91.793,0,11.973,949,1133,2.790,1.730,0.930,1,0,0.998,0,0,10,32,6,22,0
22-08 20:17:45,23.470,1.997,72.407,0.499,0,1443944,270548,191720,5957304,9760.468,1617.923,0,21116.886,0,650.165,1978,1131,2.790,1.730,0.930,1,0,1.997,0,0,10,32,6,22,0
22-08 20:17:46,22.543,3.006,74.142,0,0,1399928,314488,191720,5957380,8163.592,1697.242,0,0,0,0,869,1047,2.650,1.720,0.930,1,0,1.002,0,0,10,32,6,22,0
22-08 20:17:47,23.492,1.999,73.976,0,0,1329976,384348,191720,5957472,13295.652,1585.482,0,0,0,0,957,1016,2.650,1.720,0.930,1,0,2.999,0,0,10,32,6,22,0
22-08 20:17:48,22.698,2.744,73.832,0,0,1349108,365184,191720,5957504,10247.615,1636.266,0,0,0,0,847,1075,2.650,1.720,0.930,1,0,0.998,0,0,10,32,6,22,0
22-08 20:17:49,23.322,2.758,73.225,0.251,0,1419076,295384,191720,5957504,5512.963,1625.000,0,802.469,0,37.114,1144,1628,2.650,1.720,0.930,1,0,3.009,0,0,10,32,6,22,0
22-08 20:17:50,23.278,2.253,74.091,0,0,1371452,342988,191720,5957524,16948.745,1696.076,0,176.216,0,3.004,1002,1035,2.650,1.720,0.930,1,0,1.001,0,0,10,32,6,22,0
22-08 20:17:51,26.511,4.752,68.527,0,0,1365548,348860,191720,5960584,6937.768,1662.663,0,4.002,0,1.000,1310,2888,2.520,1.710,0.930,2,0,35.014,0,0,11,33,6,22,0
22-08 20:17:52,22.441,3.491,73.308,0,0,1415060,299348,191720,5957556,16938.553,1615.760,0,0,0,0,1141,1431,2.520,1.710,0.930,1,0,1.995,0,0,10,32,6,23,0
22-08 20:17:53,15.790,12.030,72.181,0,0,1334752,379508,191728,5957664,11335.395,1515.797,0,92.231,0,1.003,2015,2804,2.520,1.710,0.930,1,0,217.545,0,0,10,32,6,21,0
22-08 20:17:54,9.983,19.467,69.631,0,0,1346268,367924,191728,5957732,7853.578,1753.004,99.829,930.410,4.991,12.978,3206,4918,2.520,1.710,0.930,1,0,485.171,0,0,10,32,6,21,0
22-08 20:17:55,10.236,19.224,68.907,0,0,1341436,372496,191728,5957980,13678.520,1617.814,7.989,443.401,0.999,6.991,3202,4797,2.520,1.710,0.930,2,0,461.377,0,0,10,32,6,21,0
22-08 20:17:56,17.261,9.256,72.296,0,0,1393320,320592,191728,5957988,13832.784,1512.961,0,0,0,0,1764,2380,2.310,1.680,0.920,1,0,152.097,0,0,10,32,6,21,0
22-08 20:17:57,23.248,2.750,73.993,0,0,1449012,264900,191728,5957988,6699.370,1565.853,0,19.998,0,2.000,896,1043,2.310,1.680,0.920,1,0,2.000,0,0,10,32,6,21,0
22-08 20:17:58,22.755,3.001,73.516,0,0,1399064,314852,191728,5957984,13063.809,1620.348,0,0,0,0,977,1065,2.310,1.680,0.920,1,0,1.000,0,0,10,32,6,21,0
22-08 20:17:59,23.988,1.749,73.214,0,0,1333712,380176,191728,5958012,13595.243,1553.228,0,379.811,0,23.988,1181,1487,2.310,1.680,0.920,1,0,3.998,0,0,10,32,6,21,0
22-08 20:18:00,22.278,3.504,73.592,0.250,0,1412348,301552,191728,5958000,12904.182,1567.966,0,652.819,0,104.131,1170,1168,2.310,1.680,0.920,1,0,2.003,0,0,10,32,6,21,0
22-08 20:18:01,23.485,2.249,73.703,0,0,1364728,349156,191728,5958016,10387.321,1618.959,0,35.977,0,6.996,890,1039,2.210,1.670,0.920,1,0,0.999,0,0,10,32,6,21,0
22-08 20:18:02,22.763,2.501,73.793,0,0,1440852,273052,191728,5957996,5043.910,1586.916,0,0,0,0,871,1080,2.210,1.670,0.920,1,0,2.001,0,0,10,32,6,21,0
22-08 20:18:03,23.752,2.000,73.507,0,0,1377032,336864,191728,5958004,14064.252,1640.146,0,28.002,0,3.000,943,975,2.210,1.670,0.920,1,0,1.000,0,0,10,32,6,18,0
22-08 20:18:04,22.215,2.995,73.636,0,0,1430456,283440,191728,5958004,12875.991,1509.654,0,11.981,0,0.998,933,993,2.210,1.670,0.920,1,0,1.997,0,0,10,32,6,18,0
22-08 20:18:05,23.515,2.001,74.296,0,0,1407052,306852,191728,5957996,15214.463,1621.008,0,80.050,0,2.001,965,1009,2.210,1.670,0.920,2,0,1.001,0,0,10,32,6,18,0
22-08 20:18:06,23.248,2.250,73.244,0.250,0,1336156,377720,191728,5958020,8268.363,1565.879,0,67.995,0,3.000,914,1032,2.110,1.660,0.920,2,0,3.000,0,0,10,32,6,16,0
22-08 20:18:07,22.749,2.750,73.745,0,0,1410336,303632,191728,5957928,14625.079,1619.898,0,7.999,0,1.000,982,1077,2.110,1.660,0.920,1,0,2.000,0,0,10,32,6,16,0
22-08 20:18:08,22.253,3.000,74.011,0,0,1341392,372484,191728,5958020,10293.523,1620.240,0,92.014,0,1.000,893,1027,2.110,1.660,0.920,1,0,1.000,0,0,10,32,6,14,0
22-08 20:18:09,23.521,3.753,72.565,0,0,1358280,355588,191728,5958028,5136.597,1621.451,0,500.448,0,37.033,1125,1594,2.110,1.660,0.920,2,0,2.002,0,0,10,32,6,14,0
22-08 20:18:10,22.528,3.004,74.091,0,0,1436364,277524,191728,5958008,5078.256,1587.956,0,1694.087,0,10.012,966,1197,2.110,1.660,0.920,1,0,2.002,0,0,10,32,6,14,0
22-08 20:18:11,24.000,1.750,74.001,0,0,1383216,330672,191728,5958008,13472.189,1620.023,0,36.001,0,5.000,1120,1322,2.020,1.650,0.920,1,0,1.000,0,0,10,32,6,14,0
22-08 20:18:12,23.262,1.751,74.039,0,0,1379852,334016,191728,5958028,9141.809,1640.863,0,20.011,0,1.001,951,1090,2.020,1.650,0.920,1,0,1.001,0,0,10,32,6,13,0
22-08 20:18:13,22.259,4.252,73.279,0,0,1450420,263460,191728,5958016,22693.987,1620.642,0,4.002,0,1.000,1144,1135,2.020,1.650,0.920,1,0,8.003,0,0,10,32,6,13,0
22-08 20:18:14,14.249,14.249,71.244,0,0,1350312,363560,191728,5958024,13366.944,1619.872,0,227.982,0,10.999,2868,4289,2.020,1.650,0.920,2,0,435.966,0,0,10,32,6,12,0
22-08 20:18:15,21.690,3.241,73.546,0,0,1424676,289136,191728,5958084,13316.979,1615.509,0,3.989,0,0.997,1046,1369,2.020,1.650,0.920,2,0,25.928,0,0,10,32,6,12,0
22-08 20:18:16,22.499,3.250,73.748,0.250,0,1384156,329388,191728,5958320,15301.587,1661.955,0,103.997,0,2.000,1067,1151,1.940,1.630,0.930,2,0,9.000,0,0,10,32,6,9,0
22-08 20:18:17,22.065,5.266,71.963,0,0,1348636,364908,191728,5958320,6749.004,1558.620,4.012,0,1.003,0,1377,1937,1.940,1.630,0.930,4,0,127.378,0,0,10,32,6,9,0
22-08 20:18:18,8.494,20.734,70.197,0,0,1348420,364984,191728,5958428,8035.925,1618.776,0,167.873,0,6.995,3542,5906,1.940,1.630,0.930,1,0,576.564,0,0,10,32,6,6,0
22-08 20:18:19,9.757,21.015,69.048,0,0,1343132,370212,191736,5958468,13684.524,1641.142,8.006,1340.933,2.001,41.029,4266,6897,1.940,1.630,0.930,2,0,697.485,0,0,10,32,6,6,0
22-08 20:18:20,9.500,21.250,68.749,0,0,1346164,367132,191736,5958516,9259.926,1619.987,0,2431.981,0,98.999,3969,6350,1.940,1.630,0.930,1,0,684.995,0,0,10,32,5,5,0
22-08 20:18:21,8.750,20.750,69.750,0,0,1342972,370344,191736,5958544,15609.984,1511.998,0,1171.999,0,17.000,3458,5307,1.860,1.620,0.930,1,0,522.999,0,0,10,32,5,5,0
22-08 20:18:22,8.484,19.713,71.116,0,0,1345724,367552,191736,5958584,12597.254,1563.054,0,235.556,0,8.983,3425,5397,1.860,1.620,0.930,2,0,535.990,0,0,10,32,5,4,0
22-08 20:18:23,9.015,21.535,68.862,0.250,0,1342556,370376,191736,5958924,14282.166,1622.632,176.286,268.435,5.008,11.018,3200,4801,1.860,1.620,0.930,2,0,476.773,0,0,10,32,5,4,0
22-08 20:18:24,11.735,16.478,69.409,0,0.250,1337856,375028,191736,5958968,13506.280,1510.019,0,39.948,0,9.987,3121,4768,1.860,1.620,0.930,1,0,451.408,0,0,10,32,5,4,0
22-08 20:18:25,32.549,24.787,42.564,0,0,1408636,303472,191740,5959728,5579.330,1568.342,709.059,781.166,16.024,40.060,4122,7017,1.860,1.620,0.930,5,0,775.157,0,0,10,32,5,6,0
22-08 20:18:26,70.436,26.975,2.248,0.250,0.250,1585128,126328,192432,5956360,5361.095,1660.481,807.261,1762.387,23.978,53.951,8760,6016,2.120,1.680,0.950,8,0,535.510,0,0,10,32,5,9,0
22-08 20:18:27,69.047,13.259,11.258,6.004,0,1657220,133984,192256,5877728,15944.811,1513.026,20.014,35520.083,3.002,2514.705,11285,19004,2.120,1.680,0.950,2,1,106.072,0,0,10,38,5,10,0
22-08 20:18:28,55.765,14.754,20.506,9.753,0,1612220,169920,192904,5886176,13318.689,1640.454,4.001,76185.103,1.000,5820.612,23485,39682,2.120,1.680,0.950,4,0,168.047,0,0,10,36,5,10,0
22-08 20:18:29,55.738,13.497,16.246,12.497,0,1639788,131180,193436,5896656,12561.262,1585.654,71.984,75331.578,2.000,5655.767,22815,38386,2.120,1.680,0.950,5,1,115.975,0,0,10,37,5,11,0
22-08 20:18:30,46.504,12.751,30.503,10.751,0,1512612,248148,193788,5906344,6531.588,1620.146,0,59961.397,0,4915.442,21092,36387,2.120,1.680,0.950,5,1,135.012,0,0,10,34,5,11,0
22-08 20:18:31,35.506,12.502,39.256,11.002,0,1555980,197332,193988,5913520,14471.388,1640.271,0,47615.857,0,3669.605,16667,29833,2.110,1.690,0.950,6,0,189.031,0,0,10,35,5,11,0
22-08 20:18:32,33.498,9.249,40.747,13.999,0,1493404,256920,194288,5916236,13388.116,1619.893,0,68275.494,0,5156.660,22976,40424,2.110,1.690,0.950,8,0,77.995,0,0,10,34,5,12,0
22-08 20:18:33,36.471,9.243,42.466,11.741,0,1553940,192688,194488,5919604,6925.460,1604.716,0,36830.536,0,3541.167,15794,27404,2.110,1.690,0.950,1,1,50.959,0,0,10,34,5,12,0
22-08 20:18:34,38.253,8.251,41.753,11.001,0,1557824,189440,194776,5918628,16920.337,1620.128,0,45223.573,0,3817.302,19497,34868,2.110,1.690,0.950,2,0,18.001,0,0,10,35,5,15,0
22-08 20:18:35,34.275,11.008,41.781,12.509,0,1524532,221524,194948,5919640,13739.181,1695.256,0,43424.177,0,3844.849,18032,31032,2.110,1.690,0.950,2,0,110.082,0,0,10,34,5,16,0
22-08 20:18:36,39.228,7.246,40.227,12.493,0,1557976,186048,195068,5921504,6344.441,1619.092,0,62233.087,0,5148.112,20082,38278,2.100,1.690,0.960,5,0,38.978,0,0,10,35,5,15,0
22-08 20:18:37,40.519,7.754,42.270,10.255,0,1498004,243616,195116,5923796,14688.948,1846.874,0,42684.190,0,3965.876,19057,34343,2.100,1.690,0.960,3,1,81.038,0,0,10,36,6,16,0
22-08 20:18:38,35.999,8.750,40.999,13.500,0,1554724,182884,195296,5927512,9958.741,1693.956,0,59878.443,0,4990.870,20385,34534,2.100,1.690,0.960,3,1,59.998,0,0,10,36,6,17,0
22-08 20:18:39,34.742,7.748,43.240,13.497,0,1554960,178600,195392,5931348,14111.599,1565.623,0,52595.325,0,4379.944,21749,38893,2.100,1.690,0.960,4,0,48.988,0,0,10,36,6,19,0
22-08 20:18:40,38.241,8.998,41.490,12.997,0,1541848,188748,195516,5934120,9897.664,1553.633,0,48676.512,0,4198.009,17940,32064,2.100,1.690,0.960,2,1,156.963,0,0,10,36,6,19,0
22-08 20:18:41,33.734,9.995,41.730,12.494,0,1496924,231952,195600,5935700,6357.993,1693.199,0,40180.994,0,3555.318,17249,29787,2.330,1.750,0.980,2,1,69.967,0,0,10,36,6,20,0
22-08 20:18:42,39.042,8.509,39.543,14.516,0,1566988,166712,195652,5930728,14921.055,1663.790,0,54863.033,0,5101.489,18108,38583,2.330,1.750,0.980,2,1,18.019,0,0,10,37,6,20,0
22-08 20:18:43,39.253,11.251,45.254,3.500,0,1413896,319804,195676,5930696,14685.234,1736.146,0,26494.226,0,1828.154,7402,14747,2.330,1.750,0.980,3,0,244.020,0,0,10,32,6,22,0
22-08 20:18:44,24.953,3.743,70.618,0,0,1446980,286660,195676,5930756,5741.229,1690.828,0,1181.783,0,68.871,2382,4297,2.330,1.750,0.980,1,0,42.919,0,0,10,32,6,22,0
22-08 20:18:45,20.788,5.260,72.885,0.751,0,1427848,305660,195676,5930888,13131.253,1697.135,0,4596.490,0,290.537,2086,2733,2.330,1.750,0.980,1,0,43.080,0,0,10,32,6,22,0
22-08 20:18:46,20.701,5.986,72.080,0,0,1375204,358280,195676,5930912,10640.834,1454.560,0,135.679,0,17.958,2409,4301,2.300,1.750,0.990,1,0,52.875,0,0,10,32,6,22,0
22-08 20:18:47,10.765,20.028,67.845,0,0,1377944,355408,195676,5931044,13497.829,1622.263,0,228.319,0,11.015,2511,3123,2.300,1.750,0.990,2,0,305.426,0,0,10,32,6,22,0
22-08 20:18:48,9.254,22.010,66.781,0,0,1379896,353424,195676,5931076,10050.613,1620.744,4.002,204.094,1.000,12.006,2704,3595,2.300,1.750,0.990,2,0,343.158,0,0,10,32,6,23,0
22-08 20:18:49,56.406,15.225,27.205,0.499,0,1545008,187388,195688,5931972,5774.420,1455.585,399.337,766.728,3.993,62.896,2527,3571,2.300,1.750,0.990,3,0,184.694,0,0,10,32,6,28,0
22-08 20:18:50,67.547,8.256,24.017,0,0,1715236,117856,195776,5833384,31177.512,1621.119,0,2493.721,0,130.090,1952,1695,2.300,1.750,0.990,4,0,0,0,0,10,32,6,28,0
22-08 20:18:51,48.068,7.010,32.796,11.016,0,1769380,122788,195984,5775636,30121.592,1460.065,2487.517,49554.069,99.140,3466.902,16189,25539,2.440,1.790,1,1,2,111.157,0,0,10,38,6,28,0
22-08 20:18:52,32.483,9.745,41.979,15.242,0,1768200,144184,196132,5755648,16125.776,1619.174,0,82130.114,0,6632.617,29639,50164,2.440,1.790,1,4,0,276.859,0,0,10,38,6,29,0
22-08 20:18:53,32.748,9.000,43.248,16.249,0,1768960,134900,196264,5763780,28428.579,1767.912,0,99815.009,0,7630.618,29631,50536,2.440,1.790,1,3,1,164.992,0,0,10,38,6,28,0
22-08 20:18:54,39.969,11.991,32.225,15.238,0,1677696,217284,196328,5772352,28892.233,1498.819,0,59980.735,0,4927.117,21848,35528,2.440,1.790,1,3,0,236.813,0,0,10,36,6,28,0
22-08 20:18:55,46.030,9.506,29.019,15.510,0,1745428,138940,196396,5782604,30644.072,1621.062,0,77138.526,0,5673.716,21667,38620,2.440,1.790,1,1,2,66.043,0,0,10,36,6,28,0
22-08 20:18:56,39.027,9.757,32.522,18.263,0,1653000,236412,196480,5777280,22116.238,1621.117,0,94629.200,0,6938.781,26799,45636,2.560,1.830,1.020,9,0,81.056,0,0,10,36,6,28,0
22-08 20:18:57,21.957,7.735,50.650,16.717,0,1651248,234144,196508,5781172,5458.231,1616.810,0,65355.054,0,5504.140,24998,41487,2.560,1.830,1.020,3,0,125.752,0,0,10,36,6,28,0
22-08 20:18:58,28.011,11.755,56.273,2.751,0,1387424,498040,196508,5781084,32642.318,1458.595,0,10484.278,0,592.242,4406,5886,2.560,1.830,1.020,1,0,194.079,0,0,10,32,6,28,0
22-08 20:18:59,19.974,6.492,72.407,0.250,0,1444328,441120,196508,5781100,21220.710,1659.865,0,1362.248,0,82.893,1632,1953,2.560,1.830,1.020,1,0,58.924,0,0,10,32,6,28,0
22-08 20:19:00,22.513,4.002,72.292,0.750,0,1508600,376860,196508,5781100,30665.817,1694.985,0,5002.907,0,313.182,1977,2692,2.560,1.830,1.020,1,0,0,0,0,10,34,6,28,0
22-08 20:19:01,22.247,3.499,72.989,0,0.250,1397152,488308,196508,5781100,26745.908,1619.752,0,179.972,0,15.998,1658,1923,2.440,1.810,1.020,1,0,26.996,0,0,10,32,6,28,0
22-08 20:19:02,21.499,4.250,73.746,0,0,1465836,419616,196508,5781108,28618.483,1619.914,0,0,0,0,1211,1160,2.440,1.810,1.020,1,0,3.000,0,0,10,32,6,28,0
22-08 20:19:03,22.750,2.750,73.248,0.250,0,1511188,374256,196512,5781108,25215.470,1619.966,0,715.985,0,67.999,1370,1434,2.440,1.810,1.020,1,0,0,0,0,10,34,6,28,0
22-08 20:19:04,15.289,26.567,58.147,0,0,1405816,479492,196520,5781236,6949.624,1461.707,120.305,613.556,11.028,26.066,4282,7008,2.440,1.810,1.020,2,0,872.212,0,0,10,32,6,28,0
22-08 20:19:05,13.243,35.980,51.221,0,0,1409588,475620,196520,5781332,27535.553,1661.068,0,359.798,0,37.979,5841,9512,2.440,1.810,1.020,1,0,1215.318,0,0,10,32,6,28,0
22-08 20:19:06,6.497,12.245,79.967,0,0.250,1401276,483296,196548,5781916,32320.619,1619.330,607.748,95.960,14.994,3.998,2599,3329,2.240,1.780,1.010,1,0,211.912,0,0,11,12,6,28,20
22-08 20:19:07,9.749,19.998,69.492,0,0,1397360,487112,196548,5782012,28493.809,1619.819,0,27.997,0,6.999,3098,4490,2.240,1.780,1.010,3,0,375.958,0,0,11,12,6,28,20
22-08 20:19:08,23.275,18.019,57.311,0.501,0,1425308,458264,196596,5782784,32965.207,1621.732,508.543,536.573,50.053,16.017,6094,9814,2.240,1.780,1.010,3,0,284.304,0,0,11,12,6,28,20
22-08 20:19:09,16.202,18.694,63.560,0,0,1455668,427324,196596,5783668,9154.673,1762.738,43.869,1499.524,1.994,233.304,3685,7828,2.240,1.780,1.010,2,0,422.738,0,0,13,12,6,28,20
22-08 20:19:10,25.023,18.266,56.051,0,0,1491544,391168,196600,5783520,30471.516,1695.531,4.004,4.004,1.001,1.001,3795,8385,2.240,1.780,1.010,2,0,370.334,0,0,15,12,6,28,20
22-08 20:19:11,9.753,20.256,68.770,0,0,1494900,387576,196600,5783724,28479.373,1458.429,0,36.011,0,8.002,2837,3820,2.220,1.780,1.020,3,0,263.077,0,0,15,12,6,28,20
22-08 20:19:12,25.491,16.244,56.480,0,0,1542760,339732,196600,5783736,22977.774,1693.394,0,0,0,0,5506,9351,2.220,1.780,1.020,2,0,144.948,0,0,15,12,6,28,20
22-08 20:19:13,81.408,14.528,4.509,0,0,1838424,130516,196644,5698924,32231.529,1623.149,12.023,5835.321,3.006,337.655,2868,3010,2.220,1.780,1.020,12,0,43.084,0,0,17,12,6,28,20
22-08 20:19:14,49.456,15.986,32.971,0,0,1936856,163252,196664,5570784,29031.191,1618.561,0,447.602,0,22.980,2879,4211,2.220,1.780,1.020,2,0,159.858,0,0,17,12,6,28,20
22-08 20:19:15,7.744,20.733,68.944,0,0,1935364,164684,196664,5570808,22512.697,1456.816,0,51.958,0,6.994,2819,3839,2.220,1.780,1.020,1,0,254.793,0,0,17,12,6,28,20
22-08 20:19:16,12.985,19.976,66.421,0,0,1937204,162792,196664,5571196,14067.316,1733.944,0,19.976,0,4.994,3525,5504,2.050,1.750,1.010,2,0,209.751,0,0,17,12,6,28,20
22-08 20:19:17,23.248,15.749,59.496,0.250,0,1972220,126580,196664,5571932,25869.241,1693.885,955.935,0,14.999,0,4639,7052,2.050,1.750,1.010,2,0,175.988,0,0,17,12,6,28,20
22-08 20:19:18,11.756,5.503,81.791,0,0,1980484,126176,196664,5564168,25039.570,1532.769,0,0,0,0,1778,2413,2.050,1.750,1.010,1,0,54.027,0,0,18,12,6,29,20
22-08 20:19:19,20.755,6.502,71.268,0,0,2037364,131312,196664,5503240,25175.243,1620.402,0,8.002,0,2.000,1822,2322,2.050,1.750,1.010,1,0,39.010,0,0,18,12,6,29,20
22-08 20:19:20,21.251,5.250,70.755,0.500,0,1986324,187712,196668,5498016,21111.351,1694.108,316.020,660.042,5.000,54.003,3075,5263,2.050,1.750,1.010,2,0,5.000,0,0,18,18,6,34,0
22-08 20:19:21,12.245,20.242,66.724,0,0,2001732,172252,196668,5498068,20444.027,1457.432,0,11.995,0,2.999,3179,4440,2.040,1.760,1.020,1,0,352.862,0,0,18,18,6,34,0
22-08 20:19:22,10.274,18.794,70.162,0.251,0,2007004,166948,196668,5498100,24849.552,1623.761,0,116.269,0,5.012,3100,4353,2.040,1.760,1.020,0,0,293.680,0,0,18,18,6,34,0
22-08 20:19:23,10.978,18.462,68.111,0,0,2003812,170188,196668,5498128,27443.877,1508.914,0,574.824,0,37.922,3365,5013,2.040,1.760,1.020,1,0,289.408,0,0,18,18,6,34,0
22-08 20:19:24,16.494,16.743,63.975,0.750,0,2007376,166332,196668,5498664,26911.451,1713.328,0,6761.350,0,341.866,5927,10633,2.040,1.760,1.020,1,0,196.923,0,0,18,18,6,34,0
22-08 20:19:25,43.493,12.248,42.993,0.250,0,2105396,129136,196680,5439000,31236.002,1661.734,331.947,2527.596,3.999,125.980,3276,4307,2.040,1.760,1.020,3,0,129.979,0,0,18,19,6,32,0
22-08 20:19:26,47.390,6.268,44.882,0,0,2199428,126224,196680,5349972,26768.942,1624.792,0,433.278,0,20.059,2794,12225,2.040,1.760,1.020,2,0,3.009,0,0,18,27,6,32,0
22-08 20:19:27,45.701,6.243,46.950,0.250,0,2263076,130476,196736,5283016,21291.325,1618.277,179.809,1358.553,1.998,91.902,2466,3474,2.040,1.760,1.020,2,0,30.967,0,0,18,34,6,28,0
22-08 20:19:28,10.241,17.984,69.438,0,0,2273916,119428,196740,5283176,6014.641,1456.702,0,0,0,0,2779,4129,2.040,1.760,1.020,1,0,268.761,0,0,18,34,6,28,0
22-08 20:19:29,19.983,11.990,65.693,0.250,0,2273728,125032,196740,5277892,31548.742,1618.602,215.814,8516.642,9.991,466.597,6674,9298,2.040,1.760,1.020,0,0,144.875,0,0,18,34,6,28,0
22-08 20:19:30,3.753,1.001,95.333,0.250,0,2273728,125032,196740,5277892,22481.581,1663.449,0,120.105,0,14.012,1358,1954,2.040,1.760,1.020,2,0,3.003,0,0,18,34,6,28,0
22-08 20:19:31,2.748,0.750,95.940,0,0,2273716,125032,196740,5277904,28622.140,1618.990,0,3.998,0,0.999,1288,1801,1.870,1.730,1.020,0,0,1.999,0,0,18,34,6,28,0
22-08 20:19:32,1.750,0.250,97.017,0,0,2273716,125032,196740,5277904,25394.368,1512.260,0,0,0,0,1155,1666,1.870,1.730,1.020,1,0,2.000,0,0,18,34,6,28,0
22-08 20:19:33,3.248,2.249,93.703,0,0,2293872,120052,196740,5263056,13933.006,1733.130,67.966,119.940,0.999,8.995,1301,1999,1.870,1.730,1.020,0,1,1.999,0,0,18,34,6,28,0
22-08 20:19:34,16.765,16.264,65.558,0,0,2294064,136392,196740,5247000,28096.005,1695.509,180.160,1845.643,9.008,290.258,6112,9918,1.870,1.730,1.020,1,0,219.195,0,0,18,34,6,27,0
22-08 20:19:35,10.510,16.266,71.070,0.250,0,2302160,128156,196740,5246908,28051.715,1567.549,288.285,100.099,18.018,5.005,3681,5572,1.870,1.730,1.020,1,0,242.239,0,0,19,34,6,27,0
22-08 20:19:36,13.720,19.208,65.109,0.499,0,2304316,131840,196732,5241532,28406.613,1746.226,1017.801,1524.705,34.925,269.418,4285,7212,1.800,1.720,1.020,1,0,219.526,0,0,19,34,6,23,0
22-08 20:19:37,13.501,12.001,72.504,0.250,0,2309604,126164,196732,5241500,29687.692,1620.092,216.012,280.016,10.001,11.001,4148,7432,1.800,1.720,1.020,0,0,187.011,0,0,19,34,6,23,0
22-08 20:19:38,8.775,9.778,79.978,0,0,2313168,129568,196732,5235076,25866.694,1624.629,0,1179.360,0,227.649,2960,3991,1.800,1.720,1.020,0,0,149.426,0,0,21,34,6,21,0
22-08 20:19:39,15.493,15.993,66.470,0,0,2321144,121376,196732,5234936,30071.227,1457.333,187.914,3.998,7.996,1.000,4977,8352,1.800,1.720,1.020,1,0,219.899,0,0,21,36,6,21,0
22-08 20:19:40,10.493,19.237,69.452,0.250,0,2312876,136376,196732,5228204,9621.342,1618.880,3.997,767.469,0.999,150.896,3403,4870,1.800,1.720,1.020,2,0,336.767,0,0,21,36,6,18,0
22-08 20:19:41,14.984,18.730,65.180,0,0,2322280,126936,196732,5228436,30800.735,1776.082,0,19.978,0,4.995,3905,6735,1.740,1.710,1.020,2,0,217.765,0,0,21,36,6,18,0
22-08 20:19:42,25.816,23.059,49.627,0,0,2354448,128428,196748,5195284,26141.976,1590.074,12.031,364.935,3.008,7.018,4268,6370,1.740,1.710,1.020,2,0,348.894,0,0,21,36,6,17,0
22-08 20:19:43,29.501,24.001,45.252,0.250,0,2412112,130288,196772,5137248,21513.076,1566.078,8.000,276.014,2.000,3.000,4222,7247,1.740,1.710,1.020,3,0,471.024,0,0,21,36,6,17,0
22-08 20:19:44,32.249,24.999,41.748,0.250,0,2471320,155000,196900,5055124,21850.060,1619.930,159.993,4055.826,10.000,369.984,6129,9435,1.740,1.710,1.020,2,0,487.979,0,0,21,40,6,17,0
22-08 20:19:45,37.491,19.495,42.240,0,0,2527804,138552,196900,5015984,28047.437,1619.621,0,15.996,0,3.999,5345,10530,1.740,1.710,1.020,3,0,218.949,0,0,21,40,6,17,0
22-08 20:19:46,52.765,26.507,20.756,0,0,2668256,118660,196900,4895788,29306.206,1710.479,0,3452.967,0,281.079,4509,6745,1.920,1.750,1.030,3,0,677.190,0,0,21,40,6,17,0
22-08 20:19:47,61.749,18.750,17.750,0,0,2762064,122504,196932,4798204,14140.873,1619.985,8.000,3279.970,2.000,266.998,6160,9952,1.920,1.750,1.030,5,0,270.998,0,0,21,40,6,17,0
22-08 20:19:48,69.741,24.247,4.249,0.500,0,2926860,129292,197688,4628452,29243.111,1511.799,675.910,1023.864,72.990,90.988,3304,7950,1.920,1.750,1.030,5,0,476.937,0,0,21,44,6,17,0
22-08 20:19:49,61.254,23.001,11.001,4.250,0,3012452,126392,197700,4546380,25259.617,1694.108,4.000,27713.774,1.000,2037.130,14880,27152,1.920,1.750,1.030,9,0,298.019,0,0,21,44,6,17,0
22-08 20:19:50,66.975,21.492,6.997,1.999,0,3117544,136396,197768,4432272,29537.101,1565.422,19.993,14770.550,4.998,1223.549,10752,21421,1.920,1.750,1.030,6,0,367.864,0,0,21,46,5,11,0
22-08 20:19:51,76.719,19.742,2.999,0,0,3203788,147384,197768,4337056,23924.239,1661.322,51.979,8624.481,4.998,639.739,9714,22939,2.330,1.840,1.070,9,0,222.909,0,0,21,57,5,18,0
22-08 20:19:52,59.789,26.017,13.759,0,0,3320208,128780,197768,4241168,14908.631,1512.977,260.168,904.584,29.019,57.037,4700,13646,2.330,1.840,1.070,6,0,587.379,0,0,21,63,5,21,0
22-08 20:19:53,41.002,23.501,33.752,0.500,0,3398244,121872,197768,4172208,26923.535,1566.089,0,15456.881,0,1110.063,11652,19345,2.330,1.840,1.070,10,0,304.017,0,0,21,65,5,21,0
22-08 20:19:54,59.748,16.000,23.249,0,0,3545252,134032,197772,4015316,21806.368,1661.952,319.991,1735.950,12.000,212.994,5659,10252,2.330,1.840,1.070,4,0,134.996,0,0,21,66,6,24,0
22-08 20:19:55,32.685,13.972,51.648,1.248,0,3620240,126204,197792,3948652,29930.618,1509.006,451.105,9081.981,26.947,559.889,4560,6922,2.330,1.840,1.070,1,0,159.683,0,0,21,71,5,25,0
22-08 20:19:56,9.752,18.004,70.766,0,0,3626460,119940,197792,3948744,27209.013,1656.366,0,0,0,0,3048,4080,2.140,1.800,1.060,2,0,263.058,0,0,21,71,5,25,0
22-08 20:19:57,10.251,17.752,70.008,0,0,3624200,131648,197792,3939384,20593.368,1620.186,0,140.016,0,13.001,2922,4210,2.140,1.800,1.060,2,0,241.028,0,0,21,71,5,25,0
22-08 20:19:58,8.989,19.976,69.916,0,0,3631724,124092,197792,3939416,28981.107,1584.093,3.995,107.870,0.999,9.988,3006,4041,2.140,1.800,1.060,1,0,253.695,0,0,21,71,5,25,0
22-08 20:19:59,7.507,20.019,70.067,0,0,3635080,120708,197792,3939444,16603.923,1683.615,0,4.004,0,1.001,2839,4035,2.140,1.800,1.060,1,0,256.246,0,0,21,71,5,25,0
22-08 20:20:00,11.488,19.729,66.431,0,0,3635804,119960,197792,3939468,29080.756,1618.317,0,399.584,0,12.986,3103,4550,2.140,1.800,1.060,1,0,276.712,0,0,21,73,5,26,0
22-08 20:20:01,18.053,15.797,63.939,0,0,3633768,122404,197792,3939068,28778.270,1590.713,92.273,16.048,1.003,4.012,5368,9474,2.130,1.810,1.060,2,0,143.425,0,0,21,73,5,26,0
22-08 20:20:02,31.501,23.250,44.751,1.000,0,3694412,129980,197768,3871264,30297.606,1566.031,1592.032,3384.068,57.001,413.008,4562,6104,2.130,1.810,1.060,2,0,412.008,0,0,21,81,5,26,0
22-08 20:20:03,35.493,22.995,39.992,0,0,3784908,134392,197676,3777440,26136.590,1619.665,215.955,675.860,9.998,52.989,5668,12428,2.130,1.810,1.060,6,0,365.924,0,0,21,91,5,26,0
22-08 20:20:04,38.248,20.499,39.998,0,0,3860368,125800,197668,3711356,7331.655,1619.924,79.996,5595.737,10.000,467.978,6927,15371,2.130,1.810,1.060,3,0,382.982,0,0,23,95,5,26,0
22-08 20:20:05,58.392,23.207,16.969,0.499,0,3997492,120028,197608,3582248,29629.275,1690.877,950.245,1908.475,49.908,279.484,5308,9634,2.130,1.810,1.060,4,0,505.067,0,0,23,101,5,26,0
22-08 20:20:06,55.594,20.785,22.037,0.250,0,4073116,128484,197564,3499504,31074.765,1514.572,48.082,6687.355,2.003,541.920,7194,21617,2.360,1.860,1.090,2,0,290.493,0,0,23,117,5,26,0
22-08 20:20:07,37.752,21.501,40.252,0.250,0,4133516,122756,197552,3444960,21989.275,1710.099,4.000,1092.063,1.000,146.008,4705,7286,2.360,1.860,1.090,3,0,637.037,0,0,23,117,5,26,0
22-08 20:20:08,15.754,20.255,62.766,0,0,4142648,130924,197548,3428404,29871.707,1566.404,0,248.064,0,15.004,5626,9877,2.360,1.860,1.090,17,0,247.064,0,0,24,117,5,26,0
22-08 20:20:09,28.221,20.729,50.199,0,0,4188924,119772,197532,3393180,27199.393,1618.357,0,611.379,0,38.960,3891,6489,2.360,1.860,1.090,2,0,324.670,0,0,24,117,5,26,0
22-08 20:20:10,32.254,22.753,41.755,0.750,0,4245540,120224,197512,3336924,33789.257,1620.204,4.001,3452.435,1.000,571.072,5630,8809,2.360,1.860,1.090,2,0,357.045,0,0,24,117,5,26,0
22-08 20:20:11,36.028,25.770,37.529,0.250,0,4332784,120564,197464,3251128,16331.526,1459.119,8.006,612.470,2.002,37.028,5502,17245,2.410,1.880,1.100,3,0,330.253,0,0,24,129,5,26,0
22-08 20:20:12,30.751,23.751,45.002,0,0,4389912,123232,197432,3192564,29527.417,1620.078,44.002,28.001,2.000,7.000,4221,6881,2.410,1.880,1.100,2,0,535.026,0,0,24,130,5,26,0
22-08 20:20:13,21.233,23.481,53.456,0.250,0,4448736,120960,197396,3137596,25824.720,1618.666,99.918,5251.673,11.990,435.641,7232,11874,2.410,1.880,1.100,2,1,433.643,0,0,24,141,5,26,0
22-08 20:20:14,13.991,22.235,61.209,0,0,4448748,162960,197368,3096600,22867.770,1530.980,15.989,463.691,3.997,32.978,3690,5736,2.410,1.880,1.100,1,0,303.798,0,0,24,141,5,26,0
22-08 20:20:15,31.274,16.012,51.039,0,0,4493308,118508,197372,3096488,21164.318,1695.307,216.167,580.448,16.012,45.035,7938,17004,2.410,1.880,1.100,2,0,206.159,0,0,24,145,5,26,0
22-08 20:20:16,47.268,6.502,44.767,0.250,0,4624528,120388,197240,2967392,14827.649,1512.576,1200.457,288.110,16.006,25.010,2146,2807,2.460,1.900,1.110,4,0,3.001,0,0,24,145,5,26,0
22-08 20:20:17,42.863,5.981,49.342,0.997,0.249,4704472,124060,197156,2887096,26207.268,1561.013,550.242,5374.827,49.841,473.487,3374,3375,2.460,1.900,1.110,1,0,3.987,0,0,24,150,5,26,0
22-08 20:20:18,29.830,23.062,45.122,0,0,4668652,159516,197156,2887460,32493.635,1624.381,352.952,561.514,12.032,38.103,4550,7392,2.460,1.900,1.110,2,0,465.255,0,0,24,149,5,26,0
22-08 20:20:19,37.777,24.768,34.524,0.500,0,4703900,130332,197148,2882048,27091.181,1555.101,14262.098,400.283,211.149,39.028,7243,17453,2.460,1.900,1.110,2,0,454.322,0,0,24,166,5,25,0
22-08 20:20:20,57.731,20.743,15.745,3.499,0,4729580,138548,196780,2851496,33339.864,1565.477,44593.106,8029.318,509.830,516.827,6021,10607,2.460,1.900,1.110,5,0,166.944,0,0,24,165,5,25,0
22-08 20:20:21,66.250,20.750,9.250,4,0,4842180,199216,196416,2683248,22190,1620,48852,2336,562,192,5937,8955,2.580,1.930,1.120,6,0,112,0,0,24,183,5,21,0
22-08 20:20:22,70.680,17.732,3.497,7.493,0,4883308,129872,196520,2712132,14920.229,1618.398,58749.838,1990.030,1024.985,166.835,8617,14235,2.580,1.930,1.120,5,0,41.958,0,0,24,188,5,22,0
22-08 20:20:23,51.556,26.529,17.519,3.254,0,4924468,132504,196412,2670208,22457.569,1695.855,41104.969,620.679,426.467,22.024,6741,12770,2.580,1.930,1.120,3,0,326.357,0,0,24,189,5,27,0
22-08 20:20:24,42.090,24.905,25.901,3.736,0,4898216,139752,196424,2689948,29161.042,1506.269,38063.170,15206.141,383.541,637.574,9069,10931,2.580,1.930,1.120,2,0,367.601,0,0,24,187,5,27,0
22-08 20:20:25,51.198,26.603,17.819,2.510,0,4947028,127416,195796,2655112,17835.811,1626.274,50522.917,799.083,490.894,45.174,7041,12783,2.580,1.930,1.120,4,0,388.499,0,0,24,189,5,28,0
22-08 20:20:26,57.484,28.492,12.497,0.250,0,4991396,128920,195004,2611844,29350.782,1619.547,3531.011,14635.902,49.986,542.848,13701,30226,3.020,2.040,1.160,8,0,348.902,0,0,24,193,5,28,0
22-08 20:20:27,61.274,21.008,15.006,0.500,0,5051884,126100,194088,2557256,25542.191,1608.642,1044.417,6134.448,62.025,540.216,9007,19514,3.020,2.040,1.160,3,0,323.129,0,0,24,197,5,30,0
22-08 20:20:28,57.476,22.491,19.742,0.250,0,5105424,122940,193256,2508520,14380.075,1619.333,255.895,3090.727,16.993,204.916,5744,11056,3.020,2.040,1.160,3,0,384.841,0,0,24,199,5,31,0
22-08 20:20:29,61.572,18.197,18.447,0.748,0,5151920,143956,192204,2442888,28971.129,1615.324,283.180,7378.639,28.916,765.783,8678,17972,3.020,2.040,1.160,4,0,211.388,0,0,24,203,5,32,0
22-08 20:20:30,67.547,9.507,22.516,0.500,0,5290940,128696,190132,2324160,21574.167,1695.192,632.445,2061.449,43.030,300.211,4229,6152,3.020,2.040,1.160,5,0,3.002,0,0,24,209,5,34,0
22-08 20:20:31,58.304,8.007,32.030,0.751,0,5325440,125380,189988,2293924,70881.707,17045.801,808.750,720.668,56.052,58.054,6374,13259,2.930,2.030,1.160,5,0,8.007,0,0,24,220,5,38,0
22-08 20:20:32,44.282,17.262,35.525,0.500,0,5304044,154616,189836,2286284,29970.369,1861.327,144.103,5435.876,9.006,504.360,7295,12975,2.930,2.030,1.160,3,0,385.275,0,0,24,223,5,40,0
22-08 20:20:33,34.652,23.932,39.638,0.499,0,5299216,158600,189844,2287468,6198.483,1709.170,638.196,1427.965,13.961,163.538,5400,10077,2.930,2.030,1.160,7,0,397.876,0,0,24,223,5,40,0
22-08 20:20:34,49.423,17.060,31.360,0.251,0,5304244,152992,189856,2287904,29578.347,1571.491,260.912,646.258,15.053,49.172,7592,14126,2.930,2.030,1.160,3,0,226.792,0,0,25,226,5,41,0
22-08 20:20:35,67.243,9.999,21.748,1.250,0,5433840,181856,188088,2134516,27709.201,1511.847,1703.828,3091.688,130.987,389.961,6142,4869,2.930,2.030,1.160,3,0,5.999,0,0,25,226,5,42,0
22-08 20:20:36,67.500,10.000,21.250,0.500,0,5474692,139372,188140,2136240,32322.129,1620.006,736.003,2944.012,59.000,198.001,9140,12591,2.940,2.050,1.180,3,0,33.000,0,0,25,227,5,44,0
22-08 20:20:37,30.634,10.460,56.287,0.747,0,5504092,122992,188016,2123876,34776.129,3525.631,87.668,6188.533,6.974,547.922,5184,9852,2.940,2.050,1.180,2,0,188.286,0,0,25,231,5,45,0
22-08 20:20:38,27.270,6.004,64.548,0.250,0,5498520,135856,187780,2117000,10647810.789,64883.754,0,5255.868,0,178.131,5716,4771,2.940,2.050,1.180,2,0,5.004,0,0,25,228,5,45,0
22-08 20:20:39,30.253,5.501,62.507,0.250,0,5457472,185756,187420,2108948,10639952.115,43344.681,0,4708.509,0,70.008,5976,6276,2.940,2.050,1.180,1,0,10.001,0,0,25,230,5,45,0
22-08 20:20:40,15.488,13.240,70.197,0.250,0,5484340,156096,187428,2111748,742353.554,4054.922,2058.438,227.827,22.983,12.990,3406,5265,2.940,2.050,1.180,1,0,285.783,0,0,25,229,5,45,0
22-08 20:20:41,25.524,3.754,68.565,1.001,0,5520692,127460,187304,2104196,21928.767,1555.473,4.004,14313.555,1.001,229.217,3211,4643,2.780,2.030,1.170,1,0,2.002,0,0,25,239,5,46,0
22-08 20:20:42,25.749,3.250,68.747,0.250,0,5529076,125664,187192,2097720,30216.882,1735.936,455.983,487.982,25.999,53.998,4274,9793,2.780,2.030,1.170,1,0,4.000,0,0,25,248,5,48,0
22-08 20:20:43,25.521,3.503,68.055,0.500,0.250,5534112,134868,186932,2084400,25370.677,1567.277,0,572.467,0,57.046,5125,9809,2.780,2.030,1.170,1,0,1.001,0,0,25,249,5,48,0
22-08 20:20:44,30.056,10.019,57.608,1.252,0,5490428,203788,186192,2061460,29541.272,1514.834,124.232,21921.014,13.024,92.172,7368,13224,2.780,2.030,1.170,3,0,110.206,0,0,25,251,5,58,2
22-08 20:20:45,20.432,8.222,70.016,0.249,0,5544412,149636,186192,2061628,10347.347,1614.593,103.653,310.959,16.943,10.963,2508,3781,2.780,2.030,1.170,3,0,121.593,0,0,25,251,5,56,2
22-08 20:20:46,15.994,8.747,68.976,5.998,0,5535260,132068,187184,2088720,22866.134,1693.417,5050.263,7293.491,889.694,436.850,3695,4778,2.640,2.020,1.170,1,0,0,0,0,25,251,5,56,2
22-08 20:20:47,23.495,4.499,69.485,0.750,0,5534936,131324,187248,2089704,30300.546,1639.651,451.904,1655.647,65.986,75.984,2480,3288,2.640,2.020,1.170,4,0,9.998,0,0,25,253,5,56,2
22-08 20:20:48,22.017,7.506,67.301,1.001,0,5549884,127244,187000,2079752,31040.715,1695.295,668.511,39314.036,142.109,240.184,15349,29176,2.640,2.020,1.170,1,0,4.003,0,0,25,253,5,57,2
22-08 20:20:49,22.811,7.269,69.686,0,0,5568868,139900,186400,2050456,32767.391,1516.043,0,0,0,0,4966,8632,2.640,2.020,1.170,1,0,3.008,0,0,25,253,5,58,2
22-08 20:20:50,22.009,6.252,71.278,0,0,5570360,138672,186400,2050296,12039.708,1694.663,0,48.019,0,4.002,1734,2836,2.640,2.020,1.170,3,0,0,0,0,25,253,5,58,2
22-08 20:20:51,27.942,11.725,58.128,0.998,0,5495552,247052,185304,2020948,15206.173,1616.616,1185.519,307.357,125.737,23.950,3264,4914,2.510,2,1.170,1,0,225.528,0,0,25,255,5,52,0
22-08 20:20:52,25.941,9.229,63.356,0,0,5553596,188848,185312,2021100,10938.203,1616.336,0,307.303,0,20.953,4237,8052,2.510,2,1.170,1,0,263.403,0,0,25,257,5,53,0
22-08 20:20:53,16.553,13.041,69.471,0.251,0,5514556,227848,185316,2021132,7633.236,1625.160,20.064,8370.577,2.006,135.430,3095,4570,2.510,2,1.170,3,0,176.561,0,0,25,257,5,48,0
22-08 20:20:54,10.501,19.002,68.259,0.250,0,5525712,216648,185340,2021152,5793.724,1768.221,36.005,444.056,3.000,43.005,3369,5150,2.510,2,1.170,1,0,260.033,0,0,25,263,5,48,0
22-08 20:20:55,8.972,13.707,75.514,0.249,0,5527240,214980,185344,2021288,13088.074,1453.455,23.925,199.377,1.994,9.969,2991,4568,2.510,2,1.170,3,0,237.258,0,0,25,263,5,48,0
22-08 20:20:56,8.262,1.252,87.879,0,0,5549668,192552,185344,2021288,10292.057,1622.374,0,28.041,0,4.006,1600,2582,2.310,1.970,1.170,2,0,9.013,0,0,25,263,5,44,0
22-08 20:20:57,24.813,3.258,70.680,0,0,5597480,144732,185348,2021292,14216.209,1624.137,0,60.153,0,6.015,2292,3590,2.310,1.970,1.170,2,0,0,0,0,25,265,5,44,0
22-08 20:20:58,19.230,9.990,69.677,0,0,5529828,212188,185380,2021456,5950.752,1618.301,279.706,483.492,27.971,44.953,3614,6975,2.310,1.970,1.170,1,0,173.817,0,0,25,269,5,45,0
22-08 20:20:59,11.755,16.507,70.029,0,0,5528752,212768,185380,2021936,13314.446,1662.680,76.031,28.011,9.004,2.001,3558,5987,2.310,1.970,1.170,2,0,250.102,0,0,25,269,5,45,0
22-08 20:21:00,14.264,14.264,69.067,0.250,0,5534352,206740,185400,2022344,9159.867,1621.570,156.151,468.453,10.010,35.034,3605,5981,2.310,1.970,1.170,1,0,251.243,0,0,25,269,5,46,0
22-08 20:21:01,25.910,4.235,69.259,0.249,0,5609292,131732,185412,2022400,4534.198,1452.937,0,263.083,0,17.937,2007,3129,2.200,1.950,1.160,1,0,23.917,0,0,25,273,5,46,0
22-08 20:21:02,25.230,2.748,69.695,0.749,0,5648592,136836,184312,1981904,5018.046,1618.724,187.852,5487.676,8.993,532.580,2886,3404,2.200,1.950,1.160,2,0,2.998,0,0,25,279,5,45,0
22-08 20:21:03,24.054,3.758,70.407,0.752,0,5562332,223328,184324,1981828,13852.975,1697.796,40.090,3090.911,6.013,185.415,2565,4004,2.200,1.950,1.160,1,0,5.011,0,0,25,275,5,45,0
22-08 20:21:04,24.750,2.750,71.249,0,0,5619876,165736,184324,1981876,10160.817,1531.972,0,0,0,0,1769,2741,2.200,1.950,1.160,1,0,3.000,0,0,25,275,5,45,0
22-08 20:21:05,25.750,3.000,70.749,0,0,5631284,154144,184324,1982060,14951.850,1619.984,36.000,159.998,3.000,12.000,3239,5557,2.200,1.950,1.160,2,0,1.000,0,0,25,277,5,45,0
22-08 20:21:06,25.447,3.742,69.854,0,0,5594632,190684,184436,1982060,11556.800,1616.615,111.766,203.574,5.987,18.960,2144,3256,2.110,1.930,1.160,1,0,15.967,0,0,25,275,5,45,0
22-08 20:21:07,21.510,8.754,67.783,0.250,0,5545052,238948,184440,1983372,14249.940,1458.710,1456.709,280.136,23.011,24.012,2659,3880,2.110,1.930,1.160,2,0,88.043,0,0,25,275,5,45,0
22-08 20:21:08,11.501,20.001,66.504,0.250,0,5538348,245524,184452,1983488,15418.894,1620.094,60.003,544.032,5.000,25.001,3624,5601,2.110,1.930,1.160,1,0,306.018,0,0,25,275,5,45,0
22-08 20:21:09,18.808,10.783,68.711,0,0,5545836,237604,184460,1983912,6183.960,1624.982,300.923,349.070,67.206,26.080,2672,4101,2.110,1.930,1.160,1,0,160.492,0,0,25,275,5,46,0
22-08 20:21:10,22.998,3.750,71.994,1.000,0,5583572,199076,184784,1984380,15165.802,1457.885,803.936,311.975,63.995,10.999,1863,2779,2.110,1.930,1.160,2,0,4.000,0,0,25,275,5,46,0
22-08 20:21:11,20.667,5.976,70.965,0.249,0,5566068,213128,184792,1987824,20128.085,2934.204,3290.771,163.343,41.832,4.980,9174,17632,2.020,1.920,1.160,0,0,11.952,0,0,25,276,5,46,0
22-08 20:21:12,22.782,3.255,71.850,0.501,0,5588496,188740,184936,1989640,7797.862,3287.580,288.402,560.781,28.039,20.028,2104,3051,2.020,1.920,1.160,1,0,2.003,0,0,25,276,5,46,0
22-08 20:21:13,25.244,6.249,67.235,0,0,5635892,141284,184956,1989680,13116.075,1457.675,31.993,455.898,1.000,33.992,10244,19634,2.020,1.920,1.160,1,0,15.996,0,0,25,276,5,46,0
22-08 20:21:14,22.573,4.013,72.233,0.251,0,5655884,146764,184316,1965892,16228.336,3718.994,521.682,244.789,49.159,26.084,2108,3137,2.020,1.920,1.160,5,0,5.016,0,0,25,277,5,46,0
22-08 20:21:15,26.667,4.985,65.796,0,0,5631608,165464,184872,1972920,14077.290,1788.447,3070.466,897.214,24.923,16.947,2827,3663,2.020,1.920,1.160,1,0,3.988,0,0,25,276,5,46,0
22-08 20:21:16,21.756,4.001,72.521,0,0,5655848,141240,184884,1972892,16738.955,4578.355,16.005,480.142,3.001,12.004,2344,3332,1.940,1.900,1.160,1,0,4.001,0,0,25,277,5,46,0
22-08 20:21:17,27.313,5.513,65.652,0.752,0,5653444,153928,185160,1962992,7605.660,1798.175,8.019,4911.404,2.005,409.952,6634,9043,1.940,1.900,1.160,1,0,6.014,0,0,25,276,5,46,0
22-08 20:21:18,27.263,8.254,63.279,0.250,0,5645332,161636,185208,1963360,13328.144,1620.747,32.015,764.352,2.001,32.015,15530,31388,1.940,1.900,1.160,1,0,13.006,0,0,25,278,5,46,0
22-08 20:21:19,23.722,6.492,68.419,0.250,0,5626716,192752,185260,1950804,13416.156,1530.193,0,1002.816,0,22.973,2725,4457,1.940,1.900,1.160,2,0,15.981,0,0,25,278,5,46,0
22-08 20:21:20,17.718,11.479,69.625,0,0,5559756,260008,185260,1950540,6700.925,1790.773,0,203.633,0,10.980,3232,5507,1.940,1.900,1.160,1,0,263.525,0,0,25,277,4,46,0
22-08 20:21:21,27.002,3.250,69.755,0.250,0,5603496,216048,185272,1950748,13806.911,1620.107,4.000,320.021,1.000,29.002,2534,4251,1.860,1.890,1.160,2,0,1.000,0,0,25,281,4,47,0
22-08 20:21:22,23.499,6.750,69.498,0.250,0,5572368,246988,185276,1950932,9430.679,1619.945,35.999,851.971,5.000,21.999,3132,5579,1.860,1.890,1.160,1,0,112.996,0,0,25,277,4,46,0
22-08 20:21:23,26.496,3.000,70.489,0,0,5602620,216500,185284,1951160,13693.905,1661.746,15.998,227.965,1.000,20.997,2832,4705,1.860,1.890,1.160,1,0,0,0,0,25,277,4,46,0
22-08 20:21:24,22.731,6.245,69.943,0,0,5606444,212668,185284,1951168,9290.373,1618.671,0,123.898,0,7.993,2152,3249,1.860,1.890,1.160,1,0,69.943,0,0,25,277,4,41,0
22-08 20:21:25,24.754,5.001,69.512,0.250,0.250,5561516,257480,185300,1951268,7259.234,1620.275,0,204.035,0,17.003,3277,5522,1.860,1.890,1.160,2,0,56.010,0,0,25,277,4,41,0
22-08 20:21:26,26.243,2.999,69.732,0,0,5614244,204740,185300,1951280,13497.612,1499.624,0,115.971,0,7.998,2273,3404,1.870,1.890,1.170,3,0,0,0,0,25,277,4,40,0
22-08 20:21:27,25.343,4.015,70.508,0,0,5580812,238160,185300,1951292,12780.778,1696.208,0,152.558,0,9.033,2696,4016,1.870,1.890,1.170,2,0,32.118,0,0,25,277,4,42,0
22-08 20:21:28,26.253,3.250,70.257,0.250,0,5612712,206076,185304,1951472,13004.248,1694.163,0,248.024,0,25.002,2725,5222,1.870,1.890,1.170,1,0,0,0,0,25,278,4,40,0
22-08 20:21:29,23.743,5.748,69.729,0,0,5591168,227344,185304,1951748,9346.140,1693.482,0,407.875,0,49.985,2485,3934,1.870,1.890,1.170,1,0,47.985,0,0,25,277,4,40,0
22-08 20:21:30,26.219,3.496,68.920,0.250,0,5531824,286672,185304,1951764,13724.969,1456.299,3.995,323.622,0.999,21.974,2450,4390,1.870,1.890,1.170,2,0,22.973,0,0,25,277,4,38,0
22-08 20:21:31,25.006,4.001,70.517,0,0,5589848,228636,185304,1951776,16721.930,1694.398,0,244.057,0,16.004,2067,3140,1.800,1.870,1.160,1,0,9.002,0,0,25,278,4,38,0
22-08 20:21:32,21.493,8.247,67.727,0.500,0,5528212,290260,185304,1951788,13080.526,1619.446,0,2635.099,0,406.861,4263,6310,1.800,1.870,1.160,1,0,118.959,0,0,25,277,4,31,0
22-08 20:21:33,11.235,21.222,66.663,0.499,0,5536468,281952,185316,1951828,6014.158,1549.979,15.979,471.385,0.999,31.958,3745,6092,1.800,1.870,1.160,2,0,388.493,0,0,25,277,4,31,0
22-08 20:21:34,11.249,20.748,66.244,0,0,5538932,279464,185316,1951852,13560.766,1619.853,0,207.981,0,13.999,3563,5525,1.800,1.870,1.160,1,0,361.967,0,0,25,277,4,30,0
22-08 20:21:35,10.274,21.300,65.904,0,0,5543440,274932,185316,1951876,13403.377,1697.975,0,561.314,0,40.094,3638,5701,1.800,1.870,1.160,2,0,363.852,0,0,25,277,4,30,0
22-08 20:21:36,12.723,18.710,65.860,0,0,5543680,274656,185320,1951908,18926.762,1454.907,0,506.922,0,43.907,3915,6117,1.820,1.880,1.170,1,0,376.200,0,0,25,277,4,27,0
22-08 20:21:37,11.250,21.749,65.997,0,0,5541508,276808,185324,1951924,9013.648,1619.937,0,295.988,0,27.999,3687,5972,1.820,1.880,1.170,1,0,363.986,0,0,25,277,4,27,0
22-08 20:21:38,10.263,21.777,65.833,0.250,0.250,5543144,275152,185324,1951944,13090.507,1622.045,0,336.424,0,29.037,3818,6041,1.820,1.880,1.170,1,0,398.503,0,0,25,277,4,27,0
22-08 20:21:39,10.998,20.747,65.990,0,0,5543268,275012,185328,1951956,10058.501,1457.783,0,275.959,0,17.997,3576,5889,1.820,1.880,1.170,1,0,373.944,0,0,25,277,4,27,0
22-08 20:21:40,10.017,22.287,66.360,0,0,5542104,276132,185344,1951984,6502.788,1622.692,0,240.399,0,20.033,3533,5932,1.820,1.880,1.170,1,0,389.646,0,0,25,277,4,27,0
22-08 20:21:41,11.719,21.443,65.577,0.249,0,5539992,278216,185344,1952012,16832.545,5077.590,0,91.758,0,9.974,3615,5864,1.750,1.860,1.170,2,0,386.978,0,0,25,277,4,27,0
22-08 20:21:42,15.283,12.527,70.151,0.752,0,5554420,262620,185348,1953176,13246.480,1461.141,1298.792,192.414,85.183,10.022,3172,4987,1.750,1.860,1.170,1,0,237.511,0,0,25,277,4,27,0
22-08 20:21:43,18.438,8.970,64.783,6.229,0,5564120,241360,185356,1974312,13419.949,1614.580,12167.155,7.973,958.781,1.993,8316,14064,1.750,1.860,1.170,1,0,5.980,0,0,25,277,4,24,0
22-08 20:21:44,27.504,4.501,68.009,0,0,5580368,222504,185356,1976920,17671.333,3712.490,16.002,20.003,3.000,3.000,1909,2727,1.750,1.860,1.170,0,0,5.001,0,0,25,276,4,24,2
22-08 20:21:45,20.225,3.246,73.658,1.248,0,5597108,204800,185408,1977828,30915.510,14634.780,918.856,4082.917,72.909,53.933,2154,3166,1.750,1.860,1.170,0,0,0,0,0,25,276,4,14,2
22-08 20:21:46,17.522,1.752,77.098,0.751,0,5616964,183408,185432,1979336,32335.098,13485.140,1109.410,1421.807,72.092,52.066,2198,3254,1.690,1.850,1.170,1,0,0,0,0,25,276,4,14,2
22-08 20:21:47,19.066,2.258,76.515,1.003,0,5624608,174588,185448,1980488,27194.310,13764.736,1079.745,5314.430,73.254,265.922,2554,3090,1.690,1.850,1.170,1,0,0,0,0,25,276,4,14,2
22-08 20:21:48,20.728,1.998,74.421,2.248,0,5625696,149892,185496,2004048,19920.844,10977.342,12031.223,1562.341,174.814,73.921,2635,3796,1.690,1.850,1.170,1,0,0,0,0,25,276,4,14,2
22-08 20:21:49,23.226,3.996,69.678,1.498,0,5624064,146640,185220,2009804,12872.702,1660.285,3480.405,2201.726,46.951,88.908,2413,3505,1.690,1.850,1.170,1,0,1.998,0,0,25,276,4,13,2
22-08 20:21:50,24.730,4.746,70.193,0.500,0,5654108,187288,184576,1943272,10064.827,1660.652,0,1758.572,0,59.951,3085,3154,1.690,1.850,1.170,1,0,0,0,0,25,276,4,13,2
22-08 20:21:51,24.503,3.750,69.508,1.750,0,5654992,162116,184736,1967372,11271.296,1458.168,0,3988.459,0,173.020,2551,4122,1.640,1.830,1.170,1,0,1.000,0,0,25,276,4,12,2
22-08 20:21:52,29.505,6.001,63.261,0.500,0,5560824,258000,185008,1964848,17272.885,1794.300,0,1940.324,0,73.012,2975,5708,1.640,1.830,1.170,1,0,36.006,0,0,25,275,4,13,2
22-08 20:21:53,22.925,5.482,69.773,0.249,0,5612772,205540,185012,1965496,27117.759,2741.081,486.417,1156.238,8.971,10.964,2257,2904,1.640,1.830,1.170,0,0,8.971,0,0,25,278,4,12,2
22-08 20:21:54,22.395,3.020,73.475,0,0,5600284,211088,185072,1971800,36558.239,2684.346,0,1429.236,0,21.137,2013,2785,1.640,1.830,1.170,1,0,2.013,0,0,25,277,4,12,2
22-08 20:21:55,18.939,3.240,75.507,0.249,0,5634216,175444,185076,1973412,15755.315,4462.644,0,442.576,0,10.965,1789,2769,1.640,1.830,1.170,1,0,4.984,0,0,25,278,4,12,2
22-08 20:21:56,22.497,7.749,68.992,0,0,5605616,198440,185084,1978128,21563.499,1793.792,0,935.891,0,13.998,9070,17478,1.580,1.820,1.170,1,0,12.998,0,0,25,277,4,12,2
22-08 20:21:57,24.013,6.003,67.787,0,0,5617800,186048,185116,1978256,28726.656,1458.795,0,84.046,0,1.001,9429,18126,1.580,1.820,1.170,1,0,20.011,0,0,25,277,4,12,2
22-08 20:21:58,23.822,5.015,69.712,0.502,0,5552864,265000,185136,1965624,28786.395,1624.933,0,2463.479,0,37.113,2285,3066,1.580,1.820,1.170,1,0,10.030,0,0,25,277,4,12,2
22-08 20:21:59,24.986,5.247,67.962,0,0,5558024,258764,185136,1966700,24691.370,1619.106,0,7.996,0,1.999,9569,18720,1.580,1.820,1.170,2,0,47.974,0,0,25,277,4,11,2
22-08 20:22:00,23.179,3.240,71.532,0,0,5604652,212124,185136,1966712,21752.763,2741.652,0,546.336,0,5.982,1963,2915,1.580,1.820,1.170,4,0,7.976,0,0,25,278,4,12,2
22-08 20:22:01,22.754,4.001,72.511,0,0,5599764,209976,185156,1973144,32569.081,2709.423,4.001,1052.164,1.000,23.004,2155,2917,1.540,1.800,1.160,2,0,4.001,0,0,25,277,4,11,2
22-08 20:22:02,20.251,3.000,75.254,0.250,0,5625020,177464,185176,1979708,35426.019,4543.259,0,1068.061,0,16.001,2035,2678,1.540,1.800,1.160,1,0,4.000,0,0,25,278,4,11,2
22-08 20:22:03,24.831,6.270,67.971,0.251,0,5589864,212460,185224,1979500,29601.293,1799.855,0,1902.188,0,253.826,10121,19267,1.540,1.800,1.160,1,0,14.046,0,0,25,279,4,11,2
22-08 20:22:04,24.002,6.001,68.507,0,0,5596156,205820,185280,1979728,22870.264,1620.160,0,168.017,0,2.000,9266,18118,1.540,1.800,1.160,1,0,19.002,0,0,25,279,4,11,2
22-08 20:22:05,24.155,4.482,70.722,0,0,5584288,231780,185316,1966848,31325.733,1613.650,0,509.993,0,11.953,2139,2898,1.540,1.800,1.160,3,0,8.965,0,0,25,279,4,11,2
22-08 20:22:06,23.237,6.246,67.711,0,0,5551592,264448,185332,1966860,33175.090,1619.077,0,975.444,0,29.983,2794,4063,1.490,1.790,1.160,5,0,90.948,0,0,25,279,4,11,2
22-08 20:22:07,24.344,6.776,67.259,0.251,0,5568292,232644,185476,1980820,20566.056,1463.626,0,192.741,0,18.069,13293,25836,1.490,1.790,1.160,1,0,10.039,0,0,25,279,4,11,2
22-08 20:22:08,21.883,6.217,69.878,0.497,0,5587708,211156,185524,1982632,34955.895,4382.667,3.979,105534.136,0.995,449.606,3299,3661,1.490,1.790,1.160,0,0,2.984,0,0,25,280,4,11,2
22-08 20:22:09,20.055,2.507,76.459,0.752,0,5602192,196600,185600,1982692,47722.186,13592.079,0,1684.596,0,66.181,2551,3652,1.490,1.790,1.160,0,1,1.003,0,0,25,280,4,11,2
22-08 20:22:10,7.994,1.249,89.185,0.250,0,5603388,195088,185668,1982936,63254.014,8436.866,0,799.419,0,32.976,1931,2933,1.490,1.790,1.160,0,0,0,0,0,25,281,4,11,2
22-08 20:22:11,8.999,1.250,86.994,0.750,0,5605324,192848,185792,1983076,140820.720,12127.115,0,1459.893,0,65.995,2123,2994,1.370,1.760,1.160,2,0,0,0,0,25,281,4,11,2
22-08 20:22:12,20.306,2.006,76.712,0.251,0,5625664,172240,185856,1983216,16566.840,9964.572,0,982.719,0,35.097,1858,2868,1.370,1.760,1.160,1,0,0,0,0,25,281,4,11,2
22-08 20:22:13,21.440,1.745,75.789,0.249,0,5642504,154940,185964,1983588,269992.960,15338.390,0,11141.050,0,111.690,2529,2970,1.370,1.760,1.160,1,0,5.983,0,0,25,281,4,11,2
22-08 20:22:14,11.256,2.251,82.046,2.001,0,5642132,154436,186348,1983916,151804.555,23297.977,56.031,3009.676,9.005,143.080,2814,3854,1.370,1.760,1.160,1,0,0,0,0,25,281,4,11,2
22-08 20:22:15,20.995,4.249,71.984,0.250,0,5655188,153040,186272,1972568,550976.030,19193.681,1399.685,1039.766,18.996,38.991,2817,3593,1.370,1.760,1.160,0,0,4.999,0,0,25,281,4,11,2
22-08 20:22:16,17.750,4.750,73.748,2.750,0,5649652,135784,186240,1995916,7008129.780,52486.583,10135.726,14815.600,65.998,495.987,5380,5208,1.340,1.750,1.160,1,0,3.000,0,0,25,281,4,11,2
22-08 20:22:17,24.014,7.504,66.039,0.750,0,5660092,144948,188736,1975176,30731.162,1566.926,0,18943.195,0,184.109,3739,3660,1.340,1.750,1.160,2,0,1.001,0,0,25,281,4,11,2
22-08 20:22:18,24.558,5.513,68.160,0.752,0,5663256,157692,188520,1960468,29077.128,1623.805,0,11057.909,0,159.373,2731,3518,1.340,1.750,1.160,1,0,0,0,0,25,281,4,11,2
22-08 20:22:19,22.757,6.502,67.272,2.001,0.250,5651764,143800,189300,1984664,5703.865,1512.495,0,44658.603,0,419.137,3076,4362,1.340,1.750,1.160,1,0,1.000,0,0,25,281,4,11,2
22-08 20:22:20,23.961,5.491,68.389,1.248,0,5653244,137668,189812,1989580,21470.240,1563.469,0,3861.748,0,115.812,2531,3840,1.340,1.750,1.160,2,0,0,0,0,25,281,4,11,2
22-08 20:22:21,26.200,5.240,65.874,0.499,0,5652852,141652,191056,1983960,30271.152,1616.910,0,2682.873,0,61.882,3463,5952,1.320,1.740,1.160,1,0,0.998,0,0,25,281,4,11,2
22-08 20:22:22,22.245,5.249,70.484,1.250,0,5673400,199688,182592,1916516,36655.936,4267.061,39.991,3183.300,2.999,114.975,3207,4621,1.320,1.740,1.160,1,0,1.000,0,0,25,279,4,12,2
22-08 20:22:23,25.785,3.004,70.344,0,0,5595116,277988,182612,1916508,30531.882,1622.172,0,4.005,0,1.001,2070,2636,1.320,1.740,1.160,1,0,6.008,0,0,25,279,4,12,2
22-08 20:22:24,20.738,2.748,74.456,0,0,5631340,237420,182656,1920808,15570.860,3708.823,0,859.495,0,23.986,1918,2825,1.320,1.740,1.160,1,0,2.998,0,0,25,280,4,11,2
22-08 20:22:25,22.988,4.997,71.213,0,0,5629480,236852,182856,1922860,30273.197,2922.474,0,1139.405,0,12.993,2091,2937,1.320,1.740,1.160,0,0,5.997,0,0,25,280,4,11,2
22-08 20:22:26,21.084,3.765,72.539,0.251,0,5613844,244900,183428,1928964,32159.251,3500.962,0,1401.590,0,31.124,6097,11052,1.290,1.720,1.150,1,0,6.024,0,0,25,279,4,11,2
22-08 20:22:27,22.173,5.979,69.757,0,0,5602092,256328,183496,1929188,22785.547,1698.079,0,87.694,0,1.993,5867,10953,1.290,1.720,1.150,3,0,8.969,0,0,25,279,4,11,2
22-08 20:22:28,23.236,7.995,67.459,0.250,0,5622812,235440,183520,1929300,27627.285,1565.053,0,2602.426,0,27.983,9796,18965,1.290,1.720,1.150,1,0,11.993,0,0,25,279,4,9,2
22-08 20:22:29,22.829,6.773,69.740,0.251,0,5565400,306128,183540,1916728,28326.557,1625.599,0,469.617,0,23.079,2394,3531,1.290,1.720,1.150,1,0,9.031,0,0,25,279,4,9,2
22-08 20:22:30,22.927,4.486,70.275,2.243,0,5602600,263832,184064,1921332,20434.589,1614.831,2862.836,689.792,340.909,135.566,2878,3678,1.290,1.720,1.150,1,0,6.978,0,0,25,279,4,10,2
22-08 20:22:31,27.011,3.001,67.027,1.000,0,5604428,261340,184096,1921944,14384.696,1620.642,188.074,3345.325,17.007,127.050,4234,8307,1.590,1.780,1.180,3,0,0,0,0,25,281,4,11,2
22-08 20:22:32,28.006,2.250,67.515,0.500,0,5605080,260080,184132,1922524,26917.895,1512.331,364.080,972.213,28.006,105.023,4536,8940,1.590,1.780,1.180,2,0,0,0,0,25,287,4,10,2
22-08 20:22:33,27.823,3.509,66.925,1.253,0,5607016,256804,184136,1923860,30555.996,1664.357,1018.667,1243.255,74.194,148.388,4269,7057,1.590,1.780,1.180,3,0,3.008,0,0,25,289,4,10,2
22-08 20:22:34,17.961,11.475,66.358,0.998,0,5557272,305640,184204,1924700,30059.522,1690.374,766.356,1971.771,38.917,192.587,5028,8460,1.590,1.780,1.180,2,0,205.559,0,0,25,289,4,10,2
22-08 20:22:35,13.484,15.731,68.418,0.749,0,5561252,298876,184344,1927344,20672.338,1510.198,2804.654,431.485,39.952,18.977,3343,4949,1.590,1.780,1.180,1,0,234.720,0,0,25,289,4,12,2
22-08 20:22:36,9.490,5.245,68.930,13.986,0,5532788,284092,184492,1970448,15952.728,1564.404,43116.022,1090.887,3363.569,30.968,5592,9989,1.540,1.760,1.170,0,1,9.990,0,0,25,289,4,12,2
22-08 20:22:37,9.015,3.005,86.394,1.002,0,5537308,275528,184648,1974324,33863.484,3252.425,3882.476,1330.219,82.137,45.075,2574,3806,1.540,1.760,1.170,0,0,7.012,0,0,25,290,4,12,2
22-08 20:22:38,5.247,0.999,91.699,0.250,0,5537300,275528,184656,1974324,57635.013,4442.534,0,403.776,0,43.976,2048,3223,1.540,1.760,1.170,0,0,0,0,0,25,290,4,12,2
22-08 20:22:39,5.498,1.500,91.473,0.250,0,5537888,274268,184680,1974972,124654.601,2555.254,623.818,383.888,6.998,24.993,2107,3297,1.540,1.760,1.170,2,0,2.999,0,0,25,290,4,13,2
22-08 20:22:40,6.999,2.500,87.243,0.500,0,5533996,274048,185188,1978672,133153.747,120200.745,3395.739,1223.906,61.995,19.998,2141,2920,1.540,1.760,1.170,1,0,9.999,0,0,25,289,4,12,2
22-08 20:22:41,6.001,1.750,91.267,0.750,0,5533972,274048,185200,1978684,40683.526,5057.936,0,1904.352,0,120.022,2268,3150,1.420,1.740,1.170,1,0,0,0,0,25,289,4,12,2
22-08 20:22:42,2.751,1.501,94.045,0.250,0,5533968,274048,185200,1978688,26537.765,1662.800,0,184.089,0,24.012,1889,2803,1.420,1.740,1.170,0,0,0,0,0,25,289,4,12,2
22-08 20:22:43,2.749,1.000,93.461,0,0,5533960,274048,185208,1978688,8997.203,1565.339,0,271.885,0,17.992,1498,2577,1.420,1.740,1.170,0,0,0,0,0,25,289,4,12,2
22-08 20:22:44,5.249,1.000,91.726,0.500,0,5533936,274048,185220,1978700,31527.897,1511.612,95.975,379.902,6.998,41.989,2188,3526,1.420,1.740,1.170,1,0,1.999,0,0,25,289,4,12,2
22-08 20:22:45,5.998,1.999,91.475,0,0,5534316,273560,185224,1978804,26179.853,1619.558,0,219.940,0,10.997,1743,2532,1.420,1.740,1.170,1,0,0,0,0,25,289,4,12,2
22-08 20:22:46,4.003,0.751,94.080,0.250,0,5534300,273560,185240,1978804,32124.241,1621.375,0,368.312,0,26.022,1801,2606,1.300,1.710,1.160,0,0,0,0,0,25,289,4,12,1
22-08 20:22:47,2.249,1.250,94.226,0.250,0,5534276,273560,185256,1978812,27439.921,1619.582,0,95.975,0,13.996,1650,2530,1.300,1.710,1.160,1,0,0,0,0,25,289,4,12,1
22-08 20:22:48,4.503,1.001,93.570,0,0,5534260,273560,185276,1978808,13756.262,1567.169,0,292.218,0,30.022,1763,2936,1.300,1.710,1.160,0,0,0,0,0,25,289,4,12,1
22-08 20:22:49,4.747,0.750,94.195,0,0,5534256,273560,185276,1978812,29796.718,1619.061,0,7.995,0,0.999,1681,2651,1.300,1.710,1.160,1,0,0.999,0,0,25,289,4,12,1
22-08 20:22:50,3.756,4.757,88.888,1.252,0,5534632,270952,185276,1980872,23489.456,1514.350,1169.816,77328.013,25.039,986.531,3197,4087,1.300,1.710,1.160,0,0,0,0,0,25,289,3,12,1
22-08 20:22:51,3.992,3.992,89.818,0.249,0,5536732,268856,185280,1981012,22344.730,1616.725,0,1405.153,0,26.945,1990,3040,1.200,1.680,1.160,0,0,0.998,0,0,25,289,3,12,1
22-08 20:22:52,7.006,3.253,87.330,0.250,0,5543516,262060,185288,1983528,28033.763,1567.440,0,84.077,0,12.011,2340,4304,1.200,1.680,1.160,3,0,35.032,0,0,25,289,3,12,1
22-08 20:22:53,2.998,1.499,93.443,0,0,5514396,291180,185288,1981016,30842.340,1511.086,0,35.978,0,2.998,1969,5230,1.200,1.680,1.160,0,0,0,0,0,25,289,3,13,1
22-08 20:22:54,4.495,0.999,92.391,0.749,0,5514320,291180,185320,1981060,30388.989,1618.083,63.924,4938.148,5.993,263.688,2488,4103,1.200,1.680,1.160,0,0,0,0,0,25,289,3,12,1
22-08 20:22:55,3.755,3.004,91.873,0,0,5517452,287988,185324,1981116,13162.585,1459.950,0,51080.243,0,137.183,1914,2636,1.200,1.680,1.160,0,0,0,0,0,25,289,3,12,1
22-08 20:22:56,3.499,0.750,94.469,0,0,5517376,287988,185324,1981128,29102.425,1619.467,0,811.733,0,4.998,1700,2513,1.180,1.670,1.150,0,0,0,0,0,25,289,3,12,1
22-08 20:22:57,3.251,1.501,94.784,0,0,5517376,287988,185324,1981128,28392.306,1620.588,0,8.003,0,1.000,1652,2423,1.180,1.670,1.150,0,0,0,0,0,25,289,3,12,1
22-08 20:22:58,3.499,0.250,93.718,0.250,0,5517376,287988,185324,1981128,21561.626,1531.476,0,259.911,0,21.992,1799,2811,1.180,1.670,1.150,0,0,0,0,0,25,289,3,12,1
22-08 20:22:59,2.750,0.750,93.741,0,0,5517624,287740,185324,1981128,22132.875,1693.837,0,0,0,0,1688,2818,1.180,1.670,1.150,0,0,1.000,0,0,25,289,3,12,1
22-08 20:23:00,3.749,1.250,93.731,0,0,5518324,287040,185324,1981128,14955.964,1619.671,0,2115.571,0,10.998,1581,2542,1.180,1.670,1.150,0,0,0,0,0,25,289,3,12,1
22-08 20:23:01,4.004,2.002,93.596,0,0,5518232,287040,185324,1981220,28889.525,1533.567,88.090,316.323,6.006,8.008,1851,2680,1.090,1.640,1.150,0,0,0,0,0,25,289,3,12,1
22-08 20:23:02,2.748,0.999,94.433,0,0,5518232,287040,185324,1981220,28506.675,1618.846,3.997,143.897,0.999,11.991,1752,2454,1.090,1.640,1.150,0,0,0,0,0,25,289,3,12,1
22-08 20:23:03,2.501,1.000,94.794,0,0,5518200,287040,185324,1981252,23862.096,1620.754,0,8.004,0,1.000,1577,2385,1.090,1.640,1.150,0,0,0,0,0,25,289,3,12,1
22-08 20:23:04,3.498,0.999,93.699,0.250,0,5518188,287040,185328,1981260,28456.434,1619.114,0,367.799,0,27.985,1894,3069,1.090,1.640,1.150,0,0,0,0,0,25,289,3,12,1
22-08 20:23:05,2.750,0.500,94.744,0,0,5518188,287040,185328,1981260,29626.045,1619.893,0,0,0,0,1614,2437,1.090,1.640,1.150,1,0,0,0,0,25,289,3,12,1
22-08 20:23:06,3.500,0.750,93.244,0.500,0,5518172,287040,185340,1981264,22236.644,1639.900,0,471.971,0,29.998,1858,2997,1,1.610,1.140,1,0,1.000,0,0,25,289,3,12,1
22-08 20:23:07,4.501,1.250,93.764,0,0,5518172,287040,185340,1981264,13697.986,1554.225,0,88.013,0,13.002,1777,2970,1,1.610,1.140,0,0,1.000,0,0,25,289,3,12,1
22-08 20:23:08,4.001,1.250,93.762,0,0,5518164,287040,185344,1981268,25881.339,1620.209,0,204.026,0,20.003,1915,2928,1,1.610,1.140,3,0,0,0,0,25,289,3,12,1
22-08 20:23:09,3.501,0.750,93.269,0,0,5518164,287040,185344,1981268,21985.419,1620.326,0,12.002,0,2.000,1674,2829,1,1.610,1.140,1,0,1.000,0,0,25,289,3,13,1
22-08 20:23:10,3.250,1.000,94.987,0.250,0,5518148,287040,185360,1981268,30631.834,971.868,0,263.964,0,15.998,1709,2483,1,1.610,1.140,0,0,0,0,0,25,289,3,13,1
22-08 20:23:11,9.255,2.752,86.550,0.250,0,5519044,285500,185380,1981892,244512.083,3802.194,680.393,2621.513,24.014,19.011,1960,2643,1,1.600,1.140,0,0,8.005,0,0,25,289,3,12,1
22-08 20:23:12,10.251,4.750,83.006,0,0,5530012,274168,185492,1982144,357379.659,10222.705,308.021,4.000,15.001,1.000,2223,3076,1,1.600,1.140,1,0,37.003,0,0,25,289,3,12,1
