"pcp-dstat 5.3.6 CSV Output"
"Author:","PCP team <pcp@groups.io> and Dag Wieers <dag@wieers.com>",,,,"URL:","https://pcp.io/ and http://dag.wieers.com/home-made/dstat/"
"Host:","ubuntu",,,,"User:","ubuntu"
"Cmdline:","dstat -tcmndrylpg --tcp --output /tmp/devstack_logs/dstat-csv.log",,,,"Date:","05 Aug 2025 09:02:26 UTC"
"system","total usage",,,,,"memory usage",,,,"net/total",,"dsk/total",,"io/total",,"system",,"load avg",,,"procs",,,"paging",,"tcp sockets",,,,
"time","total usage:usr","total usage:sys","total usage:idl","total usage:wai","total usage:stl","used","free","buf","cach","net/total:recv","net/total:send","dsk/total:read","dsk/total:writ","read","writ","int","csw","1m","5m","15m","run","blk","new","in","out","lis","act","syn","tim","clo"
05-08 09:02:26,,994384,872264,175464,5731280,,,,,,,1.220,1.060,0.630,1,0,,,,9,5,5,11,1
05-08 09:02:27,24.450,17.713,56.384,0.499,0,1012480,853544,175556,5731700,85122.562,15260.548,0,2682.471,0,114.763,3720,5227,1.200,1.060,0.640,3,0,403.169,0,0,9,4,5,11,2
05-08 09:02:28,22.766,21.765,54.789,0.751,0,1013272,836644,175588,5747264,443943.756,17320.280,0,2633.867,0,83.059,3050,4330,1.200,1.060,0.640,3,0,333.236,0,0,9,4,5,11,2
05-08 09:02:29,35.251,19.250,43.501,1.000,0,1024824,802588,176540,5765804,13788.331,1620.039,0,2440.059,0,89.002,4531,9386,1.200,1.060,0.640,2,0,280.007,0,0,9,4,5,11,2
05-08 09:02:30,27.758,10.753,59.516,1.000,0,1164244,639468,177236,5911408,27662.497,1458.395,0,2176.590,0,84.023,3835,6981,1.200,1.060,0.640,2,0,69.019,0,0,10,6,5,10,2
05-08 09:02:31,35.501,15.250,48.251,1.500,0.250,1170148,598404,178540,5941620,22388.470,1620.034,80.002,3844.081,1.000,147.003,2973,4037,1.200,1.060,0.640,2,0,223.005,0,0,10,6,5,10,2
05-08 09:02:32,38.489,6.998,53.735,0.500,0,1127628,648336,179096,5932488,35591.035,4356.780,0,3175.111,0,83.976,2087,2463,1.350,1.100,0.650,2,0,41.988,0,0,10,4,5,12,0
05-08 09:02:33,40.670,6.737,49.154,3.244,0,1219264,553056,179240,5935832,17730.213,1696.671,0,10188.011,0,764.500,5467,8532,1.350,1.100,0.650,5,1,18.963,0,0,10,6,6,12,0
05-08 09:02:34,30.846,8.276,45.642,13.793,0,1205484,551652,179984,5948768,19406.237,3728.573,0,64203.287,0,4716.640,20664,33323,1.350,1.100,0.650,2,0,65.202,0,0,10,6,5,12,0
05-08 09:02:35,37.399,7.979,52.609,1.247,0,1202180,553644,180048,5949980,31963.083,4604.623,0,6705.974,0,375.989,3006,3672,1.350,1.100,0.650,2,0,78.788,0,0,10,5,5,12,0
05-08 09:02:36,44.995,7.749,46.245,0,0,1236724,512056,180520,5955144,13770.554,1793.812,0,2787.707,0,96.990,8965,17305,1.350,1.100,0.650,2,0,13.999,0,0,10,4,5,12,0
05-08 09:02:37,44.303,8.010,45.554,0.501,0,1204860,543464,180624,5955308,33316.613,1533.824,0,7773.242,0,349.415,9327,17216,1.400,1.110,0.660,2,0,27.032,0,0,10,4,5,12,0
05-08 09:02:38,43.780,7.255,49.033,0.250,0,1081784,680976,180648,5942596,25920.652,1621.104,0,672.458,0,36.025,1805,1866,1.400,1.110,0.660,2,0,57.039,0,0,10,4,5,12,0
05-08 09:02:39,27.694,22.455,48.901,0,0,1090244,672464,180648,5942752,31212.076,1616.741,0,27.944,0,6.986,3344,4680,1.400,1.110,0.660,2,0,455.083,0,0,10,4,5,12,0
05-08 09:02:40,10.247,21.493,66.977,0.250,0,1089192,673384,180648,5943120,27049.803,1619.449,0,39070.716,0,501.829,4258,4977,1.400,1.110,0.660,1,0,277.906,0,0,10,4,5,12,0
05-08 09:02:41,32.681,15.717,51.391,0.249,0,1155328,607292,180648,5943268,25364.253,1528.761,0,1732.329,0,107.772,4329,8453,1.400,1.110,0.660,2,0,193.590,0,0,10,5,5,12,0
05-08 09:02:42,48.127,3.008,48.628,0,0,1243704,518840,180648,5943736,35934.544,1850.870,0,2663.006,0,51.135,1696,1507,1.450,1.130,0.660,2,0,0,0,0,10,5,6,12,0
05-08 09:02:43,36.984,8.996,53.727,0,0,1273720,486084,180648,5946404,21566.726,1693.272,0,559.759,0,61.973,3305,6855,1.450,1.130,0.660,3,0,78.966,0,0,10,4,6,13,0
05-08 09:02:44,1.500,4.250,93.003,0.500,0,1275220,484576,180648,5946412,21644.714,1620.053,0,1948.064,0,150.005,1332,1604,1.450,1.130,0.660,1,0,39.001,0,0,10,4,6,13,0
05-08 09:02:45,16.281,5.010,78.651,0,0,1324344,435392,180656,5946412,23499.165,1697.262,0,11466.038,0,60.116,1646,1752,1.450,1.130,0.660,1,0,21.040,0,0,10,4,6,13,0
05-08 09:02:46,25.502,0.750,73.756,0,0,1364492,395072,180656,5946584,9499.722,1458.111,0,0,0,0,919,1083,1.450,1.130,0.660,1,0,0,0,0,10,4,6,13,0
05-08 09:02:47,20.944,6.233,71.806,1.247,0,1302332,457128,180680,5946664,28530.054,1615.643,0,1703.406,0,179.516,3026,4769,1.410,1.120,0.670,1,0,42.884,0,0,10,4,6,15,0
05-08 09:02:48,22.522,3.253,72.572,0.500,0.250,1357692,401464,180728,5946868,17104.917,1663.645,16.016,3363.326,4.004,164.162,1771,2567,1.410,1.120,0.670,1,0,1.001,0,0,10,13,6,15,0
05-08 09:02:49,20.741,5.498,72.719,0.500,0,1328476,430328,180732,5947124,31032.718,1693.275,231.901,1019.564,57.975,16.993,2026,2604,1.410,1.120,0.670,3,0,44.981,0,0,10,28,6,16,0
05-08 09:02:50,22.749,5.750,71.747,0,0,1303880,454840,180732,5947140,24999.925,1767.924,0,38794.332,0,84.996,1748,2084,1.410,1.120,0.670,1,0,14.999,0,0,10,28,6,17,0
05-08 09:02:51,36.836,11.026,52.874,0,0,1421408,337296,180732,5947156,20750.473,1623.793,0,12.028,0,3.007,1895,2138,1.410,1.120,0.670,2,0,142.332,0,0,10,28,6,17,0
05-08 09:02:52,48.253,14.001,37.502,0.250,0,1346228,412236,180744,5947352,16047.851,1620.086,0,4600.244,0,104.006,5195,11857,1.620,1.170,0.680,4,0,287.015,0,0,10,28,6,17,0
05-08 09:02:53,81.804,17.011,1.001,0,0,1581960,176460,180744,5947396,15394.083,1512.991,0,492.322,0,37.024,2790,4504,1.620,1.170,0.680,6,0,285.187,0,0,10,30,6,17,0
05-08 09:02:54,83.262,14.002,3.250,0,0,1466204,295724,180748,5943876,29681.185,1566.221,20.003,352.050,3.000,32.005,5707,12609,1.620,1.170,0.680,9,0,154.022,0,0,10,28,6,17,0
05-08 09:02:55,39.894,12.218,47.125,0,0,1315044,446804,180756,5943944,29039.841,1615.707,0,4831.164,0,52.860,3493,6130,1.620,1.170,0.680,4,0,195.481,0,0,10,28,6,18,0
05-08 09:02:56,22.237,3.748,73.207,0,0,1364040,397796,180760,5943952,25429.073,1619.050,0,239.859,0,6.996,1566,2187,1.620,1.170,0.680,3,0,0,0,0,10,29,6,18,0
05-08 09:02:57,20.509,6.503,72.280,0.500,0,1355028,406796,180760,5943964,17786.488,1458.614,0,180.076,0,18.008,2054,3049,1.570,1.170,0.690,1,0,68.029,0,0,10,28,6,19,0
05-08 09:02:58,22.785,3.505,72.861,0,0,1320084,441596,180768,5944100,21876.318,1696.584,0,252.384,0,26.040,2255,3903,1.570,1.170,0.690,1,0,36.055,0,0,10,28,6,19,0
05-08 09:02:59,11.756,19.760,67.285,0,0,1324372,437264,180772,5944140,20520.650,1694.880,24.012,2465.279,4.002,25.013,3456,4885,1.570,1.170,0.690,2,0,584.303,0,0,10,28,6,19,0
05-08 09:03:00,73.746,20.499,5.750,0,0,1557692,203992,180776,5944192,15040.158,1499.916,0,37425.904,0,105.994,2561,3829,1.570,1.170,0.690,5,0,418.977,0,0,10,28,6,19,0
05-08 09:03:01,82.509,11.001,8.001,0.250,0,1578900,185232,180796,5941652,25780.836,1620.178,0,1708.188,0,87.010,8137,15807,1.570,1.170,0.690,7,0,30.003,0,0,10,30,6,19,0
05-08 09:03:02,82.000,14.000,3.000,0.250,0,1507768,255960,180836,5942016,23675.953,1619.997,0,2667.995,0,172.000,6827,8063,1.920,1.250,0.710,6,0,153.000,0,0,10,28,6,19,0
05-08 09:03:03,84.556,10.757,4.003,0,0,1577540,199600,180244,5929724,29077.220,1621.072,76.050,384.254,6.004,20.013,5080,9951,1.920,1.250,0.710,8,0,136.090,0,0,10,29,6,18,1
05-08 09:03:04,71.044,11.965,16.452,0,0.249,1447348,329452,180244,5930096,21850.611,1615.314,3.988,358.959,0.997,17.948,7848,11710,1.920,1.250,0.710,5,0,190.448,0,0,10,30,6,19,0
05-08 09:03:05,42.591,9.520,46.850,0,0,1416344,360488,180248,5930144,13552.895,1535.273,32.068,38518.121,3.006,114.244,3922,3633,1.920,1.250,0.710,3,0,98.209,0,0,10,28,6,19,0
05-08 09:03:06,40.741,11.997,47.240,0,0,1315356,461304,180256,5930188,29394.680,1619.652,0,1299.721,0,31.993,3248,7177,1.920,1.250,0.710,4,0,199.957,0,0,10,28,6,19,0
05-08 09:03:07,60.017,12.504,27.008,0,0,1491060,285524,180276,5930212,21394.033,1620.457,0,4857.370,0,193.054,2795,3437,2.010,1.280,0.730,3,0,178.050,0,0,10,28,6,19,0
05-08 09:03:08,61.501,14.000,24.750,0.250,0,1381056,395264,180292,5930460,29026.319,1620.018,0,344.004,0,44.000,4977,11397,2.010,1.280,0.730,5,0,258.003,0,0,10,28,6,22,0
05-08 09:03:09,84.001,9.500,5.500,0,0,1585212,190920,180308,5930632,26019.156,1620.010,4.000,184.001,1.000,10.000,3374,5731,2.010,1.280,0.730,5,0,0,0,0,10,30,6,22,0
05-08 09:03:10,60.112,16.961,22.698,0,0,1384356,391660,180320,5930736,22171.139,1616.292,0,363.167,0,36.915,4377,10243,2.010,1.280,0.730,4,0,324.256,0,0,10,28,6,25,0
05-08 09:03:11,64.141,7.767,28.062,0,0,1499148,276804,180352,5930768,28137.070,1503.316,0,553.220,0,27.060,3769,7363,2.010,1.280,0.730,4,0,0,0,0,10,30,6,27,0
05-08 09:03:12,63.312,16.516,20.520,0.250,0,1462948,312584,180372,5931168,10629.470,1621.597,12.012,764.753,2.002,41.040,3323,6023,2.090,1.310,0.740,6,0,305.301,0,0,10,28,6,27,0
05-08 09:03:13,61.436,13.985,24.225,0,0,1402924,372560,180372,5931216,30097.789,1660.278,0,207.785,0,18.980,4676,10227,2.090,1.310,0.740,7,0,254.736,0,0,10,28,6,30,0
05-08 09:03:14,64.626,9.731,24.703,0,0,1505792,269588,180372,5931320,28346.603,1690.755,0,235.548,0,12.975,2321,2990,2.090,1.310,0.740,5,0,31.939,0,0,10,28,6,30,0
05-08 09:03:15,61.376,11.023,27.306,0,0,1421820,352796,180376,5932080,21593.504,1697.499,0,1511.114,0,86.178,3831,8318,2.090,1.310,0.740,4,0,112.231,0,0,10,28,6,29,0
05-08 09:03:16,60.061,9.927,29.782,0,0,1443164,331496,180380,5932144,30552.660,1681.707,0,7064.360,0,404.046,5389,9001,2.090,1.310,0.740,5,0,58.572,0,0,10,29,6,29,0
05-08 09:03:17,80.081,17.376,2.266,0,0,1538956,235644,180392,5932192,10102.343,1631.847,0,979.108,0,40.293,2315,3874,2.320,1.370,0.760,6,0,375.728,0,0,10,28,6,26,0
05-08 09:03:18,80.990,15.748,2.750,0.250,0,1464944,309264,180408,5932568,36794.401,1585.802,0,799.900,0,50.994,4674,8980,2.320,1.370,0.760,9,0,255.968,0,0,10,28,6,26,0
05-08 09:03:19,83.758,14.751,1.250,0,0,1601500,172660,180412,5932612,31414.859,1566.143,0,384.035,0,23.002,3123,4639,2.320,1.370,0.760,9,0,210.019,0,0,10,28,6,26,0
05-08 09:03:20,80.550,13.258,5.503,0,0,1523672,250236,180416,5932860,32528.135,1621.003,28.017,316.196,2.001,20.012,5876,12502,2.320,1.370,0.760,6,0,259.160,0,0,10,29,6,26,0
05-08 09:03:21,57.480,23.992,17.494,0,0,1457208,316508,180420,5933048,25356.379,1619.449,0,623.788,0,14.995,4604,10247,2.320,1.370,0.760,3,0,662.775,0,0,10,28,6,26,0
05-08 09:03:22,25.484,24.984,48.970,0,0,1341504,432128,180428,5933124,23292.512,1585.014,0,215.866,0,10.993,4124,7486,2.380,1.400,0.770,1,0,584.636,0,0,10,28,6,26,0
05-08 09:03:23,13.004,24.007,61.768,0,0,1346640,426976,180432,5933136,12135.556,1640.481,0,228.067,0,14.004,2836,3943,2.380,1.400,0.770,5,0,405.119,0,0,10,28,6,23,0
05-08 09:03:24,71.005,24.252,4.500,0,0,1534272,239260,180436,5933184,13624.926,1694.115,0,216.015,0,18.001,2770,5811,2.380,1.400,0.770,7,0,728.050,0,0,10,29,6,23,0
05-08 09:03:25,78.494,16.499,4.750,0,0,1441980,331340,180484,5933364,21408.352,1619.875,0,1079.917,0,82.994,5054,10339,2.380,1.400,0.770,6,0,368.972,0,0,10,28,6,23,0
05-08 09:03:26,84.495,14.499,1.500,0,0,1489472,283592,180496,5933608,32044.013,1531.905,0,459.971,0,28.998,4238,7322,2.380,1.400,0.770,6,0,211.987,0,0,10,28,6,23,0
05-08 09:03:27,81.012,13.752,4.251,0.250,0,1617672,155152,180516,5933828,26474.786,1620.232,28.004,184.026,4.001,8.001,4855,12414,2.750,1.490,0.810,6,0,119.017,0,0,10,30,6,23,0
05-08 09:03:28,84.746,11.000,3.250,0,0,1598440,186660,179936,5922212,23648.959,1713.925,495.978,6007.736,12.999,204.991,5196,14200,2.750,1.490,0.810,6,0,60.997,0,0,10,30,6,23,0
05-08 09:03:29,87.746,10.000,3.000,0,0,1598896,184444,179972,5923944,16036.278,4372.803,87.996,851.962,7.000,60.997,3867,11855,2.750,1.490,0.810,6,0,38.998,0,0,10,29,6,24,0
05-08 09:03:30,85.003,13.000,1.500,0,0,1623512,152968,180116,5929620,21896.657,1942.058,0,1272.038,0,28.001,4096,8397,2.750,1.490,0.810,5,0,95.003,0,0,10,31,6,24,0
05-08 09:03:31,81.499,13.500,4.250,0,0,1660664,138908,179184,5907456,21863.716,1619.979,67.999,579.992,2.000,15.000,6115,41852,2.750,1.490,0.810,6,0,75.999,0,0,10,31,6,25,0
05-08 09:03:32,81.218,13.745,5.248,0,0,1542596,256076,179228,5908228,50853.811,5015.009,0,1931.233,0,32.987,6478,23171,3.090,1.580,0.840,5,0,116.954,0,0,10,31,6,26,0
05-08 09:03:33,82.032,13.755,3.501,0,0,1605456,191912,179404,5909268,626936.744,14685.639,0,2168.833,0,70.027,6202,11964,3.090,1.580,0.840,6,0,137.053,0,0,10,31,6,24,0
05-08 09:03:34,85.070,9.979,4.989,0,0,1519412,277564,179556,5909440,97663.247,10318.156,0,1692.417,0,91.806,6337,11586,3.090,1.580,0.840,6,0,60.871,0,0,10,30,6,25,0
05-08 09:03:35,81.784,14.256,3.501,0,0,1534336,262220,179636,5909744,44997.494,7658.147,0,1160.477,0,51.021,4904,10040,3.090,1.580,0.840,7,0,158.065,0,0,10,31,6,26,0
05-08 09:03:36,83.388,10.267,6.511,0,0,1591072,204712,179712,5910340,64746.414,4078.767,0,861.429,0,44.073,5149,12277,3.090,1.580,0.840,6,0,23.038,0,0,10,31,6,26,0
05-08 09:03:37,78.997,14.999,5.250,0,0,1608084,187464,179804,5910480,52243.858,7297.701,0,1235.949,0,66.997,5029,8935,3.320,1.650,0.870,6,0,143.994,0,0,10,31,6,26,0
05-08 09:03:38,82.763,12.252,4.751,0,0,1609332,185768,179892,5910768,36773.884,7352.176,0,1180.189,0,64.010,5495,14335,3.320,1.650,0.870,6,0,82.013,0,0,10,32,6,26,0
05-08 09:03:39,83.250,13.000,3.250,0,0,1626004,168644,179964,5911096,48233.855,7425.978,0,1199.996,0,52.000,5173,9763,3.320,1.650,0.870,7,0,85.000,0,0,10,32,6,26,0
05-08 09:03:40,75.941,14.489,8.993,0,0,1521464,292708,179560,5891904,40001.759,7473.163,751.413,1366.932,16.987,66.948,5965,12458,3.320,1.650,0.870,9,0,147.885,0,0,10,32,6,27,0
05-08 09:03:41,83.306,15.260,1.251,0,0,1547524,266072,179568,5892468,15357.412,3197.168,0,652.442,0,38.026,3856,6753,3.320,1.650,0.870,6,0,106.072,0,0,10,30,6,27,0
05-08 09:03:42,81.998,12.250,5.000,0.250,0,1530908,282336,179660,5892688,51143.926,8733.817,4.000,1535.968,1.000,71.998,6244,12363,3.620,1.740,0.900,7,0,116.998,0,0,10,31,6,28,0
05-08 09:03:43,81.252,12.500,5.000,0,0,1519928,292576,179672,5893348,64276.543,3449.083,16.000,820.020,3.000,41.001,5091,9447,3.620,1.740,0.900,5,0,102.002,0,0,10,30,6,28,0
05-08 09:03:44,84.318,12.224,3.991,0,0,1606628,205244,179776,5893776,136700.547,10047.358,0,1875.959,0,85.815,5402,6975,3.620,1.740,0.900,5,0,96.792,0,0,10,31,6,28,0
05-08 09:03:45,82.433,11.025,5.763,0,0,1574768,208476,179868,5921616,14536082.247,68574.510,0,9144.337,0,70.156,8450,12841,3.620,1.740,0.900,5,0,129.288,0,0,10,30,6,28,0
05-08 09:03:46,68.479,13.496,15.995,1.000,0,1494012,247112,180036,5962064,20683926.983,87525.867,0,27827.374,0,118.963,8130,6851,3.620,1.740,0.900,5,0,147.954,0,0,10,31,6,28,0
05-08 09:03:47,66.989,12.498,18.747,0.750,0,1499632,216316,180340,5986096,12305586.273,74894.568,0,14993.511,0,155.974,7145,8041,3.570,1.760,0.910,4,0,106.982,0,0,10,30,6,28,0
05-08 09:03:48,80.908,13.194,5.228,0,0,1562784,153008,180404,5986168,16332.944,1752.590,0,7767.160,0,247.952,3700,42021,3.570,1.760,0.910,6,1,73.688,0,0,10,33,6,27,0
05-08 09:03:49,84.897,12.810,2.763,0,0,1551532,163788,180464,5986504,22757.482,1519.108,0,2636.335,0,135.635,2987,7122,3.570,1.760,0.910,5,0,128.602,0,0,10,34,6,27,0
05-08 09:03:50,78.495,13.499,7.000,0,0,1459380,255540,180520,5986816,26059.358,1565.901,0,199.987,0,10.999,4894,9819,3.570,1.760,0.910,5,0,130.992,0,0,10,34,6,26,0
05-08 09:03:51,79.754,16.251,4.250,0,0,1506524,207888,180612,5987220,24791.140,1620.075,0,516.024,0,35.002,4049,7558,3.570,1.760,0.910,7,0,147.007,0,0,10,35,6,26,0
05-08 09:03:52,81.750,13.250,3.750,0.750,0,1456776,233908,181068,6009212,32117.839,1511.992,0,2819.986,0,137.999,4086,12096,3.680,1.820,0.940,4,0,166.999,0,0,10,34,6,27,0
05-08 09:03:53,81.077,15.218,3.742,0.998,0,1572880,126300,181736,5996548,14854.331,1562.668,167.643,14624.820,9.979,456.028,4866,10003,3.680,1.820,0.940,5,0,0,0,0,10,36,6,27,0
05-08 09:03:54,70.899,20.794,6.263,0.752,0,1467548,196412,192112,6011004,23782.920,1623.408,1571.298,1895.980,46.097,57.120,5353,8203,3.680,1.820,0.940,4,0,227.477,0,0,10,34,6,26,0
05-08 09:03:55,83.053,12.470,5.238,0.249,0,1576312,129192,194172,5964800,29184.803,1582.248,1121.341,14242.232,104.752,52.875,4001,7541,3.680,1.820,0.940,4,0,0,0,0,10,37,6,28,0
05-08 09:03:56,71.666,19.796,6.515,0.251,0,1424956,335028,194580,5911188,29405.043,1918.439,296.687,2088.834,32.074,64.148,9484,10470,3.680,1.820,0.940,4,0,409.949,0,0,10,32,5,29,0
05-08 09:03:57,69.259,13.252,17.252,0,0,1509052,240264,194676,5921744,26292.365,1512.194,1460.187,2248.288,25.003,43.006,6721,13714,3.470,1.800,0.940,6,1,150.019,0,0,10,33,5,29,0
05-08 09:03:58,55.501,22.250,20.250,0.750,0,1441796,302724,194708,5926448,14324.172,1620.019,760.009,66348.796,37.000,539.006,4930,6822,3.470,1.800,0.940,4,0,434.005,0,0,10,32,5,28,0
05-08 09:03:59,45.689,11.984,41.445,0.499,0,1359616,381196,194724,5930120,13143.519,1647.808,3267.654,1142.481,62.916,29.960,3882,8702,3.470,1.800,0.940,3,0,219.708,0,0,10,32,5,28,0
05-08 09:04:00,46.064,5.007,48.568,0,0,1459940,280708,194744,5930264,11699.344,1622.266,128.179,1305.824,1.001,76.106,1745,3322,3.470,1.800,0.940,3,0,1.001,0,0,10,32,5,28,0
05-08 09:04:01,35.413,16.958,47.134,0,0,1383056,357548,194748,5930304,8099.092,1616.028,3.990,243.402,0.998,30.924,2973,5857,3.470,1.800,0.940,3,0,377.073,0,0,10,32,5,28,0
05-08 09:04:02,45.897,5.238,48.641,0,0,1463360,277160,194748,5930388,7531.055,1616.363,0,255.425,0,15.964,2074,5070,3.350,1.810,0.940,3,0,0,0,0,10,33,5,28,0
05-08 09:04:03,42.696,7.284,48.975,0.251,0,1446780,293576,194752,5930548,13329.328,1518.989,0,225.035,0,20.092,2166,3445,3.350,1.810,0.940,3,0,76.351,0,0,10,32,5,28,0
05-08 09:04:04,45.428,6.490,48.423,0,0,1410836,329356,194752,5930712,14721.666,1691.319,0,179.715,0,5.991,3686,7960,3.350,1.810,0.940,3,0,55.911,0,0,10,33,5,30,0
05-08 09:04:05,35.328,17.038,46.102,0,0,1394076,345964,194752,5930864,14767.681,1697.757,0,236.523,0,25.055,3279,5664,3.350,1.810,0.940,4,0,312.692,0,0,10,33,5,30,0
05-08 09:04:06,19.916,7.718,70.453,0.249,0,1364016,375960,194760,5930920,10172.165,1613.207,0,334.591,0,27.883,2023,2983,3.350,1.810,0.940,3,0,134.434,0,0,10,32,5,29,0
05-08 09:04:07,22.817,3.761,72.713,0,0,1327188,412764,194768,5930936,13508.499,1644.809,0,304.892,0,26.076,1694,2844,3.080,1.780,0.940,2,0,13.038,0,0,10,32,5,29,0
05-08 09:04:08,18.452,7.231,73.058,0.499,0,1381856,358080,194772,5930948,10002.763,1615.762,0,1244.735,0,75.801,1573,2005,3.080,1.780,0.940,2,0,80.788,0,0,10,32,5,26,0
05-08 09:04:09,24.268,3.252,72.555,0,0,1394748,345032,194772,5931104,5922.483,1513.145,0,100.076,0,12.009,2742,4966,3.080,1.780,0.940,3,0,0,0,0,10,32,5,26,0
05-08 09:04:10,21.800,4.260,73.169,0,0,1391248,348532,194772,5931104,5490.683,1623.751,0,212.491,0,16.037,1195,1631,3.080,1.780,0.940,1,0,31.072,0,0,10,32,5,22,0
05-08 09:04:11,22.953,3.243,72.602,0.249,0,1326576,412792,194776,5931512,13410.602,1690.546,0,75.845,0,6.986,2573,4916,3.080,1.780,0.940,1,0,6.986,0,0,10,32,5,22,0
05-08 09:04:12,19.980,6.993,72.429,0,0.250,1388136,351052,194908,5931560,12854.326,1844.182,211.791,271.732,5.994,9.990,1378,1631,2.910,1.760,0.940,1,0,54.946,0,0,10,32,6,20,0
05-08 09:04:13,19.486,8.494,72.447,0,0,1337468,401672,194908,5931608,13174.356,1530.879,0,99.927,0,11.991,2026,3287,2.910,1.760,0.940,1,0,90.933,0,0,10,32,6,20,0
05-08 09:04:14,22.265,4.003,73.050,0.500,0,1396024,342984,194912,5931736,13474.243,1621.112,0,3862.650,0,205.141,1313,1842,2.910,1.760,0.940,1,0,0,0,0,10,32,6,17,0
05-08 09:04:15,19.749,6.750,72.746,0,0,1356676,382300,194920,5931760,14385.281,1693.915,0,115.994,0,11.999,2149,3583,2.910,1.760,0.940,1,0,98.995,0,0,10,32,6,17,0
05-08 09:04:16,22.828,3.512,73.251,0,0,1397868,340972,194924,5931892,7635.212,1463.023,0,232.799,0,24.083,1834,3409,2.910,1.760,0.940,1,0,0,0,0,10,32,6,17,0
05-08 09:04:17,19.451,6.982,72.815,0,0,1373432,365384,194924,5931916,5946.889,1657.788,0,195.503,0,13.965,1515,2005,2.760,1.750,0.940,1,0,93.762,0,0,10,32,6,17,0
05-08 09:04:18,23.475,2.747,72.924,0,0,1395048,342984,194924,5932700,11644.808,1498.431,0,143.849,0,5.994,2429,4406,2.760,1.750,0.940,2,0,0,0,0,10,33,6,17,0
05-08 09:04:19,21.532,5.759,72.859,0.250,0,1370732,367152,194936,5932836,16346.372,1738.592,0,821.224,0,53.079,1619,2363,2.760,1.750,0.940,4,0,30.045,0,0,10,32,6,17,0
05-08 09:04:20,23.500,2.750,72.752,0,0,1386680,351052,194936,5932988,12390.260,1768.037,0,92.002,0,12.000,2627,5401,2.760,1.750,0.940,2,0,1.000,0,0,10,32,6,19,0
05-08 09:04:21,10.755,19.259,68.531,0,0,1324908,412516,194936,5933296,14574.544,1458.655,4.002,88.040,1.000,7.003,2433,3165,2.760,1.750,0.940,2,0,281.126,0,0,10,32,6,19,0
05-08 09:04:22,34.482,12.493,51.723,0,0,1441740,295588,194956,5933372,10528.462,1619.148,11.994,315.834,0.999,20.989,2156,3041,2.780,1.770,0.950,2,0,204.892,0,0,10,32,6,21,0
05-08 09:04:23,41.361,7.520,45.873,5.264,0,1502600,229844,195616,5937532,17574.046,1461.914,994.663,9701.972,81.217,849.274,6156,9763,2.780,1.770,0.950,4,0,59.158,0,0,10,36,6,21,0
05-08 09:04:24,38.459,7.992,40.207,12.986,0,1460164,266952,196284,5942220,15632.398,1618.281,279.703,108864.386,69.926,3843.918,17015,28189,2.780,1.770,0.950,4,0,105.888,0,0,10,36,6,21,0
05-08 09:04:25,44.687,6.491,44.937,3.745,0,1360524,365904,196512,5942680,6791.444,1659.665,587.174,25919.531,18.973,2053.111,7987,13814,2.780,1.770,0.950,2,0,13.980,0,0,10,32,6,21,0
05-08 09:04:26,41.076,6.011,47.337,3.256,0,1473340,252788,196612,5942880,13419.706,1622.988,0,9653.773,0,1168.151,7604,12626,2.780,1.770,0.950,3,0,3.006,0,0,10,34,6,21,0
05-08 09:04:27,38.255,9.001,47.757,4.501,0,1346880,378844,196852,5943192,14044.966,1620.227,0,19354.710,0,1846.258,11583,18981,2.720,1.780,0.960,1,0,99.014,0,0,10,32,6,21,0
05-08 09:04:28,22.191,2.992,73.554,0.249,0,1419752,305400,196856,5943760,5584.141,1783.255,566.493,3458.796,4.987,182.514,1335,1973,2.720,1.780,0.960,3,0,1.995,0,0,10,32,6,21,0
05-08 09:04:29,23.487,4.498,71.212,0.250,0,1360080,365068,196864,5943780,12904.045,1531.175,0,56685.447,0,708.618,2649,2388,2.720,1.780,0.960,2,0,0.999,0,0,10,32,6,20,0
05-08 09:04:30,24.272,3.253,71.815,0.500,0,1429000,296272,196880,5943780,9311.473,1621.476,0,7787.086,0,318.290,1868,2641,2.720,1.780,0.960,3,0,3.003,0,0,10,32,6,20,0
05-08 09:04:31,22.751,3.250,73.502,0,0,1383268,341988,196880,5943796,13286.319,1620.039,0,0,0,0,1012,1138,2.720,1.780,0.960,3,0,1.000,0,0,10,32,6,20,0
05-08 09:04:32,23.553,2.005,74.168,0,0,1322960,402216,196888,5943864,13310.174,1623.681,0,0,0,0,1010,1104,2.580,1.760,0.960,2,0,3.007,0,0,10,32,6,20,0
05-08 09:04:33,23.737,2.249,73.960,0,0,1401584,323592,196888,5943864,7577.916,1619.127,0,0,0,0,876,1071,2.580,1.760,0.960,2,0,0,0,0,10,32,6,18,0
05-08 09:04:34,23.668,2.491,73.744,0,0,1340684,384396,196900,5943944,13937.525,1614.385,0,0,0,0,978,1078,2.580,1.760,0.960,1,0,2.990,0,0,10,32,6,18,0
05-08 09:04:35,22.063,3.510,73.962,0,0,1346116,378888,196900,5943988,13677.295,1462.201,0,4.012,0,1.003,983,1096,2.580,1.760,0.960,1,1,1.003,0,0,10,32,6,17,0
05-08 09:04:36,23.428,2.991,73.772,0,0,1420932,304072,196900,5943988,5814.069,1688.792,0,195.397,0,1.994,929,1126,2.580,1.760,0.960,1,0,1.994,0,0,10,32,6,17,0
05-08 09:04:37,24.013,2.752,73.290,0,0,1368932,355996,196904,5944060,16104.874,1620.893,0,312.172,0,28.015,1244,1559,2.450,1.750,0.960,1,0,1.001,0,0,10,32,6,16,0
05-08 09:04:38,22.826,2.508,73.747,0.251,0,1369164,355744,196904,5944080,12254.993,1625.437,0,152.510,0,10.034,1012,1153,2.450,1.750,0.960,1,0,1.003,0,0,10,32,6,16,0
05-08 09:04:39,23.998,2.750,73.492,0,0,1430148,294760,196904,5944080,15251.414,1619.832,0,0,0,0,1011,1103,2.450,1.750,0.960,2,0,2.000,0,0,10,32,6,16,0
05-08 09:04:40,11.743,16.490,70.955,0,0,1329712,395044,196908,5944228,8396.710,1457.082,0,367.768,0,3.997,2362,3429,2.450,1.750,0.960,1,0,292.816,0,0,10,32,6,16,0
05-08 09:04:41,9.999,19.247,69.991,0,0,1342240,382488,196912,5944248,8634.877,1619.789,107.986,659.914,5.999,10.999,2849,4497,2.450,1.750,0.960,2,0,415.946,0,0,10,32,6,15,0
05-08 09:04:42,8.759,21.523,69.073,0.250,0,1346724,377772,196920,5944464,13449.256,1621.719,4.004,896.951,1.001,19.020,3183,4918,2.420,1.760,0.960,1,0,434.461,0,0,10,32,6,15,0
05-08 09:04:43,16.200,10.218,72.774,0,0,1383900,340584,196920,5944472,15628.536,1614.992,0,0,0,0,1884,2694,2.420,1.760,0.960,1,0,174.459,0,0,10,32,6,14,0
05-08 09:04:44,23.494,2.749,73.730,0,0,1444380,280104,196920,5944472,13075.535,1693.551,0,15.996,0,1.000,963,1073,2.420,1.760,0.960,1,0,1.999,0,0,10,32,6,14,0
05-08 09:04:45,23.027,2.753,74.085,0,0,1403812,320676,196920,5944468,10172.709,1533.765,0,0,0,0,863,1130,2.420,1.760,0.960,1,0,1.001,0,0,10,32,6,13,0
05-08 09:04:46,24.231,2.248,73.691,0,0,1344260,380204,196920,5944488,12765.864,1692.656,0,19.984,0,0.999,910,1062,2.420,1.760,0.960,1,0,2.998,0,0,10,32,6,13,0
05-08 09:04:47,23.006,3.001,73.519,0,0,1424408,300068,196920,5944476,9963.561,1620.416,0,420.108,0,32.008,1189,1601,2.300,1.740,0.960,1,0,2.001,0,0,10,32,6,13,0
05-08 09:04:48,22.994,3.499,73.732,0,0,1368472,356012,196920,5944468,5948.537,1531.623,0,99.975,0,10.997,898,1136,2.300,1.740,0.960,2,0,1.000,0,0,10,32,6,13,0
05-08 09:04:49,22.248,3.000,73.993,0,0,1438268,286208,196920,5944476,5783.422,1619.838,0,19.998,0,1.000,891,1171,2.300,1.740,0.960,2,0,2.000,0,0,10,32,6,12,0
05-08 09:04:50,24.241,1.999,73.723,0,0,1394632,329836,196920,5944484,14730.579,1661.389,0,0,0,0,973,1199,2.300,1.740,0.960,1,0,1.999,0,0,10,32,6,12,0
05-08 09:04:51,22.980,2.248,73.686,0,0.250,1338676,385780,196920,5944496,8490.673,1456.743,0,11.990,0,0.999,847,1084,2.300,1.740,0.960,1,0,2.997,0,0,10,32,6,12,0
05-08 09:04:52,28.501,4.750,67.003,0,0,1411140,313340,196920,5944540,13555.515,1694.064,0,0,0,0,1600,4360,2.200,1.730,0.960,1,0,36.001,0,0,10,32,6,13,0
05-08 09:04:53,24.516,1.751,73.548,0.250,0,1353740,370712,196924,5944496,12704.245,1695.100,0,80.052,0,5.003,938,1074,2.200,1.730,0.960,1,0,1.001,0,0,10,32,6,11,0
05-08 09:04:54,22.489,3.248,74.213,0,0,1427416,297128,196924,5944404,15404.221,1735.124,0,0,0,0,895,1061,2.200,1.730,0.960,1,0,1.999,0,0,10,32,6,11,0
05-08 09:04:55,22.999,2.750,73.496,0,0,1372364,352092,196924,5944484,14465.291,1619.921,0,1723.916,0,8.000,906,1040,2.200,1.730,0.960,1,0,1.000,0,0,10,32,6,10,0
05-08 09:04:56,23.250,3.250,73.750,0,0,1392204,332248,196928,5944484,7055.007,1694.002,0,184.000,0,7.000,870,1235,2.200,1.730,0.960,1,0,1.000,0,0,10,32,6,10,0
05-08 09:04:57,24.249,2.000,72.998,0.250,0,1440572,283864,196936,5944492,6691.859,1457.969,0,5219.890,0,273.994,1540,2499,2.100,1.720,0.960,1,0,2.000,0,0,10,32,6,7,0
05-08 09:04:58,22.520,3.253,74.066,0.250,0,1400252,324184,196936,5944492,13418.956,1663.482,0,136.121,0,11.010,1013,1178,2.100,1.720,0.960,1,0,1.001,0,0,10,32,6,7,0
05-08 09:04:59,23.981,2.748,73.691,0,0,1402044,322384,196936,5944500,11228.085,1618.715,0,3.997,0,0.999,952,1077,2.100,1.720,0.960,1,0,0.999,0,0,10,32,6,7,0
05-08 09:05:00,20.826,5.771,73.520,0,0,1334552,389864,196936,5944512,14714.960,1774.507,0,762.797,0,128.471,1464,1568,2.100,1.720,0.960,1,0,56.206,0,0,10,32,6,7,0
05-08 09:05:01,9.497,20.994,68.732,0,0,1344756,379616,196936,5944556,15519.887,1619.571,0,195.948,0,8.998,2902,4261,2.100,1.720,0.960,1,0,405.892,0,0,10,32,6,7,0
05-08 09:05:02,23.008,2.751,74.027,0,0,1415140,309216,196936,5944572,15995.886,1620.596,0,0,0,0,975,1154,2.010,1.710,0.960,1,0,3.001,0,0,10,32,6,7,0
05-08 09:05:03,22.956,2.994,74.107,0,0,1379880,344212,196936,5944804,13480.995,1455.193,0,143.723,0,1.996,1001,1225,2.010,1.710,0.960,1,0,8.983,0,0,10,32,6,7,0
05-08 09:05:04,20.797,6.765,71.912,0,0,1342800,381292,196936,5944804,6165.923,1623.666,4.009,0,1.002,0,1270,1803,2.010,1.710,0.960,3,0,94.213,0,0,10,32,6,7,0
05-08 09:05:05,7.977,20.941,69.055,0,0,1346116,377876,196936,5944904,13315.437,1615.443,0,2612.630,0,88.750,2682,3723,2.010,1.710,0.960,1,0,315.111,0,0,10,32,6,7,0
05-08 09:05:06,9.772,20.547,69.159,0,0,1348276,375684,196936,5944932,9801.485,1461.352,0,212.487,0,6.014,3017,4548,2.010,1.710,0.960,1,0,430.989,0,0,10,32,6,5,0
05-08 09:05:07,9.244,20.987,68.707,0,0,1344020,380028,196936,5944972,7969.971,1618.978,0,927.415,0,33.979,3363,5386,1.930,1.690,0.970,1,0,473.701,0,0,10,32,6,5,0
05-08 09:05:08,10.006,20.762,69.038,0,0,1343500,380528,196936,5944992,13995.796,1620.903,0,1416.789,0,23.013,3197,4849,1.930,1.690,0.970,3,0,487.271,0,0,10,32,6,5,0
05-08 09:05:09,9.237,20.969,68.151,0,0,1336980,386904,196936,5945136,8807.159,1691.534,0,734.928,0,7.988,2458,3358,1.930,1.690,0.970,4,0,296.568,0,0,10,32,6,5,0
05-08 09:05:10,9.749,19.999,68.996,0,0,1334052,389820,196936,5945148,12839.332,1531.920,0,787.959,0,9.000,2521,3401,1.930,1.690,0.970,1,0,286.985,0,0,10,32,6,5,0
05-08 09:05:11,8.749,19.748,70.741,0,0,1340196,383656,196936,5945168,9006.874,1619.798,0,395.951,0,5.999,2451,3409,1.930,1.690,0.970,4,0,276.965,0,0,10,32,6,5,0
05-08 09:05:12,8.755,20.761,69.287,0,0,1341908,381924,196936,5945188,6253.327,1620.862,0,128.068,0,5.003,2453,3515,1.780,1.670,0.960,1,0,302.161,0,0,10,32,6,5,0
05-08 09:05:13,10.003,19.005,70.268,0,0,1349484,374320,196936,5945212,13973.661,1620.425,0,292.077,0,7.002,2493,3382,1.780,1.670,0.960,1,0,281.074,0,0,10,32,6,5,0
05-08 09:05:14,9.747,20.243,68.976,0,0,1348776,374996,196936,5945244,14813.815,1457.490,7.997,203.929,1.000,6.998,2523,3474,1.780,1.670,0.960,2,0,298.895,0,0,10,32,6,5,0
05-08 09:05:15,9.505,20.510,68.285,0,0,1345540,378216,196936,5945260,13647.919,1662.843,0,56.028,0,13.007,2642,3702,1.780,1.670,0.960,1,0,348.177,0,0,10,32,6,5,0
05-08 09:05:16,17.767,19.018,62.059,0.500,0,1347484,373020,196948,5948496,19846.974,1621.550,3215.074,8.008,41.039,2.002,2904,4120,1.780,1.670,0.960,3,0,382.366,0,0,10,32,6,5,0
05-08 09:05:17,34.268,29.266,36.269,0.250,0,1409888,310584,196964,5948544,10890.794,1694.902,96.051,760.405,5.003,45.024,3718,6881,1.710,1.650,0.960,4,0,751.400,0,0,10,32,6,9,0
05-08 09:05:18,74.243,23.498,1.500,0,0,1591336,127492,198192,5945572,14709.691,1693.849,935.917,3171.718,26.998,324.971,9005,5234,1.710,1.650,0.960,4,0,370.967,0,0,10,32,6,11,0
05-08 09:05:19,62.953,14.739,15.488,7.245,0,1661528,149196,198668,5854712,13345.018,1456.910,11.991,58540.212,1.999,4241.827,19151,32548,1.710,1.650,0.960,8,0,126.905,0,0,10,38,6,13,0
05-08 09:05:20,61.017,15.504,16.755,6.002,0,1652940,145452,199340,5866168,6524.788,1620.444,516.141,77473.228,71.019,5949.630,22140,38643,1.710,1.650,0.960,4,1,183.050,0,0,10,36,6,13,0
05-08 09:05:21,59.276,13.756,18.258,8.003,0,1670008,128764,199904,5865108,13598.902,1662.722,244.106,73635.958,24.010,5722.484,23257,40793,1.710,1.650,0.960,2,1,102.044,0,0,10,36,6,15,0
05-08 09:05:22,44.028,17.261,32.771,5.754,0,1564308,225160,200176,5873868,12994.251,1621.029,0,58072.876,0,4729.003,22087,33985,1.820,1.680,0.970,6,1,278.177,0,0,10,34,6,11,0
05-08 09:05:23,38.978,9.245,42.476,9.744,0,1576460,206848,200420,5879472,31312.995,1661.045,0,51934.138,0,4128.626,20651,34759,1.820,1.680,0.970,3,0,57.967,0,0,10,35,6,11,0
05-08 09:05:24,36.748,10.000,41.998,10.250,0,1533876,244516,200688,5883984,24331.002,1619.934,39.998,49157.985,7.000,4485.816,22363,35863,1.820,1.680,0.970,2,0,89.996,0,0,10,34,6,11,0
05-08 09:05:25,38.486,8.247,41.485,9.247,0,1573600,204952,201000,5883468,30426.803,1693.377,0,43356.045,0,4299.418,20162,32734,1.820,1.680,0.970,2,0,23.991,0,0,10,35,6,11,0
05-08 09:05:26,36.282,10.509,43.288,8.508,0,1507128,270464,201164,5884232,24849.942,1459.289,8.007,55973.425,2.002,4957.377,23811,40470,1.820,1.680,0.970,3,0,98.087,0,0,10,34,5,11,0
05-08 09:05:27,39.214,8.492,42.461,9.242,0,1566600,208724,201324,5886280,21617.307,1618.526,0,43136.702,0,3867.477,13827,28072,1.910,1.700,0.980,2,0,50.954,0,0,10,34,5,11,0
05-08 09:05:28,41.712,7.493,42.711,6.744,0,1572012,200728,201416,5888700,22542.667,1712.455,0,44204.128,0,4091.310,18363,36736,1.910,1.700,0.980,5,0,56.949,0,0,10,35,5,17,0
05-08 09:05:29,39.625,9.470,41.370,10.467,0,1544048,224508,201532,5892668,14259.141,1614.919,0,62738.624,0,5116.902,18585,36313,1.910,1.700,0.980,5,0,86.727,0,0,10,36,5,20,0
05-08 09:05:30,36.158,9.040,42.938,10.546,0,1569332,195808,201652,5895828,26167.378,1572.875,0,55799.901,0,4611.155,19025,36878,1.910,1.700,0.980,3,0,85.373,0,0,10,37,5,23,0
05-08 09:05:31,37.247,8.999,43.496,9.499,0,1526116,236480,201820,5898124,29591.455,1511.870,0,51091.606,0,4490.614,19237,37289,1.910,1.700,0.980,3,1,123.989,0,0,10,36,5,27,0
05-08 09:05:32,41.967,7.744,42.466,8.993,0,1587180,178960,201948,5894428,30128.139,1618.718,0,51874.915,0,4587.367,19461,33559,1.920,1.700,0.990,2,0,23.981,0,0,10,36,5,27,0
05-08 09:05:33,39.889,11.219,43.629,8.227,0,1552100,214132,202000,5894272,30472.409,1615.515,0,32641.388,0,2850.088,14472,24387,1.920,1.700,0.990,2,0,66.815,0,0,10,34,5,29,0
05-08 09:05:34,31.082,13.786,53.892,0.501,0,1403036,363128,202008,5894320,19289.867,1698.479,0,10102.641,0,602.589,4099,6395,1.920,1.700,0.990,1,0,223.590,0,0,10,32,5,29,0
05-08 09:05:35,21.225,5.743,72.415,0.499,0,1461940,304220,202012,5894320,15731.500,1692.010,0,2253.350,0,135.840,1607,2071,1.920,1.700,0.990,2,0,48.942,0,0,10,32,5,29,0
05-08 09:05:36,21.790,5.510,72.384,0.250,0,1405848,360160,202012,5894468,21161.318,1460.714,0,829.541,0,48.089,2737,4448,1.920,1.700,0.990,1,0,43.080,0,0,10,32,5,30,0
05-08 09:05:37,23.748,3.250,72.743,0,0,1469028,296908,202012,5894520,33594.943,1693.846,0,455.959,0,24.998,1573,1797,1.850,1.690,0.990,1,0,0,0,0,10,32,5,30,0
05-08 09:05:38,20.461,6.737,71.116,0,0,1402912,363004,202012,5894540,21854.847,1616.955,0,558.948,0,40.923,3063,4763,1.850,1.690,0.990,1,0,110.791,0,0,10,32,5,31,0
05-08 09:05:39,9.010,23.026,67.575,0.250,0,1402200,363620,202012,5894636,31232.825,1663.855,0,448.500,0,28.031,2732,3280,1.850,1.690,0.990,1,0,286.319,0,0,10,32,5,31,0
05-08 09:05:40,10.513,24.530,64.829,0,0,1402840,362912,202012,5894704,24636.860,1621.966,4.005,664.806,1.001,46.056,3061,4108,1.850,1.690,0.990,2,0,363.440,0,0,10,32,5,33,0
05-08 09:05:41,61.621,12.973,25.696,0.249,0,1553744,211332,202052,5895336,12424.970,1582.684,0,2482.799,0,164.655,2541,3236,1.850,1.690,0.990,5,0,125.737,0,0,10,32,5,37,0
05-08 09:05:42,67.386,9.770,23.046,0.501,0,1758212,119532,202220,5783944,28108.639,1569.162,400.808,3647.349,13.026,114.230,2304,2349,2.020,1.730,1.010,1,4,0,0,0,10,32,5,37,0
05-08 09:05:43,46.764,7.002,35.261,9.503,0.250,1771476,127004,202348,5763720,23115.958,1846.556,2368.713,55644.749,125.038,4325.302,20250,32679,2.020,1.730,1.010,1,1,168.051,0,0,10,38,6,37,0
05-08 09:05:44,41.990,10.747,33.492,13.747,0.250,1776928,125252,202476,5760120,28446.116,1693.590,0,102983.078,0,8615.915,39233,65261,2.020,1.730,1.010,2,1,263.936,0,0,10,38,6,37,0
05-08 09:05:45,43.763,10.753,31.009,12.254,0,1647288,261760,202592,5753456,17578.326,1620.491,4.001,102675.111,1.000,8218.490,31920,56926,2.020,1.730,1.010,5,1,185.056,0,0,10,36,6,37,0
05-08 09:05:46,46.964,15.488,31.476,5.995,0,1700132,198480,202640,5763780,21248.872,1692.715,423.678,75470.718,11.991,6042.414,25875,41565,2.020,1.730,1.010,3,1,204.845,0,0,10,36,6,37,0
05-08 09:05:47,39.533,11.760,39.783,7.506,0,1748916,134820,202680,5778164,21117.464,1555.286,0,99910.626,0,7522.221,30232,48238,2.100,1.750,1.020,5,0,12.010,0,0,10,36,6,37,0
05-08 09:05:48,44.990,7.498,38.741,6.749,0,1770632,124520,202716,5766864,9440.923,1607.646,0,69956.610,0,6055.668,25087,41760,2.100,1.750,1.020,2,0,116.974,0,0,10,38,6,37,0
05-08 09:05:49,30.671,16.208,50.122,1.247,0,1401404,493484,202716,5767088,31959.121,1615.860,7.980,23555.650,1.995,1396.422,6507,10039,2.100,1.750,1.020,2,0,311.203,0,0,10,32,6,37,0
05-08 09:05:50,21.016,4.754,72.807,0.500,0,1465316,429572,202716,5767084,29464.070,1769.385,0,1549.213,0,64.050,1344,1680,2.100,1.750,1.020,2,0,19.015,0,0,10,32,6,37,0
05-08 09:05:51,22.190,3.989,72.802,0.249,0,1519748,375140,202716,5767084,29409.917,1689.400,0,4384.062,0,260.291,1789,2451,2.100,1.750,1.020,2,0,0,0,0,10,36,6,37,0
05-08 09:05:52,26.622,4.772,68.565,0,0,1434328,460556,202716,5769116,33641.651,1669.675,0,144.665,0,12.055,1868,3045,2.010,1.740,1.020,2,0,59.272,0,0,10,32,6,37,0
05-08 09:05:53,24.179,3.988,71.539,0.249,0,1473956,420924,202716,5767092,9222.857,1453.722,0,35.894,0,3.988,1231,1677,2.010,1.740,1.020,2,0,4.985,0,0,10,32,6,37,0
05-08 09:05:54,24.554,1.002,74.164,0,0,1508732,386148,202716,5767092,30990.365,1665.674,0,268.593,0,20.044,1364,1506,2.010,1.740,1.020,1,0,0,0,0,10,34,6,37,0
05-08 09:05:55,13.756,30.014,55.276,0,0,1405744,488928,202716,5767280,28776.295,1620.749,160.074,592.274,8.004,40.018,4065,6057,2.010,1.740,1.020,2,0,721.333,0,0,10,32,6,37,0
05-08 09:05:56,13.009,40.779,45.032,0.250,0,1406876,487680,202716,5767364,25517.194,1621.156,8.006,352.251,2.001,36.026,5523,9235,2.010,1.740,1.020,2,0,1184.845,0,0,10,32,6,37,0
05-08 09:05:57,8.485,18.966,71.370,0.250,0,1398756,494788,202756,5768352,24770.966,1455.354,922.323,139.746,26.951,8.984,2938,3908,1.850,1.710,1.010,3,0,291.470,0,0,11,12,6,37,20
05-08 09:05:58,9.004,20.009,70.531,0,0.250,1409144,484300,202756,5768456,24577.642,1694.734,0,8.003,0,2.001,2679,3487,1.850,1.710,1.010,1,0,271.117,0,0,11,12,6,37,20
05-08 09:05:59,11.005,20.759,67.278,0.250,0,1410048,482672,202756,5769508,22838.432,1694.700,700.289,24.010,44.018,6.002,3252,4989,1.850,1.710,1.010,2,0,250.103,0,0,11,12,6,37,20
05-08 09:06:00,23.756,18.754,56.013,0,0,1447664,444240,202756,5769892,13340.135,1620.381,44.010,0,2.000,0,3914,7530,1.850,1.710,1.010,2,0,258.061,0,0,13,12,6,37,20
05-08 09:06:01,10.983,18.720,68.392,0,0,1449216,442528,202756,5769988,25087.287,1617.440,0,23.962,0,5.991,2706,3739,1.850,1.710,1.010,3,0,278.559,0,0,13,12,6,37,20
05-08 09:06:02,17.276,16.775,64.848,0,0,1456484,435192,202756,5770028,23794.978,1622.453,0,368.557,0,8.012,4942,7766,1.780,1.700,1.010,1,0,163.247,0,0,13,12,6,37,20
05-08 09:06:03,19.223,22.469,58.170,0,0,1495448,395868,202756,5770348,25390.935,1455.989,71.901,11.983,1.997,2.996,3422,5293,1.780,1.700,1.010,2,0,408.436,0,0,15,12,6,37,20
05-08 09:06:04,12.740,18.985,66.447,0,0,1504384,386768,202756,5770532,26064.045,1660.665,0,327.736,0,30.975,3789,6787,1.780,1.700,1.010,4,0,217.825,0,0,15,12,6,37,20
05-08 09:06:05,43.605,13.031,41.600,0,0,1633396,257704,202760,5770560,14844.687,1623.904,0,7221.360,0,339.817,3871,7490,1.780,1.700,1.010,14,0,133.321,0,0,17,12,6,37,20
05-08 09:06:06,83.495,16.499,0.250,0,0,1930624,130476,202768,5604100,30092.375,1693.909,0,3559.808,0,181.990,2818,3824,1.780,1.700,1.010,11,0,40.998,0,0,17,12,6,37,20
05-08 09:06:07,26.962,16.976,55.173,0.250,0,1942204,157192,202768,5566716,22782.310,1617.750,0,611.150,0,29.958,2888,4152,1.640,1.670,1,4,0,221.692,0,0,17,12,6,37,20
05-08 09:06:08,14.240,17.988,66.955,0.250,0,1946100,153000,202768,5567292,29545.264,1618.919,39.973,355.762,0.999,13.991,3931,7224,1.640,1.670,1,1,0,378.747,0,0,17,12,6,37,20
05-08 09:06:09,22.489,13.743,63.218,0.250,0,1977212,120748,202768,5568004,17779.128,1619.192,1063.469,0,16.992,0,4512,7299,1.640,1.670,1,1,0,175.912,0,0,17,12,6,37,20
05-08 09:06:10,12.526,8.017,78.662,0,0,1988240,125596,202768,5552560,28557.829,1461.010,0,44.091,0,2.004,2078,2850,1.640,1.670,1,1,0,84.173,0,0,18,12,6,38,20
05-08 09:06:11,22.495,5.249,72.235,0,0,2049044,124840,202768,5493468,21009.567,1619.658,0,0,0,0,1479,2074,1.640,1.670,1,1,0,8.998,0,0,18,13,6,38,16
05-08 09:06:12,19.983,8.743,68.943,0,0,1998748,181516,202768,5487264,13856.513,1618.658,239.801,731.394,4.996,59.950,3083,5770,1.670,1.680,1.010,1,0,96.920,0,0,18,18,6,43,0
05-08 09:06:13,10.006,20.263,67.293,0.250,0,2007128,173044,202768,5487324,29892.041,1621.033,0,468.298,0,19.012,3210,4350,1.670,1.680,1.010,2,0,304.194,0,0,18,18,6,43,0
05-08 09:06:14,10.996,18.993,69.725,0,0,2018276,161864,202768,5487356,20911.388,1531.443,0,183.933,0,12.995,3051,4349,1.670,1.680,1.010,1,0,259.905,0,0,18,18,6,43,0
05-08 09:06:15,9.755,20.260,67.784,0,0,2017648,162464,202768,5487376,26376.320,1694.856,0,2897.463,0,37.019,2972,4175,1.670,1.680,1.010,1,0,247.125,0,0,18,18,6,43,0
05-08 09:06:16,13.002,19.502,65.008,0,0,2025288,154676,202768,5487716,35186.117,1736.203,0,3392.397,0,214.025,5168,7622,1.670,1.680,1.010,4,0,207.024,0,0,18,18,6,43,0
05-08 09:06:17,38.444,13.231,47.431,0.250,0,2089964,121772,202776,5456680,14682.578,1617.640,327.522,63.907,2.996,3.994,3245,5146,1.770,1.700,1.020,2,0,158.768,0,0,18,19,6,41,0
05-08 09:06:18,46.519,6.503,46.269,0,0,2199408,125556,202776,5345920,30224.332,1586.647,0,188.077,0,1.000,1864,1942,1.770,1.700,1.020,6,0,0,0,0,18,19,6,41,0
05-08 09:06:19,48.217,8.244,43.470,0.250,0,2250724,130760,202836,5290196,24821.122,1564.936,91.937,927.369,0.999,39.973,3564,12760,1.770,1.700,1.020,3,0,8.994,0,0,18,35,6,35,0
05-08 09:06:20,20.276,14.018,65.335,0,0,2272248,125792,202848,5273864,29905.938,1664.167,0,1289.679,0,123.160,3203,4060,1.770,1.700,1.020,2,0,242.315,0,0,18,34,6,35,0
05-08 09:06:21,17.770,16.269,64.073,0,0,2273980,130336,202848,5267556,26547.290,1621.851,0,396.452,0,13.015,5441,9244,1.770,1.700,1.020,1,0,171.195,0,0,18,34,6,34,0
05-08 09:06:22,3.242,1.995,93.512,0.499,0,2273748,130420,202848,5267752,21004.648,1689.708,215.453,115.706,9.975,12.967,1559,2269,1.630,1.670,1.010,3,0,26.932,0,0,18,34,6,34,0
05-08 09:06:23,1.751,0.750,96.289,0,0,2273708,130420,202848,5267792,20250.282,1694.693,40.016,0,1.000,0,1139,1694,1.630,1.670,1.010,2,0,3.001,0,0,18,34,6,33,0
05-08 09:06:24,3.498,2.249,94.195,0,0,2296840,135460,202848,5240324,12882.528,1531.112,0,71.958,0,9.994,1326,2057,1.630,1.670,1.010,1,0,2.998,0,0,18,34,6,33,0
05-08 09:06:25,1.000,1.000,96.246,0,0,2297344,134956,202848,5240324,27215.775,1619.927,0,511.977,0,22.999,1252,1807,1.630,1.670,1.010,2,0,1.000,0,0,18,34,6,33,0
05-08 09:06:26,12.270,12.019,74.619,0,0,2260252,171980,202848,5240388,29310.721,1696.705,48.077,44.070,4.006,4.006,4162,6471,1.630,1.670,1.010,2,0,180.287,0,0,18,34,6,33,0
05-08 09:06:27,13.995,15.494,68.474,0.250,0,2308192,130828,202848,5233684,25061.527,1619.388,275.896,7857.030,14.994,405.847,5588,7609,1.500,1.640,1.010,2,0,275.896,0,0,19,34,6,33,0
05-08 09:06:28,17.249,17.249,64.745,0.500,0,2320408,118816,202860,5233772,26666.947,1993.846,631.951,1535.882,33.997,245.981,6256,9493,1.500,1.640,1.010,1,0,260.980,0,0,19,34,6,33,0
05-08 09:06:29,7.745,7.745,83.191,0,0,2316008,123228,202860,5233424,13303.568,1618.852,0,375.734,0,9.993,2810,4215,1.500,1.640,1.010,1,0,151.892,0,0,19,34,6,24,0
05-08 09:06:30,13.781,14.283,70.411,0,0,2315856,124508,202860,5232624,21403.801,1623.702,0,1290.943,0,233.532,5212,9487,1.500,1.640,1.010,6,0,212.484,0,0,21,36,6,24,0
05-08 09:06:31,12.956,14.451,71.256,0,0,2312100,135076,202848,5225600,28153.686,1654.341,7.973,613.900,1.993,116.601,3994,5809,1.500,1.640,1.010,1,0,322.895,0,0,21,36,6,25,0
05-08 09:06:32,11.772,18.785,68.376,0,0,2315048,132232,202848,5225540,29136.816,1610.975,0,28.052,0,7.013,3268,4953,1.380,1.610,1,1,0,341.631,0,0,21,36,6,18,0
05-08 09:06:33,25.290,16.777,55.839,0,0,2344108,129620,202856,5199576,13604.604,1664.643,0,52.083,0,3.005,6060,10322,1.380,1.610,1,2,0,304.484,0,0,21,36,6,18,0
05-08 09:06:34,30.686,22.702,46.403,0,0,2392168,125376,202880,5156896,29155.860,1616.610,7.983,606.728,1.996,7.983,4613,7579,1.380,1.610,1,2,0,702.527,0,0,21,36,6,16,0
05-08 09:06:35,33.177,23.448,43.155,0,0,2456440,133788,202944,5086232,20791.280,1616.445,39.912,47.895,3.991,11.974,4542,10927,1.380,1.610,1,2,0,475.953,0,0,21,40,6,18,0
05-08 09:06:36,48.449,19.832,29.622,0,0,2563536,121044,202960,4993656,14967.577,1626.692,4.017,4920.242,1.004,308.268,4847,8772,1.380,1.610,1,4,0,282.161,0,0,21,40,6,18,0
05-08 09:06:37,59.487,27.494,12.247,0,0,2700184,125572,202972,4853164,30106.346,1511.666,3.999,63.986,1.000,12.997,3817,8692,1.430,1.620,1.010,2,0,546.879,0,0,21,40,6,18,0
05-08 09:06:38,65.274,20.508,13.505,0,0,2797516,124580,203068,4756272,21328.892,1656.613,0,336.124,0,20.007,4715,7535,1.430,1.620,1.010,6,0,360.133,0,0,21,40,6,17,0
05-08 09:06:39,71.741,23.497,4.249,0.750,0,2966616,141368,203544,4573160,29617.446,1693.797,411.951,10074.791,72.991,730.912,7208,14325,1.430,1.620,1.010,3,1,334.960,0,0,21,44,6,17,0
05-08 09:06:40,61.972,22.240,10.995,2.249,0,3032040,134424,203568,4515304,30623.220,1693.238,0,31885.651,0,2551.852,16060,31339,1.430,1.620,1.010,5,0,332.850,0,0,21,46,6,17,0
05-08 09:06:41,69.379,23.126,5.222,0.746,0,3141332,134472,203668,4406444,5862.676,1503.964,23.872,9147.127,1.989,903.174,8366,18039,1.430,1.620,1.010,10,0,329.241,0,0,21,46,6,19,0
05-08 09:06:42,71.873,21.110,5.780,0,0,3237256,126176,203672,4320896,31357.810,1574.173,56.292,10836.262,4.021,791.107,8683,22633,1.880,1.710,1.040,4,0,338.759,0,0,21,61,6,20,0
05-08 09:06:43,53.539,26.019,19.264,0.250,0,3352036,127964,203672,4206656,24275.576,1621.174,8.006,604.438,1.001,36.026,5607,16975,1.880,1.710,1.040,7,0,527.382,0,0,21,63,6,21,0
05-08 09:06:44,41.999,19.249,37.499,0,0,3436084,130220,203672,4122124,28802.165,1619.953,19.999,8731.747,3.000,517.985,6464,15821,1.880,1.710,1.040,4,0,215.994,0,0,21,65,6,21,0
05-08 09:06:45,55.797,15.513,28.524,0.250,0,3561960,129460,203680,3998452,29177.509,1513.271,632.531,492.414,47.040,18.015,5059,14316,1.880,1.710,1.040,4,0,133.112,0,0,21,68,6,24,0
05-08 09:06:46,24.892,15.184,57.997,0.747,0.249,3616108,126592,203700,3947912,21161.798,1612.972,262.855,3580.400,15.931,206.102,3365,6239,1.880,1.710,1.040,1,0,174.241,0,0,21,71,6,25,0
05-08 09:06:47,8.522,20.803,69.929,0.501,0,3623764,128184,203700,3938772,30710.712,1644.214,0,6556.805,0,491.259,3483,4235,1.810,1.700,1.040,2,0,257.660,0,0,21,71,6,25,0
05-08 09:06:48,8.738,20.222,70.154,0,0,3626004,125920,203700,3938796,9031.609,1781.556,0,215.704,0,12.982,2916,4258,1.810,1.700,1.040,2,0,250.656,0,0,21,71,6,25,0
05-08 09:06:49,11.010,18.266,70.311,0,0,3634116,127188,203700,3929716,30978.828,1621.404,0,44.038,0,4.003,2969,3993,1.810,1.700,1.040,3,0,242.210,0,0,21,71,6,25,0
05-08 09:06:50,9.997,18.495,69.732,0,0,3633544,127736,203700,3929740,30282.096,1511.605,3.999,83.978,1.000,5.998,3021,4219,1.810,1.700,1.040,2,0,254.933,0,0,21,71,6,25,0
05-08 09:06:51,9.516,21.787,67.614,0,0,3634608,126508,203700,3929904,28697.413,1622.738,4.007,92.155,1.002,9.015,3159,4588,1.810,1.700,1.040,1,0,265.448,0,0,21,73,6,25,0
05-08 09:06:52,16.749,17.999,62.747,0,0,3637244,123856,203700,3929952,30956.421,1661.915,0,8.000,0,2.000,6060,9302,2.060,1.750,1.060,2,0,151.992,0,0,21,73,6,25,0
05-08 09:06:53,33.014,24.760,40.267,0.500,0,3686548,125332,203700,3879348,10444.282,1662.682,1644.674,1724.707,70.029,269.110,4386,9765,2.060,1.750,1.060,4,0,461.189,0,0,21,77,6,26,0
05-08 09:06:54,33.733,23.738,40.979,0.250,0,3776304,135724,203720,3779776,25635.874,1607.177,203.896,719.632,5.997,42.978,4912,9988,2.060,1.750,1.060,5,1,346.822,0,0,21,91,6,25,0
05-08 09:06:55,43.006,19.253,35.755,0,0,3876332,127976,203684,3688864,28432.838,1694.229,696.094,528.071,36.005,40.005,7257,14482,2.060,1.750,1.060,4,0,323.044,0,0,23,97,6,25,0
05-08 09:06:56,52.195,26.472,21.727,0.499,0,3994172,123536,203584,3577828,25536.187,1618.301,183.807,591.379,21.977,40.957,4851,8280,2.060,1.750,1.060,4,0,566.405,0,0,23,101,5,25,0
05-08 09:06:57,52.046,23.270,24.522,0.250,0,4068852,120716,202508,3507596,28708.206,1513.329,132.116,516.453,14.012,36.032,6241,15886,2.220,1.790,1.080,2,0,263.231,0,0,23,117,5,25,0
05-08 09:06:58,36.492,21.995,40.242,0.250,0,4136668,122780,202460,3438204,24986.728,1709.639,0,9565.982,0,727.846,4946,5808,2.220,1.790,1.080,2,0,424.910,0,0,23,117,5,25,0
05-08 09:06:59,16.963,18.709,63.112,0,0,4149132,125188,202464,3423628,30168.870,1616.457,0,279.388,0,14.967,3299,4701,2.220,1.790,1.080,2,0,286.372,0,0,24,117,5,25,0
05-08 09:07:00,15.488,17.737,64.452,0.250,0,4151148,131344,202460,3415804,10029.508,1618.791,0,571.573,0,39.970,4452,7460,2.220,1.790,1.080,0,0,172.871,0,0,24,117,5,25,0
05-08 09:07:01,28.319,21.302,49.872,0.251,0,4197044,125052,202432,3376084,21720.302,1569.852,8.020,188.462,2.005,13.032,4132,7201,2.220,1.790,1.080,2,0,343.844,0,0,24,117,5,25,0
05-08 09:07:02,31.273,22.016,43.532,0.250,0,4251336,129516,202416,3318448,21273.551,1621.185,4.003,1977.446,1.001,292.214,5121,8070,2.200,1.800,1.080,3,0,364.266,0,0,24,118,5,25,0
05-08 09:07:03,36.235,21.991,40.733,0,0,4325344,123856,202364,3251356,29300.987,1511.380,87.964,635.739,7.997,39.984,8644,14869,2.200,1.800,1.080,3,0,264.891,0,0,24,129,5,25,0
05-08 09:07:04,34.460,21.225,43.699,0,0,4396872,124456,202328,3181084,21974.378,1692.027,91.893,5229.902,4.994,445.481,4887,6634,2.200,1.800,1.080,2,1,494.424,0,0,24,135,5,25,0
05-08 09:07:05,26.980,25.231,46.965,0.500,0,4452720,125784,202284,3125680,14397.375,1692.751,403.702,5455.973,32.976,455.664,9348,17289,2.200,1.800,1.080,2,0,487.640,0,0,24,147,5,25,0
05-08 09:07:06,12.741,18.986,66.951,0.250,0,4454544,126748,202284,3122960,24831.798,1564.853,75.944,211.845,11.991,16.988,3489,5072,2.200,1.800,1.080,3,0,277.796,0,0,24,147,5,25,0
05-08 09:07:07,20.269,16.265,61.808,0,0,4467844,141632,202260,3095740,30330.389,1587.486,16.015,232.217,4.004,13.012,4619,10744,2.180,1.800,1.090,1,0,159.149,0,0,24,147,5,25,0
05-08 09:07:08,38.346,14.536,45.865,0,0,4564316,127588,202176,3015764,24963.333,1624.055,1002.503,324.811,14.035,23.058,3161,4580,2.180,1.800,1.090,4,0,119.298,0,0,24,147,5,25,0
05-08 09:07:09,47.442,6.992,44.696,0.999,0,4673512,130896,202056,2906612,20832.730,1618.037,579.297,2137.407,38.953,301.634,2796,2616,2.180,1.800,1.090,2,1,3.995,0,0,24,147,5,25,0
05-08 09:07:10,34.026,14.511,50.038,0.250,0,4626340,203260,202032,2882200,43921.248,1621.227,444.336,620.470,19.014,54.041,4502,7019,2.180,1.800,1.090,4,0,283.214,0,0,24,155,5,25,0
05-08 09:07:11,40.734,24.241,33.987,0,0,4685340,142352,202040,2884100,29121.613,1531.401,223.912,623.756,37.985,47.981,5079,12300,2.180,1.800,1.090,3,0,595.767,0,0,24,167,5,25,0
05-08 09:07:12,50.037,18.764,27.270,3.002,0.250,4697732,120620,202028,2894860,12742.531,1621.213,35218.343,556.416,430.322,29.022,8386,14664,2.250,1.820,1.100,5,0,206.154,0,0,24,167,5,20,0
05-08 09:07:13,73.730,18.245,4.249,2.999,0,4828976,133252,201796,2754980,29967.849,1619.559,44639.858,8189.772,530.856,599.837,5562,7225,2.250,1.820,1.100,4,0,83.977,0,0,24,175,5,21,0
05-08 09:07:14,70.838,15.964,5.238,6.735,0,4853292,135152,201668,2729168,23330.782,1616.313,58155.348,1787.922,1013.688,135.690,7692,14434,2.250,1.820,1.100,4,0,53.877,0,0,24,190,5,21,0
05-08 09:07:15,55.854,22.292,17.533,2.755,0,4937524,134292,201112,2649476,30679.309,1623.032,43677.590,2989.585,449.840,153.286,6214,12400,2.250,1.820,1.100,4,0,351.657,0,0,24,193,5,27,0
05-08 09:07:16,45.262,24.006,26.007,2.751,0,4881708,163544,201128,2676700,20755.479,1620.428,39734.490,976.258,405.107,60.016,6408,14628,2.250,1.820,1.100,9,0,348.092,0,0,24,191,5,28,0
05-08 09:07:17,55.930,25.968,14.482,2.497,0,4954492,133972,200896,2636224,10505.920,1456.187,43054.397,18748.658,437.455,572.288,6162,13439,2.470,1.870,1.120,4,0,402.499,0,0,24,193,5,29,0
05-08 09:07:18,60.948,30.847,5.722,2.488,0,4986028,125820,200512,2614372,82200.273,1653.817,35396.856,1003.037,382.109,55.724,9333,23161,2.470,1.870,1.120,14,0,355.242,0,0,24,195,5,29,0
05-08 09:07:19,59.889,22.899,16.356,0.252,0,5050340,126308,199988,2550708,10434.763,1630.589,1457.465,15271.171,49.320,834.419,11789,25008,2.470,1.870,1.120,4,0,331.150,0,0,24,199,5,33,0
05-08 09:07:20,58.237,20.995,19.496,0.250,0,5102536,129160,198848,2498644,23397.829,1693.626,191.958,743.836,11.997,48.989,5299,12240,2.470,1.870,1.120,5,0,373.917,0,0,24,201,5,34,0
05-08 09:07:21,59.252,17.250,21.751,0.250,0,5151760,139012,197692,2441440,32513.878,1736.047,220.006,7132.193,18.000,654.018,8488,16240,2.470,1.870,1.120,4,0,211.006,0,0,24,205,5,36,0
05-08 09:07:22,67.400,10.484,21.718,0.499,0,5295992,126168,195336,2315684,37943.805,1617.604,698.965,551.184,51.923,44.933,4138,8666,2.590,1.910,1.140,4,0,2.996,0,0,24,211,5,37,0
05-08 09:07:23,58.577,8.261,32.543,0.250,0,5318344,136628,194740,2284180,59974.687,17238.617,648.851,929.219,47.062,84.110,5392,11086,2.590,1.910,1.140,6,0,8.011,0,0,24,220,5,44,0
05-08 09:07:24,40.499,20.999,36.749,0.750,0,5299092,158480,194744,2281684,14930.612,1619.958,231.994,899.977,16.000,77.998,5315,11710,2.590,1.910,1.140,3,0,455.988,0,0,24,224,5,44,0
05-08 09:07:25,36.312,23.379,39.048,0.249,0,5295296,161580,194744,2282712,5903.467,1611.664,262.642,1130.155,10.943,136.295,5693,9969,2.590,1.910,1.140,2,0,356.158,0,0,24,224,5,44,0
05-08 09:07:26,54.037,16.085,29.406,0,0,5301868,167280,194508,2271004,15013.678,1628.643,16.085,756.012,3.016,58.309,7169,12449,2.590,1.910,1.140,3,0,199.056,0,0,25,228,5,44,0
05-08 09:07:27,67.994,8.499,20.748,1.750,0,5453060,124800,192664,2166012,15820.703,1619.867,1815.851,7459.388,144.988,644.947,4683,5219,2.700,1.940,1.150,3,0,8.999,0,0,25,228,5,44,0
05-08 09:07:28,62.253,8.000,28.002,0.250,0,5476772,191932,192160,2078708,47584.617,1714.094,1016.056,1320.073,40.002,102.006,3918,9842,2.700,1.940,1.150,2,0,81.004,0,0,25,229,5,47,0
05-08 09:07:29,28.434,9.727,60.110,0,0,5511752,156916,192164,2078744,28472.772,4123.409,7.981,359.165,1.995,18.956,3498,5893,2.700,1.940,1.150,2,0,136.682,0,0,25,232,5,48,0
05-08 09:07:30,30.568,5.512,63.141,0.251,0,5512200,141912,192172,2093292,15247453.574,87992.134,4.009,613.367,1.002,54.121,6607,4603,2.700,1.940,1.150,2,0,6.013,0,0,25,230,5,49,0
05-08 09:07:31,31.896,14.951,51.084,0.249,0,5447096,201652,192100,2098732,6746829.791,26260.758,2149.024,713.683,28.906,59.806,6247,8865,2.700,1.940,1.150,4,0,294.046,0,0,25,231,5,49,0
05-08 09:07:32,25.504,4.001,70.012,0,0,5501592,147144,192100,2098744,10557.753,1620.269,0,460.076,0,22.004,2136,3376,2.570,1.930,1.150,4,0,0,0,0,25,231,5,49,0
05-08 09:07:33,26.990,3.499,67.976,0.250,0,5502332,146192,192100,2098960,6571.660,1661.409,35.987,2087.257,2.999,153.945,4632,8879,2.570,1.930,1.150,2,0,4.998,0,0,25,247,5,51,0
05-08 09:07:34,26.841,3.763,68.483,1.003,0.502,5518244,129828,192116,2099396,17180.517,1667.680,401.367,513.750,21.072,55.188,4813,9018,2.570,1.930,1.150,1,0,2.007,0,0,25,251,5,53,0
05-08 09:07:35,30.178,5.736,62.350,0.249,0,5529952,121648,191356,2097640,9683.740,1454.506,7.981,5690.332,1.995,121.708,6602,12297,2.570,1.930,1.150,5,6,21.947,0,0,25,256,5,59,0
05-08 09:07:36,16.725,14.229,67.151,0.749,0,5481376,211648,191000,2058524,30355.226,1691.505,91.864,22930.178,7.988,599.116,4459,5550,2.570,1.930,1.150,6,0,188.722,0,0,25,251,5,65,0
05-08 09:07:37,25.251,8.250,65.502,0.250,0,5531512,122104,191808,2097100,6936.250,1620.058,512.018,1716.062,58.002,43.002,2387,3557,2.520,1.930,1.150,4,0,24.001,0,0,25,253,5,65,0
05-08 09:07:38,21.022,5.256,68.572,4.505,0,5501172,149840,192400,2099256,15051.774,1621.700,5221.472,2078.178,914.959,61.064,3394,5391,2.520,1.930,1.150,5,0,9.009,0,0,25,253,5,65,0
05-08 09:07:39,25.516,9.506,63.540,0.750,0,5532876,145196,190764,2075264,10817.837,1621.024,688.435,348.220,145.092,14.009,14250,27503,2.520,1.930,1.150,3,0,4.003,0,0,25,253,5,66,0
05-08 09:07:40,25.279,5.256,69.080,0,0,5540156,137800,190792,2075352,6079.070,1621.886,32.037,788.918,4.005,46.054,2054,3395,2.520,1.930,1.150,3,0,3.003,0,0,25,253,5,67,2
05-08 09:07:41,23.962,5.741,68.890,0.250,0,5543216,134356,190796,2075732,5011.986,1455.672,0,21409.766,0,59.904,4524,8153,2.520,1.930,1.150,2,0,3.994,0,0,25,255,5,67,2
05-08 09:07:42,22.758,6.002,70.024,0,0,5464748,227888,190592,2062124,16089.551,1620.559,660.228,340.117,52.018,24.008,2208,3401,2.400,1.910,1.150,0,1,26.009,0,0,25,255,5,67,2
05-08 09:07:43,25.298,12.273,60.865,0.250,0,5495568,196004,190624,2063140,11730.229,1623.076,653.238,332.630,86.163,21.040,3849,6681,2.400,1.910,1.150,4,0,446.847,0,0,25,257,5,57,2
05-08 09:07:44,23.219,7.240,69.158,0.250,0,5474392,217108,190636,2063200,13860.649,1617.858,15.979,331.561,0.999,30.959,2582,3978,2.400,1.910,1.150,1,0,84.888,0,0,25,257,5,57,2
05-08 09:07:45,11.487,18.479,69.170,0.250,0,5483628,207788,190660,2063260,7497.326,1600.149,3.995,2716.857,0.999,151.824,3591,5801,2.400,1.910,1.150,5,0,272.685,0,0,25,257,5,54,2
05-08 09:07:46,13.277,19.540,67.388,0,0,5484124,207212,190672,2063328,14383.371,1697.466,32.065,152.311,2.004,19.039,3410,5189,2.400,1.910,1.150,2,0,282.577,0,0,25,261,5,54,2
05-08 09:07:47,4.237,2.741,91.961,0,0,5484004,207320,190672,2063340,8916.965,1614.923,3.987,3.987,0.997,0.997,1652,2670,2.210,1.880,1.150,1,0,32.897,0,0,25,261,5,53,2
05-08 09:07:48,20.539,4.508,73.639,0,0,5544988,146336,190672,2063340,5241.870,1697.196,0,0,0,0,1625,2565,2.210,1.880,1.150,2,0,9.017,0,0,25,261,5,53,2
05-08 09:07:49,23.004,5.001,69.262,0.250,0,5481644,209448,190692,2063552,15186.718,1458.261,64.011,308.055,4.001,23.004,3259,5935,2.210,1.880,1.150,3,0,57.010,0,0,25,265,5,53,2
05-08 09:07:50,12.996,17.245,67.980,0,0,5482816,208068,190716,2063720,11678.625,1619.532,123.964,295.914,10.997,22.993,3374,5163,2.210,1.880,1.150,2,0,182.947,0,0,25,267,5,53,2
05-08 09:07:51,13.743,16.491,67.714,0,0,5490724,199896,190728,2063972,6519.525,1619.137,55.970,403.785,6.996,26.986,3297,5107,2.210,1.880,1.150,3,0,183.902,0,0,25,267,5,53,2
05-08 09:07:52,13.529,17.037,67.898,0.501,0,5498348,192072,190744,2064156,43091.638,1739.781,72.157,168.366,5.011,15.033,3318,4888,2.270,1.900,1.160,2,0,157.342,0,0,25,269,5,53,0
05-08 09:07:53,23.224,11.487,64.428,0,0,5528200,162176,190748,2064196,11190.422,1692.098,3.996,43.951,0.999,4.994,2941,12313,2.270,1.900,1.160,4,0,130.853,0,0,25,269,5,53,0
05-08 09:07:54,23.550,4.760,70.900,0,0,5582588,132624,190124,2040456,14061.825,1577.346,0,5932.583,0,526.116,2804,3102,2.270,1.900,1.160,1,0,2.004,0,0,25,269,5,53,0
05-08 09:07:55,26.647,2.739,69.232,0.249,0,5570100,145052,190136,2040576,14392.330,1613.758,191.260,788.948,7.969,66.742,2388,3522,2.270,1.900,1.160,4,0,1.992,0,0,25,271,5,53,0
05-08 09:07:56,25.235,4.997,70.457,0,0,5539708,175392,190140,2040624,5067.888,1692.961,39.975,107.934,5.996,8.994,1812,2796,2.270,1.900,1.160,3,0,5.996,0,0,25,269,5,53,0
05-08 09:07:57,25.357,4.017,69.543,0.251,0,5582944,132112,190156,2040668,13642.531,1626.860,4.017,506.134,1.004,48.203,2620,4505,2.170,1.880,1.160,2,0,4.017,0,0,25,272,5,55,0
05-08 09:07:58,25.884,4.729,68.941,0,0,5486812,228220,190288,2040560,9410.868,1654.592,123.447,171.233,3.982,10.951,2491,4272,2.170,1.880,1.160,2,0,15.929,0,0,25,269,5,56,0
05-08 09:07:59,26.253,3.500,70.259,0,0,5542004,172896,190288,2040692,5274.702,1458.194,0,140.019,0,8.001,1882,2831,2.170,1.880,1.160,3,0,0,0,0,25,269,5,56,0
05-08 09:08:00,17.536,11.273,68.641,0.752,0,5487396,226280,190296,2041924,14869.557,1623.336,1366.809,47978.596,18.037,179.369,3371,4712,2.170,1.880,1.160,5,0,134.276,0,0,25,269,5,56,0
05-08 09:08:01,11.753,20.255,67.765,0,0,5497044,216464,190300,2042072,9292.091,1768.398,44.010,168.038,2.000,8.002,3242,4975,2.170,1.880,1.160,2,0,294.066,0,0,25,269,5,56,0
05-08 09:08:02,19.242,10.246,69.473,0,0,5512168,201024,190308,2042380,13634.628,1457.426,327.871,159.937,73.971,9.996,2639,3802,2.160,1.890,1.160,3,0,123.951,0,0,25,271,5,56,0
05-08 09:08:03,23.742,4.498,70.975,0.250,0,5536452,175824,190640,2042964,12764.494,1619.428,907.680,179.936,65.977,3.999,1960,2881,2.160,1.890,1.160,3,0,3.999,0,0,25,271,5,56,0
05-08 09:08:04,21.495,6.249,70.484,0.500,0,5534152,174628,190648,2046452,10775.575,3636.182,3331.250,291.934,41.991,11.997,8785,17933,2.160,1.890,1.160,1,0,11.997,0,0,25,272,5,56,0
05-08 09:08:05,25.812,2.005,71.171,0.752,0,5563280,143628,190704,2048268,17050.991,2361.677,296.713,1026.468,30.072,40.096,2109,3106,2.160,1.890,1.160,1,0,2.005,0,0,25,272,5,56,0
05-08 09:08:06,24.170,6.977,67.527,0,0,5587752,127392,190524,2040300,10655.751,1614.659,0,183.393,0,10.964,8823,16927,2.160,1.890,1.160,2,0,9.967,0,0,25,272,5,56,0
05-08 09:08:07,23.783,5.257,70.850,0.250,0,5623464,138624,189432,1997236,11349.958,3712.219,200.282,252.355,41.058,12.017,1881,2882,1.980,1.850,1.160,2,0,3.004,0,0,25,273,5,56,0
05-08 09:08:08,24.805,3.508,70.657,0.251,0,5612000,144496,189820,2002440,13099.054,1635.628,0,713.583,0,13.029,1995,2947,1.980,1.850,1.160,1,0,2.004,0,0,25,272,5,56,0
05-08 09:08:09,20.748,2.250,75.992,0,0,5623340,133108,189824,2002468,14827.354,4608.488,15.998,455.949,3.000,5.999,1763,2752,1.980,1.850,1.160,1,0,4.000,0,0,25,273,5,56,0
05-08 09:08:10,28.166,5.234,65.306,0.499,0,5611456,154020,189932,1994372,14199.742,1904.333,3.988,1300.131,0.997,57.828,3167,5960,1.980,1.850,1.160,3,0,2.991,0,0,25,276,5,57,0
05-08 09:08:11,26.501,7.500,63.752,0,0,5604456,160376,190020,1994944,11066.288,1458.038,48.001,476.012,3.000,11.000,12642,25027,1.980,1.850,1.160,5,0,18.000,0,0,25,276,5,57,0
05-08 09:08:12,23.997,8.249,66.491,0.250,0,5592168,172472,190108,1995048,11989.345,1661.771,0,827.886,0,41.994,7592,14272,1.900,1.840,1.150,3,0,21.997,0,0,25,276,5,56,0
05-08 09:08:13,15.500,14.500,68.751,0,0,5513440,264340,190132,1982040,22001.308,1794.025,0,800.011,0,16.000,3218,5005,1.900,1.840,1.150,5,0,232.003,0,0,25,275,5,56,0
05-08 09:08:14,24.986,4.997,69.712,0,0,5570504,207060,190148,1982240,10163.491,1619.122,15.991,255.861,0.999,16.991,2297,3566,1.900,1.840,1.150,3,0,31.983,0,0,25,275,5,55,0
05-08 09:08:15,21.578,8.531,69.500,0.251,0,5512480,265012,190156,1982304,14875.597,1625.858,28.101,525.895,3.011,30.108,3297,6183,1.900,1.840,1.150,1,0,112.405,0,0,25,275,5,57,0
05-08 09:08:16,24.958,2.745,71.879,0,0,5566940,210408,190156,1982448,14622.449,1617.285,0,3.993,0,0.998,1791,2860,1.900,1.840,1.150,3,0,0,0,0,25,276,5,50,0
05-08 09:08:17,21.781,7.761,69.349,0,0,5522764,254572,190156,1982460,16001.803,1576.246,0,0,0,0,2706,4515,1.830,1.830,1.150,1,0,70.100,0,0,25,275,5,50,0
05-08 09:08:18,26.174,2.493,71.045,0,0,5568372,208960,190156,1982464,13094.210,1615.338,0,3.988,0,0.997,2030,3305,1.830,1.830,1.150,2,0,0,0,0,25,277,5,49,0
05-08 09:08:19,22.538,5.509,69.868,0,0,5535448,241852,190168,1982484,5450.205,1622.741,0,92.156,0,9.015,2740,5147,1.830,1.830,1.150,4,0,56.095,0,0,25,275,5,49,0
05-08 09:08:20,27.278,4.004,69.320,0,0.250,5572616,204584,190184,1982568,7654.731,1621.638,4.004,228.231,1.001,22.022,2604,4837,1.830,1.830,1.150,1,0,1.001,0,0,25,278,5,47,0
05-08 09:08:21,25.180,6.233,67.811,0.748,0,5567120,209216,190204,1983412,13106.446,1657.378,486.643,203.433,9.972,18.947,2376,3337,1.830,1.830,1.150,2,0,31.911,0,0,25,275,5,49,0
05-08 09:08:22,26.572,3.259,68.686,0,0,5518392,257696,190232,1983628,14723.961,1624.409,16.044,461.252,4.011,55.150,3237,5473,1.760,1.810,1.150,2,0,6.016,0,0,25,275,5,49,0
05-08 09:08:23,23.182,5.484,70.542,0,0,5581116,194956,190240,1983636,13385.553,1507.557,0,115.659,0,7.976,2100,3115,1.760,1.810,1.150,4,0,41.877,0,0,25,275,5,49,0
05-08 09:08:24,25.216,5.742,68.407,0,0,5532540,243364,190252,1983792,9181.495,1563.870,15.978,235.679,0.999,21.970,3052,5626,1.760,1.810,1.150,3,0,31.956,0,0,25,275,5,45,0
05-08 09:08:25,26.293,3.255,69.613,0,0,5583868,192016,190260,1983804,14597.604,1696.744,0,4543.347,0,504.816,3095,3567,1.760,1.810,1.150,2,0,0,0,0,25,275,5,46,0
05-08 09:08:26,18.552,11.783,67.939,0.251,0,5506320,269388,190296,1983944,10893.294,1516.217,0,497.383,0,47.131,3641,6353,1.760,1.810,1.150,2,0,173.482,0,0,25,275,4,47,0
05-08 09:08:27,12.252,21.253,65.010,0.250,0,5506576,269076,190336,1983960,5923.877,1566.232,0,488.072,0,37.005,3727,5965,1.700,1.800,1.150,2,0,359.053,0,0,25,275,4,48,0
05-08 09:08:28,12.453,19.677,65.505,0,0,5509920,265700,190336,1983992,6125.123,1707.622,0,270.988,0,19.926,3652,5829,1.700,1.800,1.150,2,0,364.638,0,0,25,275,4,46,0
05-08 09:08:29,12.036,21.565,65.698,0,0,5510568,265032,190336,1984012,24419.625,4998.069,0,212.641,0,18.054,3812,6107,1.700,1.800,1.150,1,0,379.143,0,0,25,275,4,46,0
05-08 09:08:30,13.008,21.012,65.288,0.250,0,5511076,264480,190352,1984040,10857.297,1566.909,0,940.546,0,40.023,3836,5968,1.700,1.800,1.150,2,0,369.214,0,0,25,275,4,43,0
05-08 09:08:31,9.506,23.014,67.290,0,0,5516176,259348,190360,1984064,15660.287,1620.961,0,284.169,0,24.014,4711,7783,1.700,1.800,1.150,2,0,652.387,0,0,25,275,4,43,0
05-08 09:08:32,9.483,20.713,67.628,0,0,5513428,262052,190368,1984100,9362.101,1509.276,0,507.085,0,36.933,4536,7672,1.730,1.800,1.160,3,0,614.890,0,0,25,275,4,42,0
05-08 09:08:33,12.751,20.002,66.006,0,0,5518136,257320,190372,1984120,15999.536,1566.150,0,200.019,0,18.002,3659,5631,1.730,1.800,1.160,4,0,343.033,0,0,25,275,4,42,0
05-08 09:08:34,11.244,20.739,66.464,0.250,0,5519540,255872,190384,1984152,14280.331,1735.068,0,143.923,0,11.994,3510,5430,1.730,1.800,1.160,1,0,333.821,0,0,25,275,4,38,0
05-08 09:08:35,19.476,12.235,65.919,0.749,0,5530128,247296,190392,1983056,5995.655,1530.126,1458.214,1430.248,86.894,7.990,2828,4426,1.730,1.800,1.160,2,0,171.790,0,0,25,275,4,38,0
05-08 09:08:36,21.998,8.749,64.745,5.750,0,5545764,214800,191340,2007112,14236.833,1619.867,12202.999,2927.760,960.921,17.999,8390,14116,1.730,1.800,1.160,1,0,6.000,0,0,25,273,4,24,2
05-08 09:08:37,24.824,3.761,71.462,0.251,0,5578788,178440,191508,2010272,17367.442,3723.028,264.784,798.365,9.027,16.048,2055,2911,1.750,1.800,1.160,4,0,5.015,0,0,25,274,4,24,2
05-08 09:08:38,19.694,2.742,75.037,0.748,0,5567984,185752,191536,2013716,25503.697,13570.528,3366.456,1168.687,91.740,41.881,2585,3756,1.750,1.800,1.160,2,0,1.994,0,0,25,274,4,24,2
05-08 09:08:39,19.560,3.009,76.483,1.003,0,5588244,164360,191560,2014824,30605.408,11905.335,995.037,1191.637,62.190,45.138,2502,3679,1.750,1.800,1.160,2,0,0,0,0,25,274,4,24,2
05-08 09:08:40,19.219,1.997,75.378,0.998,0,5583924,168428,191616,2015020,26292.354,12880.108,774.743,1577.441,64.895,66.892,2523,3671,1.750,1.800,1.160,5,0,0.998,0,0,25,274,4,25,2
05-08 09:08:41,18.756,1.751,77.024,1.250,0,5595220,156080,191648,2016032,30502.364,12694.897,836.257,2560.786,64.020,294.090,2528,3362,1.750,1.800,1.160,2,0,1.000,0,0,25,274,4,23,2
05-08 09:08:42,20.986,4.997,71.203,2.249,0,5593680,136036,191924,2038468,16906.757,3338.780,14958.053,1994.674,175.883,83.944,2781,4030,1.690,1.790,1.160,2,0,1.999,0,0,25,274,4,23,2
05-08 09:08:43,24.496,5.499,69.489,0.750,0.250,5615700,144244,191300,2011992,7868.804,1565.762,0,1363.793,0,51.992,2237,3612,1.690,1.790,1.160,6,0,0,0,0,25,274,4,22,2
05-08 09:08:44,22.742,5.998,69.225,1.000,0,5619896,132272,192324,2019320,13979.981,1619.419,31.989,3662.685,1.999,164.941,2761,4269,1.690,1.790,1.160,3,0,1.999,0,0,25,276,4,22,2
05-08 09:08:45,23.247,5.499,69.240,1.000,0,5619080,121992,193112,2029060,11325.392,1619.770,0,2647.624,0,101.986,2494,3385,1.690,1.790,1.160,5,0,0,0,0,25,276,4,22,2
05-08 09:08:46,24.316,3.259,71.445,0,0.251,5541860,214060,193124,2014164,7744.142,1798.911,485.325,982.683,6.016,15.041,1898,2691,1.690,1.790,1.160,1,0,6.016,0,0,25,275,4,22,2
05-08 09:08:47,20.957,3.243,73.850,0.249,0,5580656,169548,193132,2019488,27410.248,3769.333,0,1385.183,0,10.978,1974,2784,1.630,1.780,1.160,5,0,2.994,0,0,25,275,4,22,2
05-08 09:08:48,22.238,2.749,73.710,0,0,5570872,178004,193192,2020500,22362.014,2870.461,0,7.996,0,1.999,1898,2676,1.630,1.780,1.160,3,0,5.997,0,0,25,276,4,22,2
05-08 09:08:49,23.497,4.000,70.492,0,0,5565768,176040,193204,2026692,16542.048,3410.598,0,1323.844,0,18.998,9845,19264,1.630,1.780,1.160,5,0,5.999,0,0,25,275,4,22,2
05-08 09:08:50,24.057,7.017,67.661,0,0,5571620,169900,193220,2026916,9531.647,1589.777,0,1924.573,0,37.088,10523,20655,1.630,1.780,1.160,3,0,15.036,0,0,25,275,4,22,2
05-08 09:08:51,21.749,6.750,70.496,0.250,0,5563668,191736,193240,2014272,6639.622,1693.903,0,1167.933,0,21.999,2112,3341,1.630,1.780,1.160,1,0,13.999,0,0,25,275,4,22,2
05-08 09:08:52,23.475,5.494,70.674,0,0,5539968,214916,193288,2014744,14419.528,1648.231,0,351.623,0,7.991,2356,3658,1.580,1.760,1.160,5,0,50.945,0,0,25,275,4,22,2
05-08 09:08:53,28.748,6.000,62.745,0,0,5562056,191992,193336,2015516,15354.787,1619.872,4.000,407.968,1.000,6.999,10213,21006,1.580,1.760,1.160,3,0,44.996,0,0,25,275,4,23,2
05-08 09:08:54,18.962,3.992,75.849,0.250,0,5590272,158600,193344,2020680,21947.434,3637.779,0,227.548,0,6.986,1910,2698,1.580,1.760,1.160,4,0,3.992,0,0,25,278,4,23,2
05-08 09:08:55,24.481,3.247,71.443,0,0,5581712,165504,193352,2021848,10912.336,2199.254,0,755.400,0,6.994,1894,2792,1.580,1.760,1.160,4,0,5.995,0,0,25,278,4,22,2
05-08 09:08:56,16.262,2.502,79.056,0.250,0,5568028,172628,193352,2027568,20901.861,4259.028,0,9334.637,0,240.171,2315,2962,1.580,1.760,1.160,1,0,3.002,0,0,25,277,4,22,2
05-08 09:08:57,25.348,7.027,67.512,0.251,0,5580920,159072,193352,2028260,9260.877,1517.880,0,867.360,0,23.089,11482,22747,1.540,1.750,1.160,2,0,18.070,0,0,25,277,4,22,2
05-08 09:08:58,24.191,6.235,69.579,0,0,5561648,178136,193356,2028432,6677.580,1616.026,0,191.529,0,4.988,7571,14774,1.540,1.750,1.160,2,0,14.963,0,0,25,277,4,22,2
05-08 09:08:59,24.055,4.260,70.660,0,0.251,5550104,203652,193376,2015528,4676.597,1643.725,0,320.727,0,12.027,1908,3096,1.540,1.750,1.160,1,0,9.020,0,0,25,277,4,20,2
05-08 09:09:00,23.745,5.749,68.236,0.500,0,5529888,223804,193424,2015544,13573.245,1619.671,0,3083.374,0,145.970,3224,5072,1.540,1.750,1.160,1,0,94.981,0,0,25,277,4,20,2
05-08 09:09:01,24.210,6.489,67.887,0,0,5546860,189700,194468,2030668,12899.587,1509.494,19.967,1118.144,4.992,8.985,12537,24275,1.540,1.750,1.160,2,0,4.992,0,0,25,277,4,20,2
05-08 09:09:02,18.783,2.254,77.636,0.250,0,5567636,168056,194528,2031344,40748.636,7708.552,4.007,1306.296,1.002,19.033,1997,2869,1.410,1.720,1.150,1,0,3.005,0,0,25,278,4,20,2
05-08 09:09:03,16.718,1.996,79.597,0.499,0,5567736,167804,194544,2031444,25660.629,15674.842,0,1365.373,0,50.902,1931,3067,1.410,1.720,1.150,1,0,0,0,0,25,278,4,20,2
05-08 09:09:04,6.994,1.249,90.170,0.749,0,5568584,166544,194584,2031780,149549.751,9707.351,0,935.167,0,38.965,1864,2897,1.410,1.720,1.150,2,0,0,0,0,25,279,4,20,2
05-08 09:09:05,19.545,1.002,78.681,0.501,0,5591104,143864,194592,2031864,30877.927,9985.938,0,970.229,0,40.092,2015,2986,1.410,1.720,1.150,2,0,0,0,0,25,279,4,20,2
05-08 09:09:06,18.450,2.493,76.791,0.499,0,5595592,139216,194596,2032004,23579.886,13831.392,0,13575.089,0,79.783,2099,3186,1.410,1.720,1.150,3,0,0,0,0,25,279,4,20,2
05-08 09:09:07,15.999,2.750,78.246,1.250,0,5601924,132244,194680,2032424,302991.365,20983.056,27.999,2515.887,4.000,109.995,2420,3530,1.300,1.690,1.140,2,0,0,0,0,25,279,4,20,2
05-08 09:09:08,19.001,3.250,75.752,1.000,0,5610384,124832,194744,2031248,92380.049,17982.593,120.004,2348.077,10.000,109.004,2769,3986,1.300,1.690,1.140,3,0,0,0,0,25,279,4,20,2
05-08 09:09:09,13.761,7.006,76.312,1.751,0,5601016,185260,194120,1983716,7457164.046,51146.736,10040.193,9403.673,75.061,114.093,4996,4095,1.300,1.690,1.140,2,0,4.003,0,0,25,279,4,20,2
05-08 09:09:10,24.995,4.999,68.737,1.250,0,5606804,165364,197200,1993980,13431.555,1619.705,0,4579.167,0,128.977,2550,3915,1.300,1.690,1.140,5,0,2.000,0,0,25,279,4,21,2
05-08 09:09:11,26.048,4.258,69.629,0.501,0,5617712,135300,197744,2011484,8919.537,1623.009,0,6003.130,0,81.150,2041,3277,1.300,1.690,1.140,2,0,1.002,0,0,25,279,4,20,2
05-08 09:09:12,24.023,6.256,68.065,1.501,0,5615308,136928,198188,2011088,13205.545,1567.489,0,4384.165,0,355.338,3019,4028,1.270,1.680,1.140,3,0,4.004,0,0,25,279,4,20,2
05-08 09:09:13,25.480,11.741,60.452,1.249,0,5616740,130776,198604,2015400,14508.437,1510.796,15.987,188653.643,3.997,839.331,4523,7147,1.270,1.680,1.140,2,0,2.998,0,0,25,279,4,20,2
05-08 09:09:14,26.199,4.741,67.368,0.499,0,5620236,135536,199368,2006304,5975.282,1616.829,0,2279.530,0,43.914,2287,3620,1.270,1.680,1.140,4,0,0,0,0,25,279,4,23,2
05-08 09:09:15,20.973,4.994,72.406,1.248,0,5623060,126408,200080,2011236,19696.493,3773.114,39.948,3052.048,2.996,106.862,2587,3961,1.270,1.680,1.140,1,0,0,0,0,25,280,4,21,2
05-08 09:09:16,26.284,1.752,71.092,0,0,5538900,243520,200088,1978284,13714.829,2098.728,0,108.141,0,7.009,1842,2728,1.270,1.680,1.140,1,0,2.003,0,0,25,277,4,21,2
05-08 09:09:17,20.002,4.000,75.507,0,0,5583680,198692,200120,1978300,10991.989,3711.334,8.001,1028.093,2.000,24.002,1834,2717,1.250,1.670,1.140,2,0,7.001,0,0,25,278,4,21,2
05-08 09:09:18,25.017,3.502,70.797,0.250,0,5575340,200008,200196,1984640,17757.791,1869.241,0,18980.603,0,85.056,2069,2847,1.250,1.670,1.140,2,0,3.002,0,0,25,277,4,21,2
05-08 09:09:19,19.502,3.000,76.259,0.250,0,5566532,202132,200308,1990472,16194.879,4663.541,0,1292.150,0,21.002,1991,2977,1.250,1.670,1.140,2,0,5.001,0,0,25,277,4,21,2
05-08 09:09:20,25.010,6.503,68.028,0,0,5582860,185212,200364,1990896,15839.605,1512.631,0,608.254,0,23.010,9630,18837,1.250,1.670,1.140,6,0,13.005,0,0,25,277,4,21,2
05-08 09:09:21,24.726,6.494,66.185,0,0,5588360,179472,200420,1991048,13152.006,1618.401,0,2317.710,0,21.978,9598,19205,1.250,1.670,1.140,1,0,12.987,0,0,25,277,4,21,2
05-08 09:09:22,23.016,6.254,70.799,0.250,0,5591140,176476,200456,1991228,7382.101,1663.149,0,316.219,0,8.006,1909,2905,1.230,1.660,1.140,4,0,7.005,0,0,25,277,4,17,2
05-08 09:09:23,24.478,4.496,69.438,0.749,0,5568988,211700,200544,1979412,14927.640,1692.485,655.413,1582.584,54.951,46.958,2442,3719,1.230,1.660,1.140,2,0,5.995,0,0,25,277,4,17,2
05-08 09:09:24,24.556,3.508,68.907,2.506,0,5576800,199384,200896,1983500,9442.548,1503.431,2004.574,1796.099,274.627,31.071,3471,5680,1.230,1.660,1.140,1,0,2.005,0,0,25,278,4,14,2
05-08 09:09:25,29.182,2.744,67.841,0.249,0,5578008,197872,200928,1983772,5226.738,1616.208,71.831,570.661,5.986,55.869,4417,8274,1.230,1.660,1.140,2,0,0,0,0,25,280,4,15,2
05-08 09:09:26,26.096,3.513,68.502,0.753,0,5580956,193896,200972,1984760,14226.410,1625.990,923.402,983.624,48.177,135.499,4973,8978,1.230,1.660,1.140,1,0,1.004,0,0,25,284,4,13,2
05-08 09:09:27,28.160,2.741,66.039,1.744,0,5584328,189108,201052,1986096,9378.037,1614.841,1040.675,3963.337,83.732,568.185,5115,8882,1.210,1.650,1.140,3,0,4.984,0,0,25,288,4,15,2
05-08 09:09:28,16.012,17.012,67.299,0.751,0,5538244,234644,201108,1986588,14131.316,1715.252,144.105,1641.198,2.001,119.087,4022,6411,1.210,1.650,1.140,1,0,296.216,0,0,25,287,4,13,2
05-08 09:09:29,15.182,14.187,66.950,1.991,0,5521100,246588,201124,1991740,19723.756,5068.324,5276.393,513.702,309.615,22.898,3685,5104,1.210,1.650,1.140,1,1,152.319,0,0,25,287,4,15,2
05-08 09:09:30,11.303,4.772,68.570,13.563,0,5497192,230488,201176,2031664,5866.378,1464.836,39938.392,3299.398,3145.681,165.774,6552,9902,1.210,1.650,1.140,2,0,1.005,0,0,25,287,4,15,2
05-08 09:09:31,7.732,3.242,86.792,0.998,0,5501340,222928,201196,2035056,14511.303,2706.529,3391.890,977.662,131.685,20.950,2288,3462,1.210,1.650,1.140,1,0,5.986,0,0,25,288,4,15,2
05-08 09:09:32,4.500,1.250,94.247,0,0,5501340,222928,201196,2035056,13834.502,1619.942,0,12.000,0,3.000,1655,2573,1.120,1.620,1.130,4,0,0,0,0,25,288,4,15,2
05-08 09:09:33,4.752,1.000,93.291,0.250,0,5501584,222676,201204,2035056,15308.690,1620.708,0,276.121,0,23.010,1688,2694,1.120,1.620,1.130,3,0,0,0,0,25,288,4,15,2
05-08 09:09:34,3.249,1.749,94.713,0,0,5501576,222676,201208,2035060,10638.851,1619.368,0,107.958,0,12.995,1665,2814,1.120,1.620,1.130,1,0,0,0,0,25,288,4,15,2
05-08 09:09:35,4.002,1.001,93.052,0,0,5501568,222676,201212,2035064,15080.505,1500.846,0,36.020,0,4.002,1720,2727,1.120,1.620,1.130,1,0,2.001,0,0,25,288,4,15,2
05-08 09:09:36,3.001,1.000,93.784,0,0,5501564,222676,201224,2035056,6190.241,1662.602,0,84.030,0,11.004,1541,2651,1.120,1.620,1.130,1,0,0,0,0,25,288,4,15,1
05-08 09:09:37,5.469,1.740,92.231,0.249,0,5501456,222668,201236,2035160,9050.048,1610.930,0,365.940,0,20.882,1708,2690,1.030,1.590,1.130,10,0,0,0,0,25,288,4,15,1
05-08 09:09:38,8.297,4.023,85.984,0.503,0,5516204,203768,201256,2039292,6509.669,1629.177,3234.218,591.331,39.221,55.312,2420,3807,1.030,1.590,1.130,1,0,4.023,0,0,25,288,4,15,1
05-08 09:09:39,5.753,1.751,92.046,0,0,5517428,202256,201256,2039580,17420.763,1620.815,352.177,40.020,3.002,5.003,1986,3000,1.030,1.590,1.130,1,0,0,0,0,25,288,4,15,1
05-08 09:09:40,7.996,3.248,88.205,0.250,0,5524264,196240,201268,2038748,13128.344,1531.224,0,379.807,0,30.984,2208,3424,1.030,1.590,1.130,1,0,0.999,0,0,25,288,4,16,1
05-08 09:09:41,4.257,1.252,93.395,0,0,5524252,196240,201276,2038752,12553.483,1622.518,0,116.180,0,16.025,1701,2819,1.030,1.590,1.130,2,0,1.002,0,0,25,288,4,16,1
05-08 09:09:42,4.491,1.497,93.067,0.250,0,5524248,196240,201292,2038740,10215.936,1616.825,0,315.381,0,24.951,1899,3147,0.940,1.570,1.120,2,0,0.998,0,0,25,288,4,15,1
05-08 09:09:43,2.998,1.999,92.951,0,0,5524140,196268,201292,2038820,12692.349,1511.208,67.964,1483.223,5.997,238.875,2223,3082,0.940,1.570,1.120,2,0,0,0,0,25,288,4,15,1
05-08 09:09:44,4.003,2.252,92.575,0,0,5525208,195200,201292,2038820,11704.457,1567.266,0,24239.586,0,70.057,1874,2963,0.940,1.570,1.120,2,0,0,0,0,25,288,4,15,1
05-08 09:09:45,4.247,1.499,94.428,0,0,5525196,195200,201300,2038824,6248.226,1618.763,0,599.542,0,11.991,1531,2689,0.940,1.570,1.120,1,0,0,0,0,25,288,4,15,1
05-08 09:09:46,5.751,1.250,91.509,1.000,0,5525148,195200,201348,2038824,5404.535,1620.160,0,4360.432,0,223.022,2138,3665,0.940,1.570,1.120,2,0,0,0,0,25,288,4,15,1
05-08 09:09:47,3.250,4.000,92.255,0,0,5530236,190108,201352,2038824,14605.716,1694.083,0,32.002,0,4.000,1631,2610,1.030,1.570,1.130,1,0,0,0,0,25,288,4,15,1
05-08 09:09:48,2.749,1.499,93.453,0.500,0,5530252,190056,201364,2038848,6586.661,1619.179,15.992,363.816,0.999,31.984,1726,3041,1.030,1.570,1.130,1,0,0,0,0,25,288,4,15,1
05-08 09:09:49,3.253,3.003,91.836,0,0.250,5529000,191736,201364,2038920,12735.946,1621.521,0,54907.503,0,294.276,2219,2914,1.030,1.570,1.130,1,0,0,0,0,25,288,4,15,1
05-08 09:09:50,4.753,1.001,93.068,0.250,0,5528988,191736,201376,2038920,14567.576,3004.181,0,276.201,0,28.020,1855,3097,1.030,1.570,1.130,1,0,1.001,0,0,25,288,4,15,1
05-08 09:09:51,5.501,1.500,92.270,0,0,5528988,191736,201376,2038920,48324.535,4098.894,0,56.012,0,7.002,1669,2712,1.030,1.570,1.130,4,1,0,0,0,25,288,4,15,1
05-08 09:09:52,4.494,0.499,93.868,0,0,5528984,191736,201376,2038924,12047.014,2083.063,0,63.910,0,5.992,1539,2594,0.950,1.550,1.120,3,0,0,0,0,25,288,4,15,1
05-08 09:09:53,7.749,3.999,87.238,0,0,5507488,213168,201376,2038984,6361.116,1619.775,0,43.994,0,5.999,2072,5573,0.950,1.550,1.120,1,0,33.995,0,0,25,288,4,16,1
05-08 09:09:54,2.500,1.000,94.004,0,0.250,5507552,213104,201376,2038988,8453.363,1620.070,0,1560.067,0,9.000,1495,2580,0.950,1.550,1.120,1,0,0,0,0,25,288,4,15,1
05-08 09:09:55,3.250,1.250,94.262,0,0,5507552,213104,201376,2038988,17776.275,1620.207,0,0,0,0,1595,2629,0.950,1.550,1.120,1,0,0,0,0,25,288,4,15,1
05-08 09:09:56,4.010,1.754,94.728,0.251,0,5507552,213104,201384,2038980,14360.551,1503.618,0,76.183,0,9.022,1610,2751,0.950,1.550,1.120,3,0,1.002,0,0,25,288,3,15,1
05-08 09:09:57,4.495,1.748,92.401,0.250,0,5507744,212880,201404,2038992,15649.224,1618.265,0,371.602,0,28.969,1870,3138,0.950,1.540,1.120,1,0,0.999,0,0,25,288,3,16,1
05-08 09:09:58,3.501,2.251,94.024,0.500,0,5507712,212880,201428,2039000,11389.927,1458.375,0,932.240,0,170.044,2007,3125,0.950,1.540,1.120,3,0,0,0,0,25,288,3,15,1
05-08 09:09:59,3.247,0.999,93.676,0,0,5508184,212404,201428,2039000,14182.753,1618.716,0,927.265,0,10.991,1681,2859,0.950,1.540,1.120,1,0,0,0,0,25,288,3,15,1
05-08 09:10:00,3.750,1.500,92.991,0.250,0,5508160,212404,201452,2039000,13950.633,1619.841,0,555.946,0,43.996,1950,3233,0.950,1.540,1.120,1,0,1.000,0,0,25,288,3,15,1
05-08 09:10:01,3.984,0.747,93.369,0,0,5508152,212404,201456,2039004,5139.053,1613.424,0,31.870,0,3.984,1474,2627,0.950,1.540,1.120,1,0,0,0,0,25,288,3,15,1
05-08 09:10:02,2.512,0.753,94.940,0,0,5508152,212404,201456,2039004,15993.176,1464.794,0,0,0,0,1522,2527,0.950,1.530,1.120,1,0,0,0,0,25,288,3,15,1
05-08 09:10:03,3.747,0.999,94.422,0,0,5508152,212404,201456,2039004,13262.006,1618.658,0,0,0,0,1613,2682,0.950,1.530,1.120,1,0,0,0,0,25,288,3,15,1
05-08 09:10:04,3.249,0.750,94.463,0,0,5508152,212404,201456,2039004,6492.481,1619.372,0,7.997,0,1.999,1441,2553,0.950,1.530,1.120,2,0,0,0,0,25,288,3,15,1
05-08 09:10:05,3.249,0.500,94.714,0,0,5508148,212404,201456,2039008,20021.372,1693.355,0,0,0,0,1595,2564,0.950,1.530,1.120,1,0,0,0,0,25,288,3,15,1
05-08 09:10:06,2.746,1.748,94.125,0,0,5508148,212404,201456,2039008,10013.722,1691.757,0,7.989,0,1.997,1541,2524,0.950,1.530,1.120,3,0,0,0,0,25,288,3,15,1
05-08 09:10:07,4.262,0.501,94.021,0,0.251,5508012,212404,201468,2039132,13138.879,1462.216,0,84.243,0,9.026,1652,2611,0.880,1.500,1.110,2,1,0,0,0,25,288,3,15,1
05-08 09:10:08,7.249,2.500,89.238,0.500,0,5518796,201568,201504,2039148,17761.673,1693.778,0,583.924,0,40.995,2055,3209,0.880,1.500,1.110,1,0,0,0,0,25,288,3,15,1
05-08 09:10:09,2.750,0.500,94.507,0.250,0,5518796,201568,201504,2039148,11357.886,1620.126,0,568.044,0,113.009,1713,2620,0.880,1.500,1.110,2,0,0,0,0,25,288,3,15,1
05-08 09:10:10,4.997,1.749,92.451,0.250,0,5518780,201568,201516,2039152,15570.810,1619.148,0,291.846,0,23.987,1938,3187,0.880,1.500,1.110,1,0,0.999,0,0,25,288,3,16,1
05-08 09:10:11,3.758,1.503,94.193,0,0.251,5518776,201568,201528,2039144,10798.125,1623.326,0,80.164,0,13.027,1575,2668,0.880,1.500,1.110,4,0,1.002,0,0,25,288,3,15,1
05-08 09:10:12,4.248,1.000,93.717,0,0,5518740,201568,201560,2039148,10568.259,3367.808,0,259.908,0,23.992,1775,3096,0.810,1.480,1.110,2,0,1.000,0,0,25,288,3,15,1
05-08 09:10:13,2.993,2.993,91.778,0,0,5519304,200312,201596,2039804,28553.814,2035.069,622.492,31.923,6.983,3.990,1868,3033,0.810,1.480,1.110,1,0,7.981,0,0,25,288,3,15,1
05-08 09:10:14,7.510,2.503,88.616,0.250,0,5523916,193536,201788,2041744,223103.489,47468.231,1277.675,448.588,19.025,1.001,1793,2902,0.810,1.480,1.110,5,0,10.013,0,0,25,287,3,15,1
05-08 09:10:15,4.497,1.499,92.196,0.250,0,5520272,195112,201928,2043576,14842.347,75092.221,1754.977,587.657,22.987,10.994,1875,2877,0.810,1.480,1.110,1,0,0,0,0,25,287,3,12,1
05-08 09:10:16,7.006,2.502,89.828,0,0,5520164,195112,201928,2043684,14150.353,1621.415,0,0,0,0,2937,5322,0.810,1.480,1.110,3,0,0,0,0,25,287,3,12,1
05-08 09:10:17,4.997,1.749,91.696,0,0,5520160,195112,201928,2043688,7158.805,1619.051,0,0,0,0,1701,2959,0.820,1.470,1.100,1,0,0,0,0,25,287,3,14,1
05-08 09:10:18,4.998,1.999,93.468,0.250,0,5520100,195112,201948,2043728,16848.187,1619.441,31.989,163.943,1.000,21.992,1913,3142,0.820,1.470,1.100,1,0,0,0,0,25,287,3,14,1
05-08 09:10:19,2.250,1.000,95.011,0,0,5520100,195112,201948,2043728,10158.128,1620.180,0,1304.145,0,78.009,1613,2594,0.820,1.470,1.100,1,0,0,0,0,25,287,3,14,1
05-08 09:10:20,3.745,1.498,92.379,0.250,0,5520144,195112,201976,2043732,15489.631,1583.917,0,455.401,0,38.949,1885,3181,0.820,1.470,1.100,1,0,0.999,0,0,25,287,3,14,1
05-08 09:10:21,3.998,1.000,93.705,0.250,0,5522540,192716,201976,2043732,13143.704,1639.215,0,31.985,0,3.998,1598,2608,0.820,1.470,1.100,2,0,0,0,0,25,287,3,14,1
05-08 09:10:22,3.507,0.751,94.433,0,0,5522532,192716,201984,2043732,13632.474,1623.152,0,48.093,0,7.014,1517,2513,0.760,1.440,1.100,1,0,0,0,0,25,287,3,14,1
05-08 09:10:23,4.503,1.251,94.061,0,0,5522524,192716,201992,2043732,10798.030,1458.950,0,48.031,0,6.004,1581,2676,0.760,1.440,1.100,1,0,0,0,0,25,287,3,14,1
05-08 09:10:24,3.998,0.500,93.964,0,0,5522524,192716,201992,2043732,5936.756,1619.388,0,3.998,0,1.000,1482,2546,0.760,1.440,1.100,2,0,0,0,0,25,287,3,14,1
05-08 09:10:25,2.748,1.499,94.183,0,0,5522520,192716,201992,2043736,6371.438,1618.841,3.997,63.954,0.999,4.996,1444,2482,0.760,1.440,1.100,1,0,0,0,0,25,287,3,14,1
05-08 09:10:26,3.751,1.500,94.513,0,0,5522824,192412,202004,2043724,16162.214,1458.200,0,84.012,0,9.001,1607,2632,0.760,1.440,1.100,2,0,1.000,0,0,25,287,3,14,1
05-08 09:10:27,5.264,1.253,92.752,0.501,0,5522704,192492,202024,2043744,11868.246,1624.414,0,364.992,0,33.090,1980,3258,0.700,1.420,1.090,0,0,1.003,0,0,25,287,3,10,1
05-08 09:10:28,2.746,0.999,94.366,0,0,5522688,192492,202028,2043756,13939.165,1617.698,0,27.960,0,2.996,1682,2797,0.700,1.420,1.090,2,0,0,0,0,25,287,3,10,1
05-08 09:10:29,3.493,1.996,93.074,0,0,5522684,192492,202028,2043760,19328.373,4865.779,0,0,0,0,1603,2577,0.700,1.420,1.090,2,0,0,0,0,25,287,3,9,1
05-08 09:10:30,5.005,1.001,92.595,0.250,0,5522728,192416,202060,2043760,16943.435,1621.669,0,1633.681,0,257.265,2403,3303,0.700,1.420,1.090,1,0,1.001,0,0,25,287,3,9,1
05-08 09:10:31,4.502,1.250,94.286,0.250,0,5522640,192496,202064,2043764,9735.670,1620.611,0,76.029,0,5.002,1618,2690,0.700,1.420,1.090,1,0,0,0,0,25,287,3,7,1
05-08 09:10:32,3.248,0.500,94.942,0,0,5522640,192496,202064,2043764,5576.587,1457.108,0,0,0,0,1494,2574,0.640,1.400,1.090,2,0,0,0,0,25,287,3,7,1
05-08 09:10:33,2.998,1.249,94.185,0,0,5522640,192496,202064,2043764,5357.330,1618.891,0,0,0,0,1509,2682,0.640,1.400,1.090,2,0,0,0,0,25,287,3,7,1
05-08 09:10:34,3.501,1.000,94.765,0,0,5522640,192496,202064,2043764,13934.257,1620.262,0,0,0,0,1550,2597,0.640,1.400,1.090,3,0,0,0,0,25,287,3,7,1
05-08 09:10:35,3.253,1.001,94.331,0,0,5522640,192496,202064,2043764,9699.283,1621.385,0,0,0,0,1522,2621,0.640,1.400,1.090,3,0,2.002,0,0,25,287,3,7,1
05-08 09:10:36,3.745,1.248,93.130,0,0,5522244,192496,202072,2044152,13502.555,1691.814,243.685,39.948,4.994,2.996,1600,2637,0.640,1.400,1.090,5,0,0,0,0,25,287,3,7,1
05-08 09:10:37,3.496,1.498,92.655,0,0,5522176,192496,202072,2044220,12238.419,1618.336,3.996,71.926,0.999,7.992,1612,2574,0.590,1.370,1.080,1,1,0,0,0,25,287,3,7,1
05-08 09:10:38,7.270,3.008,89.502,0,0,5523312,190392,202076,2045184,16282.787,1516.264,0,100.282,0,9.025,1818,2779,0.590,1.370,1.080,1,0,4.011,0,0,25,287,3,7,1
05-08 09:10:39,4.497,1.499,91.940,0,0,5522588,191052,202076,2045248,14020.886,1564.983,0,0,0,0,1916,3071,0.590,1.370,1.080,2,0,0,0,0,25,287,3,7,1
05-08 09:10:40,7.992,3.247,87.914,0.250,0,5517512,197004,202100,2044348,5522.610,1618.420,0,983.041,0,151.852,2367,3447,0.590,1.370,1.080,1,0,0.999,0,0,25,287,3,8,1
05-08 09:10:41,3.258,0.752,94.243,0.251,0.251,5517500,197004,202108,2044352,12699.740,1624.187,0,68.176,0,4.010,1554,2543,0.590,1.370,1.080,3,0,1.003,0,0,25,287,3,7,1
05-08 09:10:42,3.741,1.497,93.282,0,0,5517484,197004,202136,2044340,14068.193,1616.231,0,407.051,0,35.916,1952,3216,0.540,1.350,1.070,3,0,0.998,0,0,25,287,3,7,1
05-08 09:10:43,4.496,0.999,93.676,0,0,5517468,197004,202140,2044352,5147.954,1618.728,0,31.975,0,3.997,1637,2945,0.540,1.350,1.070,1,0,0,0,0,25,287,3,7,1
05-08 09:10:44,5.002,2.251,91.790,0,0,5517464,197004,202140,2044356,15512.733,1554.675,0,68.030,0,3.001,1836,3056,0.540,1.350,1.070,1,0,1.000,0,0,25,289,3,7,1
05-08 09:10:45,3.257,1.002,94.462,0,0,5517464,197004,202140,2044356,7980.901,344.773,0,2072.649,0,9.020,1530,2631,0.540,1.350,1.070,0,0,0,0,0,25,289,3,7,1
05-08 09:10:46,13.266,4.255,82.097,0.501,0,5539900,174068,202144,2044820,342922.277,10177.969,532.626,112.132,13.015,1.001,2114,3048,0.540,1.350,1.070,3,0,26.031,0,0,25,289,3,7,1
05-08 09:10:47,11.724,6.486,80.072,0.249,0,5540228,172216,202152,2046320,240637.821,7792.669,598.669,339.246,29.933,11.973,2313,3387,0.580,1.340,1.070,2,0,39.911,0,0,25,289,3,7,1
