"pcp-dstat 5.3.6 CSV Output"
"Author:","PCP team <pcp@groups.io> and Dag Wieers <dag@wieers.com>",,,,"URL:","https://pcp.io/ and http://dag.wieers.com/home-made/dstat/"
"Host:","ubuntu",,,,"User:","ubuntu"
"Cmdline:","dstat -tcmndrylpg --tcp --output /tmp/devstack_logs/dstat-csv.log",,,,"Date:","22 Nov 2024 13:59:20 UTC"
"system","total usage",,,,,"memory usage",,,,"net/total",,"dsk/total",,"io/total",,"system",,"load avg",,,"procs",,,"paging",,"tcp sockets",,,,
"time","total usage:usr","total usage:sys","total usage:idl","total usage:wai","total usage:stl","used","free","buf","cach","net/total:recv","net/total:send","dsk/total:read","dsk/total:writ","read","writ","int","csw","1m","5m","15m","run","blk","new","in","out","lis","act","syn","tim","clo"
22-11 13:59:20,,1008740,1412852,167672,5201772,,,,,,,1.860,0.990,0.540,2,0,,,,9,6,7,11,0
22-11 13:59:21,37.739,20.244,40.489,0.250,0,1059756,1360848,167756,5202644,97577.483,10642.999,0,3519.008,0,228.935,3766,5440,1.860,0.990,0.540,3,0,457.871,0,0,9,5,7,11,1
22-11 13:59:22,36.005,18.753,44.507,0.250,0,1056228,1361364,167804,5205276,885360.919,26583.961,0,2092.312,0,69.010,4667,6678,1.860,0.990,0.540,3,0,331.049,0,0,9,6,6,11,2
22-11 13:59:23,42.421,20.711,34.685,1.248,0,1071528,1321880,167840,5229052,820111.672,15196.643,9122.977,2798.777,95.821,47.911,5678,8705,1.950,1.020,0.550,3,0,228.573,0,0,9,4,6,11,2
22-11 13:59:24,35.799,17.774,45.312,0.250,0.250,1154668,1235712,167844,5356532,11953.268,3886.289,2639.592,716.976,37.050,33.045,3269,4442,1.950,1.020,0.550,2,0,191.260,0,0,10,6,6,10,2
22-11 13:59:25,32.501,17.501,48.502,0.500,0,1155236,1233664,167860,5357904,24270.825,1620.055,1244.042,816.028,15.001,36.001,2823,3679,1.950,1.020,0.550,2,0,269.009,0,0,10,6,6,12,2
22-11 13:59:26,44.011,5.251,50.262,0.250,0,1224876,1135568,168496,5382524,5670.406,1620.402,0,5241.300,0,128.032,1761,2186,1.950,1.020,0.550,2,0,0,0,0,10,6,6,12,2
22-11 13:59:27,38.221,6.495,47.963,5.995,0,1248388,1084204,170008,5405764,6375.117,1618.760,0,19908.750,0,1139.127,6747,10481,1.950,1.020,0.550,3,0,9.992,0,0,10,8,6,12,2
22-11 13:59:28,29.529,8.008,49.298,13.513,0,1264832,1057048,171072,5413492,12484.135,4358.236,0,41908.735,0,3425.329,16053,25907,1.870,1.020,0.560,6,1,60.058,0,0,10,6,6,12,0
22-11 13:59:29,42.698,8.739,45.445,2.747,0,1167484,1154180,171260,5413640,5802.961,1691.948,0,23151.917,0,1423.274,5247,8613,1.870,1.020,0.560,2,0,80.902,0,0,10,4,6,12,0
22-11 13:59:30,47.000,7.750,45.500,0,0,1220080,1101244,171264,5413964,5373.054,1606.016,0,1528.015,0,59.001,10364,20801,1.870,1.020,0.560,2,0,18.000,0,0,10,4,6,12,0
22-11 13:59:31,44.034,9.007,46.285,0.500,0,1123104,1198136,171288,5414000,5308.055,1695.295,0,7685.872,0,356.272,7192,13986,1.870,1.020,0.560,2,0,28.021,0,0,10,4,6,12,0
22-11 13:59:32,44.264,6.502,48.766,0,0,1077756,1243416,171292,5414020,4974.582,1694.539,0,276.088,0,12.004,1304,1588,1.870,1.020,0.560,4,0,76.024,0,0,10,4,6,12,0
22-11 13:59:33,6.736,22.701,69.351,0,0,1079100,1242120,171296,5414040,8256.315,1690.379,0,32095.252,0,77.833,2757,3858,1.800,1.020,0.560,1,0,277.406,0,0,10,4,6,12,0
22-11 13:59:34,11.012,19.772,68.325,0,0,1079460,1241592,171296,5414188,5429.940,1621.774,0,32.035,0,8.009,2396,3399,1.800,1.020,0.560,2,0,267.292,0,0,10,4,6,12,0
22-11 13:59:35,15.969,18.713,63.626,0,0.250,1084260,1236640,171296,5414420,7732.882,1616.839,0,15.969,0,3.992,3456,7092,1.800,1.020,0.560,1,0,221.567,0,0,10,4,6,12,0
22-11 13:59:36,43.124,8.525,48.139,0,0,1189656,1131208,171296,5414692,6372.359,1698.895,0,1732.993,0,116.335,2288,2930,1.800,1.020,0.560,2,0,130.376,0,0,10,5,6,12,0
22-11 13:59:37,48.964,4.247,47.215,0,0,1254540,1064452,171296,5416540,9037.285,1498.886,0,2134.414,0,70.947,1447,3414,1.800,1.020,0.560,2,0,0,0,0,10,5,6,12,0
22-11 13:59:38,16.001,8.251,74.007,1.250,0,1265012,1053096,171312,5417464,8228.749,1694.154,0,28202.566,0,970.088,3697,4559,1.660,1.010,0.560,0,0,118.011,0,0,10,4,6,13,0
22-11 13:59:39,3.746,2.248,92.399,0.250,0,1275876,1042260,171360,5417460,10153.922,1843.988,0,2425.354,0,121.867,1508,2123,1.660,1.010,0.560,1,0,20.977,0,0,10,4,7,13,0
22-11 13:59:40,22.719,3.495,73.400,0.250,0,1349956,968172,171360,5417472,5576.427,1691.703,0,327.555,0,64.912,1007,1166,1.660,1.010,0.560,1,0,0.999,0,0,10,4,7,13,0
22-11 13:59:41,22.777,2.253,72.836,0.751,0,1371380,946500,171432,5417648,5216.134,1621.907,0,1373.615,0,179.211,2722,4530,1.660,1.010,0.560,1,0,1.001,0,0,10,10,7,13,0
22-11 13:59:42,20.730,5.495,72.681,0.500,0,1328716,988904,171440,5417896,6065.208,1692.384,0,2401.706,0,144.862,1645,2300,1.660,1.010,0.560,1,0,41.960,0,0,10,4,7,15,0
22-11 13:59:43,21.001,6.250,72.253,0.250,0,1289144,1027876,171444,5418428,7275.269,1620.060,232.009,868.032,58.002,15.001,2013,3071,1.610,1.010,0.560,2,0,46.002,0,0,10,28,7,15,0
22-11 13:59:44,22.993,4.748,71.977,0,0,1346504,970280,171444,5418508,5530.241,1777.435,0,36880.272,0,84.973,1557,2114,1.610,1.010,0.560,1,0,0,0,0,10,28,7,15,0
22-11 13:59:45,33.067,12.526,54.862,0,0,1391972,924788,171444,5418532,4674.522,1460.976,0,12.024,0,3.006,1762,2431,1.610,1.010,0.560,2,0,156.318,0,0,10,28,7,15,0
22-11 13:59:46,42.805,12.266,44.057,0,0,1331996,984548,171444,5418680,8440.830,1770.271,0,2226.857,0,25.032,5274,10137,1.610,1.010,0.560,4,0,252.324,0,0,10,28,7,20,0
22-11 13:59:47,79.499,18.000,2.000,0,0,1545188,771268,171444,5418768,5147.912,1693.971,0,24.000,0,6.000,3375,6399,1.610,1.010,0.560,4,0,303.995,0,0,10,31,7,20,0
22-11 13:59:48,72.092,13.470,14.219,0,0,1425680,890388,171464,5419132,5232.536,1616.458,0,379.169,0,34.923,3724,9381,1.640,1.020,0.570,2,0,221.515,0,0,10,28,7,20,0
22-11 13:59:49,30.244,9.748,59.238,0.250,0,1337880,978188,171480,5419168,5605.879,1619.676,0,11949.610,0,61.988,2403,5183,1.640,1.020,0.570,1,0,109.978,0,0,10,28,7,20,0
22-11 13:59:50,20.505,5.251,73.019,0,0,1305496,1010528,171488,5419204,5581.418,1662.422,0,280.071,0,22.006,1708,3631,1.640,1.020,0.570,1,0,31.008,0,0,10,28,7,20,0
22-11 13:59:51,21.264,5.253,72.798,0,0,1365384,950612,171496,5419224,9754.409,1621.065,0,3638.390,0,68.045,1450,2071,1.640,1.020,0.570,1,0,38.025,0,0,10,28,7,20,0
22-11 13:59:52,14.997,13.497,69.486,0.250,0,1307976,1007996,171500,5419244,5595.875,1619.674,0,375.924,0,43.991,2665,4304,1.640,1.020,0.570,2,0,187.962,0,0,10,28,7,20,0
22-11 13:59:53,9.499,21.997,68.741,0.250,0,1311984,1003968,171500,5419264,6147.207,1551.800,0,2475.681,0,23.997,2414,3136,1.590,1.020,0.570,1,0,306.960,0,0,10,28,7,20,0
22-11 13:59:54,57.104,24.795,17.282,0,0,1501800,814144,171528,5419244,6098.117,1622.959,0,5085.270,0,92.168,2770,4659,1.590,1.020,0.570,5,0,543.992,0,0,10,28,7,20,0
22-11 13:59:55,78.246,11.749,10.249,0,0,1608204,707324,171548,5419636,5909.681,1767.905,0,299.984,0,32.998,5791,12548,1.590,1.020,0.570,4,0,0,0,0,10,31,7,20,0
22-11 13:59:56,79.734,14.997,4.249,0,0,1489612,825868,171560,5419672,5616.849,1619.668,0,423.913,0,46.990,3822,7476,1.590,1.020,0.570,5,0,158.967,0,0,10,29,7,22,0
22-11 13:59:57,82.485,13.248,4.249,0,0,1554332,760580,171560,5420232,5436.038,1619.713,0,231.959,0,13.998,5138,13892,1.590,1.020,0.570,6,0,186.967,0,0,10,30,7,22,0
22-11 13:59:58,56.529,11.006,32.267,0.250,0,1371096,943556,171572,5420472,5124.624,1620.830,0,336.172,0,25.013,3395,8508,1.780,1.070,0.590,4,0,194.099,0,0,10,29,7,22,0
22-11 13:59:59,42.995,9.249,46.745,0.250,0,1421448,893132,171580,5420496,5704.361,1619.819,0,60273.249,0,168.981,2647,3731,1.780,1.070,0.590,5,0,67.992,0,0,10,29,7,22,0
22-11 14:00:00,28.754,15.752,54.257,0,0,1316212,998160,171588,5420668,5600.706,1736.219,0,1656.209,0,28.004,3814,7538,1.780,1.070,0.590,4,0,238.030,0,0,10,28,7,23,0
22-11 14:00:01,63.219,11.245,25.987,0,0,1488320,826012,171592,5420700,5178.499,1511.270,0,683.670,0,9.995,2275,4013,1.780,1.070,0.590,3,0,140.932,0,0,10,30,7,24,0
22-11 14:00:02,65.529,15.007,19.509,0.250,0,1442608,871524,171604,5420884,6009.638,1640.720,0,504.221,0,46.020,4552,10208,1.780,1.070,0.590,5,0,258.113,0,0,10,28,7,25,0
22-11 14:00:03,75.971,9.996,13.495,0,0,1494648,819248,171612,5421104,6279.595,1619.380,0,267.897,0,17.993,5711,11709,1.880,1.100,0.600,7,0,36.986,0,0,10,31,7,28,0
22-11 14:00:04,58.272,16.756,24.760,0,0,1465256,848584,171624,5421144,7459.880,1620.626,0,1004.388,0,36.014,3146,5084,1.880,1.100,0.600,4,0,287.111,0,0,10,28,7,29,0
22-11 14:00:05,55.821,14.952,27.661,0.498,0,1348696,964928,171636,5421344,8488.717,1614.810,0,558.206,0,47.846,5775,12541,1.880,1.100,0.600,4,0,298.042,0,0,10,28,7,32,0
22-11 14:00:06,65.360,8.264,26.795,0,0,1490340,823080,171648,5421536,5370.070,1622.741,0,244.413,0,20.034,2564,5138,1.880,1.100,0.600,5,0,0,0,0,10,30,7,34,0
22-11 14:00:07,61.091,15.273,23.785,0,0,1454812,858544,171648,5421580,7302.859,1622.413,0,272.405,0,17.025,3359,6410,1.880,1.100,0.600,3,0,287.427,0,0,10,28,7,34,0
22-11 14:00:08,60.246,9.749,29.498,0,0,1352588,960224,171656,5422116,5514.619,1619.888,0,423.971,0,34.998,4852,9545,1.970,1.140,0.610,4,0,111.992,0,0,10,28,7,39,0
22-11 14:00:09,64.401,9.236,26.959,0,0,1489756,822688,171656,5422476,7702.154,1617.512,0,5962.829,0,328.495,3148,5741,1.970,1.140,0.610,4,0,0,0,0,10,31,7,37,0
22-11 14:00:10,64.852,19.531,15.024,0,0,1483312,829204,171684,5422500,4784.540,1460.301,0,500.789,0,54.085,3285,6210,1.970,1.140,0.610,7,0,435.687,0,0,10,28,7,39,0
22-11 14:00:11,77.501,18.750,3.500,0,0,1453236,859152,171704,5422544,5473.060,1768.019,0,584.006,0,40.000,4754,9650,1.970,1.140,0.610,10,0,318.003,0,0,10,28,7,39,0
22-11 14:00:12,81.713,16.492,1.499,0,0,1610260,701848,171720,5425032,5283.596,1693.230,0,4310.039,0,130.940,3667,7575,1.970,1.140,0.610,9,1,197.910,0,0,10,29,7,39,2
22-11 14:00:13,73.782,19.008,6.253,0,0,1449100,862652,171728,5423136,5646.434,1620.699,0,380.164,0,35.015,5388,12198,2.210,1.200,0.640,5,0,397.171,0,0,10,29,7,39,0
22-11 14:00:14,56.750,24.750,17.250,0,0,1440788,870676,171732,5423404,9819.990,1693.998,0,635.999,0,17.000,6106,14410,2.210,1.200,0.640,5,0,648.999,0,0,10,28,7,39,0
22-11 14:00:15,13.229,25.958,60.402,0.250,0,1317264,994156,171736,5423440,7010.636,1617.378,0,219.644,0,11.981,2779,4034,2.210,1.200,0.640,2,0,477.226,0,0,10,28,7,38,0
22-11 14:00:16,15.276,28.047,56.344,0,0,1338796,972612,171740,5423448,8910.926,1622.718,0,216.362,0,14.023,3037,4684,2.210,1.200,0.640,4,0,532.893,0,0,10,28,7,38,0
22-11 14:00:17,74.500,22.250,2.000,0,0,1535504,775820,171740,5423500,7679.969,1457.994,0,891.996,0,61.000,3292,8446,2.210,1.200,0.640,7,0,603.998,0,0,10,28,7,38,0
22-11 14:00:18,79.498,17.000,3.250,0,0,1542212,769036,171752,5423560,5376.860,1619.958,0,1035.973,0,79.998,4593,11640,2.510,1.280,0.670,7,0,359.991,0,0,10,28,7,36,0
22-11 14:00:19,83.243,15.749,1.500,0,0,1525560,785352,171768,5423876,7181.433,1693.866,0,1879.851,0,107.991,4066,8578,2.510,1.280,0.670,7,0,270.979,0,0,10,30,7,36,0
22-11 14:00:20,85.690,11.242,2.248,0,0,1646872,663916,171780,5423984,5995.785,1692.810,0,439.691,0,33.976,4496,15515,2.510,1.280,0.670,6,0,35.975,0,0,10,31,7,36,0
22-11 14:00:21,86.050,12.757,1.751,0,0,1586752,723392,171816,5424556,9893.748,1737.009,0,1244.723,0,55.032,13274,40065,2.510,1.280,0.670,6,0,60.035,0,0,10,29,7,36,0
22-11 14:00:22,79.015,18.754,2.000,0,0,1572316,737664,171824,5424660,7141.350,1620.306,0,880.166,0,26.005,2568,5810,2.510,1.280,0.670,7,0,139.026,0,0,10,29,7,36,0
22-11 14:00:23,81.004,12.751,5.250,0,0,1588624,720884,171840,5425116,27228.198,5071.223,0,580.026,0,19.001,5041,14632,2.510,1.280,0.670,5,0,71.003,0,0,10,33,7,36,0
22-11 14:00:24,79.970,11.996,8.497,0,0,1546352,762472,171940,5425656,130311.654,8095.996,0,1259.533,0,51.981,6668,19884,2.790,1.360,0.700,5,0,160.940,0,0,10,32,7,37,0
22-11 14:00:25,80.133,14.978,3.994,0.250,0,1578908,729200,172104,5426148,35272.396,4079.032,0,754.896,0,38.943,6103,11801,2.790,1.360,0.700,6,0,85.874,0,0,10,32,7,37,0
22-11 14:00:26,81.900,15.028,3.006,0,0,1526916,779868,172188,5427236,139885.690,7943.576,0,1134.081,0,55.101,4784,9869,2.790,1.360,0.700,9,0,132.243,0,0,10,31,7,36,0
22-11 14:00:27,81.978,11.997,5.499,0,0,1598160,707984,172292,5427632,35833.289,7687.917,0,1119.697,0,47.987,5226,10981,2.790,1.360,0.700,5,0,33.991,0,0,10,33,7,36,0
22-11 14:00:28,83.017,10.252,6.751,0,0,1519824,785744,172388,5428064,22032.406,6963.393,0,1200.240,0,67.013,6237,15577,2.790,1.360,0.700,5,0,147.029,0,0,10,31,7,36,0
22-11 14:00:29,82.253,14.500,3.250,0,0,1580160,724564,172524,5428612,59970.919,4959.159,0,976.031,0,62.002,4726,7965,2.970,1.420,0.720,8,0,134.004,0,0,10,32,7,36,0
22-11 14:00:30,80.235,12.498,6.249,0,0,1591128,713248,172596,5428852,16327.898,5932.873,0,943.821,0,48.991,5510,13157,2.970,1.420,0.720,6,0,43.992,0,0,10,30,7,36,0
22-11 14:00:31,81.759,12.001,4.751,0,0,1515416,788484,172688,5429188,20300.213,6741.735,0,1004.109,0,47.005,5332,13069,2.970,1.420,0.720,7,0,117.013,0,0,10,31,7,37,0
22-11 14:00:32,80.503,14.501,5.000,0,0,1559080,744224,172784,5429600,222109.551,9037.389,0,1224.053,0,77.003,4496,11520,2.970,1.420,0.720,6,0,193.008,0,0,10,32,7,38,0
22-11 14:00:33,80.503,14.500,5.250,0,0,1553972,747588,172848,5431204,121368.005,3576.118,0,864.029,0,31.001,5860,10426,2.970,1.420,0.720,5,0,118.004,0,0,10,32,7,38,0
22-11 14:00:34,71.502,13.500,13.000,0,0,1476336,824584,172976,5431656,20051.441,6672.147,0,1328.029,0,66.001,5754,14925,3.050,1.460,0.740,5,0,175.004,0,0,10,31,7,40,0
22-11 14:00:35,85.149,11.951,2.988,0,0,1592932,698148,173384,5439888,1406514.315,15672.320,0,2298.514,0,30.873,4657,8564,3.050,1.460,0.740,8,0,35.852,0,0,10,32,7,40,0
22-11 14:00:36,68.025,13.053,17.320,0.502,0,1489284,801416,173484,5440124,15946.360,5902.824,0,1224.944,0,62.251,4227,11030,3.050,1.460,0.740,4,0,213.863,0,0,10,30,7,40,0
22-11 14:00:37,73.256,10.751,16.001,0,0,1499912,790072,173608,5440584,19668.692,5070.436,0,840.072,0,35.003,4231,8158,3.050,1.460,0.740,4,0,86.007,0,0,10,31,7,40,0
22-11 14:00:38,61.996,12.249,25.248,0.250,0,1448328,841376,173752,5440684,21770.672,6756.588,0,1059.935,0,59.996,3851,7482,3.050,1.460,0.740,5,0,136.992,0,0,10,30,7,40,0
22-11 14:00:39,73.229,10.497,16.745,0,0,1438840,850236,173864,5441096,51452.593,3851.921,0,883.753,0,49.986,4606,9785,3.050,1.490,0.750,3,1,73.979,0,0,10,31,7,41,0
22-11 14:00:40,69.241,14.944,15.691,0,0,1519576,768684,174008,5441652,76267.142,7175.201,0,6846.429,0,230.140,4041,7779,3.050,1.490,0.750,3,0,90.661,0,0,10,31,7,41,0
22-11 14:00:41,58.469,13.551,26.600,0,0,1444768,843188,174136,5441780,61333.060,6896.870,0,1088.081,0,57.215,4399,10247,3.050,1.490,0.750,5,0,199.749,0,0,10,30,7,43,0
22-11 14:00:42,74.015,9.502,16.753,0.250,0,1512564,769960,174196,5447032,2787121.063,25637.050,0,804.158,0,52.010,3947,8793,3.050,1.490,0.750,5,0,97.019,0,0,10,30,7,41,0
22-11 14:00:43,68.224,11.496,19.493,0.500,0,1490140,761224,174252,5477104,15045795.643,73991.957,0,25138.473,0,265.899,8099,12244,3.050,1.490,0.750,4,0,78.970,0,0,10,34,7,41,0
22-11 14:00:44,60.505,15.001,24.502,0.250,0,1510896,736880,174468,5480304,1399717.977,18045.444,0,3584.287,0,110.009,3650,7258,3.040,1.510,0.760,4,0,219.018,0,0,10,34,7,41,0
22-11 14:00:45,66.239,8.749,23.996,0.250,0,1530272,706140,174656,5491196,5515989.410,25744.829,0,5103.173,0,92.985,6524,13748,3.040,1.510,0.760,5,0,97.984,0,0,10,35,7,42,0
22-11 14:00:46,59.695,14.237,26.226,0.250,0,1504036,724748,174788,5498280,3560709.390,24443.610,0,6909.671,0,88.919,4156,7521,3.040,1.510,0.760,5,0,204.812,0,0,10,34,7,37,0
22-11 14:00:47,63.322,11.263,24.778,0.250,0,1483048,744372,174860,5499468,5854.692,1621.854,208.238,969.108,2.002,34.039,2615,5167,3.040,1.510,0.760,3,0,47.054,0,0,10,34,7,37,0
22-11 14:00:48,63.717,10.495,25.737,0,0,1407416,819152,174944,5500144,5571.136,1619.168,0,783.597,0,38.980,3867,7780,3.040,1.510,0.760,3,0,71.963,0,0,10,34,7,37,0
22-11 14:00:49,64.256,10.501,25.252,0.250,0,1442288,782780,175036,5501476,5915.521,1512.133,0,632.056,0,41.004,2519,4364,3.040,1.540,0.770,4,0,46.004,0,0,10,35,7,38,0
22-11 14:00:50,57.039,19.013,23.016,0,0,1464136,751340,175736,5508608,5773.938,1621.106,0,1340.915,0,45.031,3726,9420,3.040,1.540,0.770,3,0,338.231,0,0,10,34,7,38,0
22-11 14:00:51,64.737,10.998,24.745,0,0,1478880,736328,175824,5508872,9889.982,1693.654,0,811.834,0,31.993,3283,6675,3.040,1.540,0.770,3,0,31.993,0,0,10,34,7,38,0
22-11 14:00:52,61.497,11.999,25.999,0.250,0,1431588,764324,175920,5527616,5434.696,1565.912,0,1683.906,0,69.996,2619,5575,3.040,1.540,0.770,3,0,101.994,0,0,10,34,6,38,0
22-11 14:00:53,60.761,12.002,25.505,1.250,0,1439660,690584,177780,5585308,5984.059,1714.303,0,5172.916,0,191.034,4379,8356,3.040,1.540,0.770,3,0,23.004,0,0,10,34,6,38,0
22-11 14:00:54,40.421,23.953,35.182,0.250,0,1421440,654820,189308,5616092,7196.995,1616.854,0,5461.372,0,36.928,2899,5064,3.040,1.560,0.790,2,0,392.237,0,0,10,34,6,38,0
22-11 14:00:55,41.321,9.767,48.082,0.501,0,1406760,661592,190088,5621744,5776.861,1622.770,0,10473.879,0,72.123,2432,5934,3.040,1.560,0.790,3,0,99.169,0,0,10,34,6,38,0
22-11 14:00:56,43.154,8.481,47.395,0,0,1471428,596632,190104,5621976,5377.074,1616.415,0,1576.503,0,84.812,3480,31032,3.040,1.560,0.790,2,0,7.982,0,0,10,35,6,35,0
22-11 14:00:57,41.761,9.753,47.762,0.250,0,1423004,691548,190108,5577440,5666.462,1860.480,0,448.116,0,20.005,2224,4546,3.040,1.560,0.790,2,0,30.008,0,0,10,32,6,35,0
22-11 14:00:58,40.192,9.736,49.428,0,0,1438712,675148,190116,5578224,4796.031,1617.650,0,790.851,0,8.987,2298,5317,3.040,1.560,0.790,2,0,110.839,0,0,10,32,6,35,0
22-11 14:00:59,51.691,17.314,30.864,0,0,1388568,713144,190156,5590176,5726.135,1626.002,76.282,1505.557,1.004,19.070,6035,12151,2.950,1.570,0.790,2,0,390.441,0,0,10,32,6,35,0
22-11 14:01:00,27.700,15.971,54.901,0,0,1364932,736448,190156,5590520,7431.623,1690.956,0,766.620,0,25.953,3338,5871,2.950,1.570,0.790,1,0,454.182,0,0,10,32,6,35,0
22-11 14:01:01,21.005,5.251,72.516,0.250,0,1326876,773788,190176,5591216,6414.405,1640.359,0,1780.390,0,113.025,1821,3822,2.950,1.570,0.790,2,0,38.008,0,0,10,32,6,34,0
22-11 14:01:02,18.221,7.738,73.385,0,0,1379500,721068,190184,5591304,5753.978,1691.348,0,231.637,0,12.980,1145,1602,2.950,1.570,0.790,1,0,60.905,0,0,10,32,6,34,0
22-11 14:01:03,17.481,8.740,72.170,0.250,0.250,1338528,762008,190200,5591320,7035.205,1618.207,0,111.876,0,17.980,2058,3742,2.950,1.570,0.790,1,0,93.896,0,0,10,32,6,32,0
22-11 14:01:04,23.590,3.262,74.031,0,0,1383864,716648,190200,5591344,4681.777,1592.045,0,148.564,0,8.030,1197,2579,2.800,1.560,0.790,1,0,0,0,0,10,33,6,32,0
22-11 14:01:05,21.437,4.487,72.288,0,0,1367564,732664,190208,5591620,7998.556,1615.266,0,299.123,0,29.912,1727,3302,2.800,1.560,0.790,1,0,29.912,0,0,10,32,6,27,0
22-11 14:01:06,23.287,3.005,72.867,0,0.250,1322648,777572,190208,5591628,5297.471,1622.595,0,172.275,0,9.014,2085,4194,2.800,1.560,0.790,1,0,8.013,0,0,10,32,6,29,0
22-11 14:01:07,7.996,23.237,68.462,0,0.250,1329916,769984,190212,5591944,6927.128,1619.095,0,199.888,0,10.994,2331,3107,2.800,1.560,0.790,1,0,291.837,0,0,10,32,6,23,0
22-11 14:01:08,38.169,11.975,49.146,0.249,0,1445600,654272,190220,5591964,5000.384,1690.411,0,419.110,0,27.941,2011,2996,2.800,1.560,0.790,2,0,185.606,0,0,10,32,6,25,0
22-11 14:01:09,40.666,7.280,47.444,5.774,0,1524944,569152,190612,5597316,6168.216,1799.356,0,15322.639,0,1367.591,7062,14158,2.810,1.580,0.810,9,0,89.365,0,0,10,36,7,20,0
22-11 14:01:10,39.673,8.234,41.919,9.482,0,1478844,611788,191184,5600156,5511.325,1690.725,0,41842.950,0,3747.741,16043,29276,2.810,1.580,0.810,4,0,58.886,0,0,10,36,7,20,0
22-11 14:01:11,45.462,4.996,47.710,1.749,0,1508168,582884,191212,5600180,6241.782,1618.647,0,27017.413,0,995.168,3647,4706,2.810,1.580,0.810,2,0,6.994,0,0,10,32,7,17,0
22-11 14:01:12,39.866,6.519,49.143,4.764,0,1480148,610116,191564,5600616,6763.642,1590.619,0,10919.711,0,2089.067,13759,23968,2.810,1.580,0.810,2,0,2.006,0,0,10,34,7,17,0
22-11 14:01:13,34.256,7.001,55.510,1.500,0,1355052,734960,191696,5600728,6978.270,1620.295,0,8081.471,0,787.143,5824,10770,2.810,1.580,0.810,1,0,135.025,0,0,10,32,7,17,0
22-11 14:01:14,22.725,3.496,73.917,0.250,0,1429868,660144,191696,5600728,6340.892,1702.092,0,4662.773,0,243.727,1392,1581,2.670,1.580,0.810,1,0,1.998,0,0,10,32,7,17,0
22-11 14:01:15,23.279,3.254,72.091,0.751,0,1376112,713888,191728,5600708,5895.422,1622.042,0,6752.501,0,356.449,1826,2600,2.670,1.580,0.810,2,0,1.001,0,0,10,32,7,17,0
22-11 14:01:16,24.418,1.495,73.255,0.249,0,1445376,644588,191732,5600740,6347.767,1762.106,0,263.120,0,26.910,1069,1367,2.670,1.580,0.810,1,0,1.993,0,0,10,32,7,17,0
22-11 14:01:17,23.580,2.007,74.001,0,0,1396428,693516,191732,5600760,8299.167,1699.769,0,0,0,0,861,1057,2.670,1.580,0.810,1,0,1.003,0,0,10,32,7,17,0
22-11 14:01:18,23.168,2.491,73.987,0,0,1451616,638328,191732,5600760,5559.220,1560.448,0,0,0,0,860,1120,2.670,1.580,0.810,1,0,1.993,0,0,10,32,7,17,0
22-11 14:01:19,22.830,3.261,74.259,0,0,1419832,670096,191732,5600776,7100.739,1517.286,0,0,0,0,880,1084,2.850,1.630,0.830,3,0,1.003,0,0,10,32,7,17,0
22-11 14:01:20,22.177,3.489,73.759,0,0,1352508,737372,191732,5600824,5338.527,1614.715,0,7.974,0,1.993,888,1123,2.850,1.630,0.830,1,0,3.987,0,0,10,32,7,17,0
22-11 14:01:21,23.272,2.252,73.820,0.250,0,1433396,656480,191736,5600824,9956.399,1621.531,0,3223.043,0,14.013,953,1174,2.850,1.630,0.830,1,0,2.002,0,0,10,32,7,17,0
22-11 14:01:22,23.557,3.508,73.426,0,0,1373064,716720,191744,5600904,5731.750,1665.997,0,220.529,0,54.130,1163,1685,2.850,1.630,0.830,1,0,1.002,0,0,10,32,7,17,0
22-11 14:01:23,23.250,2.500,73.500,0.500,0,1380212,709524,191764,5600932,6663.967,1619.992,0,6447.968,0,324.998,1721,2361,2.850,1.630,0.830,2,0,1.000,0,0,10,32,7,17,0
22-11 14:01:24,22.749,3.500,73.496,0,0,1448732,640984,191764,5600952,6498.617,1693.900,0,0,0,0,914,1163,2.710,1.620,0.830,1,0,2.000,0,0,10,32,7,17,0
22-11 14:01:25,22.676,2.492,74.007,0,0,1405100,684592,191764,5600972,6560.469,1688.458,0,0,0,0,812,1107,2.710,1.620,0.830,1,0,0.997,0,0,10,32,7,16,0
22-11 14:01:26,23.076,5.769,69.979,0,0,1411752,677712,191764,5601004,7621.977,1462.794,0,111051.917,0,269.884,1544,1816,2.710,1.620,0.830,1,0,1.003,0,0,10,32,7,16,0
22-11 14:01:27,21.993,3.499,73.727,0,0,1354496,735032,191764,5601004,8138.477,1619.498,0,0,0,0,847,1033,2.710,1.620,0.830,1,0,4.998,0,0,10,32,7,15,0
22-11 14:01:28,8.488,20.970,69.652,0,0,1354364,735004,191768,5601152,5887.698,1617.719,0,3115.607,0,10.985,2474,3518,2.710,1.620,0.830,2,0,300.576,0,0,10,32,7,15,0
22-11 14:01:29,9.513,21.780,68.095,0,0,1350932,738416,191768,5601164,7437.390,1622.266,0,616.862,0,7.010,2540,3615,2.490,1.590,0.830,1,0,319.446,0,0,10,32,6,15,0
22-11 14:01:30,8.990,18.978,70.668,0,0,1349576,739608,191768,5601328,5676.427,1660.078,0,187.783,0,4.994,2382,3400,2.490,1.590,0.830,1,0,250.710,0,0,10,32,6,15,0
22-11 14:01:31,9.242,20.732,68.691,0,0,1350012,739168,191768,5601336,4958.760,1618.616,0,12533.284,0,64.944,2613,3579,2.490,1.590,0.830,1,0,294.748,0,0,10,32,6,14,0
22-11 14:01:32,12.000,16.500,70.749,0,0,1368188,720936,191772,5601372,5101.913,1693.971,0,371.994,0,10.000,2209,3246,2.490,1.590,0.830,2,0,207.996,0,0,10,32,6,14,0
22-11 14:01:33,22.745,2.499,74.233,0.250,0,1448616,640524,191772,5601356,5204.819,1619.632,0,303.931,0,22.995,1008,1281,2.490,1.590,0.830,2,0,2.000,0,0,10,32,6,13,0
22-11 14:01:34,23.752,3.250,73.006,0,0,1385696,703428,191772,5601372,5049.444,1512.133,0,176.015,0,32.003,1026,1160,2.370,1.580,0.830,1,0,7.001,0,0,10,32,6,13,0
22-11 14:01:35,23.509,2.001,73.529,0,0,1447684,641456,191772,5601352,5512.166,1566.616,0,20.008,0,1.000,865,1057,2.370,1.580,0.830,1,0,2.001,0,0,10,32,6,11,0
22-11 14:01:36,22.794,2.254,73.892,0,0,1411360,677760,191772,5601372,5753.034,1665.194,0,0,0,0,870,1049,2.370,1.580,0.830,1,0,1.002,0,0,10,32,6,11,0
22-11 14:01:37,22.999,2.000,74.496,0,0,1355124,733996,191772,5601372,5836.661,1619.906,0,15.999,0,1.000,901,1079,2.370,1.580,0.830,2,0,3.000,0,0,10,32,6,11,0
22-11 14:01:38,21.710,4.741,73.115,0,0,1433760,655372,191776,5601356,6264.448,1617.018,0,51.904,0,2.994,899,1129,2.370,1.580,0.830,2,0,1.996,0,0,10,32,6,11,0
22-11 14:01:39,23.750,2.250,73.249,0,0,1383048,706064,191780,5601372,6345.905,1619.976,0,403.994,0,16.000,1009,1228,2.260,1.570,0.830,2,0,1.000,0,0,10,32,6,9,0
22-11 14:01:40,21.999,3.750,73.498,0,0,1454128,635004,191780,5601352,5843.825,1693.949,0,0,0,0,880,1137,2.260,1.570,0.830,2,0,3.000,0,0,10,32,6,9,0
22-11 14:01:41,22.728,2.747,73.928,0.250,0,1408864,680244,191780,5601372,4895.252,1618.430,0,5147.007,0,116.887,1031,1042,2.260,1.570,0.830,2,0,0.999,0,0,10,32,6,9,0
22-11 14:01:42,23.003,2.500,73.008,0,0,1455492,633624,191780,5601360,4724.543,1586.182,0,276.032,0,14.002,1077,1499,2.260,1.570,0.830,2,0,2.000,0,0,10,32,6,7,0
22-11 14:01:43,21.498,3.750,73.492,0.250,0,1429092,660096,191784,5601356,9706.971,1639.826,0,303.968,0,22.998,1104,1315,2.260,1.570,0.830,2,0,3.000,0,0,10,32,6,7,0
22-11 14:01:44,23.518,2.252,73.806,0,0,1371068,718096,191784,5601380,5688.346,1621.239,0,700.535,0,123.094,1041,1159,2.160,1.560,0.830,2,0,1.001,0,0,10,32,6,7,0
22-11 14:01:45,22.006,3.501,73.520,0,0,1449272,639976,191784,5601296,6857.838,1694.454,0,0,0,0,936,1129,2.160,1.560,0.830,2,0,2.001,0,0,10,32,6,7,0
22-11 14:01:46,23.228,1.748,73.930,0,0,1382352,706804,191784,5601388,4883.351,1618.459,0,87.916,0,0.999,912,1095,2.160,1.560,0.830,2,0,0.999,0,0,10,32,6,6,0
22-11 14:01:47,24.271,2.752,74.065,0,0,1390024,699132,191784,5601388,4864.242,1621.414,0,12.010,0,1.001,976,1266,2.160,1.560,0.830,2,0,1.001,0,0,10,32,6,6,0
22-11 14:01:48,22.779,3.004,73.843,0,0,1450524,638652,191784,5601368,4998.263,1622.032,0,84.105,0,3.004,888,1128,2.160,1.560,0.830,2,0,2.003,0,0,10,32,6,6,0
22-11 14:01:49,23.446,2.993,73.581,0,0,1378784,710360,191784,5601400,5099.323,1690.130,0,19.954,0,0.998,910,1122,2.070,1.550,0.830,1,0,0.998,0,0,10,32,6,6,0
22-11 14:01:50,22.271,3.503,73.321,0,0,1424100,665036,191784,5601408,12031.611,1533.480,0,8.008,0,2.002,970,1197,2.070,1.550,0.830,1,0,4.004,0,0,10,32,6,5,0
22-11 14:01:51,19.257,7.503,72.777,0,0,1350256,738868,191784,5601420,10665.010,1694.637,0,36.014,0,3.001,1393,1810,2.070,1.550,0.830,1,0,96.036,0,0,10,32,6,5,0
22-11 14:01:52,12.007,19.511,68.789,0.250,0,1358768,730316,191792,5601452,10853.154,1620.919,0,256.145,0,20.011,2681,3835,2.070,1.550,0.830,1,0,296.168,0,0,10,32,6,5,0
22-11 14:01:53,22.993,2.749,73.229,0,0,1438424,650464,191792,5601648,6299.173,1787.482,0,335.903,0,22.993,985,1276,2.070,1.550,0.830,1,0,0,0,0,10,32,6,5,0
22-11 14:01:54,23.212,2.995,73.629,0,0,1407080,681744,191792,5601712,7429.778,1617.339,0,39.934,0,1.997,979,1187,1.980,1.550,0.830,1,0,8.985,0,0,10,32,6,5,0
22-11 14:01:55,18.554,9.528,70.707,0,0,1349812,739012,191792,5601712,5488.053,1624.752,0,0,0,0,1619,2339,1.980,1.550,0.830,1,0,171.502,0,0,10,32,6,5,0
22-11 14:01:56,9.500,20.501,70.252,0,0,1350740,737992,191792,5601804,5858.158,1620.044,0,172.005,0,8.000,2986,4628,1.980,1.550,0.830,1,0,426.012,0,0,10,32,6,5,0
22-11 14:01:57,9.499,21.498,68.742,0,0,1350612,738092,191792,5601832,5556.378,1767.802,0,223.975,0,4.999,3215,5134,1.980,1.550,0.830,1,0,489.945,0,0,10,32,6,5,0
22-11 14:01:58,9.248,19.995,69.232,0,0,1350652,738016,191792,5601868,7225.114,1511.605,0,1239.676,0,16.996,3188,5057,1.980,1.550,0.830,1,0,491.872,0,0,10,32,6,5,0
22-11 14:01:59,9.754,22.008,68.775,0,0,1350476,738172,191792,5601888,6676.417,1566.567,0,1144.414,0,13.005,3153,4935,1.820,1.520,0.830,2,0,498.180,0,0,10,32,6,5,0
22-11 14:02:00,10.751,17.751,69.754,0,0,1353128,735496,191792,5601912,5125.277,1620.087,0,968.052,0,11.001,3086,4870,1.820,1.520,0.830,1,0,469.025,0,0,10,32,6,5,0
22-11 14:02:01,9.743,19.237,70.452,0,0,1349232,739364,191792,5601940,5047.553,1618.894,0,143.902,0,5.996,2773,4227,1.820,1.520,0.830,1,0,386.736,0,0,10,32,6,5,0
22-11 14:02:02,9.244,19.987,69.706,0,0,1349316,739252,191792,5601968,6828.650,1660.942,0,687.562,0,11.992,2858,4333,1.820,1.520,0.830,2,0,408.740,0,0,10,32,6,5,0
22-11 14:02:03,36.306,31.548,32.550,0.250,0,1424844,663688,191812,5601984,5231.019,1622.487,0,1093.677,0,66.101,4316,8068,1.820,1.520,0.830,5,0,919.409,0,0,10,34,6,10,0
22-11 14:02:04,76.759,20.502,1.250,0.250,0,1633656,441180,192900,5610616,8719.046,1620.194,3772.453,872.105,20.002,30.004,8251,4164,2.080,1.580,0.850,4,0,229.027,0,0,10,32,6,11,0
22-11 14:02:05,57.722,14.243,21.490,7.996,0,1657320,403732,193532,5622680,5694.233,1693.177,399.806,66683.592,3.998,5211.467,20715,36850,2.080,1.580,0.850,7,1,142.931,0,0,10,38,6,12,0
22-11 14:02:06,59.472,13.744,17.742,10.245,0,1627444,421992,194088,5633372,9597.470,1585.252,0,86087.367,0,6277.037,24181,42346,2.080,1.580,0.850,3,0,170.919,0,0,10,36,6,11,0
22-11 14:02:07,53.254,15.001,23.002,7.751,0,1586332,453868,194644,5641680,5629.400,1566.111,0,78233.555,0,5908.419,20031,40434,2.080,1.580,0.850,3,0,159.011,0,0,10,36,6,12,0
22-11 14:02:08,49.756,12.252,26.753,10.501,0,1551148,479184,194980,5650872,5231.675,1620.209,0,48998.321,0,3994.515,16063,31243,2.080,1.580,0.850,2,1,192.025,0,0,10,34,6,9,0
22-11 14:02:09,37.497,8.999,43.247,9.249,0,1550100,474208,195508,5656152,5717.560,1619.875,0,50700.096,0,4148.681,21335,40509,2.070,1.580,0.860,3,0,46.996,0,0,10,34,6,12,0
22-11 14:02:10,38.279,9.507,39.029,13.260,0,1550140,471108,195680,5658880,5379.024,1621.213,0,52991.638,0,4720.531,20038,34444,2.070,1.580,0.860,2,1,49.037,0,0,10,34,6,12,0
22-11 14:02:11,38.250,7.750,43.000,9.500,0,1552760,467580,195880,5659540,5839.971,1619.992,0,46427.768,0,4239.979,19806,36386,2.070,1.580,0.860,3,0,30.000,0,0,10,35,6,16,0
22-11 14:02:12,36.752,9.750,40.252,12.751,0,1542708,476536,196140,5660332,8574.386,1620.073,0,60138.706,0,4894.220,20718,35974,2.070,1.580,0.860,2,1,95.004,0,0,10,34,6,17,0
22-11 14:02:13,44.446,7.741,39.702,6.242,0,1558196,458688,196264,5662544,5542.316,1691.959,0,23759.346,0,2674.774,17375,32975,2.070,1.580,0.860,4,0,69.916,0,0,10,35,6,21,0
22-11 14:02:14,38.016,8.504,42.018,11.505,0,1533572,479972,196396,5665672,7791.280,1586.668,0,45343.089,0,4152.748,19353,34884,2.140,1.610,0.870,2,0,72.030,0,0,10,34,6,23,0
22-11 14:02:15,37.519,10.005,41.020,12.006,0,1557688,451748,196772,5669268,9109.500,1620.801,0,64848.035,0,5327.632,21992,41127,2.140,1.610,0.870,1,1,45.022,0,0,10,37,6,25,0
22-11 14:02:16,36.744,7.999,42.993,11.748,0,1528656,476332,196884,5673492,9311.398,1565.731,0,38873.314,0,3758.354,18317,31656,2.140,1.610,0.870,6,1,147.975,0,0,10,36,6,27,0
22-11 14:02:17,39.755,9.001,40.505,10.751,0,1562824,443068,196956,5672428,8794.020,1620.188,0,64055.430,0,5441.631,22927,39968,2.140,1.610,0.870,1,1,21.002,0,0,10,36,6,27,0
22-11 14:02:18,36.685,7.237,44.422,7.736,0,1558288,449748,197036,5670188,4580.906,1617.143,0,32398.751,0,2981.731,12527,25157,2.140,1.610,0.870,2,0,51.908,0,0,10,34,6,29,0
22-11 14:02:19,30.964,12.236,55.685,0.749,0,1419444,588528,197056,5670232,5487.569,1618.104,0,15318.047,0,868.982,5077,8200,2.130,1.620,0.870,1,0,271.682,0,0,10,32,6,29,0
22-11 14:02:20,23.521,2.502,72.065,0.250,0,1443700,564252,197056,5670252,5393.887,1621.469,0,624.566,0,33.030,2622,4350,2.130,1.620,0.870,1,0,1.001,0,0,10,32,6,30,0
22-11 14:02:21,21.022,6.257,72.575,0.501,0.250,1442492,565436,197064,5670264,9806.189,1695.762,0,4304.472,0,262.273,1788,2570,2.130,1.620,0.870,1,0,43.045,0,0,10,33,6,30,0
22-11 14:02:22,17.009,10.756,71.038,0,0,1383688,624224,197064,5670276,5350.836,1512.802,0,108.057,0,13.007,2473,4418,2.130,1.620,0.870,2,0,137.073,0,0,10,32,5,30,0
22-11 14:02:23,8.252,22.255,68.515,0,0,1384052,623716,197064,5670436,8977.921,1620.347,0,92.020,0,7.001,2685,3556,2.130,1.620,0.870,2,0,346.074,0,0,10,32,5,30,0
22-11 14:02:24,29.767,20.762,49.278,0.250,0,1452948,554680,197068,5670572,6829.873,1620.919,0,832.472,0,60.034,3135,4818,2.040,1.610,0.870,4,0,393.223,0,0,10,32,5,36,0
22-11 14:02:25,65.431,9.989,24.224,0.250,0,1625508,380880,197076,5671608,6098.536,1564.342,0,363.615,0,16.982,1386,1352,2.040,1.610,0.870,3,0,2.997,0,0,10,32,5,36,0
22-11 14:02:26,64.050,9.007,25.020,1.251,0,1780212,221620,197204,5675764,7619.944,1621.265,0,9199.175,0,554.432,3285,4854,2.040,1.610,0.870,0,1,9.007,0,0,10,38,5,36,0
22-11 14:02:27,38.747,9.999,37.747,11.749,0,1777804,208160,197344,5690864,6613.537,1619.887,0,78774.486,0,6251.562,23821,45315,2.040,1.610,0.870,2,0,254.982,0,0,10,38,5,36,0
22-11 14:02:28,38.726,9.494,39.726,12.492,0,1781396,192296,197620,5702472,5833.418,1619.006,0,112303.046,0,8427.825,31685,58330,2.040,1.610,0.870,7,0,188.884,0,0,10,38,5,36,0
22-11 14:02:29,47.006,11.501,32.254,11.251,0,1680208,282976,197748,5712532,7745.922,1620.193,0,76637.120,0,6212.739,24586,42198,2.200,1.650,0.890,4,0,252.030,0,0,10,36,5,36,0
22-11 14:02:30,47.288,11.009,31.525,11.759,0,1751864,200368,197880,5722936,5503.430,1555.252,0,79355.881,0,6102.913,24807,40773,2.200,1.650,0.890,2,1,71.057,0,0,10,36,5,36,0
22-11 14:02:31,44.471,11.243,29.480,14.990,0,1660208,280372,197976,5734036,7208.228,1692.879,0,102803.944,0,8010.697,30207,48874,2.200,1.650,0.890,3,1,23.984,0,0,10,36,5,36,0
22-11 14:02:32,36.443,11.233,44.930,4.243,0,1389580,547180,198016,5737684,5107.069,1691.373,0,32225.953,0,2476.155,10602,19313,2.200,1.650,0.890,1,0,251.609,0,0,10,32,5,36,0
22-11 14:02:33,18.981,9.241,72.177,0.499,0,1438212,498372,198020,5737848,5435.532,1618.372,0,1114.878,0,73.926,1646,2298,2.200,1.650,0.890,1,0,102.896,0,0,10,32,5,36,0
22-11 14:02:34,22.523,4.254,72.073,0.250,0,1500704,435876,198024,5737848,5200.294,1641.671,0,3355.416,0,210.214,1462,2092,2.100,1.630,0.890,1,0,6.006,0,0,10,32,5,36,0
22-11 14:02:35,22.996,2.999,72.986,0.250,0,1392232,544352,198028,5737852,4948.060,1619.692,0,2235.575,0,20.996,1396,2079,2.100,1.630,0.890,1,0,24.995,0,0,10,32,5,36,0
22-11 14:02:36,22.254,3.251,73.513,0.250,0,1455612,480952,198028,5737856,7707.333,1620.280,0,40.007,0,4.001,970,1172,2.100,1.630,0.890,1,0,3.001,0,0,10,32,5,36,0
22-11 14:02:37,24.726,0.999,73.677,0,0,1508492,428060,198028,5737868,6863.226,1618.403,0,111.890,0,15.984,1147,1603,2.100,1.630,0.890,1,0,0,0,0,10,34,5,36,0
22-11 14:02:38,16.302,25.331,58.688,0,0,1393968,542572,198032,5737868,7938.403,1633.226,0,4321.830,0,49.157,3003,4639,2.100,1.630,0.890,4,0,512.640,0,0,10,32,5,36,0
22-11 14:02:39,16.502,37.754,44.255,0,0,1397876,538596,198032,5737924,6888.765,1846.205,0,640.071,0,40.004,4974,8654,2.180,1.660,0.900,2,0,1071.119,0,0,10,32,6,36,0
22-11 14:02:40,8.718,27.150,64.015,0,0,1399040,537360,198032,5737996,6481.195,1687.801,0,163.400,0,14.945,3102,4937,2.180,1.660,0.900,1,0,518.097,0,0,10,32,6,36,0
22-11 14:02:41,9.275,18.550,71.944,0.251,0,1388872,546916,198064,5738540,6802.373,1624.387,517.397,0,7.019,0,2543,3383,2.180,1.660,0.900,3,0,227.615,0,0,11,12,6,36,20
22-11 14:02:42,9.255,20.511,68.786,0,0,1386152,549472,198064,5738688,4608.424,1640.863,0,736.387,0,146.077,2521,3469,2.180,1.660,0.900,1,0,271.143,0,0,11,12,6,36,20
22-11 14:02:43,17.967,17.967,64.131,0,0,1391804,543640,198064,5738712,5862.108,1658.918,0,7.985,0,1.996,3316,8534,2.180,1.660,0.900,3,0,159.703,0,0,11,12,6,36,20
22-11 14:02:44,19.028,20.530,58.585,0,0,1431264,503528,198084,5739304,5634.158,1706.471,0,12.017,0,3.004,2731,4305,2.160,1.660,0.910,2,0,344.499,0,0,13,12,6,36,20
22-11 14:02:45,11.741,18.236,69.446,0.250,0,1439668,495096,198084,5739672,4852.259,1510.835,0,339.738,0,7.994,2591,4019,2.160,1.660,0.910,1,0,231.821,0,0,13,12,6,36,20
22-11 14:02:46,26.041,17.778,56.589,0,0,1469400,465056,198084,5739656,6812.710,1770.784,0,8.013,0,1.002,4880,8364,2.160,1.660,0.910,2,0,233.367,0,0,13,12,6,36,20
22-11 14:02:47,13.747,18.496,66.734,0,0,1482772,451576,198084,5739728,7429.232,1693.597,0,247.941,0,14.996,2806,4286,2.160,1.660,0.910,1,0,279.933,0,0,15,12,6,36,20
22-11 14:02:48,14.751,18.501,65.253,0,0,1486468,447800,198088,5740096,5565.234,1620.068,0,1300.055,0,120.005,4856,7724,2.160,1.660,0.910,18,0,201.008,0,0,15,12,6,36,20
22-11 14:02:49,49.257,16.002,34.255,0,0,1673440,260776,198124,5739772,6322.841,1620.215,0,664.088,0,8.001,2564,3671,2.070,1.650,0.910,13,0,107.014,0,0,17,12,6,36,20
22-11 14:02:50,84.501,15.500,0.250,0,0,1902420,130216,195944,5643960,6645.060,1620.015,972.009,24.000,16.000,3.000,2307,3570,2.070,1.650,0.910,8,0,49.000,0,0,17,12,6,36,20
22-11 14:02:51,17.977,18.476,62.669,0.250,0,1906832,159900,195908,5610404,10223.709,1563.967,1310.297,5680.615,24.968,293.618,2989,3883,2.070,1.650,0.910,4,0,233.696,0,0,17,12,6,36,20
22-11 14:02:52,8.494,20.735,68.202,0.500,0,1910168,155360,195908,5611624,6173.641,1618.857,967.317,23.983,57.959,5.996,2732,4007,2.070,1.650,0.910,1,0,254.820,0,0,17,12,6,36,20
22-11 14:02:53,18.028,17.528,62.349,0.250,0,1913756,150312,195952,5613052,6369.063,1716.712,1482.342,12.019,39.062,3.005,4346,8997,2.070,1.650,0.910,3,0,163.258,0,0,17,12,6,36,20
22-11 14:02:54,21.187,8.973,68.296,0.997,0,1968984,131672,195772,5576928,6236.397,1581.283,2241.314,2827.565,72.783,299.108,2332,3172,2.060,1.660,0.920,1,0,116.652,0,0,18,12,6,36,20
22-11 14:02:55,10.773,10.272,78.168,0.501,0,1989320,127988,195620,5560512,5673.197,1697.650,1511.249,0,49.106,0,1877,2762,2.060,1.660,0.920,2,0,91.196,0,0,18,12,6,37,20
22-11 14:02:56,23.234,4.247,70.202,0.250,0,2029148,123984,194508,5526448,5779.036,1618.889,847.419,6911.259,135.907,374.743,3160,5623,2.060,1.660,0.920,2,0,0,0,0,18,19,6,38,10
22-11 14:02:57,14.236,15.485,68.433,0.749,0,1983412,168664,194508,5527488,5411.670,1618.406,1054.961,2685.355,17.982,165.837,3243,5394,2.060,1.660,0.920,1,0,209.793,0,0,18,18,6,42,0
22-11 14:02:58,8.506,20.513,68.294,0.500,0.250,1986824,164984,194508,5527756,5706.704,1621.052,0,284.184,0,18.012,2865,4276,2.060,1.660,0.920,1,0,281.182,0,0,18,18,6,42,0
22-11 14:02:59,9.741,21.480,68.685,0.250,0,1986140,165192,194508,5528232,5885.450,1564.525,487.540,223.789,18.982,13.987,2754,4108,1.980,1.650,0.920,1,0,248.765,0,0,18,18,6,42,0
22-11 14:03:00,10.771,20.541,67.885,0,0,1991060,160092,194508,5528412,5205.369,1623.233,0,116.232,0,14.028,2872,4408,1.980,1.650,0.920,2,0,282.563,0,0,18,18,6,42,0
22-11 14:03:01,21.777,16.521,59.325,0.250,0,2007488,139308,194516,5533112,8551.741,1513.901,4209.287,20.025,61.077,4.005,4679,10705,1.980,1.650,0.920,5,0,180.226,0,0,18,18,6,43,0
22-11 14:03:02,44.396,10.475,44.396,0.499,0,2108956,119568,193408,5454220,5354.412,1690.027,434.977,2797.423,30.927,269.367,2046,2611,1.980,1.650,0.920,3,0,62.852,0,0,18,19,6,43,0
22-11 14:03:03,46.563,7.260,45.312,0,0,2192308,122144,192376,5370984,7300.929,1622.206,1986.702,128.174,39.053,24.033,6380,12214,1.980,1.650,0.920,2,0,5.007,0,0,18,31,6,39,0
22-11 14:03:04,40.708,8.991,48.950,0.250,0,2243140,123396,192056,5320172,8113.667,1618.338,95.902,6501.323,1.998,396.593,2838,3209,1.980,1.650,0.920,1,0,44.954,0,0,18,34,6,39,0
22-11 14:03:05,13.248,15.997,69.488,0.250,0,2249116,124752,191548,5313436,8858.485,1619.723,1283.780,1511.741,43.992,139.976,3028,4152,1.980,1.650,0.920,1,0,214.963,0,0,18,34,6,36,0
22-11 14:03:06,8.747,1.749,89.217,0.250,0,2248916,138952,191164,5300024,8132.007,2289.158,19.993,83.969,2.999,6.997,1176,1826,1.980,1.650,0.920,3,0,1.999,0,0,18,35,6,36,0
22-11 14:03:07,2.250,2.000,93.495,0.500,0,2283708,134416,190768,5270776,56924.983,3593.810,0,219.988,0,15.999,1265,2091,1.980,1.650,0.920,0,0,0,0,0,18,35,6,36,0
22-11 14:03:08,2.000,0.250,96.501,0,0,2283868,134192,190768,5270840,83256.166,3108.044,0,384.005,0,19.000,1106,1901,1.980,1.650,0.920,1,0,0,0,0,18,35,6,35,0
22-11 14:03:09,9.241,3.497,84.172,1.499,0,2309752,134032,189732,5246852,52724.125,3135.094,4703.640,575.467,145.865,20.981,1508,2286,1.820,1.630,0.920,1,0,7.993,0,0,18,34,6,36,0
22-11 14:03:10,15.018,13.016,69.084,2.753,0,2346944,158144,188848,5188588,6626.037,1621.967,448.544,9115.057,48.058,438.532,3487,5452,1.820,1.630,0.920,1,0,65.079,0,0,18,34,6,33,0
22-11 14:03:11,16.750,9.000,71.501,1.000,0,2337952,153664,188868,5201084,9080.073,1694.014,3040.024,4.000,494.004,1.000,2616,2910,1.820,1.630,0.920,1,0,43.000,0,0,18,34,6,33,0
22-11 14:03:12,16.759,11.256,71.788,0,0,2353336,138244,188868,5201088,5706.047,1694.905,0,0,0,0,2053,2637,1.820,1.630,0.920,2,0,62.033,0,0,18,34,6,28,0
22-11 14:03:13,25.962,6.241,66.404,0.250,0,2343880,146832,188884,5201580,7764.757,1691.551,499.277,0,14.978,0,1988,5469,1.820,1.630,0.920,1,0,61.910,0,0,18,34,6,29,0
22-11 14:03:14,23.561,4.010,72.689,0,0,2358696,132240,188888,5201600,6034.666,1624.216,24.062,0,4.010,0,1472,1985,1.750,1.610,0.920,2,0,21.055,0,0,18,34,6,24,0
22-11 14:03:15,20.449,6.234,73.067,0,0,2363016,127968,188888,5201600,6172.556,1689.772,0,127.681,0,3.990,1583,2166,1.750,1.610,0.920,1,0,26.933,0,0,18,34,6,24,0
22-11 14:03:16,14.294,11.285,71.470,1.003,0,2301900,237436,189208,5154096,6551.210,1462.512,3013.296,20.062,118.365,3.009,2323,3264,1.750,1.610,0.920,1,0,129.399,0,0,18,34,6,19,0
22-11 14:03:17,18.495,16.745,63.982,0.250,0,2306188,232216,189208,5155352,6551.107,1619.532,751.783,263.924,45.987,10.997,4994,9438,1.750,1.610,0.920,1,0,225.935,0,0,18,34,6,19,0
22-11 14:03:18,3.738,3.489,91.212,0.498,0,2301920,234996,189212,5156468,8905.840,1614.894,1467.360,291.080,38.877,18.940,1762,2936,1.750,1.610,0.920,0,0,26.915,0,0,18,34,6,18,0
22-11 14:03:19,2.000,1.250,96.016,0,0,2301776,235072,189212,5156536,7075.203,1694.288,64.011,72.012,2.000,5.001,1158,1817,1.610,1.590,0.910,0,0,3.001,0,0,18,34,6,18,0
22-11 14:03:20,1.497,0.998,95.798,0.499,0,2302192,234640,189212,5156536,5238.930,1690.428,0,1265.326,0,235.502,1524,1972,1.610,1.590,0.910,1,0,4.989,0,0,18,34,6,16,0
22-11 14:03:21,5.010,2.755,90.679,0,0,2305164,231648,189212,5156540,13737.145,1697.354,0,28.055,0,6.012,1170,1754,1.610,1.590,0.910,0,0,5.010,0,0,18,34,6,16,0
22-11 14:03:22,10.268,10.518,77.884,0,0,2243480,293172,189212,5157032,5649.706,1622.788,0,76.131,0,3.005,3110,5251,1.610,1.590,0.910,1,0,170.293,0,0,18,34,6,15,0
22-11 14:03:23,15.021,18.025,66.843,0,0,2291360,245228,189212,5156728,5868.204,1588.220,56.078,16.022,5.007,4.006,4243,8256,1.610,1.590,0.910,1,0,274.384,0,0,18,34,6,15,0
22-11 14:03:24,15.007,18.759,65.532,0.250,0,2301416,233092,189224,5158788,8392.146,1804.892,1844.911,4.002,52.026,1.000,3743,7342,1.560,1.580,0.910,3,0,238.118,0,0,19,34,6,15,0
22-11 14:03:25,12.706,11.959,74.492,0,0.249,2301876,232644,189228,5158756,6911.081,1614.413,3.986,195.324,0.997,8.969,3919,7790,1.560,1.580,0.910,0,0,182.369,0,0,19,34,6,15,0
22-11 14:03:26,7.009,12.267,79.608,0,0,2304072,230428,189228,5159120,6033.169,1622.196,0,32.043,0,2.003,2212,3517,1.560,1.580,0.910,1,0,148.201,0,0,21,34,6,9,0
22-11 14:03:27,16.018,15.767,66.824,0,0,2305584,228888,189228,5158780,5946.571,1769.956,0,32.035,0,7.008,5095,8632,1.560,1.580,0.910,1,0,202.223,0,0,21,36,6,9,0
22-11 14:03:28,12.245,18.742,69.471,0,0,2306720,227652,189228,5158800,5895.536,1619.323,0,23.990,0,5.997,2779,4115,1.560,1.580,0.910,1,0,254.893,0,0,21,36,6,9,0
22-11 14:03:29,10.723,21.198,67.084,0,0.249,2308200,226136,189228,5159180,7682.977,1699.791,0,31.921,0,7.980,3528,5694,1.520,1.570,0.910,18,0,266.341,0,0,21,36,6,9,0
22-11 14:03:30,26.597,18.568,53.695,0.251,0,2329336,204656,189244,5159176,4823.553,1517.522,373.359,208.760,13.047,8.029,4837,8047,1.520,1.570,0.910,2,0,273.997,0,0,21,36,6,9,0
22-11 14:03:31,34.686,18.216,46.165,0,0,2404428,129060,189276,5159648,10000.479,1658.928,47.911,75.860,4.991,8.983,4572,7459,1.520,1.570,0.910,1,0,212.606,0,0,21,36,6,10,0
22-11 14:03:32,25.479,6.245,66.195,0.500,0,2460344,133324,188400,5102484,5437.460,1564.693,707.409,4819.975,21.982,520.565,3084,4350,1.520,1.570,0.910,3,0,9.992,0,0,21,44,6,14,0
22-11 14:03:33,23.239,5.747,70.967,0,0,2514248,132596,188404,5050252,5311.498,1619.237,23.989,0,2.999,0,1394,2135,1.520,1.570,0.910,3,0,6.997,0,0,21,44,6,14,0
22-11 14:03:34,3.999,2.000,91.984,0.250,0,2522020,130336,188404,5045120,5243.082,1709.701,811.858,0,12.998,0,1832,3489,1.400,1.540,0.910,1,0,7.999,0,0,21,44,6,14,0
22-11 14:03:35,1.502,1.251,95.349,0.250,0,2522116,130084,188408,5045268,5080.294,1737.811,92.096,572.597,11.011,3.003,1090,1912,1.400,1.540,0.910,2,0,8.008,0,0,21,44,6,14,0
22-11 14:03:36,17.242,14.993,65.970,0.250,0,2528564,140320,188404,5029012,5439.536,1693.233,287.870,54179.457,18.991,389.823,4722,6654,1.400,1.540,0.910,4,0,212.904,0,0,21,42,6,14,0
22-11 14:03:37,12.779,15.786,68.407,0,0,2533416,134800,188404,5029664,6172.165,1515.478,561.288,0,32.074,0,4074,6272,1.400,1.540,0.910,1,0,253.582,0,0,21,42,6,14,0
22-11 14:03:38,21.010,17.758,59.277,0.250,0,2539800,128248,188404,5029816,11551.325,1620.747,4.002,24.011,1.000,4.002,6135,10879,1.400,1.540,0.910,1,0,223.103,0,0,19,34,6,14,0
22-11 14:03:39,20.659,17.672,60.734,0,0,2547800,120292,188404,5030016,6621.943,1612.922,0,0,0,0,5412,9293,1.280,1.520,0.900,6,0,276.785,0,0,21,42,6,14,0
22-11 14:03:40,32.357,20.568,46.153,0,0,2380004,287984,188404,5029952,5588.532,1571.210,80.266,264.878,3.010,3.010,3231,5515,1.280,1.520,0.900,3,0,390.294,0,0,21,36,6,17,0
22-11 14:03:41,35.979,21.488,42.725,0,0,2440352,227248,188404,5030340,5036.089,1619.064,0,227.868,0,8.995,3770,7226,1.280,1.520,0.900,4,0,421.756,0,0,21,44,6,21,0
22-11 14:03:42,42.305,20.777,36.047,0,0,2509284,158072,188404,5030636,4966.496,1622.122,0,16.021,0,4.005,4703,12944,1.280,1.520,0.900,4,0,264.346,0,0,21,44,6,21,0
22-11 14:03:43,39.168,7.235,52.640,0.249,0,2614528,120668,188404,4964152,5347.780,1690.453,31.933,4298.981,3.992,431.096,3211,4611,1.280,1.520,0.900,3,0,54.885,0,0,21,44,6,21,0
22-11 14:03:44,24.007,5.752,70.272,0,0,2649176,128620,188604,4922028,6414.982,1784.551,4.001,0,1.000,0,1915,3386,1.260,1.510,0.900,3,0,4.001,0,0,21,44,6,21,0
22-11 14:03:45,24.046,5.761,62.369,5.511,0,2669376,133840,188828,4896908,6420.301,1514.903,212.407,30366.182,53.102,2381.563,10466,17891,1.260,1.510,0.900,2,0,5.010,0,0,21,46,6,21,0
22-11 14:03:46,26.170,7.228,56.080,8.225,0,2672848,122360,188912,4904800,6262.973,1615.093,11.964,19432.963,0.997,2328.925,12468,23481,1.260,1.510,0.900,2,0,3.988,0,0,21,46,6,21,0
22-11 14:03:47,32.054,22.288,44.576,1.002,0,2797952,131776,188956,4772796,6725.406,1622.752,72.122,11459.435,9.015,965.638,7813,15433,1.260,1.510,0.900,2,0,234.398,0,0,22,71,6,32,0
22-11 14:03:48,10.989,20.229,67.681,0,0,2805252,137356,188952,4760272,8706.128,1660.308,3.996,1194.783,0.999,132.865,3060,4280,1.260,1.510,0.900,3,0,239.756,0,0,22,71,6,32,0
22-11 14:03:49,12.015,20.275,65.079,0.751,0,2809456,133060,188956,4760344,8721.640,1567.913,16.020,4537.536,4.005,233.285,3566,5406,1.240,1.500,0.910,1,0,270.330,0,0,22,71,6,32,0
22-11 14:03:50,23.025,17.018,59.064,0,0,2824252,129768,188968,4749176,5476.915,1621.751,304.329,1858.007,10.011,289.312,4962,12726,1.240,1.500,0.910,3,0,166.179,0,0,22,71,6,32,0
22-11 14:03:51,49.968,8.994,40.474,0,0,2956520,139760,188988,4610256,10097.487,1692.908,183.881,347.776,8.994,16.989,2047,2953,1.240,1.500,0.910,2,0,81.947,0,0,22,72,6,32,0
22-11 14:03:52,13.977,16.972,66.888,0.998,0,2972852,134876,188988,4599076,7409.633,1509.481,175.707,3230.608,9.983,321.463,3699,5999,1.240,1.500,0.910,1,0,244.592,0,0,22,75,6,32,0
22-11 14:03:53,9.500,20.251,69.752,0,0,2977516,129672,188988,4599616,7741.232,1714.051,516.015,128.004,5.000,14.000,2899,4328,1.240,1.500,0.910,1,0,239.007,0,0,22,75,5,32,0
22-11 14:03:54,9.009,19.269,70.570,0,0,2983784,123380,188988,4599640,8997.881,1621.601,0,68.067,0,4.004,2702,3947,1.220,1.490,0.910,1,0,235.232,0,0,22,75,5,32,0
22-11 14:03:55,10.238,18.979,69.421,0,0,2971820,141112,188988,4593984,7061.007,1708.066,0,0,0,0,3012,4567,1.220,1.490,0.910,1,0,253.713,0,0,22,75,5,32,0
22-11 14:03:56,9.010,20.272,68.575,0,0,2979856,133052,188988,4594008,5874.403,1621.768,0,80.087,0,7.008,3218,5024,1.220,1.490,0.910,1,0,270.295,0,0,22,77,5,32,0
22-11 14:03:57,16.480,19.477,62.425,0.250,0,2985468,132916,188988,4588964,5519.360,1618.053,0,627.245,0,60.927,3485,5878,1.220,1.490,0.910,4,0,277.666,0,0,22,91,5,29,0
22-11 14:03:58,26.802,17.033,55.608,0,0,3006096,135480,188988,4566008,5050.824,1569.052,0,40.078,0,3.006,5463,10364,1.220,1.490,0.910,2,0,305.594,0,0,22,91,5,29,0
22-11 14:03:59,32.778,21.018,45.039,0,0,3061564,138156,188988,4509248,5905.084,1513.303,0,188.162,0,14.012,3461,6028,1.280,1.500,0.910,2,0,436.376,0,0,22,91,5,26,0
22-11 14:04:00,43.000,22.000,33.000,0.250,0,3169404,132164,189016,4409108,5169.943,1619.982,20.000,5847.936,2.000,498.995,9596,16264,1.280,1.500,0.910,4,0,245.997,0,0,24,103,5,26,0
22-11 14:04:01,55.251,22.500,21.750,0,0,3275400,134900,189016,4301776,5022.070,1694.024,92.001,376.005,4.000,14.000,3995,6864,1.280,1.500,0.910,3,0,645.009,0,0,24,103,5,26,0
22-11 14:04:02,62.746,17.499,18.249,0.250,0.250,3372308,129032,189016,4212424,6579.559,1693.887,0,283.981,0,22.998,6618,20390,1.280,1.500,0.910,4,0,235.984,0,0,24,113,5,26,0
22-11 14:04:03,43.718,19.486,36.473,0.250,0,3449640,132808,189016,4133052,5039.256,1618.797,0,603.552,0,32.975,4397,7634,1.280,1.500,0.910,3,0,618.540,0,0,24,123,5,26,0
22-11 14:04:04,24.925,18.943,55.582,0,0,3483272,127208,189024,4105748,5530.282,1688.894,0,267.192,0,20.937,4725,7793,1.260,1.490,0.910,3,0,374.867,0,0,25,123,5,26,0
22-11 14:04:05,27.539,20.028,51.322,0,0,3510384,130684,189024,4075684,5199.315,1622.283,0,7810.990,0,567.799,5698,8774,1.260,1.490,0.910,4,0,344.485,0,0,25,123,5,26,0
22-11 14:04:06,33.481,24.486,42.227,0,0,3574528,124352,189024,4019316,5253.095,1457.194,0,151.916,0,13.992,4315,7595,1.260,1.490,0.910,3,0,364.798,0,0,25,123,5,26,0
22-11 14:04:07,41.842,22.049,34.075,0.251,0,3663808,136044,189040,3920344,8382.483,1623.580,677.494,5476.075,20.044,459.012,7716,18844,1.260,1.490,0.910,4,0,281.621,0,0,25,137,5,26,0
22-11 14:04:08,30.741,23.993,44.736,0,0,3730620,131080,189040,3859132,4920.509,1693.487,267.919,223.932,7.998,12.996,3594,6003,1.260,1.490,0.910,4,0,499.849,0,0,25,137,5,26,0
22-11 14:04:09,23.449,25.195,51.138,0.249,0,3786772,135036,189040,3799656,7510.619,1841.983,0,870.102,0,49.891,6146,14419,1.320,1.500,0.920,2,0,422.079,0,0,25,143,6,26,0
22-11 14:04:10,12.501,21.002,65.005,0.250,0,3794072,127772,189040,3799732,4725.392,1694.141,80.007,500.042,5.000,39.003,3599,5908,1.320,1.500,0.920,1,0,280.023,0,0,25,149,6,26,0
22-11 14:04:11,16.734,17.983,63.440,0,0,3795648,129964,189040,3796396,7365.018,1618.466,0,163.845,0,10.990,4393,9285,1.320,1.500,0.920,1,0,163.845,0,0,25,149,6,25,0
22-11 14:04:12,37.499,15.750,45.499,0.750,0,3885124,126980,189068,3710128,5226.843,1693.949,1715.949,5075.848,63.998,441.987,3829,4848,1.320,1.500,0.920,2,0,116.996,0,0,25,149,6,25,0
22-11 14:04:13,50.803,9.009,39.791,0.250,0,4002180,136636,188912,3584244,5366.581,1459.518,500.521,0,50.052,0,2475,9833,1.320,1.500,0.920,2,0,34.035,0,0,25,149,6,26,0
22-11 14:04:14,31.846,14.042,52.910,0.502,0,3948328,230492,188604,3544560,6736.351,1709.163,128.388,445.345,10.030,30.091,3122,5008,1.370,1.510,0.930,3,0,189.573,0,0,25,153,6,26,0
22-11 14:04:15,42.989,23.244,32.991,0,0,4015000,162384,188616,3545984,5378.596,1619.577,315.918,315.918,14.996,21.994,6987,13373,1.370,1.510,0.930,5,0,499.870,0,0,25,157,6,25,0
22-11 14:04:16,41.437,22.965,34.697,0.499,0,4008572,164520,188624,3550596,5933.945,1765.306,2827.685,443.323,53.918,27.957,5315,13080,1.370,1.510,0.930,3,0,303.537,0,0,25,169,6,25,0
22-11 14:04:17,65.355,17.779,16.026,0,0,4106236,124864,188052,3493744,7106.413,1696.725,280.450,8890.278,8.013,511.822,5049,8526,1.370,1.510,0.930,4,0,173.278,0,0,25,178,6,25,0
22-11 14:04:18,78.755,15.751,5.250,0.500,0,4191072,129476,187632,3406236,7696.462,1620.097,1760.106,4384.263,51.003,188.011,3718,7191,1.370,1.510,0.930,6,0,61.004,0,0,25,190,6,25,0
22-11 14:04:19,71.709,15.741,7.995,3.748,0,4258564,123396,187712,3346056,5150.039,1619.069,5468.855,3066.237,460.735,208.880,8847,17309,1.580,1.550,0.940,5,0,68.960,0,0,25,191,6,33,0
22-11 14:04:20,45.777,27.016,25.015,0,0,4261276,140164,187736,3326844,6157.682,1620.969,4.002,16577.914,1.001,599.358,6299,10337,1.580,1.550,0.940,4,0,510.305,0,0,25,191,6,33,0
22-11 14:04:21,47.751,25.501,25.501,0.250,0,4223608,200528,187736,3304260,10107.263,1458.038,484.013,652.017,19.000,42.001,12233,32019,1.580,1.550,0.940,6,0,249.006,0,0,25,191,6,34,0
22-11 14:04:22,51.244,27.247,20.748,0,0,4320984,128792,187736,3278676,5772.371,1619.823,4.000,527.942,1.000,36.996,3909,8254,1.580,1.550,0.940,4,0,516.944,0,0,25,197,6,34,0
22-11 14:04:23,59.484,20.745,17.495,0.750,0,4355236,137156,187744,3236524,7060.143,1619.574,1083.715,11141.070,57.985,698.816,9657,19670,1.580,1.550,0.940,4,0,223.941,0,0,25,199,6,36,0
22-11 14:04:24,52.767,26.258,21.007,0.250,0,4379556,188104,187744,3162076,6891.191,1620.515,40.013,5745.827,7.002,477.152,5985,11196,1.780,1.590,0.960,5,0,485.154,0,0,25,199,6,37,0
22-11 14:04:25,58.970,19.490,20.489,0.250,0,4476704,135468,187716,3118520,6935.442,1767.093,327.832,7999.896,24.987,830.574,9795,18981,1.780,1.590,0.960,4,0,236.878,0,0,25,210,6,38,0
22-11 14:04:26,66.280,10.755,23.010,0,0,4563592,126620,187632,3042656,5490.476,1620.731,48.022,324.146,2.001,14.006,2771,4918,1.780,1.590,0.960,5,0,56.025,0,0,25,214,6,38,0
22-11 14:04:27,67.467,12.744,18.241,0.500,0,4648808,127328,187568,2958680,7549.271,2341.843,1491.263,2206.910,110.945,303.850,7966,15533,1.780,1.590,0.960,4,0,1.999,0,0,25,226,6,47,0
22-11 14:04:28,38.245,16.498,44.245,0.250,0,4608244,178500,187576,2948280,7964.012,2530.686,147.982,1207.850,10.999,155.981,4741,8690,1.780,1.590,0.960,4,0,267.967,0,0,25,225,6,48,0
22-11 14:04:29,36.264,23.759,40.015,0.500,0,4587504,198800,187576,2948704,50797.303,15587.923,48.018,1044.397,3.001,85.032,5489,11356,1.880,1.610,0.970,4,0,391.149,0,0,25,229,6,48,0
22-11 14:04:30,39.993,16.997,41.243,0.250,0,4650504,135144,187576,2949412,5771.973,1661.704,287.949,471.916,8.998,27.995,4922,9782,1.880,1.610,0.970,4,0,199.964,0,0,25,230,6,49,0
22-11 14:04:31,63.272,15.255,19.757,0.250,0,4719712,127328,187544,2889876,5850.042,1620.566,208.073,688.240,19.007,45.016,3081,5816,1.880,1.610,0.970,4,1,158.055,0,0,26,232,6,49,0
22-11 14:04:32,66.175,8.990,22.974,1.998,0,4834268,125460,187560,2780312,6156.993,1692.074,2061.654,7055.970,154.824,594.324,4387,6796,1.880,1.610,0.970,3,0,1.998,0,0,26,232,6,49,0
22-11 14:04:33,35.651,14.460,48.615,0.249,0,4841512,135340,187544,2763744,13126.534,3112.354,299.169,777.839,31.911,70.803,5403,10874,1.880,1.610,0.970,1,0,217.396,0,0,26,236,6,50,0
22-11 14:04:34,23.004,6.001,69.011,0.250,0,4801160,175552,187544,2763884,14542.269,3578.558,0,604.094,0,60.009,2941,6013,1.890,1.620,0.980,2,0,43.007,0,0,26,232,6,47,0
22-11 14:04:35,3.000,0.750,93.743,0,0,4801056,175644,187544,2763896,6619.530,1619.885,0,383.973,0,22.998,1519,2632,1.890,1.620,0.980,0,0,0,0,0,26,234,6,47,0
22-11 14:04:36,8.755,2.751,85.795,0.250,0,4812028,143500,187544,2785068,21959937.207,100552.187,0,1732.899,0,104.054,6356,3354,1.890,1.620,0.980,1,0,1.001,0,0,26,232,6,47,1
22-11 14:04:37,11.997,17.246,68.233,0.500,0,4824408,128960,187544,2787212,7703.120,1619.605,2099.488,319.922,24.994,30.992,3403,5390,1.890,1.620,0.980,1,0,257.937,0,0,26,236,6,47,0
22-11 14:04:38,25.497,4.500,69.243,0.250,0,4872744,129492,187480,2739480,5259.448,1565.836,0,167.982,0,24.997,1980,3421,1.890,1.620,0.980,1,0,1.000,0,0,26,244,6,49,0
22-11 14:04:39,25.809,4.761,67.904,0.752,0,4877208,124312,187480,2740200,7207.397,1623.694,473.076,1074.444,30.068,103.235,4666,9008,1.820,1.610,0.980,3,0,4.009,0,0,26,250,6,51,0
22-11 14:04:40,27.940,4.490,67.853,0.249,0,4889020,124304,187464,2728520,6396.178,1616.507,15.965,407.120,0.998,39.914,3973,9591,1.820,1.610,0.980,1,0,0.998,0,0,26,253,6,49,0
22-11 14:04:41,27.283,8.761,60.573,2.002,0,4819128,217932,187412,2704932,5747.897,1696.035,1161.394,32326.792,24.029,645.775,6999,12576,1.820,1.610,0.980,1,0,49.059,0,0,26,254,6,58,0
22-11 14:04:42,17.461,13.969,68.347,0,0,4853236,183764,187416,2704972,4644.582,1690.209,47.893,303.320,7.982,13.969,2862,4062,1.820,1.610,0.980,1,0,160.640,0,0,26,254,6,53,0
22-11 14:04:43,21.264,7.005,70.046,1.001,0,4877576,132700,188936,2727412,5009.301,1695.117,0,3350.208,0,80.053,1963,3218,1.820,1.610,0.980,1,0,1.001,0,0,26,256,6,53,0
22-11 14:04:44,24.752,4.250,69.506,0,0,4893036,131484,188940,2713264,5433.462,1512.129,0,924.079,0,37.003,2110,3320,1.750,1.600,0.980,1,0,10.001,0,0,26,258,6,53,0
22-11 14:04:45,24.260,7.003,67.277,0,0,4915148,126448,188948,2696272,6431.618,1694.690,24.010,516.210,3.001,13.005,15279,29984,1.750,1.600,0.980,1,0,5.002,0,0,26,260,6,54,0
22-11 14:04:46,25.501,4.750,69.004,0,0,4926552,137928,188936,2673560,5774.300,1566.081,0,66259.445,0,319.017,2582,3557,1.750,1.600,0.980,1,0,1.000,0,0,26,262,6,54,0
22-11 14:04:47,23.575,6.019,68.970,0.502,0,4932792,131432,188940,2673840,5700.166,1625.179,0,1881.998,0,116.371,5084,9361,1.750,1.600,0.980,1,0,3.010,0,0,26,262,6,55,0
22-11 14:04:48,24.737,3.498,70.963,0.250,0,4933044,131180,188940,2673840,5542.129,1619.161,0,235.878,0,11.994,1600,2778,1.750,1.600,0.980,1,0,0,0,0,26,262,6,44,0
22-11 14:04:49,24.264,5.503,68.789,0.500,0,4935116,128912,188940,2674036,6316.550,1694.953,92.052,1492.839,8.004,99.056,2108,3619,1.770,1.610,0.980,1,0,21.012,0,0,26,266,6,45,0
22-11 14:04:50,24.391,4.480,69.438,0,0,4937128,126896,188940,2674036,5931.386,1686.433,31.857,517.677,0.996,40.817,1980,3252,1.770,1.610,0.980,1,0,0,0,0,26,266,6,45,0
22-11 14:04:51,30.027,2.752,66.559,0.250,0,4946984,139624,188908,2651704,9649.530,1587.403,12.011,364.322,3.003,40.035,1979,3017,1.770,1.610,0.980,1,0,22.019,0,0,26,270,6,45,0
22-11 14:04:52,23.236,4.497,70.457,0.250,0,4838908,246928,188932,2652452,5325.714,1619.001,307.810,67.958,48.970,3.998,2162,3199,1.770,1.610,0.980,10,0,36.977,0,0,26,270,6,45,0
22-11 14:04:53,21.017,18.264,59.297,0.250,0,4868864,216364,188936,2653028,11622.147,1789.408,504.397,8.006,7.006,2.002,3335,5580,1.770,1.610,0.980,1,0,410.323,0,0,26,270,6,45,0
22-11 14:04:54,22.244,7.248,69.732,0,0.250,4857600,227620,188940,2653032,9866.445,1619.581,0,463.880,0,28.992,2343,3670,1.710,1.600,0.980,1,0,60.984,0,0,26,270,6,45,0
22-11 14:04:55,10.779,18.300,69.940,0,0,4855060,230144,188940,2653048,5662.373,1570.263,0,52.142,0,4.011,3104,4811,1.710,1.600,0.980,1,0,232.632,0,0,26,270,6,45,0
22-11 14:04:56,9.478,20.951,68.091,0,0,4853468,231712,188940,2653072,5898.216,1616.223,0,67.841,0,4.988,3145,4978,1.710,1.600,0.980,1,0,265.380,0,0,26,270,6,45,0
22-11 14:04:57,4.992,5.991,87.364,0,0,4855884,229232,188940,2653136,5049.154,1765.257,23.963,91.857,1.997,5.991,2167,3571,1.710,1.600,0.980,0,0,101.842,0,0,26,270,6,45,0
22-11 14:04:58,17.752,4.250,76.758,0,0,4904768,180344,188940,2653140,5110.521,1512.154,0,0,0,0,1554,2571,1.710,1.600,0.980,2,0,9.001,0,0,26,270,6,45,0
22-11 14:04:59,22.587,5.270,69.517,0.251,0,4856204,228828,188940,2653220,5559.359,1626.248,64.247,349.342,4.015,31.120,3201,6224,1.650,1.590,0.980,1,0,58.224,0,0,26,274,6,45,0
22-11 14:05:00,13.757,16.509,69.536,0,0,4856420,228420,188944,2653408,4399.301,1620.848,104.054,0,4.002,0,3073,4758,1.650,1.590,0.980,1,0,181.095,0,0,26,274,6,45,0
22-11 14:05:01,13.499,16.499,67.747,0.500,0,4854304,230268,188944,2653676,5029.804,1619.937,12.000,3055.881,3.000,419.984,3744,4916,1.650,1.590,0.980,1,0,168.993,0,0,26,274,6,46,0
22-11 14:05:02,12.754,17.505,68.519,0,0,4857176,227340,188944,2653732,4608.276,1620.449,0,36.010,0,2.001,3109,4762,1.650,1.590,0.980,2,0,189.052,0,0,26,274,6,45,0
22-11 14:05:03,23.733,4.497,70.699,0,0,4919300,165188,188944,2653760,6790.070,1564.864,3.997,0,0.999,0,1859,2877,1.650,1.590,0.980,2,0,19.985,0,0,26,274,6,45,0
22-11 14:05:04,25.737,3.498,69.215,0.500,0,4963140,135452,188944,2640000,5695.141,1619.187,239.880,3282.352,5.997,290.854,2452,3197,1.600,1.580,0.980,3,0,0,0,0,26,274,6,45,0
22-11 14:05:05,24.939,3.741,70.329,0.249,0,4871148,230332,188940,2637320,5289.163,1689.899,111.729,379.080,6.983,34.915,2158,3424,1.600,1.580,0.980,1,0,6.983,0,0,26,274,6,45,0
22-11 14:05:06,23.480,3.247,71.440,0,0,4931848,169600,188940,2637352,7067.050,1584.666,19.983,167.859,3.997,8.992,1649,2467,1.600,1.580,0.980,1,0,0,0,0,26,274,6,45,0
22-11 14:05:07,24.037,4.006,70.358,0,0,4966300,135136,188940,2637364,7134.952,1622.491,0,148.228,0,9.014,2873,5052,1.600,1.580,0.980,2,0,1.002,0,0,26,277,6,46,0
22-11 14:05:08,26.210,4.244,69.144,0.250,0,4889204,212232,188940,2637364,8180.476,1617.524,0,155.762,0,15.976,2094,3299,1.600,1.580,0.980,1,0,15.976,0,0,26,274,6,46,0
22-11 14:05:09,25.327,3.009,70.464,0,0,4857516,243788,188940,2637496,6250.947,1624.925,0,32.097,0,4.012,1737,2612,1.550,1.570,0.980,1,0,7.021,0,0,26,274,6,46,0
22-11 14:05:10,9.753,18.506,69.522,0.250,0,4863936,236204,188948,2638636,5689.798,1620.512,1368.432,220.070,19.006,4.001,3140,4832,1.550,1.570,0.980,2,0,237.075,0,0,26,274,6,46,0
22-11 14:05:11,15.742,14.742,68.215,0,0,4885356,214516,188948,2638904,6347.718,1565.191,247.872,23.988,61.968,1.999,2886,4291,1.550,1.570,0.980,2,0,218.887,0,0,26,274,6,46,0
22-11 14:05:12,20.713,7.736,69.875,0,0.250,4893020,206424,188964,2639316,5307.484,1617.101,347.377,3.993,18.966,0.998,2250,3533,1.550,1.570,0.980,1,0,91.835,0,0,26,274,6,46,0
22-11 14:05:13,28.351,5.520,64.228,0.251,0,4937164,162076,188976,2641744,5167.323,1591.644,160.569,184.655,8.028,8.028,10248,22538,1.550,1.570,0.980,4,0,42.149,0,0,26,274,6,46,0
22-11 14:05:14,22.905,4.232,69.959,0.747,0,4888704,210196,189016,2639808,15198.682,5355.688,91.618,940.084,10.954,50.788,2605,4392,1.510,1.560,0.980,3,0,4.979,0,0,26,275,6,47,0
22-11 14:05:15,29.020,6.254,63.294,0.250,0.250,4921260,175720,189160,2641320,7473.246,1695.190,4.003,484.340,1.001,18.013,11258,22724,1.510,1.560,0.980,3,0,6.004,0,0,26,275,6,46,0
22-11 14:05:16,23.271,7.257,69.063,0,0,4860844,236220,189168,2641228,6393.831,1795.638,4.004,248.226,1.001,13.012,2330,3772,1.510,1.560,0.980,2,0,64.058,0,0,26,274,6,47,0
22-11 14:05:17,16.738,14.490,67.701,0.250,0,4899008,198116,189168,2641168,5815.818,1618.836,0,387.721,0,26.981,3045,4857,1.510,1.560,0.980,1,0,206.851,0,0,26,274,6,47,0
22-11 14:05:18,26.519,3.002,69.300,0,0,4924960,171936,189168,2641396,6592.714,1621.159,0,168.120,0,11.008,2658,5105,1.510,1.560,0.980,1,0,0,0,0,26,278,6,48,0
22-11 14:05:19,19.971,9.237,69.149,0,0,4897788,199052,189168,2641452,9337.414,1701.524,23.965,3.994,1.997,0.999,2504,4003,1.470,1.550,0.990,3,0,111.837,0,0,26,274,6,50,0
22-11 14:05:20,25.608,4.268,70.047,0,0,4862392,234448,189168,2641452,5290.405,1464.201,0,112.476,0,1.004,2397,4502,1.470,1.550,0.990,2,0,31.132,0,0,26,274,6,50,0
22-11 14:05:21,26.369,5.970,65.921,0,0,4925996,168736,189168,2643560,9473.773,1685.597,1468.679,23.881,14.926,5.970,2253,3321,1.470,1.550,0.990,1,0,43.782,0,0,26,275,6,42,0
22-11 14:05:22,25.817,6.517,67.675,0,0,4885956,208696,189168,2643640,6370.519,1624.212,0,200.520,0,13.034,3223,6006,1.470,1.550,0.990,2,0,56.146,0,0,26,274,6,42,0
22-11 14:05:23,29.933,3.742,65.105,0,0,4948696,146260,189168,2643336,8612.836,1616.404,0,59.867,0,5.987,2865,4694,1.470,1.550,0.990,3,0,0,0,0,26,278,5,43,0
22-11 14:05:24,26.319,5.514,66.924,0.251,0,4903948,191080,189168,2643264,6632.264,1624.228,4.010,352.919,1.003,30.078,2524,4041,1.430,1.540,0.990,1,0,33.086,0,0,26,274,5,45,0
22-11 14:05:25,25.710,4.243,69.143,0,0.250,4861588,233416,189172,2643284,7787.975,1617.503,0,363.439,0,42.934,2786,5500,1.430,1.540,0.990,3,0,6.989,0,0,26,274,5,43,0
22-11 14:05:26,21.744,5.998,70.479,0,0,4922536,172464,189172,2643288,5933.232,1619.517,0,191.943,0,19.994,2023,3323,1.430,1.540,0.990,2,0,39.988,0,0,26,275,5,43,0
22-11 14:05:27,24.586,4.516,69.745,0.251,0,4881420,213436,189172,2643432,5588.605,1517.323,0,248.873,0,14.049,2968,5096,1.430,1.540,0.990,1,0,32.113,0,0,26,274,5,45,0
22-11 14:05:28,24.641,4.231,69.940,0,0,4920196,174656,189176,2643432,6855.623,1559.092,0,115.488,0,8.960,2268,4001,1.430,1.540,0.990,1,0,0,0,0,26,276,5,45,0
22-11 14:05:29,15.762,15.012,67.302,0,0,4866584,228240,189180,2643456,5929.560,1621.247,0,360.277,0,31.024,3591,6340,1.390,1.530,0.990,2,0,239.184,0,0,26,274,5,35,0
22-11 14:05:30,9.502,21.754,66.013,0,0,4869076,225728,189180,2643476,5267.043,1662.329,0,184.036,0,18.004,3430,5633,1.390,1.530,0.990,1,0,362.072,0,0,26,274,5,35,0
22-11 14:05:31,11.012,22.524,66.070,0.501,0,4873428,221352,189180,2643500,5351.683,1695.801,8.009,532.566,2.002,41.044,3466,5631,1.390,1.530,0.990,1,0,341.363,0,0,26,274,5,34,0
22-11 14:05:32,11.002,21.755,66.515,0,0,4873792,220972,189180,2643516,4449.975,1694.371,0,244.053,0,23.005,3611,5959,1.390,1.530,0.990,1,0,374.082,0,0,26,274,5,34,0
22-11 14:05:33,11.986,21.725,65.426,0,0,4872384,222356,189180,2643540,6502.633,1618.167,0,175.801,0,18.978,3507,5743,1.390,1.530,0.990,2,0,359.593,0,0,26,276,5,33,0
22-11 14:05:34,12.518,21.030,65.094,0.250,0,4868792,225932,189180,2643556,5090.361,1696.453,0,416.602,0,34.049,3865,6600,1.280,1.500,0.980,1,0,436.631,0,0,26,276,5,33,0
22-11 14:05:35,10.489,21.228,65.931,0.250,0,4873728,220956,189180,2643580,5191.528,1552.364,0,3684.117,0,453.522,4114,5814,1.280,1.500,0.980,1,0,371.608,0,0,26,276,5,32,0
22-11 14:05:36,10.503,21.505,67.267,0,0,4872416,222248,189180,2643600,5528.388,1566.393,0,28.007,0,7.002,3378,5422,1.280,1.500,0.980,1,0,342.086,0,0,26,276,5,32,0
22-11 14:05:37,10.743,21.986,66.958,0,0,4874564,220084,189180,2643616,8394.695,1618.977,0,119.924,0,9.994,3516,5800,1.280,1.500,0.980,1,0,361.771,0,0,26,276,5,32,0
22-11 14:05:38,10.251,22.751,65.754,0,0,4874596,220028,189180,2643640,5542.338,1694.103,0,100.006,0,8.000,3426,5378,1.280,1.500,0.980,3,0,342.021,0,0,26,276,5,32,0
22-11 14:05:39,14.743,15.743,69.218,0.250,0,4882016,212452,189184,2643792,7327.578,1619.244,111.948,275.871,13.993,14.993,3082,4771,1.260,1.500,0.980,1,0,226.894,0,0,26,276,5,30,0
22-11 14:05:40,19.511,10.256,68.038,0.500,0,4900544,264032,190172,2580112,5905.319,1620.911,396.223,152.085,66.037,6.003,13402,27162,1.260,1.500,0.980,1,0,15.008,0,0,26,276,5,30,0
22-11 14:05:41,26.247,3.250,69.743,0,0,4924880,236644,190384,2582600,11406.882,3633.644,15.998,3123.694,3.000,8.999,1820,2858,1.260,1.500,0.980,1,0,4.000,0,0,26,275,5,22,2
22-11 14:05:42,20.248,1.500,76.743,1.000,0,4936640,223792,190460,2583584,25883.593,15373.570,831.923,1435.866,59.994,47.996,2085,3244,1.260,1.500,0.980,3,0,0,0,0,26,275,5,22,2
22-11 14:05:43,15.751,1.750,80.254,0.750,0,4953120,206404,190512,2584440,20528.129,11242.618,764.042,1044.057,44.002,37.002,1902,3043,1.260,1.500,0.980,1,0,0,0,0,26,275,5,19,2
22-11 14:05:44,19.476,2.497,75.907,0.999,0,4957144,201112,190588,2585568,26603.464,16131.271,886.915,2081.454,60.925,92.886,2361,3830,1.240,1.490,0.980,1,0,0,0,0,26,275,5,19,2
22-11 14:05:45,19.758,3.001,73.530,1.751,0,4967476,154576,190736,2621396,13583.461,6370.561,12789.141,2476.996,155.062,49.020,2092,3351,1.240,1.490,0.980,1,0,0,0,0,26,275,5,18,2
22-11 14:05:46,20.753,5.001,71.511,1.250,0,4966476,143764,191684,2630500,5467.875,1694.271,0,3308.529,0,152.024,2413,3752,1.240,1.490,0.980,1,0,0,0,0,26,275,5,18,2
22-11 14:05:47,21.283,6.510,68.857,1.252,0,4967668,134716,192784,2635792,6444.046,1696.645,32.050,3373.259,2.003,143.223,2561,4004,1.240,1.490,0.980,1,0,0,0,0,26,275,5,17,2
22-11 14:05:48,23.516,3.753,71.048,0.751,0,4912708,199240,193092,2625528,5079.464,1795.224,432.295,1152.786,8.005,36.025,1979,3048,1.240,1.490,0.980,1,0,3.002,0,0,26,274,5,17,2
22-11 14:05:49,24.266,6.504,67.795,0,0,4936492,174080,193116,2626876,5182.405,1512.994,0,8.005,0,2.001,8189,16773,1.220,1.480,0.980,2,0,15.010,0,0,26,274,5,17,2
22-11 14:05:50,23.171,6.478,68.268,0,0,4935360,175056,193120,2627028,5250.129,1614.504,0,107.634,0,6.976,10059,20182,1.220,1.480,0.980,3,0,12.956,0,0,26,274,5,17,2
22-11 14:05:51,25.347,5.772,67.507,0,0,4877680,232752,193120,2627012,10752.969,1626.196,0,1072.085,0,159.608,2797,3511,1.220,1.480,0.980,2,0,51.195,0,0,26,274,5,17,2
22-11 14:05:52,24.262,6.253,68.034,0,0,4908516,201904,193120,2627024,5511.794,1620.822,0,12.006,0,3.002,9178,18363,1.220,1.480,0.980,1,0,12.006,0,0,26,274,5,17,2
22-11 14:05:53,22.664,7.472,67.991,0,0,4921848,188544,193124,2627048,6098.806,1653.711,0,1550.105,0,5.977,8816,17214,1.220,1.480,0.980,2,0,14.943,0,0,26,274,5,17,2
22-11 14:05:54,25.092,7.026,66.744,0.251,0,4896660,213644,193124,2627136,5355.569,1625.941,0,638.332,0,37.136,9487,18495,1.200,1.470,0.980,1,0,13.048,0,0,26,274,5,17,2
22-11 14:05:55,25.478,3.247,70.440,0,0,4915204,195208,193128,2627024,6262.702,1692.568,0,111.905,0,4.996,1949,3051,1.200,1.470,0.980,1,0,5.995,0,0,26,274,5,17,2
22-11 14:05:56,20.697,8.977,67.578,0.249,0,4894256,202664,193776,2638600,6350.824,1508.159,19.949,3.990,4.987,0.997,15306,29947,1.200,1.470,0.980,1,0,99.746,0,0,26,274,5,17,2
22-11 14:05:57,24.736,3.748,70.459,0,0,4917208,174536,194096,2642804,6009.502,1619.058,0,1215.293,0,12.992,1915,2943,1.200,1.470,0.980,1,0,3.998,0,0,26,274,5,17,2
22-11 14:05:58,18.811,1.254,77.501,0.502,0,4928060,163224,194164,2643116,25337.917,12397.080,0,1645.319,0,38.123,1866,2785,1.200,1.470,0.980,1,0,0,0,0,26,275,5,17,2
22-11 14:05:59,10.968,1.496,84.751,0.249,0,4927848,163000,194236,2643412,45856.183,12771.452,0,1108.740,0,38.886,1892,2868,1.180,1.460,0.980,0,0,0,0,0,26,276,5,17,2
22-11 14:06:00,6.497,1.749,90.457,0.500,0,4927900,162748,194332,2643516,116600.382,8867.770,0,795.620,0,36.982,1815,2903,1.180,1.460,0.980,0,0,0,0,0,26,276,5,17,2
22-11 14:06:01,21.256,1.500,74.521,0.500,0,4945300,145136,194408,2643580,25216.960,12982.583,0,1244.343,0,46.013,1994,3008,1.180,1.460,0.980,0,0,1.000,0,0,26,276,5,18,2
22-11 14:06:02,19.500,1.000,77.751,0.500,0,4954996,134832,194500,2644000,228502.742,16550.199,0,1556.019,0,54.001,2011,2962,1.180,1.460,0.980,0,0,0,0,0,26,276,5,17,2
22-11 14:06:03,8.763,1.502,87.383,1.252,0,4955184,134104,194724,2644208,93625.310,15020.832,24.037,1850.813,4.006,93.142,2116,3371,1.180,1.460,0.980,0,0,0,0,0,26,276,5,17,2
22-11 14:06:04,15.236,2.498,78.678,1.249,0,4954900,131080,194856,2647352,55190.721,16922.584,123.887,1810.351,9.991,97.911,2400,3722,1.090,1.440,0.980,0,0,0,0,0,26,277,5,17,2
22-11 14:06:05,9.245,2.249,86.203,0.250,0,4960652,133200,194904,2639784,4704692.124,35433.547,0,5145.175,0,43.976,3385,4011,1.090,1.440,0.980,0,0,1.999,0,0,26,276,5,17,2
22-11 14:06:06,6.504,3.002,87.297,0.750,0,4961084,136812,194960,2636280,3232963.033,16539.948,136.074,4378.369,2.001,58.031,2439,3048,1.090,1.440,0.980,0,0,3.002,0,0,26,276,5,17,2
22-11 14:06:07,20.303,3.008,74.192,1.003,0,4964064,128844,195208,2641244,198481.464,3467.989,48.125,1716.449,4.010,77.200,2011,3170,1.090,1.440,0.980,1,0,0,0,0,26,276,5,17,2
22-11 14:06:08,21.971,5.742,70.158,0.999,0,4968776,134292,198308,2626424,8089.338,1617.868,0,4669.845,0,103.863,2103,3311,1.090,1.440,0.980,1,0,0,0,0,26,276,5,16,2
22-11 14:06:09,22.747,5.499,70.742,1.000,0,4981204,139800,198608,2607956,4876.459,1457.838,0,2375.736,0,95.989,2071,3343,1.080,1.430,0.980,2,0,0,0,0,26,276,5,16,2
22-11 14:06:10,21.296,5.512,70.652,1.503,0,4961060,157084,199152,2608412,5860.583,1623.486,4.009,2749.904,1.002,111.239,2308,3642,1.080,1.430,0.980,1,0,0,0,0,26,276,5,16,2
22-11 14:06:11,22.929,5.483,69.535,0.748,0,4963336,131272,200664,2628968,8126.856,1615.003,0,34074.573,0,385.806,2566,3209,1.080,1.430,0.980,2,0,0.997,0,0,26,276,5,16,2
22-11 14:06:12,21.320,2.508,74.744,0.752,0,4971428,156680,201180,2594264,13785.063,4310.090,20.066,3266.679,3.010,243.797,2543,3594,1.080,1.430,0.980,2,0,0,0,0,26,274,5,16,2
22-11 14:06:13,23.672,3.738,70.518,0,0,4910724,216256,201180,2595232,6118.899,1688.453,0,470.455,0,5.980,1780,2772,1.080,1.430,0.980,1,0,5.980,0,0,26,274,5,16,2
22-11 14:06:14,27.247,8.749,62.244,0,0,4898240,228236,201180,2595736,6847.322,1619.840,0,2243.778,0,29.997,9490,25590,1.160,1.440,0.980,1,0,45.995,0,0,26,274,5,16,2
22-11 14:06:15,25.085,5.770,67.479,0.251,0,4922948,203412,201180,2595824,6154.914,1699.776,0,1015.451,0,20.068,9705,19466,1.160,1.440,0.980,1,0,13.044,0,0,26,274,5,16,2
22-11 14:06:16,22.479,6.244,70.185,0.250,0,4901100,224836,201204,2596148,9119.601,1618.509,167.845,23933.957,3.996,59.945,1964,2866,1.160,1.440,0.980,6,0,5.994,0,0,26,274,5,16,2
22-11 14:06:17,24.910,3.986,67.507,0.249,0,4918128,204256,201660,2598792,5709.463,1506.581,637.706,2574.739,15.943,55.799,3721,6923,1.160,1.440,0.980,1,0,0,0,0,26,275,5,16,2
22-11 14:06:18,29.030,5.255,65.068,0.501,0,4925592,196192,201660,2599392,6820.120,1567.637,240.251,2478.588,15.016,185.193,5238,10850,1.160,1.440,0.980,2,0,0,0,0,26,279,5,21,2
22-11 14:06:19,27.053,6.012,63.625,2.004,0,4945072,175024,201676,2601060,9461.611,1697.339,1514.980,2316.557,106.209,277.546,6163,11234,1.140,1.430,0.980,1,0,1.002,0,0,26,282,5,26,2
22-11 14:06:20,17.521,14.267,67.332,0.250,0,4896180,223516,201676,2601452,4937.985,1696.056,128.155,1417.718,1.001,110.133,4078,6907,1.140,1.430,0.980,3,0,218.265,0,0,26,281,5,23,2
22-11 14:06:21,13.243,19.240,66.965,0.999,0,4902776,216096,201680,2602408,9313.157,1693.120,891.536,37636.429,10.994,134.930,3380,5140,1.140,1.430,0.980,3,0,222.884,0,0,26,281,5,25,2
22-11 14:06:22,14.983,7.242,61.931,12.986,0,4891844,181636,201680,2647788,5915.404,1618.196,44330.571,5809.522,3305.315,508.433,7358,10552,1.140,1.430,0.980,1,0,11.987,0,0,26,281,5,25,2
22-11 14:06:23,8.744,3.997,85.944,0.250,0,4892064,180212,201692,2648928,12363.976,4182.286,1139.261,1003.349,43.971,10.993,2101,3415,1.140,1.430,0.980,2,0,5.996,0,0,26,282,5,25,2
22-11 14:06:24,7.492,1.748,87.905,0.250,0,4894972,178176,201692,2648056,43347.185,5357.214,0,591.361,0,42.954,1986,3243,1.130,1.430,0.990,0,0,0,0,0,26,282,5,21,2
22-11 14:06:25,6.249,2.750,88.487,1.000,0.250,4879392,191028,201824,2650684,17196.403,122741.466,2931.557,879.867,51.992,18.997,2084,3320,1.130,1.430,0.990,0,0,26.996,0,0,26,281,5,21,2
22-11 14:06:26,2.749,1.250,93.978,0,0,4879836,190444,201824,2650784,7802.174,1565.634,0,8825.935,0,28.993,1464,2485,1.130,1.430,0.990,0,0,0,0,0,26,281,5,20,2
22-11 14:06:27,3.251,1.000,94.034,0,0,4880056,190220,201824,2650788,6214.262,1768.644,0,452.165,0,14.005,1436,2508,1.130,1.430,0.990,0,0,0,0,0,26,281,5,20,2
22-11 14:06:28,2.502,0.500,94.835,0,0,4880056,190220,201824,2650788,6572.909,1621.458,0,48.043,0,6.005,1372,2414,1.130,1.430,0.990,0,0,0,0,0,26,281,5,17,2
22-11 14:06:29,4.502,1.501,91.047,0.250,0,4880056,190220,201824,2650788,6427.336,1620.841,0,500.260,0,71.037,1999,3483,1.040,1.400,0.980,4,0,0,0,0,26,281,5,17,2
22-11 14:06:30,3.745,0.749,93.382,0.499,0,4880028,190220,201824,2650816,5918.549,1617.963,7.990,794.999,1.997,70.911,1837,3293,1.040,1.400,0.980,0,0,0,0,0,26,281,5,17,2
22-11 14:06:31,3.005,1.002,94.910,0,0,4880028,190220,201824,2650816,7622.890,1622.744,0,72.122,0,5.008,1394,2444,1.040,1.400,0.980,1,0,1.002,0,0,26,281,5,18,2
22-11 14:06:32,3.494,1.248,93.847,0,0,4880672,189548,201824,2650816,7526.739,1509.541,0,7407.932,0,22.963,1545,2497,1.040,1.400,0.980,1,0,0,0,0,26,281,5,17,2
22-11 14:06:33,3.750,1.500,92.990,0.250,0,4880672,189548,201824,2650816,5945.388,1619.833,0,243.975,0,22.998,1810,3175,1.040,1.400,0.980,0,0,0,0,0,26,281,5,17,2
22-11 14:06:34,3.500,2.000,92.010,0,0,4881420,188800,201824,2650816,6591.751,1566.179,0,144.016,0,17.002,1775,2998,0.960,1.380,0.970,0,0,6.001,0,0,26,281,5,17,2
22-11 14:06:35,2.747,0.999,94.412,0,0,4881408,188800,201824,2650828,8320.287,1692.431,0,47.956,0,5.994,1440,2509,0.960,1.380,0.970,0,0,0,0,0,26,281,5,17,2
22-11 14:06:36,6.000,2.250,91.503,0,0,4886152,184056,201824,2650828,5480.181,1694.056,0,216.007,0,12.000,1493,2563,0.960,1.380,0.970,1,0,1.000,0,0,26,281,5,17,2
22-11 14:06:37,2.760,0.502,94.351,0.251,0,4885892,184316,201824,2650828,6632.707,1626.057,0,1055.933,0,204.763,1737,2561,0.960,1.380,0.970,0,0,0,0,0,26,281,5,17,2
22-11 14:06:38,2.492,0.997,94.456,0.249,0,4885892,184316,201824,2650828,6062.159,1614.981,0,35.888,0,3.988,1392,2455,0.960,1.380,0.970,0,0,0,0,0,26,281,5,17,2
22-11 14:06:39,3.758,0.251,94.943,0,0,4885892,184316,201824,2650828,6364.914,1515.074,0,76.155,0,7.014,1397,2486,0.880,1.360,0.970,2,0,0,0,0,26,281,5,17,2
22-11 14:06:40,3.244,1.248,93.336,0.250,0,4885892,184316,201824,2650828,4742.672,1617.160,0,395.306,0,35.937,1709,3047,0.880,1.360,0.970,0,0,0,0,0,26,281,5,17,2
22-11 14:06:41,2.754,0.751,94.622,0,0,4885888,184316,201824,2650832,5687.348,1622.096,4.005,72.093,1.001,9.012,1408,2496,0.880,1.360,0.970,0,0,1.001,0,0,26,281,5,17,2
22-11 14:06:42,3.492,5.488,89.305,0,0,4891956,178096,201828,2650844,6406.988,1562.583,0,135371.942,0,521.859,2706,3417,0.880,1.360,0.970,0,0,0,0,0,26,281,5,17,2
22-11 14:06:43,3.000,1.000,95.258,0,0,4891952,178096,201828,2650844,6161.530,1694.146,0,0,0,0,1390,2493,0.880,1.360,0.970,1,0,0,0,0,26,281,5,17,1
22-11 14:06:44,3.001,1.000,93.034,0.500,0,4891992,178096,201828,2650848,6996.561,1620.593,0,2496.914,0,39.014,1740,3057,0.810,1.330,0.960,1,0,0,0,0,26,281,5,17,1
22-11 14:06:45,2.751,0.500,94.291,0,0,4891992,178096,201828,2650848,5083.232,1620.711,0,52.023,0,5.002,1368,2501,0.810,1.330,0.960,0,0,0,0,0,26,281,5,17,1
22-11 14:06:46,3.250,0.750,95.254,0,0,4891992,178096,201828,2650848,7851.345,1512.067,0,4.000,0,1.000,1332,2367,0.810,1.330,0.960,0,0,0,0,0,26,281,5,17,1
22-11 14:06:47,3.251,2.000,92.265,0.250,0,4891988,178096,201832,2650848,5946.946,1620.258,0,4844.770,0,45.007,1961,3295,0.810,1.330,0.960,0,0,0,0,0,26,281,5,17,1
22-11 14:06:48,2.500,0.500,94.253,0.250,0,4891988,178096,201832,2650848,6470.201,1620.050,0,488.015,0,94.003,1419,2431,0.810,1.330,0.960,0,0,0,0,0,26,281,5,17,1
22-11 14:06:49,4.998,1.250,93.722,0,0,4891952,178096,201832,2650884,7462.746,1619.511,0,3.999,0,1.000,1483,2529,0.830,1.330,0.960,0,0,0,0,0,26,281,5,18,1
22-11 14:06:50,4.003,0.751,93.817,0,0,4891936,178096,201832,2650900,9291.644,1567.120,0,416.298,0,31.022,1643,2896,0.830,1.330,0.960,0,0,0,0,0,26,281,5,18,1
22-11 14:06:51,1.998,1.249,94.670,0,0.250,4892184,177848,201832,2650900,11184.538,1618.631,0,91.922,0,6.994,1410,2511,0.830,1.330,0.960,1,0,0.999,0,0,26,281,5,17,1
22-11 14:06:52,3.997,1.249,91.930,0,0,4890928,179104,201832,2650900,7018.673,1692.715,0,19.985,0,4.996,1460,2473,0.830,1.330,0.960,0,0,0,0,0,26,281,5,17,1
22-11 14:06:53,2.250,0.750,94.750,0,0,4890928,179104,201832,2650900,8155.008,1512.002,0,0,0,0,1445,2469,0.830,1.330,0.960,0,0,0,0,0,26,281,4,17,1
22-11 14:06:54,4.245,1.498,92.889,0.250,0,4890920,179104,201832,2650908,6249.544,1618.070,0,411.509,0,34.958,1715,2968,0.760,1.300,0.960,0,0,0,0,0,26,281,4,17,1
22-11 14:06:55,2.504,0.751,94.403,0,0,4890920,179104,201832,2650908,5956.650,1460.366,0,32.052,0,4.006,1488,2565,0.760,1.300,0.960,0,0,0,0,0,26,281,4,17,1
22-11 14:06:56,5.001,1.000,92.013,0,0,4904140,165496,201976,2651152,108588.637,1230.177,504.073,8.001,11.002,1.000,1380,2440,0.760,1.300,0.960,0,1,3.000,0,0,26,281,4,17,1
22-11 14:06:57,11.498,4.499,82.484,0,0,4894560,174724,201996,2651484,346869.748,9888.111,207.960,131.975,9.998,6.999,2232,3213,0.760,1.300,0.960,3,0,34.993,0,0,26,281,4,17,1
22-11 14:06:58,14.514,9.259,73.822,0.500,0,4891836,170752,202088,2658088,119155.415,3515.435,548.536,1165.138,75.073,217.212,2550,3332,0.760,1.300,0.960,2,0,46.045,0,0,26,281,4,17,1
