"pcp-dstat 5.3.6 CSV Output"
"Author:","PCP team <pcp@groups.io> and Dag Wieers <dag@wieers.com>",,,,"URL:","https://pcp.io/ and http://dag.wieers.com/home-made/dstat/"
"Host:","ubuntu",,,,"User:","ubuntu"
"Cmdline:","dstat -tcmndrylpg --tcp --output /tmp/devstack_logs/dstat-csv.log",,,,"Date:","22 May 2025 13:43:24 UTC"
"system","total usage",,,,,"memory usage",,,,"net/total",,"dsk/total",,"io/total",,"system",,"load avg",,,"procs",,,"paging",,"tcp sockets",,,,
"time","total usage:usr","total usage:sys","total usage:idl","total usage:wai","total usage:stl","used","free","buf","cach","net/total:recv","net/total:send","dsk/total:read","dsk/total:writ","read","writ","int","csw","1m","5m","15m","run","blk","new","in","out","lis","act","syn","tim","clo"
22-05 13:43:24,,1027272,865356,183696,5700076,,,,,,,1.160,0.880,0.560,2,0,,,,9,6,6,12,0
22-05 13:43:25,46.250,20.000,33.000,0.250,0,1046888,845028,183712,5700620,26053.052,13423.027,0,2552.005,0,98.000,3537,5633,1.160,0.880,0.560,4,0,510.001,0,0,9,6,6,12,0
22-05 13:43:26,37.249,20.249,41.499,0.750,0,1069140,820008,183760,5703212,1297856.554,31104.222,0,3775.906,0,94.998,5025,7615,1.160,0.880,0.560,3,0,338.992,0,0,9,6,6,12,0
22-05 13:43:27,50.891,17.213,30.684,0.249,0,1179728,694324,183840,5842348,432498.022,17992.478,0,2247.189,0,63.863,5374,8190,1.160,0.880,0.560,2,0,219.530,0,0,10,5,6,12,1
22-05 13:43:28,39.828,10.020,48.845,1.002,0,1159900,696636,184224,5857116,17362.892,4024.857,0,2601.077,0,98.192,2144,2780,1.160,0.880,0.560,3,0,97.190,0,0,10,6,6,12,2
22-05 13:43:29,35.927,13.722,47.902,1.497,0,1166856,656624,185440,5885792,8320.002,1528.877,79.837,4554.695,0.998,190.611,3016,4365,1.220,0.900,0.570,2,0,192.607,0,0,10,6,6,14,2
22-05 13:43:30,41.505,4.751,53.006,0.750,0.250,1240952,572528,186492,5892204,13040.513,4358.506,0,4540.527,0,87.010,1614,1973,1.220,0.900,0.570,2,0,3.000,0,0,10,4,6,13,0
22-05 13:43:31,40.521,6.253,46.524,6.253,0,1215276,592956,186504,5897488,11416.811,1662.846,0,21570.980,0,1667.849,9438,15463,1.220,0.900,0.570,1,1,40.020,0,0,10,6,6,13,0
22-05 13:43:32,32.546,8.262,50.571,6.509,0,1106896,690128,186876,5907288,17796.057,3890.478,0,46845.959,0,3697.206,14604,26747,1.220,0.900,0.570,2,0,74.104,0,0,10,4,6,13,0
22-05 13:43:33,38.927,7.736,53.151,0,0,1206544,589220,186944,5908136,10284.839,3469.536,0,3625.246,0,269.498,1906,2093,1.220,0.900,0.570,1,0,56.894,0,0,10,5,6,13,0
22-05 13:43:34,45.316,6.760,46.818,0.501,0,1149656,637976,187536,5914304,17858.931,2851.140,0,2163.141,0,99.144,9755,18769,1.370,0.940,0.580,2,0,21.031,0,0,10,4,6,13,0
22-05 13:43:35,46.268,6.753,46.268,0.500,0,1219924,567328,187584,5914556,11905.738,1620.645,0,9023.591,0,421.168,10816,20414,1.370,0.940,0.580,2,0,18.007,0,0,10,4,6,13,0
22-05 13:43:36,37.252,14.001,48.503,0.250,0,1105072,696204,187632,5902004,6985.412,1458.086,0,2528.149,0,127.007,2292,3260,1.370,0.940,0.580,2,0,221.013,0,0,10,4,6,13,0
22-05 13:43:37,31.493,22.995,44.740,0.250,0,1079472,721800,187632,5902092,5313.863,1619.653,0,31445.271,0,451.903,3992,5597,1.370,0.940,0.580,2,0,520.889,0,0,10,4,6,13,0
22-05 13:43:38,28.284,17.771,52.563,0,0,1140948,660132,187632,5902564,5379.401,1621.930,0,8.010,0,2.002,3784,10253,1.370,0.940,0.580,2,0,242.288,0,0,10,5,6,13,0
22-05 13:43:39,45.957,3.996,49.204,0,0,1246140,554544,187648,5902936,5522.836,1456.638,0,163.847,0,27.974,1252,1323,1.420,0.960,0.590,2,0,3.996,0,0,10,5,6,13,0
22-05 13:43:40,39.407,7.981,52.127,0,0,1277344,520564,187724,5905652,5378.307,1616.186,0,622.531,0,72.828,1811,5437,1.420,0.960,0.590,1,0,68.838,0,0,10,4,6,14,0
22-05 13:43:41,2.251,4.001,93.271,0,0,1278684,519096,187724,5905744,5467.230,1620.365,0,0,0,0,924,1417,1.420,0.960,0.590,0,0,50.011,0,0,10,4,6,14,0
22-05 13:43:42,20.243,7.248,71.727,0,0,1326336,471496,187724,5905744,4624.506,1573.492,0,20989.220,0,67.978,2072,4325,1.420,0.960,0.590,1,0,57.981,0,0,10,4,6,15,0
22-05 13:43:43,24.005,2.000,73.516,0.250,0,1365700,431960,187724,5905916,8895.957,1694.373,0,980.216,0,27.006,873,1207,1.420,0.960,0.590,1,0,0,0,0,10,4,6,14,0
22-05 13:43:44,19.976,6.242,71.663,1.248,0,1278104,519476,187732,5905988,5186.703,1659.985,0,1334.380,0,200.756,2750,4994,1.460,0.970,0.600,1,0,42.948,0,0,10,4,6,16,0
22-05 13:43:45,22.773,2.753,74.076,0.250,0,1337052,460284,187740,5906200,5119.227,1459.490,16.016,0,4.004,0,1009,1367,1.460,0.970,0.600,1,0,3.003,0,0,10,11,6,16,0
22-05 13:43:46,20.009,6.503,71.531,0.750,0,1317456,479580,187744,5906464,11239.856,1620.700,232.100,4389.896,58.025,167.072,2346,3801,1.460,0.970,0.600,1,0,47.020,0,0,10,28,6,16,0
22-05 13:43:47,22.783,3.756,73.107,0,0,1362828,434312,187744,5906464,6561.619,1622.378,0,9521.959,0,27.040,1334,2100,1.460,0.970,0.600,1,0,0,0,0,10,28,6,16,0
22-05 13:43:48,33.518,11.756,54.779,0,0,1393112,403868,187744,5906484,9077.793,1620.856,0,20.011,0,5.003,1959,2441,1.460,0.970,0.600,2,0,160.085,0,0,10,28,6,16,0
22-05 13:43:49,43.497,8.499,48.247,0,0,1305880,490880,187744,5906680,5935.626,1619.898,0,643.959,0,18.999,4234,9668,1.670,1.020,0.620,3,0,57.996,0,0,10,28,6,18,0
22-05 13:43:50,72.749,22.250,5.000,0,0,1542380,254340,187744,5906720,4322.948,1531.982,0,47.999,0,12.000,2542,4677,1.670,1.020,0.620,6,0,498.994,0,0,10,29,6,18,0
22-05 13:43:51,82.753,11.250,5.000,0,0,1542344,254060,187744,5907028,5490.203,1694.063,0,260.010,0,26.001,4812,11699,1.670,1.020,0.620,7,0,92.003,0,0,10,29,6,18,0
22-05 13:43:52,47.471,10.743,40.475,0.250,0.250,1318144,478164,187744,5907120,5517.629,1619.011,0,26399.870,0,93.943,3594,6895,1.670,1.020,0.620,4,0,195.880,0,0,10,28,6,18,0
22-05 13:43:53,20.512,5.753,73.292,0,0,1381788,414480,187744,5907140,5842.383,1458.845,0,13231.661,0,131.076,1492,1921,1.670,1.020,0.620,2,0,58.034,0,0,10,29,6,18,0
22-05 13:43:54,19.203,7.731,72.573,0.249,0,1339988,456264,187744,5907156,5649.199,1616.052,0,399.025,0,49.878,2461,4192,1.610,1.020,0.620,2,0,69.829,0,0,10,28,6,20,0
22-05 13:43:55,24.767,2.752,72.299,0,0,1381564,414684,187744,5907160,5112.471,1621.101,0,144.098,0,9.006,1713,2803,1.610,1.020,0.620,3,0,0,0,0,10,29,6,20,0
22-05 13:43:56,13.490,16.238,68.199,0.500,0,1321132,474968,187748,5907304,5338.023,1618.794,0,1586.818,0,113.915,2978,4363,1.610,1.020,0.620,2,0,279.792,0,0,10,28,6,20,0
22-05 13:43:57,15.541,24.816,59.909,0,0,1346396,449656,187748,5907348,7342.538,1624.322,0,2302.126,0,21.056,3015,4507,1.610,1.020,0.620,4,0,557.483,0,0,10,28,6,20,0
22-05 13:43:58,82.261,15.502,2.250,0,0,1587548,208460,187748,5907388,5667.754,1532.204,0,2684.357,0,19.003,2067,3167,1.610,1.020,0.620,5,0,212.028,0,0,10,29,6,20,0
22-05 13:43:59,79.775,9.003,9.753,0,0,1527132,268500,187748,5907764,6346.968,1620.502,0,404.125,0,51.016,4759,16020,1.890,1.090,0.640,6,0,49.015,0,0,10,29,5,20,0
22-05 13:44:00,81.188,16.737,1.998,0,0,1548840,246740,187748,5907816,4886.296,1618.773,0,283.785,0,24.981,2347,4188,1.890,1.090,0.640,8,0,256.805,0,0,10,28,5,20,0
22-05 13:44:01,84.194,12.242,3.748,0,0.250,1611948,183400,187748,5908048,13345.139,1618.925,0,187.875,0,10.993,5213,14617,1.890,1.090,0.640,5,0,66.956,0,0,10,29,5,19,0
22-05 13:44:02,55.210,11.741,31.477,0.500,0,1330084,464880,187748,5908432,5502.972,1618.815,0,759.444,0,39.971,4431,9086,1.890,1.090,0.640,3,0,189.861,0,0,10,28,5,19,0
22-05 13:44:03,41.280,10.758,47.284,0,0,1444820,350080,187752,5908468,5612.046,1621.169,0,64490.498,0,159.115,2210,3504,1.890,1.090,0.640,3,0,62.045,0,0,10,29,5,19,0
22-05 13:44:04,33.279,18.766,46.791,0,0,1349340,445396,187756,5908628,6326.491,1553.348,0,244.212,0,26.023,4129,7462,1.890,1.100,0.650,4,0,378.328,0,0,10,28,5,20,0
22-05 13:44:05,66.992,6.499,25.747,0,0,1513072,281624,187756,5908664,7297.088,1619.798,0,187.977,0,8.999,2906,4356,1.890,1.100,0.650,3,0,5.999,0,0,10,30,5,21,0
22-05 13:44:06,63.755,16.251,19.001,0,0,1453956,340552,187756,5908852,7157.522,1620.118,0,1116.081,0,87.006,4835,10204,1.890,1.100,0.650,5,0,266.019,0,0,10,28,5,25,0
22-05 13:44:07,73.750,9.500,16.250,0,0,1581520,212788,187756,5909052,5040.975,1693.992,0,0,0,0,4471,8894,1.890,1.100,0.650,3,0,0,0,0,10,32,5,27,0
22-05 13:44:08,62.603,17.958,19.454,0,0,1447932,346184,187756,5909236,4577.271,1528.417,0,1336.866,0,66.843,3724,7566,1.890,1.100,0.650,4,0,329.228,0,0,10,28,5,28,0
22-05 13:44:09,64.151,9.773,25.811,0.501,0,1457368,336712,187756,5909272,5674.323,1623.813,0,324.763,0,40.094,4466,10009,1.980,1.140,0.660,5,0,110.259,0,0,10,28,5,33,0
22-05 13:44:10,64.496,14.249,21.249,0,0,1513120,280768,187756,5909464,5269.657,1531.900,0,235.985,0,11.999,1957,2806,1.980,1.140,0.660,4,0,195.987,0,0,10,29,5,33,0
22-05 13:44:11,58.254,12.501,28.002,0,0,1387108,406728,187756,5909516,6413.475,1620.120,0,248.018,0,25.002,5099,11280,1.980,1.140,0.660,4,0,289.021,0,0,10,28,5,37,0
22-05 13:44:12,65.877,7.677,27.738,0,0,1517180,275968,187756,5910216,5440.527,1646.423,0,320.963,0,27.738,2673,6219,1.980,1.140,0.660,5,0,3.963,0,0,10,30,5,38,0
22-05 13:44:13,63.344,11.356,24.227,0.252,0,1477524,315452,187756,5910388,4349.779,1471.798,0,6840.126,0,375.521,3798,5142,1.980,1.140,0.660,4,0,119.117,0,0,10,28,5,38,0
22-05 13:44:14,55.001,11.500,32.251,0,0,1323000,469916,187764,5910440,7667.207,1694.046,0,1208.033,0,52.001,5809,11025,2.070,1.170,0.680,3,0,173.005,0,0,10,28,5,41,0
22-05 13:44:15,79.748,17.500,3.500,0,0,1574228,218720,187764,5910508,5879.841,1619.956,0,3079.917,0,198.995,3096,5152,2.070,1.170,0.680,7,0,331.991,0,0,10,29,5,41,0
22-05 13:44:16,84.010,14.252,1.500,0,0,1586196,206404,187768,5910852,5938.695,1458.171,0,476.056,0,41.005,5223,10037,2.070,1.170,0.680,6,0,277.032,0,0,10,28,5,38,0
22-05 13:44:17,83.492,13.499,2.750,0,0,1547232,245152,187768,5911068,6667.367,1845.825,0,699.934,0,42.996,3846,7415,2.070,1.170,0.680,7,0,230.978,0,0,10,29,6,38,0
22-05 13:44:18,78.752,16.750,4.500,0,0,1496108,296228,187768,5911112,5624.118,1694.036,0,796.017,0,11.000,3589,9223,2.070,1.170,0.680,5,0,352.007,0,0,10,29,6,38,0
22-05 13:44:19,55.001,22.750,20.500,0,0,1323532,468676,187768,5911240,6110.128,1620.034,0,12.000,0,3.000,5177,13488,2.460,1.260,0.710,2,0,598.013,0,0,10,28,6,39,0
22-05 13:44:20,10.491,21.232,66.694,0,0,1324376,467632,187768,5911408,5684.259,1692.588,0,3.997,0,0.999,2606,3600,2.460,1.260,0.710,1,0,370.691,0,0,10,28,6,39,0
22-05 13:44:21,8.987,21.718,68.648,0,0,1324548,467440,187768,5911428,4631.141,1455.844,0,3.994,0,0.999,2351,3079,2.460,1.260,0.710,1,0,291.568,0,0,10,28,6,39,0
22-05 13:44:22,53.624,30.320,16.037,0,0,1476100,315880,187768,5911436,5681.163,1707.957,0,404.938,0,32.074,3067,6684,2.460,1.260,0.710,6,0,924.141,0,0,10,28,6,36,0
22-05 13:44:23,78.291,17.509,3.752,0,0,1553836,237948,187768,5911632,6328.310,1694.886,0,984.515,0,64.033,4790,11353,2.460,1.260,0.710,9,0,352.184,0,0,10,28,6,36,0
22-05 13:44:24,81.958,15.742,1.749,0,0,1587112,204600,187772,5911700,6732.566,1605.181,0,4989.455,0,151.923,3447,6549,2.740,1.340,0.740,6,0,220.887,0,0,10,29,6,36,0
22-05 13:44:25,79.992,15.748,4.250,0,0,1586880,204416,187772,5912084,10024.038,1619.844,0,251.976,0,14.999,6113,12825,2.740,1.340,0.740,7,0,156.985,0,0,10,30,6,36,0
22-05 13:44:26,85.755,10.501,3.000,0,0,1612224,182468,187776,5908680,6887.393,1620.092,16.001,400.023,2.000,21.001,6075,16243,2.740,1.340,0.740,7,0,37.002,0,0,10,30,6,36,0
22-05 13:44:27,79.502,15.250,6.000,0,0,1577916,216516,187776,5908920,5280.164,1620.050,0,1064.033,0,48.001,11353,23084,2.740,1.340,0.740,6,0,72.002,0,0,10,29,6,36,0
22-05 13:44:28,83.423,12.239,3.996,0,0,1608700,185144,187780,5909480,137610.435,9034.625,0,1790.340,0,51.952,4222,8054,2.740,1.340,0.740,5,0,102.905,0,0,10,32,6,36,0
22-05 13:44:29,78.896,11.020,9.017,0,0,1607420,188612,187856,5907184,138481.637,8652.973,0,1210.234,0,52.096,7460,19976,2.850,1.390,0.760,9,0,14.026,0,0,10,32,6,36,0
22-05 13:44:30,78.608,15.971,4.492,0,0,1591468,203980,187952,5907600,39803.875,8554.499,0,1437.395,0,64.882,5510,15322,2.850,1.390,0.760,6,0,224.593,0,0,10,32,6,34,0
22-05 13:44:31,81.302,13.008,5.253,0,0,1621672,172708,188076,5908472,69136.386,7915.081,4.003,1212.779,1.001,59.038,4492,9381,2.850,1.390,0.760,7,0,96.062,0,0,10,32,6,34,0
22-05 13:44:32,80.517,13.003,5.501,0.250,0,1525808,268356,188112,5908636,13175.806,3294.702,0,652.139,0,43.009,4184,9262,2.850,1.390,0.760,7,0,133.028,0,0,10,32,6,34,0
22-05 13:44:33,85.498,9.000,5.000,0,0,1617812,176000,188144,5908912,22854.337,7561.781,0,2023.941,0,54.998,5058,12251,2.850,1.390,0.760,5,0,39.999,0,0,10,31,6,34,0
22-05 13:44:34,79.257,12.751,6.751,0,0,1542976,250492,188184,5909184,27923.541,6753.615,0,1192.108,0,62.006,4732,13973,3.020,1.450,0.780,5,0,147.013,0,0,10,32,6,34,0
22-05 13:44:35,79.490,15.748,4.000,0,0,1573036,220184,188268,5909272,24346.078,6651.202,0,1307.843,0,77.991,4386,10062,3.020,1.450,0.780,5,0,142.983,0,0,10,32,6,34,0
22-05 13:44:36,81.581,11.511,6.256,0,0,1589632,202888,188364,5909792,27492.217,8367.284,0,1401.387,0,74.073,5260,11225,3.020,1.450,0.780,5,0,73.072,0,0,10,30,6,34,0
22-05 13:44:37,83.176,11.740,4.496,0,0,1597728,194352,188432,5910088,12228.141,3330.043,0,551.510,0,22.980,4551,9272,3.020,1.450,0.780,6,0,83.925,0,0,10,32,6,35,0
22-05 13:44:38,79.487,12.998,7.499,0.250,0,1627388,168712,187804,5906680,25439.853,7593.762,0,1355.779,0,78.987,6294,15019,3.020,1.450,0.780,7,0,72.988,0,0,10,32,6,35,0
22-05 13:44:39,80.003,13.751,5.250,0,0,1539076,256424,187876,5907136,51623.910,3931.145,0,1052.039,0,46.002,4428,9055,3.340,1.540,0.810,6,0,193.007,0,0,10,30,6,35,0
22-05 13:44:40,80.551,11.257,5.754,0,0,1644656,150104,187952,5907656,31779.084,3587.267,4.003,1156.731,1.001,55.035,6147,12986,3.340,1.540,0.810,5,0,67.042,0,0,10,32,6,35,0
22-05 13:44:41,79.697,12.991,6.496,0,0,1523276,270932,188096,5908056,114880.834,11561.335,0,1570.958,0,70.953,4529,8774,3.340,1.540,0.810,4,0,210.860,0,0,10,30,6,36,0
22-05 13:44:42,80.004,12.751,5.750,0,0,1567324,203380,188148,5930796,8129680.836,50289.263,4.000,828.037,1.000,46.002,6774,14856,3.340,1.540,0.810,7,0,74.003,0,0,10,32,6,36,0
22-05 13:44:43,68.715,16.991,13.743,0.750,0,1489544,245568,188360,5964940,21070999.719,106826.412,0,31475.916,0,173.911,8362,8813,3.340,1.540,0.810,3,0,232.881,0,0,10,30,6,37,0
22-05 13:44:44,66.535,10.756,21.261,0.500,0,1519012,192896,188564,5987152,11435115.695,47900.956,72.038,13535.052,3.002,129.067,8010,10675,3.550,1.610,0.840,4,0,48.025,0,0,10,31,6,35,0
22-05 13:44:45,85.252,11.000,3.000,0,0,1567424,143820,188660,5987664,6109.147,1458.035,0,6260.150,0,198.005,2525,3326,3.550,1.610,0.840,4,0,76.002,0,0,10,30,6,35,0
22-05 13:44:46,78.745,13.249,7.999,0.250,0,1459384,259388,188268,5980808,6256.568,1619.888,215.985,6499.552,5.000,408.972,4773,9116,3.550,1.610,0.840,4,0,185.987,0,0,10,32,6,35,0
22-05 13:44:47,80.068,11.225,7.732,0,0,1577796,140544,188316,5981188,6218.877,1616.329,127.710,925.897,7.982,35.918,2771,6820,3.550,1.610,0.840,6,0,2.993,0,0,10,37,6,35,0
22-05 13:44:48,76.941,16.040,6.266,0.501,0,1494780,126528,189560,6071268,5522.713,1535.813,0,5625.969,0,221.550,3871,8158,3.550,1.610,0.840,4,0,136.339,0,0,10,34,6,36,0
22-05 13:44:49,68.247,20.249,9.500,0.500,0,1551444,136996,199932,5984088,5724.748,1767.922,915.960,166624.669,28.999,665.971,5317,9489,3.750,1.690,0.870,4,0,1.000,0,0,10,37,6,38,0
22-05 13:44:50,71.997,20.999,6.500,0.750,0,1465968,205032,201672,5996812,5192.787,1619.934,1715.930,15027.384,43.998,91.996,3801,7683,3.750,1.690,0.870,5,0,284.988,0,0,10,34,6,38,0
22-05 13:44:51,80.490,13.248,5.749,0,0,1592252,121220,201660,5954772,5310.336,1531.809,115.986,531.934,8.999,33.996,3551,42083,3.750,1.690,0.870,5,0,5.999,0,0,10,35,6,38,0
22-05 13:44:52,81.019,15.254,2.501,0,0,1573084,149060,201692,5946280,5209.240,1620.386,448.107,380.090,19.005,24.006,2740,7501,3.750,1.690,0.870,6,0,239.057,0,0,10,34,6,38,0
22-05 13:44:53,78.245,10.749,10.749,0.250,0,1558868,212064,202116,5896908,10988.242,3884.732,187.987,1147.921,34.998,45.997,4314,8557,3.750,1.690,0.870,5,0,99.993,0,0,10,35,6,38,0
22-05 13:44:54,80.259,13.752,5.501,0,0,1582808,186312,202212,5898468,5446.621,1620.185,552.063,504.057,11.001,16.002,4449,8833,3.770,1.730,0.890,5,0,87.010,0,0,10,35,6,36,0
22-05 13:44:55,61.081,12.216,25.679,0.249,0,1534376,232312,202284,5900828,12244.059,4442.685,199.447,861.612,5.983,50.859,4738,8865,3.770,1.730,0.890,4,0,159.558,0,0,10,35,6,38,0
22-05 13:44:56,62.420,12.284,23.815,0,0,1584320,176200,202784,5905384,6083.608,1873.114,0,1399.822,0,36.099,8328,16818,3.770,1.730,0.890,4,0,15.041,0,0,10,35,6,39,0
22-05 13:44:57,64.969,12.494,22.489,0,0,1561148,198660,202880,5905936,5941.178,1693.196,0,815.613,0,15.992,10179,20573,3.770,1.730,0.890,3,0,89.957,0,0,10,35,6,39,0
22-05 13:44:58,57.273,17.507,25.010,0.250,0,1401716,414076,202884,5852348,5506.252,1806.739,0,1200.491,0,59.024,3742,8423,3.770,1.730,0.890,3,0,252.103,0,0,10,32,6,40,0
22-05 13:44:59,61.248,16.749,21.249,0.250,0,1478968,336832,202884,5852512,7207.748,1619.943,39.999,1431.950,7.000,14.999,3199,2855,3.790,1.760,0.900,3,0,245.991,0,0,10,32,6,40,0
22-05 13:45:00,69.096,16.713,12.971,0,0,1404800,397484,202884,5865996,5049.779,1732.151,1356.985,1923.725,17.960,33.925,7288,16359,3.790,1.760,0.900,4,0,263.415,0,0,10,32,6,40,0
22-05 13:45:01,51.353,22.796,24.800,0.501,0,1451196,347236,202892,5869848,4927.846,1460.919,3402.799,721.441,77.154,16.032,3946,7672,3.790,1.760,0.900,3,0,497.995,0,0,10,34,6,40,0
22-05 13:45:02,37.490,16.995,45.737,0,0,1370168,428060,202892,5870052,7637.877,1661.538,0,383.893,0,25.993,3427,6542,3.790,1.760,0.900,2,0,299.917,0,0,10,32,6,40,0
22-05 13:45:03,23.199,11.225,64.109,0.249,0,1323472,474584,202892,5870224,4847.341,1616.445,0,307.324,0,21.952,2590,4548,3.790,1.760,0.900,1,0,180.603,0,0,10,32,6,40,0
22-05 13:45:04,19.499,6.750,73.246,0.250,0,1370036,427500,202892,5870744,5254.716,1699.908,567.969,175.990,5.000,8.000,1221,1556,3.560,1.750,0.900,1,0,49.997,0,0,10,32,6,40,0
22-05 13:45:05,21.049,6.265,72.418,0,0,1336340,461008,202892,5870944,5517.829,1623.775,0,276.643,0,28.065,2273,3894,3.560,1.750,0.900,1,0,94.219,0,0,10,32,6,39,0
22-05 13:45:06,21.961,2.745,73.369,0,0,1384964,412372,202892,5870956,6640.180,1455.409,0,211.623,0,12.977,1342,2041,3.560,1.750,0.900,1,0,1.996,0,0,10,33,6,39,0
22-05 13:45:07,22.034,5.008,72.362,0.250,0,1362988,434340,202892,5870964,5291.191,1622.512,0,304.471,0,29.045,2576,4794,3.560,1.750,0.900,1,0,32.050,0,0,10,32,6,35,0
22-05 13:45:08,23.499,3.000,72.747,0,0,1382548,414632,202892,5871112,4845.767,1619.922,0,179.991,0,11.999,2075,3814,3.560,1.750,0.900,1,0,0,0,0,10,33,6,35,0
22-05 13:45:09,20.503,5.751,72.759,0,0,1364144,432772,202892,5871376,6724.820,1620.198,32.004,884.108,1.000,55.007,1953,3170,3.360,1.740,0.910,1,0,58.007,0,0,10,32,6,32,0
22-05 13:45:10,22.752,5.000,72.256,0.250,0,1328296,468072,202892,5871924,5017.396,1620.128,500.040,4056.320,115.009,207.016,2424,3355,3.360,1.740,0.910,1,0,43.003,0,0,10,32,6,33,0
22-05 13:45:11,20.752,5.250,73.256,0.250,0,1388264,408096,202892,5871932,5592.425,1620.123,0,1560.119,0,82.006,1361,1763,3.360,1.740,0.910,1,0,51.004,0,0,10,32,6,26,0
22-05 13:45:12,18.207,7.732,71.831,0,0,1324948,471268,202892,5872080,5046.147,1528.410,0,123.709,0,11.972,2442,3954,3.360,1.740,0.910,1,0,98.768,0,0,10,32,6,27,0
22-05 13:45:13,24.255,2.000,73.266,0,0,1385260,410944,202892,5872092,4857.093,1694.381,0,132.030,0,13.003,1280,1764,3.360,1.740,0.910,1,0,2.000,0,0,10,32,6,24,0
22-05 13:45:14,18.760,7.254,73.039,0.250,0,1357408,438660,202892,5872228,5717.024,1620.857,0,228.121,0,19.010,2113,3408,3.090,1.710,0.900,1,0,96.051,0,0,10,32,6,24,0
22-05 13:45:15,22.532,4.006,72.853,0.250,0,1395008,400356,202892,5872932,5699.076,1622.299,0,184.261,0,20.028,2065,3740,3.090,1.710,0.900,1,0,0,0,0,10,33,6,22,0
22-05 13:45:16,23.249,4.250,72.245,0,0,1357796,437472,202892,5873028,5726.639,1457.908,0,823.948,0,55.996,2102,3359,3.090,1.710,0.900,1,0,31.998,0,0,10,32,6,22,0
22-05 13:45:17,23.210,3.494,72.624,0,0,1381308,413812,202892,5873176,6362.979,1659.126,0,51.910,0,6.988,2066,3365,3.090,1.710,0.900,1,0,0,0,0,10,33,6,21,0
22-05 13:45:18,15.255,14.005,69.273,0,0,1329424,465384,202892,5873488,6081.001,1620.533,0,92.030,0,7.002,2557,3869,3.090,1.710,0.900,1,0,204.067,0,0,10,32,6,21,0
22-05 13:45:19,23.786,19.029,57.837,0.250,0,1394840,399780,202892,5873676,5538.374,1460.208,48.073,272.412,3.005,19.029,2551,3733,3,1.710,0.910,2,0,284.430,0,0,10,32,6,22,0
22-05 13:45:20,43.295,7.007,46.548,2.753,0,1502596,288820,203112,5876744,5584.741,1695.743,1113.144,39688.800,37.038,949.977,4929,6232,3,1.710,0.910,4,0,32.033,0,0,10,36,6,22,0
22-05 13:45:21,39.460,9.490,42.208,10.240,0,1429572,356236,203180,5882184,6723.250,1692.301,51.948,39456.386,12.987,3639.346,18107,29081,3,1.710,0.910,1,1,116.883,0,0,10,36,6,22,0
22-05 13:45:22,39.504,8.251,45.755,6.751,0,1422760,362764,203192,5882412,5440.566,1458.152,0,33339.467,0,2709.282,12494,21043,3,1.710,0.910,2,0,34.004,0,0,10,32,6,22,0
22-05 13:45:23,45.756,5.501,47.506,1.000,0,1435064,350424,203192,5882448,5496.737,1620.217,0,9461.268,0,550.074,2758,3796,3,1.710,0.910,2,0,5.001,0,0,10,32,6,22,0
22-05 13:45:24,41.275,8.255,44.277,7.254,0,1503016,281908,203292,5882880,4282.578,1512.911,0,14184.539,0,2304.387,11885,26695,3,1.740,0.920,4,0,3.002,0,0,10,34,6,22,0
22-05 13:45:25,33.970,8.243,54.452,1.998,0,1372108,412716,203312,5882956,5037.537,1606.577,0,12912.559,0,629.442,4041,7596,3,1.740,0.920,1,0,100.911,0,0,10,32,6,22,0
22-05 13:45:26,22.699,2.744,73.086,0.499,0,1423260,361560,203312,5882960,5563.527,1616.376,0,1428.797,0,83.812,1164,1596,3,1.740,0.920,1,0,1.996,0,0,10,32,6,22,0
22-05 13:45:27,23.256,4.251,72.768,0.500,0,1378024,406776,203312,5882980,6210.565,1620.408,0,5645.423,0,301.076,1600,2385,3,1.740,0.920,1,0,3.001,0,0,10,32,6,22,0
22-05 13:45:28,23.250,2.500,73.251,0,0,1423380,361416,203312,5882980,12343.086,1586.011,0,80.001,0,12.000,1038,1202,3,1.740,0.920,1,0,2.000,0,0,10,32,6,22,0
22-05 13:45:29,23.002,3.250,73.508,0,0,1397912,386872,203312,5882992,12665.368,1566.169,0,0,0,0,1043,1185,2.840,1.720,0.920,1,0,3.000,0,0,10,32,5,22,0
22-05 13:45:30,23.514,2.251,73.793,0,0,1328172,456612,203320,5882984,6022.469,1620.934,0,9273.341,0,201.116,1308,1307,2.840,1.720,0.920,1,0,4.002,0,0,10,32,5,22,0
22-05 13:45:31,22.245,4.249,73.235,0,0,1404528,380180,203320,5883060,11829.563,1511.689,7.998,3.999,1.000,1.000,945,1184,2.840,1.720,0.920,1,0,7.998,0,0,10,32,5,22,0
22-05 13:45:32,22.751,2.750,73.503,0,0,1335800,448808,203320,5883156,12600.580,1566.072,0,0,0,0,1010,1130,2.840,1.720,0.920,1,0,3.000,0,0,10,32,5,22,0
22-05 13:45:33,23.286,2.504,74.113,0,0,1332740,451828,203328,5883188,6571.027,1622.476,0,376.575,0,2.003,968,1225,2.840,1.720,0.920,1,0,3.005,0,0,10,32,5,22,0
22-05 13:45:34,22.201,3.492,73.589,0,0,1405528,379032,203328,5883196,12796.015,1508.700,0,115.747,0,12.972,1214,1547,2.690,1.710,0.920,1,0,3.991,0,0,10,32,5,22,0
22-05 13:45:35,24.057,2.255,73.924,0.251,0,1364172,420364,203332,5883212,12488.460,1569.703,0,4747.199,0,45.106,1120,1226,2.690,1.710,0.920,1,0,1.002,0,0,10,32,5,22,0
22-05 13:45:36,23.256,2.251,73.520,0,0,1353984,430516,203332,5883248,8195.180,1620.431,0,0,0,0,963,1194,2.690,1.710,0.920,2,0,3.001,0,0,10,32,5,22,0
22-05 13:45:37,22.197,3.242,73.824,0,0,1421008,363488,203332,5883252,5269.459,1582.234,0,3.991,0,0.998,987,1271,2.690,1.710,0.920,2,0,3.991,0,0,10,32,5,21,0
22-05 13:45:38,18.266,8.507,73.563,0,0,1344104,440388,203340,5883244,5527.715,1641.400,0,0,0,0,1527,2059,2.690,1.710,0.920,2,0,114.097,0,0,10,32,5,21,0
22-05 13:45:39,9.244,21.485,68.703,0,0.250,1343916,440416,203340,5883404,4979.564,1618.883,0,527.636,0,5.996,2497,3534,2.480,1.680,0.910,1,0,306.788,0,0,10,32,5,21,0
22-05 13:45:40,10.767,18.779,69.860,0.250,0,1347948,436200,203340,5883588,4261.691,1534.409,112.176,977.535,7.011,13.020,3247,5408,2.480,1.680,0.910,1,0,502.789,0,0,10,32,5,21,0
22-05 13:45:41,11.749,15.999,71.246,0,0,1367332,416716,203344,5883672,5783.647,1619.901,4.000,499.970,1.000,95.994,3049,4655,2.480,1.680,0.910,1,0,421.974,0,0,10,32,5,21,0
22-05 13:45:42,27.002,5.000,68.255,0,0,1448204,335860,203344,5886408,4917.325,1620.107,0,0,0,0,1445,2545,2.480,1.680,0.910,2,0,38.003,0,0,10,32,5,20,0
22-05 13:45:43,23.508,3.001,73.023,0,0,1375744,408304,203344,5883672,5183.659,1704.545,0,20.006,0,2.001,1128,1664,2.480,1.680,0.910,1,0,3.001,0,0,10,32,5,21,0
22-05 13:45:44,24.197,2.245,73.338,0,0,1430952,353116,203344,5883652,4607.817,1508.666,0,139.691,0,12.971,1132,1573,2.360,1.670,0.910,1,0,1.996,0,0,10,32,5,18,0
22-05 13:45:45,23.553,2.506,73.666,0.251,0,1399444,384596,203344,5883680,7722.375,1643.698,0,489.100,0,33.074,1075,1331,2.360,1.670,0.910,1,0,3.007,0,0,10,32,5,18,0
22-05 13:45:46,24.496,1.250,73.988,0,0,1334396,449656,203344,5883668,7370.821,1661.734,0,11.998,0,1.000,920,1114,2.360,1.670,0.910,1,0,3.000,0,0,10,32,5,18,0
22-05 13:45:47,23.206,2.495,73.110,0,0,1400884,383176,203344,5883660,7693.313,1842.483,0,319.390,0,9.981,1128,1412,2.360,1.670,0.910,1,0,1.996,0,0,10,32,6,18,0
22-05 13:45:48,24.053,2.505,74.413,0,0,1349980,434056,203344,5883684,6870.059,1589.484,0,20.044,0,1.002,946,1125,2.360,1.670,0.910,1,0,3.007,0,0,10,32,6,17,0
22-05 13:45:49,23.202,2.495,74.096,0,0,1416764,367280,203344,5883672,5306.999,1562.760,0,7.983,0,1.996,976,1192,2.250,1.660,0.910,1,0,3.992,0,0,10,32,6,17,0
22-05 13:45:50,23.557,2.506,73.176,0,0,1359900,424128,203344,5883684,5033.079,1698.075,0,4839.615,0,220.529,1177,1232,2.250,1.660,0.910,1,0,4.010,0,0,10,32,6,13,0
22-05 13:45:51,22.948,2.494,74.081,0,0,1429980,354072,203344,5883660,5585.277,1508.563,0,279.364,0,52.880,995,1151,2.250,1.660,0.910,1,0,1.995,0,0,10,32,6,13,0
22-05 13:45:52,24.047,2.505,74.146,0,0,1371400,412628,203344,5883684,7212.230,1653.262,0,0,0,0,1021,1220,2.250,1.660,0.910,1,0,3.006,0,0,10,32,6,13,0
22-05 13:45:53,23.455,2.246,74.107,0,0,1422400,361976,203344,5883596,5374.632,1690.739,0,207.600,0,3.992,949,1140,2.250,1.660,0.910,1,0,1.996,0,0,10,32,6,13,0
22-05 13:45:54,23.537,2.504,72.863,0,0,1379636,404652,203344,5883684,5134.969,1608.496,0,136.211,0,15.023,1164,1573,2.150,1.650,0.920,1,0,3.005,0,0,10,32,6,13,0
22-05 13:45:55,22.758,3.001,73.777,0.250,0,1384816,399460,203344,5883696,5478.005,1620.593,0,400.146,0,31.011,1082,1344,2.150,1.650,0.920,1,0,3.001,0,0,10,32,6,13,0
22-05 13:45:56,23.998,2.500,73.245,0,0,1312764,471492,203344,5883716,5786.612,1619.891,0,507.966,0,5.000,947,1095,2.150,1.650,0.920,1,0,3.000,0,0,10,32,6,11,0
22-05 13:45:57,22.204,2.744,73.846,0,0,1386680,397576,203344,5883716,6190.100,1454.968,0,179.626,0,26.944,845,1147,2.150,1.650,0.920,1,0,1.996,0,0,10,32,6,11,0
22-05 13:45:58,23.000,3.500,73.501,0,0,1383564,400672,203344,5883736,5450.065,1620.019,0,0,0,0,898,1137,2.150,1.650,0.920,1,0,3.000,0,0,10,32,6,10,0
22-05 13:45:59,22.755,2.751,74.265,0,0,1331788,452456,203344,5883724,5101.020,1620.324,0,12.002,0,1.000,868,1072,2.060,1.640,0.920,1,0,7.001,0,0,10,32,6,10,0
22-05 13:46:00,9.762,20.024,68.583,0,0,1336804,447412,203344,5883752,4614.593,1621.966,0,96.116,0,8.010,2505,3641,2.060,1.640,0.920,2,0,315.382,0,0,10,32,6,9,0
22-05 13:46:01,20.224,7.490,72.406,0,0,1387668,396532,203344,5883768,6024.157,1510.034,0,191.750,0,4.993,1353,1828,2.060,1.640,0.920,1,0,74.902,0,0,10,32,6,9,0
22-05 13:46:02,23.497,2.250,73.742,0,0,1345444,438516,203344,5884008,8901.976,1693.805,0,115.987,0,23.997,947,1163,2.060,1.640,0.920,1,0,8.999,0,0,10,32,6,9,0
22-05 13:46:03,23.249,2.500,74.247,0,0,1416980,366976,203344,5884012,5112.770,1639.926,0,0,0,0,850,1194,2.060,1.640,0.920,1,0,2.000,0,0,10,32,6,9,0
22-05 13:46:04,13.259,17.512,67.795,0,0,1341412,442448,203344,5884108,5162.438,1715.142,4.003,260.173,1.001,16.011,2585,3991,1.970,1.630,0.920,1,0,323.215,0,0,10,32,6,9,0
22-05 13:46:05,9.255,21.511,69.037,0,0,1342316,441524,203344,5884128,4710.511,1512.806,0,552.294,0,32.017,2557,3610,1.970,1.630,0.920,1,0,298.159,0,0,10,32,6,9,0
22-05 13:46:06,8.493,22.233,69.197,0,0,1342796,441032,203344,5884140,6839.747,1564.798,0,231.822,0,4.996,2457,3435,1.970,1.630,0.920,1,0,298.771,0,0,10,32,6,9,0
22-05 13:46:07,7.999,22.247,68.741,0,0,1338864,444948,203344,5884156,4762.400,1661.791,0,371.953,0,4.999,2497,3569,1.970,1.630,0.920,1,0,309.961,0,0,10,32,6,9,0
22-05 13:46:08,10.999,20.248,68.245,0,0,1342672,441116,203344,5884180,5098.618,1511.887,0,855.936,0,32.998,2525,3595,1.970,1.630,0.920,3,0,325.976,0,0,10,32,6,8,0
22-05 13:46:09,9.265,21.034,69.361,0,0,1343008,440764,203344,5884196,5347.567,1642.631,0,737.181,0,8.013,2454,3349,1.890,1.620,0.920,2,0,292.469,0,0,10,32,6,8,0
22-05 13:46:10,10.236,20.222,68.655,0,0.250,1343196,440568,203344,5884204,4471.784,1617.751,0,838.834,0,9.986,2459,3522,1.890,1.620,0.920,2,0,310.568,0,0,10,32,6,7,0
22-05 13:46:11,10.013,19.274,69.337,0,0,1341296,442444,203344,5884228,5893.373,1513.894,0,756.947,0,11.014,2436,3340,1.890,1.620,0.920,1,0,291.364,0,0,10,32,6,7,0
22-05 13:46:12,9.497,18.993,70.725,0,0,1338872,444844,203344,5884252,5026.241,1565.452,0,71.975,0,2.999,2425,3486,1.890,1.620,0.920,1,0,285.900,0,0,10,32,6,5,0
22-05 13:46:13,8.740,19.228,70.420,0,0,1342392,441288,203344,5884288,4556.833,1618.165,0,243.724,0,30.965,2461,3435,1.890,1.620,0.920,1,0,277.685,0,0,10,32,6,5,0
22-05 13:46:14,9.250,20.751,70.003,0,0,1343016,440532,203344,5884420,6062.218,1512.054,0,256.009,0,5.000,2348,3211,1.900,1.620,0.920,2,0,261.009,0,0,10,32,6,4,0
22-05 13:46:15,8.501,23.253,68.010,0,0,1344188,439332,203344,5884448,7487.093,1566.229,8.001,128.019,1.000,11.002,2555,3632,1.900,1.620,0.920,1,0,324.047,0,0,10,32,6,4,0
22-05 13:46:16,9.997,20.745,69.732,0,0,1342020,441488,203344,5884460,5770.534,1619.589,0,27.993,0,6.998,2442,3440,1.900,1.620,0.920,1,0,293.925,0,0,10,32,6,3,0
22-05 13:46:17,18.538,19.791,60.125,0.501,0,1359796,420492,203352,5887660,5490.376,1515.139,3250.736,657.362,52.108,19.039,2762,4069,1.900,1.620,0.920,4,0,370.768,0,0,10,32,6,3,0
22-05 13:46:18,38.013,29.510,31.761,0.250,0,1425980,354240,203352,5887756,5084.739,1694.580,12.004,912.312,2.001,59.020,3859,6950,1.900,1.620,0.920,5,0,755.258,0,0,10,32,6,7,0
22-05 13:46:19,77.001,20.250,2.750,0.250,0,1626976,142768,204468,5893696,5112.056,1714.019,776.009,1704.019,19.000,168.002,8609,4582,2.070,1.660,0.940,4,0,306.003,0,0,10,32,6,9,0
22-05 13:46:20,57.732,13.996,19.244,7.248,0,1651056,136440,204592,5875592,4109.726,1619.498,11.996,58002.019,1.999,4552.589,19602,34549,2.070,1.660,0.940,10,0,158.951,0,0,10,38,6,8,0
22-05 13:46:21,58.755,14.501,17.001,9.751,0,1637696,138784,204676,5886452,4857.374,1586.122,280.022,101795.838,12.001,7309.563,25004,45417,2.070,1.660,0.940,7,0,170.013,0,0,10,36,6,8,0
22-05 13:46:22,58.510,12.752,19.503,8.001,0,1599288,189412,204596,5874484,6812.117,1566.257,936.154,71775.771,18.003,5113.839,22016,36264,2.070,1.660,0.940,3,0,132.022,0,0,10,36,6,9,0
22-05 13:46:23,43.005,16.252,30.254,9.501,0,1547660,232864,204676,5882344,5435.674,1620.201,72.009,61135.581,1.000,4765.591,18931,34453,2.070,1.660,0.940,2,0,244.030,0,0,10,34,6,9,0
22-05 13:46:24,37.533,9.258,42.788,11.510,0,1552632,221856,204724,5887972,6828.043,1513.339,32.028,60069.161,5.004,4997.423,19308,41221,2.150,1.680,0.950,4,0,48.043,0,0,10,35,6,10,0
22-05 13:46:25,35.986,9.746,41.734,11.995,0,1541016,228736,204740,5892604,5411.933,1661.365,23.991,48681.404,3.998,4309.354,19775,32907,2.150,1.680,0.950,2,0,94.964,0,0,10,34,6,10,0
22-05 13:46:26,37.471,7.494,42.966,10.742,0,1556312,214120,204772,5891812,6375.995,1638.714,23.981,40428.264,4.996,3824.997,18830,33575,2.150,1.680,0.950,3,0,17.986,0,0,10,35,6,12,0
22-05 13:46:27,34.488,8.747,42.486,11.496,0,1527680,241884,204804,5892604,6735.703,1585.459,0,44476.833,0,4288.538,20111,33996,2.150,1.680,0.950,3,0,114.961,0,0,10,34,6,14,0
22-05 13:46:28,39.800,7.009,44.556,8.260,0,1560896,206380,204816,5894816,11690.566,1696.113,0,36922.005,0,3368.197,15442,28830,2.150,1.680,0.950,3,1,36.045,0,0,10,35,6,15,0
22-05 13:46:29,41.451,7.991,42.699,6.742,0,1521164,243736,204828,5897140,13877.569,1456.276,0,27359.606,0,2883.586,16782,28745,2.290,1.720,0.970,3,1,74.911,0,0,10,34,6,21,0
22-05 13:46:30,38.280,8.006,47.036,5.754,0,1564356,197640,204844,5899968,7219.574,1695.309,0,48217.224,0,4191.236,18032,31134,2.290,1.720,0.970,3,0,54.042,0,0,10,36,6,21,0
22-05 13:46:31,37.207,10.488,43.199,9.739,0,1563876,194660,204860,5903300,11897.092,1660.059,0,57472.814,0,4696.510,23045,40399,2.290,1.720,0.970,4,0,62.926,0,0,10,37,6,26,0
22-05 13:46:32,35.256,11.252,40.757,12.002,0,1553612,201504,204900,5906580,5928.055,1566.279,0,60134.704,0,5297.943,23262,39254,2.290,1.720,0.970,7,0,162.029,0,0,10,36,6,26,0
22-05 13:46:33,37.745,9.999,43.494,11.498,0,1514988,240212,204900,5906436,6244.120,1619.772,0,38806.528,0,3935.445,18402,32812,2.290,1.720,0.970,5,0,69.990,0,0,10,36,6,28,0
22-05 13:46:34,35.748,10.000,42.498,11.749,0,1578212,180320,204908,5903092,12185.476,1659.929,0,46869.985,0,4771.795,15698,35752,2.350,1.740,0.980,4,0,34.998,0,0,10,35,6,29,0
22-05 13:46:35,35.945,13.729,47.926,1.498,0,1408580,350052,204908,5902992,12835.208,1617.506,7.988,13802.716,0.998,803.761,6746,7990,2.350,1.740,0.980,1,0,273.578,0,0,10,32,6,29,0
22-05 13:46:36,23.751,3.000,73.003,0.250,0,1441944,316660,204908,5903052,7257.290,1620.065,0,1184.047,0,60.002,2143,3975,2.350,1.740,0.980,2,0,0,0,0,10,33,6,29,0
22-05 13:46:37,21.497,4.749,72.739,0,0,1437748,320716,204908,5903192,7053.942,1619.757,0,943.858,0,43.993,1400,2003,2.350,1.740,0.980,1,0,44.993,0,0,10,32,6,29,0
22-05 13:46:38,22.767,4.253,72.804,0,0,1384124,374304,204908,5903228,6600.898,1459.083,8.006,864.642,2.001,49.036,2787,5165,2.350,1.740,0.980,1,0,29.022,0,0,10,32,6,31,0
22-05 13:46:39,9.500,20.999,68.247,0.250,0,1386252,372136,204908,5903268,5603.776,1619.935,0,563.977,0,30.999,2700,3777,2.240,1.730,0.980,2,0,352.986,0,0,10,32,6,31,0
22-05 13:46:40,11.525,23.550,63.636,0,0,1392920,365340,204916,5903388,7040.066,1623.474,84.180,765.638,2.004,51.109,2982,4320,2.240,1.730,0.980,4,0,403.864,0,0,10,32,6,33,0
22-05 13:46:41,62.486,12.997,24.494,0.250,0,1581500,175904,204940,5904188,4876.869,1457.662,0,2987.307,0,166.961,2449,3144,2.240,1.730,0.980,3,0,100.977,0,0,10,32,6,37,0
22-05 13:46:42,65.152,10.235,22.965,1.248,0,1752124,131836,205056,5779804,4989.466,1691.446,2831.724,5451.768,186.718,328.504,2541,2388,2.240,1.730,0.980,3,0,0,0,0,10,32,6,37,0
22-05 13:46:43,43.787,11.009,34.029,10.009,0,1760096,151116,205128,5752952,5413.602,1695.441,204.174,69126.758,6.005,5491.668,22781,42006,2.240,1.730,0.980,2,0,235.200,0,0,10,38,6,37,0
22-05 13:46:44,29.514,10.505,43.771,14.257,0,1760448,139828,205180,5763724,5053.431,1458.702,204.098,81655.276,24.012,6587.168,26113,49903,2.300,1.750,0.990,6,0,231.111,0,0,10,38,6,37,0
22-05 13:46:45,51.042,7.756,27.773,13.011,0,1634600,255172,205248,5774096,8433.016,1663.384,0,95871.765,0,7983.642,28653,58941,2.300,1.750,0.990,4,1,194.162,0,0,10,36,6,37,0
22-05 13:46:46,43.965,12.240,29.476,13.489,0,1692024,189284,205312,5782396,5969.195,1498.793,355.714,74072.372,4.996,5810.323,23631,40755,2.300,1.750,0.990,4,0,195.842,0,0,10,36,6,37,0
22-05 13:46:47,45.498,9.500,28.999,14.499,0,1755808,126424,205340,5781272,5615.753,1619.929,0,96627.748,0,6807.700,24843,44397,2.300,1.750,0.990,3,1,14.999,0,0,10,38,6,37,0
22-05 13:46:48,37.251,11.250,38.251,12.250,0,1648768,228688,205340,5785936,5160.144,1620.045,36.001,79970.239,6.000,6456.181,24767,44295,2.300,1.750,0.990,2,0,168.005,0,0,10,36,6,37,0
22-05 13:46:49,29.179,9.976,56.363,3.242,0,1391412,485396,205344,5786560,5356.950,1454.457,0,22908.196,0,1670.930,6836,12297,2.200,1.740,0.990,2,0,140.657,0,0,10,32,6,37,0
22-05 13:46:50,16.285,11.525,71.154,0.251,0,1429340,447308,205344,5786720,5347.604,1697.684,128.278,861.870,1.002,50.109,1663,2318,2.200,1.740,0.990,1,0,133.289,0,0,10,32,6,37,0
22-05 13:46:51,21.961,4.242,73.369,0.250,0,1490044,386604,205344,5786720,5434.267,1690.971,0,5194.696,0,298.465,1290,2362,2.200,1.740,0.990,1,0,2.995,0,0,10,32,6,37,0
22-05 13:46:52,23.743,1.750,73.480,0,0,1503876,372772,205344,5786720,5751.413,1619.553,0,59.983,0,2.999,1102,1587,2.200,1.740,0.990,1,0,0,0,0,10,34,6,37,0
22-05 13:46:53,20.502,6.001,74.258,0,0,1443248,433392,205344,5786728,5290.598,1620.183,0,108.012,0,11.001,1042,1461,2.200,1.740,0.990,1,0,30.003,0,0,10,32,6,37,0
22-05 13:46:54,22.747,3.250,73.242,0,0,1502712,373920,205344,5786736,5315.394,1457.834,0,115.987,0,12.999,978,1457,2.100,1.730,0.990,1,0,0,0,0,10,34,6,37,0
22-05 13:46:55,16.028,18.533,64.614,0.250,0,1389140,487484,205344,5786744,6341.230,1664.949,116.206,480.852,6.011,36.064,2416,3843,2.100,1.730,0.990,2,0,364.646,0,0,10,32,6,37,0
22-05 13:46:56,14.259,39.275,45.779,0,0,1401484,474968,205344,5786884,5945.787,1621.033,0,188.120,0,21.013,4614,8048,2.100,1.730,0.990,2,0,991.632,0,0,10,32,6,37,0
22-05 13:46:57,12.732,30.457,55.422,0,0.250,1401544,474772,205344,5787004,6944.236,1455.953,0,287.596,0,26.962,3654,6101,2.100,1.730,0.990,1,0,715.993,0,0,10,32,6,37,0
22-05 13:46:58,5.994,10.240,81.673,0.500,0,1400820,474196,205384,5788264,5253.078,1692.414,1478.615,0,37.964,0,1909,2540,2.100,1.730,0.990,1,0,126.881,0,0,11,12,6,37,20
22-05 13:46:59,10.018,19.286,68.626,0.250,0,1401268,473464,205516,5788420,4585.451,1622.991,172.318,929.713,9.017,150.277,2722,3588,1.930,1.700,0.990,2,0,255.471,0,0,11,12,5,37,20
22-05 13:47:00,10.749,19.998,69.244,0,0,1398200,476340,205516,5788784,4012.659,1457.876,0,99.992,0,8.999,2309,3338,1.930,1.700,0.990,1,0,234.980,0,0,11,12,5,37,20
22-05 13:47:01,22.726,20.978,54.943,0.250,0,1434560,438696,205516,5789924,5049.768,1618.323,659.317,0,33.965,0,5187,8577,1.930,1.700,0.990,3,0,205.787,0,0,11,12,5,37,20
22-05 13:47:02,11.493,19.988,66.961,0,0,1444944,428120,205516,5790032,4574.342,1619.059,11.993,11.993,0.999,2.998,2500,3687,1.930,1.700,0.990,1,0,278.838,0,0,13,12,5,37,20
22-05 13:47:03,14.256,18.508,66.780,0,0,1452208,420820,205516,5790088,6881.041,1458.645,0,28.012,0,6.003,3652,5971,1.930,1.700,0.990,2,0,204.090,0,0,13,12,5,37,20
22-05 13:47:04,22.774,18.770,56.309,0,0,1495484,376728,205520,5790872,4525.766,1715.807,564.595,272.287,7.007,6.006,4690,7849,1.940,1.700,0.990,1,0,335.353,0,0,15,12,5,37,20
22-05 13:47:05,11.993,19.988,68.210,0,0,1497940,374096,205520,5791044,6820.038,1619.059,0,563.673,0,40.976,2827,4307,1.940,1.700,0.990,1,0,276.839,0,0,15,12,5,37,20
22-05 13:47:06,24.022,17.016,58.805,0,0,1522856,349156,205520,5791068,6925.455,1459.360,4.004,568.530,1.001,5.005,4593,7461,1.940,1.700,0.990,2,0,158.147,0,0,15,12,5,37,20
22-05 13:47:07,74.820,15.264,9.759,0,0,1810192,132944,205564,5721448,5534.186,1621.519,0,3731.496,0,305.286,2453,2497,1.940,1.700,0.990,13,0,25.023,0,0,17,12,5,37,20
22-05 13:47:08,57.877,14.469,27.442,0,0.249,1924084,178688,205584,5565080,5996.234,1690.401,7.983,15.966,1.996,3.992,2553,4217,1.940,1.700,0.990,1,0,160.658,0,0,17,12,5,37,20
22-05 13:47:09,9.504,20.759,69.031,0,0,1929324,173688,205584,5564996,5436.403,1694.749,0,12.005,0,3.001,2694,3963,1.860,1.690,0.990,2,0,263.116,0,0,17,12,5,37,20
22-05 13:47:10,14.015,20.021,65.820,0.250,0,1930816,172024,205588,5565176,5323.696,1459.562,4.004,404.433,1.001,8.009,3533,5730,1.860,1.690,0.990,3,0,211.226,0,0,17,12,5,37,20
22-05 13:47:11,25.441,13.219,59.860,0,0,1970052,131760,205588,5566180,5374.445,1690.052,1033.586,0,15.963,0,4056,6757,1.860,1.690,0.990,2,0,177.585,0,0,17,12,5,37,20
22-05 13:47:12,9.256,7.505,81.799,0,0,1983548,121952,205592,5562472,5298.205,1620.981,0,0,0,0,1670,2736,1.860,1.690,0.990,1,0,74.045,0,0,18,12,5,38,20
22-05 13:47:13,22.478,4.745,71.430,0,0,2045536,123224,205592,5500712,4521.546,1456.565,0,3.996,0,0.999,1344,2186,1.860,1.690,0.990,2,0,19.980,0,0,18,13,5,38,20
22-05 13:47:14,21.753,7.501,69.759,0.500,0,2004416,170884,205592,5494364,5614.685,1620.198,260.032,700.085,4.000,61.007,2960,5931,1.790,1.680,0.990,1,0,66.008,0,0,18,18,5,43,0
22-05 13:47:15,10.023,20.547,67.153,0,0,2012292,162752,205592,5494620,5909.420,1697.856,0,316.719,0,21.048,2938,4433,1.790,1.680,0.990,2,0,303.690,0,0,18,18,5,43,0
22-05 13:47:16,10.227,19.207,70.342,0,0,2010964,164056,205592,5494644,7207.818,1454.734,0,267.400,0,14.966,2764,4085,1.790,1.680,0.990,2,0,248.442,0,0,18,18,5,43,0
22-05 13:47:17,11.264,20.026,66.585,0.250,0.250,2011380,163612,205592,5494672,5888.520,1848.360,0,676.864,0,19.024,2886,4312,1.790,1.680,0.990,2,0,257.329,0,0,18,18,6,44,0
22-05 13:47:18,11.751,21.002,65.755,0,0,2013280,161660,205592,5495068,5589.419,1694.127,0,20.002,0,5.000,3745,6153,1.790,1.680,0.990,1,0,224.017,0,0,18,18,6,42,0
22-05 13:47:19,35.042,12.515,52.814,0,0,2052392,125216,205600,5492360,5777.002,1459.769,328.398,20.024,3.004,4.005,4037,7799,1.730,1.670,0.990,2,0,165.200,0,0,18,19,6,42,0
22-05 13:47:20,47.249,5.500,46.249,0,0,2168084,123152,205600,5380844,5332.909,1735.970,0,619.989,0,13.000,1541,2114,1.730,1.670,0.990,2,0,5.000,0,0,18,19,6,37,0
22-05 13:47:21,48.050,8.259,43.795,0,0,2245248,126156,205668,5301984,5318.515,1621.682,176.183,708.735,3.003,85.088,4786,15072,1.730,1.670,0.990,2,0,9.009,0,0,18,35,6,37,0
22-05 13:47:22,22.918,13.452,62.527,0.249,0,2264544,127112,205676,5282164,5469.458,1697.933,0,482.277,0,20.925,2672,4216,1.730,1.670,0.990,1,0,212.242,0,0,18,34,6,37,0
22-05 13:47:23,16.004,18.255,64.268,0,0,2269564,128312,205676,5276380,6452.768,1694.464,0,164.045,0,10.003,4939,9159,1.730,1.670,0.990,1,0,199.055,0,0,18,34,6,37,0
22-05 13:47:24,5.246,3.247,91.672,0,0,2274888,122768,205676,5276232,5038.717,1604.636,219.813,79.932,10.991,8.992,1704,2990,1.590,1.640,0.990,1,0,25.978,0,0,18,34,6,37,0
22-05 13:47:25,2.251,1.751,94.542,0.250,0,2292276,133388,205676,5248732,5487.431,1662.737,12.005,340.151,2.001,29.013,1255,2178,1.590,1.640,0.990,1,0,3.001,0,0,18,34,6,37,0
22-05 13:47:26,2.500,0.500,96.245,0,0,2292268,133388,205676,5248740,5528.735,1619.922,0,39.998,0,5.000,1050,1796,1.590,1.640,0.990,0,0,3.000,0,0,18,34,6,35,0
22-05 13:47:27,1.750,1.500,96.492,0,0,2292264,133388,205676,5248744,7346.354,1619.857,0,4.000,0,1.000,1035,1789,1.590,1.640,0.990,0,0,1.000,0,0,18,34,6,35,0
22-05 13:47:28,11.278,10.276,76.941,0,0,2245408,180252,205676,5249128,11227.868,1624.031,28.070,0,2.005,0,3260,6246,1.590,1.640,0.990,1,0,167.416,0,0,18,34,6,32,0
22-05 13:47:29,14.980,17.477,67.412,0.250,0,2305692,127984,205676,5240764,11796.641,1456.104,303.605,7965.629,18.975,441.425,4756,7976,1.540,1.630,0.990,2,0,251.672,0,0,18,34,6,32,0
22-05 13:47:30,11.518,20.782,65.350,1.002,0,2310584,123820,205684,5240332,5356.163,1860.836,132.201,2147.272,24.037,362.553,4966,7556,1.540,1.630,0.990,6,0,261.398,0,0,19,34,6,25,0
22-05 13:47:31,16.210,12.719,68.581,0,0,2306576,130672,205672,5237120,13406.021,1616.025,175.568,351.136,6.983,10.973,4110,6437,1.540,1.630,0.990,0,0,194.521,0,0,19,34,6,25,0
22-05 13:47:32,5.751,9.001,84.264,0,0,2312412,124796,205672,5237192,9222.485,1606.259,0,0,0,0,1831,2888,1.540,1.630,0.990,1,0,102.016,0,0,21,34,6,20,0
22-05 13:47:33,18.527,15.773,65.845,0,0,2311956,126044,205672,5236456,6434.259,1622.335,0,1305.879,0,231.333,4521,8098,1.540,1.630,0.990,1,0,157.226,0,0,21,34,6,20,0
22-05 13:47:34,11.483,19.970,69.147,0,0,2316064,121916,205672,5236476,12829.973,1617.601,0,3.994,0,0.999,3000,4622,1.580,1.640,0.990,2,0,301.553,0,0,21,36,6,18,0
22-05 13:47:35,10.017,22.036,66.360,0.501,0,2311680,127000,205672,5235948,8612.236,1460.414,0,7648.643,0,580.960,4245,6350,1.580,1.640,0.990,1,0,293.485,0,0,21,36,6,18,0
22-05 13:47:36,23.772,18.517,56.553,0,0,2329460,131992,205684,5213316,7732.214,1621.513,0,0,0,0,4629,9703,1.580,1.640,0.990,3,0,214.200,0,0,21,36,6,17,0
22-05 13:47:37,29.746,24.747,44.994,0,0,2391524,147384,205712,5137596,4954.321,1619.778,0,335.954,0,7.999,4101,6725,1.580,1.640,0.990,2,0,658.910,0,0,21,36,6,17,0
22-05 13:47:38,36.718,24.728,38.216,0,0,2498240,129108,205768,5051256,4641.906,1456.715,31.972,51.954,1.998,12.989,3719,7456,1.580,1.640,0.990,2,0,528.534,0,0,21,40,6,17,0
22-05 13:47:39,40.027,20.764,38.276,0,0,2525496,122012,205780,5031708,5173.497,1695.146,0,12.008,0,3.002,3918,10780,1.850,1.690,1.020,4,0,240.162,0,0,21,40,6,17,0
22-05 13:47:40,53.766,25.758,20.006,0,0,2667984,125572,205780,4887888,4633.413,1710.522,0,600.183,0,8.002,3603,6370,1.850,1.690,1.020,4,0,575.175,0,0,21,40,6,17,0
22-05 13:47:41,60.755,21.252,17.001,0,0,2753796,125408,205844,4802352,5017.401,1620.130,8.001,5908.473,2.000,405.032,6474,14193,1.850,1.690,1.020,5,0,307.025,0,0,21,40,6,17,0
22-05 13:47:42,71.855,21.556,5.203,0.991,0,2928900,130024,206240,4623116,4435.172,1445.024,293.366,939.563,44.599,80.279,3369,7980,1.850,1.690,1.020,4,0,484.648,0,0,21,44,6,11,0
22-05 13:47:43,65.577,24.213,7.062,1.513,0,2992592,127156,206244,4563684,4670.078,1634.376,8.071,28902.224,1.009,2155.964,14098,31529,1.850,1.690,1.020,5,1,392.452,0,0,21,44,6,12,0
22-05 13:47:44,67.318,26.429,4.737,0.499,0,3108968,146576,206344,4429492,5382.440,1699.403,3.989,12466.279,0.997,1139.917,11962,23419,2.030,1.730,1.030,7,0,341.077,0,0,21,46,6,11,0
22-05 13:47:45,74.721,22.065,2.507,0,0,3191940,122248,206344,4370840,4917.521,1462.318,80.237,10815.939,5.015,723.135,7881,16461,2.030,1.730,1.030,5,0,380.123,0,0,21,59,6,18,0
22-05 13:47:46,53.916,26.209,19.470,0,0,3316064,135240,206344,4236536,9048.983,1659.430,0,862.664,0,54.915,3517,6948,2.030,1.730,1.030,4,0,519.196,0,0,21,63,6,20,0
22-05 13:47:47,56.333,16.775,24.787,0.250,0,3397728,135568,206348,4156500,8856.098,1622.400,0,7487.073,0,482.714,7907,16838,2.030,1.730,1.030,4,0,210.311,0,0,21,65,6,21,0
22-05 13:47:48,67.431,12.737,18.981,0.250,0,3556904,132536,206356,4002744,5851.009,1456.509,655.329,986.989,31.967,41.957,3195,10756,2.030,1.730,1.030,2,0,36.962,0,0,21,72,6,24,0
22-05 13:47:49,14.759,19.512,64.540,1.001,0,3577520,138252,206372,3976588,5122.150,1769.088,192.118,5863.606,11.007,327.201,4234,7674,1.860,1.700,1.030,2,0,229.141,0,0,21,75,6,24,0
22-05 13:47:50,9.752,18.254,70.265,0.250,0,3592496,123412,206372,3976572,5266.127,1784.382,0,60.013,0,7.001,2926,4509,1.860,1.700,1.030,1,0,260.056,0,0,21,75,6,24,0
22-05 13:47:51,9.223,18.945,70.046,0,0,3592852,128884,206372,3970744,7072.370,1453.759,3.988,255.255,0.997,19.942,2806,4207,1.860,1.700,1.030,1,0,255.255,0,0,21,75,6,24,0
22-05 13:47:52,10.014,18.025,70.097,0,0,3594248,127588,206372,3970704,5371.445,1696.351,0,0,0,0,2790,4229,1.860,1.700,1.030,1,0,266.369,0,0,21,75,6,24,0
22-05 13:47:53,9.745,20.240,69.467,0,0,3598752,123060,206372,3970728,5082.550,1619.220,0,251.879,0,5.997,2843,4245,1.860,1.700,1.030,2,0,252.878,0,0,21,75,6,24,0
22-05 13:47:54,12.522,19.534,67.366,0,0,3599468,122304,206372,3971112,5855.065,1460.511,0,36.062,0,9.015,3240,5169,1.790,1.690,1.030,2,0,251.432,0,0,21,77,6,24,0
22-05 13:47:55,25.499,17.499,56.747,0,0,3607380,139736,206372,3945636,5921.704,1619.919,335.983,99.995,7.000,3.000,5394,11466,1.790,1.690,1.030,3,0,274.986,0,0,21,77,6,24,0
22-05 13:47:56,31.160,22.684,44.870,0.499,0,3670424,131616,206364,3891416,6592.946,1689.118,821.626,303.124,50.853,25.925,4348,7726,1.790,1.690,1.030,2,0,536.450,0,0,21,81,6,24,0
22-05 13:47:57,45.641,23.824,28.589,0.251,0,3793804,135888,206288,3765200,5442.867,1699.266,818.537,553.716,20.062,34.106,7223,18277,1.790,1.690,1.030,3,0,254.790,0,0,23,95,6,24,0
22-05 13:47:58,55.739,24.245,18.496,0.500,0,3913960,129352,206204,3652360,6639.712,1693.671,619.880,9566.144,42.992,672.869,4836,7801,1.790,1.690,1.030,4,0,543.894,0,0,23,99,6,24,0
22-05 13:47:59,57.984,22.494,18.495,0.250,0,3998264,123224,206136,3575288,5013.586,1619.543,0,6714.107,0,517.854,6510,19940,3.010,1.950,1.110,2,0,275.922,0,0,23,119,6,24,0
22-05 13:48:00,36.516,22.510,40.017,0,0,4060632,125492,206116,3512088,6381.738,1532.658,0,480.206,0,27.012,3542,5736,3.010,1.950,1.110,2,0,386.166,0,0,23,119,6,24,0
22-05 13:48:01,20.703,19.206,59.366,0,0,4089144,131224,206092,3478008,4370.102,1706.136,0,183.584,0,13.968,3148,5153,3.010,1.950,1.110,1,0,313.290,0,0,24,119,6,24,0
22-05 13:48:02,11.509,20.767,67.054,0,0,4093184,127196,206092,3478008,5210.199,1621.307,0,384.310,0,27.022,3067,4891,3.010,1.950,1.110,2,0,245.198,0,0,24,119,6,24,0
22-05 13:48:03,24.518,18.263,57.041,0,0,4106776,135968,206080,3455656,6740.826,1459.045,0,324.232,0,19.014,5574,8755,3.010,1.950,1.110,4,0,174.125,0,0,24,119,6,24,0
22-05 13:48:04,30.195,23.457,44.919,0.250,0,4174736,118804,206048,3405152,5966.189,1858.632,11.978,2339.760,1.996,328.405,3917,6101,3.010,1.960,1.120,3,0,393.287,0,0,24,119,6,24,0
22-05 13:48:05,34.993,23.245,40.242,0,0,4257876,127960,206008,3314048,5751.844,1619.674,43.991,939.811,7.998,123.975,7513,16800,3.010,1.960,1.120,1,0,230.954,0,0,24,131,6,24,0
22-05 13:48:06,28.756,24.005,45.509,0,0,4311204,124116,205984,3265192,6777.389,1500.308,96.020,300.062,7.001,19.004,3698,6305,3.010,1.960,1.120,2,0,391.080,0,0,24,131,6,24,0
22-05 13:48:07,32.577,27.565,39.343,0.251,0,4397204,118956,205928,3186380,4983.807,1623.847,80.190,5236.405,5.012,413.981,5841,11346,3.010,1.960,1.120,6,0,509.206,0,0,24,143,6,25,0
22-05 13:48:08,16.252,21.753,61.259,0.500,0,4405548,164644,205880,3133840,5075.731,1620.233,16.002,5216.751,4.001,455.066,4453,6453,3.010,1.960,1.120,2,0,322.046,0,0,24,145,6,25,0
22-05 13:48:09,11.713,20.933,67.036,0,0,4411596,158604,205880,3133948,4961.129,1453.351,0,135.566,0,11.962,3261,5296,2.850,1.950,1.120,2,0,281.101,0,0,24,145,6,25,0
22-05 13:48:10,20.739,16.242,59.969,0,0,4421888,148276,205880,3134016,5283.300,1619.173,0,459.765,0,38.980,6047,14260,2.850,1.950,1.120,4,0,163.916,0,0,24,145,6,25,0
22-05 13:48:11,44.653,9.031,46.409,0,0,4542996,122996,205792,3041068,5237.940,1625.568,208.715,204.701,6.021,11.038,2231,3267,2.850,1.950,1.120,2,0,72.247,0,0,24,145,6,25,0
22-05 13:48:12,46.304,7.468,45.806,0.249,0,4650196,123336,205684,2936892,5962.754,1525.541,545.690,167.292,48.793,18.920,2255,3374,2.850,1.950,1.120,4,0,5.975,0,0,24,154,6,25,0
22-05 13:48:13,29.631,18.080,51.226,0.251,0,4590428,185712,205688,2934432,4861.415,1701.495,337.487,474.088,8.035,33.146,3295,6424,2.850,1.950,1.120,2,0,336.482,0,0,24,153,6,24,0
22-05 13:48:14,36.949,24.716,36.450,1.248,0,4642564,118340,205696,2949648,5518.379,1617.766,13980.693,215.702,196.728,22.968,5281,13198,2.940,1.980,1.140,3,0,433.401,0,0,24,167,6,24,0
22-05 13:48:15,45.569,22.785,26.540,3.255,0,4619028,144808,205656,2947936,5930.991,1622.460,40633.601,865.312,461.700,48.073,8434,14896,2.940,1.980,1.140,3,0,243.369,0,0,24,171,6,19,0
22-05 13:48:16,68.483,20.171,7.720,3.486,0,4750212,129960,204208,2838368,9852.565,1452.334,40235.043,9403.318,504.034,546.867,5311,9450,2.940,1.980,1.140,6,0,168.343,0,0,24,183,6,19,0
22-05 13:48:17,71.014,18.569,2.509,8.030,0,4810600,207940,203112,2705052,6309.440,1626.041,69353.649,1075.997,995.699,34.127,5175,8233,2.940,1.980,1.140,3,1,47.175,0,0,24,188,6,19,0
22-05 13:48:18,60.206,17.987,17.487,3.997,0,4877540,121072,202640,2725940,7088.839,1618.821,43564.285,1742.731,580.577,127.907,8259,19627,2.940,1.980,1.140,4,0,153.888,0,0,24,187,6,26,0
22-05 13:48:19,41.027,28.018,26.517,3.752,0,4851196,122536,202132,2751920,5778.762,1458.950,49884.475,480.313,506.330,30.020,5946,10617,2.950,2,1.150,3,0,501.326,0,0,24,187,6,26,0
22-05 13:48:20,47.727,24.738,23.489,2.499,0,4825648,157560,201216,2744052,5408.420,1763.159,41036.426,815.611,419.800,53.974,7302,15588,2.950,2,1.150,5,1,248.881,0,0,24,191,6,26,0
22-05 13:48:21,56.763,28.507,14.253,0,0,4930756,132880,199360,2668256,5738.337,1694.395,1480.345,26802.245,43.010,831.194,6191,33854,2.950,2,1.150,3,0,444.103,0,0,24,191,6,26,0
22-05 13:48:22,58.017,21.006,18.755,0.250,0,4957152,131252,198788,2644428,6247.781,1458.416,1072.306,4141.180,60.017,280.080,7972,21714,2.950,2,1.150,6,1,200.057,0,0,24,195,6,29,0
22-05 13:48:23,52.247,24.999,22.499,0.250,0,5040448,125420,197212,2568892,4974.706,1619.904,79.995,3615.787,7.000,349.979,5364,10246,2.950,2,1.150,3,0,494.971,0,0,24,195,6,28,0
22-05 13:48:24,54.005,24.252,20.252,0.500,0,5061564,125644,196768,2548440,4757.476,1620.162,380.038,7624.762,35.004,760.076,8818,22315,3.110,2.050,1.170,3,0,257.026,0,0,24,205,6,29,0
22-05 13:48:25,65.235,12.247,22.995,0,0,5193488,123536,194260,2424376,5907.659,1499.660,135.969,495.887,10.998,39.991,3792,6455,3.110,2.050,1.170,4,0,56.987,0,0,24,205,6,30,0
22-05 13:48:26,62.759,11.502,24.503,0.250,0,5250880,122896,193164,2369516,19421.661,6965.954,992.136,760.104,66.009,53.007,4738,13271,3.110,2.050,1.170,4,0,10.001,0,0,24,216,6,36,0
22-05 13:48:27,49.953,15.485,33.469,0.500,0,5195964,210660,192592,2337940,37805.538,12087.662,259.756,8575.956,13.987,715.329,7123,13342,3.110,2.050,1.170,2,0,247.768,0,0,24,224,6,37,0
22-05 13:48:28,36.548,22.029,41.053,0.751,0,5253280,152888,192640,2338352,11188.545,1533.994,160.208,1249.625,10.013,137.178,5209,9837,3.110,2.050,1.170,3,0,404.526,0,0,24,225,6,37,0
22-05 13:48:29,38.972,16.988,40.970,0,0,5231656,174376,192644,2338336,11609.606,1618.830,0,567.590,0,42.969,5440,13091,3.020,2.050,1.170,3,0,203.853,0,0,24,225,5,37,0
22-05 13:48:30,63.515,13.503,22.505,0.250,0,5348728,123120,191396,2276020,5073.207,1620.386,296.070,872.208,30.007,67.016,4132,8005,3.020,2.050,1.170,5,0,164.039,0,0,25,228,5,37,0
22-05 13:48:31,67.004,9.501,21.251,0.750,0,5430656,209852,189252,2114048,13037.874,1620.109,1608.108,4152.278,124.008,421.028,3188,4378,3.020,2.050,1.170,3,0,15.001,0,0,25,228,5,37,0
22-05 13:48:32,37.963,12.738,49.701,0,0,5413016,226480,189300,2115284,20494.915,2956.103,167.836,1090.931,20.979,77.924,6007,15651,3.020,2.050,1.170,5,0,217.787,0,0,25,230,5,40,0
22-05 13:48:33,26.751,3.000,69.504,0.250,0,5461472,177872,189320,2115416,17863.000,3578.200,4.000,496.028,1.000,39.002,2577,4204,3.020,2.050,1.170,1,0,2.000,0,0,25,232,5,40,0
22-05 13:48:34,23.146,7.964,66.203,0.498,0,5411552,206416,189348,2136764,21862598.520,107595.220,0,609.266,0,45.795,8501,6605,2.860,2.030,1.170,1,0,105.527,0,0,25,227,5,41,0
22-05 13:48:35,16.033,14.781,69.144,0.251,0,5439380,176440,189356,2138904,4302.976,1503.136,2068.315,360.753,24.050,21.044,2840,4427,2.860,2.030,1.170,1,0,190.397,0,0,25,227,5,41,0
22-05 13:48:36,26.753,4.250,68.257,0,0,5482888,132900,189376,2138916,7583.736,1620.157,0,472.046,0,43.004,2428,4567,2.860,2.030,1.170,1,0,2.000,0,0,25,237,5,42,0
22-05 13:48:37,27.003,4.000,67.757,0.750,0,5489580,125664,189424,2139416,4912.472,1704.164,436.042,2012.193,26.002,150.014,4317,8744,2.860,2.030,1.170,1,0,4.000,0,0,25,245,5,44,0
22-05 13:48:38,26.512,3.502,66.781,0.250,0,5481612,133780,189452,2139244,4826.206,1532.700,16.007,556.254,1.000,56.026,3649,8378,2.860,2.030,1.170,3,0,3.001,0,0,25,249,5,44,0
22-05 13:48:39,33.464,9.989,54.692,1.249,0,5492592,147052,188700,2117992,5066.609,1692.199,123.868,21764.842,17.981,92.901,5613,9950,2.710,2.010,1.170,1,0,23.974,0,0,25,247,5,55,0
22-05 13:48:40,17.267,14.264,67.818,0.250,0,5456144,183432,188716,2118044,5551.607,1459.474,124.125,428.433,15.015,25.025,2847,4404,2.710,2.010,1.170,1,0,189.191,0,0,25,247,5,53,0
22-05 13:48:41,19.738,7.246,70.207,1.749,0,5476252,132984,189432,2147740,5313.721,1692.955,1607.008,207.872,276.829,15.990,2400,3341,2.710,2.010,1.170,0,1,1.999,0,0,25,247,5,53,0
22-05 13:48:42,20.045,7.016,66.901,5.763,0,5443072,158112,189952,2155272,4799.804,1623.655,3800.555,51034.880,674.518,295.666,3637,4948,2.710,2.010,1.170,6,1,9.020,0,0,25,247,5,53,0
22-05 13:48:43,26.521,7.256,62.550,1.501,0,5484140,137500,189588,2135512,4801.808,1459.157,928.736,600.476,171.136,42.033,13016,26934,2.710,2.010,1.170,1,0,41.033,0,0,25,251,5,54,0
22-05 13:48:44,24.215,5.742,69.150,0,0,5498556,140904,188964,2119104,4688.254,1617.672,0,255.632,0,3.994,5830,6806,2.570,2,1.170,2,0,0,0,0,25,249,5,54,0
22-05 13:48:45,23.454,5.739,69.364,0,0,5510084,129136,188976,2119332,5809.631,1690.691,0,327.359,0,32.936,5944,8470,2.570,2,1.170,3,0,4.990,0,0,25,249,5,55,0
22-05 13:48:46,21.324,6.523,71.999,0,0,5506232,149236,188560,2104588,5555.227,1667.772,0,128.445,0,9.031,1796,2918,2.570,2,1.170,2,0,0,0,0,25,249,5,46,0
22-05 13:48:47,22.950,16.464,57.873,1.247,0,5428844,225116,188708,2105948,9548.099,1616.462,1544.619,23117.396,154.661,629.622,4958,6317,2.570,2,1.170,3,0,372.185,0,0,25,249,5,47,0
22-05 13:48:48,23.473,6.992,69.419,0,0,5480212,173532,188720,2106156,5892.124,1618.112,15.981,171.800,0.999,14.983,2337,3702,2.570,2,1.170,1,0,78.908,0,0,25,249,5,46,0
22-05 13:48:49,14.749,15.499,68.244,0.500,0.250,5426640,227060,188744,2106176,7080.426,1457.882,0,643.948,0,55.995,3050,4583,2.370,1.960,1.160,1,0,182.985,0,0,25,253,5,46,0
22-05 13:48:50,11.786,18.557,69.464,0,0,5431644,222028,188744,2106204,5526.015,1625.003,4.012,0,1.003,0,3145,4826,2.370,1.960,1.160,1,0,256.791,0,0,25,253,5,43,0
22-05 13:48:51,9.726,15.711,73.818,0,0,5434876,218752,188744,2106248,5364.808,1616.026,3.990,0,0.998,0,2866,4596,2.370,1.960,1.160,0,0,234.424,0,0,25,253,5,43,0
22-05 13:48:52,8.775,1.755,89.255,0.251,0,5450148,203380,188752,2106340,6969.878,1624.633,0,92.263,0,7.020,1631,2714,2.370,1.960,1.160,2,1,9.026,0,0,25,253,5,43,0
22-05 13:48:53,25.904,3.985,69.244,0,0,5499596,153888,188780,2106356,4802.251,1580.160,0,430.409,0,45.831,2445,4176,2.370,1.960,1.160,1,0,1.993,0,0,25,255,5,43,0
22-05 13:48:54,17.497,13.248,68.237,0.500,0,5443140,210244,188788,2106448,5535.976,1639.697,163.970,51.990,17.997,2.999,2795,5719,2.260,1.950,1.160,5,0,147.973,0,0,25,257,5,44,0
22-05 13:48:55,13.252,16.752,69.009,0.250,0,5440600,212300,188792,2106912,5754.771,1620.217,136.018,200.027,4.001,18.002,3089,4816,2.260,1.950,1.160,5,1,171.023,0,0,25,257,5,44,0
22-05 13:48:56,11.534,18.304,67.699,0,0,5442916,209864,188796,2107028,5730.854,1462.301,64.189,180.531,7.021,16.047,3184,4888,2.260,1.950,1.160,1,0,181.534,0,0,25,257,5,44,0
22-05 13:48:57,15.760,15.510,68.795,0,0,5464012,188400,188808,2107380,5060.284,1621.052,136.088,456.296,13.008,37.024,3093,5014,2.260,1.950,1.160,4,0,193.125,0,0,25,259,5,45,0
22-05 13:48:58,25.376,3.732,69.908,0,0,5518908,133500,188808,2107384,5661.265,1653.898,0,171.161,0,11.941,1829,2832,2.260,1.950,1.160,2,0,2.985,0,0,25,259,5,45,0
22-05 13:48:59,24.038,4.257,69.609,0.501,0,5547040,125472,188324,2088516,5134.019,1460.281,272.426,5997.368,14.022,559.875,2636,3257,2.240,1.950,1.170,1,0,2.003,0,0,25,263,5,45,0
22-05 13:49:00,26.614,2.511,70.551,0.251,0,5467404,205092,188340,2088516,5223.314,1626.950,40.172,289.236,6.026,30.129,2062,3111,2.240,1.950,1.170,3,0,8.034,0,0,25,259,5,45,0
22-05 13:49:01,23.239,4.498,71.715,0,0,5529832,142604,188344,2088572,4866.625,1619.210,0,151.926,0,11.994,1790,2804,2.240,1.950,1.170,1,0,2.999,0,0,25,259,5,45,0
22-05 13:49:02,28.387,2.739,67.980,0,0,5536688,135604,188348,2088712,4875.644,1525.942,111.557,147.415,6.972,8.964,2481,5530,2.240,1.950,1.170,4,0,0.996,0,0,25,267,5,46,0
22-05 13:49:03,25.247,4.250,69.742,0.250,0,5476800,195232,188484,2088836,5131.420,1619.817,119.986,347.961,3.000,30.996,1993,3073,2.240,1.950,1.170,1,0,17.998,0,0,25,261,5,46,0
22-05 13:49:04,23.247,6.749,69.240,0.250,0,5429324,241276,188608,2090144,7262.961,1457.792,1535.780,5607.198,25.996,25.996,2237,3433,2.140,1.930,1.170,1,0,84.988,0,0,25,261,5,46,0
22-05 13:49:05,11.293,19.826,68.262,0.251,0,5439724,230732,188616,2090280,5148.792,1720.614,48.185,682.624,3.012,23.089,3542,5624,2.140,1.930,1.170,1,0,327.258,0,0,25,261,5,46,0
22-05 13:49:06,16.740,10.994,70.459,0,0,5436280,233868,188624,2090580,7018.936,1619.063,319.815,159.907,71.958,9.994,2491,3860,2.140,1.930,1.170,1,0,139.919,0,0,25,261,5,46,0
22-05 13:49:07,25.510,3.751,71.028,0,0,5468916,200380,189072,2090984,5114.041,1620.647,908.362,4.002,63.025,1.000,1901,2954,2.140,1.930,1.170,1,0,4.002,0,0,25,261,5,46,0
22-05 13:49:08,22.936,6.731,68.309,0.997,0,5464380,201476,189092,2094404,5401.929,2668.555,3322.730,406.865,45.872,30.914,9099,18333,2.140,1.930,1.170,0,0,31.911,0,0,25,264,5,45,0
22-05 13:49:09,24.240,2.749,70.971,0.250,0,5496468,167316,189236,2096332,11704.248,3559.555,291.881,939.619,28.988,41.983,2059,2998,2.210,1.950,1.180,1,0,1.999,0,0,25,264,5,45,0
22-05 13:49:10,25.554,6.263,67.393,0.251,0,5537780,125992,189236,2096344,5020.674,1623.451,0,100.213,0,9.019,8408,17135,2.210,1.950,1.180,3,0,10.021,0,0,25,264,5,45,0
22-05 13:49:11,20.519,3.753,74.818,0.250,0,5559260,123560,188712,2078340,10567.606,3552.229,108.098,180.164,18.016,10.009,1843,2880,2.210,1.950,1.180,1,0,4.004,0,0,25,265,5,45,0
22-05 13:49:12,26.266,3.002,69.794,0,0,5527296,155924,189112,2077892,6808.255,1795.122,88.055,1256.785,22.014,28.018,1898,3005,2.210,1.950,1.180,3,1,2.001,0,0,25,264,5,45,0
22-05 13:49:13,21.166,3.984,73.706,0,0,5561520,121824,189124,2077868,10190.341,3731.113,11.952,426.299,1.992,24.901,1958,2986,2.210,1.950,1.180,1,0,3.984,0,0,25,265,5,45,0
22-05 13:49:14,24.585,4.014,71.247,0.251,0,5554460,139944,189260,2066764,8277.740,2479.609,4.014,1023.554,1.003,23.080,1866,2906,2.110,1.930,1.180,1,0,2.007,0,0,25,264,5,45,0
22-05 13:49:15,24.257,7.502,67.019,0.250,0,5556544,136920,189400,2067436,5117.464,1620.463,0,3132.896,0,154.044,10411,20647,2.110,1.930,1.180,2,1,19.005,0,0,25,264,5,45,0
22-05 13:49:16,23.677,5.982,68.789,0,0,5537180,155932,189464,2067692,5408.407,1615.045,0,614.116,0,24.924,7679,14909,2.110,1.930,1.180,1,0,14.954,0,0,25,264,5,45,0
22-05 13:49:17,16.037,14.283,69.158,0.251,0,5440740,266160,189480,2054524,5840.333,1635.734,0,581.327,0,9.021,2918,4727,2.110,1.930,1.180,1,0,204.467,0,0,25,263,5,46,0
22-05 13:49:18,24.437,5.984,69.071,0,0,5496580,210096,189492,2054736,5879.748,1615.809,15.959,231.400,0.997,18.951,2192,3598,2.110,1.930,1.180,1,0,61.840,0,0,25,263,5,46,0
22-05 13:49:19,21.497,9.999,65.992,1.250,0,5455328,248272,189504,2057800,5545.323,1693.793,1579.807,311.962,30.996,18.998,3571,6171,2.100,1.930,1.180,2,0,111.986,0,0,25,263,5,40,0
22-05 13:49:20,23.755,5.001,70.264,0.250,0,5500472,202956,189504,2057972,5496.083,1532.302,0,1780.351,0,301.059,2282,3358,2.100,1.930,1.180,1,0,3.001,0,0,25,263,5,40,0
22-05 13:49:21,24.329,7.023,68.723,0,0,5463772,239652,189504,2057976,6373.670,1625.271,32.104,0,2.007,0,3106,4284,2.100,1.930,1.180,1,0,72.234,0,0,25,263,5,41,0
22-05 13:49:22,28.004,4.001,66.011,0.250,0,5496504,206788,189516,2058096,6346.015,1694.271,0,144.023,0,11.002,3870,7859,2.100,1.930,1.180,2,0,0,0,0,25,264,5,41,0
22-05 13:49:23,28.920,6.731,65.070,0,0,5477124,226048,189528,2058204,4979.208,1453.972,51.856,390.917,3.989,34.903,2516,3944,2.100,1.930,1.180,1,0,57.840,0,0,25,263,5,38,0
22-05 13:49:24,26.002,4.750,67.255,0,0,5431016,272124,189544,2058220,5624.439,1620.126,8.001,236.018,1.000,21.002,3027,5738,2.090,1.940,1.190,1,0,31.002,0,0,25,263,5,41,0
22-05 13:49:25,24.745,4.499,70.736,0,0,5493176,209756,189556,2058416,6776.679,1661.676,3.999,159.969,1.000,13.997,1975,3156,2.090,1.940,1.190,1,0,2.999,0,0,25,264,5,40,0
22-05 13:49:26,25.311,5.513,69.417,0.501,0,5448024,254896,189596,2058388,5983.408,1698.089,0,400.966,0,47.113,2737,5225,2.090,1.940,1.190,4,0,49.118,0,0,25,263,5,42,0
22-05 13:49:27,25.412,4.484,69.260,0,0,5488808,213932,189600,2058564,5549.742,1580.516,0,326.866,0,10.962,2327,3689,2.090,1.940,1.190,1,0,0,0,0,25,267,5,37,0
22-05 13:49:28,23.768,5.004,70.053,0,0,5471032,231564,189632,2058676,11434.622,1641.237,16.012,232.175,1.001,18.014,2379,4346,2.090,1.940,1.190,1,0,34.026,0,0,25,263,5,38,0
22-05 13:49:29,26.034,3.755,69.842,0.250,0,5492560,209948,189660,2058736,11899.672,1622.136,0,312.411,0,34.045,2844,5347,2,1.920,1.180,1,0,0,0,0,25,263,5,37,0
22-05 13:49:30,14.512,18.265,66.055,0,0,5434472,268012,189684,2058736,5136.258,1695.405,0,1421.178,0,139.115,3557,5535,2,1.920,1.180,1,1,272.226,0,0,25,263,5,37,0
22-05 13:49:31,11.719,23.188,64.826,0,0,5441988,260456,189692,2058768,11504.077,1615.657,0,307.174,0,27.925,3585,5612,2,1.920,1.180,3,0,341.083,0,0,25,263,5,37,0
22-05 13:49:32,10.506,22.262,65.286,0,0,5439272,263152,189700,2058780,12197.745,1620.896,0,200.111,0,16.009,3522,5503,2,1.920,1.180,4,0,330.183,0,0,25,263,5,37,0
22-05 13:49:33,10.757,22.764,65.791,0.250,0,5446080,256320,189716,2058788,6669.142,1621.007,0,460.286,0,36.022,3548,5776,2,1.920,1.180,1,0,333.207,0,0,25,263,5,34,0
22-05 13:49:34,10.998,20.995,66.485,0,0,5446032,256324,189724,2058824,14478.713,1659.623,43.990,227.948,3.999,21.995,3513,5468,1.920,1.900,1.180,2,0,345.921,0,0,25,263,5,34,0
22-05 13:49:35,11.530,20.804,66.172,0,0,5445448,256852,189732,2058872,8360.730,1654.300,0,1114.898,0,52.136,3712,6071,1.920,1.900,1.180,2,0,385.001,0,0,25,263,5,33,0
22-05 13:49:36,10.728,22.204,65.615,0.748,0,5443344,258924,189756,2058880,9515.427,1616.675,0,2267.336,0,348.284,4002,5797,1.920,1.900,1.180,2,0,389.199,0,0,25,263,5,33,0
22-05 13:49:37,11.734,21.720,66.657,0,0,5441264,260964,189756,2058920,5581.248,1617.753,0,23.967,0,5.992,3397,5408,1.920,1.900,1.180,1,0,331.539,0,0,25,263,5,32,0
22-05 13:49:38,10.751,21.751,67.003,0,0,5440320,261880,189764,2058940,4378.206,1458.069,0,112.005,0,12.001,3346,5269,1.920,1.900,1.180,1,0,315.015,0,0,25,263,5,32,0
22-05 13:49:39,15.776,24.291,58.598,0,0,5439304,259960,189764,2061876,6746.307,1622.720,2147.599,200.336,29.049,16.027,4297,7397,1.930,1.910,1.190,2,0,498.836,0,0,25,263,5,24,0
22-05 13:49:40,17.256,13.755,67.273,0.750,0.250,5457304,240732,189764,2063104,4418.533,1620.562,1084.376,1384.480,82.028,12.004,3402,5292,1.930,1.910,1.190,2,0,230.080,0,0,25,263,5,24,0
22-05 13:49:41,22.205,10.229,62.124,5.239,0.249,5471372,214448,189768,2082960,4919.988,1455.039,12171.232,191.610,957.052,9.980,8948,15362,1.930,1.910,1.190,2,0,5.988,0,0,25,263,5,19,0
22-05 13:49:42,21.752,2.750,74.508,0,0,5487320,195572,189780,2085640,9508.008,2946.312,16.002,0,3.000,0,1765,2782,1.930,1.910,1.190,3,0,3.000,0,0,25,264,5,19,0
22-05 13:49:43,21.009,4.252,72.530,1.501,0,5502296,179676,189868,2086500,21523.018,13413.620,784.329,4065.704,61.026,91.038,2932,5231,1.930,1.910,1.190,0,0,34.014,0,0,25,264,5,20,0
22-05 13:49:44,16.500,1.750,79.498,0.750,0,5522292,158340,189920,2087692,22365.486,12483.713,1039.976,1347.969,67.998,44.999,2050,3246,1.940,1.910,1.190,1,0,0,0,0,25,264,5,20,0
22-05 13:49:45,19.983,2.248,75.435,0.999,0,5524368,155316,189960,2088568,19044.660,12226.510,699.400,1486.724,57.950,62.946,2416,3624,1.940,1.910,1.190,2,1,1.998,0,0,25,264,5,17,0
22-05 13:49:46,19.007,1.501,77.529,1.000,0,5531484,142744,190028,2093920,22712.585,11213.239,2769.047,1144.433,74.028,47.018,2323,3486,1.940,1.910,1.190,1,0,0,0,0,25,264,5,17,0
22-05 13:49:47,23.749,4.750,68.747,2.000,0,5529704,129548,189616,2108852,9383.568,1499.931,11311.480,2123.902,132.994,82.996,2825,3873,1.940,1.910,1.190,2,0,1.000,0,0,25,264,5,17,0
22-05 13:49:48,23.747,4.749,69.491,1.250,0,5537832,125808,189264,2105556,8576.834,1661.774,0,3323.548,0,158.978,2500,3676,1.940,1.910,1.190,3,0,0,0,0,25,264,5,17,0
22-05 13:49:49,22.753,5.751,69.760,1.000,0,5541080,135436,189136,2093048,4867.677,1794.249,0,2908.404,0,102.014,2157,3570,1.860,1.890,1.190,1,0,0,0,0,25,263,5,17,0
22-05 13:49:50,25.001,4.250,70.754,0.250,0,5485236,190896,189136,2093396,4927.256,1694.088,492.026,276.014,10.001,5.000,1793,2758,1.860,1.890,1.190,2,0,7.000,0,0,25,263,5,17,0
22-05 13:49:51,19.302,2.757,76.206,0.251,0,5490072,180104,189212,2098892,10175.515,3895.534,244.662,2502.767,5.014,191.518,2089,2922,1.860,1.890,1.190,1,0,4.011,0,0,25,263,5,17,0
22-05 13:49:52,23.431,2.742,73.285,0,0,5511224,157696,189212,2100116,20287.396,6980.491,0,0,0,0,1918,2851,1.860,1.890,1.190,1,0,4.985,0,0,25,264,5,17,0
22-05 13:49:53,24.270,6.505,67.554,0.500,0,5506596,154912,189608,2106316,9403.579,2635.124,4.003,1917.546,1.001,55.044,9396,18747,1.860,1.890,1.190,1,0,7.006,0,0,25,263,5,17,0
22-05 13:49:54,24.063,6.266,68.179,0.251,0,5507332,153836,189664,2106504,6009.788,1570.125,0,1347.540,0,7.018,9571,19415,1.870,1.900,1.190,1,0,13.034,0,0,25,263,5,17,0
22-05 13:49:55,23.753,5.251,70.259,0,0,5460652,214140,189716,2093876,6325.803,1620.206,0,536.068,0,18.002,2012,3198,1.870,1.900,1.190,1,0,15.002,0,0,25,263,5,16,0
22-05 13:49:56,25.173,3.489,69.787,0,0,5474268,199768,189728,2094620,6097.366,1615.064,0,490.501,0,6.979,2326,3672,1.870,1.900,1.190,1,0,49.848,0,0,25,263,5,16,0
22-05 13:49:57,27.005,6.001,67.013,0,0,5483028,190484,189736,2095136,6220.232,1512.299,0,560.111,0,8.002,9243,18136,1.870,1.900,1.190,1,0,11.002,0,0,25,263,5,17,0
22-05 13:49:58,21.995,2.499,74.733,0.250,0,5507028,160808,189744,2100612,11262.443,3958.102,0,819.814,0,10.998,1738,2573,1.870,1.900,1.190,1,0,2.999,0,0,25,263,5,16,0
22-05 13:49:59,22.993,3.999,72.478,0,0,5502416,164244,189744,2101628,10479.856,2817.155,0,3.999,0,1.000,1814,2840,1.800,1.880,1.190,0,0,5.998,0,0,25,264,5,16,0
22-05 13:50:00,22.835,5.019,71.014,0,0,5507828,151756,189772,2107812,8880.957,3303.258,0,1497.557,0,42.156,5809,11249,1.800,1.880,1.190,6,0,9.034,0,0,25,263,4,16,0
22-05 13:50:01,23.934,7.479,66.318,0.249,0,5508472,150660,189836,2108136,6196.995,1561.715,0,6510.136,0,254.302,11916,23497,1.800,1.880,1.190,1,0,20.943,0,0,25,263,4,16,0
22-05 13:50:02,24.314,6.016,69.683,0.251,0,5474760,198032,189920,2095348,7040.517,1624.272,0,1808.757,0,149.393,2215,3479,1.800,1.880,1.190,1,0,8.021,0,0,25,263,4,16,0
22-05 13:50:03,25.162,2.990,70.004,0.249,0,5483096,189888,189940,2095288,5694.031,1506.716,0,697.554,0,52.815,2074,3344,1.800,1.880,1.190,1,0,7.972,0,0,25,263,4,16,0
22-05 13:50:04,22.262,8.255,69.038,0,0,5471036,197264,189940,2099972,7287.987,1566.857,0,8.004,0,2.001,7953,15204,1.740,1.870,1.190,1,0,98.054,0,0,25,263,4,15,0
22-05 13:50:05,24.243,4.749,69.229,0,0,5480988,175376,190028,2110764,5656.258,1713.472,0,11.996,0,2.999,7031,13263,1.740,1.870,1.190,1,0,3.999,0,0,25,263,4,15,0
22-05 13:50:06,17.998,2.250,78.492,0.500,0,5494000,161932,190036,2111124,22667.756,9843.026,4.000,2171.785,1.000,30.997,1870,2801,1.740,1.870,1.190,1,0,0,0,0,25,264,4,15,0
22-05 13:50:07,14.745,1.499,82.470,0.500,0,5494144,161484,190084,2111348,63873.558,16833.822,0,1531.438,0,53.980,2115,3179,1.740,1.870,1.190,2,0,0,0,0,25,265,4,15,0
22-05 13:50:08,9.500,2.000,87.251,0.750,0,5493808,161484,190116,2111588,122149.832,11522.173,0,1288.019,0,53.001,1965,3109,1.740,1.870,1.190,1,0,0,0,0,25,265,4,15,0
22-05 13:50:09,21.288,3.256,74.884,0.250,0,5511440,143804,190140,2111612,19418.740,10616.994,0,1025.835,0,34.061,2039,3200,1.600,1.830,1.180,2,0,0,0,0,25,265,4,15,0
22-05 13:50:10,20.714,0.998,76.118,0.749,0,5520528,134260,190208,2112064,242662.437,15955.413,0,1673.107,0,71.876,2331,3476,1.600,1.830,1.180,1,0,0.998,0,0,25,265,4,15,0
22-05 13:50:11,14.007,3.002,81.042,1.751,0,5520512,134036,190300,2112208,150011.606,22784.939,52.027,3189.671,8.004,160.084,2571,3863,1.600,1.830,1.180,1,0,0,0,0,25,265,4,15,0
22-05 13:50:12,17.288,3.257,77.170,0.752,0,5523100,126696,189960,2117908,5078418.442,48292.195,96.212,4874.720,6.013,51.112,3557,3673,1.600,1.830,1.180,0,1,2.004,0,0,25,265,4,15,0
22-05 13:50:13,19.014,6.255,73.556,1.501,0,5523572,127824,189332,2118032,3515829.451,23280.577,10119.640,6508.914,63.048,121.091,3652,3869,1.600,1.830,1.180,1,0,3.002,0,0,25,265,4,15,0
22-05 13:50:14,21.178,7.225,68.766,1.744,0,5539316,128240,191764,2100836,6275.669,1614.512,0,5333.870,0,133.546,3182,3616,1.550,1.820,1.180,2,0,0.997,0,0,25,265,4,15,0
22-05 13:50:15,25.757,4.251,69.269,0.250,0.250,5545152,137840,191424,2086376,5680.539,1586.430,0,1616.438,0,64.017,2054,3286,1.550,1.820,1.180,4,0,2.001,0,0,25,265,4,15,0
22-05 13:50:16,26.494,7.498,64.735,1.000,0,5540164,131332,191596,2099188,6924.442,1619.636,0,18323.877,0,146.967,3474,6354,1.550,1.820,1.180,1,0,0,0,0,25,265,4,15,0
22-05 13:50:17,24.747,12.249,61.493,1.500,0,5553004,127988,193000,2088148,5474.381,1565.823,0,190090.520,0,874.901,5014,6271,1.550,1.820,1.180,1,0,0,0,0,25,265,4,16,0
22-05 13:50:18,26.254,4.751,67.261,0.750,0,5562984,138264,192300,2067476,6837.135,1620.269,0,4476.743,0,288.048,3465,3613,1.550,1.820,1.180,1,0,0,0,0,25,265,4,15,0
22-05 13:50:19,21.326,2.760,75.519,0.251,0.251,5470336,255896,192692,2041564,11462.854,4132.729,24.086,1344.793,4.014,39.139,1917,2987,1.510,1.810,1.180,1,0,1.004,0,0,25,263,4,15,0
22-05 13:50:20,24.689,4.738,70.326,0.249,0,5517764,208568,192716,2041464,5098.356,2669.380,0,590.535,0,10.973,1884,2845,1.510,1.810,1.180,0,0,8.978,0,0,25,264,4,13,0
22-05 13:50:21,22.050,2.756,74.420,0,0,5500576,218812,192980,2047716,9821.412,2781.347,0,1647.760,0,32.073,1764,2921,1.510,1.810,1.180,1,0,2.005,0,0,25,263,4,13,0
22-05 13:50:22,20.681,4.236,73.755,0,0,5521952,196016,192984,2049004,11670.278,4396.413,0,22573.102,0,118.606,1981,2745,1.510,1.810,1.180,4,0,3.987,0,0,25,264,4,12,0
22-05 13:50:23,25.329,7.273,67.210,0.502,0,5516128,195520,193548,2053988,5185.183,1873.848,0,1332.158,0,37.116,8847,17741,1.510,1.810,1.180,2,0,14.044,0,0,25,263,4,12,0
22-05 13:50:24,25.504,6.001,66.759,0,0,5505288,206032,193628,2054172,4945.683,1532.211,0,2428.335,0,28.004,9207,18276,1.460,1.790,1.180,1,0,10.001,0,0,25,263,4,10,0
22-05 13:50:25,23.186,5.734,70.804,0,0,5506096,205024,193676,2054292,4742.900,1615.538,0,370.975,0,17.950,1928,2972,1.460,1.790,1.180,2,0,9.972,0,0,25,263,4,10,0
22-05 13:50:26,23.015,5.253,69.794,0.250,0,5466016,258776,193696,2041892,5188.300,1621.031,296.188,1088.692,9.006,32.020,1963,3079,1.460,1.790,1.180,1,0,6.004,0,0,25,263,4,7,0
22-05 13:50:27,24.996,5.749,67.740,3.000,0,5489524,230384,193760,2046552,5373.199,1457.783,2351.650,2195.673,318.952,39.994,3400,5660,1.460,1.790,1.180,1,0,2.000,0,0,25,264,4,8,0
22-05 13:50:28,27.583,4.764,65.699,0.502,0,5497840,221816,193808,2046756,11370.395,1624.915,20.061,858.597,2.006,88.267,4701,9684,1.460,1.790,1.180,1,0,1.003,0,0,25,265,4,8,0
22-05 13:50:29,25.720,3.496,68.671,0.499,0,5499672,219580,193860,2047112,11269.074,1618.144,307.647,4434.913,18.978,462.470,4703,8442,1.590,1.810,1.190,1,0,0,0,0,25,270,4,11,0
22-05 13:50:30,28.997,3.750,64.993,1.750,0,5499664,217368,194028,2049164,5253.417,1619.820,1571.826,2471.726,113.987,259.971,4488,8609,1.590,1.810,1.190,5,0,4.999,0,0,25,274,4,11,0
22-05 13:50:31,15.763,16.263,65.803,0.500,0,5460664,256220,194096,2049244,11125.968,1459.176,144.116,1637.320,2.002,133.107,4040,7011,1.590,1.810,1.190,3,0,233.188,0,0,25,273,4,11,0
22-05 13:50:32,12.741,17.238,68.701,0.500,0,5466588,249244,194112,2050280,9174.504,1692.801,895.366,451.680,12.991,24.982,3121,4814,1.590,1.810,1.190,3,0,210.851,0,0,25,273,4,13,0
22-05 13:50:33,15.775,4.006,68.611,11.018,0,5437460,241432,194192,2087140,6115.859,1622.616,36919.514,3481.612,2489.012,193.312,7353,9272,1.590,1.810,1.190,0,1,11.018,0,0,25,273,4,13,0
22-05 13:50:34,8.707,3.234,84.332,2.736,0,5440524,230344,194200,2095160,16453.489,3135.467,7960.563,987.110,1044.824,10.946,3861,5115,1.460,1.780,1.180,0,0,5.970,0,0,25,274,4,13,0
22-05 13:50:35,5.756,1.502,93.606,0,0,5441276,229588,194200,2095164,44950.704,4492.067,0,16.018,0,4.005,1594,2774,1.460,1.780,1.180,0,0,0,0,0,25,274,4,13,0
22-05 13:50:36,6.744,2.748,88.926,0.250,0,5424048,244964,194364,2096852,79811.597,119504.572,1786.514,1063.115,26.978,19.983,1844,3007,1.460,1.780,1.180,1,0,26.978,0,0,25,273,4,13,0
22-05 13:50:37,4.749,1.750,93.486,0,0,5424044,244964,194376,2096844,8826.711,1457.787,0,99.985,0,11.998,1582,2669,1.460,1.780,1.180,2,0,0,0,0,25,275,4,13,0
22-05 13:50:38,4.250,1.250,93.750,0,0,5424140,244740,194380,2096968,6959.986,1619.997,20.000,64.000,5.000,11.000,1567,2627,1.460,1.780,1.180,1,0,1.000,0,0,25,275,4,13,0
22-05 13:50:39,7.500,3.250,89.253,0.250,0,5415612,250640,194388,2099588,5722.183,1778.057,1988.064,112.004,28.001,12.000,1783,3009,1.420,1.770,1.180,0,0,4.000,0,0,25,275,4,13,0
22-05 13:50:40,6.251,2.500,90.009,0.250,0,5415596,249128,194404,2101100,5043.514,1458.149,1740.177,132.013,16.002,15.002,2025,3303,1.420,1.770,1.180,0,0,1.000,0,0,25,275,4,13,0
22-05 13:50:41,8.998,2.999,87.980,0.500,0,5418120,247112,194440,2100556,5129.836,1619.632,0,599.864,0,57.987,2273,3690,1.420,1.770,1.180,0,0,0,0,0,25,275,4,13,0
22-05 13:50:42,4.003,1.001,94.832,0,0,5417956,247112,194440,2100720,5044.358,1459.261,0,0,0,0,1457,2475,1.420,1.770,1.180,1,0,0,0,0,25,275,4,13,0
22-05 13:50:43,5.751,2.251,91.521,0.250,0,5425732,239304,194476,2101232,5170.163,1620.365,0,368.083,0,37.008,1813,3163,1.420,1.770,1.180,1,0,12.003,0,0,25,275,4,13,0
22-05 13:50:44,7.741,1.748,89.646,0,0,5405200,259824,194476,2100728,6421.564,1618.126,0,0,0,0,1944,5153,1.310,1.740,1.180,0,0,21.975,0,0,25,275,4,14,0
22-05 13:50:45,5.502,0.750,92.027,0,0,5405404,259600,194488,2100736,5424.562,1620.467,0,252.073,0,23.007,1770,3168,1.310,1.740,1.180,3,0,2.001,0,0,25,275,4,13,0
22-05 13:50:46,4.500,0.750,94.254,0.250,0,5405392,259600,194496,2100740,7275.306,1620.068,0,204.009,0,15.001,1710,2990,1.310,1.740,1.180,3,0,0,0,0,25,275,4,13,0
22-05 13:50:47,5.500,1.500,93.248,0,0,5405392,259600,194496,2100740,8021.864,1457.975,0,8.000,0,2.000,1641,2770,1.310,1.740,1.180,0,0,0,0,0,25,275,4,14,0
22-05 13:50:48,3.750,1.750,93.250,0,0,5406048,258928,194512,2100740,9192.963,1619.994,0,25919.896,0,110.000,1747,2832,1.310,1.740,1.180,0,0,0,0,0,25,275,4,14,0
22-05 13:50:49,4.004,0.751,94.344,0.250,0,5406032,258928,194512,2100748,5018.994,1695.687,0,2202.191,0,338.337,1980,2677,1.200,1.710,1.170,0,0,0,0,0,25,275,4,13,0
22-05 13:50:50,4.500,1.500,94.251,0,0,5406032,258928,194512,2100748,7850.071,1532.014,0,0,0,0,1478,2726,1.200,1.710,1.170,2,0,1.000,0,0,25,275,4,13,0
22-05 13:50:51,4.496,3.247,91.419,0.250,0,5412124,252816,194516,2100764,5636.035,1618.574,15.986,331.708,0.999,24.978,1695,2863,1.200,1.710,1.170,0,0,0,0,0,25,275,4,13,0
22-05 13:50:52,5.501,0.500,92.770,0,0,5412376,252564,194516,2100764,16147.520,5166.126,0,32.007,0,4.001,1575,2639,1.200,1.710,1.170,0,0,0,0,0,25,275,4,13,0
22-05 13:50:53,4.247,2.498,92.189,0.250,0,5413608,251416,194532,2100768,5045.675,1618.933,0,29464.583,0,263.826,2172,3184,1.200,1.710,1.170,0,0,0,0,0,25,275,4,13,0
22-05 13:50:54,4.002,1.251,93.791,0.250,0,5413780,251416,194536,2100764,6880.973,1458.630,0,372.161,0,5.002,1550,2722,1.110,1.680,1.160,1,0,0,0,0,25,275,4,13,0
22-05 13:50:55,3.750,1.250,94.256,0,0,5413792,251416,194552,2100800,5533.343,1620.100,4.000,120.007,1.000,12.001,1484,2723,1.110,1.680,1.160,0,0,0,0,0,25,275,4,13,0
22-05 13:50:56,5.502,1.000,93.536,0,0,5414036,251168,194552,2100804,6049.353,1694.659,4.002,68.026,1.000,6.002,1532,2609,1.110,1.680,1.160,0,0,0,0,0,25,275,4,13,0
22-05 13:50:57,4.748,1.499,93.957,0,0,5413980,251168,194552,2100860,5919.283,1619.257,0,3.998,0,1.000,1540,2604,1.110,1.680,1.160,0,0,0,0,0,25,275,4,13,0
22-05 13:50:58,3.499,1.750,93.981,0,0,5413980,251168,194552,2100860,6453.683,1511.692,0,2179.555,0,5.999,1413,2483,1.110,1.680,1.160,0,0,0,0,0,25,275,4,13,0
22-05 13:50:59,3.500,0.750,94.749,0,0,5413980,251168,194552,2100860,5473.940,1565.983,0,4.000,0,1.000,1354,2498,1.020,1.650,1.160,0,0,0,0,0,25,275,4,13,0
22-05 13:51:00,3.995,1.498,93.392,0.250,0,5414224,250916,194560,2100860,5288.907,1618.136,0,579.333,0,25.970,1728,3182,1.020,1.650,1.160,1,0,1.998,0,0,25,275,4,13,0
22-05 13:51:01,4.255,1.752,93.606,0.501,0,5414204,250916,194572,2100868,5752.523,1621.839,0,428.486,0,34.039,1822,3277,1.020,1.650,1.160,1,0,1.001,0,0,25,275,4,13,0
22-05 13:51:02,3.501,0.500,94.017,0,0,5414200,250916,194572,2100872,5201.931,1620.290,0,0,0,0,1581,2777,1.020,1.650,1.160,0,0,0,0,0,25,275,4,13,0
22-05 13:51:03,4.999,1.000,93.237,0,0,5414176,250916,194596,2100872,5920.189,1619.778,0,571.922,0,49.993,1796,3020,1.020,1.650,1.160,1,0,0,0,0,25,275,4,13,0
22-05 13:51:04,6.251,0.750,94.258,0,0,5414176,250916,194596,2100872,5931.504,1694.144,0,4.000,0,1.000,1491,2633,0.940,1.630,1.150,0,0,0,0,0,25,275,4,13,0
22-05 13:51:05,2.750,0.500,94.265,0,0,5414396,250692,194596,2100876,7863.235,1458.229,0,744.117,0,138.022,1539,2644,0.940,1.630,1.150,2,0,0,0,0,25,275,4,13,0
22-05 13:51:06,4.250,0.250,94.748,0,0,5414396,250692,194596,2100876,6150.840,1133.971,0,0,0,0,1433,2523,0.940,1.630,1.150,0,0,0,0,0,25,275,4,13,0
22-05 13:51:07,7.274,2.006,90.292,0,0,5415216,249872,194600,2100872,224073.429,3142.159,212.688,0,6.019,0,1629,2709,0.940,1.630,1.150,3,0,7.023,0,0,25,275,4,13,0
22-05 13:51:08,12.744,5.497,80.709,0.250,0,5425016,239672,194604,2101268,233127.737,11092.421,175.912,275.861,7.996,6.996,2274,3338,0.940,1.630,1.150,0,0,31.984,0,0,25,275,4,13,0
