"pcp-dstat 5.3.6 CSV Output"
"Author:","PCP team <pcp@groups.io> and Dag Wieers <dag@wieers.com>",,,,"URL:","https://pcp.io/ and http://dag.wieers.com/home-made/dstat/"
"Host:","ubuntu",,,,"User:","ubuntu"
"Cmdline:","dstat -tcmndrylpg --tcp --output /tmp/devstack_logs/dstat-csv.log",,,,"Date:","23 Jul 2024 19:26:41 UTC"
"system","total usage",,,,,"memory usage",,,,"net/total",,"dsk/total",,"io/total",,"system",,"load avg",,,"procs",,,"paging",,"tcp sockets",,,,
"time","total usage:usr","total usage:sys","total usage:idl","total usage:wai","total usage:stl","used","free","buf","cach","net/total:recv","net/total:send","dsk/total:read","dsk/total:writ","read","writ","int","csw","1m","5m","15m","run","blk","new","in","out","lis","act","syn","tim","clo"
23-07 19:26:41,,1062492,1348664,166364,5215484,,,,,,,1.190,0.790,0.500,4,0,,,,9,4,6,10,2
23-07 19:26:42,60.742,26.497,12.248,0,0,1127544,1281604,166372,5216932,15538.058,6036.245,411.949,955.881,4.999,45.994,3432,6772,1.410,0.840,0.520,2,0,662.917,0,0,9,6,7,10,2
23-07 19:26:43,45.249,27.250,27.000,0.250,0,1080428,1326860,166376,5218680,941342.821,12720.822,383.995,1875.974,3.000,54.999,4484,6888,1.410,0.840,0.520,3,0,506.993,0,0,9,4,6,10,2
23-07 19:26:44,49.730,16.493,31.237,0.500,0,1188348,1189372,166620,5369964,12639.792,4126.300,0,3294.643,0,104.957,4546,6778,1.410,0.840,0.520,3,0,169.930,0,0,10,8,6,10,2
23-07 19:26:45,51.272,16.757,31.013,1.751,0,1185780,1165792,167900,5391588,961029.126,12031.210,80.035,6030.611,1.000,208.090,3389,4576,1.410,0.840,0.520,2,2,224.097,0,0,10,6,6,12,2
23-07 19:26:46,58.998,7.500,33.249,0.500,0,1184412,1160984,168672,5395176,16309.560,6969.812,0,5639.848,0,158.996,1753,1943,1.410,0.840,0.520,3,0,4.000,0,0,10,6,6,12,0
23-07 19:26:47,56.494,9.749,29.497,4.250,0,1264584,1074036,169012,5401616,964288.000,14094.421,0,30688.563,0,1651.815,16607,28620,1.620,0.900,0.530,4,0,27.997,0,0,10,6,6,12,0
23-07 19:26:48,49.499,11.750,26.500,9.750,0,1277832,1054348,169624,5407460,15663.765,4972.925,0,48267.276,0,3631.946,21436,37024,1.620,0.900,0.530,2,0,74.999,0,0,10,8,6,12,0
23-07 19:26:49,44.670,9.233,44.171,0.749,0,1140036,1190484,169668,5408968,910954.836,12819.988,0,4176.503,0,172.690,2393,3017,1.620,0.900,0.530,2,0,87.842,0,0,10,4,6,12,0
23-07 19:26:50,40.007,5.001,55.010,0,0,1071728,1258768,169672,5408968,5132.919,1714.307,0,1244.223,0,46.008,1578,1927,1.620,0.900,0.530,1,0,62.011,0,0,10,4,6,12,0
23-07 19:26:51,22.747,3.500,71.992,0.500,0,1154772,1175656,169732,5408976,4994.431,1639.813,0,6843.220,0,367.958,2037,2891,1.620,0.900,0.530,1,0,1.000,0,0,10,4,6,12,0
23-07 19:26:52,19.767,6.005,73.062,0,0,1075296,1255116,169740,5408984,7469.319,1695.434,0,128.108,0,10.008,1363,1737,1.730,0.930,0.550,1,0,84.071,0,0,10,4,6,12,0
23-07 19:26:53,9.491,18.982,70.434,0,0,1078496,1251748,169740,5409144,8749.810,1692.416,0,399.626,0,7.993,2387,3412,1.730,0.930,0.550,1,0,268.748,0,0,10,4,6,12,0
23-07 19:26:54,8.498,21.246,68.736,0,0,1079588,1250632,169740,5409164,6412.698,1511.693,0,27.994,0,6.999,2364,3428,1.730,0.930,0.550,1,0,267.946,0,0,10,4,6,12,0
23-07 19:26:55,15.530,16.783,66.128,0,0,1085500,1244568,169740,5409196,6778.129,1697.288,0,12.023,0,3.006,2920,9307,1.730,0.930,0.550,2,0,167.324,0,0,10,4,6,12,0
23-07 19:26:56,44.153,10.976,44.902,0,0,1210496,1119544,169740,5409720,4719.659,1616.458,0,0,0,0,2180,4170,1.730,0.930,0.550,2,0,129.716,0,0,10,5,6,12,0
23-07 19:26:57,48.767,3.751,47.767,0.250,0,1264560,1063440,169772,5411524,5207.828,1620.569,0,1276.448,0,77.027,1295,3497,1.750,0.950,0.560,2,0,0,0,0,10,5,6,12,0
23-07 19:26:58,16.741,11.244,70.210,0.250,0,1282752,1043456,169852,5412872,7507.758,1619.085,0,48488.604,0,271.846,2730,4427,1.750,0.950,0.560,0,0,119.932,0,0,10,4,6,13,0
23-07 19:26:59,0.500,0.500,98.020,0.250,0,1282748,1043456,169856,5412872,26541.414,1640.335,0,384.078,0,28.006,680,1058,1.750,0.950,0.560,0,0,0,0,0,10,4,6,13,0
23-07 19:27:00,22.499,4.750,72.998,0,0,1359272,966952,169880,5412872,22466.326,1693.949,0,0,0,0,1332,1458,1.750,0.950,0.560,1,0,20.999,0,0,10,4,6,13,0
23-07 19:27:01,23.272,2.252,72.567,1.001,0,1385740,940268,169904,5413060,5552.136,1587.468,0,1189.100,0,159.147,2270,3967,1.750,0.950,0.560,2,0,1.001,0,0,10,10,6,13,0
23-07 19:27:02,22.279,4.255,72.593,0.501,0,1308976,1016936,169920,5413124,5407.928,1622.078,0,2639.381,0,178.228,1969,2944,1.690,0.950,0.560,1,0,42.054,0,0,10,4,6,15,0
23-07 19:27:03,22.694,3.741,72.073,0.249,0,1340056,985156,169924,5413756,6249.682,1689.858,231.433,12281.897,57.858,37.907,1840,2827,1.690,0.950,0.560,1,0,2.993,0,0,10,28,6,16,0
23-07 19:27:04,20.760,6.003,73.035,0.250,0,1350164,975028,169928,5413768,7012.352,1620.775,0,980.469,0,9.004,1208,1624,1.690,0.950,0.560,1,0,43.021,0,0,10,29,6,16,0
23-07 19:27:05,28.246,10.999,60.492,0,0,1361312,963848,169932,5413792,6255.156,1619.781,0,19.997,0,4.999,2000,2746,1.690,0.950,0.560,3,0,155.979,0,0,10,28,6,16,0
23-07 19:27:06,43.228,6.996,48.725,0,0,1426144,898680,169936,5414100,4612.606,1619.160,0,187.902,0,14.992,4844,8780,1.690,0.950,0.560,2,0,0,0,0,10,29,6,19,0
23-07 19:27:07,65.186,20.308,14.291,0,0,1496680,828032,169952,5414160,5184.818,1718.913,0,625.789,0,41.118,2753,4697,1.880,1,0.580,6,0,468.339,0,0,10,28,6,19,0
23-07 19:27:08,81.213,13.244,4.998,0,0,1575412,748932,169960,5414396,7347.635,1511.308,0,32721.014,0,92.957,6101,12406,1.880,1,0.580,7,0,162.925,0,0,10,29,6,19,0
23-07 19:27:09,51.771,11.004,36.265,0.250,0,1386396,937776,169968,5414560,5047.059,1620.661,0,544.222,0,29.012,3121,5913,1.880,1,0.580,2,0,200.082,0,0,10,29,6,19,0
23-07 19:27:10,23.444,8.230,67.091,0,0,1344676,979484,169968,5414572,7395.458,1616.166,0,283.328,0,24.941,2551,5876,1.880,1,0.580,1,0,93.778,0,0,10,28,6,19,0
23-07 19:27:11,21.282,5.258,72.611,0.250,0,1317380,1006756,169976,5414584,9225.087,1622.478,0,92.141,0,12.018,2043,3356,1.880,1,0.580,2,0,46.070,0,0,10,28,6,19,0
23-07 19:27:12,21.469,5.243,73.395,0,0,1379628,944500,169976,5414592,5579.033,1617.690,0,115.835,0,5.991,1319,1841,1.810,1,0.580,1,0,21.969,0,0,10,28,6,19,0
23-07 19:27:13,14.250,14.500,69.752,0.250,0,1322208,1001880,169984,5414620,4103.107,1620.042,0,12800.333,0,65.002,2811,4284,1.810,1,0.580,1,0,198.005,0,0,10,28,6,19,0
23-07 19:27:14,9.001,21.001,68.004,0,0,1319992,1004096,169984,5414620,5380.339,1620.102,0,304.019,0,11.001,2411,3064,1.810,1,0.580,2,0,306.019,0,0,10,28,6,19,0
23-07 19:27:15,56.621,26.807,17.287,0,0,1495904,828124,169996,5414668,4958.587,1535.278,0,925.977,0,63.135,2760,4650,1.810,1,0.580,5,0,535.143,0,0,10,28,6,19,0
23-07 19:27:16,80.520,12.714,5.484,0.249,0,1565768,757732,170000,5415192,6438.573,1689.166,0,199.429,0,17.949,5762,10879,1.810,1,0.580,6,0,0.997,0,0,10,30,6,18,0
23-07 19:27:17,83.997,11.534,4.263,0,0,1465264,857868,170016,5415544,5294.539,1624.769,0,473.389,0,60.177,4709,9130,2.060,1.070,0.600,5,0,161.474,0,0,10,28,6,18,0
23-07 19:27:18,75.500,19.750,3.750,0,0,1624164,698664,170020,5415744,8629,1662,0,70288,0,545,5830,11187,2.060,1.070,0.600,7,0,150,0,0,10,30,6,18,0
23-07 19:27:19,70.652,13.232,13.981,0,0,1447616,874892,170028,5416112,7637.460,1659.710,0,4933.192,0,164.773,5211,11777,2.060,1.070,0.600,2,0,199.724,0,0,10,29,6,18,0
23-07 19:27:20,42.809,9.263,47.816,0.250,0,1395364,927072,170044,5416148,8486.771,1664.308,0,745.033,0,39.054,3674,6900,2.060,1.070,0.600,2,0,104.144,0,0,10,28,6,19,0
23-07 19:27:21,41.492,9.498,47.741,0,0,1390820,931428,170052,5416316,6739.719,1457.723,0,771.853,0,26.995,3996,7913,2.060,1.070,0.600,3,0,77.985,0,0,10,29,6,21,0
23-07 19:27:22,60.260,16.253,23.254,0,0,1485992,836212,170052,5416360,10028.695,1620.274,0,276.047,0,15.003,2344,3357,2.140,1.100,0.620,3,0,300.051,0,0,10,28,6,20,1
23-07 19:27:23,60.746,15.749,21.998,0.250,0,1397100,924300,170060,5417152,6068.575,1693.881,0,1611.887,0,50.996,4850,11709,2.140,1.100,0.620,4,0,257.982,0,0,10,28,6,22,0
23-07 19:27:24,81.843,10.230,7.486,0,0,1569396,751932,170068,5417216,6363.782,1690.754,0,219.578,0,7.985,3274,6397,2.140,1.100,0.620,2,0,0,0,0,10,32,6,23,0
23-07 19:27:25,66.877,16.531,16.782,0.250,0,1421872,899080,170080,5417572,6343.058,1623.085,0,689.310,0,40.076,5242,13656,2.140,1.100,0.620,3,0,324.617,0,0,10,28,6,25,0
23-07 19:27:26,63.252,6.750,30.001,0,0,1506968,813932,170088,5417612,5965.209,1620.057,0,292.010,0,22.001,4611,9891,2.140,1.100,0.620,3,0,0,0,0,10,30,6,28,0
23-07 19:27:27,60.749,17.500,20.000,0,0,1485684,834992,170108,5417812,4960.936,1619.979,0,463.994,0,35.000,3167,5547,2.210,1.130,0.630,3,0,298.996,0,0,10,28,6,29,0
23-07 19:27:28,57.500,14.750,27.000,0,0,1344316,976160,170116,5418004,4725.038,1458.012,0,364.003,0,30.000,5575,12521,2.210,1.130,0.630,3,0,289.002,0,0,10,28,6,33,0
23-07 19:27:29,66.001,7.750,26.000,0,0,1514524,805920,170116,5418036,8248.107,1620.021,0,236.003,0,12.000,2083,3433,2.210,1.130,0.630,3,0,0,0,0,10,30,6,33,0
23-07 19:27:30,61.999,10.000,27.000,0.250,0,1436324,883896,170124,5418248,39279.332,1619.972,0,371.994,0,40.999,3220,7853,2.210,1.130,0.630,3,0,111.998,0,0,10,28,6,31,0
23-07 19:27:31,62.496,11.499,25.748,0,0,1455896,864104,170140,5418436,7282.476,1693.878,0,507.963,0,39.997,4429,9898,2.210,1.130,0.630,4,0,121.991,0,0,10,28,6,32,0
23-07 19:27:32,79.507,18.252,2.000,0,0,1560388,759560,170140,5418488,6912.622,1620.146,0,268.024,0,20.002,2262,3705,2.430,1.200,0.650,7,0,352.032,0,0,10,29,6,32,0
23-07 19:27:33,80.000,17.250,2.250,0,0,1443228,876268,170152,5418896,5675.989,1619.997,0,631.999,0,52.000,5046,9830,2.430,1.200,0.650,8,0,316.999,0,0,10,28,5,32,0
23-07 19:27:34,83.729,14.246,2.000,0,0,1556028,763264,170164,5419100,4667.833,1619.595,0,1071.732,0,41.990,3608,6821,2.430,1.200,0.650,8,0,168.958,0,0,10,29,5,33,0
23-07 19:27:35,78.021,19.005,2.751,0,0,1491116,827940,170164,5419324,6137.620,1512.399,0,228.060,0,14.004,4270,12611,2.430,1.200,0.650,5,0,324.086,0,0,10,29,5,33,0
23-07 19:27:36,55.300,23.521,19.017,0,0,1327928,990872,170164,5419568,16014.461,1567.415,0,216.195,0,12.011,6920,16526,2.430,1.200,0.650,3,0,594.537,0,0,10,28,5,34,0
23-07 19:27:37,9.733,24.956,65.635,0,0,1325896,992764,170164,5419704,6684.249,1617.157,0,219.614,0,11.979,2544,3448,2.320,1.190,0.660,1,0,375.340,0,0,10,28,5,34,0
23-07 19:27:38,7.238,23.212,68.387,0,0,1325212,993408,170164,5419744,6646.993,1617.322,0,187.689,0,8.985,2443,3089,2.320,1.190,0.660,1,0,293.514,0,0,10,28,5,34,0
23-07 19:27:39,36.588,33.581,29.070,0,0,1425244,893328,170176,5419776,8051.468,1623.927,0,789.910,0,50.121,3187,6010,2.320,1.190,0.660,6,0,810.961,0,0,10,28,5,31,0
23-07 19:27:40,79.497,17.249,3.000,0.500,0.250,1568172,750328,170188,5419836,5062.797,1619.935,0,1103.956,0,36.999,4357,8625,2.320,1.190,0.660,6,0,255.990,0,0,10,28,5,31,0
23-07 19:27:41,77.997,17.999,3.000,0,0,1488964,829420,170200,5419936,5483.770,1693.929,0,575.976,0,48.998,4250,9916,2.320,1.190,0.660,6,0,458.981,0,0,10,28,5,31,0
23-07 19:27:42,82.503,14.500,2.500,0,0,1567320,750452,170216,5420508,4643.149,1586.051,0,2124.068,0,128.004,5690,12291,2.610,1.270,0.680,8,0,168.005,0,0,10,29,6,31,0
23-07 19:27:43,85.270,11.469,3.241,0,0,1551328,765788,170236,5421128,5448.284,1615.636,0,299.192,0,29.919,6719,17957,2.610,1.270,0.680,9,0,53.855,0,0,10,29,5,31,0
23-07 19:27:44,83.725,13.536,1.504,0,0,1566312,750388,170252,5421504,6123.491,1698.574,0,352.950,0,35.095,5312,15284,2.610,1.270,0.680,7,0,84.227,0,0,10,29,5,32,0
23-07 19:27:45,81.258,14.752,4.000,0,0,1620308,695884,170268,5421932,6218.641,1566.161,0,760.078,0,23.002,11297,28180,2.610,1.270,0.680,8,0,65.007,0,0,10,30,5,32,0
23-07 19:27:46,79.094,17.216,3.244,0,0,1578068,736920,170268,5423060,5987.169,1616.805,0,930.162,0,9.980,5709,14412,2.610,1.270,0.680,7,0,63.874,0,0,10,29,5,32,0
23-07 19:27:47,78.398,17.783,2.755,0,0,1593796,720148,170332,5423992,122269.110,9565.001,0,1037.953,0,36.068,6845,14888,2.880,1.350,0.710,7,0,160.302,0,0,10,32,5,30,0
23-07 19:27:48,80.489,13.248,5.249,0,0,1532156,780332,170544,5425228,58296.897,6421.107,0,1223.830,0,65.991,4677,11260,2.880,1.350,0.710,7,0,103.986,0,0,10,32,5,30,0
23-07 19:27:49,81.016,12.503,5.251,0,0,1517864,792244,170640,5427368,140952.472,4035.815,0,11442.311,0,296.060,6751,14124,2.880,1.350,0.710,6,0,117.024,0,0,10,31,5,30,0
23-07 19:27:50,80.252,14.250,5.250,0,0,1595480,713996,170732,5427748,29715.683,5880.135,0,1112.026,0,43.001,5287,10910,2.880,1.350,0.710,6,0,35.001,0,0,10,31,6,30,0
23-07 19:27:51,79.996,14.249,5.500,0,0,1573656,734964,170888,5428396,28272.756,8429.629,0,1479.935,0,87.996,6580,20235,2.880,1.350,0.710,6,0,133.994,0,0,10,31,6,30,0
23-07 19:27:52,84.497,13.250,1.500,0,0,1595380,712280,171040,5429036,58713.239,6458.806,0,1055.968,0,42.999,4233,9827,3.130,1.430,0.740,5,1,94.997,0,0,10,33,6,31,0
23-07 19:27:53,82.247,13.250,4.250,0,0,1544244,762692,171192,5429504,32229.904,9114.690,0,1511.949,0,87.997,5136,12122,3.130,1.430,0.740,6,0,91.997,0,0,10,31,6,31,0
23-07 19:27:54,79.733,13.747,6.749,0,0,1607612,697260,171336,5431352,336004.759,9620.931,0,1523.672,0,46.990,6246,13394,3.130,1.430,0.740,7,0,67.985,0,0,10,31,6,31,0
23-07 19:27:55,80.767,14.253,4.001,0,0,1577704,724536,171484,5433636,873009.824,18745.011,0,1204.258,0,51.011,6091,15355,3.130,1.430,0.740,6,0,124.027,0,0,10,31,6,31,0
23-07 19:27:56,82.258,14.251,2.750,0,0,1533120,761092,171896,5440156,559642.606,8397.789,0,2520.237,0,48.005,3472,6674,3.130,1.430,0.740,6,0,176.017,0,0,10,30,6,31,0
23-07 19:27:57,79.491,17.248,4.000,0,0,1614176,679380,172040,5440620,22375.539,6204.318,0,1199.868,0,58.994,6785,13387,3.280,1.490,0.760,6,0,68.992,0,0,10,32,6,31,0
23-07 19:27:58,78.253,13.250,8.000,0,0,1466180,826788,172136,5440964,15353.522,5839.199,0,968.033,0,46.002,3885,10667,3.280,1.490,0.760,5,0,119.004,0,0,10,30,6,31,0
23-07 19:27:59,80.019,13.253,5.501,0,0,1632812,659292,172284,5441564,67143.047,6448.541,0,1292.309,0,73.017,5633,9689,3.280,1.490,0.760,6,0,26.006,0,0,10,31,6,30,0
23-07 19:28:00,82.231,15.246,2.749,0.250,0,1489660,801676,172392,5442044,62341.537,4248.014,0,683.841,0,33.992,4026,9975,3.280,1.490,0.760,5,0,238.945,0,0,10,30,6,30,0
23-07 19:28:01,79.750,9.750,9.000,0.500,0,1560100,730308,172592,5442624,114745.771,12201.976,0,1767.996,0,80.000,4449,10313,3.280,1.490,0.760,6,0,43.000,0,0,10,31,6,30,0
23-07 19:28:02,81.745,12.749,5.250,0.250,0,1534828,719264,172700,5477696,18097818.544,76979.919,0,18382.787,0,59.996,7379,6722,3.420,1.550,0.790,6,1,114.992,0,0,10,30,6,30,0
23-07 19:28:03,75.506,14.001,9.251,0,0,1514020,719364,173008,5497512,10106696.536,47561.805,0,13293.063,0,210.017,8616,12593,3.420,1.550,0.790,5,0,132.011,0,0,10,34,6,28,0
23-07 19:28:04,83.997,14.499,1.250,0,0,1599908,632736,173156,5497820,107177.249,4862.830,0,1083.962,0,47.998,2155,2980,3.420,1.550,0.790,7,0,133.995,0,0,10,35,6,28,0
23-07 19:28:05,80.496,11.499,7.000,0,0,1567760,663540,173208,5499004,5439.744,1767.917,71.997,475.978,1.000,10.000,4965,11384,3.420,1.550,0.790,6,0,91.996,0,0,10,34,6,28,0
23-07 19:28:06,83.004,14.001,2.500,0,0,1564884,665868,173280,5499356,5948.303,1620.083,0,872.044,0,35.002,3244,5570,3.420,1.550,0.790,6,0,99.005,0,0,10,34,6,28,0
23-07 19:28:07,79.501,15.500,5.250,0,0,1484320,745788,173336,5499932,5195.062,1620.019,0,860.010,0,55.001,4674,10492,3.630,1.620,0.820,5,0,187.002,0,0,10,34,6,25,0
23-07 19:28:08,78.494,16.249,3.750,0,0,1530136,692216,173708,5506352,5023.643,1619.885,0,435.969,0,28.998,3941,9046,3.630,1.620,0.820,4,0,230.984,0,0,10,36,6,25,0
23-07 19:28:09,82.755,13.751,3.250,0,0,1539888,679304,174128,5508348,5053.334,1620.107,0,1672.110,0,34.002,3134,7531,3.630,1.620,0.820,4,0,198.013,0,0,10,35,6,25,0
23-07 19:28:10,79.492,13.499,6.499,0.250,0.250,1523660,694772,174192,5509040,6376.337,1457.848,0,7995.169,0,270.972,5940,17565,3.630,1.620,0.820,5,0,129.986,0,0,10,35,6,28,0
23-07 19:28:11,81.813,13.220,3.243,0.998,0,1552848,637132,174460,5535780,6685.756,1616.315,0,5675.061,0,144.670,2761,3756,3.630,1.620,0.820,5,0,34.920,0,0,10,35,6,27,0
23-07 19:28:12,74.670,13.781,9.271,0.752,0,1477320,658412,175812,5583592,7343.736,1697.869,0,4165.493,0,141.322,8590,16965,4.060,1.740,0.860,5,0,35.080,0,0,10,34,6,29,0
23-07 19:28:13,67.493,15.248,16.998,0,0,1510544,570556,187428,5615204,5830.376,1619.827,0,5227.441,0,24.997,2613,4710,4.060,1.740,0.860,4,0,198.979,0,0,10,36,6,29,0
23-07 19:28:14,63.514,10.502,25.256,0.250,0,1478136,592388,188476,5622488,5042.129,1620.363,0,10394.328,0,79.018,3636,7598,4.060,1.740,0.860,4,0,70.016,0,0,10,34,6,30,0
23-07 19:28:15,63.248,12.750,22.499,0,0,1485116,584976,188488,5622892,7636.710,1619.938,0,747.972,0,38.999,11887,24514,4.060,1.740,0.860,4,0,87.997,0,0,10,34,6,31,0
23-07 19:28:16,55.699,21.230,23.229,0,0,1496356,573484,188496,5623132,8381.264,1618.506,0,1946.204,0,114.894,2973,4574,4.060,1.740,0.860,4,0,301.722,0,0,10,34,6,31,0
23-07 19:28:17,59.550,13.261,26.022,0,0,1402936,713560,188500,5578328,8216.960,1807.531,0,856.726,0,23.019,4845,8810,3.970,1.760,0.870,4,0,165.140,0,0,10,32,6,31,0
23-07 19:28:18,71.011,16.252,12.002,0,0,1521204,582796,188504,5590752,6197.936,1662.251,76.011,1424.215,1.000,14.002,5990,12464,3.970,1.760,0.870,7,0,207.031,0,0,10,33,6,31,0
23-07 19:28:19,49.250,23.250,27.750,0,0,1379384,724124,188504,5591296,7724.969,1619.994,0,911.996,0,27.000,6564,12536,3.970,1.760,0.870,5,0,608.998,0,0,10,32,6,31,0
23-07 19:28:20,24.193,16.710,57.364,0.499,0,1341364,762372,188516,5591504,5172.720,1616.163,0,22167.375,0,652.451,4156,5766,3.970,1.760,0.870,2,0,329.218,0,0,10,32,6,30,0
23-07 19:28:21,19.506,6.252,73.271,0,0,1396740,706988,188516,5591512,6323.815,1736.498,0,152.044,0,10.003,1205,1521,3.970,1.760,0.870,1,0,54.016,0,0,10,32,6,30,0
23-07 19:28:22,18.240,7.996,72.709,0,0,1335896,767812,188516,5591532,5427.949,1693.049,0,231.870,0,19.989,2288,4114,3.740,1.750,0.870,2,0,93.947,0,0,10,32,6,28,0
23-07 19:28:23,22.759,3.251,73.780,0,0,1392088,711616,188516,5591536,10334.206,1694.690,0,180.073,0,11.004,1123,1678,3.740,1.750,0.870,2,0,0,0,0,10,32,6,28,0
23-07 19:28:24,22.246,3.999,72.487,0.250,0,1351936,751548,188516,5591756,5641.990,1457.739,0,203.963,0,19.996,2445,5318,3.740,1.750,0.870,2,0,29.995,0,0,10,32,6,27,0
23-07 19:28:25,22.752,3.000,73.007,0,0,1392728,710752,188516,5591760,7558.748,1694.168,0,144.014,0,10.001,1772,3703,3.740,1.750,0.870,3,0,0,0,0,10,33,6,27,0
23-07 19:28:26,20.479,5.994,71.676,0,0,1355140,748172,188516,5591928,5547.275,1618.330,0,139.856,0,5.994,2336,4494,3.740,1.750,0.870,1,0,55.942,0,0,10,32,6,24,0
23-07 19:28:27,23.275,3.253,73.328,0,0,1395704,707600,188520,5591932,6123.503,1621.722,0,212.225,0,20.021,1477,2700,3.520,1.740,0.870,2,0,0,0,0,10,32,6,24,0
23-07 19:28:28,18.795,8.270,72.923,0.251,0,1384244,719056,188520,5591936,8163.372,1623.853,0,144.343,0,7.017,1412,1830,3.520,1.740,0.870,1,0,93.221,0,0,10,32,6,20,0
23-07 19:28:29,20.449,5.985,72.320,0,0,1339716,763560,188524,5591956,6591.626,1689.803,0,219.455,0,18.953,2319,4013,3.520,1.740,0.870,1,0,98.755,0,0,10,32,6,20,0
23-07 19:28:30,23.496,2.750,73.489,0.250,0,1400412,702856,188524,5591964,42508.581,1693.744,0,479.928,0,20.997,1389,1987,3.520,1.740,0.870,1,0,0,0,0,10,32,6,14,0
23-07 19:28:31,21.562,6.519,72.206,0.501,0,1371392,731840,188532,5591992,7988.824,1536.389,0,2559.312,0,177.507,2671,4384,3.520,1.740,0.870,2,0,94.269,0,0,10,32,6,15,0
23-07 19:28:32,23.237,2.499,72.960,0,0,1398924,704148,188532,5592152,7051.108,1619.106,0,155.914,0,16.991,2252,4942,3.310,1.730,0.870,1,0,0,0,0,10,32,6,16,0
23-07 19:28:33,21.745,4.749,72.984,0,0,1393504,709564,188536,5592152,7673.304,1693.626,0,199.956,0,12.997,1147,1500,3.310,1.730,0.870,1,0,29.993,0,0,10,32,6,16,0
23-07 19:28:34,22.507,5.752,71.523,0,0.250,1336376,766656,188536,5592188,5818.897,1620.528,0,4.001,0,1.000,2727,6024,3.310,1.730,0.870,2,0,77.025,0,0,10,32,6,16,0
23-07 19:28:35,24.448,16.964,57.627,0.249,0.249,1402056,700496,188552,5592652,4745.868,1616.549,0,351.250,0,19.957,2908,4369,3.310,1.730,0.870,3,0,408.129,0,0,10,32,6,18,0
23-07 19:28:36,43.860,5.765,48.372,1.253,0,1525340,575280,188616,5594500,4799.084,1666.195,0,3428.633,0,209.528,2392,3550,3.310,1.730,0.870,4,0,17.043,0,0,10,36,6,17,0
23-07 19:28:37,39.996,7.249,42.495,9.999,0,1456608,638564,188956,5599552,5261.416,1767.804,0,25173.206,0,2424.731,12985,22789,3.370,1.760,0.890,4,0,111.988,0,0,10,36,6,17,0
23-07 19:28:38,41.275,7.755,41.775,7.755,0,1460796,632876,189408,5600588,4663.826,1512.917,0,34729.046,0,2768.678,12521,21308,3.370,1.760,0.890,3,0,27.016,0,0,10,32,6,16,0
23-07 19:28:39,45.970,4.747,48.218,0.999,0,1457716,635892,189452,5600608,5045.680,1564.970,0,6563.681,0,394.740,2273,2918,3.370,1.760,0.890,2,0,0.999,0,0,10,32,6,16,0
23-07 19:28:40,39.505,8.501,44.505,8.001,0,1521244,571408,189980,5601036,6130.723,1620.191,0,21862.580,0,2567.303,15156,27927,3.370,1.760,0.890,3,0,3.000,0,0,10,34,6,16,0
23-07 19:28:41,31.419,7.231,59.347,1.995,0,1384100,708384,190044,5601132,5019.081,1615.841,0,8861.191,0,754.059,4295,6446,3.370,1.760,0.890,1,0,98.746,0,0,10,32,6,16,0
23-07 19:28:42,21.999,3.250,73.747,0,0,1446848,645636,190044,5601132,6447.716,1619.929,0,107.995,0,7.000,1011,1366,3.180,1.750,0.890,2,0,2.000,0,0,10,32,6,16,0
23-07 19:28:43,23.501,3.250,72.504,0.500,0,1402196,690264,190056,5601144,6638.365,1620.089,0,6520.359,0,349.019,1865,2571,3.180,1.750,0.890,2,0,1.000,0,0,10,32,6,16,0
23-07 19:28:44,24.752,2.500,73.256,0.250,0,1449820,642636,190060,5601144,6692.555,1620.134,0,88.007,0,12.001,1000,1237,3.180,1.750,0.890,2,0,2.000,0,0,10,32,6,16,0
23-07 19:28:45,22.763,7.254,69.791,0,0,1411216,681296,190060,5601164,6628.878,1586.928,0,111445.195,0,325.190,1845,2440,3.180,1.750,0.890,2,0,1.001,0,0,10,32,6,16,0
23-07 19:28:46,22.979,3.247,74.183,0,0,1457452,634928,190060,5601176,7594.188,1638.530,0,0,0,0,862,1100,3.180,1.750,0.890,2,0,1.998,0,0,10,32,6,15,0
23-07 19:28:47,21.254,4.001,73.512,0,0,1426420,665948,190060,5601188,5097.867,1620.275,0,4.001,0,1.000,877,1112,3,1.740,0.890,3,0,1.000,0,0,10,32,6,15,0
23-07 19:28:48,23.300,3.257,73.657,0,0,1353036,739276,190060,5601236,5520.792,1623.468,0,0,0,0,879,1105,3,1.740,0.890,2,0,5.011,0,0,10,32,6,15,0
23-07 19:28:49,23.201,2.495,73.846,0,0,1423596,668716,190060,5601236,6835.707,1616.620,0,0,0,0,834,1086,3,1.740,0.890,2,0,0,0,0,10,32,6,15,0
23-07 19:28:50,23.501,3.500,72.754,0.250,0,1352164,740032,190068,5601336,6051.363,1714.103,0,19773.186,0,286.017,1352,1481,3,1.740,0.890,2,0,3.000,0,0,10,32,6,15,0
23-07 19:28:51,22.501,3.250,73.504,0,0,1366728,725528,190080,5601368,7392.451,1620.099,0,512.031,0,25.002,963,1238,3,1.740,0.890,2,0,1.000,0,0,10,32,6,15,0
23-07 19:28:52,22.513,3.252,73.794,0,0,1445348,646904,190080,5601368,7827.665,1512.902,0,4.002,0,1.001,876,1109,2.840,1.730,0.890,2,0,2.001,0,0,10,32,6,14,0
23-07 19:28:53,23.483,3.248,73.697,0,0,1382056,710176,190084,5601384,5622.923,1638.812,0,0,0,0,846,1024,2.840,1.730,0.890,2,0,0.999,0,0,10,32,6,14,0
23-07 19:28:54,22.252,3.250,74.005,0,0,1389216,702980,190084,5601420,7069.481,1694.115,0,0,0,0,883,1082,2.840,1.730,0.890,2,0,1.000,0,0,10,32,6,14,0
23-07 19:28:55,22.756,3.501,73.520,0,0,1454736,637460,190084,5601420,6436.777,1620.447,0,0,0,0,847,1060,2.840,1.730,0.890,2,0,2.001,0,0,10,32,6,14,0
23-07 19:28:56,14.005,13.505,72.276,0.250,0,1352320,739732,190092,5601556,6639.423,1620.592,0,336.123,0,49.018,1850,2536,2.840,1.730,0.890,2,0,183.067,0,0,10,32,6,14,0
23-07 19:28:57,8.495,21.237,68.959,0,0,1351692,740340,190092,5601576,5175.915,1619.035,0,643.616,0,6.996,2456,3455,2.700,1.710,0.900,3,0,306.817,0,0,10,32,6,14,0
23-07 19:28:58,8.998,19.745,70.231,0,0,1357448,734552,190096,5601604,7889.815,1619.551,0,383.894,0,7.998,2353,3327,2.700,1.710,0.900,1,0,257.929,0,0,10,32,6,14,0
23-07 19:28:59,9.753,18.756,69.521,0,0,1353184,738792,190096,5601628,7664.307,1512.455,0,184.055,0,2.001,2416,3293,2.700,1.710,0.900,2,0,279.084,0,0,10,32,6,14,0
23-07 19:29:00,7.755,20.262,70.041,0,0,1356468,735484,190100,5601648,40111.505,1620.950,0,176.103,0,9.005,2800,4063,2.700,1.710,0.900,1,0,314.184,0,0,10,32,6,14,0
23-07 19:29:01,22.484,4.247,73.697,0.250,0,1434916,657028,190108,5601640,6324.453,1638.822,0,319.770,0,22.983,1013,1271,2.700,1.710,0.900,1,0,1.999,0,0,10,32,6,14,0
23-07 19:29:02,23.747,2.000,73.990,0.250,0,1359768,732156,190108,5601656,5746.253,1619.789,0,483.937,0,90.988,1026,1128,2.560,1.700,0.900,1,0,1.000,0,0,10,32,6,14,0
23-07 19:29:03,22.754,2.500,73.514,0,0,1438944,653028,190108,5601636,6670.281,1620.311,0,0,0,0,766,1091,2.560,1.700,0.900,1,0,2.000,0,0,10,32,5,14,0
23-07 19:29:04,22.510,3.752,74.032,0,0,1364580,727368,190108,5601660,5546.407,1620.703,0,24.010,0,2.001,842,1100,2.560,1.700,0.900,1,0,1.000,0,0,10,32,5,14,0
23-07 19:29:05,23.996,2.000,73.738,0,0,1444732,647232,190108,5601644,5480.123,1511.758,0,0,0,0,932,1160,2.560,1.700,0.900,2,0,2.000,0,0,10,32,5,13,0
23-07 19:29:06,22.734,2.748,73.699,0,0,1380688,711260,190108,5601660,5232.390,1618.883,0,567.608,0,4.997,879,1095,2.560,1.700,0.900,1,0,0.999,0,0,10,32,5,13,0
23-07 19:29:07,21.251,4.750,73.754,0,0,1451252,640700,190112,5601652,4912.265,1620.087,0,100.005,0,2.000,902,1167,2.430,1.690,0.900,1,0,2.000,0,0,10,32,5,13,0
23-07 19:29:08,23.557,2.005,73.679,0,0,1390284,701676,190112,5601644,5111.411,1569.812,0,24.058,0,2.005,859,1103,2.430,1.690,0.900,1,0,3.007,0,0,10,32,5,13,0
23-07 19:29:09,23.249,2.250,74.247,0,0,1453536,638424,190112,5601644,6252.731,1619.930,0,0,0,0,835,1068,2.430,1.690,0.900,1,0,2.000,0,0,10,32,5,13,0
23-07 19:29:10,26.692,5.488,67.604,0,0,1400116,691828,190112,5601660,4538.220,1616.516,0,159.656,0,13.970,1546,10125,2.430,1.690,0.900,2,0,34.925,0,0,10,32,5,14,0
23-07 19:29:11,22.753,3.000,73.510,0,0,1452500,639440,190116,5601660,5462.737,1694.229,0,1912.258,0,27.004,977,1204,2.430,1.690,0.900,1,0,2.000,0,0,10,32,5,11,0
23-07 19:29:12,23.758,2.501,74.026,0,0,1403880,688072,190116,5601648,4113.431,1586.552,0,148.052,0,31.011,880,1001,2.320,1.680,0.900,2,0,1.000,0,0,10,32,5,11,0
23-07 19:29:13,22.750,3.250,73.749,0,0,1453244,638708,190116,5601648,4726.934,1619.977,0,24.000,0,1.000,862,1019,2.320,1.680,0.900,1,0,2.000,0,0,10,32,5,9,0
23-07 19:29:14,23.003,2.500,74.009,0,0,1399644,692376,190116,5601580,4795.571,1694.202,0,0,0,0,857,1058,2.320,1.680,0.900,1,0,1.000,0,0,10,32,5,9,0
23-07 19:29:15,22.992,2.749,73.725,0,0,1455840,636180,190116,5601580,5357.179,1565.468,0,91.969,0,1.000,883,1042,2.320,1.680,0.900,2,0,1.999,0,0,10,32,5,8,0
23-07 19:29:16,23.240,2.999,73.469,0,0,1403372,688568,190116,5601660,7365.921,1661.306,0,15.993,0,1.999,930,1073,2.320,1.680,0.900,1,0,1.000,0,0,10,32,5,8,0
23-07 19:29:17,22.256,3.501,73.770,0,0,1421412,670536,190116,5601652,6206.688,1620.441,0,60.016,0,2.001,898,1089,2.210,1.670,0.900,1,0,1.000,0,0,10,32,5,7,0
23-07 19:29:18,22.796,3.257,73.397,0,0,1346300,745628,190116,5601672,7014.042,1697.398,0,148.297,0,27.054,997,1113,2.210,1.670,0.900,1,0,5.010,0,0,10,32,5,7,0
23-07 19:29:19,22.750,2.750,73.999,0,0,1354756,737172,190116,5601672,8053.903,1511.982,0,20.000,0,1.000,902,1079,2.210,1.670,0.900,1,0,1.000,0,0,10,32,5,7,0
23-07 19:29:20,23.703,2.745,72.857,0,0,1434644,657292,190116,5601660,5716.761,1658.739,0,95.812,0,8.982,1060,1552,2.210,1.670,0.900,1,0,7.984,0,0,10,32,5,7,0
23-07 19:29:21,19.283,7.513,72.623,0,0,1354816,737108,190116,5601672,5532.377,1622.751,0,825.399,0,68.115,1550,2189,2.210,1.670,0.900,1,0,134.228,0,0,10,32,5,7,0
23-07 19:29:22,15.256,12.255,71.780,0,0,1396352,695516,190120,5601724,5017.097,1662.695,0,64.027,0,6.003,2088,3100,2.120,1.660,0.900,1,0,258.108,0,0,10,32,5,7,0
23-07 19:29:23,22.989,2.499,73.465,0,0,1354612,737048,190120,5601932,6667.819,1565.253,0,0,0,0,899,1132,2.120,1.660,0.900,1,0,8.996,0,0,10,32,5,7,0
23-07 19:29:24,22.711,3.494,73.375,0,0,1428988,662644,190120,5601960,8071.206,1617.236,0,0,0,0,907,1102,2.120,1.660,0.900,1,0,0,0,0,10,32,5,7,0
23-07 19:29:25,14.524,14.774,70.115,0,0,1353052,738504,190120,5602036,5650.249,1514.479,0,72.118,0,3.005,2363,3598,2.120,1.660,0.900,2,0,331.543,0,0,10,32,5,6,0
23-07 19:29:26,10.000,19.250,69.502,0,0,1358168,733356,190120,5602068,4735.114,1694.041,0,372.009,0,9.000,3033,4744,2.120,1.660,0.900,1,0,454.011,0,0,10,32,5,6,0
23-07 19:29:27,10.249,19.498,69.242,0,0,1355872,735620,190120,5602100,5898.328,1693.807,0,383.956,0,7.999,3000,4683,2.030,1.640,0.900,2,0,447.949,0,0,10,32,5,6,0
23-07 19:29:28,8.490,20.476,68.918,0,0,1352340,739132,190120,5602120,5305.665,1618.068,0,1198.569,0,13.983,3172,4978,2.030,1.640,0.900,1,0,502.400,0,0,10,32,5,6,0
23-07 19:29:29,10.515,20.779,68.595,0,0,1352504,738940,190120,5602148,9441.057,1622.244,0,1201.662,0,14.019,3150,4872,2.030,1.640,0.900,3,0,500.692,0,0,10,32,5,6,0
23-07 19:29:30,8.251,20.753,70.010,0,0,1354564,736856,190120,5602172,40195.788,1620.233,0,692.100,0,9.001,3008,4453,2.030,1.640,0.900,1,0,430.062,0,0,10,32,5,6,0
23-07 19:29:31,8.487,20.718,70.143,0,0,1355592,735796,190124,5602200,6508.030,1563.605,0,267.590,0,9.985,2800,4259,2.030,1.640,0.900,1,0,387.406,0,0,10,32,5,5,0
23-07 19:29:32,8.514,20.783,69.861,0,0,1356576,734784,190124,5602228,6119.767,1514.417,0,256.409,0,5.008,2659,3914,1.940,1.630,0.900,2,0,358.572,0,0,10,32,5,5,0
23-07 19:29:33,40.523,29.517,29.767,0,0.250,1430644,660652,190160,5602256,4729.677,1620.917,0,1220.691,0,79.045,4214,8271,1.940,1.630,0.900,7,0,948.537,0,0,10,32,5,9,0
23-07 19:29:34,81.747,16.499,1.250,0.250,0.250,1613860,464468,191296,5610276,5761.804,1619.945,3771.872,799.973,18.999,22.999,7757,3406,1.940,1.630,0.900,4,0,178.994,0,0,10,32,5,9,0
23-07 19:29:35,62.973,11.245,19.242,5.248,0,1609728,456804,191960,5620572,6125.415,1693.285,399.831,43217.762,3.998,3255.626,15939,27296,1.940,1.630,0.900,5,1,124.947,0,0,10,36,5,8,0
23-07 19:29:36,57.519,16.255,15.755,10.754,0,1661336,393428,192528,5631440,5304.729,1620.528,0,83223.131,0,6045.971,21034,38727,1.940,1.630,0.900,2,1,175.057,0,0,10,36,5,8,0
23-07 19:29:37,52.759,13.252,22.754,10.002,0,1603896,441168,192912,5640324,4874.843,1620.280,0,65671.361,0,5128.887,23054,39222,2.190,1.690,0.930,3,1,168.029,0,0,10,36,5,8,0
23-07 19:29:38,49.999,11.250,25.500,12.500,0,1571444,461900,193328,5651296,5562.894,1619.969,0,79142.496,0,6137.883,22689,37136,2.190,1.690,0.930,1,1,222.996,0,0,10,34,5,8,0
23-07 19:29:39,37.967,7.993,42.963,10.241,0,1570344,456104,193820,5657372,5200.476,1564.639,0,54013.009,0,4474.108,21223,38584,2.190,1.690,0.930,4,1,17.984,0,0,10,34,5,11,0
23-07 19:29:40,35.552,10.015,41.310,11.266,0,1577900,445696,194308,5659608,4894.111,1514.200,0,47052.367,0,4120.988,16605,31523,2.190,1.690,0.930,4,0,51.074,0,0,10,35,5,11,0
23-07 19:29:41,40.503,7.000,42.503,9.501,0,1578960,442672,194544,5661260,5642.361,1620.104,0,51639.305,0,4504.288,21718,39754,2.190,1.690,0.930,6,0,39.002,0,0,10,35,5,13,0
23-07 19:29:42,37.730,9.495,41.728,9.495,0,1551076,469060,194712,5662584,5808.979,1693.120,0,53576.140,0,4404.710,20133,34320,2.170,1.700,0.930,4,0,88.954,0,0,10,34,5,14,0
23-07 19:29:43,42.721,8.494,40.723,7.745,0,1574568,442852,194860,5665096,7747.817,1618.917,0,35112.510,0,3452.690,19455,32767,2.170,1.700,0.930,1,1,47.968,0,0,10,35,5,17,0
23-07 19:29:44,36.986,8.497,46.482,7.247,0,1541812,471692,195044,5668736,6741.378,1619.370,0,55554.389,0,4507.247,19254,35044,2.170,1.700,0.930,3,0,74.971,0,0,10,34,5,18,0
23-07 19:29:45,34.504,9.251,46.255,9.751,0,1573020,436412,195332,5672396,7399.829,1620.181,0,45141.056,0,3812.427,16042,31174,2.170,1.700,0.930,2,0,45.005,0,0,10,37,5,19,0
23-07 19:29:46,36.314,10.268,42.325,10.519,0,1518376,487724,195588,5675360,6253.062,1622.871,0,47628.254,0,4112.275,17765,37932,2.170,1.700,0.930,2,0,133.236,0,0,10,36,5,21,0
23-07 19:29:47,41.157,6.236,40.908,11.225,0,1578824,428504,195724,5673904,6816.656,1454.725,0,50055.325,0,4260.410,12295,32080,2.240,1.720,0.940,3,0,14.966,0,0,10,36,5,21,0
23-07 19:29:48,41.531,6.505,41.781,9.507,0,1548240,461108,195776,5671836,4942.722,1621.221,0,40490.489,0,3429.582,12536,27133,2.240,1.720,0.940,2,0,54.041,0,0,10,34,5,22,0
23-07 19:29:49,27.722,14.485,56.693,0.250,0,1398292,611148,195776,5671784,9429.448,1618.361,0,1642.336,0,106.892,3030,4767,2.240,1.720,0.940,1,0,248.748,0,0,10,32,5,22,0
23-07 19:29:50,20.987,5.247,73.206,0,0,1455104,554328,195776,5671788,6874.903,1712.979,0,839.500,0,49.970,1400,2038,2.240,1.720,0.940,1,0,22.986,0,0,10,33,5,22,0
23-07 19:29:51,21.748,5.499,71.993,0,0,1419672,589724,195776,5671824,6126.369,1619.833,0,487.950,0,27.997,2161,3688,2.240,1.720,0.940,1,0,42.996,0,0,10,32,5,22,0
23-07 19:29:52,23.497,3.000,72.741,0,0,1454696,554696,195776,5671828,9087.828,1693.782,0,931.880,0,41.995,1917,3559,2.300,1.740,0.950,1,0,0,0,0,10,32,5,22,0
23-07 19:29:53,10.771,19.036,69.132,0.250,0,1392400,616728,195776,5672072,5516.526,1697.238,0,468.895,0,27.052,2925,4400,2.300,1.740,0.950,1,0,451.862,0,0,10,32,5,22,0
23-07 19:29:54,43.266,17.757,39.515,0.250,0,1485384,523612,195796,5672184,7640.804,1458.535,0,1068.392,0,78.029,3417,5157,2.300,1.740,0.950,4,0,427.157,0,0,10,32,5,28,0
23-07 19:29:55,64.990,10.248,23.996,0,0.250,1694280,312716,195800,5673996,5621.129,1693.737,0,971.849,0,32.995,1567,1575,2.300,1.740,0.950,3,0,1.000,0,0,10,32,5,28,0
23-07 19:29:56,58.723,8.246,29.486,3.498,0,1779232,220564,195924,5680644,5541.456,1619.257,0,18403.553,0,1366.373,7567,12551,2.300,1.740,0.950,2,0,74.966,0,0,10,38,5,28,0
23-07 19:29:57,29.979,8.494,43.969,15.989,0,1784252,201188,196104,5694408,7183.986,1660.841,0,93222.930,0,7279.919,25571,49274,2.440,1.780,0.970,1,2,233.837,0,0,10,38,5,28,0
23-07 19:29:58,42.512,8.002,35.761,13.004,0,1783844,191640,196332,5703708,6039.776,1620.476,0,79915.495,0,6395.880,24741,44607,2.440,1.780,0.970,7,0,155.046,0,0,10,38,5,28,0
23-07 19:29:59,41.222,10.743,33.727,13.491,0,1703356,260684,196496,5714660,5614.121,1692.830,0,67977.028,0,5342.308,21965,37536,2.440,1.780,0.970,3,1,246.829,0,0,10,36,5,28,0
23-07 19:30:00,47.960,9.992,28.976,13.239,0,1766960,189660,196600,5721688,42896.610,1692.604,0,75353.833,0,5550.421,20867,36869,2.440,1.780,0.970,2,0,65.946,0,0,10,36,5,28,0
23-07 19:30:01,35.814,11.520,35.814,16.028,0,1666268,277096,196664,5734348,7373.095,1534.726,0,87118.723,0,6209.027,23901,41777,2.440,1.780,0.970,0,1,90.160,0,0,10,36,5,28,0
23-07 19:30:02,40.011,5.001,45.263,9.253,0,1664032,274576,196704,5738924,7759.219,1620.463,0,50330.394,0,4102.173,16361,28813,2.480,1.800,0.980,2,0,27.008,0,0,10,34,5,28,0
23-07 19:30:03,16.252,16.252,65.757,1.500,0,1414136,524452,196708,5738940,5752.593,1694.174,0,7972.821,0,494.051,3651,5187,2.480,1.800,0.980,1,0,249.026,0,0,10,32,5,28,0
23-07 19:30:04,21.997,3.750,73.241,0.250,0,1478648,459940,196708,5738940,7661.073,1619.804,0,3167.617,0,75.991,1192,1560,2.480,1.800,0.980,1,0,1.000,0,0,10,32,5,28,0
23-07 19:30:05,23.459,2.745,72.373,0.749,0,1527020,411556,196708,5738948,6783.075,1617.157,0,4080.826,0,246.567,1765,2456,2.480,1.800,0.980,1,0,0,0,0,10,38,5,28,0
23-07 19:30:06,21.740,3.998,73.216,0.250,0,1425020,513556,196708,5738948,6324.047,1619.244,0,147.931,0,14.993,1245,1667,2.480,1.800,0.980,1,0,26.987,0,0,10,32,5,28,0
23-07 19:30:07,23.304,2.756,73.670,0,0,1486152,452404,196708,5738948,4183.660,1772.092,0,3508.100,0,21.049,876,1205,2.360,1.780,0.980,1,0,1.002,0,0,10,32,5,28,0
23-07 19:30:08,23.745,2.749,73.234,0,0,1483716,454828,196708,5738952,4502.032,1457.687,0,419.910,0,21.995,1088,1576,2.360,1.780,0.980,2,0,2.000,0,0,10,34,5,28,0
23-07 19:30:09,14.258,32.519,53.281,0,0,1414476,524004,196712,5738980,4585.683,1620.948,0,620.363,0,40.023,4062,6720,2.360,1.780,0.980,3,0,815.477,0,0,10,32,5,28,0
23-07 19:30:10,18.970,37.192,42.933,0,0,1405256,532976,196712,5738868,6311.180,1617.483,0,227.646,0,30.952,5537,11349,2.360,1.780,0.980,1,0,1193.143,0,0,10,32,5,29,0
23-07 19:30:11,4.496,7.744,86.431,0,0,1407892,530468,196712,5739080,8643.146,1618.716,0,175.861,0,11.990,1447,2094,2.360,1.780,0.980,0,0,124.901,0,0,10,32,5,29,0
23-07 19:30:12,6.000,13.501,80.504,0,0,1404604,533160,196740,5739620,7891.426,1620.087,516.028,4.000,7.000,1.000,2049,2685,2.330,1.790,0.990,1,0,163.009,0,0,11,12,5,28,20
23-07 19:30:13,8.755,19.762,70.043,0,0,1400616,537112,196740,5739648,5664.450,1620.987,0,16.010,0,4.002,2416,3376,2.330,1.790,0.990,1,0,269.164,0,0,11,12,5,28,20
23-07 19:30:14,16.272,17.524,65.339,0,0,1407188,530320,196740,5740040,8280.261,1622.206,0,16.022,0,4.005,4988,8489,2.330,1.790,0.990,1,0,206.281,0,0,11,12,5,28,20
23-07 19:30:15,21.484,20.984,57.208,0.250,0,1445844,491012,196744,5740260,6748.000,1530.866,0,1406.957,0,227.831,3414,5048,2.330,1.790,0.990,2,0,332.753,0,0,13,12,5,28,20
23-07 19:30:16,10.009,19.517,68.811,0.250,0,1451828,484876,196744,5740752,6744.976,1695.502,0,324.287,0,10.009,2748,4493,2.330,1.790,0.990,1,0,263.233,0,0,13,12,5,28,20
23-07 19:30:17,23.007,21.007,54.267,0,0,1487828,448684,196744,5740596,5718.813,1620.514,0,8.003,0,1.000,5033,8662,2.310,1.790,0.990,4,0,240.076,0,0,13,12,5,28,20
23-07 19:30:18,12.231,19.221,67.148,0,0,1497852,438548,196744,5740696,7905.040,1617.553,0,239.637,0,14.977,2745,4138,2.310,1.790,0.990,2,0,260.606,0,0,15,12,5,28,20
23-07 19:30:19,14.266,18.521,65.075,0.250,0,1503556,432824,196744,5741048,7844.013,1621.864,0,388.446,0,26.030,4712,8640,2.310,1.790,0.990,1,0,223.257,0,0,15,12,5,28,20
23-07 19:30:20,47.515,15.255,35.511,0,0,1676484,259760,196776,5740868,6110.968,1662.535,0,548.177,0,3.001,2429,4595,2.310,1.790,0.990,14,0,104.033,0,0,17,12,5,28,20
23-07 19:30:21,83.748,16.250,0,0,0,1929952,122160,194668,5627892,5681.852,1457.962,271.993,0,3.000,0,2171,3158,2.310,1.790,0.990,9,0,43.999,0,0,17,12,5,28,20
23-07 19:30:22,20.699,17.706,59.852,0.249,0,1939272,140064,194524,5601284,6578.750,1616.008,462.857,6061.029,17.956,329.187,3203,4236,2.200,1.780,0.990,3,0,247.389,0,0,17,12,5,28,20
23-07 19:30:23,11.749,17.499,68.496,0.250,0,1943636,134140,194524,5602828,5451.657,1693.893,1515.904,23.998,67.996,6.000,2659,3870,2.200,1.780,0.990,1,0,234.985,0,0,17,12,5,28,20
23-07 19:30:24,17.245,20.494,61.482,0.500,0,1945692,130696,194552,5604200,7739.755,1661.518,1403.593,543.842,43.987,5.998,4456,8688,2.200,1.780,0.990,2,0,178.948,0,0,17,12,5,28,20
23-07 19:30:25,23.760,10.254,64.526,1.000,0.250,1973432,134408,193880,5573460,5562.236,1620.652,2549.025,1908.767,83.033,262.105,2523,3264,2.200,1.780,0.990,2,0,116.047,0,0,18,12,5,28,20
23-07 19:30:26,10.243,9.993,78.693,0.250,0,1995644,126644,193596,5559568,5558.953,1618.821,1119.185,0,44.967,0,1866,2648,2.200,1.780,0.990,1,0,90.934,0,0,18,12,5,29,20
23-07 19:30:27,20.015,6.755,71.303,0.250,0,1980648,184956,192444,5518060,5873.340,1621.198,1020.754,4.003,26.019,1.001,1705,2470,2.110,1.760,0.990,1,0,76.056,0,0,18,12,5,29,20
23-07 19:30:28,14.248,12.748,70.991,1.000,0,1994160,167920,192460,5521560,6945.097,1457.810,3287.573,411.946,272.965,27.996,2588,3750,2.110,1.760,0.990,1,0,95.988,0,0,18,12,5,29,20
23-07 19:30:29,2.500,4.249,90.233,0.750,0,1994168,167668,192460,5521608,8690.323,1619.687,0,15880.935,0,347.933,2143,3193,2.110,1.760,0.990,0,0,12.997,0,0,18,12,5,29,20
23-07 19:30:30,2.502,0.751,96.823,0,0,1994168,167668,192460,5521608,42072.554,1621.216,0,272.204,0,1.001,1079,1727,2.110,1.760,0.990,0,0,0,0,0,18,12,5,29,20
23-07 19:30:31,1.749,0.250,96.673,0,0,1994168,167668,192460,5521608,7474.058,1692.654,0,3.997,0,0.999,1019,1718,2.110,1.760,0.990,0,0,0,0,0,18,12,5,29,20
23-07 19:30:32,1.752,0.751,96.373,0,0,1994168,167668,192460,5521608,5494.005,1622.068,0,0,0,0,989,1695,1.940,1.740,0.990,0,0,0,0,0,18,12,5,29,20
23-07 19:30:33,1.498,0.499,97.144,0,0,1994168,167668,192460,5521608,5910.540,1618.231,0,3.996,0,0.999,983,1713,1.940,1.740,0.990,0,0,0,0,0,18,12,4,27,20
23-07 19:30:34,1.500,0.750,96.720,0,0,1994168,167668,192460,5521608,6400.029,1511.534,0,0,0,0,1006,1715,1.940,1.740,0.990,1,0,0,0,0,18,12,4,27,20
23-07 19:30:35,1.501,0.500,96.302,0,0,1994096,167668,192460,5521680,5181.788,1566.843,0,200.108,0,11.006,1045,1800,1.940,1.740,0.990,0,0,0,0,0,18,12,4,23,20
23-07 19:30:36,2.249,0.500,96.712,0,0,1994096,167668,192460,5521680,5686.788,1619.370,0,0,0,0,994,1737,1.940,1.740,0.990,0,0,0,0,0,18,12,4,23,20
23-07 19:30:37,1.001,0.751,96.350,0,0,1994096,167668,192460,5521680,5116.326,1663.732,0,4.004,0,1.001,1005,1734,1.780,1.710,0.980,1,0,0,0,0,18,12,4,22,20
23-07 19:30:38,1.998,0.500,95.667,0.250,0,1994056,167668,192460,5521720,8022.069,1618.602,0,99.914,0,11.990,1235,2244,1.780,1.710,0.980,0,0,1.998,0,0,18,12,4,22,20
23-07 19:30:39,2.750,1.250,95.494,0.250,0,1989688,171228,192584,5522404,7019.544,116544.425,975.937,359.977,13.999,21.999,1124,1849,1.780,1.710,0.980,0,0,0,0,0,18,12,4,20,20
23-07 19:30:40,1.500,0.750,96.780,0,0,1989688,171228,192584,5522404,5170.577,1620.494,0,0,0,0,953,1694,1.780,1.710,0.980,0,0,0,0,0,18,12,4,20,20
23-07 19:30:41,1.250,0.250,97.006,0,0,1989688,171228,192584,5522404,4223.253,1586.095,0,0,0,0,932,1714,1.780,1.710,0.980,0,0,0,0,0,18,12,4,18,20
23-07 19:30:42,0.750,0.750,97.225,0,0,1989684,171228,192584,5522408,5019.700,1639.575,0,0,0,0,927,1675,1.640,1.680,0.980,0,0,0,0,0,18,12,4,18,20
23-07 19:30:43,1.500,0.750,96.257,0,0,1989684,171228,192584,5522408,5718.395,1620.112,0,4.000,0,1.000,945,1673,1.640,1.680,0.980,0,0,0,0,0,18,12,4,16,20
23-07 19:30:44,1.750,1.500,96.757,0,0,1989684,171228,192584,5522408,5197.364,1694.119,0,0,0,0,987,1747,1.640,1.680,0.980,0,0,0,0,0,18,12,4,16,20
23-07 19:30:45,2.000,0.750,97.000,0,0,1989684,171228,192584,5522408,5346.027,1620.008,0,24.000,0,2.000,1012,1723,1.640,1.680,0.980,0,0,0,0,0,18,12,4,12,20
23-07 19:30:46,1.249,0.250,96.669,0,0,1989684,171228,192584,5522408,5655.255,1618.642,0,0,0,0,971,1738,1.640,1.680,0.980,0,0,0,0,0,18,12,4,12,20
23-07 19:30:47,2.002,0.500,96.838,0,0,1989680,171228,192584,5522412,4482.065,1513.373,0,0,0,0,900,1633,1.510,1.650,0.970,0,0,0,0,0,18,12,4,9,20
23-07 19:30:48,2.250,0.750,96.748,0,0,1989680,171228,192584,5522412,6537.876,1693.968,0,0,0,0,984,1752,1.510,1.650,0.970,2,0,2.000,0,0,18,12,4,9,20
23-07 19:30:49,2.250,0.250,96.733,0,0,1989680,171228,192584,5522412,9453.346,1565.726,0,7.999,0,2.000,1024,1747,1.510,1.650,0.970,0,0,0,0,0,18,12,4,8,20
23-07 19:30:50,1.000,0.750,96.772,0,0.250,1989680,171228,192584,5522412,4896.111,1620.368,0,36.008,0,2.000,979,1739,1.510,1.650,0.970,0,0,0,0,0,18,12,4,8,20
23-07 19:30:51,1.750,0.750,96.758,0,0,1989680,171228,192584,5522412,5457.453,1620.134,0,0,0,0,949,1694,1.510,1.650,0.970,0,0,0,0,0,18,12,4,8,20
23-07 19:30:52,3.751,1.751,93.534,0,0,1986880,174028,192584,5522412,5603.056,1620.595,0,8.003,0,2.001,1043,1758,1.390,1.620,0.970,0,0,0,0,0,18,12,4,8,20
23-07 19:30:53,1.000,0.250,97.028,0,0,1986880,174028,192584,5522412,5819.694,1620.472,0,0,0,0,884,1533,1.390,1.620,0.970,0,0,0,0,0,18,12,4,8,20
23-07 19:30:54,1.999,0.999,96.935,0,0,1986880,174028,192584,5522412,5346.402,1510.983,0,0,0,0,1021,1717,1.390,1.620,0.970,0,0,0,0,0,18,12,4,8,20
23-07 19:30:55,1.500,0.500,96.242,0.250,0,1986876,174028,192584,5522416,7913.327,1619.862,0,63.995,0,4.000,1058,1769,1.390,1.620,0.970,0,0,0,0,0,18,12,4,2,20
23-07 19:30:56,1.500,1.000,95.237,1.000,0,1986748,174028,192584,5522544,5174.291,1639.775,0,11206.465,0,703.904,1982,1932,1.390,1.620,0.970,0,0,0,0,0,18,12,4,2,20
23-07 19:30:57,1.750,0.750,97.016,0,0,1986748,174028,192584,5522544,5349.883,1694.280,0,4.001,0,1.000,990,1716,1.270,1.590,0.960,0,0,0,0,0,18,12,4,2,20
23-07 19:30:58,1.500,0.750,96.733,0,0,1986748,174028,192584,5522544,5926.933,1619.708,0,0,0,0,955,1711,1.270,1.590,0.960,1,0,2.000,0,0,18,12,4,2,20
23-07 19:30:59,1.750,1.000,96.492,0,0,1986748,174028,192584,5522544,18199.398,1619.857,0,4.000,0,1.000,980,1661,1.270,1.590,0.960,1,0,0,0,0,18,12,4,2,20
23-07 19:31:00,1.500,0.500,96.508,0,0,1986960,174028,192584,5522544,29112.504,1620.139,0,76.007,0,2.000,1051,1762,1.270,1.590,0.960,0,0,0,0,0,18,12,4,2,20
23-07 19:31:01,1.500,0.500,96.501,0,0,1986960,174028,192584,5522544,5802.052,1512.014,0,120.001,0,6.000,964,1706,1.270,1.590,0.960,0,0,0,0,0,18,12,4,2,20
23-07 19:31:02,1.750,0.500,97.004,0,0,1986960,174028,192584,5522544,5768.248,1620.070,0,0,0,0,935,1687,1.170,1.570,0.960,0,0,0,0,0,18,12,4,2,20
23-07 19:31:03,1.250,0.750,96.971,0,0,1986960,174028,192584,5522544,5785.288,1619.521,0,0,0,0,925,1681,1.170,1.570,0.960,0,0,0,0,0,18,12,4,2,20
23-07 19:31:04,1.750,0.250,96.763,0,0,1986956,174028,192584,5522548,6621.867,1566.205,0,0,0,0,934,1707,1.170,1.570,0.960,1,0,0,0,0,18,12,4,2,20
23-07 19:31:05,1.000,0.500,97.258,0,0,1986956,174028,192584,5522548,5620.461,1620.133,0,0,0,0,908,1647,1.170,1.570,0.960,0,0,0,0,0,18,12,4,2,20
23-07 19:31:06,2.000,0.500,96.235,0.250,0,1986892,174028,192584,5522612,6657.941,1693.731,0,231.963,0,8.999,954,1620,1.170,1.570,0.960,0,0,0,0,0,18,12,4,2,20
23-07 19:31:07,1.250,0.500,97.255,0,0,1986892,174028,192584,5522612,4651.247,1512.080,0,4.000,0,1.000,939,1675,1.080,1.540,0.950,0,0,0,0,0,18,12,4,2,20
23-07 19:31:08,1.750,1.250,96.244,0,0,1987140,173780,192584,5522612,8025.494,1619.898,0,35.998,0,1.000,1000,1752,1.080,1.540,0.950,0,0,2.000,0,0,18,12,4,2,20
23-07 19:31:09,2.500,0.250,96.765,0,0,1987140,173780,192584,5522612,3160.506,636.102,0,0,0,0,936,1701,1.080,1.540,0.950,0,0,0,0,0,18,12,4,2,20
23-07 19:31:10,9.023,5.514,83.965,0,0,1996424,164048,192608,5524860,333445.287,6003.399,260.669,0,7.018,0,1797,3739,1.080,1.540,0.950,4,0,56.144,0,0,18,12,4,2,20
23-07 19:31:11,13.222,7.234,79.080,0.499,0,1978712,179760,192620,5525024,236147.103,8056.638,1828.061,123.733,36.920,3.991,2091,4031,1.080,1.540,0.950,1,0,43.905,0,0,18,12,4,3,20
