"pcp-dstat 5.3.6 CSV Output"
"Author:","PCP team <pcp@groups.io> and Dag Wieers <dag@wieers.com>",,,,"URL:","https://pcp.io/ and http://dag.wieers.com/home-made/dstat/"
"Host:","ubuntu",,,,"User:","ubuntu"
"Cmdline:","dstat -tcmndrylpg --tcp --output /tmp/devstack_logs/dstat-csv.log",,,,"Date:","12 Feb 2026 15:33:37 UTC"
"system","total usage",,,,,"memory usage",,,,"net/total",,"dsk/total",,"io/total",,"system",,"load avg",,,"procs",,,"paging",,"tcp sockets",,,,
"time","total usage:usr","total usage:sys","total usage:idl","total usage:wai","total usage:stl","used","free","buf","cach","net/total:recv","net/total:send","dsk/total:read","dsk/total:writ","read","writ","int","csw","1m","5m","15m","run","blk","new","in","out","lis","act","syn","tim","clo"
12-02 15:33:37,,1092256,331588,177700,6156536,,,,,,,1.130,0.920,0.580,4,0,,,,9,9,6,12,1
12-02 15:33:38,46.978,18.741,32.485,0,0,1054148,364044,177712,6161976,2911367.303,40301.220,0,5457.457,0,107.950,4462,6346,1.130,0.920,0.580,3,0,501.766,0,0,9,5,6,12,1
12-02 15:33:39,37.498,18.999,42.498,0.500,0,1081640,336084,177844,6162196,306356.827,19032.182,0,1995.914,0,76.997,3858,7119,1.360,0.980,0.600,2,0,324.986,0,0,9,7,6,12,1
12-02 15:33:40,50.000,17.000,31.750,0,0,1081008,333976,177932,6172868,1055369.388,24616.172,0,2900.020,0,67.000,5150,9602,1.360,0.980,0.600,3,0,227.002,0,0,10,4,6,11,2
12-02 15:33:41,27.998,6.749,62.745,0.500,0,1170168,225184,177956,6308300,1999894.009,26752.673,0,4335.623,0,99.991,2696,2930,1.360,0.980,0.600,2,0,38.997,0,0,10,6,6,11,2
12-02 15:33:42,37.735,12.995,48.480,0.750,0,1176668,194484,178844,6328176,10032.897,1619.338,79.967,2163.115,1.000,75.969,2328,3112,1.360,0.980,0.600,3,0,153.937,0,0,10,6,6,11,2
12-02 15:33:43,37.242,12.497,47.990,1.500,0,1234276,122696,179896,6338488,7321.484,1619.665,0,13673.170,0,429.911,2849,3678,1.360,0.980,0.600,2,0,100.979,0,0,10,6,6,13,2
12-02 15:33:44,44.028,12.008,41.527,1.501,0,1290008,123168,178700,6283740,8097.190,1621.039,948.608,52981.961,21.013,718.461,3627,4690,1.410,0.990,0.610,3,0,33.021,0,0,10,8,6,13,2
12-02 15:33:45,28.975,8.493,47.708,11.740,0,1172804,267060,179452,6253908,16708.330,4400.137,35.968,36436.009,8.992,2947.412,14563,25808,1.410,0.990,0.610,2,0,54.952,0,0,10,6,6,14,0
12-02 15:33:46,35.473,10.742,46.964,5.496,0,1130724,304988,179996,6257508,13813.474,2943.757,939.284,36324.321,34.973,2646.983,10841,18746,1.410,0.990,0.610,1,0,111.915,0,0,10,5,6,13,0
12-02 15:33:47,43.794,5.005,51.051,0.500,0,1198896,230204,180244,6263096,7602.557,2631.616,68.068,1733.723,13.013,53.053,1250,1423,1.410,0.990,0.610,2,0,3.003,0,0,10,4,6,13,0
12-02 15:33:48,40.435,5.990,52.915,0.250,0,1141500,280904,180812,6268028,16739.117,4473.815,0,8194.839,0,415.333,1980,2951,1.410,0.990,0.610,2,0,14.976,0,0,10,4,6,13,0
12-02 15:33:49,44.810,7.260,46.562,0,0,1209252,212292,180884,6268672,12296.440,1622.169,0,1013.355,0,20.027,9558,18544,1.460,1.010,0.620,2,0,13.017,0,0,10,4,6,13,0
12-02 15:33:50,38.286,17.767,43.041,0,0,1115472,305560,180932,6269108,10758.231,1621.542,136.129,95622.937,12.011,299.285,10837,20472,1.460,1.010,0.620,2,0,252.240,0,0,10,4,6,13,0
12-02 15:33:51,28.990,25.241,44.984,0.250,0,1095004,337972,181080,6258444,10599.248,1619.427,539.809,295.895,42.985,20.993,3217,5004,1.460,1.010,0.620,2,0,446.842,0,0,10,4,6,13,0
12-02 15:33:52,31.010,19.006,48.266,0,0,1107700,322628,181080,6261504,9808.158,1620.522,2488.801,12.004,42.014,3.001,4650,12132,1.460,1.010,0.620,3,0,269.087,0,0,10,4,6,13,0
12-02 15:33:53,47.892,3.991,47.144,0.499,0,1207192,220616,181208,6263896,10984.340,1783.995,2422.561,0,52.881,0,1377,1431,1.460,1.010,0.620,3,0,32.926,0,0,10,5,6,13,0
12-02 15:33:54,48.500,4.000,47.250,0,0,1256420,169008,181260,6266160,94161.058,1619.984,0,939.991,0,97.999,1435,3449,1.510,1.030,0.630,3,0,0,0,0,10,5,6,13,0
12-02 15:33:55,12.000,7.250,80.503,0,0,1270420,154148,181292,6266960,11082.377,1458.050,0,64.002,0,7.000,1560,3256,1.510,1.030,0.630,1,0,118.004,0,0,10,4,6,14,0
12-02 15:33:56,0.750,0.500,97.488,0.250,0,1270640,153924,181296,6266960,12488.501,1619.806,0,2139.743,0,40.995,843,1370,1.510,1.030,0.630,0,0,0,0,0,10,4,6,14,0
12-02 15:33:57,18.749,6.000,74.245,0.500,0,1315312,123364,180988,6253260,12898.213,1619.901,539.967,43505.346,16.999,418.974,1947,1776,1.510,1.030,0.630,1,0,20.999,0,0,10,4,6,14,0
12-02 15:33:58,25.005,1.750,73.016,0,0,1344528,122944,180816,6224792,11049.365,1620.347,8.002,0,2.000,0,888,1008,1.510,1.030,0.630,1,0,0,0,0,10,4,6,14,0
12-02 15:33:59,21.287,5.510,71.876,1.503,0,1258468,229224,180724,6205080,9206.184,1622.853,544.958,4451.826,20.035,323.569,3354,5566,1.460,1.030,0.630,1,0,36.063,0,0,10,4,6,16,0
12-02 15:34:00,22.460,2.496,73.620,0.250,0,1313612,173280,180908,6205656,5668.989,1617.144,698.766,399.295,40.928,14.974,1135,1473,1.460,1.030,0.630,1,0,6.988,0,0,10,4,6,16,0
12-02 15:34:01,23.246,2.250,72.488,0.750,0,1339064,146624,181556,6206148,8899.514,1693.717,911.848,1499.750,98.983,32.994,1926,2944,1.460,1.030,0.630,1,0,2.999,0,0,10,28,6,16,0
12-02 15:34:02,21.042,4.760,73.647,0,0,1334668,151008,181556,6206156,8350.685,1535.067,0,0,0,0,1143,1440,1.460,1.030,0.630,1,0,43.086,0,0,10,28,6,16,0
12-02 15:34:03,23.243,11.997,64.231,0,0,1317840,167724,181556,6206268,9951.124,1693.511,79.977,35.990,5.998,4.999,2050,2946,1.460,1.030,0.630,3,0,156.955,0,0,10,28,6,16,0
12-02 15:34:04,44.780,6.004,48.783,0,0,1406664,128524,181376,6157692,10182.853,1621.091,0,0,0,0,2215,4090,1.510,1.040,0.640,2,0,0,0,0,10,30,6,16,0
12-02 15:34:05,52.750,19.250,27.250,0.250,0,1409672,125236,181388,6157960,9858.921,1693.986,60.000,1227.990,13.000,52.000,4162,8512,1.510,1.040,0.640,5,0,419.997,0,0,10,28,6,16,0
12-02 15:34:06,80.502,16.000,3.000,0,0,1594356,119704,178488,5985568,7577.152,1620.032,2060.041,5212.104,39.001,597.012,5959,8849,1.510,1.040,0.640,5,0,159.003,0,0,10,31,6,16,0
12-02 15:34:07,73.827,12.720,13.468,0,0,1439828,312808,177972,5948384,7800.746,1616.218,43.897,1113.395,5.986,179.580,4698,8244,1.510,1.040,0.640,2,0,199.533,0,0,10,30,6,16,0
12-02 15:34:08,30.501,8.250,60.252,0,0,1349056,403540,177984,5948412,4929.177,1620.058,0,344.012,0,28.001,2042,4624,1.510,1.040,0.640,1,0,110.004,0,0,10,28,6,16,0
12-02 15:34:09,23.289,2.755,73.624,0.250,0,1384796,367784,177988,5948424,12054.312,1534.586,0,208.351,0,20.034,1372,3075,1.550,1.060,0.640,1,0,0,0,0,10,28,6,16,0
12-02 15:34:10,19.719,6.739,72.884,0.250,0,1365568,387008,177988,5948428,12135.619,1691.299,0,451.279,0,23.962,1430,1859,1.550,1.060,0.640,1,0,67.892,0,0,10,28,6,16,0
12-02 15:34:11,19.260,8.254,72.039,0,0,1306976,445292,178000,5948724,10444.661,1694.919,140.076,156.085,4.002,22.012,2261,4178,1.550,1.060,0.640,2,0,91.049,0,0,10,28,6,17,0
12-02 15:34:12,8.757,21.516,68.301,0,0,1308580,443628,178004,5948780,11423.568,1621.216,52.039,300.225,1.001,15.011,2540,3156,1.550,1.060,0.640,2,0,298.224,0,0,10,28,6,17,0
12-02 15:34:13,35.027,25.020,39.281,0,0,1414420,337744,178008,5948820,11294.833,1621.268,0,228.178,0,22.017,2997,4905,1.550,1.060,0.640,5,0,617.483,0,0,10,28,6,16,0
12-02 15:34:14,84.747,10.500,4.250,0,0,1615672,136452,178008,5948852,10805.600,1693.937,0,551.980,0,33.999,3015,6244,1.900,1.140,0.670,5,0,32.999,0,0,10,31,6,16,0
12-02 15:34:15,83.507,11.001,5.750,0.500,0,1444416,307096,178040,5949432,5684.460,1620.131,128.010,616.050,1.000,73.006,4613,13610,1.900,1.140,0.670,5,0,110.009,0,0,10,28,6,16,0
12-02 15:34:16,81.986,14.248,2.999,0,0,1584988,166356,178040,5949600,9060.487,1511.748,0,187.969,0,12.998,3735,6463,1.900,1.140,0.670,5,0,199.967,0,0,10,31,6,16,0
12-02 15:34:17,84.268,13.253,2.501,0,0,1485488,303728,177760,5912836,8665.880,1566.340,0,2836.616,0,163.035,5042,12833,1.900,1.140,0.670,4,0,132.029,0,0,10,28,6,16,0
12-02 15:34:18,45.958,10.990,41.962,0.250,0,1352988,436036,177772,5913012,8153.637,1766.405,0,371.664,0,34.968,3535,8094,1.900,1.140,0.670,2,0,165.850,0,0,10,28,6,17,0
12-02 15:34:19,47.024,4.502,48.775,0,0,1435724,353128,177784,5913172,11732.030,1620.833,0,252.130,0,22.011,2375,4735,1.910,1.160,0.680,2,0,0,0,0,10,29,6,17,0
12-02 15:34:20,52.018,17.256,30.760,0,0,1442052,346748,177788,5913220,10562.581,1620.549,0,220.075,0,15.005,3281,5627,1.910,1.160,0.680,3,0,378.128,0,0,10,28,6,17,0
12-02 15:34:21,62.493,8.249,28.747,0,0,1446560,342036,177796,5913416,9111.989,1619.820,0,383.957,0,34.996,3532,9347,1.910,1.160,0.680,3,0,47.995,0,0,10,29,6,18,0
12-02 15:34:22,80.515,16.503,2.500,0,0.250,1546752,241812,177812,5913444,8926.669,1620.303,4.001,496.093,1.000,24.004,2135,2936,1.910,1.160,0.680,4,0,210.039,0,0,10,28,6,18,0
12-02 15:34:23,71.250,13.250,15.000,0,0,1391752,396432,177828,5913808,5418.962,1553.989,0,331.998,0,37.000,4638,14267,1.910,1.160,0.680,5,0,214.998,0,0,10,28,6,21,0
12-02 15:34:24,66.137,11.730,20.715,0,0,1511932,276236,177828,5913824,11931.645,1617.241,0,191.673,0,7.986,1911,3044,2,1.190,0.690,3,0,109.813,0,0,10,30,6,21,0
12-02 15:34:25,55.343,16.528,27.296,0.250,0,1393944,392656,177868,5915352,9059.247,1568.640,1322.225,3670.177,13.022,244.411,5640,11405,2,1.190,0.690,3,0,299.504,0,0,10,28,6,25,0
12-02 15:34:26,62.075,7.479,29.417,0,0,1515324,271248,177868,5915380,7542.782,1731.130,0,211.405,0,7.978,3016,6169,2,1.190,0.690,3,0,0,0,0,10,31,6,27,0
12-02 15:34:27,62.179,16.798,22.063,0.251,0,1469352,317080,177876,5915512,11031.705,1698.883,0,1628.681,0,88.254,2629,5283,2,1.190,0.690,4,0,287.827,0,0,10,28,6,28,0
12-02 15:34:28,61.177,9.489,29.215,0,0,1334180,451484,177880,5916276,7290.288,1618.066,0,235.718,0,29.964,3866,8901,2,1.190,0.690,3,0,111.866,0,0,10,28,6,31,0
12-02 15:34:29,64.431,10.489,25.723,0,0,1512672,272968,177880,5916300,10046.291,1660.230,0,159.830,0,10.988,2020,3327,2.160,1.230,0.710,4,0,0,0,0,10,29,6,28,0
12-02 15:34:30,69.400,18.791,11.274,0.251,0,1465420,320112,177896,5916392,11432.718,1515.276,0,481.040,0,50.108,4162,9345,2.160,1.230,0.710,7,0,403.873,0,0,10,28,6,29,0
12-02 15:34:31,84.500,12.500,2.750,0,0,1573004,212288,177912,5916616,4987.005,1620.002,0,540.001,0,39.000,4021,7968,2.160,1.230,0.710,9,0,227.000,0,0,10,29,6,30,0
12-02 15:34:32,82.747,16.999,0.250,0,0,1568920,216208,177912,5916780,34320.696,1565.940,0,255.990,0,20.999,2948,4711,2.160,1.230,0.710,7,0,225.991,0,0,10,29,6,30,0
12-02 15:34:33,80.250,14.750,4.250,0,0,1551128,233744,177920,5917028,9030.045,1620.008,0,636.003,0,31.000,5280,11567,2.160,1.230,0.710,8,0,243.001,0,0,10,29,6,27,0
12-02 15:34:34,70.507,19.002,9.751,0,0,1455312,329368,177920,5917220,5224.522,1694.169,0,212.021,0,12.001,4963,10473,2.390,1.300,0.730,5,0,457.046,0,0,10,29,6,27,0
12-02 15:34:35,29.187,26.193,42.907,0,0,1321396,463200,177924,5917300,13131.465,1690.327,0,207.549,0,12.972,4982,10132,2.390,1.300,0.730,2,0,608.677,0,0,10,28,6,28,0
12-02 15:34:36,8.256,21.765,68.548,0,0,1321456,463132,177928,5917304,7320.153,1513.065,0,152.107,0,7.005,2341,2904,2.390,1.300,0.730,2,0,299.211,0,0,10,28,6,28,0
12-02 15:34:37,20.778,29.540,48.817,0,0,1365128,419392,177928,5917372,9671.182,1622.211,0,576.786,0,37.050,3161,5092,2.390,1.300,0.730,6,0,607.828,0,0,10,28,6,28,0
12-02 15:34:38,75.746,21.999,2.000,0,0,1564412,219916,177928,5917560,7871.614,1619.921,4.000,299.985,1.000,18.999,3285,7286,2.390,1.300,0.730,9,0,559.973,0,0,10,28,6,28,0
12-02 15:34:39,77.960,20.739,1.749,0,0,1481944,301112,177948,5918808,6436.672,1619.163,1167.396,955.506,21.989,67.965,4701,9945,2.680,1.370,0.760,6,0,404.791,0,0,10,29,6,28,0
12-02 15:34:40,85.055,13.259,1.251,0,0,1520196,262512,177968,5919100,13230.587,1567.017,112.073,344.223,8.005,27.018,3334,6057,2.680,1.370,0.760,6,0,142.092,0,0,10,29,6,29,0
12-02 15:34:41,82.904,13.195,2.739,0,0,1661312,121140,177984,5919340,18539.653,4524.125,7.967,410.288,1.992,15.934,4996,13483,2.680,1.370,0.760,5,0,68.713,0,0,10,32,6,29,0
12-02 15:34:42,85.600,10.041,4.769,0,0,1601324,213080,177836,5887408,10931.656,1875.662,361.477,8330.028,6.025,311.272,5289,14069,2.680,1.370,0.760,6,0,61.250,0,0,10,30,6,29,0
12-02 15:34:43,84.007,13.751,2.250,0,0,1533628,279404,177864,5888584,9341.747,1512.121,0,900.072,0,41.003,3776,7594,2.680,1.370,0.760,6,0,97.008,0,0,10,28,5,27,0
12-02 15:34:44,82.244,15.249,2.250,0,0,1659928,152424,177864,5889152,10375.232,1619.880,0,835.938,0,11.999,5831,47378,2.940,1.450,0.790,5,0,45.997,0,0,10,31,5,27,0
12-02 15:34:45,80.484,13.497,4.999,0,0,1566916,244504,177936,5889976,143902.939,9095.226,7.998,1979.614,1.000,37.993,5951,17558,2.940,1.450,0.790,5,0,172.966,0,0,10,32,5,27,0
12-02 15:34:46,85.761,10.751,3.500,0,0,1580224,230320,177952,5890796,531384.611,11587.518,0,1708.224,0,64.008,4218,10536,2.940,1.450,0.790,6,0,73.010,0,0,10,30,5,28,0
12-02 15:34:47,82.760,12.002,4.751,0,0,1654360,155632,178012,5891180,75916.490,10141.268,4.001,3476.435,1.000,174.022,5442,14350,2.940,1.450,0.790,4,0,78.010,0,0,10,33,5,28,0
12-02 15:34:48,82.734,12.248,4.749,0.250,0,1573784,235808,178104,5891456,28831.349,6624.702,0,1155.773,0,66.987,5456,12806,2.940,1.450,0.790,6,0,93.982,0,0,10,31,5,28,0
12-02 15:34:49,82.766,12.502,4.001,0,0,1676248,132640,178192,5891996,60097.719,5083.991,0,800.156,0,33.006,4547,8244,3.270,1.540,0.820,7,0,35.007,0,0,10,32,5,28,0
12-02 15:34:50,80.251,13.750,5.250,0,0,1658704,165452,177956,5877292,17476.262,3669.055,0,5096.076,0,165.002,5109,13388,3.270,1.540,0.820,6,0,134.002,0,0,10,34,5,28,0
12-02 15:34:51,79.984,16.497,3.249,0,0,1532112,300352,178428,5869260,9961.058,2215.568,0,891.826,0,26.995,3259,7644,3.270,1.540,0.820,9,0,213.958,0,0,10,29,5,28,0
12-02 15:34:52,81.256,15.501,3.000,0,0,1501388,330532,178464,5869768,10802.843,1694.132,344.027,700.055,29.002,22.002,4530,10403,3.270,1.540,0.820,8,0,168.013,0,0,10,28,5,29,0
12-02 15:34:53,81.252,15.000,3.500,0,0.250,1488964,342072,178468,5870648,8648.242,1714.048,624.017,404.011,11.000,26.001,4603,10044,3.270,1.540,0.820,8,0,192.005,0,0,10,29,5,29,0
12-02 15:34:54,78.746,16.999,4.000,0,0,1509744,320728,178468,5871212,5764.677,1693.905,487.973,403.977,20.999,33.998,5208,11352,3.490,1.620,0.850,9,0,311.983,0,0,10,29,5,30,0
12-02 15:34:55,79.751,17.750,2.000,0.500,0,1572892,254528,178484,5874248,10311.082,1620.013,2688.022,1400.011,61.000,95.001,5078,10655,3.490,1.620,0.850,8,0,279.002,0,0,10,30,5,30,0
12-02 15:34:56,79.750,12.500,7.000,0,0,1482396,344504,178508,5874740,12716.924,1457.991,0,515.997,0,44.000,6721,13799,3.490,1.620,0.850,5,0,173.999,0,0,10,28,5,29,0
12-02 15:34:57,79.842,11.193,8.457,0,0,1510548,316292,178512,5874796,12021.642,1611.774,3.980,250.720,0.995,8.954,4006,7738,3.490,1.620,0.850,5,0,129.340,0,0,10,28,5,29,0
12-02 15:34:58,80.407,10.302,9.046,0,0,1493600,332876,178512,5875160,10855.002,1628.250,0,309.569,0,22.112,5942,13157,3.490,1.620,0.850,6,0,90.458,0,0,10,28,5,29,0
12-02 15:34:59,64.744,12.499,23.998,0,0,1411304,415112,178528,5875204,7136.336,1693.842,0,395.963,0,26.997,3160,6268,3.450,1.640,0.860,5,0,186.983,0,0,10,28,5,29,0
12-02 15:35:00,61.511,10.502,27.005,0,0,1441580,384632,178536,5875400,12386.242,1846.334,0,484.088,0,21.004,4510,10748,3.450,1.640,0.860,4,0,93.017,0,0,10,28,6,30,0
12-02 15:35:01,63.407,10.734,25.213,0.250,0,1449836,376208,178536,5875568,7987.307,1691.524,0,355.480,0,35.947,3335,6772,3.450,1.640,0.860,4,0,64.905,0,0,10,30,6,32,0
12-02 15:35:02,63.580,9.262,26.784,0,0,1469440,356400,178536,5875772,7809.833,1622.042,0,432.545,0,40.050,5255,11039,3.450,1.640,0.860,5,0,60.076,0,0,10,33,6,32,0
12-02 15:35:03,63.501,10.750,25.501,0,0,1469464,356320,178544,5875820,8999.207,1532.035,0,160.004,0,10.000,3631,6936,3.450,1.640,0.860,3,0,112.003,0,0,10,33,6,32,0
12-02 15:35:04,62.510,11.502,25.754,0.250,0,1436600,388992,178548,5876008,7297.182,1620.262,0,244.040,0,17.003,3779,8237,3.410,1.660,0.880,4,0,86.014,0,0,10,32,6,33,0
12-02 15:35:05,67.686,7.243,25.226,0.250,0,1502768,322792,178548,5876040,8901.632,1618.479,0,327.692,0,25.976,3144,6188,3.410,1.660,0.880,4,0,33.968,0,0,10,33,6,35,0
12-02 15:35:06,57.796,15.262,25.771,0,0,1429264,396112,178552,5876220,11873.499,1621.297,0,336.269,0,30.024,3185,6200,3.410,1.660,0.880,4,0,269.215,0,0,10,32,6,35,0
12-02 15:35:07,63.977,10.496,25.741,0.250,0,1464748,359672,178552,5877176,6713.610,1767.371,0,267.905,0,21.992,3643,8984,3.410,1.660,0.880,5,0,94.966,0,0,10,33,6,37,0
12-02 15:35:08,63.254,9.001,27.502,0,0,1452244,372120,178556,5877228,11940.764,1694.108,0,300.019,0,28.002,3458,7691,3.410,1.660,0.880,4,0,73.005,0,0,10,33,6,37,0
12-02 15:35:09,61.998,11.500,25.499,0,0,1422084,402092,178560,5877412,12393.616,1619.950,0,483.985,0,44.999,4858,9134,3.380,1.690,0.890,4,0,137.996,0,0,10,33,6,37,0
12-02 15:35:10,63.273,8.753,27.260,0.250,0,1442844,381060,178560,5877684,10541.774,1458.522,0,5714.046,0,230.082,6767,12121,3.380,1.690,0.890,4,0,54.019,0,0,10,33,6,38,0
12-02 15:35:11,44.907,13.222,41.663,0,0,1371468,452176,178560,5877944,11540.983,1616.636,0,415.136,0,25.946,3806,6035,3.380,1.690,0.890,2,0,300.375,0,0,10,32,6,38,0
12-02 15:35:12,46.761,5.251,48.262,0,0,1373380,450108,178560,5878100,8286.005,1620.392,0,280.068,0,14.003,2864,4802,3.380,1.690,0.890,2,0,10.002,0,0,10,33,6,38,0
12-02 15:35:13,43.974,7.246,48.471,0,0,1405372,418088,178568,5878120,5773.524,1619.025,0,319.807,0,26.984,1997,4056,3.380,1.690,0.890,3,0,59.964,0,0,10,32,6,38,0
12-02 15:35:14,43.349,8.018,48.361,0.251,0,1398912,424496,178572,5878168,9154.008,1623.726,96.221,372.856,21.048,35.081,2908,6510,3.270,1.690,0.890,7,0,94.216,0,0,10,32,6,38,1
12-02 15:35:15,45.493,4.999,48.493,0.250,0,1425736,397376,178576,5878460,26316.158,1693.753,123.982,2339.658,24.996,150.978,2284,3516,3.270,1.690,0.890,3,0,4.999,0,0,10,33,6,38,0
12-02 15:35:16,44.023,7.754,48.275,0.250,0,1372876,449936,178580,5878756,11725.109,1694.883,0,332.173,0,33.017,2443,5865,3.270,1.690,0.890,4,0,35.018,0,0,10,32,6,38,0
12-02 15:35:17,44.179,6.490,48.671,0,0,1369396,453380,178580,5878792,34509.302,1509.564,0,111.820,0,5.990,1845,4559,3.270,1.690,0.890,2,0,4.992,0,0,10,33,6,38,0
12-02 15:35:18,39.558,13.019,47.319,0,0,1407692,415060,178580,5878816,5422.961,1568.302,0,292.429,0,29.043,2953,4916,3.270,1.690,0.890,2,0,335.493,0,0,10,33,6,38,0
12-02 15:35:19,40.966,8.993,48.710,0.250,0,1405612,416644,178580,5879312,11955.125,1660.628,0,311.743,0,24.979,3412,6553,3.250,1.710,0.910,3,0,98.918,0,0,10,32,6,38,0
12-02 15:35:20,44.279,6.504,48.532,0,0,1429552,392548,178580,5879468,9999.510,1663.083,0,4506.934,0,248.162,2904,4494,3.250,1.710,0.910,2,0,46.030,0,0,10,32,6,38,0
12-02 15:35:21,42.514,7.753,49.266,0,0,1432316,388844,178580,5880408,8914.933,1620.533,0,204.067,0,10.003,3155,6273,3.250,1.710,0.910,3,0,94.031,0,0,10,33,6,38,0
12-02 15:35:22,34.248,16.999,48.748,0,0,1314984,505720,178588,5880856,7232.631,1619.917,0,471.976,0,35.998,3823,7405,3.250,1.710,0.910,1,0,370.981,0,0,10,32,6,36,0
12-02 15:35:23,22.704,3.742,73.352,0,0,1381760,438940,178588,5880860,10185.415,1690.583,0,175.645,0,11.976,1155,1562,3.250,1.710,0.910,2,0,7.984,0,0,10,32,6,36,0
12-02 15:35:24,22.474,4.495,72.415,0,0,1335544,485124,178588,5880892,52363.368,1510.222,0,171.798,0,6.992,2031,3695,3.150,1.720,0.910,2,0,55.934,0,0,10,32,6,37,0
12-02 15:35:25,23.068,2.507,74.219,0.251,0,1384904,435760,178588,5880896,7045.835,1570.644,0,782.313,0,76.225,1251,1849,3.150,1.720,0.910,2,0,0,0,0,10,33,6,37,0
12-02 15:35:26,18.503,8.501,72.013,0.250,0,1359128,461540,178592,5880900,8112.428,1620.285,0,952.168,0,64.011,1874,2708,3.150,1.720,0.910,3,0,91.016,0,0,10,32,6,32,0
12-02 15:35:27,21.973,4.245,72.910,0,0,1315700,504956,178592,5880912,10185.431,1618.003,0,167.793,0,17.978,1659,2879,3.150,1.720,0.910,1,0,27.965,0,0,10,32,6,32,0
12-02 15:35:28,18.982,7.243,73.182,0.250,0,1375164,445488,178592,5880916,9733.016,1618.506,0,115.893,0,7.993,1174,1509,3.150,1.720,0.910,2,0,70.935,0,0,10,32,6,26,0
12-02 15:35:29,19.284,7.513,72.379,0,0,1317724,502768,178596,5881072,10443.579,1664.962,0,272.485,0,28.050,2140,3681,2.970,1.710,0.910,1,0,94.168,0,0,10,32,6,26,0
12-02 15:35:30,22.962,3.245,72.631,0.499,0,1379424,439516,178600,5882620,9519.341,1617.339,1509.517,523.139,23.961,22.962,1227,1894,2.970,1.710,0.910,1,0,0,0,0,10,32,6,24,0
12-02 15:35:31,23.241,3.249,71.972,0.250,0,1335988,482932,178600,5882640,11564.432,1585.374,0,859.660,0,60.976,2256,4442,2.970,1.710,0.910,1,0,29.988,0,0,10,32,6,24,0
12-02 15:35:32,23.790,2.755,73.625,0,0,1364160,454736,178600,5882664,9065.339,1696.871,0,8.014,0,2.003,1743,3721,2.970,1.710,0.910,1,0,0,0,0,10,33,6,23,0
12-02 15:35:33,18.226,16.229,64.166,0.250,0,1327428,491168,178600,5882964,6546.457,1637.863,27.964,323.578,1.997,24.967,3376,5514,2.970,1.710,0.910,2,0,486.365,0,0,10,32,6,26,0
12-02 15:35:34,45.322,5.258,49.328,0.250,0,1469996,346296,178604,5885264,5072.039,1622.572,1414.242,360.572,34.054,8.013,1269,1358,2.900,1.710,0.920,2,0,3.005,0,0,10,34,6,26,0
12-02 15:35:35,37.517,6.753,45.020,11.255,0,1405284,405452,179004,5890280,14245.482,1694.771,116.053,23578.728,6.003,2295.044,12585,21153,2.900,1.710,0.920,3,1,93.042,0,0,10,36,6,26,0
12-02 15:35:36,40.227,8.745,40.477,11.993,0,1480612,327080,179424,5892896,10204.133,1619.069,0,42503.560,0,3706.869,16996,28370,2.900,1.710,0.920,1,1,73.957,0,0,10,36,6,25,0
12-02 15:35:37,43.932,6.989,45.180,3.495,0,1399516,408624,179528,5892340,8962.171,1617.504,19.969,17253.378,1.997,1260.056,5839,9364,2.900,1.710,0.920,2,0,8.986,0,0,10,32,6,25,0
12-02 15:35:38,41.834,6.263,47.846,4.259,0,1496900,310876,179688,5892540,7608.338,1515.054,0,6016.129,0,1150.319,7856,13982,2.900,1.710,0.920,4,0,3.006,0,0,10,34,6,25,0
12-02 15:35:39,38.451,7.990,45.941,5.743,0,1383968,423216,179964,5892856,10034.096,1617.919,0,13874.158,0,1849.621,11506,20186,2.820,1.720,0.920,2,0,41.946,0,0,10,32,6,25,0
12-02 15:35:40,25.469,4.245,68.917,0.250,0,1434808,372344,179972,5892880,9471.596,1638.028,0,2377.138,0,130.842,1569,2102,2.820,1.720,0.920,1,0,64.922,0,0,10,32,6,25,0
12-02 15:35:41,22.504,3.000,73.512,0.250,0,1401232,405920,179972,5892880,6095.969,1694.269,0,2924.465,0,263.042,1515,1584,2.820,1.720,0.920,1,0,1.000,0,0,10,32,6,24,0
12-02 15:35:42,22.509,3.001,73.530,0.250,0,1352348,454788,179976,5892892,9845.066,1694.700,0,5374.220,0,287.119,1664,2256,2.820,1.720,0.920,1,0,3.001,0,0,10,32,6,24,0
12-02 15:35:43,23.289,2.755,73.622,0,0.250,1427696,379440,179976,5892892,7582.572,1622.690,0,44.073,0,6.010,930,1193,2.820,1.720,0.920,1,0,3.005,0,0,10,32,6,24,0
12-02 15:35:44,22.939,2.493,73.555,0,0,1362520,444544,179976,5892960,5257.074,1689.524,0,3.989,0,0.997,829,1037,2.680,1.700,0.920,1,0,0.997,0,0,10,32,6,24,0
12-02 15:35:45,26.989,3.998,67.723,0,0,1425256,381808,179976,5892960,12207.129,1511.397,0,0,0,0,1233,4276,2.680,1.700,0.920,1,0,35.986,0,0,10,32,6,25,0
12-02 15:35:46,22.771,2.752,74.067,0,0,1372248,434708,179976,5893068,11585.485,1705.544,0,0,0,0,927,1003,2.680,1.700,0.920,1,0,1.001,0,0,10,32,6,25,0
12-02 15:35:47,24.240,1.749,73.969,0,0,1372668,434276,179976,5893080,10840.447,1619.320,0,0,0,0,919,1001,2.680,1.700,0.920,1,0,1.000,0,0,10,32,6,23,0
12-02 15:35:48,23.001,2.750,74.254,0,0,1320256,486668,179976,5893100,9057.516,1714.098,0,216.012,0,2.000,841,1008,2.680,1.700,0.920,1,0,3.000,0,0,10,32,6,23,0
12-02 15:35:49,23.246,2.250,72.988,0,0,1323328,483556,179976,5893140,7229.764,1619.723,0,487.917,0,35.994,1121,1504,2.540,1.690,0.920,1,0,1.000,0,0,10,32,6,23,0
12-02 15:35:50,22.015,3.502,74.051,0,0,1393980,412900,179976,5893140,12613.653,1621.112,0,4.003,0,1.001,815,1005,2.540,1.690,0.920,1,0,2.001,0,0,10,32,6,23,0
12-02 15:35:51,21.031,5.007,73.358,0,0,1324744,482024,179976,5893252,7945.664,1622.382,0,192.282,0,2.003,1197,1573,2.540,1.690,0.920,1,0,71.104,0,0,10,32,6,23,0
12-02 15:35:52,8.248,21.244,69.731,0,0,1332336,474388,179976,5893296,7356.043,1511.598,0,527.860,0,5.998,2488,3547,2.540,1.690,0.920,1,0,317.915,0,0,10,32,6,23,0
12-02 15:35:53,9.509,19.769,69.816,0,0.250,1336556,470108,179976,5893324,9254.774,1715.626,40.038,448.425,2.002,7.007,2471,3407,2.540,1.690,0.920,1,0,288.273,0,0,10,32,6,22,0
12-02 15:35:54,8.746,20.491,69.220,0,0,1337480,468976,179984,5893520,7188.866,1619.294,67.970,419.817,3.998,5.997,2465,3497,2.420,1.680,0.930,1,0,300.869,0,0,10,32,6,22,0
12-02 15:35:55,9.503,19.756,70.271,0,0,1332464,473956,179984,5893548,12590.752,1566.467,0,0,0,0,2461,3410,2.420,1.680,0.930,1,0,293.087,0,0,10,32,6,21,0
12-02 15:35:56,17.454,9.226,72.311,0.249,0,1391536,414888,179984,5893540,8429.009,1689.592,0,1871.118,0,226.409,1737,1811,2.420,1.680,0.930,1,0,98.742,0,0,10,32,6,21,0
12-02 15:35:57,22.260,3.001,74.035,0,0,1436880,369528,179984,5893556,34414.209,1694.798,0,16.008,0,1.000,814,1006,2.420,1.680,0.930,1,0,2.001,0,0,10,32,6,21,0
12-02 15:35:58,23.258,3.251,73.776,0,0,1408196,398232,179984,5893536,11224.906,1620.564,0,0,0,0,828,1057,2.420,1.680,0.930,1,0,3.001,0,0,10,32,6,21,0
12-02 15:35:59,22.765,2.502,73.050,0.250,0,1359816,446592,179988,5893552,10412.059,1513.026,0,540.366,0,38.026,1168,1548,2.310,1.670,0.930,1,0,1.001,0,0,10,32,6,21,0
12-02 15:36:00,23.526,2.252,73.831,0,0,1433400,373008,179988,5893552,11548.600,1621.769,0,0,0,0,920,1052,2.310,1.670,0.930,1,0,2.002,0,0,10,32,6,21,0
12-02 15:36:01,22.465,3.245,74.133,0,0,1386264,420140,179996,5893548,10315.722,1617.448,0,67.893,0,3.994,984,1234,2.310,1.670,0.930,1,0,0.998,0,0,10,32,6,16,0
12-02 15:36:02,23.477,1.998,73.427,0.250,0,1431592,374784,180004,5893568,9402.654,1564.445,0,4831.198,0,241.760,1392,1916,2.310,1.670,0.930,1,0,1.998,0,0,10,32,6,16,0
12-02 15:36:03,22.787,2.504,73.870,0,0,1418520,387868,180004,5893556,7724.583,1622.643,0,0,0,0,889,1057,2.310,1.670,0.930,1,0,4.007,0,0,10,32,6,16,0
12-02 15:36:04,23.230,2.498,73.936,0,0,1368604,437796,180004,5893544,4691.970,1692.546,0,11.990,0,0.999,756,923,2.200,1.660,0.930,1,0,0.999,0,0,10,32,6,16,0
12-02 15:36:05,22.750,2.500,74.001,0,0,1428832,377568,180004,5893544,7360.066,1586.014,0,0,0,0,800,1011,2.200,1.660,0.930,1,0,2.000,0,0,10,32,6,15,0
12-02 15:36:06,23.239,2.249,73.965,0,0,1378268,428108,180004,5893568,9639.469,1619.239,0,1995.062,0,9.995,826,1006,2.200,1.660,0.930,1,0,1.000,0,0,10,32,6,15,0
12-02 15:36:07,23.994,2.249,73.982,0,0,1434716,371660,180004,5893568,8331.925,1619.597,0,243.939,0,2.999,808,1011,2.200,1.660,0.930,1,0,2.000,0,0,10,32,6,12,0
12-02 15:36:08,23.767,1.501,73.552,0,0,1332188,474188,180004,5893568,12715.927,1621.138,0,16.011,0,2.001,924,1026,2.200,1.660,0.930,1,0,2.001,0,0,10,32,6,12,0
12-02 15:36:09,22.748,3.750,73.243,0.250,0,1408784,397608,180008,5893548,13641.786,1619.856,0,527.953,0,39.996,1296,1613,2.100,1.650,0.930,1,0,2.000,0,0,10,32,6,11,0
12-02 15:36:10,22.753,2.500,74.008,0,0,1357892,448488,180008,5893556,14109.608,1566.179,0,20.002,0,1.000,958,1007,2.100,1.650,0.930,1,0,1.000,0,0,10,32,6,11,0
12-02 15:36:11,23.803,2.004,74.416,0,0,1351236,455136,180008,5893564,8149.156,1623.617,0,20.045,0,1.002,902,1070,2.100,1.650,0.930,2,0,1.002,0,0,10,32,6,10,0
12-02 15:36:12,22.251,3.000,73.502,0,0,1425576,380796,180008,5893564,7930.262,1586.052,0,656.022,0,128.004,1034,1092,2.100,1.650,0.930,1,0,2.000,0,0,10,32,6,10,0
12-02 15:36:13,15.737,12.740,71.193,0,0,1336744,469584,180008,5893608,6728.631,1618.708,0,111.911,0,5.995,1840,2543,2.100,1.650,0.930,1,0,201.839,0,0,10,32,5,9,0
12-02 15:36:14,12.999,16.249,69.994,0.250,0,1356200,450116,180008,5893620,9827.194,1619.867,0,175.986,0,7.999,2248,3028,2.020,1.640,0.930,1,0,258.979,0,0,10,32,5,9,0
12-02 15:36:15,23.235,2.498,73.952,0,0,1422460,383840,180008,5893636,9219.054,1618.956,0,0,0,0,851,1000,2.020,1.640,0.930,2,0,0,0,0,10,32,5,9,0
12-02 15:36:16,23.251,2.500,73.754,0,0,1371360,434696,180008,5893876,9468.454,1620.078,0,0,0,0,944,1082,2.020,1.640,0.930,2,0,9.000,0,0,10,32,5,9,0
12-02 15:36:17,22.265,4.503,73.550,0,0,1329372,476680,180008,5893880,8003.418,1663.126,0,48.033,0,1.001,1021,1245,2.020,1.640,0.930,2,0,35.024,0,0,10,32,5,9,0
12-02 15:36:18,8.987,22.716,67.150,0,0,1337584,468372,180008,5893976,9839.379,1455.837,3.994,71.893,0.999,2.996,2511,3538,2.020,1.640,0.930,2,0,328.512,0,0,10,32,5,9,0
12-02 15:36:19,10.764,18.524,69.089,0,0,1333828,472092,180012,5894004,10409.480,1664.155,0,676.877,0,37.048,2802,4056,1.930,1.620,0.930,3,0,317.411,0,0,10,32,5,8,0
12-02 15:36:20,8.254,21.259,69.280,0,0,1339336,466564,180012,5894024,10327.451,1620.699,0,204.088,0,4.002,2383,3236,1.930,1.620,0.930,4,0,286.123,0,0,10,32,5,8,0
12-02 15:36:21,8.747,21.993,68.728,0,0,1335804,470080,180012,5894036,10678.636,1619.490,0,3.999,0,1.000,2464,3280,1.930,1.620,0.930,3,0,287.909,0,0,10,32,5,8,0
12-02 15:36:22,9.005,20.511,69.035,0,0,1337032,468824,180012,5894060,8674.441,1694.868,0,552.283,0,8.004,2431,3239,1.930,1.620,0.930,2,0,281.144,0,0,10,32,5,8,0
12-02 15:36:23,10.990,19.732,68.686,0,0,1337552,468256,180012,5894076,5615.772,1692.424,0,715.334,0,7.993,2371,3226,1.930,1.620,0.930,1,0,281.738,0,0,10,32,5,8,0
12-02 15:36:24,8.004,21.011,68.785,0,0,1338836,466956,180012,5894092,8891.472,1458.734,0,756.380,0,9.005,2368,3161,1.940,1.630,0.930,3,0,282.142,0,0,10,32,5,8,0
12-02 15:36:25,9.485,20.718,68.644,0,0,1335280,470500,180012,5894104,9866.776,1691.390,0,643.008,0,6.989,2423,3246,1.940,1.630,0.930,2,0,293.547,0,0,10,32,5,8,0
12-02 15:36:26,9.511,21.025,69.333,0,0,1334828,470924,180012,5894132,9225.042,1621.941,0,744.892,0,10.012,2755,3982,1.940,1.630,0.930,1,0,382.458,0,0,10,32,5,4,0
12-02 15:36:27,7.494,20.235,70.448,0,0,1334344,471384,180012,5894156,9716.780,1618.797,0,127.905,0,6.995,2508,3446,1.940,1.630,0.930,2,0,304.774,0,0,10,32,5,4,0
12-02 15:36:28,10.007,19.763,70.547,0,0,1333980,471732,180012,5894172,85452.510,1621.091,0,120.081,0,5.003,2366,3197,1.940,1.630,0.930,2,0,273.184,0,0,10,32,5,4,0
12-02 15:36:29,8.256,22.016,69.300,0.250,0,1336452,468940,180012,5894488,9228.626,1695.217,168.121,308.221,4.003,9.006,2424,3320,1.860,1.620,0.930,3,0,296.213,0,0,10,32,5,4,0
12-02 15:36:30,9.493,20.485,67.950,0,0,1333676,471700,180012,5894504,12741.533,1660.766,0,31.976,0,7.994,2458,3320,1.860,1.620,0.930,4,0,305.773,0,0,10,32,5,4,0
12-02 15:36:31,9.503,18.506,70.021,0,0,1330432,474912,180012,5894536,5012.499,1458.436,0,20.006,0,5.001,2315,3114,1.860,1.620,0.930,1,0,261.078,0,0,10,32,5,4,0
12-02 15:36:32,19.237,23.484,54.962,0.250,0,1370164,434152,180024,5895540,9568.417,1618.886,987.321,683.530,20.986,63.956,3369,5099,1.860,1.620,0.930,2,0,488.664,0,0,10,32,5,6,0
12-02 15:36:33,49.320,32.296,17.525,0.250,0,1490332,310232,180060,5896400,7787.058,1622.304,348.495,1434.036,14.020,65.092,3529,6906,1.860,1.620,0.930,4,0,767.089,0,0,10,32,5,10,0
12-02 15:36:34,80.248,14.000,3.750,0.750,0,1650156,139880,181324,5904444,10890.739,1619.961,75.998,9535.771,8.000,749.982,11131,9197,2.040,1.660,0.950,6,1,115.997,0,0,10,36,5,8,0
12-02 15:36:35,53.505,16.501,20.502,8.251,0,1610632,174412,181696,5908996,9973.858,1620.139,0,79150.807,0,6211.534,25088,41707,2.040,1.660,0.950,2,1,223.019,0,0,10,36,5,8,0
12-02 15:36:36,60.248,13.500,16.750,8.500,0,1645952,127636,182028,5920036,5470.841,1619.953,0,77465.753,0,5859.830,22717,39525,2.040,1.660,0.950,8,0,79.998,0,0,10,37,5,8,0
12-02 15:36:37,49.000,11.250,28.000,9.750,0,1610140,155588,182336,5927452,12129.024,1694.003,0,71528.143,0,5748.011,24010,39030,2.040,1.660,0.950,3,0,145.000,0,0,10,36,5,8,0
12-02 15:36:38,36.998,13.999,35.998,11.499,0,1551784,205208,182664,5935780,9404.370,1585.894,0,56060.244,0,4445.702,19822,35339,2.040,1.660,0.950,3,1,220.985,0,0,10,35,5,9,0
12-02 15:36:39,35.758,9.752,43.010,10.002,0,1494372,259316,183120,5938492,9012.127,1566.370,0,51152.072,0,4183.987,20013,36576,2.110,1.680,0.960,2,0,84.020,0,0,10,34,5,10,0
12-02 15:36:40,36.714,8.991,40.960,11.988,0,1560720,190368,183332,5940848,9746.546,1618.430,0,60009.791,0,4613.525,19011,33904,2.110,1.680,0.960,1,1,53.948,0,0,10,34,5,11,0
12-02 15:36:41,39.510,7.252,42.261,10.003,0,1561468,189136,183460,5941192,9833.596,1620.428,0,43851.577,0,3941.040,18929,34602,2.110,1.680,0.960,2,0,30.008,0,0,10,34,5,12,0
12-02 15:36:42,35.250,9.250,43.750,10.000,0,1551032,198532,183604,5942080,9859.069,1620.011,4.000,47804.335,1.000,4195.029,17834,30888,2.110,1.680,0.960,1,1,107.001,0,0,10,34,5,12,0
12-02 15:36:43,42.024,7.254,41.024,8.505,0,1563388,183972,183692,5944192,6766.905,1662.960,0,38358.133,0,3459.996,17402,31790,2.110,1.680,0.960,4,1,49.028,0,0,10,35,5,13,0
12-02 15:36:44,38.733,9.996,44.731,6.997,0,1536180,208440,183828,5946788,4584.047,1619.310,0,46760.080,0,4060.270,16890,31738,2.340,1.740,0.980,1,1,77.967,0,0,10,36,5,15,0
12-02 15:36:45,39.496,8.749,39.996,9.999,0,1558228,182064,184096,5950724,14840.575,1553.851,0,46059.578,0,3835.632,19740,35377,2.340,1.740,0.980,1,1,87.992,0,0,10,37,5,18,0
12-02 15:36:46,36.747,9.249,42.997,11.999,0,1502176,234376,184236,5954212,7248.442,1693.870,0,52787.935,0,4500.653,21855,37956,2.340,1.740,0.980,3,0,141.989,0,0,10,36,5,22,0
12-02 15:36:47,39.744,6.999,41.744,11.248,0,1558140,175912,184320,5956560,11415.253,1565.760,0,43297.376,0,4164.363,19081,32555,2.340,1.740,0.980,3,1,59.991,0,0,10,36,5,22,0
12-02 15:36:48,37.998,9.999,42.497,10.499,0,1536128,202248,184364,5952156,8210.499,1619.901,0,50988.890,0,4719.712,21644,37430,2.340,1.740,0.980,2,0,54.997,0,0,10,36,5,23,0
12-02 15:36:49,41.532,6.255,43.784,8.507,0,1497480,240368,184432,5952604,10739.377,1621.265,0,43770.141,0,3672.865,15843,27030,2.320,1.740,0.990,2,0,71.055,0,0,10,34,5,24,0
12-02 15:36:50,29.701,13.727,55.409,0,0,1448372,289412,184432,5952648,10829.186,1617.339,0,766.739,0,46.923,2310,3147,2.320,1.740,0.990,1,0,239.606,0,0,10,33,5,24,0
12-02 15:36:51,21.235,3.997,71.948,0.500,0,1408332,329300,184432,5952800,31473.434,1618.839,0,3673.366,0,275.802,2993,4628,2.320,1.740,0.990,1,0,42.969,0,0,10,32,5,26,0
12-02 15:36:52,24.534,2.003,72.599,0,0,1448376,289232,184436,5952820,11156.284,1514.074,0,877.202,0,55.075,1882,3511,2.320,1.740,0.990,1,0,0,0,0,10,33,5,26,0
12-02 15:36:53,11.998,15.997,69.988,0.750,0,1381920,355580,184436,5952928,8984.491,1787.700,0,647.891,0,47.992,2472,3536,2.320,1.740,0.990,1,0,232.961,0,0,10,32,5,26,0
12-02 15:36:54,9.499,21.747,68.490,0,0,1390920,346520,184436,5952988,47390.891,1619.757,0,571.914,0,34.995,2627,3570,2.290,1.750,1,2,0,333.950,0,0,10,32,5,26,0
12-02 15:36:55,46.067,17.275,35.051,0,0,1503820,233456,184452,5953136,13112.170,1568.293,4.006,3388.955,1.001,226.331,3419,4994,2.290,1.750,1,4,0,312.457,0,0,10,32,5,32,0
12-02 15:36:56,65.500,10.000,23.750,0,0,1671176,122228,184084,5898480,11881.964,1619.995,24.000,4071.988,4.000,213.999,1861,1661,2.290,1.750,1,6,0,1.000,0,0,10,32,5,32,0
12-02 15:36:57,53.706,8.743,29.476,5.995,0,1773664,128776,183296,5792332,10478.418,1618.674,1954.399,26929.944,114.906,1955.399,10754,16586,2.290,1.750,1,5,0,87.928,0,0,10,38,5,32,0
12-02 15:36:58,31.266,10.255,44.023,15.508,0,1774612,131840,183512,5788380,7781.085,1620.851,0,92984.817,0,7088.722,30133,49948,2.290,1.750,1,3,0,209.110,0,0,10,38,5,32,0
12-02 15:36:59,35.258,10.753,38.759,14.503,0,1774452,122276,183596,5797940,7332.767,1512.364,0,87076.986,0,7434.792,30855,56654,2.430,1.780,1.010,10,0,216.052,0,0,10,38,5,32,0
12-02 15:37:00,44.495,9.749,32.246,12.249,0,1667648,234760,183668,5792420,13002.531,1619.817,4.000,79615.004,1.000,6159.304,25897,42164,2.430,1.780,1.010,3,2,245.972,0,0,10,36,5,32,0
12-02 15:37:01,44.926,12.480,30.201,11.731,0,1733828,159704,183740,5800944,8636.853,1617.351,47.922,80304.461,5.990,5724.623,18439,37697,2.430,1.780,1.010,3,0,66.890,0,0,10,36,5,32,0
12-02 15:37:02,40.815,11.018,30.799,16.777,0,1775776,129076,183460,5789916,10681.026,1622.586,0,97082.750,0,6983.131,22590,45627,2.430,1.780,1.010,8,0,23.037,0,0,10,38,5,32,0
12-02 15:37:03,36.482,11.494,37.982,12.994,0,1662492,240888,183496,5791360,9310.475,1639.203,0,74040.017,0,6204.984,24453,44121,2.430,1.780,1.010,3,1,168.918,0,0,10,36,5,32,0
12-02 15:37:04,32.013,12.505,53.522,2.501,0.250,1402284,500632,183500,5791804,8619.560,1694.700,0,12365.107,0,939.388,5596,8710,2.390,1.790,1.020,2,0,215.089,0,0,10,32,5,32,0
12-02 15:37:05,20.482,5.745,72.934,0,0,1468544,434356,183500,5791816,7895.878,1618.540,0,1350.782,0,80.927,1431,1837,2.390,1.790,1.020,1,0,52.952,0,0,10,32,5,32,0
12-02 15:37:06,23.181,2.742,72.533,0.997,0,1523732,379168,183500,5791816,8627.248,1581.280,0,4993.096,0,310.074,1773,2386,2.390,1.790,1.020,1,0,1.994,0,0,10,32,5,32,0
12-02 15:37:07,22.560,3.760,73.194,0,0,1413408,489484,183500,5791824,6120.225,1624.306,0,372.989,0,57.152,1466,1965,2.390,1.790,1.020,2,0,27.072,0,0,10,32,5,32,0
12-02 15:37:08,23.463,2.746,73.884,0,0,1483964,418924,183500,5791828,10472.569,1617.462,0,43.931,0,4.992,843,1085,2.390,1.790,1.020,1,0,0.998,0,0,10,32,5,32,0
12-02 15:37:09,23.030,2.503,73.597,0.250,0,1525508,377372,183500,5791836,7335.639,1622.131,0,536.705,0,41.054,1155,1721,2.280,1.770,1.020,1,0,2.003,0,0,10,34,5,32,0
12-02 15:37:10,16.028,22.289,60.606,0,0,1408512,494236,183504,5791948,16276.549,1642.882,84.148,40.070,5.009,10.018,3143,4877,2.280,1.770,1.020,2,0,571.002,0,0,10,32,5,32,0
12-02 15:37:11,15.738,37.471,45.465,0,0,1414272,488388,183508,5792028,13556.467,1734.652,3.997,359.720,0.999,33.974,5302,9030,2.280,1.770,1.020,2,0,1151.106,0,0,10,32,5,32,0
12-02 15:37:12,9.227,21.945,67.083,0,0,1409408,493228,183508,5792052,14325.373,1582.065,0,143.643,0,12.968,2820,4079,2.280,1.770,1.020,1,0,394.020,0,0,10,32,5,32,0
12-02 15:37:13,4.507,7.010,87.380,0.501,0,1408040,493936,183540,5792684,9609.299,1622.414,616.918,412.614,15.022,89.133,1782,2252,2.280,1.770,1.020,1,0,104.155,0,0,11,12,5,32,20
12-02 15:37:14,10.763,17.772,70.587,0,0,1411964,489996,183540,5792716,8441.400,1696.090,0,24.030,0,6.007,2516,3629,2.180,1.760,1.020,1,0,304.375,0,0,11,12,5,32,20
12-02 15:37:15,16.256,16.506,65.525,0,0.250,1408340,493044,183576,5793228,8737.329,1620.617,392.149,16.006,36.014,4.002,4617,8189,2.180,1.760,1.020,2,0,234.089,0,0,11,12,5,32,20
12-02 15:37:16,20.724,21.224,58.177,0,0,1451640,449036,183592,5793888,11904.156,1617.982,43.945,7.990,1.998,1.998,2911,4585,2.180,1.760,1.020,2,0,356.555,0,0,13,12,5,32,20
12-02 15:37:17,11.516,20.028,67.344,0,0,1456452,444172,183592,5794256,7995.193,1622.271,0,344.482,0,11.015,3731,6268,2.180,1.760,1.020,1,0,272.381,0,0,13,12,5,32,20
12-02 15:37:18,22.743,18.745,56.984,0.250,0,1495012,405312,183592,5794168,10374.002,1713.505,3.999,1775.487,1.000,236.932,4754,8600,2.180,1.760,1.020,2,0,241.930,0,0,15,12,5,32,20
12-02 15:37:19,11.752,17.503,69.510,0,0,1499124,401040,183592,5794328,8672.301,1554.233,0,548.082,0,33.005,2910,4358,2.160,1.770,1.020,1,0,297.045,0,0,15,12,5,32,20
12-02 15:37:20,18.252,15.502,65.506,0,0,1509324,390844,183592,5794336,29566.868,1620.157,0,148.014,0,12.001,4470,9245,2.160,1.770,1.020,2,0,172.017,0,0,15,12,5,32,20
12-02 15:37:21,65.753,15.251,18.751,0,0,1784944,131432,183244,5778580,8624.336,1620.063,0,772.030,0,7.000,2044,2680,2.160,1.770,1.020,13,0,85.003,0,0,17,12,5,32,20
12-02 15:37:22,65.236,15.747,19.246,0,0,1931236,174464,182748,5594216,5341.846,1619.650,0,3831.172,0,343.926,2743,3887,2.160,1.770,1.020,1,0,128.972,0,0,17,12,5,32,20
12-02 15:37:23,8.997,20.242,69.723,0,0,1936372,169244,182748,5594256,9542.345,1619.380,0,15.994,0,3.998,2892,4460,2.160,1.770,1.020,1,0,337.871,0,0,17,12,5,32,20
12-02 15:37:24,15.998,17.998,65.241,0,0,1940120,165232,182748,5594756,7410.014,1619.785,0,15.998,0,3.999,5138,8999,2.070,1.750,1.020,1,0,210.972,0,0,17,12,5,32,20
12-02 15:37:25,25.478,9.742,63.696,0.250,0,1985500,118716,182752,5595536,9383.015,1456.760,831.293,0,13.988,0,2740,4365,2.070,1.750,1.020,0,0,141.879,0,0,18,12,5,32,20
12-02 15:37:26,8.992,7.244,82.677,0.250,0,2003832,128964,182496,5567752,10532.647,1692.497,0,351.688,0,2.997,1673,2552,2.070,1.750,1.020,1,0,90.919,0,0,18,12,5,33,20
12-02 15:37:27,23.501,3.750,71.003,0.250,0,2048644,125996,182496,5526700,8593.344,1694.068,0,288.012,0,24.001,2125,3495,2.070,1.750,1.020,1,0,0,0,0,18,19,5,35,10
12-02 15:37:28,16.774,13.019,68.850,0,0,1990504,183528,182500,5527304,11477.689,1664.420,276.402,284.414,5.007,34.050,2738,4409,2.070,1.750,1.020,3,0,174.253,0,0,18,18,5,39,0
12-02 15:37:29,9.750,19.499,67.997,0.250,0,1999632,174468,182500,5527324,9827.528,1619.922,0,403.981,0,27.999,3015,4442,1.980,1.740,1.020,1,0,272.987,0,0,18,18,5,39,0
12-02 15:37:30,10.737,18.478,69.167,0,0,2006088,167968,182500,5527352,8585.680,1618.055,0,399.520,0,8.989,2742,4043,1.980,1.740,1.020,1,0,257.690,0,0,18,18,5,39,0
12-02 15:37:31,10.520,20.540,67.882,0,0,2006112,167900,182500,5527380,10076.538,1623.147,0,96.187,0,11.021,2818,4132,1.980,1.740,1.020,1,0,256.497,0,0,18,18,5,39,0
12-02 15:37:32,17.237,16.737,64.201,0,0,2006956,166960,182500,5527736,23987.793,1456.894,0,15.988,0,3.997,4961,8509,1.980,1.740,1.020,1,0,176.866,0,0,18,18,5,39,0
12-02 15:37:33,44.462,9.742,43.962,0.250,0,2111232,121212,182128,5471048,6198.694,1618.614,327.719,3860.695,2.997,322.724,3250,3714,1.980,1.740,1.020,2,0,130.888,0,0,18,19,5,35,0
12-02 15:37:34,46.547,5.506,46.797,0.250,0,2214296,135884,181984,5355688,10695.803,1695.713,88.089,248.251,1.001,10.010,2448,3554,1.990,1.740,1.030,4,0,19.019,0,0,18,35,5,35,0
12-02 15:37:35,46.001,9.000,44.001,0,0,2265272,130492,182040,5310896,12867.399,1620.050,0,1328.041,0,106.003,7197,12595,1.990,1.740,1.030,3,0,12.000,0,0,18,34,5,32,0
12-02 15:37:36,8.491,19.478,69.173,0,0.250,2276036,119368,182048,5311252,12755.841,1618.204,11.987,163.818,2.997,11.987,3099,4617,1.990,1.740,1.030,1,0,273.696,0,0,18,34,5,32,0
12-02 15:37:37,17.737,15.239,65.701,0,0,2282924,119052,181960,5304816,7670.332,1618.804,235.826,47.965,13.990,3.997,4825,9548,1.990,1.740,1.030,0,0,153.886,0,0,18,34,5,32,0
12-02 15:37:38,1.500,1.000,95.730,0.250,0,2282920,119052,181960,5304820,5727.820,1619.666,3.999,91.981,1.000,8.998,1036,1755,1.990,1.740,1.030,0,0,2.999,0,0,18,34,5,32,0
12-02 15:37:39,3.249,1.999,93.218,0,0,2307056,130196,181800,5270444,10510.447,1553.475,0,123.958,0,13.995,1214,1997,1.830,1.720,1.020,0,0,1.000,0,0,18,34,5,30,0
12-02 15:37:40,3.001,1.000,95.285,0.500,0,2307788,129444,181800,5270464,9812.611,1566.577,16.006,308.113,4.001,20.007,1210,1936,1.830,1.720,1.020,0,0,9.003,0,0,18,34,5,30,0
12-02 15:37:41,2.751,0.750,96.038,0.250,0,2307788,129444,181800,5270464,9779.834,1620.635,0,36.014,0,5.002,1110,1758,1.830,1.720,1.020,2,0,1.000,0,0,18,34,5,28,0
12-02 15:37:42,14.035,16.040,68.419,0,0,2304596,135964,181808,5267424,7338.177,1698.206,68.169,36.089,9.022,2.005,5276,9029,1.830,1.720,1.020,1,0,219.544,0,0,18,34,5,28,0
12-02 15:37:43,11.996,13.995,70.975,0,0,2315784,124504,181808,5267332,12641.462,1619.419,271.902,3.999,19.993,1.000,3444,5065,1.830,1.720,1.020,1,0,245.912,0,0,19,34,4,27,0
12-02 15:37:44,16.223,19.967,60.898,0.499,0,2317360,132284,181804,5258344,7078.179,1854.902,750.746,8869.188,28.952,654.906,6322,9607,1.920,1.740,1.030,1,0,262.562,0,0,19,50,4,28,0
12-02 15:37:45,13.738,9.741,72.936,0.250,0,2311292,152700,181804,5244016,7132.766,1688.524,239.790,1190.959,13.988,196.828,3468,5438,1.920,1.740,1.030,0,0,185.838,0,0,19,50,4,29,0
12-02 15:37:46,8.019,15.788,74.427,0,0,2322952,140836,181804,5244584,6178.693,1515.604,32.076,0,3.007,0,2980,6236,1.920,1.740,1.030,1,0,177.422,0,0,21,50,4,24,0
12-02 15:37:47,14.506,15.757,68.280,0,0,2332848,130724,181804,5244384,11225.883,1608.700,172.075,4.002,8.003,1.000,3227,7431,1.920,1.740,1.030,1,0,198.086,0,0,21,52,4,24,0
12-02 15:37:48,9.724,19.199,69.813,0,0,2341860,121684,181804,5244412,8002.561,1615.672,0,3.989,0,0.997,2940,4369,1.920,1.740,1.030,2,0,310.169,0,0,21,52,4,19,0
12-02 15:37:49,13.498,19.497,65.241,0,0,2318824,145392,181808,5244080,11592.435,1703.770,3.999,1659.776,1.000,259.965,4337,6093,3.210,2.010,1.120,1,0,294.960,0,0,21,52,4,19,0
12-02 15:37:50,25.068,20.556,53.645,0,0,2359660,118924,181816,5229704,36400.317,1624.387,0,874.362,0,133.360,5089,8464,3.210,2.010,1.120,2,0,333.902,0,0,21,52,4,17,0
12-02 15:37:51,31.254,22.503,45.005,0,0,2421520,120804,181876,5166992,12920.550,1620.194,4.000,300.036,1.000,4.000,3482,5789,3.210,2.010,1.120,3,0,491.059,0,0,21,52,4,17,0
12-02 15:37:52,34.494,26.246,39.744,0,0,2536752,143676,181916,5031936,8852.566,1585.743,59.990,31.995,8.999,7.999,3909,8597,3.210,2.010,1.120,2,0,479.922,0,0,21,56,4,17,0
12-02 15:37:53,34.145,21.185,43.616,0,0,2553260,126708,181920,5032700,8008.358,1782.515,79.755,31.902,3.988,7.975,4147,7323,3.210,2.010,1.120,2,0,336.963,0,0,21,56,4,17,0
12-02 15:37:54,40.381,21.821,37.121,0,0,2631656,123468,181928,4959288,4584.892,1715.572,0,0,0,0,5211,10712,3.190,2.020,1.130,3,0,338.098,0,0,21,56,4,17,0
12-02 15:37:55,52.992,25.496,19.997,0,0,2755736,132516,181944,4828444,13705.013,1639.762,7.999,1351.804,2.000,20.997,6079,14587,3.190,2.020,1.130,13,0,354.949,0,0,21,56,4,17,0
12-02 15:37:56,68.696,21.983,6.994,0.500,0,2871116,125256,182328,4719284,10641.583,1618.720,243.807,791.374,56.955,76.939,3334,9462,3.190,2.020,1.130,5,0,479.621,0,0,21,60,4,11,0
12-02 15:37:57,65.513,23.755,10.252,1.500,0,2986968,131424,182340,4597260,10407.092,1620.326,0,18863.792,0,1806.363,13032,22661,3.190,2.020,1.130,6,0,259.052,0,0,21,60,4,11,0
12-02 15:37:58,65.522,26.759,6.002,1.000,0,3094344,121656,182360,4502148,9892.274,1620.536,0,29405.733,0,2126.704,13537,26450,3.190,2.020,1.130,5,1,504.167,0,0,21,62,4,11,0
12-02 15:37:59,75.003,21.001,2.750,0,0,3184040,133416,182460,4401640,10126.456,1586.071,4.000,6072.273,1.000,600.027,7816,16883,3.500,2.110,1.160,7,0,214.010,0,0,21,66,4,14,0
12-02 15:38:00,69.768,22.256,7.002,0.250,0,3286288,119328,182460,4314728,10009.512,1620.407,36.009,7825.964,5.001,559.140,7846,18767,3.500,2.110,1.160,4,0,464.116,0,0,21,79,4,20,0
12-02 15:38:01,45.237,25.243,28.742,0,0,3360972,135552,182460,4225380,7730.859,1619.551,0,827.771,0,50.986,5987,26349,3.500,2.110,1.160,2,0,415.885,0,0,21,79,4,20,0
12-02 15:38:02,57.026,15.757,26.762,0.250,0,3502552,126812,182464,4095324,10800.936,1620.741,28.013,10180.653,1.000,663.303,5522,10064,3.500,2.110,1.160,4,0,164.075,0,0,21,82,4,20,0
12-02 15:38:03,41.215,15.987,41.465,0.749,0,3597252,127260,182488,4002444,9295.155,1564.679,207.825,7449.712,17.985,420.645,7496,13163,3.500,2.110,1.160,1,0,112.905,0,0,21,87,4,23,0
12-02 15:38:04,9.996,18.993,68.974,0.250,0,3599800,134156,182488,3993112,4848.153,1709.349,0,1531.417,0,85.967,2975,4437,3.300,2.090,1.160,2,0,250.904,0,0,21,87,4,23,0
12-02 15:38:05,8.503,20.257,70.273,0.250,0,3606076,127860,182488,3993132,11167.719,1620.540,0,1484.494,0,81.027,3002,4359,3.300,2.090,1.160,1,0,241.080,0,0,21,87,4,23,0
12-02 15:38:06,8.500,19.501,70.754,0,0,3614576,119316,182488,3993160,9652.541,1512.085,4.000,108.006,1.000,10.001,2749,4042,3.300,2.090,1.160,1,0,242.014,0,0,21,87,4,23,0
12-02 15:38:07,7.746,19.989,69.711,0.500,0,3609652,129100,182488,3988312,9267.866,1693.062,0,6252.536,0,462.744,3653,4315,3.300,2.090,1.160,1,0,274.848,0,0,21,87,4,23,0
12-02 15:38:08,11.995,18.242,68.719,0,0,3615004,123592,182488,3988468,8587.162,1693.243,0,23.989,0,5.997,3048,4706,3.300,2.090,1.160,3,0,311.861,0,0,21,87,4,23,0
12-02 15:38:09,19.281,16.526,62.599,0,0,3619912,118676,182488,3988500,10174.126,1664.638,0,128.203,0,5.008,5366,8228,3.110,2.070,1.160,2,0,170.270,0,0,21,89,4,23,0
12-02 15:38:10,31.726,22.233,45.965,0.250,0,3678572,126804,182484,3922204,14221.320,1618.784,411.691,1522.856,12.990,235.823,4022,6173,3.110,2.070,1.160,3,0,447.664,0,0,21,93,4,23,0
12-02 15:38:11,34.188,18.217,44.670,0.250,0,3718172,130200,182492,3879900,12031.344,1563.186,119.784,3294.071,3.993,507.087,5589,10040,3.110,2.070,1.160,2,0,331.403,0,0,21,99,4,23,0
12-02 15:38:12,44.090,23.548,32.066,0.501,0,3813100,119884,182460,3796448,8928.240,1623.316,1458.981,1122.293,38.078,201.411,4764,8810,3.110,2.070,1.160,9,0,433.886,0,0,23,101,4,23,0
12-02 15:38:13,60.224,25.489,11.245,0.500,0,3983956,122456,181892,3625280,9632.906,1511.358,1147.512,11187.245,77.967,1153.510,7152,16818,3.110,2.070,1.160,3,0,469.800,0,0,23,117,4,23,0
12-02 15:38:14,49.373,24.188,24.936,0.748,0,4055148,125700,181852,3551468,5450.996,1705.618,175.549,6922.217,9.974,534.627,8327,19790,3.180,2.100,1.180,3,0,365.062,0,0,23,133,4,24,0
12-02 15:38:15,38.115,20.060,40.873,0,0,4116512,125588,181844,3491060,131001.840,1624.897,4.012,417.258,1.003,24.073,3935,5690,3.180,2.100,1.180,2,0,430.297,0,0,23,133,4,24,0
12-02 15:38:16,10.255,20.009,67.282,0.250,0,4126688,118748,181844,3488068,245993.617,1694.797,0,256.120,0,18.008,3759,5132,3.180,2.100,1.180,1,0,330.155,0,0,24,133,4,24,0
12-02 15:38:17,26.253,16.752,56.006,0,0,4144584,133988,181828,3455032,4735.497,1620.170,0,392.041,0,18.002,6316,13000,3.180,2.100,1.180,2,0,313.033,0,0,24,133,4,24,0
12-02 15:38:18,30.695,23.708,45.169,0,0,4214636,124452,181804,3396044,11829.848,1617.109,0,447.200,0,30.945,3758,6035,3.180,2.100,1.180,2,0,399.286,0,0,24,133,4,24,0
12-02 15:38:19,42.511,22.756,34.009,0,0,4305608,118340,181752,3312556,9286.452,1608.425,20.005,6205.638,5.001,545.144,7908,18368,3.010,2.080,1.180,2,0,309.082,0,0,24,145,4,24,0
12-02 15:38:20,30.028,24.523,44.042,0.250,0,4370152,124656,181700,3242412,13595.889,1513.435,44.042,208.197,2.002,15.014,3565,6207,3.010,2.080,1.180,2,0,478.454,0,0,24,145,4,24,0
12-02 15:38:21,20.961,24.704,52.901,0.250,0,4425892,125336,181656,3186608,7407.200,1616.988,15.970,4755.141,3.993,383.286,6037,11131,3.010,2.080,1.180,1,0,428.202,0,0,24,157,4,24,0
12-02 15:38:22,10.270,21.042,66.632,0,0,4434000,122824,181656,3181040,11272.353,1623.219,16.032,240.477,4.008,20.040,3193,4813,3.010,2.080,1.180,4,0,265.527,0,0,24,157,4,24,0
12-02 15:38:23,23.217,19.722,54.174,0.250,0,4448288,129348,181620,3161196,8637.829,1691.617,275.612,2879.942,22.968,372.475,8449,16341,3.010,2.080,1.180,1,0,235.668,0,0,24,165,4,26,0
12-02 15:38:24,39.564,11.769,48.078,0.250,0,4548976,128588,181540,3063772,47357.050,1622.640,252.411,1274.073,11.018,192.313,3481,5014,2.930,2.080,1.180,2,0,123.200,0,0,24,181,4,26,0
12-02 15:38:25,46.251,6.500,46.251,0.250,0,4648204,118760,181448,2976820,7832.094,1620.019,304.004,460.006,29.000,82.001,1988,2499,2.930,2.080,1.180,2,0,0,0,0,24,181,4,26,0
12-02 15:38:26,33.501,10.250,55.501,0.750,0,4586456,227256,181400,2931428,9315.168,1458.026,1444.026,416.007,42.001,30.001,3190,5152,2.930,2.080,1.180,4,0,141.003,0,0,24,184,4,25,0
12-02 15:38:27,36.753,24.752,37.003,0,0,4668936,141860,181408,2934336,9964.827,1662.138,164.014,128.011,28.002,8.001,5759,12256,2.930,2.080,1.180,2,0,484.040,0,0,24,186,4,25,0
12-02 15:38:28,37.996,22.997,36.246,2.000,0,4619708,185088,181400,2941140,10695.781,1619.815,19869.735,495.943,268.969,34.996,6454,12848,2.930,2.080,1.180,5,0,336.962,0,0,24,193,4,25,0
12-02 15:38:29,63.745,19.998,12.249,2.250,0,4767668,122224,181264,2860092,8043.316,1619.862,32717.219,10035.147,351.970,740.937,5914,10096,3.010,2.110,1.200,4,0,191.984,0,0,24,201,4,19,0
12-02 15:38:30,71.253,13.001,11.751,3.250,0,4796544,163424,180732,2794284,12531.551,1620.071,32693.439,1016.045,439.019,60.003,5363,9226,3.010,2.110,1.200,3,1,49.002,0,0,24,206,4,20,0
12-02 15:38:31,66.478,19.421,6.972,6.723,0,4906776,203884,180140,2648044,5876.992,1613.409,59919.230,1565.605,1006.887,93.618,6737,11398,3.010,2.110,1.200,3,0,37.845,0,0,24,208,4,24,0
12-02 15:38:32,43.427,26.107,25.605,2.259,0,4889188,183308,180144,2686344,7412.264,1463.977,34637.425,735.001,354.447,56.230,6477,12450,3.010,2.110,1.200,4,0,517.111,0,0,24,207,4,24,0
12-02 15:38:33,45.953,22.727,27.222,3.496,0,4917648,119084,180128,2722244,6175.688,1692.270,40974.124,511.477,417.573,28.970,7170,14933,3.010,2.110,1.200,6,0,251.743,0,0,24,211,4,24,0
12-02 15:38:34,60.066,27.530,8.760,2.503,0,4944888,142248,180104,2674988,9718.749,1695.876,42619.137,20002.122,422.467,646.715,6150,11351,3.010,2.110,1.200,10,0,485.537,0,0,24,213,4,24,0
12-02 15:38:35,58.778,22.569,16.369,0.496,0,4998708,126812,180324,2637736,10082.061,1607.098,1646.780,825.374,83.331,54.562,9532,47474,3.410,2.210,1.230,5,0,201.383,0,0,24,215,4,28,0
12-02 15:38:36,55.683,22.928,21.164,0,0,5050868,125984,179816,2587508,10433.065,1707.265,60.470,503.915,5.039,40.313,5894,10494,3.410,2.210,1.230,3,0,550.276,0,0,24,219,4,28,0
12-02 15:38:37,57.008,23.503,18.003,0.250,0,5065532,153152,179156,2547064,6958.030,1620.240,460.068,11745.738,36.005,791.117,9456,19511,3.410,2.210,1.230,4,0,291.043,0,0,24,225,4,33,0
12-02 15:38:38,67.226,12.745,18.993,0.250,0,5229896,124208,176652,2417728,10538.175,1661.397,191.930,6177.757,20.992,551.800,4069,6972,3.410,2.210,1.230,3,0,46.983,0,0,24,225,4,33,0
12-02 15:38:39,64.716,10.994,23.737,0.750,0,5275520,122140,175744,2376916,93034.785,3497.150,1079.429,811.571,71.962,65.965,6244,15025,3.410,2.210,1.230,3,1,5.997,0,0,24,232,4,38,0
12-02 15:38:40,51.797,12.511,35.032,0.250,0,5279120,176100,174728,2322076,54073.098,16667.134,112.102,1032.938,7.006,99.090,5859,10863,3.300,2.210,1.240,2,0,183.166,0,0,24,240,4,38,0
12-02 15:38:41,43.240,22.745,32.992,0.750,0,5287960,166540,174756,2322740,33386.388,1619.631,307.930,5126.831,19.995,407.907,7436,14143,3.300,2.210,1.240,2,0,479.891,0,0,24,244,4,38,0
12-02 15:38:42,46.009,18.003,34.256,0.250,0,5286504,167796,174764,2323412,9675.829,1620.306,24.005,660.125,4.001,46.009,7829,15388,3.300,2.210,1.240,5,0,261.049,0,0,25,245,4,38,0
12-02 15:38:43,65.000,10.750,21.250,2.000,0.250,5424528,123012,173264,2234400,5812.977,1619.994,1643.993,127.999,137.999,7.000,2952,5420,3.300,2.210,1.240,3,0,62.000,0,0,25,250,4,38,0
12-02 15:38:44,69.007,8.251,21.252,0.750,0,5465856,195844,172708,2124740,13093.283,1620.159,620.061,8108.795,42.004,722.071,4966,7521,3.300,2.210,1.240,4,0,14.001,0,0,25,252,4,39,0
12-02 15:38:45,32.479,11.992,53.466,0.250,0,5457452,202588,172712,2128480,26107.161,4348.195,299.807,591.618,26.983,48.968,5013,12292,3.360,2.240,1.250,2,0,244.842,0,0,25,251,4,39,0
12-02 15:38:46,36.497,14.249,48.746,0.500,0,5488524,148328,172716,2149584,21960787.059,102342.017,2091.837,431.966,28.998,26.998,8623,6842,3.360,2.240,1.250,2,0,253.980,0,0,25,249,4,40,0
12-02 15:38:47,34.925,6.985,56.628,0,0,5493936,145976,172652,2146592,5939.189,1562.629,0,586.734,0,51.888,3820,5977,3.360,2.240,1.250,1,0,42.907,0,0,25,252,4,40,0
12-02 15:38:48,27.022,3.002,70.058,0.500,0,5494924,144912,172652,2146672,5569.584,1695.395,36.030,352.290,3.002,28.023,2870,6970,3.360,2.240,1.250,1,0,0,0,0,25,257,4,42,0
12-02 15:38:49,26.533,3.254,68.085,0.250,0,5509948,129288,172656,2147268,11632.599,1622.036,416.523,809.015,20.025,82.103,4436,8822,3.360,2.240,1.250,1,0,3.004,0,0,25,262,4,44,0
12-02 15:38:50,26.705,7.987,62.895,0.499,0,5512572,121444,172372,2153716,15600.993,1701.164,7.987,778.702,1.997,72.879,5921,12104,3.170,2.220,1.250,1,1,24.958,0,0,25,278,4,51,0
12-02 15:38:51,12.515,18.772,63.324,3.754,0,5466628,211772,171776,2111732,6290.309,1621.885,92.107,40915.544,8.009,723.841,4572,5820,3.170,2.220,1.250,1,0,210.244,0,0,25,271,4,56,0
12-02 15:38:52,12.968,13.716,68.580,1.247,0,5464840,209340,171976,2115720,10045.158,1616.004,4097.866,522.707,143.645,35.911,3247,4804,3.170,2.220,1.250,1,0,182.549,0,0,25,273,4,56,0
12-02 15:38:53,17.785,12.775,66.632,1.002,0,5457712,209568,171988,2122504,8972.730,1717.394,2961.853,9290.358,79.156,105.208,5400,20991,3.170,2.220,1.250,0,0,21.042,0,0,25,273,4,54,0
12-02 15:38:54,5.002,1.501,91.794,0,0,5458496,208812,171996,2122468,11872.675,1458.697,0,144.069,0,18.009,1945,3124,3.170,2.220,1.250,0,0,0,0,0,25,273,4,54,0
12-02 15:38:55,5.992,2.496,92.119,0,0,5453364,214132,172004,2122272,10023.796,1617.708,0,115.836,0,10.984,1575,2540,2.910,2.180,1.250,0,0,0,0,0,25,273,4,54,0
12-02 15:38:56,3.001,0.500,93.271,0.250,0,5453320,214132,172032,2122288,8435.898,1620.365,4.001,9230.077,1.000,52.012,1705,2847,2.910,2.180,1.250,1,0,1.000,0,0,25,275,4,54,0
12-02 15:38:57,3.502,1.001,94.050,0.250,0,5453296,214132,172052,2122292,14019.430,1694.898,0,196.104,0,29.015,1598,2529,2.910,2.180,1.250,0,0,0,0,0,25,275,4,54,0
12-02 15:38:58,3.499,0.500,95.236,0,0,5453296,214132,172052,2122292,13249.026,1619.759,0,0,0,0,1350,2254,2.910,2.180,1.250,0,0,0,0,0,25,275,4,54,0
12-02 15:38:59,3.749,0.750,93.225,0.250,0,5453260,214132,172076,2122304,10539.144,1619.561,0,587.841,0,52.986,1788,3116,2.910,2.180,1.250,0,0,1.000,0,0,25,275,4,53,0
12-02 15:39:00,4.492,1.497,92.336,0.250,0,5453468,213908,172088,2122308,12191.287,1509.312,0,299.467,0,31.943,1884,3196,2.760,2.160,1.240,0,0,0.998,0,0,25,275,4,53,0
12-02 15:39:01,3.507,0.751,94.429,0,0,5453448,213908,172104,2122312,49432.477,1623.069,0,236.447,0,23.044,1566,2667,2.760,2.160,1.240,0,0,2.004,0,0,25,279,4,45,0
12-02 15:39:02,3.001,0.750,94.789,0.250,0,5453440,213908,172112,2122312,5839.429,1566.652,0,144.060,0,10.004,1289,2287,2.760,2.160,1.240,0,0,0,0,0,25,279,4,45,0
12-02 15:39:03,4.247,1.249,92.930,0.500,0,5436380,227544,172360,2125492,7861.112,117969.641,3509.371,107.919,51.961,4.996,1580,2522,2.760,2.160,1.240,0,0,0.999,0,0,25,279,4,42,0
12-02 15:39:04,2.497,0.499,94.872,0,0,5436380,227544,172360,2125492,7534.873,1691.726,0,0,0,0,1321,2312,2.760,2.160,1.240,0,0,0,0,0,25,279,4,42,0
12-02 15:39:05,3.500,0.750,95.511,0,0,5436380,227544,172360,2125492,11858.399,1620.191,0,0,0,0,1343,2263,2.780,2.170,1.250,0,0,0,0,0,25,279,4,42,0
12-02 15:39:06,3.749,0.750,92.716,0.500,0,5438844,225052,172372,2125508,7062.422,1619.409,15.994,251.908,1.000,22.992,1601,2768,2.780,2.170,1.250,1,0,1.000,0,0,25,279,4,42,2
12-02 15:39:07,2.500,1.000,94.992,0,0,5438708,225052,172376,2125640,9053.221,1511.870,0,239.979,0,18.998,1426,2429,2.780,2.170,1.250,0,0,0,0,0,25,279,4,42,2
12-02 15:39:08,1.753,1.002,95.157,0,0,5438708,225052,172376,2125640,9109.012,1622.674,0,0,0,0,1351,2330,2.780,2.170,1.250,0,0,0,0,0,25,279,4,42,2
12-02 15:39:09,2.250,0.500,94.250,0.250,0,5438648,225052,172388,2125688,9434.981,1565.997,32.000,387.999,1.000,35.000,1571,2723,2.780,2.170,1.250,0,0,0,0,0,25,279,4,42,2
12-02 15:39:10,4.500,1.250,93.994,0.250,0.250,5439600,224044,172392,2125740,10979.341,1619.903,4.000,287.983,1.000,23.999,1623,2666,2.560,2.140,1.250,1,0,19.999,0,0,25,281,4,42,2
12-02 15:39:11,2.754,0.751,95.134,0,0,5439596,224044,172396,2125740,9171.896,1622.281,0,32.045,0,4.006,1363,2351,2.560,2.140,1.250,0,0,0,0,0,25,281,4,42,2
12-02 15:39:12,2.497,0.499,95.151,0,0,5439596,224044,172396,2125740,6571.159,1618.315,0,0,0,0,1323,2275,2.560,2.140,1.250,0,0,0,0,0,25,281,4,42,2
12-02 15:39:13,3.501,1.000,95.036,0,0,5439844,223792,172396,2125744,10585.054,1512.579,0,0,0,0,1376,2323,2.560,2.140,1.250,0,0,1.000,0,0,25,281,4,42,2
12-02 15:39:14,3.742,2.494,89.299,0.748,0,5449140,213992,172408,2126236,8837.152,1616.370,335.247,526.817,12.971,51.883,2018,3581,2.560,2.140,1.250,0,0,2.993,0,0,25,283,3,43,0
12-02 15:39:15,2.756,0.752,94.192,0,0,5449220,213740,172420,2126396,12439.414,1623.316,0,200.409,0,22.045,1629,2814,2.350,2.100,1.240,0,0,1.002,0,0,25,283,3,43,0
12-02 15:39:16,4.004,1.251,92.841,1.001,0,5449668,213292,172436,2126380,9213.993,1567.530,0,7275.100,0,723.706,2836,2945,2.350,2.100,1.240,0,0,2.002,0,0,25,287,3,42,0
12-02 15:39:17,3.749,0.750,94.974,0,0,5449644,213292,172440,2126400,11306.902,1619.556,0,107.970,0,7.998,1388,2336,2.350,2.100,1.240,0,0,0,0,0,25,287,3,42,0
12-02 15:39:18,2.749,0.750,94.975,0,0,5449640,213292,172444,2126400,10515.266,1619.579,0,71.981,0,5.998,1380,2295,2.350,2.100,1.240,1,0,0,0,0,25,287,3,42,0
12-02 15:39:19,3.248,0.999,92.189,0.750,0,5449824,213040,172460,2126452,5569.319,1618.930,23.984,299.802,2.998,36.976,1570,2811,2.350,2.100,1.240,0,0,0,0,0,25,287,3,43,0
12-02 15:39:20,2.751,1.251,94.544,0,0,5449808,213040,172476,2126452,13005.021,1512.700,0,420.195,0,26.012,1433,2449,2.160,2.070,1.230,0,0,0,0,0,25,287,3,43,0
12-02 15:39:21,3.998,1.499,93.199,0.250,0,5449808,213040,172476,2126452,34230.105,1619.106,0,8399.364,0,522.711,2192,2480,2.160,2.070,1.230,0,0,0,0,0,25,287,3,43,0
12-02 15:39:22,3.998,0.500,93.695,0,0,5449804,213040,172476,2126456,6916.912,1692.999,0,7.995,0,1.999,1446,2453,2.160,2.070,1.230,1,0,0,0,0,25,287,3,43,0
12-02 15:39:23,4.993,1.997,92.128,0,0,5458992,203720,172476,2126588,10020.783,1637.840,0,3.995,0,0.999,1493,2523,2.160,2.070,1.230,0,0,0.999,0,0,25,287,3,43,0
12-02 15:39:24,4.004,1.501,93.583,0.250,0,5459448,203468,172488,2126592,11907.550,1621.437,0,208.184,0,15.013,1495,2482,2.160,2.070,1.230,0,0,1.001,0,0,25,289,3,41,0
12-02 15:39:25,2.498,0.999,94.683,0,0,5459448,203468,172488,2126592,12258.284,1692.796,0,59.957,0,6.995,1422,2396,2.070,2.050,1.230,0,0,0,0,0,25,289,3,41,0
12-02 15:39:26,5.998,4.249,88.224,0,0,5459964,202856,172492,2126684,12270.380,1619.522,0,415.877,0,25.992,3251,6138,2.070,2.050,1.230,1,0,1.000,0,0,25,289,3,41,0
12-02 15:39:27,4.007,0.751,92.671,0,0,5459804,202992,172492,2126708,5246.691,1556.876,0,4.007,0,1.002,1526,2596,2.070,2.050,1.230,0,0,0,0,0,25,289,3,41,0
12-02 15:39:28,6.257,0.250,91.098,0.250,0,5459804,202992,172492,2126708,10395.133,1621.737,0,216.232,0,24.026,1889,3169,2.070,2.050,1.230,0,0,0,0,0,25,289,3,41,0
12-02 15:39:29,3.497,0.999,93.183,0.250,0,5460000,202740,172508,2126748,9058.514,1734.758,15.989,263.811,0.999,33.976,1737,3070,2.070,2.050,1.230,0,0,0.999,0,0,25,289,3,41,0
12-02 15:39:30,4.247,0.999,93.192,0.250,0,5460128,202516,172520,2126832,8063.976,1565.025,67.958,207.870,1.999,20.987,1734,3002,1.900,2.020,1.220,0,0,0.999,0,0,25,289,3,41,0
12-02 15:39:31,2.247,0.999,94.644,0,0,5460124,202516,172524,2126832,10945.686,1618.180,0,287.676,0,10.988,1356,2356,1.900,2.020,1.220,0,0,0,0,0,25,289,3,41,0
12-02 15:39:32,3.251,0.500,95.534,0,0,5460116,202516,172532,2126832,7977.856,1620.580,0,292.105,0,18.006,1333,2317,1.900,2.020,1.220,0,0,0,0,0,25,289,3,36,0
12-02 15:39:33,3.499,0.750,94.724,0.250,0,5460616,202016,172532,2126832,8606.616,863.761,0,39.989,0,5.998,1354,2337,1.900,2.020,1.220,0,0,1.000,0,0,25,289,3,36,0
12-02 15:39:34,7.525,2.007,88.548,0.251,0,5477940,183896,172556,2127604,228395.780,3754.638,581.959,0,13.044,0,1579,2476,1.900,2.020,1.220,1,0,7.024,0,0,25,289,3,36,0
12-02 15:39:35,12.226,3.493,82.835,0,0,5471752,190064,172592,2127588,236898.151,10449.144,175.649,3.992,9.980,0.998,2038,2877,1.830,2,1.220,0,0,35.928,0,0,25,289,3,36,0
