"pcp-dstat 5.3.6 CSV Output"
"Author:","PCP team <pcp@groups.io> and Dag Wieers <dag@wieers.com>",,,,"URL:","https://pcp.io/ and http://dag.wieers.com/home-made/dstat/"
"Host:","ubuntu",,,,"User:","ubuntu"
"Cmdline:","dstat -tcmndrylpg --tcp --output /tmp/devstack_logs/dstat-csv.log",,,,"Date:","17 Dec 2025 13:16:54 UTC"
"system","total usage",,,,,"memory usage",,,,"net/total",,"dsk/total",,"io/total",,"system",,"load avg",,,"procs",,,"paging",,"tcp sockets",,,,
"time","total usage:usr","total usage:sys","total usage:idl","total usage:wai","total usage:stl","used","free","buf","cach","net/total:recv","net/total:send","dsk/total:read","dsk/total:writ","read","writ","int","csw","1m","5m","15m","run","blk","new","in","out","lis","act","syn","tim","clo"
17-12 13:16:54,,971660,504392,179340,6105888,,,,,,,1.650,1.180,0.650,1,0,,,,9,3,6,12,1
17-12 13:16:55,8.479,19.453,70.829,0.249,0,975100,500800,179352,6106020,4880.200,1689.914,0,1137.250,0,51.875,3240,4903,1.650,1.180,0.650,3,0,394.047,0,0,9,3,6,12,1
17-12 13:16:56,11.018,18.530,69.362,0,0,978408,497412,179352,6106256,4810.789,1460.364,0,496.804,0,74.120,2805,4063,1.650,1.180,0.650,1,0,372.603,0,0,9,3,6,12,1
17-12 13:16:57,15.003,17.753,66.262,0,0,981696,494148,179352,6106112,9991.838,1620.298,0,16.003,0,4.001,4583,6858,1.650,1.180,0.650,1,0,239.044,0,0,9,3,6,12,1
17-12 13:16:58,5.741,5.491,86.609,0,0,1104276,371380,179352,6231148,8264.545,1617.367,0,0,0,0,3033,5291,2.080,1.270,0.680,3,0,42.930,0,0,10,3,6,12,1
17-12 13:16:59,16.773,10.264,72.351,0,0.250,1111440,364188,179352,6231160,9089.671,1770.468,80.112,36.050,1.001,9.013,2038,2665,2.080,1.270,0.680,1,0,163.228,0,0,10,5,6,12,1
17-12 13:17:00,17.492,8.746,72.966,0.250,0,1163292,311872,179356,6231616,6426.973,1693.203,0,531.750,0,29.986,1806,2645,2.080,1.270,0.680,1,0,121.943,0,0,10,5,6,14,1
17-12 13:17:01,23.015,2.502,73.299,1.501,0,1207224,266528,179392,6232788,8443.649,1621.085,8.005,4531.031,2.001,286.191,2249,3854,2.080,1.270,0.680,2,0,13.009,0,0,10,7,6,14,1
17-12 13:17:02,13.238,4.246,67.441,12.489,0,1208200,255976,179936,6241620,9166.026,1618.592,0,35577.048,0,3487.965,15225,28915,2.080,1.270,0.680,1,0,56.950,0,0,10,7,6,13,1
17-12 13:17:03,21.019,6.256,68.563,3.253,0,1163128,300480,180044,6242052,4705.348,1513.398,0,25179.266,0,1784.649,7489,12293,2.070,1.290,0.690,1,0,91.084,0,0,10,5,6,13,1
17-12 13:17:04,23.749,1.500,73.498,0,0,1209728,253860,180048,6242064,8828.700,1565.947,0,875.970,0,37.999,893,1199,2.070,1.290,0.690,1,0,0,0,0,10,5,6,13,1
17-12 13:17:05,23.000,3.250,72.501,1.000,0,1194720,268852,180084,6242044,8104.089,2787.031,0,7024.077,0,380.004,1803,3012,2.070,1.290,0.690,1,0,10.000,0,0,10,5,6,13,2
17-12 13:17:06,19.988,6.996,72.956,0,0.250,1124128,339408,180084,6242080,5548.621,1619.014,0,423.742,0,28.982,1591,2184,2.070,1.290,0.690,1,0,123.925,0,0,10,5,6,13,2
17-12 13:17:07,9.757,19.514,70.050,0,0,1128448,335056,180084,6242108,8489.070,1621.159,0,40.029,0,9.006,2978,4661,2.070,1.290,0.690,2,0,406.290,0,0,10,5,6,13,2
17-12 13:17:08,15.997,16.497,66.986,0,0,1130420,332848,180084,6242300,6832.620,1767.643,0,19.996,0,4.999,4556,8126,2.060,1.300,0.700,1,0,257.948,0,0,10,5,6,13,2
17-12 13:17:09,44.237,10.247,44.237,0,0,1262540,200912,180084,6242768,8729.530,1619.542,0,32286.863,0,84.976,2502,2985,2.060,1.300,0.700,2,0,129.963,0,0,10,6,6,13,2
17-12 13:17:10,48.692,1.748,49.441,0,0,1303856,158856,180084,6243496,6058.730,1510.188,0,255.693,0,4.994,1113,1064,2.060,1.300,0.700,2,0,0,0,0,10,6,6,13,2
17-12 13:17:11,20.740,9.745,68.966,0,0,1322072,137768,180084,6245920,8441.838,1673.175,0,2162.934,0,21.989,1720,5598,2.060,1.300,0.700,0,0,117.942,0,0,10,5,6,14,1
17-12 13:17:12,0.749,0.749,97.425,0,0,1322536,137304,180084,6245920,9862.396,1618.752,0,4008.909,0,103.920,928,1024,2.060,1.300,0.700,1,0,1.998,0,0,9,5,6,14,1
17-12 13:17:13,22.024,6.757,70.327,0.501,0,1385968,130488,180116,6189880,8615.434,1621.776,0,7011.678,0,139.152,1706,1990,2.060,1.310,0.710,2,0,20.022,0,0,10,5,6,14,1
17-12 13:17:14,23.986,2.249,73.708,0,0,1408496,121696,178772,6177488,5173.036,1619.072,163.906,179.897,9.994,15.991,1028,1419,2.060,1.310,0.710,1,0,0.999,0,0,10,11,6,14,1
17-12 13:17:15,20.806,8.272,69.187,1.253,0,1354864,194740,177820,6159096,9252.036,1698.596,364.988,67033.392,19.052,817.211,4323,5845,2.060,1.310,0.710,1,0,48.130,0,0,10,5,6,16,1
17-12 13:17:16,22.470,2.746,72.902,0.499,0,1392576,156212,178100,6159628,10697.676,2548.587,679.091,966.706,26.964,18.975,1474,2019,2.060,1.310,0.710,1,0,0.999,0,0,10,14,6,16,1
17-12 13:17:17,34.226,5.746,58.709,0.500,0,1382792,165244,178272,6160112,28302.188,7755.571,391.726,2074.548,66.953,45.968,2076,2805,2.060,1.310,0.710,2,0,44.969,0,0,10,29,6,16,2
17-12 13:17:18,29.055,7.264,63.119,0.250,0,1355284,192364,178304,6160436,40416.468,12811.239,24.045,1162.199,5.009,42.080,2189,3063,2.050,1.320,0.710,3,0,138.262,0,0,10,30,6,16,2
17-12 13:17:19,54.472,8.246,36.232,0.750,0,1490336,128552,177480,6090708,22194.725,10857.484,515.738,5117.400,17.991,500.746,2996,2694,2.050,1.320,0.710,3,0,18.990,0,0,10,31,6,16,2
17-12 13:17:20,63.534,14.508,20.761,0.750,0,1451992,180384,177496,6077428,46391.680,14830.890,1644.875,3341.778,42.022,262.139,5431,10565,2.050,1.320,0.710,7,0,377.201,0,0,10,30,6,20,2
17-12 13:17:21,82.257,16.251,1.500,0.250,0,1643412,119160,176784,5950592,38771.218,10969.911,1936.161,2860.237,46.004,314.026,3812,5518,2.050,1.320,0.710,7,0,179.015,0,0,10,31,6,20,2
17-12 13:17:22,84.782,11.504,3.001,0,0,1647636,172428,176776,5894644,163090.300,11053.222,260.099,4569.746,14.005,480.183,4182,9078,2.050,1.320,0.710,5,0,84.032,0,0,10,30,6,21,2
17-12 13:17:23,60.476,14.244,24.740,0.750,0.250,1417136,385424,177436,5909944,279640.305,6463.395,47.981,3678.518,9.996,134.946,4159,7944,2.290,1.380,0.740,2,0,249.899,0,0,10,30,6,21,2
17-12 13:17:24,45.161,4.990,49.402,0.250,0,1492404,291628,177988,5926176,9551.108,1764.510,7.984,1233.560,1.996,43.913,1702,2286,2.290,1.380,0.740,2,0,0,0,0,10,30,6,21,2
17-12 13:17:25,44.489,9.997,43.489,1.500,0,1471384,283696,179304,5951244,8341.881,1693.570,7.998,4170.941,1.000,181.954,3370,8544,2.290,1.380,0.740,2,0,101.974,0,0,10,30,6,22,2
17-12 13:17:26,39.529,7.255,52.288,0.751,0,1423232,302760,180388,5976620,10920.961,2820.056,148.108,3002.189,2.001,114.083,2250,4136,2.290,1.380,0.740,2,0,21.015,0,0,10,31,6,21,2
17-12 13:17:27,35.297,25.784,38.050,0.250,0,1385220,355936,180416,5961428,8779.571,3180.191,985.299,1357.790,22.029,77.102,3835,6234,2.290,1.380,0.740,4,0,760.002,0,0,10,28,6,21,0
17-12 13:17:28,84.503,13.500,1.500,0,0,1608752,131004,180432,5962804,15105.453,3599.108,0,620.019,0,22.001,2960,5059,2.590,1.460,0.770,6,0,267.008,0,0,10,31,6,21,0
17-12 13:17:29,82.727,12.996,3.249,0,0,1626676,161148,180728,5914400,7542.873,1887.468,579.836,36693.652,6.998,610.828,5529,11494,2.590,1.460,0.770,7,0,33.990,0,0,10,29,6,21,0
17-12 13:17:30,85.017,11.002,3.501,0,0,1597940,189676,180756,5914720,15567.176,4535.925,4.001,864.176,1.000,49.010,5086,9050,2.590,1.460,0.770,6,0,71.014,0,0,10,29,6,20,0
17-12 13:17:31,80.235,16.247,3.999,0,0,1617548,162156,181324,5920956,12057.673,1909.631,0,1031.801,0,25.995,6208,20755,2.590,1.460,0.770,7,0,192.963,0,0,10,30,6,20,0
17-12 13:17:32,79.518,17.754,2.000,0,0,1512992,282728,181312,5905076,8705.924,1694.374,8.002,9842.175,2.000,199.044,4310,27874,2.590,1.460,0.770,5,0,183.040,0,0,10,29,6,20,0
17-12 13:17:33,69.754,12.751,17.001,0.250,0,1381272,414060,181408,5905376,11221.595,1694.090,0,2032.108,0,41.002,4761,32964,2.780,1.520,0.790,3,0,130.007,0,0,10,28,6,21,0
17-12 13:17:34,66.002,10.250,24.251,0.250,0,1452252,357248,181432,5892852,6055.206,1512.051,4.000,912.031,1.000,22.001,1897,2485,2.780,1.520,0.790,3,0,49.002,0,0,10,30,6,21,0
17-12 13:17:35,56.158,17.222,24.959,0,0,1363576,446024,181440,5892792,9725.129,1637.328,127.791,1621.354,1.997,179.707,4245,8418,2.780,1.520,0.790,3,0,432.294,0,0,10,28,6,23,0
17-12 13:17:36,65.611,9.266,25.794,0,0,1505888,303392,181444,5893108,9245.607,1622.739,0,156.264,0,11.019,2504,4967,2.780,1.520,0.790,6,0,0,0,0,10,30,6,25,0
17-12 13:17:37,70.061,17.515,12.761,0,0,1472160,337072,181456,5893144,8855.669,1621.404,0,40743.284,0,192.166,3894,7591,2.780,1.520,0.790,6,0,258.224,0,0,10,28,6,27,0
17-12 13:17:38,74.412,10.488,14.483,0.250,0,1510264,298736,181464,5893368,9094.242,1618.086,3.995,583.310,0.999,13.983,5943,12481,2.880,1.560,0.810,4,0,49.941,0,0,10,30,6,27,0
17-12 13:17:39,59.892,16.720,22.709,0,0,1458520,350272,181472,5893568,7689.175,1617.092,0,355.361,0,32.941,2857,5448,2.880,1.560,0.810,3,0,273.508,0,0,10,28,6,26,0
17-12 13:17:40,60.124,9.520,30.312,0,0,1371460,437100,181492,5893772,10218.049,1771.650,20.041,340.702,1.002,33.068,4358,11498,2.880,1.560,0.810,5,0,96.198,0,0,10,28,6,32,0
17-12 13:17:41,62.393,13.727,23.710,0,0,1495232,313276,181496,5893820,6818.361,1617.239,0,223.618,0,8.985,1959,2890,2.880,1.560,0.810,3,0,202.654,0,0,10,29,6,32,0
17-12 13:17:42,54.715,15.740,27.982,0.500,0,1370692,437584,181512,5894036,4895.896,1511.042,0,647.589,0,25.984,5182,11583,2.880,1.560,0.810,3,0,286.818,0,0,10,28,6,36,0
17-12 13:17:43,66.524,8.003,26.259,0,0,1506376,301588,181516,5894340,8459.020,1566.559,0,260.093,0,12.004,2249,4895,2.890,1.580,0.820,3,0,1.000,0,0,10,29,6,37,0
17-12 13:17:44,62.124,11.523,27.305,0,0,1450480,357040,181544,5894756,8578.191,1623.253,0,476.956,0,46.092,2973,6507,2.890,1.580,0.820,3,0,112.225,0,0,10,28,6,38,0
17-12 13:17:45,61.249,11.500,26.000,0.250,0,1384592,422844,181556,5894824,5398.924,1619.977,0,499.993,0,40.999,5300,10826,2.890,1.580,0.820,4,0,168.998,0,0,10,28,6,36,0
17-12 13:17:46,82.005,16.001,2.000,0,0,1556936,250444,181564,5894872,9586.594,1620.100,0,296.018,0,22.001,2435,4019,2.890,1.580,0.820,6,0,309.019,0,0,10,29,6,36,0
17-12 13:17:47,80.501,17.250,2.250,0,0,1512872,292876,181592,5896468,6710.094,1620.023,1360.019,716.010,13.000,57.001,5364,9898,2.890,1.580,0.820,7,0,210.003,0,0,10,28,6,36,0
17-12 13:17:48,80.463,16.243,2.249,0,0,1547716,257860,181624,5896616,8482.107,1693.223,0,3098.578,0,198.909,4983,8948,3.220,1.670,0.850,6,0,275.873,0,0,10,29,6,37,0
17-12 13:17:49,80.029,15.005,5.252,0,0,1550872,254456,181632,5896856,8267.952,1586.566,0,144.051,0,9.003,4818,9804,3.220,1.670,0.850,5,0,271.097,0,0,10,29,6,37,0
17-12 13:17:50,57.500,23.250,17.750,0,0,1390620,414444,181632,5897120,5529.022,1620.006,0,12.000,0,3.000,5601,13569,3.220,1.670,0.850,3,0,638.003,0,0,10,28,6,38,0
17-12 13:17:51,11.721,24.439,64.089,0,0,1321760,483276,181632,5897148,9684.701,1562.081,0,7.980,0,1.995,2838,3993,3.220,1.670,0.850,1,0,459.846,0,0,10,28,6,35,0
17-12 13:17:52,8.521,23.056,66.661,0,0,1321476,483548,181632,5897160,8014.347,1623.920,0,3564.605,0,118.286,2579,3302,3.220,1.670,0.850,1,0,327.791,0,0,10,28,6,35,0
17-12 13:17:53,54.008,32.005,13.252,0,0,1484192,320808,181632,5897184,5848.889,1620.246,0,372.057,0,28.004,2858,6159,3.120,1.680,0.860,6,0,908.138,0,0,10,28,6,35,0
17-12 13:17:54,80.754,15.501,3.750,0,0,1485848,319096,181636,5897236,9338.467,1620.081,4.000,300.015,1.000,27.001,3303,8162,3.120,1.680,0.860,6,0,338.017,0,0,10,28,6,35,0
17-12 13:17:55,79.245,14.749,5.500,0,0.250,1423972,380668,181672,5897504,6639.542,1619.888,15.999,459.968,3.000,41.997,4864,11467,3.120,1.680,0.860,6,0,233.984,0,0,10,28,6,35,0
17-12 13:17:56,85.234,13.747,1.500,0,0,1632432,172036,181672,5897668,9000.272,1585.696,0,247.952,0,9.998,3502,7310,3.120,1.680,0.860,6,0,100.981,0,0,10,29,6,35,0
17-12 13:17:57,85.998,9.000,4.000,0,0,1652768,174880,181648,5874848,14136.604,4542.873,0,7603.787,0,350.990,6312,17325,3.120,1.680,0.860,4,0,29.999,0,0,10,33,6,35,0
17-12 13:17:58,84.268,13.003,2.501,0,0,1524456,296752,181756,5880560,6811.444,1794.380,0,1616.343,0,69.015,5624,13143,3.270,1.740,0.880,6,0,129.027,0,0,10,29,6,35,0
17-12 13:17:59,82.257,15.501,2.250,0,0,1621608,198868,181756,5881120,8837.734,1566.130,0,660.055,0,24.002,10196,30348,3.270,1.740,0.880,8,0,37.003,0,0,10,29,6,35,0
17-12 13:18:00,80.891,13.232,5.243,0,0,1616464,203208,181772,5881772,28678.284,5052.180,0,1637.789,0,19.973,4503,15778,3.270,1.740,0.880,6,0,77.895,0,0,10,33,6,36,0
17-12 13:18:01,83.609,8.761,8.010,0.250,0,1564772,253564,181820,5883020,625016.146,15804.688,0,2230.920,0,83.109,6677,18112,3.270,1.740,0.880,7,0,55.072,0,0,10,32,6,36,0
17-12 13:18:02,84.001,12.500,2.750,0,0,1608908,209252,181884,5883072,74268.263,9333.159,0,1276.022,0,57.001,5653,10788,3.270,1.740,0.880,6,0,164.003,0,0,10,31,6,36,0
17-12 13:18:03,77.750,10.000,11.500,0,0,1645140,172468,181952,5883464,27281.973,7488.993,0,1215.999,0,65.000,5788,13559,3.410,1.790,0.900,9,0,31.000,0,0,10,33,6,38,0
17-12 13:18:04,80.777,13.755,5.502,0,0,1567376,249500,182004,5884060,61392.874,4948.683,0,916.312,0,42.014,4746,14337,3.410,1.790,0.900,8,0,113.038,0,0,10,31,6,39,0
17-12 13:18:05,85.809,11.008,2.752,0,0,1673204,142352,182008,5885336,11969.163,3775.575,4.003,244.167,1.001,12.008,4308,8897,3.410,1.790,0.900,8,0,60.041,0,0,10,31,5,39,0
17-12 13:18:06,81.665,12.986,4.246,0,0,1552808,273968,182232,5873460,6994.684,1834.082,0,7080.594,0,183.808,5305,12917,3.410,1.790,0.900,8,0,121.873,0,0,10,32,5,39,0
17-12 13:18:07,85.994,12.249,2.000,0,0,1607364,217636,182368,5874888,9561.292,2311.829,0,687.949,0,24.998,3545,10160,3.410,1.790,0.900,6,0,88.993,0,0,10,31,5,39,0
17-12 13:18:08,79.307,15.213,4.489,0,0,1637060,187520,182484,5875152,29003.290,8184.047,0,1372.653,0,57.859,3626,9401,3.700,1.880,0.940,5,0,127.689,0,0,10,32,5,41,0
17-12 13:18:09,83.707,10.777,5.764,0,0,1641256,182796,182572,5875516,24174.736,6679.505,0,1070.646,0,56.139,4582,10289,3.700,1.880,0.940,6,0,86.213,0,0,10,32,5,41,0
17-12 13:18:10,81.999,13.750,4.500,0,0,1585120,238512,182680,5875792,22740.727,6453.923,0,1247.985,0,74.999,5231,10621,3.700,1.880,0.940,6,0,177.998,0,0,10,31,5,42,0
17-12 13:18:11,79.751,12.750,7.000,0,0,1604524,218612,182764,5876156,24402.171,6603.046,4.000,16376.115,1.000,293.002,5009,9828,3.700,1.880,0.940,6,0,138.001,0,0,10,32,5,41,0
17-12 13:18:12,79.504,12.251,7.750,0,0,1637404,185128,182856,5876648,19378.066,4183.230,0,1360.075,0,55.003,4663,11619,3.700,1.880,0.940,6,0,81.004,0,0,10,31,5,41,0
17-12 13:18:13,80.494,13.999,4.250,0,0,1489588,331636,182884,5877864,10730.195,3780.716,0,623.953,0,37.997,4549,9343,3.800,1.930,0.960,6,0,180.986,0,0,10,31,5,41,0
17-12 13:18:14,83.795,12.257,3.002,0,0,1624112,189780,183500,5883412,5213.826,1869.013,0,996.540,0,20.011,4616,9122,3.800,1.930,0.960,7,0,75.041,0,0,10,31,5,41,0
17-12 13:18:15,70.714,14.243,14.493,0,0,1407756,405392,183588,5883928,25840.847,7475.195,67.965,1479.247,0.999,53.973,4456,12357,3.800,1.930,0.960,5,0,239.878,0,0,10,30,5,39,0
17-12 13:18:16,71.522,10.467,17.444,0.249,0,1604972,207656,183696,5884332,55587.454,4508.600,0,937.007,0,47.847,3029,6063,3.800,1.930,0.960,7,0,4.984,0,0,10,34,5,39,0
17-12 13:18:17,81.256,12.289,7.273,0,0,1530332,275048,184184,5889924,14946.050,3893.256,0,1288.055,0,59.186,4016,10145,3.800,1.930,0.960,4,0,150.474,0,0,10,34,5,44,0
17-12 13:18:18,73.498,10.250,14.750,0,0,1586440,216844,184384,5891472,34235.281,3552.925,0,1027.978,0,29.999,5308,10273,3.820,1.960,0.970,5,0,3.000,0,0,10,36,5,45,0
17-12 13:18:19,78.257,13.751,7.751,0,0,1531656,270072,184400,5892924,16153.373,3707.315,0,340.029,0,11.001,3350,8098,3.820,1.960,0.970,5,0,140.012,0,0,10,35,5,45,0
17-12 13:18:20,79.490,12.498,7.999,0,0,1527792,266268,185012,5898620,11892.525,1793.778,0,1655.795,0,43.995,4534,10106,3.820,1.960,0.970,7,0,93.988,0,0,10,35,5,45,0
17-12 13:18:21,71.505,14.001,14.751,0.500,0,1536004,257168,185188,5899148,234239.802,13256.007,0,2040.155,0,96.007,2909,4203,3.820,1.960,0.970,4,0,152.012,0,0,10,35,5,46,0
17-12 13:18:22,69.246,11.999,17.749,1.250,0,1541952,179592,185364,5968556,35409170.222,150469.520,0,36657.691,0,181.989,12947,12540,3.820,1.960,0.970,5,0,62.996,0,0,10,35,6,43,0
17-12 13:18:23,69.506,12.751,16.251,0.500,0,1563524,132844,185716,5992496,12297684.899,61686.367,0,15349.335,0,191.017,6471,6204,3.750,1.980,0.990,6,0,131.011,0,0,10,35,6,43,0
17-12 13:18:24,75.519,17.754,6.001,0,0,1524344,203412,185796,5961448,5223.301,1458.363,356.089,37641.373,4.001,528.132,11198,30516,3.750,1.980,0.990,4,0,157.039,0,0,10,35,6,43,0
17-12 13:18:25,77.460,16.741,5.747,0,0,1520376,206640,185912,5961968,8621.569,1693.130,7.996,647.667,0.999,23.988,5056,12122,3.750,1.980,0.990,5,0,202.896,0,0,10,35,6,44,0
17-12 13:18:26,62.106,11.972,24.693,0.249,0,1456772,269068,186028,5962932,7640.267,1616.249,0,1400.749,0,53.875,3755,6851,3.750,1.980,0.990,3,0,131.694,0,0,10,34,6,43,0
17-12 13:18:27,62.368,10.019,26.801,0.501,0,1438560,199232,187480,6044444,10077.116,1623.079,0,5967.320,0,222.422,3520,7724,3.750,1.980,0.990,4,0,6.011,0,0,10,35,6,45,0
17-12 13:18:28,57.787,16.761,24.516,0.750,0,1476380,129472,195024,6060032,7409.742,1621.037,0,45385.046,0,318.204,2570,3318,3.770,2.010,1,4,0,161.103,0,0,10,34,6,45,0
17-12 13:18:29,65.689,7.243,25.477,0,0,1505760,130464,200148,6020372,5928.534,1860.285,7.993,13715.354,0.999,56.947,3625,6879,3.770,2.010,1,5,0,0,0,0,10,34,6,49,0
17-12 13:18:30,59.808,14.514,24.774,0.250,0,1458512,262540,200700,5940136,9328.104,2043.995,48.047,3239.161,9.009,42.041,2410,2947,3.770,2.010,1,4,0,210.205,0,0,10,32,6,49,0
17-12 13:18:31,72.241,12.248,15.498,0.250,0,1517956,189464,200836,5953624,8997.884,1457.819,1679.792,2119.737,21.997,26.997,6242,13262,3.770,2.010,1,4,0,128.984,0,0,10,33,6,49,0
17-12 13:18:32,51.900,23.455,22.457,0.998,0,1447332,255168,200836,5958528,5139.097,1616.884,4179.945,850.361,98.810,30.940,4533,8128,3.770,2.010,1,3,0,499.038,0,0,10,33,6,49,0
17-12 13:18:33,44.841,11.523,43.088,0,0,1358420,343656,200836,5958952,10065.463,1623.300,16.033,400.815,2.004,25.051,4063,8924,3.710,2.030,1.010,3,0,167.340,0,0,10,32,6,50,0
17-12 13:18:34,45.035,5.504,48.788,0.250,0.250,1454712,247352,200836,5958964,8287.431,1621.258,0,288.224,0,23.018,2651,5160,3.710,2.030,1.010,2,0,5.004,0,0,10,32,6,50,0
17-12 13:18:35,32.710,19.976,47.692,0,0,1387816,314128,200840,5959080,10187.663,1618.041,0,463.439,0,41.949,3206,5439,3.710,2.030,1.010,2,0,382.537,0,0,10,32,6,50,0
17-12 13:18:36,45.773,5.003,48.525,0.250,0,1453928,247656,200848,5959432,9140.625,1620.820,0,328.166,0,25.013,1987,4370,3.710,2.030,1.010,3,0,0,0,0,10,33,6,48,0
17-12 13:18:37,39.251,11.000,48.002,0.250,0,1419868,281064,200868,5960064,4974.164,1620.053,392.013,1520.050,44.001,98.003,2636,4499,3.710,2.030,1.010,4,0,140.005,0,0,10,32,6,48,0
17-12 13:18:38,46.163,4.991,48.409,0.499,0,1451928,247828,200900,5961208,10425.431,1602.991,0,1672.860,0,114.785,5269,10990,3.570,2.030,1.020,2,0,0,0,0,10,32,6,48,0
17-12 13:18:39,30.047,17.778,52.082,0,0,1383440,315528,200900,5961996,9257.544,1622.549,520.818,168.264,5.008,10.016,2566,3702,3.570,2.030,1.020,1,0,378.595,0,0,10,32,6,48,0
17-12 13:18:40,20.449,5.985,72.320,0,0,1325116,373812,200904,5962032,10630.551,1615.979,0,171.573,0,8.978,2766,4932,3.570,2.030,1.020,1,0,55.861,0,0,10,32,6,48,0
17-12 13:18:41,22.756,3.001,73.269,0,0,1387360,311568,200904,5962032,11357.010,1620.429,0,120.032,0,8.002,1134,1671,3.570,2.030,1.020,1,0,0,0,0,10,32,6,48,0
17-12 13:18:42,18.552,8.023,72.455,0,0,1362828,336084,200916,5962036,9216.072,1624.596,0,200.567,0,20.057,1751,2593,3.570,2.030,1.020,1,0,91.258,0,0,10,32,6,40,0
17-12 13:18:43,23.194,4.489,73.322,0,0,1316512,382388,200920,5962044,8652.010,1616.079,0,183.555,0,16.959,1903,3209,3.370,2.010,1.020,1,0,22.944,0,0,10,32,6,40,0
17-12 13:18:44,18.738,7.495,72.702,0.500,0,1372556,326332,200920,5962056,5131.593,1457.033,0,235.843,0,15.989,1279,1636,3.370,2.010,1.020,1,0,76.949,0,0,10,32,6,37,0
17-12 13:18:45,20.042,6.263,72.652,0,0,1320268,378604,200928,5962064,9121.054,1697.546,0,152.318,0,18.038,2376,3845,3.370,2.010,1.020,2,0,80.167,0,0,10,32,6,37,0
17-12 13:18:46,21.757,3.751,73.522,0.250,0,1382868,315856,200928,5962212,10123.088,1620.494,0,152.046,0,9.003,1180,1557,3.370,2.010,1.020,1,0,14.004,0,0,10,33,6,35,0
17-12 13:18:47,21.952,3.991,72.342,0,0,1341216,357504,200936,5962208,11196.603,1616.478,0,231.496,0,20.954,2940,5180,3.370,2.010,1.020,1,0,29.935,0,0,10,32,6,35,0
17-12 13:18:48,22.500,3.250,73.250,0,0,1383480,315196,200936,5962252,8491.949,1619.990,0,139.999,0,7.000,1714,3092,3.180,2,1.020,1,0,0,0,0,10,32,6,36,0
17-12 13:18:49,15.530,15.029,69.383,0,0,1318044,380320,200940,5962560,34145.217,1623.100,0,156.299,0,10.019,2701,3974,3.180,2,1.020,2,0,203.388,0,0,10,32,6,36,0
17-12 13:18:50,24.959,16.722,57.156,0.250,0,1391808,306520,200956,5962580,9693.055,1617.339,99.836,399.343,5.990,24.959,2586,3699,3.180,2,1.020,2,0,282.535,0,0,10,32,6,36,0
17-12 13:18:51,41.309,7.761,49.071,1.252,0,1506008,188332,201056,5966444,7066.175,1460.103,1442.077,6156.866,33.048,455.656,3985,5873,3.180,2,1.020,1,1,29.042,0,0,10,36,6,36,0
17-12 13:18:52,38.536,8.258,42.290,10.760,0,1458368,229692,201768,5971940,6359.947,1621.516,0,41358.670,0,3708.467,16039,29549,3.180,2,1.020,1,1,124.116,0,0,10,36,6,36,0
17-12 13:18:53,42.898,7.981,43.895,5.237,0,1456304,231356,201964,5972132,5523.815,1616.142,0,37203.196,0,2816.278,11578,19306,3.160,2.010,1.030,2,0,25.938,0,0,10,32,6,36,0
17-12 13:18:54,43.372,5.516,47.634,1.504,0,1473836,213776,201988,5972156,9485.740,1772.998,0,6450.183,0,727.050,4399,6822,3.160,2.010,1.030,2,1,2.006,0,0,10,34,6,36,0
17-12 13:18:55,38.891,7.978,43.628,7.728,0,1349252,337900,202144,5972684,6825.928,1689.280,0,34160.555,0,2902.889,16188,27329,3.160,2.010,1.030,2,0,3.989,0,0,10,32,6,36,0
17-12 13:18:56,25.001,7.750,66.752,0.250,0,1435264,251884,202148,5972684,11613.337,1620.047,0,2480.072,0,132.004,1688,2344,3.160,2.010,1.030,1,0,99.003,0,0,10,32,6,36,0
17-12 13:18:57,23.542,2.755,73.380,0.250,0,1357400,329728,202148,5972704,10068.822,1697.004,0,869.539,0,56.099,1113,1398,3.160,2.010,1.030,1,0,1.002,0,0,10,32,6,36,0
17-12 13:18:58,23.522,2.252,73.569,0.500,0,1428460,258664,202152,5972704,8891.304,1513.414,0,4468.173,0,232.217,1516,2003,3.150,2.030,1.040,1,0,2.002,0,0,10,32,6,36,0
17-12 13:18:59,23.192,6.484,69.575,0.249,0,1386076,301120,202164,5972728,7070.211,1603.964,0,165667.181,0,915.696,2076,2272,3.150,2.030,1.040,1,0,0.997,0,0,10,32,6,36,0
17-12 13:19:00,23.490,1.999,73.467,0,0,1447312,239884,202164,5972728,4478.998,1619.276,0,0,0,0,874,1096,3.150,2.030,1.040,1,0,1.999,0,0,10,32,6,35,0
17-12 13:19:01,22.494,3.249,73.980,0,0,1402076,285048,202164,5972796,8975.595,1693.546,0,0,0,0,922,1123,3.150,2.030,1.040,1,0,1.000,0,0,10,32,6,35,0
17-12 13:19:02,23.250,2.250,73.749,0,0,1335652,351384,202164,5972884,9987.890,1619.982,0,0,0,0,883,1021,3.150,2.030,1.040,2,0,3.000,0,0,10,32,6,35,0
17-12 13:19:03,22.754,3.001,73.512,0,0,1362592,324408,202168,5972916,6000.020,1694.288,0,0,0,0,918,1155,2.980,2.010,1.040,2,0,2.000,0,0,10,32,6,33,0
17-12 13:19:04,23.248,3.500,73.245,0,0,1442000,245032,202168,5972916,12229.120,1585.886,0,20158.549,0,49.996,1124,1184,2.980,2.010,1.040,2,0,2.000,0,0,10,32,6,33,0
17-12 13:19:05,23.256,2.251,73.268,0,0,1399388,287620,202172,5972932,7262.750,1620.391,0,720.174,0,33.008,1190,1573,2.980,2.010,1.040,2,0,1.000,0,0,10,32,6,30,0
17-12 13:19:06,22.003,3.500,73.509,0,0,1398276,288696,202172,5972968,9877.225,1736.215,0,0,0,0,944,1086,2.980,2.010,1.040,2,0,1.000,0,0,10,32,6,30,0
17-12 13:19:07,23.777,1.752,73.833,0,0,1349156,337816,202172,5972968,6492.310,1567.765,0,0,0,0,954,1160,2.980,2.010,1.040,5,0,7.008,0,0,10,32,6,30,0
17-12 13:19:08,9.758,19.266,69.808,0,0,1352948,333872,202180,5973112,6494.423,1621.354,0,616.515,0,7.006,3164,4831,2.820,2,1.040,1,0,480.401,0,0,10,32,6,30,0
17-12 13:19:09,7.994,20.985,69.950,0,0,1350540,336080,202180,5973312,8619.785,1618.833,107.922,539.611,5.996,8.994,3023,4620,2.820,2,1.040,1,0,423.695,0,0,10,32,6,28,0
17-12 13:19:10,12.487,15.984,71.177,0.250,0,1362372,324112,202180,5973444,6836.944,1766.177,0,295.695,0,4.995,2856,4434,2.820,2,1.040,1,0,407.579,0,0,10,32,6,28,0
17-12 13:19:11,23.237,2.249,73.709,0,0,1443000,243500,202180,5973428,8056.529,1511.161,0,0,0,0,962,1145,2.820,2,1.040,1,0,1.999,0,0,10,32,6,27,0
17-12 13:19:12,22.776,2.253,74.083,0,0,1408132,278352,202180,5973444,7209.103,1621.823,0,16.018,0,1.001,923,1068,2.820,2,1.040,1,0,1.001,0,0,10,32,6,27,0
17-12 13:19:13,23.240,2.749,73.967,0,0,1358508,327972,202180,5973448,9971.573,1619.281,0,19.991,0,1.000,979,1152,2.670,1.980,1.040,1,0,3.998,0,0,10,32,6,27,0
17-12 13:19:14,22.495,3.249,73.734,0,0,1438152,248340,202180,5973436,11324.543,1565.660,0,0,0,0,917,1126,2.670,1.980,1.040,1,0,2.000,0,0,10,32,6,27,0
17-12 13:19:15,23.014,3.002,72.794,0,0,1388208,298272,202184,5973456,7248.385,1620.981,0,448.271,0,38.023,1252,1643,2.670,1.980,1.040,1,0,7.004,0,0,10,32,6,27,0
17-12 13:19:16,21.982,4.496,73.689,0,0,1456268,230232,202184,5973436,5695.307,1618.666,0,23.980,0,1.998,876,1082,2.670,1.980,1.040,1,0,1.998,0,0,10,32,6,27,0
17-12 13:19:17,21.998,3.500,73.992,0,0,1420180,266300,202184,5973456,9202.043,1511.843,0,0,0,0,899,1052,2.670,1.980,1.040,1,0,1.000,0,0,10,32,6,22,0
17-12 13:19:18,23.002,3.000,74.006,0,0,1370528,315948,202184,5973460,8850.726,1736.142,0,12.001,0,1.000,915,1056,2.540,1.960,1.040,1,0,3.000,0,0,10,32,6,22,0
17-12 13:19:19,23.499,2.250,73.997,0,0,1451920,234580,202184,5973436,11016.614,1693.941,0,0,0,0,973,1166,2.540,1.960,1.040,2,0,2.000,0,0,10,32,6,21,0
17-12 13:19:20,23.298,2.255,73.901,0,0,1409080,277396,202184,5973460,13743.160,1623.326,0,72.148,0,3.006,948,1111,2.540,1.960,1.040,1,0,1.002,0,0,10,32,6,21,0
17-12 13:19:21,23.502,1.750,74.256,0,0,1465612,220948,202184,5973376,11125.912,1620.133,0,88.007,0,1.000,955,1088,2.540,1.960,1.040,1,0,2.000,0,0,10,32,6,20,0
17-12 13:19:22,23.249,2.250,73.746,0,0,1361480,324988,202184,5973464,8974.533,1565.919,0,19.999,0,3.000,926,1117,2.540,1.960,1.040,1,0,2.000,0,0,10,32,6,20,0
17-12 13:19:23,22.250,3.500,74.001,0,0,1439812,246676,202184,5973444,5864.047,1620.013,0,0,0,0,941,1231,2.410,1.950,1.040,1,0,3.000,0,0,10,32,6,18,0
17-12 13:19:24,22.706,2.246,74.106,0,0,1390676,295792,202184,5973464,6938.546,1509.074,0,19.961,0,0.998,871,1065,2.410,1.950,1.040,1,0,0.998,0,0,10,32,6,18,0
17-12 13:19:25,27.303,4.759,67.632,0.250,0,1361108,325356,202188,5973464,9834.206,1623.170,0,2853.573,0,167.327,2157,3876,2.410,1.950,1.040,1,0,35.068,0,0,10,32,6,19,0
17-12 13:19:26,23.749,2.000,73.998,0,0,1434452,252024,202188,5973452,8140.772,1693.953,0,12.000,0,1.000,940,1128,2.410,1.950,1.040,1,0,2.000,0,0,10,32,6,19,0
17-12 13:19:27,13.755,15.505,70.274,0,0.250,1348932,337492,202188,5973504,8362.818,1694.571,0,200.067,0,10.003,2890,4595,2.410,1.950,1.040,1,0,460.155,0,0,10,32,6,18,0
17-12 13:19:28,22.196,3.242,74.070,0,0,1424776,261640,202188,5973512,7342.115,1616.063,0,3.990,0,0.998,962,1142,2.300,1.930,1.040,1,0,0,0,0,10,32,6,18,0
17-12 13:19:29,22.798,2.255,74.407,0,0,1375948,310228,202188,5973748,9677.361,1717.614,0,0,0,0,959,1126,2.300,1.930,1.040,1,0,9.019,0,0,10,32,6,15,0
17-12 13:19:30,21.259,6.253,71.779,0,0,1336932,349236,202188,5973756,6972.803,1458.586,4.002,248.100,1.000,4.002,1416,2152,2.300,1.930,1.040,1,0,132.053,0,0,10,32,6,15,0
17-12 13:19:31,8.246,21.488,69.962,0,0,1350104,335968,202188,5973852,5668.922,1619.121,0,143.922,0,5.997,2963,4354,2.300,1.930,1.040,3,0,419.772,0,0,10,32,6,12,0
17-12 13:19:32,9.754,21.010,68.531,0,0,1351440,334600,202188,5973884,9235.184,1620.734,0,228.103,0,5.002,3363,5069,2.300,1.930,1.040,1,0,519.235,0,0,10,32,6,12,0
17-12 13:19:33,9.251,21.003,69.010,0,0,1351580,334420,202188,5973916,9178.322,1620.233,0,1172.169,0,13.002,3597,5610,2.120,1.900,1.030,1,0,601.087,0,0,10,32,6,11,0
17-12 13:19:34,10.997,19.995,68.981,0,0,1353888,331948,202188,5974080,5823.416,1693.539,0,1567.574,0,17.995,3788,6058,2.120,1.900,1.030,1,0,663.819,0,0,10,32,6,11,0
17-12 13:19:35,9.007,18.765,70.308,0,0,1357784,328180,202196,5974116,9337.676,1621.333,0,4811.955,0,140.115,4224,6790,2.120,1.900,1.030,1,0,640.527,0,0,10,32,5,10,0
17-12 13:19:36,9.744,20.987,69.459,0,0,1350812,334952,202196,5974340,7549.500,1619.035,175.895,327.805,4.997,12.992,3702,5961,2.120,1.900,1.030,1,0,624.628,0,0,10,32,5,10,0
17-12 13:19:37,15.245,20.493,63.728,0.750,0,1336564,345688,202200,5977836,8777.998,1457.502,3454.818,163.944,46.984,13.995,3697,6065,2.120,1.900,1.030,6,0,552.811,0,0,10,32,5,10,0
17-12 13:19:38,38.502,27.751,32.501,0,0,1413816,268416,202204,5977920,9562.373,1620.063,96.004,968.038,5.000,59.002,4246,7981,2.030,1.880,1.030,5,0,980.038,0,0,10,32,5,15,0
17-12 13:19:39,77.529,20.758,1.250,0.250,0.250,1621708,121456,203252,5913908,6249.331,1662.620,820.306,5173.930,23.009,312.116,8756,4553,2.030,1.880,1.030,4,0,279.104,0,0,10,32,5,12,0
17-12 13:19:40,67.241,10.999,13.998,6.749,0,1568992,206804,204016,5880976,11003.570,1619.789,495.936,65511.484,5.999,4932.359,20067,35116,2.030,1.880,1.030,9,1,146.981,0,0,10,36,5,13,0
17-12 13:19:41,59.796,14.761,13.510,10.508,0,1635412,134760,204908,5885864,8002.098,1621.235,0,87991.049,0,6700.105,25064,43365,2.030,1.880,1.030,5,0,182.139,0,0,10,36,5,11,0
17-12 13:19:42,56.217,14.741,19.738,7.496,0,1584848,194144,205272,5877140,4975.095,1619.054,67.960,79369.648,0.999,6118.427,22315,41940,2.030,1.880,1.030,6,0,158.907,0,0,10,36,5,12,0
17-12 13:19:43,42.998,14.999,31.499,9.750,0,1557816,213324,205428,5884768,8999.649,1693.934,0,60105.656,0,4617.820,20249,33816,2.270,1.930,1.050,2,1,209.992,0,0,10,35,5,12,0
17-12 13:19:44,36.245,8.749,42.994,11.998,0,1557212,207920,205884,5890280,6950.096,1531.801,0,56212.692,0,4296.441,21699,38505,2.270,1.930,1.050,2,1,50.993,0,0,10,34,5,22,0
17-12 13:19:45,35.775,8.506,39.778,13.259,0,1535788,224396,206212,5894768,9966.026,1621.143,0,64925.773,0,5253.704,21397,34748,2.270,1.930,1.050,1,1,90.063,0,0,10,34,5,22,0
17-12 13:19:46,39.244,8.499,42.744,9.249,0,1551948,208308,206432,5894396,7698.868,1619.762,0,51872.375,0,4436.348,21416,36729,2.270,1.930,1.050,3,1,26.996,0,0,10,35,5,25,0
17-12 13:19:47,35.986,9.496,42.984,10.246,0,1517076,241940,206592,5895460,5329.996,1693.363,0,52072.421,0,4616.264,19898,35793,2.270,1.930,1.050,2,1,109.959,0,0,10,34,5,25,0
17-12 13:19:48,40.695,7.989,41.943,9.986,0,1554096,202908,206632,5897372,10127.257,1617.805,0,29883.448,0,2882.089,15617,26626,2.560,2,1.080,2,0,41.943,0,0,10,35,5,27,0
17-12 13:19:49,38.805,7.511,41.809,9.764,0,1499956,254440,206696,5899868,10337.586,1622.289,0,53839.968,0,4485.329,20796,37313,2.560,2,1.080,2,1,84.119,0,0,10,34,5,35,0
17-12 13:19:50,38.463,8.742,41.710,13.487,0,1553736,196536,206924,5903624,8384.925,1618.441,0,54543.475,0,4666.506,19102,32132,2.560,2,1.080,1,1,62.939,0,0,10,36,5,34,0
17-12 13:19:51,38.771,7.004,42.773,10.756,0,1554560,192012,207092,5907036,7073.869,1586.868,0,52368.646,0,4579.505,22865,40820,2.560,2,1.080,4,0,96.053,0,0,10,36,5,37,0
17-12 13:19:52,34.987,9.246,40.984,13.245,0,1543352,200704,207220,5909368,11502.572,1791.310,0,50904.402,0,4299.345,18798,31678,2.560,2,1.080,4,0,114.956,0,0,10,36,6,35,0
17-12 13:19:53,37.546,9.512,42.803,10.513,0,1502788,246332,207276,5904216,11108.630,1696.081,0,56385.185,0,4783.870,22132,37433,2.440,1.990,1.080,2,0,56.069,0,0,10,36,6,38,0
17-12 13:19:54,38.246,10.499,44.996,5.249,0,1446596,301748,207292,5904964,6442.382,1619.844,0,24617.637,0,2053.803,10100,16194,2.440,1.990,1.080,4,0,135.987,0,0,10,32,6,39,0
17-12 13:19:55,21.438,9.722,68.800,0.249,0,1416116,332172,207292,5905016,6738.452,1689.100,0,1340.112,0,84.754,2286,3643,2.440,1.990,1.080,2,0,162.529,0,0,10,32,6,39,0
17-12 13:19:56,23.771,3.003,72.063,0.250,0,1443580,304704,207292,5905020,11133.686,1621.411,0,1813.578,0,111.097,2548,4583,2.440,1.990,1.080,2,0,0,0,0,10,33,6,42,0
17-12 13:19:57,21.529,4.506,73.598,0,0,1427196,320936,207292,5905168,11366.208,1706.283,0,1037.388,0,50.067,1394,1806,2.440,1.990,1.080,2,0,43.058,0,0,10,32,6,42,0
17-12 13:19:58,21.201,4.739,72.334,0,0,1373036,375092,207292,5905172,9049.178,1508.529,0,247.431,0,17.959,2657,4943,2.320,1.970,1.080,1,0,29.931,0,0,10,32,6,42,0
17-12 13:19:59,10.251,21.502,67.755,0,0,1377916,370156,207292,5905228,8822.644,1768.129,0,888.065,0,49.004,2666,3588,2.320,1.970,1.080,2,0,344.025,0,0,10,32,6,42,0
17-12 13:20:00,11.523,22.544,64.377,0.501,0,1388472,359472,207300,5905348,8907.548,1643.237,8.016,805.587,2.004,50.099,2987,4187,2.320,1.970,1.080,2,0,387.764,0,0,10,32,6,44,0
17-12 13:20:01,62.507,12.751,25.003,0.250,0,1578896,168200,207324,5906172,6969.788,1620.183,0,2808.317,0,166.019,2572,3234,2.320,1.970,1.080,3,0,118.013,0,0,10,32,6,48,0
17-12 13:20:02,65.736,9.248,22.995,1.250,0,1745992,125900,207328,5784124,8235.295,1619.665,2679.445,3179.342,128.973,124.974,2194,2350,2.320,1.970,1.080,3,0,5.999,0,0,10,32,6,48,0
17-12 13:20:03,46.733,7.497,36.736,9.746,0,1765488,121028,207376,5769792,9414.535,1619.404,0,57542.824,0,4425.371,18703,32565,2.380,1.990,1.090,4,1,153.943,0,0,10,38,6,48,0
17-12 13:20:04,28.762,9.004,46.519,14.506,0,1764060,126828,207524,5765324,10678.346,1620.660,0,69376.236,0,5824.371,24863,43333,2.380,1.990,1.090,3,0,258.105,0,0,10,38,6,48,0
17-12 13:20:05,45.255,9.751,32.754,13.251,0,1764300,132752,207620,5758964,6010.667,1662.185,0,97266.797,0,8036.892,34378,60343,2.380,1.990,1.090,2,2,177.020,0,0,10,38,6,48,0
17-12 13:20:06,47.253,11.751,29.752,12.001,0,1685700,200392,207660,5769624,9566.651,1512.103,0,89738.102,0,6677.454,26995,46139,2.380,1.990,1.090,3,1,232.016,0,0,10,36,6,48,0
17-12 13:20:07,48.751,10.000,29.251,12.500,0,1758948,128896,207736,5767528,10446.303,1620.047,0,99278.879,0,7233.210,24761,48200,2.380,1.990,1.090,1,1,2.000,0,0,10,36,6,48,0
17-12 13:20:08,43.495,9.249,36.246,12.748,0,1654200,235104,207788,5766136,11301.599,1713.787,0,80657.998,0,6887.146,26560,47052,2.590,2.040,1.110,3,1,182.977,0,0,10,36,6,48,0
17-12 13:20:09,31.624,11.205,52.043,4.731,0,1391144,497324,207808,5766908,9575.907,1613.581,0,28948.842,0,2089.687,8907,14416,2.590,2.040,1.110,1,0,181.279,0,0,10,32,6,48,0
17-12 13:20:10,18.536,9.268,71.390,0.250,0,1446236,442200,207808,5766940,4860.532,1623.183,0,4661.140,0,132.259,1624,2027,2.590,2.040,1.110,1,0,92.181,0,0,10,32,6,48,0
17-12 13:20:11,22.989,3.248,72.466,0.500,0,1503688,384744,207808,5766940,8340.097,1619.242,0,5489.431,0,320.850,1775,2481,2.590,2.040,1.110,2,0,1.999,0,0,10,32,6,48,0
17-12 13:20:12,21.166,4.731,72.960,0,0,1408756,479668,207808,5766948,6815.873,1613.578,0,127.493,0,11.952,1437,1986,2.590,2.040,1.110,1,0,26.893,0,0,10,32,6,48,0
17-12 13:20:13,22.096,3.515,74.073,0,0,1481332,407092,207808,5766948,5369.405,1518.620,0,40.175,0,4.018,902,1126,2.460,2.020,1.110,1,0,2.009,0,0,10,32,6,48,0
17-12 13:20:14,24.013,2.501,73.540,0,0,1392812,495600,207808,5766952,8750.795,1620.888,48.026,80.044,3.002,11.006,1166,1557,2.460,2.020,1.110,1,0,11.006,0,0,10,32,6,48,0
17-12 13:20:15,14.762,33.277,51.042,0,0,1406192,482140,207808,5767012,10168.328,1695.389,36.030,600.492,2.002,35.029,4157,6967,2.460,2.020,1.110,3,0,831.681,0,0,10,32,6,48,0
17-12 13:20:16,13.269,41.059,44.564,0,0,1406780,481440,207808,5767124,9685.831,1568.239,0,348.498,0,32.046,4790,8431,2.460,2.020,1.110,4,0,1108.583,0,0,10,32,6,48,0
17-12 13:20:17,6.732,12.217,80.531,0,0,1406792,481340,207808,5767212,6916.229,1615.615,39.892,15.957,0.997,3.989,1764,2488,2.460,2.020,1.110,0,0,175.524,0,0,10,32,6,48,0
17-12 13:20:18,6.757,13.263,79.579,0.250,0,1402056,485560,207828,5767708,5515.460,1663.647,652.646,0,17.017,0,2087,2918,2.260,1.990,1.100,1,0,175.173,0,0,11,12,6,48,20
17-12 13:20:19,8.495,20.238,69.458,0,0,1409476,477936,207828,5767896,9590.198,1619.020,0,19.988,0,4.997,2535,3533,2.260,1.990,1.100,2,0,271.836,0,0,11,12,6,48,20
17-12 13:20:20,15.752,17.002,65.010,0,0,1411804,474832,207872,5768916,7768.142,1554.228,544.080,12.002,50.007,3.000,3648,7697,2.260,1.990,1.100,1,0,195.029,0,0,11,12,6,48,20
17-12 13:20:21,21.741,20.242,56.977,0.250,0,1444388,441572,207884,5769192,6095.586,1619.359,43.983,1791.291,1.999,256.898,3110,4678,2.260,1.990,1.100,2,0,306.878,0,0,13,12,6,48,20
17-12 13:20:22,9.957,20.413,67.462,0.249,0,1452304,433608,207884,5769236,11138.450,1613.114,15.932,493.892,0.996,20.911,2593,3673,2.260,1.990,1.100,3,0,239.976,0,0,13,12,6,48,20
17-12 13:20:23,19.608,18.351,60.081,0,0,1464072,421668,207884,5769288,8050.309,1574.667,8.044,12.066,1.006,2.011,4331,8224,2.080,1.950,1.100,2,0,176.974,0,0,13,12,6,48,20
17-12 13:20:24,15.515,20.269,62.560,0,0,1495756,389720,207884,5769528,12288.773,1769.695,4.004,244.234,1.001,14.013,3187,5078,2.080,1.950,1.100,1,0,365.350,0,0,15,12,6,48,20
17-12 13:20:25,17.006,18.507,61.773,0,0,1521976,363324,207884,5772496,9372.552,1694.642,0,416.158,0,28.011,4999,12251,2.080,1.950,1.100,3,0,244.093,0,0,15,12,6,48,20
17-12 13:20:26,45.751,16.000,38.501,0,0,1644772,240520,207908,5769728,6424.180,1512.042,0,572.016,0,3.000,2693,5856,2.080,1.950,1.100,15,0,126.004,0,0,17,12,6,48,20
17-12 13:20:27,87.282,11.754,0.500,0,0,1924680,130652,207916,5603048,10614.906,1694.624,0,12.004,0,3.001,2202,3270,2.080,1.950,1.100,9,0,48.018,0,0,17,12,6,48,20
17-12 13:20:28,22.941,16.956,59.097,0,0,1922228,178024,207920,5558788,7060.762,1615.826,0,5988.532,0,304.214,3080,3882,2.080,1.950,1.100,2,0,206.467,0,0,17,12,6,48,20
17-12 13:20:29,10.762,20.273,68.327,0,0,1928796,171412,207920,5558812,8856.964,1715.930,0,24.027,0,6.007,2775,4000,2.080,1.950,1.100,1,0,268.302,0,0,17,12,6,48,20
17-12 13:20:30,18.255,17.005,64.018,0,0,1931596,168288,207920,5559000,6980.976,1620.459,0,508.144,0,4.001,5082,9763,2.080,1.950,1.100,2,0,172.049,0,0,17,12,6,48,20
17-12 13:20:31,23.199,6.486,69.596,0.249,0,1980960,132632,207920,5545640,9511.893,1562.533,1069.626,0,15.965,0,1904,3014,2.080,1.950,1.100,0,0,124.723,0,0,18,12,6,48,20
17-12 13:20:32,15.252,6.251,77.510,0,0,2018280,127144,207920,5514284,10452.380,1694.224,0,0,0,0,1781,2680,2.080,1.950,1.100,1,0,91.012,0,0,18,12,6,49,20
17-12 13:20:33,23.823,3.260,71.468,0.502,0,2054708,125160,207920,5480496,5301.200,1590.862,60.184,176.540,6.018,12.037,2553,4883,1.990,1.940,1.100,1,0,1.003,0,0,18,22,6,51,0
17-12 13:20:34,13.235,16.981,68.924,0.250,0,1998328,181240,207920,5480928,7039.285,1692.145,283.689,707.225,2.997,57.937,3602,5709,1.990,1.940,1.100,2,0,412.548,0,0,18,18,6,55,0
17-12 13:20:35,10.750,19.251,69.002,0.250,0,2006368,173104,207920,5481024,8478.220,1620.042,0,260.007,0,21.001,3409,5456,1.990,1.940,1.100,2,0,400.010,0,0,18,18,6,55,0
17-12 13:20:36,13.507,18.009,68.036,0,0,2012008,167412,207920,5481120,6728.512,1694.885,0,304.159,0,9.005,3894,7411,1.990,1.940,1.100,1,0,296.155,0,0,18,18,6,55,0
17-12 13:20:37,37.988,11.246,50.234,0,0,2085264,125980,207920,5450236,9183.016,1619.474,327.893,315.897,2.999,14.995,3560,6593,1.990,1.940,1.100,2,0,158.948,0,0,18,19,6,55,0
17-12 13:20:38,47.272,4.252,48.272,0,0,2170320,134044,207920,5359260,8579.921,1566.716,0,192.088,0,2.001,1582,1962,1.990,1.940,1.100,3,0,0,0,0,18,19,6,55,0
17-12 13:20:39,47.217,4.497,47.467,0,0,2254468,132536,207920,5277880,8923.736,1618.864,163.885,267.812,1.999,15.989,2313,3632,1.990,1.940,1.100,2,0,20.985,0,0,18,35,6,49,0
17-12 13:20:40,28.711,13.232,56.673,0,0.250,2262984,129364,207920,5272840,9000.723,1657.739,23.967,411.439,4.993,12.982,3001,9771,1.990,1.940,1.100,1,0,177.758,0,0,18,34,6,51,0
17-12 13:20:41,15.754,19.255,64.766,0.250,0,2275268,123008,207920,5267260,9076.305,1620.412,0,424.108,0,24.006,4818,9097,1.990,1.940,1.100,1,0,234.059,0,0,18,34,6,50,0
17-12 13:20:42,4.746,2.998,91.179,0,0,2273456,131100,207920,5260720,6986.550,1618.737,215.832,111.913,9.992,9.992,1729,2659,1.990,1.940,1.100,0,0,26.979,0,0,18,34,6,50,0
17-12 13:20:43,2.249,1.250,95.226,0,0,2273456,131100,207920,5260720,9273.709,1619.600,0,71.982,0,8.998,1068,1833,1.830,1.910,1.100,2,0,3.999,0,0,18,34,6,49,0
17-12 13:20:44,2.750,1.750,94.012,0,0,2303300,129336,207920,5233348,7809.031,1620.214,0,72.010,0,11.001,1205,2045,1.830,1.910,1.100,0,0,3.000,0,0,18,34,6,49,0
17-12 13:20:45,1.000,1.000,96.759,0.250,0,2303804,128832,207920,5233348,8513.809,1620.154,0,280.027,0,19.002,1037,1802,1.830,1.910,1.100,0,0,1.000,0,0,18,34,6,39,0
17-12 13:20:46,9.253,9.754,78.278,0,0.250,2260080,172360,207920,5233896,8586.082,1458.524,32.011,72.026,2.001,5.002,3032,6001,1.830,1.910,1.100,1,0,168.060,0,0,18,34,6,39,0
17-12 13:20:47,15.291,17.297,66.681,0.251,0,2320488,127948,207908,5217688,8971.303,1624.401,304.826,10011.120,18.049,675.831,5815,10996,1.830,1.910,1.100,1,0,273.742,0,0,18,34,6,36,0
17-12 13:20:48,14.202,18.687,65.779,0,0,2326996,129780,207916,5209908,9854.848,1925.523,1028.540,3.987,36.876,0.997,3960,7740,1.920,1.920,1.110,1,0,238.199,0,0,19,34,6,36,0
17-12 13:20:49,15.753,10.252,72.263,0.500,0,2333732,123008,207916,5209688,7476.383,1694.313,196.036,680.126,9.002,39.007,4772,7895,1.920,1.920,1.110,0,0,193.036,0,0,19,50,6,28,0
17-12 13:20:50,6.011,10.018,82.652,0,0,2337484,119088,207916,5209820,11154.446,1622.975,0,0,0,0,2046,3139,1.920,1.920,1.110,1,0,134.246,0,0,21,50,6,28,0
17-12 13:20:51,18.716,13.975,65.631,0,0,2331156,127380,207916,5207876,7168.981,1617.063,123.775,2112.164,6.987,344.375,5810,10359,1.920,1.920,1.110,2,0,164.701,0,0,21,52,6,24,0
17-12 13:20:52,10.023,19.044,69.659,0.251,0,2339944,132376,207920,5194208,6614.127,1461.342,0,637.458,0,123.282,2941,4336,1.920,1.920,1.110,1,0,278.637,0,0,21,52,6,24,0
17-12 13:20:53,11.973,18.459,68.596,0,0,2340104,132464,207920,5194136,13013.771,1700.181,3.991,27.937,0.998,6.984,2926,4308,1.770,1.890,1.100,1,0,257.422,0,0,21,52,6,21,0
17-12 13:20:54,19.297,17.292,61.649,0,0,2348336,124244,207920,5194148,10482.325,1623.923,4.010,144.349,1.002,3.007,4571,9478,1.770,1.890,1.100,2,0,170.412,0,0,21,52,6,21,0
17-12 13:20:55,29.753,24.252,45.254,0,0,2405288,130344,207920,5132540,8892.765,1620.139,0,392.034,0,8.001,3689,6205,1.770,1.890,1.100,2,0,528.045,0,0,21,52,6,19,0
17-12 13:20:56,32.001,24.251,44.002,0,0,2474164,128924,207964,5066204,8201.336,1736.071,40.002,1388.057,4.000,228.009,4341,9158,1.770,1.890,1.100,3,0,530.022,0,0,21,56,6,21,0
17-12 13:20:57,34.248,21.749,42.997,0,0,2534852,130300,207968,5004932,5069.655,1693.885,7.999,35.998,2.000,8.999,3968,10953,1.770,1.890,1.100,4,0,368.975,0,0,21,56,6,18,0
17-12 13:20:58,56.198,20.981,21.480,0,0,2661840,125364,207980,4883136,8261.375,1708.423,0,3.996,0,0.999,3300,8081,1.870,1.910,1.110,3,0,422.610,0,0,21,56,6,18,0
17-12 13:20:59,52.553,24.274,21.522,0.250,0,2755692,133280,208000,4781800,8022.022,1459.459,8.008,5529.530,2.002,299.299,4185,7984,1.870,1.910,1.110,3,0,365.365,0,0,21,56,6,18,0
17-12 13:21:00,67.501,20.500,11.000,0.500,0,2869164,133236,209204,4669092,8699.122,1620.023,1116.016,796.011,75.001,61.001,5401,12132,1.870,1.910,1.110,4,0,431.006,0,0,21,60,6,18,0
17-12 13:21:01,61.007,22.502,11.251,3.250,0,2979532,127508,209212,4566148,5138.555,1662.180,4.000,20066.167,1.000,1613.174,12116,22927,1.870,1.910,1.110,5,1,263.028,0,0,21,60,6,12,0
17-12 13:21:02,65.986,23.995,6.499,2.250,0,3083060,127000,209216,4463780,6885.520,1619.652,0,28549.862,0,2273.511,14544,28193,1.870,1.910,1.110,5,0,492.894,0,0,21,62,6,12,0
17-12 13:21:03,72.514,22.004,4.751,0.250,0,3164944,119480,209232,4390980,9775.887,1620.313,4.001,1332.257,1.000,65.013,8750,20909,2.200,1.980,1.140,7,0,245.047,0,0,21,64,6,16,0
17-12 13:21:04,61.052,24.521,14.012,0,0,3282956,121988,209236,4272720,7553.488,1695.456,56.048,11337.739,4.003,787.677,6088,17087,2.200,1.980,1.140,3,0,504.433,0,0,21,79,6,22,0
17-12 13:21:05,55.087,25.425,19.442,0.249,0,3377968,126924,209236,4175512,6110.881,1615.211,0,5671.185,0,305.095,7450,25876,2.200,1.980,1.140,2,0,431.720,0,0,21,79,5,22,0
17-12 13:21:06,56.110,15.029,27.554,0.501,0,3518220,135448,209240,4028332,10921.395,1514.968,681.335,8007.687,43.084,521.021,4409,8242,2.200,1.980,1.140,2,1,163.320,0,0,21,82,5,22,0
17-12 13:21:07,43.467,16.238,38.970,0.749,0,3608268,129560,209252,3944952,8018.850,1564.800,703.460,9204.940,43.966,629.517,5520,16548,2.200,1.980,1.140,1,0,91.929,0,0,21,87,5,25,0
17-12 13:21:08,8.999,19.997,69.990,0.500,0,3619080,121852,209252,3941880,8226.799,1709.750,0,723.894,0,45.993,3004,4503,2.100,1.960,1.140,1,0,280.959,0,0,21,87,5,25,0
17-12 13:21:09,9.493,18.986,69.949,0,0,3609000,151132,209252,3922896,9351.230,1618.828,0,51.962,0,5.996,2795,4128,2.100,1.960,1.140,1,0,239.826,0,0,21,87,5,25,0
17-12 13:21:10,9.991,18.732,69.934,0,0,3619272,140844,209252,3922912,9058.422,1618.467,0,115.890,0,10.990,2751,4018,2.100,1.960,1.140,1,0,243.769,0,0,21,87,5,26,0
17-12 13:21:11,9.000,19.750,70.001,0,0,3625548,134548,209252,3922932,7071.134,1620.031,0,0,0,0,2679,3996,2.100,1.960,1.140,1,0,242.005,0,0,21,87,5,26,0
17-12 13:21:12,9.748,18.997,68.488,0,0,3629024,131048,209252,3922956,5220.055,1619.707,3.999,199.964,1.000,12.998,2722,4132,2.100,1.960,1.140,2,0,243.956,0,0,21,87,5,26,0
17-12 13:21:13,14.767,18.020,65.324,0,0,3628612,131908,209252,3922872,4914.583,1513.720,0,92.105,0,9.010,3680,6305,2.090,1.960,1.140,1,0,212.241,0,0,21,89,5,26,0
17-12 13:21:14,27.791,21.282,50.575,0,0,3664644,134584,209252,3883984,9917.787,1642.449,853.272,268.400,12.018,23.034,5211,9065,2.090,1.960,1.140,2,0,289.432,0,0,21,95,5,26,0
17-12 13:21:15,32.137,23.667,43.098,0.249,0,3719372,123036,209236,3840852,8405.438,1688.063,143.495,123.565,17.937,11.958,3560,6141,2.090,1.960,1.140,2,0,408.563,0,0,21,100,5,26,0
17-12 13:21:16,24.566,17.798,56.402,0,0,3741636,123364,209228,3818684,9963.783,1624.366,100.270,3685.908,4.011,399.073,6093,11026,2.090,1.960,1.140,3,0,184.496,0,0,23,105,5,26,0
17-12 13:21:17,59.541,27.769,11.008,0.500,0,3913076,124500,209096,3648208,8166.668,1695.176,812.564,8417.842,45.031,643.447,9117,17055,2.090,1.960,1.140,3,0,552.383,0,0,23,117,5,26,0
17-12 13:21:18,56.786,21.764,20.763,0,0,4015996,134656,209024,3537776,10585.754,1663.061,80.051,820.523,1.001,61.039,6710,12021,2.170,1.980,1.150,6,0,354.226,0,0,23,129,5,26,0
17-12 13:21:19,44.738,22.244,31.741,0.250,0,4091244,125720,208988,3471412,9540.348,1709.525,95.973,6122.298,1.999,650.819,8985,20235,2.170,1.980,1.150,2,0,520.855,0,0,23,133,5,26,0
17-12 13:21:20,25.426,21.437,51.350,0.249,0,4127820,122716,208976,3438096,5148.944,1507.592,0,319.067,0,16.950,3909,7005,2.170,1.980,1.150,1,0,542.414,0,0,24,133,5,26,0
17-12 13:21:21,25.569,17.297,57.154,0,0,4161064,121268,208960,3406600,7013.860,1698.567,4.011,377.014,1.003,19.051,5667,11831,2.170,1.980,1.150,2,0,310.836,0,0,24,133,5,26,0
17-12 13:21:22,30.480,23.735,43.721,0,0,4221284,121424,208932,3347032,8969.152,1564.980,0,415.729,0,28.981,3565,6293,2.170,1.980,1.150,3,0,404.736,0,0,24,133,5,26,0
17-12 13:21:23,40.037,23.021,34.782,0,0,4314160,123800,208876,3254288,7299.679,1663.522,28.026,468.429,6.005,27.025,7108,17376,2.150,1.980,1.160,3,0,257.235,0,0,24,145,5,26,0
17-12 13:21:24,30.993,24.995,44.490,0,0,4381044,125760,208832,3187004,10900.613,1619.645,51.989,267.941,3.999,15.996,3723,6172,2.150,1.980,1.160,7,0,503.890,0,0,24,145,5,26,0
17-12 13:21:25,26.022,22.519,49.541,0.751,0,4443316,120548,208788,3131432,7912.567,1621.346,68.056,10116.397,8.007,838.696,6470,15010,2.150,1.980,1.160,1,0,484.402,0,0,24,151,5,27,0
17-12 13:21:26,15.478,20.470,61.910,0,0,4453668,137876,208764,3105012,8436.792,1617.659,251.636,427.382,26.961,25.962,5269,11545,2.150,1.980,1.160,1,0,420.392,0,0,24,157,5,27,0
17-12 13:21:27,33.665,14.463,50.372,0,0,4503072,124420,208728,3069788,6485.559,1508.177,303.231,2533.577,19.949,356.097,7052,11973,2.150,1.980,1.160,5,0,205.479,0,0,24,163,5,27,0
17-12 13:21:28,52.044,7.506,40.534,0.500,0,4635220,120532,208592,2946136,7469.244,1621.355,220.184,640.535,7.006,61.051,2457,3471,2.140,1.980,1.160,2,0,9.008,0,0,24,173,5,27,0
17-12 13:21:29,42.695,5.743,49.436,0.499,0,4703584,125452,208516,2875892,9527.747,1691.824,1769.724,395.491,63.918,27.964,2460,3428,2.140,1.980,1.160,2,0,8.988,0,0,24,184,5,27,0
17-12 13:21:30,34.115,24.332,41.641,0,0,4667636,160388,208516,2876904,6910.357,1739.881,866.930,325.099,23.078,25.085,4034,7078,2.140,1.980,1.160,3,0,473.601,0,0,24,183,5,27,0
17-12 13:21:31,39.982,23.739,34.234,1.249,0,4696408,130232,208500,2878928,6119.173,1619.252,14409.343,403.813,189.912,23.989,7500,18776,2.140,1.980,1.160,19,0,463.786,0,0,24,187,5,27,0
17-12 13:21:32,56.279,23.012,17.009,3.502,0,4750072,132756,208464,2823948,9917.097,1620.833,44646.949,456.235,502.258,28.014,6406,13087,2.140,1.980,1.160,6,0,187.096,0,0,24,191,5,26,0
17-12 13:21:33,73.301,15.957,6.482,3.740,0.249,4814860,167592,208436,2728876,8095.079,1615.625,49705.398,9725.663,592.396,644.255,5274,8477,2.610,2.080,1.200,7,0,65.822,0,0,24,202,5,27,0
17-12 13:21:34,68.416,16.290,7.518,7.518,0,4902496,132216,206988,2680424,10193.740,1557.781,58020.817,1315.192,1004.438,133.324,5486,9878,2.610,2.080,1.200,4,0,36.088,0,0,24,208,5,22,0
17-12 13:21:35,50.737,23.494,22.244,3.249,0,4873088,166356,206588,2676744,6667.307,1619.589,45776.373,1035.737,460.883,48.988,6960,12687,2.610,2.080,1.200,2,1,373.905,0,0,24,205,5,29,0
17-12 13:21:36,42.554,25.783,27.285,2.754,0,4930524,125456,206524,2661364,5998.660,1622.071,33482.757,340.435,351.449,21.027,6933,13572,2.610,2.080,1.200,4,0,354.453,0,0,24,207,5,29,0
17-12 13:21:37,57.947,24.977,12.988,2.248,0,4937844,128432,205852,2652700,8861.962,1618.532,52428.447,875.206,510.537,51.953,4824,9973,2.610,2.080,1.200,3,1,447.594,0,0,24,207,5,29,0
17-12 13:21:38,57.495,25.748,14.249,0.250,0,5013344,129976,204944,2579908,8606.277,1639.862,2047.828,20794.253,62.995,696.941,11814,49290,2.880,2.150,1.230,3,0,287.976,0,0,24,211,5,30,0
17-12 13:21:39,62.662,21.969,13.481,0.250,0,5052764,130292,204612,2540560,6552.839,1617.738,239.665,13764.757,24.965,922.710,6748,16377,2.880,2.150,1.230,4,0,486.320,0,0,24,215,5,32,0
17-12 13:21:40,56.077,22.781,19.777,0.250,0,5062552,170296,203920,2492372,8166.245,1622.234,480.662,4810.624,29.040,527.727,8603,22523,2.880,2.150,1.230,3,0,242.334,0,0,24,221,5,37,0
17-12 13:21:41,62.564,15.952,20.439,0.499,0,5227464,128692,201876,2373616,5925.342,1507.508,223.334,4039.961,21.935,414.764,4111,7658,2.880,2.150,1.230,4,0,154.539,0,0,24,221,5,37,0
17-12 13:21:42,67.141,9.947,21.883,0.497,0,5283932,126116,201168,2321044,11121.600,2437.979,1022.539,791.771,68.633,55.702,6589,11022,2.880,2.150,1.230,5,0,5.968,0,0,24,227,5,43,0
17-12 13:21:43,52.696,11.094,35.551,0.252,0,5288864,172376,200236,2271572,56419.763,17873.352,221.879,5542.938,14.120,500.236,6852,12142,2.970,2.180,1.240,2,0,117.999,0,0,24,237,5,45,0
17-12 13:21:44,40.250,22.750,36.000,0.250,0,5293412,167220,200236,2272180,5415.049,1620.015,172.002,720.006,12.000,66.001,5252,10647,2.970,2.180,1.240,2,0,445.004,0,0,24,240,5,45,0
17-12 13:21:45,39.978,20.489,37.729,0.250,0,5261068,198920,200256,2273132,8738.142,1693.059,159.911,1519.155,9.994,179.900,7565,16771,2.970,2.180,1.240,2,0,258.856,0,0,24,241,5,46,0
17-12 13:21:46,63.031,12.006,23.261,0.250,0,5383844,124664,199284,2226700,9206.474,1620.788,128.062,3897.894,14.007,236.115,3527,6485,2.970,2.180,1.240,4,0,157.076,0,0,25,244,5,47,0
17-12 13:21:47,65.999,9.250,22.250,1.500,0.250,5458240,151816,198900,2128440,9371.878,1565.980,2079.973,863.989,154.998,60.999,3506,6256,2.970,2.180,1.240,4,0,9.000,0,0,25,244,5,47,0
17-12 13:21:48,45.256,11.501,42.005,0.250,0,5496624,122252,198708,2119924,11021.411,3013.386,144.018,996.128,17.002,87.011,6173,14086,3.130,2.230,1.260,3,0,214.027,0,0,25,246,5,49,0
17-12 13:21:49,27.654,5.481,66.270,0.249,0,5490212,126088,198604,2122604,10601670.204,69724.058,0,346.797,0,26.907,4785,4256,3.130,2.230,1.260,2,0,5.979,0,0,25,247,5,49,0
17-12 13:21:50,24.295,10.269,65.621,1.002,0,5446144,176136,198404,2117648,11362027.942,43917.027,2143.956,8022.802,29.054,778.436,7077,7345,3.130,2.230,1.260,1,0,139.257,0,0,25,247,5,50,0
17-12 13:21:51,17.718,10.980,69.623,0,0,5489636,132528,198404,2117764,5149.576,1617.041,0,259.525,0,12.976,2611,4037,3.130,2.230,1.260,1,0,155.715,0,0,25,247,5,50,0
17-12 13:21:52,26.985,2.998,68.461,0,0,5505320,145948,197984,2089704,5880.666,1619.082,3.998,379.785,0.999,32.981,2626,5187,3.130,2.230,1.260,1,0,0.999,0,0,25,255,5,51,0
17-12 13:21:53,27.515,4.252,65.035,0.500,0,5522860,127960,198008,2090292,9760.280,1704.922,444.240,1656.896,26.014,137.074,3858,7773,2.960,2.200,1.260,2,0,6.003,0,0,25,266,5,53,2
17-12 13:21:54,25.338,3.512,69.492,0.502,0,5524076,126700,198020,2090324,7830.296,1517.289,32.112,361.259,1.003,35.122,3905,8910,2.960,2.200,1.260,2,0,2.007,0,0,25,267,5,53,2
17-12 13:21:55,26.925,10.222,60.333,0.997,0,5484376,214344,195980,2049204,8663.983,1635.466,99.724,45593.615,9.972,494.629,6759,11495,2.960,2.200,1.260,1,0,76.787,0,0,25,267,5,64,2
17-12 13:21:56,20.222,9.237,69.155,0.250,0,5536632,161644,195984,2049632,7013.329,1733.609,483.333,255.647,36.949,12.982,2571,3876,2.960,2.200,1.260,1,0,133.815,0,0,25,267,5,64,2
17-12 13:21:57,16.751,6.000,69.503,5.500,0,5535500,140312,196580,2072148,9474.370,1620.063,4960.193,2504.098,822.032,36.001,3443,4731,2.960,2.200,1.260,1,0,20.001,0,0,25,269,5,62,2
17-12 13:21:58,27.088,4.765,68.723,0.752,0,5506600,166668,196720,2074552,8247.822,1699.527,1051.419,1528.972,177.577,78.254,2352,3610,2.810,2.180,1.260,1,0,9.029,0,0,25,269,5,62,2
17-12 13:21:59,23.157,6.225,67.231,1.494,0,5538860,130948,196744,2077988,5028.859,1613.538,697.208,561.750,147.410,15.936,13846,26876,2.810,2.180,1.260,1,0,3.984,0,0,25,269,5,63,2
17-12 13:22:00,24.260,7.753,68.027,0,0,5564648,141604,195996,2044752,4923.975,1620.650,0,248.099,0,38.015,4758,8717,2.810,2.180,1.260,1,0,5.002,0,0,25,271,5,64,0
17-12 13:22:01,23.337,5.771,71.013,0,0,5565496,140856,195996,2044764,8690.232,1626.031,0,200.745,0,12.045,1662,2682,2.810,2.180,1.260,1,0,0,0,0,25,271,5,64,0
17-12 13:22:02,24.460,10.732,63.896,0.250,0,5473300,262064,195464,2019296,7987.940,1583.411,1681.251,67.889,172.718,3.993,2446,3684,2.810,2.180,1.260,6,0,68.887,0,0,25,271,5,64,0
17-12 13:22:03,22.704,11.976,64.371,0.249,0,5538696,196388,195468,2019684,8448.045,1636.715,35.928,195.607,2.994,16.966,3233,5703,2.660,2.160,1.260,1,0,382.233,0,0,25,273,5,64,0
17-12 13:22:04,17.244,12.246,69.228,0,0,5488720,246364,195484,2019668,9559.912,1693.453,0,515.833,0,45.985,3000,4782,2.660,2.160,1.260,1,0,149.952,0,0,25,273,5,64,0
17-12 13:22:05,11.799,18.578,68.536,0.251,0,5495336,239672,195500,2019728,9595.079,1626.795,12.050,498.080,3.013,48.201,3532,5616,2.660,2.160,1.260,1,0,306.279,0,0,25,279,5,54,0
17-12 13:22:06,8.466,14.939,74.946,0,0,5496884,238008,195500,2019844,11642.754,1687.154,3.984,0,0.996,0,2823,4524,2.660,2.160,1.260,0,0,237.038,0,0,25,279,5,54,0
17-12 13:22:07,9.036,1.757,88.604,0.251,0,5514020,220872,195500,2019844,7312.220,1668.668,0,297.188,0,21.084,1562,2572,2.660,2.160,1.260,1,0,9.036,0,0,25,279,5,53,0
17-12 13:22:08,24.915,3.488,71.009,0,0,5560200,174560,195500,2019976,8598.807,1506.884,0,0,0,0,2176,3671,2.530,2.150,1.260,1,0,0,0,0,25,281,5,53,0
17-12 13:22:09,17.266,12.511,69.063,0.250,0,5508152,226532,195508,2020044,7522.898,1621.487,136.125,48.044,14.013,3.003,3104,5178,2.530,2.150,1.260,1,0,142.130,0,0,25,283,5,51,0
17-12 13:22:10,14.761,16.012,67.299,0.250,0,5503832,230456,195516,2020432,5383.930,1715.252,280.205,460.336,19.014,42.031,3303,5217,2.530,2.150,1.260,1,0,168.123,0,0,25,285,5,52,0
17-12 13:22:11,11.777,18.292,67.656,0,0,5518516,215588,195524,2020608,9207.296,1623.756,92.213,296.686,4.009,20.046,3122,4843,2.530,2.150,1.260,2,0,186.431,0,0,25,287,5,51,0
17-12 13:22:12,11.959,17.689,68.015,0,0,5517028,216672,195524,2021012,8199.629,1614.414,67.766,0,3.986,0,3025,4607,2.530,2.150,1.260,3,0,181.372,0,0,25,287,5,51,0
17-12 13:22:13,24.988,3.748,70.715,0.250,0.250,5586320,147372,195528,2021016,9542.343,1619.210,0,207.899,0,18.991,1817,2694,2.400,2.130,1.250,2,0,1.999,0,0,25,287,5,51,0
17-12 13:22:14,25.611,5.022,69.551,0.251,0,5629568,135088,194664,1993116,8500.800,1627.043,224.974,6568.435,9.039,640.774,2798,3404,2.400,2.130,1.250,1,0,5.022,0,0,25,291,5,51,0
17-12 13:22:15,24.163,3.487,70.246,0.249,0,5535352,229268,194684,1993132,4955.058,1506.545,39.856,661.604,5.978,48.823,2058,3129,2.400,2.130,1.250,3,0,10.960,0,0,25,287,5,51,0
17-12 13:22:16,23.969,4.494,71.407,0,0,5596756,167812,194688,1993180,8354.073,1617.884,0,83.890,0,6.991,1707,2598,2.400,2.130,1.250,2,0,0.999,0,0,25,287,5,51,0
17-12 13:22:17,27.510,2.501,69.776,0.250,0,5613788,150736,194688,1993224,8686.214,1620.600,32.012,80.030,2.001,6.002,2736,5140,2.400,2.130,1.250,3,0,3.001,0,0,25,293,5,55,0
17-12 13:22:18,25.772,4.504,68.559,0.250,0,5565336,199064,194828,1993208,5867.087,1641.423,128.111,256.222,7.006,31.027,2062,3243,2.290,2.110,1.250,3,0,16.014,0,0,25,287,5,56,0
17-12 13:22:19,22.980,6.744,68.940,0.250,0,5508876,254324,194832,1994384,8609.475,1692.521,1358.812,47102.832,16.985,212.814,3055,4599,2.290,2.110,1.250,1,0,85.925,0,0,25,287,5,56,0
17-12 13:22:20,11.756,20.011,67.536,0.250,0,5515424,247640,194836,1994516,8379.449,1620.861,48.026,1220.648,4.002,33.018,3576,5625,2.290,2.110,1.250,1,0,323.172,0,0,25,289,5,56,0
17-12 13:22:21,17.236,10.492,69.694,0.250,0,5542600,219760,195284,1994772,12512.003,1618.707,907.275,363.709,56.954,23.981,2592,4005,2.290,2.110,1.250,1,0,144.884,0,0,25,291,5,56,0
17-12 13:22:22,24.358,4.018,72.068,0,0,5578708,183220,195296,1995192,11727.766,2035.987,56.248,4.018,9.040,1.004,1750,2583,2.290,2.110,1.250,1,0,5.022,0,0,25,292,5,56,0
17-12 13:22:23,22.414,2.989,74.216,0.498,0,5551864,203964,195804,2000768,10687.090,3460.752,282.917,884.614,59.771,9.962,1753,2706,2.190,2.090,1.250,1,0,0.996,0,0,25,291,5,56,0
17-12 13:22:24,23.994,4.249,70.732,0,0,5577716,176940,195892,2001852,9078.703,2092.471,19.995,391.901,1.999,11.997,1919,3006,2.190,2.090,1.250,1,0,5.998,0,0,25,292,5,56,0
17-12 13:22:25,22.248,2.250,73.743,0.250,0,5589460,158796,196460,2007684,13076.797,4247.609,19.998,1319.879,4.000,40.996,1841,2798,2.190,2.090,1.250,2,0,1.000,0,0,25,291,5,55,0
17-12 13:22:26,26.521,7.756,63.049,0.500,0,5552956,191348,196516,2011564,8874.887,2168.683,3366.612,352.273,42.033,8.006,10232,20667,2.190,2.090,1.250,5,0,47.037,0,0,25,292,5,56,0
17-12 13:22:27,23.316,3.761,71.703,0.251,0,5569380,174500,196572,2011932,12627.800,4073.549,212.603,553.569,11.031,23.065,10421,20469,2.190,2.090,1.250,1,0,12.034,0,0,25,292,5,55,0
17-12 13:22:28,27.391,5.976,66.236,0.249,0,5553044,187260,196612,2015468,8915.498,1547.837,2346.656,414.350,20.917,11.952,2208,3242,2.010,2.050,1.240,1,0,11.952,0,0,25,292,5,55,0
17-12 13:22:29,18.542,11.777,68.156,0.251,0,5522952,229052,196692,2003736,9051.683,1798.109,0,926.116,0,28.064,3047,4633,2.010,2.050,1.240,2,0,156.357,0,0,25,291,5,55,0
17-12 13:22:30,24.783,10.514,63.585,0,0,5557124,195516,196692,2003100,5333.157,1716.303,32.043,548.736,2.003,22.030,2796,4403,2.010,2.050,1.240,1,0,109.146,0,0,25,293,5,55,0
17-12 13:22:31,28.997,4.250,67.243,0.250,0,5569668,182772,196692,2003300,6044.396,1619.838,0,231.977,0,10.999,4054,7622,2.010,2.050,1.240,4,0,0,0,0,25,297,5,56,0
17-12 13:22:32,23.650,8.713,66.468,0,0,5543236,209056,196692,2003448,8742.921,1613.159,27.882,7.966,2.987,1.992,2655,4132,2.010,2.050,1.240,1,0,112.523,0,0,25,293,5,57,0
17-12 13:22:33,30.307,4.008,66.124,0,0,5573884,178396,196692,2003460,7779.602,1568.945,28.053,224.421,6.011,20.038,3015,5041,1.930,2.040,1.240,1,0,1.002,0,0,25,293,5,56,0
17-12 13:22:34,21.303,7.769,68.922,0.251,0,5573796,178416,196692,2003528,9802.496,1698.244,16.040,324.812,1.003,36.090,2644,4341,1.930,2.040,1.240,2,0,72.180,0,0,25,293,5,56,0
17-12 13:22:35,25.426,4.487,69.299,0.249,0,5530332,221816,196696,2003588,5554.869,1507.622,35.896,2373.108,6.980,383.885,3354,4883,1.930,2.040,1.240,1,0,25.925,0,0,25,293,5,56,0
17-12 13:22:36,25.332,5.518,68.724,0.752,0,5583724,167408,196708,2004592,9217.011,1625.292,489.594,702.287,10.033,126.412,2295,3447,1.930,2.040,1.240,2,0,32.105,0,0,25,294,4,48,0
17-12 13:22:37,24.910,4.733,69.002,0,0.249,5539576,211412,196724,2004720,7358.509,1614.189,0,2495.018,0,150.458,2743,5307,1.930,2.040,1.240,1,0,31.885,0,0,25,293,4,50,0
17-12 13:22:38,26.037,3.505,70.602,0,0,5577960,173000,196728,2004744,6043.691,1622.333,0,128.184,0,8.012,2167,3774,1.860,2.020,1.240,1,0,0,0,0,25,295,4,50,0
17-12 13:22:39,21.973,7.241,69.166,0.499,0,5562516,188388,196736,2004792,8218.007,1618.032,0,271.670,0,26.967,2646,4508,1.860,2.020,1.240,1,0,46.943,0,0,25,293,4,50,0
17-12 13:22:40,27.269,3.002,69.048,0,0,5594756,156132,196736,2004808,8733.096,1621.132,0,300.210,0,26.018,2536,4695,1.860,2.020,1.240,4,0,0,0,0,25,293,4,49,2
17-12 13:22:41,22.987,5.497,70.711,0,0,5581916,168844,196764,2004908,6547.432,1619.118,0,771.579,0,50.972,2023,3189,1.860,2.020,1.240,1,0,31.983,0,0,25,293,4,50,0
17-12 13:22:42,23.317,7.271,68.696,0,0,5526928,223656,196768,2005080,12873.755,1462.175,0,184.527,0,25.072,3153,5641,1.860,2.020,1.240,1,0,97.278,0,0,25,293,4,44,0
17-12 13:22:43,11.987,21.227,66.179,0.250,0,5532712,217832,196780,2005108,7540.894,1618.260,0,387.583,0,28.969,3519,5646,1.790,2,1.240,1,0,362.610,0,0,25,293,4,44,0
17-12 13:22:44,10.477,21.703,65.858,0,0,5537780,212744,196780,2005128,9081.430,1690.357,3.991,303.346,0.998,24.946,3419,5264,1.790,2,1.240,1,0,317.316,0,0,25,293,4,35,0
17-12 13:22:45,13.037,19.555,66.186,0,0,5537192,213312,196780,2005148,10174.611,1698.777,0,2206.204,0,146.412,3670,5423,1.790,2,1.240,3,0,343.967,0,0,25,293,4,35,0
17-12 13:22:46,10.497,20.993,66.978,0,0,5539548,210952,196780,2005152,6013.052,1619.475,0,195.937,0,16.994,3264,5173,1.790,2,1.240,1,0,325.894,0,0,25,293,4,34,0
17-12 13:22:47,11.241,20.484,65.700,0.250,0,5534776,215704,196780,2005172,4813.327,1692.708,0,99.924,0,11.991,3287,5100,1.790,2,1.240,2,0,330.748,0,0,25,293,4,34,0
17-12 13:22:48,11.989,20.481,64.939,0,0,5535348,215116,196784,2005184,10096.489,1564.526,0,215.797,0,23.977,3536,5653,1.640,1.970,1.230,3,0,324.694,0,0,25,293,4,34,0
17-12 13:22:49,12.494,20.741,65.970,0,0,5536040,214392,196792,2005208,9560.621,1511.308,0,435.800,0,36.983,3654,5785,1.640,1.970,1.230,1,0,344.842,0,0,25,293,4,34,0
17-12 13:22:50,11.520,20.536,65.616,0.250,0,5539068,211340,196796,2005228,9353.528,1622.868,0,829.466,0,37.065,3455,5420,1.640,1.970,1.230,3,0,311.551,0,0,25,293,4,32,0
17-12 13:22:51,10.728,21.706,66.366,0,0,5538888,211500,196800,2005244,7813.241,1690.590,0,299.396,0,21.956,3348,5267,1.640,1.970,1.230,1,0,327.340,0,0,25,293,4,32,0
17-12 13:22:52,12.764,20.523,65.822,0,0,5538984,211368,196812,2005268,10004.014,1621.786,0,340.375,0,35.039,3500,5358,1.640,1.970,1.230,1,0,323.356,0,0,25,293,4,31,0
17-12 13:22:53,10.511,20.020,68.068,0.250,0,5537408,212220,196812,2005992,9525.526,1621.622,804.805,32.032,14.014,5.005,3284,5013,1.590,1.950,1.230,3,0,302.302,0,0,25,293,4,31,0
17-12 13:22:54,16.982,9.740,69.678,1.748,0,5567680,190664,196812,2006240,6380.377,1618.320,2861.030,0,317.670,0,3962,6936,1.590,1.950,1.230,3,0,53.944,0,0,25,293,4,28,0
17-12 13:22:55,28.976,5.745,60.950,3.997,0,5573528,161704,196816,2029332,9039.551,1618.666,9548.132,1706.594,730.398,300.752,8514,13692,1.590,1.950,1.230,1,0,3.997,0,0,25,291,4,28,2
17-12 13:22:56,12.996,1.500,83.724,0,0,5574948,159920,196828,2029684,18646.182,6711.906,159.950,3258.983,19.994,21.993,1727,2602,1.590,1.950,1.230,1,0,1.999,0,0,25,292,4,17,2
17-12 13:22:57,15.503,2.000,81.267,1.000,0,5587376,146592,196832,2030580,18389.770,10285.108,756.155,936.192,50.010,31.006,1935,2972,1.590,1.950,1.230,0,0,0,0,0,25,292,4,17,2
17-12 13:22:58,16.761,3.502,76.802,1.251,0,5599984,150340,196504,2015356,25689.237,11957.023,1068.717,1324.889,63.042,50.034,3805,3159,1.460,1.920,1.220,1,0,0,0,0,25,292,4,17,2
17-12 13:22:59,19.550,1.253,77.949,0.752,0,5599980,149612,196520,2016072,21111.878,11522.405,737.883,1110.835,57.146,42.107,2045,2980,1.460,1.920,1.220,1,0,0,0,0,25,292,4,17,2
17-12 13:23:00,18.516,1.501,77.067,1.251,0,5607776,140820,196520,2017064,23653.579,12061.493,888.773,2622.281,61.053,54.047,2125,3315,1.460,1.920,1.220,2,0,0,0,0,25,292,4,16,2
17-12 13:23:01,19.173,3.984,73.207,1.992,0,5604656,183504,195492,1981404,13977.064,6430.266,15366.503,1326.691,197.211,62.749,2414,3359,1.460,1.920,1.220,3,0,0.996,0,0,25,292,4,16,2
17-12 13:23:02,24.623,4.228,69.888,0.249,0,5618272,151408,195664,1999864,5041.903,1611.658,0,1742.978,0,61.681,3870,3114,1.460,1.920,1.220,3,0,0,0,0,25,292,4,15,2
17-12 13:23:03,22.159,4.532,70.505,1.259,0,5628812,139116,196012,2001404,8889.713,1468.525,0,3529.294,0,151.083,2632,4035,1.510,1.920,1.230,2,0,1.007,0,0,25,292,4,15,2
17-12 13:23:04,24.475,4.246,69.929,1.249,0,5616644,147908,196712,2003876,10064.804,1618.361,0,3456.499,0,140.857,2638,4007,1.510,1.920,1.230,1,0,1.998,0,0,25,292,4,15,2
17-12 13:23:05,24.981,4.996,69.447,0,0,5562568,214448,196768,1991056,9651.597,1792.625,31.975,1610.765,1.998,31.975,2220,2668,1.510,1.920,1.230,3,0,5.995,0,0,25,293,4,15,2
17-12 13:23:06,20.748,3.250,75.241,0,0,5602140,170356,196776,1995376,15135.199,3706.559,0,315.962,0,13.998,1822,2705,1.510,1.920,1.230,1,0,4.999,0,0,25,294,4,15,2
17-12 13:23:07,22.809,3.509,72.188,0.251,0,5593532,176316,196972,1997412,14866.668,3053.943,0,870.264,0,7.018,1949,2790,1.510,1.920,1.230,0,0,6.016,0,0,25,294,4,15,2
17-12 13:23:08,21.279,5.007,72.098,0.250,0,5595848,166860,197376,2003316,12338.818,3535.819,0,1289.758,0,20.027,9635,19132,1.470,1.900,1.230,1,0,7.010,0,0,25,293,4,15,2
17-12 13:23:09,23.906,5.976,68.230,0,0,5596904,165196,197440,2003732,5165.586,1547.883,0,83.669,0,0.996,10296,21133,1.470,1.900,1.230,1,0,12.949,0,0,25,293,4,15,2
17-12 13:23:10,22.575,6.522,70.986,0.251,0,5554264,221316,197500,1991284,5288.563,1625.398,0,2159.171,0,42.140,2200,3433,1.470,1.900,1.230,1,0,15.050,0,0,25,293,4,15,2
17-12 13:23:11,24.659,3.736,70.987,0,0,5550608,224292,197508,1992052,11310.096,1560.219,0,753.209,0,17.934,2270,3681,1.470,1.900,1.230,3,0,49.815,0,0,25,293,4,16,2
17-12 13:23:12,25.786,5.007,68.346,0,0,5586456,188256,197508,1992236,6540.228,1622.289,0,0,0,0,8039,16728,1.470,1.900,1.230,1,0,11.016,0,0,25,293,4,15,2
17-12 13:23:13,20.292,3.507,75.657,0,0,5579532,188912,197508,1998024,14912.914,3889.062,0,1198.484,0,16.033,1851,2784,1.350,1.870,1.220,1,0,4.008,0,0,25,293,4,15,2
17-12 13:23:14,19.433,3.488,75.491,0.249,0,5596864,171036,197532,1998544,13850.396,4519.467,3.986,641.794,0.997,20.928,1792,2751,1.350,1.870,1.220,1,0,5.979,0,0,25,294,4,15,2
17-12 13:23:15,25.848,6.274,66.752,0,0,5586516,174308,197560,2004780,9474.815,1875.088,0,1068.037,0,16.061,9900,19633,1.350,1.870,1.220,2,0,21.080,0,0,25,295,4,15,2
17-12 13:23:16,21.927,7.226,68.771,0,0,5589148,171164,197620,2005136,9506.334,1506.980,0,8292.378,0,510.300,10153,18977,1.350,1.870,1.220,1,0,16.944,0,0,25,295,4,15,2
17-12 13:23:17,23.246,6.249,70.238,0,0,5553768,220608,197660,1992356,5855.034,1619.733,0,1099.819,0,16.997,1967,2814,1.350,1.870,1.220,2,0,8.999,0,0,25,295,4,15,2
17-12 13:23:18,25.259,3.751,70.775,0.250,0,5536280,238172,197676,1992368,5990.097,1620.567,0,172.060,0,17.006,2264,3587,1.320,1.860,1.220,1,0,58.020,0,0,25,295,4,16,2
17-12 13:23:19,24.251,6.250,68.254,0,0,5552044,208128,197772,2005560,8847.495,1566.088,0,516.029,0,34.002,13746,26895,1.320,1.860,1.220,1,0,46.003,0,0,25,295,4,11,2
17-12 13:23:20,21.792,2.254,75.647,0.250,0,5571532,186036,197792,2007760,14732.685,4406.580,4.008,1514.950,1.002,21.041,1968,2998,1.320,1.860,1.220,0,0,3.006,0,0,25,296,4,11,2
17-12 13:23:21,20.270,2.002,77.075,0.500,0,5573928,183516,197852,2007792,38336.109,16391.867,0,1761.705,0,62.060,2141,3106,1.320,1.860,1.220,1,0,0,0,0,25,296,4,11,2
17-12 13:23:22,9.459,1.245,86.380,0.249,0.249,5573812,183292,197872,2008080,50569.361,10737.003,0,1027.598,0,45.804,1979,3053,1.320,1.860,1.220,0,0,0,0,0,25,297,4,11,2
17-12 13:23:23,10.268,2.254,87.654,0.751,0,5574248,182564,197932,2008280,127147.398,11161.611,0,1422.499,0,62.109,1917,2995,1.210,1.830,1.210,0,0,0,0,0,25,297,4,11,2
17-12 13:23:24,21.745,1.250,75.733,0.250,0,5586476,170216,197964,2008336,20953.244,9091.936,0,851.807,0,33.992,1869,2797,1.210,1.830,1.210,0,0,1.000,0,0,25,297,4,11,2
17-12 13:23:25,21.306,2.256,77.202,0.251,0,5603768,152380,198060,2008720,273672.749,14806.779,0,1371.592,0,39.102,2100,3023,1.210,1.830,1.210,1,0,0,0,0,25,297,4,11,2
17-12 13:23:26,12.709,4.486,80.493,1.246,0,5617644,152156,198224,1995020,100498.410,18898.713,51.835,18098.267,7.975,162.482,2916,5747,1.210,1.830,1.210,2,0,33.892,0,0,25,297,4,12,2
17-12 13:23:27,14.740,2.998,80.444,0.749,0,5627260,141964,198432,1995380,68641.020,14538.837,103.927,1538.924,5.996,62.956,2068,3038,1.210,1.830,1.210,2,0,0,0,0,25,297,4,11,2
17-12 13:23:28,14.819,7.033,76.102,0.753,0,5637040,160832,197352,1970488,6911673.962,65857.988,10175.121,8141.704,67.312,86.400,5114,5453,1.200,1.810,1.210,1,0,8.037,0,0,25,297,4,11,2
17-12 13:23:29,20.922,3.736,74.222,0.747,0,5654808,133524,197804,1979712,627416.580,8929.577,2375.110,2630.155,23.911,102.616,5425,3705,1.200,1.810,1.210,2,0,0.996,0,0,25,297,4,11,2
17-12 13:23:30,24.824,6.770,66.448,1.003,0,5652584,145540,200268,1968104,6808.302,1719.126,0,5063.098,0,131.392,2659,4108,1.200,1.810,1.210,1,0,0,0,0,25,297,4,11,2
17-12 13:23:31,25.776,5.005,67.568,0.751,0,5653972,139296,200724,1972744,9546.661,1621.641,0,5978.050,0,328.332,2407,3256,1.200,1.810,1.210,1,0,0,0,0,25,297,4,11,2
17-12 13:23:32,23.457,10.231,65.628,0.998,0,5647088,145488,200800,1972852,7455.186,1690.867,0,162139.555,0,789.537,4309,5283,1.200,1.810,1.210,5,0,0,0,0,25,297,4,11,2
17-12 13:23:33,25.700,5.988,65.622,0.499,0,5637404,127600,202468,1997628,5992.333,1562.957,0,2103.904,0,68.866,3503,6495,1.180,1.800,1.210,1,0,1.996,0,0,25,297,4,9,2
17-12 13:23:34,26.325,5.516,66.188,1.003,0,5632132,196736,191752,1945992,9783.845,1624.624,4.011,3891.074,1.003,122.348,2815,4314,1.180,1.800,1.210,1,0,2.006,0,0,25,297,4,11,2
17-12 13:23:35,22.497,2.000,74.491,0.500,0,5533100,325852,191988,1915812,13591.383,4221.498,39.995,1259.850,3.000,42.995,2123,3241,1.180,1.800,1.210,1,0,2.000,0,0,25,295,4,11,2
17-12 13:23:36,21.194,3.491,74.554,0,0,5592352,266672,192016,1915824,9082.141,2756.758,83.780,3.990,7.979,0.997,1688,2637,1.180,1.800,1.210,0,0,6.982,0,0,25,296,4,11,2
17-12 13:23:37,24.490,3.748,71.220,0,0,5578228,274360,192204,1922152,10829.387,2627.881,0,2183.070,0,26.989,1834,2725,1.180,1.800,1.210,1,0,2.999,0,0,25,295,4,10,2
17-12 13:23:38,19.568,3.763,75.512,0.251,0,5597544,248464,192784,1927960,15983.382,4725.373,0,1264.381,0,29.101,1901,2821,1.170,1.790,1.210,1,0,4.014,0,0,25,295,4,10,2
17-12 13:23:39,23.925,7.227,67.537,0,0,5583692,261724,192824,1928320,9042.534,1614.916,0,3.987,0,0.997,9661,19561,1.170,1.790,1.210,1,0,12.959,0,0,25,295,4,9,2
17-12 13:23:40,25.234,6.746,67.208,0,0,5586128,259008,192892,1928500,10723.277,1680.946,0,2338.534,0,17.989,9336,18653,1.170,1.790,1.210,3,0,12.992,0,0,25,295,4,9,2
17-12 13:23:41,21.523,6.257,70.073,0.751,0,5588616,256236,192920,1928692,6235.535,1621.700,0,648.680,0,37.039,2000,3104,1.170,1.790,1.210,1,0,7.007,0,0,25,295,4,7,2
17-12 13:23:42,23.972,5.244,70.169,0,0,5559704,297340,193064,1916528,11598.673,1660.093,551.366,910.953,18.978,16.980,1930,2832,1.170,1.790,1.210,4,0,5.993,0,0,25,295,4,7,2
17-12 13:23:43,23.260,3.251,69.281,2.751,0,5578360,274188,193260,1920988,8735.905,1512.676,2369.059,1760.787,322.144,32.014,3304,5588,1.150,1.770,1.210,1,0,2.001,0,0,25,296,4,7,2
17-12 13:23:44,27.251,3.000,68.752,0.500,0,5579420,272704,193352,1921320,8909.196,1620.036,72.002,1404.031,6.000,109.002,4009,9147,1.150,1.770,1.210,1,0,1.000,0,0,25,299,4,10,2
17-12 13:23:45,26.042,3.255,68.361,1.002,0,5580588,270184,193464,1922564,6000.757,1622.638,1033.681,1302.117,54.088,193.314,4802,9575,1.150,1.770,1.210,1,0,0,0,0,25,302,4,13,2
17-12 13:23:46,26.784,2.754,68.087,1.252,0,5584336,265172,193556,1923736,9852.542,1622.065,917.168,3756.782,92.117,520.663,4275,6436,1.150,1.770,1.210,4,0,3.004,0,0,25,305,4,13,2
17-12 13:23:47,19.506,12.504,67.270,1.000,0,5535648,312776,193656,1924720,12869.797,1620.478,768.227,5045.488,41.012,353.104,5339,9162,1.150,1.770,1.210,1,0,200.059,0,0,25,305,4,13,2
17-12 13:23:48,11.724,17.960,68.098,0.748,0,5542996,302672,193940,1927188,8178.712,1562.506,2941.423,403.099,44.900,29.933,3412,5268,1.140,1.760,1.210,1,0,241.460,0,0,25,305,4,16,2
17-12 13:23:49,13.531,4.009,69.659,11.777,0,5527832,273532,194096,1971376,9275.194,1589.632,44249.109,665.521,3504.007,31.071,8553,10482,1.140,1.760,1.210,1,0,10.023,0,0,25,305,4,15,2
17-12 13:23:50,8.465,2.241,87.392,0.996,0,5532624,264208,194144,1975864,14210.778,3299.482,4362.128,1477.945,92.621,34.857,2234,3520,1.140,1.760,1.210,0,0,5.976,0,0,25,306,4,15,2
17-12 13:23:51,5.001,1.250,91.263,1.000,0,5532784,263956,194172,1975928,45870.743,4463.656,0,2096.308,0,120.018,2042,3325,1.140,1.760,1.210,0,0,0,0,0,25,306,4,15,2
17-12 13:23:52,5.249,0.250,92.735,0,0,5532784,263956,194172,1975928,14238.750,6810.924,0,0,0,0,1485,2433,1.140,1.760,1.210,0,0,0,0,0,25,306,4,15,2
17-12 13:23:53,5.754,1.751,90.063,0.500,0,5520236,272720,194520,1979364,86055.669,120054.639,3834.703,564.398,53.037,13.009,1817,2855,1.050,1.730,1.200,0,0,12.008,0,0,25,305,4,15,3
17-12 13:23:54,2.749,0.750,94.700,0,0,5520000,272552,194520,1979784,9411.050,1739.085,0,507.733,0,12.993,1474,2493,1.050,1.730,1.200,1,0,0.999,0,0,25,305,4,15,2
17-12 13:23:55,4.251,1.500,93.514,0.250,0,5520000,272552,194520,1979784,7049.093,1512.234,64.010,68.011,2.000,10.002,1577,2637,1.050,1.730,1.200,1,0,0,0,0,25,305,4,15,1
17-12 13:23:56,3.002,0.750,94.811,0,0,5519932,272552,194520,1979852,5854.776,1641.058,0,36.023,0,3.002,1355,2331,1.050,1.730,1.200,0,0,2.001,0,0,25,305,4,15,1
17-12 13:23:57,3.248,0.750,93.940,0,0.250,5519916,272552,194520,1979868,6191.032,1618.962,0,167.892,0,20.987,1606,2829,1.050,1.730,1.200,1,0,0,0,0,25,305,4,15,1
17-12 13:23:58,4.013,1.003,94.052,0,0,5519820,272580,194520,1979936,11567.119,1625.215,64.206,417.339,8.026,27.087,1501,2467,0.960,1.700,1.190,1,0,0,0,0,25,305,4,15,1
17-12 13:23:59,7.509,3.254,88.356,0.751,0,5530152,262232,194524,1979948,6665.031,1621.954,4.005,284.343,1.001,32.039,1654,2746,0.960,1.700,1.190,1,0,1.001,0,0,25,305,4,16,1
17-12 13:24:00,3.735,0.747,94.110,0,0,5530100,262284,194532,1979940,9982.582,1613.306,0,139.422,0,12.946,1637,2787,0.960,1.700,1.190,1,0,0,0,0,25,305,4,16,1
17-12 13:24:01,2.999,0.500,94.958,0.250,0,5530080,262284,194544,1979948,7196.790,1619.278,0,299.866,0,22.990,1499,2509,0.960,1.700,1.190,0,0,0,0,0,25,305,4,16,1
17-12 13:24:02,3.500,0.750,93.501,0,0,5530080,262284,194544,1979948,8407.092,1458.016,0,188.002,0,1.000,1381,2571,0.960,1.700,1.190,0,0,0,0,0,25,305,4,16,1
17-12 13:24:03,4.752,3.251,91.290,0.250,0,5532100,260024,194556,1980068,7360.216,1620.708,0,76405.389,0,479.209,2721,3500,0.890,1.670,1.180,3,0,1.000,0,0,25,305,4,16,1
17-12 13:24:04,3.749,0.750,93.228,0.250,0,5532152,260056,194556,1980080,7259.287,1619.618,0,323.924,0,28.993,1870,3137,0.890,1.670,1.180,0,0,2.000,0,0,25,305,4,16,1
17-12 13:24:05,2.250,1.250,95.008,0,0,5532152,260056,194556,1980080,9820.815,1620.134,0,0,0,0,1353,2335,0.890,1.670,1.180,0,0,0,0,0,25,305,4,16,1
17-12 13:24:06,3.750,4.000,91.741,0,0,5533516,258684,194556,1980088,8596.166,1619.843,0,135.987,0,10.999,1474,2351,0.890,1.670,1.180,0,0,0,0,0,25,305,3,16,1
17-12 13:24:07,2.760,1.254,94.585,0.502,0,5533900,258292,194556,1980096,5444.262,1625.752,0,2336.266,0,383.356,2065,3005,0.890,1.670,1.180,0,0,0,0,0,25,305,3,16,1
17-12 13:24:08,2.741,2.492,92.954,0.249,0,5533260,259112,194556,1980104,8684.358,1453.374,0,51962.603,0,192.388,1872,2877,0.820,1.640,1.180,0,0,0,0,0,25,305,3,16,1
17-12 13:24:09,3.250,0.750,95,0,0,5533484,258888,194556,1980104,8792,1690,0,0,0,0,1419,2392,0.820,1.640,1.180,0,0,0,0,0,25,305,3,16,1
17-12 13:24:10,3.502,1.501,94.064,0,0,5533484,258888,194576,1980084,9331.308,1621.096,0,192.130,0,19.013,1608,2780,0.820,1.640,1.180,1,0,0,0,0,25,305,3,16,1
17-12 13:24:11,3.746,0.999,94.153,0.250,0,5533456,258888,194576,1980112,9043.721,1618.340,7.992,379.611,1.998,34.964,1534,2606,0.820,1.640,1.180,1,0,0,0,0,25,305,3,17,1
17-12 13:24:12,3.500,1.000,94.242,0,0,5533456,258888,194576,1980112,7202.409,1619.867,0,0,0,0,1309,2500,0.820,1.640,1.180,0,0,0,0,0,25,305,3,16,1
17-12 13:24:13,3.501,1.250,93.782,0,0,5533456,258888,194576,1980112,10942.710,1620.549,0,2352.798,0,13.004,1571,2588,0.750,1.620,1.170,1,0,0,0,0,25,305,3,16,1
17-12 13:24:14,2.752,1.251,94.552,0,0,5533944,258392,194580,1980116,8632.783,1694.939,0,48.027,0,6.003,1455,2527,0.750,1.620,1.170,0,0,1.001,0,0,25,305,3,16,1
17-12 13:24:15,3.498,1.249,93.194,0,0,5534268,258068,194580,1980116,6794.916,1531.080,0,0,0,0,1446,2472,0.750,1.620,1.170,2,0,5.996,0,0,25,305,3,16,1
17-12 13:24:16,3.003,1.251,95.093,0,0,5534380,257948,194580,1980124,10087.846,1621.583,0,136.133,0,8.008,1510,2511,0.750,1.620,1.170,0,0,0,0,0,25,305,3,16,1
17-12 13:24:17,2.999,1.000,93.964,0.250,0,5534380,257948,194596,1980108,10299.055,1693.351,15.994,115.956,1.000,11.995,1632,3075,0.750,1.620,1.170,0,0,0,0,0,25,305,3,16,1
17-12 13:24:18,4.747,1.249,93.188,0,0,5534324,257948,194604,1980156,9358.767,1618.922,0,599.601,0,41.972,1743,2950,0.770,1.610,1.170,2,0,0.999,0,0,25,305,3,17,1
17-12 13:24:19,3.749,1.000,93.719,0.250,0,5534172,257948,194616,1980296,10642.445,1661.445,0,155.948,0,15.995,1662,2836,0.770,1.610,1.170,0,0,1.000,0,0,25,305,3,17,1
17-12 13:24:20,3.752,1.251,94.048,0,0,5534172,257948,194620,1980292,8059.094,1620.823,0,80.041,0,13.007,1653,2862,0.770,1.610,1.170,2,0,0,0,0,25,305,3,16,1
17-12 13:24:21,5.501,0.750,91.766,0.250,0,5534160,257948,194624,1980300,24436.252,5459.950,0,104.018,0,8.001,1616,2605,0.770,1.610,1.170,0,0,0,0,0,25,305,3,16,1
17-12 13:24:22,3.747,1.499,94.678,0,0,5534160,257948,194624,1980300,10432.082,1510.853,0,0,0,0,1399,2559,0.770,1.610,1.170,2,0,0,0,0,25,305,3,16,1
17-12 13:24:23,3.753,0.751,94.328,0,0,5534160,257948,194624,1980300,8555.118,1567.304,0,76.063,0,2.002,1379,2437,0.710,1.580,1.160,0,0,0,0,0,25,305,3,16,1
17-12 13:24:24,2.998,0.999,94.942,0.250,0,5534144,257948,194640,1980300,5849.414,161.901,0,335.794,0,19.988,1415,2494,0.710,1.580,1.160,0,0,0.999,0,0,25,305,3,16,1
17-12 13:24:25,13.526,4.258,81.409,0.250,0,5538268,253196,194680,1980888,342177.246,10053.605,705.375,4.008,29.057,1.002,2125,2977,0.710,1.580,1.160,0,0,29.057,0,0,25,305,3,16,1
17-12 13:24:26,18.026,7.511,73.856,0,0,5517632,267444,194696,1987260,235977.155,4670.693,1009.447,4.006,69.099,1.001,2677,5445,0.710,1.580,1.160,1,0,77.110,0,0,25,305,3,16,1
