"pcp-dstat 5.3.6 CSV Output"
"Author:","PCP team <pcp@groups.io> and Dag Wieers <dag@wieers.com>",,,,"URL:","https://pcp.io/ and http://dag.wieers.com/home-made/dstat/"
"Host:","ubuntu",,,,"User:","ubuntu"
"Cmdline:","dstat -tcmndrylpg --tcp --output /tmp/devstack_logs/dstat-csv.log",,,,"Date:","19 Jan 2026 14:29:35 UTC"
"system","total usage",,,,,"memory usage",,,,"net/total",,"dsk/total",,"io/total",,"system",,"load avg",,,"procs",,,"paging",,"tcp sockets",,,,
"time","total usage:usr","total usage:sys","total usage:idl","total usage:wai","total usage:stl","used","free","buf","cach","net/total:recv","net/total:send","dsk/total:read","dsk/total:writ","read","writ","int","csw","1m","5m","15m","run","blk","new","in","out","lis","act","syn","tim","clo"
19-01 14:29:35,,997100,479116,177676,6107208,,,,,,,1.480,1.080,0.640,1,0,,,,9,6,5,12,0
19-01 14:29:36,22.722,18.227,57.928,0.499,0,1016616,459168,177688,6107540,43498.931,13450.281,0,2680.668,0,157.804,3150,5130,1.480,1.080,0.640,1,0,386.520,0,0,9,6,5,12,0
19-01 14:29:37,20.252,20.752,57.257,0.500,0.250,1015708,444752,177708,6122532,388366.050,17229.999,0,2184.253,0,68.008,2940,4368,1.480,1.080,0.640,1,0,344.040,0,0,9,5,5,12,1
19-01 14:29:38,35.012,20.257,43.515,1.000,0,1030132,407036,178236,6142372,54046.214,2148.724,0,2860.964,0,101.034,3564,11021,1.480,1.080,0.640,3,0,277.093,0,0,9,4,5,12,2
19-01 14:29:39,32.855,10.205,55.505,0.498,0,1165748,247708,178860,6287516,31997.603,1678.582,0,1831.905,0,60.732,3512,7087,1.440,1.080,0.640,1,0,48.784,0,0,10,4,5,12,2
19-01 14:29:40,36.912,11.551,49.216,1.004,0,1167144,220508,180100,6309176,10174.677,1854.142,80.353,4471.635,1.004,171.754,2784,3902,1.440,1.080,0.640,2,0,135.595,0,0,10,6,6,11,2
19-01 14:29:41,34.499,10.250,54.248,0.750,0,1211992,173232,180868,6309004,13018.518,4253.843,0,3123.884,0,82.997,2335,3448,1.440,1.080,0.640,2,0,150.994,0,0,10,4,6,13,0
19-01 14:29:42,44.247,6.500,49.247,0.250,0,1216600,167644,180904,6309836,9755.376,1565.900,0,2475.842,0,55.996,1566,1825,1.440,1.080,0.640,2,0,9.999,0,0,10,6,6,13,0
19-01 14:29:43,31.001,7.750,50.251,11.500,0,1207204,159176,182040,6325068,14855.253,3955.067,0,45268.770,0,3599.061,14904,28232,1.440,1.080,0.640,4,2,56.001,0,0,10,6,6,13,0
19-01 14:29:44,35.487,9.496,51.481,3.749,0,1149856,214352,182304,6326956,12252.405,4467.325,0,27937.523,0,2044.233,7624,13824,1.410,1.070,0.640,2,0,105.960,0,0,10,5,6,13,0
19-01 14:29:45,45.024,7.254,46.024,0.250,0.250,1191324,165720,182936,6332000,10314.487,1868.994,0,5671.017,0,291.155,10208,19716,1.410,1.070,0.640,2,0,14.007,0,0,10,4,6,13,0
19-01 14:29:46,45.001,7.750,46.251,0.250,0,1170244,186328,183032,6332264,8568.231,1736.047,0,2800.076,0,86.002,9705,18967,1.410,1.070,0.640,3,0,30.001,0,0,10,4,6,13,0
19-01 14:29:47,43.999,7.250,48.249,0.250,0,1179196,191880,183080,6319528,8551.743,1693.949,0,6923.792,0,386.988,2248,2957,1.410,1.070,0.640,3,0,10.000,0,0,10,4,6,13,0
19-01 14:29:48,27.439,15.465,56.124,0.249,0,1079396,291648,183088,6319556,12183.708,1616.379,0,650.543,0,22.949,2351,3319,1.410,1.070,0.640,1,0,264.408,0,0,10,4,6,13,0
19-01 14:29:49,9.754,20.259,69.281,0,0,1079684,291192,183088,6319708,7839.457,1458.643,0,24.011,0,6.003,2357,3375,1.450,1.090,0.650,1,0,266.117,0,0,10,4,6,13,0
19-01 14:29:50,11.019,18.532,67.616,0,0.250,1079952,290884,183088,6320068,15113.845,1622.775,0,24.041,0,6.010,3278,5051,1.450,1.090,0.650,14,0,271.464,0,0,10,4,6,13,0
19-01 14:29:51,32.688,14.722,51.402,0,0,1163356,207404,183088,6320216,13203.886,1658.845,0,0,0,0,3299,5121,1.450,1.090,0.650,2,0,170.675,0,0,10,5,6,13,0
19-01 14:29:52,47.508,5.001,48.008,0.250,0,1237108,133176,183088,6320692,8919.481,1620.269,0,50904.450,0,493.082,2080,1449,1.450,1.090,0.650,2,0,0,0,0,10,5,6,13,0
19-01 14:29:53,41.491,6.999,50.990,0.250,0.250,1250848,120744,183100,6319512,10268.895,1619.668,7.998,2051.579,1.000,45.991,1678,5144,1.450,1.090,0.650,1,0,55.989,0,0,10,4,6,14,0
19-01 14:29:54,4.508,6.762,87.399,0,0,1237268,142332,182592,6312048,9281.844,1696.897,124.212,1013.730,13.022,26.044,1528,2295,1.340,1.070,0.650,2,0,74.127,0,0,9,4,6,14,0
19-01 14:29:55,21.722,6.741,70.659,0,0,1302976,127228,181100,6263504,6731.357,1583.966,179.769,10326.740,6.991,207.733,2868,1515,1.340,1.070,0.650,3,0,8.988,0,0,10,4,6,14,0
19-01 14:29:56,24.504,2.750,72.513,0.250,0,1323492,129556,180748,6241052,11695.105,1620.292,584.105,18839.391,19.003,59.011,1106,1161,1.340,1.070,0.650,2,1,0,0,0,10,4,6,14,0
19-01 14:29:57,19.989,7.246,69.212,1.999,0,1262332,206984,180696,6225000,5901.719,1565.130,1367.240,34708.702,39.978,336.813,3417,5812,1.340,1.070,0.650,5,0,42.976,0,0,10,4,6,16,0
19-01 14:29:58,22.989,2.999,73.715,0,0,1316640,152012,180964,6225392,9570.406,1619.223,295.858,107.948,14.993,5.997,1000,1135,1.340,1.070,0.650,2,0,0,0,0,10,4,6,16,0
19-01 14:29:59,20.996,5.499,72.486,0.750,0,1270500,197320,181364,6225760,7526.510,1619.679,727.856,1179.766,75.985,12.997,2008,3041,1.310,1.070,0.650,1,0,45.991,0,0,10,28,6,16,0
19-01 14:30:00,22.016,4.253,72.802,0.250,0,1336096,131576,181376,6225896,6629.694,1621.148,0,2942.083,0,140.099,1578,2419,1.310,1.070,0.650,1,0,1.001,0,0,10,29,6,16,0
19-01 14:30:01,30.055,13.274,56.855,0,0,1350052,128416,181268,6215344,12116.318,1739.204,144.266,27202.106,9.017,152.281,2177,2571,1.310,1.070,0.650,3,0,163.301,0,0,10,28,6,16,0
19-01 14:30:02,43.234,7.247,47.733,0.500,0,1409152,126528,180664,6159480,9007.721,1511.450,775.718,46878.936,30.989,457.833,5051,8894,1.310,1.070,0.650,2,0,0,0,0,10,29,6,17,0
19-01 14:30:03,62.276,22.009,15.006,0.250,0,1476604,124448,180364,6095476,8586.581,1620.676,1684.703,2989.247,82.034,193.081,3176,4814,1.310,1.070,0.650,5,0,466.194,0,0,10,28,6,17,0
19-01 14:30:04,83.241,14.748,1.750,0,0,1640264,134680,180284,5925520,8628.042,1619.820,827.908,443.951,70.992,56.994,4459,8942,2.010,1.220,0.700,7,0,111.988,0,0,10,29,6,17,0
19-01 14:30:05,65.508,11.001,22.753,0.250,0,1433424,358576,180292,5908984,10604.336,1566.197,16.002,616.078,3.000,52.007,3674,7658,2.010,1.220,0.700,3,0,200.025,0,0,10,28,6,18,0
19-01 14:30:06,24.193,6.734,67.591,0,0,1367000,424996,180292,5908988,7773.662,1616.187,0,131.689,0,8.979,1508,2068,2.010,1.220,0.700,2,0,109.741,0,0,10,28,6,18,0
19-01 14:30:07,21.507,6.252,72.524,0,0,1324316,467656,180300,5909004,4987.651,1620.536,0,232.077,0,19.006,2103,3927,2.010,1.220,0.700,1,0,68.023,0,0,10,28,6,19,0
19-01 14:30:08,23.538,3.005,72.866,0.250,0,1368580,423360,180300,5909036,7093.328,1622.591,12.019,224.358,1.002,25.040,1732,3075,2.010,1.220,0.700,2,0,0,0,0,10,28,6,19,0
19-01 14:30:09,10.731,17.469,69.126,0,0,1304744,486940,180300,5909292,9180.493,1509.286,239.569,311.440,7.986,10.980,2463,3207,1.850,1.200,0.700,3,0,285.487,0,0,10,28,6,19,0
19-01 14:30:10,15.033,29.064,56.875,0.251,0.251,1329492,462028,180444,5909312,9868.771,1623.582,136.301,625.380,5.011,35.077,3100,4541,1.850,1.200,0.700,4,0,521.150,0,0,10,28,6,19,0
19-01 14:30:11,79.254,19.001,1.250,0,0,1578124,213352,180452,5909504,9153.430,1768.083,8.000,708.033,1.000,48.002,2590,8701,1.850,1.200,0.700,5,0,267.013,0,0,10,29,6,19,0
19-01 14:30:12,81.496,10.999,7.000,0,0,1533872,255900,180484,5911020,7323.641,1639.920,1303.936,491.976,12.999,62.997,5295,15313,1.850,1.200,0.700,5,0,59.997,0,0,10,29,6,20,0
19-01 14:30:13,84.249,13.000,2.500,0,0,1533424,256148,180496,5911208,9526.895,1619.982,0,3019.967,0,166.998,3357,5451,1.850,1.200,0.700,5,0,102.999,0,0,10,28,6,19,0
19-01 14:30:14,78.075,15.964,4.989,0,0,1592388,196808,180500,5911580,7138.980,1732.113,0,411.078,0,22.949,6395,15239,2.100,1.260,0.720,5,0,196.559,0,0,10,29,6,19,0
19-01 14:30:15,55.626,11.526,32.824,0,0,1375104,413900,180516,5911756,6405.508,1623.678,0,821.862,0,39.089,3517,7948,2.100,1.260,0.720,2,0,194.440,0,0,10,28,6,19,0
19-01 14:30:16,43.226,7.246,48.473,0,0,1431940,357048,180520,5911768,8875.030,1553.130,0,343.807,0,20.988,1686,2286,2.100,1.260,0.720,2,0,53.970,0,0,10,28,6,19,0
19-01 14:30:17,51.175,14.729,33.701,0,0,1387068,401832,180544,5911832,10257.055,1617.643,0,383.441,0,32.952,3534,8221,2.100,1.260,0.720,3,0,377.450,0,0,10,28,6,18,0
19-01 14:30:18,64.251,7.000,29.251,0.250,0,1506916,281880,180556,5911924,5566.117,1694.036,4.000,376.008,1.000,25.001,3535,7784,2.100,1.260,0.720,7,0,0,0,0,10,29,6,19,0
19-01 14:30:19,74.151,15.532,8.768,0,0,1494188,294248,180560,5912248,9183.643,1697.446,0,3643.396,0,139.283,3090,6365,2.250,1.310,0.740,4,0,258.525,0,0,10,28,6,20,0
19-01 14:30:20,77.001,8.500,14.000,0,0,1438708,349604,180580,5912352,6740.081,1640.020,4.000,584.007,1.000,36.000,3234,10953,2.250,1.310,0.740,4,0,29.000,0,0,10,29,6,23,0
19-01 14:30:21,63.846,17.458,18.456,0,0,1482080,306208,180584,5912372,10883.803,1616.110,0,275.337,0,16.959,2401,4046,2.250,1.310,0.740,3,0,295.289,0,0,10,28,6,23,0
19-01 14:30:22,54.631,17.292,28.569,0.251,0,1324160,463696,180600,5912788,7551.168,1589.825,0,545.312,0,52.125,4899,12262,2.250,1.310,0.740,3,0,299.721,0,0,10,28,6,23,0
19-01 14:30:23,67.439,7.243,25.727,0,0,1505024,282816,180604,5912800,8572.268,1618.540,0,247.777,0,13.987,2153,3148,2.250,1.310,0.740,3,0,0,0,0,10,30,6,23,0
19-01 14:30:24,65.055,12.260,21.268,0.250,0,1433080,354608,180612,5912944,10347.692,1621.362,0,312.262,0,30.025,5522,9821,2.310,1.340,0.750,3,0,287.241,0,0,10,28,6,28,0
19-01 14:30:25,61.509,7.471,31.377,0,0,1506892,280044,180620,5913688,7904.024,1613.676,0,653.439,0,35.859,5197,9766,2.310,1.340,0.750,4,0,0,0,0,10,28,6,27,0
19-01 14:30:26,63.620,12.273,24.546,0,0,1484716,302184,180624,5913720,5832.011,1771.344,0,240.454,0,14.026,1949,2663,2.310,1.340,0.750,3,0,112.212,0,0,10,28,6,27,0
19-01 14:30:27,59.619,18.036,22.295,0.251,0,1369216,417592,180628,5913808,9515.040,1623.248,0,444.890,0,49.098,3445,9489,2.310,1.340,0.750,4,0,319.640,0,0,10,28,6,28,0
19-01 14:30:28,83.004,14.501,1.750,0,0,1590216,195836,180636,5914556,8838.407,1660.076,568.026,284.013,5.000,20.001,2498,5647,2.310,1.340,0.750,6,0,200.009,0,0,10,29,6,28,0
19-01 14:30:29,82.246,15.249,1.750,0,0,1487868,297940,180652,5914784,10957.408,1511.918,0,675.963,0,49.997,3429,6647,2.610,1.410,0.780,5,0,292.984,0,0,10,28,6,28,0
19-01 14:30:30,82.582,15.219,2.245,0,0,1515188,270396,180676,5914984,7446.823,1616.705,0,758.454,0,38.921,4485,8550,2.610,1.410,0.780,7,0,204.583,0,0,10,29,6,28,0
19-01 14:30:31,78.168,17.538,3.508,0,0,1499920,285436,180684,5915204,5428.644,1623.482,0,240.516,0,10.021,3833,10085,2.610,1.410,0.780,5,0,315.677,0,0,10,28,6,25,0
19-01 14:30:32,42.695,27.714,28.963,0.250,0,1311076,474192,180684,5915292,9842.303,1617.913,0,243.686,0,12.983,5970,11733,2.610,1.410,0.780,2,0,707.088,0,0,10,28,6,25,0
19-01 14:30:33,9.999,19.748,68.991,0,0,1314096,471172,180684,5915292,8814.898,1619.798,0,195.976,0,8.999,2407,3012,2.610,1.410,0.780,2,0,288.964,0,0,10,28,6,25,0
19-01 14:30:34,9.763,22.530,66.338,0,0,1315228,469992,180684,5915340,8552.358,1696.253,0,680.904,0,46.061,2610,3412,2.480,1.410,0.780,2,0,338.449,0,0,10,28,6,25,0
19-01 14:30:35,57.995,29.498,12.999,0,0,1492052,293120,180700,5915384,9637.239,1531.879,4.000,887.930,1.000,49.996,2960,5673,2.480,1.410,0.780,5,0,747.941,0,0,10,28,6,25,0
19-01 14:30:36,76.007,20.502,2.750,0,0,1570760,214200,180708,5915588,6126.570,1620.151,4.000,452.042,1.000,35.003,4664,9826,2.480,1.410,0.780,7,0,389.036,0,0,10,29,6,25,0
19-01 14:30:37,77.749,19.250,2.750,0,0,1511572,273136,180720,5915828,9128.900,1619.982,8.000,567.994,1.000,44.000,4702,9797,2.480,1.410,0.780,6,0,363.996,0,0,10,28,6,25,0
19-01 14:30:38,86.090,11.445,2.239,0,0,1626544,157816,180748,5916148,9154.361,1612.314,163.222,187.108,8.957,7.962,3862,7589,2.480,1.410,0.780,8,0,72.654,0,0,10,29,6,25,0
19-01 14:30:39,85.405,11.806,3.517,0,0,1660348,142204,180756,5898308,12953.451,4622.931,12.057,5064.024,3.014,161.767,5085,12748,2.840,1.500,0.810,6,0,31.148,0,0,10,32,6,26,0
19-01 14:30:40,85.750,10.250,2.500,0,0,1573680,256408,181044,5870448,9840.961,1793.993,0,1707.993,0,70.000,4754,14112,2.840,1.500,0.810,6,0,63.000,0,0,10,29,6,26,0
19-01 14:30:41,82.749,16.000,1.500,0,0,1587248,242216,181072,5871012,8807.885,1619.979,0,367.995,0,15.000,8446,30342,2.840,1.500,0.810,7,0,93.999,0,0,10,29,6,26,0
19-01 14:30:42,82.062,14.217,2.993,0,0,1630416,198300,181108,5871656,26649.892,4045.723,0,2039.324,0,24.943,4765,11491,2.840,1.500,0.810,6,0,87.799,0,0,10,32,7,24,0
19-01 14:30:43,77.681,10.274,11.777,0,0,1549804,278148,181216,5872280,156506.129,10901.433,0,1282.993,0,52.122,6888,17533,2.840,1.500,0.810,6,0,46.108,0,0,10,32,6,26,0
19-01 14:30:44,79.739,14.498,4.749,0.250,0,1558188,268600,181336,5873292,552033.059,14579.915,0,2595.629,0,87.987,6470,14151,3.170,1.590,0.850,6,0,150.978,0,0,10,30,6,26,0
19-01 14:30:45,84.509,11.751,3.000,0,0,1587436,239112,181436,5873400,25158.616,6743.701,0,968.101,0,48.005,4822,8322,3.170,1.590,0.850,6,0,65.007,0,0,10,32,6,26,0
19-01 14:30:46,82.309,12.222,6.485,0,0,1650360,175756,181548,5873652,50685.208,8145.071,0,1181.255,0,61.856,7554,13285,3.170,1.590,0.850,7,0,54.872,0,0,10,32,6,26,0
19-01 14:30:47,84.694,11.276,3.257,0,0,1507340,318088,181604,5874252,28036.062,4244.699,4.009,601.374,1.002,32.073,5052,12656,3.170,1.590,0.850,7,0,54.124,0,0,10,31,6,26,0
19-01 14:30:48,81.245,15.499,3.000,0,0,1550812,267820,182052,5879692,11791.257,1859.883,0,1043.934,0,31.998,3822,7760,3.170,1.590,0.850,7,0,197.988,0,0,10,31,6,26,0
19-01 14:30:49,83.071,13.970,2.994,0,0,1617272,199212,182208,5881348,6946.059,2199.269,0,662.575,0,16.964,4660,9133,3.560,1.700,0.880,6,0,127.725,0,0,10,31,6,27,0
19-01 14:30:50,83.503,10.750,5.750,0,0,1606632,209344,182304,5881756,32375.133,6618.232,0,1428.050,0,56.002,6228,14365,3.560,1.700,0.880,6,0,78.003,0,0,10,31,6,27,0
19-01 14:30:51,79.171,13.529,6.765,0,0,1556400,259280,182404,5881876,25234.380,6590.202,0,1066.298,0,59.127,3676,8246,3.560,1.700,0.880,5,0,140.302,0,0,10,31,6,27,0
19-01 14:30:52,80.502,13.000,5.750,0,0.250,1586184,229216,182504,5882056,25935.545,6609.139,4.000,1260.026,1.000,77.002,4422,9387,3.560,1.700,0.880,5,0,126.003,0,0,10,31,5,27,0
19-01 14:30:53,75.501,11.750,12.500,0,0,1530896,283852,182560,5882604,17458.175,4898.049,0,864.009,0,50.001,7201,17421,3.560,1.700,0.880,5,0,123.001,0,0,10,32,5,30,0
19-01 14:30:54,80.069,13.719,6.236,0,0,1575012,239248,182648,5882904,22244.838,6446.463,19.955,1572.454,0.998,69.843,4948,9897,3.600,1.740,0.900,5,0,72.836,0,0,10,31,5,29,0
19-01 14:30:55,81.431,13.279,4.510,0,0.251,1577748,236080,182724,5883184,19116.458,4489.972,0,444.988,0,24.053,5316,10657,3.600,1.740,0.900,5,0,134.298,0,0,10,33,5,29,0
19-01 14:30:56,82.505,13.251,4.500,0.250,0,1543884,262484,183252,5889112,12988.844,1698.110,0,1376.089,0,38.002,3307,7173,3.600,1.740,0.900,6,0,139.009,0,0,10,31,5,29,0
19-01 14:30:57,77.985,12.498,9.248,0,0,1541380,263580,183380,5890192,10862.979,3950.265,0,1163.784,0,36.993,3469,6779,3.600,1.740,0.900,5,0,146.973,0,0,10,32,5,29,0
19-01 14:30:58,65.748,9.500,24.749,0.250,0,1553428,251080,183480,5890472,24668.260,6600.802,0,1123.966,0,57.998,4117,10388,3.600,1.740,0.900,4,0,33.999,0,0,10,30,5,28,0
19-01 14:30:59,76.764,12.252,10.502,0.250,0,1539824,263892,183560,5891128,53773.518,5137.909,196.035,1088.193,46.008,48.008,2495,3732,3.550,1.760,0.910,5,0,138.024,0,0,10,33,5,28,0
19-01 14:31:00,79.748,12.750,7.000,0,0,1522516,272636,184160,5897968,9773.756,1867.953,0,2747.931,0,145.996,6019,13937,3.550,1.760,0.910,5,0,51.999,0,0,10,36,5,30,0
19-01 14:31:01,74.498,15.000,10.500,0,0,1557668,236868,184248,5898340,34382.037,3758.895,0,883.975,0,21.999,2722,5410,3.550,1.760,0.910,5,0,114.997,0,0,10,35,5,30,0
19-01 14:31:02,74.525,11.004,13.004,0,0,1508188,281452,184524,5902584,10925.616,3708.227,0,700.232,0,31.010,5087,10463,3.550,1.760,0.910,5,0,77.025,0,0,10,35,5,30,0
19-01 14:31:03,79.716,11.995,8.746,0.250,0,1561016,224684,184900,5905300,11916.876,2496.926,0,1215.477,0,24.989,2984,4788,3.550,1.760,0.910,4,1,146.937,0,0,10,36,5,30,0
19-01 14:31:04,70.256,12.751,16.251,0,0,1530616,253664,185080,5906432,186148.126,12786.176,0,2052.189,0,103.009,5216,10466,3.580,1.790,0.930,6,0,124.011,0,0,10,35,5,29,0
19-01 14:31:05,67.779,10.504,20.759,0,0,1430684,335584,185128,5924312,9434782.478,88271.250,0,8759.697,0,59.025,7619,10092,3.580,1.790,0.930,3,0,100.042,0,0,10,34,5,30,0
19-01 14:31:06,67.944,11.990,18.235,0.500,0,1603544,124828,185252,5961348,18831350.786,114353.573,0,20631.144,0,75.938,7774,7379,3.580,1.790,0.930,3,0,70.942,0,0,10,35,5,29,0
19-01 14:31:07,57.528,17.258,24.262,0.750,0,1413464,303056,185540,5972620,11149097.865,68778.151,0,13662.585,0,159.077,8708,12672,3.580,1.790,0.930,4,0,364.176,0,0,10,34,5,31,0
19-01 14:31:08,55.755,8.751,34.503,0.500,0,1531784,167564,185716,5988912,8384923.258,44929.999,0,9544.849,0,81.007,4313,5202,3.580,1.790,0.930,4,0,8.001,0,0,10,35,5,32,0
19-01 14:31:09,62.240,13.498,23.996,0,0,1493976,204548,185764,5989596,7454.770,1619.733,0,935.846,0,37.994,7872,15761,3.540,1.810,0.940,4,0,146.976,0,0,10,34,5,32,0
19-01 14:31:10,65.259,9.751,25.253,0.250,0,1470764,227088,185976,5989940,5410.714,1738.229,0,17478.307,0,533.070,5302,9440,3.540,1.810,0.940,4,0,27.004,0,0,10,34,6,32,0
19-01 14:31:11,64.497,10.250,24.999,0.250,0,1518628,145476,186708,6020940,8835.647,1639.934,8.000,3799.848,2.000,158.994,2254,2787,3.540,1.810,0.940,6,1,59.998,0,0,10,35,6,32,0
19-01 14:31:12,60.754,13.751,23.002,0.500,0,1434492,158080,187624,6087032,8380.587,1620.113,0,3008.211,0,118.008,4901,10284,3.540,1.810,0.940,3,0,121.008,0,0,10,34,6,33,0
19-01 14:31:13,63.751,12.000,24.000,0.250,0,1514100,136444,198992,6008856,5097.061,1694.020,4.000,1108.013,1.000,27.000,1750,2113,3.540,1.810,0.940,5,0,0,0,0,10,35,6,33,0
19-01 14:31:14,65.256,9.001,25.252,0.250,0,1455284,180192,200620,6019600,8938.760,1662.141,364.031,15057.280,4.000,91.008,3356,6656,3.490,1.830,0.950,4,0,35.003,0,0,10,34,6,35,0
19-01 14:31:15,61.161,12.981,24.964,0,0,1483976,238980,200628,5937380,7984.367,2080.968,43.936,2049.015,7.988,21.968,2879,4809,3.490,1.830,0.950,4,0,110.839,0,0,10,34,6,35,1
19-01 14:31:16,65.338,20.277,14.770,0,0,1429852,279296,200764,5951040,11096.914,1696.280,1682.261,1566.105,30.040,36.048,6881,14702,3.490,1.830,0.950,4,0,467.628,0,0,10,32,6,37,0
19-01 14:31:17,52.477,22.490,24.739,0.750,0,1402852,302092,200772,5955228,11310.035,1585.304,3846.311,1255.449,87.961,30.986,4369,7499,3.490,1.830,0.950,3,0,659.710,0,0,10,33,6,37,0
19-01 14:31:18,43.988,6.748,48.487,0,0.250,1420008,284528,200772,5955636,6858.107,1565.568,0,315.913,0,13.996,2179,4282,3.490,1.830,0.950,2,0,63.982,0,0,10,33,6,36,0
19-01 14:31:19,40.186,9.735,48.923,0,0,1409532,294684,200784,5955940,8846.995,1617.440,0,343.456,0,25.959,3092,6281,3.370,1.840,0.960,2,0,93.851,0,0,10,33,6,37,0
19-01 14:31:20,38.839,13.280,46.607,0,0,1390752,312400,200784,5957004,7685.615,1623.722,0,368.845,0,32.074,3611,7380,3.370,1.840,0.960,2,0,251.577,0,0,10,33,6,33,0
19-01 14:31:21,22.449,8.730,68.346,0.249,0,1359004,343968,200788,5957180,9172.298,1616.352,0,347.216,0,27.937,2589,4857,3.370,1.840,0.960,2,0,127.712,0,0,10,32,6,34,0
19-01 14:31:22,23.509,3.501,72.778,0,0,1391740,311208,200788,5957204,7704.966,1620.624,0,212.082,0,11.004,2308,4311,3.370,1.840,0.960,2,0,0,0,0,10,33,6,36,0
19-01 14:31:23,21.222,5.243,72.904,0,0,1368692,334244,200788,5957216,11103.332,1659.807,0,171.773,0,10.985,1446,1956,3.370,1.840,0.960,1,0,55.926,0,0,10,32,6,37,0
19-01 14:31:24,22.055,4.762,72.680,0.251,0,1322456,380460,200792,5957232,7689.092,1515.764,0,276.687,0,24.060,1906,2900,3.180,1.820,0.960,1,0,58.144,0,0,10,32,6,37,0
19-01 14:31:25,21.493,4.499,73.226,0.250,0,1386924,315976,200804,5957236,6295.973,1767.431,0,1223.606,0,63.979,1406,1884,3.180,1.820,0.960,1,0,32.989,0,0,10,33,6,31,0
19-01 14:31:26,19.263,7.255,72.049,0.250,0,1350284,352588,200820,5957248,6165.205,1567.069,0,196.134,0,19.013,2249,4019,3.180,1.820,0.960,1,0,99.068,0,0,10,32,6,31,0
19-01 14:31:27,22.749,2.750,73.748,0,0,1390076,312772,200828,5957264,10632.724,1619.958,0,207.995,0,23.999,1692,3081,3.180,1.820,0.960,1,0,0,0,0,10,32,6,28,0
19-01 14:31:28,19.726,6.992,72.662,0,0,1369568,333256,200828,5957288,7364.060,1711.922,19.976,159.806,0.999,10.987,1493,1962,3.180,1.820,0.960,1,0,93.886,0,0,10,32,6,28,0
19-01 14:31:29,23.232,3.997,72.942,0,0,1318684,383976,200840,5957440,9439.524,1618.718,0,243.807,0,21.983,2305,4918,3.010,1.810,0.960,3,0,29.976,0,0,10,32,6,27,0
19-01 14:31:30,22.502,4.000,73.005,0.250,0,1384952,317700,200844,5957444,7605.570,1620.122,0,688.052,0,44.003,1215,1890,3.010,1.810,0.960,1,0,1.000,0,0,10,32,6,27,0
19-01 14:31:31,17.511,12.008,70.295,0,0,1321792,380528,200844,5957776,9210.867,1587.011,0,4.003,0,1.001,2797,5382,3.010,1.810,0.960,1,0,263.168,0,0,10,32,6,29,0
19-01 14:31:32,38.296,11.013,50.811,0,0,1440356,261644,200864,5958072,9924.008,1621.963,100.121,308.373,6.007,25.030,2263,3132,3.010,1.810,0.960,2,0,223.270,0,0,10,32,6,31,0
19-01 14:31:33,40.766,6.753,46.018,6.503,0,1500912,194116,201208,5964672,6217.394,1620.624,1440.555,15301.891,33.013,1476.568,8763,14067,3.010,1.810,0.960,2,0,89.034,0,0,10,36,6,31,0
19-01 14:31:34,38.252,9.750,42.252,11.250,0,1480220,211288,201588,5967808,14849.653,1566.069,0,39741.749,0,3627.160,16826,27880,3.090,1.850,0.980,2,0,76.003,0,0,10,36,6,31,0
19-01 14:31:35,44.975,7.246,46.224,3.748,0,1391044,300800,201740,5967316,9842.567,1619.106,0,27312.923,0,2040.873,8182,12952,3.090,1.850,0.980,2,0,13.992,0,0,10,32,6,31,0
19-01 14:31:36,40.788,7.006,48.545,2.002,0,1476564,214896,201816,5967624,11516.595,1621.492,0,7675.061,0,1387.276,9995,16281,3.090,1.850,0.980,2,0,3.003,0,0,10,34,6,31,0
19-01 14:31:37,35.245,7.499,55.992,2.000,0,1354160,336964,201936,5967840,10126.501,1619.760,0,12446.158,0,1493.779,9546,15405,3.090,1.850,0.980,1,0,98.985,0,0,10,32,6,31,0
19-01 14:31:38,23.759,3.001,73.779,0.250,0,1431004,260104,201952,5967840,7897.135,1512.601,0,3217.277,0,181.072,1373,1935,3.090,1.850,0.980,1,0,2.001,0,0,10,32,6,31,0
19-01 14:31:39,23.441,2.494,72.568,0,0,1388668,302416,201956,5967860,8934.547,1615.939,0,953.604,0,53.865,1203,1491,2.920,1.830,0.980,3,0,0.997,0,0,10,32,6,31,0
19-01 14:31:40,24.486,2.998,71.708,0.999,0,1434504,256556,201968,5967872,7680.545,1619.061,0,6060.485,0,345.799,1994,2744,2.920,1.830,0.980,1,0,2.998,0,0,10,32,6,31,0
19-01 14:31:41,23.749,2.500,73.498,0,0,1392664,298392,201968,5967876,7454.836,1767.961,0,139.997,0,16.000,1017,1206,2.920,1.830,0.980,2,0,1.000,0,0,10,32,6,30,0
19-01 14:31:42,24.251,1.500,73.754,0,0,1435936,255048,201972,5967944,11369.546,1640.079,0,8.000,0,1.000,964,1083,2.920,1.830,0.980,1,0,2.000,0,0,10,32,6,30,0
19-01 14:31:43,22.999,3.250,73.747,0,0,1404632,286352,201972,5967944,9412.623,1619.935,0,0,0,0,836,1118,2.920,1.830,0.980,1,0,1.000,0,0,10,32,6,28,0
19-01 14:31:44,22.526,3.254,73.837,0,0,1348596,342300,201972,5968032,5651.641,1587.866,0,0,0,0,898,1077,2.770,1.820,0.980,3,0,3.004,0,0,10,32,6,28,0
19-01 14:31:45,23.022,2.252,73.820,0,0,1355840,335016,201980,5968064,10241.689,1621.534,0,4.004,0,1.001,971,1094,2.770,1.820,0.980,1,0,1.001,0,0,10,32,6,28,0
19-01 14:31:46,23.969,6.991,67.913,1.248,0,1440920,249840,201980,5968080,7887.911,1659.877,0,183321.532,0,819.951,2718,2390,2.770,1.820,0.980,1,0,1.997,0,0,10,32,6,28,0
19-01 14:31:47,22.731,2.997,73.688,0,0,1391204,299520,201984,5968112,10016.576,1618.639,0,371.687,0,26.977,1058,1388,2.770,1.820,0.980,1,0,0.999,0,0,10,32,6,28,0
19-01 14:31:48,23.002,2.750,74.006,0,0,1377952,312252,201984,5968632,8573.746,1694.147,500.044,96.008,4.000,5.000,921,1063,2.770,1.820,0.980,1,0,1.000,0,0,10,32,6,28,0
19-01 14:31:49,22.749,3.000,73.496,0,0,1445236,244968,201984,5968632,6404.648,1693.907,0,0,0,0,908,1122,2.620,1.800,0.980,1,0,2.000,0,0,10,32,6,28,0
19-01 14:31:50,15.777,12.521,71.872,0.250,0,1352836,337216,201984,5968784,14864.284,1642.794,0,92.157,0,3.005,2038,2735,2.620,1.800,0.980,1,0,179.305,0,0,10,32,6,28,0
19-01 14:31:51,9.498,21.495,67.984,0.250,0,1353392,336640,201984,5968804,9256.769,1511.636,0,17775.716,0,309.925,3332,4845,2.620,1.800,0.980,1,0,351.915,0,0,10,32,6,27,0
19-01 14:31:52,8.744,19.486,70.201,0,0,1357896,331672,201984,5969268,4691.711,1692.813,107.924,567.602,5.996,11.992,2360,3242,2.620,1.800,0.980,1,0,264.814,0,0,10,32,6,27,0
19-01 14:31:53,8.505,21.263,69.542,0,0,1356256,333300,201984,5969280,9202.614,1620.989,0,88.054,0,1.001,2445,3309,2.620,1.800,0.980,3,0,285.174,0,0,10,32,6,24,0
19-01 14:31:54,8.748,18.996,69.984,0,0,1356840,332692,201984,5969304,7339.334,1619.632,0,11.997,0,2.000,2504,3495,2.410,1.770,0.970,1,0,292.934,0,0,10,32,6,24,0
19-01 14:31:55,22.478,3.746,73.678,0,0.250,1426356,263188,201984,5969292,10065.156,1618.417,0,0,0,0,892,1116,2.410,1.770,0.970,2,0,0,0,0,10,32,6,24,0
19-01 14:31:56,23.772,2.002,73.820,0.250,0,1364124,325412,201984,5969300,6502.138,1769.671,0,168.159,0,9.009,1016,1196,2.410,1.770,0.970,1,0,3.003,0,0,10,32,6,24,0
19-01 14:31:57,21.979,3.497,73.431,0,0,1432128,257404,201988,5969300,5592.754,1456.634,0,371.651,0,25.976,1128,1573,2.410,1.770,0.970,1,0,1.998,0,0,10,32,6,24,0
19-01 14:31:58,24.799,1.252,73.647,0,0,1381460,308060,201988,5969312,9909.770,1623.238,0,52.104,0,5.010,950,1082,2.410,1.770,0.970,1,0,1.002,0,0,10,32,6,24,0
19-01 14:31:59,23.275,2.753,74.079,0,0,1457060,232460,201988,5969312,8929.581,1621.740,0,0,0,0,974,1154,2.300,1.760,0.970,1,0,2.002,0,0,10,32,6,23,0
19-01 14:32:00,24.161,2.491,73.479,0,0.249,1414000,275528,201988,5969304,10015.015,1655.885,0,23.912,0,2.989,946,1079,2.300,1.760,0.970,1,0,1.993,0,0,10,32,6,23,0
19-01 14:32:01,23.018,3.753,72.807,0,0,1358388,331116,201988,5969324,7482.904,1663.312,0,440.347,0,4.003,931,1043,2.300,1.760,0.970,1,0,9.007,0,0,10,32,6,21,0
19-01 14:32:02,22.480,3.747,73.936,0,0,1435872,253644,201988,5969312,10606.772,1618.592,0,0,0,0,954,1075,2.300,1.760,0.970,1,0,1.998,0,0,10,32,6,21,0
19-01 14:32:03,22.495,3.249,73.733,0,0,1386764,302764,201988,5969300,7677.204,1619.621,0,107.975,0,4.999,891,1065,2.300,1.760,0.970,1,0,1.000,0,0,10,32,6,21,0
19-01 14:32:04,23.498,2.250,73.745,0,0,1454020,235508,201988,5969300,5755.626,1511.902,0,23.998,0,1.000,873,1077,2.200,1.750,0.970,1,0,2.000,0,0,10,32,6,21,0
19-01 14:32:05,23.321,2.508,74.226,0,0,1399056,290536,201988,5969236,5540.894,1645.016,0,0,0,0,844,1031,2.200,1.750,0.970,1,0,1.003,0,0,10,32,6,21,0
19-01 14:32:06,23.252,2.750,73.506,0,0,1340420,349084,201988,5969324,9971.768,1694.130,0,2508.193,0,129.010,1161,1128,2.200,1.750,0.970,3,0,3.000,0,0,10,32,6,20,0
19-01 14:32:07,23.748,2.000,73.492,0.250,0,1367120,322400,201992,5969304,7646.197,1619.830,0,491.948,0,34.996,1179,1659,2.200,1.750,0.970,1,0,1.000,0,0,10,32,6,20,0
19-01 14:32:08,22.468,3.245,73.397,0,0,1449020,240500,201992,5969304,8993.328,1617.721,0,43.938,0,3.994,960,1122,2.200,1.750,0.970,1,0,1.997,0,0,10,32,6,18,0
19-01 14:32:09,22.985,2.498,73.701,0,0,1406960,282560,201992,5969304,8598.282,1618.923,0,23.984,0,1.999,906,1121,2.100,1.740,0.970,1,0,0.999,0,0,10,32,6,18,0
19-01 14:32:10,23.255,2.751,74.015,0,0,1394784,294728,201992,5969312,9546.900,1620.322,0,20.004,0,1.000,862,1132,2.100,1.740,0.970,1,0,2.000,0,0,10,32,6,16,0
19-01 14:32:11,23.496,2.500,74.237,0,0,1454244,235256,201992,5969324,9008.369,1511.726,0,11.998,0,1.000,823,1089,2.100,1.740,0.970,1,0,2.000,0,0,10,32,6,16,0
19-01 14:32:12,13.524,21.288,64.116,0,0,1339992,349464,201992,5969368,6141.079,1642.964,0,228.412,0,11.020,3120,8753,2.100,1.740,0.970,1,0,449.811,0,0,10,32,6,16,0
19-01 14:32:13,22.005,4.001,73.767,0,0,1415136,274304,201992,5969384,7107.677,1620.382,0,68.016,0,2.000,1036,1510,2.100,1.740,0.970,1,0,45.011,0,0,10,32,6,16,0
19-01 14:32:14,23.210,2.496,73.873,0,0,1360780,328416,201992,5969628,11408.378,1691.091,0,0,0,0,924,1094,2.010,1.720,0.970,1,0,8.985,0,0,10,32,6,12,0
19-01 14:32:15,22.536,4.006,73.366,0,0,1332652,356540,201992,5969632,8736.822,1622.567,0,4.006,0,1.002,882,1181,2.010,1.720,0.970,1,0,24.038,0,0,10,32,6,12,0
19-01 14:32:16,8.498,20.495,68.734,0,0,1343080,346004,201992,5969740,9555.726,1619.615,3.999,119.971,1.000,4.999,3194,4905,2.010,1.720,0.970,1,0,493.882,0,0,10,32,6,10,0
19-01 14:32:17,8.502,20.505,70.017,0.250,0,1349176,340212,202000,5969784,6679.583,1620.384,0,3960.939,0,110.026,3870,6183,2.010,1.720,0.970,2,0,592.140,0,0,10,32,6,10,0
19-01 14:32:18,8.742,21.231,68.440,0.250,0,1347052,342300,202000,5969820,11789.637,1456.720,0,1019.104,0,15.986,3538,5574,2.010,1.720,0.970,1,0,562.506,0,0,10,32,6,10,0
19-01 14:32:19,8.743,21.483,69.196,0,0,1349720,339608,202000,5969844,7465.125,1660.693,0,1103.132,0,11.991,3041,4571,2.090,1.740,0.990,1,0,466.633,0,0,10,32,6,10,0
19-01 14:32:20,8.768,20.792,69.138,0,0,1352900,336408,202000,5969864,6095.196,1623.248,0,1106.214,0,12.024,3027,4547,2.090,1.740,0.990,1,0,473.948,0,0,10,32,6,9,0
19-01 14:32:21,7.733,21.202,70.841,0,0,1350216,339064,202000,5969892,7192.838,1690.202,0,283.363,0,6.984,2779,4117,2.090,1.740,0.990,1,0,378.150,0,0,10,32,6,9,0
19-01 14:32:22,8.011,20.529,69.847,0,0,1342980,346264,202000,5969928,10542.686,1622.260,0,208.290,0,8.011,2935,4371,2.090,1.740,0.990,3,0,416.580,0,0,10,32,5,8,0
19-01 14:32:23,10.503,19.755,69.017,0,0,1346152,342888,202000,5970132,8295.007,1620.392,176.043,308.075,5.001,14.003,3079,4607,2.090,1.740,0.990,1,0,452.109,0,0,10,32,5,8,0
19-01 14:32:24,10.004,19.007,70.027,0.250,0,1342796,342460,202016,5973560,12688.974,1620.635,3693.448,36.014,52.020,9.004,3206,4758,2,1.730,0.990,1,0,385.151,0,0,10,32,5,5,0
19-01 14:32:25,42.012,28.008,30.509,0,0,1418844,266224,202028,5974100,7795.300,1512.446,96.028,728.215,5.001,42.012,4200,8075,2,1.730,0.990,5,0,1004.296,0,0,10,32,5,9,0
19-01 14:32:26,76.486,20.746,2.000,0.500,0.250,1623096,131140,203196,5901716,10434.132,1565.720,879.843,5339.044,26.995,318.943,8917,4511,2,1.730,0.990,4,0,296.947,0,0,10,32,5,11,0
19-01 14:32:27,63.009,14.002,17.002,5.501,0,1633800,158836,203700,5863540,9587.323,1620.224,400.055,42585.877,4.001,3471.479,17235,28729,2,1.730,0.990,7,1,146.020,0,0,10,38,5,13,0
19-01 14:32:28,60.252,15.251,14.001,9.250,0,1630252,150548,204640,5874388,6581.263,1714.069,0,101812.072,0,7518.301,22774,46924,2,1.730,0.990,3,0,174.007,0,0,10,36,5,13,0
19-01 14:32:29,56.797,15.263,19.016,7.506,0,1574520,212240,205004,5868360,9605.896,1621.333,68.056,63011.796,1.001,4990.102,17968,36915,2.080,1.750,1,3,0,142.117,0,0,10,36,5,16,0
19-01 14:32:30,44.242,13.498,32.244,9.248,0,1547088,231412,205244,5876272,10928.077,1693.702,0,78290.221,0,5921.958,22922,38605,2.080,1.750,1,1,1,235.958,0,0,10,34,5,16,0
19-01 14:32:31,36.930,9.232,44.915,9.732,0,1560692,211084,205656,5882512,5219.094,1690.791,0,49162.689,0,3950.502,19051,34942,2.080,1.750,1,2,0,38.926,0,0,10,35,5,17,0
19-01 14:32:32,36.530,8.257,43.786,11.009,0,1537772,229548,205892,5886720,10467.594,1621.331,0,45841.636,0,3868.176,15943,30995,2.080,1.750,1,3,0,93.076,0,0,10,34,5,13,0
19-01 14:32:33,40.519,9.004,40.018,9.004,0,1563500,204180,206216,5886000,9682.464,1586.731,0,61064.151,0,5127.364,18186,38498,2.080,1.750,1,3,0,24.011,0,0,10,35,5,15,0
19-01 14:32:34,37.748,10.749,42.747,8.749,0,1507260,258984,206384,5887248,9600.376,1565.898,0,50524.716,0,4662.697,18016,37754,2.160,1.770,1.010,2,0,115.992,0,0,10,34,5,16,0
19-01 14:32:35,44.249,7.750,42.499,5.500,0,1559492,204300,206460,5889624,8416.874,1619.976,0,34007.490,0,3792.943,15965,29218,2.160,1.770,1.010,2,0,41.999,0,0,10,34,5,16,0
19-01 14:32:36,39.996,7.499,39.496,9.999,0,1559924,201304,206544,5892128,6978.309,1619.840,0,54982.557,0,4623.542,22058,39790,2.160,1.770,1.010,2,0,56.994,0,0,10,34,5,18,0
19-01 14:32:37,38.284,8.507,42.537,11.260,0,1545564,212008,206692,5895628,9520.378,1695.492,0,41924.894,0,3884.418,18219,29404,2.160,1.770,1.010,2,1,84.074,0,0,10,36,5,18,0
19-01 14:32:38,36.593,8.464,45.554,8.464,0,1555696,198904,206784,5898492,9709.221,1613.059,0,46424.237,0,4110.313,21546,36469,2.160,1.770,1.010,5,0,80.653,0,0,10,36,5,19,0
19-01 14:32:39,38.134,8.279,42.901,10.035,0,1524256,226732,207012,5901812,6391.428,1625.705,0,58886.633,0,5089.860,23141,38753,2.060,1.760,1.010,3,0,127.447,0,0,10,36,5,19,0
19-01 14:32:40,40.016,8.503,41.767,10.504,0,1566100,186412,207160,5900132,9986.094,1738.713,0,59764.503,0,5275.163,22584,39587,2.060,1.760,1.010,1,1,25.010,0,0,10,36,6,21,0
19-01 14:32:41,38.230,9.245,42.727,9.995,0,1553428,200604,207196,5898548,7522.983,1693.096,0,39279.025,0,3670.040,14702,28895,2.060,1.760,1.010,2,0,72.961,0,0,10,34,6,22,0
19-01 14:32:42,34.421,14.467,49.386,1.497,0,1403020,350960,207196,5898596,11283.004,1616.276,0,16669.593,0,980.740,5301,8718,2.060,1.760,1.010,1,0,271.375,0,0,10,32,6,22,0
19-01 14:32:43,21.998,3.750,72.994,0,0,1446344,307628,207196,5898604,7838.334,1639.861,0,823.930,0,37.997,1503,2932,2.060,1.760,1.010,3,0,0,0,0,10,32,6,23,0
19-01 14:32:44,20.799,5.262,73.171,0.251,0,1424044,329908,207196,5898624,8852.689,1623.795,0,3011.037,0,168.394,2201,3391,1.980,1.750,1.010,1,0,43.101,0,0,10,32,6,24,0
19-01 14:32:45,22.957,3.244,73.113,0,0,1445892,308040,207196,5898644,10500.322,1774.674,0,107.798,0,13.974,2493,4422,1.980,1.750,1.010,1,0,0,0,0,10,32,6,24,0
19-01 14:32:46,11.762,17.518,69.572,0.250,0.250,1381452,372376,207196,5898748,10350.775,1621.688,0,216.225,0,13.014,2268,2932,1.980,1.750,1.010,1,0,236.246,0,0,10,32,6,24,0
19-01 14:32:47,7.757,22.771,68.313,0,0,1380196,373572,207196,5898808,11331.380,1661.522,0,160.147,0,8.007,2401,3030,1.980,1.750,1.010,2,0,285.261,0,0,10,32,6,24,0
19-01 14:32:48,32.743,20.746,45.491,0,0,1455508,298076,207216,5898968,10345.941,1619.678,7.998,727.855,2.000,55.989,3081,4747,1.980,1.750,1.010,3,0,354.929,0,0,10,32,6,30,0
19-01 14:32:49,66.253,9.250,24.251,0,0,1657404,127248,207252,5868408,10631.510,1620.078,0,580.028,0,17.001,1417,1307,2.060,1.770,1.020,3,0,3.000,0,0,10,32,6,30,0
19-01 14:32:50,62.283,10.506,25.263,2.501,0.250,1780088,129800,207296,5746116,13232.987,1566.827,2565.355,9104.807,116.061,557.294,4300,5788,2.060,1.770,1.020,3,0,16.008,0,0,10,38,6,30,0
19-01 14:32:51,33.482,10.494,43.477,12.243,0,1782332,125136,207488,5748284,8569.424,1619.135,0,94057.773,0,7198.156,26318,49195,2.060,1.770,1.020,9,0,260.861,0,0,10,38,6,30,0
19-01 14:32:52,36.783,9.759,39.035,13.012,0,1782920,129500,207644,5743224,10259.326,1663.512,0,107449.672,0,8605.823,33483,62020,2.060,1.770,1.020,4,0,234.213,0,0,10,38,6,30,0
19-01 14:32:53,43.760,12.753,29.507,12.003,0,1669520,231800,207736,5753908,9590.187,1512.345,0,77353.637,0,6240.423,27460,47258,2.060,1.770,1.020,6,0,258.059,0,0,10,36,6,30,0
19-01 14:32:54,48.465,12.241,29.229,12.991,0,1732652,155220,207820,5766816,8135.167,1618.839,0,96474.828,0,6975.998,27579,43742,2.300,1.820,1.040,3,1,57.958,0,0,10,36,6,30,0
19-01 14:32:55,43.243,10.498,32.245,13.248,0,1777356,124340,207908,5753036,10128.319,1767.707,0,104170.708,0,7547.747,29937,48179,2.300,1.820,1.040,1,1,70.988,0,0,10,38,6,30,0
19-01 14:32:56,48.255,8.251,38.754,5.251,0,1404860,509060,207948,5740972,7759.869,1620.181,0,33399.741,0,2610.292,12679,20458,2.300,1.820,1.040,3,0,187.021,0,0,10,32,6,30,0
19-01 14:32:57,16.709,12.470,69.581,0.499,0,1423560,490336,207948,5740996,9728.321,1616.066,0,10382.728,0,631.463,3482,5164,2.300,1.820,1.040,2,0,199.514,0,0,10,32,6,30,0
19-01 14:32:58,22.791,3.005,73.132,0.501,0,1492732,421036,207948,5741124,7573.701,1622.936,0,4299.778,0,253.459,1582,2153,2.300,1.820,1.040,1,0,1.002,0,0,10,32,6,30,0
19-01 14:32:59,24.212,1.747,73.134,0,0,1528008,385756,207948,5741128,7582.996,1563.525,0,163.741,0,15.975,1273,1793,2.190,1.810,1.040,1,0,1.997,0,0,10,38,6,30,0
19-01 14:33:00,22.251,4.750,74.004,0,0,1438392,475368,207948,5741132,5676.312,1512.083,0,0,0,0,1021,1258,2.190,1.810,1.040,1,0,28.002,0,0,10,32,6,30,0
19-01 14:33:01,23.022,3.503,73.070,0,0,1504164,409596,207948,5741132,10107.724,1621.560,0,40.039,0,4.004,939,1106,2.190,1.810,1.040,3,0,4.004,0,0,10,32,6,30,0
19-01 14:33:02,23.513,3.502,72.540,0.250,0,1404180,509524,207948,5741188,7133.909,1736.952,48.026,540.296,3.002,44.024,1378,1925,2.190,1.810,1.040,2,0,25.014,0,0,10,32,6,30,0
19-01 14:33:03,11.503,36.260,50.514,0,0,1410676,502932,207948,5741284,9227.565,1620.450,36.010,56.016,2.001,14.004,4201,7050,2.190,1.810,1.040,2,0,881.245,0,0,10,32,6,30,0
19-01 14:33:04,15.484,36.712,45.953,0,0,1414376,499172,207948,5741344,6788.987,1618.328,0,383.604,0,34.964,4771,8324,2.100,1.800,1.040,1,0,1051.913,0,0,10,32,6,30,0
19-01 14:33:05,6.486,11.476,81.330,0,0,1416624,496908,207948,5741360,9771.587,1616.623,0,99.792,0,6.985,1715,2368,2.100,1.800,1.040,0,0,162.660,0,0,10,32,6,30,0
19-01 14:33:06,5.754,13.759,78.804,0.250,0,1406052,506840,207956,5742012,9347.412,1459.001,636.437,0,17.012,0,2112,2771,2.100,1.800,1.040,2,0,161.111,0,0,11,12,6,30,20
19-01 14:33:07,9.520,20.794,70.147,0,0,1405324,507536,207956,5742044,6581.776,1623.398,0,16.034,0,4.008,2317,3294,2.100,1.800,1.040,3,0,256.537,0,0,11,12,6,30,20
19-01 14:33:08,14.502,19.253,65.259,0.250,0,1411736,500568,207988,5742924,9579.312,1620.222,544.075,16.002,45.006,4.001,4258,6976,2.100,1.800,1.040,1,0,198.027,0,0,11,12,6,30,20
19-01 14:33:09,23.228,19.981,55.697,0,0,1446576,465032,207988,5743228,9625.894,1618.469,43.958,3.996,1.998,0.999,2880,4574,1.930,1.770,1.030,1,0,281.733,0,0,13,12,6,30,20
19-01 14:33:10,10.240,20.231,67.936,0,0,1443904,467496,207988,5743404,5167.164,1618.485,0,703.342,0,20.980,2524,3692,1.930,1.770,1.030,2,0,255.761,0,0,13,12,6,30,20
19-01 14:33:11,17.433,16.187,64.998,0.249,0.249,1451928,459460,207988,5743424,10096.915,1761.182,0,1924.550,0,249.036,4869,8716,1.930,1.770,1.030,2,0,153.406,0,0,13,12,6,30,20
19-01 14:33:12,21.843,23.099,52.977,0.251,0,1486660,424408,207992,5743704,8608.837,1743.460,4.017,558.389,1.004,33.142,3519,7758,1.930,1.770,1.030,2,0,390.672,0,0,15,12,6,31,20
19-01 14:33:13,11.250,19.751,67.752,0,0,1499980,411072,207992,5743948,9294.279,1458.044,0,92.003,0,10.000,3069,4802,1.930,1.770,1.030,0,0,243.007,0,0,15,12,6,30,20
19-01 14:33:14,26.249,16.750,55.999,0,0,1545680,365320,207992,5743776,6422.852,1693.961,0,571.987,0,3.000,4515,7167,1.930,1.770,1.040,3,0,146.997,0,0,17,12,6,30,20
19-01 14:33:15,78.910,15.281,6.012,0,0,1865136,131040,207988,5660260,5468.089,1623.292,0,8.016,0,2.004,1876,2433,1.930,1.770,1.040,14,0,34.069,0,0,17,12,6,30,20
19-01 14:33:16,48.908,17.218,33.686,0,0,1933448,178032,207988,5547248,10055.026,1616.949,0,15.970,0,3.992,2572,4044,1.930,1.770,1.040,1,0,182.655,0,0,17,12,6,30,20
19-01 14:33:17,11.254,19.007,69.027,0,0,1935592,175828,207988,5547276,10159.952,1620.630,0,252.098,0,6.002,2720,4060,1.930,1.770,1.040,1,0,264.103,0,0,17,12,6,30,20
19-01 14:33:18,14.747,19.996,63.488,0,0,1941176,170200,207988,5547648,10625.928,1693.670,0,351.931,0,5.999,4237,7298,1.930,1.770,1.040,1,0,210.959,0,0,17,12,6,30,20
19-01 14:33:19,25.232,11.742,62.705,0.250,0,1989140,120832,207988,5548620,6861.074,1530.901,1027.262,39.971,16.988,0.999,2829,5513,1.860,1.760,1.040,2,0,141.898,0,0,18,12,6,30,20
19-01 14:33:20,9.255,7.754,83.294,0,0,1991580,132624,207988,5534664,7594.010,1694.895,0,0,0,0,1765,2716,1.860,1.760,1.040,1,0,92.049,0,0,18,12,6,31,20
19-01 14:33:21,23.741,2.999,71.973,0,0,2044008,135524,207992,5480452,11569.627,1619.388,0,215.918,0,12.995,1677,2855,1.860,1.760,1.040,1,0,0,0,0,18,13,6,31,14
19-01 14:33:22,20.770,9.259,67.565,1.001,0,1987168,191856,208004,5480940,8048.695,1695.621,320.306,7182.867,6.006,475.455,3797,6704,1.860,1.760,1.040,1,0,97.093,0,0,18,18,6,36,0
19-01 14:33:23,9.996,19.493,68.725,0,0,2004472,174488,208004,5481008,5819.876,1619.409,0,1079.606,0,53.980,3173,4862,1.860,1.760,1.040,1,0,361.868,0,0,18,18,6,36,0
19-01 14:33:24,11.766,19.527,68.093,0.501,0,2010620,168208,208004,5481128,13593.610,1664.278,0,3965.429,0,196.269,3329,5052,1.790,1.740,1.040,1,0,273.374,0,0,18,18,6,36,0
19-01 14:33:25,10.997,19.495,67.482,0,0,2007256,171596,208004,5481148,10005.259,1619.556,0,95.974,0,10.997,2844,4365,1.790,1.740,1.040,1,0,273.925,0,0,18,18,6,32,0
19-01 14:33:26,19.230,14.735,64.184,0,0,2010180,168568,208004,5481156,10200.493,1604.348,0,11.988,0,2.997,5003,9070,1.790,1.740,1.040,1,0,137.858,0,0,18,18,6,32,0
19-01 14:33:27,47.118,9.023,43.860,0,0.251,2082140,129420,208004,5449460,7966.941,1624.065,328.823,5273.199,3.008,291.730,2441,3257,1.790,1.740,1.040,2,0,124.311,0,0,18,19,6,28,0
19-01 14:33:28,45.373,6.731,47.368,0,0,2186344,126340,208004,5350228,12232.858,1709.230,0,0,0,0,1807,2422,1.790,1.740,1.040,3,0,5.983,0,0,18,27,6,28,0
19-01 14:33:29,46.340,6.262,47.091,0.250,0,2257624,131484,207996,5275276,8371.173,1623.136,172.333,661.278,2.004,37.072,3434,5864,1.810,1.750,1.040,3,0,15.029,0,0,18,35,6,28,0
19-01 14:33:30,14.976,19.469,64.149,0,0,2265944,126780,207996,5271716,6286.074,1617.446,0,131.792,0,5.991,6528,11576,1.810,1.750,1.040,1,0,291.540,0,0,18,34,6,25,0
19-01 14:33:31,14.985,14.485,68.930,0.250,0,2270516,125748,207996,5268308,6007.896,1618.356,219.777,131.866,10.989,11.988,4147,9168,1.810,1.750,1.040,0,0,146.851,0,0,18,34,6,25,0
19-01 14:33:32,3.500,2.500,92.999,0,0,2297656,133060,207996,5234640,10965.836,1619.976,0,519.992,0,46.999,1430,2365,1.810,1.750,1.040,0,0,3.000,0,0,18,34,6,24,0
19-01 14:33:33,1.999,0.750,96.460,0,0,2297656,133060,207996,5234640,7381.973,1457.402,0,3.998,0,1.000,1077,1779,1.810,1.750,1.040,0,0,1.999,0,0,18,34,6,24,0
19-01 14:33:34,1.751,1.001,96.057,0,0.250,2297620,133060,207996,5234676,11068.597,1620.966,0,36.021,0,4.002,1128,1775,1.660,1.720,1.040,0,0,2.001,0,0,18,34,6,21,0
19-01 14:33:35,3.000,2.750,93.256,0.250,0,2245980,184424,207996,5234956,7577.470,1694.105,24.001,8.000,1.000,2.000,1280,2070,1.660,1.720,1.040,1,0,25.002,0,0,18,34,6,21,0
19-01 14:33:36,16.791,17.793,65.158,0,0,2304196,127084,207996,5234060,9195.363,1698.130,32.078,0,4.010,0,4128,10269,1.660,1.720,1.040,4,0,231.563,0,0,18,34,6,21,0
19-01 14:33:37,9.489,17.231,71.920,0.499,0,2313384,132896,207996,5219440,11049.680,1618.196,71.920,7907.183,6.992,474.471,3828,4882,1.660,1.720,1.040,2,0,245.726,0,0,19,34,6,21,0
19-01 14:33:38,19.994,17.994,61.481,0,0,2320772,124372,208004,5220472,5857.202,1857.430,1011.689,231.929,35.989,4.998,5193,8466,1.660,1.720,1.040,1,0,219.932,0,0,19,36,6,19,0
19-01 14:33:39,5.994,6.993,84.420,0.500,0,2322012,122988,208004,5220684,10635.949,1510.573,199.811,479.547,8.992,33.968,2294,3940,1.530,1.690,1.030,3,0,154.854,0,0,19,50,6,19,0
19-01 14:33:40,15.246,17.495,66.731,0.250,0,2320264,131812,207992,5214072,7637.854,1565.560,0,1963.448,0,324.909,4597,7303,1.530,1.690,1.030,1,0,212.940,0,0,21,50,6,18,0
19-01 14:33:41,10.761,16.517,71.573,0,0,2323720,128152,207992,5213900,6697.818,1621.651,168.171,0,7.007,0,3209,6426,1.530,1.690,1.030,1,0,303.309,0,0,21,52,6,18,0
19-01 14:33:42,9.003,20.758,69.027,0,0,2328244,123596,207992,5213932,10417.000,1662.638,4.002,20.008,1.000,5.002,3099,4744,1.530,1.690,1.030,1,0,326.125,0,0,21,52,6,15,0
19-01 14:33:43,17.516,17.015,64.308,0,0,2320888,131732,207992,5213152,8124.344,1737.571,0,1609.455,0,261.236,5610,9006,1.530,1.690,1.030,2,0,182.165,0,0,21,52,6,15,0
19-01 14:33:44,31.254,22.503,44.756,0,0,2386164,132232,207992,5148828,10595.314,1694.210,8.001,600.074,2.000,11.001,4534,7592,1.570,1.690,1.040,3,0,733.091,0,0,21,52,6,14,0
19-01 14:33:45,29.996,24.997,44.745,0,0,2453872,131488,207988,5083416,7057.139,1619.802,39.995,35.996,4.000,8.999,4469,10490,1.570,1.690,1.040,3,0,568.931,0,0,21,56,6,16,0
19-01 14:33:46,45.217,21.734,31.976,0,0,2525060,133736,207992,5011024,6348.321,1510.886,3.997,27.979,0.999,6.995,4633,12260,1.570,1.690,1.040,6,0,263.806,0,0,21,56,6,16,0
19-01 14:33:47,70.784,21.260,6.253,0,0.250,2689732,131628,207992,4848508,12396.000,1620.784,0,24.012,0,6.003,2574,5601,1.570,1.690,1.040,3,0,602.292,0,0,21,56,6,16,0
19-01 14:33:48,64.437,19.731,15.485,0,0,2789600,131196,208000,4749384,8106.024,1654.372,7.992,155.847,1.998,4.995,5548,11560,1.570,1.690,1.040,5,0,334.671,0,0,21,56,6,16,0
19-01 14:33:49,71.701,23.234,3.498,0.500,0,2977576,142836,208456,4552984,6888.254,1618.885,459.683,12619.305,79.945,785.459,5155,12100,1.760,1.730,1.050,10,0,418.712,0,0,21,60,6,16,0
19-01 14:33:50,62.642,23.554,9.522,2.756,0,3025400,130920,208464,4517332,14043.908,1623.689,0,33648.449,0,2764.280,16605,32520,1.760,1.730,1.050,4,0,376.856,0,0,21,60,6,10,0
19-01 14:33:51,71.182,22.978,4.995,0.500,0,3159252,122068,208472,4394316,9232.119,1692.372,7.992,9115.231,1.998,836.196,10041,22300,1.760,1.730,1.050,5,0,321.691,0,0,21,62,6,12,0
19-01 14:33:52,72.800,19.263,5.754,0,0,3241928,134076,208472,4301360,9771.723,1621.115,28.019,11523.928,3.002,838.577,8714,24650,1.760,1.730,1.050,4,0,375.258,0,0,21,75,5,20,0
19-01 14:33:53,54.924,22.968,20.721,0,0,3348760,125268,208472,4205432,9299.204,1617.774,0,435.401,0,29.959,3905,8819,1.760,1.730,1.050,5,0,545.250,0,0,21,79,5,20,0
19-01 14:33:54,50.329,23.787,25.540,0,0,3489928,127144,208468,4064856,6291.891,1514.381,192.302,8601.522,10.016,569.896,8642,21473,2.020,1.790,1.070,4,0,227.357,0,0,21,81,5,20,0
19-01 14:33:55,61.467,11.994,24.987,0.750,0,3619716,135644,208428,3927740,9906.700,1565.163,1207.354,3634.056,76.959,343.816,4549,12912,2.020,1.790,1.070,1,1,33.982,0,0,21,88,5,23,0
19-01 14:33:56,9.997,20.493,69.226,0.500,0,3632724,122568,208428,3927952,8108.178,1619.436,63.978,2827.016,3.999,172.940,3466,5806,2.020,1.790,1.070,1,0,313.891,0,0,21,87,5,24,0
19-01 14:33:57,7.242,19.729,70.175,0,0,3640140,124864,208424,3918284,9869.440,1618.268,0,111.880,0,11.987,2984,4571,2.020,1.790,1.070,1,0,283.696,0,0,21,87,5,24,0
19-01 14:33:58,7.754,20.509,70.282,0,0,3642124,122848,208424,3918316,7945.599,1710.775,4.002,116.053,1.000,10.005,2918,4341,2.020,1.790,1.070,1,0,280.127,0,0,21,87,5,24,0
19-01 14:33:59,8.500,19.999,69.998,0,0,3644608,124596,208424,3914088,9384.709,1619.950,0,0,0,0,3021,4596,1.940,1.770,1.070,1,0,318.990,0,0,21,87,5,24,0
19-01 14:34:00,12.677,19.388,66.615,0,0,3648356,120692,208424,3914616,9153.077,1684.262,0,67.609,0,8.948,3995,7009,1.940,1.770,1.070,2,0,319.155,0,0,21,87,5,24,0
19-01 14:34:01,26.663,17.859,55.337,0.252,0,3657976,131184,208420,3894212,10002.978,1637.985,849.177,124.761,11.067,6.037,5222,10735,1.940,1.770,1.070,2,0,314.920,0,0,21,89,5,24,0
19-01 14:34:02,31.244,24.995,43.242,0.500,0,3724596,128464,208388,3830528,7522.593,1619.697,127.976,6066.865,14.997,574.892,4030,5934,1.940,1.770,1.070,2,0,427.920,0,0,21,89,5,24,0
19-01 14:34:03,33.535,18.519,46.799,0.250,0,3762240,139276,208364,3782728,10560.099,1683.770,200.210,716.753,10.011,37.039,6139,10688,1.940,1.770,1.070,3,0,207.218,0,0,23,99,5,24,0
19-01 14:34:04,57.375,28.937,13.471,0.499,0,3922360,127772,207760,3636640,9451.339,1616.466,215.529,275.398,22.950,26.941,5908,23596,2.660,1.930,1.130,7,0,477.955,0,0,23,106,5,24,0
19-01 14:34:05,58.504,23.002,17.001,0,0,4035300,130232,207692,3524048,11945.836,1620.113,516.036,1140.080,24.002,75.005,7312,18331,2.660,1.930,1.130,6,0,389.027,0,0,23,129,5,24,0
19-01 14:34:06,41.532,21.767,35.527,0.500,0,4101296,126592,207660,3461844,9515.327,1621.248,436.336,13354.283,18.014,988.761,6151,13060,2.660,1.930,1.130,5,0,349.269,0,0,23,133,5,24,0
19-01 14:34:07,26.503,20.753,51.757,0,0,4136588,125900,207644,3427492,11383.468,1694.219,0,284.037,0,20.003,3369,5549,2.660,1.930,1.130,3,0,416.054,0,0,24,133,5,24,0
19-01 14:34:08,11.255,20.259,67.280,0,0,4141980,127952,207640,3420036,6692.952,1602.707,0,252.111,0,19.008,2931,4596,2.660,1.930,1.130,2,0,262.116,0,0,24,133,5,24,0
19-01 14:34:09,21.719,18.474,58.667,0,0,4153128,129316,207636,3407560,5685.994,1617.722,0,239.663,0,14.979,5491,9227,2.610,1.930,1.130,2,0,176.751,0,0,24,133,5,24,0
19-01 14:34:10,32.576,22.803,43.853,0,0,4215944,124816,207612,3349820,4991.686,1623.801,0,2421.669,0,363.852,4153,6033,2.610,1.930,1.130,2,0,413.969,0,0,24,133,5,24,0
19-01 14:34:11,39.750,22.000,37.250,0,0,4294508,120268,207568,3277632,12175.976,1607.997,24.000,2111.996,5.000,288.999,7984,14781,2.610,1.930,1.130,6,0,241.000,0,0,24,145,5,24,0
19-01 14:34:12,34.491,27.243,37.241,0.500,0,4372572,131112,207512,3190920,9852.517,1619.592,255.936,243.939,28.993,17.995,4435,11318,2.610,1.930,1.130,4,0,514.870,0,0,24,145,5,25,0
19-01 14:34:13,35.008,25.506,39.759,0,0,4443944,124952,207456,3127456,9590.273,1620.384,120.028,696.165,14.003,45.011,5028,10796,2.610,1.930,1.130,3,0,510.121,0,0,24,157,5,24,0
19-01 14:34:14,12.735,20.226,65.674,0,0,4453936,121560,207452,3121292,4652.594,1510.245,99.884,199.768,8.990,13.984,3884,6610,2.400,1.900,1.130,1,0,300.651,0,0,24,157,5,25,0
19-01 14:34:15,16.258,22.512,59.281,0.750,0,4462536,120836,207448,3113916,10847.641,1620.843,452.235,1140.593,23.012,89.046,5974,10490,2.400,1.900,1.130,5,0,314.163,0,0,24,181,5,25,0
19-01 14:34:16,32.205,17.725,48.683,0,0,4506996,146196,207384,3045732,10129.990,1691.660,99.862,8020.907,8.988,751.960,6436,9582,2.400,1.900,1.130,3,0,162.775,0,0,24,181,5,25,0
19-01 14:34:17,46.708,7.993,45.958,0,0,4639728,128316,207204,2935112,5252.257,1692.472,211.809,171.845,4.995,11.989,1911,2666,2.400,1.900,1.130,2,0,0.999,0,0,24,181,5,25,0
19-01 14:34:18,39.876,6.521,52.667,0.752,0,4603200,226176,207092,2876136,8781.847,1625.153,1572.988,1296.110,62.197,218.693,2967,3777,2.400,1.900,1.130,2,0,8.025,0,0,24,185,5,25,1
19-01 14:34:19,34.508,24.256,40.009,0,0,4668000,160920,207092,2876560,8407.934,1566.360,32.007,364.084,8.002,24.006,4442,7644,2.370,1.900,1.130,2,0,546.126,0,0,24,185,5,25,0
19-01 14:34:20,40.708,22.726,33.465,1.498,0,4707324,125304,207068,2874136,4321.493,1618.312,19092.087,415.567,273.715,30.968,7350,16685,2.370,1.900,1.130,3,0,396.586,0,0,24,193,5,25,0
19-01 14:34:21,57.764,21.005,17.004,4.001,0,4739316,152916,207056,2815756,11387.836,1620.403,39789.908,7725.924,412.103,543.135,5818,9966,2.370,1.900,1.130,6,0,157.039,0,0,24,199,5,24,0
19-01 14:34:22,72.759,16.502,6.251,3.750,0,4799916,195720,207056,2716660,12374.596,1512.195,45001.805,1316.170,538.069,71.009,5057,8717,2.370,1.900,1.130,4,0,86.011,0,0,24,206,5,24,0
19-01 14:34:23,71.742,17.248,2.250,8.999,0.250,4898896,126268,206652,2689144,10620.853,1619.825,62773.220,7447.196,1065.885,307.967,6279,12220,2.370,1.900,1.130,5,0,41.995,0,0,24,208,5,24,0
19-01 14:34:24,47.732,26.240,22.742,2.749,0,4905208,132416,206512,2677948,8219.975,1619.404,40729.012,711.738,418.846,48.982,6616,14420,2.420,1.920,1.140,4,0,468.827,0,0,24,207,5,24,0
19-01 14:34:25,46.774,21.511,28.515,2.251,0,4915612,145440,206300,2656176,9570.919,1694.871,31111.992,448.230,320.165,23.012,6827,13942,2.420,1.920,1.140,2,0,250.129,0,0,24,209,5,25,0
19-01 14:34:26,58.244,26.997,9.999,3.000,0,4970952,120800,205132,2628512,11882.835,1619.841,46959.398,3359.671,466.954,218.979,6012,10940,2.420,1.920,1.140,5,0,446.956,0,0,24,213,5,25,0
19-01 14:34:27,60.505,24.752,12.501,1.000,0,5025048,126136,203876,2572988,8541.743,1566.136,15517.350,22221.933,213.019,812.071,15182,27255,2.420,1.920,1.140,6,0,267.023,0,0,24,217,5,25,0
19-01 14:34:28,55.446,24.476,18.982,0.250,0,5053044,132316,203160,2539284,7303.908,1712.337,627.391,931.096,14.985,90.912,8042,16990,2.420,1.920,1.140,7,8,455.558,0,0,24,217,5,28,0
19-01 14:34:29,55.170,23.716,20.970,0.250,0,5123700,125664,201932,2478000,11075.019,1509.821,399.424,6918.017,25.963,573.173,11024,20123,2.630,1.970,1.160,5,0,272.607,0,0,24,222,5,33,0
19-01 14:34:30,59.008,16.682,22.159,0.249,0,5203060,127496,200332,2399628,9480.160,1613.390,239.021,6114.947,20.914,582.613,5406,8561,2.630,1.970,1.160,13,0,182.253,0,0,24,223,5,33,0
19-01 14:34:31,65.081,11.810,20.856,0.251,0,5313000,121620,198780,2299284,13258.472,3438.499,1294.588,812.133,92.471,61.312,5999,11090,2.630,1.970,1.160,4,0,2.010,0,0,24,230,5,39,0
19-01 14:34:32,55.292,9.007,34.776,0.751,0.250,5343560,121140,198160,2270156,53512.563,16838.764,164.124,636.482,11.008,65.049,4207,7637,2.630,1.970,1.160,3,0,7.005,0,0,24,238,5,39,0
19-01 14:34:33,39.278,21.765,37.026,0,0,5269600,202968,198008,2262544,6364.519,1621.151,224.159,920.654,13.009,78.055,6513,12093,2.630,1.970,1.160,3,0,407.289,0,0,24,242,5,39,0
19-01 14:34:34,34.745,23.996,39.994,0,0,5322488,149728,198028,2263332,10853.405,1619.762,263.961,1247.817,10.998,142.979,5976,11405,2.740,2,1.180,3,0,370.945,0,0,24,244,5,39,0
19-01 14:34:35,52.347,16.452,30.660,0.249,0,5340848,132892,198024,2261888,7938.739,1561.425,15.953,745.815,2.991,53.842,5711,12685,2.740,2,1.180,4,0,196.424,0,0,25,246,5,39,0
19-01 14:34:36,65.405,9.523,22.804,1.504,0,5461656,134232,197000,2143760,9159.754,1515.600,1712.066,7425.636,139.331,653.552,4407,6271,2.740,2,1.180,5,0,4.010,0,0,25,246,5,40,0
19-01 14:34:37,59.527,11.755,28.013,0.750,0,5492844,128628,196672,2119320,7463.344,1662.745,596.267,1140.511,39.017,93.042,3538,8289,2.740,2,1.180,3,0,116.052,0,0,25,247,5,41,0
19-01 14:34:38,27.938,9.479,61.613,0.249,0,5449444,179704,196540,2111876,132161.544,6696.081,7.982,678.488,1.996,56.873,4158,7011,2.740,2,1.180,1,0,108.758,0,0,25,248,5,42,0
19-01 14:34:39,30.805,7.514,59.607,0.250,0,5524616,126460,195588,2092052,21912681.915,144349.685,4.007,10330.585,1.002,556.000,9602,6279,2.680,2,1.180,2,0,57.103,0,0,25,247,5,42,0
19-01 14:34:40,29.252,13.251,55.504,0.500,0,5497468,154824,195532,2090896,4875.341,1620.113,2144.150,716.050,28.002,61.004,4219,7652,2.680,2,1.180,1,0,239.017,0,0,25,249,5,43,0
19-01 14:34:41,24.656,4.981,67.992,0.747,0,5520312,130912,195544,2091956,4705.121,1687.587,486.153,430.365,9.962,39.849,3045,5524,2.680,2,1.180,2,0,0.996,0,0,25,257,5,44,0
19-01 14:34:42,26.610,4.017,68.534,0.753,0.251,5528996,121316,195588,2092824,8342.563,1538.373,417.731,755.128,28.116,78.324,3480,7351,2.680,2,1.180,1,0,5.021,0,0,25,267,5,45,0
19-01 14:34:43,25.408,4.235,69.498,0,0,5532888,128576,195328,2082040,7306.485,1697.839,0,446.380,0,35.870,3767,8722,2.680,2,1.180,1,0,0.996,0,0,25,269,5,45,0
19-01 14:34:44,28.488,9.746,60.225,1.999,0,5535660,150640,194448,2059176,8340.564,1693.302,87.964,42170.626,9.996,539.778,7001,12225,2.700,2.020,1.190,2,0,22.991,0,0,25,269,5,56,2
19-01 14:34:45,16.505,15.005,67.771,0,0,5495272,190848,194456,2059332,8723.687,1620.499,124.038,368.113,15.005,19.006,2709,4088,2.700,2.020,1.190,2,0,190.059,0,0,25,269,5,54,2
19-01 14:34:46,22.583,9.033,65.741,2.509,0,5550012,136268,194136,2062916,10102.064,1625.966,3296.093,3870.200,387.421,133.490,3098,4224,2.700,2.020,1.190,3,0,22.081,0,0,25,271,5,54,2
19-01 14:34:47,21.459,5.240,68.120,3.493,0,5531596,146724,194656,2070340,8948.970,1616.923,3657.041,1085.933,651.760,22.956,2871,4741,2.700,2.020,1.190,7,0,10.979,0,0,25,271,5,53,2
19-01 14:34:48,24.004,9.002,65.762,1.000,0,5566312,135084,193252,2049640,6184.101,1694.302,700.125,684.122,148.026,23.004,15712,28158,2.700,2.020,1.190,1,0,4.001,0,0,25,271,5,54,2
19-01 14:34:49,22.538,8.264,68.614,0,0,5589868,132136,192856,2030672,5793.641,1534.553,0,180.300,0,11.018,4901,2936,2.570,2,1.190,2,0,0,0,0,25,271,5,54,2
19-01 14:34:50,21.943,6.733,69.819,0.249,0,5555888,165872,192860,2030912,16530.253,1689.631,0,219.433,0,29.923,4520,8097,2.570,2,1.190,2,0,3.990,0,0,25,271,5,55,2
19-01 14:34:51,22.120,7.705,69.093,0.497,0,5472088,248132,192900,2032548,7353.650,1610.506,974.257,222.687,123.273,11.930,2471,3787,2.570,2,1.190,6,0,45.730,0,0,25,271,5,54,2
19-01 14:34:52,23.653,14.846,60.391,0,0,5517464,202684,192900,2032452,9094.844,1705.032,36.234,398.579,3.020,28.182,3362,5834,2.570,2,1.190,3,0,409.650,0,0,25,271,5,54,2
19-01 14:34:53,19.994,7.997,69.977,0.250,0,5487100,233032,192900,2032468,10377.627,1619.474,0,123.960,0,9.997,2257,3331,2.570,2,1.190,1,0,91.970,0,0,25,271,5,45,2
19-01 14:34:54,11.011,20.270,68.567,0.500,0,5494076,226012,192900,2032512,12825.505,1621.581,4.004,844.824,1.001,72.070,3652,5581,2.360,1.970,1.180,4,0,280.273,0,0,25,277,5,45,2
19-01 14:34:55,10.484,18.473,68.898,0,0,5502856,217192,192900,2032552,9483.945,1617.603,3.994,183.728,0.999,10.984,3350,5359,2.360,1.970,1.180,3,0,300.555,0,0,25,279,5,45,0
19-01 14:34:56,2.759,1.505,94.057,0,0,5504868,215176,192904,2032552,5509.996,1462.777,0,44.144,0,5.016,1423,2439,2.360,1.970,1.180,1,0,9.029,0,0,25,279,5,41,0
19-01 14:34:57,25.191,2.494,70.834,0,0,5562260,157780,192904,2032556,11494.058,1763.865,0,0,0,0,1963,3097,2.360,1.970,1.180,2,0,0,0,0,25,280,5,42,0
19-01 14:34:58,19.251,10.750,69.003,0.500,0,5504028,215688,192908,2032860,10913.447,1620.066,144.006,220.009,9.000,19.001,3033,5299,2.360,1.970,1.180,1,0,121.005,0,0,25,283,5,42,0
19-01 14:34:59,10.996,17.744,68.726,0,0,5508384,211152,192908,2033056,5695.995,1619.430,99.965,159.944,1.999,10.996,3019,4815,2.250,1.950,1.180,1,0,177.937,0,0,25,283,5,42,0
19-01 14:35:00,14.272,15.774,69.355,0,0,5511472,207884,192908,2033236,11263.086,1622.461,76.115,424.644,3.005,27.041,3203,4963,2.250,1.950,1.180,1,0,193.293,0,0,25,283,5,42,0
19-01 14:35:01,13.223,14.720,67.860,0,0,5514504,204616,192908,2033472,7477.529,1658.568,31.934,131.727,3.992,11.975,3026,4579,2.250,1.950,1.180,1,0,183.620,0,0,25,283,5,42,0
19-01 14:35:02,24.489,3.748,71.467,0.250,0,5582776,136328,192916,2033480,9889.401,1619.247,0,83.961,0,12.994,1777,2684,2.250,1.950,1.180,1,0,6.997,0,0,25,283,5,42,0
19-01 14:35:03,23.505,3.751,70.015,0.750,0,5625204,130136,192088,2000084,7495.604,1512.324,212.045,12634.704,13.003,601.129,2812,3370,2.250,1.950,1.180,1,0,4.001,0,0,25,287,5,42,0
19-01 14:35:04,24.258,4.001,71.274,0.250,0,5555916,199344,192104,2000148,5782.937,1566.525,56.019,280.094,7.002,21.007,1939,3131,2.230,1.950,1.190,4,0,5.002,0,0,25,283,5,42,0
19-01 14:35:05,25.009,4.001,69.524,0,0,5612516,142676,192108,2000212,9277.219,1694.588,4.001,304.106,1.000,22.008,1888,2880,2.230,1.950,1.190,2,0,21.007,0,0,25,287,5,42,0
19-01 14:35:06,27.485,3.498,69.712,0,0,5630728,124340,192116,2000328,8421.360,1693.067,31.982,295.837,1.999,22.987,2654,5133,2.230,1.950,1.190,2,0,4.997,0,0,25,293,5,42,0
19-01 14:35:07,23.761,5.002,69.282,0.250,0,5577804,177220,192160,2000328,6829.169,1620.752,12.006,2189.016,3.001,137.064,2256,3570,2.230,1.950,1.190,1,0,16.007,0,0,25,287,5,42,0
19-01 14:35:08,22.037,7.513,69.616,0.501,0,5536236,217428,192172,2001600,11339.881,1622.702,1366.275,41709.446,18.030,186.310,2853,4448,2.230,1.950,1.190,2,0,89.148,0,0,25,289,5,42,0
19-01 14:35:09,11.008,19.264,67.549,0.500,0,5532708,220768,192184,2001776,9125.589,1621.170,64.046,804.581,6.004,40.029,3669,5892,2.130,1.940,1.180,1,0,373.270,0,0,25,289,5,43,0
19-01 14:35:10,20.431,7.475,70.760,0.249,0,5551428,201456,192272,2002280,9042.382,1506.898,590.002,366.758,54.814,10.963,2224,3586,2.130,1.940,1.180,2,0,92.686,0,0,25,289,5,43,0
19-01 14:35:11,19.552,2.757,76.452,0,0,5577756,173764,192304,2003612,13053.540,3813.089,200.531,922.441,41.109,47.125,1935,2892,2.130,1.940,1.180,1,0,4.011,0,0,25,290,5,43,0
19-01 14:35:12,27.744,5.749,65.237,0.250,0,5549680,195936,192880,2008940,6212.757,1793.641,87.982,1039.792,19.996,18.996,2549,5983,2.130,1.940,1.180,1,0,35.993,0,0,25,289,5,44,0
19-01 14:35:13,18.702,3.491,77.052,0.249,0,5572624,172972,192880,2008960,17473.164,4597.204,15.959,307.212,2.992,9.974,1871,2737,2.130,1.940,1.180,2,0,3.990,0,0,25,290,5,44,0
19-01 14:35:14,26.513,2.751,69.533,0.500,0,5544712,191120,193448,2018140,8294.940,1794.853,3201.521,1520.722,40.019,61.029,4175,7285,2.130,1.940,1.180,2,0,6.003,0,0,25,289,5,43,0
19-01 14:35:15,19.715,4.242,74.616,0.250,0,5537868,197424,193484,2018660,14337.279,3630.487,139.749,351.370,2.995,5.989,7319,14745,2.120,1.940,1.190,1,0,7.986,0,0,25,290,5,43,0
19-01 14:35:16,24.488,6.247,67.716,0.250,0,5553908,180800,193548,2019180,8942.564,2558.731,203.899,547.728,9.995,20.990,10312,20491,2.120,1.940,1.190,1,0,12.994,0,0,25,290,5,43,0
19-01 14:35:17,25.273,5.255,68.311,0,0,5542184,191800,193600,2019852,10464.345,1513.351,0,440.393,0,15.013,1857,2841,2.120,1.940,1.190,1,0,8.007,0,0,25,290,5,43,0
19-01 14:35:18,14.812,15.063,69.542,0.251,0,5519588,226572,193668,2007680,13585.003,1789.509,0,968.062,0,32.135,3194,5124,2.120,1.940,1.190,1,0,265.112,0,0,25,291,5,43,0
19-01 14:35:19,25.263,3.502,70.288,0.250,0,5566648,179224,193680,2007956,5330.847,1620.866,80.043,2005.071,5.003,318.170,2342,2964,2.120,1.940,1.190,1,0,0,0,0,25,291,5,43,0
19-01 14:35:20,23.461,6.489,69.383,0,0,5507340,238356,193680,2008132,5283.109,1617.278,27.953,11.980,2.995,0.998,3405,5780,2.030,1.920,1.190,1,0,112.810,0,0,25,291,5,46,0
19-01 14:35:21,27.016,4.252,69.040,0,0,5572508,173144,193684,2008172,9733.704,1694.993,32.019,132.077,2.001,11.006,2097,3362,2.030,1.920,1.190,1,0,1.001,0,0,25,292,5,46,0
19-01 14:35:22,26.439,7.732,64.849,0.249,0,5534816,210648,193696,2008348,10018.736,1616.247,47.889,259.398,2.993,23.944,4100,8173,2.030,1.920,1.190,1,0,71.833,0,0,25,291,4,46,0
19-01 14:35:23,27.316,4.010,67.162,0,0,5572600,172772,193704,2008432,9418.756,1623.923,0,268.649,0,24.058,3337,5621,2.030,1.920,1.190,1,0,0,0,0,25,292,4,46,0
19-01 14:35:24,24.167,4.734,70.259,0,0,5564488,180832,193712,2008476,7237.140,1506.824,15.945,223.233,0.997,21.925,2254,3593,2.030,1.920,1.190,1,0,55.808,0,0,25,291,4,41,0
19-01 14:35:25,26.045,5.509,67.866,0.250,0,5514908,230184,193716,2008700,13387.974,1568.692,4.007,336.578,1.002,22.038,2725,5182,1.950,1.910,1.190,1,0,33.057,0,0,25,291,4,44,0
19-01 14:35:26,23.977,3.247,71.182,0,0,5573244,171840,193716,2008708,11057.407,1618.450,0,231.778,0,8.991,1950,3289,1.950,1.910,1.190,3,0,0,0,0,25,291,4,43,0
19-01 14:35:27,22.984,5.496,70.451,0.250,0,5542144,202912,193728,2008724,6094.801,1618.885,0,287.802,0,30.979,2811,5260,1.950,1.910,1.190,1,0,46.968,0,0,25,291,4,43,0
19-01 14:35:28,26.773,2.252,70.060,0.250,0,5575748,169160,193736,2008864,5706.857,1621.380,0,184.157,0,20.017,2844,5049,1.950,1.910,1.190,2,0,0,0,0,25,291,4,45,0
19-01 14:35:29,24.256,5.251,70.016,0,0,5559488,185288,193736,2008996,12568.891,1714.394,0,204.047,0,16.004,1922,2962,1.950,1.910,1.190,1,0,32.007,0,0,25,291,4,45,0
19-01 14:35:30,22.569,7.272,69.713,0.251,0,5517352,227372,193760,2009024,8146.881,1590.858,0,641.961,0,50.153,3641,6883,1.870,1.890,1.180,1,0,139.426,0,0,25,291,4,40,0
19-01 14:35:31,11.494,19.990,67.716,0,0,5523912,220760,193776,2009060,9506.266,1693.157,0,367.817,0,31.984,4648,7841,1.870,1.890,1.180,1,0,687.658,0,0,25,291,4,40,0
19-01 14:35:32,11.002,21.254,67.262,0,0,5524572,220056,193784,2009096,7474.293,1620.280,0,508.088,0,43.007,4680,8001,1.870,1.890,1.180,2,0,674.117,0,0,25,291,4,34,0
19-01 14:35:33,10.250,20.500,67.501,0.250,0,5526424,218164,193792,2009128,10425.125,1640.020,0,344.004,0,35.000,4671,7854,1.870,1.890,1.180,1,0,645.008,0,0,25,291,4,34,0
19-01 14:35:34,10.753,20.005,67.517,0,0,5524168,220352,193792,2009196,7908.017,1690.431,0,4277.091,0,475.121,5373,7854,1.870,1.890,1.180,2,0,672.171,0,0,25,291,4,34,0
19-01 14:35:35,11.235,20.223,68.158,0,0,5526332,218140,193792,2009244,5534.523,1617.814,0,67.908,0,12.982,4296,7495,1.880,1.890,1.190,2,0,617.166,0,0,25,291,4,34,0
19-01 14:35:36,15.977,12.482,69.400,0.749,0,5537456,205596,193800,2010656,8910.152,1617.667,1378.013,239.654,89.870,17.974,3455,5662,1.880,1.890,1.190,4,0,322.535,0,0,25,291,4,33,0
19-01 14:35:37,19.806,9.025,65.935,4.763,0.251,5538792,193464,193812,2031148,9175.812,1516.265,11933.569,3000.440,976.748,38.107,9264,16905,1.880,1.890,1.190,2,0,7.020,0,0,25,291,4,33,0
19-01 14:35:38,20.915,2.490,75.195,0.249,0,5565044,164756,193824,2033592,9480.566,3693.028,15.935,876.447,2.988,25.895,1932,3042,1.880,1.890,1.190,1,0,2.988,0,0,25,292,4,33,0
19-01 14:35:39,17.055,1.756,79.256,0.752,0,5580580,148404,193852,2034380,23013.425,11015.625,738.388,1324.283,52.169,50.162,2006,2934,1.880,1.890,1.190,0,0,0,0,0,25,292,4,32,0
19-01 14:35:40,11.986,2.497,82.650,1.248,0,5581416,146640,193856,2035304,27526.748,13339.885,651.213,1797.828,65.920,85.896,2253,3392,1.810,1.880,1.190,2,0,0.999,0,0,25,292,4,32,0
19-01 14:35:41,19.786,1.503,77.640,0.751,0,5603228,123708,193868,2036412,18107.739,8101.648,1089.971,753.362,49.089,29.053,1957,2758,1.810,1.880,1.190,2,0,0,0,0,25,292,4,31,0
19-01 14:35:42,15.500,1.750,81.250,1.000,0,5595944,132300,193824,2035148,21393.914,11157.955,879.996,1111.996,56.000,39.000,1910,2931,1.810,1.880,1.190,1,0,0,0,0,25,292,4,31,0
19-01 14:35:43,17.225,1.248,79.632,0.749,0,5601560,126000,193852,2035800,17107.715,10389.644,487.280,910.654,46.931,29.956,1820,2783,1.810,1.880,1.190,0,0,0,0,0,25,292,4,29,0
19-01 14:35:44,24.490,5.998,67.723,1.999,0,5602864,139248,192704,2025260,11582.425,2341.075,15201.995,1795.291,177.930,72.971,2402,3441,1.810,1.880,1.190,2,0,1.000,0,0,25,290,4,30,2
19-01 14:35:45,23.997,5.499,69.492,0.500,0,5627724,151632,191700,1991996,9096.936,1619.810,0,1467.828,0,54.994,1987,3107,1.750,1.860,1.190,4,0,2.000,0,0,25,290,4,19,2
19-01 14:35:46,22.998,4.999,70.243,1.250,0,5631564,122196,192068,2016668,9958.944,1693.820,0,3971.579,0,176.981,3947,3832,1.750,1.860,1.190,6,0,0,0,0,25,290,4,19,2
19-01 14:35:47,29.497,6.499,63.993,1.000,0,5648112,129360,191688,1995756,11460.739,1867.795,3823.579,2955.675,52.994,99.989,2707,3742,1.750,1.860,1.190,4,0,4.000,0,0,25,289,4,19,2
19-01 14:35:48,27.263,4.002,67.531,0.250,0,5580580,196472,191700,1996204,10945.057,1620.749,448.207,548.253,5.002,20.009,2238,3301,1.750,1.860,1.190,5,0,6.003,0,0,25,289,4,19,2
19-01 14:35:49,22.748,3.500,72.744,0,0,5579040,192416,191712,2001752,14199.878,3826.698,0,2775.781,0,27.998,1975,3135,1.750,1.860,1.190,5,0,4.000,0,0,25,289,4,18,2
19-01 14:35:50,18.505,3.251,76.522,0,0,5609728,161252,191712,2002164,16808.942,4470.314,0,1708.502,0,249.073,2224,2651,1.690,1.850,1.180,4,0,6.002,0,0,25,290,4,18,2
19-01 14:35:51,24.734,5.746,68.206,0.250,0.250,5588752,175068,191744,2008380,8090.814,1684.920,0,1626.957,0,29.981,9626,19251,1.690,1.850,1.180,4,0,14.990,0,0,25,289,4,17,2
19-01 14:35:52,24.324,6.269,68.459,0,0,5591760,171736,191768,2008648,9561.162,1624.956,0,1520.638,0,33.101,9967,19705,1.690,1.850,1.180,2,0,14.043,0,0,25,289,4,17,2
19-01 14:35:53,21.930,4.984,71.770,0,0,5557440,219472,191780,1995988,10067.713,1614.821,0,426.632,0,13.955,1977,2944,1.690,1.850,1.180,4,0,11.962,0,0,25,289,4,17,2
19-01 14:35:54,23.485,6.246,67.206,0,0,5550784,225060,191792,1997044,9411.826,1702.883,31.979,1203.211,1.999,12.991,9811,19785,1.690,1.850,1.180,3,0,52.965,0,0,25,291,4,17,2
19-01 14:35:55,23.511,3.252,73.034,0,0,5598412,177384,191796,1997072,8722.073,2751.285,0,92.043,0,4.002,1819,2568,1.710,1.850,1.190,4,0,8.004,0,0,25,292,4,17,2
19-01 14:35:56,22.308,2.757,74.445,0.251,0,5573912,195428,191856,2003404,14377.698,2778.285,0,770.019,0,10.026,1752,2624,1.710,1.850,1.190,1,0,3.008,0,0,25,291,4,17,2
19-01 14:35:57,19.443,1.994,77.026,0,0,5589720,175860,191868,2006960,17567.860,4414.150,0,434.734,0,6.980,1662,2583,1.710,1.850,1.190,6,0,3.988,0,0,25,292,4,17,2
19-01 14:35:58,24.548,5.761,67.882,0.250,0,5581808,180080,192060,2009724,7132.852,1797.491,0,1434.786,0,28.054,10183,19917,1.710,1.850,1.190,1,0,14.027,0,0,25,291,4,17,2
19-01 14:35:59,23.945,6.236,68.094,0,0.249,5594692,166972,192088,2009904,5045.406,1616.286,0,119.725,0,4.989,9529,19119,1.710,1.850,1.190,6,0,18.956,0,0,25,291,4,16,2
19-01 14:36:00,23.770,5.004,71.311,0,0,5566348,208900,192128,1997080,8903.639,1621.391,0,412.354,0,12.010,1885,2833,2.220,1.950,1.230,3,0,10.009,0,0,25,291,4,16,2
19-01 14:36:01,24.032,4.756,70.844,0.250,0,5536960,238248,192144,1997104,9029.938,1622.144,4.005,969.281,1.001,26.034,2340,3757,2.220,1.950,1.230,1,0,94.124,0,0,25,291,4,16,2
19-01 14:36:02,23.988,7.496,67.717,0.250,0,5558072,201572,192220,2011944,12101.179,1735.165,0,1779.144,0,14.993,12780,24883,2.220,1.950,1.230,2,0,10.995,0,0,25,291,4,16,2
19-01 14:36:03,17.245,1.999,80.227,0.250,0,5569168,189808,192244,2012492,20267.163,7470.848,3.999,783.774,1.000,19.994,1694,2666,2.220,1.950,1.230,3,0,2.999,0,0,25,292,4,16,2
19-01 14:36:04,16.431,2.241,79.663,0.498,0,5572964,185804,192288,2012592,23738.680,10907.903,0,1051.556,0,38.836,1965,2844,2.220,1.950,1.230,3,0,0.996,0,0,25,294,4,16,2
19-01 14:36:05,7.280,1.255,89.876,0.251,0,5572724,185804,192308,2012780,50798.643,9283.862,0,956.002,0,32.135,1716,2641,2.280,1.970,1.240,2,0,0,0,0,25,295,4,16,2
19-01 14:36:06,10.507,2.502,84.558,0.751,0,5577212,180980,192408,2012984,125020.764,12022.247,0,1276.876,0,59.041,2044,3073,2.280,1.970,1.240,0,0,2.001,0,0,25,295,4,16,2
19-01 14:36:07,20.240,1.999,76.462,0,0,5597684,160372,192464,2013032,20206.998,8071.005,0,991.509,0,51.974,2013,3081,2.280,1.970,1.240,1,0,1.000,0,0,25,295,4,16,2
19-01 14:36:08,15.506,2.001,80.529,0.750,0,5609780,148024,192544,2013172,24966.938,11360.067,0,1304.467,0,57.020,2179,3265,2.280,1.970,1.240,2,0,0,0,0,25,295,4,16,2
19-01 14:36:09,16.492,1.999,79.461,1.000,0,5614028,143068,192604,2013684,315015.218,15424.519,0,1807.124,0,81.960,2268,3306,2.280,1.970,1.240,1,0,0,0,0,25,295,4,16,2
19-01 14:36:10,10.478,2.495,83.826,0.998,0,5615796,140912,192784,2013948,114758.450,16113.645,51.893,25379.465,7.983,440.089,2989,3874,2.100,1.940,1.230,0,0,0.998,0,0,25,295,4,16,2
19-01 14:36:11,16.522,1.252,79.354,0.501,0,5622244,125540,192852,2022776,79116.247,11052.423,104.136,2018.634,6.008,250.327,2334,2935,2.100,1.940,1.230,1,0,1.001,0,0,25,295,4,16,2
19-01 14:36:12,11.528,4.511,81.695,1.253,0,5622564,138004,192416,2010876,6836290.243,41053.240,10136.256,7914.940,63.151,71.170,3711,3487,2.100,1.940,1.230,1,0,12.029,0,0,25,295,4,16,2
19-01 14:36:13,21.692,5.236,70.561,0.748,0,5649028,125872,192940,1995180,628088.838,8204.986,0,2860.326,0,93.748,5142,5932,2.100,1.940,1.230,3,0,25.930,0,0,25,295,4,16,2
19-01 14:36:14,24.494,4.249,70.234,0.750,0,5640012,127716,195820,1997484,5097.822,1693.609,0,4315.003,0,99.977,2290,3311,2.100,1.940,1.230,3,0,0,0,0,25,295,4,17,2
19-01 14:36:15,26.740,5.748,66.476,0.750,0,5654520,134472,196136,1975068,20250.609,5341.051,0,21780.050,0,140.949,2958,3511,2.090,1.940,1.230,4,0,0,0,0,25,295,4,16,2
19-01 14:36:16,24.029,11.264,64.578,1.752,0,5642760,148508,191728,1976936,8492.233,1621.954,96.116,187570.022,5.006,851.025,4266,5560,2.090,1.940,1.230,5,0,0,0,0,25,295,4,16,2
19-01 14:36:17,26.267,5.003,67.793,0.250,0,5654632,129668,181236,1993696,4984.140,1458.919,0,2877.813,0,172.108,2665,3105,2.090,1.940,1.230,7,0,0,0,0,25,295,4,16,2
19-01 14:36:18,22.297,4.760,69.897,1.002,0,5652792,135604,170228,2001140,8620.137,1697.572,0,3190.713,0,121.255,2316,3577,2.090,1.940,1.230,2,0,0,0,0,25,295,4,16,2
19-01 14:36:19,20.407,3.484,75.156,0,0,5559660,261808,170372,1967996,14733.535,4202.756,306.596,1083.041,11.945,29.863,1867,2808,2.090,1.940,1.230,1,0,1.991,0,0,25,293,4,16,2
19-01 14:36:20,20.529,3.505,74.354,0.250,0.250,5599600,221768,170388,1968080,14570.399,3754.256,8.011,464.651,1.001,16.022,1815,2554,2,1.930,1.230,3,0,8.011,0,0,25,294,4,16,2
19-01 14:36:21,25.524,3.503,69.314,0,0,5588120,226516,170624,1974416,9493.753,1795.656,0,1465.351,0,18.017,1924,2860,2,1.930,1.230,5,0,4.004,0,0,25,293,4,16,2
19-01 14:36:22,23.233,5.746,69.949,0.250,0,5612604,194656,171224,1980360,12434.960,4639.627,31.977,17067.592,1.999,197.856,3792,6578,2,1.930,1.230,2,0,5.996,0,0,25,293,4,13,2
19-01 14:36:23,26.260,6.753,66.275,0,0,5594656,212152,171244,1980744,9228.442,1620.604,0,0,0,0,9972,19779,2,1.930,1.230,2,0,13.005,0,0,25,293,4,15,2
19-01 14:36:24,25.501,5.750,66.753,0.250,0,5598936,207616,171328,1980884,8153.416,1578.080,0,2344.120,0,18.001,10040,19765,2,1.930,1.230,1,0,13.001,0,0,25,293,4,15,2
19-01 14:36:25,22.746,5.499,71.489,0,0,5601816,204340,171372,1981172,9672.472,1661.737,0,443.930,0,5.999,1811,2852,1.920,1.910,1.230,4,0,6.999,0,0,25,293,4,15,2
19-01 14:36:26,22.786,5.258,70.611,1.002,0,5581480,236332,171572,1970180,9714.232,1742.733,1113.746,1947.053,122.192,42.066,2100,3257,1.920,1.910,1.230,1,0,6.009,0,0,25,293,4,12,2
19-01 14:36:27,24.273,4.004,70.067,2.002,0,5584352,230080,171596,1973520,10993.499,1695.619,1809.728,5076.848,223.213,386.369,4584,8333,1.920,1.910,1.230,2,0,2.002,0,0,25,294,4,15,2
19-01 14:36:28,25.712,3.744,69.147,0.749,0,5586688,227084,171656,1974124,7928.163,1737.406,371.445,1609.597,22.966,159.761,4881,10537,1.920,1.910,1.230,1,0,0,0,0,25,301,4,20,2
19-01 14:36:29,26.030,3.754,68.079,1.251,0,5590708,221540,171748,1975556,5267.147,1716.003,1169.365,1373.603,78.091,171.200,3822,7502,1.920,1.910,1.230,1,0,2.002,0,0,25,301,4,20,2
19-01 14:36:30,24.756,5.001,67.766,1.000,0,5542976,267664,171856,1977056,5936.425,1620.389,1204.289,1932.464,80.019,218.052,5090,9641,1.850,1.890,1.230,1,0,66.016,0,0,25,303,4,16,2
19-01 14:36:31,12.233,16.976,69.652,0.250,0,5549716,259544,172016,1978276,9678.354,1551.812,1410.012,391.448,29.958,21.969,3643,5843,1.850,1.890,1.230,2,0,370.478,0,0,25,303,4,18,2
19-01 14:36:32,10.743,4.997,69.208,12.492,0,5539104,225524,172368,2022560,14742.992,1565.044,44584.759,4169.452,3536.839,182.888,6105,10868,1.850,1.890,1.230,1,0,14.991,0,0,25,303,4,18,2
19-01 14:36:33,6.495,1.999,88.435,1.249,0,5537136,223288,172396,2026736,17264.259,3310.557,4168.923,691.490,133.901,24.982,2112,3333,1.850,1.890,1.230,1,0,5.996,0,0,25,304,4,18,2
19-01 14:36:34,3.505,0.751,94.139,0,0,5536972,223288,172396,2026900,48578.799,5822.606,0,172.255,0,4.006,1491,2475,1.850,1.890,1.230,0,0,0,0,0,25,304,4,18,2
19-01 14:36:35,4.247,1.999,92.193,0,0,5536908,222308,172440,2027900,180361.897,3423.891,623.616,411.746,6.996,11.993,1679,2556,1.700,1.860,1.220,2,0,1.999,0,0,25,303,4,18,3
19-01 14:36:36,7.245,1.999,89.933,0.500,0,5519452,236168,172628,2031308,10052.521,118597.763,3117.680,1115.170,44.967,19.985,1870,3074,1.700,1.860,1.220,1,0,25.981,0,0,25,303,4,18,2
19-01 14:36:37,3.248,1.749,94.203,0,0,5519436,236168,172632,2031320,8578.754,1511.252,0,359.822,0,30.985,1679,2944,1.700,1.860,1.220,3,0,1.000,0,0,25,303,4,18,2
19-01 14:36:38,3.752,0.500,93.298,0.250,0,5519416,236168,172640,2031332,8306.253,1620.830,0,212.109,0,28.014,1871,3281,1.700,1.860,1.220,1,0,0,0,0,25,303,4,18,2
19-01 14:36:39,2.997,0.999,93.394,0,0,5519332,236168,172656,2031400,8499.328,1564.220,0,243.723,0,21.975,1576,2637,1.700,1.860,1.220,0,0,0,0,0,25,303,4,19,2
19-01 14:36:40,3.751,1.751,92.777,0.250,0,5519548,235920,172680,2031408,7073.072,1620.475,0,384.113,0,51.015,2054,3524,1.560,1.830,1.220,1,0,1.000,0,0,25,303,4,18,2
19-01 14:36:41,2.749,1.000,94.961,0,0,5519548,235920,172680,2031408,9288.183,1619.334,0,103.957,0,6.997,1436,2464,1.560,1.830,1.220,1,0,0,0,0,25,303,4,18,2
19-01 14:36:42,3.251,1.250,94.265,0.500,0,5519536,235920,172688,2031412,10047.648,1620.266,0,604.099,0,39.006,1582,2682,1.560,1.830,1.220,0,0,0,0,0,25,303,4,18,2
19-01 14:36:43,3.000,1.250,94.235,0.750,0,5519724,235728,172692,2031412,12627.954,1585.743,0,2967.519,0,429.930,2240,2471,1.560,1.830,1.220,1,0,0,0,0,25,303,4,18,2
19-01 14:36:44,2.250,0.750,94.750,0,0,5519720,235728,172692,2031416,8680.983,1619.997,0,4.000,0,1.000,1413,2483,1.560,1.830,1.220,1,0,0,0,0,25,303,4,18,2
19-01 14:36:45,3.003,0.751,94.601,0,0,5519592,235728,172692,2031544,5813.214,1621.734,0,68.073,0,4.004,1480,2594,1.440,1.800,1.210,1,0,2.002,0,0,25,303,4,18,2
19-01 14:36:46,3.253,1.001,94.080,0,0,5519808,235504,172692,2031552,10395.888,1621.386,0,8.007,0,2.002,1526,2567,1.440,1.800,1.210,1,0,0,0,0,25,303,4,18,1
19-01 14:36:47,5.751,4.751,88.767,0.250,0,5526520,226892,172700,2033376,10526.032,1566.302,1000.193,24736.774,11.002,109.021,2091,3166,1.440,1.800,1.210,1,0,4.001,0,0,25,303,4,18,1
19-01 14:36:48,5.744,1.998,90.660,0.500,0,5524632,227396,172716,2034744,6171.902,1618.401,1214.800,171.830,10.989,23.976,1955,3153,1.440,1.800,1.210,3,0,0,0,0,25,303,4,18,1
19-01 14:36:49,4.994,2.497,91.144,0,0,5525604,227396,172720,2033784,10366.974,1618.123,0,215.750,0,11.986,1820,2906,1.440,1.800,1.210,2,0,0,0,0,25,303,4,18,1
19-01 14:36:50,3.245,2.496,92.356,0,0,5524368,228624,172728,2033784,14307.751,1509.652,0,111.826,0,15.975,1707,2871,1.320,1.770,1.200,1,0,0.998,0,0,25,303,4,18,1
19-01 14:36:51,4.259,1.253,93.945,0.251,0,5529784,223196,172732,2033792,13879.801,1623.368,0,72.150,0,10.021,1544,2515,1.320,1.770,1.200,1,0,1.002,0,0,25,303,4,18,1
19-01 14:36:52,4.012,2.257,91.782,0.251,0.251,5532516,220452,172740,2034080,8602.453,1624.997,244.753,40749.304,5.015,335.030,2654,3697,1.320,1.770,1.200,0,0,1.003,0,0,25,303,3,18,1
19-01 14:36:53,1.993,0.996,94.907,0,0,5532428,220452,172740,2034208,5147.413,1614.171,0,31.885,0,2.989,1487,2689,1.320,1.770,1.200,0,0,0,0,0,25,303,3,18,1
19-01 14:36:54,2.252,0.751,94.840,0,0,5532412,220452,172752,2034212,10312.777,1567.486,0,84.080,0,7.007,1418,2380,1.320,1.770,1.200,1,0,0,0,0,25,303,3,18,1
19-01 14:36:55,3.252,0.750,94.546,0,0,5532408,220452,172756,2034212,8464.147,1620.794,0,84.041,0,5.002,1446,2502,1.300,1.760,1.200,1,0,0,0,0,25,303,3,18,1
19-01 14:36:56,2.750,1.250,94.758,0,0,5532400,220452,172764,2034212,6333.545,1512.130,0,28.002,0,3.000,1377,2429,1.300,1.760,1.200,1,0,0,0,0,25,303,3,18,1
19-01 14:36:57,2.250,1.250,94.748,0,0,5532824,220004,172764,2034212,11402.726,1619.961,0,2195.947,0,7.000,1428,2410,1.300,1.760,1.200,1,0,0,0,0,25,303,3,18,1
19-01 14:36:58,2.500,1.250,94.754,0.250,0,5532824,220004,172764,2034212,7280.269,1620.060,0,320.012,0,17.001,1558,2643,1.300,1.760,1.200,3,0,0,0,0,25,303,3,18,1
19-01 14:36:59,2.000,1.250,94.503,0,0,5532824,220004,172764,2034212,9451.302,1620.052,0,196.006,0,14.000,1560,2657,1.300,1.760,1.200,1,0,0,0,0,25,303,3,18,1
19-01 14:37:00,3.001,1.250,93.767,0,0,5533288,219504,172768,2034244,9913.834,1694.313,32.006,216.040,1.000,24.004,1760,2952,1.190,1.730,1.190,1,0,1.000,0,0,25,303,3,18,1
19-01 14:37:01,2.250,1.000,94.746,0,0,5533264,219504,172768,2034268,6192.752,1639.934,8.000,51.998,2.000,6.000,1396,2462,1.190,1.730,1.190,2,0,0,0,0,25,303,3,18,1
19-01 14:37:02,3.748,1.499,93.689,0.250,0,5533376,219256,172772,2034400,11414.569,1511.016,0,355.768,0,24.984,1593,2585,1.190,1.730,1.190,2,0,5.996,0,0,25,303,3,18,1
19-01 14:37:03,1.999,1.249,94.437,0,0,5533376,219256,172772,2034400,7388.072,1692.871,3.997,115.923,0.999,12.991,1439,2501,1.190,1.730,1.190,1,0,0,0,0,25,303,3,18,1
19-01 14:37:04,2.252,0.250,94.814,0,0,5533368,219256,172772,2034408,8863.000,1621.097,0,0,0,0,1446,2429,1.190,1.730,1.190,1,0,0,0,0,25,303,3,18,1
19-01 14:37:05,3.001,1.501,94.536,0,0.250,5533368,219256,172772,2034408,9623.705,1620.624,0,4.002,0,1.000,1382,2344,1.100,1.700,1.190,1,0,0,0,0,25,303,3,18,1
19-01 14:37:06,2.501,1.751,93.287,0.250,0.250,5533320,219256,172812,2034416,7303.922,324.130,0,3681.473,0,182.073,1938,3355,1.100,1.700,1.190,1,0,1.000,0,0,25,303,3,18,1
19-01 14:37:07,10.499,4.250,84.743,0.500,0,5536188,215784,172848,2034984,337813.299,6375.477,471.961,295.976,10.999,19.998,2194,3303,1.100,1.700,1.190,3,0,24.998,0,0,25,303,3,18,1
19-01 14:37:08,12.514,6.257,79.590,0.250,0,5541040,208512,172868,2037400,239256.120,7714.710,1141.289,1141.289,94.106,15.017,2539,3622,1.100,1.700,1.190,2,0,42.047,0,0,25,303,3,18,1
