"pcp-dstat 5.3.6 CSV Output"
"Author:","PCP team <pcp@groups.io> and Dag Wieers <dag@wieers.com>",,,,"URL:","https://pcp.io/ and http://dag.wieers.com/home-made/dstat/"
"Host:","ubuntu",,,,"User:","ubuntu"
"Cmdline:","dstat -tcmndrylpg --tcp --output /tmp/devstack_logs/dstat-csv.log",,,,"Date:","18 Apr 2025 14:50:14 UTC"
"system","total usage",,,,,"memory usage",,,,"net/total",,"dsk/total",,"io/total",,"system",,"load avg",,,"procs",,,"paging",,"tcp sockets",,,,
"time","total usage:usr","total usage:sys","total usage:idl","total usage:wai","total usage:stl","used","free","buf","cach","net/total:recv","net/total:send","dsk/total:read","dsk/total:writ","read","writ","int","csw","1m","5m","15m","run","blk","new","in","out","lis","act","syn","tim","clo"
18-04 14:50:14,,986752,938976,173540,5677592,,,,,,,1.560,1.010,0.560,3,0,,,,9,6,6,11,0
18-04 14:50:15,22.710,21.462,54.904,0.499,0,993612,917536,173596,5691644,448916.050,19755.369,0,4623.894,0,247.566,3937,5576,1.560,1.010,0.560,2,0,408.284,0,0,9,5,6,11,1
18-04 14:50:16,29.009,23.257,46.764,0.500,0,1011228,880508,173884,5708364,11658.486,1524.456,0,3977.189,0,130.039,3388,5425,1.560,1.010,0.560,3,0,379.113,0,0,9,4,6,11,2
18-04 14:50:17,35.440,19.966,41.679,0.998,0,1005732,854336,175036,5735864,10776.690,1617.252,0,3537.989,0,150.744,5943,8649,1.560,1.010,0.560,2,0,267.545,0,0,9,4,6,11,2
18-04 14:50:18,30.246,10.249,58.241,0.750,0,1141488,710088,175916,5865732,17741.410,4291.373,0,2655.612,0,81.988,3482,4964,1.510,1.010,0.560,3,0,107.984,0,0,10,4,6,10,0
18-04 14:50:19,36.572,15.030,48.596,0,0,1130296,720008,175932,5867084,7721.242,1460.884,80.158,913.804,1.002,29.057,2310,3181,1.510,1.010,0.560,2,0,200.396,0,0,10,4,6,12,0
18-04 14:50:20,44.016,8.003,46.267,0,0,1192784,656000,175968,5868168,5383.965,1620.592,0,88.032,0,2.001,9750,18722,1.510,1.010,0.560,2,0,15.005,0,0,10,4,6,12,0
18-04 14:50:21,39.762,9.503,45.013,5.502,0,1189716,653216,176364,5873460,7252.139,1694.500,0,34166.079,0,2620.773,16685,32614,1.510,1.010,0.560,2,0,49.014,0,0,10,6,6,12,0
18-04 14:50:22,40.726,9.245,43.725,7.246,0,1110272,728656,176668,5876924,11766.140,1457.150,0,43934.386,0,3509.954,13568,24100,1.510,1.010,0.560,2,0,75.956,0,0,10,4,6,12,0
18-04 14:50:23,24.743,7.248,66.982,0,0,1134768,704160,176668,5876920,11689.879,1661.556,0,1691.548,0,112.970,1918,2651,1.470,1.010,0.570,1,0,95.974,0,0,10,4,6,12,0
18-04 14:50:24,23.251,2.500,72.253,1.000,0,1083768,755116,176696,5876932,14892.521,1662.058,0,5880.206,0,344.012,2043,2766,1.470,1.010,0.570,1,0,11.000,0,0,10,4,6,12,0
18-04 14:50:25,26.492,5.498,67.228,0,0,1158348,680516,176696,5876932,9192.059,1457.534,0,491.843,0,12.996,1716,2915,1.470,1.010,0.570,1,0,35.988,0,0,10,4,6,13,0
18-04 14:50:26,19.249,6.500,73.495,0,0,1079468,759388,176696,5876940,12295.152,1619.888,0,4.000,0,1.000,1454,1817,1.470,1.010,0.570,1,0,93.994,0,0,10,4,6,13,0
18-04 14:50:27,9.741,19.232,69.936,0,0,1086316,752376,176696,5877104,10843.003,1618.508,0,19.982,0,3.996,2550,3614,1.470,1.010,0.570,3,0,288.734,0,0,10,4,6,12,0
18-04 14:50:28,9.761,21.024,68.578,0.250,0,1080928,757724,176700,5877120,5959.782,1459.661,0,504.574,0,25.028,2532,3705,1.430,1.010,0.570,1,0,274.312,0,0,10,4,6,12,0
18-04 14:50:29,19.508,17.758,62.027,0,0,1102904,735540,176704,5877484,10816.705,1620.705,0,16.007,0,4.002,4226,7729,1.430,1.010,0.570,4,0,172.075,0,0,10,4,6,12,0
18-04 14:50:30,47.006,9.751,42.255,0.250,0,1223088,614816,176740,5877936,10754.355,1694.213,0,52534.619,0,631.080,2594,2219,1.430,1.010,0.570,3,0,89.011,0,0,10,5,6,12,0
18-04 14:50:31,47.001,4.500,48.501,0,0,1270028,565436,176868,5880024,5153.134,1694.044,0,396.010,0,48.001,2122,4608,1.430,1.010,0.570,2,0,0,0,0,10,5,6,12,0
18-04 14:50:32,7.981,6.734,83.548,0.499,0,1277676,557164,176888,5880572,11090.173,1689.912,0,3012.712,0,47.884,2082,3847,1.430,1.010,0.570,2,0,117.715,0,0,10,4,6,13,0
18-04 14:50:33,11.999,3.000,85.242,0,0,1312764,522072,176912,5880552,8307.269,1619.857,0,0,0,0,1133,1403,1.320,0.990,0.560,1,0,21.998,0,0,10,4,6,13,0
18-04 14:50:34,23.504,1.750,74.012,0,0,1368084,466716,176912,5880580,12220.955,1532.245,0,0,0,0,990,1174,1.320,0.990,0.560,1,0,3.000,0,0,10,4,6,13,0
18-04 14:50:35,20.749,5.500,71.746,1.000,0,1283928,550672,176956,5880828,13421.181,1619.901,0,13575.172,0,341.979,3499,5628,1.320,0.990,0.560,1,0,42.997,0,0,10,4,6,15,0
18-04 14:50:36,23.546,3.006,73.392,0,0,1345132,489212,176960,5881024,5239.164,1623.149,0,837.625,0,19.037,1341,1993,1.320,0.990,0.560,1,0,3.006,0,0,10,13,6,15,0
18-04 14:50:37,21.958,4.491,72.612,0.499,0,1332384,501468,176964,5881412,12595.132,1497.163,231.561,1369.405,57.890,24.953,1963,2819,1.320,0.990,0.560,2,0,46.911,0,0,10,28,6,15,0
18-04 14:50:38,21.499,7.750,69.747,0,0,1324804,508904,176964,5881552,12540.461,1693.927,0,47.998,0,7.000,1973,2942,1.290,0.990,0.570,2,0,155.993,0,0,10,28,6,15,0
18-04 14:50:39,43.019,7.753,49.272,0,0,1429104,404572,176964,5881580,6202.779,1532.687,0,0,0,0,1960,3447,1.290,0.990,0.570,2,0,4.002,0,0,10,30,6,15,0
18-04 14:50:40,51.596,19.536,27.551,0,0,1431280,402200,176984,5881812,14424.830,1697.157,0,35253.572,0,120.224,4546,9949,1.290,0.990,0.570,5,0,459.855,0,0,10,28,6,16,0
18-04 14:50:41,81.492,15.499,2.500,0,0,1617132,216240,176988,5881908,13151.737,1619.844,0,4167.600,0,148.986,3795,7176,1.290,0.990,0.570,4,0,130.987,0,0,10,32,6,16,0
18-04 14:50:42,70.982,13.746,14.996,0.250,0,1386100,447072,177004,5882084,11452.034,1531.603,0,467.879,0,43.989,4602,9051,1.290,0.990,0.570,3,0,202.947,0,0,10,29,6,16,0
18-04 14:50:43,20.967,8.736,69.389,0,0,1356172,476832,177020,5882232,8997.667,1617.423,0,487.224,0,25.959,2390,3891,1.270,0.990,0.570,3,0,110.823,0,0,10,28,6,16,0
18-04 14:50:44,23.019,3.003,72.811,0,0,1321048,511944,177020,5882244,6531.467,1621.357,0,100.084,0,13.011,1445,2801,1.270,0.990,0.570,2,0,7.006,0,0,10,28,6,16,0
18-04 14:50:45,20.475,5.743,72.661,0.499,0,1379664,453320,177020,5882252,11306.094,1456.209,0,4774.128,0,18.977,1418,1783,1.270,0.990,0.570,3,0,63.921,0,0,10,28,6,16,0
18-04 14:50:46,17.759,11.006,70.536,0,0,1322808,510128,177036,5882280,12024.084,1768.895,0,348.176,0,26.013,2869,4558,1.270,0.990,0.570,4,0,148.075,0,0,10,28,6,16,0
18-04 14:50:47,8.504,22.011,67.784,0,0,1323892,509044,177036,5882280,10924.517,1620.819,0,2473.249,0,23.012,2467,3049,1.270,0.990,0.570,3,0,307.155,0,0,10,28,6,16,0
18-04 14:50:48,47.311,26.284,26.034,0,0.250,1461980,370916,177036,5882320,8717.237,1716.212,0,889.146,0,63.081,2867,5256,1.250,0.990,0.570,5,0,589.760,0,0,10,28,6,16,0
18-04 14:50:49,81.312,9.757,8.757,0,0,1539720,293132,177040,5882360,11130.426,1459.105,0,268.203,0,29.022,5739,12107,1.250,0.990,0.570,5,0,11.008,0,0,10,29,6,15,0
18-04 14:50:50,79.423,13.737,6.494,0.250,0,1508028,324428,177044,5882748,12265.176,1618.440,0,66064.314,0,175.830,5592,10893,1.250,0.990,0.570,6,0,117.886,0,0,10,28,6,15,0
18-04 14:50:51,78.697,15.739,4.747,0,0,1537144,295012,177060,5882952,6216.791,1618.904,0,3409.692,0,190.871,6266,11102,1.250,0.990,0.570,7,0,207.859,0,0,10,29,6,15,0
18-04 14:50:52,70.790,14.008,15.009,0,0,1502716,329124,177068,5883252,5865.337,1458.830,0,408.232,0,23.013,5831,12840,1.250,0.990,0.570,3,0,139.079,0,0,10,29,6,17,0
18-04 14:50:53,44.175,11.730,42.678,0,0,1412716,418964,177080,5883416,12106.576,1617.272,0,650.902,0,44.924,3228,5344,1.310,1.010,0.580,2,0,151.744,0,0,10,28,6,18,0
18-04 14:50:54,41.532,8.006,50.039,0,0,1322808,508688,177080,5883596,9475.391,1695.322,0,704.550,0,30.023,3727,7293,1.310,1.010,0.580,1,0,99.077,0,0,10,28,6,19,0
18-04 14:50:55,48.694,17.979,32.962,0,0,1470936,360532,177088,5883616,12844.255,1530.243,0,375.569,0,21.975,2422,3259,1.310,1.010,0.580,4,0,285.672,0,0,10,28,6,18,0
18-04 14:50:56,60.645,13.532,24.809,0.251,0,1364976,466276,177108,5883808,7835.775,1623.891,0,850.037,0,57.137,4509,10580,1.310,1.010,0.580,5,0,259.622,0,0,10,28,6,21,0
18-04 14:50:57,83.033,11.255,5.752,0,0,1567088,263988,177108,5883980,11529.612,1620.648,0,324.130,0,14.006,2705,5009,1.310,1.010,0.580,5,0,7.003,0,0,10,31,6,22,0
18-04 14:50:58,60.979,15.495,23.492,0,0,1417872,412944,177120,5884204,4914.285,1457.491,0,563.803,0,46.984,4975,10958,1.440,1.040,0.590,4,0,329.885,0,0,10,28,6,26,0
18-04 14:50:59,63.244,6.749,29.497,0,0,1506084,324520,177132,5884400,5315.527,1661.852,0,631.944,0,33.997,3369,7958,1.440,1.040,0.590,5,0,0,0,0,10,29,6,31,0
18-04 14:51:00,58.637,15.969,24.702,0,0,1477188,353380,177136,5884432,5203.982,1616.887,0,395.239,0,27.946,2618,4342,1.440,1.040,0.590,5,0,304.414,0,0,10,28,6,31,0
18-04 14:51:01,54.102,15.279,29.305,0,0,1351204,479168,177140,5884620,11905.358,1514.845,0,617.159,0,33.062,5846,12104,1.440,1.040,0.590,4,0,287.540,0,0,10,28,6,34,0
18-04 14:51:02,66.240,8.749,25.246,0,0,1509652,320552,177140,5884784,10284.468,1639.756,0,279.958,0,14.998,2423,4129,1.440,1.040,0.590,6,0,5.999,0,0,10,31,6,35,0
18-04 14:51:03,61.119,10.727,27.940,0,0,1456396,373320,177144,5885264,11967.270,1690.366,0,447.039,0,42.908,3992,7363,1.570,1.070,0.610,5,0,117.747,0,0,10,28,6,34,0
18-04 14:51:04,58.886,17.290,23.554,0.251,0,1355936,473580,177156,5885448,7605.531,1623.743,0,837.931,0,43.099,3875,10356,1.570,1.070,0.610,6,0,294.679,0,0,10,28,6,36,0
18-04 14:51:05,82.498,15.750,1.500,0,0,1589704,239756,177156,5885504,11813.752,1619.966,0,283.994,0,19.000,2491,3987,1.570,1.070,0.610,5,0,227.995,0,0,10,32,6,36,0
18-04 14:51:06,80.500,16.000,2.750,0,0,1497480,331732,177168,5885888,8679.052,1458.009,0,6844.041,0,384.002,5992,10066,1.570,1.070,0.610,8,0,277.002,0,0,10,28,6,36,0
18-04 14:51:07,81.742,15.249,3.250,0,0,1513976,315152,177172,5885960,8737.187,1619.849,0,4763.557,0,132.988,5361,9623,1.570,1.070,0.610,8,0,272.975,0,0,10,30,6,36,0
18-04 14:51:08,76.755,17.251,5.750,0,0,1514368,314536,177172,5886176,6246.381,1620.099,0,240.015,0,13.001,4639,10614,2,1.170,0.640,4,0,345.021,0,0,10,29,6,36,0
18-04 14:51:09,36.672,26.943,34.926,0,0,1337512,491164,177176,5886396,12216.029,1454.907,0,590.744,0,13.970,6790,12927,2,1.170,0.640,2,0,655.606,0,0,10,28,6,36,0
18-04 14:51:10,7.259,22.780,68.339,0,0.250,1335352,493312,177176,5886408,8327.826,1696.205,0,192.250,0,9.012,2393,3066,2,1.170,0.640,2,0,307.400,0,0,10,28,6,33,0
18-04 14:51:11,11.756,24.263,63.535,0,0.250,1337480,491172,177188,5886404,11968.583,1662.915,0,1084.597,0,50.028,2962,4176,2,1.170,0.640,4,0,409.225,0,0,10,28,6,33,0
18-04 14:51:12,65.027,27.011,7.753,0,0,1513784,314796,177188,5886476,8683.621,1458.608,0,164.068,0,18.008,3008,6840,2,1.170,0.640,7,0,784.327,0,0,10,29,5,33,0
18-04 14:51:13,78.498,16.750,4.500,0,0,1453968,374408,177208,5886660,14092.690,1619.964,0,955.979,0,71.998,5244,10303,2.400,1.270,0.680,7,0,330.993,0,0,10,28,5,33,0
18-04 14:51:14,80.751,17.750,0.750,0,0,1561624,266504,177212,5886888,16345.180,1620.018,0,536.006,0,29.000,4686,8876,2.400,1.270,0.680,7,0,306.003,0,0,10,28,5,33,0
18-04 14:51:15,84.611,12.979,2.995,0,0,1631924,196116,177224,5886964,5595.806,1455.608,0,243.600,0,9.984,4649,12018,2.400,1.270,0.680,7,0,80.867,0,0,10,31,5,33,0
18-04 14:51:16,83.751,13.250,2.500,0,0,1575336,252200,177256,5887380,12636.202,1620.026,0,1616.026,0,42.001,4165,47429,2.400,1.270,0.680,7,0,43.001,0,0,10,30,5,33,0
18-04 14:51:17,80.121,16.275,2.504,0,0,1514904,312416,177268,5887580,11011.683,1460.212,0,440.668,0,43.065,3722,9516,2.400,1.270,0.680,7,0,109.165,0,0,10,28,5,33,0
18-04 14:51:18,85.755,11.001,3.000,0.250,0,1636696,190020,177320,5888088,126845.230,8118.463,0,936.053,0,34.002,3275,10109,2.690,1.350,0.700,6,0,57.003,0,0,10,32,5,33,0
18-04 14:51:19,75.991,14.248,8.749,0.250,0,1580088,245928,177484,5888580,157758.858,10277.818,0,1931.778,0,66.992,4440,18569,2.690,1.350,0.700,5,0,168.981,0,0,10,33,5,33,0
18-04 14:51:20,84.261,12.502,3.250,0,0,1542988,282496,177604,5888900,27545.608,6907.905,0,1084.142,0,59.008,3357,11186,2.690,1.350,0.700,6,0,154.020,0,0,10,30,5,31,0
18-04 14:51:21,82.937,10.992,6.245,0,0,1620792,203796,177780,5889516,74031.736,8757.344,0,1430.913,0,69.947,6149,12262,2.690,1.350,0.700,7,0,71.945,0,0,10,33,5,31,0
18-04 14:51:22,83.563,11.259,4.503,0,0,1530304,293856,177800,5889816,11038.345,2371.793,0,428.324,0,22.017,6102,12911,2.690,1.350,0.700,6,0,76.057,0,0,10,30,5,31,0
18-04 14:51:23,81.067,13.719,5.238,0.249,0,1634556,189200,177928,5890072,28434.794,8482.846,0,1197.297,0,58.867,5827,11716,2.960,1.430,0.730,6,0,102.768,0,0,10,33,5,31,0
18-04 14:51:24,76.676,14.032,8.018,0,0,1473304,350012,178036,5890348,27406.954,6473.870,0,1327.048,0,85.196,5279,15344,2.960,1.430,0.730,7,0,169.389,0,0,10,31,5,31,0
18-04 14:51:25,83.245,13.499,1.250,0,0,1587456,233580,178136,5892312,337942.386,8002.512,0,959.941,0,34.998,3794,10598,2.960,1.430,0.730,7,0,113.993,0,0,10,31,5,32,0
18-04 14:51:26,81.366,10.483,8.736,0,0,1613592,207024,178236,5892660,20950.578,7523.639,0,1026.314,0,49.918,5697,12732,2.960,1.430,0.730,7,0,7.987,0,0,10,32,5,31,0
18-04 14:51:27,79.627,16.276,3.506,0,0,1556088,254964,178636,5900780,1421681.003,13682.838,0,2195.504,0,21.034,4254,10323,2.960,1.430,0.730,7,0,191.305,0,0,10,30,5,31,0
18-04 14:51:28,85.001,12.250,2.500,0.250,0,1630076,180604,178728,5900960,18096.271,6047.091,0,1288.019,0,61.001,4732,9595,3.200,1.500,0.760,7,0,57.001,0,0,10,31,6,31,0
18-04 14:51:29,78.752,14.750,5.250,0,0,1484856,325024,178828,5901524,19717.552,3407.095,0,924.026,0,60.002,4561,10474,3.200,1.500,0.760,5,0,187.005,0,0,10,30,6,31,0
18-04 14:51:30,80.782,12.505,6.002,0,0,1527948,281448,178928,5901816,27328.822,6477.565,0,1828.724,0,57.023,4085,8010,3.200,1.500,0.760,6,0,109.043,0,0,10,30,6,31,0
18-04 14:51:31,78.721,12.495,8.247,0,0,1500008,308628,179060,5902336,52039.641,5583.923,0,1239.539,0,52.980,5804,13678,3.200,1.500,0.760,7,0,152.943,0,0,10,31,6,31,0
18-04 14:51:32,79.498,14.750,4.750,0.250,0,1528384,279564,179184,5902784,55537.612,4629.884,0,1055.974,0,43.999,3569,6102,3.200,1.500,0.760,5,0,167.996,0,0,10,31,6,30,0
18-04 14:51:33,64.745,12.499,21.998,0,0,1425628,381548,179352,5903256,132728.444,10679.231,0,1655.881,0,80.994,6553,11980,3.180,1.530,0.770,6,0,132.990,0,0,10,30,6,30,0
18-04 14:51:34,73.505,10.751,14.501,0.250,0,1564320,196264,179460,5948420,23947303.733,140152.689,0,19117.185,0,68.004,10022,7911,3.180,1.530,0.770,6,0,21.001,0,0,10,33,6,31,0
18-04 14:51:35,64.245,14.249,18.748,1.250,0,1509812,220004,179848,5977564,14488400.463,75932.698,0,22754.111,0,206.983,7108,6641,3.180,1.530,0.770,5,0,162.986,0,0,10,30,6,31,0
18-04 14:51:36,80.696,11.742,7.995,0,0,1480792,248280,179968,5978184,11595.185,1530.968,0,4704.829,0,263.822,5781,10835,3.180,1.530,0.770,4,0,63.957,0,0,10,30,6,29,0
18-04 14:51:37,80.310,12.760,6.005,0,0,1574332,153332,180064,5979388,12418.326,1621.218,0,508.382,0,35.026,2802,4833,3.180,1.530,0.770,4,0,93.070,0,0,10,36,6,29,0
18-04 14:51:38,76.496,15.749,7.250,0,0,1474520,243600,180732,5986576,9496.478,1619.911,0,8155.551,0,225.988,4348,12918,3.410,1.600,0.800,4,0,179.990,0,0,10,34,6,31,0
18-04 14:51:39,82.615,11.481,6.489,0,0,1579392,137480,180752,5987804,8915.441,1617.359,0,587.041,0,35.941,3616,7971,3.410,1.600,0.800,4,0,3.993,0,0,10,36,6,32,0
18-04 14:51:40,75.874,18.781,4.007,0.250,0,1519516,174576,181004,6009592,12648.668,1460.386,0,3345.466,0,137.224,2952,5465,3.410,1.600,0.800,4,0,348.570,0,0,10,34,6,32,0
18-04 14:51:41,70.949,13.490,14.490,0.500,0,1483336,190244,180164,6026632,12265.267,1618.847,651.536,36805.794,14.989,485.654,5343,11280,3.410,1.600,0.800,4,0,53.962,0,0,10,35,6,33,0
18-04 14:51:42,80.706,17.490,2.499,0.250,0,1501228,126960,191844,6048752,11419.708,1619.108,211.883,28552.268,5.997,302.833,3890,6288,3.410,1.600,0.800,5,0,81.955,0,0,10,34,6,33,0
18-04 14:51:43,79.859,13.769,4.756,0.751,0,1473820,195004,192804,6006044,11982.356,1459.993,432.590,108660.321,38.052,577.789,5202,12151,3.460,1.640,0.820,5,0,39.053,0,0,10,35,6,33,0
18-04 14:51:44,77.999,16.250,5.500,0.250,0,1527168,166456,192800,5981308,11968.797,1767.970,895.985,279.995,16.000,7.000,6057,44637,3.460,1.640,0.820,5,0,162.997,0,0,10,35,6,33,0
18-04 14:51:45,59.995,15.499,24.248,0.250,0,1470792,221976,192808,5982112,12630.914,1457.875,615.947,299.974,21.998,18.998,3602,6822,3.460,1.640,0.820,5,0,123.989,0,0,10,34,6,34,0
18-04 14:51:46,58.002,16.001,25.251,0,0,1346328,401144,192820,5929568,6077.261,1968.085,24.001,1240.053,3.000,37.002,3467,7804,3.460,1.640,0.820,4,0,284.012,0,0,10,32,6,35,0
18-04 14:51:47,63.252,21.001,14.501,0,0,1478148,261384,192820,5937500,5589.201,1620.058,916.033,1300.047,16.001,17.001,4498,8976,3.460,1.640,0.820,7,0,326.012,0,0,10,32,6,35,0
18-04 14:51:48,56.248,21.749,21.499,0,0,1368432,365196,192820,5943564,13220.537,1551.946,375.987,60125.896,8.000,216.992,6329,12822,3.420,1.660,0.830,5,0,436.985,0,0,10,32,6,35,0
18-04 14:51:49,48.330,12.392,37.920,0.496,0,1437864,294308,192828,5945012,5865.995,1606.036,1046.897,305.345,64.440,9.914,2933,6342,3.420,1.660,0.830,2,0,229.009,0,0,10,33,6,35,0
18-04 14:51:50,37.535,14.611,47.107,0.252,0,1370468,361660,192832,5945052,12160.186,1632.375,0,237.803,0,20.153,3649,6897,3.420,1.660,0.830,2,0,256.948,0,0,10,32,6,35,0
18-04 14:51:51,21.240,15.243,62.970,0,0,1326336,405620,192836,5945220,9749.408,1693.203,0,331.844,0,21.990,2461,4574,3.420,1.660,0.830,2,0,248.883,0,0,10,32,6,36,0
18-04 14:51:52,22.982,2.748,73.692,0,0,1377596,354356,192836,5945224,10820.463,1456.851,0,175.861,0,9.992,965,1628,3.420,1.660,0.830,1,0,2.998,0,0,10,32,6,37,0
18-04 14:51:53,17.497,8.748,72.486,0.500,0,1352188,379600,192856,5945368,8656.303,1619.683,0,1479.710,0,81.984,2116,3670,3.230,1.650,0.830,1,0,95.981,0,0,10,32,6,34,0
18-04 14:51:54,23.545,2.505,72.890,0,0,1385660,346112,192860,5945380,5239.048,1623.113,0,76.146,0,6.012,1901,3264,3.230,1.650,0.830,1,0,1.002,0,0,10,33,6,34,0
18-04 14:51:55,22.711,3.244,72.876,0,0,1356936,374808,192868,5945400,13592.797,1455.515,0,191.673,0,19.966,1645,3181,3.230,1.650,0.830,1,0,31.945,0,0,10,32,6,33,0
18-04 14:51:56,21.970,4.494,73.149,0,0,1371272,360192,192868,5945680,11186.618,1617.776,0,111.846,0,7.989,2109,4809,3.230,1.650,0.830,1,0,0,0,0,10,32,6,33,0
18-04 14:51:57,19.784,6.261,73.377,0,0,1369024,362308,192868,5945812,5120.854,1622.806,0,0,0,0,1106,1419,3.230,1.650,0.830,2,0,58.100,0,0,10,32,6,30,0
18-04 14:51:58,18.993,7.997,71.723,0.500,0,1328044,403132,193016,5945820,12002.559,1457.461,135.950,587.783,4.998,36.986,1961,3232,3.050,1.640,0.830,1,0,90.966,0,0,10,32,6,30,0
18-04 14:51:59,23.250,3.500,73.000,0,0,1373636,357520,193024,5945832,8512.974,1619.995,0,104.000,0,6.000,1270,2463,3.050,1.640,0.830,2,0,2.000,0,0,10,33,6,25,0
18-04 14:52:00,19.500,7.750,72.748,0.250,0,1356800,374196,193036,5945980,13782.697,1693.963,0,355.992,0,31.999,1742,2367,3.050,1.640,0.830,1,0,100.998,0,0,10,32,6,26,0
18-04 14:52:01,22.552,4.260,72.416,0,0,1326968,403876,193048,5946120,11898.199,1535.510,0,348.797,0,43.099,2163,3914,3.050,1.640,0.830,1,0,28.064,0,0,10,32,6,20,0
18-04 14:52:02,19.710,6.237,73.602,0,0,1372460,358368,193048,5946136,5924.051,1690.590,0,175.646,0,8.982,1279,1620,3.050,1.640,0.830,1,0,67.863,0,0,10,32,6,20,0
18-04 14:52:03,22.496,3.749,72.236,0.250,0,1324152,405876,193056,5946928,14801.084,1511.702,0,271.946,0,23.995,2708,5545,2.880,1.630,0.830,3,0,16.997,0,0,10,32,6,14,0
18-04 14:52:04,21.969,3.994,73.897,0,0,1374076,355940,193064,5946932,13076.810,1637.722,0,175.756,0,8.987,1276,1984,2.880,1.630,0.830,1,0,15.978,0,0,10,32,6,14,0
18-04 14:52:05,19.060,9.028,71.222,0,0,1320688,408900,193068,5947356,6689.899,1625.077,0,164.514,0,11.034,2626,5288,2.880,1.630,0.830,1,0,118.370,0,0,10,32,6,15,0
18-04 14:52:06,13.472,22.952,61.871,0.249,0,1319988,409428,193088,5947524,11628.661,1616.616,19.958,407.148,2.994,24.948,2845,4089,2.880,1.630,0.830,2,0,367.231,0,0,10,32,6,17,0
18-04 14:52:07,44.527,6.004,48.779,0,0,1465956,262040,193132,5948892,10925.523,1512.903,588.351,1332.796,12.007,41.024,1503,1802,2.880,1.630,0.830,2,0,5.003,0,0,10,34,6,17,0
18-04 14:52:08,39.521,8.755,42.022,9.755,0,1410380,310548,193792,5955108,12028.291,1640.858,260.136,41377.641,32.017,3525.844,13807,27388,2.810,1.640,0.840,2,0,128.067,0,0,10,36,6,17,0
18-04 14:52:09,38.733,6.747,45.980,7.497,0,1486344,233196,194320,5955952,12237.640,1693.258,0,38571.106,0,3332.540,14906,26176,2.810,1.640,0.840,2,0,45.980,0,0,10,36,6,17,0
18-04 14:52:10,45.495,5.999,47.995,0.750,0,1420944,298556,194348,5955960,5479.447,1693.829,0,11694.819,0,673.932,2450,4334,2.810,1.640,0.840,2,0,9.999,0,0,10,32,6,17,0
18-04 14:52:11,39.249,7.750,45.248,7.250,0,1505296,213408,194720,5956384,13241.550,1553.947,0,14559.505,0,2279.922,12327,23252,2.810,1.640,0.840,2,0,3.000,0,0,10,34,6,17,0
18-04 14:52:12,33.691,7.986,56.401,1.997,0,1387316,331188,194840,5956464,12070.840,1637.130,0,5166.942,0,620.912,4439,7542,2.810,1.640,0.840,1,0,100.823,0,0,10,32,6,17,0
18-04 14:52:13,22.831,3.262,72.508,0.502,0,1435384,283088,194852,5956484,11825.157,1667.946,0,15523.341,0,552.971,1642,1668,2.670,1.630,0.840,1,0,2.007,0,0,10,32,6,17,0
18-04 14:52:14,23.172,3.488,72.258,0.249,0,1412924,305700,194880,5956504,8090.863,1453.126,0,6976.600,0,362.783,1568,2626,2.670,1.630,0.840,1,0,3.987,0,0,10,32,6,17,0
18-04 14:52:15,23.478,2.498,73.679,0.250,0,1350500,368104,194888,5956516,11937.576,1618.451,55.946,87.916,3.996,11.989,1056,1202,2.670,1.630,0.840,1,1,3.996,0,0,10,32,6,17,0
18-04 14:52:16,22.786,3.756,72.865,0.250,0,1431596,286708,194888,5956804,11199.639,1770.789,232.366,0,8.013,0,1085,1247,2.670,1.630,0.840,1,0,9.014,0,0,10,32,6,17,0
18-04 14:52:17,23.240,2.499,73.718,0,0,1374648,343584,194892,5956872,6794.038,1457.365,0,0,0,0,922,1113,2.670,1.630,0.840,1,0,1.000,0,0,10,32,6,17,0
18-04 14:52:18,22.567,3.510,73.217,0.251,0,1440636,277592,194892,5956872,5513.314,1624.808,0,14831.888,0,46.137,1033,1307,2.530,1.620,0.840,1,0,4.012,0,0,10,32,6,17,0
18-04 14:52:19,23.966,1.748,73.645,0,0.250,1390468,327644,194900,5956980,12004.929,1617.700,0,3.994,0,0.999,971,1109,2.530,1.620,0.840,1,0,0.999,0,0,10,32,6,17,0
18-04 14:52:20,22.962,2.745,73.627,0,0,1387892,330204,194900,5956992,7667.188,1455.568,0,487.186,0,1.997,1044,1240,2.530,1.620,0.840,1,0,4.992,0,0,10,32,6,17,0
18-04 14:52:21,23.021,2.252,73.566,0,0,1437520,280564,194908,5956996,11165.994,1621.451,0,436.391,0,43.039,1232,1654,2.530,1.620,0.840,1,0,2.002,0,0,10,32,6,17,0
18-04 14:52:22,21.487,4.497,73.954,0,0,1412100,305944,194912,5957032,12969.868,1660.959,0,0,0,0,1049,1177,2.530,1.620,0.840,1,0,2.998,0,0,10,32,6,17,0
18-04 14:52:23,23.502,2.000,73.505,0,0,1401028,316496,194912,5957552,11336.805,1566.111,500.036,0,4.000,0,974,1119,2.410,1.610,0.840,1,0,3.000,0,0,10,32,6,17,0
18-04 14:52:24,21.517,4.253,73.807,0,0,1346064,371448,194912,5957564,11002.516,1587.229,0,4.003,0,1.001,1149,1360,2.410,1.610,0.840,2,0,34.026,0,0,10,32,6,17,0
18-04 14:52:25,14.524,20.784,64.606,0,0,1344300,373072,194916,5957628,10380.086,1696.793,0,532.877,0,7.012,3439,8544,2.410,1.610,0.840,2,0,444.732,0,0,10,32,6,17,0
18-04 14:52:26,8.239,20.722,69.907,0,0,1353204,363996,194916,5957872,6769.949,1617.837,111.850,451.396,6.991,7.989,2710,3909,2.410,1.610,0.840,2,0,335.551,0,0,10,32,6,17,0
18-04 14:52:27,8.511,21.528,69.089,0,0,1356228,360704,194924,5958132,14303.337,1459.872,4.005,420.539,1.001,5.006,2635,3703,2.410,1.610,0.840,1,0,308.395,0,0,10,32,6,17,0
18-04 14:52:28,11.003,18.004,70.766,0,0,1351396,365496,194932,5958160,11622.650,1620.369,8.002,0,2.000,0,2521,3499,2.220,1.580,0.840,1,0,290.066,0,0,10,32,6,17,0
18-04 14:52:29,22.721,2.747,73.906,0.250,0,1422320,294580,194932,5958144,10870.206,1617.947,0,655.169,0,120.847,1123,1197,2.220,1.580,0.840,1,0,3.995,0,0,10,32,6,17,0
18-04 14:52:30,22.748,3.250,73.494,0,0,1373256,343628,194932,5958160,10514.180,1457.886,0,15.999,0,1.000,999,1119,2.220,1.580,0.840,1,0,3.000,0,0,10,32,6,17,0
18-04 14:52:31,22.733,3.248,73.444,0.250,0,1433992,282900,194936,5958148,13214.010,1618.776,0,435.671,0,34.974,1195,1651,2.220,1.580,0.840,2,0,1.998,0,0,10,32,6,17,0
18-04 14:52:32,23.253,2.000,73.759,0,0,1389520,327360,194936,5958156,11149.394,1694.212,0,20.003,0,1.000,983,1127,2.220,1.580,0.840,1,0,3.000,0,0,10,32,6,17,0
18-04 14:52:33,24.000,2.500,73.749,0,0,1336968,379900,194936,5958168,5716.937,1457.984,0,12.000,0,1.000,873,1069,2.120,1.570,0.840,2,0,3.000,0,0,10,32,6,17,0
18-04 14:52:34,21.993,3.999,73.976,0,0,1415108,301780,194936,5958148,10823.482,1693.450,0,0,0,0,954,1212,2.120,1.570,0.840,2,0,4.998,0,0,10,32,6,17,0
18-04 14:52:35,22.757,2.501,73.272,0,0,1363300,353568,194936,5958168,8936.663,1662.495,0,36.011,0,3.001,914,1146,2.120,1.570,0.840,1,0,3.001,0,0,10,32,6,17,0
18-04 14:52:36,23.699,1.996,73.840,0,0,1432860,284016,194936,5958156,4699.844,1454.856,0,55.879,0,0.998,821,1070,2.120,1.570,0.840,2,1,1.996,0,0,10,32,6,16,0
18-04 14:52:37,23.016,2.752,73.802,0,0,1394188,322700,194936,5958144,11438.052,1621.141,0,20.014,0,3.002,902,1087,2.120,1.570,0.840,1,0,3.002,0,0,10,32,6,16,0
18-04 14:52:38,23.492,2.249,73.725,0,0,1435264,281624,194936,5958144,10613.423,1619.454,0,23.992,0,1.000,920,1041,2.030,1.560,0.840,1,0,1.999,0,0,10,32,6,15,0
18-04 14:52:39,22.521,3.003,73.567,0,0,1411668,305196,194936,5958168,12925.775,1621.477,0,1629.484,0,4.004,1033,1147,2.030,1.560,0.840,1,0,3.003,0,0,10,32,6,15,0
18-04 14:52:40,23.031,2.754,73.600,0,0,1344228,372600,194936,5958204,12390.814,1696.302,0,240.326,0,31.042,1030,1052,2.030,1.560,0.840,1,0,3.004,0,0,10,32,6,12,0
18-04 14:52:41,23.004,3.251,73.013,0,0,1361564,355256,194944,5958204,5742.016,1620.287,0,528.093,0,35.006,1197,1656,2.030,1.560,0.840,1,0,4.001,0,0,10,32,6,12,0
18-04 14:52:42,23.477,2.248,73.679,0,0,1433656,283184,194944,5958184,11381.086,1456.603,0,0,0,0,988,1196,2.030,1.560,0.840,1,0,2.997,0,0,10,32,5,11,0
18-04 14:52:43,23.475,1.998,73.672,0,0,1391140,325700,194944,5958184,11928.404,1618.291,0,27.970,0,2.997,968,1095,1.950,1.550,0.840,1,0,2.997,0,0,10,32,5,11,0
18-04 14:52:44,22.791,3.256,74.133,0,0,1390400,326424,194944,5958196,4514.085,1622.907,0,20.036,0,1.002,893,1114,1.950,1.550,0.840,1,0,4.007,0,0,10,32,5,11,0
18-04 14:52:45,23.204,1.996,73.605,0,0,1438780,278044,194944,5958196,11212.944,1455.138,0,131.741,0,24.951,993,1065,1.950,1.550,0.840,1,0,1.996,0,0,10,32,5,11,0
18-04 14:52:46,11.042,19.072,69.512,0,0,1356724,360064,194944,5958232,11355.777,1626.126,0,168.635,0,9.034,2375,3307,1.950,1.550,0.840,1,0,291.097,0,0,10,32,5,10,0
18-04 14:52:47,17.622,9.432,71.730,0,0,1410296,306476,194944,5958248,11132.368,1608.351,0,19.856,0,1.986,1607,2039,1.950,1.550,0.840,1,0,103.252,0,0,10,32,5,10,0
18-04 14:52:48,22.858,3.265,74.351,0,0,1375952,340588,194944,5958480,10400.088,1559.360,0,0,0,0,1048,1231,1.870,1.540,0.840,1,0,9.043,0,0,10,32,5,9,0
18-04 14:52:49,24.732,1.499,73.696,0,0.250,1434804,281728,194944,5958484,5699.833,1618.817,0,783.427,0,62.954,1057,1207,1.870,1.540,0.840,1,0,1.999,0,0,10,32,5,9,0
18-04 14:52:50,10.022,21.047,67.652,0,0,1364888,351548,194944,5958580,12425.846,1589.562,4.009,72.162,1.002,3.007,2687,3896,1.870,1.540,0.840,1,0,352.791,0,0,10,32,5,9,0
18-04 14:52:51,9.485,20.467,69.388,0.250,0,1364660,351772,194960,5958608,5060.867,1637.369,0,854.627,0,64.896,2806,4075,1.870,1.540,0.840,1,0,293.528,0,0,10,32,5,9,0
18-04 14:52:52,9.452,21.889,68.155,0,0,1370472,345936,194960,5958628,11338.604,1611.841,0,202.973,0,3.980,2615,3648,1.870,1.540,0.840,2,0,330.328,0,0,10,32,5,8,0
18-04 14:52:53,9.819,19.889,69.485,0,0,1369892,346492,194960,5958652,8450.023,1597.156,0,370.589,0,8.056,2434,3428,1.720,1.510,0.840,2,0,296.068,0,0,10,32,5,8,0
18-04 14:52:54,10.255,20.510,68.533,0,0,1369212,347144,194960,5958664,11147.306,1566.746,0,1064.507,0,13.006,3031,4448,1.720,1.510,0.840,1,0,446.212,0,0,10,32,5,7,0
18-04 14:52:55,9.505,20.762,69.038,0,0,1361796,354532,194960,5958692,12294.824,1662.923,0,1060.589,0,13.007,3199,4896,1.720,1.510,0.840,1,0,497.276,0,0,10,32,5,7,0
18-04 14:52:56,10.235,19.222,69.897,0,0,1358596,357684,194960,5958724,4978.647,1617.611,0,878.702,0,11.982,3041,4733,1.720,1.510,0.840,1,0,457.325,0,0,10,32,5,7,0
18-04 14:52:57,8.256,21.016,70.053,0,0,1360368,355888,194960,5958748,5641.248,1695.277,0,168.127,0,7.005,2899,4312,1.720,1.510,0.840,2,0,413.311,0,0,10,32,5,7,0
18-04 14:52:58,13.263,22.773,63.063,0.500,0,1372156,344068,194976,5958764,11912.841,1685.676,4.004,872.868,1.001,34.034,4027,6401,1.740,1.520,0.840,2,0,591.588,0,0,10,32,6,9,0
18-04 14:52:59,60.738,28.244,10.748,0,0,1492700,213892,196076,5963956,11018.774,1693.658,1927.611,1987.599,31.994,78.984,9526,7808,1.740,1.520,0.840,4,0,802.838,0,0,10,32,6,13,0
18-04 14:53:00,77.991,13.498,5.999,1.000,0,1622356,137220,196424,5911064,12401.524,1619.807,211.975,12622.498,49.994,892.894,6198,9390,1.740,1.520,0.840,4,1,77.991,0,0,10,38,6,12,0
18-04 14:53:01,58.570,15.769,19.273,8.260,0,1600764,165900,196976,5903396,11783.152,1533.842,248.298,87356.916,44.053,6561.881,25540,45041,1.740,1.520,0.840,8,0,197.237,0,0,10,36,6,13,0
18-04 14:53:02,63.443,14.986,14.237,7.993,0,1638940,136644,197456,5894184,11328.736,1618.534,11.989,93807.011,2.997,6803.836,22658,43582,1.740,1.520,0.840,8,0,75.931,0,0,10,36,6,13,0
18-04 14:53:03,51.479,12.745,26.739,7.747,0,1509004,256508,197844,5903816,9741.026,1661.322,0,75297.279,0,5520.748,22640,39444,1.920,1.560,0.860,5,0,204.916,0,0,10,34,6,14,0
18-04 14:53:04,38.192,10.983,40.439,9.236,0,1544008,211248,198412,5913292,4729.872,1497.743,0,61802.863,0,4479.250,19575,34118,1.920,1.560,0.860,2,0,179.729,0,0,10,35,6,14,0
18-04 14:53:05,39.325,7.765,43.834,9.268,0,1494332,256700,198756,5917032,7401.173,1697.250,0,50817.315,0,4334.300,21407,37447,1.920,1.560,0.860,2,0,90.173,0,0,10,34,6,17,0
18-04 14:53:06,35.985,8.746,48.730,6.497,0,1553012,197828,198896,5916944,11439.230,1767.263,0,51650.462,0,4373.176,17584,30681,1.920,1.560,0.860,4,0,37.984,0,0,10,35,6,13,0
18-04 14:53:07,38.010,9.502,44.011,8.502,0,1552548,195840,199116,5919144,7670.933,1458.368,0,39441.939,0,3742.943,18867,34406,1.920,1.560,0.860,1,0,39.010,0,0,10,35,6,15,0
18-04 14:53:08,34.496,9.999,42.495,11.499,0,1527260,220076,199244,5920020,13253.516,1619.819,0,47126.722,0,4284.520,19724,32482,1.930,1.570,0.870,2,0,105.988,0,0,10,34,6,14,0
18-04 14:53:09,42.647,7.731,38.407,9.228,0,1546152,199188,199340,5921876,10995.446,1616.097,0,35039.380,0,3219.226,18048,30855,1.930,1.570,0.870,2,1,44.892,0,0,10,35,6,16,0
18-04 14:53:10,35.859,9.780,43.382,11.034,0,1528844,213088,199576,5924952,13843.166,1624.950,0,51127.735,0,4463.596,20135,33826,1.930,1.570,0.870,5,0,86.263,0,0,10,34,6,16,0
18-04 14:53:11,37.239,6.998,40.988,11.747,0,1548928,189188,199864,5928344,11845.553,1499.564,0,64021.370,0,4965.555,21435,37331,1.930,1.570,0.870,4,0,65.981,0,0,10,37,6,18,0
18-04 14:53:12,36.274,11.007,42.278,11.508,0,1517984,216524,199928,5931792,5431.656,1621.091,0,46375.211,0,4241.855,20292,36079,1.930,1.570,0.870,3,0,156.105,0,0,10,36,6,21,0
18-04 14:53:13,38.187,8.736,42.930,9.235,0,1549752,183264,200048,5933096,11940.430,1617.349,0,53001.131,0,4371.835,17901,33284,2.020,1.600,0.880,2,0,44.926,0,0,10,36,6,21,0
18-04 14:53:14,37.945,9.736,40.191,12.731,0,1547900,189168,200140,5928928,8376.778,1691.532,0,59133.724,0,5214.392,17824,38133,2.020,1.600,0.880,2,1,69.898,0,0,10,36,6,21,0
18-04 14:53:15,36.103,15.043,48.388,0.251,0,1415684,321376,200144,5928904,6016.122,1536.373,0,7080.150,0,413.176,3906,6684,2.020,1.600,0.880,1,0,274.782,0,0,10,32,6,22,0
18-04 14:53:16,23.433,2.991,71.795,0.249,0,1432964,303512,200148,5929456,11818.176,1615.377,534.470,1060.964,5.983,60.826,2122,3814,2.020,1.600,0.880,5,0,5.983,0,0,10,33,6,22,0
18-04 14:53:17,21.041,6.012,73.141,0,0,1424312,312148,200148,5929472,8164.742,1623.129,0,573.105,0,33.064,1508,2005,2.020,1.600,0.880,1,0,45.087,0,0,10,32,6,22,0
18-04 14:53:18,22.487,4.248,72.459,0.250,0,1386088,350352,200148,5929492,11419.548,1457.177,0,2282.710,0,216.877,2755,4246,1.940,1.580,0.880,0,0,4.997,0,0,10,32,6,22,0
18-04 14:53:19,7.004,23.512,67.785,0.250,0,1386076,350256,200156,5929592,7957.090,1620.833,0,4562.345,0,280.144,3058,4438,1.940,1.580,0.880,1,0,294.151,0,0,10,32,6,22,0
18-04 14:53:20,8.507,22.769,68.307,0,0,1389732,346536,200156,5929656,5566.648,1621.354,0,176.147,0,11.009,2445,3282,1.940,1.580,0.880,1,0,291.243,0,0,10,32,6,22,0
18-04 14:53:21,44.235,17.744,36.737,0.250,0,1476728,259368,200164,5929804,12065.825,1531.470,7.997,599.792,1.999,49.983,2887,4257,1.940,1.580,0.880,3,0,288.900,0,0,10,32,6,28,0
18-04 14:53:22,64.747,11.000,23.999,0,0,1671284,130728,200040,5865168,13340.413,1619.929,295.987,855.962,14.999,23.999,1564,1569,1.940,1.580,0.880,3,0,6.000,0,0,10,32,6,28,0
18-04 14:53:23,49.228,10.995,32.236,7.747,0,1745648,131080,199824,5792112,5571.560,1619.291,3498.468,45196.204,107.953,3439.494,15985,25791,2.020,1.610,0.890,2,1,119.947,0,0,10,38,6,28,0
18-04 14:53:24,28.996,9.749,43.244,14.748,0,1750404,130872,199792,5787708,12137.192,1499.777,247.963,94257.956,10.998,7311.911,29798,51546,2.020,1.610,0.890,2,1,264.961,0,0,10,38,6,28,0
18-04 14:53:25,43.700,10.987,32.463,12.985,0,1752776,133708,199560,5782632,10512.931,1618.142,419.518,95841.973,8.990,7818.025,34519,57492,2.020,1.610,0.890,8,1,194.776,0,0,10,38,6,28,0
18-04 14:53:26,44.540,14.513,27.274,10.760,0,1682012,205516,199416,5781852,15428.840,1621.454,1349.210,86029.168,39.035,6557.882,26686,45084,2.020,1.610,0.890,3,1,277.249,0,0,10,36,6,29,0
18-04 14:53:27,48.542,10.009,30.026,11.760,0,1742956,131732,199472,5794496,5173.501,1621.411,524.456,88701.170,16.014,6026.243,25120,41240,2.020,1.610,0.890,3,0,0,0,0,10,36,6,28,0
18-04 14:53:28,37.495,9.999,39.744,13.998,0,1638400,229880,199544,5800436,6804.041,1619.772,47.993,75213.395,2.000,6030.150,24334,43292,2.020,1.620,0.900,0,1,155.978,0,0,10,36,6,28,0
18-04 14:53:29,33.246,8.749,50.993,7.249,0,1385996,479912,199552,5802724,10676.633,1457.813,3.999,44102.355,1.000,3312.576,12888,21854,2.020,1.620,0.900,1,0,139.982,0,0,10,32,6,28,0
18-04 14:53:30,15.964,11.724,70.840,0,0,1414848,451036,199552,5802748,8702.394,1690.192,0,917.932,0,53.879,1929,2438,2.020,1.620,0.900,1,0,159.640,0,0,10,32,6,28,0
18-04 14:53:31,24.308,2.506,73.174,0.501,0,1467768,398116,199552,5802748,11036.255,1698.040,28.067,5497.078,1.002,340.811,1732,2506,2.020,1.620,0.900,2,0,3.007,0,0,10,32,6,28,0
18-04 14:53:32,23.972,1.498,73.414,0,0,1375816,490032,199552,5802780,10598.642,1530.216,0,119.860,0,7.991,1320,1826,2.020,1.620,0.900,1,0,7.991,0,0,10,32,6,28,0
18-04 14:53:33,20.729,5.245,73.675,0,0,1444580,421264,199552,5802784,11596.137,1618.344,0,95.902,0,9.990,1057,1363,1.940,1.610,0.900,2,0,21.978,0,0,10,32,6,28,0
18-04 14:53:34,24.249,2.000,73.246,0.250,0,1496464,369380,199552,5802784,8414.504,1693.900,0,139.992,0,18.999,1182,1604,1.940,1.610,0.900,2,0,1.000,0,0,10,34,6,28,0
18-04 14:53:35,17.793,21.803,61.399,0,0,1389408,475920,199556,5803296,5703.815,1545.744,617.496,713.729,27.066,48.117,3257,5318,1.940,1.610,0.900,2,0,558.352,0,0,10,32,6,28,0
18-04 14:53:36,16.746,37.491,44.990,0.250,0,1391336,473756,199560,5803524,6025.614,1619.627,11.997,315.927,2.999,30.993,5269,9123,1.940,1.610,0.900,4,0,1170.731,0,0,10,32,6,28,0
18-04 14:53:37,10.497,22.243,65.729,0.500,0,1373780,486376,199596,5808392,14189.559,1619.493,4978.442,31.990,78.975,7.997,3425,5003,1.940,1.610,0.900,2,0,450.859,0,0,11,12,6,28,20
18-04 14:53:38,9.734,19.219,69.887,0,0,1384476,475380,199596,5808672,12250.265,1529.536,0,11.981,0,2.995,2486,3421,1.780,1.580,0.890,3,0,270.564,0,0,11,12,6,28,20
18-04 14:53:39,10.766,21.782,66.849,0,0,1393992,465056,199628,5809772,12350.316,1696.516,753.117,24.036,54.080,6.009,3364,5166,1.780,1.580,0.890,1,0,263.391,0,0,11,12,6,28,20
18-04 14:53:40,24.729,18.984,55.703,0,0,1426396,431676,199648,5810148,10411.296,1692.585,43.963,0,1.998,0,3744,7116,1.780,1.580,0.890,2,0,277.768,0,0,13,12,6,28,20
18-04 14:53:41,10.238,18.977,68.918,0,0,1429364,428552,199648,5810244,12089.601,1456.266,0,351.581,0,7.990,2526,3669,1.780,1.580,0.890,2,0,265.684,0,0,13,12,6,28,20
18-04 14:53:42,15.730,18.726,65.167,0,0,1438220,419584,199648,5810420,11027.906,1691.838,0,15.980,0,2.996,4686,8317,1.780,1.580,0.890,1,0,155.801,0,0,13,12,6,28,20
18-04 14:53:43,18.054,21.564,59.177,0.251,0,1471796,385092,199652,5811308,5585.662,1624.847,657.963,8.024,8.024,2.006,2864,4537,1.800,1.590,0.900,1,0,343.023,0,0,15,12,6,28,20
18-04 14:53:44,11.005,19.259,68.531,0.250,0,1477052,379804,199656,5811672,4977.285,1620.744,0,284.130,0,17.008,2741,4040,1.800,1.590,0.900,6,0,248.114,0,0,15,12,6,28,20
18-04 14:53:45,33.016,16.008,50.274,0,0,1569912,286788,199676,5811404,12154.919,1620.789,52.025,964.470,1.000,26.013,3161,8963,1.800,1.590,0.900,11,0,160.078,0,0,17,12,6,28,20
18-04 14:53:46,82.777,17.756,0,0,0,1875340,129736,199424,5666404,7910.626,1606.533,24.008,0,6.002,0,2017,2871,1.800,1.590,0.900,12,1,35.012,0,0,17,12,6,28,20
18-04 14:53:47,34.896,16.949,45.614,0,0,1913648,163956,198404,5596544,11516.554,1615.169,147.559,5399.849,30.908,581.261,3436,4191,1.800,1.590,0.900,3,0,185.445,0,0,17,12,6,28,20
18-04 14:53:48,10.512,19.273,68.831,0,0,1915212,161812,198404,5597124,7854.213,1716.013,428.503,16.019,8.009,4.005,2644,3982,1.730,1.580,0.900,2,0,249.292,0,0,17,12,6,28,20
18-04 14:53:49,17.776,21.031,61.341,0,0,1908360,168524,198404,5597500,10959.253,1460.165,16.024,24.036,4.006,6.009,4294,8821,1.730,1.580,0.900,3,0,206.306,0,0,17,12,6,28,20
18-04 14:53:50,25.936,11.222,61.599,0.249,0,1952864,122692,198404,5598484,8406.371,1616.034,1065.386,387.050,15.961,2.993,2448,3725,1.730,1.580,0.900,1,0,143.647,0,0,17,12,6,28,20
18-04 14:53:51,7.768,9.522,81.437,0.501,0,1969816,120996,198148,5583820,5437.506,1623.735,0,1972.537,0,266.613,2176,2895,1.730,1.580,0.900,3,0,92.212,0,0,18,12,6,29,20
18-04 14:53:52,22.753,3.501,71.761,0.500,0,2017868,132400,197888,5525900,11811.784,1458.220,16.002,732.111,3.000,108.016,1826,2414,1.730,1.580,0.900,2,0,2.000,0,0,18,13,6,29,14
18-04 14:53:53,20.983,8.243,69.694,0,0,1975920,174064,197892,5526188,9049.760,1618.705,299.760,499.600,6.994,47.962,2894,5522,1.680,1.570,0.900,3,0,80.935,0,0,18,18,6,35,0
18-04 14:53:54,11.491,20.485,66.700,0,0,1979356,170568,197896,5526244,4869.329,1692.724,3.997,199.849,0.999,14.989,2960,4443,1.680,1.570,0.900,1,0,296.776,0,0,18,18,6,35,0
18-04 14:53:55,8.251,19.002,70.258,0.250,0,1984156,165728,197896,5526284,13060.554,1532.182,0,180.021,0,10.001,2900,4206,1.680,1.570,0.900,1,0,248.030,0,0,18,18,6,35,0
18-04 14:53:56,11.747,19.745,66.733,0,0,1979172,170544,197896,5526436,8568.764,1619.577,0,231.939,0,15.996,2915,4265,1.680,1.570,0.900,1,0,263.931,0,0,18,18,6,35,0
18-04 14:53:57,13.770,18.527,65.345,0,0,1988064,161592,197896,5526484,12038.564,1622.367,0,228.333,0,16.023,3993,6396,1.680,1.570,0.900,2,0,210.307,0,0,18,18,6,35,0
18-04 14:53:58,37.471,15.137,47.397,0,0,2047516,135788,197644,5494200,8496.767,1447.230,325.577,3.970,2.978,0.993,3910,6034,1.780,1.590,0.910,5,0,163.781,0,0,18,19,6,35,0
18-04 14:53:59,46.838,7.555,45.831,0,0,2159780,135092,197644,5384712,4690.896,1631.791,4.029,0,1.007,0,1967,3238,1.780,1.590,0.910,4,0,4.029,0,0,18,19,6,35,0
18-04 14:54:00,45.210,6.744,46.459,0,0,2211212,124220,197176,5345564,12336.058,1618.564,191.830,915.188,1.998,113.899,6296,12022,1.780,1.590,0.910,3,0,8.992,0,0,18,35,6,29,0
18-04 14:54:01,24.254,13.752,61.010,0.500,0,2233564,125332,197180,5322360,14489.260,1620.253,0,508.079,0,24.004,2421,3456,1.780,1.590,0.910,2,0,159.025,0,0,18,34,6,29,0
18-04 14:54:02,16.729,8.989,73.408,0.250,0.250,2249520,126704,196684,5305892,12785.992,1624.966,998.750,523.345,31.960,25.967,2090,2935,1.780,1.590,0.910,2,0,97.877,0,0,18,34,6,28,0
18-04 14:54:03,2.999,1.000,94.482,0.250,0,2249892,126228,196684,5305996,105187.594,4894.051,0,283.945,0,20.996,1416,2083,1.640,1.560,0.910,1,0,0,0,0,18,35,6,29,0
18-04 14:54:04,7.264,3.256,87.673,0.250,0,2272992,132312,195912,5278224,96898.666,3615.151,20.040,144.285,5.010,3.006,1385,1992,1.640,1.560,0.910,2,0,9.018,0,0,18,34,6,29,0
18-04 14:54:05,15.493,12.244,67.718,3.498,0,2321704,125740,195116,5238056,8856.802,1457.309,355.831,16872.003,44.979,923.562,4714,5550,1.640,1.560,0.910,2,0,64.969,0,0,18,34,6,29,0
18-04 14:54:06,17.764,9.007,72.056,1.001,0,2310032,153980,195132,5220788,5228.036,1621.252,2153.663,0,478.369,0,2468,2856,1.640,1.560,0.910,1,0,41.032,0,0,18,34,6,26,0
18-04 14:54:07,15.496,10.997,72.233,0,0,2325008,138824,195132,5220788,5701.672,1661.613,0,0,0,0,2050,2707,1.640,1.560,0.910,1,0,64.985,0,0,18,34,6,26,0
18-04 14:54:08,24.459,2.496,72.628,0,0,2337756,125560,195144,5221240,13329.540,1497.477,375.368,0,7.987,0,1562,2088,1.590,1.550,0.910,2,0,23.960,0,0,18,34,6,24,0
18-04 14:54:09,21.259,5.252,72.530,0,0,2339348,124060,195144,5221160,9774.037,1620.669,0,0,0,0,1655,2222,1.590,1.550,0.910,1,0,27.011,0,0,18,34,6,24,0
18-04 14:54:10,22.041,4.759,72.385,0,0,2340100,124568,195144,5220260,13058.419,1460.732,0,0,0,0,1762,2182,1.590,1.550,0.910,2,1,26.049,0,0,18,34,6,22,0
18-04 14:54:11,18.935,7.724,71.754,0.498,0,2259988,258444,195316,5167672,11767.660,1730.069,482.347,398.633,52.819,5.980,2139,2971,1.590,1.550,0.910,2,0,92.682,0,0,18,34,6,22,0
18-04 14:54:12,16.188,14.195,67.988,0,0,2265160,251684,195316,5169424,11732.864,1613.792,1438.466,19.923,23.908,2.989,4503,6908,1.590,1.550,0.910,6,0,244.061,0,0,18,34,5,18,0
18-04 14:54:13,6.280,5.275,87.665,0.251,0,2268028,248516,195316,5169472,12185.699,1464.936,249.180,0,11.052,0,1867,2696,1.460,1.530,0.900,1,0,56.266,0,0,18,34,5,18,0
18-04 14:54:14,1.250,1.500,96.030,0,0,2267964,248516,195316,5169536,5225.646,1620.510,60.019,0,1.000,0,1011,1703,1.460,1.530,0.900,1,0,4.001,0,0,18,34,5,17,0
18-04 14:54:15,1.750,0.250,96.984,0,0,2267960,248516,195316,5169540,6323.982,1619.739,0,0,0,0,972,1672,1.460,1.530,0.900,3,0,3.000,0,0,18,34,5,17,0
18-04 14:54:16,0.500,1.250,95.481,0,0,2267960,248516,195316,5169540,11788.678,1619.681,0,231.954,0,2.000,1138,1735,1.460,1.530,0.900,2,0,6.999,0,0,18,34,5,16,0
18-04 14:54:17,10.007,9.256,79.052,0,0,2212908,303672,195320,5169916,8269.392,1621.057,4.003,16.010,1.001,4.003,3000,5169,1.460,1.530,0.900,1,0,167.109,0,0,18,34,5,16,0
18-04 14:54:18,14.277,16.030,68.880,0,0,2250800,265648,195320,5169632,10717.277,1460.764,12.023,4.008,2.004,1.002,4776,7915,1.420,1.520,0.910,1,0,272.516,0,0,18,34,5,16,0
18-04 14:54:19,18.456,16.460,64.594,0.249,0,2268800,247080,195328,5170508,8113.438,1853.531,191.538,3.990,26.935,0.998,4216,10442,1.420,1.520,0.910,2,0,274.339,0,0,19,34,5,16,0
18-04 14:54:20,8.255,5.754,84.052,0,0.250,2268588,247180,195336,5170248,11358.065,1695.054,8.005,260.162,2.001,11.007,2323,3962,1.420,1.520,0.910,1,0,152.095,0,0,19,34,5,16,0
18-04 14:54:21,13.757,15.758,69.286,0,0,2273440,242252,195336,5170656,8308.279,1532.789,0,0,0,0,4908,9284,1.420,1.520,0.910,1,0,212.109,0,0,21,36,5,16,0
18-04 14:54:22,9.998,17.246,71.485,0,0,2273868,241792,195336,5170296,4711.011,1619.660,0,35.992,0,7.998,3743,7355,1.420,1.520,0.910,1,0,309.935,0,0,21,36,5,11,0
18-04 14:54:23,14.016,18.772,67.828,0,0,2276216,239400,195336,5170688,10715.355,1738.004,0,52.060,0,13.015,4336,7486,1.310,1.490,0.900,1,0,360.416,0,0,21,36,5,11,0
18-04 14:54:24,25.984,19.238,53.216,0,0,2307352,208240,195344,5170380,9152.216,1457.079,0,67.957,0,6.996,5221,10457,1.310,1.490,0.900,3,0,348.780,0,0,21,36,5,11,0
18-04 14:54:25,31.483,22.737,45.974,0.250,0,2366324,148804,195372,5170784,7949.588,1661.078,7.996,503.720,1.999,8.995,3355,5332,1.310,1.490,0.900,2,0,436.758,0,0,21,36,5,11,0
18-04 14:54:26,34.302,24.788,39.059,0,0,2411840,138484,194144,5138564,15461.440,1460.214,48.073,57887.758,5.008,550.835,4844,12201,1.310,1.490,0.900,2,0,474.720,0,0,21,40,5,13,0
18-04 14:54:27,45.420,20.963,32.692,0,0,2484828,122968,194144,5082320,11444.800,1691.015,27.951,0,2.995,0,5122,8454,1.310,1.490,0.900,2,0,241.574,0,0,21,40,5,13,0
18-04 14:54:28,24.490,3.499,70.472,0.250,0,2553808,127352,193980,5010856,11874.203,1845.255,7.997,847.658,1.999,10.996,1825,3309,1.280,1.490,0.900,2,0,8.996,0,0,21,40,6,13,0
18-04 14:54:29,24.247,3.000,71.490,0.250,0,2595972,128948,194264,4967888,10620.524,1547.785,147.979,0,36.995,0,1651,2578,1.280,1.490,0.900,1,0,3.000,0,0,21,42,6,13,0
18-04 14:54:30,23.771,6.756,62.806,5.505,0,2645968,148364,194276,4899292,5500.912,1695.514,8.007,24950.281,2.002,2024.808,9714,17255,1.280,1.490,0.900,2,0,6.005,0,0,21,42,6,13,0
18-04 14:54:31,26.804,6.012,56.864,8.768,0,2651228,134324,194396,4907768,12538.051,1623.243,0,23607.167,0,2444.885,13794,26789,1.280,1.490,0.900,1,0,4.008,0,0,21,42,6,13,0
18-04 14:54:32,37.667,18.459,41.908,0,0.249,2785336,130660,194384,4777292,8026.318,1690.276,23.947,1089.600,1.996,68.848,7175,19002,1.280,1.490,0.900,2,0,204.549,0,0,22,79,6,25,0
18-04 14:54:33,12.006,20.260,66.783,0.500,0,2798716,123688,194392,4770880,6892.377,1662.815,32.016,5330.612,5.002,290.142,3868,6188,1.340,1.490,0.910,2,0,295.145,0,0,22,79,6,26,0
18-04 14:54:34,12.253,19.754,67.765,0.250,0,2800836,121420,194392,4771028,12562.751,1500.329,0,568.124,0,33.007,3125,4898,1.340,1.490,0.910,2,0,288.063,0,0,22,79,6,26,0
18-04 14:54:35,26.506,18.004,54.762,0,0,2827612,130596,194396,4735420,8943.003,1694.380,0,3588.804,0,151.034,6011,10108,1.340,1.490,0.910,3,0,181.041,0,0,22,79,6,26,0
18-04 14:54:36,46.463,7.494,45.714,0,0,2942488,127244,194412,4624840,12469.162,1766.606,3.997,191.849,0.999,1.998,1896,2467,1.340,1.490,0.910,2,0,36.971,0,0,22,80,6,26,0
18-04 14:54:37,14.262,16.514,66.308,1.001,0,2966688,119840,194420,4608524,11630.095,1501.303,176.153,9716.434,10.009,697.606,4593,6502,1.340,1.490,0.910,3,0,279.242,0,0,22,83,6,27,0
18-04 14:54:38,10.494,18.490,70.211,0,0,2963748,128992,194404,4602444,6720.290,1619.106,0,47.974,0,5.997,2869,4283,1.310,1.490,0.910,1,0,255.859,0,0,22,83,6,27,0
18-04 14:54:39,10.242,18.236,70.444,0,0,2970480,122208,194404,4602480,12557.017,1546.770,0,119.905,0,9.992,3038,4380,1.310,1.490,0.910,5,0,283.774,0,0,22,83,6,27,0
18-04 14:54:40,11.259,19.265,68.553,0,0,2973068,131340,194404,4591100,14794.406,1621.250,0,4.003,0,1.001,3299,4965,1.310,1.490,0.910,1,0,301.232,0,0,22,83,6,27,0
18-04 14:54:41,10.250,21.001,66.502,0,0,2974584,129796,194408,4591124,6269.207,1620.053,4.000,124.004,1.000,12.000,3303,5452,1.310,1.490,0.910,3,0,278.009,0,0,22,85,6,27,0
18-04 14:54:42,22.939,17.953,59.094,0.249,0,2983536,132408,194408,4580120,13380.702,1454.164,47.874,359.053,1.995,34.908,5848,11393,1.310,1.490,0.910,2,0,185.511,0,0,22,93,6,27,0
18-04 14:54:43,30.357,22.329,46.163,0,0,3037076,130624,194408,4528916,11342.140,1625.754,0,353.250,0,31.110,4536,7829,1.290,1.480,0.910,2,0,563.996,0,0,22,93,6,27,0
18-04 14:54:44,38.755,22.753,38.005,0.250,0,3126048,136360,194436,4435396,10993.451,1694.224,12.002,416.055,3.000,32.004,6083,16413,1.290,1.480,0.910,4,0,264.035,0,0,24,104,6,27,0
18-04 14:54:45,51.729,25.990,20.992,0.500,0,3250052,119808,194440,4329084,9903.039,1531.387,51.979,6513.395,6.997,467.813,4850,10091,1.290,1.480,0.910,3,0,444.822,0,0,24,105,6,27,0
18-04 14:54:46,56.476,24.240,18.492,0,0,3340200,128360,194440,4233092,5307.787,1661.307,0,5621.656,0,395.835,6630,18836,1.290,1.480,0.910,3,0,398.834,0,0,24,111,6,27,0
18-04 14:54:47,37.271,23.263,37.771,0,0,3417716,126956,194448,4158100,11244.364,1620.917,4.002,1016.575,1.001,84.048,6279,12376,1.290,1.480,0.910,2,0,288.163,0,0,24,125,6,27,0
18-04 14:54:48,37.204,20.474,41.698,0,0,3456704,128412,194452,4118160,11839.236,1711.865,67.915,2349.071,0.999,331.587,3829,5741,1.350,1.490,0.920,1,0,425.469,0,0,25,125,6,27,0
18-04 14:54:49,12.239,18.234,67.690,0,0,3468136,118944,194452,4116228,11895.532,1750.460,0,331.708,0,19.982,3111,4885,1.350,1.490,0.920,2,0,275.757,0,0,25,125,6,27,0
18-04 14:54:50,18.784,17.281,62.613,0.250,0,3475688,122620,194452,4105696,11572.831,1622.921,0,444.801,0,30.054,4737,8247,1.350,1.490,0.920,2,0,185.334,0,0,25,125,6,27,0
18-04 14:54:51,30.001,21.251,48.751,0,0,3515820,128816,194452,4059672,12406.323,1458.038,152.004,100.003,3.000,4.000,3757,7294,1.350,1.490,0.920,3,0,343.009,0,0,25,125,6,27,0
18-04 14:54:52,34.157,21.441,42.883,0,0,3564548,131328,194456,4009296,8562.607,1689.385,139.619,279.237,1.995,22.937,4294,7850,1.350,1.490,0.920,2,0,336.082,0,0,25,133,6,27,0
18-04 14:54:53,37.837,21.299,39.591,0.501,0,3655316,127820,194468,3922548,5495.701,1461.377,601.390,5761.314,17.039,455.052,7982,16740,1.400,1.500,0.920,2,0,298.690,0,0,25,139,6,24,0
18-04 14:54:54,31.759,24.507,44.013,0.500,0,3718240,123264,194448,3864596,6347.866,1620.476,728.214,988.291,51.015,133.039,4018,6812,1.400,1.500,0.920,3,0,460.135,0,0,25,145,6,24,0
18-04 14:54:55,23.422,22.674,50.331,0.249,0,3773780,128632,194412,3804764,14677.859,1614.594,11.960,6159.378,2.990,613.945,6795,14206,1.400,1.500,0.920,3,0,397.669,0,0,25,151,6,20,0
18-04 14:54:56,12.795,19.820,67.239,0,0,3783964,118564,194412,3804648,11527.913,1463.193,0,240.855,0,18.064,3256,5116,1.400,1.500,0.920,2,0,261.930,0,0,25,151,6,20,0
18-04 14:54:57,15.707,19.945,64.074,0,0,3792704,118728,194408,3795804,11872.398,1615.564,0,335.080,0,25.929,4146,6254,1.400,1.500,0.920,1,0,207.430,0,0,25,151,6,20,0
18-04 14:54:58,35.630,13.704,48.089,0.747,0,3857304,135636,194348,3714648,8337.029,1614.583,805.298,1921.553,12.957,295.010,4541,6766,1.450,1.500,0.930,2,0,146.508,0,0,25,151,6,20,0
18-04 14:54:59,45.199,9.040,45.702,0.251,0,3971992,134232,194268,3602648,11117.060,1464.463,245.082,715.156,14.062,65.288,2236,2818,1.450,1.500,0.930,4,0,3.013,0,0,25,151,6,20,0
18-04 14:55:00,32.818,16.033,49.854,0.501,0,3937488,210904,194240,3560772,11521.989,1697.534,176.367,717.494,9.019,118.246,3661,6047,1.450,1.500,0.930,4,0,278.580,0,0,25,159,6,20,0
18-04 14:55:01,43.005,23.253,33.254,0,0,3987448,159472,194248,3562220,6556.793,1694.205,32.004,512.062,6.001,34.004,4694,13735,1.450,1.500,0.930,5,0,462.056,0,0,25,171,6,20,0
18-04 14:55:02,45.733,22.242,31.988,0.500,0,3981024,162372,194272,3565700,4980.137,1531.427,2515.059,787.705,56.979,45.983,7121,14541,1.450,1.500,0.930,3,0,405.848,0,0,25,173,6,20,0
18-04 14:55:03,74.263,19.003,6.251,0,0.250,4125188,131304,194180,3455024,12181.059,1620.274,408.069,10113.709,19.003,641.108,5855,9004,1.730,1.560,0.950,4,0,163.028,0,0,25,180,6,21,0
18-04 14:55:04,74.727,15.995,5.248,2.999,0,4189712,121432,194160,3400772,8770.299,1693.478,5850.198,3778.836,395.878,230.929,4646,8054,1.730,1.560,0.950,11,1,63.980,0,0,25,192,6,21,0
18-04 14:55:05,63.762,20.754,14.503,1.500,0,4252908,122976,194164,3336504,13827.641,1620.309,1044.199,1564.299,129.025,125.024,7601,15331,1.730,1.560,0.950,4,0,209.040,0,0,25,193,6,27,0
18-04 14:55:06,44.751,29.751,23.751,0,0,4255956,130016,194164,3326888,8371.209,1620.041,8.000,428.011,2.000,30.001,6379,13296,1.730,1.560,0.950,15,0,506.013,0,0,25,193,6,27,0
18-04 14:55:07,52.222,24.487,22.238,0,0,4217452,177620,194148,3317860,11572.901,1457.232,439.768,551.709,9.995,33.982,9378,35162,1.730,1.560,0.950,5,0,183.903,0,0,25,193,6,28,0
18-04 14:55:08,54.032,24.765,20.512,0,0,4309436,128232,194124,3275952,8543.023,1694.997,64.038,24150.200,3.002,682.401,5167,7803,2.230,1.670,0.990,4,0,478.281,0,0,25,198,6,28,0
18-04 14:55:09,57.232,20.494,20.994,0.500,0,4334228,121204,194116,3258904,5262.379,1693.478,1095.663,6953.858,67.979,703.783,8993,20858,2.230,1.670,0.990,4,0,225.930,0,0,25,201,6,32,0
18-04 14:55:10,52.653,22.958,22.958,0.250,0,4420672,127548,194100,3168552,12121.732,1571.114,107.802,2475.453,4.991,345.366,5961,11233,2.230,1.670,0.990,3,1,517.050,0,0,25,201,6,32,0
18-04 14:55:11,56.366,23.298,18.538,0.501,0,4459840,127712,194100,3129648,8609.693,1623.336,541.112,6044.421,42.086,515.058,8062,20756,2.230,1.670,0.990,3,0,322.663,0,0,25,209,6,34,0
18-04 14:55:12,66.745,10.249,22.248,0.250,0,4562784,126992,193988,3030004,6948.521,1531.894,279.981,1259.913,5.000,190.987,3661,5866,2.230,1.670,0.990,4,0,11.999,0,0,25,210,6,34,0
18-04 14:55:13,69.046,9.757,21.014,0.500,0,4640928,122152,193924,2958928,29392.723,8444.666,832.559,6300.227,78.052,733.492,7615,15211,2.300,1.690,1,3,0,3.002,0,0,25,226,6,44,0
18-04 14:55:14,41.741,18.496,38.492,1.000,0,4616888,158040,193916,2947396,37807.212,10598.817,535.890,1547.681,31.993,198.959,5468,10290,2.300,1.690,1,2,0,271.944,0,0,25,228,6,46,0
18-04 14:55:15,33.740,21.743,42.237,1.000,0,4572544,201724,193916,2948024,16030.111,1457.555,83.974,4930.496,6.998,312.905,5650,10820,2.300,1.690,1,2,0,406.876,0,0,25,229,6,46,0
18-04 14:55:16,37.862,18.682,41.848,0,0,4629936,144184,193916,2948344,9358.896,1761.581,3.985,231.158,0.996,11.956,5930,11119,2.300,1.690,1,2,0,189.310,0,0,26,229,6,46,0
18-04 14:55:17,67.001,16.311,16.562,0,0,4685788,123492,193884,2914204,5299.890,1626.103,240.904,786.953,25.094,59.222,3122,6352,2.300,1.690,1,4,0,163.614,0,0,26,232,6,46,0
18-04 14:55:18,65.394,10.733,21.465,1.747,0,4802276,127832,193244,2795596,11739.041,1455.649,2064.666,838.646,160.740,50.918,4056,6637,2.430,1.730,1.020,5,0,1.997,0,0,26,232,6,46,0
18-04 14:55:19,35.924,15.218,46.651,0.998,0,4824668,129448,192856,2772152,12319.808,3114.379,83.822,7152.793,8.981,642.634,5664,11699,2.430,1.730,1.020,5,0,219.533,0,0,26,235,6,48,0
18-04 14:55:20,19.499,5.250,73.495,0.250,0,4765552,188544,192856,2772172,22556.466,3577.757,0,595.959,0,57.996,3594,6287,2.430,1.730,1.020,4,0,36.997,0,0,26,235,6,50,0
18-04 14:55:21,4.248,1.499,91.960,0,0,4768556,183476,192856,2774236,2333392.974,16606.726,0,295.870,0,18.992,2251,2755,2.430,1.730,1.020,2,0,1.000,0,0,26,236,6,50,0
18-04 14:55:22,11.020,5.510,81.147,0,0,4772340,160552,192856,2793344,19675861.040,84315.201,0,184.335,0,11.020,6127,3552,2.430,1.730,1.020,2,0,53.096,0,0,26,235,6,50,0
18-04 14:55:23,13.486,14.985,69.180,0.499,0,4794668,136120,192856,2795448,5377.520,1456.516,2057.903,1114.864,22.977,73.925,3147,5075,2.320,1.720,1.010,4,0,207.788,0,0,26,239,6,50,0
18-04 14:55:24,28.270,3.753,67.048,0.751,0,4830996,124868,192488,2771008,5891.189,1705.212,4.003,572.407,1.001,71.051,2994,5062,2.320,1.720,1.010,3,0,5.004,0,0,26,253,6,50,0
18-04 14:55:25,25.729,2.748,69.194,0.250,0,4834312,120664,192488,2771896,6591.621,1692.619,535.563,611.501,29.976,48.960,4054,8555,2.320,1.720,1.010,8,0,0.999,0,0,26,253,6,51,0
18-04 14:55:26,29.718,6.493,61.683,0.499,0,4852964,148088,191776,2727720,12664.272,1530.341,271.705,359.610,26.971,30.966,4802,11957,2.320,1.720,1.010,2,0,35.961,0,0,26,257,6,52,0
18-04 14:55:27,27.797,8.014,61.855,0.751,0,4858848,135008,191568,2735428,14771.037,1622.751,52.088,21897.116,7.012,89.151,6378,11718,2.320,1.720,1.010,2,0,21.036,0,0,26,258,6,62,0
18-04 14:55:28,18.248,11.749,67.492,0.250,0,4824760,168984,191568,2735540,11470.692,1457.834,63.993,251.971,8.999,9.999,2977,4411,2.210,1.710,1.010,6,0,188.978,0,0,26,257,6,60,0
18-04 14:55:29,21.680,7.974,68.529,0.748,0,4849008,123384,192948,2754476,10609.741,1614.786,19.936,30126.721,3.987,510.352,2872,2857,2.210,1.710,1.010,3,0,1.994,0,0,26,257,6,60,0
18-04 14:55:30,26.579,4.513,67.702,0.251,0,4848704,123388,192960,2754648,11745.047,1624.849,48.144,3293.829,2.006,98.293,2573,3782,2.210,1.710,1.010,2,0,14.042,0,0,26,263,6,60,0
18-04 14:55:31,23.742,6.998,67.478,0,0,4871840,122340,192912,2733480,11806.187,1457.529,7.997,503.837,1.000,7.997,16639,26883,2.210,1.710,1.010,2,0,3.999,0,0,26,263,6,61,0
18-04 14:55:32,22.734,6.745,68.451,0,0,4874040,130432,192896,2723472,5311.213,1618.846,0,295.789,0,32.976,4710,8494,2.210,1.710,1.010,8,0,2.998,0,0,26,263,6,60,0
18-04 14:55:33,24.258,6.752,68.773,0,0.250,4876400,127964,192896,2723580,7167.351,1736.570,36.012,344.113,3.001,32.010,2051,3086,2.110,1.690,1.010,2,0,0,0,0,26,263,6,61,0
18-04 14:55:34,22.809,16.041,59.904,0.251,0,4817148,206020,192844,2705220,13111.658,1535.943,465.194,17504.935,51.131,56.144,3442,5849,2.110,1.690,1.010,2,0,394.011,0,0,26,263,6,50,0
18-04 14:55:35,23.186,5.236,70.556,0,0,4871872,151100,192844,2705416,9561.648,1615.548,0,386.934,0,19.945,2035,3341,2.110,1.690,1.010,2,0,56.843,0,0,26,263,6,50,0
18-04 14:55:36,13.540,16.298,69.704,0.251,0,4821376,201568,192844,2705444,12303.927,1624.744,0,164.480,0,17.050,3203,4898,2.110,1.690,1.010,4,0,212.621,0,0,26,263,6,50,0
18-04 14:55:37,10.994,18.490,67.961,0,0,4821344,201568,192844,2705476,12185.091,1619.082,0,475.730,0,38.978,3376,5074,2.110,1.690,1.010,1,1,259.853,0,0,26,265,6,50,0
18-04 14:55:38,7.739,12.982,77.893,0.250,0,4822532,200324,192844,2705532,15378.946,1617.785,23.967,87.880,1.997,9.986,2785,4441,2.020,1.680,1.010,2,0,200.725,0,0,26,267,6,49,0
18-04 14:55:39,10.238,2.497,85.899,0,0,4851004,171852,192844,2705532,8731.688,1456.280,0,0,0,0,1659,2706,2.020,1.680,1.010,1,0,10.987,0,0,26,267,6,49,0
18-04 14:55:40,25.776,3.504,69.321,0,0,4883184,139624,192844,2705580,7144.337,1621.665,0,268.276,0,30.031,2558,4613,2.020,1.680,1.010,3,0,0,0,0,26,269,6,49,0
18-04 14:55:41,16.542,14.035,67.671,0.752,0,4824776,197588,192848,2706000,13079.011,1535.877,68.172,1748.413,5.013,280.709,4027,5558,2.020,1.680,1.010,1,0,202.511,0,0,26,273,6,49,0
18-04 14:55:42,12.975,16.967,69.115,0,0,4827512,194568,192848,2706284,9487.414,1658.751,0,199.609,0,15.969,3167,4943,2.020,1.680,1.010,1,0,177.652,0,0,26,273,5,49,0
18-04 14:55:43,12.469,17.705,68.328,0.249,0,4828576,193424,192848,2706364,6247.244,1615.925,0,87.779,0,8.977,3157,4976,1.940,1.670,1.010,3,0,181.542,0,0,26,273,5,49,0
18-04 14:55:44,20.778,7.761,70.096,0,0,4874668,147292,192848,2706404,13339.288,1460.002,4.005,4.005,1.001,1.001,2300,3500,1.940,1.670,1.010,3,0,80.110,0,0,26,273,5,49,0
18-04 14:55:45,24.294,4.508,69.377,0,0,4927264,129008,192776,2673620,9813.920,1622.964,364.666,10198.623,10.018,296.541,2077,2706,1.940,1.670,1.010,2,0,0,0,0,26,273,5,49,0
18-04 14:55:46,25.508,3.001,70.022,0.250,0,4846548,209572,192776,2673772,11332.570,1662.524,132.042,672.212,8.003,55.017,2399,3854,1.940,1.670,1.010,2,0,7.002,0,0,26,273,5,49,0
18-04 14:55:47,28.257,4.251,66.265,0,0,4914972,139388,192776,2675532,8438.966,1458.340,1484.346,496.116,21.005,56.013,2363,3838,1.940,1.670,1.010,3,0,26.006,0,0,26,275,5,49,0
18-04 14:55:48,26.483,4.997,67.207,0.250,0,4942188,123352,192744,2664616,5182.647,1712.892,0,3629.652,0,106.931,3081,5434,1.870,1.660,1.010,2,0,0.999,0,0,26,277,5,49,0
18-04 14:55:49,28.299,4.758,67.367,0,0,4874972,190464,192856,2664736,11373.768,1622.820,112.195,124.216,5.009,8.014,2418,3469,1.870,1.660,1.010,2,0,18.031,0,0,26,275,5,49,0
18-04 14:55:50,26.445,4.990,67.360,0,0,4836328,229272,192856,2664572,9219.878,1528.829,0,239.503,0,20.957,2158,3158,1.870,1.660,1.010,3,0,21.954,0,0,26,275,5,49,0
18-04 14:55:51,11.021,17.283,70.634,0,0,4841644,222712,192976,2665696,6393.115,1697.216,1482.810,617.170,23.044,29.055,3308,5380,1.870,1.660,1.010,1,0,274.520,0,0,26,275,5,49,0
18-04 14:55:52,17.976,10.985,69.406,0.499,0,4834952,229012,192976,2666088,11456.476,1617.808,287.610,159.783,62.915,9.986,2959,4600,1.870,1.660,1.010,2,0,201.727,0,0,26,275,5,49,0
18-04 14:55:53,21.967,6.740,70.393,0.250,0,4872136,191124,193304,2666428,8834.624,1691.439,647.020,16011.758,28.956,176.732,2349,3232,1.800,1.650,1.010,3,0,55.915,0,0,26,275,5,49,0
18-04 14:55:54,25.059,6.515,66.909,0.251,0,4893620,169452,193312,2666608,11502.283,1623.852,196.466,549.303,17.040,12.029,9150,18005,1.800,1.650,1.010,4,0,14.033,0,0,26,277,5,49,0
18-04 14:55:55,20.459,1.996,76.099,0.499,0,4882920,179240,193460,2667372,16319.573,5205.656,187.627,594.818,14.970,27.944,1895,3207,1.800,1.650,1.010,2,0,0,0,0,26,276,5,50,0
18-04 14:55:56,26.071,5.515,67.685,0,0,4907012,153816,193560,2668508,5488.979,1624.433,16.044,525.434,1.003,32.088,10191,20194,1.800,1.650,1.010,2,0,10.027,0,0,26,276,5,50,0
18-04 14:55:57,18.982,9.491,70.182,0.250,0,4845072,215984,193564,2668244,11516.898,1866.201,0,775.253,0,41.960,2845,4318,1.800,1.650,1.010,3,0,159.846,0,0,26,277,5,50,0
18-04 14:55:58,22.721,6.492,69.413,0.250,0,4896904,163960,193564,2668436,11998.893,1456.167,0,91.884,0,5.992,2430,3723,1.810,1.650,1.020,2,0,108.863,0,0,26,277,5,50,0
18-04 14:55:59,23.043,6.512,70.132,0,0,4841680,219104,193564,2668484,11838.339,1891.569,24.045,280.529,2.004,11.021,2823,5425,1.810,1.650,1.020,3,0,88.166,0,0,26,277,6,55,0
18-04 14:56:00,26.723,4.995,68.680,0,0,4896324,164368,193564,2668576,9283.484,1734.222,3.996,227.767,0.999,26.972,2500,4404,1.810,1.650,1.020,2,0,25.973,0,0,26,278,6,55,0
18-04 14:56:01,27.702,6.988,63.640,0,0,4873328,187204,193564,2668704,11197.595,1455.478,0,115.799,0,6.988,4031,7219,1.810,1.650,1.020,5,0,71.875,0,0,26,277,6,55,0
18-04 14:56:02,28.484,2.998,66.213,0.250,0,4898172,162312,193564,2668752,9654.622,1693.057,15.991,471.737,0.999,52.970,3573,6680,1.810,1.650,1.020,1,0,0,0,0,26,277,6,56,0
18-04 14:56:03,23.247,5.249,70.241,0,0,4890744,169736,193564,2668756,7008.124,1619.798,0,163.980,0,8.999,2105,3345,1.750,1.640,1.020,2,0,57.993,0,0,26,277,6,57,0
18-04 14:56:04,25.072,4.764,70.452,0,0,4859108,201100,193564,2669028,5065.523,1462.192,0,208.598,0,12.035,2727,5329,1.750,1.640,1.020,1,0,33.095,0,0,26,277,6,61,0
18-04 14:56:05,25.679,3.989,69.807,0.249,0,4898164,161960,193564,2669112,11623.883,1685.343,0,470.699,0,23.934,4368,4299,1.750,1.640,1.020,2,0,1.994,0,0,26,279,6,59,0
18-04 14:56:06,23.498,4.250,70.494,0,0,4878064,182012,193564,2669160,10817.026,1659.851,15.999,483.956,1.000,57.995,3131,5492,1.750,1.640,1.020,3,0,48.996,0,0,26,277,6,59,0
18-04 14:56:07,24.761,5.252,69.031,0,0,4839972,219964,193564,2669300,11355.167,1640.747,0,176.080,0,10.005,2809,5097,1.750,1.640,1.020,3,0,32.015,0,0,26,277,6,54,0
18-04 14:56:08,26.029,2.753,70.578,0.250,0,4897368,162508,193564,2669360,7969.839,1621.799,0,2751.051,0,165.183,2523,4197,1.770,1.650,1.020,5,0,2.002,0,0,26,277,6,54,0
18-04 14:56:09,18.760,13.507,68.537,0.250,0,4843816,216024,193568,2669392,11495.161,1620.869,0,436.234,0,44.024,4263,7647,1.770,1.650,1.020,1,0,320.172,0,0,26,277,6,53,0
18-04 14:56:10,11.762,21.022,66.821,0,0,4849528,210280,193568,2669424,11577.295,1663.767,0,376.400,0,34.036,4889,8651,1.770,1.650,1.020,1,0,682.725,0,0,26,277,6,53,0
18-04 14:56:11,10.751,21.751,67.004,0.250,0,4844428,215344,193568,2669460,5789.313,1458.079,0,860.046,0,62.003,4888,8485,1.770,1.650,1.020,2,0,681.037,0,0,26,277,6,49,0
18-04 14:56:12,10.260,20.519,67.314,0,0,4844272,215464,193568,2669496,6050.736,1621.537,0,416.395,0,41.039,4679,8155,1.770,1.650,1.020,2,0,652.619,0,0,26,277,6,49,0
18-04 14:56:13,10.241,21.482,67.693,0,0,4846284,213416,193568,2669532,12388.569,1618.637,0,211.822,0,21.981,4585,7677,1.790,1.650,1.030,2,0,623.475,0,0,26,277,6,47,0
18-04 14:56:14,11.243,21.236,67.206,0,0,4846924,212740,193568,2669568,8274.572,1572.968,0,55.963,0,11.992,4389,7589,1.790,1.650,1.030,2,0,597.608,0,0,26,277,6,47,0
18-04 14:56:15,15.518,12.764,71.331,0,0,4862084,286680,193584,2589248,13119.865,1695.921,88.100,24.027,12.014,3.003,2852,4464,1.790,1.650,1.030,5,0,202.229,0,0,26,277,6,35,0
18-04 14:56:16,23.701,6.985,68.108,0.249,0,4882696,248624,194240,2605052,11364.283,1616.626,323.325,7.983,46.902,1.996,12342,24592,1.790,1.650,1.030,2,0,12.973,0,0,26,277,6,35,0
18-04 14:56:17,18.238,2.748,76.449,0.500,0,4892852,237564,194268,2605812,22941.721,7330.118,147.901,3493.673,16.989,64.957,2493,3869,1.790,1.650,1.030,4,0,2.998,0,0,26,280,6,35,0
18-04 14:56:18,18.233,2.747,77.176,1.249,0,4899504,229740,194268,2606920,30097.317,13338.289,855.185,1546.526,54.948,53.949,2252,3225,1.720,1.640,1.030,1,1,0,0,0,26,280,6,35,0
18-04 14:56:19,17.770,2.503,77.335,1.001,0,4915968,212100,194268,2608092,27778.501,12768.019,1057.161,3852.230,56.062,383.421,2686,3228,1.720,1.640,1.030,0,0,0,0,0,26,280,6,33,0
18-04 14:56:20,18.005,1.750,78.521,1.000,0,4915068,212100,194268,2608952,30355.953,13228.466,732.192,1744.457,48.013,77.020,2408,3539,1.720,1.640,1.030,2,0,0,0,0,26,280,6,33,0
18-04 14:56:21,19.487,3.747,73.950,1.999,0,4913688,182224,194268,2639564,15442.484,5678.133,13290.949,1522.963,161.890,65.955,2225,3353,1.720,1.640,1.030,2,0,0,0,0,26,280,6,31,0
18-04 14:56:22,23.498,4.000,70.494,1.500,0,4931104,136976,194324,2665424,5371.533,1777.845,0,3059.734,0,125.989,2286,3713,1.720,1.640,1.030,1,0,0,0,0,26,280,6,31,0
18-04 14:56:23,23.252,3.250,70.005,1.500,0,4920292,124012,194996,2686284,11246.855,1458.111,0,7800.593,0,398.030,2672,3615,1.670,1.630,1.030,2,0,0,0,0,26,280,6,31,0
18-04 14:56:24,24.070,4.012,70.958,0.501,0,4869540,184032,195108,2676420,8234.085,1799.263,481.408,1075.145,8.023,37.109,1907,2960,1.670,1.630,1.030,2,0,6.018,0,0,26,281,6,31,0
18-04 14:56:25,23.983,6.995,67.453,0,0,4892756,159364,195196,2677784,14018.285,1618.878,0,3.997,0,0.999,9955,19604,1.670,1.630,1.030,1,0,12.991,0,0,26,279,6,31,0
18-04 14:56:26,27.902,8.719,62.779,0,0,4896456,155544,195200,2677900,6114.428,1614.305,0,107.620,0,6.975,9291,19075,1.670,1.630,1.030,2,0,47.831,0,0,26,279,6,32,0
18-04 14:56:27,28.049,4.508,65.616,0.250,0,4855600,196416,195200,2677884,7130.557,1622.858,0,1843.246,0,18.032,2308,3672,1.670,1.630,1.030,2,0,49.086,0,0,26,279,6,25,0
18-04 14:56:28,26.200,7.236,66.374,0,0,4880252,171676,195200,2677896,13370.596,1455.235,0,74873.740,0,283.461,10625,19865,1.610,1.620,1.030,3,0,10.979,0,0,26,279,6,25,0
18-04 14:56:29,24.056,6.766,67.157,0.251,0,4892276,159544,195200,2678004,11232.340,1623.808,0,2064.842,0,25.059,8724,17021,1.610,1.620,1.030,2,0,15.035,0,0,26,279,6,19,0
18-04 14:56:30,27.291,4.757,66.601,0,0,4865600,186188,195200,2678036,6116.291,1534.331,0,408.621,0,32.049,9999,19681,1.610,1.620,1.030,3,0,13.020,0,0,26,281,6,19,0
18-04 14:56:31,24.940,3.242,70.330,0,0,4880576,171340,195200,2677908,11581.995,1689.914,0,375.093,0,15.961,1873,2786,1.610,1.620,1.030,3,0,7.981,0,0,26,281,6,18,0
18-04 14:56:32,23.757,7.502,67.519,0.250,0,4863584,186744,195244,2679452,11432.155,1736.479,32.009,328.091,2.001,25.007,6896,12705,1.610,1.620,1.030,3,0,100.028,0,0,26,281,6,18,0
18-04 14:56:33,23.964,6.241,69.146,0,0,4883768,149412,196000,2693796,12046.869,1455.809,35.946,11.982,7.988,2.995,9554,18464,1.560,1.610,1.030,2,0,3.994,0,0,26,281,6,17,0
18-04 14:56:34,17.276,2.003,79.118,0,0,4891856,140872,196052,2694148,23602.120,9265.787,0,2539.779,0,160.238,1998,2933,1.560,1.610,1.030,1,0,1.001,0,0,26,282,6,17,0
18-04 14:56:35,13.250,1.250,82.998,1.000,0,4891840,140648,196100,2694308,26763.465,13957.721,4.000,1867.963,1.000,74.999,2024,3144,1.560,1.610,1.030,1,0,0,0,0,26,282,6,17,0
18-04 14:56:36,5.494,1.249,90.404,0.499,0,4892204,139920,196148,2694556,149597.678,8992.423,0,815.132,0,35.962,1816,2799,1.560,1.610,1.030,2,0,0,0,0,26,283,6,17,0
18-04 14:56:37,16.547,2.256,79.728,0.501,0,4909404,122532,196220,2694636,31970.596,10567.275,0,1034.965,0,39.112,1872,2946,1.560,1.610,1.030,0,0,0,0,0,26,283,6,17,0
18-04 14:56:38,16.703,1.496,80.024,0.499,0,4909640,122056,196288,2694756,31821.976,13617.476,0,1463.859,0,47.865,1968,2922,1.440,1.580,1.020,2,0,0,0,0,26,283,6,17,0
18-04 14:56:39,12.270,2.003,82.633,1.502,0.250,4909244,121608,196592,2695168,332365.438,25088.493,28.045,2724.397,4.006,123.199,2637,3613,1.440,1.580,1.020,1,0,0,0,0,26,283,6,17,0
18-04 14:56:40,17.232,2.497,78.168,0.749,0,4892216,134340,196732,2699148,478549.088,19321.654,99.895,1714.195,6.993,87.907,2662,3730,1.440,1.580,1.020,1,0,0.999,0,0,26,283,6,17,0
18-04 14:56:41,13.986,3.496,79.669,1.498,0,4892252,122076,196888,2711632,7747253.285,51926.347,163.834,10309.546,3.996,125.872,4387,4483,1.440,1.580,1.020,2,0,3.996,0,0,26,283,6,17,0
18-04 14:56:42,24.062,4.010,69.680,1.253,0,4899388,120624,199764,2700804,5127.264,1698.394,0,5418.016,0,144.373,2392,3739,1.440,1.580,1.020,2,0,0,0,0,26,283,6,17,0
18-04 14:56:43,24.492,3.749,70.226,0.500,0,4919964,131092,200132,2670460,4841.335,1457.499,0,1259.567,0,44.985,2033,3270,1.400,1.570,1.020,3,0,0,0,0,26,283,6,17,0
18-04 14:56:44,23.774,5.505,69.319,0.751,0,4915644,126720,200440,2676916,11131.020,1621.605,0,5133.082,0,216.214,2434,3446,1.400,1.570,1.020,3,0,1.001,0,0,26,283,6,17,0
18-04 14:56:45,22.269,5.254,70.559,0.751,0,4906572,129040,201952,2680056,11224.417,1621.360,0,2598.180,0,93.078,2225,3428,1.400,1.570,1.020,5,0,0,0,0,26,283,6,17,0
18-04 14:56:46,24.912,4.235,70.502,0.747,0,4905716,118420,203008,2689216,10937.456,1600.360,0,3778.684,0,92.673,2174,3272,1.400,1.570,1.020,3,0,0,0,0,26,283,6,17,0
18-04 14:56:47,20.066,3.512,73.243,0.502,0,4858336,209524,203104,2645724,18261.500,4173.828,20.066,1641.438,3.010,65.216,2384,3815,1.400,1.570,1.020,3,0,2.007,0,0,26,281,6,17,0
18-04 14:56:48,27.215,6.991,62.669,0,0,4898068,164908,203104,2650604,13358.834,1711.800,2444.858,11.985,21.972,2.996,10190,19746,1.450,1.580,1.020,2,0,19.974,0,0,26,281,6,17,0
18-04 14:56:49,26.798,9.267,63.864,0.250,0,4898840,164116,203104,2650556,13287.692,1460.604,0,88433.677,0,577.029,9965,16990,1.450,1.580,1.020,3,0,5.009,0,0,26,281,6,17,0
18-04 14:56:50,26.434,5.736,67.582,0.249,0,4854512,209460,203104,2649624,5914.268,1615.975,0,3583.075,0,71.821,3907,6852,1.450,1.580,1.020,6,0,8.978,0,0,26,281,6,17,0
18-04 14:56:51,23.543,4.508,70.628,0,0,4902904,157360,203404,2652616,5482.941,1665.019,773.402,4.007,18.033,1.002,2007,3356,1.450,1.580,1.020,5,0,7.013,0,0,26,282,6,17,0
18-04 14:56:52,26.031,4.005,69.082,0.250,0,4904228,155680,203404,2652972,11203.265,1501.778,24.028,1966.328,3.004,54.064,5407,10471,1.450,1.580,1.020,3,0,0,0,0,26,283,6,19,0
18-04 14:56:53,25.179,3.241,68.557,0.997,0,4921244,137564,203404,2654072,8530.951,1615.446,997.189,897.470,52.851,114.677,4564,9136,1.410,1.570,1.020,2,1,0,0,0,26,287,6,23,0
18-04 14:56:54,27.774,3.503,66.306,1.501,0,4889860,167764,203412,2655248,11205.536,1459.242,980.835,1765.502,72.061,208.177,4460,8973,1.410,1.570,1.020,3,0,23.020,0,0,26,289,6,25,0
18-04 14:56:55,13.264,17.768,68.571,0.751,0,4895168,161524,203416,2656176,11995.367,1695.748,888.916,4104.231,11.011,428.442,4658,6913,1.410,1.570,1.020,2,0,421.434,0,0,26,289,6,28,0
18-04 14:56:56,9.717,5.232,77.241,5.482,0,4875004,160904,203456,2676892,12186.201,2703.947,20654.848,1100.316,2000.303,18.937,5983,7037,1.410,1.570,1.020,1,0,14.950,0,0,26,290,6,27,0
18-04 14:56:57,4.001,1.000,93.032,0.500,0.250,4875228,160680,203456,2676892,47622.382,3765.295,0,2540.874,0,139.048,1929,3261,1.410,1.570,1.020,2,0,0,0,0,26,290,6,27,0
18-04 14:56:58,7.511,2.504,88.877,0.501,0,4877344,157964,203576,2677308,164831.874,8305.886,148.212,308.441,2.003,28.040,2239,3565,1.300,1.550,1.020,2,0,3.004,0,0,26,289,6,27,1
18-04 14:56:59,5.245,1.498,92.155,0,0,4869268,165312,203652,2677896,12546.015,119566.249,379.607,1034.929,15.983,9.990,1703,2797,1.300,1.550,1.020,1,0,8.991,0,0,26,289,6,27,0
18-04 14:57:00,3.751,0.750,93.032,0.250,0,4869488,165088,203652,2677900,7979.753,1458.503,0,216.075,0,30.010,1770,3079,1.300,1.550,1.020,2,0,0,0,0,26,289,6,22,0
18-04 14:57:01,2.251,0.500,94.300,0,0,4869480,165088,203656,2677904,5542.932,1620.857,0,220.116,0,16.008,1429,2517,1.300,1.550,1.020,1,0,0,0,0,26,289,6,22,0
18-04 14:57:02,4.249,1.250,93.238,0.250,0,4869476,165088,203656,2677908,11106.601,1619.796,0,187.976,0,26.997,1889,3261,1.300,1.550,1.020,1,0,0,0,0,26,289,6,22,0
18-04 14:57:03,7.250,2.000,89.505,0,0,4869736,164584,203656,2678152,8247.445,1532.083,0,112.006,0,10.001,3186,5850,1.200,1.520,1.010,1,0,0,0,0,26,289,6,23,0
18-04 14:57:04,7.749,2.250,89.243,0.250,0,4869732,164584,203656,2678156,12690.947,1693.859,15.999,287.976,1.000,36.997,2388,3944,1.200,1.520,1.010,1,0,1.000,0,0,26,291,6,21,0
18-04 14:57:05,4.249,0.750,92.483,0,0,4869696,164584,203656,2678192,12594.720,1511.726,0,187.966,0,19.996,1898,3091,1.200,1.520,1.010,1,0,0,0,0,26,291,6,21,0
18-04 14:57:06,4.247,0.250,94.444,0,0.500,4869688,164584,203656,2678200,5049.995,1565.069,3.998,127.924,0.999,11.993,1447,2458,1.200,1.520,1.010,1,0,0,0,0,26,291,6,19,0
18-04 14:57:07,3.747,0.749,94.185,0.250,0,4869688,164584,203656,2678200,11150.362,1618.891,0,515.647,0,35.975,1584,2717,1.200,1.520,1.010,1,0,0,0,0,26,291,6,19,0
18-04 14:57:08,3.001,1.000,93.777,0,0,4869684,164584,203656,2678204,8660.494,1458.420,0,228.066,0,14.004,1565,2589,1.100,1.490,1.010,1,0,0,0,0,26,291,6,17,0
18-04 14:57:09,2.498,1.249,93.673,0.500,0,4869684,164584,203656,2678204,4793.079,1618.676,0,3401.218,0,173.858,1776,3380,1.100,1.490,1.010,1,1,0,0,0,26,291,6,17,0
18-04 14:57:10,3.506,1.503,93.413,0,0,4869908,164360,203656,2678204,13378.305,1622.827,0,96.168,0,17.030,1662,2780,1.100,1.490,1.010,1,0,0,0,0,26,291,6,17,0
18-04 14:57:11,3.496,0.999,93.646,0.250,0,4869908,164360,203656,2678204,11336.405,1530.300,0,1326.526,0,220.755,2119,3082,1.100,1.490,1.010,2,0,0,0,0,26,291,6,17,0
18-04 14:57:12,4.501,1.000,93.529,0.250,0,4870028,164108,203656,2678336,11840.635,1620.497,0,356.109,0,36.011,1697,2751,1.100,1.490,1.010,1,0,0,0,0,26,291,5,17,0
18-04 14:57:13,3.252,0.750,94.302,0,0,4870024,164108,203656,2678340,10010.486,1620.888,0,0,0,0,1530,2601,1.010,1.470,1,1,0,0,0,0,26,291,5,17,0
18-04 14:57:14,4.251,1.000,91.778,0.250,0,4870024,164108,203656,2678340,5261.594,1620.491,0,440.133,0,54.016,2100,3878,1.010,1.470,1,1,0,1.000,0,0,26,291,5,17,0
18-04 14:57:15,3.749,1.750,93.734,0.250,0,4871424,162736,203656,2678348,11912.011,1457.757,0,31930.668,0,124.979,1893,2914,1.010,1.470,1,1,0,0,0,0,26,291,5,17,0
18-04 14:57:16,3.249,1.749,93.216,0,0,4871924,162236,203656,2678348,8159.046,1619.414,0,199.928,0,7.997,1463,2491,1.010,1.470,1,1,0,5.998,0,0,26,291,5,17,0
18-04 14:57:17,3.746,1.249,92.154,0.499,0,4871916,162236,203656,2678356,11358.131,1618.309,0,647.324,0,55.942,2044,3573,1.010,1.470,1,1,0,0,0,0,26,291,5,17,0
18-04 14:57:18,5.753,1.251,91.793,0,0,4868124,166028,203656,2678356,11156.188,1458.678,0,4.002,0,1.000,1568,2599,0.930,1.450,0.990,1,0,0,0,0,26,291,5,17,0
18-04 14:57:19,3.749,2.999,92.983,0,0,4869004,165148,203656,2678356,11520.926,1619.708,0,0,0,0,1554,2624,0.930,1.450,0.990,2,0,0,0,0,26,291,5,17,0
18-04 14:57:20,3.750,3.500,90.741,0.250,0,4871952,162180,203660,2678364,8409.151,1735.825,0,54834.462,0,323.967,2639,3761,0.930,1.450,0.990,1,0,0,0,0,26,291,5,17,0
18-04 14:57:21,4.003,1.001,93.579,0.751,0,4872324,161956,203660,2678364,4895.122,1533.291,0,996.839,0,154.130,1636,2504,0.930,1.450,0.990,1,0,0,0,0,26,291,5,17,0
18-04 14:57:22,2.500,1.000,94.483,0,0,4872324,161956,203660,2678364,4859.150,1619.717,0,0,0,0,1411,2554,0.930,1.450,0.990,2,0,0,0,0,26,291,5,17,0
18-04 14:57:23,2.502,1.001,94.324,0,0,4872324,161956,203660,2678364,12383.746,1695.334,0,272.214,0,17.013,1522,2563,0.860,1.420,0.990,1,0,0,0,0,26,291,5,17,0
18-04 14:57:24,4.752,1.501,93.295,0.250,0,4872320,161956,203660,2678368,8123.940,1458.707,0,196.095,0,32.016,1774,3126,0.860,1.420,0.990,2,0,1.000,0,0,26,291,5,17,0
18-04 14:57:25,3.996,0.500,93.166,0,0,4873208,161060,203660,2678376,12460.748,1660.501,0,2637.618,0,34.968,1668,2762,0.860,1.420,0.990,1,0,0,0,0,26,291,5,18,0
18-04 14:57:26,7.246,3.498,88.196,0,0,4862752,171516,203660,2678264,9807.948,1660.975,0,243.850,0,4.997,2668,5582,0.860,1.420,0.990,1,0,34.978,0,0,26,291,5,17,0
18-04 14:57:27,4.498,1.000,93.465,0,0,4862628,171632,203664,2678380,11417.673,1531.420,0,115.956,0,11.995,1622,2697,0.860,1.420,0.990,1,0,0,0,0,26,291,5,17,0
18-04 14:57:28,2.500,0.250,94.262,0,0,4862620,171632,203664,2678388,12934.707,1620.214,0,0,0,0,1506,2539,0.790,1.400,0.980,2,0,0,0,0,26,291,5,17,0
18-04 14:57:29,2.250,0.250,95.012,0,0,4862620,171632,203664,2678388,4461.558,324.041,0,0,0,0,1312,2471,0.790,1.400,0.980,1,0,0,0,0,26,291,5,17,0
18-04 14:57:30,13.006,4.502,81.039,0.500,0,4886876,146744,203836,2678848,333699.509,6973.354,600.289,1080.520,18.009,36.017,2241,3538,0.790,1.400,0.980,1,0,26.013,0,0,26,293,5,17,0
18-04 14:57:31,13.280,6.765,80.431,0,0,4886444,145336,203836,2680688,244197.712,8178.377,292.658,1258.829,15.034,170.383,2634,3345,0.790,1.400,0.980,1,0,41.092,0,0,26,293,5,17,0
