"pcp-dstat 5.3.6 CSV Output"
"Author:","PCP team <pcp@groups.io> and Dag Wieers <dag@wieers.com>",,,,"URL:","https://pcp.io/ and http://dag.wieers.com/home-made/dstat/"
"Host:","ubuntu",,,,"User:","ubuntu"
"Cmdline:","dstat -tcmndrylpg --tcp --output /tmp/devstack_logs/dstat-csv.log",,,,"Date:","09 Sep 2025 17:40:06 UTC"
"system","total usage",,,,,"memory usage",,,,"net/total",,"dsk/total",,"io/total",,"system",,"load avg",,,"procs",,,"paging",,"tcp sockets",,,,
"time","total usage:usr","total usage:sys","total usage:idl","total usage:wai","total usage:stl","used","free","buf","cach","net/total:recv","net/total:send","dsk/total:read","dsk/total:writ","read","writ","int","csw","1m","5m","15m","run","blk","new","in","out","lis","act","syn","tim","clo"
09-09 17:40:06,,999380,492676,177820,6091772,,,,,,,1.580,0.910,0.550,4,0,,,,9,6,6,11,0
09-09 17:40:07,21.464,21.464,54.659,0.499,0,1011640,472496,177844,6099516,178766.426,14702.608,0,2615.661,0,104.826,3502,5097,1.580,0.910,0.550,3,0,387.357,0,0,9,4,6,11,2
09-09 17:40:08,30.757,21.755,47.011,0.750,0,1014548,445764,178180,6120420,292727.255,6654.597,0,4181.003,0,127.030,3468,4810,1.580,0.910,0.550,2,0,375.090,0,0,9,4,6,11,2
09-09 17:40:09,37.447,19.972,41.691,0.499,0,1035444,398552,178804,6143388,24233.685,1617.709,0,1302.156,0,39.943,3367,8437,1.580,0.910,0.550,3,0,237.663,0,0,9,4,6,10,2
09-09 17:40:10,27.693,9.481,60.626,1.497,0,1160624,248532,179956,6289092,22561.838,1644.635,0,16494.253,0,431.118,3807,7028,1.580,0.910,0.550,3,0,47.902,0,0,10,4,6,10,2
09-09 17:40:11,29.848,8.277,61.200,1.003,0,1158588,244344,180788,6292456,20123.764,4372.289,0,2652.669,0,84.275,2149,2778,1.620,0.930,0.550,2,0,107.351,0,0,10,4,6,10,0
09-09 17:40:12,36.517,13.256,49.023,0,0,1140148,262528,180796,6292680,20193.451,1512.708,80.037,716.335,1.000,22.010,2502,3125,1.620,0.930,0.550,2,0,186.087,0,0,10,4,6,12,0
09-09 17:40:13,41.249,4.750,53.249,0.250,0,1189352,205164,181248,6299468,28655.513,3830.935,0,3127.947,0,27.000,1436,1389,1.620,0.930,0.550,2,0,4.000,0,0,10,4,6,12,0
09-09 17:40:14,34.746,5.999,52.993,7.249,0,1231312,154828,181768,6306880,32123.952,4410.444,0,26496.661,0,2492.686,12246,20153,1.620,0.930,0.550,1,1,59.992,0,0,10,7,6,12,0
09-09 17:40:15,40.979,10.495,42.228,4.748,0,1153336,222696,182696,6314528,21422.774,1751.082,0,32502.968,0,2240.826,18110,32878,1.620,0.930,0.550,2,0,106.944,0,0,10,4,6,12,0
09-09 17:40:16,44.247,8.499,45.747,0.750,0,1220756,154868,182788,6314720,22606.350,1565.886,0,7843.427,0,345.975,9774,18587,1.650,0.950,0.560,2,0,12.999,0,0,10,4,6,12,0
09-09 17:40:17,43.999,7.000,48.749,0,0,1133076,256692,182832,6302216,22275.332,1619.951,0,1207.964,0,29.999,1597,1494,1.650,0.950,0.560,2,0,19.999,0,0,10,4,6,12,0
09-09 17:40:18,46.769,3.752,49.020,0.250,0,1192524,197200,182864,6302224,10166.148,1694.691,0,5754.348,0,304.124,1886,2329,1.650,0.950,0.560,2,0,10.004,0,0,10,4,6,12,0
09-09 17:40:19,12.739,17.485,69.191,0,0,1078804,311000,182872,6302232,19513.492,1584.659,0,203.828,0,14.987,2609,3485,1.650,0.950,0.560,1,0,277.765,0,0,10,4,6,12,0
09-09 17:40:20,9.481,21.457,67.117,0.250,0,1080576,308952,182876,6302396,17763.668,1562.891,0,32355.645,0,97.805,2889,3851,1.650,0.950,0.560,3,0,275.452,0,0,10,4,6,12,0
09-09 17:40:21,11.032,21.061,66.944,0,0,1082752,306848,182876,6302764,29504.534,1624.710,0,24.070,0,6.017,3752,5379,1.920,1.010,0.590,1,0,250.727,0,0,10,4,6,12,0
09-09 17:40:22,33.956,12.484,51.932,0,0,1149256,240252,182876,6302900,19075.069,1617.885,0,3.995,0,0.999,3491,5981,1.920,1.010,0.590,2,0,164.785,0,0,10,5,6,12,0
09-09 17:40:23,47.803,2.753,49.304,0,0,1232556,156588,182876,6303260,25365.953,1621.787,0,108.119,0,21.023,1350,1071,1.920,1.010,0.590,2,0,0,0,0,10,5,6,12,0
09-09 17:40:24,32.452,10.235,55.917,0,0.250,1254324,136040,182880,6301884,24937.093,1617.606,67.900,367.456,2.996,40.939,2182,5527,1.920,1.010,0.590,2,0,116.827,0,0,10,4,6,12,0
09-09 17:40:25,1.248,1.497,96.314,0,0,1255476,134556,182888,6302128,11686.399,1616.873,0,13358.165,0,49.903,976,1526,1.920,1.010,0.590,1,0,0.998,0,0,10,4,6,12,0
09-09 17:40:26,9.788,4.518,84.829,0.251,0.251,1279728,126156,182068,6287600,26126.475,1592.184,64.250,13171.157,5.019,180.702,1603,1706,1.840,1.010,0.590,1,0,26.101,0,0,10,4,6,12,0
09-09 17:40:27,22.743,6.248,70.229,0,0,1332276,135228,180156,6227944,11645.553,1639.515,155.954,77257.132,7.998,196.942,1418,1664,1.840,1.010,0.590,3,0,0,0,0,10,4,6,12,0
09-09 17:40:28,22.250,3.750,71.999,1.000,0,1355000,130856,179800,6210008,24135.710,1619.981,919.989,12575.849,14.000,434.995,3326,4721,1.840,1.010,0.590,1,0,1.000,0,0,10,10,6,12,0
09-09 17:40:29,19.448,5.984,73.054,0.748,0,1302476,182024,180112,6211048,16199.553,1615.667,1595.720,2401.559,53.856,140.623,1678,2123,1.840,1.010,0.590,2,0,41.888,0,0,10,4,6,14,0
09-09 17:40:30,23.541,2.254,73.129,0.751,0,1332796,150456,180508,6211868,5712.042,1622.853,729.282,1121.972,76.134,26.046,1908,3077,1.840,1.010,0.590,1,0,3.005,0,0,10,28,6,15,0
09-09 17:40:31,21.492,4.748,72.725,0,0,1326504,156724,180508,6211892,15471.600,1619.435,0,1219.574,0,15.994,1223,1593,1.780,1.010,0.590,2,0,43.985,0,0,10,28,6,15,0
09-09 17:40:32,21.006,11.253,66.520,0,0,1302040,181188,180508,6211892,9351.787,1458.435,124.037,12.004,7.002,3.001,1973,3029,1.780,1.010,0.590,2,0,156.047,0,0,10,28,6,15,0
09-09 17:40:33,44.556,8.010,47.059,0.751,0,1404412,131052,180240,6160600,14130.692,1622.031,476.597,36946.257,17.021,488.612,2747,2974,1.780,1.010,0.590,2,0,6.008,0,0,10,29,6,15,0
09-09 17:40:34,47.998,19.499,32.749,0.250,0,1384048,151212,180260,6160924,9788.579,1693.927,279.988,823.965,11.000,27.999,3888,9233,1.780,1.010,0.590,5,0,435.981,0,0,10,28,6,16,0
09-09 17:40:35,80.226,17.245,1.500,0,0,1589488,119976,177364,5992568,6531.021,1511.542,2195.335,2235.323,193.941,231.930,3693,4968,1.780,1.010,0.590,8,0,141.957,0,0,10,30,5,16,0
09-09 17:40:36,82.030,13.505,4.252,0,0,1433568,368512,176068,5903376,12008.359,1702.618,1072.389,2364.858,64.023,390.142,6919,11742,1.950,1.060,0.610,3,0,163.059,0,0,10,28,5,16,0
09-09 17:40:37,30.850,9.454,58.216,0.249,0,1316904,484984,176092,5903728,9901.768,1612.147,0,413.983,0,34.830,3399,6398,1.950,1.060,0.610,1,0,146.287,0,0,10,28,5,16,0
09-09 17:40:38,22.292,3.256,73.637,0.250,0,1379888,421984,176104,5903732,6369.893,1460.727,0,120.224,0,8.015,1141,1645,1.950,1.060,0.610,1,0,0,0,0,10,28,5,16,0
09-09 17:40:39,19.237,6.746,72.202,0,0,1340292,461544,176116,5903756,12995.423,1618.932,0,187.876,0,19.987,2239,3539,1.950,1.060,0.610,1,0,67.955,0,0,10,28,5,16,0
09-09 17:40:40,23.745,2.499,72.483,0,0,1377080,424752,176124,5903752,16629.209,1511.655,0,263.940,0,26.994,1878,3039,1.950,1.060,0.610,4,0,0,0,0,10,28,5,16,0
09-09 17:40:41,9.266,20.535,67.864,0.250,0,1312384,489236,176128,5903960,16067.041,1568.640,200.337,961.618,6.010,59.099,2595,3333,1.880,1.060,0.610,1,0,286.482,0,0,10,28,5,16,0
09-09 17:40:42,12.278,25.307,61.639,0,0,1322748,478704,176128,5904128,9911.300,1623.653,80.180,120.271,1.002,15.034,2857,4061,1.880,1.060,0.610,4,0,450.013,0,0,10,28,5,15,0
09-09 17:40:43,79.265,17.753,2.751,0,0,1560724,240628,176128,5904228,5877.128,1512.290,0,136.026,0,12.002,2263,3519,1.880,1.060,0.610,5,0,304.058,0,0,10,29,5,15,0
09-09 17:40:44,81.251,9.750,8.500,0,0,1602856,197308,176140,5905404,13338.187,1640.023,1092.015,220.003,11.000,31.000,5947,14612,1.880,1.060,0.610,6,0,30.000,0,0,10,30,5,15,0
09-09 17:40:45,85.977,10.747,2.749,0,0,1509224,290592,176172,5905720,11301.039,1693.556,0,2715.289,0,177.953,3846,6736,1.880,1.060,0.610,7,0,124.967,0,0,10,29,5,15,0
09-09 17:40:46,77.976,16.495,5.248,0,0,1575072,224444,176176,5906016,12225.210,1619.498,59.981,391.879,1.000,20.993,6606,13019,2.370,1.180,0.650,8,0,204.936,0,0,10,29,5,16,0
09-09 17:40:47,63.775,12.005,24.760,0,0,1442372,356708,176180,5906416,11823.682,1694.671,0,352.139,0,18.007,4396,9130,2.370,1.180,0.650,4,0,150.059,0,0,10,30,5,17,0
09-09 17:40:48,40.784,9.258,48.541,0.250,0,1411108,387928,176196,5906444,12699.630,1621.357,0,536.449,0,36.030,2104,3645,2.370,1.180,0.650,3,0,98.082,0,0,10,28,5,17,0
09-09 17:40:49,42.961,11.739,45.709,0,0,1312364,486652,176216,5906444,11638.502,1552.600,0,459.585,0,37.966,3591,7602,2.370,1.180,0.650,3,0,214.806,0,0,10,28,5,19,0
09-09 17:40:50,61.721,13.494,24.239,0,0,1499592,299220,176220,5906644,5160.554,1619.232,3.998,303.856,1.000,17.991,2080,2843,2.370,1.180,0.650,3,0,162.923,0,0,10,28,5,18,0
09-09 17:40:51,61.028,14.006,25.012,0.500,0,1378788,419832,176232,5906824,6787.142,1694.785,0,492.228,0,50.023,4793,11285,2.500,1.220,0.670,4,0,259.120,0,0,10,28,5,20,0
09-09 17:40:52,85.176,8.742,6.494,0,0,1579376,219044,176368,5906888,13020.672,1844.395,131.885,499.565,3.997,21.981,3150,5452,2.500,1.220,0.670,4,0,0,0,0,10,30,6,22,0
09-09 17:40:53,61.303,16.514,20.768,0,0,1399640,398620,176376,5907040,12023.376,1641.417,0,468.404,0,45.039,4658,10600,2.500,1.220,0.670,3,0,324.280,0,0,10,28,6,23,0
09-09 17:40:54,63.968,7.746,28.486,0,0,1520016,277996,176388,5907276,13401.366,1619.198,3.998,351.826,1.000,23.988,3277,6354,2.500,1.220,0.670,2,0,0,0,0,10,31,6,25,0
09-09 17:40:55,63.519,14.254,21.756,0,0,1459492,338484,176396,5907304,8910.655,1586.473,0,416.124,0,41.012,2750,6323,2.500,1.220,0.670,4,0,299.089,0,0,10,28,6,27,0
09-09 17:40:56,62.764,9.502,27.256,0.250,0,1460564,337260,176404,5907448,15508.458,1662.371,0,320.071,0,22.005,4698,9736,2.460,1.240,0.680,5,0,92.021,0,0,10,28,6,30,0
09-09 17:40:57,65.249,13.500,20.750,0,0,1510052,287612,176416,5907596,17152.743,1661.975,0,1283.981,0,71.999,1970,2706,2.460,1.240,0.680,4,0,194.997,0,0,10,29,6,30,0
09-09 17:40:58,58.500,11.500,29.750,0,0,1393576,403432,176428,5908240,6178.019,1620.005,0,236.001,0,35.000,3562,9998,2.460,1.240,0.680,4,0,112.000,0,0,10,28,6,29,0
09-09 17:40:59,67.483,7.248,25.993,0,0,1512616,284236,176432,5908392,6896.248,1767.551,0,287.927,0,25.993,2671,6638,2.460,1.240,0.680,4,0,0,0,0,10,29,6,33,0
09-09 17:41:00,69.517,20.255,9.252,0,0,1494988,301816,176464,5908408,12763.101,1694.412,12.003,680.165,3.001,46.011,3099,6217,2.460,1.240,0.680,6,0,416.101,0,0,10,28,6,33,0
09-09 17:41:01,81.763,12.962,4.238,0.249,0,1647420,149136,176488,5908632,8950.072,1561.476,0,630.174,0,50.853,4283,9286,2.820,1.330,0.710,7,0,206.402,0,0,10,28,6,33,0
09-09 17:41:02,82.274,15.552,1.756,0,0,1567324,228988,176492,5908868,16389.594,1517.053,0,212.709,0,13.043,2487,4131,2.820,1.330,0.710,7,0,296.989,0,0,10,29,6,30,0
09-09 17:41:03,83.219,13.245,2.749,0.250,0,1554336,241768,176508,5908880,12986.117,1619.391,7.997,427.839,1.000,31.988,5289,14758,2.820,1.330,0.710,7,0,223.916,0,0,10,29,6,31,0
09-09 17:41:04,71.033,17.758,9.755,0,0,1444888,351132,176508,5909144,13854.442,1620.754,0,216.100,0,13.006,5145,11925,2.820,1.330,0.710,4,0,454.211,0,0,10,29,6,30,0
09-09 17:41:05,35.943,26.458,36.443,0,0,1319376,476452,176508,5909336,11431.972,1617.449,0,211.666,0,10.983,4870,9602,2.820,1.330,0.710,2,0,736.838,0,0,10,28,6,30,0
09-09 17:41:06,9.246,21.490,68.469,0,0,1323444,472312,176508,5909408,7145.799,1619.275,0,31.986,0,5.997,2402,3087,2.680,1.330,0.710,2,0,303.864,0,0,10,28,6,30,0
09-09 17:41:07,49.066,32.794,17.524,0,0,1452564,343156,176520,5909400,13479.183,1576.126,4.005,5976.062,1.001,162.219,3145,5828,2.680,1.330,0.710,6,0,828.117,0,0,10,28,6,30,0
09-09 17:41:08,79.134,15.727,3.745,0,0,1551840,243612,176520,5909668,6234.866,1691.522,3.994,611.105,0.999,39.941,3905,8302,2.680,1.330,0.710,9,0,310.545,0,0,10,29,6,30,0
09-09 17:41:09,81.872,15.523,2.504,0,0,1526520,268384,176560,5910176,61064.352,1664.490,652.977,729.091,11.016,64.096,5178,10727,2.680,1.330,0.710,6,0,295.442,0,0,10,29,6,30,0
09-09 17:41:10,84.833,13.723,1.497,0,0,1563204,231128,176604,5910700,13885.618,1455.130,195.614,199.606,13.972,8.982,2731,5237,2.680,1.330,0.710,6,0,195.614,0,0,10,30,6,30,0
09-09 17:41:11,84.384,12.770,2.504,0,0,1699804,132096,175956,5874468,17611.915,4476.095,16.025,3661.804,4.006,371.589,5369,14669,2.680,1.330,0.710,5,0,9.014,0,0,10,33,6,30,0
09-09 17:41:12,87.562,10.007,2.752,0,0,1520664,326472,176000,5858880,12996.266,1633.164,12.009,3942.811,2.001,290.207,4380,14454,3.020,1.420,0.750,8,0,67.048,0,0,10,30,6,29,0
09-09 17:41:13,84.479,14.496,0.750,0,0.250,1563996,281816,176080,5860156,12844.814,1619.598,0,863.786,0,41.990,3332,17815,3.020,1.420,0.750,8,0,127.968,0,0,10,29,6,29,0
09-09 17:41:14,84.243,12.999,2.500,0,0,1664784,180040,176084,5861020,10677.060,2675.765,0,1027.910,0,16.999,6929,19731,3.020,1.420,0.750,6,0,7.999,0,0,10,32,6,29,0
09-09 17:41:15,80.256,13.251,5.000,0,0,1625236,219048,176140,5861424,161343.133,9591.662,0,1996.138,0,47.003,5345,15442,3.020,1.420,0.750,8,0,169.012,0,0,10,32,6,29,1
09-09 17:41:16,82.749,13.210,3.489,0,0,1600204,242916,176308,5862380,546747.807,16324.520,0,2157.461,0,81.752,4574,12037,3.020,1.420,0.750,7,0,117.643,0,0,10,31,6,29,0
09-09 17:41:17,84.260,10.783,4.012,0.502,0,1612444,230256,176440,5862564,28599.171,8580.454,0,1504.639,0,85.263,4477,10526,3.340,1.510,0.780,6,0,59.182,0,0,10,30,6,29,0
09-09 17:41:18,81.247,12.250,6.000,0,0,1544196,297748,176560,5863136,72376.250,7540.713,0,995.962,0,44.998,5011,10165,3.340,1.510,0.780,8,0,130.995,0,0,10,31,6,29,0
09-09 17:41:19,83.997,10.750,4.750,0,0,1674016,167644,176576,5863372,13388.572,2203.929,0,243.992,0,10.000,3837,10791,3.340,1.510,0.780,6,0,6.000,0,0,10,32,6,29,0
09-09 17:41:20,78.994,13.249,7.499,0,0,1474204,367060,176656,5863652,33516.620,6683.525,0,1323.906,0,81.994,5911,14087,3.340,1.510,0.780,7,0,208.985,0,0,10,30,6,30,0
09-09 17:41:21,86.510,12.751,0.750,0,0,1648220,192800,176724,5863828,28097.147,6526.731,0,916.103,0,47.005,3251,5026,3.340,1.510,0.780,6,0,72.008,0,0,10,31,6,30,0
09-09 17:41:22,79.248,12.500,8.750,0,0,1584960,252556,176828,5867120,21609.417,6608.822,2711.927,1531.959,34.999,74.998,5592,15046,3.470,1.570,0.800,6,0,56.998,0,0,10,32,6,32,0
09-09 17:41:23,83.001,12.500,3.250,0,0,1554232,283204,176888,5867136,22027.308,5158.072,0,712.010,0,31.000,3957,7998,3.470,1.570,0.800,6,0,164.002,0,0,10,31,6,32,0
09-09 17:41:24,81.992,11.499,6.499,0,0,1629028,208100,176968,5867324,30504.072,6712.356,0,1003.904,0,55.995,5283,10267,3.470,1.570,0.800,5,0,24.998,0,0,10,33,6,32,0
09-09 17:41:25,83.007,12.001,4.750,0,0,1592440,244160,177052,5867756,19385.609,2557.212,0,788.065,0,52.004,5841,12486,3.470,1.570,0.800,7,0,150.012,0,0,10,30,6,32,0
09-09 17:41:26,79.987,14.203,5.233,0,0,1605560,230324,177168,5868236,32385.549,7462.471,7.974,1084.435,1.993,59.803,4919,8935,3.470,1.570,0.800,5,0,104.656,0,0,10,31,6,32,0
09-09 17:41:27,78.011,12.542,8.779,0,0,1530104,305160,177300,5868720,62194.730,5577.629,4.013,858.869,1.003,43.144,5601,10538,3.520,1.610,0.820,6,0,132.442,0,0,10,31,6,32,0
09-09 17:41:28,79.354,13.725,6.239,0,0,1577168,257508,177384,5869116,36967.942,4345.001,0,574.942,0,20.961,4983,10388,3.520,1.610,0.820,6,0,93.827,0,0,10,32,6,32,0
09-09 17:41:29,86.151,12.522,1.002,0,0,1538196,295900,177520,5869516,80835.108,10347.190,0,1642.888,0,88.155,3135,6122,3.520,1.610,0.820,4,0,145.255,0,0,10,30,6,30,0
09-09 17:41:30,73.994,9.249,16.999,0.500,0,1398012,435764,177592,5869676,234277.429,9852.261,0,919.931,0,48.996,3892,9692,3.520,1.610,0.820,5,0,119.991,0,0,10,32,6,30,0
09-09 17:41:31,66.999,11.000,19.500,0.250,0,1574332,246328,177596,5882748,6659454.746,85901.055,0,363.996,0,27.000,6219,5354,3.520,1.610,0.820,4,0,62.999,0,0,10,34,6,29,0
09-09 17:41:32,63.252,14.001,21.501,0.250,0,1488680,308316,177712,5906260,11965695.662,101807.971,216.008,26393.029,51.002,334.013,8443,9562,3.480,1.640,0.830,4,0,180.007,0,0,10,34,6,29,0
09-09 17:41:33,66.483,12.497,20.495,0.250,0,1533544,230564,177824,5938932,16931272.388,118438.035,0,19155.154,0,168.957,9229,11007,3.480,1.640,0.830,5,0,50.987,0,0,10,35,6,29,0
09-09 17:41:34,66.522,10.253,23.008,0.500,0,1519592,227240,178096,5955516,8704030.738,79045.243,0,8570.846,0,127.042,7166,8981,3.480,1.640,0.830,4,0,91.030,0,0,10,34,6,29,0
09-09 17:41:35,75.251,11.000,12.250,0,0,1564808,174880,178180,5962204,3173632.084,21174.254,0,6412.077,0,68.001,10740,24525,3.480,1.640,0.830,5,0,73.001,0,0,10,34,6,29,0
09-09 17:41:36,77.254,18.001,5.750,0,0,1548092,191056,178228,5962620,23692.256,1694.090,0,824.044,0,22.001,4122,7941,3.480,1.640,0.830,5,0,224.012,0,0,10,34,6,29,0
09-09 17:41:37,79.767,14.707,5.484,0,0,1569308,168752,178276,5963636,19281.755,1709.015,0,586.290,0,34.898,4396,9541,3.520,1.670,0.850,7,0,103.698,0,0,10,35,6,30,0
09-09 17:41:38,79.720,13.788,5.766,0,0,1543132,194428,178372,5963960,6238.236,1516.189,0,742.050,0,46.127,3712,8390,3.520,1.670,0.850,5,0,127.352,0,0,10,34,6,30,0
09-09 17:41:39,84.750,12.000,2.750,0.250,0,1524156,200788,178496,5976100,27287.136,1566.008,4.000,912.005,1.000,52.000,3803,6445,3.520,1.670,0.850,5,0,100.001,0,0,10,35,6,30,0
09-09 17:41:40,77.004,13.751,7.250,1.500,0,1521180,191432,179128,5984588,26987.430,1768.094,4.000,52634.790,1.000,920.049,6118,12353,3.520,1.670,0.850,5,0,5.000,0,0,10,35,6,30,0
09-09 17:41:41,67.755,15.001,16.501,0.250,0,1486104,151176,187624,6041160,25229.867,1620.120,364.027,1436.106,5.000,41.003,3216,6064,3.520,1.670,0.850,4,0,230.017,0,0,10,35,6,30,0
09-09 17:41:42,63.499,11.250,25.249,0.250,0,1480876,149492,191352,6039636,24151.493,1619.966,0,25495.465,0,168.996,4560,7617,3.480,1.700,0.860,3,0,5.000,0,0,10,35,6,30,0
09-09 17:41:43,58.999,14.250,26.000,0.250,0,1461556,220396,191948,5987500,26875.731,1967.980,48.000,3223.968,9.000,49.000,3564,5883,3.480,1.700,0.860,3,0,174.998,0,0,10,33,6,30,0
09-09 17:41:44,62.493,21.498,16.248,0.250,0,1388816,282332,192092,5998252,17052.158,1457.843,1679.819,2099.773,40.996,46.995,7025,14677,3.480,1.700,0.860,7,0,515.944,0,0,10,32,6,31,0
09-09 17:41:45,56.252,20.751,21.751,1.000,0,1463456,200404,192100,6005516,4762.143,1620.049,4128.124,700.021,105.003,15.000,3746,5819,3.480,1.700,0.860,3,0,512.015,0,0,10,33,6,31,0
09-09 17:41:46,44.252,9.250,45.002,0,0,1381420,281988,192112,6005968,27524.321,1620.078,0,384.018,0,23.001,3535,6689,3.480,1.700,0.860,3,0,130.006,0,0,10,32,6,33,0
09-09 17:41:47,46.165,5.490,48.411,0.250,0,1460112,203252,192116,6006008,19831.668,1455.334,0,40362.057,0,209.616,3342,5131,3.360,1.700,0.870,4,0,0,0,0,10,34,6,33,0
09-09 17:41:48,38.321,14.527,45.835,0,0,1369384,293960,192120,6006024,20368.682,1697.140,0,689.275,0,25.046,4362,7409,3.360,1.700,0.870,2,0,295.547,0,0,10,32,6,34,0
09-09 17:41:49,24.448,7.235,66.608,0.249,0,1327816,335192,192124,6006352,22227.699,1690.403,0,315.329,0,25.945,2537,3967,3.360,1.700,0.870,3,0,122.739,0,0,10,32,6,32,0
09-09 17:41:50,17.976,8.239,72.652,0,0,1379160,283848,192132,6006344,10175.223,1456.029,0,179.757,0,11.984,1375,1687,3.360,1.700,0.870,2,0,84.885,0,0,10,32,6,32,0
09-09 17:41:51,20.558,7.270,71.200,0,0,1326820,336176,192136,6006352,26328.984,1624.565,0,324.913,0,32.090,2459,3615,3.360,1.700,0.870,1,0,54.152,0,0,10,32,6,29,0
09-09 17:41:52,20.692,4.986,73.295,0,0,1385448,277512,192136,6006388,22459.159,1615.480,0,442.761,0,17.950,1365,1416,3.090,1.670,0.860,3,0,40.886,0,0,10,32,6,29,0
09-09 17:41:53,22.329,4.014,72.256,0.251,0,1327064,335892,192164,6006364,19661.740,1463.190,0,285.011,0,20.071,3059,5010,3.090,1.670,0.860,1,0,24.085,0,0,10,32,6,26,0
09-09 17:41:54,22.942,2.494,73.316,0,0,1392444,270452,192176,6006412,22036.622,1615.939,0,175.559,0,9.975,1316,1412,3.090,1.670,0.860,2,0,5.985,0,0,10,33,6,26,0
09-09 17:41:55,21.049,5.763,72.169,0,0,1326160,336376,192184,6006764,25014.559,1623.801,0,172.404,0,10.023,3176,4861,3.090,1.670,0.860,2,0,56.131,0,0,10,32,6,22,0
09-09 17:41:56,21.502,4.250,74.008,0,0,1387232,275232,192188,6006832,22218.266,1532.156,0,148.015,0,10.001,1336,1612,3.090,1.670,0.860,3,0,0,0,0,10,32,6,22,0
09-09 17:41:57,17.967,8.235,71.867,0.250,0,1350212,312252,192196,6006824,12255.279,1690.865,0,243.548,0,19.963,1966,2660,2.920,1.660,0.860,1,0,90.832,0,0,10,32,6,19,0
09-09 17:41:58,22.735,3.248,73.203,0,0,1391388,270924,192196,6006976,27587.261,1618.959,0,227.853,0,9.994,1885,2640,2.920,1.660,0.860,2,0,0,0,0,10,33,6,20,0
09-09 17:41:59,17.500,9.000,72.501,0.500,0,1357128,305164,192212,6006980,16663.150,1620.015,0,700.006,0,48.000,1912,2566,2.920,1.660,0.860,3,0,99.001,0,0,10,32,6,17,0
09-09 17:42:00,23.253,3.250,72.758,0,0,1388368,273916,192224,6006976,19062.078,1620.177,0,208.023,0,27.003,2076,3463,2.920,1.660,0.860,3,0,0,0,0,10,32,6,17,0
09-09 17:42:01,17.999,8.750,72.496,0.250,0,1368540,293572,192228,6007144,15508.225,1619.919,0,855.957,0,47.998,1625,2002,2.920,1.660,0.860,3,0,94.995,0,0,10,32,6,14,0
09-09 17:42:02,24.522,2.252,72.314,0.500,0,1387084,274168,192232,6008000,20786.271,1513.330,0,148.130,0,20.018,2960,5352,2.770,1.650,0.870,2,0,0,0,0,10,32,6,16,0
09-09 17:42:03,24.958,6.988,66.388,0,0,1383000,277660,192240,6008584,22794.432,1617.264,519.122,263.554,4.992,15.973,1898,6572,2.770,1.650,0.870,3,0,63.892,0,0,10,32,6,16,0
09-09 17:42:04,21.785,5.759,72.114,0,0,1326676,333828,192240,6008740,22762.078,1642.604,0,0,0,0,2859,5091,2.770,1.650,0.870,3,0,32.051,0,0,10,32,6,18,0
09-09 17:42:05,12.020,20.033,66.609,0,0,1334240,325952,192248,6009044,25677.136,1622.663,12.020,144.237,1.002,7.012,2856,3606,2.770,1.650,0.870,2,0,370.608,0,0,10,34,6,18,0
09-09 17:42:06,44.003,6.000,49.254,0,0,1467520,192280,192276,6009408,21277.532,1620.117,0,360.026,0,22.002,1896,2249,2.770,1.650,0.870,2,0,84.006,0,0,10,32,5,20,0
09-09 17:42:07,40.262,8.753,44.013,8.252,0,1525192,128480,192556,6015232,27267.880,1620.468,1788.517,107923.190,49.014,1538.445,9362,14978,2.710,1.660,0.870,2,1,68.020,0,0,10,36,5,20,0
09-09 17:42:08,38.667,7.234,42.409,11.974,0,1479140,170088,193176,6019076,19613.713,1616.515,0,45002.974,0,4132.091,18104,30454,2.710,1.660,0.870,3,0,96.791,0,0,10,36,5,20,0
09-09 17:42:09,43.956,6.244,45.704,3.746,0,1431776,217804,193292,6018572,6058.911,1510.482,0,21018.876,0,1719.272,7006,12787,2.710,1.660,0.870,2,0,12.987,0,0,10,32,5,20,0
09-09 17:42:10,42.511,7.252,46.762,3.501,0,1477288,172132,193420,6018600,27050.763,1620.405,0,5301.325,0,1018.255,5764,11669,2.710,1.660,0.870,1,0,2.001,0,0,10,34,5,20,0
09-09 17:42:11,39.062,9.014,45.572,5.759,0,1344888,303900,193512,6019140,16163.684,1610.559,0,13136.874,0,1775.822,8319,18135,2.710,1.660,0.870,2,0,77.123,0,0,10,32,5,20,0
09-09 17:42:12,23.716,5.242,70.149,1.248,0,1423188,225584,193524,6019140,25946.792,1617.680,0,56746.625,0,732.949,2460,2124,2.570,1.650,0.870,1,0,26.961,0,0,10,32,5,20,0
09-09 17:42:13,22.998,2.750,73.245,0.500,0,1364504,284572,193524,6019172,18678.636,1619.882,0,1143.916,0,48.996,1223,1475,2.570,1.650,0.870,1,0,1.000,0,0,10,32,5,20,0
09-09 17:42:14,23.496,3.250,72.489,0.500,0,1435060,214012,193528,6019172,61280.869,1693.748,0,6874.976,0,373.944,2016,2849,2.570,1.650,0.870,1,0,2.000,0,0,10,32,5,19,0
09-09 17:42:15,23.050,2.255,73.660,0,0,1370276,278776,193528,6019192,15918.623,1697.692,0,156.340,0,14.031,933,1164,2.570,1.650,0.870,1,0,1.002,0,0,10,32,5,19,0
09-09 17:42:16,22.764,3.252,74.296,0,0,1432520,216532,193532,6019188,5404.362,1512.941,0,52.032,0,4.002,808,1139,2.570,1.650,0.870,3,0,2.001,0,0,10,32,5,19,0
09-09 17:42:17,22.200,3.243,73.335,0,0,1381284,267692,193532,6019260,24278.325,1690.194,0,0,0,0,1050,1066,2.440,1.640,0.870,1,0,0.998,0,0,10,32,5,19,0
09-09 17:42:18,23.245,2.499,73.984,0,0,1435968,213008,193532,6019260,23660.866,1565.660,0,3.999,0,1.000,1052,1068,2.440,1.640,0.870,1,0,2.000,0,0,10,32,5,19,0
09-09 17:42:19,23.752,2.000,73.756,0,0,1391264,257616,193532,6019352,20594.668,1512.122,0,0,0,0,1052,1096,2.440,1.640,0.870,1,0,1.000,0,0,10,32,5,19,0
09-09 17:42:20,22.544,3.006,73.893,0,0,1412364,236484,193536,6019380,25746.691,1623.133,0,268.518,0,14.027,1327,1499,2.440,1.640,0.870,3,0,1.002,0,0,10,32,5,18,0
09-09 17:42:21,23.521,2.002,74.066,0,0,1346024,302792,193536,6019412,10148.052,1641.464,0,276.246,0,19.017,1065,1294,2.440,1.640,0.870,2,0,4.004,0,0,10,32,5,18,0
09-09 17:42:22,21.684,3.240,74.026,0,0,1341464,307320,193536,6019444,27381.008,1507.431,0,83.746,0,3.988,1068,1137,2.330,1.620,0.870,1,0,0.997,0,0,10,32,5,18,0
09-09 17:42:23,22.742,2.499,73.726,0,0,1417064,231720,193536,6019444,18662.841,1619.466,0,0,0,0,1059,1140,2.330,1.620,0.870,2,0,0,0,0,10,32,5,18,0
09-09 17:42:24,18.774,6.759,73.342,0,0,1340812,307972,193536,6019444,18805.658,1567.973,0,4.005,0,1.001,1499,1779,2.330,1.620,0.870,2,0,79.100,0,0,10,32,5,16,0
09-09 17:42:25,9.255,20.011,69.537,0,0,1350100,298556,193536,6019588,21364.280,1620.856,0,552.292,0,6.003,2733,3677,2.330,1.620,0.870,3,0,335.177,0,0,10,32,5,16,0
09-09 17:42:26,8.987,19.971,69.401,0,0,1348272,300316,193536,6019624,24630.778,1551.781,39.943,471.326,1.997,7.989,2659,3366,2.330,1.620,0.870,0,0,280.599,0,0,10,32,5,16,0
09-09 17:42:27,9.267,18.535,70.381,0.250,0,1348416,299912,193536,6019884,13334.883,1611.006,68.127,412.770,4.007,5.009,2493,3361,2.140,1.600,0.870,2,0,281.525,0,0,10,32,5,16,0
09-09 17:42:28,9.741,19.232,69.933,0,0,1348576,299732,193536,6019904,14096.524,1510.556,0,0,0,0,2535,3450,2.140,1.600,0.870,2,0,274.737,0,0,10,32,5,16,0
09-09 17:42:29,17.771,8.260,72.835,0,0,1405916,242240,193536,6020052,25730.053,1695.981,0,0,0,0,1548,1701,2.140,1.600,0.870,1,0,68.080,0,0,10,32,5,16,0
09-09 17:42:30,24.170,2.243,73.257,0,0.249,1449276,198896,193536,6020036,16017.933,1634.585,0,167.445,0,14.950,1190,1440,2.140,1.600,0.870,3,0,1.993,0,0,10,32,5,16,0
09-09 17:42:31,22.924,3.239,72.509,0.249,0.249,1414468,233672,193540,6020064,19062.522,1614.623,0,310.964,0,21.927,1178,1510,2.140,1.600,0.870,2,0,1.993,0,0,10,32,5,16,0
09-09 17:42:32,23.327,2.508,73.493,0.251,0,1343152,304988,193540,6020064,20189.727,1625.372,0,1444.775,0,81.269,1192,1419,2.050,1.590,0.870,2,0,3.010,0,0,10,32,5,16,0
09-09 17:42:33,22.996,3.499,71.988,0,0,1423044,225108,193544,6020048,12619.943,1619.736,0,3327.458,0,159.974,1350,1799,2.050,1.590,0.870,3,0,7.999,0,0,10,32,5,16,0
09-09 17:42:34,23.509,2.751,73.777,0,0,1361036,287100,193544,6020064,26142.673,1512.560,0,84.031,0,6.002,1094,1063,2.050,1.590,0.870,3,0,1.000,0,0,10,32,5,16,0
09-09 17:42:35,23.060,2.757,74.192,0,0,1433128,215028,193544,6020044,23031.698,1624.210,0,0,0,0,976,1102,2.050,1.590,0.870,2,0,2.005,0,0,10,32,5,16,0
09-09 17:42:36,23.403,2.490,73.445,0,0,1380440,267696,193544,6020064,20626.277,1613.295,0,23.901,0,1.992,1052,1074,2.050,1.590,0.870,3,0,0.996,0,0,10,32,5,15,0
09-09 17:42:37,23.029,2.503,73.845,0,0,1436648,211500,193544,6020052,21693.768,1716.197,0,12.015,0,1.001,1052,1079,1.960,1.580,0.870,3,0,2.003,0,0,10,32,5,15,0
09-09 17:42:38,22.722,2.747,73.658,0,0,1393544,254592,193544,6020064,26159.249,1637.949,0,59.925,0,0.999,1064,1089,1.960,1.580,0.870,2,0,0.999,0,0,10,32,5,14,0
09-09 17:42:39,22.307,3.509,73.940,0,0,1332196,315964,193544,6020040,22906.825,1624.171,0,96.247,0,4.010,1065,1119,1.960,1.580,0.870,3,0,3.008,0,0,10,32,5,14,0
09-09 17:42:40,23.472,2.247,73.411,0.250,0,1409664,238464,193544,6020072,9376.645,1510.171,0,111.865,0,11.985,1103,1447,1.960,1.580,0.870,1,0,0,0,0,10,32,5,14,0
09-09 17:42:41,23.441,2.743,73.065,0.249,0,1340960,307260,193544,6019980,26378.131,1615.904,0,398.989,0,20.947,1329,1350,1.960,1.580,0.870,1,0,3.990,0,0,10,32,5,14,0
09-09 17:42:42,23.541,2.504,73.629,0,0,1359732,288396,193544,6020072,20687.265,1622.845,0,68.119,0,6.011,1058,1109,1.890,1.570,0.870,1,0,1.002,0,0,10,32,5,14,0
09-09 17:42:43,22.732,2.748,73.440,0,0,1437116,211032,193544,6020052,28533.859,1618.687,0,1326.924,0,187.848,1363,1214,1.890,1.570,0.870,1,0,1.998,0,0,10,32,5,14,0
09-09 17:42:44,23.022,2.753,73.822,0,0,1371576,276552,193544,6020072,26527.838,1621.579,0,20.019,0,1.001,1106,1116,1.890,1.570,0.870,1,0,1.001,0,0,10,32,5,13,0
09-09 17:42:45,22.476,3.247,73.921,0,0,1370100,278028,193544,6020072,12981.214,1692.203,0,19.979,0,0.999,948,1088,1.890,1.570,0.870,1,0,0.999,0,0,10,32,5,13,0
09-09 17:42:46,22.300,2.506,73.916,0,0,1442436,205704,193544,6020060,25907.239,1569.528,0,0,0,0,1098,1193,1.890,1.570,0.870,1,0,2.005,0,0,10,32,5,11,0
09-09 17:42:47,15.496,12.747,70.734,0,0,1344068,304048,193544,6020080,14128.722,1511.649,0,151.965,0,6.998,1881,2387,1.820,1.560,0.870,2,0,175.959,0,0,10,32,5,11,0
09-09 17:42:48,9.516,19.783,69.615,0,0,1348436,299672,193544,6020108,18444.489,1622.682,0,176.291,0,8.013,2571,3360,1.820,1.560,0.870,1,0,286.474,0,0,10,32,5,11,0
09-09 17:42:49,23.013,2.501,74.542,0,0,1423172,224912,193544,6020132,18510.329,1620.904,0,0,0,0,957,1132,1.820,1.560,0.870,2,0,0,0,0,10,32,5,9,0
09-09 17:42:50,22.725,2.497,73.420,0,0,1391260,256584,193544,6020368,22165.751,1618.230,0,159.825,0,9.989,1266,1574,1.820,1.560,0.870,1,0,8.990,0,0,10,32,5,9,0
09-09 17:42:51,21.752,4.750,73.007,0,0,1346760,301084,193544,6020368,15507.566,1620.164,0,348.035,0,25.003,1335,1629,1.820,1.560,0.870,1,0,41.004,0,0,10,32,5,9,0
09-09 17:42:52,10.509,21.518,67.558,0.250,0,1351048,296724,193544,6020440,8701.431,1459.246,4.003,120.103,1.001,7.006,2687,3920,1.750,1.550,0.870,1,0,359.307,0,0,10,32,5,9,0
09-09 17:42:53,9.224,20.192,69.052,0,0.249,1346232,301472,193544,6020476,26618.578,1615.362,0,115.668,0,4.986,2694,3434,1.750,1.550,0.870,2,0,285.181,0,0,10,32,5,9,0
09-09 17:42:54,9.274,21.555,67.923,0,0,1349128,298548,193544,6020504,15305.059,1624.145,0,220.563,0,6.015,2794,3850,1.750,1.550,0.870,1,0,353.903,0,0,10,32,5,9,0
09-09 17:42:55,9.494,20.986,69.702,0,0,1351244,296400,193544,6020532,18662.235,1530.953,0,367.748,0,3.997,2638,3536,1.750,1.550,0.870,3,0,291.800,0,0,10,32,5,9,0
09-09 17:42:56,10.021,20.043,68.646,0,0,1346612,301016,193544,6020548,16187.366,1697.604,0,829.762,0,9.019,2706,3621,1.750,1.550,0.870,1,0,335.713,0,0,10,32,5,9,0
09-09 17:42:57,10.246,20.242,68.973,0.250,0,1345676,301948,193544,6020552,22432.296,1619.372,0,843.673,0,9.996,2702,3544,1.690,1.540,0.880,1,0,311.879,0,0,10,32,5,8,0
09-09 17:42:58,9.245,19.740,69.464,0,0,1347644,299952,193544,6020580,10290.649,1531.204,0,747.611,0,9.995,2540,3480,1.690,1.540,0.880,2,0,300.844,0,0,10,32,5,8,0
09-09 17:42:59,7.499,21.747,68.990,0,0,1354320,293272,193544,6020584,12116.267,1619.768,0,643.908,0,6.999,2570,3493,1.690,1.540,0.880,3,0,296.958,0,0,10,32,5,7,0
09-09 17:43:00,7.739,20.222,70.403,0,0,1347896,299668,193544,6020612,23793.260,1617.774,0,267.632,0,17.975,2821,3750,1.690,1.540,0.880,1,0,286.606,0,0,10,32,5,7,0
09-09 17:43:01,8.259,21.524,69.327,0,0,1353420,294108,193544,6020648,25522.406,1459.625,0,520.579,0,29.032,2912,3895,1.690,1.540,0.880,2,0,324.361,0,0,10,32,5,7,0
09-09 17:43:02,7.502,20.756,69.519,0.250,0,1346544,300788,193544,6020844,25122.859,1694.463,176.048,320.087,5.001,11.003,2696,3381,1.710,1.550,0.880,1,0,290.079,0,0,10,32,5,7,0
09-09 17:43:03,13.011,22.519,63.304,0,0,1352536,294772,193544,6020656,13126.197,1695.446,0,40.034,0,10.009,3282,7246,1.710,1.550,0.880,3,0,425.363,0,0,10,32,5,6,0
09-09 17:43:04,10.490,17.484,70.186,0,0,1342992,303320,193548,6021508,13886.419,1530.613,971.120,15.986,18.983,3.996,2664,3504,1.710,1.550,0.880,3,0,245.777,0,0,10,32,5,6,0
09-09 17:43:05,29.039,27.036,44.559,0,0,1391492,254840,193548,6021860,30181.292,1622.166,4.005,484.647,1.001,24.032,3646,5574,1.710,1.550,0.880,4,0,601.803,0,0,10,32,5,5,0
09-09 17:43:06,65.249,28.250,5.750,0.500,0,1551692,120768,194220,5992512,21367.829,1693.986,911.993,5695.954,28.000,366.997,9588,7033,1.710,1.550,0.880,4,0,690.994,0,0,10,32,5,9,0
09-09 17:43:07,73.983,13.497,9.998,2.000,0,1650744,136476,193088,5880572,26345.888,1619.624,495.885,18607.683,7.998,1405.674,7940,14162,1.900,1.590,0.900,3,0,99.977,0,0,10,38,5,8,0
09-09 17:43:08,56.266,14.004,24.257,6.252,0,1618328,161476,193848,5887232,22031.301,1620.463,0,84692.222,0,6658.904,23709,44385,1.900,1.590,0.900,2,1,172.049,0,0,10,36,5,8,0
09-09 17:43:09,62.736,13.997,16.746,7.498,0,1653408,147980,194252,5865940,27793.663,1619.631,67.984,95478.231,1.000,7100.381,22757,46105,1.900,1.590,0.900,5,1,81.981,0,0,10,36,5,8,0
09-09 17:43:10,49.526,14.007,26.014,8.254,0,1506324,286748,194480,5873924,17402.206,1648.872,0,52407.724,0,4528.396,19429,33955,1.900,1.590,0.900,3,1,201.106,0,0,10,34,5,8,0
09-09 17:43:11,37.207,10.738,39.454,11.736,0,1555500,229884,194800,5881156,13633.213,1618.126,0,57657.233,0,4696.561,20522,34983,1.900,1.590,0.900,2,0,181.789,0,0,10,35,5,8,0
09-09 17:43:12,39.280,7.506,43.283,9.758,0,1557060,225404,194976,5883884,32760.258,1621.250,0,68584.879,0,5239.039,24203,41574,2.150,1.640,0.920,4,0,57.044,0,0,10,34,5,8,0
09-09 17:43:13,37.676,9.481,43.414,9.731,0,1553660,228652,195216,5883784,19348.825,1455.129,0,34931.081,0,3653.791,15516,29784,2.150,1.640,0.920,2,0,62.876,0,0,10,34,5,8,0
09-09 17:43:14,40.326,8.266,43.833,8.015,0,1562120,217648,195420,5886120,29132.060,1623.068,0,43943.052,0,4070.694,18453,35558,2.150,1.640,0.920,1,1,45.085,0,0,10,35,5,9,0
09-09 17:43:15,38.463,9.990,42.709,8.492,0,1523900,254920,195548,5886928,23294.684,1618.450,0,47714.290,0,4356.826,19824,34874,2.150,1.640,0.920,5,1,109.895,0,0,10,34,5,9,0
09-09 17:43:16,42.545,6.006,41.794,8.759,0,1560436,216112,195660,5889076,20482.630,1513.598,0,37095.173,0,3643.848,16112,30385,2.150,1.640,0.920,2,0,48.051,0,0,10,35,5,10,0
09-09 17:43:17,34.996,7.499,44.245,9.749,0,1505512,267740,195772,5892196,20659.769,1565.831,0,57601.779,0,4968.463,22931,39101,2.290,1.680,0.940,3,1,86.991,0,0,10,36,5,11,0
09-09 17:43:18,35.492,8.498,43.241,12.497,0,1560628,207524,195884,5897024,6026.722,1693.641,0,51649.050,0,4876.966,21477,36787,2.290,1.680,0.940,3,1,74.984,0,0,10,36,5,11,0
09-09 17:43:19,37.269,8.004,41.771,11.756,0,1562664,202540,196020,5899736,20910.706,1694.868,0,50882.052,0,4626.369,21145,39262,2.290,1.680,0.940,2,0,92.047,0,0,10,36,5,11,0
09-09 17:43:20,35.738,8.497,40.737,12.996,0,1555556,210864,196112,5898372,27583.952,1457.522,0,52030.934,0,4668.469,20605,34095,2.290,1.680,0.940,1,1,81.973,0,0,10,36,5,11,0
09-09 17:43:21,39.248,8.000,42.248,10.749,0,1519908,248664,196144,5896152,33835.207,1619.914,0,44205.657,0,4082.784,19563,33977,2.290,1.680,0.940,2,0,67.996,0,0,10,34,5,13,0
09-09 17:43:22,37.916,14.468,46.647,0.748,0.249,1450168,318268,196152,5896280,26515.216,1454.775,0,13059.048,0,767.299,4902,6591,2.270,1.690,0.940,1,0,211.531,0,0,10,33,5,13,0
09-09 17:43:23,20.040,6.513,72.645,0.501,0,1423344,345040,196152,5896332,12211.423,1665.331,0,1515.030,0,95.190,2072,2841,2.270,1.690,0.940,1,0,60.120,0,0,10,32,5,13,0
09-09 17:43:24,22.928,3.738,73.021,0.249,0,1451028,317348,196152,5896336,27581.394,1614.929,0,897.183,0,58.815,2540,4164,2.270,1.690,0.940,1,0,0,0,0,10,33,5,16,0
09-09 17:43:25,20.003,6.001,73.010,0,0,1432896,335460,196152,5896356,21352.797,1620.212,0,460.060,0,28.004,1429,1583,2.270,1.690,0.940,2,0,43.006,0,0,10,32,5,16,0
09-09 17:43:26,23.238,1.749,72.961,0,0,1381260,387092,196152,5896360,20376.241,1777.062,0,547.711,0,42.977,2659,4805,2.270,1.690,0.940,2,0,0.999,0,0,10,32,5,16,0
09-09 17:43:27,9.016,21.038,68.373,0.250,0,1387980,380352,196152,5896380,13035.425,1622.916,0,440.792,0,24.043,2526,3182,2.090,1.660,0.940,2,0,283.509,0,0,10,32,5,16,0
09-09 17:43:28,10.242,19.734,68.945,0,0,1390348,377844,196152,5896516,32409.073,1618.705,0,447.642,0,23.981,2706,3205,2.090,1.660,0.940,3,0,276.779,0,0,10,32,5,16,0
09-09 17:43:29,38.861,19.807,40.366,0.251,0,1472128,296028,196156,5896548,21207.845,1462.195,4.012,2900.321,1.003,174.501,3403,4879,2.090,1.660,0.940,3,0,316.909,0,0,10,32,5,22,0
09-09 17:43:30,67.252,8.750,24.501,0.250,0,1665908,133016,195968,5866440,12685.469,1620.060,0,1016.038,0,53.002,1759,1907,2.090,1.660,0.940,3,0,2.000,0,0,10,32,5,22,0
09-09 17:43:31,60.259,6.751,28.254,4.751,0.250,1771108,118196,196088,5778044,26447.126,1620.253,2556.399,12850.005,144.022,982.153,7035,10154,2.090,1.660,0.940,5,0,64.010,0,0,10,38,5,22,0
09-09 17:43:32,26.986,6.497,46.726,16.741,0,1772772,119496,196252,5775004,19761.665,1457.238,0,88709.605,0,6832.427,29343,48074,2.160,1.680,0.950,2,1,227.881,0,0,10,38,5,22,0
09-09 17:43:33,29.513,10.505,43.019,17.007,0,1772924,125616,196404,5768608,12652.542,1620.710,4.002,100327.944,1.000,7986.498,34575,57057,2.160,1.680,0.950,1,2,210.092,0,0,10,38,5,22,0
09-09 17:43:34,42.019,9.504,33.515,14.506,0,1666032,221748,196516,5778996,6238.764,1694.751,0,75157.295,0,6124.713,23513,42267,2.160,1.680,0.950,5,1,261.116,0,0,10,36,5,22,0
09-09 17:43:35,48.260,8.252,29.006,13.753,0,1740864,136864,196556,5788664,11573.465,1458.311,0,82545.582,0,5989.276,19983,39775,2.160,1.680,0.950,1,1,70.015,0,0,10,36,5,22,0
09-09 17:43:36,40.704,9.989,33.462,15.982,0,1771876,130112,196624,5764660,13434.913,1618.183,0,93894.556,0,6877.277,23038,46260,2.160,1.680,0.950,4,0,34.961,0,0,10,38,4,22,0
09-09 17:43:37,30.964,9.239,42.951,15.233,0,1658524,238516,196672,5769524,6777.227,1712.036,67.922,82821.004,0.999,6362.702,21954,42354,2.230,1.710,0.960,3,1,170.804,0,0,10,36,4,22,0
09-09 17:43:38,29.986,12.744,55.724,1.000,0,1411836,485080,196688,5769616,13665.700,1457.328,0,4258.037,0,325.850,3215,4973,2.230,1.710,0.960,2,0,251.884,0,0,10,32,4,22,0
09-09 17:43:39,22.750,3.250,73.501,0,0,1480620,416284,196688,5769628,10151.152,1620.024,0,736.011,0,45.001,1165,1515,2.230,1.710,0.960,2,0,1.000,0,0,10,32,4,22,0
09-09 17:43:40,23.785,1.753,73.357,0.250,0,1523960,372940,196688,5769632,13927.390,1622.375,0,745.091,0,44.065,1419,1975,2.230,1.710,0.960,1,0,2.003,0,0,10,38,4,22,0
09-09 17:43:41,21.448,4.240,72.822,0.499,0,1431164,465736,196688,5769632,12778.807,1454.450,0,5630.257,0,336.179,1948,2594,2.230,1.710,0.960,1,0,27.932,0,0,10,32,4,22,0
09-09 17:43:42,23.497,3.250,73.489,0,0,1497656,399236,196688,5769640,5531.204,1619.767,0,1199.827,0,11.998,938,1092,2.050,1.680,0.960,4,0,1.000,0,0,10,32,4,22,0
09-09 17:43:43,20.273,5.506,72.332,0,0,1402036,494856,196692,5769636,13200.930,1621.834,80.091,284.322,8.009,18.020,1596,2134,2.050,1.680,0.960,2,0,71.080,0,0,10,32,4,22,0
09-09 17:43:44,17.035,37.076,46.345,0.501,0,1408712,488080,196692,5769732,9067.643,1697.490,40.082,621.277,3.006,44.091,4532,7740,2.050,1.680,0.960,3,0,976.007,0,0,10,32,4,22,0
09-09 17:43:45,14.461,35.405,48.121,0,0,1409616,487024,196696,5769848,7175.776,1689.474,3.989,247.337,0.997,28.923,4472,7836,2.050,1.680,0.960,2,0,956.438,0,0,10,32,4,22,0
09-09 17:43:46,4.759,9.518,85.158,0,0,1396500,500092,196720,5769868,14821.553,1623.017,0,248.462,0,15.028,1619,2124,2.050,1.680,0.960,3,0,115.214,0,0,9,12,4,22,20
09-09 17:43:47,10.238,19.727,68.919,0,0,1401764,494024,196732,5770616,8346.243,1530.211,623.271,7.991,15.981,1.998,2643,3653,2.050,1.680,0.960,2,0,277.675,0,0,11,12,4,22,20
09-09 17:43:48,11.258,19.263,69.048,0,0,1403368,492268,196732,5770764,14275.836,1621.117,0,28.019,0,7.005,2425,3461,2.050,1.680,0.960,1,0,269.185,0,0,11,12,4,22,20
09-09 17:43:49,20.744,16.995,60.482,0.250,0,1417416,477536,196780,5771300,10864.838,1619.529,567.835,3.999,49.985,1.000,3235,9204,2.050,1.680,0.960,2,0,173.949,0,0,11,12,4,22,20
09-09 17:43:50,14.006,20.759,63.027,0,0,1448252,445976,196792,5771960,7221.062,1620.687,44.019,12.005,2.001,3.001,2677,4163,2.050,1.680,0.960,4,0,321.136,0,0,13,12,4,22,20
09-09 17:43:51,14.229,17.724,67.402,0,0,1452828,441224,196792,5772476,11962.690,1691.552,0,315.543,0,6.990,3023,5993,2.050,1.680,0.960,2,0,223.676,0,0,13,12,4,22,20
09-09 17:43:52,25.015,19.012,56.284,0,0,1492928,400792,196792,5772360,9113.514,1620.981,4.002,8.005,1.001,1.001,3584,7025,1.960,1.670,0.960,1,0,250.151,0,0,15,12,4,22,20
09-09 17:43:53,10.996,18.243,67.975,0.500,0,1495412,398272,196792,5772400,12472.448,1619.409,0,2275.170,0,265.903,3389,4387,1.960,1.670,0.960,2,0,286.895,0,0,15,12,4,22,20
09-09 17:43:54,17.260,17.010,64.539,0,0,1503344,390212,196792,5772452,10407.244,1512.908,0,512.307,0,34.020,5096,9265,1.960,1.670,0.960,4,0,160.096,0,0,15,12,4,22,20
09-09 17:43:55,58.846,15.275,25.041,0,0,1751260,142296,196828,5772404,12336.021,1568.546,4.007,568.923,1.002,3.005,2378,2918,1.960,1.670,0.960,13,0,98.159,0,0,17,12,4,22,20
09-09 17:43:56,79.422,14.985,5.245,0,0,1925192,184536,196840,5560664,9545.636,1618.412,0,75.926,0,6.993,2288,3559,1.960,1.670,0.960,6,0,66.934,0,0,17,12,4,22,20
09-09 17:43:57,8.992,18.734,70.190,0,0,1936316,173360,196840,5560716,6674.287,1618.614,0,239.795,0,2.997,2645,3832,1.810,1.640,0.960,2,0,256.780,0,0,17,12,4,22,20
09-09 17:43:58,9.257,21.266,67.799,0,0,1939196,170456,196840,5560728,6040.409,1459.065,0,28.020,0,7.005,2602,3878,1.810,1.640,0.960,1,0,247.180,0,0,17,12,4,22,20
09-09 17:43:59,21.014,16.762,60.542,0,0,1952040,157432,196840,5560756,12951.911,1695.166,0,328.226,0,4.003,5226,9895,1.810,1.640,0.960,3,0,165.114,0,0,17,12,4,22,20
09-09 17:44:00,19.707,6.735,72.094,0.249,0,1981212,129764,196844,5559256,12609.750,1690.347,1021.792,39.914,15.965,0.998,1740,2635,1.810,1.640,0.960,1,0,82.821,0,0,18,12,4,22,20
09-09 17:44:01,12.725,8.982,77.348,0,0,2011904,135880,196844,5522964,12725.930,1455.133,0,0,0,0,1875,2640,1.810,1.640,0.960,1,0,91.819,0,0,18,12,4,23,20
09-09 17:44:02,23.593,4.267,71.532,0,0,2053104,126584,196844,5491728,10103.789,1626.405,32.127,208.822,2.008,12.047,2066,3450,1.740,1.630,0.960,1,0,0,0,0,18,19,4,24,10
09-09 17:44:03,21.010,13.256,63.530,0.250,0,2002068,177076,196844,5492204,12789.960,1620.755,332.155,2857.332,7.003,65.030,3753,7599,1.740,1.630,0.960,1,0,227.106,0,0,18,18,4,29,0
09-09 17:44:04,8.472,21.181,68.776,0.249,0,2008492,170660,196844,5492264,6756.029,1453.274,0,342.885,0,16.945,2825,4206,1.740,1.630,0.960,4,0,283.079,0,0,18,18,4,28,0
09-09 17:44:05,9.028,19.561,69.217,0,0,2014344,164612,196848,5492424,6563.616,1625.104,0,513.613,0,20.063,2883,4198,1.740,1.630,0.960,2,0,265.835,0,0,18,18,4,28,0
09-09 17:44:06,9.739,19.978,67.424,0,0,2015008,163896,196848,5492460,8306.655,1618.180,0,31.964,0,7.991,3003,4540,1.740,1.630,0.960,4,0,301.661,0,0,18,18,4,22,0
09-09 17:44:07,26.038,15.773,57.083,0,0,2051608,126912,196856,5493180,12403.133,1460.135,328.480,8.012,3.004,2.003,5745,11603,1.680,1.620,0.960,3,0,172.252,0,0,18,18,4,22,0
09-09 17:44:08,47.145,6.485,44.900,0,0,2155984,128208,196856,5389960,13169.540,1690.219,0,1811.947,0,102.770,1947,2550,1.680,1.620,0.960,2,0,51.884,0,0,18,19,4,21,0
09-09 17:44:09,47.242,6.749,43.493,0.250,0,2227204,129308,196872,5319076,12993.856,1619.733,191.968,4867.197,3.999,305.950,5466,13941,1.680,1.620,0.960,3,0,6.999,0,0,18,35,4,21,0
09-09 17:44:10,30.789,11.765,55.571,0,0,2271720,128532,196932,5275804,10565.524,1622.076,0,841.077,0,104.133,2326,3254,1.680,1.620,0.960,2,0,108.138,0,0,18,34,4,22,0
09-09 17:44:11,10.755,21.261,66.534,0,0,2272184,129904,196936,5274364,11881.989,1620.817,0,260.131,0,7.004,3977,6518,1.680,1.620,0.960,1,0,272.137,0,0,18,34,4,22,0
09-09 17:44:12,11.739,7.992,78.926,0.250,0,2280172,121968,196936,5273908,16435.518,1456.628,215.797,139.868,9.991,9.991,4186,8100,1.790,1.640,0.970,1,0,60.943,0,0,18,34,4,22,0
09-09 17:44:13,2.496,2.246,93.336,0,0,2310828,133328,196936,5232892,6282.948,1659.082,0,191.663,0,19.965,1242,2211,1.790,1.640,0.970,3,0,2.995,0,0,18,34,4,22,0
09-09 17:44:14,2.751,0,96.551,0.250,0,2310828,133328,196936,5232892,6580.481,1662.880,0,356.188,0,25.013,1046,1784,1.790,1.640,0.970,1,0,3.002,0,0,18,34,4,22,0
09-09 17:44:15,1.500,0.250,96.507,0.500,0,2310828,133328,196936,5232892,12755.893,1694.119,0,44.003,0,6.000,1088,1747,1.790,1.640,0.970,1,0,1.000,0,0,18,34,4,21,0
09-09 17:44:16,3.001,4.002,91.290,0,0,2242964,201064,196936,5233016,8877.906,1620.713,24.011,0,1.000,0,1530,2387,1.790,1.640,0.970,2,0,47.021,0,0,18,34,4,21,0
09-09 17:44:17,19.747,16.998,61.741,0,0,2272500,171428,196936,5233084,13022.190,1619.775,23.997,3.999,2.000,1.000,5938,13384,1.640,1.620,0.960,0,0,253.965,0,0,18,34,4,20,0
09-09 17:44:18,12.771,17.028,67.862,0.501,0,2321664,129064,196948,5226420,8852.616,1752.894,913.508,6743.133,42.069,466.771,3973,5369,1.640,1.620,0.960,2,0,278.460,0,0,19,34,4,20,0
09-09 17:44:19,17.217,16.219,64.377,0.250,0,2325772,124436,196948,5227004,13114.031,1563.024,167.681,0,6.987,0,4956,8808,1.640,1.620,0.960,2,0,191.635,0,0,19,34,4,19,0
09-09 17:44:20,4.253,6.754,87.305,0.250,0,2326228,123932,196956,5227044,13157.263,1621.018,44.028,328.206,4.003,11.007,1846,2986,1.640,1.620,0.960,3,0,118.074,0,0,19,34,4,19,0
09-09 17:44:21,15.769,18.522,64.577,0,0,2328964,121172,196956,5227412,7819.305,1621.930,0,0,0,0,4872,8120,1.640,1.620,0.960,15,0,187.223,0,0,21,34,4,19,0
09-09 17:44:22,13.228,16.223,68.637,0.499,0,2328276,128912,196956,5219988,12990.592,1617.335,167.724,1968.755,6.988,326.462,3522,4726,1.590,1.610,0.960,3,0,240.603,0,0,21,36,4,20,0
09-09 17:44:23,9.998,18.746,69.485,0,0,2336388,120608,196956,5220180,15567.606,1703.629,0,11.997,0,2.999,2809,4094,1.590,1.610,0.960,4,0,243.947,0,0,21,36,4,18,0
09-09 17:44:24,15.003,18.004,65.514,0,0,2337776,119080,196956,5220692,6300.348,1512.324,0,20.004,0,5.001,3678,6194,1.590,1.610,0.960,2,0,227.049,0,0,21,36,4,18,0
09-09 17:44:25,26.051,20.290,52.103,0,0,2351320,127036,196948,5199196,13558.738,1643.240,0,1779.509,0,249.492,4866,8184,1.590,1.610,0.960,2,0,292.577,0,0,21,36,4,15,0
09-09 17:44:26,31.195,24.956,42.674,0,0,2455536,123688,197004,5100644,8568.799,1691.000,0,339.398,0,8.984,3247,5478,1.590,1.610,0.960,6,0,423.249,0,0,21,36,4,15,0
09-09 17:44:27,31.520,22.514,44.028,0,0,2485704,145140,197036,5050252,11531.357,1500.958,40.026,12.008,4.003,3.002,3616,11621,1.620,1.610,0.970,3,0,399.255,0,0,21,40,4,17,0
09-09 17:44:28,34.214,22.227,42.955,0.250,0,2530996,127280,197044,5023364,12231.292,1692.242,3.996,4567.255,0.999,268.721,4745,7611,1.620,1.610,0.970,10,0,363.622,0,0,21,40,4,17,0
09-09 17:44:29,33.088,18.800,46.625,0,0,2595460,125764,197052,4960560,6279.780,1714.581,0,4.011,0,1.003,4367,8275,1.620,1.610,0.970,4,0,307.823,0,0,21,40,4,16,0
09-09 17:44:30,56.249,22.250,21.500,0,0,2711700,129668,197056,4841076,12949.793,1511.976,8.000,639.990,2.000,11.000,4502,11759,1.620,1.610,0.970,4,0,512.992,0,0,21,40,4,16,0
09-09 17:44:31,67.248,20.999,10.000,0,0,2821544,118668,197216,4741524,13058.595,1565.951,0,4135.872,0,385.988,4212,10289,1.620,1.610,0.970,6,0,372.988,0,0,21,40,4,11,0
09-09 17:44:32,66.560,23.932,6.731,1.994,0,2983284,122512,198040,4578812,13120.567,1689.181,821.656,7295.187,76.781,825.644,8730,17433,1.890,1.670,0.990,3,0,323.078,0,0,21,44,4,11,0
09-09 17:44:33,63.434,25.574,8.274,1.755,0,3060036,127032,198048,4498236,11632.828,1462.252,4.012,33461.305,1.003,2630.650,14970,27625,1.890,1.670,0.990,5,0,450.310,0,0,21,46,4,11,0
09-09 17:44:34,74.748,19.750,4.250,0.500,0,3167992,126956,198156,4391464,13704.685,1619.963,12.000,6871.842,3.000,561.987,9629,23543,1.890,1.670,0.990,5,0,229.995,0,0,21,50,4,14,0
09-09 17:44:35,69.984,22.995,6.249,0,0,3261616,117860,198156,4308804,12198.182,1619.626,31.993,10185.647,3.999,605.860,6966,24348,1.890,1.670,0.990,5,0,480.889,0,0,21,63,4,20,0
09-09 17:44:36,49.506,28.003,21.503,0,0,3366632,130740,198156,4193280,5701.707,1512.188,4.000,840.104,1.000,50.006,6173,18865,1.890,1.670,0.990,3,0,483.060,0,0,21,63,4,20,0
09-09 17:44:37,46.503,19.251,32.252,0,0,3477152,129928,198164,4085512,5758.311,1660.090,32.002,740.040,6.000,40.002,5435,9761,3.180,1.940,1.080,4,0,194.010,0,0,21,65,4,20,0
09-09 17:44:38,56.264,11.753,30.758,1.000,0,3610396,133336,198184,3950456,13714.442,1620.407,612.154,12311.090,35.009,775.195,6101,10102,3.180,1.940,1.080,3,0,14.004,0,0,21,68,4,23,0
09-09 17:44:39,11.961,18.938,66.284,0.498,0,3627472,125384,198180,3941308,9218.928,1704.440,215.298,697.724,13.954,33.889,3299,5783,3.180,1.940,1.080,2,0,225.265,0,0,21,71,4,23,0
09-09 17:44:40,8.764,20.031,70.109,0.501,0,3632432,120604,198180,3941204,14631.752,1696.638,0,3289.115,0,181.282,3427,5023,3.180,1.940,1.080,1,0,251.391,0,0,21,71,4,23,0
09-09 17:44:41,11.243,17.489,68.456,0.500,0,3632940,129716,198176,3931588,9512.921,1618.965,0,6136.079,0,435.722,3578,4274,3.180,1.940,1.080,1,0,263.831,0,0,21,71,4,23,0
09-09 17:44:42,7.750,20.250,70.751,0,0,3639420,123484,198176,3931520,14295.200,1620.023,0,0,0,0,2958,4309,2.930,1.910,1.080,3,0,291.004,0,0,21,71,4,23,0
09-09 17:44:43,11.017,18.780,69.109,0,0,3628236,136504,198176,3929684,11920.763,1460.299,0,8.013,0,2.003,2802,4151,2.930,1.910,1.080,1,0,253.399,0,0,21,71,4,23,0
09-09 17:44:44,12.755,20.008,67.026,0.250,0,3636616,127972,198176,3930180,5741.245,1620.634,0,140.055,0,9.004,3211,5076,2.930,1.910,1.080,5,0,233.091,0,0,21,73,4,23,0
09-09 17:44:45,24.741,17.493,54.729,0,0,3651808,130764,198168,3911864,6207.660,1619.389,959.638,135.949,11.995,8.997,4798,8027,2.930,1.910,1.080,7,0,218.917,0,0,21,75,4,23,0
09-09 17:44:46,31.515,24.262,44.522,1.000,0,3716696,127532,198148,3850680,12025.905,1458.716,640.314,1808.888,36.018,287.141,3929,5855,2.930,1.910,1.080,3,0,407.200,0,0,21,77,4,23,0
09-09 17:44:47,36.650,22.688,38.645,0,0,3800940,124156,198112,3770156,13146.190,1615.599,143.609,702.088,9.973,51.859,6605,16976,2.940,1.930,1.090,2,0,262.286,0,0,21,95,4,23,0
09-09 17:44:48,51.890,24.817,23.313,0.501,0,3931232,118840,197944,3647308,12607.928,1624.371,725.954,5887.844,37.100,460.239,5131,8995,2.940,1.930,1.090,4,0,576.552,0,0,23,97,4,23,0
09-09 17:44:49,60.249,20.750,17.500,0,0,4025040,124096,197876,3550416,8759.790,1621.961,187.995,1535.963,16.000,224.995,7276,18980,2.940,1.930,1.090,4,0,314.992,0,0,23,105,4,23,0
09-09 17:44:50,42.707,21.478,34.465,0,0,4118588,121056,197836,3460536,13422.470,1618.369,11.988,6925.020,2.997,578.417,5285,8564,2.940,1.930,1.090,3,0,368.628,0,0,23,117,4,23,0
09-09 17:44:51,24.999,20.749,51.998,0,0,4151324,120796,197816,3428620,9542.618,1619.935,0,143.994,0,10.000,3372,5580,2.940,1.930,1.090,3,0,395.984,0,0,24,117,4,23,0
09-09 17:44:52,11.987,20.228,65.928,0.250,0,4153280,122436,197816,3425024,7710.595,1456.413,0,379.586,0,23.974,3122,4807,2.780,1.910,1.090,3,0,254.722,0,0,24,117,4,24,0
09-09 17:44:53,17.532,17.532,62.864,0,0,4165468,118084,197812,3417276,13318.159,1622.944,0,492.894,0,31.056,5770,10463,2.780,1.910,1.090,3,0,145.264,0,0,24,117,4,24,0
09-09 17:44:54,30.009,24.507,45.013,0,0,4223468,122512,197788,3355392,10250.983,1620.472,0,2464.717,0,415.121,4203,6249,2.780,1.910,1.090,3,0,432.126,0,0,24,117,4,24,0
09-09 17:44:55,39.132,22.183,37.388,0.249,0,4310280,126220,197752,3267076,5022.916,1453.635,3.988,901.293,0.997,117.647,6207,14289,2.780,1.910,1.090,3,0,263.210,0,0,24,129,4,25,0
09-09 17:44:56,30.598,22.071,45.396,0,0,4371652,120832,197716,3211972,12040.614,1699.450,32.103,361.158,7.023,25.080,4018,7108,2.780,1.910,1.090,2,0,387.242,0,0,24,129,4,25,0
09-09 17:44:57,36.983,27.987,33.984,0.250,0,4450316,124348,197640,3131928,10070.257,1619.237,171.919,5441.437,17.992,462.782,6430,13679,2.960,1.960,1.110,5,0,531.750,0,0,24,141,4,25,0
09-09 17:44:58,15.735,20.981,60.694,0.250,0,4465552,123184,197636,3118052,14225.870,1618.506,191.823,891.177,10.990,63.941,5675,9894,2.960,1.960,1.110,2,0,353.674,0,0,24,147,4,25,0
09-09 17:44:59,9.753,19.755,67.019,0,0,4471360,124340,197632,3111344,14150.920,1620.449,228.063,208.058,3.001,17.005,3373,5172,2.960,1.960,1.110,3,0,281.078,0,0,24,147,4,25,0
09-09 17:45:00,22.771,15.764,59.304,0.500,0,4481256,129060,197628,3097168,7497.846,1621.480,0,344.314,0,24.022,5323,9833,2.960,1.960,1.110,4,0,182.166,0,0,24,147,4,25,0
09-09 17:45:01,45.416,8.235,44.418,0.250,0,4612336,129696,197488,2969764,12131.532,1617.005,215.601,5577.670,5.989,506.063,2859,3175,2.960,1.960,1.110,3,0,28.946,0,0,24,147,4,25,0
09-09 17:45:02,45.517,8.003,45.017,0.500,0,4710828,130104,197380,2874300,15220.753,1512.572,1536.581,884.334,60.023,129.049,2929,3696,3.040,2,1.120,3,0,8.003,0,0,24,156,4,24,0
09-09 17:45:03,32.294,13.518,52.822,0.250,0,4664840,175464,197384,2875612,6289.573,1568.137,536.732,476.650,24.033,32.044,3874,7387,3.040,2,1.120,7,0,386.527,0,0,24,155,4,24,0
09-09 17:45:04,38.989,24.993,34.990,0.500,0,4703220,125984,197392,2886072,13720.254,1619.558,9737.342,463.873,152.958,36.990,6945,15230,3.040,2,1.120,2,1,455.876,0,0,24,169,4,19,0
09-09 17:45:05,48.751,23.750,22.000,4.500,0,4681448,163692,197328,2873104,31261.344,1620.018,48936.538,5936.065,553.006,487.005,8235,13697,3.040,2,1.120,6,0,226.002,0,0,24,173,4,20,0
09-09 17:45:06,72.673,19.979,3.996,2.497,0.250,4840384,194992,196756,2688464,14437.768,1618.293,36273.731,5546.149,445.530,286.698,4215,5858,3.040,2,1.120,5,0,140.851,0,0,24,175,3,20,0
09-09 17:45:07,68.096,16.403,6.462,7.207,0,4909964,132644,195824,2683368,16487.116,1610.439,56882.290,6954.710,944.393,439.391,7361,12146,3.120,2.030,1.140,5,0,40.758,0,0,24,190,3,21,0
09-09 17:45:08,60.433,19.641,15.612,4.029,0,4911800,134672,195036,2681448,11321.093,1522.909,55320.259,1144.196,612.387,76.548,5950,12818,3.120,2.030,1.140,3,0,226.623,0,0,24,191,3,27,0
09-09 17:45:09,38.497,32.248,24.248,3.500,0,4871336,199884,194952,2658284,15046.917,1565.887,38797.207,12999.064,398.971,753.946,9046,15744,3.120,2.030,1.140,3,0,483.965,0,0,24,191,3,27,0
09-09 17:45:10,52.747,23.249,20.999,2.750,0,4966364,128580,194460,2636144,13240.298,1619.914,39341.915,3799.799,385.980,223.988,5742,9242,3.120,2.030,1.140,6,0,279.985,0,0,24,196,3,27,0
09-09 17:45:11,60.803,26.773,11.010,1.001,0,4964548,151136,194288,2617932,12576.955,1513.318,14296.452,636.554,151.132,42.037,10433,28176,3.120,2.030,1.140,4,0,380.331,0,0,24,195,3,27,0
09-09 17:45:12,55.707,19.735,21.983,0.500,0,5041964,126488,193596,2567064,10486.883,1618.747,1267.019,13429.605,87.932,757.414,8614,19970,3.190,2.060,1.160,4,0,202.843,0,0,24,201,3,29,0
09-09 17:45:13,51.020,26.260,22.009,0.250,0,5083560,137596,193176,2515556,13122.223,1608.640,16.006,740.295,1.000,68.027,4315,8861,3.190,2.060,1.160,4,0,503.200,0,0,24,199,3,29,0
09-09 17:45:14,58.438,20.228,19.729,0.499,0,5146612,131100,192564,2460236,15567.374,1692.193,671.283,9857.472,44.952,1235.680,9811,19406,3.190,2.060,1.160,5,0,259.723,0,0,24,205,3,33,0
09-09 17:45:15,67.552,12.760,18.764,0,0,5270924,141516,190452,2330704,7072.417,1587.216,308.236,472.362,15.011,36.028,3104,5441,3.190,2.060,1.160,7,0,27.021,0,0,24,205,3,33,0
09-09 17:45:16,67.727,6.748,23.992,0.250,0,5303216,146568,189780,2294548,35497.753,11907.892,963.668,4246.535,80.972,461.841,6185,11403,3.190,2.060,1.160,7,1,6.998,0,0,24,215,3,41,0
09-09 17:45:17,53.488,11.747,34.492,1.000,0,5305860,172168,189232,2267220,32238.843,8349.146,95.979,3235.282,8.998,394.912,6457,11847,3.330,2.110,1.180,5,0,198.956,0,0,24,225,3,42,0
09-09 17:45:18,37.766,22.509,38.516,0.250,0,5335204,142356,189296,2267628,8883.749,1512.638,304.128,1276.539,19.008,164.069,5265,9923,3.330,2.110,1.180,6,0,411.174,0,0,24,224,3,42,0
09-09 17:45:19,37.248,19.749,40.498,0.250,0,5268660,208456,189308,2268420,15682.357,1607.934,83.997,931.962,7.000,72.997,5807,15016,3.330,2.110,1.180,2,0,245.990,0,0,24,225,3,42,0
09-09 17:45:20,62.002,13.250,22.501,0.750,0,5393960,131312,188300,2221652,11181.291,1512.039,108.003,3876.101,14.000,247.006,3454,7731,3.330,2.110,1.180,4,0,158.004,0,0,25,229,3,42,0
09-09 17:45:21,64.000,11.000,23.000,1.750,0,5468172,128004,188060,2152952,14228.014,1694.002,2120.002,888.001,175.000,63.000,3801,7003,3.330,2.110,1.180,3,0,10.000,0,0,25,228,3,43,0
09-09 17:45:22,57.459,13.990,27.481,0.999,0,5516248,130528,187512,2104400,8503.988,1564.894,271.808,9481.297,21.984,952.327,6902,14592,3.310,2.130,1.190,2,0,202.857,0,0,25,231,3,44,0
09-09 17:45:23,25.168,3.738,69.025,0,0,5501916,146328,187496,2102964,24490.162,5845.942,11.961,490.401,2.990,42.860,2508,4158,3.310,2.130,1.190,1,0,14.951,0,0,25,230,3,44,1
09-09 17:45:24,33.882,13.804,50.698,0.251,0,5521600,131216,187108,2099312,22049080.266,111843.856,2072.075,5224.359,24.094,150.587,10251,9306,3.310,2.130,1.190,3,0,228.892,0,0,25,231,3,44,0
09-09 17:45:25,26.005,6.501,67.512,0,0,5524252,137688,186920,2090636,17025.013,1620.287,4.001,256.045,1.000,13.002,2214,3180,3.310,2.130,1.190,3,0,67.012,0,0,25,231,3,44,0
09-09 17:45:26,26.748,4.250,68.245,0.250,0,5529048,155676,186584,2068804,10398.262,1511.893,0,443.968,0,37.997,3616,7304,3.310,2.130,1.190,3,0,1.000,0,0,25,239,3,46,0
09-09 17:45:27,28.664,5.982,63.311,0.997,0,5554000,147024,186284,2053420,13100.920,1698.932,442.679,20419.090,25.923,428.721,4905,9325,3.040,2.090,1.180,3,0,7.976,0,0,25,251,3,49,0
09-09 17:45:28,26.327,3.009,67.949,0.251,0,5556024,144756,186312,2053636,10790.627,1666.886,0,597.752,0,61.179,4080,8899,3.040,2.090,1.180,2,0,1.003,0,0,25,255,3,49,0
09-09 17:45:29,24.151,16.432,57.514,0.996,0,5479956,234084,185640,2042676,12579.274,1633.284,103.574,21654.955,10.955,70.709,6110,10569,3.040,2.090,1.180,3,0,131.459,0,0,25,251,3,58,0
09-09 17:45:30,20.078,8.533,69.522,0.251,0,5526012,187956,185660,2042760,11716.789,1592.222,80.314,325.271,13.051,17.067,2269,3480,3.040,2.090,1.180,4,0,77.302,0,0,25,251,3,58,0
09-09 17:45:31,15.435,7.966,69.706,4.979,0.249,5532340,141600,186900,2081904,4990.923,1613.188,4413.362,242.974,774.728,13.941,3034,4369,3.040,2.090,1.180,2,0,0.996,0,0,25,251,3,58,0
09-09 17:45:32,24.553,4.259,68.648,1.253,0,5527388,144380,187020,2083972,14647.610,1569.387,1038.241,3531.621,174.376,83.180,2709,3856,2.880,2.070,1.180,4,0,10.022,0,0,25,253,3,58,0
09-09 17:45:33,20.952,9.977,64.351,2.245,0,5554776,138492,186552,2064060,14156.313,1508.517,698.387,6317.413,147.659,443.975,15806,29578,2.880,2.070,1.180,2,0,29.931,0,0,25,255,3,60,0
09-09 17:45:34,25.092,4.516,69.504,0,0,5559776,150940,186208,2048168,5955.726,1625.931,0,164.600,0,16.059,4393,8356,2.880,2.070,1.180,3,0,3.011,0,0,25,255,3,59,0
09-09 17:45:35,22.183,7.477,69.291,0.249,0,5560504,150212,186212,2048164,15635.780,1561.285,0,247.253,0,22.931,2091,3338,2.880,2.070,1.180,2,0,0.997,0,0,25,255,3,59,0
09-09 17:45:36,22.565,9.277,66.191,0.251,0,5479260,237304,186164,2042492,13995.391,1516.376,1251.612,100.289,141.408,7.020,2642,3815,2.880,2.070,1.180,6,0,62.179,0,0,25,255,3,52,0
09-09 17:45:37,21.259,14.756,62.276,0.250,0,5516012,200052,186164,2042976,14994.253,1714.715,560.234,208.087,9.004,7.003,3221,5430,2.730,2.060,1.180,3,0,389.162,0,0,25,255,3,52,0
09-09 17:45:38,22.489,7.247,68.467,0.500,0,5499728,216176,186172,2043128,13658.471,1565.252,35.983,43543.186,1.999,226.892,2694,4097,2.730,2.060,1.180,6,0,48.977,0,0,25,255,3,49,0
09-09 17:45:39,11.239,17.234,68.435,0,0,5506304,209476,186172,2043188,5484.817,1510.573,3.996,335.683,0.999,31.970,3274,5179,2.730,2.060,1.180,3,0,254.759,0,0,25,259,3,49,0
09-09 17:45:40,9.753,19.506,68.523,0,0,5506888,208864,186172,2043216,12415.122,1620.538,32.011,0,2.001,0,3191,4860,2.730,2.060,1.180,3,0,245.081,0,0,25,259,3,49,0
09-09 17:45:41,5.487,9.228,82.805,0,0,5505304,210288,186172,2043380,11984.836,1616.202,3.991,171.597,0.998,9.977,2317,3655,2.730,2.060,1.180,1,0,124.707,0,0,25,259,3,49,0
09-09 17:45:42,16.300,3.009,79.492,0,0,5537772,177820,186176,2043376,15715.776,1570.775,16.049,112.342,1.003,17.052,1937,2974,2.510,2.020,1.170,1,0,11.034,0,0,25,261,3,49,2
09-09 17:45:43,25.223,3.247,69.676,0.250,0,5568632,146924,186176,2043412,12488.675,1510.388,63.932,291.689,3.996,25.972,2630,4983,2.510,2.020,1.170,2,0,0,0,0,25,263,3,50,2
09-09 17:45:44,14.759,16.009,67.039,0.250,0,5516968,198304,186200,2043672,6192.629,1620.950,128.075,112.066,13.008,9.005,3033,4715,2.510,2.020,1.170,4,0,172.101,0,0,25,265,3,50,0
09-09 17:45:45,12.749,17.999,66.997,0.250,0,5525564,189504,186204,2043872,11985.461,1693.924,75.997,231.990,5.000,17.999,3304,5120,2.510,2.020,1.170,2,0,160.993,0,0,25,267,3,50,0
09-09 17:45:46,13.502,16.753,68.512,0,0,5531956,182964,186208,2044016,12381.105,1620.275,40.007,148.025,1.000,12.002,3045,4663,2.510,2.020,1.170,3,0,153.026,0,0,25,267,3,50,0
09-09 17:45:47,13.496,17.494,67.728,0,0,5529664,184944,186208,2044328,6692.811,1619.470,115.962,0,5.998,0,2978,4767,2.470,2.020,1.180,3,0,170.944,0,0,25,267,3,50,0
09-09 17:45:48,22.487,5.247,69.959,0.250,0,5580944,141648,185940,2036776,12020.872,1457.136,3.998,3074.177,0.999,435.742,2736,3458,2.470,2.020,1.180,3,0,19.988,0,0,25,267,3,50,0
09-09 17:45:49,25.542,5.008,68.112,1.002,0,5635660,147696,184052,1982172,9760.036,1622.666,96.158,5132.433,2.003,133.219,2196,3037,2.470,2.020,1.180,4,0,4.007,0,0,25,269,3,50,0
09-09 17:45:50,25.238,4.748,69.217,0.250,0,5542192,240952,184076,1982360,12008.212,1619.220,99.952,427.794,5.997,45.978,2447,3741,2.470,2.020,1.180,5,0,6.997,0,0,25,267,3,50,0
09-09 17:45:51,24.012,4.002,70.285,0,0,5613560,169532,184076,1982412,11995.890,1458.716,44.022,160.079,6.003,8.004,1747,2721,2.470,2.020,1.180,3,0,2.001,0,0,25,267,3,50,0
09-09 17:45:52,26.989,3.499,67.723,0.250,0,5634092,148952,184100,1982436,12506.098,1619.365,43.983,447.824,3.998,44.982,3057,6214,2.350,2,1.180,2,0,2.999,0,0,25,273,3,51,0
09-09 17:45:53,24.257,4.001,70.020,0,0,5573904,208876,184228,1982572,10211.972,1620.472,120.035,476.139,5.001,32.009,1931,2952,2.350,2,1.180,1,0,15.004,0,0,25,267,3,50,0
09-09 17:45:54,24.719,3.995,69.914,0.250,0,5535244,247536,184228,1982572,5061.749,1456.202,0,119.852,0,9.988,1863,3005,2.350,2,1.180,2,0,35.956,0,0,25,269,3,50,0
09-09 17:45:55,11.755,16.508,69.782,0,0,5542324,239056,184372,1983828,5146.367,1694.780,1508.694,408.188,27.012,17.008,3158,5007,2.350,2,1.180,2,0,256.118,0,0,25,271,3,50,0
09-09 17:45:56,17.013,12.259,68.803,0.500,0,5538656,242364,184380,1984180,12536.691,1695.310,352.272,152.118,70.054,19.015,2877,4321,2.350,2,1.180,3,0,193.149,0,0,25,273,3,50,0
09-09 17:45:57,23.462,10.483,64.396,0.250,0,5557636,219088,184676,1988180,13000.925,1455.640,3118.944,15.974,83.864,3.994,2703,3863,2.160,1.970,1.170,5,0,92.849,0,0,25,273,3,49,0
09-09 17:45:58,25.733,6.746,64.458,0.500,0,5574104,199212,184688,1991576,16017.557,1692.896,3433.761,667.565,52.965,31.979,10734,21015,2.160,1.970,1.170,2,0,12.992,0,0,25,273,3,49,0
09-09 17:45:59,23.475,4.246,71.425,0.499,0,5575704,197968,184824,1991100,24943.734,4368.400,339.642,551.419,21.977,23.975,2373,3533,2.160,1.970,1.170,3,0,0,0,0,25,274,3,49,0
09-09 17:46:00,26.510,4.502,66.525,0.500,0.250,5611016,160956,184952,1992672,13647.049,1620.600,96.036,440.163,18.007,18.007,9501,18593,2.160,1.970,1.170,3,0,8.003,0,0,25,274,3,49,0
09-09 17:46:01,24.322,5.266,69.204,0,0,5652316,150376,184224,1965108,12665.414,1624.800,0,4.012,0,1.003,2464,2798,2.160,1.970,1.170,1,0,8.024,0,0,25,274,3,49,0
09-09 17:46:02,22.254,2.500,72.011,1.000,0,5653888,149480,184556,1964100,12210.929,3955.625,200.032,9977.576,41.006,508.080,2874,3309,1.990,1.940,1.160,1,0,0,0,0,25,276,3,49,0
09-09 17:46:03,26.435,6.484,66.337,0,0,5651896,150420,184644,1965084,7057.659,1616.029,0,319.216,0,14.963,3299,5666,1.990,1.940,1.160,2,0,4.988,0,0,25,276,3,50,0
09-09 17:46:04,26.811,5.011,65.900,0,0,5659776,141120,184668,1966420,20533.694,4545.336,24.055,577.313,5.011,17.039,2827,5286,1.990,1.940,1.160,4,0,36.082,0,0,25,277,3,51,0
09-09 17:46:05,25.263,6.503,67.035,0.250,0,5641964,153608,185280,1971192,13382.012,1794.941,0,1224.642,0,32.017,9102,17882,1.990,1.940,1.160,2,0,15.008,0,0,25,276,3,49,0
09-09 17:46:06,23.970,6.242,67.916,0,0.250,5646004,149104,185364,1971572,14139.453,1552.074,0,483.400,0,13.983,8721,17211,1.990,1.940,1.160,1,0,16.979,0,0,25,276,3,49,0
09-09 17:46:07,20.009,7.754,70.032,0.250,0,5548320,259832,185376,1958732,8684.952,1740.792,0,560.255,0,18.008,2368,3837,1.910,1.920,1.160,1,0,73.033,0,0,25,275,3,48,0
09-09 17:46:08,17.473,11.732,69.393,0,0.250,5579640,228656,185388,1958664,12896.101,1617.504,15.975,1377.874,0.998,70.891,3055,5026,1.910,1.920,1.160,3,0,193.701,0,0,25,275,3,48,0
09-09 17:46:09,26.186,2.494,70.327,0,0,5609860,198248,185388,1958868,8754.455,1616.023,39.902,331.185,5.985,23.941,2509,4715,1.910,1.920,1.160,4,0,0,0,0,25,278,3,44,0
09-09 17:46:10,19.762,10.006,69.542,0,0,5578528,229516,185388,1958932,7399.462,1695.022,12.007,0,2.001,0,2362,3576,1.910,1.920,1.160,7,0,112.068,0,0,25,275,3,45,0
09-09 17:46:11,25.594,3.011,71.263,0,0,5606656,201376,185392,1958940,13362.240,1625.992,4.015,176.651,1.004,8.030,2577,4354,1.910,1.920,1.160,3,0,1.004,0,0,25,275,3,45,0
09-09 17:46:12,22.952,5.738,70.103,0.249,0,5606780,201204,185392,1958988,10411.199,1616.615,0,139.707,0,9.979,2279,3471,1.840,1.910,1.160,6,0,69.854,0,0,25,275,3,45,0
09-09 17:46:13,24.040,4.758,69.616,0,0,5556140,251832,185408,1958984,5029.354,1514.516,12.020,196.326,3.005,20.033,3364,5903,1.840,1.910,1.160,2,0,56.093,0,0,25,275,3,44,0
09-09 17:46:14,25.192,3.492,69.838,0,0,5610048,197748,185408,1959160,13290.207,1658.158,0,235.454,0,21.949,2169,3208,1.840,1.910,1.160,3,0,0,0,0,25,276,3,44,0
09-09 17:46:15,24.482,4.247,69.699,0.250,0,5573112,234672,185408,1959172,7722.363,1564.858,0,63.953,0,5.996,2858,4670,1.840,1.910,1.160,3,0,31.977,0,0,25,275,3,42,0
09-09 17:46:16,25.535,2.754,70.097,0,0,5610160,197536,185412,1959256,12473.338,1622.255,4.006,32.045,1.001,4.006,2224,3921,1.840,1.910,1.160,3,0,0,0,0,25,277,3,42,0
09-09 17:46:17,22.304,5.513,69.417,0.251,0,5588676,218948,185432,1959308,13706.952,1623.904,0,260.627,0,35.084,2784,4559,1.770,1.890,1.160,3,0,47.113,0,0,25,275,3,35,0
09-09 17:46:18,26.251,3.750,68.502,0.500,0,5617692,189880,185440,1959352,7291.248,1620.055,16.001,2040.069,1.000,340.012,2615,4926,1.770,1.890,1.160,2,0,0,0,0,25,275,3,38,0
09-09 17:46:19,25.211,3.994,69.143,0.499,0,5602688,204832,185488,1959356,13856.522,1691.378,0,2623.933,0,164.745,2651,3995,1.770,1.890,1.160,3,0,32.949,0,0,25,275,3,38,0
09-09 17:46:20,22.540,7.764,68.370,0.250,0,5556812,250704,185512,1959336,11395.044,1514.664,0,416.733,0,45.079,3941,7422,1.770,1.890,1.160,1,0,137.241,0,0,25,275,3,39,0
09-09 17:46:21,12.490,20.234,67.447,0.250,0,5556016,251432,185516,1959400,8807.060,1564.767,0,295.767,0,24.980,4690,7893,1.770,1.890,1.160,1,0,671.471,0,0,25,275,3,39,0
09-09 17:46:22,12.229,20.215,64.637,0.499,0,5556572,249984,185528,1960280,14941.971,1842.790,379.339,1118.052,10.981,55.903,4474,7452,1.710,1.880,1.160,2,0,484.157,0,0,25,275,4,39,0
09-09 17:46:23,11.019,22.039,65.866,0,0,5552560,253888,185544,1960372,9723.142,1588.801,0,1029.816,0,66.117,3779,6051,1.710,1.880,1.160,1,0,361.638,0,0,25,275,4,39,0
09-09 17:46:24,12.490,19.484,66.446,0,0,5546568,259856,185544,1960396,16407.693,1564.731,0,35.971,0,8.993,3538,5295,1.710,1.880,1.160,2,0,353.713,0,0,25,275,4,37,0
09-09 17:46:25,10.272,21.045,67.142,0.251,0,5552328,254084,185548,1960404,12188.828,1697.597,0,216.459,0,22.047,4221,6890,1.710,1.880,1.160,3,0,544.153,0,0,25,275,4,37,0
09-09 17:46:26,10.992,20.984,67.948,0,0,5552532,253856,185548,1960428,11076.526,1584.788,0,59.954,0,14.989,4457,7596,1.710,1.880,1.160,1,0,589.549,0,0,25,275,4,37,0
09-09 17:46:27,10.980,20.463,65.879,0.250,0,5549260,256208,185548,1961348,12958.260,1646.983,826.486,51.905,13.974,9.982,4425,7522,1.650,1.860,1.160,2,0,578.939,0,0,25,275,4,37,0
09-09 17:46:28,18.515,10.008,66.805,4.504,0,5570240,235592,185604,1970108,12508.319,1621.338,7097.856,2149.774,657.542,8.007,5843,9955,1.650,1.860,1.160,2,1,44.036,0,0,25,275,4,32,0
09-09 17:46:29,25.710,6.490,64.648,2.246,0,5584592,206140,185612,1985232,5784.895,1583.508,5631.137,1230.064,379.403,12.980,4255,7334,1.650,1.860,1.160,2,0,3.994,0,0,25,275,4,32,0
09-09 17:46:30,19.531,1.252,76.872,0.501,0,5591372,198608,185632,1985960,25493.382,8358.239,528.838,861.364,29.046,33.052,1988,2868,1.650,1.860,1.160,4,0,0,0,0,25,276,4,21,0
09-09 17:46:31,6.500,0.500,91.001,0,0,5591628,198112,185644,1986188,16733.201,4076.049,140.002,256.003,15.000,9.000,1579,2554,1.650,1.860,1.160,2,0,1.000,0,0,25,276,4,21,0
09-09 17:46:32,9.974,1.496,85.529,0.997,0,5591404,197888,185692,1986592,25732.379,8775.281,363.060,1021.356,37.902,58.848,2105,3246,1.520,1.830,1.150,3,0,0,0,0,25,276,4,21,0
09-09 17:46:33,9.009,2.002,85.589,0.751,0,5590784,197388,185736,1987668,22038.030,9496.924,868.908,1177.230,48.050,47.049,1949,3005,1.520,1.830,1.150,2,0,6.006,0,0,25,276,4,22,0
09-09 17:46:34,16.739,2.998,78.696,0.500,0,5615244,172400,185756,1988176,17076.269,6575.483,447.692,723.503,31.978,30.979,3463,3026,1.520,1.830,1.150,2,0,0.999,0,0,25,276,4,20,0
09-09 17:46:35,14.769,2.503,81.106,0.751,0,5620628,166352,185800,1988796,25175.905,10517.747,560.733,1121.466,47.062,54.071,2201,3370,1.520,1.830,1.150,2,0,1.001,0,0,25,276,4,20,0
09-09 17:46:36,19.023,1.502,77.094,1.252,0,5633552,150880,185892,1991248,28130.234,12065.684,1613.964,1317.604,76.093,52.063,2203,3331,1.520,1.830,1.150,3,0,2.002,0,0,25,278,3,19,0
09-09 17:46:37,20.266,6.255,69.054,2.252,0,5618424,143848,184980,2014692,12415.759,1789.406,14103.085,2037.602,156.123,78.061,3045,3896,1.480,1.820,1.150,1,0,1.001,0,0,25,278,3,19,0
09-09 17:46:38,23.423,5.731,69.022,0.249,0,5629824,151112,184508,1997948,9188.641,1507.021,0,9177.677,0,568.123,2710,3210,1.480,1.820,1.150,3,0,0,0,0,25,278,3,19,0
09-09 17:46:39,23.235,6.995,67.955,1.749,0,5633964,140340,184756,2005028,13132.333,1618.932,0,53029.001,0,365.759,3218,4103,1.480,1.820,1.150,2,0,0,0,0,25,278,3,19,0
09-09 17:46:40,22.534,6.009,69.856,1.002,0,5637232,152492,184056,1990900,13341.199,1796.720,0,11457.346,0,185.281,2499,3513,1.480,1.820,1.150,3,0,0,0,0,25,277,3,19,0
09-09 17:46:41,24.990,4.248,70.472,0,0,5585020,204256,184124,1991184,9420.213,1619.349,499.799,3.998,7.997,1.000,1827,2608,1.480,1.820,1.150,2,0,6.997,0,0,25,277,3,19,0
09-09 17:46:42,20.991,2.999,74.718,0.250,0,5596620,186704,184248,1996624,14513.716,3829.342,3.998,1911.172,1.000,30.987,1989,3059,1.440,1.800,1.150,4,0,3.998,0,0,25,277,3,19,0
09-09 17:46:43,20.979,3.746,73.925,0,0,5612536,169588,184292,1997556,17370.369,2869.088,0,283.712,0,10.989,2048,3024,1.440,1.800,1.150,1,0,4.995,0,0,25,278,3,19,0
09-09 17:46:44,23.757,5.001,68.269,0.250,0,5604256,170680,184488,2003648,17230.773,3399.942,0,1492.413,0,28.008,9879,19495,1.440,1.800,1.150,1,0,7.002,0,0,25,277,3,18,0
09-09 17:46:45,25.852,5.271,68.269,0.251,0,5605448,169220,184532,2003840,13717.100,1517.987,0,14710.016,0,43.170,9982,19961,1.440,1.800,1.150,1,0,17.067,0,0,25,277,3,18,0
09-09 17:46:46,23.675,4.984,70.277,0,0,5565932,222504,184564,1991400,5406.849,1656.745,0,933.040,0,15.949,1813,2964,1.440,1.800,1.150,3,0,11.962,0,0,25,279,3,18,0
09-09 17:46:47,23.514,5.003,70.793,0,0,5562236,225240,184564,1992360,11171.826,1620.990,0,4.002,0,1.001,2299,3581,1.480,1.810,1.160,2,0,51.031,0,0,25,279,3,18,0
09-09 17:46:48,23.476,5.994,68.430,0,0,5602064,185376,184564,1992396,10177.558,1618.340,0,0,0,0,8472,16289,1.480,1.810,1.160,2,0,9.990,0,0,25,279,3,18,0
09-09 17:46:49,20.994,3.499,73.730,0.250,0,5602364,178648,184596,1998400,11533.805,3829.939,0,1495.586,0,22.994,1914,3036,1.480,1.810,1.160,2,0,4.999,0,0,25,279,3,18,0
09-09 17:46:50,20.475,3.496,74.410,0.250,0,5619176,161276,184616,1998744,15254.451,4363.694,0,838.980,0,32.960,2014,3257,1.480,1.810,1.160,2,0,5.993,0,0,25,280,3,18,0
09-09 17:46:51,22.548,6.764,68.146,0,0,5606728,166696,184680,2004832,13130.125,1797.851,0,809.734,0,13.028,9330,18047,1.480,1.810,1.160,2,0,15.032,0,0,25,279,3,18,0
09-09 17:46:52,25.272,7.757,65.807,0.250,0,5603360,169240,184736,2005536,12120.436,1459.256,232.200,1309.127,8.007,42.036,10527,20550,1.440,1.790,1.150,2,0,17.015,0,0,25,279,3,18,0
09-09 17:46:53,21.997,4.999,70.989,0,0,5561368,225092,184752,1992808,13319.882,1693.731,0,867.862,0,47.992,2091,3225,1.440,1.790,1.150,2,0,8.999,0,0,25,279,3,18,0
09-09 17:46:54,24.986,2.748,70.460,0,0,5541092,245364,184752,1992812,12410.963,1619.082,0,0,0,0,1985,2853,1.440,1.790,1.150,2,0,22.987,0,0,25,279,3,18,0
09-09 17:46:55,22.045,8.016,68.389,0,0,5559276,214088,184960,2004896,13114.570,1460.960,0,12.024,0,3.006,13095,25493,1.440,1.790,1.150,2,0,79.160,0,0,25,279,3,18,0
09-09 17:46:56,24.422,2.243,70.525,0,0,5577216,192000,185056,2008592,9141.792,2020.544,3.987,3.987,0.997,0.997,1674,2777,1.440,1.790,1.150,1,0,2.990,0,0,25,280,3,18,0
09-09 17:46:57,18.484,3.997,75.934,0.500,0,5590400,176400,185088,2010976,24427.894,12053.586,1646.577,2345.973,14.987,42.963,2147,3187,1.410,1.780,1.150,2,0,3.997,0,0,25,280,3,18,0
09-09 17:46:58,12.011,2.502,83.575,0.250,0,5591500,174384,185116,2011832,25398.783,10842.726,976.876,992.891,8.007,35.031,2103,3357,1.410,1.780,1.150,1,0,0,0,0,25,280,3,18,0
09-09 17:46:59,10.761,2.502,84.084,0.500,0,5588148,177772,185160,2011720,149465.017,9737.708,0,976.974,0,43.043,2328,3523,1.410,1.780,1.150,1,0,0,0,0,25,281,3,18,0
09-09 17:47:00,16.761,1.501,80.055,0.250,0,5607972,157992,185236,2011600,24432.712,8374.728,0,936.641,0,48.033,1858,2993,1.410,1.780,1.150,2,0,0,0,0,25,281,3,18,0
09-09 17:47:01,16.735,1.499,79.429,0.500,0,5608104,157488,185284,2011860,28153.999,12067.284,15.986,1154.974,1.998,41.963,2064,3163,1.410,1.780,1.150,3,0,0.999,0,0,25,281,3,18,0
09-09 17:47:02,17.258,3.252,78.286,0.750,0,5621316,143684,185500,2012200,284993.807,18897.806,0,2213.031,0,109.051,2515,3626,1.380,1.770,1.150,3,0,0,0,0,25,281,3,18,0
09-09 17:47:03,15.497,1.500,80.235,1.250,0,5621680,142704,185608,2012572,110878.155,18696.485,147.972,2575.516,13.997,123.977,2589,3615,1.380,1.770,1.150,3,0,0,0,0,25,281,3,19,0
09-09 17:47:04,20.262,6.254,70.543,1.251,0,5623388,145044,181728,2015156,6884891.438,49098.097,9950.099,15405.444,60.037,379.232,5317,7394,1.380,1.770,1.150,1,0,39.024,0,0,25,281,3,20,0
09-09 17:47:05,22.799,4.510,69.398,1.253,0,5633824,138704,176236,2017612,642299.309,8593.347,164.351,6217.274,4.009,154.329,3999,6655,1.380,1.770,1.150,5,0,2.004,0,0,25,281,3,18,0
09-09 17:47:06,24.424,7.477,64.799,1.994,0,5636964,151268,178776,1998032,17947.292,1614.987,3.988,67857.371,0.997,624.063,3602,4282,1.380,1.770,1.150,3,0,0,0,0,25,281,3,20,0
09-09 17:47:07,26.476,5.245,66.439,0.999,0,5651720,154844,178092,1980176,26200.079,5338.126,3.996,11185.787,0.999,227.792,2716,3678,1.350,1.750,1.150,3,0,0,0,0,25,281,3,20,0
09-09 17:47:08,23.476,3.496,70.177,0.999,0,5647164,151416,178132,1987160,11894.630,1456.485,0,2233.677,0,77.919,2199,3204,1.350,1.750,1.150,4,0,0,0,0,25,281,3,20,0
09-09 17:47:09,27.293,4.757,65.853,0.501,0.250,5645832,142424,179156,1995796,9263.516,1622.543,4.006,10572.567,1.002,157.246,2270,3300,1.350,1.750,1.150,3,0,1.002,0,0,25,281,3,21,0
09-09 17:47:10,22.761,5.002,69.533,0.750,0,5646152,139184,179572,1997524,9309.385,1620.763,0,16327.690,0,241.114,2446,3450,1.350,1.750,1.150,2,0,0,0,0,25,281,3,21,0
09-09 17:47:11,20.685,3.240,72.522,1.246,0,5652540,163320,179908,1966144,18987.285,4051.259,47.850,22963.779,3.987,321.987,2824,3804,1.350,1.750,1.150,4,0,0.997,0,0,25,279,3,18,0
09-09 17:47:12,25.575,3.510,69.956,0,0,5598764,217092,179928,1966128,7151.010,1666.897,0,597.756,0,11.032,1818,2750,1.320,1.740,1.150,3,0,6.018,0,0,25,279,3,18,0
09-09 17:47:13,19.240,5.497,73.711,0,0,5599492,209772,180112,1972060,11441.901,3882.930,3.998,1351.280,0.999,30.983,2655,3153,1.320,1.740,1.150,2,0,3.998,0,0,25,279,3,18,0
09-09 17:47:14,20.768,3.253,74.064,0.250,0,5625816,182888,180156,1972496,19462.835,4426.829,0,660.571,0,27.023,2240,3233,1.320,1.740,1.150,2,0,5.004,0,0,25,280,3,18,0
09-09 17:47:15,25.744,6.249,65.735,0,0,5614440,186664,180768,1978588,13497.828,1793.579,0,1251.706,0,29.993,9588,19034,1.320,1.740,1.150,4,0,13.997,0,0,25,279,3,15,0
09-09 17:47:16,24.260,8.503,66.026,0.500,0,5610528,190276,180824,1978776,13116.142,1620.635,0,120111.084,0,451.177,4245,7240,1.320,1.740,1.150,4,0,5.002,0,0,25,279,3,15,0
09-09 17:47:17,24.503,7.001,67.258,0.250,0,5616976,183500,180884,1979004,9658.101,1458.166,0,388.044,0,28.003,7617,14853,1.450,1.760,1.160,2,0,15.002,0,0,25,279,3,12,0
09-09 17:47:18,23.050,5.762,70.402,0,0,5584140,230116,180892,1966368,13500.066,1665.586,0,773.666,0,35.076,1923,2990,1.450,1.760,1.160,1,0,1.002,0,0,25,279,3,12,0
09-09 17:47:19,21.952,4.740,69.348,2.744,0,5600136,209368,180896,1971212,13576.227,1658.363,2662.162,2179.221,329.278,19.956,2798,3922,1.450,1.760,1.160,3,0,7.982,0,0,25,279,3,9,0
09-09 17:47:20,25.517,4.503,67.544,0,0,5602228,206904,180944,1971500,10747.018,1458.953,168.110,868.567,12.008,72.047,4712,9028,1.450,1.760,1.160,2,0,1.001,0,0,25,281,3,13,0
09-09 17:47:21,26.030,3.003,69.080,1.001,0,5604616,203936,180964,1972060,15569.013,1621.877,344.398,1970.280,21.024,313.363,4529,8901,1.450,1.760,1.160,3,0,1.001,0,0,25,287,3,15,0
09-09 17:47:22,28.266,3.752,65.288,1.501,0,5608376,198644,181108,1973400,19037.966,1620.934,1144.659,1368.788,78.045,170.098,4565,8067,1.420,1.750,1.160,1,0,2.001,0,0,25,287,3,16,0
09-09 17:47:23,23.655,8.217,65.984,0.747,0,5567064,238860,181132,1974472,13257.506,1613.490,828.656,1326.647,42.827,148.401,3930,7794,1.420,1.750,1.160,2,0,105.574,0,0,25,289,3,15,0
09-09 17:47:24,12.055,19.589,66.552,0.753,0,5570520,235036,181172,1974800,12554.020,1518.899,277.259,4387.930,4.018,256.163,4263,6872,1.420,1.750,1.160,3,0,314.428,0,0,25,289,3,15,0
09-09 17:47:25,14.455,6.480,67.291,9.471,0,5533980,237980,182676,2006908,12042.644,1634.928,33524.009,215.332,2008.769,13.957,5002,7713,1.420,1.750,1.160,2,1,31.901,0,0,25,289,3,18,0
09-09 17:47:26,8.744,3.997,79.197,6.995,0,5532020,222640,183200,2023684,13341.101,2711.192,17396.397,1307.128,1847.768,12.991,3679,6353,1.420,1.750,1.160,1,0,5.996,0,0,25,290,3,18,0
09-09 17:47:27,7.505,2.001,87.303,1.501,0,5537884,210828,183216,2029584,48315.472,3840.343,5639.440,2257.377,71.043,120.073,2187,3584,1.460,1.750,1.160,2,0,2.001,0,0,25,290,3,18,0
09-09 17:47:28,2.996,0.499,91.368,1.248,0,5534880,205536,183220,2037876,8340.931,4744.135,8335.938,139.798,166.759,10.984,1780,2885,1.460,1.750,1.160,1,0,0,0,0,25,290,3,18,0
09-09 17:47:29,7.258,4.005,87.352,1.001,0,5523564,208912,183488,2045544,113854.755,119831.724,7861.166,456.532,115.134,2.002,1959,2979,1.460,1.750,1.160,2,0,27.032,0,0,25,289,3,18,1
09-09 17:47:30,2.503,0.751,94.869,0,0,5523556,208212,183724,2045984,12411.577,1932.425,688.865,0,23.029,0,1504,2446,1.460,1.750,1.160,2,0,0,0,0,25,289,3,18,0
09-09 17:47:31,3.497,0.500,93.664,0,0,5523556,208212,183724,2045984,12079.874,1552.570,0,0,0,0,1450,2455,1.460,1.750,1.160,1,0,0.999,0,0,25,289,3,18,0
09-09 17:47:32,4.251,1.250,92.268,0.500,0,5523556,208212,183744,2045964,13024.475,1694.322,0,568.108,0,35.007,1729,2887,1.350,1.720,1.160,1,0,0,0,0,25,289,3,18,0
09-09 17:47:33,5.497,2.249,90.202,0.500,0,5523388,208212,183744,2046132,12823.152,1565.164,0,407.782,0,46.975,2008,3508,1.350,1.720,1.160,2,0,5.997,0,0,25,289,3,18,0
09-09 17:47:34,2.750,1.000,93.766,0,0,5523612,207988,183748,2046128,16292.786,1620.277,0,116.020,0,12.002,1705,2838,1.350,1.720,1.160,1,0,1.000,0,0,25,289,3,18,0
09-09 17:47:35,3.249,0.500,92.971,0.250,0,5523584,207988,183760,2046144,12546.023,1619.487,0,199.937,0,23.992,1804,3021,1.350,1.720,1.160,1,0,1.000,0,0,25,289,3,18,0
09-09 17:47:36,3.250,0.750,93.739,0,0,5523584,207988,183760,2046144,5824.307,1553.815,0,99.988,0,7.999,1458,2602,1.350,1.720,1.160,1,0,0,0,0,25,289,3,18,0
09-09 17:47:37,3.748,1.249,93.712,0,0,5523580,207988,183764,2046144,14240.233,1565.366,0,103.958,0,6.997,1642,2706,1.240,1.690,1.150,1,0,0,0,0,25,289,3,18,0
09-09 17:47:38,2.500,0.500,94.757,0,0,5523580,207988,183764,2046144,13920.058,1620.123,0,40.003,0,1.000,1442,2493,1.240,1.690,1.150,1,0,0,0,0,25,289,3,18,0
09-09 17:47:39,3.751,0.750,94.515,0,0,5523576,207988,183768,2046144,6787.106,1512.246,0,312.051,0,20.003,1423,2511,1.240,1.690,1.150,1,0,0,0,0,25,289,3,18,0
09-09 17:47:40,3.501,0.500,94.286,0,0.250,5523572,207988,183768,2046148,19509.492,1640.630,0,0,0,0,1562,2489,1.240,1.690,1.150,2,0,0,0,0,25,289,3,18,0
09-09 17:47:41,3.256,1.252,93.419,0.501,0,5524028,207512,183768,2046148,8540.492,1622.944,0,10070.267,0,209.380,1778,2519,1.240,1.690,1.150,1,0,1.002,0,0,25,289,3,18,0
09-09 17:47:42,3.495,0.999,93.127,0.749,0,5524248,207288,183776,2046144,14448.956,1510.010,0,2360.888,0,369.513,2247,2843,1.140,1.670,1.150,1,0,0,0,0,25,289,3,18,0
09-09 17:47:43,2.748,0.999,93.177,0,0,5524296,207288,183792,2046168,12596.112,1564.772,27.978,371.708,2.998,31.975,1818,3256,1.140,1.670,1.150,1,0,0,0,0,25,289,3,18,0
09-09 17:47:44,4.002,1.751,93.792,0.250,0,5524280,207288,183796,2046180,6418.869,1620.724,0,72.032,0,7.003,1528,2627,1.140,1.670,1.150,1,0,0,0,0,25,289,3,18,0
09-09 17:47:45,2.249,0.500,94.694,0,0,5524280,207288,183796,2046180,12984.274,1457.133,0,47.971,0,5.996,1479,2528,1.140,1.670,1.150,1,0,0,0,0,25,289,3,18,0
09-09 17:47:46,1.750,0.750,94.012,0,0,5524268,207288,183800,2046188,12207.526,1620.203,0,428.054,0,29.004,1513,2520,1.140,1.670,1.150,3,0,0,0,0,25,289,3,18,0
09-09 17:47:47,3.500,0.750,94.246,0,0,5524212,207288,183800,2046244,13256.390,1511.930,0,4.000,0,1.000,1540,2557,1.050,1.640,1.140,1,0,0,0,0,25,289,3,18,0
09-09 17:47:48,2.751,1.501,94.048,0,0,5537192,194308,183800,2046244,45206.191,1620.831,0,0,0,0,1407,2429,1.050,1.640,1.140,1,0,0,0,0,25,289,3,18,0
09-09 17:47:49,3.497,0.749,93.929,0.250,0,5537444,194056,183800,2046244,5809.637,1564.825,0,143.892,0,12.990,1558,2665,1.050,1.640,1.140,2,0,0.999,0,0,25,289,3,18,0
09-09 17:47:50,3.502,0.750,93.560,0,0,5537444,194056,183800,2046244,14401.260,1621.042,0,252.162,0,23.015,1738,2933,1.050,1.640,1.140,1,0,1.001,0,0,25,289,3,18,0
09-09 17:47:51,3.987,0.249,94.451,0,0,5537940,193560,183800,2046244,9641.437,1614.881,0,0,0,0,1469,2544,1.050,1.640,1.140,1,0,0.997,0,0,25,289,3,18,0
09-09 17:47:52,4.279,1.762,91.128,0.252,0,5538384,193112,183808,2046240,8653.650,1858.813,0,2871.795,0,39.271,1936,3270,0.960,1.610,1.130,0,0,0,0,0,25,289,4,19,0
09-09 17:47:53,2.241,0.747,93.626,0.498,0,5538368,193112,183820,2046244,15262.013,1687.258,0,577.692,0,39.841,1890,3366,0.960,1.610,1.130,2,0,0,0,0,25,289,4,19,0
09-09 17:47:54,2.253,0.751,94.359,0,0,5538352,193112,183824,2046256,9056.415,1513.741,0,108.124,0,9.010,1475,2588,0.960,1.610,1.130,1,0,0,0,0,25,289,4,18,0
09-09 17:47:55,2.998,0.500,94.450,0,0,5538352,193112,183824,2046256,12247.521,1693.104,0,0,0,0,1542,2628,0.960,1.610,1.130,1,0,0,0,0,25,289,4,18,0
09-09 17:47:56,2.749,0.250,94.463,0,0,5538344,193112,183832,2046256,12445.097,1639.354,0,323.872,0,22.991,1584,2639,0.960,1.610,1.130,2,0,0,0,0,25,289,4,18,0
09-09 17:47:57,5.996,1.999,90.693,0,0.250,5548768,181772,183832,2047172,12482.111,1618.977,0,31.980,0,6.996,1621,2626,0.890,1.580,1.130,6,0,1.999,0,0,25,289,4,18,0
09-09 17:47:58,6.502,2.001,90.033,0,0,5538592,190124,183832,2048996,12745.665,1512.554,1952.715,4.001,20.007,1.000,1902,3015,0.890,1.580,1.130,1,0,2.001,0,0,25,289,4,18,0
09-09 17:47:59,5.999,1.000,90.740,0.250,0,5538544,190124,183836,2049040,5756.344,1639.813,0,107.988,0,6.999,1804,2990,0.890,1.580,1.130,2,0,0,0,0,25,289,4,18,0
09-09 17:48:00,4.998,1.999,91.208,0,0,5530968,198472,183840,2048264,5553.429,215.900,0,107.950,0,7.996,1497,2615,0.890,1.580,1.130,3,0,0,0,0,25,289,4,18,0
09-09 17:48:01,10.532,4.263,83.504,0,0,5545140,183720,183856,2048828,342406.257,8624.226,609.855,0,14.043,0,1962,2908,0.890,1.580,1.130,1,0,25.076,0,0,25,289,4,18,0
09-09 17:48:02,13.510,5.004,79.810,0.500,0,5546648,180764,183872,2050260,244412.309,9455.091,768.576,340.255,51.038,11.008,2277,3348,0.810,1.560,1.120,2,0,32.024,0,0,25,289,4,18,0
