"pcp-dstat 5.3.6 CSV Output"
"Author:","PCP team <pcp@groups.io> and Dag Wieers <dag@wieers.com>",,,,"URL:","https://pcp.io/ and http://dag.wieers.com/home-made/dstat/"
"Host:","ubuntu",,,,"User:","ubuntu"
"Cmdline:","dstat -tcmndrylpg --tcp --output /tmp/devstack_logs/dstat-csv.log",,,,"Date:","17 Dec 2025 09:59:09 UTC"
"system","total usage",,,,,"memory usage",,,,"net/total",,"dsk/total",,"io/total",,"system",,"load avg",,,"procs",,,"paging",,"tcp sockets",,,,
"time","total usage:usr","total usage:sys","total usage:idl","total usage:wai","total usage:stl","used","free","buf","cach","net/total:recv","net/total:send","dsk/total:read","dsk/total:writ","read","writ","int","csw","1m","5m","15m","run","blk","new","in","out","lis","act","syn","tim","clo"
17-12 09:59:09,,1002380,471456,177376,6110124,,,,,,,0.990,0.850,0.550,2,0,,,,9,5,6,12,1
17-12 09:59:10,23.210,20.714,54.655,0.749,0,1014232,443108,177376,6126080,435679.660,17082.345,0,3242.371,0,115.799,3492,5086,1.150,0.880,0.560,3,0,372.354,0,0,9,4,6,12,2
17-12 09:59:11,28.735,24.237,45.227,0.500,0,1022880,411112,177920,6145932,9335.183,1759.092,0,3446.222,0,106.945,3186,5073,1.150,0.880,0.560,3,0,394.796,0,0,9,4,6,12,2
17-12 09:59:12,37.050,19.526,42.057,0.751,0,1042208,367440,178652,6166972,5429.313,1790.412,0,2475.334,0,82.111,3314,9715,1.150,0.880,0.560,5,0,239.322,0,0,9,4,6,12,2
17-12 09:59:13,29.921,13.215,54.357,1.496,0,1162048,213412,179996,6320920,8530.607,1615.759,0,3861.863,0,144.620,3024,5567,1.150,0.880,0.560,3,0,122.678,0,0,10,6,6,12,2
17-12 09:59:14,33.327,13.030,52.121,0.501,0,1077800,305320,180544,6311560,15770.667,4297.993,80.186,2946.851,1.002,184.429,2663,3491,1.150,0.880,0.560,2,0,194.452,0,0,10,4,6,14,0
17-12 09:59:15,40.602,6.725,51.562,0.249,0,1203236,178684,180556,6312596,11329.692,2861.567,0,932.600,0,29.891,1682,2078,1.220,0.900,0.570,3,0,21.920,0,0,10,5,6,14,0
17-12 09:59:16,43.202,9.293,44.207,4.521,0,1212580,156752,181408,6322988,9557.673,2478.585,0,31282.213,0,1620.575,9408,17716,1.220,0.900,0.570,5,1,65.305,0,0,10,6,6,14,0
17-12 09:59:17,30.225,10.991,44.713,12.739,0.250,1226792,135148,182576,6328268,17825.169,4465.285,0,181928.635,0,4557.208,19072,29992,1.220,0.900,0.570,5,0,45.962,0,0,10,7,6,14,0
17-12 09:59:18,40.583,11.453,44.815,1.494,0,1135704,222840,182988,6330368,9235.966,1786.643,11.951,9146.335,1.992,638.371,12015,21941,1.220,0.900,0.570,3,0,99.590,0,0,10,4,6,13,0
17-12 09:59:19,44.749,7.750,46.749,0.250,0,1206028,152088,183084,6330580,9583.866,1693.976,32.000,2303.968,8.000,29.000,10062,19117,1.220,0.900,0.570,3,0,20.000,0,0,10,4,6,13,0
17-12 09:59:20,42.204,8.793,48.234,0.754,0,1144600,227964,183160,6317860,10008.481,1627.885,0,8416.771,0,456.210,2453,2847,1.280,0.920,0.580,3,0,20.097,0,0,10,4,6,13,0
17-12 09:59:21,37.087,5.227,56.003,0.249,0,1083008,289516,183168,6317888,9709.241,1612.897,23.895,246.913,2.987,18.917,1414,1645,1.280,0.920,0.580,2,0,62.724,0,0,10,4,6,13,0
17-12 09:59:22,9.246,19.241,69.966,0,0,1084988,287584,183168,6317944,7017.632,1619.223,23.988,34543.419,1.999,131.937,2724,3488,1.280,0.920,0.580,2,0,263.873,0,0,10,4,6,13,0
17-12 09:59:23,10.511,19.271,69.324,0,0,1084992,287396,183168,6318116,5377.776,1459.568,0,28.030,0,7.008,2325,3192,1.280,0.920,0.580,2,0,243.261,0,0,10,4,6,13,0
17-12 09:59:24,10.718,20.438,66.549,0,0,1088012,284260,183168,6318492,10093.578,1615.132,115.651,19.940,3.988,4.985,3132,4849,1.280,0.920,0.580,2,0,236.288,0,0,10,4,6,13,0
17-12 09:59:25,32.267,14.758,51.027,0,0,1165092,206712,183168,6319004,8660.659,1620.872,264.142,0,6.003,0,3293,5779,1.420,0.950,0.590,3,0,166.089,0,0,10,5,6,13,0
17-12 09:59:26,46.586,4.007,49.341,0,0,1240580,130860,183168,6319480,6654.230,1622.983,0,1254.305,0,49.090,1379,1479,1.420,0.950,0.590,3,0,0,0,0,10,5,6,13,0
17-12 09:59:27,42.088,7.015,49.604,0.251,0,1246244,137308,182344,6308620,11236.563,1697.560,96.202,6537.710,3.006,326.685,2124,6741,1.420,0.950,0.590,3,0,56.118,0,0,10,4,6,14,0
17-12 09:59:28,3.493,4.741,91.323,0.250,0,1249280,134092,182368,6308876,7114.177,1690.715,143.721,491.046,14.971,37.926,1374,2095,1.420,0.950,0.590,1,0,63.876,0,0,10,4,6,14,0
17-12 09:59:29,1.999,2.249,94.719,0.250,0,1253028,130344,182380,6308864,9660.802,1531.493,263.913,0,8.997,0,1022,1289,1.420,0.950,0.590,2,0,21.993,0,0,10,4,6,14,0
17-12 09:59:30,22.355,4.521,72.338,0.502,0,1319240,129348,181080,6245168,10187.637,1627.611,20.094,4621.611,3.014,285.334,1569,1659,1.390,0.960,0.590,2,0,1.005,0,0,10,4,6,14,0
17-12 09:59:31,23.479,1.998,73.433,0,0,1340404,130888,180988,6222792,8674.089,1692.456,719.344,295.730,17.984,11.989,1091,1448,1.390,0.960,0.590,2,0,0.999,0,0,10,6,6,14,0
17-12 09:59:32,21.417,5.230,71.474,1.494,0,1288736,181972,181096,6223280,10993.565,1613.771,446.277,3291.296,7.969,304.823,3211,5104,1.390,0.960,0.590,2,0,43.831,0,0,10,4,6,16,0
17-12 09:59:33,22.839,2.510,74.038,0,0,1329640,140644,181228,6223572,7578.435,1626.317,220.858,56.218,11.043,3.012,941,1322,1.390,0.960,0.590,2,0,1.004,0,0,10,11,6,16,0
17-12 09:59:34,21.907,4.481,71.945,0.747,0,1298552,171436,181236,6223860,8596.499,1613.151,266.867,1672.897,64.725,16.928,1987,3096,1.390,0.960,0.590,2,0,44.810,0,0,10,28,6,17,0
17-12 09:59:35,22.802,3.508,73.667,0,0,1272548,197296,181236,6224004,7330.619,1697.849,0,0,0,0,1258,1916,1.350,0.960,0.600,3,0,17.039,0,0,10,28,6,17,0
17-12 09:59:36,35.927,11.726,51.644,0.499,0,1377664,123308,181212,6193248,5554.646,1528.875,23.951,2550.786,3.992,335.315,2320,2276,1.350,0.960,0.600,3,0,139.714,0,0,10,28,6,17,0
17-12 09:59:37,42.920,10.040,45.932,0,0,1303992,226256,181212,6164172,10582.823,1700.721,670.650,449.778,15.060,21.083,3942,8614,1.350,0.960,0.600,4,0,129.512,0,0,10,28,6,19,0
17-12 09:59:38,78.264,18.253,3.501,0.250,0.250,1525776,120208,181200,6050652,6561.168,1620.288,808.144,1640.292,32.006,215.038,2852,4389,1.350,0.960,0.600,7,0,404.072,0,0,10,28,6,19,0
17-12 09:59:39,82.637,12.483,4.744,0,0,1663944,133440,178308,5905432,5820.073,1691.696,1949.345,2460.649,59.918,435.407,6485,12548,1.350,0.960,0.600,7,0,44.939,0,0,10,29,6,19,0
17-12 09:59:40,51.796,11.206,35.361,0.498,0,1369524,427312,178336,5905960,9526.418,1613.634,350.617,553.815,18.925,41.835,3900,7707,1.410,0.970,0.600,2,0,249.018,0,0,10,28,6,19,0
17-12 09:59:41,18.988,6.746,73.203,0,0,1354928,441900,178340,5905964,7217.388,1618.965,0,143.908,0,8.994,1332,1835,1.410,0.970,0.600,3,0,59.962,0,0,10,28,6,19,0
17-12 09:59:42,20.052,7.269,72.187,0,0,1303020,493780,178352,5905980,8851.944,1515.929,0,240.624,0,20.052,1987,3638,1.410,0.970,0.600,2,0,68.177,0,0,10,28,6,20,0
17-12 09:59:43,23.447,2.744,73.334,0,0.249,1360964,435820,178360,5905988,11068.940,1710.128,0,738.328,0,48.889,1478,2116,1.410,0.970,0.600,2,0,0,0,0,10,28,6,20,0
17-12 09:59:44,15.579,13.066,69.853,0.251,0,1297016,499548,178360,5906208,11493.051,1628.224,196.995,152.772,6.030,22.112,2829,4303,1.410,0.970,0.600,2,0,222.122,0,0,10,28,6,19,0
17-12 09:59:45,19.286,26.048,52.598,0,0,1357096,439364,178360,5906312,8009.906,1623.020,80.149,308.574,1.002,25.047,3376,5432,1.450,0.990,0.610,5,0,701.305,0,0,10,28,6,19,0
17-12 09:59:46,85.871,12.731,1.997,0,0,1598364,198028,178364,5906344,7088.332,1617.566,0,187.717,0,7.988,2609,4231,1.450,0.990,0.610,7,0,117.823,0,0,10,29,6,19,0
17-12 09:59:47,74.989,11.498,10.998,0.250,0,1465784,329052,178368,5907896,4799.309,1619.767,1251.820,979.859,16.998,95.986,6952,17965,1.450,0.990,0.610,6,0,88.987,0,0,10,29,6,19,0
17-12 09:59:48,83.771,14.504,1.750,0,0,1550412,244152,178380,5908156,10642.714,1620.413,0,3336.851,0,193.049,3094,5186,1.450,0.990,0.610,7,0,142.036,0,0,10,29,6,19,0
17-12 09:59:49,81.048,13.508,4.753,0,0,1541304,252904,178380,5908512,7690.561,1512.897,0,348.206,0,14.008,5649,14939,1.450,0.990,0.610,6,0,104.062,0,0,10,29,6,19,0
17-12 09:59:50,50.457,13.239,34.471,0,0,1372804,421220,178384,5908692,11124.489,1618.616,0,587.498,0,42.963,4462,9960,1.580,1.030,0.630,3,0,242.792,0,0,10,28,6,21,0
17-12 09:59:51,43.573,7.968,48.553,0,0,1434040,359952,178392,5908716,8168.794,1559.660,3.984,585.619,0.996,19.919,1733,2170,1.580,1.030,0.630,3,0,29.879,0,0,10,28,6,21,0
17-12 09:59:52,46.950,17.324,33.895,0.251,0,1380796,413120,178404,5908780,9666.226,1701.256,0,401.713,0,34.146,4429,8966,1.580,1.030,0.630,5,0,379.619,0,0,10,28,6,22,0
17-12 09:59:53,64.001,8.250,28.250,0,0,1501340,292468,178412,5908880,8204.139,1694.029,4.000,284.005,1.000,14.000,3466,7661,1.580,1.030,0.630,3,0,0,0,0,10,31,6,24,0
17-12 09:59:54,71.002,16.500,11.500,0,0,1490272,303212,178412,5909204,5849.175,1662.050,0,512.015,0,54.002,3294,6340,1.580,1.030,0.630,5,0,258.008,0,0,10,28,6,25,0
17-12 09:59:55,70.668,7.242,19.977,0,0,1572060,221340,178412,5909288,8731.845,1618.118,0,347.596,0,25.970,6624,14054,1.690,1.060,0.640,5,0,0.999,0,0,10,29,6,27,0
17-12 09:59:56,60.315,18.770,21.023,0,0,1455000,338352,178432,5909316,8692.336,1513.626,4.004,1693.819,1.001,94.101,2958,4800,1.690,1.060,0.640,4,0,324.348,0,0,10,28,6,27,0
17-12 09:59:57,60.503,9.250,29.251,0.250,0,1368992,423964,178432,5909712,10244.461,1662.075,0,352.016,0,36.002,5470,11708,1.690,1.060,0.640,5,0,111.005,0,0,10,28,6,29,0
17-12 09:59:58,63.885,13.725,22.210,0,0,1500444,292488,178440,5909728,8498.668,1659.007,0,1018.163,0,58.894,2020,3347,1.690,1.060,0.640,4,0,187.661,0,0,10,29,6,29,0
17-12 09:59:59,56.099,15.277,28.050,0,0,1379672,413104,178440,5909884,8123.354,1642.903,0,120.212,0,16.028,4232,9625,1.690,1.060,0.640,4,0,287.508,0,0,10,28,6,31,0
17-12 10:00:00,63.998,7.500,28.499,0.250,0,1503164,289148,178440,5910348,11170.698,1619.956,0,159.996,0,8.000,3132,5556,1.800,1.090,0.650,5,0,0,0,0,10,31,6,32,0
17-12 10:00:01,60.248,12.750,26.999,0.500,0,1454556,337436,178448,5910660,8474.788,1693.958,0,371.991,0,36.999,3032,5487,1.800,1.090,0.650,4,0,111.997,0,0,10,28,6,29,0
17-12 10:00:02,63.243,11.999,23.497,0,0,1322368,469540,178452,5910740,12319.633,1619.820,0,511.943,0,43.995,4156,10502,1.800,1.090,0.650,8,0,250.972,0,0,10,28,6,31,0
17-12 10:00:03,81.762,16.002,2.000,0,0,1580936,210924,178460,5910780,22162.258,1512.222,0,300.044,0,25.004,2448,3523,1.800,1.090,0.650,8,0,234.034,0,0,10,29,6,31,0
17-12 10:00:04,82.746,15.749,1.500,0,0,1515528,275952,178472,5911148,13857.293,1619.917,0,587.970,0,49.997,4687,9440,1.800,1.090,0.650,9,0,250.987,0,0,10,28,6,31,0
17-12 10:00:05,84.260,13.252,1.750,0,0,1579792,210448,178476,5912384,10407.186,1620.185,1188.135,280.032,21.002,19.002,3332,6136,2.130,1.170,0.680,9,0,225.026,0,0,10,30,6,28,0
17-12 10:00:06,80.244,15.249,4.000,0,0,1570424,219584,178492,5912600,10944.146,1619.874,0,283.978,0,22.998,5457,11439,2.130,1.170,0.680,8,0,256.980,0,0,10,30,6,30,0
17-12 10:00:07,54.985,22.244,21.244,0,0,1387252,402524,178496,5912828,9863.307,1565.573,0,227.938,0,12.996,5424,12212,2.130,1.170,0.680,3,0,571.844,0,0,10,28,6,30,0
17-12 10:00:08,9.720,22.679,65.795,0,0,1321328,468416,178500,5912856,8887.351,1688.746,0,207.355,0,10.966,2708,3631,2.130,1.170,0.680,2,0,382.809,0,0,10,28,6,30,0
17-12 10:00:09,9.524,21.054,68.926,0,0,1320380,469368,178500,5912852,8560.873,1624.150,0,4.010,0,1.003,2334,2896,2.130,1.170,0.680,2,0,301.771,0,0,10,28,5,30,0
17-12 10:00:10,22.033,29.043,47.070,0,0,1363784,425912,178516,5912888,8100.029,1514.249,8.012,5516.192,2.003,181.269,3586,5639,1.960,1.150,0.680,5,0,700.040,0,0,10,28,5,30,0
17-12 10:00:11,77.201,19.238,3.248,0,0,1566076,223440,178520,5913064,9661.923,1618.982,3.997,171.892,0.999,15.990,2619,5863,1.960,1.150,0.680,7,0,427.731,0,0,10,28,5,31,0
17-12 10:00:12,79.495,18.749,1.250,0,0,1480504,308320,178540,5913736,7963.514,1713.895,571.965,1711.896,6.000,84.995,4246,10353,1.960,1.150,0.680,7,0,361.978,0,0,10,28,5,31,0
17-12 10:00:13,83.759,14.752,1.250,0.250,0,1543412,245188,178552,5913940,8066.831,1620.167,132.014,280.029,7.001,14.001,3725,7714,1.960,1.150,0.680,7,0,237.024,0,0,10,29,5,31,0
17-12 10:00:14,84.259,11.717,3.241,0,0,1664996,123224,178584,5914288,11243.854,1615.382,15.954,374.928,3.989,20.940,5351,14630,1.960,1.150,0.680,8,0,43.875,0,0,10,30,5,31,0
17-12 10:00:15,83.778,11.538,4.515,0,0,1567452,237652,178324,5897996,14589.466,4483.896,16.053,597.987,4.013,42.140,4620,15260,2.290,1.230,0.710,7,0,64.213,0,0,10,30,5,29,0
17-12 10:00:16,82.198,12.992,3.748,0,0,1593204,206044,178424,5905060,9159.257,1738.910,275.827,1271.203,3.997,52.967,3542,8005,2.290,1.230,0.710,11,0,143.910,0,0,10,29,5,29,0
17-12 10:00:17,84.507,14.251,1.250,0,0,1658824,139060,178428,5904152,9570.823,1586.136,0,448.039,0,16.001,4261,14970,2.290,1.230,0.710,11,0,25.002,0,0,10,30,5,29,0
17-12 10:00:18,82.006,15.251,3.000,0,0,1485648,331876,178124,5885280,6768.521,1694.130,0,696.054,0,14.001,13047,31846,2.290,1.230,0.710,7,0,119.009,0,0,10,30,5,29,0
17-12 10:00:19,82.499,13.250,4.250,0,0,1516268,300636,178144,5885816,260466.353,13818.807,0,2687.962,0,78.999,3625,10438,2.290,1.230,0.710,7,0,146.998,0,0,10,31,5,29,0
17-12 10:00:20,83.246,9.500,5.500,0.250,0,1667072,148852,178316,5886516,488409.045,23922.876,0,3135.853,0,124.994,4359,10144,2.580,1.310,0.730,6,0,31.998,0,0,10,33,5,31,0
17-12 10:00:21,82.497,12.000,5.000,0.250,0,1639424,209296,178356,5854364,60094.137,5347.834,4.000,879.973,1.000,47.999,6395,15420,2.580,1.310,0.730,8,0,67.998,0,0,10,33,5,31,0
17-12 10:00:22,85.720,12.246,1.499,0,0,1554184,287828,178808,5859812,10745.207,1793.367,0,915.677,0,18.993,3498,5806,2.580,1.310,0.730,8,0,98.965,0,0,10,32,5,31,0
17-12 10:00:23,83.741,12.999,4.000,0,0,1605472,234448,179016,5861452,25258.222,6503.285,0,1771.805,0,66.993,6491,13504,2.580,1.310,0.730,7,0,90.990,0,0,10,32,5,31,0
17-12 10:00:24,82.293,12.757,3.502,0,0,1515392,323316,179420,5861960,75354.109,20991.895,0,3401.766,0,166.086,4492,11185,2.580,1.310,0.730,7,0,115.060,0,0,10,31,5,31,0
17-12 10:00:25,84.231,12.997,2.749,0,0,1609752,227500,179448,5863372,14618.740,3772.159,0,427.905,0,28.994,3170,8347,2.780,1.370,0.760,7,0,130.971,0,0,10,31,5,31,0
17-12 10:00:26,85.218,12.495,1.499,0,0,1595240,235420,180116,5868320,5883.764,2019.233,131.950,1127.572,3.998,29.989,4640,8351,2.780,1.370,0.760,7,0,66.975,0,0,10,32,6,31,0
17-12 10:00:27,83.541,14.757,1.751,0,0,1599048,229572,180408,5869720,73294.548,10296.994,4.002,2481.203,1.000,97.047,4399,8239,2.780,1.370,0.760,8,0,132.064,0,0,10,32,6,30,0
17-12 10:00:28,85.505,11.251,2.500,0,0,1635872,210008,180164,5852852,12716.776,3893.237,8.000,600.037,2.000,42.003,3516,10178,2.780,1.370,0.760,8,0,9.001,0,0,10,32,6,30,0
17-12 10:00:29,77.738,17.497,3.999,0.500,0,1537068,300756,180704,5859432,10612.334,1867.707,371.942,1115.825,5.999,33.995,3922,11233,2.780,1.370,0.760,6,0,217.966,0,0,10,30,6,31,0
17-12 10:00:30,86.014,11.252,2.750,0,0,1556164,279952,180876,5860692,34340.666,3697.610,0,1308.216,0,44.007,3177,7447,3.120,1.470,0.790,6,0,60.010,0,0,10,31,6,31,0
17-12 10:00:31,81.482,11.248,6.749,0,0,1550104,284528,180896,5862084,13654.010,3544.224,0,5906.706,0,192.958,4247,8228,3.120,1.470,0.790,6,0,77.983,0,0,10,32,6,31,0
17-12 10:00:32,80.257,13.001,7.001,0,0,1484580,342676,181492,5867740,8578.746,1794.156,8.001,1412.123,2.000,32.003,4855,9571,3.120,1.470,0.790,6,0,166.014,0,0,10,31,6,31,0
17-12 10:00:33,84.874,12.482,2.247,0,0,1589984,236488,181720,5868136,166259.769,12738.135,0,2384.469,0,99.852,3830,6881,3.120,1.470,0.790,6,0,130.806,0,0,10,33,6,31,0
17-12 10:00:34,71.842,13.768,12.766,0.250,0,1527664,260036,181844,5906592,20365742.053,98653.981,0,19705.163,0,116.148,10045,14236,3.120,1.470,0.790,8,0,133.170,0,0,10,36,6,29,0
17-12 10:00:35,71.762,10.502,15.253,1.250,0,1546964,197588,182176,5948592,20951780.947,90273.076,16.003,25060.185,1.000,193.032,7214,4870,3.190,1.510,0.810,4,0,69.012,0,0,10,35,6,29,0
17-12 10:00:36,74.488,13.498,10.498,0.250,0,1494128,237200,182288,5961168,6483124.284,28635.275,0,7570.751,0,75.987,14963,28970,3.190,1.510,0.810,7,0,128.979,0,0,10,35,6,28,0
17-12 10:00:37,84.022,14.254,1.750,0,0,1554076,176908,182348,5961384,8998.313,1620.416,0,696.179,0,13.003,2532,5767,3.190,1.510,0.810,6,0,64.016,0,0,10,35,6,28,0
17-12 10:00:38,81.979,12.997,4.999,0,0,1462756,266820,182544,5962472,7299.088,1619.576,0,1027.731,0,41.989,4122,10748,3.190,1.510,0.810,5,0,88.977,0,0,10,34,6,26,0
17-12 10:00:39,79.645,14.481,4.244,0.499,0,1574068,131304,183692,5981840,10529.154,1456.085,15.979,22114.919,3.995,618.187,4950,6894,3.190,1.510,0.810,4,0,34.954,0,0,10,35,6,26,0
17-12 10:00:40,74.860,17.776,7.010,0,0,1465268,186940,186192,6026984,10926.050,1622.383,0,2411.543,0,77.113,4529,8949,3.330,1.570,0.830,5,0,269.396,0,0,10,34,6,26,0
17-12 10:00:41,85.254,12.251,1.500,0,0,1573492,129140,196268,5959152,7895.332,1694.071,0,7008.294,0,28.001,2192,2802,3.330,1.570,0.830,8,0,0,0,0,10,35,6,26,0
17-12 10:00:42,69.245,16.499,14.249,0.250,0,1416344,371088,196924,5877648,117062.103,2041.845,0,10271.219,0,88.993,5407,14540,3.330,1.570,0.830,5,0,248.981,0,0,10,32,6,31,0
17-12 10:00:43,86.756,12.501,0.250,0.250,0,1551168,230072,197068,5883752,53295.944,1620.120,2164.160,2752.204,85.006,131.010,3016,3951,3.330,1.570,0.830,10,0,71.005,0,0,10,33,6,31,0
17-12 10:00:44,75.054,18.263,5.254,0,0,1400144,372188,197080,5892656,9670.924,1621.161,168.120,2109.510,5.004,77.055,6414,17422,3.330,1.570,0.830,6,0,420.301,0,0,10,33,6,30,0
17-12 10:00:45,63.212,22.736,12.992,0.750,0,1456336,312188,197096,5896464,11334.256,1619.037,3689.805,54379.644,85.949,280.833,4286,9180,3.390,1.610,0.850,5,0,571.660,0,0,10,32,6,30,0
17-12 10:00:46,41.306,10.949,47.029,0,0,1362452,405656,197108,5896868,7798.425,1451.194,0,437.946,0,28.865,3020,7881,3.390,1.610,0.850,3,0,163.234,0,0,10,32,6,30,0
17-12 10:00:47,43.954,6.781,49.480,0,0,1456176,311912,197112,5896884,10980.941,1627.550,0,180.839,0,7.033,1761,3187,3.390,1.610,0.850,4,0,0,0,0,10,33,6,30,0
17-12 10:00:48,42.550,7.714,48.024,0,0,1399592,368320,197120,5897052,7483.811,1612.418,0,302.577,0,27.869,3274,6498,3.390,1.610,0.850,4,0,68.677,0,0,10,32,6,30,0
17-12 10:00:49,43.103,7.017,49.118,0.251,0,1382688,385184,197128,5897084,6678.000,1698.069,0,408.980,0,43.103,3187,6967,3.390,1.610,0.850,4,0,67.161,0,0,10,32,6,31,0
17-12 10:00:50,42.348,8.269,49.113,0.251,0,1441352,326432,197132,5897168,9604.118,1623.739,0,268.619,0,17.039,1544,1791,3.270,1.620,0.850,4,0,32.074,0,0,10,33,6,31,0
17-12 10:00:51,45.051,6.969,47.789,0,0,1371532,395944,197140,5897468,7261.873,1612.865,0,414.168,0,37.833,3235,7106,3.270,1.620,0.850,4,0,34.846,0,0,10,32,6,34,0
17-12 10:00:52,46.242,5.026,48.504,0,0,1445312,322108,197140,5897524,7356.474,1628.517,0,229.199,0,15.079,2594,5305,3.270,1.620,0.850,3,0,0,0,0,10,33,6,31,0
17-12 10:00:53,36.194,17.473,46.429,0.250,0,1400240,367168,197144,5897532,10161.382,1497.698,0,323.503,0,33.948,2894,4596,3.270,1.620,0.850,4,0,339.478,0,0,10,32,6,31,0
17-12 10:00:54,41.526,9.506,48.280,0,0,1392968,374188,197152,5897772,6340.963,1621.013,0,328.205,0,23.014,2683,4679,3.270,1.620,0.850,4,0,99.062,0,0,10,33,6,28,0
17-12 10:00:55,43.479,7.950,48.199,0,0,1420560,346184,197152,5898184,8787.133,1609.947,0,739.383,0,14.907,2108,3759,3.170,1.620,0.860,5,0,46.708,0,0,10,33,6,29,0
17-12 10:00:56,44.532,7.548,47.300,0.252,0,1425936,340632,197160,5898352,7132.218,1630.336,0,861.462,0,51.325,3967,6461,3.170,1.620,0.860,4,0,94.600,0,0,10,33,6,27,0
17-12 10:00:57,39.240,12.997,45.988,0.250,0,1384136,381180,197168,5899596,5580.516,1735.538,0,507.865,0,41.989,4416,9143,3.170,1.620,0.860,5,0,291.922,0,0,10,32,6,27,0
17-12 10:00:58,22.895,5.475,71.174,0,0,1384420,380896,197168,5899596,8691.238,1686.285,0,258.816,0,14.932,1392,1816,3.170,1.620,0.860,3,0,85.608,0,0,10,33,6,25,0
17-12 10:00:59,21.831,5.019,72.519,0,0,1328220,437060,197172,5899628,7499.870,1700.318,0,208.776,0,14.052,1926,3824,3.170,1.620,0.860,1,0,56.209,0,0,10,32,6,25,0
17-12 10:01:00,23.246,2.750,73.239,0,0.250,1384660,380108,197176,5900136,5183.202,1511.767,499.923,183.972,3.999,8.999,1147,1658,3,1.610,0.860,2,0,0,0,0,10,33,6,22,0
17-12 10:01:01,18.270,8.259,72.580,0.250,0,1359208,405556,197176,5900140,8355.216,1641.811,0,264.292,0,23.025,1852,2613,3,1.610,0.860,2,0,91.100,0,0,10,32,6,22,0
17-12 10:01:02,21.435,4.736,72.781,0,0,1317596,447156,197176,5900152,8534.269,1615.130,0,271.182,0,21.934,2019,3337,3,1.610,0.860,2,0,43.868,0,0,10,32,6,19,0
17-12 10:01:03,19.237,6.496,72.950,0.500,0,1372016,392724,197184,5900156,11663.046,1618.896,0,875.403,0,51.965,1461,2006,3,1.610,0.860,2,0,54.963,0,0,10,32,6,19,0
17-12 10:01:04,18.571,7.529,72.529,0,0,1326784,437800,197188,5900308,9858.898,1626.251,0,204.787,0,23.089,2378,3896,3,1.610,0.860,2,0,94.363,0,0,10,32,6,18,0
17-12 10:01:05,24.000,3.250,72.499,0,0,1381460,383116,197188,5900316,6100.908,1693.975,0,147.998,0,8.000,1537,2528,2.840,1.600,0.860,2,0,7.000,0,0,10,33,6,18,0
17-12 10:01:06,22.000,3.500,73.001,0.250,0,1355988,408564,197192,5900336,8989.063,1694.012,0,236.002,0,21.000,2104,3941,2.840,1.600,0.860,2,0,30.000,0,0,10,32,6,18,0
17-12 10:01:07,25.134,1.742,72.415,0,0,1383648,380872,197196,5900364,7341.004,1578.689,0,143.336,0,7.963,2288,4358,2.840,1.600,0.860,2,0,0,0,0,10,32,6,19,0
17-12 10:01:08,15.331,17.342,65.096,0,0,1324696,439488,197208,5900688,8577.538,1574.358,12.064,422.242,1.005,27.144,3196,4746,2.840,1.600,0.860,4,0,488.594,0,0,10,32,6,19,0
17-12 10:01:09,45.764,4.974,49.494,0,0,1470412,291964,197224,5902480,7360.988,1685.297,1197.814,226.829,19.897,9.949,1269,1535,2.840,1.600,0.860,6,0,0.995,0,0,10,34,6,19,0
17-12 10:01:10,36.153,8.285,44.438,11.549,0,1406496,349952,197468,5908156,8572.218,1626.874,325.375,111185.760,18.076,2324.822,12863,20138,2.930,1.640,0.880,2,0,107.454,0,0,10,36,6,19,0
17-12 10:01:11,38.253,6.751,42.254,11.751,0,1478032,275516,197696,5910828,6935.583,1620.136,0,49024.118,0,3889.327,18120,29716,2.930,1.640,0.880,6,0,62.005,0,0,10,36,6,19,0
17-12 10:01:12,43.752,6.750,47.252,2.000,0,1403344,350884,197840,5910004,5685.262,1714.079,0,15628.719,0,1143.053,5682,8958,2.930,1.640,0.880,2,0,9.000,0,0,10,32,6,18,0
17-12 10:01:13,42.671,6.987,46.664,4.991,0,1501696,252104,198056,5910216,5387.055,1764.742,0,5617.630,0,1038.084,8363,13894,2.930,1.640,0.880,4,0,2.994,0,0,10,34,6,18,0
17-12 10:01:14,36.567,10.519,45.834,6.512,0,1396792,356536,198280,5910520,8671.870,1556.849,0,14330.224,0,1878.438,12241,20466,2.930,1.640,0.880,2,0,99.182,0,0,10,32,6,18,0
17-12 10:01:15,22.767,5.754,70.302,1.001,0,1445976,307260,198284,5910540,6539.846,1567.161,0,58291.194,0,650.482,2576,2670,2.780,1.630,0.880,1,0,3.002,0,0,10,32,6,18,0
17-12 10:01:16,22.629,3.481,73.108,0,0,1407964,345420,198284,5910540,11528.140,1611.353,0,2769.141,0,45.754,1160,1423,2.780,1.630,0.880,2,0,0.995,0,0,10,32,6,18,0
17-12 10:01:17,27.151,5.782,67.123,0.251,0,1325396,427968,198296,5910548,7774.209,1629.054,0,6898.341,0,371.062,2264,5791,2.780,1.630,0.880,1,0,37.207,0,0,10,32,6,19,0
17-12 10:01:18,20.392,5.222,73.860,0.249,0,1405528,347832,198296,5910552,13259.987,1611.491,0,206.908,0,13.926,1125,1251,2.780,1.630,0.880,2,0,1.989,0,0,10,32,6,19,0
17-12 10:01:19,22.509,2.751,73.778,0,0,1341672,411620,198296,5910620,8966.452,1620.624,0,0,0,0,949,1109,2.780,1.630,0.880,4,0,1.000,0,0,10,32,6,18,0
17-12 10:01:20,22.750,2.750,73.748,0,0,1417776,335516,198296,5910620,7092.851,1619.966,0,0,0,0,842,1138,2.630,1.620,0.880,4,0,2.000,0,0,10,32,6,18,0
17-12 10:01:21,23.749,2.250,73.496,0,0,1371552,381632,198296,5910728,6480.663,1511.921,0,4.000,0,1.000,841,1102,2.630,1.620,0.880,4,0,1.000,0,0,10,32,6,16,0
17-12 10:01:22,23.497,2.500,73.240,0,0,1389856,363284,198296,5910772,8670.873,1693.780,0,0,0,0,948,1116,2.630,1.620,0.880,2,0,1.000,0,0,10,32,6,16,0
17-12 10:01:23,23.086,2.258,73.523,0,0,1343336,409764,198308,5910800,8433.330,1646.115,0,273.014,0,12.045,1169,1509,2.630,1.620,0.880,2,0,3.011,0,0,10,32,6,16,0
17-12 10:01:24,22.917,2.740,73.732,0,0,1329792,423272,198312,5910832,8368.539,1614.125,0,362.680,0,19.927,1033,1251,2.630,1.620,0.880,2,0,0.996,0,0,10,32,6,16,0
17-12 10:01:25,23.255,3.001,73.516,0,0,1405544,347516,198312,5910836,9719.138,1620.356,0,68.015,0,4.001,940,1183,2.500,1.610,0.880,2,0,3.001,0,0,10,32,6,16,0
17-12 10:01:26,17.258,8.004,73.536,0,0,1336276,416648,198312,5910972,8392.095,1620.791,0,0,0,0,1452,1931,2.500,1.610,0.880,2,0,105.051,0,0,10,32,6,16,0
17-12 10:01:27,10.764,20.026,68.838,0,0,1334464,418440,198312,5910992,6866.810,1622.081,0,568.730,0,8.010,2549,3500,2.500,1.610,0.880,2,0,311.400,0,0,10,32,6,16,0
17-12 10:01:28,10.228,19.209,69.849,0.249,0,1337744,414940,198312,5911212,6960.999,1508.749,39.914,447.037,1.996,6.985,2391,3285,2.500,1.610,0.880,2,0,266.426,0,0,10,32,6,16,0
17-12 10:01:29,9.530,20.565,69.468,0,0,1340312,412108,198312,5911476,9940.202,1625.101,68.214,268.844,4.013,4.013,2577,3465,2.500,1.610,0.880,2,0,301.948,0,0,10,32,6,16,0
17-12 10:01:30,7.731,21.448,69.829,0,0.249,1347688,404712,198312,5911496,10842.523,1636.005,0,0,0,0,2500,3281,2.380,1.600,0.880,2,0,274.330,0,0,10,32,6,16,0
17-12 10:01:31,19.560,5.768,73.474,0,0,1407264,345148,198312,5911484,5199.875,1699.188,0,128.392,0,2.006,1245,1586,2.380,1.600,0.880,2,0,58.178,0,0,10,32,6,15,0
17-12 10:01:32,22.673,2.990,73.500,0,0,1342620,409772,198312,5911504,8882.763,1614.504,0,15.946,0,0.997,916,1095,2.380,1.600,0.880,2,0,2.990,0,0,10,32,6,15,0
17-12 10:01:33,22.741,3.249,73.972,0,0,1421992,330420,198312,5911484,9885.204,1619.378,0,107.959,0,9.996,1226,1562,2.380,1.600,0.880,2,0,1.999,0,0,10,32,6,15,0
17-12 10:01:34,23.505,3.001,73.267,0,0,1374788,377616,198312,5911492,9540.213,1620.376,0,468.109,0,30.007,1098,1314,2.380,1.600,0.880,2,0,1.000,0,0,10,32,6,15,0
17-12 10:01:35,23.257,1.750,73.771,0,0,1434512,317892,198312,5911492,8239.340,1512.430,0,12.003,0,1.000,940,1193,2.270,1.590,0.890,2,0,3.001,0,0,10,32,6,15,0
17-12 10:01:36,23.244,2.999,73.981,0,0,1391932,360480,198312,5911484,5772.534,1661.578,0,0,0,0,948,1120,2.270,1.590,0.890,2,0,1.000,0,0,10,32,6,15,0
17-12 10:01:37,23.746,2.000,73.988,0,0,1338564,413828,198312,5911504,10062.310,1619.728,0,19.997,0,1.000,1001,1139,2.270,1.590,0.890,2,0,2.999,0,0,10,32,6,15,0
17-12 10:01:38,21.750,4.000,73.499,0,0,1415252,337152,198312,5911492,7718.938,1639.987,0,0,0,0,997,1184,2.270,1.590,0.890,2,0,2.000,0,0,10,32,6,15,0
17-12 10:01:39,22.328,3.011,74.009,0,0,1374872,377544,198312,5911480,5500.284,1625.700,0,16.056,0,2.007,934,1111,2.270,1.590,0.890,2,0,1.004,0,0,10,32,5,15,0
17-12 10:01:40,24.002,2.000,73.757,0.250,0,1441904,310512,198312,5911480,9628.915,1620.154,0,44.004,0,2.000,990,1099,2.170,1.580,0.890,2,0,2.000,0,0,10,32,5,15,0
17-12 10:01:41,23.303,3.007,73.166,0.251,0,1391692,360772,198320,5911424,7824.778,1515.443,0,2461.593,0,137.312,1174,1342,2.170,1.580,0.890,2,0,1.002,0,0,10,32,5,15,0
17-12 10:01:42,23.210,2.745,73.372,0.499,0,1436964,315412,198320,5911512,8933.429,1617.181,0,4827.586,0,243.575,1571,2015,2.170,1.580,0.890,1,0,1.997,0,0,10,32,5,15,0
17-12 10:01:43,22.161,3.486,73.455,0,0,1335708,416660,198320,5911520,7517.801,1655.350,0,147.408,0,17.928,1095,1466,2.170,1.580,0.890,2,0,1.992,0,0,10,32,5,10,0
17-12 10:01:44,22.260,3.252,73.534,0,0,1406188,346192,198324,5911504,5184.400,1620.750,0,284.132,0,19.009,928,1292,2.170,1.580,0.890,2,0,2.001,0,0,10,32,5,10,0
17-12 10:01:45,23.350,2.009,74.066,0,0,1365516,386864,198324,5911504,9002.404,1572.709,0,56.240,0,6.026,950,1114,2.080,1.570,0.890,2,0,2.009,0,0,10,32,5,10,0
17-12 10:01:46,23.146,2.738,73.669,0,0,1360504,391868,198324,5911512,6976.682,1612.760,0,2381.310,0,66.701,944,1074,2.080,1.570,0.890,2,0,0.996,0,0,10,32,5,10,0
17-12 10:01:47,22.001,3.000,73.754,0,0,1437112,315260,198324,5911512,5823.280,1694.081,0,0,0,0,820,1114,2.080,1.570,0.890,2,0,2.000,0,0,10,32,5,10,0
17-12 10:01:48,14.535,14.786,70.420,0,0,1346544,405780,198324,5911560,8807.314,1589.847,0,112.272,0,6.015,2027,2703,2.080,1.570,0.890,2,0,221.536,0,0,10,32,5,10,0
17-12 10:01:49,12.729,16.223,70.381,0,0,1356624,395688,198324,5911572,7116.017,1617.277,0,99.832,0,4.992,2186,2915,2.080,1.570,0.890,3,0,238.598,0,0,10,32,5,9,0
17-12 10:01:50,22.486,2.498,73.953,0,0,1422604,329864,198324,5911588,9753.767,1692.918,0,91.941,0,1.999,972,1117,1.990,1.560,0.890,2,0,0,0,0,10,32,5,9,0
17-12 10:01:51,22.997,2.250,73.742,0,0,1395488,356836,198324,5911820,9596.906,1619.815,0,167.981,0,4.000,954,1219,1.990,1.560,0.890,2,0,8.999,0,0,10,32,5,6,0
17-12 10:01:52,18.795,9.272,70.920,0,0,1344072,408176,198324,5911896,6014.411,1623.891,4.010,0,1.002,0,1614,2341,1.990,1.560,0.890,3,0,164.394,0,0,10,32,5,6,0
17-12 10:01:53,9.231,19.460,69.356,0.249,0,1347848,404368,198324,5911928,9716.847,1562.759,0,283.412,0,14.969,2675,3851,1.990,1.560,0.890,2,0,296.385,0,0,10,32,5,6,0
17-12 10:01:54,8.261,21.278,69.592,0,0,1345272,406928,198324,5911944,8666.431,1696.237,0,468.618,0,27.036,2562,3518,1.990,1.560,0.890,2,0,283.374,0,0,10,32,5,6,0
17-12 10:01:55,8.761,21.277,68.838,0,0,1340748,411432,198324,5911964,8286.599,1513.936,0,180.231,0,3.004,2591,3571,1.910,1.550,0.890,2,0,308.394,0,0,10,32,5,4,0
17-12 10:01:56,8.254,22.511,68.533,0,0,1345228,406928,198324,5911988,7362.593,1846.901,0,912.445,0,17.008,2881,4180,1.910,1.550,0.890,2,0,358.175,0,0,10,32,6,4,0
17-12 10:01:57,8.223,21.928,68.775,0,0,1342716,409424,198324,5912004,9250.732,1730.338,0,829.287,0,9.967,2554,3404,1.910,1.550,0.890,2,0,311.979,0,0,10,32,6,4,0
17-12 10:01:58,8.507,22.018,69.055,0,0,1339004,413116,198324,5912024,6979.577,1621.295,0,736.589,0,8.006,2564,3522,1.910,1.550,0.890,2,0,308.246,0,0,10,32,6,4,0
17-12 10:01:59,10.245,19.741,69.218,0,0,1340584,411520,198324,5912040,5045.654,1693.213,0,643.701,0,6.997,2410,3324,1.910,1.550,0.890,2,0,294.863,0,0,10,32,6,4,0
17-12 10:02:00,8.027,21.321,69.983,0,0,1345336,406752,198324,5912056,4690.606,1571.227,0,553.843,0,6.020,2420,3380,1.760,1.520,0.880,2,0,289.965,0,0,10,32,6,4,0
17-12 10:02:01,10.213,17.686,69.995,0,0,1346768,405296,198324,5912080,10176.956,1739.668,0,203.260,0,8.967,2557,3482,1.760,1.520,0.880,2,0,295.923,0,0,10,32,6,4,0
17-12 10:02:02,8.529,20.067,70.236,0,0,1347504,404536,198324,5912104,9202.950,1517.102,0,128.432,0,6.020,2487,3438,1.760,1.520,0.880,2,0,290.979,0,0,10,32,6,4,0
17-12 10:02:03,10.221,18.947,68.807,0.249,0,1343836,407996,198328,5912308,10604.213,1763.048,175.507,382.924,4.986,16.952,2708,3867,1.760,1.520,0.880,2,0,289.188,0,0,10,32,6,4,0
17-12 10:02:04,8.772,22.055,69.173,0,0,1342012,409804,198328,5912324,7549.905,1698.252,0,457.145,0,35.088,2627,3597,1.760,1.520,0.880,2,0,304.763,0,0,10,32,6,4,0
17-12 10:02:05,11.006,17.509,68.785,0.500,0,1339796,409956,198328,5914388,9629.921,1620.828,2069.057,140.072,28.014,9.005,2732,3801,1.620,1.500,0.880,2,1,318.163,0,0,10,32,6,4,0
17-12 10:02:06,25.530,24.278,48.056,0.501,0,1382024,366076,198332,5916084,8533.009,1621.902,1589.865,380.446,51.060,20.023,3501,5581,1.620,1.500,0.880,2,0,565.664,0,0,10,32,6,6,0
17-12 10:02:07,63.219,28.986,7.496,0.250,0,1549712,189924,199392,5920308,6141.960,1619.198,783.612,1419.297,26.987,61.969,9581,7351,1.620,1.500,0.880,5,0,735.636,0,0,10,32,6,10,0
17-12 10:02:08,75.993,14.499,7.749,2.500,0.250,1646156,135900,198896,5878828,4774.566,1499.864,411.963,17238.431,5.000,1291.882,7937,13011,1.620,1.500,0.880,8,0,88.992,0,0,10,38,6,10,0
17-12 10:02:09,55.201,14.487,21.731,9.242,0,1611472,166720,199668,5881924,8799.178,1618.561,0,64742.444,0,5429.173,22820,36906,1.620,1.500,0.880,4,1,185.835,0,0,10,36,6,10,0
17-12 10:02:10,57.297,16.263,18.265,8.257,0,1662784,138384,199616,5859876,9701.013,1621.339,68.056,91415.509,1.001,6237.152,24782,40717,2.130,1.610,0.920,9,0,71.059,0,0,10,37,6,8,0
17-12 10:02:11,48.731,11.995,25.490,11.995,0,1610584,183024,199872,5867148,9666.278,1693.348,0,73383.747,0,5306.957,21744,36911,2.130,1.610,0.920,7,0,148.943,0,0,10,36,6,8,0
17-12 10:02:12,36.527,14.261,35.777,12.259,0,1545140,240116,200316,5874980,10037.538,1789.344,0,59460.655,0,4391.298,18143,34714,2.130,1.610,0.920,6,0,224.168,0,0,10,35,6,10,0
17-12 10:02:13,36.010,8.252,41.762,12.003,0,1487952,294792,200600,5877204,10458.949,1620.457,0,55755.723,0,4592.295,19000,37184,2.130,1.610,0.920,4,0,81.023,0,0,10,34,6,12,0
17-12 10:02:14,35.997,10.749,40.997,12.499,0,1548032,232044,200956,5879500,10256.210,1619.875,0,52555.953,0,4578.647,18271,32104,2.130,1.610,0.920,2,1,47.996,0,0,10,35,6,12,0
17-12 10:02:15,38.754,6.251,44.505,9.751,0,1549776,229804,201064,5879880,4781.497,1620.168,0,42248.394,0,3852.401,20000,34585,2.360,1.660,0.940,4,0,19.002,0,0,10,35,6,12,0
17-12 10:02:16,33.605,8.961,41.820,12.944,0,1531768,246956,201136,5880656,9071.963,1451.753,0,47587.232,0,4301.491,19197,33274,2.360,1.660,0.940,3,1,112.516,0,0,10,34,6,13,0
17-12 10:02:17,41.134,8.778,37.873,9.782,0,1546108,230788,201252,5882360,10598.402,1625.276,0,44524.527,0,3836.453,17173,36483,2.360,1.660,0.940,3,0,67.218,0,0,10,35,6,14,0
17-12 10:02:18,40.266,5.502,41.766,10.254,0,1512928,261524,201396,5884660,6789.655,1620.634,0,37306.587,0,3766.473,17334,30982,2.360,1.660,0.940,5,0,81.032,0,0,10,36,6,13,0
17-12 10:02:19,35.493,6.999,42.492,12.498,0,1547492,223276,201676,5888020,10077.095,1693.680,0,55953.425,0,4720.108,19137,35086,2.360,1.660,0.940,2,1,56.989,0,0,10,37,6,13,0
17-12 10:02:20,32.305,9.266,46.830,11.269,0,1497984,270176,201780,5890520,7614.012,1622.773,0,51740.424,0,4258.277,20252,36483,2.410,1.690,0.950,2,0,103.176,0,0,10,36,6,13,0
17-12 10:02:21,37.696,7.240,41.690,12.981,0,1549828,215240,201880,5893508,9557.304,1617.682,0,51705.905,0,4255.901,17348,32680,2.410,1.690,0.950,7,0,95.863,0,0,10,37,6,13,0
17-12 10:02:22,37.215,8.492,41.711,11.239,0,1526864,234924,201924,5896712,7327.061,1618.467,0,38191.832,0,3534.653,14822,28922,2.410,1.690,0.950,4,0,69.934,0,0,10,36,6,13,0
17-12 10:02:23,35.275,8.256,41.779,12.759,0,1492004,275208,202004,5891204,5347.749,1621.136,0,45595.963,0,4263.989,16475,33494,2.410,1.690,0.950,5,0,72.051,0,0,10,36,6,14,0
17-12 10:02:24,42.033,6.005,44.285,7.506,0,1550464,216268,202044,5891644,9544.578,1459.159,0,28418.564,0,2279.810,10477,18378,2.410,1.690,0.950,2,1,33.026,0,0,10,35,6,15,0
17-12 10:02:25,29.605,13.185,55.726,0.746,0,1395452,371220,202044,5891704,10159.129,1612.086,0,6929.981,0,425.909,4045,7000,2.380,1.690,0.960,2,0,254.749,0,0,10,32,6,15,0
17-12 10:02:26,24.349,2.259,72.295,0.251,0,1431476,335184,202044,5891716,10508.876,1626.637,0,2972.126,0,246.004,2064,3681,2.380,1.690,0.960,2,0,0,0,0,10,33,6,15,0
17-12 10:02:27,12.987,15.984,69.682,0.250,0,1368672,397932,202044,5891768,6487.662,1692.347,0,1030.993,0,65.936,2690,4079,2.380,1.690,0.960,3,0,240.765,0,0,10,32,6,15,0
17-12 10:02:28,13.515,23.025,62.568,0,0,1389420,377044,202044,5891908,9105.925,1695.848,4.004,836.912,1.001,56.061,3844,5928,2.380,1.690,0.960,4,0,617.673,0,0,10,32,6,18,0
17-12 10:02:29,63.500,11.500,25.000,0.250,0,1594100,171624,202044,5892596,6763.953,1693.988,0,755.995,0,43.000,1773,2006,2.380,1.690,0.960,4,0,21.000,0,0,10,32,6,21,0
17-12 10:02:30,66.255,8.718,23.164,1.494,0,1756900,125668,201316,5779088,5958.940,1614.025,2427.015,5069.234,150.443,188.303,2396,2510,2.430,1.710,0.970,4,0,5.978,0,0,10,32,6,21,0
17-12 10:02:31,42.451,7.491,39.205,11.737,0,1775248,122168,200916,5765040,4952.315,1530.243,0,46482.638,0,3863.565,18954,30291,2.430,1.710,0.970,4,1,161.814,0,0,10,38,6,21,0
17-12 10:02:32,31.666,10.304,39.960,16.336,0,1775452,126200,201052,5760696,8384.067,1628.560,0,102305.719,0,8009.096,31911,59047,2.430,1.710,0.970,4,1,247.300,0,0,10,38,6,21,0
17-12 10:02:33,44.506,9.251,33.505,12.502,0,1774124,133556,201084,5754696,7608.111,1662.243,0,72762.623,0,6618.966,29599,57122,2.430,1.710,0.970,6,0,168.025,0,0,10,38,6,21,0
17-12 10:02:34,38.946,12.483,31.706,16.727,0,1697048,201036,201132,5764036,9955.242,1617.764,0,84619.056,0,6407.145,26327,43839,2.430,1.710,0.970,6,0,225.688,0,0,10,36,6,21,0
17-12 10:02:35,42.256,9.001,32.505,15.002,0,1769236,133324,201172,5759336,9549.413,1694.251,0,76991.395,0,5398.799,21753,36209,2.550,1.750,0.980,7,1,21.003,0,0,10,36,6,21,0
17-12 10:02:36,34.549,10.265,37.052,17.525,0,1662316,240928,201236,5758652,10521.867,1738.456,0,87215.235,0,6438.097,26309,43400,2.550,1.750,0.980,1,1,138.195,0,0,10,36,6,21,0
17-12 10:02:37,35.461,4.245,49.695,10.988,0,1661272,238940,201244,5761636,9202.877,1692.139,0,32759.964,0,3031.665,14908,25331,2.550,1.750,0.980,3,0,68.924,0,0,10,36,6,21,0
17-12 10:02:38,20.667,16.434,58.017,3.237,0,1397160,503028,201244,5761660,7293.665,1452.159,0,19664.908,0,1209.137,5968,8544,2.550,1.750,0.980,2,0,248.003,0,0,10,32,6,21,0
17-12 10:02:39,22.501,3.000,73.254,0,0,1472760,427428,201244,5761660,4858.277,1694.097,0,1016.058,0,60.003,1115,1609,2.550,1.750,0.980,2,0,1.000,0,0,10,32,6,21,0
17-12 10:02:40,23.833,2.258,71.999,1.254,0,1525644,374536,201244,5761668,8679.056,1625.630,0,4567.818,0,282.980,2079,2970,2.430,1.740,0.990,3,0,2.007,0,0,10,38,6,21,0
17-12 10:02:41,21.013,5.003,73.794,0,0,1433228,466952,201244,5761668,9162.461,1620.966,0,1256.749,0,144.086,1428,1461,2.430,1.740,0.990,2,0,27.016,0,0,10,32,6,21,0
17-12 10:02:42,22.501,2.750,73.503,0,0,1502780,397400,201244,5761668,10193.387,1620.062,0,80.003,0,5.000,980,1133,2.430,1.740,0.990,2,0,1.000,0,0,10,32,6,21,0
17-12 10:02:43,20.418,6.474,72.459,0,0,1405268,494856,201244,5761724,9172.128,1613.514,47.808,107.568,2.988,16.932,1604,2142,2.430,1.740,0.990,2,0,70.716,0,0,10,32,6,21,0
17-12 10:02:44,14.814,37.914,46.451,0.251,0,1418460,481548,201248,5761820,8560.082,1612.987,40.174,719.115,3.013,54.235,5227,8865,2.430,1.740,0.990,3,0,1119.851,0,0,10,32,6,21,0
17-12 10:02:45,12.212,34.143,53.333,0,0,1414792,485096,201248,5761904,7925.163,1614.939,0,454.575,0,36.884,4471,7404,2.230,1.710,0.980,2,0,901.176,0,0,10,32,6,21,0
17-12 10:02:46,8.756,14.760,74.302,1.001,0,1411636,487448,201256,5762696,7367.128,1621.128,684.476,6880.789,17.012,347.242,3367,4612,2.230,1.710,0.980,2,0,212.148,0,0,11,12,6,21,20
17-12 10:02:47,9.009,20.271,69.072,0.501,0,1409088,489964,201256,5762720,12262.729,1621.683,0,3439.570,0,177.184,2939,4038,2.230,1.710,0.980,2,0,266.276,0,0,11,12,6,21,20
17-12 10:02:48,14.267,19.523,64.076,0,0,1413100,485304,201300,5763600,8257.761,1621.917,536.634,12.014,51.060,3.004,3516,6408,2.230,1.710,0.980,2,0,194.230,0,0,11,12,6,21,20
17-12 10:02:49,22.161,21.165,56.523,0,0,1451636,446032,201300,5763896,5835.611,1613.533,43.824,11.952,1.992,2.988,3361,5678,2.230,1.710,0.980,2,0,419.319,0,0,13,12,6,21,20
17-12 10:02:50,14.553,17.062,66.490,0,0,1460896,436532,201300,5764388,9719.086,1463.282,0,20.072,0,5.018,4086,6706,2.210,1.710,0.990,1,0,214.775,0,0,13,12,6,21,20
17-12 10:02:51,21.418,20.422,57.280,0,0,1491980,405124,201300,5764312,8089.967,1613.809,3.985,7.969,0.996,0.996,3674,7490,2.210,1.710,0.990,2,0,274.945,0,0,15,12,6,21,20
17-12 10:02:52,9.275,21.058,68.688,0.251,0,1499384,397740,201300,5764340,11896.621,1698.658,0,2282.258,0,260.715,3222,4098,2.210,1.710,0.990,2,0,301.828,0,0,15,12,6,21,20
17-12 10:02:53,22.693,16.708,59.101,0.249,0,1521508,375644,201304,5764372,10635.125,1689.730,0,107.728,0,8.977,5896,9440,2.210,1.710,0.990,3,0,190.519,0,0,15,12,6,21,20
17-12 10:02:54,74.298,14.009,11.507,0.250,0,1802964,132840,200920,5726576,4957.173,1621.037,0,1212.776,0,34.022,1970,2430,2.210,1.710,0.990,14,0,25.016,0,0,17,12,6,21,20
17-12 10:02:55,64.633,14.029,20.292,0,0,1932292,178712,200924,5555036,8252.976,1623.339,0,108.223,0,5.010,2458,4082,2.200,1.720,0.990,2,0,123.254,0,0,17,12,6,21,20
17-12 10:02:56,10.024,19.297,69.670,0,0,1936596,174372,200924,5555068,7336.909,1623.964,0,248.607,0,6.015,2672,3895,2.200,1.720,0.990,2,0,256.626,0,0,17,12,6,21,20
17-12 10:02:57,9.721,19.692,68.798,0,0,1938992,171960,200924,5555428,7531.879,1495.607,0,23.930,0,5.982,2740,4205,2.200,1.720,0.990,4,0,230.324,0,0,17,12,6,21,20
17-12 10:02:58,24.447,16.215,57.625,0,0,1967656,142204,200924,5556088,9271.889,1658.403,981.870,43.905,14.968,1.996,4975,7794,2.200,1.720,0.990,2,0,204.556,0,0,17,12,6,21,20
17-12 10:02:59,12.506,4.252,82.789,0,0,1990644,118800,200924,5556504,6866.213,1620.759,0,260.122,0,2.001,1390,2221,2.200,1.720,0.990,3,0,31.015,0,0,18,12,6,22,20
17-12 10:03:00,18.042,8.770,71.164,0,0,2033560,130784,200668,5502944,8479.545,1740.011,0,0,0,0,1697,2403,2.100,1.710,0.990,1,0,61.141,0,0,18,12,6,22,20
17-12 10:03:01,23.176,4.486,70.526,0.498,0,2054796,123872,200672,5488960,6840.282,1688.639,342.911,2348.543,8.972,49.842,2988,5443,2.100,1.710,0.990,3,0,0,0,0,18,18,6,28,0
17-12 10:03:02,12.043,19.319,67.743,0,0,2006720,171896,200672,5489012,5112.353,1463.253,0,256.922,0,18.065,2780,4026,2.100,1.710,0.990,1,0,297.066,0,0,18,18,6,28,0
17-12 10:03:03,8.249,19.498,69.744,0,0,2017600,160984,200672,5489044,9490.250,1619.872,0,147.988,0,8.999,3046,4451,2.100,1.710,0.990,1,0,262.979,0,0,18,18,6,28,0
17-12 10:03:04,10.509,20.267,68.308,0.250,0,2015852,162588,200672,5489156,10352.800,1621.378,0,800.681,0,40.034,3129,4841,2.100,1.710,0.990,3,0,322.274,0,0,18,18,6,28,0
17-12 10:03:05,17.253,16.252,64.760,0,0,2021936,156444,200672,5489192,7433.122,1620.245,0,20.003,0,5.001,5062,9849,2.010,1.700,0.990,3,0,264.040,0,0,18,18,6,28,0
17-12 10:03:06,46.694,8.739,43.697,0.250,0,2095356,128828,200288,5445188,8677.518,1618.045,327.604,3.995,2.996,0.999,2269,3305,2.010,1.700,0.990,3,0,129.843,0,0,18,19,6,28,0
17-12 10:03:07,46.498,5.500,46.998,0.250,0.250,2194424,132504,200288,5344484,7859.701,1619.938,0,5255.800,0,371.986,2414,2201,2.010,1.700,0.990,3,0,2.000,0,0,18,23,6,22,0
17-12 10:03:08,44.996,5.999,46.995,0,0,2267908,120676,200288,5283900,9620.048,1585.843,87.991,1207.880,1.000,147.985,2570,3781,2.010,1.700,0.990,4,0,18.998,0,0,18,35,6,22,0
17-12 10:03:09,18.478,18.478,61.426,0.250,0,2275240,138364,200292,5259440,8782.444,1564.120,0,874.948,0,32.960,5800,12620,2.010,1.700,0.990,2,0,245.705,0,0,18,34,5,21,0
17-12 10:03:10,16.694,16.196,65.283,0,0,2285016,128340,200292,5259676,5604.360,1614.630,215.284,171.430,9.967,10.964,4928,7948,1.930,1.680,0.990,1,0,191.364,0,0,18,34,5,21,0
17-12 10:03:11,2.252,0.751,96.078,0,0,2284980,128340,200292,5259712,9294.556,1621.318,32.026,84.068,1.001,9.007,1108,1801,1.930,1.680,0.990,1,0,3.002,0,0,18,34,5,21,0
17-12 10:03:12,1.750,0.500,96.257,0,0,2284980,128340,200292,5259712,7146.515,1714.123,0,0,0,0,1016,1729,1.930,1.680,0.990,1,0,1.000,0,0,18,34,5,21,0
17-12 10:03:13,1.750,2.000,94.260,0.250,0,2311208,130392,200052,5232312,8986.908,1620.164,0,120.012,0,14.001,1413,2302,1.930,1.680,0.990,1,0,3.000,0,0,18,34,5,17,0
17-12 10:03:14,1.254,0.752,96.275,0.251,0,2311456,130140,200052,5232316,5038.395,1624.642,0,280.802,0,19.054,1106,1873,1.930,1.680,0.990,2,0,1.003,0,0,18,34,5,17,0
17-12 10:03:15,16.414,16.414,65.407,0,0,2307820,136884,200056,5229636,10111.943,1504.108,63.666,67.645,6.963,3.979,4765,10422,1.860,1.670,0.990,3,0,249.690,0,0,18,34,5,17,0
17-12 10:03:16,3.762,2.759,92.294,0,0,2308020,136396,200056,5229484,9162.191,1571.005,188.601,0,9.029,0,1702,2550,1.860,1.670,0.990,1,0,26.083,0,0,18,34,5,17,0
17-12 10:03:17,5.736,3.492,88.540,0.748,0,2312016,147248,200044,5214964,7161.043,1689.998,7.981,6967.501,0.998,452.927,2717,4470,1.860,1.670,0.990,2,0,37.910,0,0,18,36,5,16,0
17-12 10:03:18,3.505,1.252,93.893,0.250,0,2312708,146548,200044,5214972,10339.706,1696.577,4.006,340.517,1.002,27.041,1612,2689,1.860,1.670,0.990,1,0,10.015,0,0,18,50,5,16,0
17-12 10:03:19,1.004,0.251,96.907,0,0,2312708,146548,200044,5214972,34551.011,1626.828,0,0,0,0,1331,1776,1.860,1.670,0.990,3,0,1.004,0,0,18,50,5,16,0
17-12 10:03:20,7.003,12.256,79.037,0,0,2326736,132216,200044,5215272,8611.013,1694.790,164.076,0,16.007,0,2705,4486,1.790,1.660,0.990,2,0,235.110,0,0,19,50,5,16,0
17-12 10:03:21,16.501,17.501,64.505,0,0,2329360,130272,200040,5214816,9593.815,1750.149,132.011,1768.150,20.002,296.025,6190,10475,1.790,1.660,0.990,3,0,257.022,0,0,19,50,5,16,0
17-12 10:03:22,7.734,7.983,83.326,0.249,0,2330192,129324,200040,5214640,7245.871,1658.537,0,267.442,0,10.977,2749,5780,1.790,1.660,0.990,1,0,151.683,0,0,19,50,5,16,0
17-12 10:03:23,13.780,12.527,70.903,0,0,2327068,133244,200044,5214140,9156.815,1569.396,4.009,621.345,1.002,102.221,4553,9661,1.790,1.660,0.990,3,0,215.466,0,0,21,50,5,16,0
17-12 10:03:24,11.213,16.196,71.264,0.249,0,2338432,121892,200044,5213768,7492.193,1614.654,11.960,1331.591,2.990,193.360,3835,5872,1.790,1.660,0.990,2,0,330.904,0,0,21,52,5,15,0
17-12 10:03:25,16.547,20.308,61.926,0.251,0,2342244,162196,200044,5171048,5494.621,1698.830,4.011,1243.535,1.003,229.653,4372,6627,1.640,1.630,0.990,2,0,377.072,0,0,21,52,5,16,0
17-12 10:03:26,27.769,20.514,51.785,0,0,2387144,123584,200052,5164544,9280.329,1931.317,0,576.393,0,16.011,5785,8902,1.640,1.630,0.990,5,0,493.336,0,0,21,52,6,15,0
17-12 10:03:27,30.931,21.701,46.146,0,0,2431116,137688,200092,5107696,7622.887,1690.205,11.973,183.588,2.993,1.996,3507,5657,1.640,1.630,0.990,5,0,478.925,0,0,21,52,6,15,0
17-12 10:03:28,32.997,23.998,42.746,0.250,0,2508816,139768,200092,5029008,5238.544,1511.868,35.997,43.996,3.000,10.999,4466,9846,1.640,1.630,0.990,3,0,421.963,0,0,21,56,6,17,0
17-12 10:03:29,47.852,19.291,31.317,0,0,2567340,128548,200096,4982180,9112.473,1697.628,0,4.009,0,1.002,4460,9771,1.640,1.630,0.990,5,0,271.580,0,0,21,56,6,17,0
17-12 10:03:30,53.962,26.481,18.987,0,0,2705040,132996,200100,4840456,7615.601,1618.852,3.997,5144.353,0.999,312.778,4533,7361,1.750,1.660,1,4,0,630.553,0,0,21,56,6,11,0
17-12 10:03:31,67.295,21.515,10.007,0,0,2820376,120800,200128,4737908,10513.096,1657.119,16.011,764.516,2.001,6.004,3404,7905,1.750,1.660,1,5,0,401.271,0,0,21,56,6,11,0
17-12 10:03:32,70.578,24.027,4.755,0.501,0,3005160,125268,200344,4551632,8034.887,1621.794,172.190,8333.217,43.048,540.598,5039,12987,1.750,1.660,1,7,1,296.328,0,0,21,60,6,11,0
17-12 10:03:33,66.249,23.749,6.750,2.000,0,3068724,121252,200348,4492216,6705.852,1767.961,0,30031.339,0,2472.946,13856,31427,1.750,1.660,1,9,1,440.990,0,0,21,62,6,11,0
17-12 10:03:34,72.791,22.436,3.490,0.748,0,3174868,130636,200408,4378896,8818.673,1689.149,27.920,8970.237,2.991,879.474,10030,25234,1.750,1.660,1,10,0,230.338,0,0,21,62,6,14,0
17-12 10:03:35,70.626,22.791,6.261,0,0,3282812,124336,200408,4279088,8651.451,1556.780,44.079,10049.949,4.007,718.283,5806,16851,1.930,1.690,1.020,4,0,528.945,0,0,21,79,6,20,0
17-12 10:03:36,54.746,26.498,18.249,0,0,3400228,120376,200408,4168716,6088.537,1661.874,0,791.940,0,43.997,5915,19352,1.930,1.690,1.020,3,0,474.964,0,0,21,79,6,20,0
17-12 10:03:37,52.040,16.513,30.274,0.751,0,3518184,131876,200412,4040600,8623.709,1621.261,732.570,9755.590,26.020,600.467,4190,7030,1.930,1.690,1.020,5,0,163.127,0,0,21,82,6,20,0
17-12 10:03:38,49.249,13.250,35.249,1.500,0,3631100,126784,200428,3933876,7355.875,1619.972,767.987,12111.794,59.999,800.986,8032,12812,1.930,1.690,1.020,1,0,63.999,0,0,21,87,6,23,0
17-12 10:03:39,9.442,17.891,70.071,0,0,3639416,123300,200428,3929064,8888.628,1556.479,0,290.225,0,12.921,2792,4113,1.930,1.690,1.020,2,0,245.498,0,0,21,87,6,23,0
17-12 10:03:40,12.036,18.304,69.204,0.251,0,3645848,125960,200428,3920008,8386.775,1624.800,4.012,377.114,1.003,25.074,2906,4237,1.860,1.680,1.020,3,0,241.714,0,0,21,87,6,23,0
17-12 10:03:41,10.219,17.945,70.285,0,0,3647684,128324,200428,3915816,5910.901,1778.554,0,438.657,0,30.905,2724,4002,1.860,1.680,1.020,3,0,229.298,0,0,21,87,6,23,0
17-12 10:03:42,10.527,19.299,69.926,0,0,3644636,135580,200428,3911616,9900.950,1590.007,0,0,0,0,2745,3982,1.860,1.680,1.020,2,0,247.624,0,0,21,87,6,23,0
17-12 10:03:43,9.756,20.012,69.292,0,0,3649884,130300,200428,3911648,9339.594,1620.971,4.002,8.005,1.001,2.001,2806,4065,1.860,1.680,1.020,2,0,248.149,0,0,21,87,6,23,0
17-12 10:03:44,11.767,19.779,66.847,0,0,3652280,127744,200428,3912152,8801.798,1622.359,0,100.146,0,10.015,2947,4431,1.860,1.680,1.020,4,0,248.361,0,0,21,89,6,23,0
17-12 10:03:45,25.289,17.026,55.586,0.250,0,3665396,132696,200428,3893776,7240.244,1622.520,721.120,144.224,9.014,9.014,4349,10458,1.870,1.690,1.020,3,0,215.334,0,0,21,91,6,23,0
17-12 10:03:46,30.002,24.752,44.253,0.250,0,3722480,118716,200428,3850832,14625.024,1620.113,124.009,92.006,14.001,9.001,3422,5477,1.870,1.690,1.020,3,0,387.027,0,0,21,93,6,23,0
17-12 10:03:47,29.702,18.969,49.420,0,0,3755128,126336,200436,3810892,6579.381,1563.477,83.865,467.246,5.990,32.947,5109,10508,1.870,1.690,1.020,5,0,259.581,0,0,21,105,6,23,0
17-12 10:03:48,48.078,24.790,26.543,0.501,0.250,3891156,126296,200404,3676840,9846.039,1622.643,701.142,11951.469,43.070,1038.692,7401,23096,1.870,1.690,1.020,6,0,383.625,0,0,23,116,6,23,0
17-12 10:03:49,55.235,22.744,21.494,0,0,4022032,128784,200328,3546408,7721.900,1585.569,11.997,791.785,2.999,106.971,4601,9953,1.870,1.690,1.020,4,0,516.859,0,0,23,117,6,23,0
17-12 10:03:50,52.912,24.459,21.464,0.499,0,4094200,130076,200288,3473192,8826.313,1617.309,91.847,7192.032,0.998,567.056,8770,19964,1.880,1.690,1.030,6,0,383.362,0,0,23,133,6,23,0
17-12 10:03:51,31.873,21.913,45.568,0.249,0,4146188,127468,200268,3424168,7403.445,1613.559,0,326.696,0,14.940,3355,5587,1.880,1.690,1.030,5,0,418.330,0,0,24,133,6,23,0
17-12 10:03:52,11.514,18.022,68.583,0,0,4157080,120160,200268,3420720,10183.363,1712.078,0,272.331,0,17.021,2914,4667,1.880,1.690,1.030,2,0,263.320,0,0,24,133,6,23,0
17-12 10:03:53,20.523,17.019,61.820,0,0,4163980,124592,200264,3409468,8018.101,1621.841,0,528.600,0,34.039,4657,9742,1.880,1.690,1.030,5,0,168.191,0,0,24,133,6,23,0
17-12 10:03:54,31.071,22.802,44.351,0.501,0,4231040,119836,200236,3347952,8580.598,1665.805,8.018,2104.807,2.005,321.735,4011,6197,1.880,1.690,1.030,4,0,409.936,0,0,24,133,6,23,0
17-12 10:03:55,40.072,22.151,37.334,0,0,4327856,126408,200188,3247496,8319.005,1682.518,71.681,1214.599,15.929,172.234,6269,17862,2.130,1.750,1.050,4,0,263.827,0,0,24,145,6,25,0
17-12 10:03:56,28.224,23.978,45.708,0.500,0,4371576,120208,200172,3210312,5022.359,1456.654,3.996,5586.838,0.999,467.568,4699,7960,2.130,1.750,1.050,5,0,448.586,0,0,24,145,6,25,0
17-12 10:03:57,32.681,27.653,40.475,0.251,0,4450980,119592,200116,3133536,5229.021,1703.454,136.759,559.103,18.100,39.218,5416,13566,2.130,1.750,1.050,5,0,559.103,0,0,24,157,6,25,0
17-12 10:03:58,15.250,21.750,59.749,0.750,0,4472016,126288,200096,3106764,9048.873,1735.976,207.997,5171.928,12.000,412.994,7381,14304,2.130,1.750,1.050,2,0,489.993,0,0,24,165,6,26,0
17-12 10:03:59,21.715,16.723,59.654,0,0,4484308,127620,200088,3093264,8365.531,1733.210,27.955,227.634,6.989,11.981,6006,10223,2.130,1.750,1.050,3,0,265.572,0,0,24,165,6,26,0
17-12 10:04:00,46.576,8.514,43.821,0.250,0,4625884,129624,199924,2954820,9576.591,1622.642,216.352,2908.735,6.010,432.704,3048,3671,2.120,1.750,1.050,6,0,8.013,0,0,24,181,6,25,0
17-12 10:04:01,44.482,8.201,45.476,0.497,0.994,4716500,124660,199864,2872304,6547.538,1683.851,632.190,516.885,51.688,67.593,2181,3170,2.120,1.750,1.050,4,0,5.964,0,0,24,185,6,25,0
17-12 10:04:02,31.943,19.619,46.531,0,0,4662508,178244,199868,2872852,8270.000,1629.854,325.971,342.068,5.030,19.116,3743,6488,2.120,1.750,1.050,3,0,381.305,0,0,24,185,6,19,0
17-12 10:04:03,36.944,23.464,39.191,0,0,4697016,140688,199872,2875884,5338.917,1455.796,43.933,175.734,8.986,20.968,5983,14768,2.120,1.750,1.050,5,0,426.354,0,0,24,189,6,19,0
17-12 10:04:04,46.606,24.055,25.308,4.510,0,4727968,152360,199884,2834672,7056.109,1623.707,51653.926,773.767,593.355,50.114,7066,12510,2.120,1.750,1.050,6,0,215.492,0,0,24,193,6,19,0
17-12 10:04:05,72.737,19.497,3.999,2.250,0,4835056,159520,199864,2725140,8815.431,1619.712,35181.738,10662.102,444.921,670.881,5487,9303,2.510,1.840,1.090,5,0,146.974,0,0,24,202,6,19,0
17-12 10:04:06,70.504,18.501,3.000,8.750,0,4904100,125500,199664,2692012,8264.471,1694.097,51710.948,6396.365,923.053,337.019,5602,8764,2.510,1.840,1.090,6,0,45.003,0,0,24,206,6,19,0
17-12 10:04:07,55.695,20.979,17.982,3.247,0.250,4917336,151472,199484,2654764,5329.729,1692.326,43269.207,1454.561,468.537,53.947,6843,14016,2.510,1.840,1.090,7,0,282.720,0,0,24,207,6,23,0
17-12 10:04:08,41.314,29.368,25.137,3.235,0,4910580,142720,199404,2670916,9501.292,1686.420,44934.022,12169.299,444.004,596.320,6587,11109,2.510,1.840,1.090,3,0,411.152,0,0,24,209,6,23,0
17-12 10:04:09,53.023,24.627,18.847,3.267,0,4914552,160768,199000,2650132,6527.571,1628.375,42679.501,3349.225,426.192,262.349,5970,14112,2.510,1.840,1.090,5,0,298.535,0,0,24,209,6,26,0
17-12 10:04:10,59.960,30.729,6.246,1.999,0.250,5000860,133944,197292,2596700,9564.582,1530.973,30047.838,10836.729,314.789,588.605,10936,21357,2.870,1.930,1.120,5,0,424.715,0,0,24,214,6,26,0
17-12 10:04:11,58.025,23.760,16.507,0.750,0,5021688,131884,196952,2578136,8878.836,1620.700,1344.581,868.375,86.037,64.028,7489,21694,2.870,1.930,1.120,4,0,272.118,0,0,24,217,6,30,0
17-12 10:04:12,52.519,25.139,20.659,0.249,0,5119448,128152,195200,2487672,5977.716,1706.497,143.370,8367.209,3.982,649.146,6014,10052,2.870,1.930,1.120,11,0,451.017,0,0,24,219,6,30,0
17-12 10:04:13,58.686,20.228,19.479,0.250,0,5144972,123924,194744,2466968,9651.509,1618.241,299.674,5977.502,25.972,668.274,9642,16285,2.870,1.930,1.120,6,0,220.760,0,0,24,223,6,33,0
17-12 10:04:14,66.622,11.565,21.369,0.251,0,5278168,126212,192404,2336988,8945.972,1777.932,394.202,3306.470,21.118,480.685,5378,9087,2.870,1.930,1.120,6,0,2.011,0,0,24,224,6,34,0
17-12 10:04:15,64.196,9.992,23.980,0.500,0,5332764,126452,191460,2283720,35416.357,13076.055,875.267,791.338,74.937,58.951,5406,9865,3.040,1.980,1.140,10,0,8.992,0,0,24,237,6,38,0
17-12 10:04:16,45.991,16.997,35.743,0.500,0,5256452,219140,191180,2268072,27906.419,7084.583,15.997,847.830,1.000,80.984,5249,11562,3.040,1.980,1.140,5,0,337.932,0,0,24,242,6,39,0
17-12 10:04:17,42.851,23.917,32.138,0.249,0,5321548,153132,191184,2268896,8411.777,1614.392,542.117,1363.264,44.844,152.470,5826,13557,3.040,1.980,1.140,5,0,437.480,0,0,24,243,6,40,0
17-12 10:04:18,46.906,18.812,31.856,0,0,5330368,144228,191192,2269492,9034.987,1462.855,20.067,666.211,4.013,47.157,6279,14405,3.040,1.980,1.140,9,0,222.739,0,0,25,243,6,40,0
17-12 10:04:19,62.782,12.706,21.924,1.246,0,5445920,125416,190728,2175500,12532.550,1656.258,1646.292,8095.931,128.554,849.056,4826,5358,3.040,1.980,1.140,4,0,12.955,0,0,25,248,6,39,0
17-12 10:04:20,67.046,9.291,22.349,0.502,0,5490492,128784,189940,2130192,9479.796,1669.360,634.799,1767.794,43.190,185.819,4845,10250,3.120,2.010,1.150,5,0,80.354,0,0,25,247,6,40,0
17-12 10:04:21,30.021,10.173,58.306,0.248,0,5519548,124752,189496,2106316,24928.221,5467.377,19.849,531.950,3.970,35.728,4852,10575,3.120,2.010,1.150,4,0,139.935,0,0,25,250,6,41,0
17-12 10:04:22,33.415,12.813,51.756,0.502,0,5503984,120388,189436,2126316,22074223.033,113254.041,2082.297,578.862,24.119,41.204,8632,5845,3.120,2.010,1.150,6,0,190.944,0,0,25,247,6,41,0
17-12 10:04:23,40.599,11.457,45.580,0.996,0,5496624,183296,188080,2074272,8801.180,1687.707,0,10122.254,0,558.916,6592,7407,3.120,2.010,1.150,2,0,109.591,0,0,25,249,6,42,0
17-12 10:04:24,25.393,3.983,67.716,0,0,5528336,151524,188092,2074324,6804.421,1613.224,27.883,438.160,3.983,30.870,4112,6361,3.120,2.010,1.150,2,0,0.996,0,0,25,255,6,43,2
17-12 10:04:25,26.710,5.040,66.272,0.252,0,5545004,134196,188104,2074972,8826.535,1524.006,596.701,713.622,26.206,69.548,3705,7482,2.870,1.980,1.150,2,0,4.032,0,0,25,262,6,45,2
17-12 10:04:26,28.481,7.745,61.209,0.500,0,5561052,152856,187320,2043168,9915.377,1648.899,3.997,19862.732,0.999,429.713,4701,9234,2.870,1.980,1.150,1,0,6.995,0,0,25,273,6,47,2
17-12 10:04:27,26.755,12.502,59.761,1.250,0,5504828,195308,187188,2057160,4999.920,1620.298,100.018,21992.047,10.002,83.015,5481,10556,2.870,1.980,1.150,2,0,109.020,0,0,25,271,6,56,2
17-12 10:04:28,18.414,10.451,68.929,0,0,5535200,164800,187192,2057276,5520.308,1612.495,83.611,346.388,13.935,18.912,2435,3681,2.870,1.980,1.150,3,0,101.527,0,0,25,271,6,56,2
17-12 10:04:29,17.771,7.258,70.582,4.756,0,5531992,127504,188144,2097068,9963.538,1621.878,5125.936,2430.815,802.930,25.029,2860,4347,2.870,1.980,1.150,2,0,0,0,0,25,271,6,54,2
17-12 10:04:30,23.106,4.018,69.569,1.507,0,5539344,124676,188116,2092572,10612.691,1701.808,1209.549,3090.178,213.982,208.959,2616,3897,2.880,2,1.160,3,2,10.046,0,0,25,273,6,54,0
17-12 10:04:31,21.809,9.777,65.428,1.755,0,5582576,125828,187076,2051716,8034.823,1590.319,701.906,47488.980,148.403,522.419,15107,28294,2.880,2,1.160,1,0,5.014,0,0,25,273,6,55,0
17-12 10:04:32,20.694,7.230,70.559,0,0,5588292,136160,186140,2038032,8370.400,1615.638,0,4440.012,0,88.760,4427,8021,2.880,2,1.160,3,0,1.995,0,0,25,273,6,56,0
17-12 10:04:33,23.490,5.998,69.721,0.250,0,5601420,123036,186140,2038040,10319.707,1619.326,0,479.800,0,65.973,3388,3028,2.880,2,1.160,2,0,1.999,0,0,25,273,6,56,0
17-12 10:04:34,24.408,15.192,57.532,0.996,0,5496536,259316,185780,2010752,8369.305,1613.888,1354.869,366.612,123.532,38.853,3535,5708,2.880,2,1.160,2,0,328.755,0,0,25,275,6,56,0
17-12 10:04:35,22.968,6.491,68.406,0.499,0,5560736,195060,185820,2010768,5181.890,1605.797,0,2576.465,0,145.800,2772,4751,2.730,1.980,1.160,2,0,123.830,0,0,25,275,6,50,0
17-12 10:04:36,14.283,15.536,68.661,0,0,5505556,250072,185856,2010900,7078.550,1665.895,112.262,445.041,6.014,39.091,3416,5395,2.730,1.980,1.160,3,0,207.485,0,0,25,275,6,50,0
17-12 10:04:37,9.510,18.520,69.073,0.501,0,5506164,249384,185856,2010980,10694.315,1621.716,36.038,800.847,3.003,31.033,3313,5160,2.730,1.980,1.160,2,0,268.284,0,0,25,279,6,47,0
17-12 10:04:38,7.969,12.701,77.449,0,0,5507816,247680,185856,2011032,9585.807,1579.870,23.907,163.366,1.992,10.957,2687,4282,2.730,1.980,1.160,1,0,195.242,0,0,25,279,6,47,0
17-12 10:04:39,11.830,4.027,83.567,0.503,0,5529368,225252,185860,2011904,9248.762,1631.068,366.487,281.913,10.068,25.171,1905,3070,2.730,1.980,1.160,3,0,29.198,0,0,25,281,5,44,0
17-12 10:04:40,26.064,1.738,69.504,0.248,0,5567516,187004,185860,2012004,9214.211,1608.515,7.943,170.781,1.986,18.865,2367,4385,2.590,1.960,1.160,2,0,0,0,0,25,283,5,45,0
17-12 10:04:41,17.121,12.337,69.492,0,0,5518776,235484,185884,2012240,12276.945,1631.555,88.628,165.170,10.071,10.071,3258,5258,2.590,1.960,1.160,2,0,142.006,0,0,25,285,5,45,0
17-12 10:04:42,12.739,16.236,67.941,0.500,0,5519596,234360,185892,2012536,5025.603,1564.631,203.822,275.759,11.990,25.977,3254,5201,2.590,1.960,1.160,3,0,191.832,0,0,25,287,5,45,0
17-12 10:04:43,13.240,17.737,68.451,0,0,5519724,234128,185904,2012628,5860.792,1618.838,0,179.871,0,11.991,3284,5339,2.590,1.960,1.160,2,0,189.864,0,0,25,287,5,45,0
17-12 10:04:44,14.062,14.556,68.092,0,0,5533908,219572,185916,2012988,8319.032,1598.675,110.526,248.683,1.974,16.776,2849,4334,2.590,1.960,1.160,4,0,150.986,0,0,25,287,5,45,0
17-12 10:04:45,25.974,3.530,70.861,0.252,0,5601180,152288,185916,2013000,6714.855,1525.141,0,197.703,0,20.174,1806,2740,2.460,1.950,1.160,7,0,2.017,0,0,25,287,5,45,0
17-12 10:04:46,24.743,3.249,69.231,0.750,0,5630828,123372,185924,2012264,5230.562,1619.555,107.970,4506.761,7.998,544.850,3059,3718,2.460,1.950,1.160,2,0,3.999,0,0,25,291,5,45,0
17-12 10:04:47,25.946,4.030,70.784,0.252,0,5557484,196660,185928,2012316,9105.684,1706.875,40.304,620.682,6.046,41.312,2518,2828,2.460,1.950,1.160,2,0,5.038,0,0,25,287,5,45,0
17-12 10:04:48,23.580,4.716,70.492,0,0,5615552,138592,185928,2012316,8768.777,1608.403,0,75.456,0,5.957,1831,2706,2.460,1.950,1.160,4,0,2.979,0,0,25,287,5,45,0
17-12 10:04:49,26.756,2.250,69.265,0.250,0,5621652,132124,185932,2012680,10196.253,1694.374,32.007,152.034,2.000,16.004,2881,5648,2.460,1.950,1.160,3,0,2.000,0,0,25,289,5,45,0
17-12 10:04:50,24.158,4.530,71.466,0,0,5580820,172836,186052,2012680,7203.999,1576.284,108.709,237.550,8.053,24.158,2006,3227,2.350,1.930,1.150,2,0,16.105,0,0,25,287,5,45,0
17-12 10:04:51,19.229,9.240,70.923,0.250,0,5527748,224584,186184,2013856,5379.137,1584.273,1490.375,307.665,23.974,20.977,2444,3767,2.350,1.930,1.150,4,0,102.888,0,0,25,287,5,45,0
17-12 10:04:52,10.752,18.254,67.765,0,0,5528968,223132,186192,2014080,8898.011,1620.366,56.013,396.090,5.001,20.005,3328,5319,2.350,1.930,1.150,2,0,312.071,0,0,25,287,5,45,0
17-12 10:04:53,16.897,11.927,69.825,0.497,0,5556368,194916,186628,2014460,9395.836,1651.950,914.437,298.186,62.619,20.873,2705,4084,2.350,1.930,1.150,2,0,138.159,0,0,25,287,5,45,0
17-12 10:04:54,22.008,4.002,73.278,0,0,5583420,167704,186640,2014608,9815.710,2873.086,16.006,224.085,4.002,5.002,1749,2662,2.350,1.930,1.150,1,0,4.002,0,0,25,288,5,45,0
17-12 10:04:55,24.362,3.014,70.824,0.502,0,5559540,185032,187180,2020620,11660.405,2715.437,301.380,1084.969,64.294,47.216,2124,3226,2.240,1.910,1.150,1,0,22.101,0,0,25,289,5,46,0
17-12 10:04:56,24.638,6.968,67.194,0,0,5574716,166764,187236,2023656,11103.435,2795.270,2058.625,418.096,25.882,16.923,2395,3496,2.240,1.910,1.150,2,0,8.959,0,0,25,290,5,44,0
17-12 10:04:57,23.120,3.769,71.872,0.503,0,5560000,174068,187816,2030472,11345.668,3605.645,20.104,1322.840,4.021,41.213,2090,3341,2.240,1.910,1.150,2,0,2.010,0,0,25,289,5,44,0
17-12 10:04:58,24.985,7.745,64.960,0.250,0,5559512,171908,187876,2033076,9674.021,2554.421,3293.964,91.943,37.977,2.998,8789,17579,2.240,1.910,1.150,0,0,11.993,0,0,25,290,5,44,0
17-12 10:04:59,21.552,5.764,71.923,0.251,0,5572408,158336,187924,2033708,11268.168,3529.510,212.512,797.924,11.027,18.044,8675,17589,2.240,1.910,1.150,4,0,13.031,0,0,25,290,5,44,0
17-12 10:05:00,24.085,4.469,70.020,0,0,5548864,181500,187964,2034048,10961.846,1650.683,0,429.058,0,15.891,1970,3028,2.140,1.900,1.150,2,0,7.946,0,0,25,290,5,43,0
17-12 10:05:01,14.076,16.087,68.874,0,0,5524508,217668,188052,2022204,7680.660,1846.013,0,406.203,0,15.082,2982,4661,2.140,1.900,1.150,4,0,238.292,0,0,25,289,5,43,0
17-12 10:05:02,23.404,4.482,69.714,0.249,0,5574872,167296,188072,2022192,9928.294,1613.385,0,2011.752,0,280.849,2440,3163,2.140,1.900,1.150,2,0,26.890,0,0,25,291,5,43,0
17-12 10:05:03,25.246,4.999,69.990,0.500,0,5516876,225132,188080,2022432,14068.988,1693.758,19.997,139.980,2.000,10.998,3275,5451,2.140,1.900,1.150,5,0,35.995,0,0,25,291,5,46,0
17-12 10:05:04,21.758,6.502,70.524,0,0,5570544,171436,188096,2022444,11707.039,1586.547,8.003,232.080,1.000,25.009,2250,3488,2.140,1.900,1.150,2,0,77.027,0,0,25,291,5,46,0
17-12 10:05:05,24.979,5.995,67.443,0,0,5520872,220904,188104,2022640,10538.032,1564.668,3.997,219.813,0.999,19.983,3003,5296,2.050,1.880,1.150,2,0,77.934,0,0,25,291,5,46,0
17-12 10:05:06,24.995,3.749,69.985,0,0,5575880,165780,188112,2022748,6723.595,1619.661,31.993,191.960,1.000,16.996,2161,3856,2.050,1.880,1.150,2,0,0,0,0,25,291,5,46,0
17-12 10:05:07,23.745,5.749,69.735,0,0,5548768,192872,188112,2022768,6727.527,1619.645,0,159.965,0,9.998,2932,4840,2.050,1.880,1.150,2,0,55.988,0,0,25,291,5,46,0
17-12 10:05:08,25.111,2.762,70.310,0.251,0.251,5583568,157932,188112,2022908,10459.114,1627.174,0,140.620,0,9.040,2553,5281,2.050,1.880,1.150,2,0,0,0,0,25,291,5,45,0
17-12 10:05:09,22.892,4.977,70.916,0,0,5573944,167544,188112,2022920,8824.402,1612.399,0,111.475,0,8.958,1836,2853,2.050,1.880,1.150,5,0,31.850,0,0,25,291,5,45,0
17-12 10:05:10,23.116,5.025,69.600,0,0,5521248,220220,188116,2022936,8133.856,1628.178,0,365.838,0,32.162,3501,6134,1.960,1.870,1.150,2,0,47.237,0,0,25,291,5,43,0
17-12 10:05:11,25.109,3.232,69.856,0.497,0,5579112,162340,188120,2022948,7295.895,1610.924,0,457.423,0,33.810,2198,3431,1.960,1.870,1.150,2,0,0,0,0,25,292,5,43,0
17-12 10:05:12,24.782,4.756,70.090,0,0,5549312,192112,188132,2022964,9121.703,1533.968,4.005,288.370,1.001,23.030,2737,5154,1.960,1.870,1.150,4,0,32.041,0,0,25,291,5,41,0
17-12 10:05:13,26.744,3.249,69.735,0,0,5585900,155392,188132,2023096,39740.178,1713.620,0,191.957,0,13.997,2510,4833,1.960,1.870,1.150,2,0,0,0,0,25,292,5,41,0
17-12 10:05:14,13.860,16.884,67.786,0.504,0,5536884,204360,188148,2023128,5537.793,1632.913,0,427.380,0,46.367,3989,6981,1.960,1.870,1.150,2,0,499.954,0,0,25,291,5,38,0
17-12 10:05:15,10.459,20.918,67.236,0,0,5539024,202056,188152,2023288,4542.149,1613.658,0,306.794,0,29.883,4619,8242,1.970,1.870,1.160,2,0,675.346,0,0,25,291,5,38,0
17-12 10:05:16,10.005,21.260,67.531,0.250,0,5546904,194096,188164,2023356,10761.875,1620.734,16.007,580.263,1.000,47.021,4754,8199,1.970,1.870,1.160,2,0,644.292,0,0,25,291,5,33,0
17-12 10:05:17,9.520,22.297,66.890,0.501,0,5541340,199628,188180,2023392,9898.678,1623.391,0,4036.432,0,500.045,5951,9115,1.970,1.870,1.160,5,0,751.570,0,0,25,291,5,33,0
17-12 10:05:18,13.497,21.496,63.487,0,0,5547740,193140,188180,2023480,9041.110,1619.661,47.990,195.959,2.999,21.995,5137,11103,1.970,1.870,1.160,3,0,738.846,0,0,25,291,5,33,0
17-12 10:05:19,14.216,16.710,66.341,0.748,0,5558960,180520,188192,2024868,8234.304,1582.215,1320.841,275.341,88.788,22.945,5355,9944,1.970,1.870,1.160,2,0,449.924,0,0,25,291,5,33,0
17-12 10:05:20,20.076,10.791,63.491,5.019,0,5557316,171336,188220,2045004,10481.757,1571.962,11993.491,2991.346,980.720,28.107,9344,16122,1.890,1.860,1.150,2,0,43.164,0,0,25,291,5,35,0
17-12 10:05:21,22.748,3.214,71.954,0,0,5584288,141388,188228,2047968,12731.193,2840.583,15.825,668.605,2.967,20.770,2203,3456,1.890,1.860,1.150,2,0,2.967,0,0,25,292,5,35,0
17-12 10:05:22,17.054,2.006,78.250,1.254,0,5592728,132092,188252,2048800,21627.972,12681.441,786.508,2219.077,57.182,67.214,2155,3326,1.890,1.860,1.150,2,0,0,0,0,25,292,5,33,0
17-12 10:05:23,12.229,1.747,82.854,1.248,0,5601832,121536,188288,2050212,27707.318,13397.461,1181.923,1601.187,72.872,61.891,2134,3253,1.890,1.860,1.150,4,0,0,0,0,25,292,5,33,0
17-12 10:05:24,20.551,1.504,75.436,0.752,0,5591092,131900,188196,2050688,20579.791,9845.298,585.445,1154.850,50.124,63.156,2069,3077,1.890,1.860,1.150,2,0,0,0,0,25,292,5,31,0
17-12 10:05:25,17.095,2.263,77.682,1.006,0,5593928,135352,187936,2044900,22972.613,13475.858,1061.899,1616.982,71.397,64.358,2446,3210,1.820,1.840,1.150,3,0,1.006,0,0,25,292,5,32,0
17-12 10:05:26,21.607,5.216,70.286,2.235,0,5594780,152892,186752,2030008,15731.206,6133.531,15326.873,7705.161,196.702,512.618,3010,3416,1.820,1.840,1.150,4,0,0.993,0,0,25,292,5,29,0
17-12 10:05:27,26.004,5.501,67.261,0.500,0,5599424,136688,186612,2042200,6737.112,1608.265,0,17906.955,0,139.023,2283,3205,1.820,1.840,1.150,3,0,0,0,0,25,290,5,29,2
17-12 10:05:28,22.519,5.755,69.309,1.251,0,5612556,134116,186568,2033496,8912.647,1695.455,12.010,8479.275,1.001,171.147,3686,3782,1.820,1.840,1.150,7,0,2.002,0,0,25,290,5,18,2
17-12 10:05:29,23.621,4.272,70.862,1.005,0,5611356,137556,187036,2031044,7114.304,1702.689,0,17730.479,0,272.390,2529,3423,1.820,1.840,1.150,2,1,0,0,0,25,290,5,18,2
17-12 10:05:30,25.278,3.254,69.828,0.250,0,5537196,223272,187236,2018672,5867.578,1796.013,156.175,1381.549,7.008,43.048,2701,2969,1.750,1.830,1.150,3,0,3.003,0,0,25,289,5,18,2
17-12 10:05:31,18.874,3.725,75.495,0,0,5581740,177160,187236,2020240,15025.524,3755.884,0,266.220,0,2.980,1700,2611,1.750,1.830,1.150,5,0,5.960,0,0,25,290,5,18,2
17-12 10:05:32,24.004,3.751,71.513,0.250,0,5582708,170748,187328,2025016,10590.917,1686.305,0,1264.229,0,19.003,1928,2959,1.750,1.830,1.150,3,0,6.001,0,0,25,289,5,18,2
17-12 10:05:33,20.746,3.499,73.237,0.500,0,5575300,171052,187616,2030936,14625.441,4708.176,0,1199.790,0,32.994,6759,13088,1.750,1.830,1.150,3,0,5.999,0,0,25,289,5,16,2
17-12 10:05:34,24.152,6.290,67.927,0,0,5579820,165988,187688,2031336,8943.244,1575.911,0,24586.625,0,111.702,12032,23277,1.750,1.830,1.150,2,0,14.089,0,0,25,289,5,16,2
17-12 10:05:35,21.859,6.458,69.801,0,0,5582404,177132,187704,2018880,9286.243,1651.373,0,842.578,0,35.770,4264,7702,1.690,1.810,1.150,3,0,16.891,0,0,25,289,5,16,2
17-12 10:05:36,24.175,5.037,71.519,0,0,5558636,200044,187720,2019720,10994.723,1790.986,32.234,914.632,2.015,6.044,2498,3932,1.690,1.810,1.150,2,0,52.380,0,0,25,291,5,16,2
17-12 10:05:37,24.556,3.969,67.716,0,0,5591436,167032,187720,2019932,9249.016,1680.737,0,0,0,0,9455,18929,1.690,1.810,1.150,3,0,10.914,0,0,25,291,5,16,2
17-12 10:05:38,21.004,3.001,74.266,0.250,0,5584560,167696,187744,2025704,11759.505,3955.843,0,1064.227,0,25.005,1889,2890,1.690,1.810,1.150,2,0,4.001,0,0,25,291,5,16,2
17-12 10:05:39,19.272,3.754,74.835,0.250,0,5602528,149024,187764,2026260,15325.333,4432.013,0,452.512,0,7.008,1727,2597,1.690,1.810,1.150,2,0,5.006,0,0,25,292,5,16,2
17-12 10:05:40,22.974,6.992,67.673,0,0,5599144,145180,187924,2032428,10212.389,1865.878,0,855.028,0,14.983,8621,17364,1.640,1.800,1.150,3,0,13.984,0,0,25,291,5,17,2
17-12 10:05:41,23.749,6.250,67.748,0,0,5598672,145276,188032,2032648,8606.707,1619.945,0,171.994,0,3.000,8516,17012,1.640,1.800,1.150,3,0,16.999,0,0,25,291,5,16,2
17-12 10:05:42,22.999,4.500,70.498,0.250,0,5548412,209500,188064,2019932,6076.836,1565.958,0,1191.968,0,23.999,1966,3096,1.640,1.800,1.150,3,0,9.000,0,0,25,291,5,16,2
17-12 10:05:43,23.357,4.772,71.077,0,0,5538128,219776,188064,2019940,8906.990,1627.490,0,285.313,0,19.088,2137,3365,1.640,1.800,1.150,3,0,57.264,0,0,25,291,5,16,2
17-12 10:05:44,22.301,6.264,68.907,0.251,0,5549108,195052,188064,2032712,7095.127,1772.028,0,1270.889,0,14.032,12450,24384,1.640,1.800,1.150,2,0,45.103,0,0,25,291,5,16,2
17-12 10:05:45,22.615,2.237,73.313,0,0,5575548,165684,188072,2035308,9483.497,2747.630,3.976,807.191,0.994,9.941,1906,3041,1.580,1.790,1.150,2,0,3.976,0,0,25,292,5,16,2
17-12 10:05:46,16.254,2.251,79.020,0.500,0,5588644,152464,188124,2035376,22276.658,12644.212,0,2680.681,0,134.034,2123,3326,1.580,1.790,1.150,1,0,0,0,0,25,294,5,16,2
17-12 10:05:47,10.505,2.251,84.537,0.750,0,5588352,152240,188172,2035768,163849.274,17202.483,0,2020.879,0,88.038,2104,3109,1.580,1.790,1.150,2,0,0,0,0,25,295,5,16,2
17-12 10:05:48,19.231,1.998,76.676,0.500,0,5602316,138128,188184,2035868,26334.613,10413.961,0,995.041,0,38.962,1876,2779,1.580,1.790,1.150,3,0,0,0,0,25,295,5,16,2
17-12 10:05:49,16.760,2.251,79.045,1.001,0,5609384,130820,188260,2035988,28243.183,13610.799,0,1340.768,0,54.031,1996,3047,1.580,1.790,1.150,2,0,1.001,0,0,25,295,5,16,2
17-12 10:05:50,15.736,2.498,78.178,0.999,0,5631620,130020,188360,2014552,318207.249,19220.317,27.974,2353.834,3.996,117.892,3048,3851,1.540,1.770,1.150,3,0,0.999,0,0,25,295,5,16,2
17-12 10:05:51,15.997,1.500,79.736,1.000,0,5636956,124000,188616,2014876,101263.671,17006.922,127.977,2043.630,9.998,89.984,2207,3231,1.540,1.770,1.150,1,0,0,0,0,25,295,5,16,2
17-12 10:05:52,13.060,3.767,79.367,1.507,0,5628720,131912,188388,2015788,6907493.621,45934.216,9998.192,20305.813,60.278,356.648,4243,3688,1.540,1.770,1.150,2,0,4.019,0,0,25,295,5,16,2
17-12 10:05:53,20.158,3.484,73.664,0.747,0,5638340,123300,188840,2013708,625852.108,8249.317,159.272,7565.441,2.986,146.332,2455,3426,1.540,1.770,1.150,3,0,0.995,0,0,25,295,5,16,2
17-12 10:05:54,21.768,6.756,70.309,0.751,0,5638228,120768,191536,2012532,8312.032,1621.372,0,11838.015,0,190.161,2577,3817,1.540,1.770,1.150,2,0,0,0,0,25,295,5,16,2
17-12 10:05:55,23.135,6.538,68.400,1.006,0,5652216,118600,191492,2001788,7025.090,1629.531,0,65414.610,0,582.406,2725,3609,1.490,1.760,1.150,2,0,1.006,0,0,25,295,5,16,2
17-12 10:05:56,25.247,9.249,64.243,0.750,0,5656124,130336,191008,1987184,4828.503,1619.833,1263.870,47207.138,19.998,356.963,2736,3855,1.490,1.760,1.150,8,0,4.000,0,0,25,295,5,16,2
17-12 10:05:57,25.754,5.501,67.261,0.500,0,5647404,124696,192316,1999472,8715.482,1566.266,128.022,57677.805,4.001,325.055,3393,3863,1.490,1.760,1.150,3,0,0,0,0,25,295,5,16,2
17-12 10:05:58,27.677,7.979,62.335,0.748,0,5649312,159908,166324,1989988,18636.594,5221.159,3319.201,59478.323,84.775,520.620,3665,4875,1.490,1.760,1.150,2,0,0,0,0,25,295,5,16,2
17-12 10:05:59,19.953,2.993,74.575,0.499,0,5547312,291688,166720,1960132,14831.132,4253.999,251.409,1584.275,12.970,36.913,1828,2763,1.490,1.760,1.150,3,0,1.995,0,0,25,293,5,16,2
17-12 10:06:00,21.693,2.992,73.308,0.249,0,5598344,240568,166728,1960212,12653.885,2938.310,71.812,458.799,1.995,17.953,2027,3131,1.450,1.750,1.150,1,0,6.982,0,0,25,294,5,16,2
17-12 10:06:01,23.264,4.002,71.543,0.250,0,5583528,248836,166960,1966544,6481.857,2630.565,0,1284.764,0,21.013,1686,2637,1.450,1.750,1.150,3,0,3.002,0,0,25,293,5,16,2
17-12 10:06:02,19.500,3.250,75.499,0.750,0,5610264,214956,167540,1972424,18407.798,4534.950,0,1479.984,0,32.000,1962,2922,1.450,1.750,1.150,2,0,4.000,0,0,25,293,5,16,3
17-12 10:06:03,23.745,5.999,68.486,0,0,5594092,230592,167568,1972708,7837.385,1727.644,0,279.942,0,13.997,9584,19116,1.450,1.750,1.150,2,0,12.997,0,0,25,293,5,13,2
17-12 10:06:04,22.749,7.000,67.497,0.250,0,5596812,227456,167648,1972980,9139.580,1661.924,0,17199.209,0,61.997,9539,18785,1.450,1.750,1.150,3,0,13.999,0,0,25,293,5,13,2
17-12 10:06:05,27.289,7.010,64.593,0,0,5598704,225192,167700,1973264,12950.636,1460.101,28.040,536.772,3.004,33.048,3630,6761,1.420,1.730,1.150,2,0,16.023,0,0,25,293,5,13,2
17-12 10:06:06,24.109,6.027,68.309,0.251,0,5565044,271240,167992,1961428,7063.915,1627.352,871.939,289.307,44.200,12.054,2236,3401,1.420,1.730,1.150,3,0,6.027,0,0,25,293,5,13,2
17-12 10:06:07,22.818,3.761,68.954,2.006,0,5582804,248868,168368,1965664,9212.287,1624.813,2286.773,1881.573,306.909,15.045,3082,5909,1.420,1.730,1.150,2,0,2.006,0,0,25,294,5,14,2
17-12 10:06:08,25.668,3.738,69.280,0.249,0,5585332,246096,168400,1965876,6730.617,1730.502,135.569,889.175,12.959,59.810,3754,9012,1.420,1.730,1.150,1,0,0,0,0,25,296,5,19,2
17-12 10:06:09,26.524,2.752,67.561,1.501,0,5585000,245088,168544,1967080,8703.842,1621.461,936.844,1381.245,51.046,190.171,5041,10819,1.420,1.730,1.150,10,0,1.001,0,0,25,300,4,17,2
17-12 10:06:10,27.772,2.252,68.054,0.500,0,5590968,238032,168624,1968088,9881.876,1621.292,748.597,1453.158,78.062,131.104,3142,5708,1.380,1.720,1.140,4,0,1.001,0,0,25,301,4,18,2
17-12 10:06:11,18.989,11.993,67.210,0.999,0,5541556,286304,168716,1969132,7435.524,1619.025,787.526,1774.931,42.974,162.902,4278,7790,1.380,1.720,1.140,2,0,162.902,0,0,25,303,4,17,2
17-12 10:06:12,10.935,17.894,68.595,0,0,5550724,276016,168848,1970120,9041.645,1503.130,1177.054,473.208,16.900,26.842,3303,5061,1.380,1.720,1.140,1,1,266.428,0,0,25,303,4,17,2
17-12 10:06:13,14.219,5.987,68.603,9.979,0,5531000,258192,169420,2007080,10577.301,1656.445,37419.697,1049.747,2079.537,35.923,6000,7845,1.380,1.720,1.140,1,1,19.957,0,0,25,303,4,17,2
17-12 10:06:14,5.753,3.252,84.801,3.752,0,5528956,249652,169456,2017628,13295.938,3314.979,10478.256,4226.523,1486.888,452.270,5157,5781,1.380,1.720,1.140,1,0,6.004,0,0,25,304,4,17,2
17-12 10:06:15,5.240,1.497,91.582,0.250,0,5530208,248392,169460,2017632,46002.677,4688.406,0,650.807,0,20.962,1660,2786,1.270,1.690,1.140,1,0,0.998,0,0,25,304,4,17,2
17-12 10:06:16,6.266,1.754,90.231,1.003,0,5531136,247384,169528,2017644,17680.244,6962.818,0,2835.255,0,189.485,2309,4067,1.270,1.690,1.140,2,0,0,0,0,25,304,4,16,2
17-12 10:06:17,5.005,1.752,90.090,0.250,0,5525856,250436,170000,2019400,22225.092,119660.943,2202.189,460.458,45.045,1.001,1704,2673,1.270,1.690,1.140,1,0,12.012,0,0,25,303,4,16,2
17-12 10:06:18,7.243,3.497,88.170,0,0,5514532,261760,170000,2019400,13992.379,1692.473,0,0,0,0,2243,3927,1.270,1.690,1.140,1,0,33.969,0,0,25,303,4,17,2
17-12 10:06:19,3.016,2.011,93.246,0.251,0,5514764,261508,170016,2019404,12630.155,1636.702,0,727.870,0,46.246,1781,3026,1.270,1.690,1.140,3,0,1.005,0,0,25,303,4,17,2
17-12 10:06:20,2.237,0.994,93.202,0.497,0,5514968,261284,170036,2019404,11441.689,1556.841,0,449.356,0,42.749,1838,3143,1.170,1.660,1.130,1,0,0.994,0,0,25,303,4,16,2
17-12 10:06:21,3.003,1.001,92.851,0,0,5514944,261284,170044,2019420,9304.123,1695.845,0,188.205,0,26.028,1786,3173,1.170,1.660,1.130,1,0,0,0,0,25,303,4,16,2
17-12 10:06:22,4.253,1.251,93.308,0.250,0,5514848,261284,170048,2019512,10655.606,1621.005,0,304.189,0,37.023,1634,2697,1.170,1.660,1.130,3,0,0,0,0,25,303,4,14,2
17-12 10:06:23,2.749,1.250,92.971,0,0,5514828,261284,170060,2019520,10897.633,1619.500,0,247.923,0,28.991,1854,3154,1.170,1.660,1.130,1,0,0,0,0,25,303,4,14,2
17-12 10:06:24,2.250,1.250,94.509,0.250,0,5514820,261284,170060,2019528,6218.616,1620.160,0,140.014,0,12.001,1486,2684,1.170,1.660,1.130,1,0,0,0,0,25,303,4,14,2
17-12 10:06:25,4.742,1.747,90.100,0.499,0,5514784,261284,170092,2019532,5406.997,1691.184,0,2823.299,0,168.719,1956,3378,1.080,1.640,1.130,1,0,0.998,0,0,25,303,4,15,2
17-12 10:06:26,5.756,2.502,90.588,0.500,0,5517532,258512,170116,2019532,10148.824,1513.465,0,1861.802,0,103.100,1770,2965,1.080,1.640,1.130,1,0,0,0,0,25,303,4,14,2
17-12 10:06:27,1.758,1.256,94.672,0,0,5517532,258512,170116,2019532,9835.848,1573.012,0,36.161,0,1.004,1376,2426,1.080,1.640,1.130,0,0,0,0,0,25,303,4,14,2
17-12 10:06:28,3.230,0.745,93.418,0,0.248,5517688,258288,170116,2019600,9490.844,1609.965,63.604,3.975,2.981,0.994,1509,2590,1.080,1.640,1.130,1,0,1.988,0,0,25,303,4,14,1
17-12 10:06:29,2.753,1.251,92.586,0.500,0,5518756,257392,170124,2019592,8938.313,1621.508,0,18465.173,0,565.526,2350,2514,1.080,1.640,1.130,1,0,0,0,0,25,303,4,14,1
17-12 10:06:30,3.003,4.004,91.850,0.250,0,5524888,251248,170128,2019604,25176.518,1621.773,0,68.074,0,6.007,1586,2448,0.990,1.610,1.120,1,0,0,0,0,25,303,4,14,1
17-12 10:06:31,3.248,1.249,93.928,0.250,0,5525980,250144,170132,2019612,14641.799,1510.844,0,155.881,0,15.988,1551,2661,0.990,1.610,1.120,1,0,0,0,0,25,303,4,14,1
17-12 10:06:32,3.005,1.002,94.160,0,0,5525968,250144,170140,2019616,5790.850,1622.760,0,372.634,0,35.060,1521,2743,0.990,1.610,1.120,1,0,0,0,0,25,303,4,14,1
17-12 10:06:33,3.249,0.500,95.213,0,0.250,5525840,250144,170140,2019744,15001.165,1693.341,0,0,0,0,1449,2450,0.990,1.610,1.120,2,0,0,0,0,25,303,4,14,1
17-12 10:06:34,2.500,0.750,94.232,0.250,0,5525828,250144,170152,2019744,9998.140,1693.685,0,315.941,0,22.996,1517,2741,0.990,1.610,1.120,1,0,1.000,0,0,25,303,4,14,1
17-12 10:06:35,3.251,1.250,93.278,0,0,5525816,250144,170164,2019744,5870.755,1566.468,0,352.105,0,32.010,1756,3193,0.910,1.580,1.110,1,0,2.001,0,0,25,303,4,14,1
17-12 10:06:36,2.749,1.000,94.477,0,0,5525816,250144,170172,2019736,9241.736,1619.603,0,99.976,0,6.998,1492,2578,0.910,1.580,1.110,1,0,0,0,0,25,303,4,14,1
17-12 10:06:37,2.752,1.001,95.067,0,0,5525808,250144,170172,2019744,8212.774,1621.140,0,8.006,0,1.001,1271,2309,0.910,1.580,1.110,1,0,0,0,0,25,303,4,14,1
17-12 10:06:38,3.249,0.500,94.716,0.250,0,5525804,250144,170176,2019744,10309.278,1511.454,0,215.922,0,14.995,1368,2342,0.910,1.580,1.110,1,0,0,0,0,25,303,4,14,1
17-12 10:06:39,3.242,0.997,94.761,0,0,5526496,249444,170176,2019748,6779.867,1657.811,0,2190.465,0,6.982,1376,2295,0.910,1.580,1.110,1,0,0,0,0,25,303,4,14,1
17-12 10:06:40,2.754,1.502,94.120,0,0,5526496,249444,170176,2019748,5503.011,1622.067,0,8.010,0,2.003,1386,2363,0.840,1.560,1.110,1,0,0,0,0,25,303,4,14,1
17-12 10:06:41,3.001,0.750,94.526,0,0,5526436,249444,170188,2019796,11796.185,1620.438,32.009,356.096,1.000,14.004,1611,2834,0.840,1.560,1.110,1,0,0,0,0,25,303,4,14,1
17-12 10:06:42,2.751,0.250,94.045,0.250,0,5526428,249444,170200,2019792,10875.231,1640.789,0,512.246,0,44.021,1561,2756,0.840,1.560,1.110,1,0,0,0,0,25,303,4,14,1
17-12 10:06:43,2.249,1.249,94.447,0,0,5526424,249444,170200,2019796,5851.741,1619.098,0,7.996,0,0.999,1507,2699,0.840,1.560,1.110,1,0,0,0,0,25,303,4,14,1
17-12 10:06:44,2.498,0.750,94.690,0,0,5526416,249444,170200,2019804,12239.265,1511.045,3.997,139.912,0.999,13.991,1388,2415,0.840,1.560,1.110,1,0,0,0,0,25,303,4,14,1
17-12 10:06:45,2.752,1.251,93.051,0.250,0,5526412,249444,170200,2019808,17964.917,1620.895,0,1104.610,0,183.101,1736,2522,0.850,1.550,1.110,1,0,1.001,0,0,25,303,4,14,1
17-12 10:06:46,2.249,0.750,95.195,0,0,5526408,249444,170200,2019812,9290.611,1619.061,0,7.995,0,1.999,1416,2460,0.850,1.550,1.110,2,0,0,0,0,25,303,4,14,1
17-12 10:06:47,2.263,0.754,95.043,0,0,5526408,249444,170200,2019812,8352.702,977.583,0,0,0,0,1344,2360,0.850,1.550,1.110,1,0,0,0,0,25,303,4,14,1
17-12 10:06:48,5.723,2.488,89.585,0.249,0,5529652,245724,170212,2020276,224026.963,2739.295,473.803,7.963,10.949,0.995,1592,2613,0.850,1.550,1.110,2,0,6.968,0,0,25,303,4,14,1
17-12 10:06:49,12.751,4.750,81.259,0.500,0,5531632,243276,170316,2020640,237877.977,10479.100,332.035,208.022,17.002,11.001,2187,3060,0.850,1.550,1.110,1,0,37.004,0,0,25,303,4,14,1
