"pcp-dstat 5.3.6 CSV Output"
"Author:","PCP team <pcp@groups.io> and Dag Wieers <dag@wieers.com>",,,,"URL:","https://pcp.io/ and http://dag.wieers.com/home-made/dstat/"
"Host:","ubuntu",,,,"User:","ubuntu"
"Cmdline:","dstat -tcmndrylpg --tcp --output /tmp/devstack_logs/dstat-csv.log",,,,"Date:","14 Jun 2024 06:14:40 UTC"
"system","total usage",,,,,"memory usage",,,,"net/total",,"dsk/total",,"io/total",,"system",,"load avg",,,"procs",,,"paging",,"tcp sockets",,,,
"time","total usage:usr","total usage:sys","total usage:idl","total usage:wai","total usage:stl","used","free","buf","cach","net/total:recv","net/total:send","dsk/total:read","dsk/total:writ","read","writ","int","csw","1m","5m","15m","run","blk","new","in","out","lis","act","syn","tim","clo"
14-06 06:14:40,,991092,1476496,167380,5160184,,,,,,,1.470,0.970,0.530,4,0,,,,9,4,6,10,2
14-06 06:14:41,28.003,24.252,46.255,0.750,0,1016844,1419952,167980,5187664,7746.759,1768.173,0,5360.525,0,310.030,4406,7491,1.470,0.970,0.530,3,0,630.062,0,0,9,4,6,10,2
14-06 06:14:42,33.005,20.597,44.172,1.241,0,1009584,1394332,169204,5216400,4538.299,1500.855,0,4228.598,0,171.725,5544,10845,1.470,0.970,0.530,4,0,363.302,0,0,9,4,6,10,2
14-06 06:14:43,30.427,13.831,54.819,0.503,0,1055380,1355384,169720,5332260,10637.998,4325.207,0,1955.396,0,55.322,3909,6917,1.470,0.970,0.530,3,0,119.698,0,0,10,4,6,10,0
14-06 06:14:44,38.069,15.779,45.833,0.250,0,1114892,1294592,169784,5333504,5932.756,1622.942,504.915,1025.860,5.009,14.025,10905,20890,1.470,0.970,0.530,5,0,200.363,0,0,10,6,6,11,0
14-06 06:14:45,43.734,8.497,46.983,0,0,1175184,1233164,169808,5334612,5150.115,1619.407,255.906,1663.391,15.994,26.990,7668,14811,1.510,0.990,0.540,4,0,36.986,0,0,10,4,6,12,0
14-06 06:14:46,42.751,8.250,46.251,3.250,0,1191876,1212728,169976,5338084,7126.128,1620.029,12.000,10440.188,1.000,727.013,7392,12086,1.510,0.990,0.540,2,1,21.000,0,0,10,6,6,12,0
14-06 06:14:47,35.251,10.500,45.251,9.250,0,1194296,1203156,170452,5344668,6164.191,1620.050,0,45881.422,0,3825.119,13304,28281,1.510,0.990,0.540,2,1,72.002,0,0,10,6,6,12,0
14-06 06:14:48,29.868,7.716,60.234,0.249,0,1119848,1277492,170496,5344736,5192.108,1505.363,0,5248.858,0,296.692,2326,3530,1.510,0.990,0.540,1,0,124.451,0,0,10,4,6,12,0
14-06 06:14:49,24.056,2.756,72.921,0,0,1155700,1241644,170504,5344736,5872.736,1643.845,0,33025.246,0,113.265,1313,1729,1.510,0.990,0.540,1,0,0,0,0,10,4,6,12,0
14-06 06:14:50,23.051,3.508,72.662,0.501,0,1136804,1260648,170528,5344748,5393.016,1697.783,0,7825.435,0,370.826,1863,2954,1.470,0.990,0.540,1,0,10.022,0,0,10,4,6,12,0
14-06 06:14:51,21.455,4.491,73.348,0,0.249,1064168,1333264,170536,5344760,4873.872,1616.641,0,91.809,0,10.977,1219,1566,1.470,0.990,0.540,1,0,55.884,0,0,10,4,6,12,0
14-06 06:14:52,8.499,19.747,70.489,0,0,1075696,1321572,170536,5344916,4596.283,1619.747,0,67.989,0,5.999,2476,3541,1.470,0.990,0.540,2,0,283.956,0,0,10,4,6,12,0
14-06 06:14:53,11.248,18.247,69.740,0,0.250,1076292,1320932,170536,5344940,4692.338,1619.772,0,27.996,0,6.999,2318,3459,1.470,0.990,0.540,1,0,256.964,0,0,10,4,6,12,0
14-06 06:14:54,16.284,17.787,64.885,0,0,1081828,1315164,170536,5345292,5613.721,1461.051,0,10978.924,0,28.059,3969,9875,1.470,0.990,0.540,1,0,191.400,0,0,10,4,6,12,0
14-06 06:14:55,43.938,9.736,46.184,0.250,0,1205632,1191212,170540,5345560,7944.718,1617.703,55.921,635.098,0.999,11.983,2264,3637,1.510,1.010,0.550,2,0,129.816,0,0,10,5,6,12,0
14-06 06:14:56,47.588,5.009,47.839,0,0,1258112,1136132,170592,5347872,5326.881,1623.011,589.093,765.420,15.028,41.076,1667,4126,1.510,1.010,0.550,2,0,2.004,0,0,10,5,6,12,0
14-06 06:14:57,21.449,7.482,68.585,0.249,0.249,1277340,1115468,170640,5349056,6176.171,1689.942,0,7960.886,0,363.128,2676,6338,1.510,1.010,0.550,0,0,151.636,0,0,10,4,6,14,0
14-06 06:14:58,0.500,1.000,97.748,0,0,1277328,1115468,170652,5349056,5343.914,1619.974,0,2171.965,0,112.998,882,1478,1.510,1.010,0.550,0,0,0,0,0,10,4,6,14,0
14-06 06:14:59,17.998,5.249,76.991,0,0,1330908,1061892,170672,5349056,7501.092,1531.815,0,38739.313,0,87.989,1573,1717,1.510,1.010,0.550,1,0,20.997,0,0,10,4,6,13,0
14-06 06:15:00,24.502,1.250,73.507,0,0,1373004,1019584,170672,5349268,5703.548,1620.156,0,0,0,0,897,1126,1.470,1.010,0.550,1,0,0,0,0,10,6,6,13,0
14-06 06:15:01,20.799,5.262,71.921,1.253,0.251,1310332,1082152,170704,5349320,4361.345,1623.852,0,4647.023,0,320.761,3106,5543,1.470,1.010,0.550,2,0,43.102,0,0,10,4,6,15,0
14-06 06:15:02,22.752,2.750,73.006,0.500,0,1348420,1043624,170708,5349688,6762.561,1620.134,64.005,5580.463,10.001,205.017,1736,2147,1.470,1.010,0.550,1,0,1.000,0,0,10,16,6,15,0
14-06 06:15:03,21.250,4.250,73.249,0.250,0,1331052,1060636,170708,5349940,4213.916,1619.968,207.996,319.994,51.999,8.000,1562,2167,1.470,1.010,0.550,3,0,44.999,0,0,10,28,6,15,0
14-06 06:15:04,19.249,10.750,69.497,0,0,1306436,1085228,170708,5349964,4560.790,1499.931,0,4795.779,0,24.999,1996,3001,1.470,1.010,0.550,4,0,149.993,0,0,10,28,6,15,0
14-06 06:15:05,44.360,5.732,49.095,0,0,1422592,969056,170708,5349972,5345.131,1688.671,0,291.081,0,6.978,1605,2240,1.510,1.020,0.560,3,0,5.981,0,0,10,29,6,16,0
14-06 06:15:06,45.141,18.307,34.859,0,0,1388188,1003164,170708,5350204,44575.943,1625.065,0,212.663,0,30.094,4266,9004,1.510,1.020,0.560,8,0,409.276,0,0,10,28,6,18,0
14-06 06:15:07,82.850,14.224,3.244,0,0,1582864,808284,170708,5350376,5879.370,1617.076,0,11.978,0,2.995,2795,5114,1.510,1.020,0.560,9,0,171.690,0,0,10,31,5,19,0
14-06 06:15:08,74.635,15.027,10.018,0,0,1430132,960756,170712,5350612,5113.260,1622.939,0,340.617,0,32.058,5541,11693,1.510,1.020,0.560,2,0,200.363,0,0,10,29,5,19,0
14-06 06:15:09,35.678,7.235,56.636,0.249,0.249,1348216,1042516,170716,5350764,6718.435,1508.953,0,327.339,0,33.931,2487,5107,1.510,1.020,0.560,1,0,109.778,0,0,10,28,5,19,0
14-06 06:15:10,23.040,3.256,73.379,0,0,1375836,1014880,170716,5350776,6983.256,1568.753,0,1678.947,0,25.044,1291,2834,1.470,1.020,0.560,1,0,0,0,0,10,28,5,19,0
14-06 06:15:11,19.957,6.237,73.093,0,0,1358848,1031860,170716,5350784,5358.479,1616.524,0,127.725,0,6.985,1412,1946,1.470,1.020,0.560,1,0,67.854,0,0,10,28,5,18,0
14-06 06:15:12,19.520,7.758,71.575,0.250,0.250,1312812,1077864,170720,5350812,8319.711,1663.742,0,4869.098,0,185.194,2540,4222,1.470,1.020,0.560,2,0,102.107,0,0,10,28,5,19,0
14-06 06:15:13,10.009,19.768,68.561,0,0,1313644,1077028,170720,5350816,5264.712,1621.451,0,252.226,0,13.012,2458,3227,1.470,1.020,0.560,2,0,331.297,0,0,10,28,5,19,0
14-06 06:15:14,42.272,26.514,30.766,0,0,1442240,948384,170720,5350864,6751.504,1620.841,0,224.116,0,22.011,2758,4694,1.470,1.020,0.560,5,0,606.315,0,0,10,28,5,19,0
14-06 06:15:15,82.990,13.748,2.750,0,0,1623000,767308,170724,5351176,6812.148,1531.809,0,71619.048,0,648.919,4866,7362,1.760,1.090,0.580,5,0,1.000,0,0,10,29,5,19,0
14-06 06:15:16,76.749,13.000,10.750,0,0,1409044,980728,170736,5351692,5295.936,1693.980,0,587.993,0,68.999,6427,14846,1.760,1.090,0.580,6,0,167.998,0,0,10,28,5,21,0
14-06 06:15:17,81.744,16.249,1.000,0,0,1599328,790248,170740,5351876,7163.491,1619.885,0,195.986,0,10.999,3858,7870,1.760,1.090,0.580,6,0,143.990,0,0,10,29,5,20,0
14-06 06:15:18,82.508,12.001,5.751,0,0,1571928,817272,170740,5352240,6727.686,1694.173,0,736.075,0,13.001,5191,13750,1.760,1.090,0.580,5,0,100.010,0,0,10,29,5,22,0
14-06 06:15:19,46.002,13.500,39.501,0.250,0.250,1385024,1003976,170744,5352432,6205.211,1620.055,0,340.012,0,32.001,3115,6708,1.760,1.090,0.580,3,0,198.007,0,0,10,28,5,24,0
14-06 06:15:20,45.479,6.497,48.728,0.250,0,1384328,1004616,170744,5352476,7188.686,1619.254,0,1703.215,0,27.987,3346,6703,1.780,1.100,0.590,2,0,14.993,0,0,10,29,5,26,0
14-06 06:15:21,54.996,18.249,25.248,0,0,1476400,912440,170744,5352580,5737.581,1457.894,0,223.984,0,15.999,2428,4089,1.780,1.100,0.590,3,0,362.974,0,0,10,28,5,26,0
14-06 06:15:22,59.276,12.255,28.012,0.250,0,1349352,1038684,170756,5353356,5715.526,1694.749,0,484.214,0,51.023,6709,12814,1.780,1.100,0.590,5,0,195.086,0,0,10,28,5,29,0
14-06 06:15:23,83.687,13.201,2.491,0,0,1565992,822020,170756,5353380,6137.078,1707.622,0,175.345,0,6.974,2412,4691,1.780,1.100,0.590,4,0,62.766,0,0,10,30,5,29,0
14-06 06:15:24,56.208,17.565,25.595,0,0,1363568,1023976,170780,5353772,5518.440,1852.863,0,722.677,0,49.182,4652,13945,1.780,1.100,0.590,5,0,325.205,0,0,10,28,6,33,0
14-06 06:15:25,63.506,9.001,27.003,0,0,1506352,881148,170780,5353812,5367.531,1694.168,0,152.015,0,11.001,2336,4082,1.870,1.140,0.610,3,0,0,0,0,10,31,6,32,0
14-06 06:15:26,56.923,17.151,25.106,0.249,0,1426108,961168,170796,5354016,5411.914,1610.748,0,592.596,0,47.726,4225,10763,1.870,1.140,0.610,4,0,299.281,0,0,10,28,6,36,0
14-06 06:15:27,61.853,8.549,30.927,0,0,1510568,876496,170804,5354216,8740.946,1583.046,0,309.770,0,24.138,3821,9056,1.870,1.140,0.610,10,0,0,0,0,10,29,6,38,1
14-06 06:15:28,61.638,16.720,20.712,0,0,1477864,909164,170804,5354248,11660.731,1617.050,0,239.563,0,13.975,2759,4502,1.870,1.140,0.610,5,0,286.477,0,0,10,28,6,40,0
14-06 06:15:29,60.194,9.991,28.723,0,0,1369384,1017408,170804,5354472,8132.494,1702.429,0,379.650,0,38.964,4110,9919,1.870,1.140,0.610,4,0,111.897,0,0,10,28,6,41,0
14-06 06:15:30,63.922,10.528,26.070,0,0,1507400,879368,170808,5354492,4748.774,1698.569,0,232.626,0,11.030,2010,4119,1.960,1.170,0.620,3,0,0,0,0,10,31,6,41,0
14-06 06:15:31,62.499,22.250,14.750,0,0,1466876,919636,170812,5354708,5790.873,1693.963,0,451.990,0,47.999,4601,9294,1.960,1.170,0.620,5,0,425.991,0,0,10,28,6,41,0
14-06 06:15:32,80.748,16.250,2.000,0,0,1565084,821036,170820,5355088,8723.764,1693.954,0,599.984,0,43.999,4699,8950,1.960,1.170,0.620,7,0,204.994,0,0,10,28,6,42,0
14-06 06:15:33,80.249,19.000,1.000,0,0,1547704,838360,170820,5355144,5377.914,1457.977,0,5851.906,0,148.998,3736,5819,1.960,1.170,0.620,7,0,217.997,0,0,10,29,6,42,0
14-06 06:15:34,77.490,18.748,3.750,0,0,1560140,825528,170832,5355520,6172.210,1619.793,0,483.938,0,33.996,5809,11988,1.960,1.170,0.620,6,0,228.971,0,0,10,29,6,42,0
14-06 06:15:35,71.255,18.751,9.251,0,0,1518120,867316,170832,5355740,5335.395,1620.120,0,584.043,0,14.001,5970,12943,2.290,1.250,0.650,5,0,383.028,0,0,10,28,6,39,0
14-06 06:15:36,36.202,28.712,35.203,0,0.250,1324756,1060504,170832,5355904,43058.646,1617.845,0,211.718,0,10.985,5524,12984,2.290,1.250,0.650,2,0,659.122,0,0,10,28,6,39,0
14-06 06:15:37,8.739,21.222,68.410,0,0,1323020,1062232,170832,5355912,7341.383,1510.022,0,199.738,0,8.988,2391,2968,2.290,1.250,0.650,1,0,291.618,0,0,10,28,6,39,0
14-06 06:15:38,12.786,25.573,61.174,0,0.251,1335256,1049976,170836,5355928,4458.658,1570.459,0,180.512,0,13.037,2772,3983,2.290,1.250,0.650,3,0,431.224,0,0,10,28,6,39,0
14-06 06:15:39,66.233,28.743,4.249,0,0,1526184,858992,170844,5355976,8398.825,1693.561,0,699.819,0,47.988,2933,6123,2.290,1.250,0.650,6,0,670.826,0,0,10,29,6,39,0
14-06 06:15:40,73.760,20.753,4.001,0,0,1446500,938484,170856,5356148,6115.838,1694.232,0,1008.138,0,72.010,5610,11211,2.740,1.360,0.690,7,0,437.060,0,0,10,29,6,39,0
14-06 06:15:41,83.989,14.498,2.000,0,0,1557340,827252,170872,5356492,7132.080,1619.791,0,2383.693,0,155.980,4988,8724,2.740,1.360,0.690,7,0,227.971,0,0,10,28,6,39,0
14-06 06:15:42,84.759,11.251,3.750,0,0,1643436,740680,170888,5356944,4761.495,1458.152,0,116.012,0,7.001,4872,8280,2.740,1.360,0.690,6,0,71.007,0,0,10,31,6,40,0
14-06 06:15:43,79.003,13.001,6.000,0,0,1660780,722680,170904,5357560,4969.209,1620.068,0,180.008,0,12.001,8828,54113,2.740,1.360,0.690,5,0,42.002,0,0,10,32,6,40,0
14-06 06:15:44,77.995,17.499,4.500,0.250,0,1499292,883692,170916,5357964,6090.574,1619.887,0,1283.910,0,53.996,4547,14140,2.740,1.360,0.690,7,0,135.990,0,0,10,29,6,40,0
14-06 06:15:45,80.003,14.751,5.000,0,0,1608240,774312,170916,5358388,6142.233,2676.102,0,2540.097,0,79.003,5753,10933,3.010,1.440,0.720,6,0,21.001,0,0,10,29,6,40,0
14-06 06:15:46,83.499,10.750,5.250,0.250,0,1666740,714048,171140,5359896,182260.906,14031.916,0,1895.989,0,82.000,6217,14609,3.010,1.440,0.720,5,0,75.000,0,0,10,34,6,39,0
14-06 06:15:47,74.502,11.750,12.250,0.500,0,1629340,749528,171552,5361092,62652.566,21154.529,0,3144.079,0,145.004,4708,23310,3.010,1.440,0.720,4,0,55.001,0,0,10,33,6,42,0
14-06 06:15:48,79.989,16.498,3.749,0.250,0,1549068,820308,171976,5369428,1750353.200,24611.530,0,3631.488,0,101.986,5869,12338,3.010,1.440,0.720,8,0,185.974,0,0,10,30,6,42,0
14-06 06:15:49,87.801,10.975,0.998,0,0,1682204,682516,172312,5373044,18926.113,4835.044,0,1225.224,0,33.923,2875,5815,3.010,1.440,0.720,10,0,31.928,0,0,10,32,6,42,0
14-06 06:15:50,79.660,14.529,4.509,0.251,0,1560784,802572,172584,5373920,88641.727,9032.109,0,2008.026,0,83.167,4444,12024,3.250,1.510,0.750,7,0,137.275,0,0,10,32,6,42,0
14-06 06:15:51,85.776,12.004,2.501,0.250,0,1631824,729008,172920,5375656,205819.981,10462.201,0,1944.595,0,77.024,5123,11040,3.250,1.510,0.750,7,0,74.023,0,0,10,30,6,42,0
14-06 06:15:52,82.146,12.197,5.476,0,0,1601508,758548,173092,5376136,104026.064,9958.120,0,1852.025,0,96.584,5152,9567,3.250,1.510,0.750,8,0,78.661,0,0,10,32,6,42,0
14-06 06:15:53,81.810,15.057,3.011,0,0,1590992,768640,173096,5376540,4803.219,1626.168,0,7552.647,0,209.796,4572,13789,3.250,1.510,0.750,8,0,138.525,0,0,10,31,6,42,0
14-06 06:15:54,84.712,12.458,3.239,0,0,1625464,708556,173128,5401336,13444335.038,31498.033,0,10253.180,0,48.834,5681,6693,3.250,1.510,0.750,8,0,65.777,0,0,10,32,6,42,0
14-06 06:15:55,81.059,14.054,3.764,0,0,1617768,697316,173464,5419304,8342109.807,29070.876,0,15017.276,0,160.613,5999,11774,3.550,1.610,0.780,7,0,97.371,0,0,10,32,6,42,0
14-06 06:15:56,82.763,13.502,3.501,0,0,1598444,702864,173624,5432284,6482911.851,17874.771,0,7497.162,0,68.011,5723,13748,3.550,1.610,0.780,8,0,129.020,0,0,10,30,6,42,0
14-06 06:15:57,83.475,14.996,1.250,0,0,1539352,760876,173728,5433156,7885.674,1693.500,71.979,919.729,1.000,42.987,3255,11598,3.550,1.610,0.780,6,0,161.952,0,0,10,30,6,43,0
14-06 06:15:58,78.934,15.487,5.495,0,0,1565184,734240,173808,5433812,6134.871,1618.647,0,619.482,0,19.983,4085,9304,3.550,1.610,0.780,7,0,120.899,0,0,10,31,6,41,0
14-06 06:15:59,79.833,13.264,5.756,0,0,1541884,755616,173912,5435536,7533.790,1695.753,0,2955.056,0,45.047,4536,11332,3.550,1.610,0.780,6,0,68.070,0,0,10,30,6,42,0
14-06 06:16:00,83.503,15.000,2.250,0,0,1558296,729732,174628,5442668,5354.171,1458.047,0,1376.044,0,27.001,3420,7472,3.660,1.660,0.800,7,0,66.002,0,0,10,31,6,42,0
14-06 06:16:01,79.489,14.248,5.499,0,0,1587600,699592,174676,5443448,6272.166,1619.785,0,907.879,0,47.994,5252,10836,3.660,1.660,0.800,7,0,97.987,0,0,10,30,6,42,0
14-06 06:16:02,86.511,10.251,3.500,0,0,1519212,767832,174680,5443584,5312.680,1620.207,0,268.034,0,19.002,2978,5502,3.660,1.660,0.800,9,0,132.017,0,0,10,33,6,40,0
14-06 06:16:03,81.356,13.476,3.494,1.497,0,1574136,648152,175900,5502040,4996.152,1691.005,0,5422.397,0,213.622,6136,11576,3.660,1.660,0.800,7,0,57.897,0,0,10,36,6,40,0
14-06 06:16:04,81.647,16.780,0.751,0,0,1591584,574876,184880,5539340,4990.007,1697.063,0,12722.965,0,212.383,2723,3886,3.660,1.660,0.800,7,0,77.139,0,0,10,34,6,40,0
14-06 06:16:05,78.498,16.250,5.750,0,0,1494660,650520,188284,5552936,4558.872,1735.951,0,6671.813,0,41.999,4049,8664,3.770,1.720,0.830,6,0,172.995,0,0,10,35,6,41,0
14-06 06:16:06,85.683,12.490,0.999,0.500,0,1602656,537388,188908,5556324,5495.708,1456.862,0,2198.283,0,53.958,3225,21115,3.770,1.720,0.830,7,0,67.947,0,0,10,34,6,38,0
14-06 06:16:07,79.814,15.763,4.504,0,0,1495044,644680,188912,5556632,43217.661,1695.360,0,364.292,0,26.021,4867,29107,3.770,1.720,0.830,7,0,154.124,0,0,10,34,6,38,0
14-06 06:16:08,81.987,15.997,1.250,0,0,1566236,573128,188912,5556988,8359.671,1619.742,0,459.927,0,17.997,2363,5044,3.770,1.720,0.830,6,0,40.993,0,0,10,34,6,37,0
14-06 06:16:09,79.202,17.739,2.748,0.250,0,1410512,775636,188928,5512308,7886.182,1966.798,3.998,1543.057,0.999,46.971,3497,11210,3.770,1.720,0.830,7,0,322.803,0,0,10,32,6,38,0
14-06 06:16:10,80.488,17.997,1.500,0,0,1585272,597024,188936,5516144,5375.183,1619.754,75.988,1583.759,1.000,21.997,3673,8635,3.870,1.770,0.850,8,0,210.968,0,0,10,32,6,38,0
14-06 06:16:11,75.075,20.020,4.004,0,0,1398304,774728,188936,5525244,7182.182,1769.770,0,1297.297,0,40.040,5900,13510,3.870,1.770,0.850,6,0,447.447,0,0,10,32,6,38,0
14-06 06:16:12,68.332,19.702,11.721,0,0,1527752,645048,188940,5525492,22831.993,1550.197,0,323.207,0,13.966,5565,11386,3.870,1.770,0.850,4,0,436.928,0,0,10,34,6,38,0
14-06 06:16:13,62.223,11.245,24.989,0,0.250,1442976,729560,188944,5525748,10677.302,1565.311,0,619.727,0,46.979,4055,8165,3.870,1.770,0.850,4,0,128.943,0,0,10,32,6,41,0
14-06 06:16:14,63.807,9.008,27.775,0,0,1522936,649256,188944,5526092,10152.015,1621.440,0,384.341,0,32.028,3489,9483,3.870,1.770,0.850,6,0,0,0,0,10,34,6,42,0
14-06 06:16:15,56.857,12.273,30.808,0,0.250,1429764,742132,188952,5526380,5494.351,1623.058,0,376.710,0,27.051,3016,7617,3.800,1.790,0.860,3,0,234.442,0,0,10,32,6,43,0
14-06 06:16:16,45.480,6.247,47.729,0.500,0,1422464,749832,188956,5526448,5442.551,1619.271,0,18663.601,0,476.785,3096,6691,3.800,1.790,0.860,3,0,6.997,0,0,10,33,6,42,0
14-06 06:16:17,42.144,7.731,48.627,0,0,1442840,729312,188956,5526592,5193.901,1615.925,0,231.416,0,11.970,1818,3248,3.800,1.790,0.860,2,0,63.839,0,0,10,33,6,42,0
14-06 06:16:18,34.593,18.299,46.375,0.251,0,1353116,818988,188960,5526636,6077.385,1624.379,0,509.373,0,48.130,3392,6487,3.800,1.790,0.860,3,0,346.935,0,0,10,32,6,41,0
14-06 06:16:19,42.214,8.243,49.458,0,0,1459364,712732,188960,5526644,5775.080,1530.696,0,267.772,0,11.990,1514,1987,3.800,1.790,0.860,2,0,31.973,0,0,10,33,6,41,0
14-06 06:16:20,43.800,8.760,48.055,0,0,1395156,776756,188960,5526828,5614.406,1695.935,0,304.347,0,23.026,3078,6680,3.650,1.800,0.870,3,0,76.087,0,0,10,32,6,38,0
14-06 06:16:21,44.750,6.250,48.750,0,0,1460492,711236,188960,5527012,5889.971,1619.992,0,175.999,0,12.000,2121,5684,3.650,1.800,0.870,4,0,0,0,0,10,34,6,38,0
14-06 06:16:22,32.661,17.452,49.615,0,0,1370828,800700,188960,5527212,5502.007,1615.597,0,283.228,0,23.935,3616,6924,3.650,1.800,0.870,2,0,371.986,0,0,10,32,6,36,0
14-06 06:16:23,23.499,3.000,72.997,0.250,0,1399784,771720,188960,5527236,8557.623,1713.925,0,303.987,0,25.999,1906,3330,3.650,1.800,0.870,2,0,0,0,0,10,32,6,36,0
14-06 06:16:24,17.549,9.527,72.703,0,0,1385016,786484,188960,5527240,6586.383,1462.081,0,5523.416,0,232.649,1716,1940,3.650,1.800,0.870,3,0,99.277,0,0,10,32,6,36,0
14-06 06:16:25,20.945,5.236,72.309,0,0,1338632,832716,188960,5527392,6892.837,1615.743,0,303.201,0,26.929,1937,3217,3.440,1.780,0.870,2,0,52.861,0,0,10,32,6,31,0
14-06 06:16:26,20.265,6.254,72.802,0.250,0,1392552,778792,188960,5527396,6094.376,1621.164,0,1340.963,0,87.063,1524,2018,3.440,1.780,0.870,1,0,43.031,0,0,10,32,6,31,0
14-06 06:16:27,21.530,4.757,72.101,0,0,1345028,826284,188960,5527428,7892.057,1696.377,0,176.247,0,20.028,2177,4269,3.440,1.780,0.870,1,0,30.042,0,0,10,32,6,27,0
14-06 06:16:28,21.749,4.500,73.748,0,0.250,1400460,770844,188960,5527436,5810.831,1511.956,0,111.997,0,8.000,1058,1503,3.440,1.780,0.870,1,0,0,0,0,10,32,6,27,0
14-06 06:16:29,21.751,6.000,72.004,0,0.250,1354284,816856,188960,5527600,6175.371,1640.098,0,112.007,0,8.000,2045,4387,3.440,1.780,0.870,1,0,56.003,0,0,10,32,6,23,0
14-06 06:16:30,23.458,2.745,73.119,0,0.250,1397344,773792,188960,5527604,8854.160,1617.107,0,1377.536,0,3.993,1282,2052,3.250,1.770,0.870,1,0,0,0,0,10,33,6,23,0
14-06 06:16:31,17.786,9.018,72.645,0.251,0,1372768,798352,188972,5527608,5284.553,1623.242,0,2965.923,0,32.064,1638,2241,3.250,1.770,0.870,1,0,91.182,0,0,10,32,6,22,0
14-06 06:16:32,21.205,5.239,72.845,0.249,0,1336616,834480,188976,5527628,5155.046,1616.565,0,351.254,0,24.947,1712,3188,3.250,1.770,0.870,1,0,21.953,0,0,10,32,6,24,0
14-06 06:16:33,18.261,8.505,72.043,0,0,1385692,785396,188980,5527632,4860.917,1620.973,0,1432.860,0,77.046,1518,1964,3.250,1.770,0.870,1,0,77.046,0,0,10,32,6,23,0
14-06 06:16:34,20.249,6.500,72.496,0,0,1337648,833412,188984,5527656,5171.736,1619.917,0,127.993,0,15.999,2166,3709,3.250,1.770,0.870,1,0,81.996,0,0,10,32,6,23,0
14-06 06:16:35,21.490,5.497,72.466,0.500,0,1395980,775072,188988,5527660,4951.668,1565.263,0,179.915,0,7.996,1096,1368,3.070,1.760,0.870,1,0,17.992,0,0,10,32,6,23,0
14-06 06:16:36,22.997,4.749,71.992,0,0.250,1354348,816544,188988,5527820,22798.310,1585.813,0,239.972,0,19.998,2932,5215,3.070,1.760,0.870,2,0,31.996,0,0,10,32,6,26,0
14-06 06:16:37,23.752,5.501,70.257,0,0,1390780,780044,188988,5527836,24287.259,1620.151,0,113358.542,0,288.027,2153,2832,3.070,1.760,0.870,1,0,0,0,0,10,33,5,26,0
14-06 06:16:38,19.295,10.024,69.915,0,0,1333284,837368,188988,5528008,7653.046,1623.829,0,144.340,0,9.021,3678,6305,3.070,1.760,0.870,1,0,209.494,0,0,10,32,5,26,0
14-06 06:16:39,33.239,12.746,53.482,0,0,1440004,730356,189000,5528284,6594.745,1619.446,0,459.843,0,33.988,2490,3704,3.070,1.760,0.870,2,0,276.905,0,0,10,32,5,28,0
14-06 06:16:40,42.007,6.751,47.758,2.750,0,1527748,638908,189124,5531796,5824.955,1620.266,316.052,8637.417,18.003,891.146,5777,9581,2.980,1.760,0.870,2,0,53.009,0,0,10,36,5,28,0
14-06 06:16:41,39.252,10.001,41.253,9.751,0,1473472,687864,189624,5536540,5187.316,1500.092,0,36034.198,0,3873.236,17257,29692,2.980,1.760,0.870,3,0,91.006,0,0,10,36,5,28,0
14-06 06:16:42,43.993,6.499,44.243,3.249,0,1487888,673464,189884,5536260,4408.308,1619.746,0,39633.777,0,2090.672,8396,13952,2.980,1.760,0.870,2,0,9.998,0,0,10,32,5,28,0
14-06 06:16:43,45.758,4.251,49.508,0.500,0,1473228,688104,189956,5536244,5116.844,1620.267,0,2016.333,0,257.042,2848,4183,2.980,1.760,0.870,3,0,2.000,0,0,10,34,5,27,0
14-06 06:16:44,38.994,8.249,49.742,3.000,0,1454532,705804,190404,5536792,5033.164,1619.731,0,19220.809,0,2675.556,14347,26148,2.980,1.760,0.870,2,0,7.999,0,0,10,32,5,27,0
14-06 06:16:45,23.497,4.749,70.242,0,0,1413328,746968,190428,5536808,5467.410,1693.817,0,4787.483,0,360.961,1979,2493,2.820,1.750,0.880,1,0,92.990,0,0,10,32,5,27,0
14-06 06:16:46,22.751,2.500,74.003,0.250,0,1459180,701104,190440,5536808,5002.215,1694.073,0,828.036,0,49.002,1179,1572,2.820,1.750,0.880,1,0,4.000,0,0,10,32,5,27,0
14-06 06:16:47,22.954,4.242,71.857,0.499,0,1424924,735384,190468,5536848,5981.056,1455.094,0,11109.814,0,579.842,2105,2599,2.820,1.750,0.880,2,0,0.998,0,0,10,32,5,24,0
14-06 06:16:48,22.511,3.752,73.787,0,0.250,1353848,806440,190468,5536868,5056.513,1694.842,0,92.046,0,12.006,988,1193,2.820,1.750,0.880,2,0,3.001,0,0,10,32,5,24,0
14-06 06:16:49,22.508,3.001,74.275,0,0,1425160,735124,190468,5536868,5704.928,1620.548,0,0,0,0,830,1128,2.820,1.750,0.880,2,0,2.001,0,0,10,32,5,23,0
14-06 06:16:50,22.485,2.998,74.201,0,0,1357360,802912,190468,5536880,7119.287,1618.928,0,0,0,0,883,1075,2.760,1.750,0.880,2,0,0.999,0,0,10,32,5,23,0
14-06 06:16:51,23.000,3.000,73.752,0,0,1436712,723560,190468,5536880,4499.094,1620.034,0,4.000,0,1.000,930,1167,2.760,1.750,0.880,1,0,2.000,0,0,10,32,5,23,0
14-06 06:16:52,22.803,2.756,73.670,0,0,1373920,786304,190468,5536928,4226.781,1697.929,0,32.074,0,1.002,811,1037,2.760,1.750,0.880,2,0,1.002,0,0,10,32,5,23,0
14-06 06:16:53,21.750,3.750,74.252,0,0,1439692,720532,190468,5536928,7924.174,1458.032,0,188.004,0,2.000,812,1147,2.760,1.750,0.880,2,0,2.000,0,0,10,32,5,23,0
14-06 06:16:54,24.246,2.500,73.239,0,0,1366508,793612,190472,5537028,5571.136,1845.714,0,427.934,0,18.997,1155,1601,2.760,1.750,0.880,2,0,1.000,0,0,10,32,6,23,0
14-06 06:16:55,22.197,2.993,73.824,0,0,1378920,781124,190484,5537060,5705.364,1689.961,0,291.304,0,22.945,965,1151,2.620,1.740,0.880,1,0,0.998,0,0,10,32,6,23,0
14-06 06:16:56,23.001,3.000,73.502,0,0,1448968,711072,190484,5537060,6555.203,1620.050,0,0,0,0,959,1228,2.620,1.740,0.880,1,0,4.000,0,0,10,32,6,23,0
14-06 06:16:57,25.309,4.761,70.413,0,0,1406852,753156,190484,5539156,5065.753,1697.939,0,4.009,0,1.002,1190,2841,2.620,1.740,0.880,3,0,33.077,0,0,10,32,6,23,0
14-06 06:16:58,24.254,4.001,71.763,0,0,1402428,757560,190484,5537112,5827.078,1620.300,0,0,0,0,1398,1972,2.620,1.740,0.880,1,0,3.001,0,0,10,32,6,24,0
14-06 06:16:59,22.750,2.500,74.002,0,0.250,1458088,701896,190484,5537116,10970.230,1500.032,0,0,0,0,1007,1119,2.620,1.740,0.880,1,0,2.000,0,0,10,32,6,22,0
14-06 06:17:00,12.746,14.245,71.726,0,0.250,1353064,806764,190488,5537268,5388.222,1735.427,0,491.838,0,5.998,2178,3178,2.490,1.730,0.880,1,0,273.910,0,0,10,32,6,22,0
14-06 06:17:01,9.490,18.480,70.425,0,0,1357956,801584,190488,5537556,4046.686,1734.151,0,755.195,0,12.986,3046,4815,2.490,1.730,0.880,3,0,445.525,0,0,10,32,6,22,0
14-06 06:17:02,8.500,20.250,69.501,0,0,1357792,801712,190488,5537592,4380.044,1694.017,0,284.003,0,4.000,3082,4782,2.490,1.730,0.880,2,0,459.005,0,0,10,32,6,22,0
14-06 06:17:03,17.232,10.489,71.926,0,0,1407328,752172,190488,5537592,5142.682,1618.327,0,3.996,0,0.999,1779,2525,2.490,1.730,0.880,2,0,162.832,0,0,10,32,6,22,0
14-06 06:17:04,22.000,4.000,73.501,0.250,0.250,1465508,693992,190488,5537592,4289.056,1500.020,0,188.002,0,13.000,1117,1557,2.490,1.730,0.880,1,0,2.000,0,0,10,32,6,22,0
14-06 06:17:05,22.248,3.250,73.745,0,0,1415872,743628,190488,5537592,3914.726,1619.887,0,307.978,0,22.998,897,1216,2.450,1.730,0.890,1,0,1.000,0,0,10,32,6,21,0
14-06 06:17:06,22.242,3.249,73.724,0,0,1462220,697260,190488,5537612,7107.456,1619.420,0,19.993,0,1.000,943,1206,2.450,1.730,0.890,1,0,3.999,0,0,10,32,6,21,0
14-06 06:17:07,22.754,3.000,73.762,0,0,1419372,740124,190488,5537596,43504.048,1620.262,0,0,0,0,881,1080,2.450,1.730,0.890,1,0,1.000,0,0,10,32,6,21,0
14-06 06:17:08,24.247,2.000,73.990,0,0,1460176,699300,190488,5537612,4579.359,1619.773,0,15.998,0,1.000,798,1097,2.450,1.730,0.890,1,0,2.000,0,0,10,32,6,21,0
14-06 06:17:09,22.509,3.001,73.529,0,0,1429452,730036,190488,5537600,4976.961,1620.639,0,8.003,0,2.001,861,1056,2.450,1.730,0.890,1,0,1.000,0,0,10,32,6,21,0
14-06 06:17:10,23.000,2.500,73.999,0,0,1355080,804396,190488,5537612,4626.963,1605.987,0,63.999,0,3.000,849,1040,2.330,1.720,0.890,1,0,3.000,0,0,10,32,6,20,0
14-06 06:17:11,22.742,3.999,73.475,0,0.250,1436244,723252,190488,5537592,5536.118,1619.449,0,0,0,0,948,1120,2.330,1.720,0.890,1,0,1.999,0,0,10,32,6,20,0
14-06 06:17:12,23.016,2.752,73.552,0,0,1366352,793124,190488,5537612,5969.214,1621.145,0,2089.475,0,10.007,961,1101,2.330,1.720,0.890,1,0,1.001,0,0,10,32,6,20,0
14-06 06:17:13,22.242,3.749,73.974,0,0,1442692,716796,190488,5537600,5041.215,1619.427,0,0,0,0,952,1110,2.330,1.720,0.890,2,0,1.999,0,0,10,32,6,20,0
14-06 06:17:14,23.499,2.000,73.498,0,0,1381468,778024,190488,5537596,6589.776,1619.945,0,219.993,0,12.000,1077,1423,2.330,1.720,0.890,2,0,1.000,0,0,10,32,6,16,0
14-06 06:17:15,23.252,2.750,73.255,0,0,1449004,710488,190496,5537588,13022.886,1620.110,0,300.020,0,25.002,1008,1226,2.220,1.710,0.890,2,0,2.000,0,0,10,32,6,16,0
14-06 06:17:16,23.498,3.000,73.494,0.250,0,1384548,775000,190496,5537528,9316.245,1457.882,0,683.945,0,121.990,1047,1129,2.220,1.710,0.890,2,0,3.000,0,0,10,32,6,14,0
14-06 06:17:17,21.251,4.000,74.004,0,0,1453340,706208,190496,5537528,6351.305,1694.081,0,0,0,0,942,1104,2.220,1.710,0.890,2,0,2.000,0,0,10,32,6,14,0
14-06 06:17:18,24.249,1.750,73.248,0,0,1381464,778000,190496,5537612,6314.836,1619.958,0,499.987,0,63.998,957,1044,2.220,1.710,0.890,2,0,1.000,0,0,10,32,6,12,0
14-06 06:17:19,23.501,2.750,73.502,0,0.250,1397488,761984,190496,5537604,6168.185,1620.049,0,12.000,0,1.000,893,1100,2.220,1.710,0.890,2,0,1.000,0,0,10,32,6,12,0
14-06 06:17:20,22.749,2.750,74.246,0,0,1458472,701000,190496,5537604,5293.741,1619.921,0,0,0,0,871,1082,2.130,1.700,0.890,2,0,2.000,0,0,10,32,6,11,0
14-06 06:17:21,22.500,3.000,73.750,0,0,1410356,749124,190496,5537604,5376.016,1458.004,0,76.000,0,4.000,873,1048,2.130,1.700,0.890,1,0,1.000,0,0,10,32,6,11,0
14-06 06:17:22,23.057,3.258,73.684,0,0,1416284,743188,190496,5537612,5180.916,1666.154,0,20.050,0,1.002,882,1047,2.130,1.700,0.890,1,0,1.002,0,0,10,32,6,10,0
14-06 06:17:23,22.999,2.500,73.997,0,0,1460372,699088,190496,5537624,4950.807,1619.937,0,31.999,0,2.000,876,1110,2.130,1.700,0.890,1,0,2.000,0,0,10,32,6,10,0
14-06 06:17:24,12.470,16.211,69.833,0.249,0,1364144,795252,190516,5537668,6460.585,1709.920,0,774.153,0,35.914,3152,4874,2.130,1.700,0.890,1,0,391.067,0,0,10,32,6,10,0
14-06 06:17:25,22.751,3.750,73.504,0.250,0,1437288,721920,190516,5537856,6954.417,1620.097,0,296.018,0,23.001,994,1232,2.040,1.680,0.890,1,0,0,0,0,10,32,6,10,0
14-06 06:17:26,21.551,3.759,73.673,0,0,1396624,762528,190516,5537912,6526.330,1609.781,0,0,0,0,1025,1255,2.040,1.680,0.890,2,0,11.026,0,0,10,32,6,10,0
14-06 06:17:27,23.204,2.745,73.605,0,0,1445008,714144,190516,5537912,6727.773,1690.676,0,3.992,0,0.998,910,1095,2.040,1.680,0.890,1,0,0,0,0,10,32,6,10,0
14-06 06:17:28,11.013,19.523,68.581,0,0,1357908,801152,190516,5538004,11177.267,1621.925,0,116.138,0,5.006,3128,4698,2.040,1.680,0.890,1,0,460.547,0,0,10,32,6,10,0
14-06 06:17:29,9.238,20.974,69.413,0,0.250,1356744,802292,190516,5538028,9612.897,1691.870,0,279.648,0,5.992,3056,4611,2.040,1.680,0.890,1,0,425.464,0,0,10,32,6,10,0
14-06 06:17:30,9.261,21.025,69.332,0,0.501,1358252,800740,190516,5538064,8162.665,1621.920,0,712.844,0,12.014,3129,4789,2.030,1.690,0.900,1,0,469.556,0,0,10,32,6,8,0
14-06 06:17:31,10.250,19.501,68.753,0,0.250,1357956,801008,190516,5538092,5830.245,1458.061,0,1300.055,0,16.001,3238,5094,2.030,1.690,0.900,1,0,518.022,0,0,10,32,6,8,0
14-06 06:17:32,9.256,21.514,69.294,0,0,1358416,800524,190516,5538116,5543.492,1621.021,0,1440.908,0,49.031,3262,5081,2.030,1.690,0.900,2,0,522.329,0,0,10,32,6,7,0
14-06 06:17:33,8.993,18.735,70.442,0,0,1360468,798444,190516,5538144,5980.114,1692.617,0,299.755,0,9.992,2847,4376,2.030,1.690,0.900,1,0,404.669,0,0,10,32,6,7,0
14-06 06:17:34,8.247,19.992,69.974,0,0,1361496,797388,190516,5538172,6226.659,1531.424,0,143.946,0,5.998,2810,4166,2.030,1.690,0.900,1,0,389.853,0,0,10,32,6,6,0
14-06 06:17:35,21.020,26.025,53.302,0.250,0,1397604,761212,190532,5538220,6416.230,1695.646,0,584.568,0,27.026,3853,6208,1.950,1.680,0.900,3,0,642.624,0,0,10,32,6,8,0
14-06 06:17:36,69.019,27.007,4.251,0.250,0,1547024,599672,191604,5545432,5429.504,1620.449,3773.045,1340.371,20.006,60.017,9002,6734,1.950,1.680,0.900,4,0,653.181,0,0,10,32,6,9,0
14-06 06:17:37,74.755,14.751,7.000,2.500,0,1676060,461616,191996,5553224,43658.881,1694.112,412.027,19065.258,5.000,1489.098,8361,14397,1.950,1.680,0.900,6,0,78.005,0,0,10,38,6,10,0
14-06 06:17:38,60.985,14.746,14.996,8.748,0,1640952,484420,192908,5564176,8681.908,1619.610,0,92665.668,0,6909.335,27009,44721,1.950,1.680,0.900,4,1,177.957,0,0,10,36,6,10,0
14-06 06:17:39,61.254,12.501,18.001,7.250,0,1681220,432040,193216,5575508,8494.544,1458.093,0,76524.898,0,5919.379,24777,41617,1.950,1.680,0.900,5,0,75.005,0,0,10,37,6,10,0
14-06 06:17:40,62.743,15.248,13.998,6.249,0,1552416,550952,193564,5584744,6942.236,1619.822,0,68700.443,0,5424.403,18797,35620,2.030,1.700,0.910,3,1,135.985,0,0,10,34,6,8,0
14-06 06:17:41,56.257,17.752,18.752,7.751,0,1571664,523352,193980,5592364,5584.720,1768.228,0,72337.332,0,5547.716,21717,38873,2.030,1.700,0.910,5,1,211.027,0,0,10,35,6,8,0
14-06 06:17:42,46.970,9.494,33.978,7.245,0,1512808,578604,194292,5595500,4979.793,1618.957,0,46046.346,0,4000.424,18618,35867,2.030,1.700,0.910,6,1,77.950,0,0,10,34,6,10,0
14-06 06:17:43,40.623,8.224,45.359,4.486,0,1561564,528836,194612,5596172,6503.734,1614.968,0,37499.153,0,3458.224,16721,27336,2.030,1.700,0.910,4,0,42.866,0,0,10,34,6,10,0
14-06 06:17:44,37.836,8.519,43.599,8.269,0,1569444,520044,194712,5596944,4299.808,1461.333,0,60538.087,0,4685.688,17439,37102,2.030,1.700,0.910,3,0,21.048,0,0,10,35,6,13,0
14-06 06:17:45,41.524,8.755,41.274,8.505,0,1535548,551428,194860,5599236,5647.247,1620.932,0,26831.428,0,2769.593,14507,28009,2.110,1.720,0.920,4,0,107.062,0,0,10,34,6,15,0
14-06 06:17:46,42.022,8.504,39.771,10.005,0,1569316,514636,194932,5602092,5432.814,1620.840,0,39024.215,0,3636.884,16043,30671,2.110,1.720,0.920,3,0,44.023,0,0,10,35,6,16,0
14-06 06:17:47,34.017,10.255,42.772,9.755,0,1509888,569524,195124,5606248,5702.886,1620.820,0,63320.040,0,5342.703,19455,41286,2.110,1.720,0.920,4,0,61.031,0,0,10,36,6,19,0
14-06 06:17:48,39.432,7.737,41.678,10.482,0,1561712,514088,195328,5609568,6582.658,1617.214,0,36960.317,0,3770.503,16106,29066,2.110,1.720,0.920,1,1,109.811,0,0,10,36,6,19,0
14-06 06:17:49,39.064,9.265,43.070,9.265,0,1570260,503532,195492,5611340,6895.267,1622.651,0,51972.924,0,4440.255,21145,39824,2.110,1.720,0.920,1,1,21.034,0,0,10,37,6,21,0
14-06 06:17:50,38.398,9.225,45.379,6.233,0,1547928,530104,195628,5606944,4637.641,1689.497,0,44413.638,0,4004.328,18496,33119,2.100,1.730,0.930,2,0,72.806,0,0,10,34,6,22,0
14-06 06:17:51,34.525,12.759,51.036,1.251,0,1456356,621608,195628,5607004,4417.145,1533.092,0,18469.150,0,1069.762,5371,9339,2.100,1.730,0.930,1,0,212.151,0,0,10,32,6,22,0
14-06 06:17:52,20.503,5.251,73.260,0.250,0,1444384,633576,195628,5607008,6991.930,1620.215,0,3844.511,0,245.033,1283,1566,2.100,1.730,0.930,1,0,34.005,0,0,10,32,6,22,0
14-06 06:17:53,20.278,5.758,72.601,0,0,1411744,666204,195628,5607020,5129.109,1622.248,0,1273.765,0,90.125,1884,3060,2.100,1.730,0.930,1,0,60.083,0,0,10,32,6,22,0
14-06 06:17:54,22.244,3.749,72.979,0,0,1451520,626416,195632,5607028,8617.570,1619.543,0,779.780,0,44.987,1631,2837,2.100,1.730,0.930,1,0,0,0,0,10,33,6,22,0
14-06 06:17:55,21.459,5.240,72.610,0.749,0,1422764,655008,195632,5607188,5737.926,1616.879,0,2742.707,0,154.701,2387,3963,2.090,1.730,0.940,1,0,42.917,0,0,10,32,6,24,0
14-06 06:17:56,22.251,3.750,72.253,0,0.250,1449168,628576,195632,5607212,5912.231,1512.059,0,132.005,0,16.001,2300,4396,2.090,1.730,0.940,1,0,2.000,0,0,10,32,6,24,0
14-06 06:17:57,10.508,19.014,69.301,0.250,0.250,1389604,688040,195632,5607312,6283.612,1641.205,0,312.229,0,17.012,2333,3069,2.090,1.730,0.940,1,0,267.196,0,0,10,32,6,24,0
14-06 06:17:58,13.009,23.517,62.546,0,0.500,1390612,686964,195632,5607380,15453.265,1621.182,0,856.624,0,8.006,3000,8112,2.090,1.730,0.940,1,0,362.264,0,0,10,32,6,25,0
14-06 06:17:59,46.808,17.271,34.543,0,0,1503980,573432,195644,5607532,5533.862,1696.103,0,945.172,0,70.087,2916,4282,2.090,1.730,0.940,3,0,284.353,0,0,10,32,6,30,0
14-06 06:18:00,64.112,10.727,24.697,0,0,1685444,389580,195688,5609580,5482.230,1658.439,0,718.457,0,28.938,1408,1440,2.170,1.750,0.950,3,0,0,0,0,10,32,6,30,0
14-06 06:18:01,58.621,8.518,28.308,3.758,0,1776396,290864,195844,5616728,5960.290,1623.347,0,19476.160,0,1556.209,8284,14143,2.170,1.750,0.950,5,0,87.180,0,0,10,38,6,30,0
14-06 06:18:02,38.745,9.999,37.246,13.748,0,1777476,274736,196036,5631184,8075.039,1457.827,0,106875.282,0,7934.056,33516,59578,2.170,1.750,0.950,3,0,254.970,0,0,10,38,6,30,0
14-06 06:18:03,40.737,8.997,38.238,11.746,0,1778916,260892,196208,5642980,4216.655,1661.470,0,70001.669,0,5705.180,23774,42740,2.170,1.750,0.950,9,0,167.946,0,0,10,38,6,30,0
14-06 06:18:04,42.717,13.240,29.477,15.488,0,1708888,319572,196408,5653764,4190.786,1660.726,0,98624.355,0,7886.951,27291,48381,2.170,1.750,0.950,2,2,249.808,0,0,10,36,6,30,0
14-06 06:18:05,49.514,10.503,29.258,11.003,0,1770668,244040,196496,5667004,4671.313,1620.455,0,98239.605,0,7232.032,24575,45275,2.390,1.810,0.970,2,0,15.004,0,0,10,36,6,30,0
14-06 06:18:06,48.885,8.979,31.426,9.228,0,1658860,348836,196544,5673668,3878.846,1690.012,0,67033.800,0,5266.571,19834,37042,2.390,1.810,0.970,4,0,118.720,0,0,10,36,6,30,0
14-06 06:18:07,22.515,15.260,61.040,1.251,0,1401140,606524,196552,5673692,44360.145,1621.065,0,12596.276,0,651.428,4033,5784,2.390,1.810,0.970,1,0,249.164,0,0,10,32,5,30,0
14-06 06:18:08,21.252,4.501,73.008,0.250,0,1467640,540024,196552,5673692,5316.617,1512.175,0,2048.238,0,208.024,1473,1653,2.390,1.810,0.970,1,0,1.000,0,0,10,32,5,30,0
14-06 06:18:09,24.054,2.255,73.163,0.501,0,1514496,493264,196552,5673692,6796.149,1569.498,0,7889.586,0,277.619,1672,2354,2.390,1.810,0.970,1,0,0,0,0,10,36,5,30,0
14-06 06:18:10,21.698,4.240,73.325,0,0,1416028,591728,196552,5673696,6404.738,1616.149,0,183.563,0,14.964,1370,1927,2.280,1.790,0.970,1,0,26.936,0,0,10,32,5,30,0
14-06 06:18:11,21.754,3.751,73.514,0,0,1480536,527220,196552,5673696,6784.303,1620.311,0,40.008,0,4.001,948,1171,2.280,1.790,0.970,1,0,1.000,0,0,10,32,5,30,0
14-06 06:18:12,23.767,1.751,73.302,0.250,0,1392100,615648,196552,5673704,5681.045,1621.154,0,472.336,0,39.028,1167,1631,2.280,1.790,0.970,1,0,3.002,0,0,10,32,5,30,0
14-06 06:18:13,12.769,32.548,52.577,0.250,0,1396592,611088,196552,5673764,8906.092,1514.226,0,216.318,0,20.029,4412,7446,2.280,1.790,0.970,2,0,910.338,0,0,10,32,5,30,0
14-06 06:18:14,13.475,35.932,49.656,0,0,1398884,608752,196552,5673824,5570.494,1563.052,0,383.277,0,37.928,4994,8824,2.280,1.790,0.970,1,0,1091.941,0,0,10,32,5,30,0
14-06 06:18:15,8.499,15.999,72.995,0,0,1386740,620292,196588,5674372,5776.607,1693.885,515.965,119.992,7.000,6.000,2482,3411,2.180,1.780,0.970,1,0,229.984,0,0,11,12,5,30,20
14-06 06:18:16,10.227,18.708,70.343,0,0.499,1392264,614720,196588,5674400,4883.130,1690.238,0,11.973,0,2.993,2380,3504,2.180,1.780,0.970,1,0,267.405,0,0,11,12,5,30,20
14-06 06:18:17,13.559,17.827,66.287,0,0.251,1398144,608636,196588,5674548,4837.963,1627.050,0,20.087,0,5.022,3582,5721,2.180,1.780,0.970,1,0,210.914,0,0,11,12,5,30,20
14-06 06:18:18,26.474,20.729,52.198,0,0,1434312,571904,196604,5675016,6365.666,1530.477,31.968,0,0.999,0,3183,7393,2.180,1.780,0.970,2,0,311.690,0,0,11,12,5,30,20
14-06 06:18:19,10.992,22.234,66.703,0,0,1439936,566060,196604,5675196,6399.463,1618.852,0,27.980,0,6.995,2437,3562,2.180,1.780,0.970,1,0,256.818,0,0,13,12,5,30,20
14-06 06:18:20,20.253,18.752,59.758,0.250,0,1454396,551536,196604,5675208,5272.664,1620.204,0,312.039,0,7.001,5009,8366,2.080,1.770,0.970,3,0,188.024,0,0,13,12,5,30,20
14-06 06:18:21,21.513,20.513,56.535,0,0.250,1495124,510524,196608,5675484,4763.939,1621.000,4.002,20.012,1.001,5.003,2816,4405,2.080,1.770,0.970,1,0,352.217,0,0,15,12,5,30,20
14-06 06:18:22,13.243,19.240,66.217,0,0,1507168,498312,196608,5675632,5638.175,1693.152,0,499.750,0,32.983,3611,6653,2.080,1.770,0.970,1,0,205.897,0,0,15,12,5,30,20
14-06 06:18:23,33.295,14.019,52.572,0,0,1571944,433424,196612,5675688,6659.096,1459.994,0,672.919,0,10.014,3326,7757,2.080,1.770,0.970,5,0,120.164,0,0,17,12,5,30,20
14-06 06:18:24,87.525,12.254,0,0,0,1769396,235860,196636,5675740,5718.636,1940.555,0,1544.442,0,116.033,2053,2261,2.080,1.770,0.970,13,0,10.003,0,0,17,12,6,30,20
14-06 06:18:25,83.002,15.750,0.750,0,0,1978664,123904,194112,5581568,5384.140,1694.044,1008.026,5524.144,21.001,285.007,2533,3197,3.040,1.970,1.040,11,0,42.001,0,0,17,12,6,30,20
14-06 06:18:26,29.233,16.491,52.970,0.250,0,1976684,193120,194032,5515208,5869.684,1619.085,1834.963,11.993,28.984,2.998,2481,3679,3.040,1.970,1.040,2,0,177.899,0,0,17,12,6,30,20
14-06 06:18:27,10.745,19.242,68.970,0.250,0.500,1979992,187764,194032,5517256,5587.569,1619.296,2015.123,19.991,51.977,4.998,2658,3897,3.040,1.970,1.040,3,0,251.890,0,0,17,12,6,30,20
14-06 06:18:28,15.230,17.727,65.165,0.250,0.250,1981968,184340,194032,5519100,7479.292,1691.804,1330.273,15.979,28.962,3.995,4323,8000,3.040,1.970,1.040,1,0,177.769,0,0,17,12,6,30,20
14-06 06:18:29,26.049,12.774,59.112,0.501,0,2022216,140960,194036,5521884,8837.703,1502.840,3157.969,0,79.150,0,2605,3882,3.040,1.970,1.040,1,0,169.320,0,0,17,12,6,30,20
14-06 06:18:30,11.731,8.237,79.121,0.250,0,2043076,121088,194040,5520876,5285.380,1733.173,223.635,443.277,6.989,3.993,1720,2593,2.870,1.950,1.040,1,0,77.873,0,0,18,12,6,31,20
14-06 06:18:31,21.534,6.009,71.112,0.501,0,2098576,126212,193960,5461332,5342.425,1622.559,16.025,2920.606,3.005,267.422,1633,2031,2.870,1.950,1.040,1,0,14.022,0,0,18,12,6,31,20
14-06 06:18:32,23.198,3.991,70.343,0.499,0.249,2069544,171648,193896,5445440,4713.489,1602.427,1057.641,754.318,18.958,54.878,2870,5377,2.870,1.950,1.040,1,0,0,0,0,18,18,6,36,0
14-06 06:18:33,10.760,21.019,67.311,0,0,2068220,172720,193896,5445692,6983.313,1621.466,200.181,148.134,6.005,9.008,2881,4188,2.870,1.950,1.040,1,0,312.282,0,0,18,18,6,36,0
14-06 06:18:34,8.751,19.753,70.762,0,0,2074968,165940,193896,5445724,4995.854,1620.277,4.001,100.017,1.000,4.001,2787,4076,2.870,1.950,1.040,2,0,260.044,0,0,18,18,6,36,0
14-06 06:18:35,11.242,20.236,66.953,0.250,0,2072312,167384,193896,5446936,6372.488,1618.854,1183.162,23.983,20.985,5.996,2895,4384,2.720,1.940,1.040,1,0,281.800,0,0,18,18,6,36,0
14-06 06:18:36,12.001,19.001,67.255,0,0.250,2072636,166900,193896,5447424,4907.334,1620.110,0,24.002,0,6.000,3491,5940,2.720,1.940,1.040,1,0,230.016,0,0,18,18,6,34,0
14-06 06:18:37,32.260,16.755,49.516,0,0,2117080,120912,193904,5449076,45542.300,1620.509,1432.450,60.019,25.008,3.001,4233,8325,2.720,1.940,1.040,2,0,192.060,0,0,18,19,6,34,0
14-06 06:18:38,45.339,8.266,45.840,0.501,0.250,2201160,128348,193372,5359876,6231.182,1460.856,12.024,3090.041,1.002,328.642,2090,2148,2.720,1.940,1.040,2,0,0,0,0,18,19,6,29,0
14-06 06:18:39,51.144,4.491,42.661,0.249,0,2277812,128796,192528,5285208,9576.101,1616.641,1169.570,5320.943,88.815,280.417,2917,8220,2.720,1.940,1.040,2,0,6.985,0,0,18,35,6,29,0
14-06 06:18:40,29.745,12.748,56.491,0.250,0.250,2321860,125916,191472,5245392,8193.632,1767.705,1083.819,1131.811,91.985,126.979,2589,3443,2.670,1.940,1.050,1,0,125.979,0,0,18,34,6,29,0
14-06 06:18:41,15.766,11.762,70.822,0.501,0,2336816,124724,191156,5232324,5037.133,1621.652,1273.297,1245.269,49.050,175.179,2438,3378,2.670,1.940,1.050,2,0,132.135,0,0,18,34,6,29,0
14-06 06:18:42,3.246,2.497,92.626,0.250,0,2370284,136148,190776,5188884,36640.085,3599.195,71.904,335.552,11.984,22.969,1309,2154,2.670,1.940,1.050,1,0,0.999,0,0,18,35,6,29,0
14-06 06:18:43,1.750,1.000,95.230,0,0.250,2370036,135392,190776,5189884,83656.516,3137.344,919.808,399.916,14.997,25.995,1294,2064,2.670,1.940,1.050,0,0,0,0,0,18,35,6,30,0
14-06 06:18:44,2.000,1.000,96.515,0,0,2370004,135392,190780,5189912,47684.582,2250.358,4.001,156.025,1.000,5.001,1060,1780,2.670,1.940,1.050,0,0,0,0,0,18,35,6,27,0
14-06 06:18:45,10.523,7.767,77.420,3.007,0,2403340,140280,189616,5153840,34240.397,2417.323,4938.875,4425.745,174.384,293.647,2998,4391,2.530,1.920,1.050,1,0,52.115,0,0,18,34,6,28,0
14-06 06:18:46,16.973,9.734,68.890,2.246,0,2413916,154596,188712,5131516,6222.032,1617.409,2172.520,4780.342,299.520,146.765,2893,3952,2.530,1.920,1.050,1,0,41.933,0,0,18,34,6,24,0
14-06 06:18:47,19.036,11.021,70.381,0.751,0,2433568,131492,188976,5133520,5138.599,1697.170,2156.027,6688.494,410.767,330.618,3343,4343,2.530,1.920,1.050,1,0,40.075,0,0,18,34,6,24,0
14-06 06:18:48,14.468,11.475,71.094,0.249,0,2425316,154448,188564,5119756,5185.654,1616.463,359.214,2035.546,3.991,101.777,2246,3034,2.530,1.920,1.050,1,0,59.869,0,0,18,34,6,20,0
14-06 06:18:49,23.744,3.749,72.232,0.250,0.250,2453272,126268,188596,5119900,5263.721,1457.646,175.957,79.981,17.996,3.999,1511,2122,2.530,1.920,1.050,1,0,19.995,0,0,18,34,6,20,0
14-06 06:18:50,21.750,4.750,72.501,0,0,2458796,120724,188600,5119916,7811.156,1620.032,4.000,0,1.000,0,1671,2182,2.410,1.910,1.040,1,0,26.001,0,0,18,34,6,18,0
14-06 06:18:51,15.007,10.755,71.534,1.251,0.250,2389752,233228,188916,5076784,5348.567,1620.778,4450.136,20.010,120.058,3.001,2272,3379,2.410,1.910,1.040,1,0,132.063,0,0,18,34,6,18,0
14-06 06:18:52,16.008,20.261,62.283,0.250,0,2390760,229384,188968,5079732,7190.804,1620.857,2817.490,36.019,84.044,2.001,4792,9184,2.410,1.910,1.040,3,0,222.118,0,0,18,34,6,17,0
14-06 06:18:53,2.993,1.995,93.282,0,0.249,2390528,229136,188972,5080048,4859.619,1616.215,474.888,3.991,22.946,0.998,1415,2511,2.410,1.910,1.040,1,0,26.937,0,0,18,34,6,17,0
14-06 06:18:54,2.254,1.503,96.176,0,0.250,2390456,229136,188976,5080116,5695.445,1622.977,8.015,360.661,2.004,7.013,1092,1913,2.410,1.910,1.040,1,0,3.006,0,0,18,34,6,17,0
14-06 06:18:55,1.998,0.999,96.422,0.250,0,2390520,229136,188976,5080052,5214.807,1564.742,0,303.756,0,10.991,1142,1985,2.220,1.880,1.040,0,0,2.998,0,0,18,34,6,17,0
14-06 06:18:56,4.000,2.250,93.247,0,0,2385452,234180,188976,5080076,4765.843,1659.945,23.999,8.000,6.000,2.000,1092,1769,2.220,1.880,1.040,0,0,3.000,0,0,18,34,6,15,0
14-06 06:18:57,11.283,11.784,74.967,0,0,2325648,293692,188980,5080380,9368.074,1698.910,44.128,4.012,2.006,1.003,3356,6463,2.220,1.880,1.040,1,0,168.487,0,0,18,34,6,15,0
14-06 06:18:58,17.222,20.217,61.650,0,0,2370196,249084,188980,5080436,4427.849,1617.388,55.910,7.987,4.992,1.997,5392,9855,2.220,1.880,1.040,1,0,296.521,0,0,18,34,6,15,0
14-06 06:18:59,12.740,20.234,65.696,0.250,0,2383172,234532,188988,5082316,5414.587,1930.427,1446.821,0,49.959,0,3729,7158,2.220,1.880,1.040,1,0,249.796,0,0,19,34,6,15,0
14-06 06:19:00,15.248,12.748,70.989,0,0,2381632,236096,188992,5081952,7036.937,1661.749,3.999,331.950,1.000,13.998,4140,6452,3.560,2.160,1.140,1,0,182.972,0,0,19,34,6,9,0
14-06 06:19:01,6.503,9.754,82.285,0,0.250,2385576,232136,188992,5081968,6984.934,1458.613,0,0,0,0,1936,3056,3.560,2.160,1.140,1,0,135.057,0,0,21,34,6,9,0
14-06 06:19:02,17.017,16.266,65.315,0,0.250,2390184,227536,188992,5081976,6962.977,1621.625,0,32.032,0,7.007,5345,10444,3.560,2.160,1.140,1,0,175.176,0,0,21,36,6,9,0
14-06 06:19:03,10.486,17.976,69.159,0,0,2389040,228596,188992,5082012,6839.027,1691.780,0,19.974,0,4.993,2844,4318,3.560,2.160,1.140,1,0,284.627,0,0,21,36,6,9,0
14-06 06:19:04,12.531,20.802,65.915,0,0.501,2391804,225636,188992,5082520,7329.323,1740.351,8.020,36.090,2.005,9.023,3648,6013,3.560,2.160,1.140,10,0,285.714,0,0,21,36,6,9,0
14-06 06:19:05,26.751,18.001,54.253,0,0,2420884,196440,189024,5082264,4306.202,1574.074,88.004,200.009,9.000,6.000,4467,7386,3.440,2.160,1.140,3,0,269.013,0,0,21,36,6,9,0
14-06 06:19:06,36.010,15.754,47.263,0,0,2491840,125248,189028,5082500,4587.303,1620.460,4.001,60.017,1.000,8.002,5070,10109,3.440,2.160,1.140,2,0,175.050,0,0,21,36,6,9,0
14-06 06:19:07,25.442,6.485,66.597,0,0,2522472,122112,188484,5056348,42061.595,1690.126,63.854,5251.963,4.989,563.708,2612,3791,3.440,2.160,1.140,1,0,9.977,0,0,21,44,6,13,0
14-06 06:19:08,23.542,4.258,71.376,0,0,2601424,127600,187556,4974772,4563.081,1622.874,8.014,597.057,2.004,7.012,1449,2202,3.440,2.160,1.140,1,0,7.012,0,0,21,44,6,13,0
14-06 06:19:09,10.471,2.742,84.019,0,0,2621644,119352,187560,4963104,5729.216,1747.187,0,3.989,0,0.997,2380,4108,3.440,2.160,1.140,0,0,1.995,0,0,21,44,6,13,0
14-06 06:19:10,1.754,3.258,93.469,1.002,0,2609836,144736,187144,4950112,5207.190,1623.801,288.676,37868.651,20.047,100.235,1469,2307,3.160,2.120,1.130,2,1,24.056,0,0,21,44,6,13,0
14-06 06:19:11,14.968,15.717,67.357,0.499,0,2619940,134668,187144,4950672,5387.530,1602.588,99.788,12820.705,6.985,255.456,4796,9557,3.160,2.120,1.130,1,0,196.581,0,0,21,42,6,13,0
14-06 06:19:12,13.758,18.010,66.787,0.250,0,2620640,133716,187144,4950968,5951.267,1620.890,272.149,4.002,14.008,1.001,4190,7802,3.160,2.120,1.130,1,0,251.138,0,0,21,42,6,13,0
14-06 06:19:13,21.029,15.522,61.585,0,0.250,2627180,127172,187144,4950940,5260.296,1622.250,4.006,204.283,1.001,10.014,5029,12997,3.160,2.120,1.130,9,0,174.242,0,0,19,34,6,14,0
14-06 06:19:14,18.515,17.765,62.803,0.250,0.250,2619484,135856,186984,4949700,4752.973,1621.355,0,2193.834,0,328.274,4518,8543,3.160,2.120,1.130,5,0,293.245,0,0,21,38,6,14,0
14-06 06:19:15,26.500,20.750,51.500,0,0.250,2423556,331548,186984,4949924,4939.975,1511.992,80.000,183.999,3.000,2.000,4340,9153,2.990,2.100,1.130,3,0,282.999,0,0,21,36,6,18,0
14-06 06:19:16,30.239,22.742,45.983,0,0,2483092,271960,186984,4949976,5890.815,1565.419,0,119.955,0,7.997,4053,7309,2.990,2.100,1.130,2,0,616.771,0,0,21,36,6,18,0
14-06 06:19:17,47.159,18.714,32.936,0,0,2577132,177456,186988,4950424,5803.758,1616.868,31.938,3.992,2.994,0.998,6062,10547,2.990,2.100,1.130,2,0,258.499,0,0,21,44,6,22,0
14-06 06:19:18,43.599,9.020,46.606,0,0,2671444,137996,186284,4897188,5774.073,1623.676,0,3343.570,0,288.654,2309,2402,2.990,2.100,1.130,2,0,8.018,0,0,21,44,6,22,0
14-06 06:19:19,31.429,7.483,61.612,0,0,2721220,128484,186412,4857368,5982.575,1616.373,0,0,0,0,2765,6166,2.990,2.100,1.130,1,0,3.991,0,0,21,44,6,22,0
14-06 06:19:20,22.779,5.257,62.580,7.259,0,2734520,134392,187428,4837640,5167.604,1624.076,1241.587,25320.359,77.099,1628.081,8236,14372,2.830,2.080,1.130,2,0,5.006,0,0,21,46,6,22,0
14-06 06:19:21,26.438,7.482,55.121,9.478,0,2756120,156660,187572,4794256,6301.224,1690.037,0,19594.052,0,2080.122,14040,27047,2.830,2.080,1.130,1,1,6.984,0,0,22,44,6,23,0
14-06 06:19:22,28.806,19.287,50.348,0.751,0.250,2883072,129572,187376,4696792,5973.595,1623.151,52.101,8941.355,8.016,622.208,6318,16020,2.830,2.080,1.130,1,0,181.352,0,0,22,71,6,33,0
14-06 06:19:23,10.003,19.256,68.270,0,0,2888812,132720,187380,4687996,5192.485,1620.463,32.009,692.198,5.001,40.011,2951,4455,2.830,2.080,1.130,1,0,273.078,0,0,22,71,6,33,0
14-06 06:19:24,12.752,19.754,66.513,0.500,0,2895032,125696,187384,4688796,6516.225,1714.322,652.123,4600.865,10.002,246.046,3609,5572,2.830,2.080,1.130,1,0,292.055,0,0,22,71,6,33,0
14-06 06:19:25,20.763,14.259,63.540,0,0,2898660,127100,187384,4684348,5210.293,1458.922,876.554,80.051,15.009,5.003,5555,8616,2.680,2.070,1.130,3,0,133.084,0,0,22,71,6,33,0
14-06 06:19:26,51.614,12.218,35.406,0,0,3019444,136236,187392,4557620,6355.197,1615.728,147.610,15.958,5.984,3.989,2071,2990,2.680,2.070,1.130,2,0,116.691,0,0,22,72,6,33,0
14-06 06:19:27,24.258,13.504,59.519,0.500,0,3057360,127608,187408,4528988,7655.427,1620.514,176.056,1264.401,10.003,82.026,3054,5093,2.680,2.070,1.130,2,0,152.048,0,0,22,75,6,34,0
14-06 06:19:28,8.998,19.496,69.984,0,0.250,3062248,122572,187408,4529136,6140.588,1693.610,0,147.966,0,12.997,2807,4177,2.680,2.070,1.130,2,0,241.944,0,0,22,75,6,34,0
14-06 06:19:29,8.514,17.779,70.116,0,0.501,3064004,128768,187408,4521400,11384.888,1696.815,0,40.066,0,4.007,2782,4106,2.680,2.070,1.130,1,0,260.432,0,0,22,75,6,34,0
14-06 06:19:30,10.753,19.005,69.020,0.750,0,3057200,138700,187412,4518348,6372.842,1548.448,4.001,5921.711,1.000,407.118,3771,5004,2.550,2.050,1.130,1,0,280.081,0,0,22,75,6,34,0
14-06 06:19:31,10.478,19.460,68.609,0,0.249,3071236,124632,187412,4518380,5633.429,1616.679,0,127.738,0,5.988,3270,5203,2.550,2.050,1.130,2,0,282.420,0,0,22,77,6,33,0
14-06 06:19:32,17.295,20.303,60.408,0.501,0,3078944,123108,187412,4512644,5499.425,1624.260,48.126,1796.713,2.005,266.700,5111,8298,2.550,2.050,1.130,1,0,333.876,0,0,22,91,6,33,0
14-06 06:19:33,26.755,16.503,55.261,0,0,3106568,121900,187416,4486368,5250.071,1620.331,4.001,740.151,1.000,152.031,5379,8268,2.550,2.050,1.130,4,0,354.072,0,0,22,91,6,28,0
14-06 06:19:34,34.419,20.452,43.897,0,0,3163344,130916,187416,4422052,5522.040,1616.207,3.991,195.541,0.998,14.965,4519,8971,2.550,2.050,1.130,3,0,457.925,0,0,22,91,6,28,0
14-06 06:19:35,51.117,22.551,24.556,0,0,3297680,133624,187440,4286760,18742.752,1461.333,28.064,3680.395,6.014,521.189,7987,15309,2.420,2.030,1.130,3,0,326.745,0,0,24,103,6,28,0
14-06 06:19:36,52.958,24.480,21.483,0,0,3399264,125736,187360,4194660,7968.625,1692.646,159.872,4036.771,33.973,300.759,3608,5978,2.420,2.030,1.130,3,0,435.651,0,0,24,103,6,28,0
14-06 06:19:37,59.523,18.757,21.008,0.250,0,3471624,121968,187336,4127776,42084.455,1620.634,0,520.203,0,40.016,9028,20124,2.420,2.030,1.130,2,0,225.088,0,0,24,123,5,28,0
14-06 06:19:38,30.240,26.491,41.486,0,0,3537056,129184,187336,4056652,5317.245,1619.466,0,571.811,0,26.991,3507,5860,2.420,2.030,1.130,3,0,421.861,0,0,24,123,5,28,0
14-06 06:19:39,21.013,22.013,55.783,0.250,0,3562588,133136,187344,4027812,13480.034,1620.966,4.002,6403.817,1.001,464.277,4183,5703,2.420,2.030,1.130,4,0,378.225,0,0,25,123,5,28,0
14-06 06:19:40,13.708,19.689,64.800,0.249,0,3571668,145680,187344,4007008,6327.461,1453.512,0,291.101,0,21.932,4041,6924,2.390,2.030,1.130,1,0,244.246,0,0,25,123,5,28,0
14-06 06:19:41,24.574,18.556,54.664,0,0,3599864,127928,187344,3996376,6059.178,1667.001,0,292.879,0,15.045,4819,9262,2.390,2.030,1.130,2,0,223.671,0,0,25,123,5,28,0
14-06 06:19:42,31.007,22.005,44.761,0.250,0,3657784,131416,187344,3936048,7960.919,1620.391,0,244.059,0,25.006,3326,5595,2.390,2.030,1.130,2,0,382.092,0,0,25,125,5,28,0
14-06 06:19:43,38.494,22.497,38.494,0.250,0,3750248,126220,187344,3850152,8186.747,1619.752,0,7198.899,0,745.886,9186,14455,2.390,2.030,1.130,2,0,211.968,0,0,25,137,5,29,0
14-06 06:19:44,31.498,23.499,43.997,0,0.250,3808904,123184,187308,3795004,7207.589,1619.908,459.974,427.976,21.999,52.997,3887,6452,2.390,2.030,1.130,2,0,526.970,0,0,25,137,5,29,0
14-06 06:19:45,31.740,26.242,41.237,0.250,0,3888892,134988,187288,3703884,7026.864,1693.485,283.914,1107.663,7.998,134.959,6333,12026,2.440,2.050,1.140,2,0,536.837,0,0,25,149,5,27,0
14-06 06:19:46,11.998,18.496,67.237,0,0.500,3898048,125952,187288,3703820,5677.910,1531.706,0,227.956,0,15.997,3218,5004,2.440,2.050,1.140,1,0,274.947,0,0,25,149,5,27,0
14-06 06:19:47,17.007,19.508,61.276,0,0,3904532,127972,187288,3695392,5699.451,1620.697,0,228.098,0,21.009,4970,8126,2.440,2.050,1.140,3,0,203.087,0,0,25,149,5,27,0
14-06 06:19:48,38.732,12.994,45.729,1.249,0.250,4003268,126568,187268,3598916,7126.658,1693.206,2994.596,5057.628,126.940,420.803,3423,4214,2.440,2.050,1.140,2,0,111.947,0,0,25,149,5,27,0
14-06 06:19:49,47.228,7.497,44.979,0,0,4090460,127668,187212,3510908,6196.144,1619.254,155.928,315.854,28.987,38.982,1933,2370,2.440,2.050,1.140,2,0,0,0,0,25,149,5,27,0
14-06 06:19:50,35.033,10.010,54.802,0.751,0,4031768,246164,187168,3451584,6912.595,1663.587,72.069,352.336,8.008,33.032,2739,4521,2.400,2.040,1.150,6,0,111.106,0,0,25,156,5,27,0
14-06 06:19:51,37.236,24.991,36.736,0,0,4107464,168948,187168,3453104,6852.458,1457.459,207.923,235.912,10.996,13.995,5583,11719,2.400,2.040,1.150,3,0,469.826,0,0,25,157,5,27,0
14-06 06:19:52,43.978,23.988,29.485,0.500,0,4149112,129840,187168,3450980,7625.180,1693.152,3662.165,639.680,68.965,47.976,5872,12033,2.400,2.040,1.150,3,0,414.792,0,0,25,169,5,28,0
14-06 06:19:53,63.792,20.263,15.510,0,0,4184276,120448,187160,3425772,5690.784,1621.078,76.051,10022.665,2.001,500.333,5820,10738,2.400,2.040,1.150,6,0,169.112,0,0,25,175,5,28,0
14-06 06:19:54,78.010,16.002,4.751,0.250,0,4311948,132284,187028,3288928,5251.672,1620.207,2172.278,4860.622,53.007,163.021,4456,8968,2.400,2.040,1.150,8,0,101.013,0,0,25,191,5,30,0
14-06 06:19:55,75.755,17.001,3.000,4.000,0,4339180,126740,187052,3267224,10224.624,1846.113,5972.364,2360.144,504.031,142.009,6102,15502,2.610,2.090,1.170,5,0,57.003,0,0,25,194,6,32,0
14-06 06:19:56,50.241,27.995,19.247,0.250,0,4385088,154076,186992,3194716,6696.862,1693.712,511.913,567.903,21.996,38.993,6231,15413,2.610,2.090,1.170,7,0,468.920,0,0,25,192,6,35,0
14-06 06:19:57,40.510,25.256,32.258,0.250,0,4364496,168644,186992,3201092,6317.516,1458.350,656.157,612.147,26.006,36.009,8745,41406,2.610,2.090,1.170,2,0,235.056,0,0,25,191,6,35,0
14-06 06:19:58,53.991,21.996,23.996,0.250,0,4376776,177272,186972,3179912,5130.169,1693.726,259.958,783.873,29.995,54.991,5206,11936,2.610,2.090,1.170,3,0,450.927,0,0,25,195,6,37,0
14-06 06:19:59,53.482,23.992,19.993,0.250,0,4463920,118408,186948,3152348,7472.504,1703.431,931.689,21460.832,38.987,711.762,6932,11633,2.610,2.090,1.170,3,0,280.906,0,0,25,196,6,37,0
14-06 06:20:00,58.027,22.010,18.258,0.750,0,4468952,149300,186924,3116516,5932.759,1662.773,1184.551,8447.928,89.041,652.303,9237,21628,2.800,2.140,1.190,3,0,459.214,0,0,25,199,6,39,0
14-06 06:20:01,57.749,23.750,18.000,0,0,4572436,124340,186848,3040032,7456.866,1693.970,115.998,279.995,6.000,17.000,6048,11371,2.800,2.140,1.190,4,0,301.995,0,0,25,201,6,39,0
14-06 06:20:02,70.995,13.749,14.499,0.500,0,4645372,129420,186764,2963984,6182.598,1767.885,371.976,6479.579,32.998,603.961,6902,12941,2.800,2.140,1.190,4,0,118.992,0,0,25,211,6,41,0
14-06 06:20:03,71.752,11.250,16.250,0.500,0,4753060,123988,186660,2864060,4951.124,1458.036,1052.026,692.017,69.002,70.002,4209,10225,2.800,2.140,1.190,4,0,3.000,0,0,25,221,6,44,0
14-06 06:20:04,51.845,14.207,32.652,0.499,0,4749988,157928,186652,2834204,50156.780,17320.126,618.149,1156.536,61.815,116.651,6689,11873,2.800,2.140,1.190,3,0,125.624,0,0,25,229,6,47,0
14-06 06:20:05,32.300,21.283,45.320,0.250,0,4723764,183872,186656,2834448,5110.855,1622.494,60.092,640.985,8.012,50.077,4791,8739,2.820,2.160,1.200,2,0,399.614,0,0,25,229,6,47,0
14-06 06:20:06,35.904,19.448,42.636,0,0,4773120,134200,186656,2834792,4606.728,1615.696,0,382.980,0,24.934,4928,8617,2.820,2.160,1.200,2,0,294.216,0,0,25,229,6,47,0
14-06 06:20:07,57.463,16.812,26.599,0.251,0,4791920,128524,186644,2822284,42755.366,1626.023,28.104,6243.125,4.015,536.989,5916,8530,2.820,2.160,1.200,3,0,197.732,0,0,26,232,6,47,0
14-06 06:20:08,65.513,9.252,23.755,1.500,0,4916272,118856,186508,2710748,5728.151,1620.326,1672.336,652.131,139.028,34.007,3881,6589,2.820,2.160,1.200,4,0,2.000,0,0,26,232,6,43,0
14-06 06:20:09,60.242,11.998,26.747,0.750,0,4948572,127248,186480,2670816,6329.184,1457.812,771.900,2483.680,59.992,288.963,5435,8826,2.820,2.160,1.200,4,0,110.986,0,0,26,233,6,44,0
14-06 06:20:10,28.413,7.976,61.064,0.249,0,4921516,163060,186480,2662080,11493.966,3298.945,59.818,669.958,5.982,62.809,3500,6474,2.590,2.120,1.190,2,0,114.651,0,0,26,236,6,45,0
14-06 06:20:11,24.993,4.249,69.230,0.250,0.250,4973824,122492,186464,2650440,23041.502,5343.493,55.984,4838.636,4.999,425.880,2765,3159,2.590,2.120,1.190,2,0,0,0,0,26,237,6,45,0
14-06 06:20:12,17.260,5.003,75.043,0.500,0,4920452,173112,186464,2653192,2774539.262,19487.127,0,524.299,0,48.027,3623,5218,2.590,2.120,1.190,1,0,38.022,0,0,26,238,6,45,0
14-06 06:20:13,11.988,15.484,68.931,0.499,0.250,4926972,146180,186468,2673600,18902457.835,82693.059,2061.932,879.118,23.976,116.883,7237,4995,2.590,2.120,1.190,1,0,199.800,0,0,26,239,6,46,0
14-06 06:20:14,24.581,7.274,66.972,0.251,0,4972492,121680,186448,2652808,4964.422,1462.839,56.186,1705.642,3.010,120.398,2743,4263,2.590,2.120,1.190,1,0,66.219,0,0,26,251,6,45,0
14-06 06:20:15,25.929,2.992,69.311,0,0,4982488,124004,186436,2640600,7500.591,1615.604,0,107.707,0,11.967,3251,6355,2.460,2.100,1.190,4,0,0,0,0,26,257,6,46,0
14-06 06:20:16,26.222,3.996,68.427,0.499,0,4994540,124996,186428,2627660,8764.631,1618.270,403.569,387.586,21.977,39.957,3870,8138,2.460,2.100,1.190,1,0,2.997,0,0,26,260,6,43,0
14-06 06:20:17,25.510,4.252,68.276,0.250,0.500,4998536,120740,186428,2627920,5623.103,1736.650,16.006,388.145,1.000,40.015,4185,8287,2.460,2.100,1.190,3,0,1.000,0,0,26,263,6,45,0
14-06 06:20:18,21.555,13.284,60.906,2.256,0,4945364,198492,186376,2603484,6891.650,1624.159,942.414,36557.624,19.049,471.207,6488,11139,2.460,2.100,1.190,1,0,119.306,0,0,26,259,6,49,0
14-06 06:20:19,21.210,8.235,69.370,0.250,0,4999944,143552,186380,2603824,5606.471,1616.963,199.625,323.393,18.964,24.953,2292,3789,2.460,2.100,1.190,1,0,90.829,0,0,26,261,6,49,0
14-06 06:20:20,21.487,7.745,68.707,0.500,0,4947020,179680,187884,2616588,6147.164,1457.091,163.898,8298.822,20.987,205.872,2289,3365,2.350,2.080,1.190,2,0,8.994,0,0,26,261,6,49,0
14-06 06:20:21,24.586,3.512,70.247,0,0,5004952,121524,187920,2616744,6267.029,1625.714,12.042,188.663,3.011,11.039,4153,7738,2.350,2.080,1.190,1,0,4.014,0,0,26,261,6,49,0
14-06 06:20:22,26.450,5.739,67.124,0.250,0,5027996,130188,187368,2586428,5247.141,1616.962,0,642.792,0,20.961,12594,24286,2.350,2.080,1.190,1,0,0,0,0,26,261,6,39,0
14-06 06:20:23,23.735,4.997,70.955,0,0,5034580,123600,187368,2586432,4488.128,1618.964,0,0,0,0,1646,2389,2.350,2.080,1.190,1,0,0,0,0,26,261,6,39,0
14-06 06:20:24,24.251,4.500,70.254,0,0,5038516,119400,187368,2586696,6388.319,1714.086,0,124.006,0,8.000,4079,7445,2.350,2.080,1.190,2,0,3.000,0,0,26,261,6,40,0
14-06 06:20:25,22.983,5.746,69.697,0.250,0.250,5039124,118896,187368,2586696,4702.426,1456.893,0,27551.061,0,205.844,2149,3278,2.240,2.070,1.190,2,0,0,0,0,26,261,6,40,0
14-06 06:20:26,25.740,6.747,66.475,0,0,5045960,145184,186816,2555152,4470.342,1767.344,11.996,3398.739,2.999,137.949,2087,3184,2.240,2.070,1.190,1,0,22.991,0,0,26,265,6,40,0
14-06 06:20:27,26.807,2.004,68.895,0.251,0,5049404,141720,186816,2555172,6268.226,1697.582,28.059,677.429,4.008,65.137,2052,3286,2.240,2.070,1.190,2,0,20.042,0,0,26,267,6,41,0
14-06 06:20:28,28.192,0.748,70.355,0.249,0,5057864,133152,186816,2555280,7210.104,1616.660,0,143.703,0,15.967,1675,2406,2.240,2.070,1.190,3,0,0.998,0,0,26,269,6,40,0
14-06 06:20:29,27.089,10.534,61.702,0.502,0,4953872,236364,186844,2556036,5805.997,1699.561,272.893,72.236,41.135,3.010,2745,4387,2.240,2.070,1.190,2,0,255.837,0,0,26,269,6,40,0
14-06 06:20:30,20.930,9.718,68.771,0,0.249,4995732,194456,186844,2556084,6540.208,1614.620,0,255.150,0,24.917,2861,4642,2.140,2.050,1.190,1,0,191.362,0,0,26,269,6,40,0
14-06 06:20:31,18.775,11.766,69.343,0,0,4960868,229216,186848,2556104,4222.646,1459.952,0,24849.223,0,105.141,2635,4056,2.140,2.050,1.190,1,0,132.177,0,0,26,269,6,40,0
14-06 06:20:32,10.013,19.275,69.091,0,0,4965492,224564,186848,2556132,6315.317,1622.136,0,108.142,0,11.015,3197,5092,2.140,2.050,1.190,2,0,266.351,0,0,26,269,6,40,0
14-06 06:20:33,9.474,10.222,79.031,0,0.249,4961944,228052,186848,2556192,4962.250,1689.319,23.934,0,1.994,0,2805,4643,2.140,2.050,1.190,1,0,262.273,0,0,26,269,6,40,0
14-06 06:20:34,10.509,2.752,84.569,0.250,0,4992436,197560,186848,2556192,4557.737,1695.390,0,128.105,0,9.007,1821,3052,2.140,2.050,1.190,1,0,9.007,0,0,26,269,6,40,0
14-06 06:20:35,23.500,4.250,70.751,0,0,5025184,164800,186848,2556204,4625.074,1694.027,0,124.002,0,16.000,2555,4466,2.050,2.030,1.190,3,0,6.000,0,0,26,271,6,40,0
14-06 06:20:36,16.536,12.527,70.404,0,0.251,4964076,225604,186856,2556544,4854.651,1623.562,112.246,196.431,11.024,11.024,3658,6171,2.050,2.030,1.190,1,0,255.561,0,0,26,273,6,40,0
14-06 06:20:37,11.237,17.729,69.169,0.250,0.250,4965696,223768,186856,2556760,44817.429,1530.205,87.897,275.677,5.993,18.978,3811,6052,2.050,2.030,1.190,2,0,268.685,0,0,26,273,6,40,0
14-06 06:20:38,21.459,6.737,71.364,0,0,5018812,170624,186856,2556788,13794.680,1658.835,3.992,119.771,0.998,8.983,2314,3525,2.050,2.030,1.190,1,0,93.821,0,0,26,273,6,40,0
14-06 06:20:39,23.246,4.499,70.489,0,0,5069992,119892,186856,2556340,6655.922,1619.738,3.999,143.977,1.000,10.998,1779,2609,2.050,2.030,1.190,5,0,0,0,0,26,273,6,40,0
14-06 06:20:40,25.522,3.753,68.308,1.001,0.250,4954924,245924,186732,2545772,8749.446,1513.288,256.218,4483.816,10.009,468.399,3043,3840,1.960,2.010,1.190,1,0,3.003,0,0,26,273,6,40,0
14-06 06:20:41,24.584,4.265,71.244,0,0,5014724,186032,186732,2545864,5819.910,1571.376,40.137,353.208,6.021,20.069,1978,2799,1.960,2.010,1.190,2,0,4.014,0,0,26,273,6,40,0
14-06 06:20:42,24.740,4.248,70.973,0,0,5064504,136172,186732,2545944,4926.094,1767.316,75.971,107.958,1.000,7.997,1927,3000,1.960,2.010,1.190,0,0,1.000,0,0,26,276,6,40,0
14-06 06:20:43,26.421,2.493,68.295,0.499,0,4962284,238044,186828,2546196,4859.393,1615.145,135.592,283.149,9.970,31.904,3128,5462,1.960,2.010,1.190,2,0,15.952,0,0,26,273,6,41,0
14-06 06:20:44,24.499,3.750,70.746,0,0,5017220,183108,186828,2546196,5635.673,1619.906,0,127.993,0,9.999,1821,2514,1.960,2.010,1.190,1,0,0,0,0,26,273,6,41,0
14-06 06:20:45,17.547,10.027,71.190,0,0,4964932,234136,186832,2547452,5792.483,1516.052,1367.656,240.643,18.048,5.013,2731,4137,1.970,2.010,1.190,3,0,189.507,0,0,26,273,6,40,0
14-06 06:20:46,17.226,11.484,70.651,0,0,4962300,236420,186832,2547800,6096.422,1563.800,247.652,7.989,61.913,1.997,3068,4906,1.970,2.010,1.190,1,0,299.578,0,0,26,273,6,40,0
14-06 06:20:47,23.959,4.742,69.130,0.250,0,5002684,195752,186892,2548024,7688.699,1617.202,235.592,2707.316,45.921,149.741,2717,4282,1.970,2.010,1.190,1,0,66.884,0,0,26,273,6,40,0
14-06 06:20:48,25.567,5.264,68.681,0.251,0,5001760,196368,186896,2548328,8303.839,1624.272,188.496,192.506,15.040,6.016,10032,19495,1.970,2.010,1.190,2,0,13.034,0,0,26,273,6,40,0
14-06 06:20:49,23.182,0.997,74.283,0,0,5003936,193696,186924,2548796,15722.123,5350.388,279.185,267.220,6.980,8.974,1903,2836,1.970,2.010,1.190,1,0,0,0,0,26,274,6,40,0
14-06 06:20:50,27.768,2.752,68.043,0.500,0.250,5021480,174584,187068,2550204,4666.982,1737.110,0,716.458,0,40.026,2300,3450,1.890,1.990,1.190,2,0,1.001,0,0,26,278,6,40,0
14-06 06:20:51,26.750,6.250,65.500,0,0,5014428,181520,187068,2550320,5340,1694,8,276,2,16,10061,20171,1.890,1.990,1.190,2,0,12,0,0,26,278,6,40,0
14-06 06:20:52,18.809,12.289,65.958,0,0,4966352,229840,187068,2550076,4335.649,1691.324,0,461.453,0,32.101,3355,5886,1.890,1.990,1.190,1,0,264.834,0,0,26,277,6,40,0
14-06 06:20:53,22.684,4.736,70.545,0,0,5017924,178060,187068,2550284,5716.411,1603.347,0,199.421,0,16.951,1829,2913,1.890,1.990,1.190,1,0,0,0,0,26,277,6,39,0
14-06 06:20:54,25.058,4.761,69.662,0,0,4964796,231156,187068,2550316,5270.222,1665.863,16.037,144.335,1.002,7.016,3153,5571,1.890,1.990,1.190,1,0,33.077,0,0,26,277,6,42,0
14-06 06:20:55,19.953,8.979,69.587,0,0.499,5014136,181796,187068,2550336,7742.874,1616.216,7.981,239.439,0.998,7.981,2201,3402,1.820,1.980,1.190,1,0,78.815,0,0,26,277,6,40,0
14-06 06:20:56,24.795,7.764,66.370,0,0,4986760,207652,187068,2551856,6355.478,1622.931,873.578,64.116,12.022,7.013,2912,4848,1.820,1.980,1.190,2,0,74.134,0,0,26,277,6,40,0
14-06 06:20:57,27.952,4.742,65.887,0.250,0,5030052,163800,187068,2552416,5316.844,1509.401,610.948,327.436,5.990,24.957,2406,3667,1.820,1.980,1.190,1,0,1.997,0,0,26,278,6,36,0
14-06 06:20:58,27.327,7.271,64.683,0,0.251,4991988,201720,187068,2552560,5059.323,1644.656,16.045,220.625,1.003,18.051,3633,13319,1.820,1.980,1.190,2,0,90.256,0,0,26,277,6,37,0
14-06 06:20:59,28.653,3.986,66.773,0,0,5026848,167388,187068,2552032,9438.955,1688.268,0,155.472,0,8.970,2179,3256,1.820,1.980,1.190,1,0,0,0,0,26,277,6,35,0
14-06 06:21:00,24.499,4.500,68.496,0.250,0.250,5000668,193464,187072,2552132,6153.662,1619.911,79.996,443.976,5.000,32.998,2702,4830,1.750,1.960,1.190,2,0,27.998,0,0,26,277,6,37,0
14-06 06:21:01,25.767,4.003,69.797,0,0,5028128,165996,187072,2552140,5097.441,1555.050,0,40.027,0,1.001,2760,4788,1.750,1.960,1.190,2,0,0,0,0,26,279,6,35,0
14-06 06:21:02,24.067,4.262,69.946,0.251,0,5012296,181796,187072,2552172,4814.476,1624.547,16.045,493.381,1.003,60.168,2661,4196,1.750,1.960,1.190,1,0,47.132,0,0,26,277,6,35,0
14-06 06:21:03,24.752,5.500,69.504,0,0,4970712,223236,187072,2552316,4458.276,1566.097,0,116.007,0,9.001,2653,4885,1.750,1.960,1.190,1,0,19.001,0,0,26,277,6,35,0
14-06 06:21:04,23.992,4.498,70.726,0,0,5024076,169872,187072,2552316,5401.164,1619.449,0,127.956,0,8.997,1958,2901,1.750,1.960,1.190,1,0,8.997,0,0,26,277,6,35,0
14-06 06:21:05,21.006,9.503,68.769,0.250,0,4973872,220040,187072,2552352,5254.455,1620.449,0,272.075,0,32.009,3800,7014,1.690,1.950,1.180,1,0,233.065,0,0,26,277,6,29,0
14-06 06:21:06,9.501,21.253,67.509,0,0,4973012,220872,187072,2552380,6023.789,1586.208,0,280.037,0,25.003,4561,7675,1.690,1.950,1.180,1,0,655.086,0,0,26,277,6,29,0
14-06 06:21:07,11.252,20.754,67.512,0,0,4976400,217436,187072,2552412,21843.932,1620.292,0,360.065,0,29.005,4164,7082,1.690,1.950,1.180,2,0,555.100,0,0,26,277,5,29,0
14-06 06:21:08,11.474,20.454,67.348,0,0,4977008,216800,187072,2552440,28522.824,1616.363,0,271.389,0,30.930,4590,7956,1.690,1.950,1.180,2,0,655.525,0,0,26,277,5,29,0
14-06 06:21:09,7.991,22.724,67.424,0,0,4975344,218400,187072,2552472,7134.973,1618.180,0,131.852,0,17.980,4549,7721,1.690,1.950,1.180,3,0,655.263,0,0,26,277,5,29,0
14-06 06:21:10,11.030,22.060,66.933,0.501,0,4976516,217184,187072,2552516,6380.489,1570.304,0,3421.378,0,389.066,5285,8451,1.640,1.930,1.180,3,1,653.792,0,0,26,277,5,29,0
14-06 06:21:11,14.706,12.961,69.791,0.499,0,4985204,208232,187072,2552780,6353.932,1507.476,215.354,953.140,23.928,122.632,4089,6597,1.640,1.930,1.180,2,0,465.603,0,0,26,277,5,27,0
14-06 06:21:12,21.573,8.780,68.734,0.251,0.502,5002328,264216,187320,2487088,6344.591,1625.532,361.229,1822.201,48.164,10.034,10141,19615,1.640,1.930,1.180,1,0,8.027,0,0,26,277,5,27,0
14-06 06:21:13,26.168,2.741,71.277,0,0,5020548,242884,187320,2489784,6581.453,2086.486,0,949.037,0,4.984,1767,2632,1.640,1.930,1.180,1,0,2.991,0,0,26,278,5,27,0
14-06 06:21:14,13.283,1.253,83.209,0.501,0.251,5030388,232552,187324,2490272,20060.271,8959.452,505.266,814.040,32.080,24.060,1764,2705,1.640,1.930,1.180,1,0,0,0,0,26,278,5,27,0
14-06 06:21:15,17.198,1.994,77.765,0.997,0,5031156,230788,187324,2491204,26820.974,16029.575,634.084,1722.795,64.804,59.819,2191,3216,1.580,1.910,1.180,1,0,0,0,0,26,278,5,26,0
14-06 06:21:16,19.496,1.750,76.485,0.750,0,5045652,215416,187328,2492076,15904.883,9895.061,791.845,991.806,43.991,30.994,1936,2929,1.580,1.910,1.180,0,0,2.000,0,0,26,278,5,26,0
14-06 06:21:17,15.754,2.251,80.273,0.750,0,5048476,212140,187328,2492464,20161.726,11290.206,292.083,1096.311,28.008,36.010,1985,2976,1.580,1.910,1.180,1,0,0,0,0,26,278,5,23,0
14-06 06:21:18,25.507,2.501,69.770,1.500,0,5050520,183440,187328,2519024,13818.952,6761.934,13323.811,604.173,271.078,20.006,2296,2994,1.580,1.910,1.180,1,0,0,0,0,26,278,5,23,0
14-06 06:21:19,23.550,4.009,70.901,1.002,0,5057944,148648,187592,2544376,5610.934,1623.453,0,2397.099,0,96.205,2058,3094,1.580,1.910,1.180,2,0,0,0,0,26,278,5,15,0
14-06 06:21:20,21.949,4.988,69.090,1.497,0,5058712,126964,188184,2562720,5468.319,1562.377,0,3755.291,0,185.570,2599,3945,1.620,1.910,1.190,1,0,0,0,0,26,278,5,15,0
14-06 06:21:21,25.501,6.250,68.001,1.000,0,4975272,214776,188648,2556752,6500.143,1686.037,20.000,94590.081,3.000,649.014,3364,3941,1.620,1.910,1.190,1,0,1.000,0,0,26,279,5,15,0
14-06 06:21:22,26.348,6.022,67.502,0,0.251,5026524,161512,188648,2558732,6045.550,1626.065,96.359,224.839,10.037,14.052,10035,19711,1.620,1.910,1.190,2,0,9.034,0,0,26,279,5,15,0
14-06 06:21:23,24.411,3.736,70.493,0,0,5023820,164044,188648,2558872,4891.138,1687.836,0,83.694,0,0.996,1784,2751,1.620,1.910,1.190,1,0,9.964,0,0,26,279,5,15,0
14-06 06:21:24,24.334,6.021,69.239,0,0,4982632,205260,188648,2558844,6313.795,1719.937,0,1746.027,0,21.073,9395,18311,1.620,1.910,1.190,1,0,12.042,0,0,26,279,5,14,0
14-06 06:21:25,22.920,4.983,69.257,0,0,4982884,204996,188648,2558856,6003.938,1839.547,0,494.266,0,14.948,2394,3638,1.730,1.930,1.200,1,0,49.825,0,0,26,279,6,14,0
14-06 06:21:26,25.016,6.504,67.042,0,0.250,5022472,165392,188648,2558872,5399.348,1695.051,0,8.005,0,2.001,9818,19080,1.730,1.930,1.200,2,0,17.011,0,0,26,279,6,13,0
14-06 06:21:27,27.585,8.777,63.446,0,0.251,5029692,158060,188652,2558980,6063.773,1462.528,0,104.323,0,5.016,16397,33094,1.730,1.930,1.200,1,0,14.043,0,0,26,279,6,14,0
14-06 06:21:28,22.670,4.235,71.498,0,0,5001184,186676,188652,2558872,8712.324,1688.056,0,115.593,0,8.968,1796,2678,1.730,1.930,1.200,1,0,11.958,0,0,26,279,6,13,0
14-06 06:21:29,25.496,2.500,71.239,0,0,5008008,179816,188668,2558892,9055.578,1661.739,0,3.999,0,1.000,1791,2576,1.730,1.930,1.200,1,0,3.999,0,0,26,279,6,13,0
14-06 06:21:30,22.485,6.995,68.954,0,0.250,4969044,218784,188668,2558888,6045.967,1660.892,0,379.747,0,24.983,2494,3958,1.670,1.920,1.190,1,0,93.937,0,0,26,279,6,13,0
14-06 06:21:31,24.515,5.003,68.793,0,0,4995120,174672,189356,2574704,7200.486,1532.955,4.002,1052.656,1.001,14.009,10461,20452,1.670,1.920,1.190,1,0,7.004,0,0,26,279,6,13,0
14-06 06:21:32,22.002,3.000,74.758,0.250,0,5010944,157624,189436,2575592,12548.368,6347.692,0,1112.121,0,20.002,1781,2791,1.670,1.920,1.190,0,0,3.000,0,0,26,280,6,13,0
14-06 06:21:33,19.750,1.750,76.751,0.500,0,5017956,150316,189516,2575760,28447.370,16125.210,0,1708.022,0,57.001,1867,3040,1.670,1.920,1.190,1,0,0,0,0,26,280,6,13,0
14-06 06:21:34,17.004,2.000,79.020,0.750,0,5035036,132676,189668,2576092,149470.069,16099.993,0,1768.439,0,76.019,2033,3224,1.670,1.920,1.190,1,0,0,0,0,26,281,6,13,0
14-06 06:21:35,23.994,3.749,70.234,0.500,0,5039708,150692,189364,2554484,23581.506,14548.610,0,7174.328,0,424.901,2514,3109,1.540,1.890,1.190,0,0,6.998,0,0,26,281,6,13,0
14-06 06:21:36,17.996,1.250,79.481,1.000,0,5050064,139644,189604,2554920,263381.262,20547.028,23.994,2455.406,3.999,104.975,2090,3370,1.540,1.890,1.190,1,0,2.000,0,0,26,281,6,13,0
14-06 06:21:37,19.756,1.750,76.772,0.750,0,5053936,135360,189776,2555160,103341.039,15435.337,104.029,1792.504,10.003,78.022,1996,3097,1.540,1.890,1.190,1,0,0,0,0,26,281,6,13,0
14-06 06:21:38,17.252,4.751,75.259,1.250,0,5051796,124608,189708,2569076,7555498.993,40173.062,232.029,43569.490,9.001,337.042,4215,3987,1.540,1.890,1.190,0,0,8.001,0,0,26,281,6,13,0
14-06 06:21:39,23.033,3.755,72.855,0.501,0,5057164,132044,189992,2557364,410419.878,5163.472,88.128,1986.875,8.012,77.112,2029,3225,1.540,1.890,1.190,0,1,4.006,0,0,26,281,6,13,0
14-06 06:21:40,24.955,4.991,67.877,0.998,0,5060724,121416,193168,2558380,19875.945,5229.514,3.993,5330.331,0.998,136.752,2466,4004,1.570,1.890,1.190,2,0,0,0,0,26,281,6,13,0
14-06 06:21:41,22.807,6.015,69.676,1.003,0,5065440,133944,193440,2539860,5123.912,1624.093,0,2859.205,0,131.331,2206,3354,1.570,1.890,1.190,2,0,0,0,0,26,281,6,13,0
14-06 06:21:42,23.778,4.005,70.832,0.501,0,5055528,127248,194088,2554308,4637.365,1459.689,4.005,2627.039,1.001,101.117,2123,3267,1.570,1.890,1.190,1,0,0,0,0,26,281,6,13,0
14-06 06:21:43,25.246,4.499,69.990,0.500,0.250,5048708,119764,195624,2565024,6130.117,1619.767,31.995,16961.558,2.000,82.988,1995,2994,1.570,1.890,1.190,2,0,0,0,0,26,281,6,14,0
14-06 06:21:44,13.455,1.744,82.725,0.748,0,5051208,118940,196104,2561712,5247.526,1782.066,0,1542.862,0,55.814,1688,2826,1.570,1.890,1.190,2,0,0,0,0,26,281,6,13,0
14-06 06:21:45,2.499,0.750,94.958,0,0.750,5051208,118940,196104,2561712,6366.173,1619.281,0,0,0,0,1342,2372,1.450,1.860,1.180,0,0,0,0,0,26,281,6,13,0
14-06 06:21:46,3.003,1.501,94.579,0,0,5049780,131912,195948,2550432,5682.739,1621.352,0,0,0,0,1373,2404,1.450,1.860,1.180,1,0,2.002,0,0,26,281,6,13,0
14-06 06:21:47,3.997,1.249,93.438,0,0,5050224,131436,195948,2550464,5324.486,1530.990,0,0,0,0,1435,2482,1.450,1.860,1.180,0,0,0,0,0,26,281,6,13,0
14-06 06:21:48,3.500,1.250,93.494,0,0,5050224,131436,195948,2550464,5925.603,1619.891,0,387.974,0,12.999,1594,2852,1.450,1.860,1.180,0,0,0,0,0,26,281,6,13,0
14-06 06:21:49,10.752,1.000,86.514,0.250,0,5059112,153600,195948,2519424,14177.339,4288.708,20.003,836.138,3.000,141.023,1855,2607,1.450,1.860,1.180,2,0,0,0,0,26,279,6,13,0
14-06 06:21:50,25.502,4.750,69.006,0.250,0,5021460,189156,195992,2521468,5654.532,1662.156,288.027,1316.124,22.002,32.003,2198,3177,1.410,1.840,1.180,1,0,6.001,0,0,26,279,6,13,0
14-06 06:21:51,23.248,6.749,68.995,0,0,5005760,204496,195992,2521828,5051.621,1619.879,0,1291.903,0,19.999,9884,19830,1.410,1.840,1.180,1,0,11.999,0,0,26,279,6,13,0
14-06 06:21:52,26.339,5.770,67.730,0.251,0,5030148,180084,195992,2521848,5436.468,1462.970,0,1404.772,0,22.075,9055,17769,1.410,1.840,1.180,2,0,13.044,0,0,26,279,6,13,0
14-06 06:21:53,25.502,4.250,69.505,0,0,4998276,212000,195992,2521804,5229.387,1620.120,0,92.007,0,2.000,1729,2535,1.410,1.840,1.180,2,0,1.000,0,0,26,279,6,13,0
14-06 06:21:54,26.409,4.734,67.768,0.249,0,5009340,197184,196180,2524868,5836.979,1614.462,653.758,3.986,14.949,0.997,2727,5390,1.410,1.840,1.180,2,0,4.983,0,0,26,280,6,10,0
14-06 06:21:55,28.092,5.016,66.217,0.502,0,5010240,196204,196180,2524980,5585.320,1625.331,40.132,2696.846,4.013,72.237,4554,10042,1.380,1.830,1.180,1,0,0,0,0,26,281,6,15,0
14-06 06:21:56,26.171,3.739,68.045,0.249,0,5032912,172268,196192,2526228,6409.675,1762.686,945.150,705.872,71.784,72.781,4570,8157,1.380,1.830,1.180,1,0,1.994,0,0,26,287,6,21,0
14-06 06:21:57,30.608,8.530,58.457,1.505,0,5018572,181796,196196,2531036,5129.121,1700.006,3484.310,4291.161,76.269,376.330,5818,10573,1.380,1.830,1.180,2,0,78.277,0,0,26,293,6,24,0
14-06 06:21:58,18.721,16.973,63.151,0.250,0.250,5032528,166436,196196,2532528,6297.107,1617.459,1270.005,730.852,43.931,49.922,4363,10304,1.380,1.830,1.180,1,0,404.365,0,0,26,293,6,25,0
14-06 06:21:59,13.215,5.486,72.559,7.730,0,5009508,153604,196244,2568228,9071.125,2544.303,36679.460,1715.485,2679.946,22.940,5532,8243,1.380,1.830,1.180,0,0,14.961,0,0,26,294,6,25,0
14-06 06:22:00,3.751,1.250,92.521,0.500,0,5010264,152848,196244,2568228,43102.871,4964.137,0,2140.490,0,123.028,1934,3284,1.350,1.810,1.180,0,0,0,0,0,26,294,6,23,0
14-06 06:22:01,3.748,1.749,93.207,0,0,5013036,150076,196244,2568228,15834.732,6936.816,0,339.844,0,11.994,1455,2500,1.350,1.810,1.180,0,0,0,0,0,26,294,6,23,0
14-06 06:22:02,7.500,2.500,88.497,0,0.250,4998324,162792,196776,2569496,126787.070,119274.302,795.975,891.972,19.999,17.999,2003,3234,1.350,1.810,1.180,0,0,12.000,0,0,26,293,6,22,0
14-06 06:22:03,1.250,1.250,95.038,0,0,4998324,162792,196776,2569496,5080.007,1694.669,0,0,0,0,1299,2406,1.350,1.810,1.180,0,0,0,0,0,26,293,6,22,0
14-06 06:22:04,4.002,1.250,93.285,0.250,0,4998324,162792,196776,2569496,5652.125,1662.625,0,496.187,0,25.009,1701,3004,1.350,1.810,1.180,0,0,0,0,0,26,293,6,22,0
14-06 06:22:05,3.748,0.999,92.950,0.250,0.500,4998320,162792,196776,2569500,4876.401,1573.162,0,379.798,0,36.980,1658,3013,1.240,1.780,1.170,0,0,0,0,0,26,293,6,20,0
14-06 06:22:06,2.000,1.250,93.995,0,0,4998320,162792,196776,2569500,14143.180,1693.902,0,127.993,0,16.999,1630,2845,1.240,1.780,1.170,0,0,2.000,0,0,26,293,6,20,0
14-06 06:22:07,3.750,2.000,92.251,0.250,0,4998280,162792,196780,2569536,44916.494,1620.018,16.000,464.005,1.000,65.001,2033,3436,1.240,1.780,1.170,0,0,0,0,0,26,293,6,20,0
14-06 06:22:08,2.250,0.750,94.996,0.250,0,4998280,162792,196780,2569536,4749.796,1693.927,0,283.988,0,19.999,1389,2478,1.240,1.780,1.170,1,0,0,0,0,26,293,6,20,0
14-06 06:22:09,3.757,1.002,93.173,0,0,4998516,162792,196784,2569536,6281.678,1623.017,0,10972.398,0,247.460,2061,2938,1.240,1.780,1.170,2,0,0,0,0,26,293,6,20,0
14-06 06:22:10,3.494,0.998,92.832,0.749,0,4998512,162792,196784,2569540,5614.809,1455.359,0,2874.782,0,395.283,2262,3010,1.300,1.790,1.180,0,0,0,0,0,26,293,6,20,0
14-06 06:22:11,2.999,0.750,94.231,0,0,4998512,162792,196784,2569540,7374.488,1619.668,0,283.942,0,20.996,1469,2473,1.300,1.790,1.180,0,0,0,0,0,26,293,6,20,0
14-06 06:22:12,2.751,1.000,94.789,0,0,4998508,162792,196784,2569544,7187.976,1768.732,0,84.035,0,10.004,1462,2512,1.300,1.790,1.180,0,0,0,0,0,26,293,6,20,0
14-06 06:22:13,3.750,1.500,93.993,0,0,4998504,162792,196784,2569548,7012.481,1619.880,4.000,39.997,1.000,5.000,1418,2470,1.300,1.790,1.180,0,0,0,0,0,26,293,6,21,0
14-06 06:22:14,3.500,3.750,90.762,0.500,0,5004204,156824,196784,2569548,5721.755,1620.214,0,134301.728,0,389.051,2566,3652,1.300,1.790,1.180,2,0,0,0,0,26,293,6,21,0
14-06 06:22:15,2.750,1.250,94.490,0,0,5004204,156824,196784,2569548,5532.441,1619.836,0,47.995,0,5.999,1423,2495,1.200,1.760,1.170,0,0,0,0,0,26,293,6,20,0
14-06 06:22:16,3.499,1.250,94.986,0,0,5004204,156824,196784,2569548,7310.911,1457.783,0,0,0,0,1334,2415,1.200,1.760,1.170,0,0,2.000,0,0,26,293,6,20,0
14-06 06:22:17,3.501,0.500,93.515,0,0.250,5004200,156824,196784,2569552,5554.878,1620.256,0,84.013,0,11.002,1593,2774,1.200,1.760,1.170,0,0,0,0,0,26,293,6,20,0
14-06 06:22:18,2.749,1.749,94.720,0.250,0,5004200,156824,196784,2569552,6309.993,1619.485,0,331.894,0,19.994,1436,2551,1.200,1.760,1.170,0,0,0,0,0,26,293,6,20,0
14-06 06:22:19,3.251,1.000,94.268,0.250,0,5004196,156824,196784,2569556,6446.212,1620.305,0,72.014,0,10.002,1442,2504,1.200,1.760,1.170,0,0,0,0,0,26,293,6,20,0
14-06 06:22:20,3.499,1.499,93.718,0,0.250,5004196,156824,196784,2569556,5796.024,1531.478,0,127.956,0,16.994,1489,2677,1.100,1.730,1.170,0,0,0,0,0,26,293,6,20,0
14-06 06:22:21,2.751,1.000,94.781,0,0,5004196,156824,196784,2569556,5975.948,1694.552,0,176.057,0,11.004,1361,2360,1.100,1.730,1.170,0,0,0,0,0,26,293,6,20,0
14-06 06:22:22,4.001,1.000,93.534,0,0.250,5004192,156824,196784,2569560,5453.969,1620.585,0,112.040,0,15.005,1717,2884,1.100,1.730,1.170,0,0,0,0,0,26,293,6,20,0
14-06 06:22:23,2.249,0.750,95.699,0,0,5004192,156824,196784,2569560,4668.516,1619.139,0,0,0,0,1308,2323,1.100,1.730,1.170,0,0,0,0,0,26,293,6,20,0
14-06 06:22:24,3.256,1.002,93.923,0,0,5004416,156600,196784,2569560,5470.092,1622.994,0,4299.933,0,25.046,1483,2606,1.100,1.730,1.170,0,0,0,0,0,26,293,6,20,0
14-06 06:22:25,2.496,0.998,94.080,0,0,5004504,156600,196784,2569564,8253.128,1455.377,0,0,0,0,1406,2535,1.010,1.700,1.160,0,0,0,0,0,26,293,6,20,0
14-06 06:22:26,3.000,1.250,94.015,0.250,0,5004504,156600,196784,2569564,5094.800,1620.254,0,348.055,0,7.001,1441,2561,1.010,1.700,1.160,0,0,2.000,0,0,26,293,6,20,0
14-06 06:22:27,5.500,2.500,90.492,0,0,5001940,159132,196784,2569596,5518.514,1619.857,15.999,147.987,1.000,13.999,1693,2917,1.010,1.700,1.160,1,0,0,0,0,26,293,6,20,0
14-06 06:22:28,3.253,1.001,94.341,0,0,5001940,159132,196784,2569596,9875.530,1737.677,0,520.502,0,29.028,1462,2458,1.010,1.700,1.160,1,0,0,0,0,26,293,6,21,0
14-06 06:22:29,2.996,0.749,93.382,0,0,5001940,159132,196784,2569596,7297.746,1691.855,0,31.959,0,3.995,1355,2300,1.010,1.700,1.160,0,0,0,0,0,26,293,6,20,0
14-06 06:22:30,2.501,0.500,93.797,0.500,0,5001940,159132,196784,2569596,7344.680,1458.731,0,180.090,0,26.013,1578,2740,0.930,1.670,1.150,0,0,0,0,0,26,293,6,20,0
14-06 06:22:31,2.750,1.500,94.991,0,0.250,5001936,159132,196784,2569600,10653.956,1619.841,0,175.983,0,10.999,1429,2452,0.930,1.670,1.150,0,0,0,0,0,26,293,6,20,0
14-06 06:22:32,3.500,0.750,93.753,0,0,5001936,159132,196784,2569600,17733.550,1296.040,0,76.002,0,11.000,1510,2597,0.930,1.670,1.150,1,0,0,0,0,26,293,6,20,0
14-06 06:22:33,5.751,2.000,91.517,0,0,5008616,152080,196928,2569828,115817.963,1630.295,360.065,0,13.002,0,1470,2434,0.930,1.670,1.150,1,0,4.001,0,0,26,293,6,20,0
14-06 06:22:34,13.502,5.501,79.762,0,0.250,5012608,147880,196968,2569996,346431.272,11251.665,164.024,12.002,9.001,2.000,2214,3147,0.930,1.670,1.150,1,0,39.006,0,0,26,293,6,20,0
