"pcp-dstat 5.3.6 CSV Output"
"Author:","PCP team <pcp@groups.io> and Dag Wieers <dag@wieers.com>",,,,"URL:","https://pcp.io/ and http://dag.wieers.com/home-made/dstat/"
"Host:","ubuntu",,,,"User:","ubuntu"
"Cmdline:","dstat -tcmndrylpg --tcp --output /tmp/devstack_logs/dstat-csv.log",,,,"Date:","27 Jan 2025 10:09:30 UTC"
"system","total usage",,,,,"memory usage",,,,"net/total",,"dsk/total",,"io/total",,"system",,"load avg",,,"procs",,,"paging",,"tcp sockets",,,,
"time","total usage:usr","total usage:sys","total usage:idl","total usage:wai","total usage:stl","used","free","buf","cach","net/total:recv","net/total:send","dsk/total:read","dsk/total:writ","read","writ","int","csw","1m","5m","15m","run","blk","new","in","out","lis","act","syn","tim","clo"
27-01 10:09:30,,969580,987688,172688,5648716,,,,,,,1.460,1.050,0.600,1,0,,,,9,3,6,11,0
27-01 10:09:31,9.725,18.453,70.818,0,0,983460,973588,172688,5648884,12934.758,1731.550,0,1057.283,0,51.867,3083,5053,1.460,1.050,0.600,1,0,398.975,0,0,9,3,6,11,0
27-01 10:09:32,11.769,19.031,68.112,0,0,983988,972996,172692,5649100,14211.463,1622.679,0,216.357,0,18.030,3597,6831,1.460,1.050,0.600,1,0,401.663,0,0,9,3,6,11,0
27-01 10:09:33,18.468,14.226,66.387,0,0,986344,970548,172692,5649296,4690.997,1617.241,0,15.973,0,3.993,3994,8538,1.460,1.050,0.600,1,0,238.593,0,0,9,3,6,11,0
27-01 10:09:34,5.256,7.008,87.855,0,0,1108248,848532,172692,5773980,13234.802,1513.807,0,0,0,0,2419,3816,1.460,1.050,0.600,2,0,81.097,0,0,10,5,6,10,0
27-01 10:09:35,17.512,9.256,72.050,0.500,0,1116776,839972,172704,5774000,18549.966,3804.659,80.056,2785.947,1.001,255.178,2832,2955,1.340,1.030,0.600,1,0,186.130,0,0,10,6,6,11,0
27-01 10:09:36,27.241,4.998,67.229,0.250,0,1178528,777584,172756,5774564,18478.216,2753.138,0,1231.615,0,36.988,1509,1998,1.340,1.030,0.600,2,0,36.988,0,0,10,5,6,12,1
27-01 10:09:37,33.260,2.751,59.769,2.501,0,1221256,730588,173120,5778240,78525.343,13965.329,0,10195.160,0,767.238,5132,8083,1.340,1.030,0.600,1,0,10.003,0,0,10,9,6,12,1
27-01 10:09:38,24.762,7.754,56.777,9.755,0,1233688,709952,174104,5785176,81203.165,15319.200,0,44208.778,0,3685.732,17490,29422,1.340,1.030,0.600,3,0,60.028,0,0,10,9,6,12,1
27-01 10:09:39,36.429,7.735,54.393,1.248,0,1183100,759912,174288,5785508,43083.556,14159.248,0,12008.463,0,631.762,3566,5054,1.340,1.030,0.600,1,0,76.849,0,0,10,7,6,12,1
27-01 10:09:40,37.063,2.254,60.102,0.250,0,1242268,700468,174368,5785628,37572.836,11047.770,0,1887.206,0,76.129,1424,1632,1.400,1.050,0.610,2,0,0,0,0,10,7,6,12,1
27-01 10:09:41,33.243,3.749,60.988,1.500,0,1218920,709452,174548,5799544,441604.004,17218.608,0,13289.382,0,527.896,3097,3848,1.400,1.050,0.610,2,0,17.996,0,0,10,6,6,12,2
27-01 10:09:42,45.272,4.502,49.274,1.000,0,1277016,632632,175400,5814856,6453.104,1728.832,0,3073.478,0,138.066,1690,2007,1.400,1.050,0.610,2,0,0,0,0,10,6,6,12,2
27-01 10:09:43,31.722,20.982,46.210,1.249,0,1197316,680544,176508,5842656,5142.526,1618.592,0,47774.436,0,856.255,4713,5860,1.400,1.050,0.610,2,0,389.661,0,0,10,6,6,12,2
27-01 10:09:44,29.718,20.977,48.198,0.749,0,1201340,652284,177512,5863472,10335.796,3749.935,0,3112.626,0,92.899,3671,6898,1.400,1.050,0.610,3,0,359.610,0,0,10,7,6,12,2
27-01 10:09:45,59.343,13.521,26.541,0,0,1232488,635336,177564,5849824,6185.656,2417.774,0,112.175,0,5.008,2516,6236,1.530,1.080,0.620,3,0,175.274,0,0,10,5,6,12,0
27-01 10:09:46,69.510,7.751,22.253,0,0,1289208,576596,177664,5851620,6572.947,1566.226,0,364.052,0,19.003,9614,18502,1.530,1.080,0.620,3,0,13.002,0,0,10,5,6,12,0
27-01 10:09:47,47.668,13.477,37.934,0,0,1304796,557720,177764,5854332,5873.850,1617.205,0,598.965,0,65.886,11610,21248,1.530,1.080,0.620,1,0,130.774,0,0,10,4,6,13,0
27-01 10:09:48,33.059,7.263,60.106,0,0,1343852,518536,177800,5854240,7630.514,1514.683,0,14894.378,0,51.090,1685,1961,1.530,1.080,0.620,2,0,35.062,0,0,10,4,6,13,0
27-01 10:09:49,27.700,3.993,67.129,0,0,1369816,492572,177804,5854232,5578.980,1617.096,0,507.089,0,29.946,1267,1666,1.530,1.080,0.620,1,0,49.910,0,0,10,4,6,13,0
27-01 10:09:50,21.993,4.998,71.978,1.250,0,1282824,579264,177856,5854480,5716.239,1619.501,0,1303.598,0,189.941,3095,5121,1.480,1.080,0.620,1,0,42.987,0,0,10,4,6,15,0
27-01 10:09:51,23.772,3.003,73.567,0,0,1343076,518588,177856,5854816,4996.577,1621.485,0,0,0,0,1111,1545,1.480,1.080,0.620,2,0,3.003,0,0,10,11,6,15,0
27-01 10:09:52,20.770,5.255,72.821,0.500,0,1321872,539444,177868,5855068,5134.001,1695.652,232.226,1705.661,58.057,17.017,2055,3059,1.480,1.080,0.620,1,0,47.046,0,0,10,28,6,15,0
27-01 10:09:53,20.247,6.249,72.488,0,0,1295332,565960,177872,5855080,5067.139,1693.712,0,10910.145,0,24.996,1613,2378,1.480,1.080,0.620,2,0,75.987,0,0,10,28,6,15,0
27-01 10:09:54,42.767,8.253,48.520,0,0,1417632,443632,177872,5855104,5919.397,1566.634,0,16.006,0,4.002,2193,3162,1.480,1.080,0.620,2,0,85.034,0,0,10,28,6,15,0
27-01 10:09:55,47.258,18.253,34.506,0,0,1386740,474268,177880,5855312,5751.920,1512.242,0,940.150,0,27.004,4707,9998,1.680,1.130,0.640,5,0,425.068,0,0,10,28,6,17,0
27-01 10:09:56,81.735,15.497,2.000,0,0,1580900,280048,177880,5855372,6431.829,1619.705,0,3371.386,0,62.989,3921,7590,1.680,1.130,0.640,4,0,160.971,0,0,10,32,6,17,0
27-01 10:09:57,71.730,11.747,17.245,0,0,1431388,429208,177884,5855712,5491.457,1619.545,0,323.909,0,31.991,4579,9611,1.680,1.130,0.640,2,0,203.943,0,0,10,30,6,18,0
27-01 10:09:58,27.996,8.249,62.742,0,0,1347216,513360,177888,5855728,8201.958,1713.782,0,231.971,0,22.997,2397,4468,1.680,1.130,0.640,1,0,111.986,0,0,10,28,6,18,0
27-01 10:09:59,20.718,6.989,71.888,0.250,0,1314992,545544,177888,5855744,4329.233,1617.472,0,33986.879,0,110.827,2270,3966,1.680,1.130,0.640,2,0,44.930,0,0,10,28,6,18,0
27-01 10:10:00,21.992,4.498,72.224,0.250,0,1375120,485368,177920,5855760,5300.124,1693.401,0,3194.869,0,163.942,1935,2865,1.630,1.120,0.640,1,0,24.991,0,0,10,28,6,18,0
27-01 10:10:01,12.761,17.265,69.310,0.250,0,1316344,544120,177924,5855780,6617.744,1621.407,0,768.667,0,91.079,2933,4620,1.630,1.120,0.640,2,0,241.209,0,0,10,28,5,18,0
27-01 10:10:02,10.016,23.287,66.356,0,0,1318056,542400,177928,5855784,5266.400,1460.329,0,184.294,0,10.016,2637,3576,1.630,1.120,0.640,3,0,372.594,0,0,10,28,5,18,0
27-01 10:10:03,75.755,18.251,5.750,0,0,1536688,323668,177948,5855828,4692.319,1620.110,0,2892.197,0,61.004,2812,4722,1.630,1.120,0.640,6,0,433.029,0,0,10,28,5,18,0
27-01 10:10:04,80.996,12.999,5.500,0,0,1533728,326244,177988,5856168,4642.782,1619.924,0,363.983,0,43.998,4935,12877,1.630,1.120,0.640,6,0,64.997,0,0,10,29,5,19,0
27-01 10:10:05,83.498,12.250,3.500,0,0,1538560,321156,178008,5858636,6123.884,1619.969,0,403.992,0,41.999,4052,9484,1.980,1.200,0.670,10,0,212.996,0,0,10,29,5,18,0
27-01 10:10:06,80.819,13.011,5.254,0,0,1514772,344540,178008,5856796,6409.454,1621.380,0,204.174,0,12.010,4062,12057,1.980,1.200,0.670,6,0,132.112,0,0,10,28,5,19,0
27-01 10:10:07,57.947,10.740,31.221,0.250,0,1442616,416476,178020,5857000,42321.065,1618.511,0,391.640,0,32.970,5105,11835,1.980,1.200,0.670,3,0,148.863,0,0,10,28,5,18,0
27-01 10:10:08,40.251,10.250,49.251,0,0,1426788,432292,178020,5857012,46812.749,1458.023,0,188.003,0,11.000,1873,2552,1.980,1.200,0.670,4,0,102.002,0,0,10,29,5,18,0
27-01 10:10:09,36.753,18.251,43.253,0,0,1348224,510684,178020,5857184,5313.425,1694.136,0,1568.125,0,32.003,4165,8828,1.980,1.200,0.670,4,0,378.030,0,0,10,28,5,19,0
27-01 10:10:10,64.797,8.972,26.168,0,0,1499392,359484,178020,5857216,5939.374,1688.704,0,187.412,0,7.975,2271,4483,2.060,1.230,0.680,3,0,5.981,0,0,10,30,5,20,0
27-01 10:10:11,66.722,14.548,17.307,0.251,0,1463740,394916,178024,5857424,5998.922,1625.398,0,417.386,0,47.157,3291,7962,2.060,1.230,0.680,4,0,266.886,0,0,10,28,5,23,0
27-01 10:10:12,71.066,8.945,19.630,0,0,1561004,297448,178024,5857624,5288.670,1683.707,0,298.177,0,21.866,4812,11622,2.060,1.230,0.680,4,0,0,0,0,10,30,5,32,0
27-01 10:10:13,64.396,17.357,18.363,0,0,1471596,386680,178028,5857792,7935.821,1630.028,0,366.253,0,25.155,2829,5772,2.060,1.230,0.680,5,0,332.043,0,0,10,28,5,32,0
27-01 10:10:14,57.978,15.994,24.741,0.250,0,1353180,504900,178044,5857868,4630.278,1661.382,0,65143.767,0,570.788,6231,12988,2.060,1.230,0.680,3,0,299.888,0,0,10,28,5,35,0
27-01 10:10:15,65.908,7.989,25.964,0,0,1507164,350716,178044,5858068,7408.672,1455.970,0,219.694,0,9.986,2381,4906,2.140,1.260,0.700,4,0,5.992,0,0,10,30,5,35,0
27-01 10:10:16,54.081,16.775,28.793,0.250,0.250,1421668,436136,178052,5858136,5563.356,1696.548,0,4006.017,0,106.159,5049,8423,2.140,1.260,0.700,4,0,293.441,0,0,10,28,5,40,0
27-01 10:10:17,58.993,8.749,31.246,0,0,1438516,418592,178068,5858816,5312.384,1845.786,0,739.914,0,49.994,5066,9537,2.140,1.260,0.700,4,0,2.000,0,0,10,29,6,42,0
27-01 10:10:18,62.251,12.000,24.751,0,0,1494356,362712,178068,5858856,12644.291,1694.039,0,204.005,0,11.000,2194,3163,2.140,1.260,0.700,4,0,116.003,0,0,10,29,6,42,0
27-01 10:10:19,64.750,17.750,17.750,0,0,1423680,433144,178068,5859068,4956.010,1620.003,0,7580.015,0,72.000,4270,10501,2.140,1.260,0.700,7,0,407.001,0,0,10,28,6,45,0
27-01 10:10:20,84.259,12.751,2.000,0,0,1542312,314324,178076,5859248,6900.731,1736.184,0,600.064,0,40.004,3415,6306,2.290,1.310,0.710,8,0,143.015,0,0,10,29,6,42,0
27-01 10:10:21,82,16.500,2.250,0,0,1527492,328868,178108,5859484,4900,1620,0,2748,0,182,4133,7996,2.290,1.310,0.710,7,0,323,0,0,10,28,6,42,0
27-01 10:10:22,80.249,14.000,4.000,0,0,1616184,240088,178108,5859568,6561.895,1661.973,0,179.997,0,7.000,4071,8879,2.290,1.310,0.710,7,0,194.997,0,0,10,29,6,41,0
27-01 10:10:23,64.988,24.246,10.748,0,0,1357560,498352,178112,5859920,3926.289,1499.729,0,347.937,0,21.996,5868,12836,2.290,1.310,0.710,5,0,629.886,0,0,10,28,6,41,0
27-01 10:10:24,30.745,24.246,44.493,0,0,1386712,469144,178116,5859972,4788.196,1619.728,0,571.904,0,10.998,5163,9022,2.290,1.310,0.710,3,0,608.898,0,0,10,28,6,41,0
27-01 10:10:25,18.756,25.258,54.767,0,0,1341948,513872,178120,5860004,4868.504,1768.546,0,208.064,0,14.004,3513,5673,2.340,1.340,0.730,4,0,678.210,0,0,10,28,6,41,0
27-01 10:10:26,72.248,24.999,2.750,0,0,1530280,325472,178128,5860064,4926.852,1693.949,0,187.994,0,16.000,3571,7460,2.340,1.340,0.730,6,0,632.981,0,0,10,30,6,38,0
27-01 10:10:27,78.542,19.010,3.002,0,0,1474620,380884,178164,5860268,6271.324,1620.859,0,1216.645,0,84.045,5723,11416,2.340,1.340,0.730,6,0,389.206,0,0,10,29,6,38,0
27-01 10:10:28,80.702,16.990,2.499,0,0,1507484,347752,178188,5860484,8061.179,1619.032,0,427.744,0,26.984,3770,7425,2.340,1.340,0.730,7,0,272.837,0,0,10,29,6,38,0
27-01 10:10:29,85.514,11.252,3.501,0,0,1647496,207524,178200,5860684,5114.864,1662.281,0,408.069,0,22.004,3325,9572,2.340,1.340,0.730,7,0,8.001,0,0,10,30,6,38,0
27-01 10:10:30,82.716,15.744,1.000,0,0,1667904,186788,178200,5860968,4892.019,1511.388,0,215.913,0,10.996,11297,34555,2.720,1.430,0.760,8,0,40.983,0,0,10,32,6,38,0
27-01 10:10:31,81.277,16.005,2.501,0.250,0,1502688,351552,178220,5861352,14184.724,1566.522,0,1528.509,0,66.022,3792,13443,2.720,1.430,0.760,7,0,138.046,0,0,10,29,6,38,0
27-01 10:10:32,82.502,13.750,3.750,0,0,1573176,280612,178248,5861752,135711.071,9791.294,0,1120.034,0,38.001,4865,9704,2.720,1.430,0.760,7,0,98.003,0,0,10,32,6,38,0
27-01 10:10:33,79.752,13.250,6.750,0,0.250,1599784,253348,178348,5862264,146003.504,10572.254,0,1476.035,0,60.001,6656,18852,2.720,1.430,0.760,6,0,58.001,0,0,10,32,6,38,0
27-01 10:10:34,79.586,13.472,6.237,0,0,1528456,324068,178424,5862724,30403.460,6934.735,0,1209.512,0,59.877,4901,15645,2.720,1.430,0.760,7,0,125.741,0,0,10,31,6,38,0
27-01 10:10:35,78.905,12.525,6.763,0,0,1481692,370380,178536,5863000,34362.316,7650.988,0,1478.897,0,76.149,4293,11071,2.900,1.490,0.780,6,0,147.289,0,0,10,30,6,38,0
27-01 10:10:36,83.750,12.500,3.250,0,0,1566664,284936,178556,5863408,51257.897,4345.991,0,503.999,0,17.000,5425,9799,2.900,1.490,0.780,5,0,71.000,0,0,10,31,6,36,0
27-01 10:10:37,75.751,14.250,9.500,0,0,1545644,305388,178640,5863848,66624.666,6642.066,0,1188.012,0,60.001,7207,14550,2.900,1.490,0.780,6,0,160.002,0,0,10,32,6,36,0
27-01 10:10:38,82.971,13.745,3.249,0,0,1512580,338044,178688,5864152,66770.430,6655.651,0,1203.575,0,69.975,4019,11098,2.900,1.490,0.780,5,0,131.953,0,0,10,32,6,36,0
27-01 10:10:39,82.273,12.253,4.751,0.250,0,1598208,250560,178768,5865836,332453.422,10528.927,0,1308.364,0,49.014,3491,12262,2.900,1.490,0.780,7,0,71.020,0,0,10,30,6,36,0
27-01 10:10:40,84.508,11.751,4.000,0,0,1587984,260156,178816,5866280,16216.573,5840.567,0,844.082,0,35.003,5700,12425,3.070,1.550,0.810,6,0,68.007,0,0,10,32,6,37,0
27-01 10:10:41,79.995,12.749,6.500,0,0,1547408,296956,178912,5869760,1418520.633,16805.941,0,2231.859,0,52.997,5109,10602,3.070,1.550,0.810,7,0,135.991,0,0,10,31,6,38,0
27-01 10:10:42,84.848,13.725,1.996,0,0,1537744,300532,179028,5874740,7015.456,2350.797,0,886.415,0,27.950,4792,10712,3.070,1.550,0.810,9,0,137.754,0,0,10,31,6,38,1
27-01 10:10:43,81.494,11.999,5.750,0,0,1618156,219412,179140,5875264,22633.348,6144.551,0,1675.878,0,74.995,5115,12734,3.070,1.550,0.810,9,0,109.992,0,0,10,31,6,38,0
27-01 10:10:44,75.888,15.027,8.766,0,0,1494052,343180,179176,5875472,12906.542,4090.461,0,565.031,0,22.040,3943,8231,3.070,1.550,0.810,5,0,210.384,0,0,10,30,6,38,0
27-01 10:10:45,75.560,9.196,15.410,0,0,1610496,226280,179272,5875760,22810.086,7483.394,0,5547.674,0,339.025,5318,11617,3.140,1.590,0.820,6,0,1.988,0,0,10,32,6,41,0
27-01 10:10:46,72.947,15.344,10.816,0,0,1498716,337232,179392,5876404,72391.106,4130.281,0,1130.922,0,57.351,3042,7341,3.140,1.590,0.820,5,0,273.675,0,0,10,30,6,41,0
27-01 10:10:47,68.481,9.747,20.994,0.250,0,1440124,395148,179544,5876812,76997.133,9576.280,0,8937.462,0,258.926,4168,9645,3.140,1.590,0.820,4,0,41.988,0,0,10,30,6,43,0
27-01 10:10:48,71.747,11.249,16.749,0.250,0,1559096,269812,179616,5883004,3487927.043,23380.948,0,735.967,0,34.998,3472,3432,3.140,1.590,0.820,3,0,75.997,0,0,10,31,6,42,0
27-01 10:10:49,63.819,13.014,22.274,0.501,0.250,1483452,315400,179676,5911872,14605080.302,86490.669,0,18407.936,0,98.106,8617,8979,3.140,1.590,0.820,3,0,186.202,0,0,10,30,6,43,0
27-01 10:10:50,63.333,10.971,25.183,0.249,0,1498160,279484,179812,5932292,10404627.569,48112.838,0,13879.317,0,89.763,7888,11701,3.210,1.630,0.840,5,0,43.884,0,0,10,31,6,44,1
27-01 10:10:51,66.356,12.019,20.533,0.250,0,1550820,215496,179948,5943152,5832563.776,27334.462,0,5689.046,0,100.159,3843,3639,3.210,1.630,0.840,3,0,97.154,0,0,10,33,6,46,0
27-01 10:10:52,68.501,16.250,15.250,0,0,1464560,293624,180056,5950792,3579581.171,19124.402,0,6992.147,0,96.002,7197,13106,3.210,1.630,0.840,4,0,283.006,0,0,10,34,6,45,0
27-01 10:10:53,82.998,9.500,6.750,0.250,0,1572120,183424,180192,5953204,6331.823,1693.953,0,727.980,0,25.999,3864,7680,3.210,1.630,0.840,3,0,4.000,0,0,10,37,6,47,0
27-01 10:10:54,75.264,17.253,6.501,0.250,0,1471112,274848,180744,5960404,5777.040,1620.292,0,1780.320,0,47.008,5291,12470,3.210,1.630,0.840,4,0,232.042,0,0,10,34,6,47,0
27-01 10:10:55,80.984,12.997,5.999,0,0,1463344,282560,180776,5960484,5583.866,1619.671,0,967.804,0,41.991,3987,8073,3.280,1.670,0.860,4,0,102.979,0,0,10,34,6,47,0
27-01 10:10:56,80.753,15.501,3.750,0,0,1503304,242000,180800,5961052,6175.247,1566.063,0,436.017,0,22.001,4790,10048,3.280,1.670,0.860,4,0,91.004,0,0,10,34,6,45,0
27-01 10:10:57,60.996,12.499,22.749,1.750,0,1445440,220476,181920,6035196,5909.616,1693.890,0,6359.587,0,236.985,5007,9813,3.280,1.670,0.860,3,0,151.990,0,0,10,34,6,45,0
27-01 10:10:58,62.730,12.246,24.992,0.250,0,1489104,129392,190244,6064776,9869.842,1787.428,0,8237.364,0,48.984,3379,7601,3.280,1.670,0.860,3,0,0,0,0,10,34,6,48,0
27-01 10:10:59,60.272,15.256,24.509,0,0,1482692,126012,193132,6066660,4268.545,1586.574,136.049,7398.678,9.003,29.011,1815,2109,3.280,1.670,0.860,3,0,73.026,0,0,10,35,6,48,0
27-01 10:11:00,54.749,21.250,23.250,1.000,0,1428632,203432,192532,6043324,4801.942,1619.981,831.990,28207.662,30.000,499.994,12066,22861,3.250,1.690,0.870,4,0,375.995,0,0,10,34,6,48,0
27-01 10:11:01,60.614,16.214,22.200,0.748,0,1513664,128544,192420,6033496,5997.506,1690.197,79.820,188396.109,1.996,992.766,3912,4739,3.250,1.690,0.870,4,0,20.953,0,0,10,36,6,48,0
27-01 10:11:02,57.631,16.037,25.057,0,0,1407048,291196,192436,5979704,6670.201,1972.495,76.174,3395.739,6.014,32.073,3620,6715,3.250,1.690,0.870,4,0,191.436,0,0,10,32,6,49,0
27-01 10:11:03,64.751,12.000,23.000,0,0,1446736,248024,192644,5982968,7556.151,1620.032,636.013,1452.029,12.000,19.000,6113,12351,3.250,1.690,0.870,7,0,157.003,0,0,10,33,6,49,0
27-01 10:11:04,56.748,25.999,16.500,0,0,1386900,297516,192668,5993204,4836.860,1565.955,143.996,1467.957,11.000,32.999,6742,12883,3.250,1.690,0.870,4,0,642.981,0,0,10,33,6,49,0
27-01 10:11:05,26.749,18.249,53.997,0.750,0,1370400,312640,192752,5994496,6935.660,1619.921,1155.943,491.976,52.997,28.999,3404,5603,3.070,1.680,0.870,2,0,403.980,0,0,10,32,6,48,0
27-01 10:11:06,26.208,5.990,66.394,0,0,1330904,352092,192756,5994536,5334.454,1657.345,19.968,419.328,0.998,30.950,2336,5883,3.070,1.680,0.870,2,0,50.918,0,0,10,32,6,50,0
27-01 10:11:07,17.990,8.495,72.211,0.500,0,1368764,314168,192784,5994572,42136.331,1619.129,31.983,2538.634,0.999,152.918,1986,2550,3.070,1.680,0.870,1,0,78.958,0,0,10,32,6,49,0
27-01 10:11:08,21.740,4.998,72.216,0.250,0,1326408,355980,192784,5995116,43116.864,1619.244,0,175.918,0,17.992,2421,5082,3.070,1.680,0.870,1,0,29.986,0,0,10,32,6,51,0
27-01 10:11:09,23.502,3.250,73.757,0,0,1377324,304652,192792,5995520,4918.462,1620.152,400.038,112.011,5.000,8.001,1228,1814,3.070,1.680,0.870,2,0,2.000,0,0,10,32,6,50,0
27-01 10:11:10,21.071,6.522,72.242,0,0,1348512,333308,192792,5995676,5263.623,1625.442,0,112.376,0,8.027,2133,4208,2.910,1.670,0.870,2,0,56.188,0,0,10,32,6,50,0
27-01 10:11:11,22.732,2.748,73.691,0.250,0,1382208,298840,192800,5996440,6398.862,1618.700,0,139.888,0,15.987,1499,2747,2.910,1.670,0.870,2,0,1.998,0,0,10,32,6,47,0
27-01 10:11:12,17.508,8.004,73.533,0,0,1372688,308348,192808,5996444,5260.341,1458.649,0,116.052,0,8.004,1397,1882,2.910,1.670,0.870,2,0,93.041,0,0,10,32,6,47,0
27-01 10:11:13,20.480,6.494,71.928,0,0,1336528,344356,192812,5996592,4530.488,1618.388,0,219.781,0,18.981,1885,3606,2.910,1.670,0.870,2,0,92.907,0,0,10,32,6,36,0
27-01 10:11:14,21.459,4.242,73.858,0,0,1393192,287692,192812,5996592,8446.757,1690.749,0,115.777,0,7.985,1174,1730,2.910,1.670,0.870,2,0,8.983,0,0,10,32,6,36,0
27-01 10:11:15,19.744,7.998,71.730,0.250,0,1355556,325248,192832,5996652,7313.923,1693.519,0,319.909,0,31.991,1896,3090,2.750,1.660,0.870,1,0,95.973,0,0,10,32,6,33,0
27-01 10:11:16,23.806,2.756,73.172,0,0,1388912,291736,192840,5996800,5204.220,1623.813,0,176.414,0,7.016,1492,3059,2.750,1.660,0.870,1,0,0,0,0,10,33,6,33,0
27-01 10:11:17,21.458,4.990,72.856,0.250,0,1379868,300756,192856,5996808,7338.492,1616.804,0,846.327,0,51.897,1605,2556,2.750,1.660,0.870,2,0,31.937,0,0,10,32,6,28,0
27-01 10:11:18,22.296,6.513,71.397,0,0,1323408,357188,192856,5996836,11294.255,1623.342,0,60.124,0,8.017,2813,5061,2.750,1.660,0.870,2,0,93.192,0,0,10,32,6,29,0
27-01 10:11:19,25.697,16.715,57.132,0,0,1393448,286700,192908,5997232,6785.933,1496.897,55.884,347.280,4.990,23.950,2931,4424,2.750,1.660,0.870,3,0,394.183,0,0,10,32,6,26,0
27-01 10:11:20,44.300,6.257,48.305,2.503,0,1512092,165040,193272,5999900,5061.750,1663.890,152.173,6627.529,6.007,505.574,3490,6081,3.010,1.730,0.900,3,0,37.042,0,0,10,36,6,26,0
27-01 10:11:21,45.056,5.257,41.302,9.512,0,1450932,219776,193888,6005536,5904.398,1622.032,0,37162.565,0,3430.298,14191,26766,3.010,1.730,0.900,3,0,111.139,0,0,10,36,6,26,0
27-01 10:11:22,45.389,6.983,44.641,4.489,0,1486348,184228,194112,6005408,4104.003,1689.883,0,25673.459,0,1905.359,8259,13097,3.010,1.730,0.900,3,0,9.976,0,0,10,32,6,26,0
27-01 10:11:23,45.024,4.252,46.775,3.252,0,1458264,212016,194280,6005536,5125.686,1694.888,0,4598.410,0,848.445,5955,10206,3.010,1.730,0.900,3,0,6.003,0,0,10,34,6,26,0
27-01 10:11:24,39.313,9.766,43.569,8.263,0,1462256,207396,194508,6005928,5754.172,1622.586,0,14282.767,0,1941.094,10781,19272,3.010,1.730,0.900,4,0,60.096,0,0,10,32,6,26,0
27-01 10:11:25,25.449,4.990,67.864,1.747,0,1389628,279944,194572,6005944,5320.365,1616.768,0,12622.767,0,700.600,3502,4820,2.850,1.720,0.900,1,0,43.912,0,0,10,32,6,26,0
27-01 10:11:26,23.249,2.750,73.748,0,0,1448344,221228,194572,6005944,6961.826,1457.964,0,283.993,0,18.000,972,1198,2.850,1.720,0.900,2,0,2.000,0,0,10,32,6,26,0
27-01 10:11:27,23.750,2.250,73.250,0.750,0,1409444,260092,194596,6005956,5569.017,1620.005,0,2124.006,0,122.000,1296,1654,2.850,1.720,0.900,2,0,3.000,0,0,10,32,6,26,0
27-01 10:11:28,23.747,2.500,72.990,0,0,1362236,307268,194600,6005976,9808.627,1661.767,0,95.987,0,11.998,982,1176,2.850,1.720,0.900,2,0,3.000,0,0,10,32,6,26,0
27-01 10:11:29,21.754,3.501,73.762,0,0,1442400,227104,194600,6005976,5528.907,1620.266,0,0,0,0,914,1123,2.850,1.720,0.900,2,0,4.001,0,0,10,32,6,26,0
27-01 10:11:30,24.501,2.000,74.002,0,0,1390072,279416,194600,6005992,6934.180,1694.044,0,0,0,0,957,1120,2.700,1.710,0.900,2,0,3.000,0,0,10,32,6,26,0
27-01 10:11:31,23.998,2.000,73.994,0,0,1461364,208120,194604,6005992,14193.794,1619.862,0,7.999,0,1.000,1030,1151,2.700,1.710,0.900,2,0,2.000,0,0,10,32,5,26,0
27-01 10:11:32,23.749,2.250,73.248,0.250,0,1407448,261964,194604,6006044,14824.570,1619.953,0,7755.775,0,366.989,1628,1299,2.700,1.710,0.900,2,0,3.000,0,0,10,32,5,26,0
27-01 10:11:33,23.753,2.250,73.508,0,0,1468328,201252,194604,6006044,4719.519,1458.160,0,388.043,0,14.002,1061,1434,2.700,1.710,0.900,2,0,2.000,0,0,10,32,5,26,0
27-01 10:11:34,24.500,2.750,73.251,0,0,1415736,253824,194608,6006156,12025.241,1620.032,0,356.007,0,23.000,1175,1421,2.700,1.710,0.900,2,0,4.000,0,0,10,32,5,26,0
27-01 10:11:35,22.252,3.500,73.507,0,0,1435944,233604,194608,6006168,13003.261,1620.157,0,0,0,0,1066,1205,2.570,1.700,0.900,2,0,3.000,0,0,10,32,5,26,0
27-01 10:11:36,22.999,2.500,73.997,0,0,1375132,294396,194612,6006184,6057.746,1619.932,0,0,0,0,909,1129,2.570,1.700,0.900,2,0,3.000,0,0,10,32,5,26,0
27-01 10:11:37,22.298,3.758,73.157,0,0,1379304,290188,194612,6006220,50308.661,1623.474,0,13015.854,0,97.208,1382,1325,2.570,1.700,0.900,2,0,5.011,0,0,10,32,5,26,0
27-01 10:11:38,22.872,3.232,74.085,0,0,1455416,214076,194612,6006220,20278.481,1610.982,0,0,0,0,1072,1191,2.570,1.700,0.900,2,0,1.989,0,0,10,32,5,26,0
27-01 10:11:39,15.804,10.787,72.248,0,0,1356864,312520,194624,6006312,4172.307,1537.271,0,208.716,0,2.007,1599,2229,2.570,1.700,0.900,2,0,138.475,0,0,10,32,5,26,0
27-01 10:11:40,8.748,21.494,68.731,0,0,1359760,309568,194624,6006368,5713.435,1693.536,0,503.862,0,5.998,2360,3332,2.440,1.680,0.910,2,0,291.920,0,0,10,32,5,26,0
27-01 10:11:41,9.257,22.517,68.801,0.250,0,1361068,307836,194628,6006780,5784.269,1621.196,216.160,428.316,11.008,7.005,2427,3453,2.440,1.680,0.910,1,0,282.208,0,0,10,32,5,24,0
27-01 10:11:42,8.499,20.246,69.738,0,0,1361244,307448,194628,6006992,8824.473,1693.707,23.996,267.954,3.999,5.999,2428,3350,2.440,1.680,0.910,2,0,273.953,0,0,10,32,5,24,0
27-01 10:11:43,9.516,19.533,69.867,0.250,0,1363500,305160,194640,6007008,6773.359,1622.721,8.013,685.149,2.003,100.168,2637,3645,2.440,1.680,0.910,1,0,269.452,0,0,10,32,5,24,0
27-01 10:11:44,16.716,10.977,71.603,0.249,0,1392240,276400,194648,6007012,6677.285,1616.679,3.992,331.319,0.998,23.951,1799,2433,2.440,1.680,0.910,1,0,128.736,0,0,10,32,5,24,0
27-01 10:11:45,22.999,3.250,73.746,0,0,1454988,213652,194648,6007012,5629.730,1703.918,0,15.999,0,1.000,902,1048,2.330,1.670,0.910,1,0,2.000,0,0,10,32,5,24,0
27-01 10:11:46,22.755,3.501,73.517,0,0,1418592,250052,194648,6007008,7757.839,1512.358,0,0,0,0,1036,1186,2.330,1.670,0.910,1,0,3.001,0,0,10,32,5,21,0
27-01 10:11:47,23.237,2.499,73.459,0.250,0,1364704,303916,194648,6007028,5999.616,1864.948,0,347.804,0,10.994,1010,1282,2.330,1.670,0.910,1,0,2.998,0,0,10,32,6,21,0
27-01 10:11:48,22.140,3.731,74.132,0,0,1436944,231692,194648,6007012,10129.696,1685.629,0,7.960,0,1.990,1021,1214,2.330,1.670,0.910,2,0,1.990,0,0,10,32,6,19,0
27-01 10:11:49,23.129,2.263,73.661,0,0,1371512,297108,194648,6007028,4933.554,1629.099,0,20.112,0,2.011,928,1124,2.330,1.670,0.910,1,0,3.017,0,0,10,32,6,19,0
27-01 10:11:50,21.746,3.749,74.237,0,0,1441824,226804,194648,6007020,5067.093,1693.697,0,0,0,0,974,1215,2.220,1.660,0.910,1,0,3.999,0,0,10,32,6,18,0
27-01 10:11:51,22.757,2.501,74.023,0,0,1382780,285836,194648,6007032,4615.417,1620.497,0,12.004,0,1.000,821,1038,2.220,1.660,0.910,1,0,1.000,0,0,10,32,6,18,0
27-01 10:11:52,21.498,4.000,73.744,0,0,1456632,212004,194648,6007012,5277.604,1703.872,0,0,0,0,930,1195,2.220,1.660,0.910,1,0,4.000,0,0,10,32,6,14,0
27-01 10:11:53,23.061,2.507,73.693,0,0,1401400,267228,194648,6007020,6129.083,1515.978,0,2330.114,0,67.176,1126,1388,2.220,1.660,0.910,1,0,3.008,0,0,10,32,6,14,0
27-01 10:11:54,22.231,3.247,73.937,0.250,0,1460868,207760,194648,6007020,5941.932,1564.665,0,327.720,0,24.979,1031,1360,2.220,1.660,0.910,1,0,2.997,0,0,10,32,6,12,0
27-01 10:11:55,22.213,2.995,73.627,0,0,1415408,253228,194648,6007012,7250.891,1765.052,0,7.987,0,1.997,917,1090,2.120,1.650,0.910,1,0,2.995,0,0,10,32,6,12,0
27-01 10:11:56,23.737,2.249,73.960,0,0,1447892,220720,194648,6007036,5331.089,1693.076,0,23.987,0,0.999,869,1072,2.120,1.650,0.910,1,0,1.999,0,0,10,32,6,12,0
27-01 10:11:57,23.503,2.500,73.758,0,0,1413188,255508,194648,6006952,5694.621,1620.177,0,0,0,0,940,1140,2.120,1.650,0.910,1,0,3.000,0,0,10,32,6,12,0
27-01 10:11:58,23.332,2.702,73.190,0,0,1360736,307748,194648,6007164,7821.035,1683.866,125.750,82.523,1.965,0.982,902,1078,2.120,1.650,0.910,1,0,2.947,0,0,10,32,6,12,0
27-01 10:11:59,22.911,2.546,73.823,0,0,1351236,317248,194648,6007164,4842.812,1649.570,0,203.651,0,27.493,901,1069,2.120,1.650,0.910,2,0,3.055,0,0,10,32,6,12,0
27-01 10:12:00,23.508,2.501,73.774,0,0,1429848,238656,194648,6007144,6127.028,1512.501,0,4.001,0,1.000,882,1107,2.030,1.640,0.910,2,0,4.001,0,0,10,32,6,8,0
27-01 10:12:01,23.548,2.505,74.150,0,0,1389100,279404,194648,6007144,6657.468,1623.284,0,24.049,0,2.004,857,1003,2.030,1.640,0.910,2,0,1.002,0,0,10,32,6,8,0
27-01 10:12:02,22.750,3.250,73.749,0,0,1385780,282716,194648,6007152,4745.934,1565.978,0,20.000,0,1.000,932,1177,2.030,1.640,0.910,2,0,5.000,0,0,10,32,6,7,0
27-01 10:12:03,22.454,3.243,73.598,0,0,1442228,226268,194648,6007152,6995.561,1690.511,0,103.786,0,6.986,1014,1300,2.030,1.640,0.910,3,0,1.996,0,0,10,32,6,7,0
27-01 10:12:04,15.281,15.281,68.890,0,0,1355788,312664,194648,6007196,4738.643,1697.454,0,517.052,0,35.071,2742,4414,2.030,1.640,0.910,2,0,372.759,0,0,10,32,6,7,0
27-01 10:12:05,22.453,3.493,74.344,0,0,1423412,245008,194652,6007224,6274.835,1616.608,0,0,0,0,1071,1442,1.950,1.630,0.910,2,0,22.952,0,0,10,32,6,7,0
27-01 10:12:06,27.750,4.000,66.999,0,0,1384372,283776,194652,6007464,6508.948,1619.987,0,4.000,0,1.000,2008,3864,1.950,1.630,0.910,1,0,43.000,0,0,10,32,6,7,0
27-01 10:12:07,22.520,4.504,73.315,0,0,1350316,317832,194652,6007464,41900.165,1513.342,0,4.004,0,1.001,1184,1516,1.950,1.630,0.910,5,0,51.045,0,0,10,32,6,7,0
27-01 10:12:08,7.507,22.771,68.314,0,0,1358664,309368,194656,6007576,39058.520,1663.555,4.004,736.689,1.001,73.068,3442,5200,1.950,1.630,0.910,1,0,513.480,0,0,10,32,6,6,0
27-01 10:12:09,9.732,19.714,68.874,0,0,1356140,311868,194656,6007604,6490.162,1563.149,0,487.112,0,36.933,3423,5278,1.950,1.630,0.910,1,0,519.053,0,0,10,32,6,6,0
27-01 10:12:10,9.263,20.529,69.099,0,0,1351832,316144,194656,6007632,7556.829,1622.325,0,1037.487,0,15.022,3177,4917,1.950,1.630,0.920,1,0,492.706,0,0,10,32,6,4,0
27-01 10:12:11,10.001,21.002,69.255,0,0,1354144,313800,194656,6007664,9367.693,1694.125,0,1232.091,0,14.001,3324,5119,1.950,1.630,0.920,1,0,526.039,0,0,10,32,6,4,0
27-01 10:12:12,8.749,20.247,69.489,0,0,1353896,314016,194656,6007692,6854.876,1619.734,0,887.854,0,10.998,3168,4955,1.950,1.630,0.920,1,0,481.921,0,0,10,32,6,4,0
27-01 10:12:13,10.000,18.750,70.251,0.250,0,1355288,312596,194656,6007720,7037.113,1620.026,0,728.012,0,20.000,2866,4385,1.950,1.630,0.920,1,0,389.006,0,0,10,32,6,4,0
27-01 10:12:14,11.511,23.523,64.063,0,0,1353120,314728,194664,6007748,4559.473,1513.485,0,960.943,0,51.050,4021,6917,1.950,1.630,0.920,2,0,666.654,0,0,10,32,6,6,0
27-01 10:12:15,48.987,31.991,17.995,0,0,1472240,195104,194724,6008148,9440.423,1619.558,51.986,1479.596,4.999,79.978,3424,6986,2.200,1.690,0.940,5,0,769.790,0,0,10,32,6,10,0
27-01 10:12:16,77.778,18.257,3.751,0.500,0,1630860,128268,195652,5912560,8506.037,1620.579,1708.610,5261.878,32.011,277.099,8683,3615,2.200,1.690,0.940,4,0,98.035,0,0,10,36,6,10,0
27-01 10:12:17,57.221,12.494,20.240,10.745,0,1659288,123716,196484,5888320,6596.649,1565.205,1819.076,61572.721,155.921,4861.530,22491,36712,2.200,1.690,0.940,4,0,143.927,0,0,10,38,6,12,0
27-01 10:12:18,56.301,13.763,21.520,8.007,0,1627284,144308,197072,5899032,12449.366,1621.480,92.084,78099.305,12.011,5904.391,23003,40306,2.200,1.690,0.940,3,1,163.149,0,0,10,36,6,11,0
27-01 10:12:19,53.715,15.490,21.486,9.244,0,1592564,187784,197008,5890516,6467.757,1692.889,699.541,73875.538,15.990,5606.322,22782,40175,2.200,1.690,0.940,2,1,108.929,0,0,10,36,6,11,0
27-01 10:12:20,50.011,14.253,27.006,9.752,0,1542672,229952,197272,5897876,6256.351,1694.366,16.003,56424.188,3.001,4670.009,18814,32121,2.260,1.710,0.950,4,0,200.043,0,0,10,34,6,9,0
27-01 10:12:21,39.995,10.499,39.495,9.999,0,1547560,218864,197564,5903688,4982.352,1585.794,0,54216.952,0,4288.443,20108,36831,2.260,1.710,0.950,2,1,90.988,0,0,10,35,6,11,0
27-01 10:12:22,35.498,10.250,43.748,10.000,0,1522288,241164,197792,5906408,4607.779,1619.922,0,38578.148,0,3658.824,17291,31124,2.260,1.710,0.950,1,0,52.997,0,0,10,34,6,14,0
27-01 10:12:23,37.994,8.749,43.493,9.249,0,1547356,215252,197992,5907020,5790.103,1693.737,0,34950.583,0,3285.491,16836,28660,2.260,1.710,0.950,2,1,26.996,0,0,10,35,6,17,0
27-01 10:12:24,39.490,9.498,41.990,8.998,0,1502948,258392,198212,5908064,5648.594,1619.597,0,44496.920,0,4156.965,19663,34746,2.260,1.710,0.950,2,0,92.977,0,0,10,34,6,20,0
27-01 10:12:25,43.014,7.503,39.013,10.253,0,1543132,215832,198396,5910244,8585.885,1620.545,0,46963.780,0,4225.420,18360,31988,2.240,1.720,0.950,2,0,38.013,0,0,10,35,6,20,0
27-01 10:12:26,38.749,8.000,43.249,8.500,0,1542152,213304,198604,5913496,5302.894,1565.969,0,45535.089,0,4123.918,22213,39526,2.240,1.720,0.950,3,1,41.999,0,0,10,34,6,21,0
27-01 10:12:27,34.732,10.495,45.976,8.246,0,1532724,218680,198784,5917268,4831.483,1619.156,0,46008.030,0,3933.950,16828,29160,2.240,1.720,0.950,1,1,73.961,0,0,10,36,6,21,0
27-01 10:12:28,38.517,10.255,39.518,10.755,0,1540248,207604,198888,5920596,7876.521,1586.709,0,50230.453,0,4377.957,22110,37467,2.240,1.720,0.950,2,0,93.042,0,0,10,37,6,26,0
27-01 10:12:29,40.096,9.962,40.096,10.709,0,1525380,218512,199040,5924272,6228.121,1729.370,0,52466.842,0,4212.848,19604,34079,2.240,1.720,0.950,1,1,83.679,0,0,10,36,6,26,0
27-01 10:12:30,39.696,10.050,40.701,10.803,0,1505376,243612,199116,5919048,4462.007,1702.396,0,55300.743,0,4876.049,21223,38749,2.220,1.720,0.960,4,0,52.258,0,0,10,36,6,26,0
27-01 10:12:31,38.126,15.699,44.356,0.997,0,1423916,324996,199136,5919104,15824.696,1614.765,175.431,16745.710,3.987,1065.546,6501,8022,2.220,1.720,0.960,1,0,213.308,0,0,10,33,6,27,0
27-01 10:12:32,20.489,5.247,72.212,0.500,0,1408388,340460,199148,5919152,13015.180,1693.113,0,1467.231,0,96.949,2113,3273,2.220,1.720,0.960,1,0,61.968,0,0,10,32,6,27,0
27-01 10:12:33,22.506,3.751,73.019,0,0,1379684,369152,199148,5919164,4659.183,1620.412,0,564.143,0,27.007,1991,4141,2.220,1.720,0.960,1,0,13.003,0,0,10,32,6,27,0
27-01 10:12:34,22.538,4.508,72.623,0.250,0,1431952,316868,199148,5919180,12549.221,1622.744,0,560.949,0,35.059,1481,1827,2.220,1.720,0.960,1,0,33.056,0,0,10,33,6,27,0
27-01 10:12:35,16.223,11.481,70.132,0.250,0,1380820,367984,199148,5919196,12688.582,1455.543,0,966.369,0,72.877,2655,4428,2.120,1.710,0.960,1,0,143.757,0,0,10,32,6,28,0
27-01 10:12:36,10.015,22.534,67.601,0,0,1386352,362324,199148,5919324,6198.229,1770.636,0,616.919,0,37.055,2484,3198,2.120,1.710,0.960,1,0,288.429,0,0,10,32,6,28,0
27-01 10:12:37,13.514,23.775,60.314,0.501,0,1389652,358896,199156,5919444,49454.570,1621.724,92.098,2674.843,4.004,165.176,3520,5025,2.120,1.710,0.960,3,0,406.432,0,0,10,32,6,30,0
27-01 10:12:38,63.993,10.749,25.247,0,0,1578168,169620,199180,5920164,34319.156,1619.819,19.998,707.921,2.000,40.995,2108,2310,2.120,1.710,0.960,3,0,46.995,0,0,10,32,6,34,0
27-01 10:12:39,63.333,12.966,22.940,1.496,0,1730140,133552,198580,5807072,5100.570,1615.746,3231.491,9778.254,148.609,436.850,2578,2646,2.120,1.710,0.960,2,1,0,0,0,10,32,6,34,0
27-01 10:12:40,43.370,10.529,36.852,9.777,0,1743944,126128,198348,5801148,5630.518,1666.593,762.100,59728.612,12.033,4713.992,21898,35392,2.350,1.760,0.980,5,0,171.473,0,0,10,38,6,34,0
27-01 10:12:41,37.739,10.497,40.238,12.746,0,1751460,121996,198268,5798052,5480.422,1619.534,1183.659,95252.567,17.995,7314.893,31044,51065,2.350,1.760,0.980,4,1,242.930,0,0,10,38,6,34,0
27-01 10:12:42,46.510,14.753,28.506,10.502,0,1654404,224192,198152,5793056,5303.151,1458.316,408.089,89299.378,12.003,6956.510,27765,49502,2.350,1.760,0.980,3,0,237.051,0,0,10,36,6,34,0
27-01 10:12:43,52.505,8.251,29.753,10.751,0,1724996,144392,198256,5801836,6661.679,1620.165,368.038,80488.210,13.001,6165.629,19060,40530,2.350,1.760,0.980,3,0,132.013,0,0,10,36,6,34,0
27-01 10:12:44,45.994,13.498,33.996,10.249,0,1761936,129012,197664,5781008,4650.419,1693.788,303.962,114569.679,8.999,8609.924,20958,52949,2.350,1.760,0.980,2,1,15.998,0,0,10,38,6,34,0
27-01 10:12:45,46.992,10.248,36.494,7.749,0,1509860,376344,197712,5785656,4856.150,1693.704,367.936,51534.981,12.998,4253.256,15169,29739,2.330,1.770,0.990,2,0,122.978,0,0,10,34,6,34,0
27-01 10:12:46,21.948,18.456,59.111,0.249,0,1428768,457032,197712,5786060,5138.883,1616.189,375.115,1257.036,4.988,83.802,2905,3176,2.330,1.770,0.990,1,0,239.435,0,0,10,32,6,34,0
27-01 10:12:47,23.002,3.000,73.257,0,0,1489684,396108,197712,5786068,5910.585,1620.160,8.001,4168.413,1.000,258.026,1586,2134,2.330,1.770,0.990,1,0,3.000,0,0,10,32,6,34,0
27-01 10:12:48,24.488,1.249,73.465,0.250,0,1523476,362088,197712,5786296,7806.237,1619.220,223.892,175.915,3.998,15.992,1338,1848,2.330,1.770,0.990,1,0,0,0,0,10,34,6,34,0
27-01 10:12:49,20.515,5.504,73.302,0,0,1441456,444104,197712,5786300,5399.818,1459.032,0,0,0,0,1114,1361,2.330,1.770,0.990,2,0,30.021,0,0,10,32,6,34,0
27-01 10:12:50,23.001,2.750,73.503,0,0,1507476,378080,197716,5786300,5158.222,1620.070,0,140.006,0,17.001,1060,1420,2.300,1.770,0.990,2,0,0,0,0,10,34,6,34,0
27-01 10:12:51,16.533,21.794,60.873,0.501,0,1393844,491460,197720,5786548,4921.908,1623.268,228.460,725.460,7.014,44.089,3306,5195,2.300,1.770,0.990,2,0,555.117,0,0,10,32,6,34,0
27-01 10:12:52,14.504,39.762,44.764,0,0,1404820,480328,197728,5786696,5295.599,1694.512,72.022,352.106,5.002,34.010,5335,9201,2.300,1.770,0.990,2,0,1190.359,0,0,10,32,6,34,0
27-01 10:12:53,8.228,19.199,70.312,0.249,0,1402304,479048,197728,5790476,4531.877,1689.481,3706.086,139.626,43.883,11.968,2614,3927,2.300,1.770,0.990,0,0,366.021,0,0,10,32,6,34,0
27-01 10:12:54,2.497,3.996,92.406,0.749,0,1386408,492020,197772,5793356,5811.073,1618.349,2996.943,527.462,51.947,104.893,1339,1620,2.300,1.770,0.990,5,0,38.960,0,0,10,12,6,34,20
27-01 10:12:55,8.525,20.310,70.459,0,0,1395628,482068,197912,5793936,7451.107,1624.821,649.928,4.012,11.033,1.003,2546,3451,2.350,1.790,1.010,1,0,265.789,0,0,11,12,6,34,20
27-01 10:12:56,10.256,20.262,68.792,0,0,1393448,484088,197912,5794096,6307.835,1512.920,4.002,40.024,1.001,9.005,2494,3467,2.350,1.790,1.010,1,0,264.161,0,0,11,12,6,34,20
27-01 10:12:57,23.747,17.498,57.494,0,0,1431676,444608,197928,5795292,5748.368,1607.823,651.928,4.000,34.996,1.000,5688,9545,2.350,1.790,1.010,2,0,292.968,0,0,11,12,6,34,20
27-01 10:12:58,14.963,18.703,64.339,0.249,0,1445144,430424,197928,5796308,7695.753,1709.724,462.842,355.112,5.985,9.975,4305,8033,2.350,1.790,1.010,2,0,401.995,0,0,13,12,6,34,20
27-01 10:12:59,25.560,17.040,57.636,0,0,1480364,393940,197932,5797164,5187.257,1623.837,950.245,4.009,12.028,1.002,4970,8048,2.350,1.790,1.010,1,0,344.815,0,0,15,12,6,34,20
27-01 10:13:00,13.472,17.464,67.110,0.249,0.249,1493480,380760,197932,5797232,4752.092,1690.475,0,259.459,0,15.967,4216,7185,2.410,1.810,1.020,5,0,313.347,0,0,15,12,6,34,20
27-01 10:13:01,46.864,12.029,41.100,0,0,1616188,258000,197972,5797244,4537.066,1623.961,0,497.213,0,21.051,3710,6628,2.410,1.810,1.020,14,0,133.325,0,0,17,12,5,34,20
27-01 10:13:02,83.002,16.500,0.250,0,0,1916880,121924,197608,5636260,5203.151,1620.047,0,4612.134,0,371.011,2677,3103,2.410,1.810,1.020,11,0,40.001,0,0,17,12,5,34,20
27-01 10:13:03,24.188,17.455,57.353,0,0,1924592,167348,197572,5584464,5123.847,1615.852,3.990,15.959,0.997,3.990,2531,3852,2.410,1.810,1.020,2,0,203.478,0,0,17,12,5,34,20
27-01 10:13:04,9.506,21.013,68.543,0,0,1925500,166376,197572,5584488,5478.402,1458.906,0,20.012,0,5.003,2647,3865,2.410,1.810,1.020,1,0,237.147,0,0,17,12,5,34,20
27-01 10:13:05,15.524,18.529,64.100,0,0,1927116,164600,197572,5584912,7474.713,1622.543,56.088,12.019,4.006,3.005,4750,10044,2.290,1.800,1.020,1,0,193.303,0,0,17,12,5,34,20
27-01 10:13:06,29.217,13.235,57.186,0.250,0,1954876,135608,197572,5585832,5832.427,1618.176,1006.865,0,16.981,0,3065,7872,2.290,1.800,1.020,1,0,176.801,0,0,17,12,5,35,20
27-01 10:13:07,8.500,8.750,81.498,0,0,1967236,130396,197312,5578952,46245.075,1619.968,0,263.995,0,4.000,1866,2718,2.290,1.800,1.020,1,0,91.998,0,0,18,12,5,35,20
27-01 10:13:08,23.220,3.995,71.408,0,0,2021356,130676,197272,5525712,40002.477,1617.916,0,127.835,0,12.983,1697,2590,2.290,1.800,1.020,2,0,1.997,0,0,18,13,5,35,14
27-01 10:13:09,21.534,7.512,70.111,0.250,0,1982300,169264,197272,5526152,13280.089,1696.694,284.452,456.725,3.005,41.065,3008,4984,2.290,1.800,1.020,1,0,70.111,0,0,18,18,5,40,0
27-01 10:13:10,10.987,19.976,67.668,0,0,1992204,159280,197272,5526216,6325.378,1618.050,3.995,231.721,0.999,16.980,3002,4530,2.270,1.800,1.020,1,0,317.617,0,0,18,18,5,40,0
27-01 10:13:11,9.764,20.028,69.849,0,0,2002896,148568,197272,5526236,6190.766,1588.249,0,596.845,0,20.028,2780,4162,2.270,1.800,1.020,1,0,257.364,0,0,18,18,5,40,0
27-01 10:13:12,12.247,18.996,67.735,0,0,2001892,149400,197272,5526392,6107.656,1565.656,0,91.980,0,9.998,2682,4033,2.270,1.800,1.020,1,0,250.945,0,0,18,18,5,40,0
27-01 10:13:13,13.982,17.228,65.415,0,0.250,1999812,151388,197272,5526396,6285.866,1691.811,0,71.907,0,6.991,3598,5599,2.270,1.800,1.020,1,0,208.730,0,0,18,18,5,40,0
27-01 10:13:14,38.333,14.782,45.849,0,0,2063064,136844,197120,5479408,16140.832,1623.504,328.709,4.009,3.006,1.002,3704,5959,2.270,1.800,1.020,2,0,160.346,0,0,18,19,5,40,0
27-01 10:13:15,44.987,8.498,45.737,0.250,0,2165096,130856,196792,5385332,14756.839,1619.543,7.998,4022.866,1.999,304.914,2165,2101,2.250,1.810,1.030,2,0,3.999,0,0,18,19,5,40,0
27-01 10:13:16,47.493,8.249,42.744,0.250,0,2223512,131752,196812,5327160,8450.825,1619.775,95.987,1275.823,1.000,60.992,4671,11487,2.250,1.810,1.030,2,0,8.999,0,0,18,35,5,34,0
27-01 10:13:17,18.967,15.972,63.640,0.250,0,2250104,121972,196808,5310568,5491.489,1916.680,3.993,586.983,0.998,23.959,2586,3944,2.250,1.810,1.030,1,0,187.675,0,0,18,34,6,35,0
27-01 10:13:18,16.084,7.671,75.716,0.247,0,2264848,127576,196580,5290820,23334.465,1770.672,1001.632,91.057,34.641,8.908,1862,2705,2.250,1.810,1.030,1,0,68.293,0,0,18,34,6,33,0
27-01 10:13:19,2.020,0.505,95.951,0.253,0,2265048,127352,196580,5290844,45220.086,3501.698,0,185.842,0,10.100,1162,1867,2.250,1.810,1.030,0,0,0,0,0,18,35,6,33,0
27-01 10:13:20,2.255,1.253,95.472,0,0.251,2282172,124580,196344,5276900,93804.909,3421.949,0,80.186,0,1.002,1073,1787,2.250,1.810,1.030,1,0,0,0,0,18,35,6,33,0
27-01 10:13:21,7.736,4.242,85.848,0.250,0,2317724,136260,195884,5231360,76625.297,3272.205,51.908,1161.942,11.979,30.945,1483,2361,2.150,1.790,1.030,1,0,7.986,0,0,18,34,6,34,0
27-01 10:13:22,16.994,11.746,69.224,1.749,0,2351472,141304,195156,5194244,10465.076,1661.377,319.880,9320.505,35.987,441.834,3513,5320,2.150,1.790,1.030,1,0,64.976,0,0,18,34,6,29,0
27-01 10:13:23,18.038,8.769,72.154,0.501,0,2344684,125568,195156,5215308,5210.113,1665.553,2156.600,0,477.017,0,2432,2679,2.150,1.790,1.030,1,0,34.073,0,0,18,34,6,29,0
27-01 10:13:24,15.217,12.723,71.346,0,0,2351504,134924,194760,5200516,5159.860,1616.510,0,0,0,0,2133,2879,2.150,1.790,1.030,1,0,58.873,0,0,18,34,6,24,0
27-01 10:13:25,21.546,6.514,70.901,0.752,0,2359348,126556,194776,5201072,5587.874,1663.535,408.869,6189.152,9.019,316.673,2247,3548,2.150,1.790,1.030,2,0,39.083,0,0,18,34,6,24,0
27-01 10:13:26,24.489,4.498,70.718,0.500,0,2365664,127188,194524,5194452,6528.049,1693.235,7.996,11274.904,1.999,434.803,2270,2140,2.060,1.780,1.030,1,0,17.992,0,0,18,34,6,23,0
27-01 10:13:27,21.966,4.493,71.887,0,0,2371272,121648,194524,5194452,5003.155,1563.548,0,0,0,0,1531,2103,2.060,1.780,1.030,1,0,26.958,0,0,18,34,6,23,0
27-01 10:13:28,17.532,9.016,72.631,0.751,0,2305708,238388,194700,5144372,8310.008,1622.931,1162.099,20.036,69.125,3.005,2061,2932,2.060,1.780,1.030,1,0,91.165,0,0,18,34,6,22,0
27-01 10:13:29,11.738,17.482,68.931,0.250,0,2302772,240280,194704,5145756,5425.531,1660.326,831.162,0,13.986,0,3391,5477,2.060,1.780,1.030,0,0,208.790,0,0,18,34,6,22,0
27-01 10:13:30,12.985,10.487,75.410,0,0,2305916,236900,194704,5145636,5406.550,1618.070,215.743,0,9.988,0,3009,8023,2.060,1.780,1.030,0,0,90.892,0,0,18,34,6,18,0
27-01 10:13:31,1.751,1.751,95.027,0.500,0,2305868,236900,194704,5145684,14333.099,1620.463,44.013,45861.116,3.001,60.017,1186,1817,1.890,1.750,1.020,0,0,3.001,0,0,18,34,6,18,0
27-01 10:13:32,1.250,0.500,96.256,0,0,2305864,236900,194704,5145688,12300.824,1512.101,0,220.015,0,4.000,1043,1749,1.890,1.750,1.020,1,0,3.000,0,0,18,34,6,17,0
27-01 10:13:33,4.749,2.749,90.972,0,0,2303344,239420,194704,5145688,5386.363,1693.485,0,15.995,0,3.999,1038,1763,1.890,1.750,1.020,0,0,3.999,0,0,18,34,6,17,0
27-01 10:13:34,4.001,3.751,90.770,0,0,2243708,299044,194704,5145680,12907.878,1694.378,0,4.001,0,1.000,1573,2547,1.890,1.750,1.020,1,0,48.011,0,0,18,34,6,17,0
27-01 10:13:35,17.501,16.501,63.754,0,0,2252652,289840,194704,5145908,13413.832,1566.097,36.002,0,4.000,0,4571,11687,1.890,1.750,1.020,0,0,233.014,0,0,18,34,6,17,0
27-01 10:13:36,12.021,16.028,71.125,0,0,2302676,239756,194704,5145972,6565.509,1622.845,0,4.007,0,1.002,2844,4319,1.740,1.720,1.010,1,0,222.390,0,0,19,34,6,16,0
27-01 10:13:37,17.530,19.032,62.355,0.250,0,2318040,222980,194712,5147740,51166.523,1861.147,1394.358,116.196,44.075,3.005,5934,9374,1.740,1.720,1.010,2,0,212.359,0,0,19,34,6,16,0
27-01 10:13:38,9.219,9.219,79.728,0,0,2317064,223800,194716,5147520,36104.918,1614.496,11.959,259.117,1.993,11.959,2771,4197,1.740,1.720,1.010,0,0,151.484,0,0,19,34,6,10,0
27-01 10:13:39,10.259,13.763,75.820,0,0,2321140,219560,194716,5148012,4965.578,1555.434,0,16.015,0,3.003,3306,6412,1.740,1.720,1.010,9,0,161.149,0,0,21,34,6,10,0
27-01 10:13:40,16.235,15.736,65.940,0,0,2324292,216408,194716,5147668,7433.206,1618.521,0,27.974,0,6.994,3696,7165,1.740,1.720,1.010,1,0,179.836,0,0,21,36,6,10,0
27-01 10:13:41,9.755,20.261,69.039,0,0,2325396,215160,194716,5147700,5755.223,1694.949,4.002,8.004,1.001,2.001,2725,4081,1.680,1.710,1.010,1,0,255.143,0,0,21,36,6,10,0
27-01 10:13:42,10.994,19.739,68.212,0,0,2325436,215092,194716,5147728,5762.784,1565.127,0,27.984,0,6.996,2683,4131,1.680,1.710,1.010,1,0,249.861,0,0,21,36,6,10,0
27-01 10:13:43,23.311,18.298,56.398,0,0,2347664,192856,194720,5147736,5189.597,1624.256,0,148.389,0,7.018,5129,8922,1.680,1.710,1.010,3,0,188.494,0,0,21,36,6,10,0
27-01 10:13:44,30.208,23.218,44.938,0,0,2419296,120964,194740,5147976,6680.740,1617.758,15.978,327.546,3.994,8.988,3320,5601,1.680,1.710,1.010,2,0,451.374,0,0,21,36,6,10,0
27-01 10:13:45,32.543,24.282,42.306,0.250,0,2455588,132872,193412,5102128,6306.318,1622.140,72.095,6925.134,6.008,659.870,4506,7596,1.680,1.710,1.010,2,0,441.582,0,0,21,44,6,14,0
27-01 10:13:46,35.227,22.235,41.723,0,0,2502524,130720,192888,5059308,6766.554,1511.007,215.858,19.987,9.993,4.997,4853,9135,1.790,1.730,1.020,2,0,251.835,0,0,21,44,6,14,0
27-01 10:13:47,35.181,13.473,50.151,0,0,2588140,125388,192836,4980564,5735.701,1706.638,47.906,0,2.994,0,3104,5721,1.790,1.730,1.020,3,0,177.650,0,0,21,44,6,14,0
27-01 10:13:48,25.004,3.751,70.511,0.500,0,2636736,128524,192844,4930124,8735.337,1620.248,8.001,1440.220,2.000,21.003,1498,2761,1.790,1.730,1.020,1,0,4.001,0,0,21,44,6,14,0
27-01 10:13:49,23.051,5.262,70.156,0.752,0,2696924,132328,193404,4865708,4687.392,1697.764,525.164,7420.451,89.198,438.973,2475,3113,1.790,1.730,1.020,6,0,5.011,0,0,21,46,6,14,0
27-01 10:13:50,24.766,5.504,54.036,13.759,0,2696252,131132,193412,4867568,5360.559,1641.090,4.003,32305.451,1.001,2789.852,15174,26608,1.790,1.730,1.020,3,0,4.003,0,0,21,46,6,14,0
27-01 10:13:51,38.741,11.997,41.490,5.999,0,2782724,131104,193248,4781068,4612.879,1693.588,27.993,17459.757,2.999,1546.624,13421,24218,1.880,1.750,1.040,5,0,12.997,0,0,22,66,6,24,0
27-01 10:13:52,18.446,20.191,59.078,0.997,0,2829524,125548,192772,4740308,4903.764,1615.311,83.757,4387.264,4.986,282.181,4387,8865,1.880,1.750,1.040,2,0,326.053,0,0,22,77,6,25,0
27-01 10:13:53,11.517,21.532,66.599,0,0.250,2830684,136488,192620,4728344,4967.382,1588.360,40.060,376.560,3.004,24.036,2861,4336,1.880,1.750,1.040,1,0,252.375,0,0,22,77,6,25,0
27-01 10:13:54,11.483,20.969,64.903,0,0,2840752,126260,192620,4728848,6814.778,1617.574,15.976,315.527,1.997,18.972,3811,6068,1.880,1.750,1.040,1,0,244.633,0,0,22,77,6,25,0
27-01 10:13:55,32.761,15.755,51.017,0.250,0,2889404,126368,192536,4680224,5698.955,1620.556,4.001,4601.578,1.000,399.137,4566,6908,1.880,1.750,1.040,2,0,161.055,0,0,22,78,6,25,0
27-01 10:13:56,39.006,10.502,49.758,0.250,0,2992696,130232,192440,4574980,6515.036,1620.258,184.029,1300.207,12.002,123.020,2745,4347,1.890,1.760,1.040,1,0,55.009,0,0,22,81,6,27,0
27-01 10:13:57,9.744,18.989,69.709,0.500,0,2999260,135568,192424,4563484,5794.587,1708.993,0,707.583,0,41.975,2912,4345,1.890,1.760,1.040,1,0,246.855,0,0,22,81,6,27,0
27-01 10:13:58,9.508,19.266,70.310,0,0,3003916,130820,192424,4563576,9277.914,1735.480,68.058,128.109,1.001,14.012,3012,4661,1.890,1.760,1.040,1,0,291.248,0,0,22,81,6,27,0
27-01 10:13:59,9.254,19.257,70.527,0,0,3007916,126800,192424,4563596,4277.655,1586.614,0,40.015,0,4.002,2736,4129,1.890,1.760,1.040,1,0,246.095,0,0,22,81,6,27,0
27-01 10:14:00,10.507,20.264,69.298,0,0,3010408,124280,192424,4563624,6553.561,1695.180,0,0,0,0,3169,5066,1.890,1.760,1.040,1,0,257.179,0,0,22,81,6,27,0
27-01 10:14:01,11.234,19.222,67.652,0,0,3006512,128904,192424,4562896,5095.586,1617.646,0,95.861,0,9.985,3087,4975,1.820,1.740,1.040,1,0,273.602,0,0,22,83,6,27,0
27-01 10:14:02,20.046,18.793,60.388,0.251,0,3018264,123288,192408,4557256,7328.687,1739.962,0,244.557,0,17.039,4925,10055,1.820,1.740,1.040,1,0,213.486,0,0,22,85,6,27,0
27-01 10:14:03,33.492,18.746,46.739,0,0,3071376,130588,192376,4497264,4638.905,1619.618,35.992,3359.207,8.998,355.916,4558,7323,1.820,1.740,1.040,2,0,493.883,0,0,22,97,6,27,0
27-01 10:14:04,36.503,20.752,43.253,0,0,3123812,128384,192348,4447760,4098.311,1620.123,20.002,304.023,5.000,22.002,5163,13601,1.820,1.740,1.040,2,0,325.025,0,0,22,100,6,27,0
27-01 10:14:05,52.512,25.256,21.505,0,0,3274872,124660,192248,4302112,4492.069,1620.386,52.012,7269.730,5.001,730.174,6562,12642,1.820,1.740,1.040,3,0,424.101,0,0,24,109,6,27,0
27-01 10:14:06,56.251,25.251,17.750,0,0,3402676,132496,192236,4169648,5022.131,1606.042,248.006,632.016,27.001,43.001,4601,16735,1.920,1.760,1.050,3,0,466.012,0,0,24,113,6,28,0
27-01 10:14:07,49.495,19.248,30.497,0.500,0,3450864,128044,192236,4126320,42677.860,1709.834,227.978,6415.378,14.999,448.956,8154,22042,1.920,1.760,1.050,2,0,329.968,0,0,24,129,6,27,0
27-01 10:14:08,38.494,20.497,41.244,0,0,3503084,129860,192156,4073468,18610.320,1619.767,0,271.961,0,9.999,3219,4949,1.920,1.760,1.050,2,0,381.945,0,0,24,129,6,27,0
27-01 10:14:09,11.964,19.940,65.803,0,0,3513348,124736,192156,4068492,4627.146,1615.164,3.988,422.734,0.997,22.931,2921,4523,1.920,1.760,1.050,1,0,266.203,0,0,25,129,6,25,0
27-01 10:14:10,18.004,17.754,62.013,0.250,0,3521580,123440,192152,4062000,6177.254,1620.329,48.010,360.073,3.001,25.005,4918,9526,1.920,1.760,1.050,1,0,194.039,0,0,25,129,6,25,0
27-01 10:14:11,29.590,23.823,46.391,0.502,0,3574344,130568,192096,4002524,5286.091,1624.946,365.111,1921.850,18.055,286.873,4135,6136,2.080,1.800,1.070,2,0,390.188,0,0,25,129,6,21,0
27-01 10:14:12,35.183,21.210,42.170,0,0,3638412,136744,192068,3933296,5846.873,1563.026,71.863,347.339,0.998,25.951,5398,8726,2.080,1.800,1.070,12,0,298.432,0,0,25,137,6,21,0
27-01 10:14:13,35.495,22.997,39.744,0.500,0,3728956,120484,192056,3859132,4715.283,1511.770,1743.735,5115.222,39.994,400.939,6109,14298,2.080,1.800,1.070,2,0,347.947,0,0,25,143,6,21,0
27-01 10:14:14,29.304,26.298,43.830,0.501,0,3780608,127756,192056,3800828,4366.987,1697.104,669.224,204.374,47.086,14.026,3866,6796,2.080,1.800,1.070,2,0,516.945,0,0,25,144,6,21,0
27-01 10:14:15,21.704,24.448,53.137,0.249,0,3838076,125864,192056,3745576,5242.822,1690.396,79.830,6681.754,4.989,703.500,7166,11126,2.080,1.800,1.070,1,0,376.198,0,0,25,155,6,21,0
27-01 10:14:16,11.015,21.529,66.090,0.250,0,3836728,131260,192060,3741568,6826.263,1622.201,0,376.511,0,32.043,3325,5120,2,1.790,1.070,1,0,267.363,0,0,25,155,6,21,0
27-01 10:14:17,19.998,18.498,59.245,0.250,0,3846200,126412,192060,3736972,6825.433,1619.866,227.981,1547.872,3.000,254.979,5556,9043,2,1.790,1.070,2,0,167.986,0,0,25,155,6,20,0
27-01 10:14:18,41.920,12.476,44.914,0,0,3966732,123044,192020,3620656,10592.810,1616.918,283.460,938.212,12.975,129.753,2675,3801,2,1.790,1.070,2,0,82.842,0,0,25,155,6,20,0
27-01 10:14:19,45.673,7.943,44.680,0.496,0,4066824,136008,191940,3508844,4640.726,1608.467,194.605,639.415,13.900,108.224,2154,2668,2,1.790,1.070,4,0,2.979,0,0,25,157,6,20,0
27-01 10:14:20,35.355,16.920,46.719,0.505,0,4015020,204844,191948,3492460,5001.162,1472.772,12.122,614.160,3.030,46.466,3879,6647,2,1.790,1.070,3,0,306.070,0,0,25,163,6,20,0
27-01 10:14:21,36.478,23.736,39.226,0,0,4063072,155316,191956,3493928,4305.408,1692.981,27.983,563.661,2.998,46.972,6518,13501,2,1.790,1.070,2,0,408.754,0,0,25,175,6,19,0
27-01 10:14:22,42.268,22.510,34.265,0.250,0,4051892,162532,191968,3498288,4755.073,1694.739,2625.145,496.216,54.024,27.012,6320,12671,2,1.790,1.070,2,0,286.125,0,0,25,181,6,20,0
27-01 10:14:23,72.498,19.249,7.000,0.250,0,4192092,129468,191920,3392640,4091.894,1619.958,127.997,275.993,7.000,14.000,3776,7483,2,1.790,1.070,4,0,180.995,0,0,25,184,6,21,0
27-01 10:14:24,73.707,16.740,6.496,2.249,0,4245112,138396,191932,3331096,5170.985,1619.056,5600.735,12656.621,332.806,600.650,5898,8875,2,1.790,1.070,5,0,63.963,0,0,25,196,6,21,0
27-01 10:14:25,65.668,19.476,11.735,1.248,0,4326492,124172,191708,3265112,5496.146,1617.982,1809.743,8421.498,190.762,428.466,6676,16465,2,1.790,1.070,3,0,172.785,0,0,25,201,6,25,0
27-01 10:14:26,46.320,27.041,25.288,0.250,0,4283192,164132,191704,3268572,5427.157,1622.439,224.337,753.132,5.008,62.093,5246,13787,2.240,1.850,1.090,5,0,515.775,0,0,25,199,6,27,0
27-01 10:14:27,51.768,24.759,23.008,0.250,0,4334992,120392,191508,3260956,7435.602,1512.529,188.066,18034.312,8.003,558.195,8128,38539,2.240,1.850,1.090,4,0,238.083,0,0,25,199,6,28,0
27-01 10:14:28,54.493,24.247,20.247,0.250,0,4386492,122532,190792,3209788,8888.898,1565.806,31.996,531.934,1.000,33.996,4759,9096,2.240,1.850,1.090,3,0,494.939,0,0,25,204,6,28,0
27-01 10:14:29,60.757,21.002,17.002,0.250,0,4415088,130088,190372,3174456,4785.569,1620.193,1132.135,3704.441,82.010,523.062,7892,20471,2.240,1.850,1.090,3,0,291.035,0,0,25,207,6,33,0
27-01 10:14:30,56.231,21.743,20.243,0,0,4508952,121620,190264,3091524,7571.479,1693.436,375.875,5634.124,20.993,426.858,6384,13917,2.240,1.850,1.090,6,0,409.864,0,0,25,211,6,34,0
27-01 10:14:31,58.285,17.260,22.013,0.250,0,4560040,124172,190264,3038804,12451.421,1620.966,208.124,8997.362,25.015,725.432,8465,19777,2.540,1.910,1.120,4,0,224.134,0,0,25,217,5,34,0
27-01 10:14:32,66.217,11.244,21.739,0.250,0,4631356,157932,190188,2936644,12032.044,1619.198,567.719,919.545,38.981,150.925,3464,7241,2.540,1.910,1.120,4,0,5.997,0,0,25,225,5,34,0
27-01 10:14:33,68.420,11.237,18.479,0.999,0,4689152,188184,190152,2849944,49665.239,17357.813,862.996,5825.225,73.914,507.410,6328,15750,2.540,1.910,1.120,4,0,12.985,0,0,25,237,5,44,0
27-01 10:14:34,35.543,22.027,42.552,0,0,4686580,190020,190152,2850680,13640.614,1621.976,48.059,1113.356,3.004,133.162,5441,10717,2.540,1.910,1.120,3,0,443.540,0,0,25,237,5,44,0
27-01 10:14:35,36.250,21.500,42.750,0.250,0,4723836,152284,190152,2851504,8566.017,1512.003,112.000,496.001,12.000,48.000,6030,11232,2.540,1.910,1.120,3,0,366.001,0,0,25,237,5,44,0
27-01 10:14:36,53.755,17.502,27.502,0.250,0,4765844,124700,190152,2837220,5310.457,1566.135,16.001,3888.334,3.000,535.046,4759,9235,2.740,1.970,1.140,7,0,205.018,0,0,26,240,5,44,0
27-01 10:14:37,66.251,9.250,22.250,1.500,0,4832156,121432,189672,2775000,50088.401,1620.013,1592.013,1928.015,114.001,267.002,4092,6470,2.740,1.970,1.140,3,0,11.000,0,0,26,240,5,45,0
27-01 10:14:38,57.911,14.977,26.959,0.250,0,4906040,125044,188524,2700180,41685.180,1617.524,475.272,5567.476,29.954,459.297,5990,10425,2.740,1.970,1.140,2,0,182.720,0,0,26,243,5,46,0
27-01 10:14:39,26.937,5.238,66.844,0,0,4900856,130252,188536,2700160,22105.384,5198.861,7.981,598.602,1.995,49.884,2686,4272,2.740,1.970,1.140,1,0,36.914,0,0,26,243,5,46,0
27-01 10:14:40,21.247,5.249,71.739,0.250,0,4851332,179756,188540,2700176,6298.024,1693.737,0,487.924,0,49.992,2785,5497,2.740,1.970,1.140,1,0,36.994,0,0,26,243,5,46,0
27-01 10:14:41,10.252,3.251,85.269,0,0,4856864,161404,188548,2712988,13531994.975,75906.548,0,356.078,0,24.005,5131,3944,2.520,1.930,1.130,1,0,6.001,0,0,26,240,5,47,0
27-01 10:14:42,12.029,12.280,74.182,0.752,0,4860240,147572,188576,2723416,8467542.544,36334.948,2073.075,1311.210,25.061,77.189,4800,4926,2.520,1.930,1.130,1,0,179.439,0,0,26,239,5,47,0
27-01 10:14:43,22.941,8.478,66.829,0.997,0,4900468,130108,188232,2701348,5643.553,1689.674,3.990,22841.526,0.997,346.114,3196,4274,2.520,1.930,1.130,2,0,84.783,0,0,26,249,5,47,0
27-01 10:14:44,26.809,2.505,68.400,0.251,0,4912348,123360,188192,2696396,6560.400,1653.630,16.035,922.024,1.002,116.255,3792,7663,2.520,1.930,1.130,1,0,2.004,0,0,26,257,5,49,0
27-01 10:14:45,27.443,3.992,67.360,0.499,0,4926780,124236,187956,2682096,5774.982,1616.636,451.061,459.045,29.938,39.917,4262,8248,2.520,1.930,1.130,2,0,1.996,0,0,26,262,5,50,0
27-01 10:14:46,27.845,3.763,67.731,0.502,0,4938092,123844,187804,2671500,4387.945,1625.537,16.055,686.338,4.014,72.246,4143,9029,2.390,1.920,1.130,3,0,1.003,0,0,26,266,5,52,0
27-01 10:14:47,20.173,16.437,61.016,0.996,0,4879612,187456,187292,2667368,5543.707,1687.518,163.372,23924.108,9.962,368.584,5469,8699,2.390,1.920,1.130,1,0,174.330,0,0,26,263,5,55,0
27-01 10:14:48,22.833,5.771,70.758,0.251,0,4934904,124896,187572,2674356,7209.328,1517.542,52.191,309.129,9.033,15.055,1911,2980,2.390,1.920,1.130,1,0,36.132,0,0,26,263,5,55,0
27-01 10:14:49,22.665,8.717,66.750,0.747,0,4904312,155096,188244,2673324,5095.911,1613.954,19.925,36220.319,2.989,364.634,2666,3479,2.390,1.920,1.130,1,0,30.884,0,0,26,269,5,55,0
27-01 10:14:50,24.837,6.021,66.733,0.502,0,4956760,128484,187904,2648620,5372.789,1625.685,124.435,8385.323,14.049,123.432,12929,24583,2.390,1.920,1.130,1,0,6.021,0,0,26,271,5,55,0
27-01 10:14:51,23.179,5.982,69.040,0,0,4960724,124228,187908,2648908,5643.809,1615.080,0,462.591,0,27.915,4196,7764,2.280,1.900,1.130,1,0,0,0,0,26,269,5,56,0
27-01 10:14:52,23.827,4.515,70.980,0,0,4969352,126588,187724,2638296,4870.752,1571.081,0,0,0,0,4264,7782,2.280,1.900,1.130,1,0,3.010,0,0,26,269,5,46,0
27-01 10:14:53,23.668,4.235,70.258,0,0,4957764,148980,187532,2628028,5289.766,1614.435,0,159.450,0,9.966,1762,2651,2.280,1.900,1.130,2,0,0,0,0,26,269,5,46,0
27-01 10:14:54,19.782,18.780,61.598,0.250,0,4915560,191012,187560,2628220,5269.426,1622.595,304.487,160.256,41.066,4.006,3813,6243,2.280,1.900,1.130,1,0,420.673,0,0,26,269,5,46,0
27-01 10:14:55,25.244,5.249,69.235,0,0,4975588,130808,187560,2628396,7358.389,1585.653,0,6686.536,0,120.974,2156,3053,2.280,1.900,1.130,1,0,31.993,0,0,26,271,5,46,0
27-01 10:14:56,12.732,16.476,69.151,0.499,0,4911684,194452,187592,2628540,6193.131,1691.578,23.966,1022.536,2.996,65.906,3450,5413,2.180,1.890,1.130,1,0,231.668,0,0,26,271,5,46,0
27-01 10:14:57,11.037,18.813,68.228,0,0,4914228,191860,187604,2628576,5288.701,1625.440,0,112.376,0,13.044,3193,4942,2.180,1.890,1.130,5,0,269.903,0,0,26,273,5,46,0
27-01 10:14:58,7.473,10.213,80.707,0,0,4913952,191612,187604,2629100,7878.433,1707.807,502.179,0,5.978,0,2452,3977,2.180,1.890,1.130,0,0,170.382,0,0,26,273,5,45,0
27-01 10:14:59,11.503,3.001,84.271,0,0,4946712,158852,187604,2629100,5289.291,1566.382,0,0,0,0,1596,2679,2.180,1.890,1.130,1,0,11.003,0,0,26,273,5,45,0
27-01 10:15:00,27.249,2.750,69.748,0,0,4974628,130712,187624,2629304,5160.830,1619.947,63.998,403.987,4.000,37.999,2918,5716,2.180,1.890,1.130,1,0,1.000,0,0,26,277,5,45,0
27-01 10:15:01,14.498,15.748,68.490,0.750,0,4917796,187428,187640,2629404,5310.219,1619.762,95.986,307.955,8.999,23.996,3053,4696,2.090,1.870,1.130,1,0,172.975,0,0,26,277,5,45,0
27-01 10:15:02,11.781,17.547,69.183,0,0,4916664,188296,187640,2629668,5040.367,1516.020,0,96.255,0,7.019,3081,4774,2.090,1.870,1.130,2,0,168.447,0,0,26,277,5,45,0
27-01 10:15:03,15.714,17.460,65.102,0,0,4916472,188216,187640,2629940,4979.716,1616.337,103.765,123.720,12.971,18.957,3315,5160,2.090,1.870,1.130,1,0,200.546,0,0,26,279,5,45,0
27-01 10:15:04,20.014,9.507,69.548,0,0,4959532,145100,187648,2629988,7003.854,1695.175,4.003,84.058,1.001,4.003,2296,3553,2.090,1.870,1.130,3,0,96.067,0,0,26,279,5,45,0
27-01 10:15:05,24.460,4.742,68.638,1.248,0,5009784,128188,187064,2597564,5704.661,1617.352,3.993,7108.364,0.998,482.211,2643,2987,2.090,1.870,1.130,3,0,0,0,0,26,279,5,45,0
27-01 10:15:06,31.382,5.021,63.015,0.251,0,5003508,179312,186452,2554224,6706.220,1626.846,465.961,1068.496,14.059,136.575,3135,6771,2,1.860,1.130,1,0,36.152,0,0,26,281,5,46,0
27-01 10:15:07,25.176,4.736,69.796,0.249,0,4989348,193420,186460,2554368,42215.393,1615.270,39.883,195.428,5.982,7.977,1909,2563,2,1.860,1.130,1,0,6.980,0,0,26,279,5,46,0
27-01 10:15:08,24.520,4.003,70.306,0,0,5032108,150608,186464,2554416,28071.345,1567.248,44.035,156.124,4.003,10.008,2193,3579,2,1.860,1.130,1,0,1.001,0,0,26,282,5,46,0
27-01 10:15:09,24.969,4.245,68.914,0,0,4937752,244824,186576,2554444,5309.342,1510.106,111.860,175.780,4.994,6.991,2061,4419,2,1.860,1.130,1,0,15.980,0,0,26,279,5,46,0
27-01 10:15:10,24.500,4.500,70.500,0,0,4982988,199468,186580,2554560,5911.035,1620.010,0,252.002,0,26.000,2010,3143,2,1.860,1.130,1,0,2.000,0,0,26,279,5,46,0
27-01 10:15:11,14.791,14.039,70.947,0.251,0,4931788,249320,186684,2555804,5468.207,1698.724,1468.083,409.138,25.070,12.033,2816,4313,1.920,1.840,1.130,2,0,187.521,0,0,26,279,5,46,0
27-01 10:15:12,12.755,17.507,68.528,0,0,4946288,234484,186704,2556120,5473.271,1620.673,292.121,332.138,65.027,21.009,3163,4938,1.920,1.840,1.130,1,0,275.114,0,0,26,279,5,46,0
27-01 10:15:13,21.252,7.251,70.258,0.250,0,4956800,223376,186900,2556520,6491.740,1620.185,532.061,136.016,27.003,14.002,2300,3656,1.920,1.840,1.130,1,0,92.010,0,0,26,279,5,46,0
27-01 10:15:14,24.432,4.986,68.309,0.249,0,4980276,199716,186908,2556696,7336.502,1615.486,147.588,111.688,4.986,3.989,9278,18515,1.920,1.840,1.130,1,0,6.980,0,0,26,279,5,46,0
27-01 10:15:15,22.498,3.250,73.744,0.250,0,4960972,218632,186952,2557040,12444.917,5365.533,39.997,559.951,9.999,30.997,2098,3179,1.920,1.840,1.130,1,0,6.999,0,0,26,280,5,47,0
27-01 10:15:16,27.482,3.748,66.707,0.500,0,4993832,183884,187128,2558656,6351.903,1457.060,19.987,3393.811,1.999,190.877,10401,20305,1.840,1.830,1.130,1,0,5.996,0,0,26,280,5,47,0
27-01 10:15:17,22.790,4.758,70.624,0,0,4931472,246396,187128,2558504,7508.132,1797.143,0,220.385,0,12.021,2042,3187,1.840,1.830,1.130,1,0,55.096,0,0,26,279,5,47,0
27-01 10:15:18,15.743,14.244,68.971,0,0,4965648,212312,187128,2558412,11021.415,1619.326,0,11.995,0,1.999,2916,4500,1.840,1.830,1.130,1,0,217.909,0,0,26,279,5,47,0
27-01 10:15:19,25.489,4.498,68.970,0,0,4996384,181372,187132,2558612,6321.219,1619.288,0,147.935,0,6.997,2292,4582,1.840,1.830,1.130,2,0,0,0,0,26,283,5,48,0
27-01 10:15:20,23.245,8.748,67.484,0,0,4952500,225064,187144,2558792,5203.803,1661.618,23.994,331.924,2.000,20.995,2931,4947,1.840,1.830,1.130,2,0,113.974,0,0,26,277,5,50,0
27-01 10:15:21,30.448,3.993,64.391,0.499,0,4990684,186760,187144,2558912,5981.831,1691.125,3.993,271.538,0.998,20.964,3233,7196,1.780,1.810,1.130,2,0,0,0,0,26,277,5,50,0
27-01 10:15:22,25.784,6.258,67.340,0,0,4975116,202308,187148,2558928,4611.156,1534.048,0,1850.470,0,297.397,3180,3930,1.780,1.810,1.130,2,0,72.096,0,0,26,277,5,50,0
27-01 10:15:23,23.804,6.264,68.907,0.251,0,4930872,246524,187152,2558952,5594.717,1623.691,0,184.419,0,17.039,2778,5460,1.780,1.810,1.130,3,0,46.105,0,0,26,277,5,51,0
27-01 10:15:24,24.452,4.242,71.111,0,0,4986776,190608,187152,2558964,4986.232,1690.688,0,211.586,0,12.975,2004,3445,1.780,1.810,1.130,3,0,12.975,0,0,26,278,5,51,0
27-01 10:15:25,23.989,5.497,69.718,0,0,4961544,215704,187152,2559100,5016.707,1619.260,0,299.863,0,11.995,2752,4694,1.780,1.810,1.130,1,0,33.984,0,0,26,277,5,52,0
27-01 10:15:26,26.256,3.251,69.015,0.250,0,4991080,185996,187160,2559264,5836.261,1620.350,16.003,240.052,1.000,18.004,2630,5057,1.710,1.800,1.130,1,0,0,0,0,26,278,5,53,0
27-01 10:15:27,23.500,5.250,70.249,0,0,4978572,198460,187176,2559292,5266.958,1693.986,0,375.997,0,43.000,2347,3640,1.710,1.800,1.130,1,0,49.000,0,0,26,277,5,48,0
27-01 10:15:28,25.084,4.013,70.236,0.251,0,4938856,238164,187176,2559304,7644.655,1773.953,0,120.404,0,7.024,2756,4999,1.710,1.800,1.130,1,0,32.108,0,0,26,277,5,50,0
27-01 10:15:29,23.676,3.738,70.529,0,0,4987740,189276,187176,2559308,6570.448,1453.454,0,115.638,0,6.978,2054,3205,1.710,1.800,1.130,1,0,1.994,0,0,26,277,5,48,0
27-01 10:15:30,21.048,10.524,68.155,0.251,0,4931124,245844,187200,2559332,6127.904,1697.852,0,501.137,0,50.114,3616,6548,1.710,1.800,1.130,1,0,153.348,0,0,26,277,5,48,0
27-01 10:15:31,11.499,20.248,66.495,0,0,4936036,240912,187216,2559336,14057.861,1619.869,0,295.976,0,27.998,3631,5683,1.580,1.770,1.120,3,0,368.970,0,0,26,277,5,42,0
27-01 10:15:32,9.734,21.715,65.895,0.250,0,4935120,241752,187224,2559372,13223.868,1617.415,0,619.011,0,43.930,3718,5918,1.580,1.770,1.120,1,0,381.391,0,0,26,277,5,42,0
27-01 10:15:33,12.501,22.501,63.254,0.250,0,4938840,235264,187232,2562132,5271.316,1620.097,2060.124,364.022,20.001,33.002,3756,6032,1.580,1.770,1.120,1,0,375.023,0,0,26,277,5,33,0
27-01 10:15:34,12.501,21.502,65.257,0,0,4946312,227708,187232,2562216,12535.291,1694.174,0,116.012,0,14.001,3901,6223,1.580,1.770,1.120,2,0,397.041,0,0,26,277,5,33,0
27-01 10:15:35,11.537,22.071,64.707,0,0,4949760,224824,187232,2561652,13420.907,1625.196,0,76.244,0,14.045,3775,5993,1.580,1.770,1.120,5,0,379.212,0,0,26,277,5,32,0
27-01 10:15:36,11.489,22.478,64.437,0,0,4937540,237172,187244,2561512,7742.381,1530.494,0,375.630,0,33.967,3769,6008,1.770,1.810,1.130,2,0,388.618,0,0,26,277,5,32,0
27-01 10:15:37,10.985,20.971,66.159,0.250,0,4937852,236828,187244,2561544,50522.784,1617.784,0,2628.399,0,390.465,4004,5619,1.770,1.810,1.130,2,0,371.491,0,0,26,277,5,32,0
27-01 10:15:38,9.740,21.727,66.681,0.250,0,4936892,237760,187248,2561568,21521.661,1618.320,0,227.764,0,15.983,3520,5579,1.770,1.810,1.130,1,0,353.633,0,0,26,277,5,32,0
27-01 10:15:39,11.244,22.238,66.215,0,0,4938652,235848,187252,2561716,4870.438,1661.126,0,167.912,0,11.994,3437,5506,1.770,1.810,1.130,1,0,330.826,0,0,26,277,5,30,0
27-01 10:15:40,15.001,14.751,68.004,0,0,4950380,223976,187276,2561836,5822.384,1662.110,88.006,520.034,12.001,44.003,3349,5318,1.770,1.810,1.130,2,0,250.017,0,0,26,279,5,30,0
27-01 10:15:41,20.561,10.281,67.452,0.501,0,4961080,288028,187708,2494856,6342.972,1624.860,337.008,1925.760,50.150,11.033,14807,28700,1.710,1.790,1.130,1,0,26.078,0,0,26,279,5,29,0
27-01 10:15:42,21.937,2.742,74.537,0.249,0,4986116,260112,187708,2497288,11731.483,4533.049,11.966,1164.673,1.994,7.977,1747,2599,1.710,1.790,1.130,0,0,2.991,0,0,26,280,5,29,0
27-01 10:15:43,17.241,1.249,79.459,0.750,0,4994344,251068,187780,2498032,20455.527,12027.842,707.638,1151.410,47.975,38.980,2020,3002,1.710,1.790,1.130,0,0,0,0,0,26,280,5,29,0
27-01 10:15:44,15.503,2.750,79.264,1.500,0,5005988,238220,187800,2499152,22862.932,12846.210,928.160,1336.230,54.009,45.008,2049,3017,1.710,1.790,1.130,1,0,1.000,0,0,26,280,5,29,0
27-01 10:15:45,18.757,1.751,77.528,0.500,0,5010196,233208,187820,2499872,19664.000,11479.087,612.218,1128.402,41.015,37.013,1967,2921,1.710,1.790,1.130,1,0,0,0,0,26,280,5,27,0
27-01 10:15:46,19.491,1.249,77.463,0.500,0,5019000,223632,187872,2500588,20655.189,11271.646,627.702,1139.459,38.981,47.977,2086,2980,1.570,1.760,1.130,2,0,0,0,0,26,280,5,27,0
27-01 10:15:47,27.005,5.501,64.261,2.000,0,5028416,178520,188092,2534808,11117.946,3439.602,13274.323,3116.545,152.027,66.012,2438,3350,1.570,1.760,1.130,2,0,1.000,0,0,26,280,5,18,0
27-01 10:15:48,23.582,3.763,70.494,1.505,0,5033040,144312,188144,2562744,7826.110,1625.631,0,3303.443,0,157.546,2198,3605,1.570,1.760,1.130,1,0,0,0,0,26,280,5,18,0
27-01 10:15:49,24.494,3.749,69.982,1.250,0,5029236,129084,188000,2579780,7597.032,2408.376,0,8409.822,0,432.888,2596,3368,1.570,1.760,1.130,2,0,0,0,0,26,281,5,18,0
27-01 10:15:50,27.503,4.750,66.007,0.250,0,4974088,197040,188004,2566792,14913.551,4314.449,436.045,1372.143,8.001,55.006,2346,3453,1.570,1.760,1.130,1,0,7.001,0,0,26,279,5,19,0
27-01 10:15:51,27.905,5.481,65.279,0.249,0.249,4972836,196900,188004,2568184,6449.118,1614.522,43.851,2017.156,2.990,28.902,8666,17535,1.530,1.750,1.130,1,0,11.959,0,0,26,279,5,18,0
27-01 10:15:52,25.499,5.500,67.997,0,0,4975444,194048,188004,2568396,4870.786,1693.925,0,455.980,0,10.000,8661,17438,1.530,1.750,1.130,1,0,12.999,0,0,26,279,5,18,0
27-01 10:15:53,23.835,4.767,71.253,0,0,4958764,210820,188004,2568304,5024.863,1625.780,0,16.057,0,2.007,2155,3498,1.530,1.750,1.130,1,0,52.186,0,0,26,279,5,17,0
27-01 10:15:54,23.425,7.974,65.290,0.249,0,4985596,184056,188004,2568324,6345.561,1614.799,0,72853.339,0,217.300,9088,17726,1.530,1.750,1.130,1,0,14.952,0,0,26,279,5,17,0
27-01 10:15:55,23.993,7.748,66.982,0,0,4991320,178224,188004,2568432,6156.325,1619.559,0,1423.613,0,10.997,15402,31071,1.530,1.750,1.130,1,0,12.996,0,0,26,279,5,17,0
27-01 10:15:56,23.992,5.248,69.477,0,0,4955392,214256,188004,2568328,4570.455,1457.507,7.997,359.878,1.999,31.989,2328,3711,1.480,1.740,1.130,2,0,13.995,0,0,26,279,5,18,0
27-01 10:15:57,24.265,4.753,69.793,0,0,4935740,233892,188004,2568344,5054.149,1621.010,0,4.002,0,1.001,1950,2999,1.480,1.740,1.130,2,0,57.036,0,0,26,279,5,17,0
27-01 10:15:58,23.242,6.248,68.226,0,0.250,4954576,199808,188716,2581348,9968.471,1787.367,27.990,7.997,6.998,1.999,14916,28988,1.480,1.740,1.130,2,0,46.983,0,0,26,279,5,17,0
27-01 10:15:59,23.269,4.254,73.061,0,0,4977752,172900,188948,2584336,8836.405,2874.409,0,0,0,0,1617,2660,1.480,1.740,1.130,0,0,3.003,0,0,26,280,5,17,0
27-01 10:16:00,19.988,2.249,75.956,0.750,0,4988180,162316,188976,2584420,28101.673,16681.308,0,3238.119,0,84.951,2123,3466,1.480,1.740,1.130,1,0,0,0,0,26,280,5,17,0
27-01 10:16:01,12.538,1.505,83.506,1.003,0,4991156,158844,189132,2584712,159166.163,18148.662,0,1953.993,0,93.286,2190,3339,1.360,1.710,1.120,1,0,0,0,0,26,281,5,17,0
27-01 10:16:02,21.679,1.495,75.504,0.249,0,5008412,141204,189192,2584924,20423.460,12220.187,0,1152.246,0,38.873,1898,2980,1.360,1.710,1.120,1,0,0,0,0,26,281,4,17,0
27-01 10:16:03,20.256,3.001,75.021,0.500,0,5032060,129640,189100,2572900,235725.417,15516.438,0,1428.409,0,48.014,2096,3199,1.360,1.710,1.120,4,0,0,0,0,26,281,4,17,0
27-01 10:16:04,11.749,2.750,84.241,1.000,0.250,5014008,147232,189428,2573012,125053.994,20648.853,23.998,2831.706,4.000,131.986,2266,3538,1.360,1.710,1.120,2,0,1.000,0,0,26,281,4,17,0
27-01 10:16:05,16.238,2.248,79.444,0.500,0,5020420,131216,189500,2582448,589125.310,20177.694,95.932,943.331,5.996,35.974,2214,3161,1.360,1.710,1.120,1,0,0.999,0,0,26,281,4,17,0
27-01 10:16:06,9.782,3.762,84.522,0.502,0,5023560,125124,189304,2585820,5779687.373,33221.005,0,7335.628,0,71.229,3564,4119,1.330,1.700,1.120,1,0,7.023,0,0,26,281,4,17,0
27-01 10:16:07,18.202,4.488,75.800,0.748,0,5035728,128908,189084,2571612,1901290.888,15517.986,163.568,3091.828,3.989,62.834,3095,6646,1.330,1.700,1.120,1,0,30.918,0,0,26,281,4,18,0
27-01 10:16:08,21.325,5.018,70.998,1.254,0,5022836,128124,192216,2579448,11196.153,1625.685,0,5603.596,0,142.498,2372,3652,1.330,1.700,1.120,1,0,0,0,0,26,281,4,17,0
27-01 10:16:09,23.996,5.249,70.239,0.750,0.250,5036336,127068,192260,2566168,5108.193,1511.761,0,1607.746,0,59.991,2099,3324,1.330,1.700,1.120,2,0,0,0,0,26,281,4,17,0
27-01 10:16:10,23.753,5.751,68.008,1.000,0,5038020,127344,192568,2562336,6261.745,1694.202,0,3152.375,0,138.016,2574,3872,1.330,1.700,1.120,1,0,0,0,0,26,281,4,16,0
27-01 10:16:11,25.163,3.737,70.008,0.498,0,5037000,126156,193912,2561884,5338.555,1634.353,0,2511.323,0,72.749,2055,3176,1.310,1.690,1.120,1,0,0,0,0,26,281,4,16,0
27-01 10:16:12,24.329,4.264,70.982,0.752,0,5036924,121072,194836,2564880,4738.466,1516.951,0,3663.959,0,106.347,2137,3402,1.310,1.690,1.120,1,0,0,0,0,26,281,4,16,0
27-01 10:16:13,22.425,2.492,73.752,0.249,0,4956912,232600,194836,2533284,11530.270,4285.605,19.933,825.228,2.990,11.960,1795,2782,1.310,1.690,1.120,3,0,1.993,0,0,26,279,4,16,0
27-01 10:16:14,23.504,6.501,67.760,0,0,4987216,200960,194836,2534620,5307.812,1620.248,0,0,0,0,8834,17483,1.310,1.690,1.120,1,0,17.003,0,0,26,279,4,16,0
27-01 10:16:15,26.493,6.248,66.483,0,0,4990476,197524,194836,2534796,5407.648,1619.595,0,87.978,0,2.000,8774,17523,1.310,1.690,1.120,1,0,5.999,0,0,26,279,4,17,0
27-01 10:16:16,22.005,6.252,70.267,0,0,4952304,235728,194836,2534764,5361.308,1620.395,0,2432.594,0,24.006,1857,2905,1.280,1.670,1.120,1,0,8.002,0,0,26,279,4,16,0
27-01 10:16:17,23.832,4.766,70.743,0.251,0,4975868,208560,195056,2537740,5468.747,1741.971,734.518,4.014,24.083,1.003,2126,3732,1.280,1.670,1.120,1,0,7.024,0,0,26,280,4,16,0
27-01 10:16:18,27.492,3.249,67.980,0.250,0,4976324,207804,195080,2538016,14117.779,1457.564,39.988,3187.047,3.999,139.958,4756,10461,1.280,1.670,1.120,1,0,0,0,0,26,283,4,17,0
27-01 10:16:19,27.512,5.752,63.277,1.251,0,4987952,194980,195152,2539140,4838.046,1620.686,860.364,1448.613,51.022,196.083,5502,10896,1.280,1.670,1.120,1,0,0,0,0,26,285,4,20,0
27-01 10:16:20,23.654,8.465,64.736,1.494,0,4947068,234560,195260,2540328,5350.193,1613.424,956.103,14433.170,80.671,790.777,5557,10023,1.280,1.670,1.120,1,0,104.574,0,0,26,284,4,19,0
27-01 10:16:21,9.280,21.068,67.968,0.251,0,4953096,228472,195276,2540372,4706.107,1625.217,0,337.082,0,27.087,3466,5574,1.260,1.660,1.120,1,0,303.976,0,0,26,284,4,19,0
27-01 10:16:22,13.015,7.759,69.581,8.260,0,4943888,198160,195276,2579884,5090.895,1621.878,39605.864,476.552,2532.933,10.012,6443,8213,1.260,1.660,1.120,1,0,41.048,0,0,26,284,4,21,0
27-01 10:16:23,9.210,2.489,85.131,2.489,0,4946200,190884,195292,2584816,8560.854,3232.972,4846.969,577.494,903.082,4.978,2807,4653,1.260,1.660,1.120,1,0,5.974,0,0,26,285,4,21,0
27-01 10:16:24,6.000,2.250,89.999,0,0,4946844,190128,195292,2584928,40598.553,6208.932,0,12.000,0,3.000,2973,5460,1.260,1.660,1.120,0,0,1.000,0,0,26,285,4,19,0
27-01 10:16:25,5.255,1.752,90.087,0,0,4947840,188896,195348,2585072,74275.047,2326.256,84.082,15358.898,1.001,328.318,2323,3084,1.260,1.660,1.120,0,0,2.002,0,0,26,285,4,21,0
27-01 10:16:26,7.992,2.747,88.658,0.250,0,4943616,189984,195640,2588092,33468.126,119485.496,2841.040,2045.868,41.956,25.973,1948,3166,1.240,1.650,1.110,0,0,9.990,0,0,26,284,4,19,0
27-01 10:16:27,2.000,0.750,95.019,0.250,0,4943616,189984,195648,2588084,6733.353,1620.326,0,168.034,0,8.002,1351,2349,1.240,1.650,1.110,0,0,0,0,0,26,284,4,19,0
27-01 10:16:28,2.500,1.000,93.483,0.500,0,4943820,189760,195656,2588096,10309.103,1619.702,0,1063.804,0,68.987,1550,2699,1.240,1.650,1.110,0,0,0,0,0,26,284,4,17,0
27-01 10:16:29,5.519,1.003,92.321,0.251,0,4943804,189760,195660,2588108,4689.300,1625.651,0,325.130,0,29.101,1729,3121,1.240,1.650,1.110,1,0,0,0,0,26,286,4,17,0
27-01 10:16:30,3.239,2.242,90.931,0.249,0,4944128,189396,195672,2588128,7222.656,1614.335,0,17187.688,0,113.601,2244,3981,1.240,1.650,1.110,0,0,0,0,0,26,286,4,16,0
27-01 10:16:31,4.001,0.500,93.763,0.250,0,4944120,189396,195672,2588136,16308.218,1620.220,0,100.014,0,13.002,1711,2846,1.140,1.620,1.110,0,0,0,0,0,26,286,4,16,0
27-01 10:16:32,1.501,0.750,95.062,0,0,4944120,189396,195672,2588136,11763.705,1533.004,0,0,0,0,1403,2442,1.140,1.620,1.110,0,0,0,0,0,26,286,4,16,0
27-01 10:16:33,4.249,1.250,93.219,0,0,4944112,189396,195680,2588136,4447.541,1619.469,0,255.916,0,18.994,1547,2640,1.140,1.620,1.110,0,1,0,0,0,26,286,4,16,0
27-01 10:16:34,7.753,3.752,86.535,0.500,0,4945188,185628,195692,2590816,12078.928,1620.661,2332.952,472.193,21.009,38.016,2346,3715,1.140,1.620,1.110,0,0,5.002,0,0,26,286,4,16,0
27-01 10:16:35,5.751,2.251,91.271,0,0,4945080,185628,195692,2590924,12616.915,1620.374,0,80.018,0,10.002,1926,3084,1.140,1.620,1.110,1,0,0,0,0,26,286,4,16,0
27-01 10:16:36,5.995,1.998,90.180,0.250,0,4944140,186888,195700,2590596,5319.877,1618.745,0,311.758,0,28.978,1754,2858,1.050,1.600,1.100,0,0,0,0,0,26,286,4,16,0
27-01 10:16:37,2.751,0.750,94.789,0,0,4944132,186888,195700,2590604,50131.604,1620.666,0,20.008,0,2.001,1494,2390,1.050,1.600,1.100,0,0,0,0,0,26,286,4,16,0
27-01 10:16:38,3.249,1.000,95.218,0,0,4944132,186888,195700,2590604,25025.466,1511.485,0,0,0,0,1472,2345,1.050,1.600,1.100,1,0,0,0,0,26,286,4,16,0
27-01 10:16:39,3.248,1.999,91.934,0.250,0,4944128,186888,195704,2590604,23875.881,1564.878,0,387.722,0,35.974,1996,3065,1.050,1.600,1.100,4,1,0,0,0,26,286,4,16,0
27-01 10:16:40,4.015,3.262,90.594,0.251,0,4948488,182632,195728,2590620,20407.590,1626.183,8.031,58301.663,2.008,191.729,2577,3965,1.050,1.600,1.100,2,0,0,0,0,26,286,4,16,0
27-01 10:16:41,3.489,2.492,91.947,0.748,0,4949820,181264,195736,2590624,36805.725,1688.437,0,27102.697,0,277.087,2348,2750,0.960,1.570,1.100,1,0,5.980,0,0,26,286,4,16,0
27-01 10:16:42,2.499,0.500,94.980,0,0,4949820,181264,195736,2590624,34516.821,1619.663,0,0,0,0,1623,2300,0.960,1.570,1.100,0,0,0,0,0,26,286,4,16,0
27-01 10:16:43,3.500,1.250,94.011,0,0,4949816,181264,195744,2590620,61694.095,1620.186,0,396.046,0,28.003,2074,2514,0.960,1.570,1.100,0,0,0,0,0,26,286,4,16,0
27-01 10:16:44,2.250,0.750,94.234,0.250,0,4949804,181264,195748,2590628,67971.717,1511.749,0,71.988,0,9.998,2078,2433,0.960,1.570,1.100,0,0,1.000,0,0,26,286,4,16,0
27-01 10:16:45,3.751,1.500,94.027,0,0,4949800,181264,195748,2590632,8236.372,1620.467,0,12.003,0,2.001,1491,2484,0.960,1.570,1.100,1,0,0,0,0,26,286,4,17,0
27-01 10:16:46,3.249,3.249,90.219,0.250,0,4950000,181040,195768,2590636,7971.266,1565.463,3.999,55153.082,1.000,121.958,1895,2886,0.970,1.560,1.090,0,0,0,0,0,26,286,4,17,0
27-01 10:16:47,2.501,1.000,95.020,0,0,4950000,181040,195768,2590636,4871.018,1620.339,0,0,0,0,1292,2265,0.970,1.560,1.090,0,0,0,0,0,26,286,4,16,0
27-01 10:16:48,2.751,1.000,95.046,0,0,4950000,181040,195768,2590636,8419.109,1620.791,0,0,0,0,1371,2415,0.970,1.560,1.090,0,0,0,0,0,26,286,4,16,0
27-01 10:16:49,4.248,0.999,93.700,0,0,4949992,181040,195772,2590640,9250.033,2791.501,0,91.951,0,7.996,1448,2436,0.970,1.560,1.090,0,0,0,0,0,26,287,4,16,0
27-01 10:16:50,3.759,1.504,91.716,0.251,0,4949968,181040,195792,2590644,13609.036,3927.245,0,665.567,0,54.127,2052,3654,0.970,1.560,1.090,0,0,0,0,0,26,286,4,16,0
27-01 10:16:51,4.252,1.000,92.784,0,0,4950388,180592,195800,2590640,4410.632,1586.587,4.001,2508.928,1.000,24.009,1747,2997,0.970,1.550,1.090,0,0,0,0,0,26,286,4,15,0
27-01 10:16:52,2.992,0.748,94.495,0,0,4950384,180592,195800,2590644,6559.329,1689.449,0,0,0,0,1345,2353,0.970,1.550,1.090,0,0,0,0,0,26,286,4,15,0
27-01 10:16:53,2.251,0.750,94.775,0.250,0,4950380,180592,195800,2590648,6609.738,1566.412,4.001,68.018,1.000,5.001,1335,2287,0.970,1.550,1.090,5,0,0,0,0,26,286,4,15,0
27-01 10:16:54,3.250,1.250,93.993,0.250,0,4950380,180592,195800,2590648,6526.484,1693.866,0,175.986,0,10.999,1580,2719,0.970,1.550,1.090,0,0,1.000,0,0,26,286,4,15,0
27-01 10:16:55,2.500,0.750,94.763,0,0,4950380,180592,195800,2590648,7175.983,1620.222,0,36.005,0,5.001,1369,2476,0.970,1.550,1.090,0,0,0,0,0,26,286,4,15,0
27-01 10:16:56,4.248,1.250,93.213,0.250,0,4950376,180592,195800,2590652,5884.693,647.746,0,5525.834,0,254.900,1764,2352,0.890,1.520,1.090,0,0,0,0,0,26,286,4,16,0
27-01 10:16:57,9.521,3.257,86.440,0,0,4949732,180856,195844,2590988,225226.950,5337.754,356.786,0,11.024,0,1740,2674,0.890,1.520,1.090,0,0,19.042,0,0,26,286,4,15,0
27-01 10:16:58,12.024,4.509,82.415,0,0,4959508,170848,195920,2591144,349675.049,9000.018,200.401,4.008,12.024,1.002,2042,2917,0.890,1.520,1.090,1,0,27.054,0,0,26,286,4,15,0
