"pcp-dstat 5.3.6 CSV Output"
"Author:","PCP team <pcp@groups.io> and Dag Wieers <dag@wieers.com>",,,,"URL:","https://pcp.io/ and http://dag.wieers.com/home-made/dstat/"
"Host:","ubuntu",,,,"User:","ubuntu"
"Cmdline:","dstat -tcmndrylpg --tcp --output /tmp/devstack_logs/dstat-csv.log",,,,"Date:","17 Jan 2026 01:09:11 UTC"
"system","total usage",,,,,"memory usage",,,,"net/total",,"dsk/total",,"io/total",,"system",,"load avg",,,"procs",,,"paging",,"tcp sockets",,,,
"time","total usage:usr","total usage:sys","total usage:idl","total usage:wai","total usage:stl","used","free","buf","cach","net/total:recv","net/total:send","dsk/total:read","dsk/total:writ","read","writ","int","csw","1m","5m","15m","run","blk","new","in","out","lis","act","syn","tim","clo"
17-01 01:09:11,,1006912,469216,177488,6107560,,,,,,,1.520,0.960,0.550,1,0,,,,9,5,6,12,1
17-01 01:09:12,19.507,19.256,59.520,0,0,1022816,453032,177488,6107768,23990.085,9135.079,0,1460.492,0,106.036,3392,5286,1.520,0.960,0.550,3,0,349.118,0,0,9,4,6,12,2
17-01 01:09:13,22.457,21.459,55.643,0.499,0,1025284,434260,177500,6123616,427383.134,15489.322,0,2056.061,0,60.883,3005,4316,1.480,0.960,0.560,2,0,334.359,0,0,9,4,6,12,2
17-01 01:09:14,31.822,21.549,45.603,0.501,0,1033804,401684,178072,6143796,7479.912,1623.671,0,2710.128,0,96.218,3902,5762,1.480,0.960,0.560,2,0,288.653,0,0,9,4,6,12,2
17-01 01:09:15,35.949,18.224,44.687,0.499,0,1161928,249140,178852,6289832,6125.339,1617.713,0,2632.278,0,83.881,4079,9558,1.480,0.960,0.560,2,0,157.777,0,0,10,6,6,12,2
17-01 01:09:16,35.459,15.482,48.194,1.249,0,1171224,206860,180112,6318160,4756.516,1456.321,79.908,3755.670,0.999,142.835,2377,3579,1.480,0.960,0.560,2,0,174.798,0,0,10,8,6,11,2
17-01 01:09:17,38.779,6.505,53.790,0.751,0,1232380,152356,180764,6309556,14759.922,4431.279,0,5960.411,0,327.242,2618,2767,1.480,0.960,0.560,2,0,38.028,0,0,10,4,6,13,0
17-01 01:09:18,43.013,6.752,48.265,3.251,0,1227548,155324,180876,6311388,8920.721,1936.591,0,11227.424,0,635.194,4269,6616,1.520,0.970,0.560,1,2,19.006,0,0,10,6,7,13,0
17-01 01:09:19,31.211,8.739,48.939,10.986,0,1206020,160448,181900,6325388,16149.942,3634.486,0,32451.695,0,2786.539,13505,24305,1.520,0.970,0.560,6,0,55.931,0,0,10,6,6,13,0
17-01 01:09:20,33.304,11.519,50.582,4.257,0,1168260,196012,182204,6327172,14164.990,4476.265,0,33302.049,0,2242.640,8827,14259,1.520,0.970,0.560,3,0,97.158,0,0,10,5,6,13,0
17-01 01:09:21,45.211,8.992,44.711,0.999,0,1224164,133000,182884,6332152,13909.857,1792.435,0,9351.836,0,450.607,9714,18560,1.520,0.970,0.560,2,0,13.988,0,0,10,4,6,13,0
17-01 01:09:22,44.304,7.759,45.805,0.250,0,1175556,181200,182964,6332424,29919.172,1513.830,0,1998.416,0,105.127,9690,18391,1.520,0.970,0.560,4,0,23.028,0,0,10,4,6,13,0
17-01 01:09:23,44.453,7.742,47.949,0.250,0,1160188,211204,183036,6319720,7315.231,1606.294,0,14324.787,0,661.298,2861,2778,1.560,0.990,0.570,2,0,13.985,0,0,10,4,6,13,0
17-01 01:09:24,32.812,18.034,48.091,0,0,1074124,297292,183036,6319788,7212.589,1707.216,0,92.174,0,9.017,3112,5131,1.560,0.990,0.570,1,0,482.910,0,0,10,4,6,13,0
17-01 01:09:25,12.234,18.226,69.159,0,0,1078592,292604,183036,6319964,9686.243,1691.772,0,27.963,0,6.991,2483,3544,1.560,0.990,0.570,1,0,276.636,0,0,10,4,6,13,0
17-01 01:09:26,25.229,18.484,55.204,0,0,1117840,253196,183036,6320460,9303.195,1618.642,0,139.883,0,4.996,4040,8492,1.560,0.990,0.570,2,0,214.820,0,0,10,5,5,13,0
17-01 01:09:27,47.752,3.000,49.002,0,0,1212764,158192,183036,6320540,9541.372,1620.063,0,0,0,0,1180,1144,1.560,0.990,0.570,2,0,1.000,0,0,10,5,5,13,0
17-01 01:09:28,48.512,6.252,45.262,0,0,1235564,139696,183040,6316184,8647.205,1620.413,0,53377.611,0,429.109,2300,4952,1.590,1.010,0.580,2,0,1.000,0,0,10,5,5,13,0
17-01 01:09:29,10.245,7.996,81.214,0,0,1244256,129944,183048,6317120,9241.906,1511.330,119.947,147.934,10.995,21.990,1537,3029,1.590,1.010,0.580,0,0,117.948,0,0,10,4,5,14,0
17-01 01:09:30,2.506,1.504,94.724,0.501,0,1247624,126576,183072,6317096,6836.133,1569.705,140.331,2922.898,2.005,38.090,1216,1687,1.590,1.010,0.580,2,0,12.028,0,0,9,4,5,14,0
17-01 01:09:31,21.948,7.482,70.335,0,0,1311800,125868,180704,6256744,5343.438,1616.200,23.944,55589.310,3.991,358.158,1977,1752,1.590,1.010,0.580,2,0,10.974,0,0,10,4,5,14,0
17-01 01:09:32,24.013,2.751,71.538,0.500,0,1332780,139032,180296,6223096,8704.587,1620.854,996.525,37799.921,18.009,138.073,1461,1743,1.590,1.010,0.580,1,0,1.001,0,0,10,6,5,14,0
17-01 01:09:33,21.242,5.748,71.974,1.000,0,1271848,198828,180368,6224152,10119.306,1619.409,1047.618,1139.584,28.989,172.937,2923,4865,1.540,1.010,0.580,1,0,41.985,0,0,10,4,5,16,0
17-01 01:09:34,24.287,2.504,73.612,0.250,0,1313584,156520,180632,6224440,8938.587,1622.466,352.536,0,14.021,0,938,1183,1.540,1.010,0.580,1,0,0,0,0,10,9,5,16,0
17-01 01:09:35,21.487,4.247,72.704,0.500,0,1287504,182048,181000,6224624,9106.281,1692.937,611.616,2898.180,75.952,73.954,2131,3331,1.540,1.010,0.580,2,1,45.971,0,0,10,28,5,17,0
17-01 01:09:36,23.729,2.498,73.184,0.250,0,1332260,136940,181012,6224876,7135.592,1584.577,0,1318.816,0,82.926,1516,2151,1.540,1.010,0.580,2,0,0,0,0,10,28,5,17,0
17-01 01:09:37,37.733,10.995,51.227,0.250,0,1378996,120588,180852,6194972,8911.981,1661.251,115.948,33424.925,8.996,511.769,2887,2778,1.540,1.010,0.580,2,0,156.929,0,0,10,28,5,17,0
17-01 01:09:38,43.607,11.278,44.108,0.251,0,1363788,161088,180740,6169980,9624.580,1644.028,797.955,1038.544,24.059,49.120,5392,10148,1.580,1.030,0.590,4,0,175.430,0,0,10,28,5,18,0
17-01 01:09:39,76.077,22.022,2.002,0.250,0,1531132,118896,179872,6047760,6160.253,1621.646,1437.459,36.037,139.141,9.009,2590,3843,1.580,1.030,0.590,6,0,343.348,0,0,10,28,5,18,0
17-01 01:09:40,82.666,13.486,3.496,0,0,1613960,151132,179504,5935776,9769.065,1618.354,895.090,3552.387,134.863,411.581,5631,10804,1.580,1.030,0.590,7,0,97.900,0,0,10,28,5,18,0
17-01 01:09:41,48.447,14.984,36.460,0.250,0,1307516,457424,179520,5936056,7043.316,1618.235,0,507.446,0,43.952,2955,7181,1.580,1.030,0.590,3,0,261.714,0,0,10,28,5,18,0
17-01 01:09:42,21.732,3.997,72.938,0,0,1365940,398988,179524,5936064,6380.608,1692.570,0,119.899,0,7.993,1130,1815,1.580,1.030,0.590,1,0,15.986,0,0,10,28,5,18,0
17-01 01:09:43,18.988,7.995,72.703,0,0,1330580,434340,179528,5936068,8842.306,1511.027,0,211.864,0,20.986,1821,3180,1.530,1.020,0.590,1,0,67.956,0,0,10,28,5,18,0
17-01 01:09:44,25.250,2.750,72.250,0.250,0,1366676,398080,179664,5936096,8975.973,1845.994,132.000,539.998,4.000,41.000,1990,3549,1.530,1.020,0.590,1,0,0,0,0,10,28,6,20,0
17-01 01:09:45,10.514,19.527,69.094,0,0,1301916,462668,179664,5936268,10019.637,1642.235,200.273,364.496,6.008,17.023,2404,3101,1.530,1.020,0.590,2,0,257.350,0,0,10,28,6,20,0
17-01 01:09:46,10.512,22.777,66.079,0,0,1307888,456628,179680,5936320,46384.151,1621.928,80.095,740.881,1.001,42.050,2737,3586,1.530,1.020,0.590,2,0,351.418,0,0,10,28,6,20,0
17-01 01:09:47,71.005,21.502,7.251,0,0,1546396,218024,179680,5936416,5698.433,1736.132,0,108.008,0,13.001,2402,3756,1.530,1.020,0.590,5,0,431.033,0,0,10,28,6,19,0
17-01 01:09:48,81.493,8.499,9.749,0.250,0,1645820,126308,179700,5928860,9165.267,1619.870,127.990,2795.776,1.000,233.981,6707,15419,1.650,1.060,0.610,6,0,0,0,0,10,30,6,19,0
17-01 01:09:49,84.513,12.752,2.250,0.250,0,1492980,282556,179728,5925424,7409.119,1620.245,4.001,820.124,1.000,116.018,3406,6646,1.650,1.060,0.610,6,0,142.021,0,0,10,28,6,19,0
17-01 01:09:50,80.486,15.747,3.249,0,0,1636228,138944,179728,5925788,8825.420,1627.709,0,199.964,0,12.998,5177,13340,1.650,1.060,0.610,5,0,167.970,0,0,10,31,6,20,0
17-01 01:09:51,66.475,10.246,22.242,0,0,1450684,324272,179728,5926004,6998.369,1767.335,3.998,171.935,1.000,9.996,3542,7512,1.650,1.060,0.610,2,0,199.925,0,0,10,30,6,20,0
17-01 01:09:52,40.680,10.981,47.917,0.250,0,1397576,377088,179736,5926288,9340.887,1617.210,0,383.339,0,35.938,2621,4941,1.650,1.060,0.610,3,0,97.831,0,0,10,28,6,20,0
17-01 01:09:53,43.119,8.273,47.882,0,0,1375552,399084,179744,5926308,7459.641,1570.345,0,260.721,0,19.053,3261,6617,1.760,1.090,0.620,3,0,70.194,0,0,10,29,6,21,0
17-01 01:09:54,60.850,17.706,21.447,0,0.249,1489020,285556,179752,5926360,5621.183,1616.028,7.980,442.911,1.995,16.958,2149,3421,1.760,1.090,0.620,4,0,307.245,0,0,10,29,6,21,0
17-01 01:09:55,62.622,12.775,24.297,0,0,1348940,425408,179772,5926568,5880.443,1623.159,0,496.967,0,45.088,4597,11134,1.760,1.090,0.620,5,0,244.476,0,0,10,28,6,24,0
17-01 01:09:56,83.816,11.259,4.754,0,0,1574800,199364,179772,5926752,10421.201,1621.276,0,156.123,0,8.006,2918,4950,1.760,1.090,0.620,4,0,14.011,0,0,10,31,6,25,0
17-01 01:09:57,62.552,17.196,20.186,0,0,1368376,404344,179804,5928164,7949.894,1507.240,1204.197,1610.913,11.962,103.673,4968,11471,1.760,1.090,0.620,5,0,323.977,0,0,10,28,6,29,0
17-01 01:09:58,67.703,6.770,26.078,0,0,1506180,266500,179820,5928188,10856.493,1624.863,0,2030.076,0,109.327,2883,5437,1.860,1.120,0.630,5,0,0,0,0,10,31,6,30,0
17-01 01:09:59,63.690,16.484,18.483,0,0,1439276,332640,179832,5928880,9157.337,1860.240,575.456,527.501,5.994,43.958,4491,15554,1.860,1.120,0.630,3,0,332.685,0,0,10,28,6,32,0
17-01 01:10:00,64.622,4.990,29.941,0.250,0,1512052,259588,179840,5929208,8843.455,1616.792,0,586.836,0,24.950,4281,8810,1.860,1.120,0.630,3,0,0,0,0,10,28,6,33,0
17-01 01:10:01,61.380,14.030,24.802,0,0,1487024,284476,179844,5929312,5180.953,1569.318,0,304.644,0,20.042,2181,3138,1.860,1.120,0.630,5,0,287.608,0,0,10,28,6,29,0
17-01 01:10:02,60.243,10.999,27.747,0.250,0,1368108,402908,179852,5929788,5310.363,1619.806,0,1667.800,0,109.987,4649,9784,1.860,1.120,0.630,3,1,111.987,0,0,10,28,6,31,0
17-01 01:10:03,66.251,7.000,27.251,0.250,0,1509308,261536,179856,5929956,5071.096,1620.031,0,364.007,0,31.001,3068,6074,1.950,1.150,0.650,2,0,0,0,0,10,31,6,31,0
17-01 01:10:04,59.519,20.006,20.757,0,0,1449548,321232,179868,5930008,10783.440,1512.482,0,464.148,0,51.016,4475,8971,1.950,1.150,0.650,5,0,423.135,0,0,10,28,6,32,0
17-01 01:10:05,84.570,12.761,2.252,0,0,1642620,127980,179868,5930188,8515.008,1621.334,0,592.488,0,33.027,3594,6202,1.950,1.150,0.650,8,0,141.116,0,0,10,30,6,32,0
17-01 01:10:06,78.499,18.250,3.000,0,0,1453936,324328,179876,5922516,9710.883,1693.980,8.000,4651.944,1.000,181.998,5177,8837,1.950,1.150,0.650,7,0,325.996,0,0,10,28,6,32,0
17-01 01:10:07,84.216,13.744,2.249,0,0,1580556,197584,179876,5922752,7944.774,1619.343,0,311.873,0,21.991,3391,5690,1.950,1.150,0.650,9,0,130.947,0,0,10,30,6,29,0
17-01 01:10:08,75.451,16.989,6.995,0,0,1435736,342200,179880,5922952,9179.024,1618.946,0,171.888,0,8.994,5423,13322,2.280,1.230,0.670,8,0,390.746,0,0,10,28,6,30,0
17-01 01:10:09,29.490,28.241,41.736,0,0,1319864,458020,179884,5923000,9867.773,1619.470,0,183.940,0,10.996,4633,8823,2.280,1.230,0.670,3,0,697.772,0,0,10,28,6,30,0
17-01 01:10:10,9.492,20.981,68.439,0,0,1318228,459596,179884,5923060,5649.943,1564.600,0,3.996,0,0.999,2356,3056,2.280,1.230,0.670,2,0,310.722,0,0,10,28,6,30,0
17-01 01:10:11,15.020,28.038,55.826,0,0,1339852,437964,179884,5923068,10640.471,1514.059,0,564.768,0,21.029,3118,4718,2.280,1.230,0.670,4,0,533.726,0,0,10,28,6,30,0
17-01 01:10:12,72.318,23.441,3.990,0,0,1542336,235452,179888,5923092,9110.115,1615.941,11.970,119.699,1.995,14.962,3459,7071,2.280,1.230,0.670,9,1,515.705,0,0,10,29,6,30,0
17-01 01:10:13,75.621,21.034,3.005,0,0,1451012,326496,179908,5923352,5581.925,1622.595,4.006,721.153,1.002,49.078,4610,11235,2.730,1.350,0.710,8,0,505.809,0,0,10,29,6,30,0
17-01 01:10:14,82.070,14.763,2.252,0,0,1577676,199600,179920,5923572,10294.761,1621.380,12.010,756.644,2.002,41.035,4220,8047,2.730,1.350,0.710,7,0,192.164,0,0,10,28,6,30,0
17-01 01:10:15,82.751,14.000,2.750,0,0,1646512,130396,179956,5923904,9645.145,1620.024,184.003,344.005,12.000,22.000,6574,14284,2.730,1.350,0.710,6,0,71.001,0,0,10,30,6,30,0
17-01 01:10:16,85.133,10.985,3.495,0.250,0,1681548,128824,179940,5891180,18106.032,4742.460,7.989,5292.701,1.997,374.484,5885,13648,2.730,1.350,0.710,7,0,32.955,0,0,10,31,6,30,0
17-01 01:10:17,83.842,10.261,5.506,0.250,0,1547948,256656,180272,5895976,7209.895,1707.870,4.004,1465.605,1.001,61.067,5625,10339,2.730,1.350,0.710,6,0,94.103,0,0,10,28,6,30,0
17-01 01:10:18,83.521,13.753,2.251,0,0,1643164,159972,180348,5897112,7922.004,1620.410,0,540.137,0,13.003,6692,11176,3.080,1.440,0.750,8,0,71.018,0,0,10,29,6,28,0
17-01 01:10:19,82.144,13.233,4.744,0,0,1666276,136132,180352,5897788,10200.810,1691.812,0,878.864,0,12.983,14774,30828,3.080,1.440,0.750,6,0,79.897,0,0,10,30,6,28,0
17-01 01:10:20,80.105,13.267,5.257,0.250,0,1585524,215988,180408,5898592,137334.496,7957.400,0,1598.089,0,42.055,4677,14555,3.080,1.440,0.750,10,0,134.175,0,0,10,32,6,28,0
17-01 01:10:21,84.501,11.000,4.000,0,0,1608256,192756,180516,5898916,46271.416,6718.060,0,1384.012,0,50.000,4619,11020,3.080,1.440,0.750,6,0,85.001,0,0,10,30,6,28,0
17-01 01:10:22,83.408,11.487,5.244,0,0,1605012,195024,180648,5899728,552043.096,15373.044,0,1738.083,0,59.934,4456,10371,3.080,1.440,0.750,8,0,63.929,0,0,10,32,6,28,0
17-01 01:10:23,85.064,10.508,4.003,0.250,0,1584164,215404,180736,5900024,28233.147,6822.110,0,1052.789,0,56.042,5474,13417,3.390,1.530,0.780,6,0,38.028,0,0,10,31,6,28,0
17-01 01:10:24,82.521,13.503,3.251,0,0,1549400,249980,180840,5900108,25715.557,6754.722,0,1124.287,0,61.016,4760,9359,3.390,1.530,0.780,6,0,178.045,0,0,10,31,6,28,0
17-01 01:10:25,85.003,13.000,1.750,0,0,1574424,240884,180880,5884280,52252.724,4282.141,4.000,7064.233,1.000,289.010,4541,8984,3.390,1.530,0.780,7,0,76.003,0,0,10,32,6,28,0
17-01 01:10:26,82.661,11.987,4.245,0,0,1635160,195564,180948,5869268,10829.358,3296.456,0,9509.777,0,195.790,4219,10576,3.390,1.530,0.780,7,0,124.866,0,0,10,32,6,28,0
17-01 01:10:27,85.843,12.764,1.251,0,0,1613664,210332,181464,5874552,11960.012,2616.847,0,1525.660,0,46.050,3115,6669,3.390,1.530,0.780,6,0,105.114,0,0,10,31,6,28,0
17-01 01:10:28,82.996,10.750,6.750,0,0,1624884,198720,181552,5874752,25169.867,6749.696,0,1095.951,0,58.997,3503,6958,3.520,1.590,0.810,5,0,109.995,0,0,10,31,6,28,0
17-01 01:10:29,78.250,13.250,7.750,0,0,1609568,213568,181652,5875056,26588.920,6657.980,0,1199.996,0,68.000,4183,13026,3.520,1.590,0.810,6,0,110.000,0,0,10,32,6,28,0
17-01 01:10:30,83.245,11.999,4.750,0,0,1594664,227884,181760,5875524,23816.666,6872.615,4.000,1303.927,1.000,73.996,4057,14035,3.520,1.590,0.810,4,0,138.992,0,0,10,30,6,27,0
17-01 01:10:31,77.999,14.000,8.000,0,0,1544576,277548,181844,5875764,26240.738,6926.931,0,1099.989,0,50.000,4554,8189,3.520,1.590,0.810,4,0,168.998,0,0,10,30,6,27,0
17-01 01:10:32,83.493,10.749,5.999,0.250,0,1629332,192028,181972,5876268,26021.736,6036.475,0,1531.867,0,57.995,4292,10467,3.520,1.590,0.810,5,0,34.997,0,0,10,31,6,27,0
17-01 01:10:33,73.750,17.000,8.750,0,0,1490800,329268,181988,5877504,12831.962,3718.989,0,531.998,0,33.000,3396,7143,3.720,1.660,0.830,5,0,286.999,0,0,10,31,6,27,0
17-01 01:10:34,82.240,9.249,8.249,0,0,1512720,299960,182592,5883204,8148.973,1793.774,0,1191.850,0,22.997,2961,6909,3.720,1.660,0.830,5,0,10.999,0,0,10,32,6,25,0
17-01 01:10:35,66.270,11.504,22.507,0,0,1479796,332548,182676,5883396,22822.006,5862.800,0,1232.378,0,66.020,4530,9194,3.720,1.660,0.830,4,0,100.031,0,0,10,35,6,26,0
17-01 01:10:36,70.176,9.490,20.728,0,0,1566348,245236,182812,5883896,60714.946,6552.088,0,1170.765,0,58.938,3691,6674,3.720,1.660,0.830,4,0,60.936,0,0,10,35,6,26,0
17-01 01:10:37,80.889,8.264,10.017,0,0,1590780,219352,182836,5885288,15049.916,3713.394,0,741.276,0,28.048,4233,10302,3.720,1.660,0.830,5,0,63.109,0,0,10,35,6,26,0
17-01 01:10:38,78.024,13.710,7.977,0.249,0,1554864,247788,183464,5891044,7864.264,2408.038,0,1184.575,0,21.937,2341,4627,3.820,1.720,0.860,4,0,95.723,0,0,10,34,6,26,0
17-01 01:10:39,74.180,12.280,13.783,0,0,1491008,311156,183524,5891392,42047.966,5087.337,0,870.110,0,47.114,5016,9048,3.820,1.720,0.860,4,0,226.549,0,0,10,35,6,26,0
17-01 01:10:40,84.232,10.748,4.499,0.250,0,1530604,263228,184124,5897924,8792.154,1867.608,0,1483.688,0,41.991,3354,7060,3.820,1.720,0.860,4,0,70.985,0,0,10,35,6,26,0
17-01 01:10:41,70.087,11.224,17.958,0.249,0,1562476,229668,184304,5899288,79683.974,9623.654,0,1568.358,0,77.819,5056,10088,3.820,1.720,0.860,5,0,60.859,0,0,10,34,6,28,0
17-01 01:10:42,68.644,12.777,18.288,0,0,1475936,315908,184368,5899516,94706.167,5001.518,0,1218.563,0,51.107,3870,7733,3.820,1.720,0.860,4,0,168.354,0,0,10,34,6,29,0
17-01 01:10:43,68.491,11.249,18.748,0.250,0,1530340,225104,184468,5935692,18580422.126,100528.032,287.963,19389.499,53.993,118.985,9402,10704,3.840,1.760,0.870,3,1,56.993,0,0,10,35,6,30,0
17-01 01:10:44,53.053,20.521,26.276,1.001,0,1453992,265488,184720,5970688,17710440.413,86751.359,520.524,21433.584,5.005,264.266,8058,8912,3.840,1.760,0.870,2,0,308.310,0,0,10,35,6,30,0
17-01 01:10:45,50.704,7.993,39.464,0.999,0,1459748,236004,184956,5993336,11491186.441,43859.483,0,13727.631,0,135.878,6099,7285,3.840,1.760,0.870,3,0,34.968,0,0,10,34,6,30,0
17-01 01:10:46,60.012,15.253,23.255,0,0,1496760,198568,185032,5993660,6345.294,1620.331,0,676.138,0,17.003,11618,22953,3.840,1.760,0.870,3,0,119.024,0,0,10,35,6,30,0
17-01 01:10:47,64.476,10.996,24.741,0.250,0,1499492,195168,185148,5994088,9966.243,1735.346,0,5813.808,0,194.927,3889,7162,3.840,1.760,0.870,4,0,69.974,0,0,10,35,6,30,0
17-01 01:10:48,64.021,10.503,25.508,0,0,1435148,258560,185328,5994824,7107.303,1694.549,0,924.299,0,49.016,3115,5179,3.850,1.800,0.890,3,0,27.009,0,0,10,34,6,31,0
17-01 01:10:49,58.250,14.750,25.250,1.750,0,1449780,177772,186656,6055072,6840.014,1620.003,8.000,5476.011,2.000,218.000,4028,6574,3.850,1.800,0.890,3,0,80.000,0,0,10,34,6,32,0
17-01 01:10:50,63.865,11.476,24.698,0.499,0,1506788,132204,190624,6034384,10811.070,1562.686,11.975,19131.422,1.996,426.096,2896,4487,3.850,1.800,0.890,3,0,0,0,0,10,35,6,32,0
17-01 01:10:51,63.636,11.775,25.054,0,0,1458644,159632,199232,6038536,10264.957,1623.473,376.806,10378.199,4.009,50.107,2682,5579,3.850,1.800,0.890,3,0,35.075,0,0,10,34,6,32,0
17-01 01:10:52,62.242,11.749,25.997,0,0,1464528,235512,199880,5960168,7488.079,1859.771,15.998,3475.573,1.000,41.995,3416,6059,3.850,1.800,0.890,4,1,110.986,0,0,10,32,6,33,0
17-01 01:10:53,64.010,16.753,18.003,0.250,0,1441160,252344,200024,5966552,9561.453,1620.246,1704.259,1964.299,35.005,36.005,5777,11957,4.020,1.870,0.920,6,0,476.072,0,0,10,32,6,33,0
17-01 01:10:54,63.001,18.000,18.750,0.250,0.250,1465096,220236,200032,5974716,9285.204,1620.036,168.004,624.014,5.000,31.001,4930,9320,4.020,1.870,0.920,4,0,335.007,0,0,10,32,6,31,0
17-01 01:10:55,43.753,19.501,35.753,0.750,0,1419572,261512,200040,5978988,9630.674,1694.119,3828.268,112715.890,98.007,334.023,4176,6517,4.020,1.870,0.920,3,0,378.026,0,0,10,32,6,31,0
17-01 01:10:56,42.504,9.501,48.505,0.250,0,1394984,285272,200040,5979820,7530.738,1620.159,0,364.036,0,32.003,3325,6532,4.020,1.870,0.920,4,0,94.009,0,0,10,33,5,28,0
17-01 01:10:57,35.914,12.470,51.376,0.249,0,1393448,286364,200044,5980260,5607.497,1616.108,0,367.116,0,29.928,2980,5212,4.020,1.870,0.920,1,0,348.162,0,0,10,32,5,28,0
17-01 01:10:58,22.744,4.749,71.982,0,0,1346880,332804,200052,5980380,9204.736,1619.602,0,299.926,0,25.994,2460,4289,3.780,1.850,0.920,1,0,29.993,0,0,10,32,5,29,0
17-01 01:10:59,26.525,5.755,66.812,0,0,1383044,296596,200056,5980412,6842.343,1553.440,0,172.160,0,11.010,2032,5011,3.780,1.850,0.920,1,0,34.032,0,0,10,33,5,24,0
17-01 01:11:00,21.778,4.756,73.095,0.250,0,1350676,328960,200056,5980424,7265.401,1622.099,0,304.394,0,10.013,2012,3211,3.780,1.850,0.920,1,0,56.073,0,0,10,32,5,25,0
17-01 01:11:01,21.481,4.995,72.684,0,0,1307984,371624,200056,5980452,9175.678,1618.532,0,291.735,0,21.980,1992,2948,3.780,1.850,0.920,2,0,50.954,0,0,10,32,5,21,0
17-01 01:11:02,21.268,5.004,73.312,0,0,1375740,303864,200056,5980456,8120.870,1621.372,0,152.129,0,9.008,1229,1567,3.780,1.850,0.920,1,0,40.034,0,0,10,33,5,21,0
17-01 01:11:03,19.469,7.488,72.135,0.499,0,1336232,343348,200060,5980476,10109.915,1617.427,7.987,235.625,0.998,20.967,2587,3896,3.560,1.840,0.920,1,0,98.843,0,0,10,32,5,19,0
17-01 01:11:04,24.003,2.750,73.011,0,0,1378620,300940,200072,5980484,10932.574,1620.233,0,340.049,0,33.005,1688,3018,3.560,1.840,0.920,2,0,0,0,0,10,32,5,19,0
17-01 01:11:05,18.741,7.496,73.466,0,0,1363912,315632,200072,5980500,5525.414,1693.208,0,183.914,0,9.995,1411,1835,3.560,1.840,0.920,1,0,93.956,0,0,10,32,5,18,0
17-01 01:11:06,25.036,2.253,72.103,0.250,0,1311348,367976,200092,5980700,9304.352,1534.202,0,721.035,0,41.059,2425,5107,3.560,1.840,0.920,3,0,14.020,0,0,10,32,5,18,0
17-01 01:11:07,22.719,3.495,73.650,0.250,0,1380432,298828,200096,5980760,10152.183,1617.798,0,523.288,0,44.939,1514,2265,3.560,1.840,0.920,1,0,16.977,0,0,10,32,5,19,0
17-01 01:11:08,18.527,11.016,70.603,0,0,1315152,363920,200096,5980948,10482.304,1696.477,0,8.012,0,2.003,2552,4870,3.350,1.820,0.920,3,0,196.287,0,0,10,32,5,20,0
17-01 01:11:09,32.021,14.510,53.786,0,0,1420020,258900,200104,5981092,9789.549,1621.085,100.067,648.434,6.004,25.017,2563,3747,3.350,1.820,0.920,2,0,290.194,0,0,10,32,5,21,0
17-01 01:11:10,43.010,5.251,48.512,4.251,0.250,1503452,170700,200232,5985732,10894.647,1620.394,1440.350,7345.785,33.008,618.150,4635,7774,3.350,1.820,0.920,1,2,44.011,0,0,10,36,5,21,0
17-01 01:11:11,38.519,7.254,41.771,12.756,0,1457396,212060,200712,5989944,7492.731,1620.807,0,43137.482,0,3816.901,17103,29804,3.350,1.820,0.920,2,2,100.050,0,0,10,36,5,21,0
17-01 01:11:12,41.969,5.996,47.715,4.497,0,1349872,318948,200828,5990456,6815.963,1584.829,0,17898.773,0,1771.691,9517,15846,3.350,1.820,0.920,2,1,34.974,0,0,10,32,5,21,0
17-01 01:11:13,44.782,6.505,47.283,1.751,0,1472100,196592,200856,5990556,6661.696,1621.143,0,15034.599,0,991.699,4444,6644,3.240,1.830,0.930,3,0,1.001,0,0,10,34,5,21,0
17-01 01:11:14,38.980,7.246,44.727,8.746,0,1416868,251000,201188,5991048,12043.809,1791.079,0,13720.947,0,2284.826,15201,26807,3.240,1.830,0.930,4,0,2.998,0,0,10,34,6,21,0
17-01 01:11:15,26.679,5.984,65.327,0.997,0,1415736,252088,201224,5991056,7017.376,1689.516,0,9103.838,0,554.528,2788,3576,3.240,1.830,0.930,2,1,99.735,0,0,10,32,6,21,0
17-01 01:11:16,24.065,2.256,73.698,0.251,0,1356236,311564,201236,5991068,9795.349,1624.370,0,561.510,0,33.089,1090,1353,3.240,1.830,0.930,1,1,1.003,0,0,10,32,6,21,0
17-01 01:11:17,22.198,2.993,72.579,0.499,0,1432048,235716,201260,5991080,7704.894,1690.028,0,6492.742,0,356.163,1895,2645,3.240,1.830,0.930,1,0,2.993,0,0,10,32,6,21,0
17-01 01:11:18,23.751,2.750,73.753,0,0,1377088,290660,201264,5991092,11816.532,1620.073,0,104.005,0,12.001,1027,1169,3.060,1.810,0.930,1,0,1.000,0,0,10,32,6,21,0
17-01 01:11:19,23.001,3.250,74.002,0,0,1316128,351552,201264,5991160,9598.240,1704.043,0,0,0,0,905,1025,3.060,1.810,0.930,1,0,3.000,0,0,10,32,6,21,0
17-01 01:11:20,22.492,2.749,73.974,0,0,1398104,269576,201264,5991160,6230.813,1585.444,0,3.999,0,1.000,853,1017,3.060,1.810,0.930,1,0,0,0,0,10,32,6,21,0
17-01 01:11:21,23.549,3.006,72.902,0.251,0,1347184,320336,201264,5991248,6066.679,1771.703,0,46577.347,0,133.279,1245,1363,3.060,1.810,0.930,1,0,3.006,0,0,10,32,6,21,0
17-01 01:11:22,22.958,2.995,74.115,0,0,1364804,302684,201264,5991280,10677.556,1563.153,0,0,0,0,889,1059,3.060,1.810,0.930,1,0,0.998,0,0,10,32,6,21,0
17-01 01:11:23,23.005,2.501,74.017,0,0,1440692,226836,201268,5991280,9080.025,1620.361,0,1204.269,0,7.002,840,1109,2.900,1.800,0.930,1,0,2.000,0,0,10,32,6,21,0
17-01 01:11:24,22.307,3.258,73.688,0,0,1396812,270696,201268,5991300,11911.362,1624.140,0,220.562,0,12.031,1065,1408,2.900,1.800,0.930,2,1,1.003,0,0,10,32,6,21,0
17-01 01:11:25,22.431,3.240,73.775,0.249,0,1399480,267992,201272,5991332,10044.325,1615.068,0,299.087,0,25.921,994,1176,2.900,1.800,0.930,1,0,0.997,0,0,10,32,6,21,0
17-01 01:11:26,23.307,3.509,72.428,0.251,0,1437752,229608,201272,5991332,9631.684,1515.727,0,38390.402,0,444.092,1852,1339,2.900,1.800,0.930,1,0,2.005,0,0,10,32,6,21,0
17-01 01:11:27,10.748,18.746,70.736,0,0,1350192,316992,201272,5991544,7324.520,1619.673,0,703.858,0,7.998,3150,5114,2.900,1.800,0.930,1,0,499.899,0,0,10,32,6,21,0
17-01 01:11:28,7.487,22.710,70.377,0.499,0,1350780,316104,201272,5991844,8335.388,1617.165,107.811,539.055,5.990,8.984,3168,4981,2.750,1.780,0.930,2,0,474.169,0,0,10,32,6,21,0
17-01 01:11:29,12.500,17.750,70.251,0,0,1356328,310384,201272,5992000,12794.115,1768.016,0,12.000,0,2.000,2892,4357,2.750,1.780,0.930,2,0,399.004,0,0,10,32,6,21,0
17-01 01:11:30,23.499,2.250,73.748,0,0,1440436,226416,201272,5991984,10915.651,1565.950,0,1435.954,0,6.000,1006,1136,2.750,1.780,0.930,1,0,2.000,0,0,10,32,6,21,0
17-01 01:11:31,23.493,2.499,74.478,0,0,1391884,274952,201272,5992000,9351.176,1619.511,0,15.995,0,1.000,871,1059,2.750,1.780,0.930,1,0,1.000,0,0,10,32,6,21,0
17-01 01:11:32,23.496,1.750,74.239,0,0,1451876,214976,201272,5991984,8645.695,1619.755,0,23.996,0,2.000,839,1055,2.750,1.780,0.930,1,0,2.000,0,0,10,32,6,21,0
17-01 01:11:33,23.013,2.501,73.543,0,0,1421624,245220,201272,5991992,8732.047,1512.874,0,0,0,0,900,1047,2.610,1.770,0.930,1,0,1.001,0,0,10,32,6,21,0
17-01 01:11:34,23.041,2.504,74.133,0,0,1369180,297640,201272,5992016,9641.287,1707.061,0,248.445,0,15.027,1104,1433,2.610,1.770,0.930,2,0,3.005,0,0,10,32,6,21,0
17-01 01:11:35,22.751,3.250,73.753,0,0,1450092,216748,201272,5991996,8308.390,1620.076,0,292.014,0,23.001,957,1187,2.610,1.770,0.930,1,0,2.000,0,0,10,32,6,20,0
17-01 01:11:36,22.750,2.250,74.251,0,0,1399688,267152,201272,5991996,5827.105,1694.030,0,20.000,0,1.000,863,1060,2.610,1.770,0.930,1,0,1.000,0,0,10,32,6,20,0
17-01 01:11:37,23.443,1.995,73.821,0,0,1440488,226332,201272,5992016,10300.002,1562.209,0,11.971,0,0.998,927,1124,2.610,1.770,0.930,1,0,2.993,0,0,10,32,6,19,0
17-01 01:11:38,22.257,3.251,74.023,0,0,1415560,251284,201272,5991992,11501.588,1620.506,0,8.002,0,2.001,958,1109,2.480,1.760,0.930,1,0,3.001,0,0,10,32,6,19,0
17-01 01:11:39,23.300,2.255,73.910,0,0,1361296,305524,201272,5992016,5697.340,1623.517,0,24.052,0,1.002,897,1077,2.480,1.760,0.930,1,0,1.002,0,0,10,32,6,18,0
17-01 01:11:40,23.943,2.743,73.325,0,0,1426620,240288,201272,5991928,9732.739,1508.395,0,63.847,0,2.993,1029,1187,2.480,1.760,0.930,2,0,7.981,0,0,10,32,6,18,0
17-01 01:11:41,22.756,2.751,73.771,0,0,1377040,289792,201272,5992004,8633.461,1620.462,0,1704.486,0,5.001,913,1092,2.480,1.760,0.930,1,0,1.000,0,0,10,32,6,18,0
17-01 01:11:42,24.047,2.254,74.144,0,0,1398680,268140,201272,5992016,9080.607,1623.147,0,12.023,0,1.002,920,1060,2.480,1.760,0.930,1,0,1.002,0,0,10,32,6,16,0
17-01 01:11:43,22.754,2.751,74.014,0,0,1353092,313728,201272,5992016,9087.718,1620.306,0,20.004,0,1.000,924,1064,2.360,1.750,0.930,1,0,3.001,0,0,10,32,6,16,0
17-01 01:11:44,22.953,2.744,72.602,0.499,0,1342652,324156,201276,5992024,22254.534,1616.697,0,702.565,0,27.943,1195,1664,2.360,1.750,0.930,1,1,0.998,0,0,10,32,6,14,0
17-01 01:11:45,22.249,4.250,73.997,0,0,1421004,245812,201280,5992012,9269.620,1565.936,0,367.985,0,27.999,1059,1253,2.360,1.750,0.930,2,0,2.000,0,0,10,32,6,14,0
17-01 01:11:46,17.286,10.021,72.151,0,0,1344744,322056,201280,5992028,7844.395,1663.477,0,845.768,0,135.283,2219,3157,2.360,1.750,0.930,2,0,277.580,0,0,10,32,6,13,0
17-01 01:11:47,19.214,7.486,72.612,0,0,1417352,249404,201280,5992072,8975.999,1732.718,0,71.864,0,2.994,1721,2564,2.360,1.750,0.930,1,0,183.652,0,0,10,32,6,13,0
17-01 01:11:48,23.040,2.504,74.380,0,0,1356672,309904,201280,5992252,7237.673,1622.842,0,0,0,0,835,1033,2.250,1.730,0.930,1,0,9.016,0,0,10,32,6,11,0
17-01 01:11:49,23.700,1.746,73.844,0,0,1419936,246564,201280,5992328,8637.697,1690.418,0,0,0,0,869,1011,2.250,1.730,0.930,1,0,0,0,0,10,32,6,11,0
17-01 01:11:50,12.280,17.794,69.171,0,0,1345768,320700,201280,5992360,6784.772,1624.015,4.010,264.654,1.002,8.020,3233,5170,2.250,1.730,0.930,2,0,522.291,0,0,10,32,6,10,0
17-01 01:11:51,9.752,20.504,69.515,0,0,1345608,320780,201280,5992440,5803.248,1620.348,0,448.096,0,9.002,3560,5751,2.250,1.730,0.930,2,0,611.131,0,0,10,32,6,10,0
17-01 01:11:52,10.256,20.512,69.040,0,0,1343960,322368,201280,5992500,4950.896,1458.853,0,812.475,0,10.006,3270,5117,2.250,1.730,0.930,1,0,518.303,0,0,10,32,6,10,0
17-01 01:11:53,9.492,21.733,69.195,0,0,1348048,318240,201280,5992540,9234.677,1692.658,0,1470.834,0,15.987,3594,5672,2.150,1.720,0.930,2,0,612.514,0,0,10,32,6,10,0
17-01 01:11:54,10.500,19.250,70.251,0.250,0,1341008,325264,201284,5992552,5862.076,1694.022,0,1296.017,0,24.000,3530,5966,2.150,1.720,0.930,1,0,547.007,0,0,10,32,6,8,0
17-01 01:11:55,9.241,20.231,70.185,0.250,0,1343216,323024,201284,5992584,12429.453,1692.428,0,675.373,0,34.968,3540,5554,2.150,1.720,0.930,3,0,532.505,0,0,10,32,6,8,0
17-01 01:11:56,8.998,20.994,69.231,0.250,0,1346536,319456,201288,5992828,8938.578,1619.561,175.952,1583.571,4.999,84.977,3714,5869,2.150,1.720,0.930,1,0,583.842,0,0,10,32,6,8,0
17-01 01:11:57,17.772,22.277,59.323,0.751,0,1344892,317404,201300,5996500,11175.679,1696.076,3596.402,2815.446,49.060,138.169,4199,6684,2.150,1.720,0.930,4,0,658.806,0,0,10,32,6,10,0
17-01 01:11:58,53.473,27.736,17.241,0.250,0,1486520,169100,201312,5999932,9149.425,1619.190,995.502,1391.304,25.987,63.968,9705,8229,2.460,1.790,0.960,5,0,901.549,0,0,10,32,6,12,0
17-01 01:11:59,80.757,14.751,3.500,0.500,0.250,1634704,142660,202504,5879212,5642.513,1552.141,480.044,11897.083,11.001,699.064,4980,8585,2.460,1.790,0.960,3,1,124.011,0,0,10,34,6,13,0
17-01 01:12:00,57.195,13.237,21.729,8.242,0.250,1574844,208040,203180,5873056,7433.908,1618.456,0,60917.884,0,4837.385,20657,34741,2.460,1.790,0.960,3,1,178.829,0,0,10,36,6,13,0
17-01 01:12:01,63.573,12.014,14.767,11.013,0,1636416,132496,204048,5886072,9688.180,1770.043,0,81081.568,0,6230.190,22322,40303,2.460,1.790,0.960,4,0,127.147,0,0,10,36,6,13,0
17-01 01:12:02,49.506,13.001,25.753,12.501,0,1575920,205844,204212,5873460,8797.994,1620.183,68.008,77260.730,1.000,5887.665,24296,41042,2.460,1.790,0.960,2,1,149.017,0,0,10,36,6,15,0
17-01 01:12:03,43.499,12.000,33.999,11.000,0,1552916,217852,204500,5884056,9073.755,1619.956,0,41842.870,0,3411.908,16572,27183,2.500,1.810,0.970,2,1,211.994,0,0,10,35,6,16,0
17-01 01:12:04,39.666,7.734,40.165,13.970,0,1557724,208916,204776,5887904,7410.238,1616.562,0,66227.135,0,4971.426,22615,40088,2.500,1.810,0.970,2,0,53.885,0,0,10,35,6,18,0
17-01 01:12:05,37.563,9.266,43.323,11.519,0.250,1534596,228448,205072,5891164,8793.809,1622.733,0,42066.841,0,3565.003,16491,28552,2.500,1.810,0.970,2,0,84.142,0,0,10,34,6,18,0
17-01 01:12:06,36.244,8.249,43.743,10.248,0,1552244,211312,205328,5890360,6777.916,1619.741,0,37529.995,0,3421.453,16435,30423,2.500,1.810,0.970,4,1,17.997,0,0,10,35,6,19,0
17-01 01:12:07,37.758,7.502,43.759,10.252,0,1505836,256996,205480,5890932,5765.240,1512.325,0,39996.599,0,3739.804,16737,33080,2.500,1.810,0.970,3,0,117.025,0,0,10,34,6,23,0
17-01 01:12:08,38.267,7.753,41.518,11.005,0,1553932,206624,205580,5893100,11576.070,1566.686,0,37632.483,0,3373.478,14011,27242,2.620,1.850,0.980,2,1,36.016,0,0,10,35,6,21,0
17-01 01:12:09,40.741,5.749,43.491,7.998,0,1554144,204160,205628,5895304,8780.165,1693.646,0,30341.659,0,3110.350,16152,32304,2.620,1.850,0.980,2,0,41.991,0,0,10,34,6,23,0
17-01 01:12:10,33.945,10.233,41.183,13.977,0,1543340,211588,205792,5898500,6189.929,1691.248,0,49607.289,0,4341.936,14589,31132,2.620,1.850,0.980,4,0,89.854,0,0,10,36,6,21,0
17-01 01:12:11,35.245,10.249,43.744,11.498,0,1554148,197728,205932,5901412,8917.805,1619.783,0,57584.284,0,4839.352,19495,39772,2.620,1.850,0.980,3,1,50.993,0,0,10,37,6,21,0
17-01 01:12:12,36.543,10.012,43.551,9.761,0,1528896,219724,206128,5904460,7387.621,1621.893,0,48853.011,0,4148.842,18353,32829,2.620,1.850,0.980,4,0,154.180,0,0,10,36,6,21,0
17-01 01:12:13,40.773,8.005,40.273,10.756,0,1560032,186460,206240,5906472,8934.146,1512.871,0,52206.071,0,4367.516,16689,33220,2.570,1.850,0.990,1,1,42.024,0,0,10,36,6,23,0
17-01 01:12:14,37.247,9.749,41.997,11.749,0,1552544,199384,206272,5900980,7946.420,1619.882,0,42644.887,0,4076.702,19244,33060,2.570,1.850,0.990,2,1,51.996,0,0,10,36,6,23,0
17-01 01:12:15,40.238,9.747,43.237,7.498,0,1397528,354092,206276,5901276,5453.364,1619.514,0,40843.747,0,2973.108,12723,21522,2.570,1.850,0.990,2,0,98.970,0,0,10,32,6,24,0
17-01 01:12:16,26.261,9.504,63.776,0.500,0,1443064,308516,206276,5901316,9773.056,1566.650,0,5310.204,0,301.125,2883,4502,2.570,1.850,0.990,1,0,194.081,0,0,10,33,6,24,0
17-01 01:12:17,20.701,5.487,72.580,0,0,1419280,332280,206276,5901336,10247.928,1690.030,0,3.991,0,0.998,2206,3441,2.570,1.850,0.990,1,0,43.897,0,0,10,32,6,24,0
17-01 01:12:18,24.999,1.750,72.246,0.250,0,1445940,305596,206276,5901360,5362.694,1693.903,0,639.964,0,41.998,2701,4641,2.370,1.820,0.980,1,0,0,0,0,10,32,6,24,0
17-01 01:12:19,12.524,19.036,68.881,0.250,0,1381896,369640,206276,5901360,10362.668,1623.081,0,2941.583,0,169.321,3426,4832,2.370,1.820,0.980,1,0,459.873,0,0,10,32,6,24,0
17-01 01:12:20,38.699,17.477,42.943,0,0,1480356,271012,206276,5901528,7395.172,1509.993,3.995,798.938,0.999,55.926,3338,5041,2.370,1.820,0.980,3,0,416.447,0,0,10,32,6,30,0
17-01 01:12:21,68.240,6.999,24.246,0,0,1677804,137232,206308,5839376,11654.298,1619.764,0,1951.715,0,93.986,1678,1492,2.370,1.820,0.980,3,0,3.000,0,0,10,32,6,30,0
17-01 01:12:22,62.169,8.022,26.071,3.510,0,1780616,128432,206328,5747360,11062.045,1624.412,2695.320,18361.871,88.240,1165.165,6165,8542,2.370,1.820,0.980,1,1,48.131,0,0,10,38,6,30,0
17-01 01:12:23,29.464,7.741,45.445,15.731,0,1781748,132968,206432,5741944,6082.591,1618.029,0,84565.000,0,6505.077,29217,48005,2.260,1.810,0.990,2,0,245.701,0,0,10,38,6,30,0
17-01 01:12:24,27.765,8.755,44.774,18.010,0,1783088,121960,206544,5751196,12155.467,1608.856,0,94786.426,0,7335.903,30907,51614,2.260,1.810,0.990,3,1,189.101,0,0,10,38,6,30,0
17-01 01:12:25,35.755,11.002,37.505,15.752,0,1667508,243960,206584,5744848,9988.398,1694.237,0,77334.827,0,5934.831,25427,41821,2.260,1.810,0.990,3,0,249.035,0,0,10,36,6,30,0
17-01 01:12:26,46.500,8.750,33.500,11.500,0,1740468,161636,206604,5753888,10943.934,1619.990,0,58163.651,0,4710.972,16850,34563,2.260,1.810,0.990,3,1,93.999,0,0,10,36,6,30,0
17-01 01:12:27,38.998,9.999,33.998,15.999,0,1780052,125188,206648,5750620,10625.447,1511.921,0,99694.816,0,7104.631,23240,46212,2.260,1.810,0.990,1,1,14.999,0,0,10,38,5,30,0
17-01 01:12:28,29.460,9.987,46.937,14.980,0,1665076,236744,206708,5753856,9574.132,1617.826,0,72694.299,0,6056.860,23424,41729,2.400,1.840,1,1,1,161.783,0,0,10,36,5,30,0
17-01 01:12:29,31.970,10.240,50.452,6.244,0,1399668,500884,206728,5755044,8930.498,1618.459,0,34710.955,0,2576.547,11712,18141,2.400,1.840,1,1,0,220.790,0,0,10,32,5,30,0
17-01 01:12:30,21.256,5.251,72.520,0.250,0,1454964,445588,206728,5755044,7594.096,1620.447,0,1488.411,0,88.024,1470,1833,2.400,1.840,1,1,0,62.017,0,0,10,32,5,30,0
17-01 01:12:31,23.003,4.001,72.260,0.750,0,1514408,386144,206728,5755044,5793.840,1620.235,0,5412.785,0,344.050,2004,2713,2.400,1.840,1,1,0,2.000,0,0,10,34,5,30,0
17-01 01:12:32,22.495,3.499,73.233,0.250,0,1420760,479780,206728,5755052,9089.937,1565.645,0,135.969,0,8.998,1357,1771,2.400,1.840,1,1,0,26.994,0,0,10,32,5,30,0
17-01 01:12:33,22.736,2.748,73.705,0,0,1495856,404684,206728,5755052,7638.364,1619.017,0,39.976,0,4.997,929,1079,2.280,1.830,1,2,0,0.999,0,0,10,32,5,30,0
17-01 01:12:34,22.785,4.257,72.862,0,0,1400156,500252,206728,5755180,9638.805,1514.326,48.074,540.831,3.005,43.066,1446,1979,2.280,1.830,1,2,0,38.058,0,0,10,32,5,30,0
17-01 01:12:35,13.518,37.801,48.815,0,0,1408208,492096,206732,5755280,6871.201,1738.328,40.054,60.080,3.004,15.020,4915,8314,2.280,1.830,1,2,0,1079.445,0,0,10,32,5,30,0
17-01 01:12:36,14.470,30.935,53.388,0.249,0,1414388,485796,206732,5755380,9014.007,1690.438,0,407.142,0,33.929,4576,7657,2.280,1.830,1,1,0,931.038,0,0,10,32,5,30,0
17-01 01:12:37,3.748,5.497,90.695,0.250,0,1415560,484596,206732,5755408,10574.550,1619.012,0,79.951,0,4.997,1132,1674,2.280,1.830,1,0,0,70.957,0,0,10,32,5,30,0
17-01 01:12:38,7.501,12.502,79.013,0.250,0,1402892,496748,206736,5755920,6183.045,1694.286,624.105,0,16.003,0,2177,2941,2.180,1.820,1,1,0,188.032,0,0,11,12,5,30,20
17-01 01:12:39,9.766,19.532,69.364,0,0,1404556,494808,206736,5756148,7147.722,1622.661,0,32.053,0,7.011,2453,3465,2.180,1.820,1,1,0,278.457,0,0,11,12,5,30,20
17-01 01:12:40,16.970,17.469,64.886,0,0,1407932,490776,206780,5756952,10710.118,1455.434,563.007,15.972,50.910,3.993,4821,7360,2.180,1.820,1,1,0,180.681,0,0,11,12,5,30,20
17-01 01:12:41,21.003,20.253,57.008,0,0,1443632,454364,206780,5757336,10788.478,1620.222,44.006,8.001,2.000,2.000,3172,5163,2.180,1.820,1,1,0,357.049,0,0,13,12,5,30,20
17-01 01:12:42,13.249,19.248,67.243,0,0,1449620,448344,206780,5757728,11621.849,1693.832,0,315.969,0,7.999,3842,6290,2.180,1.820,1,1,0,271.973,0,0,13,12,5,30,20
17-01 01:12:43,24.538,17.778,56.589,0,0,1487664,409908,206780,5757672,7239.344,1622.543,4.006,8.013,1.002,1.002,4404,8410,2.090,1.800,1,2,0,229.359,0,0,15,12,5,30,20
17-01 01:12:44,11.733,18.723,68.400,0.250,0,1492400,405080,206780,5757788,9655.912,1843.311,0,894.695,0,50.926,3035,4649,2.090,1.800,1,2,0,273.601,0,0,15,12,6,30,20
17-01 01:12:45,15.001,18.002,65.756,0,0,1499324,398092,206780,5758160,6642.578,1694.147,0,84.007,0,7.001,4300,9328,2.090,1.800,1,1,0,194.017,0,0,15,12,6,30,20
17-01 01:12:46,55.630,13.782,30.070,0,0,1716696,180512,206820,5757976,5530.965,1623.806,0,577.353,0,4.009,2392,3390,2.090,1.800,1,14,0,98.230,0,0,17,12,6,30,20
17-01 01:12:47,85.232,13.747,1.000,0,0,1988304,132240,206824,5538968,9026.086,1627.655,0,199.958,0,5.999,2205,3350,2.090,1.800,1,4,0,59.987,0,0,17,12,6,30,20
17-01 01:12:48,9.991,19.732,69.186,0,0.250,1945416,175020,206824,5539012,7534.076,1564.562,0,239.780,0,2.997,2700,4033,1.920,1.770,0.990,2,0,258.762,0,0,17,12,6,30,20
17-01 01:12:49,10.504,20.757,68.023,0,0,1944220,176180,206824,5539032,5052.703,1704.574,0,28.009,0,7.002,2582,3849,1.920,1.770,0.990,1,0,243.082,0,0,17,12,6,30,20
17-01 01:12:50,20.001,17.001,61.003,0,0,1956920,163340,206824,5539064,8841.398,1694.076,0,332.015,0,3.000,5455,11557,1.920,1.770,0.990,2,0,223.010,0,0,17,12,6,30,20
17-01 01:12:51,17.466,4.242,77.350,0.250,0,2000452,118372,206824,5540508,8080.316,1764.575,1022.016,39.923,15.969,0.998,1408,2272,1.920,1.770,0.990,1,0,35.930,0,0,18,12,6,30,20
17-01 01:12:52,15.536,10.274,73.672,0,0,2036888,124940,206824,5498248,12271.630,1623.788,0,8.019,0,2.005,1908,2642,1.920,1.770,0.990,1,0,91.213,0,0,18,12,6,31,20
17-01 01:12:53,24.195,4.240,69.591,1.247,0,2057096,131980,206824,5471600,8462.629,1616.300,331.242,6125.978,8.979,440.991,3355,5024,1.850,1.760,1,1,0,0.998,0,0,18,22,6,33,0
17-01 01:12:54,13.519,17.274,67.596,0,0,2012064,176944,206824,5471668,5415.658,1514.141,0,488.691,0,43.061,2989,4554,1.850,1.760,1,1,0,295.418,0,0,18,18,6,36,0
17-01 01:12:55,12.750,17.250,70.251,0,0,2016004,172996,206824,5471676,9153.110,1566.019,0,0,0,0,2890,4281,1.850,1.760,1,1,0,280.003,0,0,18,18,6,36,0
17-01 01:12:56,10.506,19.762,68.040,0,0,2015812,173164,206824,5471700,8189.783,1620.947,0,220.129,0,15.009,2899,4426,1.850,1.760,1,2,0,287.168,0,0,18,18,6,36,0
17-01 01:12:57,10.981,22.213,65.889,0,0,2022860,165996,206824,5472184,9294.339,1617.275,0,91.845,0,8.985,3691,6053,1.850,1.760,1,1,0,241.593,0,0,18,18,6,36,0
17-01 01:12:58,35.574,14.530,50.355,0,0,2091144,129704,206824,5440680,8463.689,1623.393,328.687,8.017,3.006,2.004,4247,6514,1.860,1.760,1,2,0,165.346,0,0,18,19,6,36,0
17-01 01:12:59,49.456,4.225,45.729,0.249,0,2175144,132012,206824,5356852,8942.915,1777.449,7.953,548.743,0.994,12.923,1638,1991,1.860,1.760,1,6,0,18.888,0,0,18,19,6,30,0
17-01 01:13:00,49.185,7.026,42.912,0,0,2252148,131892,206812,5280900,7634.752,1700.404,96.363,457.724,1.004,27.102,2766,7431,1.860,1.760,1,2,0,37.140,0,0,18,35,6,31,0
17-01 01:13:01,31.241,12.747,55.235,0,0.250,2273312,125612,206812,5266272,4682.717,1511.586,0,0,0,0,3211,10821,1.860,1.760,1,4,0,157.957,0,0,18,34,6,29,0
17-01 01:13:02,15.783,18.037,65.886,0,0,2276056,129392,206812,5260140,5583.547,1623.357,4.008,372.771,1.002,14.029,5548,10473,1.860,1.760,1,1,0,225.466,0,0,18,34,6,29,0
17-01 01:13:03,7.233,6.734,84.554,0.249,0,2277680,127416,206812,5260136,13349.017,1562.374,215.500,1356.851,9.977,15.963,1965,2827,1.710,1.730,1,0,0,54.873,0,0,18,34,6,27,0
17-01 01:13:04,2.250,2.000,94.003,0,0,2302272,131204,206812,5232444,8596.292,1620.055,0,380.013,0,28.001,1250,2091,1.710,1.730,1,0,0,3.000,0,0,18,34,6,27,0
17-01 01:13:05,1.000,1.000,96.491,0,0,2302476,131200,206812,5232336,10027.037,1619.844,0,4.000,0,1.000,1066,1722,1.710,1.730,1,0,0,3.000,0,0,18,34,6,24,0
17-01 01:13:06,2.501,1.000,95.539,0.250,0,2302432,131200,206812,5232380,7755.156,1694.690,0,40.016,0,5.002,1040,1764,1.710,1.730,1,0,0,1.000,0,0,18,34,6,24,0
17-01 01:13:07,7.249,7.499,83.486,0,0,2252652,180808,206812,5232872,12346.864,1619.720,31.994,0,2.999,0,2725,4866,1.710,1.730,1,0,0,138.976,0,0,18,34,6,24,0
17-01 01:13:08,18.253,15.003,65.011,1.000,0,2272616,178804,206812,5214912,7582.274,1512.254,288.048,7657.286,20.003,515.087,5671,9891,1.570,1.700,0.990,1,0,218.037,0,0,18,34,6,19,0
17-01 01:13:09,10.981,21.462,65.883,0,0,2316364,140848,206812,5209164,6363.730,1854.715,994.239,1413.497,33.940,251.554,3717,5362,1.570,1.700,0.990,3,0,296.475,0,0,19,34,6,19,0
17-01 01:13:10,19.532,13.271,65.105,0.501,0,2321328,135748,206816,5209288,6915.175,1622.622,172.278,380.615,12.019,28.045,4770,10170,1.570,1.700,0.990,0,0,160.259,0,0,19,50,6,17,0
17-01 01:13:11,6.500,9.750,83.502,0,0,2324104,132980,206816,5209340,9215.230,1566.039,0,208.005,0,10.000,1985,3190,1.570,1.700,0.990,2,0,158.004,0,0,21,50,6,17,0
17-01 01:13:12,18.720,13.479,64.398,0,0,2333984,123040,206816,5209376,8508.489,1617.432,0,0,0,0,4693,9104,1.570,1.700,0.990,1,0,151.759,0,0,21,50,6,17,0
17-01 01:13:13,10.791,20.075,68.006,0.251,0,2326280,131524,206816,5208548,8307.219,1626.111,0,1489.598,0,281.056,3925,5592,1.610,1.710,1,1,0,403.516,0,0,21,52,6,17,0
17-01 01:13:14,12.977,18.717,66.633,0.250,0,2318112,146500,206816,5202312,9194.799,1659.077,0,539.050,0,22.960,3962,7498,1.610,1.710,1,1,0,332.414,0,0,21,52,6,15,0
17-01 01:13:15,27.060,19.543,53.117,0,0,2360084,137728,206820,5169436,12376.339,1515.347,4.009,120.266,1.002,5.011,4932,9536,1.610,1.710,1,2,0,445.985,0,0,21,52,6,15,0
17-01 01:13:16,30.501,22.500,45.751,0,0,2419944,136004,206844,5112648,7429.156,1768.037,0,292.006,0,7.000,4282,6950,1.610,1.710,1,2,0,683.014,0,0,21,52,6,14,0
17-01 01:13:17,34.754,24.003,41.504,0.500,0,2533552,129220,206848,5007484,9898.069,1694.183,48.005,6428.694,6.001,310.033,6091,12967,1.610,1.710,1,5,0,352.038,0,0,21,56,6,16,0
17-01 01:13:18,60.981,21.493,15.245,0,0,2632708,119276,206856,4918300,9937.909,1565.513,3.999,5634.248,1.000,395.877,3637,6595,1.880,1.770,1.020,5,0,485.849,0,0,21,56,6,16,0
17-01 01:13:19,63.517,19.505,16.004,0,0,2746552,130068,206880,4794036,8108.189,1784.482,0,32.009,0,8.002,5898,11725,1.880,1.770,1.020,3,0,367.099,0,0,21,56,6,16,0
17-01 01:13:20,68.476,23.242,6.248,0.750,0.250,2881400,118056,207812,4672216,7739.237,1619.422,835.702,67.976,71.974,6.998,2960,7138,1.880,1.770,1.020,7,0,511.817,0,0,21,60,6,16,0
17-01 01:13:21,63.006,24.752,7.751,4.250,0,2990744,125932,207820,4556592,9414.941,1512.151,8.001,17861.786,2.000,1634.163,11977,22182,1.880,1.770,1.020,5,0,250.025,0,0,21,60,6,16,0
17-01 01:13:22,66.682,22.976,5.994,2.248,0,3109576,130476,207836,4434392,11229.479,1618.340,0,28039.232,0,1982.965,13147,25575,1.880,1.770,1.020,7,1,437.551,0,0,21,62,6,10,0
17-01 01:13:23,74.572,21.020,2.753,0.751,0,3182944,120772,207896,4371900,10474.170,1695.646,32.031,10990.672,4.004,660.641,11508,29620,2.370,1.870,1.060,7,0,211.205,0,0,21,68,6,16,0
17-01 01:13:24,67.018,22.006,11.003,0,0,3314360,128592,207900,4235480,9050.380,1694.446,40.011,4153.092,4.001,381.100,4917,13544,2.370,1.870,1.060,4,0,474.125,0,0,21,79,6,20,0
17-01 01:13:25,42.452,22.840,31.280,0,0,3395636,130100,207900,4154844,8900.492,1682.186,3.972,39.721,0.993,9.930,6991,17030,2.370,1.870,1.060,5,0,422.036,0,0,21,81,6,20,0
17-01 01:13:26,53.582,18.364,27.672,0,0,3501108,132380,207904,4048148,10181.154,1575.775,297.848,0,12.075,0,4834,16783,2.370,1.870,1.060,3,0,197.223,0,0,21,84,6,23,0
17-01 01:13:27,43.962,10.741,44.462,0.999,0,3618156,123180,207896,3941452,9375.937,1692.544,1147.014,11206.363,77.933,674.420,3447,4686,2.370,1.870,1.060,1,0,32.972,0,0,21,87,6,23,0
17-01 01:13:28,9.993,20.237,67.955,0.999,0,3626036,124536,207884,3932360,4997.702,1511.003,0,6515.700,0,352.767,3807,5847,2.180,1.840,1.050,2,0,264.825,0,0,21,87,6,23,0
17-01 01:13:29,8.745,19.988,69.958,0,0,3630820,128828,207876,3923292,10454.717,1619.027,0,131.921,0,12.992,2881,4231,2.180,1.840,1.050,1,0,238.856,0,0,21,87,6,23,0
17-01 01:13:30,10.017,18.783,70.372,0,0,3633700,129720,207876,3919584,8610.940,1712.972,4.007,120.209,1.002,10.017,2776,4145,2.180,1.840,1.050,1,0,243.422,0,0,21,87,6,23,0
17-01 01:13:31,10.232,18.219,70.379,0,0,3640024,123424,207876,3919576,8961.613,1764.970,0,0,0,0,2765,4155,2.180,1.840,1.050,2,0,249.571,0,0,21,87,6,23,0
17-01 01:13:32,8.265,21.288,68.624,0,0,3623612,140300,207876,3919112,6712.102,1622.926,0,268.484,0,4.007,2811,4345,2.180,1.840,1.050,1,0,264.477,0,0,21,87,6,23,0
17-01 01:13:33,14.474,17.468,66.879,0,0,3640572,123280,207876,3919540,6707.839,1617.068,0,135.754,0,11.978,3709,7941,2.160,1.840,1.050,3,0,253.540,0,0,21,89,6,23,0
17-01 01:13:34,27.321,20.303,51.634,0,0,3674404,123028,207860,3885700,9704.095,1570.060,786.033,184.477,11.029,12.031,4893,7759,2.160,1.840,1.050,3,0,303.786,0,0,21,93,6,23,0
17-01 01:13:35,31.997,22.998,44.496,0.250,0,3732804,131748,207840,3818760,7121.316,1553.851,119.988,39.996,12.999,9.999,3382,5994,2.160,1.840,1.050,2,0,394.962,0,0,21,96,6,23,0
17-01 01:13:36,23.199,17.711,57.624,0.499,0,3755472,135852,207828,3792176,9985.162,1616.465,147.677,682.507,2.993,42.906,6258,11844,2.160,1.840,1.050,1,0,169.629,0,0,23,105,6,23,0
17-01 01:13:37,62.420,28.828,8.523,0,0,3934208,126180,207748,3625924,8943.335,1624.420,802.183,14094.351,47.128,1311.569,10387,22050,2.160,1.840,1.050,3,0,535.457,0,0,23,117,6,23,0
17-01 01:13:38,57.718,20.239,21.238,0,0,4049916,124572,207628,3514176,9204.900,1619.103,111.938,435.759,2.998,36.980,5961,13604,2.390,1.890,1.080,3,0,384.787,0,0,23,133,6,23,0
17-01 01:13:39,44.423,21.962,32.943,0.499,0,4101400,125848,207604,3461436,12840.850,1691.083,107.814,7075.794,4.991,564.027,7085,21771,2.390,1.890,1.080,3,0,328.433,0,0,23,133,6,23,0
17-01 01:13:40,28.772,21.517,48.788,0.250,0,4147560,124708,207588,3416804,6866.287,1785.375,76.059,300.231,5.004,12.009,3276,5489,2.390,1.890,1.080,2,0,415.320,0,0,24,133,6,23,0
17-01 01:13:41,11.992,19.487,67.205,0,0,4150268,125996,207588,3412848,4930.731,1618.927,0,515.658,0,25.983,2953,4461,2.390,1.890,1.080,2,0,266.823,0,0,24,133,6,23,0
17-01 01:13:42,19.033,18.031,61.355,0,0,4162216,121488,207588,3405468,11470.718,1460.511,0,304.523,0,26.045,5716,11163,2.390,1.890,1.080,2,0,164.282,0,0,24,133,6,23,0
17-01 01:13:43,32.251,21.750,45.501,0,0,4227272,124880,207556,3337860,7629.160,1620.034,8.000,224.005,2.000,14.000,3338,5629,2.360,1.890,1.080,3,0,403.008,0,0,24,133,6,23,0
17-01 01:13:44,35.264,25.510,37.265,0.250,0,4308172,125980,207504,3258276,11678.566,1620.634,4.002,424.166,1.000,26.010,6470,16358,2.360,1.890,1.080,3,0,282.110,0,0,24,145,6,23,0
17-01 01:13:45,31.430,20.454,48.143,0.249,0,4354020,124232,207472,3214848,7434.436,1616.399,0,5831.009,0,526.826,4885,8247,2.360,1.890,1.080,3,0,380.153,0,0,24,145,6,23,0
17-01 01:13:46,32.803,23.288,42.819,0.250,0,4409264,131648,207436,3153956,9904.005,1622.622,44.071,384.622,2.003,27.044,4230,7517,2.360,1.890,1.080,6,0,555.898,0,0,24,153,6,23,0
17-01 01:13:47,22.772,25.274,50.799,0.500,0,4470700,120300,207404,3105240,9970.542,1737.663,400.383,6049.790,43.041,491.470,9678,17775,2.360,1.890,1.080,1,0,466.446,0,0,24,165,6,25,0
17-01 01:13:48,19.726,19.976,56.932,0.250,0,4486528,145676,207372,3065480,5225.729,1618.058,35.957,471.434,8.989,38.953,5896,10615,2.250,1.880,1.080,19,0,248.702,0,0,24,179,6,25,0
17-01 01:13:49,36.752,14.501,49.503,0,0,4563120,123824,207288,3012076,8950.492,1532.084,60.003,280.015,5.000,28.002,3076,4584,2.250,1.880,1.080,3,0,121.007,0,0,24,181,6,25,0
17-01 01:13:50,45.790,7.507,45.540,0.500,0,4671680,122732,207100,2908572,10020.808,1621.425,732.644,184.162,34.030,11.010,2040,2683,2.250,1.880,1.080,3,0,1.001,0,0,24,181,6,25,0
17-01 01:13:51,33.485,9.246,56.974,0.500,0,4609800,228336,206708,2866960,5615.428,1619.258,1243.431,243.888,32.985,18.991,2853,4810,2.250,1.880,1.080,3,0,128.941,0,0,24,185,6,25,0
17-01 01:13:52,41.011,24.757,33.259,0,0,4692064,143748,206708,2869340,10159.784,1620.444,404.111,612.168,19.005,48.013,5113,12865,2.250,1.880,1.080,4,0,472.129,0,0,24,190,6,25,0
17-01 01:13:53,36.738,22.243,36.738,1.749,0,4635240,208484,206500,2862816,7304.677,1619.485,19173.903,503.840,265.915,31.990,5622,13291,2.230,1.880,1.090,2,0,353.887,0,0,24,193,6,26,0
17-01 01:13:54,59.204,23.383,14.428,2.736,0,4777768,127032,206448,2803664,9194.961,1611.929,53492.165,951.237,552.235,34.826,6381,11704,2.230,1.880,1.090,4,0,199.004,0,0,24,201,6,26,0
17-01 01:13:55,73.874,15.328,7.287,3.015,0,4847192,142036,206452,2722624,7119.072,1702.627,36110.974,691.504,472.394,36.183,4844,8631,2.230,1.880,1.090,7,0,41.209,0,0,24,206,6,22,0
17-01 01:13:56,67.727,18.244,5.998,7.248,0,4917624,136940,204960,2661352,4632.420,1457.503,57588.362,14387.094,965.671,780.734,7074,10531,2.230,1.880,1.090,11,0,36.987,0,0,24,208,6,27,0
17-01 01:13:57,43.235,27.240,25.491,3.499,0,4911816,131804,204548,2673396,9903.534,1619.433,49430.699,1403.509,503.824,97.966,6754,12974,2.230,1.880,1.090,4,0,513.820,0,0,24,209,5,28,0
17-01 01:13:58,45.264,19.506,30.009,2.501,0,4933024,129672,204488,2655292,10124.057,1620.489,29817.005,320.097,308.093,18.005,7633,12890,2.130,1.870,1.090,5,0,241.073,0,0,24,211,5,28,0
17-01 01:13:59,60.019,28.759,8.253,3.751,0,4966756,132732,204100,2622320,11566.632,1714.538,53644.844,13952.381,520.163,603.189,5866,9972,2.130,1.870,1.090,4,0,515.162,0,0,24,213,5,30,0
17-01 01:14:00,63.012,23.163,10.461,0.249,0.249,5044912,123752,203324,2555700,11467.698,1613.906,1745.409,641.577,93.646,38.853,12411,38255,2.130,1.870,1.090,4,0,226.146,0,0,24,215,5,31,0
17-01 01:14:01,56.462,26.600,17.064,0.251,0,5072556,127880,202776,2525104,12718.759,1626.106,184.694,14940.100,17.064,787.959,7367,12607,2.130,1.870,1.090,5,0,464.745,0,0,24,217,5,33,0
17-01 01:14:02,55.542,21.016,22.517,0.500,0,5070100,188032,201776,2469476,11128.402,1459.102,376.284,7021.301,23.017,653.493,8453,22654,2.130,1.870,1.090,4,0,247.187,0,0,24,223,5,36,0
17-01 01:14:03,64.226,14.495,21.492,0.250,0,5238648,129476,200304,2363316,9683.417,1619.401,455.831,343.873,28.989,24.991,4306,8849,2.200,1.890,1.100,3,0,171.936,0,0,24,224,5,35,0
17-01 01:14:04,67.991,8.249,23.247,0.500,0,5288752,133132,199304,2311316,6486.105,1801.751,1047.855,835.885,73.990,57.992,5432,10228,2.200,1.890,1.100,5,0,6.999,0,0,24,229,5,43,0
17-01 01:14:05,55.478,10.996,32.987,0.500,0,5303604,183108,197992,2248664,59637.443,18437.717,207.918,3438.642,13.994,244.903,6765,11622,2.200,1.890,1.100,2,0,115.954,0,0,24,240,5,43,0
17-01 01:14:06,41.496,23.498,34.747,0.250,0,5296020,190216,198016,2249084,7592.317,1693.848,191.983,1283.884,10.999,105.990,6683,12612,2.200,1.890,1.100,2,0,585.947,0,0,24,242,5,43,0
17-01 01:14:07,45.991,15.747,35.243,0.500,0,5348996,136816,198064,2249828,9382.142,1619.679,183.964,1351.732,13.997,162.968,7364,15718,2.200,1.890,1.100,4,0,189.962,0,0,25,243,5,44,0
17-01 01:14:08,66.536,12.507,18.760,1.501,0,5427744,152868,197748,2157592,9267.023,1694.919,1764.957,888.482,135.073,42.023,10093,4708,2.270,1.910,1.110,3,0,89.048,0,0,25,246,5,44,0
17-01 01:14:09,68.352,8.605,22.128,0.983,0,5475240,150664,197048,2115064,9456.202,1593.245,629.430,8221.929,44.257,760.233,6754,7797,2.270,1.910,1.110,4,0,14.752,0,0,25,250,5,46,2
17-01 01:14:10,29.730,14.230,54.632,0,0,5521120,132980,196528,2088220,18818.696,4235.350,8.131,414.692,2.033,23.377,3780,8627,2.270,1.910,1.110,1,0,210.395,0,0,25,251,5,48,2
17-01 01:14:11,26.163,4.734,66.031,0.249,0,5506872,138672,196528,2096776,8791211.967,65297.278,0,498.346,0,37.874,4894,5372,2.270,1.910,1.110,2,0,4.983,0,0,25,248,5,48,2
17-01 01:14:12,26.996,6.249,65.741,0.750,0,5457840,206208,195852,2079420,12427047.484,72370.592,0,6047.214,0,560.927,7307,7334,2.270,1.910,1.110,0,0,37.995,0,0,25,250,5,48,2
17-01 01:14:13,11.287,14.548,73.491,0.251,0,5474044,187196,195856,2082224,740311.742,3720.195,2074.801,325.066,23.076,18.059,3327,5047,2.160,1.890,1.110,1,0,257.845,0,0,25,249,5,48,2
17-01 01:14:14,24.677,4.736,68.297,0.499,0,5520272,155508,195492,2069248,9408.058,1840.534,622.152,590.247,15.953,34.896,2183,3821,2.160,1.890,1.110,1,0,0.997,0,0,25,251,6,49,2
17-01 01:14:15,25.999,4.500,68.747,0.500,0,5522992,152288,195504,2069740,10906.476,1777.915,267.987,571.973,14.999,61.997,4788,9320,2.160,1.890,1.110,0,1,4.000,0,0,25,264,6,51,2
17-01 01:14:16,26.062,3.007,69.165,0.251,0,5539100,135396,195536,2070492,8812.070,1515.624,180.431,545.304,11.026,51.122,4299,8843,2.160,1.890,1.110,2,0,2.005,0,0,25,269,6,53,2
17-01 01:14:17,28.516,7.004,61.785,1.251,0,5547160,163136,194272,2039060,10427.965,1640.939,72.041,46174.412,9.005,530.303,7071,13273,2.160,1.890,1.110,1,0,24.014,0,0,25,269,6,62,2
17-01 01:14:18,22.674,10.216,66.278,0.748,0,5539680,170448,194276,2039228,7319.538,1614.604,135.547,1024.576,17.940,136.544,3178,4814,2.070,1.870,1.100,1,0,210.297,0,0,25,273,6,62,2
17-01 01:14:19,16.262,7.255,69.302,5.504,0,5546236,130800,195012,2071940,5482.145,1621.226,4891.698,2029.534,763.577,27.020,3388,4357,2.070,1.870,1.100,3,0,1.001,0,0,25,275,6,62,2
17-01 01:14:20,23.507,5.002,70.522,1.000,0,5526644,156572,195020,2066236,6414.001,1764.551,1436.448,2484.775,252.079,94.029,2272,3521,2.070,1.870,1.100,2,0,9.003,0,0,25,275,6,62,2
17-01 01:14:21,23.237,5.997,68.961,0.750,0,5556604,141092,194008,2053976,9840.411,1693.038,703.600,527.700,148.915,11.993,14123,27859,2.070,1.870,1.100,1,0,3.998,0,0,25,275,6,63,2
17-01 01:14:22,23.573,5.768,70.217,0.502,0,5557956,139520,194008,2054212,7772.000,1699.247,0,425.313,0,47.146,4647,8410,2.070,1.870,1.100,1,0,3.009,0,0,25,275,6,64,2
17-01 01:14:23,23.415,5.231,69.748,0.249,0,5559472,138008,194020,2054196,10349.555,1506.549,7.971,418.486,1.993,48.823,2138,3298,1.980,1.860,1.100,1,0,0.996,0,0,25,275,6,60,2
17-01 01:14:24,24.799,14.028,60.619,0.501,0,5490708,237676,193384,2026448,8090.907,1623.191,1386.726,368.725,135.266,20.039,3955,6618,1.980,1.860,1.100,1,0,452.890,0,0,25,275,6,60,2
17-01 01:14:25,24.692,3.991,71.084,0,0,5550136,178208,193384,2026544,9916.864,1562.355,0,0,0,0,1741,2662,1.980,1.860,1.100,1,0,0,0,0,25,275,6,55,2
17-01 01:14:26,8.256,18.765,71.306,0,0,5497364,230960,193388,2026560,8429.626,1621.274,4.003,176.138,1.001,10.008,3739,6212,1.980,1.860,1.100,1,0,411.323,0,0,25,275,6,55,2
17-01 01:14:27,7.496,11.993,79.455,0.500,0,5498384,229800,193416,2026672,5757.747,1619.085,35.980,367.792,2.998,41.976,3139,5370,1.980,1.860,1.100,0,0,260.853,0,0,25,279,6,52,2
17-01 01:14:28,11.500,1.750,84.249,0,0,5532908,195276,193416,2026672,9601.866,1619.977,0,363.995,0,24.000,1756,2790,1.910,1.850,1.100,1,0,9.000,0,0,25,279,6,52,2
17-01 01:14:29,25.318,3.509,70.941,0,0,5567176,161004,193420,2026672,7092.092,1698.573,64.173,28.076,4.011,5.013,2704,5474,1.910,1.850,1.100,1,0,2.005,0,0,25,280,6,52,2
17-01 01:14:30,14.509,13.758,70.293,0,0,5504716,223344,193440,2026772,5492.323,1586.960,100.061,164.099,9.005,10.006,3284,5192,1.910,1.850,1.100,1,0,229.139,0,0,25,281,6,53,2
17-01 01:14:31,12.708,17.442,70.016,0,0,5508544,219228,193452,2027048,12463.335,1614.602,147.507,79.733,4.983,5.980,3562,5755,1.910,1.850,1.100,1,0,261.127,0,0,25,281,6,53,2
17-01 01:14:32,18.009,11.005,69.284,0.250,0,5533776,193296,193460,2027724,8703.273,1620.796,32.016,804.395,5.002,64.031,3436,5626,1.910,1.850,1.100,1,0,201.099,0,0,25,283,6,54,2
17-01 01:14:33,24.255,3.501,70.764,0,0,5590964,143848,193168,2020448,8834.785,1566.316,0,84.017,0,11.002,1749,2599,1.830,1.830,1.100,1,0,1.000,0,0,25,283,6,54,2
17-01 01:14:34,26.070,1.755,70.439,1.003,0,5472724,263832,193136,2018996,7819.950,1666.464,188.505,6417.192,9.024,584.566,2928,3576,1.830,1.830,1.100,2,0,4.011,0,0,25,285,6,54,2
17-01 01:14:35,26.171,3.988,70.038,0.249,0,5564596,171908,193136,2019048,7469.390,1615.111,39.879,0,5.982,0,1771,2693,1.830,1.830,1.100,1,0,5.982,0,0,25,285,6,54,0
17-01 01:14:36,24.586,3.512,70.247,0,0,5611208,144008,192676,2001860,11163.228,1699.974,0,2131.490,0,101.356,2648,4881,1.830,1.830,1.100,1,0,5.018,0,0,25,290,6,54,0
17-01 01:14:37,23.911,3.736,70.735,0.249,0,5542428,212884,192796,2001748,7027.702,1506.363,135.493,191.284,5.978,5.978,2341,3860,1.830,1.830,1.100,3,0,17.933,0,0,25,287,6,54,0
17-01 01:14:38,25.498,3.250,70.746,0,0,5581488,173824,192796,2001748,6417.621,1619.904,0,215.987,0,22.999,2012,3141,1.770,1.820,1.100,1,0,1.000,0,0,25,287,6,54,0
17-01 01:14:39,12.526,17.036,69.896,0.251,0,5524460,229536,192928,2002932,9871.622,1623.391,1551.241,577.206,28.059,30.063,3771,6403,1.770,1.820,1.100,1,1,392.821,0,0,25,287,6,54,0
17-01 01:14:40,19.465,8.734,71.371,0.250,0,5556212,196612,193500,2003532,10142.672,1563.175,1058.088,263.524,67.877,19.964,2839,4477,1.770,1.820,1.100,2,0,168.695,0,0,25,287,6,54,0
17-01 01:14:41,20.735,3.997,75.694,0.250,0,5591776,160788,193524,2003808,14259.363,3704.237,111.917,46233.510,18.986,164.877,2161,3091,1.770,1.820,1.100,1,0,3.997,0,0,25,288,6,54,0
17-01 01:14:42,25.857,3.013,70.543,0.753,0,5577280,168416,194108,2010128,9707.334,1867.761,176.734,964.005,42.175,31.129,1981,2966,1.770,1.820,1.100,2,0,1.004,0,0,25,287,6,54,0
17-01 01:14:43,19.423,2.988,75.450,0,0,5596032,149452,194112,2010336,9677.474,3577.757,3.984,314.747,0.996,3.984,1769,2678,1.620,1.790,1.090,0,0,4.980,0,0,25,288,6,54,0
17-01 01:14:44,24.768,3.002,70.803,0.250,0,5561500,193196,194312,2002504,12515.311,2697.007,144.107,1461.087,10.007,34.025,2009,2972,1.620,1.790,1.090,2,0,2.001,0,0,25,287,6,54,0
17-01 01:14:45,21.236,5.996,72.202,0.500,0,5556692,194532,194352,2006100,13400.143,2870.103,3281.831,271.820,36.976,3.997,9120,18290,1.620,1.790,1.090,0,0,11.992,0,0,25,290,6,54,0
17-01 01:14:46,23.528,4.756,70.332,0.250,0,5581736,168880,194420,2006608,13365.651,3477.072,216.253,564.661,12.014,12.014,9989,19600,1.620,1.790,1.090,1,0,13.015,0,0,25,292,6,54,0
17-01 01:14:47,24.982,4.247,70.698,0.250,0,5579344,169680,194544,2008156,8219.991,1734.732,15.988,991.275,0.999,33.975,2100,3230,1.620,1.790,1.090,2,0,8.993,0,0,25,292,6,54,0
17-01 01:14:48,20.323,12.796,65.484,0.251,0,5570240,188924,194552,1998008,9387.570,1746.245,2171.766,1003.589,20.072,43.154,3340,5562,1.570,1.770,1.090,1,0,268.962,0,0,25,291,6,52,0
17-01 01:14:49,28.747,2.500,67.744,0,0,5601776,157120,194552,1998276,7867.300,1693.849,0,95.991,0,10.999,2284,3615,1.570,1.770,1.090,1,0,0,0,0,25,291,6,52,0
17-01 01:14:50,23.667,7.972,66.267,0.249,0,5550420,209044,194568,1997692,5051.275,1506.713,27.902,2885.873,2.990,145.489,3221,6242,1.570,1.770,1.090,1,0,111.608,0,0,25,291,6,54,0
17-01 01:14:51,28.610,4.517,66.505,0.251,0,5589388,170072,194588,1997676,5044.350,1626.238,0,2079.979,0,349.340,4181,7904,1.570,1.770,1.090,2,0,2.008,0,0,25,295,6,54,0
17-01 01:14:52,25.160,6.477,67.507,0.249,0,5576588,182584,194596,1997956,10123.626,1614.200,31.885,199.284,1.993,18.932,2465,3642,1.570,1.770,1.090,4,0,69.749,0,0,25,296,6,54,0
17-01 01:14:53,26.078,5.266,67.201,0,0,5540792,218236,194612,1998084,8584.728,1699.092,0,361.082,0,35.105,4388,6648,1.530,1.760,1.090,2,0,57.171,0,0,25,295,6,55,0
17-01 01:14:54,24.230,4.746,71.191,0.250,0,5596700,162320,194624,1998080,10281.425,1692.588,0,223.813,0,21.982,2162,3848,1.530,1.760,1.090,1,0,0.999,0,0,25,295,6,54,0
17-01 01:14:55,23.270,4.754,71.060,0,0,5553024,205844,194624,1998232,7415.310,1695.443,0,16.014,0,3.003,2444,4288,1.530,1.760,1.090,3,0,32.027,0,0,25,295,6,56,0
17-01 01:14:56,25.972,3.247,70.425,0,0,5585776,173084,194632,1998232,10712.548,1456.443,0,355.620,0,26.971,2648,5234,1.530,1.760,1.090,4,0,0,0,0,25,295,6,55,1
17-01 01:14:57,25.496,3.499,70.739,0,0,5576048,182732,194640,1998304,8763.685,1693.746,31.995,243.963,1.000,21.997,2188,3516,1.530,1.760,1.090,3,0,47.993,0,0,25,295,6,55,0
17-01 01:14:58,23.704,4.491,70.364,0.250,0,5533988,224792,194640,1998304,4838.661,1616.879,0,203.607,0,14.971,2961,5403,1.490,1.750,1.090,1,0,31.938,0,0,25,295,6,52,0
17-01 01:14:59,24.750,4.000,71.750,0.250,0,5586452,172244,194640,1998388,4996.975,1713.991,0,151.999,0,10.000,2076,3399,1.490,1.750,1.090,1,0,0,0,0,25,295,6,52,0
17-01 01:15:00,22.083,13.551,62.988,0,0,5524712,233952,194684,1998252,9335.203,1626.132,0,1027.876,0,81.307,4899,10442,1.490,1.750,1.090,1,0,532.006,0,0,25,295,6,51,0
17-01 01:15:01,9.740,21.978,67.433,0,0,5539520,218952,194684,1998568,8614.454,1766.248,0,75.925,0,18.981,5044,8867,1.490,1.750,1.090,2,0,823.183,0,0,25,295,6,51,0
17-01 01:15:02,11.011,21.521,67.067,0.250,0,5549932,208476,194692,1998624,8063.015,1621.612,4.004,672.669,1.001,53.053,5407,9576,1.490,1.750,1.090,2,0,828.824,0,0,25,295,6,47,0
17-01 01:15:03,10.482,22.462,67.636,0,0,5558000,200248,194700,1998776,6920.339,1455.547,0,431.273,0,39.933,5140,9396,1.450,1.740,1.090,1,0,800.651,0,0,25,295,6,47,0
17-01 01:15:04,10.755,20.259,68.281,0.250,0,5556188,201316,194700,1999520,11569.206,1620.729,644.290,224.101,12.005,21.009,4928,8435,1.450,1.740,1.090,0,1,743.335,0,0,25,295,6,43,0
17-01 01:15:05,16.308,8.401,67.702,4.448,0,5572992,183408,194700,2010072,7078.523,1601.118,8017.450,15.814,723.468,1.977,6643,11438,1.450,1.740,1.090,0,2,68.196,0,0,25,295,6,43,0
17-01 01:15:06,24.809,5.316,69.363,2.025,0,5593520,149956,194700,2022992,5467.021,1640.410,4597.198,12.151,327.069,3.038,3830,6353,1.450,1.740,1.090,1,0,4.050,0,0,25,295,6,38,0
17-01 01:15:07,15.943,1.744,79.467,0.747,0,5603280,139372,194700,2023788,20693.270,8407.046,530.111,5388.800,27.901,122.563,1992,2796,1.450,1.740,1.090,1,0,0.996,0,0,25,296,6,38,0
17-01 01:15:08,12.755,1.751,82.534,1.251,0,5604940,136852,194740,2024608,27111.224,13496.588,664.275,1712.709,65.027,78.032,2249,3583,1.330,1.710,1.080,2,0,1.000,0,0,25,296,6,37,0
17-01 01:15:09,16.984,2.997,77.427,0.500,0,5616944,139892,194360,2010624,18976.049,9629.890,919.131,1102.957,50.952,53.949,2160,3393,1.330,1.710,1.080,0,0,0.999,0,0,25,296,6,37,0
17-01 01:15:10,18.022,2.503,78.347,1.502,0,5626832,145316,194020,1996484,23296.772,11282.934,660.816,1341.657,54.067,70.087,3638,3230,1.330,1.710,1.080,0,0,0,0,0,25,296,6,33,0
17-01 01:15:11,16.495,1.999,78.975,0.500,0.250,5640460,149408,193656,1979824,20025.672,9500.998,839.735,1131.642,49.984,41.987,1991,2878,1.330,1.710,1.080,1,0,0,0,0,25,296,6,33,0
17-01 01:15:12,18.796,4.010,74.434,2.256,0,5634340,169828,192804,1969416,16284.206,6471.979,15462.176,1587.921,199.493,77.191,2565,3657,1.330,1.710,1.080,1,0,1.002,0,0,25,296,6,33,0
17-01 01:15:13,24.191,3.242,70.328,0.499,0,5639372,145016,192940,1989076,8493.226,1616.047,0,1927.286,0,69.829,2067,3140,1.300,1.690,1.080,4,0,0,0,0,25,296,6,33,0
17-01 01:15:14,21.747,6.499,69.742,1.000,0,5651616,174416,192708,1948356,6526.217,1619.806,0,3155.621,0,127.985,3773,3549,1.300,1.690,1.080,1,1,0,0,0,25,296,6,33,0
17-01 01:15:15,22.003,4.250,70.758,0.750,0,5644728,153348,193008,1976060,9516.104,1620.188,0,3072.356,0,109.013,2109,3346,1.300,1.690,1.080,1,0,0,0,0,25,296,6,31,0
17-01 01:15:16,23.746,3.749,71.239,0.250,0,5554492,253764,193276,1964972,7311.874,1793.724,447.931,991.847,6.999,34.995,2022,2806,1.300,1.690,1.080,1,0,2.000,0,0,25,295,6,31,0
17-01 01:15:17,24.002,3.000,71.757,0,0,5600952,206084,193312,1966156,10538.075,3619.369,0,724.074,0,4.000,1874,2801,1.300,1.690,1.080,2,0,10.001,0,0,25,294,6,28,2
17-01 01:15:18,26.755,5.501,67.762,0.250,0,5609100,191968,193480,1971304,9128.579,1794.310,4.001,1412.244,1.000,27.005,1973,2865,1.300,1.690,1.080,1,0,5.001,0,0,25,293,6,28,2
17-01 01:15:19,19.022,4.005,76.089,0.250,0,5599620,194328,193900,1977136,15753.526,4722.554,0,1097.290,0,24.028,3330,5656,1.280,1.680,1.080,6,0,7.008,0,0,25,293,6,17,2
17-01 01:15:20,23.478,5.245,69.434,0,0.250,5603184,190080,193964,1977676,9869.575,1618.454,0,83.920,0,0.999,10293,20450,1.280,1.680,1.080,3,0,12.988,0,0,25,293,6,17,2
17-01 01:15:21,23.959,5.490,69.629,0,0,5594228,198860,194012,1977804,8094.988,1617.201,0,167.710,0,1.997,7761,15454,1.280,1.680,1.080,1,0,14.974,0,0,25,293,6,17,2
17-01 01:15:22,22.034,5.759,70.609,0.751,0,5563196,243304,194040,1965472,7176.058,1706.630,0,6297.705,0,421.650,3160,4071,1.280,1.680,1.080,2,0,51.079,0,0,25,293,6,17,2
17-01 01:15:23,27.088,4.766,66.968,0.251,0,5582092,223732,194060,1966128,9693.611,1516.947,0,778.539,0,29.095,10052,19720,1.280,1.680,1.080,1,0,12.039,0,0,25,293,6,16,2
17-01 01:15:24,19.931,3.488,74.740,0,0,5615512,184504,194096,1971516,14445.671,3813.713,0,964.639,0,30.892,1973,3080,1.260,1.670,1.080,1,0,3.986,0,0,25,293,6,16,2
17-01 01:15:25,22.745,2.999,73.484,0.250,0,5611540,187192,194108,1972532,13905.941,2871.368,31.993,407.910,2.000,10.998,2075,3180,1.260,1.670,1.080,0,0,7.998,0,0,25,296,6,15,2
17-01 01:15:26,23.827,5.769,69.976,0,0,5603516,188212,194180,1978664,11247.385,3476.246,0,1280.141,0,30.097,9771,19467,1.260,1.670,1.080,1,0,11.036,0,0,25,295,6,15,2
17-01 01:15:27,24.006,8.002,65.516,1.500,0,5608892,181416,194264,1979996,9644.286,1620.384,732.174,508.120,18.004,32.008,9969,19637,1.260,1.670,1.080,1,0,17.004,0,0,25,295,5,15,2
17-01 01:15:28,22.518,6.005,71.057,0,0,5562220,241944,194328,1967356,8760.991,1621.294,0,576.460,0,12.010,1783,2722,1.260,1.670,1.080,1,0,8.006,0,0,25,295,5,15,2
17-01 01:15:29,24.399,2.988,70.957,0,0,5540460,263732,194328,1967392,7589.685,1613.343,0,3.984,0,0.996,1745,2566,1.240,1.660,1.080,1,0,7.967,0,0,25,295,5,15,2
17-01 01:15:30,20.258,8.753,68.777,0,0,5558524,231876,194836,1979796,7291.873,1512.596,0,16.006,0,4.002,13904,27149,1.240,1.660,1.080,1,0,99.039,0,0,25,295,5,15,2
17-01 01:15:31,22.989,2.249,74.464,0,0,5579880,207016,195004,1982744,14350.997,2816.625,3.998,0,1.000,0,1696,2650,1.240,1.660,1.080,0,0,2.999,0,0,25,296,5,14,2
17-01 01:15:32,14.005,2.501,81.776,0.500,0,5589140,197692,195036,1982776,18998.155,10199.305,0,2552.827,0,61.020,2138,3336,1.240,1.660,1.080,0,0,0,0,0,25,296,5,15,2
17-01 01:15:33,10,1.750,86.750,0.250,0,5589332,197440,195068,1982804,21569,8679,4,1096,1,49,1813,2837,1.240,1.660,1.080,1,0,0,0,0,25,296,5,14,2
17-01 01:15:34,3.999,1.500,92.486,0.250,0,5589304,197188,195092,1983052,50645.606,7705.875,0,711.896,0,29.996,1659,2692,1.140,1.630,1.080,1,0,0,0,0,25,297,5,14,2
17-01 01:15:35,9.249,1.750,86.238,0.750,0,5603160,183104,195136,1983236,129396.531,11652.427,0,1323.821,0,56.992,1996,3135,1.140,1.630,1.080,1,0,1.000,0,0,25,299,5,14,2
17-01 01:15:36,20.054,1.504,78.461,0.251,0,5615440,170656,195160,1983344,16526.473,8242.180,0,717.932,0,26.070,1724,2629,1.140,1.630,1.080,1,0,0,0,0,25,299,5,14,2
17-01 01:15:37,15.455,1.745,80.767,0.499,0,5630392,155536,195212,1983424,58415.180,12132.936,0,965.211,0,34.899,1854,2894,1.140,1.630,1.080,0,0,0.997,0,0,25,299,5,14,2
17-01 01:15:38,12.801,2.008,83.330,1.255,0,5633508,151952,195336,1983852,292230.062,19004.181,28.111,25300.087,4.016,469.859,2899,3749,1.140,1.630,1.080,1,0,1.004,0,0,25,299,5,14,2
17-01 01:15:39,12.203,2.241,82.681,0.996,0.249,5636468,148228,195576,1984172,103934.437,16199.567,127.509,1824.967,9.962,89.654,2357,3499,1.040,1.600,1.070,0,0,0.996,0,0,25,299,5,14,2
17-01 01:15:40,14.998,3.750,80.740,0.250,0,5639404,135564,195644,1993812,1541270.130,29395.531,0,2367.721,0,33.996,2927,3562,1.040,1.600,1.070,0,0,6.999,0,0,25,299,5,14,2
17-01 01:15:41,9.755,4.252,82.039,1.501,0,5636112,146116,193984,1989348,5872264.070,51832.724,10096.816,7343.503,70.033,94.045,4336,4452,1.040,1.600,1.070,1,0,3.001,0,0,25,299,5,14,2
17-01 01:15:42,24.221,5.743,69.666,1.248,0,5654800,137008,194292,1980348,117365.692,2722.722,0,2405.104,0,99.880,3615,3806,1.040,1.600,1.070,1,0,0.999,0,0,25,299,5,14,2
17-01 01:15:43,23.612,5.024,70.586,0.754,0,5651168,160836,190584,1964464,9927.204,1519.224,0,11000.306,0,313.491,2313,3246,1.040,1.600,1.070,2,0,0,0,0,25,299,5,14,2
17-01 01:15:44,23.005,4.001,71.017,0.750,0,5663196,139360,191220,1973076,6986.656,1662.394,0,2700.640,0,96.023,1894,3283,1.040,1.590,1.070,2,0,0,0,0,25,299,5,14,2
17-01 01:15:45,21.491,11.245,66.472,0.750,0,5657832,140108,191148,1977968,6526.285,1619.326,0,186746.314,0,908.622,4112,4689,1.040,1.590,1.070,1,0,0,0,0,25,299,5,14,2
17-01 01:15:46,23.719,4.244,70.908,0.749,0,5659508,153764,191664,1964420,8572.890,1563.973,0,2049.344,0,35.953,1954,3032,1.040,1.590,1.070,1,0,0,0,0,25,299,5,14,2
17-01 01:15:47,22.453,5.738,69.605,0.998,0,5656520,158460,192460,1962200,9934.366,2670.453,3.992,2933.906,0.998,102.787,4721,3479,1.040,1.590,1.070,0,0,0.998,0,0,25,300,5,14,2
17-01 01:15:48,22.747,5.249,70.242,0,0,5590540,255780,192464,1931024,13225.426,3165.623,1559.814,827.901,16.998,19.998,3569,2865,1.040,1.590,1.070,2,0,5.999,0,0,25,297,5,14,2
17-01 01:15:49,23.750,4.500,72.499,0.250,0,5611884,230608,192480,1934872,14616.839,3706.959,2855.969,599.993,27.000,22.000,2406,3507,1.040,1.580,1.070,1,0,7.000,0,0,25,298,5,14,2
17-01 01:15:50,28.101,5.018,66.991,0,0,5608340,228444,192704,1939760,7463.877,1808.512,0,15865.130,0,128.463,2373,3188,1.040,1.580,1.070,1,0,3.011,0,0,25,297,5,14,2
17-01 01:15:51,20.248,2.000,76.241,0.250,0,5596640,232916,193276,1945584,17219.071,4782.464,0,1043.883,0,18.998,1881,2772,1.040,1.580,1.070,1,0,4.999,0,0,25,297,5,12,2
17-01 01:15:52,25.411,7.225,65.769,0,0,5581124,247708,193324,1946228,19481.484,5366.127,0,2511.168,0,42.849,10096,19643,1.040,1.580,1.070,1,0,11.958,0,0,25,297,5,12,2
17-01 01:15:53,26.342,5.018,67.988,0,0,5595564,233136,193372,1946248,7356.756,1625.692,0,1661.818,0,199.699,9881,19314,1.040,1.580,1.070,1,0,14.049,0,0,25,297,5,12,2
17-01 01:15:54,25.906,5.978,66.261,0.249,0,5597268,231148,193416,1946488,12148.109,1560.362,0,422.474,0,16.939,3427,6416,1.030,1.570,1.070,3,0,8.968,0,0,25,297,5,12,2
17-01 01:15:55,25.008,5.002,68.023,1.000,0,5584692,255140,193584,1936060,9617.222,1620.543,1180.395,216.072,152.051,11.004,2597,3790,1.030,1.570,1.070,2,0,6.002,0,0,25,297,5,11,2
17-01 01:15:56,26.280,6.257,65.824,1.502,0,5597224,239548,193844,1938776,4739.351,1621.831,1633.845,2634.975,187.211,60.068,4753,8350,1.030,1.570,1.070,1,0,3.003,0,0,25,298,5,12,2
17-01 01:15:57,27.222,1.998,68.429,0.250,0,5599680,236400,193912,1939404,8929.704,1552.384,383.601,707.264,27.971,91.904,4921,9371,1.030,1.570,1.070,3,0,0.999,0,0,25,305,5,15,2
17-01 01:15:58,27.838,4.514,66.962,1.505,0,5601568,233136,194124,1940552,7079.442,1625.152,866.748,5629.847,62.197,432.371,5114,9734,1.030,1.570,1.070,1,0,2.006,0,0,25,305,5,15,2
17-01 01:15:59,27.759,3.001,68.272,1.250,0,5610316,223084,194260,1941720,11024.561,1714.554,1064.344,1484.479,80.026,182.059,4408,8793,1.030,1.560,1.070,1,0,2.001,0,0,25,308,5,15,2
17-01 01:16:00,18.235,16.486,64.947,0.500,0,5564092,266312,194280,1944708,7082.178,1692.609,2797.700,759.376,34.971,53.956,4483,9064,1.030,1.560,1.070,2,0,464.618,0,0,25,309,5,14,2
17-01 01:16:01,11.509,5.254,70.804,11.759,0,5542428,245432,195492,1986028,6235.764,1567.197,42532.495,892.682,3320.537,19.015,6909,9684,1.030,1.560,1.070,1,0,18.014,0,0,25,307,5,15,2
17-01 01:16:02,9.712,2.988,84.167,2.490,0,5540676,240924,195536,1992244,14249.685,3234.218,6147.704,3235.214,488.071,147.417,3352,4872,1.030,1.560,1.070,0,0,5.976,0,0,25,308,5,14,2
17-01 01:16:03,3.250,1.500,93.241,0.500,0,5541600,237144,195536,1995100,47309.222,5810.413,2791.718,19.998,128.987,4.000,1776,2774,1.030,1.560,1.070,0,0,0,0,0,25,308,5,14,2
17-01 01:16:04,5.251,2.250,89.517,0.750,0,5537840,233700,195788,2002052,148740.963,120230.603,6909.299,656.123,351.066,9.002,2326,3168,0.950,1.540,1.060,0,0,12.002,0,0,25,307,5,13,3
17-01 01:16:05,3.999,1.250,93.485,0.250,0,5537760,233700,195808,2002048,7077.875,1739.723,0,631.900,0,30.995,1716,2952,0.950,1.540,1.060,0,0,0,0,0,25,307,5,13,2
17-01 01:16:06,3.500,1.750,93.510,0,0,5537756,233700,195828,2002032,8503.893,1694.178,0,336.035,0,33.003,1633,2713,0.950,1.540,1.060,0,0,0,0,0,25,307,5,13,2
17-01 01:16:07,2.751,0.250,95.018,0.250,0,5537704,233700,195828,2002084,7182.336,1662.309,0,40.007,0,6.001,1491,2501,0.950,1.540,1.060,0,0,1.000,0,0,25,307,5,13,2
17-01 01:16:08,5.003,1.501,92.550,0.750,0,5537704,233700,195852,2002060,6652.559,1620.867,0,388.208,0,45.024,1824,3253,0.950,1.540,1.060,1,0,1.001,0,0,25,307,5,13,2
17-01 01:16:09,3.497,1.249,93.928,0,0,5537676,233700,195852,2002088,4853.292,1564.804,0,295.774,0,14.989,1604,2968,1.030,1.550,1.070,0,0,0.999,0,0,25,307,5,13,2
17-01 01:16:10,3.500,1.500,93.501,0.250,0,5537664,233700,195872,2002080,9345.103,1512.017,0,304.003,0,37.000,1775,3075,1.030,1.550,1.070,0,0,0,0,0,25,307,5,13,2
17-01 01:16:11,2.502,0.500,95.058,0,0,5537644,233700,195872,2002100,10577.452,1620.989,0,148.090,0,9.005,1399,2420,1.030,1.550,1.070,0,0,0,0,0,25,307,5,13,2
17-01 01:16:12,4.002,1.251,92.540,0.500,0,5537644,233700,195892,2002080,9067.926,1620.702,0,824.357,0,80.035,1953,3324,1.030,1.550,1.070,1,0,0,0,0,25,307,5,13,2
17-01 01:16:13,3.249,0.750,93.959,0,0,5537616,233700,195892,2002108,7351.780,1619.291,0,3.998,0,1.000,1440,2475,1.030,1.550,1.070,0,0,0,0,0,25,307,5,13,2
17-01 01:16:14,2.499,1.249,94.710,0,0,5537616,233700,195892,2002108,9745.916,1619.322,0,0,0,0,1449,2393,1.030,1.540,1.070,0,0,0,0,0,25,307,5,13,2
17-01 01:16:15,2.500,0.500,94.256,0.250,0,5537612,233700,195896,2002108,7803.531,1620.110,0,296.020,0,21.001,1491,2502,1.030,1.540,1.070,1,0,0,0,0,25,307,5,13,2
17-01 01:16:16,2.749,1.500,94.723,0,0,5537484,233700,195900,2002232,7180.989,1531.571,0,75.979,0,9.997,1402,2465,1.030,1.540,1.070,0,0,0,0,0,25,307,5,13,2
17-01 01:16:17,3.000,0.750,94.262,0,0,5537476,233700,195900,2002240,4260.524,1694.208,0,0,0,0,1398,2518,1.030,1.540,1.070,0,0,3.000,0,0,25,307,5,13,2
17-01 01:16:18,4.751,2.000,91.520,0,0,5528820,242352,195904,2002240,9721.109,1620.352,0,132.029,0,16.003,1515,2532,1.030,1.540,1.070,0,0,0,0,0,25,307,5,13,1
17-01 01:16:19,4.007,3.005,93.159,0.250,0,5528988,242444,195904,2002252,7359.541,1696.892,0,72295.191,0,268.457,2295,3444,0.950,1.510,1.060,0,0,0,0,0,25,307,5,13,1
17-01 01:16:20,2.994,2.495,92.304,0.249,0,5527196,244260,195908,2002260,9418.975,1616.563,0,594.736,0,27.941,1749,2959,0.950,1.510,1.060,0,0,0,0,0,25,307,5,13,1
17-01 01:16:21,2.251,1.501,95.042,0,0,5528252,243200,195908,2002264,8216.665,1620.723,0,28.012,0,4.002,1409,2321,0.950,1.510,1.060,0,0,0,0,0,25,307,5,13,1
17-01 01:16:22,4.752,1.501,93.793,0,0,5528300,243152,195912,2002260,8824.041,1512.693,0,252.115,0,23.011,1637,2791,0.950,1.510,1.060,0,0,0,0,0,25,307,5,13,1
17-01 01:16:23,2.997,0.999,93.165,0.250,0,5528284,243152,195924,2002264,8320.445,1638.512,7.993,267.757,1.998,36.966,1798,3113,0.950,1.510,1.060,0,0,0.999,0,0,25,307,5,14,1
17-01 01:16:24,3.010,1.254,93.815,0.753,0,5528936,242648,195932,2002280,6164.720,1699.713,0,10467.180,0,645.168,2279,3135,0.870,1.480,1.060,0,0,1.003,0,0,25,307,5,13,1
17-01 01:16:25,2.742,0.997,94.457,0,0,5528932,242648,195932,2002288,10827.457,1688.768,0,0,0,0,1501,2493,0.870,1.480,1.060,0,0,0,0,0,25,307,5,13,1
17-01 01:16:26,2.750,1.500,95.255,0.250,0,5528932,242648,195936,2002284,9862.483,1620.079,0,256.013,0,17.001,1446,2470,0.870,1.480,1.060,0,0,0,0,0,25,307,5,13,1
17-01 01:16:27,3.754,0.500,94.338,0.250,0,5529432,242144,195936,2002288,5497.134,1737.623,0,28.026,0,4.004,1413,2450,0.870,1.480,1.060,2,0,1.001,0,0,25,307,5,13,1
17-01 01:16:28,2.747,0.500,94.905,0,0,5529432,242144,195936,2002288,14711.303,1660.341,0,0,0,0,1394,2425,0.870,1.480,1.060,2,0,0,0,0,25,307,5,13,1
17-01 01:16:29,2.500,1.250,94.744,0,0,5529684,241892,195936,2002288,8196.500,1457.911,0,2495.848,0,34.998,1463,2487,0.880,1.480,1.060,1,0,0,0,0,25,307,5,13,1
17-01 01:16:30,3.000,0.750,94.515,0,0,5529640,241768,195944,2002448,13654.116,1620.251,16.002,668.104,1.000,34.005,1711,2910,0.880,1.480,1.060,0,0,0,0,0,25,307,5,13,1
17-01 01:16:31,3.249,0.750,94.734,0,0,5529632,241768,195944,2002456,10103.242,1767.692,0,27.995,0,3.999,1440,2374,0.880,1.480,1.060,0,0,0,0,0,25,307,5,13,1
17-01 01:16:32,4.250,1.250,93.242,0.250,0,5529628,241768,195964,2002440,6446.458,1619.864,0,291.975,0,23.998,1719,2949,0.880,1.480,1.060,0,0,0,0,0,25,307,5,13,1
17-01 01:16:33,2.750,1.250,94.257,0,0,5529596,241768,195976,2002460,8794.668,1620.123,0,84.006,0,11.001,1496,2591,0.880,1.480,1.060,0,0,0,0,0,25,307,5,13,1
17-01 01:16:34,3.500,1.000,94.009,0,0,5529592,241768,195992,2002448,11220.066,1620.154,0,540.051,0,16.002,1512,2652,1.050,1.500,1.070,0,0,0,0,0,25,307,5,13,1
17-01 01:16:35,2.500,0.500,95.242,0,0,5529580,241768,195992,2002460,6493.422,0,0,0,0,0,1344,2384,1.050,1.500,1.070,0,0,0,0,0,25,307,5,13,1
17-01 01:16:36,14.500,5.750,78.998,0,0.250,5553340,217400,196004,2003056,344078.366,10721.700,683.981,12.000,21.999,3.000,2172,2965,1.050,1.500,1.070,0,0,33.999,0,0,25,307,5,13,1
17-01 01:16:37,13.794,7.524,77.749,0.502,0,5550348,214256,196008,2009188,236776.157,4265.659,963.084,168.540,70.225,4.013,2181,3146,1.050,1.500,1.070,1,0,40.128,0,0,25,307,5,13,1
