"pcp-dstat 5.3.6 CSV Output"
"Author:","PCP team <pcp@groups.io> and Dag Wieers <dag@wieers.com>",,,,"URL:","https://pcp.io/ and http://dag.wieers.com/home-made/dstat/"
"Host:","ubuntu",,,,"User:","ubuntu"
"Cmdline:","dstat -tcmndrylpg --tcp --output /tmp/devstack_logs/dstat-csv.log",,,,"Date:","06 Nov 2025 11:07:08 UTC"
"system","total usage",,,,,"memory usage",,,,"net/total",,"dsk/total",,"io/total",,"system",,"load avg",,,"procs",,,"paging",,"tcp sockets",,,,
"time","total usage:usr","total usage:sys","total usage:idl","total usage:wai","total usage:stl","used","free","buf","cach","net/total:recv","net/total:send","dsk/total:read","dsk/total:writ","read","writ","int","csw","1m","5m","15m","run","blk","new","in","out","lis","act","syn","tim","clo"
06-11 11:07:08,,978948,500368,176808,6105464,,,,,,,1.430,1.020,0.590,4,0,,,,9,5,6,11,0
06-11 11:07:09,10.506,20.262,67.792,0,0,992240,486740,176864,6105660,35594.855,7763.767,0,776.477,0,34.021,2833,4212,1.320,1,0.590,2,0,320.197,0,0,9,6,6,11,0
06-11 11:07:10,23.037,19.782,55.840,0.250,0,1014796,463720,176956,6105972,27584.632,13958.585,0,1778.878,0,57.092,2980,4727,1.320,1,0.590,3,0,398.645,0,0,9,6,6,11,0
06-11 11:07:11,29.470,16.983,51.947,0.499,0,1020076,458164,177040,6106328,44456.055,13173.681,0,1658.323,0,53.945,4140,8447,1.320,1,0.590,11,0,288.708,0,0,9,6,6,11,0
06-11 11:07:12,28.196,15.470,56.391,0.499,0,1161072,316476,177168,6231396,62156.039,14383.240,0,1644.825,0,53.896,4075,7226,1.320,1,0.590,2,0,121.765,0,0,10,6,6,11,2
06-11 11:07:13,29.285,14.017,54.315,0.751,0,1163356,290664,177796,6252464,413253.491,12542.038,80.096,2755.304,1.001,84.101,2559,3297,1.320,1,0.590,1,0,186.223,0,0,10,8,6,11,2
06-11 11:07:14,42.044,8.759,49.301,0.501,0,1258200,172500,178600,6271900,5526.731,1621.682,0,4668.842,0,116.120,2089,2851,1.370,1.020,0.590,2,0,30.031,0,0,10,6,6,12,2
06-11 11:07:15,40.215,6.744,48.707,4.746,0,1273072,129988,180156,6294448,8824.279,1604.596,0,18671.662,0,980.142,5911,9382,1.370,1.020,0.590,2,0,9.991,0,0,10,8,6,12,2
06-11 11:07:16,32.526,9.258,45.787,11.509,0,1268956,130216,181884,6294524,8057.551,1695.378,0,59868.673,0,4580.724,15052,29562,1.370,1.020,0.590,4,1,49.040,0,0,10,8,6,12,2
06-11 11:07:17,36.983,9.496,49.477,3.498,0,1114900,298296,182268,6280136,15969.526,4220.025,171.920,26111.780,5.997,1724.193,7293,11557,1.370,1.020,0.590,2,0,91.957,0,0,10,4,6,12,0
06-11 11:07:18,41.735,4.498,53.731,0.250,0,1229064,183924,182272,6280336,12124.659,3779.647,63.977,863.691,11.996,24.991,1257,1255,1.370,1.020,0.590,2,0,6.997,0,0,10,5,6,12,0
06-11 11:07:19,45.003,6.250,49.253,0,0,1167928,237564,182608,6286660,8731.568,1794.117,0,6196.403,0,283.018,2068,2401,1.420,1.040,0.600,2,0,13.001,0,0,10,4,6,12,0
06-11 11:07:20,41.752,3.500,54.253,0.250,0,1204900,192944,183192,6292488,13269.717,4589.248,0,1240.067,0,50.003,1467,1609,1.420,1.040,0.600,2,0,6.000,0,0,10,4,6,12,0
06-11 11:07:21,34.017,23.011,41.270,0.250,0,1138464,258064,183268,6293400,4889.386,1620.791,232.113,146959.716,18.009,394.192,12572,23492,1.420,1.040,0.600,2,0,338.165,0,0,10,4,6,12,0
06-11 11:07:22,30.474,24.979,42.714,0,0,1149396,246780,183316,6294064,6212.738,1734.531,99.915,227.807,2.997,14.987,9961,20946,1.420,1.040,0.600,17,0,442.625,0,0,10,4,6,12,0
06-11 11:07:23,53.023,17.257,30.013,0.250,0,1181856,227316,183340,6282356,7927.401,1694.727,852.366,4305.847,25.011,21.009,3380,8147,1.420,1.040,0.600,3,0,182.078,0,0,10,5,6,12,0
06-11 11:07:24,58.252,5.000,37.001,0,0,1236532,172276,183360,6282704,9550.363,1586.060,0,192.007,0,2.000,1441,1455,1.470,1.050,0.610,2,0,50.002,0,0,10,5,6,12,0
06-11 11:07:25,29.750,12.250,56.501,0,0,1262416,143628,183416,6285384,8661.121,1620.023,0,224.003,0,25.000,3491,8307,1.470,1.050,0.610,1,0,114.002,0,0,10,4,6,13,0
06-11 11:07:26,0.998,1.247,97.030,0,0,1262296,143628,183416,6285504,9850.659,1690.167,0,3268.587,0,111.747,848,1004,1.470,1.050,0.610,0,0,3.991,0,0,10,4,6,13,0
06-11 11:07:27,18.761,7.004,73.795,0.250,0,1296140,136444,181772,6260488,10172.144,1566.946,140.085,27940.876,2.001,318.192,2318,2014,1.470,1.050,0.610,1,0,21.013,0,0,10,4,6,13,0
06-11 11:07:28,24.238,2.499,73.463,0.500,0,1336156,134004,181536,6223396,7358.291,1619.184,39.980,703.645,8.995,57.971,1438,1253,1.470,1.050,0.610,1,0,0,0,0,10,6,6,13,0
06-11 11:07:29,20.510,6.503,70.536,1.751,0,1287116,187344,181548,6219148,5351.724,1620.825,392.200,3705.886,25.013,331.169,3581,5845,1.430,1.050,0.610,1,0,43.022,0,0,10,4,6,15,0
06-11 11:07:30,23.268,2.502,73.057,0.250,0,1330964,142616,181812,6219812,8245.382,1769.369,656.508,1529.184,53.041,17.013,1638,2414,1.430,1.050,0.610,1,1,2.002,0,0,10,16,6,15,0
06-11 11:07:31,21.473,4.744,72.659,0.250,0,1303056,170288,181812,6220036,8038.975,1510.117,155.806,0,37.953,0,1459,1984,1.430,1.050,0.610,1,0,44.944,0,0,10,28,6,15,0
06-11 11:07:32,22.007,4.001,73.522,0,0,1269860,203480,181812,6220040,5837.781,1662.507,0,0,0,0,1383,1931,1.430,1.050,0.610,1,0,26.008,0,0,10,28,6,15,0
06-11 11:07:33,41.078,8.767,50.095,0.501,0,1393092,122464,181532,6178608,10042.130,1623.092,609.160,2240.268,13.025,310.592,2227,2345,1.430,1.050,0.610,3,0,130.248,0,0,10,29,6,15,0
06-11 11:07:34,45.969,14.740,38.225,0.500,0,1337136,193144,181524,6163984,6726.534,1618.925,967.358,1167.225,29.980,56.962,4658,9753,1.480,1.070,0.620,4,0,341.773,0,0,10,28,6,17,0
06-11 11:07:35,79.562,19.265,1.251,0,0.250,1564816,133668,180844,5999548,9877.724,1567.226,1629.274,1609.258,57.045,248.194,2763,4181,1.480,1.070,0.620,6,0,236.185,0,0,10,28,6,17,0
06-11 11:07:36,82.582,11.762,5.005,0,0.250,1487624,270860,180872,5940924,8357.299,1513.503,976.970,2282.266,55.055,360.358,5788,12265,1.480,1.070,0.620,5,0,147.146,0,0,10,28,6,17,0
06-11 11:07:37,33.204,9.487,55.672,0.250,0,1332512,425904,180876,5940988,5814.859,1617.735,0,363.491,0,33.952,3020,5887,1.480,1.070,0.620,1,0,162.772,0,0,10,28,6,17,0
06-11 11:07:38,23.711,2.246,73.381,0,0,1378104,380292,180884,5940996,8165.731,1605.391,3.994,175.714,0.998,16.972,1396,2606,1.480,1.070,0.620,1,0,0,0,0,10,29,6,17,0
06-11 11:07:39,20.241,5.497,73.217,0,0,1367032,391348,180884,5941012,6112.213,1585.277,0,143.934,0,10.995,1542,2129,1.440,1.070,0.620,2,0,67.969,0,0,10,28,6,17,0
06-11 11:07:40,19.046,9.022,70.920,0.251,0,1316624,441740,180888,5941024,8808.060,1698.060,196.470,336.805,6.014,27.065,2725,4629,1.440,1.070,0.620,2,0,238.570,0,0,10,28,6,17,0
06-11 11:07:41,30.249,25.249,43.249,0,0,1392624,365236,180892,5941524,6930.813,1565.958,207.994,255.993,2.000,19.999,3257,5613,1.440,1.070,0.620,5,0,781.979,0,0,10,28,6,17,0
06-11 11:07:42,87.508,10.251,2.500,0,0,1620788,136952,180892,5941644,9889.910,1512.139,0,816.075,0,53.005,2894,5216,1.440,1.070,0.620,4,0,19.002,0,0,10,31,6,17,0
06-11 11:07:43,76.575,14.014,9.760,0,0,1440004,317312,180908,5942052,11962.676,1621.583,0,580.567,0,65.064,6661,15432,1.440,1.070,0.620,6,0,234.229,0,0,10,29,6,22,0
06-11 11:07:44,82.978,13.456,2.990,0,0,1588572,168572,180916,5942216,6983.123,1560.887,0,295.033,0,21.928,3230,6244,1.880,1.170,0.660,6,0,75.752,0,0,10,30,6,22,0
06-11 11:07:45,79.093,12.515,7.759,0,0.250,1567848,189008,180916,5942504,5149.066,1513.783,92.109,188.222,4.005,11.013,3663,11142,1.880,1.170,0.660,4,0,106.125,0,0,10,30,6,23,0
06-11 11:07:46,54.928,13.482,30.460,0.250,0.250,1397348,359228,180920,5942772,8321.091,1617.879,0,475.377,0,34.954,3638,9013,1.880,1.170,0.660,2,0,197.741,0,0,10,28,6,23,0
06-11 11:07:47,44.381,13.791,42.125,0,0,1315540,441008,180932,5942788,8043.802,1644.867,0,316.938,0,28.083,3557,8286,1.880,1.170,0.660,4,0,302.896,0,0,10,28,6,23,0
06-11 11:07:48,63.959,11.243,24.234,0,0,1501356,255124,180932,5942856,8672.441,1584.984,0,191.877,0,8.994,2200,4111,1.880,1.170,0.660,3,0,75.951,0,0,10,30,6,24,0
06-11 11:07:49,66.745,14.749,17.749,0.250,0,1436132,320072,180944,5943120,9583.262,1619.875,0,499.962,0,45.996,4584,10885,2.050,1.210,0.680,4,0,257.980,0,0,10,28,6,27,0
06-11 11:07:50,78.635,8.958,12.691,0,0,1570224,185784,180944,5943312,9268.992,1612.518,0,250.836,0,20.903,2257,9755,2.050,1.210,0.680,6,0,0.995,0,0,10,30,6,27,0
06-11 11:07:51,63.363,15.086,21.121,0,0,1454352,301600,180944,5943368,9844.399,1629.334,0,418.397,0,30.173,2587,6423,2.050,1.210,0.680,3,0,325.867,0,0,10,28,6,27,0
06-11 11:07:52,60.434,12.986,26.721,0,0,1374388,381300,180952,5943624,7442.835,1618.225,0,439.518,0,34.962,4760,11413,2.050,1.210,0.680,4,0,205.774,0,0,10,28,6,28,0
06-11 11:07:53,65.754,10.751,24.002,0,0,1504872,250632,180956,5943804,6992.468,1620.109,4.000,288.019,1.000,24.002,2194,3370,2.050,1.210,0.680,4,0,93.006,0,0,10,29,6,28,0
06-11 11:07:54,61.559,15.515,21.771,0.250,0,1411400,344032,180956,5943876,8412.042,1459.395,0,348.333,0,28.027,4512,9612,2.290,1.280,0.700,5,0,287.275,0,0,10,28,6,30,0
06-11 11:07:55,62.831,7.231,28.922,0,0,1439040,315736,180956,5944532,7949.616,1689.455,0,275.260,0,21.941,4844,9323,2.290,1.280,0.700,4,0,12.965,0,0,10,29,6,31,0
06-11 11:07:56,63.672,11.280,24.566,0.251,0,1490732,263332,180956,5945244,8452.789,1718.633,569.535,304.822,5.014,24.065,2237,2940,2.290,1.280,0.700,5,0,99.268,0,0,10,28,5,31,0
06-11 11:07:57,62.754,16.501,20.251,0,0,1380540,373428,180968,5945324,6516.430,1620.107,0,576.038,0,54.004,4575,11885,2.290,1.280,0.700,6,0,388.026,0,0,10,28,5,32,0
06-11 11:07:58,85.903,11.987,1.748,0,0,1596704,157020,180972,5945560,7985.025,1618.181,0,427.519,0,34.961,3073,5328,2.290,1.280,0.700,8,0,127.856,0,0,10,29,5,31,0
06-11 11:07:59,81.339,17.519,1.752,0,0,1506240,247292,180976,5945748,9783.733,1621.779,0,416.457,0,27.030,4611,8118,2.670,1.370,0.730,8,0,273.300,0,0,10,28,5,31,0
06-11 11:08:00,81.493,13.999,3.750,0.250,0,1601672,150564,180976,5947040,5105.561,1661.857,1063.909,2423.792,10.999,148.987,4053,7907,2.670,1.370,0.730,9,0,210.982,0,0,10,29,5,28,0
06-11 11:08:01,73.661,18.727,5.743,0,0,1431032,321032,180976,5947212,7948.414,1456.244,0,167.798,0,8.989,4226,10653,2.670,1.370,0.730,5,0,434.476,0,0,10,28,5,28,0
06-11 11:08:02,46.225,25.736,28.734,0,0,1309776,442156,180980,5947196,7734.746,1619.109,7.996,167.908,0.999,9.995,6743,14774,2.670,1.370,0.730,1,0,773.575,0,0,10,28,5,29,0
06-11 11:08:03,9.233,21.960,68.626,0,0,1314584,437324,180980,5947368,4427.000,1617.078,0,151.726,0,6.987,2418,3130,2.670,1.370,0.730,1,0,317.426,0,0,10,28,5,29,0
06-11 11:08:04,35.340,29.903,33.858,0,0,1416296,335532,180984,5947444,11359.345,1674.591,3.954,292.609,0.989,28.668,3451,6561,2.850,1.430,0.760,5,0,868.929,0,0,10,28,5,26,0
06-11 11:08:05,80.145,16.993,2.536,0,0,1608352,143284,180992,5947628,10072.922,1718.555,4.058,677.683,1.014,42.609,3733,7733,2.850,1.430,0.760,6,0,251.595,0,0,10,29,5,27,0
06-11 11:08:06,74.579,22.524,2.503,0,0,1442264,309288,181000,5947704,10165.786,1621.721,0,652.693,0,51.054,3990,10247,2.850,1.430,0.760,5,1,538.571,0,0,10,28,5,27,0
06-11 11:08:07,86.501,12.750,1.000,0,0,1586988,164220,181028,5948020,10007.150,1532.023,168.003,6940.104,14.000,185.003,3582,5123,2.850,1.430,0.760,6,0,72.001,0,0,10,28,5,27,0
06-11 11:08:08,79.653,13.733,5.244,0,0,1693560,125544,181028,5881496,13676.288,4529.465,23.971,2656.753,4.994,422.484,5904,14797,2.850,1.430,0.760,5,0,11.985,0,0,10,33,5,27,0
06-11 11:08:09,86.255,10.221,3.241,0,0,1610676,224320,181140,5865228,9596.688,1788.909,3.989,2002.301,0.997,164.532,5307,14077,3.110,1.510,0.780,6,0,61.824,0,0,10,29,5,27,0
06-11 11:08:10,85.761,13.541,0.502,0,0,1571720,261708,181192,5866592,12569.299,1462.456,0,850.592,0,29.089,4037,8204,3.110,1.510,0.780,6,0,134.410,0,0,10,29,5,27,0
06-11 11:08:11,82.582,13.263,3.754,0,0,1615092,217860,181192,5866948,7046.032,1695.692,0,804.803,0,12.012,10985,28112,3.110,1.510,0.780,6,0,60.060,0,0,10,30,5,28,0
06-11 11:08:12,86.168,9.241,4.496,0,0,1601108,230988,181244,5867752,138975.001,9254.144,0,1806.271,0,37.964,4183,16957,3.110,1.510,0.780,6,0,25.975,0,0,10,32,5,28,0
06-11 11:08:13,79.997,14.703,4.735,0,0,1545552,285404,181344,5868688,510407.581,12482.518,0,1726.539,0,64.795,4456,11967,3.110,1.510,0.780,7,0,211.332,0,0,10,31,5,28,0
06-11 11:08:14,84.939,12.027,2.756,0,0,1664508,165980,181620,5868828,79380.940,10812.100,132.295,1771.950,4.009,85.190,3427,6694,3.340,1.580,0.810,7,0,30.067,0,0,10,32,6,26,0
06-11 11:08:15,80.570,11.474,7.982,0,0,1617812,212100,181704,5869240,25005.064,6780.831,0,1069.607,0,56.873,6015,16233,3.340,1.580,0.810,7,0,67.848,0,0,10,32,6,28,0
06-11 11:08:16,81.244,15.045,2.758,0,0,1574744,254420,181796,5869816,56576.673,5056.163,0,822.467,0,33.099,4228,9314,3.340,1.580,0.810,8,0,182.547,0,0,10,31,6,28,0
06-11 11:08:17,82.747,15.250,1.750,0,0,1617516,210252,181812,5871192,14175.546,3822.878,4.000,491.984,1.000,37.999,4231,8865,3.340,1.580,0.810,7,0,136.996,0,0,10,32,6,28,0
06-11 11:08:18,83.244,11.714,3.988,0,0,1621872,200396,182236,5875436,9926.486,1788.502,0,817.487,0,14.954,5139,10104,3.340,1.580,0.810,7,0,50.844,0,0,10,33,6,30,0
06-11 11:08:19,80.997,12.538,6.018,0,0,1444688,375576,182380,5877096,9287.336,2210.745,0,1195.648,0,41.125,6581,15493,3.470,1.640,0.840,6,0,183.560,0,0,10,30,6,31,0
06-11 11:08:20,84.253,14.251,2.000,0,0,1601188,218896,182460,5877136,22909.916,6758.270,0,960.038,0,47.002,3349,4965,3.470,1.640,0.840,6,0,43.002,0,0,10,32,6,31,0
06-11 11:08:21,76.028,11.965,10.469,0,0,1629852,189408,182588,5877700,28573.736,8372.602,0,1427.839,0,79.768,5555,16781,3.470,1.640,0.840,5,0,39.884,0,0,10,33,6,32,0
06-11 11:08:22,79.054,15.560,5.019,0.251,0,1512820,305960,182684,5878004,23191.147,6653.576,8.031,1401.387,2.008,89.343,5132,11486,3.470,1.640,0.840,5,0,241.930,0,0,10,30,6,32,0
06-11 11:08:23,75.625,12.230,10.982,0.250,0,1580324,237932,182788,5878360,25290.145,8115.569,0,1321.812,0,66.889,5042,10135,3.470,1.640,0.840,5,0,95.841,0,0,10,33,6,33,0
06-11 11:08:24,80.531,11.504,8.003,0,0,1521280,296536,182864,5878644,16249.207,3748.432,0,1736.663,0,26.010,3633,9752,3.510,1.680,0.850,5,0,99.038,0,0,10,31,6,33,0
06-11 11:08:25,84.268,12.753,3.001,0,0,1543256,267764,183360,5884188,13963.044,2629.573,0,1160.253,0,40.009,3910,7464,3.510,1.680,0.850,7,0,146.032,0,0,10,31,6,33,0
06-11 11:08:26,78.257,11.501,10.251,0,0,1537952,271192,183508,5885664,9455.879,2354.219,0,864.080,0,29.003,5145,11045,3.510,1.680,0.850,3,0,122.011,0,0,10,31,6,33,0
06-11 11:08:27,63.496,10.249,25.998,0,0,1519180,289332,183596,5886036,24781.290,6612.544,0,1083.925,0,57.996,3845,9040,3.510,1.680,0.850,3,0,72.995,0,0,10,30,6,32,0
06-11 11:08:28,73.760,10.001,15.752,0,0,1604836,203140,183716,5886420,54899.247,4976.657,0,800.106,0,36.005,3521,9181,3.510,1.680,0.850,5,0,38.005,0,0,10,33,6,32,0
06-11 11:08:29,79.822,11.510,8.508,0.500,0.250,1504464,296328,184228,5892172,13260.988,3559.218,0,6914.250,0,213.193,3209,6518,3.550,1.720,0.870,5,0,171.155,0,0,10,30,6,32,0
06-11 11:08:30,75.749,9.250,14.250,0,0,1541512,257164,184432,5893764,35082.404,3282.944,0,1035.982,0,39.999,4258,9443,3.550,1.720,0.870,5,0,46.999,0,0,10,33,6,35,0
06-11 11:08:31,80.919,9.990,8.991,0,0,1579240,218356,184452,5894800,9944.056,3703.297,0,411.588,0,24.975,2460,4138,3.550,1.720,0.870,5,0,80.919,0,0,10,36,6,33,0
06-11 11:08:32,76.333,12.514,9.510,0.250,0,1513028,276904,185080,5900684,6210.732,2564.780,0,1805.958,0,61.066,4476,9780,3.550,1.720,0.870,4,0,126.137,0,0,10,34,6,33,0
06-11 11:08:33,70.488,12.248,17.497,0.250,0,1556648,231404,185272,5902252,594759.270,15950.352,0,1883.687,0,99.983,4524,8306,3.550,1.720,0.870,5,0,145.976,0,0,10,35,6,33,0
06-11 11:08:34,71.459,13.694,13.445,0.498,0,1566296,152200,185448,5970432,34884536.169,157026.588,0,36184.656,0,131.465,11309,7658,3.590,1.760,0.890,4,0,140.428,0,0,10,35,6,33,0
06-11 11:08:35,65.707,12.289,21.066,0.752,0,1431320,261960,185804,5994492,12406756.316,74161.981,0,15882.108,0,228.722,7192,11231,3.590,1.760,0.890,4,0,144.456,0,0,10,34,6,32,0
06-11 11:08:36,82.207,15.242,2.249,0,0,1592456,130492,185860,5965424,15434.989,1759.087,0,92679.899,0,766.602,4002,39659,3.590,1.760,0.890,6,0,66.965,0,0,10,37,6,32,0
06-11 11:08:37,74.036,15.758,9.004,0,0,1453920,268052,185908,5966168,8583.128,1458.702,352.169,1096.527,4.002,36.017,4624,11204,3.590,1.760,0.890,6,0,164.079,0,0,10,34,6,33,0
06-11 11:08:38,65.209,13.242,21.237,0,0,1522048,198240,186228,5967336,9840.820,1618.983,0,939.410,0,35.977,3504,7430,3.590,1.760,0.890,4,0,177.888,0,0,10,35,6,36,0
06-11 11:08:39,60.947,10.991,26.727,0.749,0,1464896,190216,187512,6026916,5307.414,1660.565,0,5223.487,0,225.805,3586,5607,3.540,1.780,0.900,4,0,69.940,0,0,10,34,6,37,0
06-11 11:08:40,61.843,13.520,23.786,0.751,0,1464668,152716,189688,6058004,7910.858,1460.189,524.787,131300.820,6.009,845.267,6110,9184,3.540,1.780,0.900,4,0,95.143,0,0,10,34,6,38,0
06-11 11:08:41,63.501,12.500,23.750,0.250,0,1510148,132348,200076,6013880,9220.101,1620.018,0,12324.136,0,36.000,1892,2447,3.540,1.780,0.900,6,0,5.000,0,0,10,35,6,38,0
06-11 11:08:42,61.002,14.251,24.501,0.250,0,1405792,318408,200752,5935612,7659.283,1968.073,0,4028.149,0,71.003,3781,7518,3.540,1.780,0.900,4,0,146.005,0,0,10,32,6,38,0
06-11 11:08:43,69.817,8.758,20.019,0.250,0,1515552,199996,200896,5944116,10958.564,1459.407,1561.505,1953.884,28.027,27.026,3843,8544,3.540,1.780,0.900,7,0,61.059,0,0,10,32,6,33,0
06-11 11:08:44,51.200,29.221,17.733,0.250,0,1418944,290332,200908,5950376,9660.494,1618.407,907.107,1246.773,40.960,40.960,5917,11961,3.500,1.800,0.910,4,0,796.217,0,0,10,32,6,33,0
06-11 11:08:45,45.796,14.264,39.039,0.751,0,1404308,300932,200920,5954400,8651.721,1769.784,3051.075,468.472,58.059,33.033,4331,8411,3.500,1.800,0.910,2,0,292.295,0,0,10,33,6,32,0
06-11 11:08:46,43.706,6.493,48.951,0,0,1447640,257584,200924,5954412,7894.051,1530.459,0,251.746,0,12.987,1769,2576,3.500,1.800,0.910,2,0,45.954,0,0,10,32,6,32,0
06-11 11:08:47,40.999,10.250,47.749,0,0,1353644,350536,200940,5955440,5217.917,1619.974,0,439.993,0,45.999,4283,8583,3.500,1.800,0.910,3,0,124.998,0,0,10,32,6,31,0
06-11 11:08:48,28.248,14.999,55.496,0.250,0,1387756,316048,200940,5955816,8709.434,1693.890,0,251.984,0,12.999,3198,5340,3.500,1.800,0.910,1,0,316.979,0,0,10,33,6,31,0
06-11 11:08:49,22.198,4.988,72.330,0.249,0,1367120,336684,200944,5955812,6592.488,1454.577,0,307.277,0,24.941,1838,3287,3.300,1.780,0.910,2,0,29.930,0,0,10,32,6,27,0
06-11 11:08:50,24.775,1.752,72.824,0,0,1387564,316076,200944,5955976,8535.655,1621.644,0,172.175,0,9.009,2490,4814,3.300,1.780,0.910,2,0,1.001,0,0,10,33,6,27,0
06-11 11:08:51,19.264,6.755,73.304,0,0,1371200,332428,200948,5955984,7005.177,1621.198,0,204.151,0,11.008,1294,1688,3.300,1.780,0.910,2,0,56.041,0,0,10,32,6,27,0
06-11 11:08:52,20.017,8.257,71.311,0.500,0,1320956,382292,200964,5956348,8595.323,1695.445,384.327,2233.903,62.053,139.119,2523,4053,3.300,1.780,0.910,1,0,81.069,0,0,10,32,6,27,0
06-11 11:08:53,22.227,2.997,73.423,0,0,1381392,321812,200964,5956392,9670.913,1692.235,0,111.883,0,11.987,1269,1895,3.300,1.780,0.910,1,0,9.990,0,0,10,32,6,25,0
06-11 11:08:54,18.258,8.754,72.530,0.250,0,1339548,363644,200964,5956404,6436.645,1532.630,0,348.143,0,28.012,2226,3842,3.110,1.770,0.910,1,0,99.041,0,0,10,32,6,26,0
06-11 11:08:55,23.716,2.496,72.647,0.250,0,1384152,319040,200964,5956404,4553.566,1617.714,0,2408.597,0,180.745,1914,2970,3.110,1.770,0.910,1,0,0,0,0,10,33,6,23,0
06-11 11:08:56,18.553,8.023,72.959,0,0,1353164,350004,200964,5956428,10343.645,1793.139,0,288.828,0,27.078,1716,2396,3.110,1.770,0.910,1,0,94.270,0,0,10,32,6,24,0
06-11 11:08:57,22.424,2.741,73.251,0,0,1383000,320016,200968,5956576,9689.096,1614.517,0,151.486,0,9.966,2022,4067,3.110,1.770,0.910,2,0,0,0,0,10,33,6,23,0
06-11 11:08:58,22.997,4.249,73.241,0,0,1368152,334852,200972,5956584,8905.878,1619.796,0,223.972,0,18.998,1662,2703,3.110,1.770,0.910,1,0,29.996,0,0,10,32,6,24,0
06-11 11:08:59,22.748,2.500,72.994,0,0,1384028,318976,200980,5956576,6068.521,1619.872,0,139.989,0,7.999,2395,5194,2.940,1.760,0.910,1,0,0,0,0,10,32,6,25,0
06-11 11:09:00,10.257,20.263,68.545,0,0,1321088,381700,200984,5956788,8418.480,1621.055,0,192.125,0,15.010,2310,3003,2.940,1.760,0.910,1,0,258.168,0,0,10,32,6,25,0
06-11 11:09:01,31.296,15.022,53.077,0.250,0,1414488,287988,200992,5957092,7666.193,1608.348,100.146,520.760,6.009,25.037,2268,3292,2.940,1.760,0.910,2,0,229.335,0,0,10,32,6,27,0
06-11 11:09:02,43.024,8.755,46.025,1.501,0,1512312,185688,201088,5961492,6111.343,1620.887,1432.784,11882.500,35.019,1082.592,6262,13892,2.940,1.760,0.910,1,1,90.049,0,0,10,36,6,28,0
06-11 11:09:03,38.992,6.499,41.991,11.997,0,1445768,247000,201464,5966256,4345.079,1619.657,0,53044.755,0,4572.031,20179,33951,2.940,1.760,0.910,2,0,108.977,0,0,10,36,6,28,0
06-11 11:09:04,43.765,7.253,45.516,3.251,0,1475320,217420,201560,5966184,10337.587,1620.562,0,16489.722,0,1345.467,6768,10521,2.870,1.760,0.920,2,0,13.005,0,0,10,32,6,26,0
06-11 11:09:05,42.250,6.000,46.250,4.250,0,1453004,239196,201836,5966448,8149.033,1620.006,0,18788.075,0,1957.008,10320,18526,2.870,1.760,0.920,2,0,2.000,0,0,10,34,6,26,0
06-11 11:09:06,32.914,7.480,53.111,3.990,0,1432132,259784,202004,5966728,8661.351,1615.775,0,20235.085,0,1361.440,8219,13967,2.870,1.760,0.920,1,0,99.739,0,0,10,32,6,25,0
06-11 11:09:07,22.756,3.001,74.268,0,0,1400784,291132,202004,5966728,7602.847,1512.368,0,80.019,0,8.002,911,1191,2.870,1.760,0.920,2,0,1.000,0,0,10,32,6,25,0
06-11 11:09:08,22.542,3.757,72.885,0.751,0,1347980,343900,202012,5966756,11721.732,1568.909,0,6203.501,0,336.624,1846,2619,2.870,1.760,0.920,2,0,3.006,0,0,10,32,6,25,0
06-11 11:09:09,22.958,2.995,72.868,0,0,1419800,272080,202012,5966756,9869.157,1690.943,0,179.675,0,12.977,1072,1260,2.720,1.750,0.920,1,0,1.996,0,0,10,32,6,25,0
06-11 11:09:10,23.996,2.500,73.737,0,0,1363740,328124,202012,5966772,5746.954,1693.692,0,7.999,0,2.000,864,1094,2.720,1.750,0.920,1,0,2.000,0,0,10,32,6,25,0
06-11 11:09:11,22.535,4.507,72.363,0.250,0,1441296,250564,202012,5966772,8133.672,1460.275,0,35010.546,0,665.036,1774,1292,2.720,1.750,0.920,1,0,2.003,0,0,10,32,6,25,0
06-11 11:09:12,22.966,3.245,73.890,0,0,1383016,308776,202012,5966840,8422.417,1617.583,0,0,0,0,911,1052,2.720,1.750,0.920,2,0,0.999,0,0,10,32,6,24,0
06-11 11:09:13,23.002,2.250,73.755,0,0,1436852,254848,202012,5966932,4792.335,1620.113,0,0,0,0,835,1020,2.720,1.750,0.920,1,0,2.000,0,0,10,32,6,24,0
06-11 11:09:14,23.275,2.753,74.081,0,0,1324232,367464,202012,5966936,9636.513,1501.638,0,0,0,0,906,1098,2.580,1.740,0.920,1,0,2.002,0,0,10,32,6,24,0
06-11 11:09:15,23.246,3.000,73.489,0.250,0,1409884,281860,202012,5966968,5817.104,1619.751,0,1487.771,0,12.998,1039,1346,2.580,1.740,0.920,1,0,2.000,0,0,10,32,6,24,0
06-11 11:09:16,23.251,3.750,72.004,0,0,1370396,321304,202020,5967000,8622.517,1512.091,0,29825.790,0,110.007,1345,1664,2.580,1.740,0.920,1,0,1.000,0,0,10,32,6,22,0
06-11 11:09:17,22.974,2.747,73.917,0,0,1368616,323064,202020,5967020,10559.079,1638.151,0,0,0,0,980,1144,2.580,1.740,0.920,1,0,0.999,0,0,10,32,6,22,0
06-11 11:09:18,24.023,2.502,73.822,0,0,1437400,254268,202020,5967032,4899.758,1695.646,0,0,0,0,929,1148,2.580,1.740,0.920,1,0,2.002,0,0,10,32,6,22,0
06-11 11:09:19,10.254,17.257,71.027,0,0,1351256,340232,202020,5967212,7486.838,1458.553,0,184.070,0,2.001,2233,3080,2.450,1.720,0.920,1,0,254.096,0,0,10,32,6,22,0
06-11 11:09:20,8.499,21.748,68.992,0,0,1347944,343576,202020,5967180,7051.210,1661.814,0,827.907,0,8.999,2734,3944,2.450,1.720,0.920,1,0,366.959,0,0,10,32,6,19,0
06-11 11:09:21,9.257,19.764,69.801,0,0,1352204,338836,202020,5967656,5726.169,1621.180,108.079,304.221,6.004,8.006,2969,4528,2.450,1.720,0.920,2,0,416.303,0,0,10,32,6,19,0
06-11 11:09:22,12.731,15.227,71.642,0,0.250,1376116,314888,202020,5967688,7967.960,1617.556,0,159.759,0,2.995,2396,3488,2.450,1.720,0.920,1,0,280.576,0,0,10,32,6,18,0
06-11 11:09:23,22.250,3.000,74.250,0,0,1455228,235788,202020,5967672,7797.992,1619.998,0,0,0,0,914,1113,2.450,1.720,0.920,1,0,2.000,0,0,10,32,6,18,0
06-11 11:09:24,23.473,1.748,74.166,0,0,1415028,275992,202020,5967668,9267.500,1456.350,0,15.982,0,0.999,892,1137,2.340,1.710,0.920,1,0,0.999,0,0,10,32,6,17,0
06-11 11:09:25,22.785,2.504,73.612,0.250,0,1366548,324452,202020,5967688,7792.814,1696.572,0,136.206,0,10.015,1016,1317,2.340,1.710,0.920,1,0,3.005,0,0,10,32,6,17,0
06-11 11:09:26,24.010,2.501,73.531,0.500,0,1451660,239340,202024,5967684,5440.258,1620.673,0,468.194,0,36.015,1158,1505,2.340,1.710,0.920,1,0,2.001,0,0,10,32,5,17,0
06-11 11:09:27,22.231,3.247,73.936,0,0,1395096,295892,202024,5967696,9879.484,1618.605,0,11.990,0,0.999,938,1068,2.340,1.710,0.920,1,0,0.999,0,0,10,32,5,17,0
06-11 11:09:28,23.257,2.501,74.021,0,0,1454568,236420,202024,5967696,8545.435,1620.462,0,24.007,0,2.001,957,1124,2.340,1.710,0.920,1,0,2.001,0,0,10,32,5,17,0
06-11 11:09:29,21.987,3.498,74.207,0,0,1428772,262224,202024,5967684,9618.421,1619.061,0,0,0,0,957,1146,2.230,1.700,0.920,1,0,0.999,0,0,10,32,5,17,0
06-11 11:09:30,23.007,3.001,73.522,0,0,1379800,311184,202024,5967696,9530.802,1620.476,0,12.004,0,1.000,1036,1190,2.230,1.700,0.920,1,0,4.001,0,0,10,32,5,14,0
06-11 11:09:31,23.509,2.501,74.529,0,0,1457184,233820,202024,5967676,8045.113,1458.564,0,64.025,0,2.001,941,1148,2.230,1.700,0.920,1,0,2.001,0,0,10,32,5,14,0
06-11 11:09:32,22.994,2.499,73.981,0,0,1418240,272732,202024,5967704,9261.629,1619.585,0,79.980,0,3.999,969,1158,2.230,1.700,0.920,1,0,1.000,0,0,10,32,5,14,0
06-11 11:09:33,22.748,2.500,73.995,0,0,1352464,338508,202024,5967704,5139.640,1661.884,0,91.994,0,1.000,900,1094,2.230,1.700,0.920,1,0,3.000,0,0,10,32,5,14,0
06-11 11:09:34,23.000,2.750,73.999,0,0,1355192,335800,202024,5967684,5352.893,1693.966,0,20.000,0,3.000,938,1096,2.130,1.690,0.920,1,0,1.000,0,0,10,32,5,14,0
06-11 11:09:35,22.763,2.752,74.041,0,0,1440872,250120,202024,5967684,8507.713,1694.939,0,120.067,0,9.005,1050,1237,2.130,1.690,0.920,1,0,2.001,0,0,10,32,5,14,0
06-11 11:09:36,23.234,2.748,73.449,0,0,1394824,296140,202024,5967712,7938.491,1618.876,0,2054.574,0,33.976,1181,1468,2.130,1.690,0.920,1,0,0.999,0,0,10,32,5,13,0
06-11 11:09:37,23.257,2.501,73.772,0,0,1390828,300136,202024,5967712,8361.483,1532.455,0,24.007,0,2.001,1003,1136,2.130,1.690,0.920,1,0,1.000,0,0,10,32,5,13,0
06-11 11:09:38,22.996,2.750,74.238,0,0,1444504,246460,202024,5967712,9279.543,1619.746,0,11.998,0,1.000,943,1077,2.130,1.690,0.920,1,0,2.000,0,0,10,32,5,10,0
06-11 11:09:39,14.025,15.528,70.877,0,0,1377132,313776,202024,5967764,8297.820,1622.898,0,228.408,0,10.018,2897,4682,2.040,1.680,0.920,1,0,462.827,0,0,10,32,5,10,0
06-11 11:09:40,23.498,3.250,73.744,0,0,1351508,339228,202024,5967936,8552.247,1619.857,0,4.000,0,1.000,878,1162,2.040,1.680,0.920,1,0,6.999,0,0,10,32,5,7,0
06-11 11:09:41,22.974,2.247,73.918,0,0,1427148,263520,202024,5968004,4719.737,1530.294,0,255.715,0,43.951,976,1139,2.040,1.680,0.920,2,1,2.997,0,0,10,32,5,7,0
06-11 11:09:42,13.520,15.773,69.854,0,0,1350548,340116,202024,5968008,6832.166,1622.414,4.006,572.852,1.001,73.109,2944,4671,2.040,1.680,0.920,1,0,466.694,0,0,10,32,5,7,0
06-11 11:09:43,10.245,20.241,69.218,0,0,1351088,339440,202024,5968140,7969.358,1499.315,0,383.825,0,8.996,4087,6829,2.040,1.680,0.920,2,0,735.664,0,0,10,32,5,7,0
06-11 11:09:44,10.253,20.757,68.273,0.250,0,1349940,340524,202032,5968196,8417.828,1772.596,0,2104.707,0,29.010,4115,6742,1.960,1.660,0.920,2,0,732.246,0,0,10,32,5,7,0
06-11 11:09:45,10.254,21.009,69.030,0,0,1354724,335692,202032,5968240,8541.681,1620.699,0,1588.685,0,24.010,3904,6428,1.960,1.660,0.920,1,0,678.292,0,0,10,32,5,7,0
06-11 11:09:46,9.244,20.486,69.951,0,0,1347204,343156,202036,5968288,11629.847,1456.979,0,691.515,0,36.974,3976,6459,1.960,1.660,0.920,1,0,633.556,0,0,10,32,5,7,0
06-11 11:09:47,9.750,20.749,69.497,0,0,1351784,338368,202036,5968492,8371.598,1619.922,175.992,2759.868,5.000,91.996,4047,6556,1.960,1.660,0.920,1,0,704.966,0,0,10,32,5,7,0
06-11 11:09:48,25.268,21.265,52.788,0.500,0,1381240,305392,202040,5972012,8774.300,1695.217,3402.443,712.512,48.034,35.025,4226,6777,1.960,1.660,0.920,2,0,727.522,0,0,10,32,6,9,0
06-11 11:09:49,65.301,26.271,7.256,0.250,0.250,1554188,123976,203108,5976284,6800.331,1575.235,796.625,1289.011,26.020,56.044,9360,6959,2.360,1.750,0.950,4,0,734.576,0,0,10,32,6,13,0
06-11 11:09:50,73.424,14.984,9.240,2.997,0,1641924,130332,203372,5883332,8632.049,1692.245,495.486,36306.350,7.992,2427.483,10528,17436,2.360,1.750,0.950,6,1,91.905,0,0,10,38,6,14,0
06-11 11:09:51,60.003,13.251,15.251,9.250,0,1617084,153532,204448,5883972,6718.363,1768.095,8.000,90748.900,1.000,6836.369,23583,44462,2.360,1.750,0.950,6,0,204.011,0,0,10,36,6,14,0
06-11 11:09:52,63.495,12.749,19.248,4.500,0,1655552,122856,204736,5876220,8606.286,1619.866,67.994,66422.487,1.000,5355.555,23571,41348,2.360,1.750,0.950,6,0,78.993,0,0,10,36,6,14,0
06-11 11:09:53,47.296,17.267,25.775,10.010,0,1538816,230912,204944,5884640,9104.877,1543.505,0,74720.853,0,5651.510,20191,37766,2.360,1.750,0.950,2,0,323.315,0,0,10,34,6,14,0
06-11 11:09:54,37.217,7.244,42.962,11.740,0,1559904,201764,205416,5892152,10062.035,1618.558,0,72183.684,0,5611.001,21769,42001,2.410,1.770,0.970,2,1,44.960,0,0,10,35,6,15,0
06-11 11:09:55,38.437,8.236,42.930,10.483,0,1514636,242600,205704,5896296,8219.504,1691.223,0,56706.887,0,4574.489,16839,35990,2.410,1.770,0.970,2,0,92.848,0,0,10,34,6,14,0
06-11 11:09:56,39.088,8.018,41.593,9.521,0,1556132,201272,205960,5895860,9112.421,1717.850,0,44932.694,0,4010.989,14981,31645,2.410,1.770,0.970,4,0,27.061,0,0,10,35,6,15,0
06-11 11:09:57,37.978,9.744,42.725,8.995,0,1499128,256908,206076,5897108,6839.074,1619.071,0,45557.850,0,4204.587,19269,36387,2.410,1.770,0.970,3,0,112.935,0,0,10,34,6,16,0
06-11 11:09:58,40.434,7.737,42.181,10.483,0,1557700,196024,206144,5899372,9508.511,1617.365,0,45861.292,0,4125.280,17776,30862,2.410,1.770,0.970,2,0,38.937,0,0,10,35,6,16,0
06-11 11:09:59,43.056,7.009,41.304,9.012,0,1555988,195044,206204,5902004,8212.676,1696.205,0,45214.779,0,4095.324,21515,37756,2.540,1.810,0.980,2,0,51.066,0,0,10,34,6,15,0
06-11 11:10:00,34.767,8.254,44.272,11.506,0,1550948,194812,206416,5907032,5764.825,1620.794,0,43109.123,0,4194.055,18320,31388,2.540,1.810,0.980,3,0,100.049,0,0,10,36,6,15,0
06-11 11:10:01,37.239,8.748,41.738,11.747,0,1558472,184004,206628,5910092,8886.494,1457.589,0,78837.768,0,5942.324,26994,47131,2.540,1.810,0.980,2,0,80.977,0,0,10,37,6,12,0
06-11 11:10:02,38.541,11.512,38.041,10.011,0,1563552,176176,206820,5915612,7640.183,1621.737,0,48984.462,0,4639.969,19368,37764,2.540,1.810,0.980,5,0,167.179,0,0,10,36,6,12,0
06-11 11:10:03,37.442,9.236,42.185,9.985,0,1506824,236852,206880,5908616,7938.758,1617.506,0,33280.681,0,3321.878,15919,30988,2.540,1.810,0.980,6,0,48.925,0,0,10,36,6,12,0
06-11 11:10:04,39.510,9.252,39.760,11.753,0,1570468,173124,206916,5908632,6956.760,1694.429,0,52653.321,0,4454.127,18510,30823,2.500,1.820,0.990,2,1,39.010,0,0,10,34,6,13,0
06-11 11:10:05,31.742,13.247,53.987,0.750,0,1436824,306720,206920,5908676,4933.786,1619.602,0,4350.930,0,269.934,3398,5070,2.500,1.820,0.990,1,0,271.933,0,0,10,32,6,13,0
06-11 11:10:06,22.469,3.246,73.149,0,0,1384744,358796,206920,5908680,9486.861,1691.657,0,707.021,0,29.959,2066,3834,2.500,1.820,0.990,2,0,9.986,0,0,10,32,6,15,0
06-11 11:10:07,21.239,5.497,72.213,0.500,0,1451636,291876,206920,5908708,8404.663,1619.165,0,4857.494,0,267.862,1752,2545,2.500,1.820,0.990,1,0,32.983,0,0,10,33,6,15,0
06-11 11:10:08,17.032,11.021,70.632,0.250,0,1387556,355956,206920,5908708,9205.223,1514.834,0,224.420,0,26.049,3089,5106,2.500,1.820,0.990,2,0,133.249,0,0,10,32,6,15,0
06-11 11:10:09,10.730,19.963,67.624,0,0,1390160,353176,206920,5908884,8645.893,1563.088,0,287.464,0,14.972,2443,3101,2.380,1.800,0.990,1,0,296.448,0,0,10,32,6,15,0
06-11 11:10:10,14.033,24.308,60.644,0,0,1406156,337144,206924,5908916,8363.847,1623.853,4.010,489.161,1.002,33.078,3164,4648,2.380,1.800,0.990,3,0,429.018,0,0,10,32,6,18,0
06-11 11:10:11,65.209,9.744,24.735,0,0,1617900,124484,206944,5909728,9424.119,1618.990,0,559.651,0,42.973,1964,2083,2.380,1.800,0.990,3,0,21.986,0,0,10,32,6,21,0
06-11 11:10:12,65.648,10.733,23.463,1.248,0,1753884,126468,207000,5774848,4303.300,1455.733,2144.661,4217.433,118.815,222.653,2157,2319,2.380,1.800,0.990,3,0,5.991,0,0,10,32,6,21,0
06-11 11:10:13,45.345,7.015,37.829,8.518,0,1769784,127340,207128,5758496,4482.377,1623.396,0,56682.580,0,4580.583,19084,34972,2.380,1.800,0.990,0,1,198.415,0,0,10,38,6,21,0
06-11 11:10:14,44.003,12.001,31.252,12.001,0,1769988,133484,207324,5752040,25040.803,1620.117,0,111003.992,0,9609.692,35458,72192,2.670,1.870,1.020,5,1,258.019,0,0,10,38,6,21,0
06-11 11:10:15,45.005,12.501,31.003,10.501,0,1651012,242532,207412,5761656,9610.047,1532.167,28.003,96798.551,2.000,7574.826,29373,53796,2.670,1.870,1.020,3,1,255.028,0,0,10,36,6,21,0
06-11 11:10:16,52.030,9.255,31.018,8.005,0,1722228,159148,207476,5773436,8163.751,1694.986,0,69800.624,0,5756.350,24305,40235,2.670,1.870,1.020,4,0,109.063,0,0,10,36,6,21,0
06-11 11:10:17,49.969,11.743,26.483,12.242,0,1764860,130504,207564,5759404,6752.780,1618.988,0,104638.601,0,7911.056,30503,51719,2.670,1.870,1.020,3,1,43.973,0,0,10,38,6,21,0
06-11 11:10:18,45.633,10.473,32.915,10.473,0.249,1663044,228044,207628,5763568,8328.571,1528.068,0,82814.917,0,6307.770,23814,40606,2.670,1.870,1.020,3,0,164.577,0,0,10,36,6,21,0
06-11 11:10:19,22.008,14.005,62.522,0,0,1419812,471112,207632,5763724,9975.551,1662.592,0,2668.950,0,168.060,2489,3464,2.530,1.860,1.020,1,0,249.089,0,0,10,32,6,21,0
06-11 11:10:20,22.993,3.999,72.728,0.500,0,1490004,400916,207632,5763728,4909.542,1693.497,0,4986.519,0,148.956,1356,1775,2.530,1.860,1.020,1,0,1.999,0,0,10,32,6,21,0
06-11 11:10:21,25.256,1.000,72.516,0.750,0,1527876,363032,207632,5763736,4545.032,1458.331,0,5665.286,0,339.077,2022,3139,2.530,1.860,1.020,1,0,2.000,0,0,10,34,6,21,0
06-11 11:10:22,22.768,4.003,73.808,0,0,1467432,423476,207632,5763736,9257.248,1695.327,0,80.063,0,6.005,1117,1357,2.530,1.860,1.020,1,0,28.022,0,0,10,32,6,21,0
06-11 11:10:23,22.726,3.247,73.174,0,0,1522620,368288,207632,5763736,6157.608,1692.243,0,127.867,0,19.979,1140,1608,2.530,1.860,1.020,1,0,1.998,0,0,10,34,6,21,0
06-11 11:10:24,15.789,23.559,60.400,0,0,1419076,471832,207632,5763736,8610.431,1624.042,84.210,637.587,5.012,42.105,3293,5167,2.410,1.840,1.010,3,0,573.427,0,0,10,32,6,21,0
06-11 11:10:25,14.990,37.974,45.719,0.250,0,1417348,473388,207632,5763892,7424.914,1530.951,0,307.789,0,30.979,5160,9040,2.410,1.840,1.010,2,0,1137.221,0,0,10,32,6,21,0
06-11 11:10:26,7.235,19.210,70.854,0,0,1415948,474496,207632,5764164,9713.999,1616.671,0,570.825,0,18.961,2743,4121,2.410,1.840,1.010,0,0,406.164,0,0,10,32,6,21,0
06-11 11:10:27,6.762,9.516,84.394,0.250,0,1405044,484876,207640,5764680,8155.914,1696.895,625.066,12.021,16.027,2.003,1856,2512,2.410,1.840,1.010,1,0,133.227,0,0,11,12,6,21,20
06-11 11:10:28,9.495,19.240,69.713,0,0,1406728,483004,207640,5764840,5215.231,1619.140,0,15.992,0,3.998,2530,3714,2.410,1.840,1.010,1,0,301.840,0,0,11,12,6,21,20
06-11 11:10:29,16.004,17.505,64.767,0,0,1411012,478144,207640,5765764,8864.322,1620.425,552.145,16.004,37.010,4.001,4914,8201,2.460,1.860,1.030,1,0,207.054,0,0,11,12,6,21,20
06-11 11:10:30,22.000,20.000,56.501,0,0,1449028,439328,207652,5766080,6994.084,1620.019,44.001,8.000,2.000,2.000,3389,5039,2.460,1.860,1.030,2,0,381.005,0,0,13,12,6,21,20
06-11 11:10:31,13.768,18.524,67.839,0,0,1463492,424712,207652,5766228,5303.969,1770.326,0,360.474,0,8.011,3213,5995,2.460,1.860,1.030,5,0,249.328,0,0,13,12,6,21,20
06-11 11:10:32,23.740,18.242,56.975,0,0,1500528,387368,207652,5766464,8727.195,1499.346,3.998,43.981,1.000,3.998,4095,7647,2.460,1.860,1.030,2,0,291.873,0,0,15,12,6,21,20
06-11 11:10:33,9.737,21.222,67.910,0,0,1496936,390928,207652,5766512,8309.948,1617.848,0,271.639,0,13.981,2874,4205,2.460,1.860,1.030,1,0,271.639,0,0,15,12,6,21,20
06-11 11:10:34,20.507,18.256,60.020,0,0,1516632,371188,207652,5766544,8474.831,1620.541,0,332.111,0,21.007,5661,10781,2.340,1.850,1.020,3,0,210.070,0,0,15,12,6,21,20
06-11 11:10:35,76.613,10.015,13.270,0,0,1805396,136872,207660,5712932,6578.697,1664.453,0,648.957,0,7.010,1852,2185,2.340,1.850,1.020,13,0,21.031,0,0,17,12,6,21,20
06-11 11:10:36,63.126,14.472,20.959,0,0,1944792,172752,207676,5541436,5003.204,1616.834,0,107.789,0,4.990,2305,3916,2.340,1.850,1.020,1,0,115.773,0,0,17,12,6,21,20
06-11 11:10:37,9.246,19.491,70.218,0,0,1948988,168532,207676,5541444,7844.392,1619.255,0,263.879,0,4.998,2604,3733,2.340,1.850,1.020,1,0,242.888,0,0,17,12,6,21,20
06-11 11:10:38,11.751,18.752,68.256,0,0,1949064,168348,207676,5541656,6472.602,1620.151,0,32.003,0,8.001,2623,3961,2.340,1.850,1.020,2,0,255.024,0,0,17,12,6,21,20
06-11 11:10:39,24.999,18.499,56.248,0.250,0,1974124,142176,207676,5542492,7355.757,1531.949,987.967,0,15.000,0,5213,10308,2.230,1.830,1.020,1,0,204.993,0,0,17,12,6,21,20
06-11 11:10:40,13.517,4.005,82.856,0,0,1981460,135424,207676,5541908,8683.149,1696.178,0,388.499,0,4.005,1409,2191,2.230,1.830,1.020,1,0,12.015,0,0,18,12,6,22,20
06-11 11:10:41,18.474,9.487,70.900,0,0,2030704,132928,207676,5496020,9887.999,1617.709,0,135.808,0,2.996,1811,2675,2.230,1.830,1.020,2,0,80.885,0,0,18,12,6,22,20
06-11 11:10:42,24.245,4.249,68.985,1.000,0,2055708,137300,207676,5467332,8794.144,1553.672,367.922,7274.465,8.998,420.911,4120,6940,2.230,1.830,1.020,2,0,0,0,0,18,18,6,27,0
06-11 11:10:43,11.268,19.282,67.110,0.250,0,2010476,182464,207684,5467416,8358.700,1568.571,0,2920.787,0,160.263,3210,4615,2.230,1.830,1.020,4,0,266.437,0,0,18,18,6,27,0
06-11 11:10:44,10.247,20.244,69.231,0,0,2020780,172132,207684,5467444,5934.362,1619.553,3.999,255.929,1.000,14.996,2748,4131,2.130,1.820,1.020,2,0,255.929,0,0,18,18,6,27,0
06-11 11:10:45,9.498,20.496,67.488,0.250,0,2023128,169664,207684,5467568,9234.402,1457.748,0,555.904,0,18.997,2866,4409,2.130,1.820,1.020,1,0,286.950,0,0,18,18,6,27,0
06-11 11:10:46,12.250,20.251,68.002,0,0,2021484,171288,207684,5467588,8181.245,1620.049,0,1488.045,0,23.001,2859,4254,2.130,1.820,1.020,1,0,269.008,0,0,18,18,6,27,0
06-11 11:10:47,28.782,15.768,53.060,0,0,2065892,126424,207692,5468404,8155.158,1695.905,328.369,3327.737,3.003,210.236,6209,10574,2.130,1.820,1.020,2,0,196.220,0,0,18,19,6,27,0
06-11 11:10:48,45.462,6.495,47.711,0,0,2167416,139808,207680,5355868,6758.418,1456.797,3.997,191.842,0.999,1.998,1412,1896,2.130,1.820,1.020,2,0,0,0,0,18,19,6,27,0
06-11 11:10:49,46.927,5.242,46.927,0.250,0,2256096,136704,207704,5271608,8626.508,1617.470,171.731,942.526,1.997,93.853,2299,3116,2.120,1.820,1.030,2,0,8.986,0,0,18,35,6,27,0
06-11 11:10:50,33.538,13.015,52.809,0,0,2285852,124424,207708,5254596,7584.540,1621.826,12.014,692.780,3.003,46.052,5050,13579,2.120,1.820,1.030,1,0,159.179,0,0,18,34,6,21,0
06-11 11:10:51,15.025,18.280,64.858,0,0,2287028,136220,207712,5242188,6665.051,1460.421,0,1378.285,0,130.216,5180,8507,2.120,1.820,1.030,13,0,251.417,0,0,18,34,6,21,0
06-11 11:10:52,6.981,3.491,88.264,0.499,0,2288264,135856,207712,5241016,6347.047,1689.487,215.425,913.560,9.973,16.955,1939,3077,2.120,1.820,1.030,0,0,28.923,0,0,18,34,6,20,0
06-11 11:10:53,2.006,2.507,94.510,0,0,2318644,147960,207712,5199392,8190.532,1624.469,0,68.188,0,5.014,1099,1896,2.120,1.820,1.030,0,0,3.008,0,0,18,34,6,20,0
06-11 11:10:54,1.497,0.749,95.811,0,0,2318764,147964,207712,5199328,8194.832,1616.810,0,307.394,0,20.959,1233,2115,1.950,1.790,1.020,0,0,2.994,0,0,18,34,6,19,0
06-11 11:10:55,2.249,0.750,96.692,0,0,2318764,147964,207712,5199328,9507.258,1531.075,0,39.976,0,4.997,1010,1735,1.950,1.790,1.020,0,0,0.999,0,0,18,34,6,19,0
06-11 11:10:56,9.276,9.025,79.975,0,0,2268340,198220,207712,5199816,6708.899,1718.842,28.079,389.096,2.006,4.011,3242,5314,1.950,1.790,1.020,1,0,167.472,0,0,18,34,5,19,0
06-11 11:10:57,16.237,13.989,68.197,0,0,2282340,183940,207712,5199656,8368.548,1618.752,7.994,827.362,0.999,132.898,4964,9888,1.950,1.790,1.020,2,0,220.830,0,0,18,34,5,20,0
06-11 11:10:58,14.002,17.502,66.008,1.000,0,2327400,138700,207720,5200188,8340.001,1858.223,1072.129,7088.851,36.004,454.054,4925,6952,1.950,1.790,1.020,1,0,262.031,0,0,19,34,5,17,0
06-11 11:10:59,14.494,12.745,71.220,0,0,2337728,128360,207720,5199840,6137.385,1619.310,35.985,367.843,4.998,10.995,4365,7169,1.880,1.780,1.020,1,0,215.908,0,0,19,34,5,17,0
06-11 11:11:00,5.746,8.744,84.445,0,0,2341532,124552,207720,5199856,6491.806,1618.954,0,0,0,0,1786,2873,1.880,1.780,1.020,1,0,107.930,0,0,21,34,5,17,0
06-11 11:11:01,18.285,14.528,66.376,0,0,2332456,137072,207720,5196396,7733.648,1460.767,192.364,1462.770,11.021,256.486,5345,9509,1.880,1.780,1.020,1,0,194.368,0,0,21,36,5,17,0
06-11 11:11:02,10.482,17.968,69.627,0,0,2340336,129048,207720,5196428,8172.616,1617.154,0,3.993,0,0.998,2973,4562,1.880,1.780,1.020,1,0,315.445,0,0,21,36,5,17,0
06-11 11:11:03,18.272,20.274,60.322,0.250,0,2330892,152332,207708,5183324,9378.254,1706.047,8.010,1213.456,1.001,210.252,4738,8342,1.880,1.780,1.020,2,0,334.401,0,0,21,36,5,18,0
06-11 11:11:04,27.777,18.768,53.052,0.250,0.250,2351496,146160,207716,5168716,8504.317,1695.658,8.008,568.556,2.002,32.031,5542,9404,1.890,1.780,1.030,4,0,409.400,0,0,21,36,5,16,0
06-11 11:11:05,30.950,22.464,45.426,0,0,2419380,135068,207744,5113392,8128.815,1691.257,0,403.346,0,9.984,4305,7169,1.890,1.780,1.030,4,0,684.889,0,0,21,36,5,16,0
06-11 11:11:06,33.488,23.242,41.735,0,0,2516328,129876,207772,5023384,9758.448,1619.411,43.984,5042.165,4.998,326.881,5969,10800,1.890,1.780,1.030,3,0,377.862,0,0,21,40,5,16,0
06-11 11:11:07,56.561,22.775,20.773,0,0,2613100,127728,207772,4928864,5736.218,1695.838,12.013,4.004,3.003,1.001,4303,8491,1.890,1.780,1.030,6,0,446.484,0,0,21,40,5,16,0
06-11 11:11:08,55.865,23.194,19.453,0,0,2738864,135392,207788,4795928,11301.751,1598.147,0,31.923,0,7.981,4323,10887,1.890,1.780,1.030,4,0,377.091,0,0,21,40,5,16,0
06-11 11:11:09,70.483,20.317,9.030,0.502,0,2853148,134880,208016,4683332,8846.219,1571.190,224.742,810.678,56.186,59.196,4570,9469,2.220,1.850,1.060,5,0,422.395,0,0,21,44,5,16,0
06-11 11:11:10,61.423,20.889,11.937,3.730,0.249,2979020,143868,208024,4550524,6724.240,1611.430,0,20598.457,0,1515.938,11913,22003,2.220,1.850,1.060,3,8,277.524,0,0,21,44,5,16,0
06-11 11:11:11,69.801,21.844,5.022,1.255,0,3061840,138184,208052,4473816,9199.724,1627.025,4.017,28695.909,1.004,2917.598,16206,30359,2.220,1.850,1.060,4,0,492.125,0,0,21,46,5,10,0
06-11 11:11:12,71.570,21.771,5.756,0,0,3151472,124092,208052,4399780,6218.050,1695.650,24.023,1385.348,2.002,58.056,9459,19412,2.220,1.850,1.060,5,0,234.228,0,0,21,50,5,14,0
06-11 11:11:13,64.179,24.473,11.487,0,0,3278036,127516,208052,4272280,8225.886,1498.340,51.942,1146.729,2.997,65.927,5421,13789,2.220,1.850,1.060,5,0,606.328,0,0,21,63,5,19,0
06-11 11:11:14,52.799,24.773,20.519,0,0,3382192,127964,208052,4170480,8424.810,1847.713,4.004,9580.881,1.001,557.517,7396,22911,2.280,1.870,1.070,3,0,378.351,0,0,21,63,6,19,0
06-11 11:11:15,59.048,12.707,26.410,0.997,0,3539968,130316,208056,4012068,3944.506,1688.225,769.368,7685.707,53.816,529.190,3783,5983,2.280,1.870,1.070,5,0,127.564,0,0,21,66,6,19,0
06-11 11:11:16,39.295,16.269,44.051,0.501,0,3610280,133372,208064,3939632,8780.097,1459.679,520.599,7216.299,30.035,465.535,6282,16052,2.280,1.870,1.070,2,0,151.174,0,0,21,71,6,22,0
06-11 11:11:17,9.502,18.254,70.765,0,0,3617180,130192,208064,3935896,9026.914,1694.359,0,828.176,0,43.009,3272,5098,2.280,1.870,1.070,1,0,320.068,0,0,21,71,6,22,0
06-11 11:11:18,11.002,17.253,70.010,0.500,0,3626864,128916,208064,3927544,6835.998,1662.243,0,5188.758,0,288.042,3698,5895,2.280,1.870,1.070,1,0,311.045,0,0,21,71,6,22,0
06-11 11:11:19,8.010,20.024,70.584,0,0,3629584,126168,208064,3927556,9483.323,1549.851,0,68.081,0,4.005,3139,4760,2.340,1.890,1.080,1,0,342.409,0,0,21,71,6,22,0
06-11 11:11:20,12.009,19.765,67.801,0,0,3625100,131124,208064,3927452,8454.417,1695.287,0,32.024,0,8.006,4717,8085,2.340,1.890,1.080,10,0,427.324,0,0,21,71,6,22,0
06-11 11:11:21,24.479,17.485,57.200,0.250,0,3642044,143180,208064,3898324,8177.853,1658.550,1047.085,123.892,13.988,5.995,5769,11403,2.340,1.890,1.080,3,0,325.715,0,0,21,71,6,22,0
06-11 11:11:22,33.495,21.247,44.743,0,0,3713136,125008,208064,3845936,7608.798,1565.753,123.980,147.977,13.998,15.997,4105,7574,2.340,1.890,1.080,1,0,460.927,0,0,21,73,6,22,0
06-11 11:11:23,43.752,24.001,29.501,0,0,3836832,125252,208076,3723172,4307.164,1620.062,140.005,3884.148,11.000,418.016,7700,14904,2.340,1.890,1.080,4,0,275.010,0,0,23,87,6,22,0
06-11 11:11:24,54.495,22.998,21.998,0.500,0,3957572,123056,207624,3607072,7988.297,1619.857,167.985,4931.566,7.999,410.964,5515,8271,2.630,1.960,1.100,2,0,618.946,0,0,23,93,6,22,0
06-11 11:11:25,59.755,20.752,18.752,0,0,4056972,126072,206644,3507056,8727.724,1512.126,32.003,392.033,7.001,26.002,8271,20230,2.630,1.960,1.100,3,0,361.030,0,0,23,111,6,22,0
06-11 11:11:26,41.749,22.000,34.249,0.500,0,4142520,131508,206608,3416808,10818.784,1565.969,755.985,7135.857,39.999,577.988,5446,7778,2.630,1.960,1.100,3,0,487.990,0,0,23,117,6,22,0
06-11 11:11:27,15.957,20.445,62.332,0,0,4161960,131720,206604,3397736,6578.226,1615.635,0,1791.160,0,296.200,5291,8092,2.630,1.960,1.100,1,0,326.119,0,0,24,117,6,23,0
06-11 11:11:28,26.069,21.307,52.138,0,0,4193540,131788,206592,3365932,9102.175,1624.314,0,457.214,0,33.088,6170,9844,2.630,1.960,1.100,3,0,426.132,0,0,24,117,6,23,0
06-11 11:11:29,38.475,17.738,42.722,0.250,0,4257708,129616,206556,3305548,8322.499,1856.773,3.997,1586.951,0.999,248.836,6159,11416,2.580,1.960,1.110,3,0,323.786,0,0,24,118,6,23,0
06-11 11:11:30,43.028,24.516,32.271,0,0,4369920,131088,206488,3194248,5091.294,1621.049,80.052,552.357,8.005,37.024,5780,12252,2.580,1.960,1.110,2,0,495.320,0,0,24,129,6,23,0
06-11 11:11:31,31.666,24.186,41.639,0.249,0,4444808,127716,206436,3124768,4871.019,1615.694,63.830,5337.775,6.981,454.788,7097,14508,2.580,1.960,1.110,1,0,524.602,0,0,24,135,6,23,0
06-11 11:11:32,10.531,19.808,68.953,0,0,4454928,127332,206436,3115032,8468.873,1516.454,0,216.636,0,14.041,3485,5766,2.580,1.960,1.110,1,0,350.028,0,0,24,135,6,23,0
06-11 11:11:33,15.715,19.207,63.359,0,0,4460700,124184,206436,3112980,8390.290,1616.395,0,443.012,0,33.924,5135,10807,2.580,1.960,1.110,1,0,253.435,0,0,24,141,6,23,0
06-11 11:11:34,38.465,10.990,49.955,0.500,0,4555940,122124,206344,3022260,9734.210,1564.587,27.975,5243.265,6.994,433.608,3558,4303,2.530,1.960,1.110,2,0,116.894,0,0,24,141,6,23,0
06-11 11:11:35,45.576,7.763,44.574,0.751,0,4662812,123228,206224,2918412,6922.554,1622.708,572.956,256.428,38.064,29.048,2334,3113,2.530,1.960,1.110,1,2,3.005,0,0,24,141,6,23,0
06-11 11:11:36,40.569,14.525,44.075,0.250,0,4613260,216796,206172,2876256,8697.786,1738.956,1799.058,749.274,55.094,53.090,5595,11513,2.530,1.960,1.110,4,0,196.334,0,0,24,153,6,25,0
06-11 11:11:37,40.709,20.230,37.462,0.250,0,4688776,139856,206172,2877680,8295.605,1618.362,171.826,283.713,23.976,17.982,5234,14340,2.530,1.960,1.110,2,0,458.536,0,0,24,153,6,25,0
06-11 11:11:38,40.626,24.675,28.912,3.988,0,4647436,244944,206136,2815824,4834.236,1615.068,51550.565,825.479,591.194,56.826,8220,14973,2.530,1.960,1.110,21,0,370.867,0,0,24,169,6,25,0
06-11 11:11:39,63.544,19.339,13.814,2.763,0,4786176,206300,206104,2719476,10202.144,1519.019,29777.602,618.860,377.746,12.056,4319,6734,2.730,2.010,1.130,4,0,162.752,0,0,24,171,6,25,0
06-11 11:11:40,71.723,17.682,4.981,4.981,0,4842936,160144,206032,2711256,9069.999,1613.772,55457.988,13332.550,777.998,672.405,6510,9415,2.730,2.010,1.130,5,0,56.781,0,0,24,190,6,26,0
06-11 11:11:41,65.147,18.041,10.524,4.510,0,4930748,131056,205556,2655200,8562.342,1623.668,45210.130,1086.454,683.544,46.104,6974,13219,2.730,2.010,1.130,4,0,158.358,0,0,24,193,6,32,0
06-11 11:11:42,40.269,30.765,25.012,2.751,0,4891516,147000,205516,2678688,7969.770,1608.761,50952.100,876.415,504.239,67.032,6691,12894,2.730,2.010,1.130,3,0,510.241,0,0,24,191,6,33,0
06-11 11:11:43,48.752,25.751,23.001,3.500,0,4948236,125264,205180,2645316,5839.210,1512.054,38841.398,14204.511,413.015,566.020,7699,15488,2.730,2.010,1.130,5,0,293.011,0,0,24,193,6,28,0
06-11 11:11:44,60.226,28.239,7.997,2.249,0,4977596,130308,203972,2615236,8889.480,1619.359,28288.798,12599.011,292.884,548.783,10311,28683,3.230,2.130,1.180,3,0,364.856,0,0,24,191,6,28,0
06-11 11:11:45,56.758,23.503,17.502,0.250,0,5037076,140124,203348,2547684,6255.832,1714.228,2004.267,900.120,81.011,71.009,8979,19700,3.230,2.130,1.180,3,0,264.035,0,0,24,199,6,30,0
06-11 11:11:46,51.787,26.269,21.265,0,0,5098480,124208,202408,2504056,6110.332,1587.125,92.065,752.534,4.003,58.041,4114,7210,3.230,2.130,1.180,6,0,488.346,0,0,24,204,6,30,0
06-11 11:11:47,53.230,19.243,24.991,0.750,0,5102332,152456,201800,2473220,8153.959,1619.396,267.900,11939.547,10.996,980.634,11362,22624,3.230,2.130,1.180,8,0,248.907,0,0,24,207,6,33,0
06-11 11:11:48,69.965,13.243,16.492,0,0,5269024,126064,199328,2339424,8221.930,1639.189,367.818,319.842,17.991,21.989,2996,5547,3.230,2.130,1.180,4,0,47.976,0,0,24,209,6,33,0
06-11 11:11:49,63.825,11.469,24.433,0.249,0,5326204,187080,198512,2224808,33983.816,12266.366,869.616,821.747,72.800,52.855,4999,11179,3.130,2.130,1.180,2,0,6.981,0,0,24,219,6,39,0
06-11 11:11:50,51.150,13.289,34.601,0.251,0,5239916,273232,198512,2225036,30485.169,7733.621,208.610,806.359,12.035,86.252,5047,11954,3.130,2.130,1.180,5,0,222.651,0,0,24,226,6,39,0
06-11 11:11:51,36.005,21.253,40.506,0.750,0,5310960,201580,198516,2225656,7979.093,1620.222,184.025,1268.174,13.002,162.022,5525,10109,3.130,2.130,1.180,3,0,469.064,0,0,24,226,6,40,0
06-11 11:11:52,46.670,16.971,34.690,0,0,5311240,201128,198536,2226252,8748.934,1509.401,19.966,998.281,3.993,68.881,7207,13259,3.130,2.130,1.180,4,0,243.581,0,0,25,227,6,40,0
06-11 11:11:53,66.608,9.766,21.785,1.002,0,5439364,131796,197560,2170180,7611.307,1642.656,1654.676,1201.944,134.217,55.089,3855,6897,3.130,2.130,1.180,3,0,44.071,0,0,25,230,6,42,0
06-11 11:11:54,68.546,9.506,21.264,0.500,0,5490684,130488,196664,2122460,5090.411,1663.114,616.413,7961.334,42.028,712.477,5093,6612,3.120,2.140,1.190,4,0,13.009,0,0,25,234,6,42,0
06-11 11:11:55,28.198,10.730,58.643,0.250,0,5457472,169376,196536,2117008,20796.962,4171.371,59.890,539.014,5.989,41.923,5699,11127,3.120,2.140,1.190,3,0,211.613,0,0,25,233,6,44,0
06-11 11:11:56,34.818,10.771,52.603,0.751,0,5497756,136624,195864,2111036,22040829.904,121636.042,2637.161,9274.150,33.065,459.900,10221,7394,3.120,2.140,1.190,2,0,256.502,0,0,25,233,6,44,0
06-11 11:11:57,35.213,6.493,57.190,0.250,0,5503712,160512,195280,2083484,4957.770,1618.293,23.975,719.241,2.997,68.927,3360,5847,3.120,2.140,1.190,2,0,39.958,0,0,25,234,6,45,0
06-11 11:11:58,25.995,3.249,69.737,0,0,5505196,159000,195296,2083500,9529.237,1693.687,0,523.903,0,42.992,3580,7881,3.120,2.140,1.190,1,0,1.000,0,0,25,239,6,45,0
06-11 11:11:59,25.933,4.738,67.575,0.748,0,5521140,142340,195320,2084192,6008.450,1689.627,514.668,2361.887,27.928,339.122,4996,9437,2.950,2.120,1.190,2,0,5.985,0,0,25,247,6,46,0
06-11 11:12:00,28.360,5.019,65.002,0.251,0,5536004,135164,194980,2077176,8282.085,1547.997,8.031,787.049,2.008,69.268,5099,9900,2.950,2.120,1.190,2,0,4.016,0,0,25,256,6,52,0
06-11 11:12:01,19.695,16.704,60.083,2.244,0,5468276,228660,194036,2054524,8153.342,1763.100,91.745,40762.720,7.978,388.919,6408,9879,2.950,2.120,1.190,3,0,203.435,0,0,25,253,6,57,0
06-11 11:12:02,22.703,4.990,70.355,0.748,0,5514124,170256,194328,2066788,4263.239,1616.678,1185.564,379.221,113.766,21.955,2062,3038,2.950,2.120,1.190,1,0,4.990,0,0,25,253,6,57,0
06-11 11:12:03,21.007,8.503,65.023,4.752,0,5495648,164732,194844,2090760,7588.664,1458.512,5457.916,4361.531,940.330,116.041,4573,7767,2.950,2.120,1.190,1,0,43.015,0,0,25,253,6,58,0
06-11 11:12:04,24.492,6.748,66.478,1.000,0,5549748,140312,194164,2064896,8266.239,1619.459,687.770,399.866,144.952,15.995,13370,26099,2.880,2.120,1.190,1,0,3.999,0,0,25,255,6,57,0
06-11 11:12:05,23.256,5.752,70.519,0,0,5558596,131108,194164,2065252,9444.559,1694.459,0,368.100,0,4.001,4101,4402,2.880,2.120,1.190,1,0,0,0,0,25,253,6,58,0
06-11 11:12:06,25.594,8.531,65.491,0.251,0,5565540,174692,192168,2020876,9240.942,1463.375,20.074,533.961,5.018,63.232,6894,8858,2.880,2.120,1.190,3,0,47.173,0,0,25,257,6,59,0
06-11 11:12:07,23.731,8.493,65.698,0.500,0,5489240,247500,192168,2024368,9043.855,1618.721,2054.377,279.779,38.969,20.983,2489,3632,2.880,2.120,1.190,1,0,28.977,0,0,25,257,6,59,0
06-11 11:12:08,28.666,11.466,59.824,0.499,0,5529240,206788,192184,2025032,9314.652,1615.258,354.958,247.274,67.801,12.962,4129,6887,2.880,2.120,1.190,1,0,425.750,0,0,25,257,6,59,2
06-11 11:12:09,20.827,10.288,67.750,0.251,0,5495516,241580,192204,2023944,6457.791,1463.391,0,244.902,0,14.052,2637,4359,2.810,2.120,1.200,1,0,141.521,0,0,25,257,6,59,2
06-11 11:12:10,11.754,17.755,69.271,0,0,5498576,238416,192224,2024028,6652.016,1694.513,4.001,280.085,1.000,24.007,4151,6896,2.810,2.120,1.200,1,0,420.127,0,0,25,257,6,59,2
06-11 11:12:11,4.231,4.977,87.102,0.249,0,5499656,237296,192244,2024048,9039.653,1612.624,3.982,230.944,0.995,22.895,2239,3757,2.810,2.120,1.200,0,0,109.499,0,0,25,261,6,59,2
06-11 11:12:12,20.012,3.752,75.795,0,0,5544260,192692,192248,2024044,7246.304,1458.867,0,304.181,0,30.018,2080,3209,2.810,2.120,1.200,1,0,10.006,0,0,25,261,6,57,2
06-11 11:12:13,23.503,6.251,69.010,0,0,5491044,245664,192268,2024268,7935.095,1694.234,64.009,324.045,4.001,35.005,3198,5674,2.810,2.120,1.200,3,0,72.010,0,0,25,265,6,57,2
06-11 11:12:14,15.299,13.794,69.471,0,0,5498128,238256,192280,2024580,5394.170,1625.173,172.549,128.409,8.026,8.026,3492,5720,2.660,2.100,1.200,1,0,259.827,0,0,25,265,6,50,2
06-11 11:12:15,11.998,16.997,70.239,0,0,5502236,233860,192284,2024864,9497.528,1619.749,103.984,111.983,1.000,6.999,3487,5646,2.660,2.100,1.200,1,0,243.962,0,0,25,265,6,50,2
06-11 11:12:16,21.683,7.477,69.036,0,0,5555368,180532,192304,2025040,8173.694,1615.000,3.988,219.321,0.997,24.923,2608,4067,2.660,2.100,1.200,2,0,100.688,0,0,25,267,6,47,2
06-11 11:12:17,25.531,4.756,69.585,0.501,0,5593300,160124,191892,2008616,5153.261,1696.061,20.024,6187.518,1.001,557.678,2327,2783,2.660,2.100,1.200,2,0,2.002,0,0,25,267,6,47,2
06-11 11:12:18,26.274,3.503,69.813,0,0,5513316,240268,191892,2008592,9517.604,1533.386,104.094,476.431,8.007,47.043,2300,3590,2.660,2.100,1.200,2,0,7.006,0,0,25,271,6,47,2
06-11 11:12:19,25.189,2.993,70.079,0.499,0,5582072,171472,191892,2008632,9373.130,1657.955,55.864,275.328,6.983,22.944,1974,3044,2.530,2.080,1.200,1,0,0,0,0,25,269,6,48,2
06-11 11:12:20,26.344,3.763,69.499,0,0.251,5605996,147372,191896,2008804,7277.103,1625.832,112.403,481.728,4.014,33.119,3265,5950,2.530,2.080,1.200,1,0,6.022,0,0,25,275,6,48,2
06-11 11:12:21,24.183,4.737,69.558,0.249,0,5546372,206984,191944,2008768,9534.703,1615.544,35.901,1830.950,3.989,105.708,2290,3286,2.530,2.080,1.200,1,0,14.959,0,0,25,269,6,48,2
06-11 11:12:22,23.506,5.251,70.517,0.250,0,5497996,255140,191948,2008984,8064.928,1458.349,0,412.098,0,29.007,2179,3207,2.530,2.080,1.200,1,0,67.016,0,0,25,269,6,48,2
06-11 11:12:23,10.016,19.282,69.614,0,0,5515808,236008,191956,2010276,8828.461,1622.658,1422.330,48896.092,22.036,237.389,4579,7305,2.530,2.080,1.200,2,0,445.730,0,0,25,271,6,48,0
06-11 11:12:24,24.189,4.239,71.820,0.249,0,5567216,184020,192036,2010776,7975.046,1615.957,558.602,95.760,48.878,3.990,1995,3111,2.400,2.060,1.190,1,0,43.890,0,0,25,271,6,48,0
06-11 11:12:25,22.274,3.003,74.582,0.501,0,5591784,158064,192064,2012136,10451.465,3614.966,224.246,408.448,45.049,17.019,2135,3202,2.400,2.060,1.190,1,0,3.003,0,0,25,272,6,48,0
06-11 11:12:26,24.726,4.246,69.433,0.500,0,5571004,172536,192636,2017872,8471.867,1792.279,307.705,1062.980,20.980,21.979,2215,3271,2.400,2.060,1.190,2,0,2.997,0,0,25,271,5,48,0
06-11 11:12:27,21.522,2.503,74.328,0.250,0,5591260,150848,192660,2019272,13889.515,4539.744,68.071,828.866,10.010,64.067,2251,3518,2.400,2.060,1.190,1,0,4.004,0,0,25,272,5,49,0
06-11 11:12:28,25.243,4.999,67.982,0.250,0,5575396,157976,193260,2027392,5714.480,1631.566,3279.128,1055.719,35.990,32.991,9907,19458,2.400,2.060,1.190,1,0,14.996,0,0,25,271,5,48,0
06-11 11:12:29,19.479,2.997,75.669,0.499,0,5572596,160084,193360,2027980,15015.024,4670.031,271.711,795.154,22.976,30.967,2002,3306,2.370,2.060,1.200,1,0,0.999,0,0,25,272,5,48,0
06-11 11:12:30,23.503,6.251,68.258,0.500,0,5580544,151772,193408,2028312,8189.991,1500.182,0,796.096,0,26.003,10423,20284,2.370,2.060,1.200,1,0,20.002,0,0,25,272,5,48,0
06-11 11:12:31,17.542,9.523,70.921,0,0,5533704,210108,193496,2016728,9894.827,1798.330,0,601.448,0,25.060,2585,4078,2.370,2.060,1.200,3,0,127.307,0,0,25,271,5,48,0
06-11 11:12:32,21.945,8.229,69.076,0,0.249,5594472,149416,193496,2016648,8345.943,1615.923,0,0,0,0,2447,3848,2.370,2.060,1.200,1,0,138.650,0,0,25,273,5,48,0
06-11 11:12:33,21.319,7.525,69.727,0,0,5541148,202548,193496,2016840,7394.097,1625.297,28.092,529.726,3.010,4.013,2920,5870,2.370,2.060,1.200,2,0,85.278,0,0,25,275,5,50,0
06-11 11:12:34,25.425,3.739,69.794,0,0,5600488,143028,193496,2017020,8400.219,1507.553,0,0,0,0,2069,3221,2.260,2.040,1.200,1,0,26.921,0,0,25,276,5,50,0
06-11 11:12:35,24.491,5.248,69.474,0,0,5573536,169960,193496,2017040,6273.666,1639.390,0,103.961,0,9.996,2654,4582,2.260,2.040,1.200,1,0,70.974,0,0,25,277,5,50,0
06-11 11:12:36,28.599,4.014,66.481,0.251,0,5596740,146624,193520,2017148,5056.551,1742.047,12.042,256.892,3.010,22.077,4115,8191,2.260,2.040,1.200,1,0,1.003,0,0,25,277,5,50,0
06-11 11:12:37,28.152,6.228,65.023,0,0,5594756,148436,193528,2017312,7772.865,1614.364,31.889,191.332,1.993,14.948,2378,3588,2.260,2.040,1.200,1,0,55.805,0,0,25,277,5,48,0
06-11 11:12:38,26.591,4.265,68.736,0.251,0,5561320,181852,193528,2017332,8209.232,1699.846,0,2705.304,0,406.398,3793,5953,2.260,2.040,1.200,1,0,32.110,0,0,25,277,5,50,0
06-11 11:12:39,26.501,3.750,69.252,0.250,0,5613876,129236,193528,2017392,8212.230,1512.042,32.001,228.006,2.000,18.001,3253,4351,2.160,2.020,1.200,1,0,0,0,0,25,279,5,50,0
06-11 11:12:40,22.671,5.481,69.756,0.249,0,5586304,156636,193532,2017560,8053.828,1560.541,0,1020.431,0,83.707,3352,5588,2.160,2.020,1.200,1,0,47.833,0,0,25,277,5,50,0
06-11 11:12:41,25.104,4.268,69.789,0.251,0,5543904,198920,193532,2017676,5414.388,1668.901,0,128.531,0,13.054,2910,5151,2.160,2.020,1.200,1,0,19.079,0,0,25,277,5,53,0
06-11 11:12:42,23.469,4.494,70.657,0,0,5592656,150152,193532,2017692,8183.231,1529.987,0,223.706,0,21.971,2187,3405,2.160,2.020,1.200,1,0,14.980,0,0,25,280,5,53,0
06-11 11:12:43,21.518,9.758,68.559,0.250,0,5532216,210528,193536,2017752,6908.935,1621.393,4.003,380.327,1.001,49.042,4304,7686,2.160,2.020,1.200,1,0,245.211,0,0,25,279,5,46,0
06-11 11:12:44,11.485,20.722,67.160,0,0,5541824,200892,193536,2017780,11107.150,1617.837,0,75.899,0,18.975,5068,8933,2.070,2.010,1.190,2,0,807.920,0,0,25,279,5,46,0
06-11 11:12:45,10.526,20.300,67.416,0,0,5537704,204920,193552,2017856,11648.656,1461.596,0,541.332,0,40.099,4818,8238,2.070,2.010,1.190,1,0,676.665,0,0,25,279,5,46,0
06-11 11:12:46,9.989,21.726,67.176,0,0,5544500,198096,193556,2017880,7992.248,1618.228,0,235.742,0,27.969,4782,7984,2.070,2.010,1.190,1,0,658.279,0,0,25,279,5,46,0
06-11 11:12:47,11.480,19.716,67.385,0,0,5547232,195352,193560,2017888,10019.946,1617.247,0,331.436,0,27.952,4893,8323,2.070,2.010,1.190,3,0,661.873,0,0,25,279,5,41,0
06-11 11:12:48,11.014,20.776,67.834,0.250,0,5547552,194996,193572,2017912,4949.107,1459.801,0,2102.595,0,133.164,4893,7938,2.070,2.010,1.190,2,0,628.776,0,0,25,279,5,41,0
06-11 11:12:49,17.475,8.987,70.398,0.999,0,5579296,175420,193596,2015172,5101.592,1617.651,1757.448,962.602,141.794,12.981,2609,4248,1.980,1.990,1.190,3,0,89.870,0,0,25,279,5,40,0
06-11 11:12:50,21.727,6.493,65.931,4.995,0,5589488,138408,193596,2041980,8608.030,1692.237,11539.975,1949.968,925.036,8.991,8156,14810,1.980,1.990,1.190,1,0,3.996,0,0,25,279,5,40,0
06-11 11:12:51,16.801,2.508,77.989,0.251,0,5595580,142468,193360,2032244,18148.571,7606.290,537.646,1733.307,30.092,23.071,1907,2858,1.980,1.990,1.190,1,0,1.003,0,0,25,280,5,36,0
06-11 11:12:52,15.443,1.495,79.957,1.495,0,5595888,141544,193416,2032900,29443.032,15869.805,729.326,1665.891,77.715,59.781,2310,3333,1.980,1.990,1.190,1,0,0,0,0,25,280,5,36,0
06-11 11:12:53,19.508,1.751,77.032,1.000,0,5601876,134088,193436,2034348,19819.265,10459.362,1148.479,1824.761,60.025,60.025,2173,3295,1.980,1.990,1.190,2,0,0,0,0,25,280,5,35,0
06-11 11:12:54,18.304,2.507,77.478,1.003,0,5610192,141624,193100,2020544,24166.242,12026.454,898.649,1159.418,61.180,39.115,2860,3052,1.900,1.970,1.190,1,0,0,0,0,25,280,5,35,0
06-11 11:12:55,17.192,3.488,76.491,1.993,0,5613068,141948,192584,2018640,23574.319,11131.376,13793.378,1132.173,199.326,38.869,2448,3425,1.900,1.970,1.190,0,1,0,0,0,25,280,5,32,0
06-11 11:12:56,24.519,5.254,69.305,1.001,0.250,5627524,137580,192240,2009064,6792.359,1799.420,1981.563,2822.227,25.020,109.086,3127,3824,1.900,1.970,1.190,1,0,1.001,0,0,25,280,5,32,0
06-11 11:12:57,24.982,3.497,69.949,0.999,0,5638452,152228,192064,1983792,5203.207,1618.820,0,4388.801,0,375.726,2612,3789,1.900,1.970,1.190,1,0,0.999,0,0,25,280,5,32,0
06-11 11:12:58,22.586,5.521,70.269,1.255,0,5631308,146448,192208,1996728,7927.314,1463.597,0,4055.508,0,174.668,3089,3941,1.900,1.970,1.190,1,0,1.004,0,0,25,280,5,32,0
06-11 11:12:59,24.430,2.742,70.547,0.499,0,5554680,233408,192632,1985816,7950.143,1788.857,442.727,2281.441,5.983,70.796,2332,3094,1.830,1.960,1.190,1,0,1.994,0,0,25,279,5,29,0
06-11 11:13:00,21.502,4.000,73.506,0,0,5610296,177620,192640,1985980,15624.266,3641.295,0,468.038,0,7.001,2101,2723,1.830,1.960,1.190,1,0,8.001,0,0,25,280,5,29,0
06-11 11:13:01,28.244,3.249,68.235,0.250,0,5594268,186480,192828,1992316,6609.526,1697.621,0,887.802,0,6.998,1867,2651,1.830,1.960,1.190,2,0,2.999,0,0,25,277,5,18,2
06-11 11:13:02,19.244,4.249,74.725,0,0,5587076,186680,193220,1998132,14786.106,4641.464,23.992,47352.326,2.999,344.886,2744,3344,1.830,1.960,1.190,1,0,4.998,0,0,25,277,5,18,2
06-11 11:13:03,28.998,7.999,62.996,0,0,5606800,166240,193292,1998684,6064.588,1693.885,0,87.994,0,2.000,11903,23692,1.830,1.960,1.190,1,0,46.997,0,0,25,277,5,18,2
06-11 11:13:04,23.502,7.501,68.005,0,0,5616960,155740,193336,1998928,7122.499,1458.102,0,168.012,0,2.000,10292,20502,1.760,1.940,1.190,2,0,19.001,0,0,25,277,5,18,2
06-11 11:13:05,23.759,5.252,71.027,0.250,0,5574588,212144,193352,1986136,9501.554,1620.606,0,1624.608,0,14.005,2373,3678,1.760,1.940,1.190,2,0,51.019,0,0,25,277,5,17,2
06-11 11:13:06,26.069,5.515,66.926,0,0,5593932,191728,193356,1987204,10897.705,1698.474,0,1006.652,0,17.045,9656,19395,1.760,1.940,1.190,1,0,13.034,0,0,25,277,5,17,2
06-11 11:13:07,23.431,4.985,70.043,0.249,0,5626212,151196,193376,1995020,12229.885,3708.050,1902.382,1001.044,17.947,29.912,2195,3252,1.760,1.940,1.190,1,0,6.979,0,0,25,277,5,14,2
06-11 11:13:08,24.235,4.247,71.207,0,0,5620692,155532,193400,1996084,15300.774,2870.269,0,463.720,0,9.994,2248,3221,1.760,1.940,1.190,0,0,5.996,0,0,25,278,5,14,2
06-11 11:13:09,26.231,5.746,66.952,0.250,0,5605732,164280,193444,2001452,10417.562,3280.658,0,1151.178,0,22.984,10253,20022,1.700,1.930,1.190,1,0,8.994,0,0,25,277,5,14,2
06-11 11:13:10,22.303,7.017,67.910,0,0,5605624,163832,193484,2001872,9304.932,1569.700,0,505.191,0,4.009,9991,19855,1.700,1.930,1.190,2,0,19.045,0,0,25,277,5,14,2
06-11 11:13:11,22.743,5.998,71.477,0,0,5586972,196376,193496,1989116,7172.669,1619.474,0,423.862,0,11.996,1983,3006,1.700,1.930,1.190,1,0,11.996,0,0,25,277,5,14,2
06-11 11:13:12,25.803,3.006,69.892,0,0,5556224,227088,193504,1989144,5119.428,1623.307,0,821.674,0,26.053,2178,3248,1.700,1.930,1.190,1,0,21.043,0,0,25,277,5,14,2
06-11 11:13:13,22.003,9.251,68.258,0.500,0,5561020,208944,193544,2001584,8226.020,1620.201,0,280.035,0,22.003,14098,27481,1.700,1.930,1.190,2,0,84.010,0,0,25,277,5,14,2
06-11 11:13:14,23.413,2.989,71.982,0.249,0,5591268,175488,193544,2004564,11128.579,2699.951,35.867,1354.957,2.989,4.981,1847,2820,1.560,1.890,1.180,0,0,4.981,0,0,25,280,5,14,2
06-11 11:13:15,17.255,2.001,79.772,0.250,0,5606584,160144,193580,2004556,25093.876,12512.428,0,1336.366,0,51.014,2014,3053,1.560,1.890,1.180,1,0,0,0,0,25,280,5,14,2
06-11 11:13:16,9.746,1.499,86.467,0.500,0,5606904,159388,193624,2004876,53821.386,11800.480,0,1287.507,0,60.977,2057,3273,1.560,1.890,1.180,0,1,0,0,0,25,281,5,14,2
06-11 11:13:17,7.512,1.753,89.138,0.501,0,5607796,158156,193748,2005024,120370.853,8777.553,0,1289.992,0,58.090,1974,3164,1.560,1.890,1.180,3,0,0,0,0,25,281,5,14,2
06-11 11:13:18,21.484,1.499,75.943,0.250,0,5625656,140096,193832,2005140,19466.322,10475.102,0,951.283,0,33.974,1848,2767,1.560,1.890,1.180,0,0,0,0,0,25,281,5,14,2
06-11 11:13:19,18.995,2.249,77.978,0.500,0,5630816,136600,193936,2003364,267003.506,15702.619,0,1543.569,0,45.987,2098,3031,1.520,1.880,1.180,2,0,0,0,0,25,281,5,15,2
06-11 11:13:20,12.751,2.500,81.508,1.500,0,5634476,147972,194056,1988144,95900.206,18874.812,52.005,2296.220,8.001,111.011,2334,3443,1.520,1.880,1.180,0,0,1.000,0,0,25,281,5,14,2
06-11 11:13:21,16.279,2.254,79.139,0.501,0,5649828,132248,194268,1988388,70642.978,15356.951,104.183,1811.179,6.011,73.128,2293,3324,1.520,1.880,1.180,2,0,0,0,0,25,281,5,14,2
06-11 11:13:22,12.735,4.994,79.657,1.249,0,5653452,141684,193392,1978912,7296684.879,65277.625,10084.201,8677.847,64.924,86.898,4591,4091,1.520,1.880,1.180,0,0,3.995,0,0,25,281,5,14,2
06-11 11:13:23,24.987,4.248,70.463,0.750,0,5651648,133900,194196,1987672,227288.355,8085.779,0,2322.788,0,83.956,2162,3413,1.520,1.880,1.180,2,0,0.999,0,0,25,281,5,14,2
06-11 11:13:24,23.740,5.498,69.471,0.500,0,5649020,144996,196360,1976836,6668.186,1531.354,3.998,4446.124,1.000,94.960,2036,3431,1.480,1.860,1.180,1,0,1.000,0,0,25,283,5,14,2
06-11 11:13:25,23.265,5.504,69.795,1.001,0,5657432,147364,196548,1966584,8380.347,1695.081,0,2781.775,0,102.065,2130,3569,1.480,1.860,1.180,2,0,0,0,0,25,283,5,14,2
06-11 11:13:26,20.994,9.497,66.233,1.250,0,5644280,146108,187852,1990268,8525.749,1619.572,0,183599.530,0,952.748,4561,5938,1.480,1.860,1.180,1,0,0,0,0,25,283,5,14,2
06-11 11:13:27,25.766,4.253,69.044,0.250,0,5646416,143456,182820,1994556,6245.972,1532.975,0,2825.797,0,72.046,2224,3497,1.480,1.860,1.180,1,0,1.001,0,0,25,283,5,15,2
06-11 11:13:28,21.730,5.245,70.933,1.249,0,5645736,139680,171876,2009940,10721.932,2869.306,15.985,4759.531,3.996,382.641,3114,4219,1.480,1.860,1.180,0,0,0.999,0,0,25,284,5,14,2
06-11 11:13:29,23.092,3.514,73.543,0.251,0,5571608,247096,172024,1976920,11218.684,2981.877,329.312,795.167,14.056,15.060,1844,2613,1.440,1.850,1.180,1,0,5.020,0,0,25,281,5,14,2
06-11 11:13:30,20.191,3.241,75.280,0,0,5611236,204572,172036,1979872,14538.576,3696.214,0,410.801,0,2.991,1862,2811,1.440,1.850,1.180,1,0,4.985,0,0,25,282,5,14,2
06-11 11:13:31,23.739,3.998,71.218,0,0,5611948,199656,172284,1983268,8764.047,2834.722,0,20534.739,0,247.888,2354,3098,1.440,1.850,1.180,0,0,5.997,0,0,25,282,5,14,2
06-11 11:13:32,22.738,4.248,72.462,0.250,0,5588792,215640,172848,1989080,15680.799,3585.125,0,1191.377,0,26.986,10162,20689,1.440,1.850,1.180,1,0,5.997,0,0,25,281,5,14,2
06-11 11:13:33,24.773,4.004,70.566,0,0,5581784,221944,172904,1989584,10152.564,1663.567,0,236.223,0,27.025,2360,3650,1.440,1.850,1.180,1,0,9.008,0,0,25,281,5,14,2
06-11 11:13:34,22.733,6.745,68.698,0,0,5596836,206628,172956,1989764,6809.818,1618.768,0,83.936,0,0.999,10584,21178,1.440,1.850,1.180,1,0,15.988,0,0,25,281,5,12,2
06-11 11:13:35,23.831,6.271,70.741,0.502,0.251,5548424,268936,172992,1977012,7207.556,1709.825,0,2857.736,0,43.147,2008,3248,1.400,1.830,1.180,1,0,4.014,0,0,25,281,5,12,2
06-11 11:13:36,22.433,4.487,69.294,1.994,0,5583964,228004,173416,1981840,8209.601,1615.200,2943.253,2129.671,338.993,28.914,2802,4160,1.400,1.830,1.180,4,0,6.979,0,0,25,281,5,12,2
06-11 11:13:37,27.738,3.748,66.222,0.250,0,5593592,217696,173480,1982428,8415.398,1457.376,35.985,1643.297,2.999,105.955,5155,9773,1.400,1.830,1.180,1,0,0,0,0,25,283,5,13,2
06-11 11:13:38,26.002,4.250,68.755,0.250,0,5595088,215428,173544,1983140,5404.384,1620.115,260.018,740.053,16.001,91.006,4694,9040,1.400,1.830,1.180,2,0,0,0,0,25,288,5,15,2
06-11 11:13:39,29.746,4.249,64.242,1.750,0,5598440,210652,173720,1984368,8161.963,1693.785,1003.873,5543.296,70.991,405.948,5206,10132,1.400,1.830,1.180,3,0,3.000,0,0,25,289,5,15,2
06-11 11:13:40,21.572,11.288,65.969,0.502,0,5552160,256188,173784,1985048,8988.897,1537.112,786.616,1324.405,42.140,136.454,4978,9509,1.370,1.820,1.180,2,0,282.941,0,0,25,291,5,16,2
06-11 11:13:41,13.999,10.249,69.743,4.500,0,5547780,242132,174304,2002964,10051.934,1619.828,18018.090,543.942,1314.861,32.997,4334,7440,1.370,1.820,1.180,1,0,169.982,0,0,25,291,5,18,2
06-11 11:13:42,10.214,3.737,76.975,8.221,0,5537700,219484,174356,2035640,9852.835,2629.615,32603.638,1909.186,2314.739,32.883,6566,7980,1.370,1.820,1.180,0,0,6.975,0,0,25,292,5,14,2
06-11 11:13:43,4.002,1.000,92.546,0.500,0,5538428,218756,174380,2035616,46066.941,3669.828,24.012,3125.557,1.000,442.220,2427,3150,1.370,1.820,1.180,2,0,1.000,0,0,25,292,5,14,2
06-11 11:13:44,2.997,0.749,93.644,0,0,5538580,218504,174380,2035716,62500,5064.247,51.941,167.809,1.998,3.995,1465,2488,1.370,1.820,1.180,0,0,0.999,0,0,25,292,5,13,2
06-11 11:13:45,6.003,3.502,89.045,1.001,0,5528528,224812,174576,2039264,28227.339,119092.499,3733.897,2377.208,51.026,102.052,2170,3477,1.260,1.790,1.170,1,0,26.013,0,0,25,291,5,13,2
06-11 11:13:46,3.501,2.501,92.273,0.250,0,5528000,225248,174592,2039336,5517.363,1458.360,0,204.050,0,26.006,1827,3211,1.260,1.790,1.170,0,0,6.001,0,0,25,291,5,13,2
06-11 11:13:47,2.999,1.000,92.982,0.250,0,5528036,225200,174604,2039336,8188.444,1693.678,0,383.927,0,31.994,1783,3071,1.260,1.790,1.170,1,0,0,0,0,25,291,5,13,2
06-11 11:13:48,3.750,0.750,94.259,0.250,0,5527932,225304,174608,2039332,6753.669,1620.160,0,64.006,0,9.001,1526,2663,1.260,1.790,1.170,0,0,0,0,0,25,291,5,13,2
06-11 11:13:49,4.250,1.500,93.260,0,0,5527808,225304,174616,2039448,8393.881,1458.153,112.012,136.014,4.000,10.001,1660,2766,1.260,1.790,1.170,0,0,0,0,0,25,291,5,14,2
06-11 11:13:50,4.504,2.252,91.080,0.500,0,5527924,225108,174680,2039464,8032.060,1621.425,0,788.693,0,88.077,2371,4245,1.160,1.760,1.160,0,0,1.001,0,0,25,291,5,13,2
06-11 11:13:51,3.751,0.500,94.766,0,0,5527752,225280,174680,2039464,6296.033,1620.266,0,108.018,0,8.001,1461,2665,1.160,1.760,1.160,0,0,0,0,0,25,291,5,13,2
06-11 11:13:52,3.497,0.999,94.418,0,0,5527884,225136,174688,2039468,8300.770,1618.590,0,79.930,0,8.992,1589,2629,1.160,1.760,1.160,0,0,0,0,0,25,291,5,13,2
06-11 11:13:53,3.000,1.250,94.495,0,0,5527884,225136,174708,2039448,7968.538,1619.906,0,223.987,0,19.999,1557,2565,1.160,1.760,1.160,0,0,0,0,0,25,291,5,13,2
06-11 11:13:54,3.250,0.500,94.242,0.500,0,5527852,225136,174716,2039472,8895.226,1619.859,4.000,123.989,1.000,9.999,1461,2411,1.160,1.760,1.160,0,0,0,0,0,25,291,5,13,2
06-11 11:13:55,2.251,1.501,94.286,0,0,5527788,225136,174716,2039536,8247.134,1532.582,32.012,0,4.002,0,1506,2682,1.070,1.730,1.160,1,0,0,0,0,25,291,5,13,2
06-11 11:13:56,4.247,1.249,93.938,0,0,5527772,225136,174732,2039536,10447.053,1618.923,0,99.934,0,13.991,1640,2872,1.070,1.730,1.160,0,0,0,0,0,25,291,4,13,2
06-11 11:13:57,4.751,2.250,91.017,0.500,0,5529816,223092,174760,2039508,6885.274,1620.300,0,23932.427,0,152.028,2385,3755,1.070,1.730,1.160,0,0,1.000,0,0,25,291,4,14,2
06-11 11:13:58,4.250,1.750,94.001,0,0,5529816,223092,174760,2039540,6131.055,1458.013,0,216.002,0,20.000,1699,3003,1.070,1.730,1.160,0,0,1.000,0,0,25,291,4,14,2
06-11 11:13:59,2.751,1.000,93.536,0,0,5529812,223092,174760,2039544,5734.190,1620.619,0,164.063,0,2.001,1497,2624,1.070,1.730,1.160,0,0,0,0,0,25,291,4,13,2
06-11 11:14:00,4.499,1.250,92.972,0.250,0,5529784,223092,174764,2039568,8346.454,1619.506,15.995,595.818,1.000,50.984,1841,3269,0.980,1.700,1.150,0,0,1.000,0,0,25,291,4,13,2
06-11 11:14:01,3.749,3.249,92.715,0,0,5525468,227408,174764,2039568,6440.565,1457.449,0,31.988,0,3.998,1493,2585,0.980,1.700,1.150,0,0,0,0,0,25,291,4,13,2
06-11 11:14:02,3.504,2.503,93.596,0.250,0,5526568,226360,174764,2039576,8717.971,1621.669,0,39500.646,0,304.313,2155,2970,0.980,1.700,1.150,0,0,0,0,0,25,291,4,13,2
06-11 11:14:03,6.994,3.497,88.177,0,0,5509688,243240,174764,2039508,6556.552,1618.655,0,3.997,0,0.999,2125,5415,0.980,1.700,1.150,0,0,33.972,0,0,25,291,4,14,1
06-11 11:14:04,4.251,1.000,93.772,0.250,0,5509904,242988,174764,2039612,9497.203,1458.338,120.028,1248.290,14.003,242.056,1802,2735,0.980,1.700,1.150,0,0,0,0,0,25,291,4,14,1
06-11 11:14:05,2.500,0.750,94.263,0,0,5509784,242988,174764,2039732,11617.661,1620.232,0,0,0,0,1467,2502,0.980,1.690,1.150,0,0,0,0,0,25,291,4,13,1
06-11 11:14:06,4.499,1.750,93.487,0.250,0,5509968,242988,174776,2039732,9299.745,1619.781,0,723.902,0,21.997,1700,2924,0.980,1.690,1.150,0,0,2.000,0,0,25,291,4,13,1
06-11 11:14:07,5.749,3.749,88.731,0,0,5526220,225188,174796,2041260,9099.062,1457.690,1135.758,2535.460,10.998,30.993,1953,3106,0.980,1.690,1.150,0,0,3.999,0,0,25,291,4,13,1
06-11 11:14:08,5.015,2.507,91.768,0,0,5525376,224432,174804,2042852,10712.237,1624.738,1729.042,316.924,15.044,10.029,1935,3049,0.980,1.690,1.150,0,0,0,0,0,25,291,4,13,1
06-11 11:14:09,5.748,2.499,90.721,0,0,5530604,219452,174808,2042600,6984.744,1693.453,0,247.920,0,6.998,1791,2967,0.980,1.690,1.150,0,0,0,0,0,25,291,4,13,1
06-11 11:14:10,3.991,0.998,93.780,0.249,0,5530480,219452,174828,2042704,10855.500,1690.030,95.775,331.222,4.988,27.934,1892,3283,0.900,1.660,1.140,1,0,0.998,0,0,25,291,4,13,1
06-11 11:14:11,3.999,1.000,94.723,0,0,5530480,219452,174828,2042704,9562.246,1619.534,0,0,0,0,1520,2532,0.900,1.660,1.140,1,0,0,0,0,25,291,4,13,1
06-11 11:14:12,3.752,1.751,93.300,0,0,5530480,219452,174840,2042692,9278.936,1532.815,0,356.189,0,35.019,1797,3194,0.900,1.660,1.140,3,0,1.001,0,0,25,291,4,13,1
06-11 11:14:13,3.500,1.000,93.507,0.250,0,5530436,219452,174860,2042716,9450.680,1620.117,0,116.008,0,15.001,1703,2914,0.900,1.660,1.140,0,0,1.000,0,0,25,291,4,13,1
06-11 11:14:14,3.502,0.750,94.812,0,0,5530436,219452,174860,2042716,4571.972,1621.054,0,0,0,0,1419,2490,0.900,1.660,1.140,0,0,0,0,0,25,291,4,13,1
06-11 11:14:15,2.997,0.999,93.903,0,0,5530436,219452,174860,2042716,7267.500,485.499,0,179.814,0,11.988,1500,2701,0.830,1.630,1.140,0,0,0,0,0,25,291,4,13,1
06-11 11:14:16,10.256,3.252,85.802,0.500,0,5531400,217928,174900,2043236,227893.103,5535.354,468.284,240.146,10.006,22.013,2112,3158,0.830,1.630,1.140,1,0,19.012,0,0,25,291,4,13,1
06-11 11:14:17,13.552,4.517,80.561,0,0,5539744,209368,174912,2043440,348865.972,9071.023,156.605,353.364,7.027,13.050,2356,3488,0.830,1.630,1.140,1,0,32.124,0,0,25,291,4,13,1
