"pcp-dstat 5.3.6 CSV Output"
"Author:","PCP team <pcp@groups.io> and Dag Wieers <dag@wieers.com>",,,,"URL:","https://pcp.io/ and http://dag.wieers.com/home-made/dstat/"
"Host:","ubuntu",,,,"User:","ubuntu"
"Cmdline:","dstat -tcmndrylpg --tcp --output /tmp/devstack_logs/dstat-csv.log",,,,"Date:","10 Jul 2024 16:06:36 UTC"
"system","total usage",,,,,"memory usage",,,,"net/total",,"dsk/total",,"io/total",,"system",,"load avg",,,"procs",,,"paging",,"tcp sockets",,,,
"time","total usage:usr","total usage:sys","total usage:idl","total usage:wai","total usage:stl","used","free","buf","cach","net/total:recv","net/total:send","dsk/total:read","dsk/total:writ","read","writ","int","csw","1m","5m","15m","run","blk","new","in","out","lis","act","syn","tim","clo"
10-07 16:06:36,,1085620,1338368,168492,5200580,,,,,,,1.680,1.060,0.580,4,0,,,,9,5,6,10,1
10-07 16:06:37,36.417,24.943,37.664,0.499,0,1027624,1381740,168524,5214428,387939.782,16530.195,147.662,3320.406,1.995,165.621,4007,6242,1.680,1.060,0.580,4,0,529.788,0,0,9,4,6,10,2
10-07 16:06:38,24.797,28.805,45.587,0,0,1037764,1370648,168528,5215432,5508.505,1697.237,264.504,961.834,3.006,45.086,3987,6859,1.680,1.060,0.580,2,0,456.871,0,0,9,4,6,10,2
10-07 16:06:39,31.755,22.753,44.507,0,0,1024528,1382432,168548,5216860,10418.594,1620.248,384.059,856.131,3.000,27.004,5741,11465,1.680,1.060,0.580,1,1,285.044,0,0,9,4,6,10,2
10-07 16:06:40,28.752,12.501,56.753,1.500,0,1166060,1205500,169424,5372452,5460.333,1512.092,0,3668.224,0,155.009,3819,7428,1.630,1.060,0.590,2,0,98.006,0,0,10,6,6,10,2
10-07 16:06:41,36.192,14.227,47.923,1.498,0,1173384,1165060,170688,5400912,6890.885,1563.478,79.871,3622.157,0.998,147.762,2865,4036,1.630,1.060,0.590,3,0,199.678,0,0,10,6,6,12,2
10-07 16:06:42,41.569,5.509,52.337,0.250,0,1177664,1171060,171124,5389732,12329.516,4361.257,0,2019.360,0,52.087,1395,1586,1.630,1.060,0.590,3,0,2.003,0,0,10,4,6,12,0
10-07 16:06:43,40.746,7.999,47.495,3.000,0,1214336,1127748,171456,5395764,7570.190,1619.827,0,19725.889,0,1409.849,17041,31453,1.630,1.060,0.590,2,1,43.995,0,0,10,6,6,12,0
10-07 16:06:44,39.685,10.233,40.932,8.236,0,1130080,1206680,171924,5400404,4932.861,1617.331,0,44758.149,0,3567.114,21537,39425,1.630,1.060,0.590,3,0,60.900,0,0,10,4,6,12,0
10-07 16:06:45,41.492,9.748,48.490,0,0,1174564,1162196,171924,5400316,5864.850,1619.683,0,2671.476,0,142.972,1797,1980,1.660,1.070,0.590,2,0,81.984,0,0,10,4,6,12,0
10-07 16:06:46,29.744,6.249,64.486,0.500,0,1085668,1251072,171928,5400328,4900.956,1787.619,0,1063.773,0,52.989,1319,1646,1.660,1.070,0.590,1,0,59.987,0,0,10,4,6,12,0
10-07 16:06:47,22.764,3.252,73.294,0.250,0,1161500,1175220,171948,5400328,4813.912,1586.960,0,6936.196,0,387.234,1521,2765,1.660,1.070,0.590,1,0,0,0,0,10,4,6,12,0
10-07 16:06:48,19.505,6.502,73.021,0,0,1078508,1258200,171952,5400336,4320.214,1620.455,0,436.123,0,30.008,1361,1886,1.660,1.070,0.590,1,0,89.025,0,0,10,4,6,12,0
10-07 16:06:49,8.993,19.485,69.698,0,0,1083872,1252684,171952,5400488,7358.511,1564.833,0,11.991,0,2.998,2418,3391,1.660,1.070,0.590,1,0,266.801,0,0,10,4,6,12,0
10-07 16:06:50,9.503,21.256,69.269,0,0,1083056,1253460,171952,5400512,8007.242,1620.454,0,28.008,0,7.002,2406,3537,1.690,1.090,0.600,1,0,268.075,0,0,10,4,6,12,0
10-07 16:06:51,16.491,17.990,63.465,0,0,1089712,1246772,171952,5400540,7530.881,1619.114,0,32134.422,0,90.950,5297,10821,1.690,1.090,0.600,2,0,171.906,0,0,10,4,6,12,0
10-07 16:06:52,46.272,10.255,44.021,0,0,1225176,1111000,171956,5401256,5915.763,1620.757,0,0,0,0,1631,2179,1.690,1.090,0.600,2,0,124.058,0,0,10,5,6,12,0
10-07 16:06:53,47.336,4.508,47.587,0.751,0,1272732,1061184,172000,5403208,7877.360,1622.959,0,2680.887,0,146.267,3260,5200,1.690,1.090,0.600,2,0,0,0,0,10,5,6,12,0
10-07 16:06:54,15.466,8.481,74.087,0,0,1284460,1048624,172008,5403884,7109.388,1690.288,0,1448.818,0,73.838,2435,3816,1.690,1.090,0.600,0,0,117.741,0,0,10,4,6,12,0
10-07 16:06:55,11.750,3.250,84.247,0.250,0,1321204,1011880,172008,5403884,5864.795,1511.947,0,403.986,0,24.999,1184,1536,1.550,1.070,0.600,1,0,20.999,0,0,10,4,6,12,0
10-07 16:06:56,23.253,3.750,72.510,0.250,0.250,1375800,957280,172008,5403884,5536.736,1620.215,0,28903.844,0,467.062,1748,1219,1.550,1.070,0.600,1,0,0,0,0,10,4,6,12,0
10-07 16:06:57,22.003,4.001,72.760,0.500,0,1299772,1033176,172024,5404132,6613.952,1566.226,0,2500.360,0,221.032,3186,5438,1.550,1.070,0.600,1,0,43.006,0,0,10,4,6,14,0
10-07 16:06:58,23.488,2.998,73.462,0.250,0,1354164,978520,172024,5404328,6409.648,1619.153,0,855.553,0,5.997,1148,1662,1.550,1.070,0.600,3,0,0.999,0,0,10,13,6,14,0
10-07 16:06:59,22.750,4.250,72.749,0.500,0,1339568,992776,172024,5404576,7365.904,1619.979,231.997,383.995,57.999,5.000,1680,2554,1.550,1.070,0.600,1,0,46.999,0,0,10,28,6,14,0
10-07 16:07:00,20.533,8.764,69.611,0.250,0,1313816,1018372,172024,5404728,5809.283,1622.593,0,1161.857,0,19.030,1810,2750,1.510,1.070,0.600,5,0,140.224,0,0,10,28,6,14,0
10-07 16:07:01,43.771,7.253,48.023,0,0,1426024,906144,172028,5404796,5131.473,1512.729,0,36993.831,0,333.161,2782,3736,1.510,1.070,0.600,4,0,16.008,0,0,10,29,6,15,0
10-07 16:07:02,46.513,21.256,32.009,0.250,0,1401864,929892,172032,5405144,4861.356,1694.473,0,1068.298,0,29.008,4264,9197,1.510,1.070,0.600,6,0,430.120,0,0,10,28,6,16,0
10-07 16:07:03,80.500,15.750,3.500,0,0,1603596,728100,172032,5405188,6271.994,1693.998,0,12.000,0,3.000,3442,7178,1.510,1.070,0.600,5,0,148.000,0,0,10,31,6,16,0
10-07 16:07:04,69.711,13.243,16.741,0.250,0.250,1447996,883320,172032,5405564,46982.019,1693.064,0,791.562,0,60.966,4102,9531,1.510,1.070,0.600,3,0,199.889,0,0,10,30,6,16,0
10-07 16:07:05,25.265,9.005,65.540,0,0,1362444,968816,172040,5405580,6437.921,1566.954,0,404.246,0,37.023,2972,5228,1.470,1.070,0.600,3,0,110.067,0,0,10,28,6,16,0
10-07 16:07:06,22.746,3.499,72.738,0.250,0,1334596,996648,172040,5405592,7733.685,1693.712,0,5215.113,0,35.994,2159,3523,1.470,1.070,0.600,3,0,15.997,0,0,10,28,6,16,0
10-07 16:07:07,20.189,5.484,73.031,0,0,1391208,940028,172040,5405600,5860.425,1615.156,0,323.031,0,22.931,1395,2067,1.470,1.070,0.600,2,0,51.845,0,0,10,29,6,16,0
10-07 16:07:08,15.782,12.776,70.893,0,0,1333008,998192,172048,5405628,6261.642,1515.059,0,160.324,0,27.055,2696,4619,1.470,1.070,0.600,1,0,155.314,0,0,10,28,6,18,0
10-07 16:07:09,8.243,22.232,68.443,0,0,1328464,1002724,172048,5405640,10005.705,1618.658,0,2473.949,0,22.981,2472,3202,1.470,1.070,0.600,1,0,317.737,0,0,10,28,6,18,0
10-07 16:07:10,52.348,26.299,21.039,0,0,1480868,850248,172048,5405676,4761.876,1697.164,0,232.433,0,21.039,2832,4625,1.670,1.120,0.620,5,0,567.057,0,0,10,28,6,18,0
10-07 16:07:11,83.711,9.995,6.747,0.250,0,1565772,764844,172060,5406164,7606.425,1693.204,0,57524.963,0,202.905,3938,8595,1.670,1.120,0.620,5,0,30.985,0,0,10,30,6,17,0
10-07 16:07:12,81.292,14.758,3.752,0,0,1470632,859600,172076,5406512,5822.033,1694.883,0,1124.586,0,46.024,4661,9803,1.670,1.120,0.620,7,0,145.076,0,0,10,28,6,17,0
10-07 16:07:13,82.751,13.500,3.500,0,0,1580944,749088,172080,5406708,11991.168,1566.022,0,232.003,0,14.000,4735,9616,1.670,1.120,0.620,7,0,143.002,0,0,10,29,6,17,0
10-07 16:07:14,75.221,10.746,12.995,0,0,1578872,750772,172084,5407072,8469.765,1693.353,0,355.864,0,29.989,5605,16240,1.670,1.120,0.620,5,0,91.965,0,0,10,28,6,20,0
10-07 16:07:15,43.766,13.005,43.516,0,0,1441276,888312,172088,5407120,5601.033,1512.549,0,264.096,0,14.005,2016,2914,1.700,1.130,0.630,2,0,198.072,0,0,10,28,6,20,0
10-07 16:07:16,41.502,17.001,41.502,0,0,1352320,976940,172088,5407436,6178.290,1620.076,0,8184.385,0,46.002,4136,9752,1.700,1.130,0.630,3,0,373.018,0,0,10,28,6,25,0
10-07 16:07:17,65.681,7.742,25.973,0.250,0,1512752,816220,172088,5407816,5013.751,1618.306,0,4223.578,0,107.887,2650,4706,1.700,1.130,0.630,3,0,4.995,0,0,10,30,6,27,0
10-07 16:07:18,67.306,15.513,17.264,0,0,1477448,851152,172108,5408168,6735.651,1769.485,0,452.380,0,50.042,5082,9800,1.700,1.130,0.630,4,0,258.217,0,0,10,28,6,28,0
10-07 16:07:19,74.998,9.250,15.750,0.250,0,1577496,750912,172112,5408356,8312.800,1619.961,0,279.993,0,20.999,4028,11495,1.700,1.130,0.630,4,0,2.000,0,0,10,30,6,30,0
10-07 16:07:20,68.234,16.496,14.747,0,0,1502844,825324,172112,5410800,6011.623,1619.629,0,419.904,0,26.994,2591,9238,1.800,1.160,0.640,4,0,355.918,0,0,10,28,6,30,0
10-07 16:07:21,57.267,15.004,26.758,0,0,1406564,921392,172116,5408764,5531.604,1620.470,0,692.201,0,44.013,5729,15126,1.800,1.160,0.640,5,0,223.065,0,0,10,28,6,34,0
10-07 16:07:22,67.748,10.750,21.999,0,0,1516244,811664,172116,5408808,4393.886,1457.962,0,291.992,0,18.000,2255,3868,1.800,1.160,0.640,4,0,77.998,0,0,10,29,6,34,0
10-07 16:07:23,56.752,15.251,26.001,0,0,1428184,899496,172120,5409028,5355.220,1620.066,0,312.013,0,29.001,4931,11811,1.800,1.160,0.640,3,0,287.012,0,0,10,28,6,36,0
10-07 16:07:24,63.502,6.750,30.251,0,0,1520752,806760,172120,5409192,6404.218,1620.055,0,392.013,0,33.001,4915,9363,1.800,1.160,0.640,3,0,0,0,0,10,29,6,39,0
10-07 16:07:25,62.960,12.242,24.235,0,0,1513284,814168,172128,5409240,5834.295,1618.972,0,1291.180,0,17.989,1855,2615,1.900,1.190,0.660,4,0,117.925,0,0,10,29,6,39,0
10-07 16:07:26,62.046,16.262,21.016,0,0,1431728,895488,172140,5409464,3973.937,1621.198,0,512.379,0,53.039,3830,10317,1.900,1.190,0.660,5,0,386.285,0,0,10,28,6,39,0
10-07 16:07:27,83.944,13.741,2.498,0,0,1615052,712120,172140,5409508,4304.133,1692.873,0,723.518,0,38.974,4264,8073,1.900,1.190,0.660,10,0,174.884,0,0,10,29,6,39,0
10-07 16:07:28,82.044,16.759,1.501,0,0,1556992,769776,172148,5409896,5797.101,1694.907,0,2857.529,0,177.095,3185,5807,1.900,1.190,0.660,6,0,270.145,0,0,10,29,6,39,0
10-07 16:07:29,81.249,15.000,3.250,0,0,1579144,747368,172148,5410140,5129.908,1457.974,0,395.993,0,31.999,5101,11799,1.900,1.190,0.660,7,0,207.996,0,0,10,29,6,39,0
10-07 16:07:30,70.002,21.501,7.500,0,0,1464404,861860,172148,5410380,6083.182,1620.049,0,164.005,0,9.000,5907,14893,2.140,1.260,0.680,5,0,409.012,0,0,10,30,6,40,0
10-07 16:07:31,28.434,25.939,43.898,0,0,1329056,996884,172148,5410700,4964.418,1616.229,0,179.581,0,9.977,4031,10421,2.140,1.260,0.680,2,0,585.634,0,0,10,28,6,40,0
10-07 16:07:32,10.266,20.532,68.105,0.250,0,1327952,997980,172148,5410704,7202.062,1664.557,0,4482.886,0,293.451,2830,3084,2.140,1.260,0.680,1,0,305.469,0,0,10,28,6,37,0
10-07 16:07:33,9.008,22.770,67.809,0,0,1328812,997112,172148,5410712,5069.395,1621.406,0,12.010,0,3.003,2360,3128,2.140,1.260,0.680,2,0,313.272,0,0,10,28,6,37,0
10-07 16:07:34,56.000,29.750,14.000,0,0,1499328,826532,172160,5410764,44002.648,1735.986,0,403.997,0,34.000,3132,6409,2.140,1.260,0.680,6,0,820.993,0,0,10,28,6,37,0
10-07 16:07:35,75.000,21.000,3.500,0,0,1494428,831292,172188,5410836,6533.961,1553.991,0,987.994,0,76.000,5762,12358,2.610,1.370,0.720,8,0,398.998,0,0,10,29,6,37,0
10-07 16:07:36,81.722,16.494,1.999,0,0,1532984,792328,172192,5411236,5717.056,1639.443,0,435.852,0,31.989,4213,8309,2.610,1.370,0.720,6,0,259.912,0,0,10,30,6,37,0
10-07 16:07:37,82.035,15.256,2.501,0,0,1640492,684388,172196,5411636,5517.328,1620.684,0,212.090,0,10.004,6451,12087,2.610,1.370,0.720,6,0,110.046,0,0,10,30,6,37,0
10-07 16:07:38,83.240,10.749,5.249,0,0,1654668,669688,172208,5412116,4898.437,1619.814,0,415.952,0,31.996,8641,18470,2.610,1.370,0.720,7,0,30.996,0,0,10,30,6,37,0
10-07 16:07:39,82.168,15.485,1.748,0.250,0,1555712,768220,172212,5412520,10817.172,1618.380,0,475.524,0,48.951,5068,38140,2.610,1.370,0.720,7,0,167.832,0,0,10,28,6,37,0
10-07 16:07:40,80.814,14.011,4.754,0,0,1694468,629172,172216,5412772,5835.657,1621.294,0,1100.879,0,14.011,5095,11143,2.890,1.450,0.750,8,0,3.002,0,0,10,31,6,37,0
10-07 16:07:41,73.268,16.004,10.753,0,0,1648976,672940,172228,5414428,23183.796,3797.949,0,536.134,0,19.005,8766,23248,2.890,1.450,0.750,4,0,71.018,0,0,10,33,6,41,0
10-07 16:07:42,76.998,14.500,7.500,0,0.250,1481584,839268,172284,5415412,130677.602,9573.751,0,1239.968,0,62.998,8732,18868,2.890,1.450,0.750,7,0,144.996,0,0,10,31,6,40,0
10-07 16:07:43,83.247,14.499,2.750,0,0,1601044,717728,172436,5417188,35341.586,4685.813,0,855.966,0,37.998,4633,9591,2.890,1.450,0.750,7,0,120.995,0,0,10,32,6,40,0
10-07 16:07:44,81.978,12.497,5.748,0,0,1585464,731652,172512,5418632,139696.003,6475.239,0,567.846,0,22.994,6363,13799,2.890,1.450,0.750,7,0,43.988,0,0,10,31,5,40,0
10-07 16:07:45,82.026,13.504,3.251,0.250,0,1594380,722100,172604,5419084,29421.444,5867.884,0,940.302,0,46.015,4091,10451,3.140,1.520,0.780,7,0,167.054,0,0,10,31,5,40,0
10-07 16:07:46,79.242,14.499,5.749,0,0,1538672,777528,172748,5419168,25316.595,7069.328,0,1367.870,0,76.993,4392,10173,3.140,1.520,0.780,9,0,186.982,0,0,10,32,5,40,0
10-07 16:07:47,86.512,10.751,2.750,0,0,1692484,622380,172884,5420228,57404.922,6547.904,0,1240.171,0,73.010,5093,13622,3.140,1.520,0.780,7,0,2.000,0,0,10,31,5,40,0
10-07 16:07:48,80.497,15.499,4.000,0,0,1561224,753264,172960,5420472,16603.419,5727.800,0,9507.667,0,221.992,6103,12088,3.140,1.520,0.780,6,0,136.995,0,0,10,31,5,40,0
10-07 16:07:49,84.979,10.247,3.749,0,0,1655620,658460,173060,5420728,19908.142,6739.356,0,991.758,0,47.988,4541,12630,3.140,1.520,0.780,5,0,44.989,0,0,10,33,5,40,0
10-07 16:07:50,80.268,11.253,7.252,0.250,0,1553516,757944,173200,5423116,338015.716,9649.161,0,1784.400,0,94.021,4968,17951,3.280,1.580,0.800,8,0,200.045,0,0,10,30,5,41,0
10-07 16:07:51,85.501,12.750,1.750,0,0,1612116,699060,173252,5423264,11306.079,3990.028,0,516.004,0,24.000,2075,3078,3.280,1.580,0.800,6,0,117.001,0,0,10,31,5,41,0
10-07 16:07:52,73.998,11.500,15.000,0.250,0,1498496,802720,173720,5431644,1422627.744,17776.484,0,3107.910,0,62.998,6045,15668,3.280,1.580,0.800,5,0,103.997,0,0,10,30,5,44,0
10-07 16:07:53,81.990,12.748,4.000,0,0,1612068,688736,173804,5431836,14513.258,5762.309,0,987.881,0,44.995,3080,6008,3.280,1.580,0.800,8,0,38.995,0,0,10,31,5,45,0
10-07 16:07:54,80.253,15.000,5.750,0,0,1550472,749580,173964,5432352,16813.538,5070.162,0,1076.034,0,56.002,5483,11912,3.280,1.580,0.800,5,0,188.006,0,0,10,31,5,45,0
10-07 16:07:55,76.991,11.749,10.749,0,0,1542464,756900,174080,5432812,20869.517,6764.195,0,935.889,0,45.995,5011,13169,3.420,1.640,0.820,6,0,70.992,0,0,10,31,5,45,0
10-07 16:07:56,82.471,12.246,4.498,0,0,1583056,715652,174176,5433304,51102.165,3917.633,0,3378.821,0,33.988,3730,7388,3.420,1.640,0.820,5,0,100.965,0,0,10,30,5,46,0
10-07 16:07:57,79.482,14.747,4.999,0,0,1544068,753892,174292,5433776,69425.588,5687.737,0,1179.738,0,60.986,4711,9189,3.420,1.640,0.820,5,0,153.966,0,0,10,31,5,46,0
10-07 16:07:58,79.055,10.507,9.507,0.250,0,1572620,724932,174440,5433964,75098.818,8467.843,0,1505.038,0,93.064,4105,8919,3.420,1.640,0.820,7,0,133.092,0,0,10,34,5,44,0
10-07 16:07:59,81.912,11.702,5.228,0,0,1579040,693240,174480,5458392,13471397.599,59169.688,0,9974.814,0,40.831,7081,11907,3.420,1.640,0.820,5,0,90.626,0,0,10,35,5,44,0
10-07 16:08:00,81.084,11.799,7.029,0.502,0,1592392,665004,174680,5472556,6213280.931,33168.688,0,11973.342,0,153.633,6625,10830,3.470,1.680,0.840,5,0,147.608,0,0,10,35,6,44,0
10-07 16:08:01,77.502,15.000,7.000,0,0,1533536,705740,174940,5489712,8627332.547,45303.906,0,11428.229,0,145.003,6668,10957,3.470,1.680,0.840,5,0,219.004,0,0,10,34,6,44,0
10-07 16:08:02,78.256,14.001,7.751,0,0,1521424,717340,175048,5490008,4399.317,1620.117,0,4944.356,0,295.021,4358,10467,3.470,1.680,0.840,5,0,222.016,0,0,10,35,6,42,0
10-07 16:08:03,76.497,15.999,6.250,0,0,1522116,714844,175112,5491684,5643.808,1693.942,71.998,1147.961,1.000,43.999,4662,9933,3.470,1.680,0.840,4,0,171.994,0,0,10,34,6,42,0
10-07 16:08:04,78.689,13.989,6.745,0,0,1561248,675400,175180,5491768,42703.819,1618.742,0,507.606,0,32.974,4310,10421,3.470,1.680,0.840,4,0,95.925,0,0,10,36,6,42,0
10-07 16:08:05,77.064,14.762,7.006,0,0,1520452,708400,175552,5498224,5131.274,1459.216,0,1229.024,0,52.043,4953,13415,3.510,1.720,0.860,4,0,185.154,0,0,10,34,6,42,0
10-07 16:08:06,63.243,12.249,24.247,0.250,0,1469284,756312,175956,5500428,8715.006,1619.815,0,1251.857,0,33.996,3039,8104,3.510,1.720,0.860,3,0,56.994,0,0,10,35,6,42,0
10-07 16:08:07,63.976,10.746,25.740,0,0,1479964,745180,175960,5500876,5561.942,1767.346,0,359.867,0,20.992,4127,9908,3.510,1.720,0.860,3,0,64.976,0,0,10,35,6,42,0
10-07 16:08:08,64.769,9.003,25.508,1.250,0,1499432,683552,176908,5539400,7049.101,1620.483,0,12219.641,0,465.139,3758,6128,3.510,1.720,0.860,3,0,5.001,0,0,10,34,6,42,0
10-07 16:08:09,55.508,20.253,24.254,0.250,0,1445240,672616,182120,5591144,11801.723,1694.247,0,2376.347,0,78.011,4284,7289,3.510,1.720,0.860,3,0,297.043,0,0,10,34,6,40,0
10-07 16:08:10,62.249,13.500,24.750,0.500,0,1471860,612260,189648,5609692,5133.928,1619.977,0,13275.814,0,50.999,3375,5709,3.470,1.740,0.870,3,0,112.998,0,0,10,34,6,40,0
10-07 16:08:11,63.372,11.227,24.450,0.249,0,1512064,566132,190304,5613720,5446.959,1455.051,0,2419.096,0,46.905,6457,19959,3.470,1.740,0.870,4,0,50.897,0,0,10,35,6,40,0
10-07 16:08:12,60.872,13.026,25.802,0,0,1528100,549980,190312,5613780,5237.464,1623.243,0,428.857,0,10.020,5239,10883,3.470,1.740,0.870,3,0,64.128,0,0,10,35,6,41,0
10-07 16:08:13,51.728,19.492,27.238,0,0,1405404,719004,190316,5569252,6022.446,1967.166,0,827.649,0,38.983,4401,8747,3.470,1.740,0.870,2,0,345.853,0,0,10,32,6,41,0
10-07 16:08:14,38.181,12.228,48.412,0.250,0,1447204,676720,190320,5569740,7876.696,1617.063,0,770.601,0,11.978,1772,2305,3.470,1.740,0.870,2,0,180.672,0,0,10,32,6,41,0
10-07 16:08:15,52.839,16.778,30.051,0,0,1374912,736620,190328,5581952,5296.904,1664.799,76.128,1895.186,1.002,31.052,6359,13494,3.430,1.760,0.880,4,0,341.574,0,0,10,32,6,38,0
10-07 16:08:16,29.752,21.502,48.004,0,0,1410940,700500,190328,5582060,5520.420,1694.129,0,524.040,0,20.002,3770,7608,3.430,1.760,0.880,3,0,394.030,0,0,10,33,6,38,0
10-07 16:08:17,22.961,6.738,69.381,0,0,1400384,711072,190328,5582092,5576.431,1691.098,0,479.178,0,28.950,1664,2483,3.430,1.760,0.880,2,0,86.851,0,0,10,32,6,33,0
10-07 16:08:18,24.499,2.500,71.747,0,0,1403100,708328,190328,5582120,6411.744,1457.942,0,179.993,0,10.000,2429,5719,3.430,1.760,0.880,2,0,0,0,0,10,32,6,33,0
10-07 16:08:19,19.989,5.997,72.960,0,0,1400952,710464,190328,5582132,5221.113,1619.105,0,183.898,0,7.996,1184,1577,3.430,1.760,0.880,2,0,57.968,0,0,10,32,6,30,0
10-07 16:08:20,18.518,8.759,72.321,0.250,0,1363712,747628,190332,5582204,7103.962,1621.589,0,256.251,0,22.022,1921,3158,3.160,1.730,0.870,1,0,91.089,0,0,10,32,6,30,0
10-07 16:08:21,26.483,5.746,66.208,0.250,0,1404316,707016,190336,5582208,5694.361,1618.965,0,1970.741,0,126.919,2646,5876,3.160,1.730,0.870,2,0,33.978,0,0,10,33,6,27,0
10-07 16:08:22,19.505,7.002,73.018,0,0,1382196,729116,190340,5582224,4856.214,1620.405,0,388.097,0,28.007,1628,2403,3.160,1.730,0.870,1,0,99.025,0,0,10,32,6,27,0
10-07 16:08:23,21.499,4.750,72.747,0.250,0,1348924,762244,190340,5582368,5336.765,1619.929,0,99.996,0,12.999,1569,3123,3.160,1.730,0.870,2,0,30.999,0,0,10,32,6,21,0
10-07 16:08:24,20.039,5.761,73.894,0,0,1406116,705044,190344,5582372,6797.289,1697.318,0,456.893,0,21.041,1132,1623,3.160,1.730,0.870,1,0,63.123,0,0,10,32,6,21,0
10-07 16:08:25,23.255,4.501,71.014,0,0,1359620,751528,190344,5582384,5492.098,1458.292,0,192.038,0,21.004,2499,5375,2.980,1.720,0.880,1,0,36.007,0,0,10,32,6,18,0
10-07 16:08:26,23.203,2.245,73.350,0,0,1406080,704908,190344,5582544,6799.082,1616.691,0,139.714,0,7.984,1278,2033,2.980,1.720,0.880,2,0,0,0,0,10,33,6,18,0
10-07 16:08:27,19.519,10.010,70.068,0,0,1348252,762564,190348,5582712,5196.009,1621.563,0,1265.220,0,12.012,3438,5982,2.980,1.720,0.880,1,0,113.109,0,0,10,32,6,17,0
10-07 16:08:28,15.515,21.521,61.309,0.250,0,1367372,743260,190348,5582896,6245.039,1621.568,0,488.472,0,33.032,2958,4498,2.980,1.720,0.880,2,0,373.361,0,0,10,32,6,19,0
10-07 16:08:29,44.454,6.743,48.700,0,0,1499516,610484,190348,5583524,5467.341,1618.325,0,255.735,0,8.991,1221,1410,2.980,1.720,0.880,2,0,3.996,0,0,10,32,6,19,0
10-07 16:08:30,38.042,8.760,45.800,7.258,0,1435044,669724,190512,5588512,5665.220,1621.781,0,17347.047,0,1712.881,11106,17731,3.150,1.770,0.900,1,1,91.100,0,0,10,36,6,19,0
10-07 16:08:31,41.497,7.750,42.997,7.999,0,1513572,588608,190856,5590756,6304.597,1619.896,0,35013.759,0,3088.802,14191,25166,3.150,1.770,0.900,2,0,55.996,0,0,10,32,6,18,0
10-07 16:08:32,44.688,5.742,47.934,0.250,0,1421564,680432,190884,5590912,5780.012,1583.811,0,8624.082,0,505.302,2301,3276,3.150,1.770,0.900,2,0,5.992,0,0,10,32,6,18,0
10-07 16:08:33,40.491,7.748,48.239,3.749,0,1503280,598532,191164,5591284,7072.444,1639.639,0,33288.676,0,2487.453,12677,22812,3.150,1.770,0.900,3,0,1.000,0,0,10,34,6,18,0
10-07 16:08:34,34.780,8.007,54.296,3.003,0,1360768,740716,191344,5591432,42527.191,1737.479,0,18980.152,0,1572.338,6909,12741,3.150,1.770,0.900,1,0,101.086,0,0,10,32,6,18,0
10-07 16:08:35,23.719,1.997,73.905,0,0,1440880,660592,191356,5591432,5831.489,1617.916,0,914.822,0,48.937,1051,1493,2.970,1.760,0.900,1,0,1.997,0,0,10,32,6,18,0
10-07 16:08:36,23.296,2.755,73.897,0.250,0,1378372,723080,191360,5591448,6150.196,1697.366,0,3603.145,0,189.376,1288,1930,2.970,1.760,0.900,1,0,1.002,0,0,10,32,6,18,0
10-07 16:08:37,23.217,3.245,73.395,0,0,1447392,654060,191360,5591448,6123.219,1659.620,0,111.840,0,11.983,1023,1326,2.970,1.760,0.900,1,0,1.997,0,0,10,32,6,18,0
10-07 16:08:38,23.729,2.248,73.684,0,0,1390112,711312,191360,5591476,8542.406,1618.561,0,23658.967,0,60.946,1009,1125,2.970,1.760,0.900,1,0,0.999,0,0,10,32,6,18,0
10-07 16:08:39,22.257,3.251,73.775,0,0,1462656,638764,191360,5591476,9154.048,1512.504,0,0,0,0,915,1186,2.970,1.760,0.900,1,0,4.001,0,0,10,32,6,18,0
10-07 16:08:40,24.000,2.250,73.501,0,0,1406928,694480,191360,5591488,5456.082,1694.025,0,0,0,0,875,1100,2.820,1.750,0.900,1,0,1.000,0,0,10,32,6,18,0
10-07 16:08:41,22.510,2.751,73.531,0,0,1461864,639544,191360,5591488,6367.694,1640.694,0,8.003,0,2.001,917,1147,2.820,1.750,0.900,1,0,2.001,0,0,10,32,6,15,0
10-07 16:08:42,23.242,2.749,73.973,0.250,0,1402072,699288,191360,5591536,4558.345,1693.385,0,315.885,0,1.999,836,1067,2.820,1.750,0.900,1,0,1.000,0,0,10,32,6,15,0
10-07 16:08:43,23.289,5.760,70.367,0.250,0,1470484,630848,191360,5591544,5034.387,1622.703,0,90935.499,0,269.449,1684,2198,2.820,1.750,0.900,1,0,2.003,0,0,10,32,6,13,0
10-07 16:08:44,23.224,2.497,73.419,0,0,1407020,694132,191368,5591656,5737.643,1734.079,0,1917.875,0,25.971,976,1258,2.820,1.750,0.900,1,0,0.999,0,0,10,32,6,13,0
10-07 16:08:45,22.737,2.499,74.208,0,0.250,1419680,681456,191368,5591668,4901.216,1511.142,0,0,0,0,866,1114,2.670,1.730,0.900,2,0,0.999,0,0,10,32,6,13,0
10-07 16:08:46,23.498,2.250,73.493,0,0,1470584,630552,191368,5591668,5472.502,1713.844,0,0,0,0,876,1128,2.670,1.730,0.900,1,0,2.000,0,0,10,32,6,13,0
10-07 16:08:47,22.500,3.250,73.751,0,0,1425956,675148,191368,5591700,7462.142,1620.031,0,12.000,0,2.000,902,1053,2.670,1.730,0.900,1,0,1.000,0,0,10,32,6,13,0
10-07 16:08:48,22.999,2.750,73.746,0,0,1433884,667196,191368,5591724,10479.434,1713.907,0,0,0,0,975,1131,2.670,1.730,0.900,1,0,1.000,0,0,10,32,6,13,0
10-07 16:08:49,23.503,3.000,73.261,0.250,0,1440752,660312,191368,5591736,8323.224,1620.238,0,12425.827,0,38.006,1056,1281,2.670,1.730,0.900,1,0,4.001,0,0,10,32,6,13,0
10-07 16:08:50,10.009,18.267,69.566,0,0,1366736,734188,191368,5591876,8270.849,1621.539,0,276.262,0,3.003,2481,3455,2.460,1.700,0.900,2,0,286.272,0,0,10,32,6,13,0
10-07 16:08:51,8.493,21.733,69.197,0,0,1367056,733848,191368,5591896,9208.918,1618.755,0,643.505,0,6.995,2521,3488,2.460,1.700,0.900,1,0,302.767,0,0,10,32,6,13,0
10-07 16:08:52,9.001,18.252,70.509,0,0,1365320,735416,191368,5592052,6888.882,1512.194,0,196.025,0,5.001,2365,3369,2.460,1.700,0.900,1,0,247.032,0,0,10,32,6,12,0
10-07 16:08:53,7.756,22.519,68.557,0,0,1363444,737240,191372,5592100,7025.860,1621.352,0,308.257,0,14.012,2628,3879,2.460,1.700,0.900,1,0,290.242,0,0,10,32,6,12,0
10-07 16:08:54,9.229,18.708,71.341,0,0,1377132,723508,191376,5592132,7353.653,1616.407,0,383.148,0,27.938,2162,3019,2.460,1.700,0.900,1,0,212.528,0,0,10,32,6,8,0
10-07 16:08:55,22.750,3.250,73.249,0.250,0,1453224,647432,191376,5592116,5015.965,1619.989,0,599.996,0,114.999,1024,1177,2.340,1.690,0.900,1,0,2.000,0,0,10,32,6,8,0
10-07 16:08:56,23.789,2.003,73.870,0,0,1383192,717480,191376,5592132,5308.621,1568.547,0,16.026,0,1.002,910,1126,2.340,1.690,0.900,1,0,1.002,0,0,10,32,6,8,0
10-07 16:08:57,22.215,3.744,73.885,0,0,1447472,653220,191376,5592112,5927.788,1691.372,0,27.957,0,0.998,806,1184,2.340,1.690,0.900,1,0,1.997,0,0,10,32,6,8,0
10-07 16:08:58,23.039,2.755,74.126,0,0,1388744,711928,191376,5592132,5241.938,1696.893,0,56.096,0,2.003,777,1032,2.340,1.690,0.900,1,0,1.002,0,0,10,32,6,7,0
10-07 16:08:59,22.998,2.500,73.742,0,0,1460072,640612,191380,5592116,4998.465,1511.838,0,247.973,0,4.999,818,1251,2.340,1.690,0.900,1,0,4.000,0,0,10,32,6,7,0
10-07 16:09:00,23.000,2.500,73.999,0,0,1407368,693312,191380,5592120,5252.895,1619.968,0,16.000,0,1.000,844,1065,2.230,1.680,0.900,1,0,1.000,0,0,10,32,6,7,0
10-07 16:09:01,21.999,3.000,73.998,0,0,1469352,631324,191380,5592124,5453.864,1619.960,0,0,0,0,862,1077,2.230,1.680,0.900,1,0,2.000,0,0,10,32,6,7,0
10-07 16:09:02,23.235,2.498,73.454,0,0,1421740,678944,191380,5592116,7539.280,1618.987,0,11.992,0,0.999,888,1062,2.230,1.680,0.900,1,0,0.999,0,0,10,32,6,7,0
10-07 16:09:03,22.001,3.250,73.752,0,0,1471384,629300,191380,5592116,5925.160,1620.044,0,120.003,0,9.000,983,1417,2.230,1.680,0.900,1,0,2.000,0,0,10,32,6,7,0
10-07 16:09:04,23.497,3.250,72.491,0.250,0,1425720,674932,191384,5592124,45467.317,1565.804,0,5015.373,0,106.987,1194,1303,2.230,1.680,0.900,2,0,1.000,0,0,10,32,6,7,0
10-07 16:09:05,22.489,2.999,73.964,0,0,1471836,628816,191384,5592124,6668.799,1693.187,0,19.990,0,2.999,907,1124,2.130,1.670,0.900,1,0,1.999,0,0,10,32,6,7,0
10-07 16:09:06,22.512,3.252,73.040,0,0,1432796,667868,191384,5592112,10004.533,1586.878,0,0,0,0,919,1066,2.130,1.670,0.900,1,0,1.001,0,0,10,32,6,7,0
10-07 16:09:07,23.979,1.748,74.185,0,0,1472860,627800,191384,5592116,7588.337,1618.579,0,23.979,0,0.999,870,1069,2.130,1.670,0.900,1,0,1.998,0,0,10,32,6,7,0
10-07 16:09:08,22.507,3.251,73.523,0,0,1425308,675420,191384,5592048,5299.638,1620.501,0,0,0,0,857,1078,2.130,1.670,0.900,1,0,1.000,0,0,10,32,6,7,0
10-07 16:09:09,23.499,1.750,73.248,0,0,1477972,622756,191384,5592048,14341.598,1619.955,0,315.991,0,6.000,948,1100,2.130,1.670,0.900,1,0,4.000,0,0,10,32,6,7,0
10-07 16:09:10,23.751,2.500,74.005,0,0,1365652,734984,191384,5592140,8960.547,1662.101,0,12.001,0,1.000,902,1050,2.040,1.660,0.900,1,0,2.000,0,0,10,32,6,7,0
10-07 16:09:11,22.767,3.002,73.804,0,0,1444296,656360,191384,5592120,8515.174,1567.136,0,4.003,0,1.001,910,1101,2.040,1.660,0.900,1,0,2.001,0,0,10,32,6,7,0
10-07 16:09:12,23.000,2.500,73.749,0,0,1372464,728172,191384,5592140,6103.939,1511.985,0,20.000,0,1.000,845,1073,2.040,1.660,0.900,2,0,1.000,0,0,10,32,6,7,0
10-07 16:09:13,23.249,2.250,73.496,0,0,1379912,720724,191384,5592140,6845.658,1693.915,0,171.991,0,12.999,1033,1452,2.040,1.660,0.900,1,0,1.000,0,0,10,32,6,7,0
10-07 16:09:14,23.755,2.000,73.267,0.250,0,1448964,651676,191384,5592136,5150.164,1620.366,0,332.075,0,24.005,966,1322,2.040,1.660,0.900,1,0,2.000,0,0,10,32,5,6,0
10-07 16:09:15,21.033,5.759,72.362,0,0,1364404,736224,191384,5592148,6050.390,1664.583,0,24.037,0,2.003,1284,1697,1.960,1.650,0.900,1,0,85.132,0,0,10,32,5,6,0
10-07 16:09:16,8.996,21.991,68.222,0,0,1363460,737144,191384,5592172,5644.697,1619.339,0,83.966,0,6.997,2402,3352,1.960,1.650,0.900,1,0,286.883,0,0,10,32,5,6,0
10-07 16:09:17,20.722,3.995,73.900,0,0,1437860,662720,191384,5592196,5228.946,1617.818,0,3.995,0,0.999,1013,1297,1.960,1.650,0.900,1,0,19.973,0,0,10,32,5,6,0
10-07 16:09:18,23.503,3.250,73.760,0,0,1392688,707664,191384,5592424,5384.700,1566.204,0,0,0,0,946,1202,1.960,1.650,0.900,1,0,9.001,0,0,10,32,5,6,0
10-07 16:09:19,22.750,3.000,73.749,0,0,1459068,641284,191384,5592424,7346.882,1511.976,0,139.998,0,3.000,924,1221,1.960,1.650,0.900,1,0,2.000,0,0,10,32,5,6,0
10-07 16:09:20,12.251,18.001,68.254,0,0,1366524,733748,191384,5592504,9840.630,1620.104,0,48.003,0,2.000,2260,3220,1.880,1.640,0.900,1,0,278.018,0,0,10,32,5,6,0
10-07 16:09:21,12.748,21.496,63.988,0,0,1358160,742084,191384,5592532,5848.930,1619.704,0,119.978,0,4.999,2940,11057,1.880,1.640,0.900,1,0,353.935,0,0,10,32,5,7,0
10-07 16:09:22,9.508,22.268,68.805,0,0,1361492,738740,191384,5592544,5944.786,1695.365,0,208.168,0,3.002,2399,3378,1.880,1.640,0.900,1,0,288.232,0,0,10,32,5,6,0
10-07 16:09:23,9.009,20.020,69.070,0,0,1361504,738700,191384,5592568,4517.590,1695.723,0,116.118,0,7.007,2422,3500,1.880,1.640,0.900,1,0,292.297,0,0,10,32,5,6,0
10-07 16:09:24,9.989,22.227,68.428,0,0,1364448,735744,191388,5592576,6852.763,1618.291,0,923.025,0,10.988,2584,3802,1.880,1.640,0.900,1,0,348.632,0,0,10,32,5,6,0
10-07 16:09:25,9.750,21.000,68.250,0,0,1363088,737076,191388,5592604,15927.080,1694.008,0,748.004,0,10.000,2520,3436,1.730,1.610,0.900,1,0,305.002,0,0,10,32,5,6,0
10-07 16:09:26,8.259,22.524,68.823,0,0,1365692,734460,191388,5592616,4889.153,1459.538,0,1081.140,0,57.060,2515,3506,1.730,1.610,0.900,1,0,317.334,0,0,10,32,5,5,0
10-07 16:09:27,8.729,21.947,68.086,0,0,1362640,737492,191388,5592636,5933.676,1616.099,0,826.006,0,8.978,2573,3694,1.730,1.610,0.900,1,0,340.179,0,0,10,32,5,5,0
10-07 16:09:28,10.260,19.018,70.566,0,0,1363160,736952,191388,5592656,5422.053,1621.511,0,84.078,0,4.004,2451,3521,1.730,1.610,0.900,1,0,299.279,0,0,10,32,5,1,0
10-07 16:09:29,9.254,19.259,70.284,0,0,1362280,737812,191388,5592676,9969.756,1694.808,0,220.105,0,9.004,2407,3300,1.730,1.610,0.900,1,0,270.129,0,0,10,32,5,1,0
10-07 16:09:30,9.260,20.772,69.074,0,0,1365256,734808,191388,5592704,7481.976,1847.970,0,628.670,0,15.016,2529,3519,1.670,1.600,0.900,1,0,284.303,0,0,10,32,6,1,0
10-07 16:09:31,23.511,27.262,48.772,0.250,0,1426840,673196,191396,5592724,5533.523,1694.773,0,596.272,0,45.021,3342,5523,1.670,1.600,0.900,3,0,519.237,0,0,10,32,6,3,0
10-07 16:09:32,69.242,27.247,3.000,0.250,0,1577056,510996,192472,5599860,5047.384,1619.802,3771.540,1223.851,18.998,52.994,8705,6429,1.670,1.600,0.900,4,0,627.923,0,0,10,32,6,7,0
10-07 16:09:33,74.751,12.750,8.750,4.750,0,1667500,410380,192828,5608812,7480.150,1532.031,400.008,24540.491,4.000,1866.037,9910,17133,1.670,1.600,0.900,6,0,86.002,0,0,10,38,6,9,0
10-07 16:09:34,56.246,14.999,17.749,10.999,0,1634296,431564,193560,5619708,44473.664,1661.875,0,77518.186,0,5969.552,25119,42128,1.670,1.600,0.900,4,1,175.987,0,0,10,36,6,9,0
10-07 16:09:35,64.503,14.751,13.251,8.000,0,1687692,365348,193912,5631764,6937.361,1662.086,0,99601.179,0,6969.362,26184,45663,1.860,1.640,0.920,7,1,75.004,0,0,10,36,6,9,0
10-07 16:09:36,67.501,15.750,10.000,7.250,0,1566948,476948,194188,5640300,6765.088,1662.022,0,72748.946,0,6100.079,24100,39500,1.860,1.640,0.920,4,0,126.002,0,0,10,34,6,9,0
10-07 16:09:37,53.754,17.251,22.752,6.501,0,1579708,456108,194608,5647556,5946.482,1620.131,0,55336.482,0,4603.373,20142,37050,1.860,1.640,0.920,3,1,256.021,0,0,10,35,6,9,0
10-07 16:09:38,38.239,9.497,41.238,10.247,0,1550148,482428,194900,5650432,6690.060,1767.487,0,45322.856,0,3861.880,18767,33180,1.860,1.640,0.920,5,0,47.986,0,0,10,34,6,12,0
10-07 16:09:39,39.259,8.752,42.760,10.002,0,1578588,453476,195076,5650724,11193.541,1694.385,0,48066.911,0,3803.863,18072,32100,1.860,1.640,0.920,6,0,23.005,0,0,10,35,6,14,0
10-07 16:09:40,35.960,12.986,41.704,9.989,0,1524192,506512,195204,5651896,5457.991,1510.337,0,62131.593,0,5071.416,20955,41352,1.870,1.640,0.920,2,0,100.889,0,0,10,34,6,17,0
10-07 16:09:41,44.262,6.752,43.012,5.251,0,1577808,450316,195260,5654368,6879.864,1566.425,0,28055.603,0,2736.742,12934,23740,1.870,1.640,0.920,2,0,33.009,0,0,10,35,6,17,0
10-07 16:09:42,41.276,8.005,44.028,7.004,0,1518156,506576,195340,5657596,6007.767,1621.016,0,40733.540,0,3839.407,20854,36381,1.870,1.640,0.920,4,1,60.038,0,0,10,34,6,18,0
10-07 16:09:43,35.498,9.000,41.748,11.999,0,1575828,444168,195552,5661968,6732.663,1661.917,0,54305.285,0,4824.759,20532,36309,1.870,1.640,0.920,2,1,56.997,0,0,10,37,6,18,0
10-07 16:09:44,37.507,8.251,44.758,9.752,0,1576660,438624,195712,5666384,5439.947,1662.289,0,52421.121,0,4503.784,22490,40847,1.870,1.640,0.920,3,0,96.017,0,0,10,37,6,21,0
10-07 16:09:45,37.755,10.751,41.255,10.501,0,1557396,454872,195824,5669192,5121.615,1620.194,0,45693.483,0,4058.487,18021,32996,1.880,1.650,0.930,1,1,79.009,0,0,10,36,6,22,0
10-07 16:09:46,41.418,6.487,40.420,11.477,0,1530108,487184,195924,5664028,3986.084,1784.456,0,58934.955,0,5070.929,20960,40468,1.880,1.650,0.930,2,0,18.962,0,0,10,34,6,24,0
10-07 16:09:47,32.810,16.280,50.592,0.751,0,1460360,557000,195940,5663928,4837.839,1588.903,0,14931.279,0,853.559,4315,6667,1.880,1.650,0.930,1,0,245.448,0,0,10,33,6,24,0
10-07 16:09:48,19.731,6.494,72.931,0,0,1428452,588896,195940,5663940,4554.719,1618.479,0,891.162,0,59.944,1870,2947,1.880,1.650,0.930,1,0,59.944,0,0,10,32,6,24,0
10-07 16:09:49,23.509,2.751,72.527,0,0,1457752,559444,195940,5664092,6901.533,1620.595,0,612.225,0,34.012,2218,3954,1.880,1.650,0.930,1,0,2.001,0,0,10,33,6,24,0
10-07 16:09:50,21.732,3.997,73.188,0,0,1438240,578944,195940,5664104,8015.235,1564.679,0,1039.123,0,29.975,1411,2054,1.810,1.640,0.930,1,0,42.964,0,0,10,32,6,24,0
10-07 16:09:51,20.265,6.755,72.303,0.250,0,1393276,623876,195944,5664132,9151.699,1621.187,0,496.363,0,35.026,2704,4579,1.810,1.640,0.930,1,0,59.043,0,0,10,32,6,25,0
10-07 16:09:52,9.243,20.734,67.446,0,0,1397100,619924,195944,5664260,4935.077,1618.713,0,419.666,0,24.980,2459,3262,1.810,1.640,0.930,2,0,300.761,0,0,10,32,6,25,0
10-07 16:09:53,9.758,23.518,66.052,0.250,0,1396968,619996,195948,5664316,5219.087,1621.269,0,548.429,0,35.027,2751,3829,1.810,1.640,0.930,2,0,355.278,0,0,10,34,6,26,0
10-07 16:09:54,57.039,15.761,27.019,0.250,0,1560088,456588,195968,5664632,6169.226,1587.087,0,2037.396,0,135.093,2664,3648,1.810,1.640,0.930,3,0,164.112,0,0,10,32,6,31,0
10-07 16:09:55,67.508,7.751,24.253,0.500,0,1726736,287272,196044,5666948,5528.686,1620.201,0,1284.159,0,32.004,1618,1780,1.990,1.680,0.940,3,0,0,0,0,10,32,6,31,0
10-07 16:09:56,48.463,9.493,33.974,7.744,0,1790492,212496,196208,5677328,8209.654,1618.749,0,37878.720,0,2996.684,15655,24748,1.990,1.680,0.940,3,0,137.893,0,0,10,38,6,31,0
10-07 16:09:57,35.249,10.250,39.499,13.500,0,1790044,201192,196408,5688500,5071.893,1619.966,0,103001.837,0,7862.835,33447,53588,1.990,1.680,0.940,1,1,248.995,0,0,10,38,6,31,0
10-07 16:09:58,44.285,12.010,31.025,12.260,0,1669984,309912,196624,5699352,8318.638,1567.251,0,96284.835,0,7525.005,31000,52149,1.990,1.680,0.940,4,0,243.194,0,0,10,36,6,31,0
10-07 16:09:59,46.000,11.500,31.000,11.500,0,1732612,236000,196748,5710036,5432.957,1619.987,0,84291.326,0,6350.949,21763,41733,1.990,1.680,0.940,3,0,146.999,0,0,10,36,6,31,0
10-07 16:10:00,46.247,9.749,30.748,12.499,0,1785992,165988,196836,5725928,5474.606,1619.883,0,108708.173,0,7914.430,26436,51594,2.150,1.720,0.960,1,2,14.999,0,0,10,38,6,31,0
10-07 16:10:01,46.730,9.746,36.984,6.247,0,1533072,414952,196860,5729736,5124.832,1511.361,0,48075.664,0,3637.461,13987,25960,2.150,1.720,0.960,1,0,138.941,0,0,10,32,6,31,0
10-07 16:10:02,15.003,14.253,68.516,1.250,0,1416160,531824,196860,5729756,5069.151,1694.385,0,9230.095,0,554.126,3327,5294,2.150,1.720,0.960,1,0,212.048,0,0,10,32,6,31,0
10-07 16:10:03,21.463,4.742,73.374,0.499,0,1478908,469076,196860,5729756,5769.077,1691.091,0,7259.514,0,271.533,1512,2200,2.150,1.720,0.960,1,0,0.998,0,0,10,32,6,31,0
10-07 16:10:04,23.490,2.249,73.469,0,0,1523500,424472,196860,5729768,43954.583,1693.291,0,107.955,0,9.996,1303,1783,2.150,1.720,0.960,1,0,0,0,0,10,38,6,31,0
10-07 16:10:05,21.753,4.000,73.009,0,0,1436620,511348,196860,5729768,7701.932,1620.196,0,84.010,0,7.001,1051,1301,2.060,1.700,0.960,1,0,28.003,0,0,10,32,6,31,0
10-07 16:10:06,23.475,2.497,73.172,0,0,1499956,447984,196860,5729768,8610.778,1638.245,0,3751.982,0,16.982,944,1160,2.060,1.700,0.960,1,0,0,0,0,10,32,6,31,0
10-07 16:10:07,20.822,7.777,71.246,0,0,1406124,541804,196868,5729772,8166.247,1625.623,0,569.972,0,48.167,1816,2775,2.060,1.700,0.960,2,0,158.548,0,0,10,32,6,31,0
10-07 16:10:08,15.749,38.998,45.248,0,0,1409316,538512,196868,5729864,6684.733,1511.940,0,359.986,0,36.999,6399,11101,2.060,1.700,0.960,3,0,1471.941,0,0,10,32,6,31,0
10-07 16:10:09,9.745,20.739,69.464,0.250,0,1390416,556852,196892,5730400,13240.208,1619.169,515.735,147.924,6.996,13.993,3573,5604,2.060,1.700,0.960,1,0,552.716,0,0,11,12,6,31,20
10-07 16:10:10,9.254,19.509,69.782,0,0,1398308,548704,196892,5730600,4656.119,1694.771,0,20.009,0,5.002,2771,4563,2.050,1.710,0.970,1,0,390.178,0,0,11,12,6,31,20
10-07 16:10:11,17.751,17.001,62.752,0,0,1408676,538176,196896,5730624,6504.234,1694.061,0,620.022,0,54.002,4378,9264,2.050,1.710,0.970,2,0,261.009,0,0,11,12,6,31,20
10-07 16:10:12,17.464,22.205,60.377,0,0,1446008,500104,196912,5731296,4430.952,1690.548,0,43.910,0,7.984,3227,4991,2.050,1.710,0.970,2,0,442.097,0,0,13,12,6,31,20
10-07 16:10:13,20.538,15.779,62.615,0,0,1462568,483456,196912,5731440,8713.067,1622.993,0,1919.540,0,263.486,4949,10080,2.050,1.710,0.970,2,0,214.395,0,0,13,12,6,31,20
10-07 16:10:14,17.252,20.503,61.758,0.250,0,1494780,450920,196912,5731712,9978.357,1640.223,0,396.054,0,11.001,3498,5730,2.050,1.710,0.970,1,0,476.065,0,0,15,12,6,31,20
10-07 16:10:15,24.490,14.744,58.975,0,0,1529148,416400,196912,5731736,7271.939,1595.328,0,3.998,0,1.000,4748,10145,1.970,1.700,0.970,2,0,170.928,0,0,15,12,6,31,20
10-07 16:10:16,67.284,12.506,20.260,0,0,1747432,197944,196924,5731848,9103.579,1620.815,0,0,0,0,1690,2085,1.970,1.700,0.970,13,0,19.010,0,0,17,12,6,31,20
10-07 16:10:17,82.487,17.247,0,0,0,1944272,123560,194392,5613052,8373.685,1619.746,931.854,6562.970,12.998,314.951,2751,3408,1.970,1.700,0.970,12,0,34.995,0,0,17,12,6,31,20
10-07 16:10:18,33.412,6.483,59.095,0,0,1975444,155340,194064,5550920,5806.775,1615.763,275.278,191.498,10.971,7.979,1508,2604,1.970,1.700,0.970,0,0,27.927,0,0,17,12,6,31,20
10-07 16:10:19,1.250,0.750,97.034,0,0,1975668,155116,194064,5550920,7071.510,1768.628,0,0,0,0,860,1552,1.970,1.700,0.970,0,0,2.001,0,0,17,12,6,31,20
10-07 16:10:20,1.748,0.250,97.411,0,0,1975660,155116,194064,5550928,6276.238,1618.514,0,3.996,0,0.999,870,1526,1.810,1.670,0.960,1,0,0,0,0,17,12,6,31,20
10-07 16:10:21,6.005,3.002,89.822,0,0,1976096,154456,194064,5551152,9505.585,1621.294,224.179,0,15.012,0,1640,3992,1.810,1.670,0.960,1,0,34.027,0,0,17,12,6,32,20
10-07 16:10:22,1.750,0.500,97.516,0,0,1976096,154456,194064,5551152,4644.785,1458.246,0,0,0,0,807,1456,1.810,1.670,0.960,0,0,0,0,0,17,12,6,31,20
10-07 16:10:23,1.750,0.500,97.266,0,0.250,1976096,154456,194064,5551152,6495.065,1620.266,0,72.012,0,4.001,846,1489,1.810,1.670,0.960,0,0,0,0,0,17,12,6,31,20
10-07 16:10:24,1.500,0.500,97.225,0,0,1976096,154456,194064,5551152,5605.582,1619.590,0,0,0,0,833,1482,1.810,1.670,0.960,0,0,0,0,0,17,12,6,31,20
10-07 16:10:25,2.249,1.249,95.947,0.250,0,1977480,151940,194064,5552284,4822.333,1619.105,1131.374,0,13.992,0,925,1546,1.660,1.640,0.960,0,0,5.997,0,0,17,12,6,31,20
10-07 16:10:26,1.251,0.250,97.311,0,0,1977480,151940,194064,5552284,6528.067,1621.010,0,0,0,0,862,1510,1.660,1.640,0.960,0,0,0,0,0,17,12,6,31,20
10-07 16:10:27,2.500,0.500,96.744,0.250,0,1977476,151940,194068,5552284,5130.661,1693.888,0,387.974,0,28.998,1098,2005,1.660,1.640,0.960,0,0,0,0,0,17,12,6,31,20
10-07 16:10:28,1.500,0.750,97.251,0,0.250,1977476,151940,194068,5552284,4914.064,1532.020,0,32.000,0,4.000,859,1539,1.660,1.640,0.960,0,0,0,0,0,17,12,6,31,20
10-07 16:10:29,1.500,0.500,96.997,0,0,1977600,151688,194068,5552412,5453.804,1619.942,0,8.000,0,2.000,886,1586,1.660,1.640,0.960,0,0,2.000,0,0,17,12,6,31,20
10-07 16:10:30,1.750,0.250,97.509,0,0,1977600,151688,194068,5552412,5397.502,1620.151,0,0,0,0,806,1439,1.530,1.610,0.950,0,0,0,0,0,17,12,6,31,20
10-07 16:10:31,1.000,1.000,96.988,0,0,1977600,151688,194068,5552412,5044.354,1619.793,0,0,0,0,834,1493,1.530,1.610,0.950,0,0,0,0,0,17,12,6,31,20
10-07 16:10:32,1.750,0.250,97.514,0,0,1977600,151688,194068,5552412,4883.684,1620.227,0,0,0,0,878,1525,1.530,1.610,0.950,0,0,0,0,0,17,12,6,26,20
10-07 16:10:33,1.499,0.750,96.689,0.250,0,1977600,151688,194068,5552412,7081.510,1618.974,0,863.453,0,151.904,1159,1577,1.530,1.610,0.950,0,0,0,0,0,17,12,6,26,20
10-07 16:10:34,1.250,0.500,96.782,0,0,1977528,151688,194068,5552484,42611.934,1662.544,0,172.056,0,9.003,927,1540,1.530,1.610,0.950,0,0,0,0,0,17,12,6,23,20
10-07 16:10:35,1.250,0.500,97.259,0,0,1977528,151688,194068,5552484,8108.762,1532.144,0,8.001,0,2.000,885,1529,1.410,1.590,0.950,0,0,0,0,0,17,12,6,23,20
10-07 16:10:36,0.750,0.250,97.510,0,0,1977524,151688,194068,5552488,6071.650,1694.181,0,0,0,0,818,1471,1.410,1.590,0.950,0,0,0,0,0,17,12,6,23,20
10-07 16:10:37,2.000,0.750,96.492,0,0,1977520,151688,194068,5552492,6248.456,1619.859,0,455.960,0,36.997,1136,2064,1.410,1.590,0.950,0,0,0,0,0,17,12,6,23,20
10-07 16:10:38,1.751,0.500,97.282,0,0,1977520,151688,194068,5552492,5430.781,1620.532,0,32.010,0,4.001,830,1516,1.410,1.590,0.950,0,0,0,0,0,17,12,6,20,20
10-07 16:10:39,1.749,0.749,96.934,0,0,1977520,151688,194068,5552492,9828.287,1618.894,0,0,0,0,910,1600,1.410,1.590,0.950,0,0,1.999,0,0,17,12,6,20,20
10-07 16:10:40,2.000,0.750,96.729,0.250,0,1977328,151688,194068,5552684,5956.678,1619.640,191.957,0,2.000,0,900,1573,1.290,1.560,0.940,0,0,0,0,0,17,12,6,15,20
10-07 16:10:41,1.752,0.250,97.598,0,0,1977328,151688,194068,5552684,4937.977,1513.526,0,12.012,0,2.002,883,1550,1.290,1.560,0.940,0,0,0,0,0,17,12,6,15,20
10-07 16:10:42,1.000,0.250,97.225,0,0,1977324,151688,194068,5552688,5580.560,1619.582,0,0,0,0,876,1509,1.290,1.560,0.940,0,0,0,0,0,17,12,6,14,20
10-07 16:10:43,1.750,0.500,97.015,0,0,1977324,151688,194068,5552688,4103.648,1640.259,0,68.011,0,3.000,902,1599,1.290,1.560,0.940,0,0,0,0,0,17,12,6,14,20
10-07 16:10:44,3.749,0,96.484,0,0,1977324,151688,194068,5552688,4268.270,1619.723,0,0,0,0,937,1700,1.290,1.560,0.940,0,0,0,0,0,17,12,5,12,20
10-07 16:10:45,2.000,0,96.733,0,0,1977324,151688,194068,5552688,6101.957,1661.716,0,0,0,0,877,1589,1.190,1.540,0.940,0,0,0,0,0,17,12,5,12,20
10-07 16:10:46,1.250,0.250,96.769,0,0,1977056,151436,194068,5553208,4872.945,1714.333,568.110,0,5.001,0,852,1547,1.190,1.540,0.940,0,0,0,0,0,17,12,5,10,20
10-07 16:10:47,2.000,0.500,96.773,0.500,0,1976996,151436,194068,5553268,5771.350,1620.379,0,408.095,0,36.008,1126,2124,1.190,1.540,0.940,0,0,0,0,0,17,12,5,10,20
10-07 16:10:48,6.748,3.249,90.480,0,0,1965048,181092,193884,5536104,4063.090,1553.652,0,823.815,0,53.988,1106,1641,1.190,1.540,0.940,0,0,2.000,0,0,17,12,5,8,20
10-07 16:10:49,1.000,1.000,96.499,0,0,1966024,180116,193884,5536104,8144.943,1619.989,0,531.996,0,97.999,1138,1669,1.190,1.540,0.940,0,0,2.000,0,0,17,12,5,8,20
10-07 16:10:50,1.749,0.500,96.931,0,0,1966024,180116,193884,5536104,6399.444,1564.886,0,3.997,0,0.999,901,1571,1.100,1.510,0.930,1,0,0,0,0,17,12,5,8,20
10-07 16:10:51,1.751,0.500,97.322,0,0,1966024,180116,193884,5536104,8981.655,1621.201,0,0,0,0,900,1515,1.100,1.510,0.930,0,0,0,0,0,17,12,5,8,20
10-07 16:10:52,2.000,0,97.497,0,0,1966024,180116,193884,5536104,5131.851,1693.951,0,0,0,0,910,1625,1.100,1.510,0.930,0,0,0,0,0,17,12,5,7,20
10-07 16:10:53,1.500,1.000,96.757,0,0,1965984,180116,193884,5536144,7148.508,1694.120,0,64.005,0,4.000,938,1608,1.100,1.510,0.930,0,0,0,0,0,17,12,5,7,20
10-07 16:10:54,1.249,0.500,96.952,0,0,1965984,180116,193884,5536144,6842.592,1511.247,0,0,0,0,839,1442,1.100,1.510,0.930,0,0,0,0,0,17,12,5,1,20
10-07 16:10:55,1.501,0.500,96.793,0,0,1965984,180116,193884,5536144,6593.915,1694.749,0,0,0,0,832,1520,1.010,1.480,0.920,0,0,0,0,0,17,12,5,1,20
10-07 16:10:56,2.000,0.750,97.741,0,0,1965984,180116,193884,5536144,6060.461,1619.856,0,0,0,0,927,1613,1.010,1.480,0.920,0,0,0,0,0,17,12,5,1,20
10-07 16:10:57,6.004,11.258,82.306,0,0.250,1950164,195736,193884,5536344,5912.032,1621.106,288.197,0,7.005,0,1730,2625,1.010,1.480,0.920,1,0,120.082,0,0,17,12,5,1,20
10-07 16:10:58,11.265,17.773,69.340,0.501,0,1960784,183144,193892,5538308,4074.317,1568.046,1846.410,144.188,48.063,9.012,2595,3808,1.010,1.480,0.920,1,0,234.306,0,0,17,12,5,1,20
10-07 16:10:59,13.731,18.225,66.408,0.250,0,1969460,173128,193892,5540028,5027.033,1617.758,1318.173,39.945,21.970,7.989,3565,6651,1.010,1.480,0.920,1,0,223.690,0,0,17,12,5,1,20
10-07 16:11:00,23.739,15.243,58.973,0.750,0,1999328,140384,193960,5542460,7097.792,1919.133,2994.646,367.834,87.960,9.995,4456,10058,1.170,1.510,0.940,1,0,175.920,0,0,17,12,6,1,20
10-07 16:11:01,15.755,4.251,79.525,0,0,2031136,127328,193760,5524196,5039.587,1586.500,660.208,0,23.007,0,1266,2153,1.170,1.510,0.940,1,0,19.006,0,0,18,12,6,2,20
10-07 16:11:02,19.535,8.766,71.630,0.250,0,2065356,128872,193108,5489644,4160.535,1622.939,68.123,0,17.031,0,1684,2609,1.170,1.510,0.940,2,0,73.132,0,0,18,12,6,2,20
10-07 16:11:03,23.730,3.747,70.440,0,0,2081460,130456,192996,5472380,5067.703,1692.565,115.902,187.841,8.992,27.976,2592,4612,1.170,1.510,0.940,1,0,0,0,0,18,22,6,4,0
10-07 16:11:04,13.743,18.490,67.464,0.500,0,2037608,172588,192996,5474100,43482.780,1619.135,1403.251,399.787,18.990,31.983,2763,4034,1.170,1.510,0.940,1,0,250.866,0,0,18,18,6,8,0
10-07 16:11:05,11.005,17.759,69.283,0,0,2044752,165288,192996,5474256,6952.358,1662.803,4.002,328.159,1.000,16.008,2803,4233,1.070,1.480,0.930,1,0,262.127,0,0,18,18,6,8,0
10-07 16:11:06,10.758,21.266,68.300,0,0,2048736,161280,192996,5474280,7756.724,1609.188,0,288.213,0,5.004,2810,4246,1.070,1.480,0.930,1,0,269.199,0,0,18,18,6,8,0
10-07 16:11:07,9.984,21.215,67.889,0,0,2050952,159028,192996,5474300,5893.370,1617.357,0,31.948,0,7.987,2836,4231,1.070,1.480,0.930,1,0,251.589,0,0,18,18,6,8,0
10-07 16:11:08,23.549,18.789,57.369,0.752,0,2086828,120036,193008,5477736,8372.339,1663.445,3094.409,4.008,62.129,1.002,5665,9744,1.070,1.480,0.930,3,0,175.363,0,0,18,18,6,8,0
10-07 16:11:09,42.946,10.237,45.193,0,0,2170600,121196,192656,5394816,12952.731,1691.875,327.589,3287.870,19.975,274.655,2291,2607,1.070,1.480,0.930,2,0,60.923,0,0,18,19,6,8,0
10-07 16:11:10,47.528,6.754,44.777,0.250,0,2252192,122540,192640,5313724,6153.655,1620.963,2277.353,5371.190,69.041,307.182,2541,9853,1.310,1.530,0.950,2,0,7.004,0,0,18,35,6,8,0
10-07 16:11:11,40.729,7.496,50.974,0.250,0,2292032,132048,192624,5265112,6953.482,1619.181,131.933,2170.902,17.991,297.849,2468,3124,1.310,1.530,0.950,1,0,53.973,0,0,18,34,6,8,0
10-07 16:11:12,11.739,16.235,70.185,0.250,0,2307688,129596,192604,5252324,4505.850,1618.509,1106.980,623.426,41.961,98.909,2667,3892,1.310,1.530,0.950,1,0,202.813,0,0,18,34,6,8,0
10-07 16:11:13,7.496,1.249,89.952,0.500,0,2314972,122376,192608,5252224,5678.990,2288.787,19.989,179.905,2.998,10.994,1102,1837,1.310,1.530,0.950,1,0,1.999,0,0,18,35,6,8,0
10-07 16:11:14,3.233,0.995,95.733,0,0,2314908,122376,192608,5252288,69536.780,3521.001,0,31.828,0,0.995,1086,1697,1.310,1.530,0.950,0,0,0,0,0,18,35,6,8,0
10-07 16:11:15,5.531,2.514,91.518,0.251,0,2325640,129436,192732,5234716,118369.736,4018.738,3250.391,140.797,54.307,2.011,1327,2015,1.200,1.500,0.940,2,0,2.011,0,0,18,34,6,9,0
10-07 16:11:16,16.753,9.502,69.513,3.251,0,2333192,134428,192876,5222360,5209.938,1694.305,1900.342,7025.265,133.024,381.069,3177,5154,1.200,1.500,0.940,0,1,70.013,0,0,18,34,6,9,0
10-07 16:11:17,15.998,10.248,70.989,1.250,0,2359012,145268,192896,5187012,5657.129,1693.739,2679.587,2263.651,482.926,57.991,2660,3162,1.200,1.500,0.940,2,0,31.995,0,0,18,34,6,9,0
10-07 16:11:18,19.001,15.001,65.754,0.250,0,2362156,165128,192896,5165088,4939.286,1620.094,988.057,28.002,13.001,6.000,2150,2859,1.200,1.500,0.940,2,0,62.004,0,0,18,34,6,9,0
10-07 16:11:19,20.017,7.757,72.062,0,0,2369056,157728,192900,5165568,5462.709,1621.398,488.421,0,12.010,0,1707,2254,1.200,1.500,0.940,1,0,44.038,0,0,18,34,6,9,0
10-07 16:11:20,22.487,4.248,71.459,0,0,2385048,141704,192916,5165604,6249.413,1619.071,35.979,3.998,6.996,0.999,1524,2035,1.190,1.490,0.940,1,0,19.989,0,0,18,34,6,10,0
10-07 16:11:21,22.525,10.512,66.574,0,0,2297196,277872,192916,5118048,5671.312,1459.625,92.103,4.004,5.006,1.001,2397,4490,1.190,1.490,0.940,1,0,118.131,0,0,18,34,6,11,0
10-07 16:11:22,15.005,12.505,70.025,1.000,0,2304676,267112,193360,5120864,7483.724,1620.590,3241.180,180.066,117.043,4.001,2515,3770,1.190,1.490,0.940,2,0,197.072,0,0,18,34,6,11,0
10-07 16:11:23,16.202,13.710,67.801,0.499,0,2313140,257388,193412,5122076,8989.562,1615.250,1352.024,1316.129,93.724,198.416,5546,12024,1.190,1.490,0.940,0,0,118.651,0,0,18,34,6,10,0
10-07 16:11:24,2.500,0.250,96.011,0,0,2312888,257388,193412,5122328,7236.825,1694.193,0,4.000,0,1.000,1067,1814,1.190,1.490,0.940,2,0,3.000,0,0,18,34,6,10,0
10-07 16:11:25,2.249,1.999,95.722,0,0,2312888,257388,193412,5122328,6465.119,1619.529,0,0,0,0,1036,1734,1.170,1.480,0.940,0,0,7.998,0,0,18,34,6,10,0
10-07 16:11:26,1.500,0.750,96.739,0,0,2312888,257388,193412,5122328,4883.443,1619.815,0,4.000,0,1.000,946,1719,1.170,1.480,0.940,0,0,2.000,0,0,18,34,6,10,0
10-07 16:11:27,2.503,1.252,95.365,0,0,2312888,257388,193412,5122328,4527.478,1513.832,0,0,0,0,1062,1911,1.170,1.480,0.940,1,0,12.015,0,0,18,34,6,10,0
10-07 16:11:28,14.281,16.536,66.647,0,0,2307384,262700,193412,5122884,5582.309,1569.461,48.106,88.194,3.007,4.009,4810,9027,1.170,1.480,0.940,1,0,208.460,0,0,18,34,6,10,0
10-07 16:11:29,11.750,17.000,71.000,0,0,2305764,264268,193412,5122560,5304.005,1620.002,40.000,4.000,3.000,1.000,3393,5428,1.170,1.480,0.940,1,0,249.000,0,0,19,34,6,10,0
10-07 16:11:30,14.001,19.001,65.754,0.500,0,2315112,253388,193420,5124360,5612.337,1858.111,1392.084,400.024,42.003,13.001,3684,7567,1.080,1.460,0.940,2,0,213.013,0,0,19,34,6,10,0
10-07 16:11:31,14.466,11.972,72.082,0,0,2312104,256392,193420,5124008,4538.412,1616.229,0,383.106,0,14.965,3917,7744,1.080,1.460,0.940,1,0,183.572,0,0,19,34,6,10,0
10-07 16:11:32,6.501,11.002,81.763,0,0,2317308,251176,193420,5124020,4824.743,1694.261,0,0,0,0,1960,3074,1.080,1.460,0.940,1,0,130.020,0,0,21,34,6,10,0
10-07 16:11:33,18.004,15.503,65.013,0,0,2321204,247260,193420,5124040,7195.475,1694.347,0,32.007,0,7.001,4974,8481,1.080,1.460,0.940,1,0,167.034,0,0,21,36,6,10,0
10-07 16:11:34,9.262,19.276,69.593,0,0,2316596,251668,193420,5124192,44446.202,1630.171,0,40.053,0,6.008,2805,4186,1.080,1.460,0.940,1,0,254.339,0,0,21,36,6,10,0
10-07 16:11:35,12.230,19.219,67.641,0,0,2314124,253988,193420,5124344,8718.962,1605.415,0,211.659,0,13.977,2827,4207,1.070,1.450,0.940,1,0,243.608,0,0,21,36,6,10,0
10-07 16:11:36,19.536,19.035,60.362,0,0,2324176,243920,193424,5124360,4817.952,1697.153,0,36.067,0,7.013,4298,8566,1.070,1.450,0.940,2,0,180.335,0,0,21,36,6,10,0
10-07 16:11:37,33.762,20.507,44.266,0,0,2404612,163152,193440,5125032,6414.303,1620.582,96.034,52.019,9.003,5.002,4744,10005,1.070,1.450,0.940,18,0,314.113,0,0,21,36,6,10,0
10-07 16:11:38,30.968,8.741,60.438,0,0,2441860,125960,193504,5124532,5725.120,1618.338,43.955,11.988,4.995,2.997,2349,4673,1.070,1.450,0.940,1,0,37.961,0,0,21,44,6,14,0
10-07 16:11:39,21.222,6.242,70.156,0.499,0,2501640,127568,193484,5064312,9644.058,1617.829,31.957,5967.991,2.996,526.294,2428,2398,1.070,1.450,0.940,1,0,11.984,0,0,21,44,6,14,0
10-07 16:11:40,17.490,4.247,77.454,0,0,2532800,133104,193484,5028512,5027.004,1782.937,0,595.645,0,2.998,1794,3904,1.220,1.480,0.950,0,0,2.998,0,0,21,44,6,14,0
10-07 16:11:41,1.500,0.500,96.730,0,0,2532800,133104,193484,5028512,6336.676,1511.684,7.998,0,2.000,0,901,1553,1.220,1.480,0.950,0,0,1.000,0,0,21,44,6,14,0
10-07 16:11:42,7.255,8.505,82.551,0.500,0,2481396,184196,193484,5029160,6626.121,1641.021,316.197,0,22.014,0,2825,5566,1.220,1.480,0.950,0,0,139.087,0,0,21,42,6,14,0
10-07 16:11:43,18.279,18.780,61.348,0.250,0,2522344,149444,193484,5022720,5182.271,1696.708,320.512,7207.503,20.032,330.528,4587,11283,1.220,1.480,0.950,1,0,253.404,0,0,21,42,6,14,0
10-07 16:11:44,18.746,18.996,60.489,0.500,0,2536760,135992,193488,5022204,5207.016,1619.694,3.999,44103.664,1.000,291.945,6459,13189,1.220,1.480,0.950,1,0,195.963,0,0,20,42,6,14,0
10-07 16:11:45,17.753,19.503,61.260,0,0,2552528,120224,193488,5021848,4977.821,1778.293,4.001,188.031,1.000,6.001,3564,7850,1.210,1.470,0.950,1,0,311.051,0,0,21,38,6,14,0
10-07 16:11:46,27.029,16.518,55.060,0,0,2432356,247232,193488,5015088,4761.175,1715.865,88.096,1129.227,5.005,203.221,5279,9515,1.210,1.470,0.950,3,0,197.214,0,0,21,36,6,18,0
10-07 16:11:47,33.250,23.250,43.500,0,0,2412140,267312,193488,5015224,4191.025,1620.010,0,292.002,0,7.000,4108,6845,1.210,1.470,0.950,2,0,621.004,0,0,21,36,6,18,0
10-07 16:11:48,47.755,18.002,33.503,0,0,2474176,204632,193492,5015876,5286.518,1512.148,0,32.003,0,8.001,6120,12863,1.210,1.470,0.950,3,0,296.029,0,0,21,44,6,22,0
10-07 16:11:49,47.242,8.499,44.243,0,0,2584680,129496,193500,4981260,5355.149,1767.719,47.992,0,3.000,0,2032,2696,1.210,1.470,0.950,3,0,92.985,0,0,21,44,6,22,0
10-07 16:11:50,37.157,8.229,53.117,0.249,0,2654944,127988,193564,4913620,4708.244,1651.875,738.157,1208.981,127.681,46.883,2753,6697,1.190,1.460,0.950,1,0,3.990,0,0,21,44,6,23,0
10-07 16:11:51,24.056,4.761,67.157,3.508,0,2710220,135184,194792,4851048,7118.693,1623.808,1106.595,12637.635,72.169,1059.484,6325,9254,1.190,1.460,0.950,2,3,5.012,0,0,21,46,6,23,0
10-07 16:11:52,25.451,6.238,53.647,11.727,0,2714912,126200,194820,4855492,8282.090,1616.894,0,37815.357,0,3320.621,19042,30702,1.190,1.460,0.950,1,0,3.992,0,0,21,46,6,23,0
10-07 16:11:53,35.707,16.730,46.194,1.248,0,2850580,130992,194932,4717320,5678.163,1618.052,91.889,8357.937,9.988,673.189,9369,20222,1.190,1.460,0.950,1,0,119.856,0,0,22,71,6,34,0
10-07 16:11:54,10.930,18.383,69.308,0.248,0,2861088,120488,194932,4717388,5806.998,1609.743,0,190.784,0,9.937,2827,4254,1.190,1.460,0.950,1,0,261.335,0,0,22,71,6,34,0
10-07 16:11:55,12.104,19.921,67.075,0,0,2863092,130924,194932,4705284,6562.245,1525.071,8.069,318.732,2.017,20.173,2809,4254,1.260,1.470,0.960,1,0,254.179,0,0,22,71,6,34,0
10-07 16:11:56,13.761,18.014,66.051,0,0,2867356,126500,194932,4705784,5115.950,1621.252,0,1973.524,0,103.080,4561,9341,1.260,1.470,0.960,9,0,219.169,0,0,22,71,6,34,0
10-07 16:11:57,40.174,13.724,44.915,0.250,0,2955876,132792,194932,4613316,7294.185,1636.900,271.486,111.788,5.989,5.989,2852,5957,1.260,1.470,0.960,2,0,142.730,0,0,22,72,6,34,0
10-07 16:11:58,34.737,10.746,52.730,0.500,0,3027020,128020,194952,4548520,5270.040,1693.370,175.935,7433.235,9.996,513.809,3254,4676,1.260,1.470,0.960,1,0,100.962,0,0,22,75,6,34,0
10-07 16:11:59,10.272,18.539,70.398,0,0,3034432,120716,194952,4548412,5992.608,1623.416,0,156.329,0,6.013,2777,4194,1.260,1.470,0.960,1,0,253.533,0,0,22,75,6,34,0
10-07 16:12:00,8.982,18.713,70.611,0.250,0,3042036,125052,194952,4536704,6249.701,1616.818,0,111.780,0,11.976,2868,4206,1.150,1.450,0.950,1,0,245.517,0,0,22,75,6,34,0
10-07 16:12:01,8.008,19.769,70.317,0,0,3046772,120292,194952,4536728,4485.283,1711.635,0,44.042,0,4.004,2877,4335,1.150,1.450,0.950,1,0,264.252,0,0,22,75,6,34,0
10-07 16:12:02,10.482,19.218,69.133,0,0,3039264,128540,194952,4535988,3993.251,1509.449,0,0,0,0,3297,5215,1.150,1.450,0.950,3,0,273.538,0,0,22,75,6,35,0
10-07 16:12:03,13.999,21.749,62.246,0.250,0,3040920,129968,194956,4532904,5414.664,1619.900,47.997,619.962,2.000,59.996,3566,6143,1.150,1.450,0.950,1,0,322.980,0,0,22,91,6,33,0
10-07 16:12:04,22.054,16.039,61.149,0,0.251,3062392,125556,194956,4516160,43115.244,1623.964,0,140.343,0,9.022,5732,9714,1.150,1.450,0.950,2,0,206.504,0,0,22,91,6,27,0
10-07 16:12:05,29.760,23.258,45.765,0,0,3118976,123604,194956,4462860,5562.836,1640.541,4.001,144.048,1.000,14.005,3821,7351,1.140,1.440,0.950,2,0,577.190,0,0,22,91,6,27,0
10-07 16:12:06,41.972,20.736,36.475,0,0,3230940,121480,194976,4353976,7219.120,1692.856,11.992,615.584,0.999,38.974,6421,13847,1.140,1.440,0.950,8,0,221.850,0,0,24,103,6,27,0
10-07 16:12:07,51.808,27.281,19.772,0.250,0,3334072,124832,194976,4249404,6499.286,1621.818,20.022,5910.626,5.006,468.525,5469,10988,1.140,1.440,0.950,3,0,655.735,0,0,24,103,6,27,0
10-07 16:12:08,61.238,20.246,16.997,0,0,3437156,129532,194980,4143992,8668.275,1619.678,15.997,319.936,3.999,29.994,5090,23180,1.140,1.440,0.950,6,0,247.951,0,0,24,109,6,27,0
10-07 16:12:09,43.245,22.497,33.746,0,0.250,3521288,119332,194980,4071776,10419.781,1511.823,27.997,755.912,1.000,37.996,3529,6669,1.140,1.440,0.950,2,0,498.942,0,0,24,123,6,27,0
10-07 16:12:10,23.691,22.194,53.117,0,0,3554292,121948,194988,4036884,4813.931,1615.949,3.990,255.360,0.997,16.957,3239,5570,1.130,1.430,0.950,1,0,352.117,0,0,25,123,6,27,0
10-07 16:12:11,15.545,18.804,64.687,0,0,3554864,130652,194988,4027928,6475.767,1624.708,0,100.291,0,8.023,4158,7446,1.130,1.430,0.950,2,0,177.514,0,0,25,123,6,27,0
10-07 16:12:12,26.471,21.476,50.194,0.250,0,3594556,127560,194988,3991672,5606.788,1618.207,51.942,359.602,1.998,22.975,3717,7184,1.130,1.430,0.950,4,0,310.656,0,0,25,123,6,27,0
10-07 16:12:13,33.033,22.523,44.545,0,0,3654156,129072,194988,3932028,10011.141,1641.663,0,332.337,0,29.029,3461,6190,1.130,1.430,0.950,4,0,361.366,0,0,25,126,6,27,0
10-07 16:12:14,35.487,20.743,41.235,0,0,3729456,131792,195000,3854676,8890.835,1619.423,151.946,615.781,5.998,33.988,7942,14867,1.130,1.430,0.950,2,0,203.927,0,0,25,137,5,27,0
10-07 16:12:15,32.505,23.254,43.257,0.250,0,3792300,129996,195000,3794400,5385.840,1662.259,436.068,216.034,17.003,18.003,3529,6092,1.360,1.470,0.970,2,0,450.070,0,0,25,137,5,27,0
10-07 16:12:16,32.199,23.463,42.433,0.250,0,3867460,128552,195000,3721152,7340.409,1509.616,163.741,11182.343,8.986,910.562,8163,12043,1.360,1.470,0.970,1,0,484.235,0,0,25,149,5,26,0
10-07 16:12:17,10.239,19.978,67.924,0,0,3876128,121836,195000,3719324,7427.674,1618.186,0,151.830,0,10.988,3087,4800,1.360,1.470,0.970,1,0,261.707,0,0,25,149,5,26,0
10-07 16:12:18,14.032,22.300,62.642,0.251,0,3897824,138368,195000,3681808,5991.535,1665.763,0,212.480,0,16.036,4048,6784,1.360,1.470,0.970,2,0,242.548,0,0,25,149,5,26,0
10-07 16:12:19,27.915,17.696,53.337,0.249,0,3927884,129452,195000,3660504,5902.972,1615.068,1200.334,394.794,19.939,28.912,4799,7891,1.360,1.470,0.970,2,0,152.534,0,0,25,149,5,26,0
10-07 16:12:20,44.771,9.254,44.521,0.500,0.250,4044288,130536,195000,3543336,4796.211,1620.747,732.338,160.074,54.025,14.006,2125,2807,1.410,1.480,0.970,3,0,1.000,0,0,25,149,5,26,0
10-07 16:12:21,45.981,9.246,43.982,0.250,0,4135412,141096,194948,3442728,5356.793,1565.355,471.806,311.872,39.984,21.991,2816,4965,1.410,1.480,0.970,2,0,38.984,0,0,25,154,5,27,0
10-07 16:12:22,35.358,17.553,46.642,0,0,4068904,207768,194952,3442752,6997.321,1632.976,12.037,433.320,3.009,37.113,4021,7310,1.410,1.480,0.970,3,0,451.375,0,0,25,157,5,26,0
10-07 16:12:23,39.762,22.757,37.011,0,0,4101832,173088,194964,3444448,5440.610,1620.480,192.057,384.114,8.002,33.010,6186,14673,1.410,1.480,0.970,3,0,414.123,0,0,25,171,5,26,0
10-07 16:12:24,53.499,22.500,23.500,0.500,0,4115988,153992,194972,3449732,5424.946,1693.983,2643.974,311.997,46.000,18.000,6046,12715,1.410,1.480,0.970,5,0,233.998,0,0,25,175,5,26,0
10-07 16:12:25,78.695,16.738,3.997,0.250,0,4254576,132736,194868,3334560,5591.069,1618.862,459.677,835.413,20.985,32.977,3516,8123,1.700,1.540,1,5,0,123.913,0,0,25,186,5,26,0
10-07 16:12:26,74.311,18.015,2.502,4.003,0,4323520,130980,194820,3268128,6532.389,1695.399,6497.360,16901.944,460.380,710.586,5939,8768,1.700,1.540,1,6,0,59.049,0,0,25,192,5,26,0
10-07 16:12:27,60.753,21.751,15.501,0.500,0,4307952,175552,194824,3239496,5925.255,1620.070,640.028,1248.054,69.003,101.004,8215,15406,1.700,1.540,1,3,0,303.013,0,0,25,191,5,32,0
10-07 16:12:28,52.140,25.945,20.956,0,0,4346404,128308,194836,3248584,5366.708,1616.599,530.883,323.320,13.971,19.958,8874,32674,1.700,1.540,1,3,0,403.152,0,0,25,191,5,33,0
10-07 16:12:29,47.843,23.045,28.055,0,0,4345240,133256,194836,3244448,5166.095,1460.855,8.016,673.316,2.004,49.096,6926,13225,1.700,1.540,1,4,0,409.801,0,0,25,195,5,33,0
10-07 16:12:30,55.487,22.495,20.745,0,0,4440024,131904,194744,3152464,5138.762,1693.592,63.985,419.899,3.999,31.992,6803,16334,1.800,1.560,1.010,2,1,326.921,0,0,25,198,5,33,0
10-07 16:12:31,61.013,24.505,14.003,1.000,0,4499500,128432,194700,3097008,5310.163,1620.355,1032.226,20932.584,66.014,720.158,8020,19238,1.800,1.560,1.010,4,0,488.107,0,0,25,201,5,36,0
10-07 16:12:32,57.749,19.500,20.250,0.250,0,4551580,132220,194648,3042900,4753.948,1619.982,235.997,5883.935,18.000,492.995,8707,21524,1.800,1.560,1.010,4,0,235.997,0,0,25,203,5,37,0
10-07 16:12:33,64.255,16.001,19.502,0,0,4668632,127648,194480,2933056,5257.415,1620.128,96.008,5636.445,6.000,525.041,3771,5882,1.800,1.560,1.010,4,0,157.012,0,0,25,212,5,38,0
10-07 16:12:34,72.169,6.992,19.728,0.250,0,4673532,172028,194388,2885264,44166.401,1843.929,871.022,1274.569,61.930,60.932,5701,10695,1.800,1.560,1.010,8,0,7.991,0,0,25,222,6,40,0
10-07 16:12:35,52.138,16.465,29.936,0.499,0,4737280,119172,194400,2874664,50636.284,17480.469,614.680,1528.718,43.906,179.614,7311,13704,1.980,1.610,1.020,3,0,243.477,0,0,25,230,6,44,0
10-07 16:12:36,32.849,22.317,43.883,0.251,0,4726216,142316,194388,2862916,7165.647,1462.418,80.242,5629.005,13.039,462.397,5307,9250,1.980,1.610,1.020,2,0,403.218,0,0,25,231,6,44,0
10-07 16:12:37,39.598,17.931,41.092,0.249,0,4691636,183256,194384,2856640,5880.366,1687.505,211.187,753.101,12.950,58.774,5357,13398,1.980,1.610,1.020,2,0,205.210,0,0,25,231,6,44,0
10-07 16:12:38,64.241,14.806,20.326,0.251,0,4811224,127556,194288,2795160,6330.772,1700.385,196.739,3264.257,14.053,192.724,3453,5532,1.980,1.610,1.020,3,0,158.596,0,0,26,234,6,44,0
10-07 16:12:39,65.769,8.753,23.507,0.750,0,4886816,137992,194276,2711224,10955.144,1778.510,2032.583,844.242,149.043,47.013,3858,6099,1.980,1.610,1.020,3,0,11.003,0,0,26,234,6,40,0
10-07 16:12:40,44.601,14.950,37.873,0.997,0,4930304,125952,194300,2679944,6893.899,2648.126,306.971,7140.074,28.903,651.816,7469,13324,2.060,1.630,1.030,1,0,214.282,0,0,26,240,6,42,0
10-07 16:12:41,27.240,4.998,67.726,0.250,0,4940472,126932,194296,2668972,15347.613,3661.715,0,375.868,0,38.986,2447,3720,2.060,1.630,1.030,3,0,4.998,0,0,26,242,6,42,0
10-07 16:12:42,21.525,4.755,72.333,0,0,4897436,168048,194296,2670892,2022355.597,18367.030,0,364.417,0,37.042,3529,5371,2.060,1.630,1.030,2,0,37.042,0,0,26,240,6,42,0
10-07 16:12:43,13.020,11.017,72.861,0.501,0,4896652,147740,194296,2691984,19738073.348,99066.780,2135.250,324.494,29.044,17.026,7365,5014,2.060,1.630,1.030,1,0,124.189,0,0,26,239,6,43,0
10-07 16:12:44,17.951,11.718,69.312,0,0,4917596,130172,194296,2688620,4851.861,1615.625,39.892,1045.170,1.995,55.849,2726,4211,2.060,1.630,1.030,2,0,134.635,0,0,26,241,6,43,0
10-07 16:12:45,27.502,5.500,65.755,0.500,0,4945664,123900,194288,2667000,5718.440,1620.125,0,800.062,0,89.007,3265,6128,1.980,1.620,1.030,2,0,5.000,0,0,26,257,6,44,0
10-07 16:12:46,26.491,4.249,67.726,0.750,0,4952324,127732,194288,2656576,5430.099,1713.400,911.681,363.873,28.990,39.986,4294,9120,1.980,1.620,1.030,1,0,1.000,0,0,26,259,6,46,0
10-07 16:12:47,26.004,2.500,69.260,0.250,0,4956276,123452,194288,2656904,4899.686,1694.237,32.004,372.052,1.000,36.005,3998,8113,1.980,1.620,1.030,1,0,1.000,0,0,26,263,6,45,0
10-07 16:12:48,21.512,15.509,60.283,0.750,0,4920928,181056,194288,2634780,4796.643,1620.893,1140.628,21599.902,23.013,90.050,5432,9566,1.980,1.620,1.030,1,0,164.090,0,0,26,263,6,52,0
10-07 16:12:49,25.810,10.023,63.647,0.251,0,4975944,130356,194412,2630340,8733.147,1697.917,96.222,272.629,18.042,12.028,2503,3772,1.980,1.620,1.030,1,0,71.164,0,0,26,263,6,48,0
10-07 16:12:50,24.739,9.496,64.970,0.250,0,4946692,156952,195728,2629476,5043.660,1457.324,7.996,53163.332,1.999,356.834,3159,4254,1.900,1.610,1.030,1,0,8.996,0,0,26,263,6,49,0
10-07 16:12:51,27.458,6.989,63.154,0,0,4989240,129012,195732,2615368,7250.009,1617.548,7.988,1106.323,0.998,30.953,13686,26296,1.900,1.610,1.030,2,0,4.992,0,0,26,267,6,48,0
10-07 16:12:52,24.744,3.999,70.734,0,0,5007396,121516,195716,2605024,6904.440,1619.634,0,443.900,0,15.996,2520,4279,1.900,1.610,1.030,1,0,0,0,0,26,265,6,49,0
10-07 16:12:53,25.253,5.501,69.008,0.250,0,5015688,123812,195700,2594624,5911.656,1620.180,80.009,224.025,5.001,23.003,2272,3711,1.900,1.610,1.030,1,0,0,0,0,26,265,6,39,0
10-07 16:12:54,23.985,3.998,70.206,0,0,5016592,122580,195700,2594952,6217.114,1692.942,31.980,127.920,6.996,7.995,4524,8302,1.900,1.610,1.030,1,0,1.999,0,0,26,265,6,40,0
10-07 16:12:55,24.076,4.964,70.491,0,0,5016560,122580,195704,2594980,5715.698,1608.378,0,10670.892,0,27.799,1742,2777,1.830,1.600,1.030,5,0,0,0,0,26,265,6,39,0
10-07 16:12:56,23.419,5.792,69.502,0.252,0,5016772,122356,195704,2594992,6657.044,1631.777,0,9383.722,0,406.937,2422,3201,1.830,1.600,1.030,1,0,1.007,0,0,26,267,6,39,0
10-07 16:12:57,27.254,0.750,70.261,0.250,0,5016764,122356,195704,2595000,7006.100,1512.237,0,460.072,0,37.006,1780,2804,1.830,1.600,1.030,1,0,0,0,0,26,267,6,39,0
10-07 16:12:58,28.016,2.251,69.539,0,0,5020372,129160,195688,2584776,6470.630,1566.879,0,172.097,0,18.010,1691,2546,1.830,1.600,1.030,1,0,1.001,0,0,26,269,6,39,0
10-07 16:12:59,22.043,15.029,61.619,0.501,0,4927204,221888,195708,2585200,10514.314,1623.136,400.774,0,48.093,0,3304,5447,1.830,1.600,1.030,1,0,370.716,0,0,26,269,6,39,0
10-07 16:13:00,22.200,6.735,70.092,0,0,4985632,163436,195708,2585224,7855.278,1616.354,0,0,0,0,2103,3194,1.760,1.590,1.030,1,0,78.822,0,0,26,269,6,39,0
10-07 16:13:01,13.760,15.511,69.550,0,0,4929564,219488,195708,2585240,7397.274,1621.156,0,272.194,0,20.014,3072,4687,1.760,1.590,1.030,1,0,210.150,0,0,26,269,6,39,0
10-07 16:13:02,8.761,20.025,69.589,0,0.250,4929420,219604,195708,2585268,4483.703,1622.063,0,192.245,0,11.014,3097,4735,1.760,1.590,1.030,1,0,247.315,0,0,26,269,6,39,0
10-07 16:13:03,8.976,13.464,76.046,0.249,0,4931000,217988,195708,2585304,5313.743,1689.467,3.989,167.550,0.997,15.957,2821,4426,1.760,1.590,1.030,0,0,203.454,0,0,26,269,6,39,0
10-07 16:13:04,10.279,3.259,85.994,0,0,4957456,191528,195708,2585308,42932.973,1698.826,0,465.322,0,16.046,1768,2849,1.760,1.590,1.030,1,0,9.026,0,0,26,269,6,39,0
10-07 16:13:05,25.690,4.240,69.587,0.249,0,4992924,156052,195708,2585316,5965.000,1528.413,0,107.747,0,11.972,2383,5129,1.700,1.580,1.030,1,0,0,0,0,26,271,6,39,0
10-07 16:13:06,13.247,14.747,69.234,0.250,0,4929932,218908,195712,2585448,5975.584,1693.599,83.980,183.956,8.998,11.997,3101,4954,1.700,1.580,1.030,2,0,173.959,0,0,26,273,6,39,0
10-07 16:13:07,14.250,17.000,67.501,0.250,0,4932928,215552,195712,2585808,6179.105,1620.028,60.001,560.010,5.000,50.001,3497,5540,1.700,1.580,1.030,1,0,197.003,0,0,26,275,6,40,0
10-07 16:13:08,11.498,15.997,69.486,0,0,4932096,216268,195712,2585924,5764.864,1619.681,15.997,147.971,1.000,10.998,3078,4833,1.700,1.580,1.030,1,0,171.966,0,0,26,275,6,40,0
10-07 16:13:09,19.506,10.003,69.772,0,0,4965388,182928,195712,2585972,13938.460,1620.519,4.001,264.085,1.000,17.005,2385,3593,1.700,1.580,1.030,1,0,95.030,0,0,26,275,6,40,0
10-07 16:13:10,24.750,3.750,71.250,0,0,5026876,121440,195712,2585972,5466.995,1619.998,0,60.000,0,7.000,1697,2635,1.640,1.570,1.030,2,0,0,0,0,26,275,6,40,0
10-07 16:13:11,28.593,2.759,68.222,1.254,0,5044176,120652,195692,2569960,10616.514,1699.525,353.148,5004.269,13.042,551.794,3171,3990,1.640,1.570,1.030,1,0,2.007,0,0,26,277,6,40,0
10-07 16:13:12,23.754,4.001,71.262,0.250,0,4984184,180588,195696,2570012,8622.397,1532.248,36.006,144.023,5.001,7.001,1832,2828,1.640,1.570,1.030,1,0,5.001,0,0,26,275,6,40,0
10-07 16:13:13,25.138,3.733,70.435,0,0,5036796,127976,195696,2570012,8207.330,1686.465,0,131.413,0,7.964,1971,3082,1.640,1.570,1.030,1,0,0.996,0,0,26,278,6,40,0
10-07 16:13:14,26.367,3.264,69.307,0,0,4925784,238844,195696,2570156,5127.736,1627.215,0,124.552,0,8.036,2837,4963,1.640,1.570,1.030,1,0,16.071,0,0,26,275,6,40,0
10-07 16:13:15,24.418,3.239,69.765,0,0,4985000,179624,195696,2570160,4782.896,1730.175,0,119.597,0,11.960,1854,2784,1.590,1.560,1.030,1,0,0,0,0,26,275,6,40,0
10-07 16:13:16,15.753,11.752,70.514,0.250,0,4931456,231936,195700,2571388,5506.063,1620.313,1364.263,3604.696,18.003,20.004,2614,4045,1.590,1.560,1.030,2,0,154.030,0,0,26,275,6,40,0
10-07 16:13:17,12.497,17.245,68.482,0.250,0,4953020,210064,195700,2571712,4858.717,1619.572,263.930,631.833,62.983,43.988,3577,5689,1.590,1.560,1.030,1,0,307.919,0,0,26,275,6,40,0
10-07 16:13:18,21.227,8.241,69.926,0,0,4962484,200156,195700,2572156,4930.749,1618.277,359.617,95.898,23.974,5.994,2329,3599,1.590,1.560,1.030,1,0,91.902,0,0,26,275,6,40,0
10-07 16:13:19,27.027,6.757,65.566,0,0,4980640,181848,195704,2572304,5161.228,1607.629,156.158,8.008,7.007,2.002,9495,18759,1.590,1.560,1.030,1,0,8.008,0,0,26,275,6,40,0
10-07 16:13:20,21.749,3.000,73.996,0,0,4965164,196956,195724,2572652,13823.281,5377.720,0,415.978,0,10.999,2010,2953,1.540,1.550,1.030,1,0,7.000,0,0,26,276,6,40,0
10-07 16:13:21,28.007,5.751,64.766,0.750,0,5006632,153896,195876,2574680,6530.587,1620.394,0,724.176,0,41.010,10052,20577,1.540,1.550,1.030,3,0,38.009,0,0,26,276,6,40,0
10-07 16:13:22,27.507,9.503,64.017,0,0,4928520,232156,195876,2573912,6644.794,1794.485,0,448.121,0,20.005,3424,7037,1.540,1.550,1.030,2,0,97.026,0,0,26,275,6,40,0
10-07 16:13:23,20.473,12.234,66.662,0,0,4970040,190612,195876,2573936,7496.113,1617.866,3.995,131.826,0.999,13.982,3014,5018,1.540,1.550,1.030,1,0,175.768,0,0,26,275,6,40,0
10-07 16:13:24,28.025,3.003,68.562,0,0,4997704,162668,195876,2574216,4886.442,1621.474,16.015,324.295,1.001,28.025,3092,6024,1.540,1.550,1.030,1,0,0,0,0,26,275,6,44,0
10-07 16:13:25,22.074,8.278,68.479,0,0,4972872,187464,195876,2574252,5057.888,1589.307,8.027,0,1.003,0,2208,3572,1.500,1.540,1.030,1,0,118.395,0,0,26,275,6,44,0
10-07 16:13:26,23.497,4.749,69.990,0,0,4932720,227608,195876,2574260,6167.137,1619.773,0,0,0,0,2509,4643,1.500,1.540,1.030,2,0,39.994,0,0,26,275,6,44,0
10-07 16:13:27,24.443,5.238,69.837,0,0,4994880,165412,195876,2574296,4736.935,1690.052,15.963,227.469,0.998,18.956,2205,3426,1.500,1.540,1.030,2,0,29.930,0,0,26,276,6,44,0
10-07 16:13:28,23.486,6.246,69.209,0.250,0,4957820,202316,195876,2574452,9769.275,1693.008,0,267.843,0,18.989,2940,5325,1.500,1.540,1.030,1,0,55.967,0,0,26,275,6,38,0
10-07 16:13:29,26.031,4.005,69.833,0,0,4999108,161016,195876,2574464,7344.755,1621.933,0,140.167,0,11.013,2356,4162,1.500,1.540,1.030,1,0,2.002,0,0,26,279,6,39,0
10-07 16:13:30,24.194,4.739,70.088,0,0,4990924,169196,195876,2574468,5035.343,1616.258,0,119.723,0,7.982,1981,3096,1.460,1.530,1.030,1,0,27.935,0,0,26,275,6,39,0
10-07 16:13:31,24.002,6.000,69.006,0.750,0,4938592,221512,195876,2574484,6852.569,1620.134,0,368.031,0,49.004,3380,6072,1.460,1.530,1.030,1,0,47.004,0,0,26,275,6,39,0
10-07 16:13:32,23.748,4.250,70.495,0,0,4995284,164812,195876,2574492,5861.566,1457.892,0,115.991,0,7.999,2134,3422,1.460,1.530,1.030,1,0,0,0,0,26,275,6,36,0
10-07 16:13:33,25.279,4.005,68.829,0,0,4969196,190880,195876,2574512,10677.193,1621.852,12.014,268.306,3.003,21.024,2816,4485,1.460,1.530,1.030,2,0,28.032,0,0,26,275,6,38,0
10-07 16:13:34,25.751,3.750,69.502,0.250,0,4997108,162936,195876,2574544,46764.309,1620.045,0,312.009,0,34.001,3263,5392,1.460,1.530,1.030,1,0,0,0,0,26,275,6,35,0
10-07 16:13:35,13.523,19.283,66.365,0,0,4936904,223124,195876,2574560,6899.958,1696.941,0,252.437,0,21.036,3540,5741,1.340,1.500,1.020,1,0,352.611,0,0,26,275,6,35,0
10-07 16:13:36,12.748,19.747,66.241,0.250,0,4937400,222612,195876,2574576,7465.940,1619.770,0,195.972,0,16.998,3612,5980,1.340,1.500,1.020,1,0,401.943,0,0,26,275,6,30,0
10-07 16:13:37,10.487,22.222,65.917,0,0,4938780,221068,195876,2574724,5574.016,1617.973,0,475.404,0,30.961,3537,5744,1.340,1.500,1.020,1,0,372.533,0,0,26,275,6,31,0
10-07 16:13:38,11.782,20.305,65.930,0,0,4940772,219056,195880,2574740,6767.448,1698.630,4.011,360.984,1.003,28.077,3538,5701,1.340,1.500,1.020,3,0,351.959,0,0,26,275,6,31,0
10-07 16:13:39,10.741,21.482,66.693,0,0,4937820,221972,195880,2574760,11282.376,1456.757,0,115.901,0,13.988,3433,5436,1.340,1.500,1.020,2,0,336.713,0,0,26,275,6,31,0
10-07 16:13:40,11.750,20.501,67.002,0,0,4939856,219912,195880,2574784,6819.177,1620.042,0,36.001,0,9.000,3344,5257,1.230,1.480,1.020,1,0,337.009,0,0,26,275,6,30,0
10-07 16:13:41,10.761,21.022,65.317,0.250,0,4937924,221836,195880,2574792,6485.641,1621.661,0,1169.197,0,121.124,3818,5974,1.230,1.480,1.020,1,0,363.372,0,0,26,275,6,30,0
10-07 16:13:42,10.228,21.703,66.604,0.249,0,4935200,224532,195880,2574820,6214.409,1616.465,0,2626.256,0,357.219,3974,5622,1.230,1.480,1.020,1,0,369.193,0,0,26,275,6,29,0
10-07 16:13:43,9.746,20.992,66.726,0,0,4936164,223552,195880,2574836,6190.740,1693.382,0,131.952,0,11.996,3433,5461,1.230,1.480,1.020,2,0,350.872,0,0,26,275,6,29,0
10-07 16:13:44,9.770,21.543,66.383,0,0.251,4942292,217404,195880,2574856,5652.316,1623.250,0,396.794,0,23.046,3500,5721,1.230,1.480,1.020,1,0,346.694,0,0,26,275,5,28,0
10-07 16:13:45,13.732,16.229,69.408,0,0,4947304,212128,195880,2575120,5798.329,1617.860,215.715,119.841,23.968,7.989,3151,5093,1.210,1.470,1.020,1,0,275.635,0,0,26,275,5,28,0
10-07 16:13:46,20.519,9.259,68.814,0.500,0,4961324,272380,196288,2508300,16098.875,1649.524,324.300,148.137,48.044,5.005,9872,19220,1.210,1.470,1.020,3,0,25.023,0,0,26,275,5,25,0
10-07 16:13:47,21.704,3.493,74.343,0,0,4986588,243936,196440,2510880,11961.737,3572.455,11.975,2183.389,1.996,7.983,1731,2692,1.210,1.470,1.020,1,0,2.994,0,0,26,276,5,25,0
10-07 16:13:48,22.925,2.492,71.266,1.246,0,4997380,232176,196488,2511732,26074.294,15366.490,833.261,1646.588,65.784,60.800,2310,3407,1.210,1.470,1.020,2,0,0,0,0,26,274,5,15,2
10-07 16:13:49,23.332,6.021,70.748,0.753,0,5018132,208172,196528,2514920,19592.731,10573.090,2243.872,1035.633,61.215,38.134,2305,3305,1.210,1.470,1.020,3,0,7.025,0,0,26,274,5,15,2
10-07 16:13:50,23.720,2.247,73.408,0.999,0,5021868,203440,196576,2515800,26230.029,16064.807,651.181,3427.691,54.931,150.810,2702,4289,1.120,1.450,1.010,1,0,0,0,0,26,274,5,16,2
10-07 16:13:51,23.520,5.755,67.807,2.002,0,5018720,169164,196648,2552860,15579.180,6427.438,13635.536,1501.270,273.231,74.063,2986,4148,1.120,1.450,1.010,4,0,0,0,0,26,274,5,15,2
10-07 16:13:52,20.751,4.250,71.252,1.500,0,5042020,120916,196660,2575644,10019.311,1620.050,0,5028.156,0,162.005,2425,3771,1.120,1.450,1.010,0,1,0,0,0,26,274,5,15,2
10-07 16:13:53,24.222,4.994,69.169,0.999,0,5024820,119708,196832,2592120,5481.554,1584.137,31.962,3300.119,1.998,129.847,2262,3930,1.120,1.450,1.010,1,0,0,0,0,26,274,5,14,2
10-07 16:13:54,23.522,5.255,70.315,0.500,0,4967032,198508,196848,2570936,6155.669,1869.722,388.358,1213.117,5.005,35.032,1865,2809,1.120,1.450,1.010,1,0,6.006,0,0,26,273,5,14,2
10-07 16:13:55,24.269,6.505,68.303,0.250,0,4966132,197420,196848,2572856,4653.588,1567.208,0,1084.836,0,13.010,9578,19193,1.110,1.440,1.010,1,0,12.009,0,0,26,273,5,13,2
10-07 16:13:56,25.237,5.497,67.964,0,0,4967416,195972,196848,2573020,5049.359,1693.115,0,1171.387,0,12.993,8307,17060,1.110,1.440,1.010,2,0,12.993,0,0,26,273,5,13,2
10-07 16:13:57,24.746,3.999,69.988,0,0,4951492,211984,196848,2572932,11612.072,4850.195,0,231.961,0,4.999,2276,3505,1.110,1.440,1.010,1,0,50.992,0,0,26,274,5,13,2
10-07 16:13:58,26.233,6.496,67.207,0,0,4984028,179436,196848,2572944,9686.868,1858.823,0,35.977,0,0.999,10338,20411,1.110,1.440,1.010,2,0,14.991,0,0,26,273,5,13,2
10-07 16:13:59,24.520,8.006,66.303,0,0,4993020,170332,196848,2573056,4393.537,1621.305,0,92.074,0,3.002,15124,30854,1.110,1.440,1.010,1,0,16.013,0,0,26,273,5,13,2
10-07 16:14:00,24.326,4.263,70.971,0,0,4957192,206268,196848,2572948,4730.727,1590.953,0,120.375,0,10.031,1869,2847,1.100,1.430,1.010,1,0,13.041,0,0,26,273,5,13,2
10-07 16:14:01,23.180,5.483,70.038,0,0.249,4941564,221892,196848,2572952,5659.862,1615.109,0,438.672,0,17.946,2247,3572,1.100,1.430,1.010,1,0,56.828,0,0,26,273,5,13,2
10-07 16:14:02,23.006,6.502,69.518,0,0,4962976,185856,197212,2585744,5099.356,1566.417,12.003,1080.287,3.001,18.005,10408,20350,1.100,1.430,1.010,1,0,47.013,0,0,26,273,5,13,2
10-07 16:14:03,21.994,2.249,75.729,0.250,0,4975916,171268,197252,2587080,14036.056,6832.080,0,1147.678,0,28.992,1920,3044,1.100,1.430,1.010,0,0,2.999,0,0,26,274,5,13,2
10-07 16:14:04,18.467,1.996,78.110,0.499,0,4986004,160936,197316,2587180,60646.261,13185.359,0,1720.914,0,53.903,2111,3172,1.100,1.430,1.010,0,1,0,0,0,26,274,6,13,2
10-07 16:14:05,13.267,1.252,82.357,0.751,0,4987392,158948,197472,2587556,151982.577,16961.049,0,1590.067,0,68.089,2159,3250,1.090,1.420,1.010,1,0,0,0,0,26,275,6,13,2
10-07 16:14:06,20.255,2.001,76.770,0.250,0,5003664,142568,197524,2587612,19431.149,10609.812,0,996.264,0,34.009,1834,2897,1.090,1.420,1.010,1,0,0,0,0,26,275,6,13,2
10-07 16:14:07,19.003,1.500,78.761,0.750,0,5014608,131228,197536,2587928,204127.966,15937.183,0,1444.198,0,46.006,2052,3125,1.090,1.420,1.010,0,0,0,0,0,26,275,6,13,2
10-07 16:14:08,8.499,2.250,87.735,0.750,0,5014888,130752,197556,2588040,76906.695,13258.706,23.996,1659.713,3.999,80.986,1964,3140,1.090,1.420,1.010,1,0,0,0,0,26,275,6,13,2
10-07 16:14:09,14.031,2.004,81.683,1.253,0,5015684,129552,197580,2588280,70426.544,15385.417,108.242,1856.152,11.025,84.188,2191,3215,1.090,1.420,1.010,1,0,2.004,0,0,26,275,6,13,2
10-07 16:14:10,9.726,1.995,86.789,0.249,0,5014540,121752,197588,2597148,324070.481,10648.157,0,195.525,0,5.985,1830,2768,1,1.400,1,1,0,0.998,0,0,26,275,6,13,2
10-07 16:14:11,5.011,0.752,92.201,0,0,5014556,120996,197588,2597872,338387.331,8576.663,0,228.497,0,24.052,1983,3185,1,1.400,1,0,0,0,0,0,26,275,6,13,2
10-07 16:14:12,3.991,1.746,91.293,0.499,0,5014908,120016,197588,2598592,383920.189,9979.417,0,7068.005,0,324.266,2568,3305,1,1.400,1,0,0,0,0,0,26,275,6,13,2
10-07 16:14:13,5.751,1.250,91.268,0,0.250,5014708,119512,197592,2599292,380957.191,10088.018,0,2820.564,0,267.053,2323,3072,1,1.400,1,2,0,2.000,0,0,26,275,6,13,2
10-07 16:14:14,4.750,1.750,92.753,0,0,5014820,118784,197592,2599908,368376.315,8310.233,0,0,0,0,1743,2844,1,1.400,1,1,0,0,0,0,26,275,6,13,2
10-07 16:14:15,4.500,1.250,93.007,0,0,5014468,118336,197592,2600708,380092.407,9210.737,0,0,0,0,1864,2722,0.920,1.380,1,0,0,0,0,0,26,275,6,13,2
10-07 16:14:16,4.496,1.499,92.172,0,0,5013836,129476,197424,2591116,466747.532,10850.853,0,1151.030,0,76.935,2057,2882,0.920,1.380,1,1,0,0,0,0,26,275,6,13,2
10-07 16:14:17,5.004,1.251,92.566,0,0,5013672,128624,197424,2592132,532413.208,12370.858,0,0,0,0,1783,2830,0.920,1.380,1,0,0,0,0,0,26,275,6,13,2
10-07 16:14:18,5.993,1.249,91.150,0,0,5014184,127196,197424,2593048,495286.661,11651.242,0,147.838,0,3.996,2075,2993,0.920,1.380,1,0,0,0,0,0,26,275,6,13,2
10-07 16:14:19,7.006,2.502,89.077,0.250,0,5018424,147056,197052,2569928,261410.427,7112.188,52.045,136.118,6.005,13.011,2095,3140,0.920,1.380,1,1,0,2.002,0,0,26,275,6,13,2
10-07 16:14:20,5.499,1.500,91.978,0,0,5018736,146104,197052,2570568,383746.285,9141.815,0,3.999,0,1.000,1982,2891,1.010,1.390,1,0,0,0,0,0,26,275,6,14,2
10-07 16:14:21,6.254,4.002,86.799,0.500,0,5026216,137480,197072,2571548,394273.342,10674.074,0,112716.135,0,367.209,3276,4225,1.010,1.390,1,1,0,0,0,0,26,275,6,13,2
10-07 16:14:22,10.245,4.248,84.958,0.250,0,5029276,145304,196812,2561908,478355.779,11296.374,0,283.859,0,19.990,2523,5214,1.010,1.390,1,0,0,34.983,0,0,26,275,6,14,2
10-07 16:14:23,5.247,1.999,91.689,0,0,5029320,144576,196828,2562576,358207.150,8961.050,0,935.379,0,27.981,2117,3244,1.010,1.390,1,0,0,0.999,0,0,26,275,6,13,2
10-07 16:14:24,6.014,0.752,91.217,0,0,5029460,143848,196828,2563164,356097.512,8422.044,0,0,0,0,1986,2805,1.010,1.390,1,0,0,0,0,0,26,275,6,13,2
10-07 16:14:25,7.750,1.750,89.498,0.250,0,5031540,140944,196828,2563984,365975.778,9155.844,0,299.995,0,18.000,2214,3248,0.930,1.360,1,2,0,6.000,0,0,26,275,6,9,2
10-07 16:14:26,7.740,2.747,88.138,0.499,0,5031736,139236,196856,2565464,386924.380,10480.710,135.828,2129.300,4.994,162.794,3094,4791,0.930,1.360,1,0,0,0.999,0,0,26,275,6,9,2
10-07 16:14:27,6.747,1.999,88.966,0,0,5031968,138032,196856,2566436,434691.121,9362.470,0,167.937,0,12.995,2447,3649,0.930,1.360,1,1,0,0,0,0,26,275,6,11,2
10-07 16:14:28,4.000,1.750,92.258,0,0,5031528,137780,196856,2567128,382504.748,8550.710,0,4.000,0,1.000,1857,2934,0.930,1.360,1,0,0,0,0,0,26,275,6,11,2
10-07 16:14:29,5.000,2.750,90.000,0.750,0,5028552,137528,196884,2570328,396293.604,11173.989,0,1987.998,0,38.000,2118,3318,0.930,1.360,1,0,0,5.000,0,0,26,275,6,10,2
10-07 16:14:30,5.503,1.501,91.555,0.250,0,5028296,136576,196936,2571484,300686.111,9649.780,20.012,848.508,2.001,28.017,1918,2912,0.850,1.340,0.990,0,0,3.002,0,0,26,275,6,10,2
10-07 16:14:31,21.287,3.506,73.628,0.751,0,5027672,129696,197280,2578016,94951.596,3341.828,32.056,1558.718,3.005,78.136,2167,3544,0.850,1.340,0.990,1,0,0,0,0,26,275,6,9,2
10-07 16:14:32,21.439,6.232,71.049,0.748,0,5028224,124036,199992,2578484,4859.239,1615.425,0,4898.129,0,107.695,2075,3465,0.850,1.340,0.990,1,0,0,0,0,26,275,6,9,2
10-07 16:14:33,22.997,5.999,69.490,1.000,0,5044776,125240,200312,2560040,6253.125,1565.781,0,2655.628,0,125.982,2398,4042,0.850,1.340,0.990,1,0,0,0,0,26,275,6,9,2
10-07 16:14:34,22.143,5.474,69.664,1.244,0,5045536,118524,201144,2563052,42572.969,1578.398,0,3240.394,0,114.449,2305,3719,0.850,1.340,0.990,1,0,0,0,0,26,275,6,7,2
10-07 16:14:35,24.181,4.534,70.529,0.756,0,5045272,124840,202380,2555248,8335.558,1781.369,0,3179.865,0,80.605,2103,3479,0.870,1.330,0.990,1,0,0,0,0,26,275,6,7,2
10-07 16:14:36,22.773,2.002,73.824,1.001,0,4948792,246440,202840,2528820,12575.550,4226.218,20.020,2318.314,3.003,90.090,2175,3500,0.870,1.330,0.990,1,0,1.001,0,0,26,273,6,7,2
10-07 16:14:37,25.243,5.748,67.981,0,0,5006092,187120,202844,2530828,8940.452,1693.517,0,1255.642,0,109.969,6184,11580,0.870,1.330,0.990,2,0,8.997,0,0,26,273,6,8,2
10-07 16:14:38,23.501,5.250,69.754,0,0,4997896,195176,202844,2530968,6797.387,1620.092,0,92.005,0,2.000,4487,8362,0.870,1.330,0.990,1,0,9.001,0,0,26,273,6,7,2
10-07 16:14:39,24.444,6.236,68.843,0,0,4986764,206232,202844,2531044,10038.133,1616.318,0,107.755,0,6.984,9575,18973,0.870,1.330,0.990,1,0,13.968,0,0,26,273,6,7,2
10-07 16:14:40,24.068,4.262,70.448,0,0,4987256,202888,203028,2533308,6488.245,1624.568,200.564,2146.035,8.023,15.042,1814,2752,0.880,1.330,0.990,0,1,6.017,0,0,26,273,6,7,2
10-07 16:14:41,26.470,3.746,68.172,0.999,0,4991444,197752,203032,2534120,7732.193,1530.257,495.436,2640.992,10.987,101.884,4822,9184,0.880,1.330,0.990,1,0,0,0,0,26,275,6,10,2
10-07 16:14:42,26.723,3.496,69.429,0.250,0,5000176,188680,203032,2534460,5203.651,1618.336,259.733,491.495,16.983,50.948,3863,7981,0.880,1.330,0.990,2,0,0,0,0,26,280,6,13,2
10-07 16:14:43,28.544,4.006,65.350,1.252,0,5017332,169556,203044,2536352,5680.663,1622.474,1546.358,1406.144,107.163,164.250,4816,8563,0.880,1.330,0.990,1,0,1.002,0,0,26,283,6,15,2
10-07 16:14:44,12.761,17.015,67.560,0.500,0,4967156,219468,203044,2536616,5713.062,1695.502,132.117,1064.944,2.002,78.069,3904,6379,0.880,1.330,0.990,1,0,306.271,0,0,26,282,6,15,2
10-07 16:14:45,14.483,12.735,68.669,2.497,0,4958116,219920,203044,2545204,5246.830,1692.010,8601.884,675.206,722.151,20.975,4154,5504,0.890,1.320,0.990,1,0,141.833,0,0,26,284,6,17,2
10-07 16:14:46,11.213,5.482,75.252,7.475,0,4959652,183312,203060,2580228,5894.560,2630.325,34896.910,3775.548,2570.522,162.464,7418,8558,0.890,1.320,0.990,0,0,5.980,0,0,26,285,6,17,2
10-07 16:14:47,3.249,1.000,93.965,0,0,4960104,182836,203060,2580252,43515.769,3798.583,0,95.964,0,11.996,1613,2771,0.890,1.320,0.990,1,0,0,0,0,26,285,6,17,2
10-07 16:14:48,6.999,2.250,88.484,0.500,0,4958836,180824,203628,2582960,18059.641,120799.531,3231.399,695.871,55.990,11.998,1921,2978,0.890,1.320,0.990,0,0,11.998,0,0,26,284,6,17,3
10-07 16:14:49,6.999,3.000,88.987,0,0,4958144,178728,203632,2585744,6862.991,1801.735,1903.720,11.998,16.998,3.000,1684,2725,0.890,1.320,0.990,0,0,5.999,0,0,26,284,6,17,2
10-07 16:14:50,8.749,2.000,89.485,0,0,4957364,178504,203632,2586748,6056.970,1619.725,811.862,11.998,6.999,2.000,1939,3020,0.900,1.320,0.990,0,0,0,0,0,26,284,6,17,1
10-07 16:14:51,8.548,2.514,87.490,0.503,0,4942660,194108,203632,2585848,8469.395,1788.006,0,12654.816,0,392.195,2338,3227,0.900,1.320,0.990,0,0,0,0,0,26,284,6,17,1
10-07 16:14:52,2.740,0.997,93.924,0.498,0,4943672,193436,203632,2585680,6550.264,1614.396,0,2678.702,0,389.648,1734,2451,0.900,1.320,0.990,0,0,0,0,0,26,284,6,17,1
10-07 16:14:53,4.250,1.750,90.999,0.250,0,4943684,193436,203632,2585728,5410.962,1619.989,0,411.997,0,60.000,2101,3494,0.900,1.320,0.990,3,0,0,0,0,26,284,6,17,1
10-07 16:14:54,4.250,1.250,92.750,1.000,0,4943660,193436,203632,2585752,6714.020,1458.004,16.000,2468.007,1.000,177.001,2127,3653,0.900,1.320,0.990,0,0,0,0,0,26,284,6,17,1
10-07 16:14:55,3.749,1.000,94.464,0.250,0,4943880,193212,203632,2585756,5325.997,1619.391,0,171.935,0,8.997,1429,2463,0.820,1.300,0.990,0,0,0,0,0,26,284,6,17,1
10-07 16:14:56,4.247,0.500,94.188,0,0,4943880,193212,203632,2585756,6883.450,1618.930,0,299.802,0,8.994,1408,2488,0.820,1.300,0.990,1,0,0,0,0,26,284,6,17,1
10-07 16:14:57,3.252,1.501,93.293,0,0,4944132,192960,203632,2585756,13149.101,4853.252,0,936.435,0,44.020,1574,2663,0.820,1.300,0.990,0,0,0,0,0,26,285,6,17,1
10-07 16:14:58,4.250,1.000,93.501,0,0,4944132,192960,203632,2585756,10435.146,1934.027,0,96.001,0,6.000,1536,2605,0.820,1.300,0.990,0,0,0,0,0,26,284,6,17,1
10-07 16:14:59,3.751,1.250,94.764,0,0.250,4944128,192960,203632,2585760,6090.926,1694.258,0,0,0,0,1400,2417,0.820,1.300,0.990,0,0,2.000,0,0,26,284,6,17,1
10-07 16:15:00,3.749,0.500,94.724,0,0,4944128,192960,203632,2585760,6021.320,1619.548,0,0,0,0,1340,2313,0.760,1.270,0.980,0,0,0,0,0,26,284,6,17,1
10-07 16:15:01,4.003,1.001,93.819,0,0,4944128,192960,203632,2585760,6031.439,1459.074,0,92.068,0,13.010,1617,2792,0.760,1.270,0.980,0,0,0,0,0,26,284,6,17,1
10-07 16:15:02,3.751,1.751,93.786,0.250,0,4946296,190916,203632,2585760,8534.277,1620.622,0,19139.350,0,57.022,1580,2582,0.760,1.270,0.980,0,0,0,0,0,26,284,6,17,1
10-07 16:15:03,3.748,1.000,93.957,0,0,4946296,190916,203632,2585760,6143.199,1619.262,0,63.971,0,9.995,1644,2752,0.760,1.270,0.980,0,0,0,0,0,26,284,6,17,1
10-07 16:15:04,2.999,1.000,93.968,0,0,4946296,190916,203632,2585760,44840.889,1619.454,0,343.884,0,27.991,1803,2966,0.760,1.270,0.980,0,0,0,0,0,26,284,6,17,1
10-07 16:15:05,2.751,1.001,94.298,0,0,4946296,190916,203632,2585760,6103.137,1694.871,0,32.016,0,4.002,1464,2490,0.700,1.250,0.980,1,0,0,0,0,26,284,6,17,1
10-07 16:15:06,3.498,1.249,94.957,0,0,4946296,190916,203632,2585760,8919.941,1619.263,0,0,0,0,1464,2507,0.700,1.250,0.980,0,0,0,0,0,26,284,6,17,1
10-07 16:15:07,4.249,4.499,90.736,0.250,0,4951880,185284,203632,2585760,5766.118,1619.752,0,114898.421,0,305.953,2333,3177,0.700,1.250,0.980,1,0,0,0,0,26,284,6,18,1
10-07 16:15:08,3.250,1.250,94.004,0.250,0,4951876,185284,203632,2585764,5570.245,1532.067,0,2540.112,0,133.006,1581,2344,0.700,1.250,0.980,0,0,0,0,0,26,284,6,17,1
10-07 16:15:09,2.250,0.750,94.499,0,0,4951876,185284,203632,2585764,13182.842,1619.981,0,0,0,0,1456,2444,0.700,1.250,0.980,0,0,2.000,0,0,26,284,6,17,1
10-07 16:15:10,3.005,1.002,94.907,0,0,4951872,185284,203632,2585768,6175.195,1622.679,4.007,48.079,1.002,7.012,1394,2412,0.800,1.260,0.980,0,0,0,0,0,26,284,6,17,1
10-07 16:15:11,3.751,1.000,93.029,0.250,0,4951864,185284,203632,2585776,6942.173,1620.507,0,84.026,0,13.004,1766,3104,0.800,1.260,0.980,0,0,0,0,0,26,284,6,17,1
10-07 16:15:12,3.997,1.499,94.187,0,0.250,4951072,186076,203632,2585776,6444.676,1618.914,0,4453.012,0,21.985,1467,2572,0.800,1.260,0.980,0,0,0,0,0,26,284,6,17,1
10-07 16:15:13,4.003,0.500,93.813,0,0,4950944,186076,203632,2585904,6354.238,1621.081,0,68.045,0,5.003,1497,2544,0.800,1.260,0.980,0,0,0,0,0,26,284,6,17,1
10-07 16:15:14,2.500,1.000,94.011,0.250,0,4950896,186076,203632,2585952,6243.706,1620.183,32.004,600.068,1.000,37.004,1682,2987,0.800,1.260,0.980,0,0,0,0,0,26,284,6,17,1
10-07 16:15:15,3.986,1.993,94.171,0,0,4950896,186076,203632,2585952,7797.762,1580.479,0,31.889,0,3.986,1410,2482,0.740,1.240,0.980,0,0,0,0,0,26,284,5,17,1
10-07 16:15:16,3.512,0.502,94.570,0,0,4950896,186076,203632,2585952,4758.097,1571.316,0,8.027,0,2.007,1359,2404,0.740,1.240,0.980,0,0,0,0,0,26,284,5,17,1
10-07 16:15:17,3.000,1.500,95.003,0,0,4950896,186076,203632,2585952,15452.448,1662.048,0,16.000,0,3.000,1401,2375,0.740,1.240,0.980,0,0,0,0,0,26,284,5,17,1
10-07 16:15:18,3.500,0.750,93.750,0.250,0,4950896,186076,203632,2585952,5334.995,1619.998,0,631.999,0,126.000,1748,2772,0.740,1.240,0.980,0,0,0,0,0,26,284,5,17,1
10-07 16:15:19,5.998,1.749,91.220,0,0,4949392,187580,203632,2585952,3498.859,175.943,0,3.999,0,1.000,1422,2453,0.740,1.240,0.980,0,0,1.999,0,0,26,284,5,17,1
10-07 16:15:20,13.465,4.987,80.289,0,0,4963752,172796,203788,2586220,337387.022,10123.416,450.816,151.602,17.953,2.992,2253,3294,0.760,1.240,0.980,0,0,32.914,0,0,26,284,5,18,1
10-07 16:15:21,15.067,7.283,76.843,0.251,0,4975536,153964,203796,2593260,233922.699,4138.482,233.041,212.951,16.072,16.072,2283,3467,0.760,1.240,0.980,1,0,35.157,0,0,26,284,5,17,1
