"pcp-dstat 5.3.6 CSV Output"
"Author:","PCP team <pcp@groups.io> and Dag Wieers <dag@wieers.com>",,,,"URL:","https://pcp.io/ and http://dag.wieers.com/home-made/dstat/"
"Host:","ubuntu",,,,"User:","ubuntu"
"Cmdline:","dstat -tcmndrylpg --tcp --output /tmp/devstack_logs/dstat-csv.log",,,,"Date:","11 Feb 2026 10:07:44 UTC"
"system","total usage",,,,,"memory usage",,,,"net/total",,"dsk/total",,"io/total",,"system",,"load avg",,,"procs",,,"paging",,"tcp sockets",,,,
"time","total usage:usr","total usage:sys","total usage:idl","total usage:wai","total usage:stl","used","free","buf","cach","net/total:recv","net/total:send","dsk/total:read","dsk/total:writ","read","writ","int","csw","1m","5m","15m","run","blk","new","in","out","lis","act","syn","tim","clo"
11-02 10:07:44,,1064224,376400,176724,6143368,,,,,,,1.500,1.080,0.650,5,0,,,,9,5,5,11,1
11-02 10:07:45,42.002,21.751,35.252,0.500,0,1034688,399824,176752,6149240,2964316.180,59776.049,0,5576.284,0,108.006,4510,6349,1.500,1.080,0.650,5,0,489.025,0,0,9,5,5,11,1
11-02 10:07:46,48.751,19.000,30.500,0.500,0,1064824,369052,176768,6149640,70556.129,17599.282,0,2372.038,0,85.001,4377,7709,1.500,1.080,0.650,4,0,425.007,0,0,9,5,5,11,1
11-02 10:07:47,43.243,16.997,38.244,0,0,1113148,318280,176856,6212092,1178826.209,29625.230,0,2971.522,0,65.989,6474,10500,1.500,1.080,0.650,3,0,197.968,0,0,10,5,5,11,1
11-02 10:07:48,41.260,8.252,49.512,0.750,0,1204192,200444,177596,6300168,399221.216,9870.329,0,2720.642,0,78.018,2255,2814,1.540,1.100,0.650,3,0,45.011,0,0,10,6,6,11,2
11-02 10:07:49,41.751,13.250,43.501,0.750,0,1188352,195584,178164,6317900,15040.496,3605.119,80.003,1976.065,1.000,73.002,2270,3118,1.540,1.100,0.650,2,0,173.006,0,0,10,6,5,11,2
11-02 10:07:50,38.250,11.000,49.001,1.750,0,1233508,119936,179576,6343472,6396.083,1846.024,0,6036.078,0,197.003,1999,3412,1.540,1.100,0.650,2,0,73.001,0,0,10,6,6,13,2
11-02 10:07:51,39.479,7.496,47.974,3.498,0,1243780,129736,179072,6321788,10569.367,2748.535,43.977,30099.957,10.994,1354.278,4967,7525,1.540,1.100,0.650,1,0,12.993,0,0,10,9,6,13,2
11-02 10:07:52,31.993,7.998,47.740,10.998,0,1171188,210248,179764,6313336,13257.216,3297.308,395.917,34060.847,5.999,3075.354,13180,25464,1.540,1.100,0.650,2,0,58.988,0,0,10,6,6,13,0
11-02 10:07:53,36.244,9.998,49.492,3.000,0,1177056,202716,179968,6314796,16737.238,3846.365,207.966,27715.427,23.996,1801.703,6784,12373,1.580,1.110,0.660,2,0,96.984,0,0,10,5,6,13,0
11-02 10:07:54,45.003,5.250,49.004,0.750,0,1230508,143752,180232,6319336,8157.604,1914.142,0,2676.198,0,122.009,1361,1374,1.580,1.110,0.660,2,0,5.000,0,0,10,4,6,13,0
11-02 10:07:55,40.531,7.506,50.788,0.500,0,1178128,189280,180788,6324644,12278.307,4604.490,0,8246.251,0,434.329,5369,10303,1.580,1.110,0.660,2,0,17.013,0,0,10,4,6,13,0
11-02 10:07:56,44.964,10.741,41.967,0.250,0,1220512,146064,180848,6325088,11086.198,1780.586,0,163318.325,0,549.564,9615,17362,1.580,1.110,0.660,2,0,12.990,0,0,10,4,6,13,0
11-02 10:07:57,31.773,21.766,45.784,0.500,0,1129008,249212,180908,6314556,10798.948,1769.302,392.289,4215.102,19.014,26.019,6192,11635,1.580,1.110,0.660,2,0,411.303,0,0,10,4,6,13,0
11-02 10:07:58,32.687,23.205,43.416,0,0,1103604,273704,180920,6315660,9356.857,1690.722,622.792,47.907,16.967,9.981,4339,7086,1.770,1.160,0.680,1,0,375.272,0,0,10,4,6,13,0
11-02 10:07:59,46.840,12.023,40.327,0.250,0,1173404,202636,180920,6316956,9315.868,1623.113,1110.129,12.023,40.077,3.006,2884,4541,1.770,1.160,0.680,2,0,209.402,0,0,10,5,6,13,0
11-02 10:08:00,48.001,2.500,49.501,0,0,1222040,153496,181056,6317432,9505.238,1714.043,152.004,192.005,6.000,1.000,1133,1078,1.770,1.160,0.680,2,0,0,0,0,10,5,6,13,0
11-02 10:08:01,27.167,10.468,61.313,0,0,1242936,135936,180616,6314508,9620.590,1561.227,203.378,0,8.973,0,2119,6229,1.770,1.160,0.680,0,0,124.619,0,0,10,4,6,14,0
11-02 10:08:02,0.750,0.500,98.244,0,0,1243152,135712,180616,6314516,4392.714,1511.902,0,3711.759,0,124.992,664,946,1.770,1.160,0.680,0,0,0,0,0,10,4,6,14,0
11-02 10:08:03,12.252,3.751,81.765,0.500,0,1283428,123368,180216,6287044,6598.207,1620.297,232.042,1776.325,8.001,44.008,1451,2073,1.790,1.170,0.690,1,0,23.004,0,0,10,4,6,14,0
11-02 10:08:04,23.253,3.250,72.511,0.250,0,1331476,126768,180044,6236156,9385.398,1620.241,384.057,1228.183,6.001,3.000,949,1131,1.790,1.170,0.690,1,0,0,0,0,10,4,6,14,0
11-02 10:08:05,23.499,3.250,71.998,0.750,0,1348952,126352,179960,6219496,7300.810,1619.958,171.996,13599.646,9.000,426.989,2919,4929,1.790,1.170,0.690,1,0,1.000,0,0,10,10,6,14,0
11-02 10:08:06,19.770,5.756,72.322,1.501,0,1309408,164952,180144,6220324,9874.865,1769.768,1137.136,2498.496,53.053,146.146,1658,2191,1.790,1.170,0.690,1,0,42.042,0,0,10,4,6,16,0
11-02 10:08:07,22.989,2.749,72.714,0.500,0,1336664,136504,180512,6221132,12979.575,1619.198,647.679,1775.121,79.960,25.987,2014,2958,1.790,1.170,0.690,2,0,2.999,0,0,10,29,6,16,0
11-02 10:08:08,20.005,6.251,72.767,0,0,1324936,148200,180516,6221156,12087.829,1458.341,0,476.111,0,18.004,1298,1607,1.810,1.190,0.690,1,0,43.010,0,0,10,28,6,16,0
11-02 10:08:09,23.283,10.515,66.343,0,0,1307576,165440,180516,6221276,10000.010,1622.273,116.163,12.017,4.006,3.004,2071,2893,1.810,1.190,0.690,2,0,156.219,0,0,10,28,6,16,0
11-02 10:08:10,44.672,5.990,47.917,0.499,0,1407460,129728,180332,6158232,7567.870,1617.194,0,4176.753,0,409.290,2664,3318,1.810,1.190,0.690,2,0,0,0,0,10,29,6,16,0
11-02 10:08:11,50.877,19.799,29.574,0.501,0,1396932,140020,180352,6158412,7870.645,1624.054,132.330,204.510,20.050,28.070,3815,8693,1.810,1.190,0.690,5,0,438.093,0,0,10,28,6,17,0
11-02 10:08:12,79.502,16.500,3.500,0,0,1585880,125604,179912,5988332,9621.250,1620.042,20.001,12.000,5.000,3.000,3692,7211,1.810,1.190,0.690,7,0,142.004,0,0,10,30,6,17,0
11-02 10:08:13,78.159,12.485,7.491,0,0,1433792,334144,179856,5933032,4990.162,1692.020,19.977,655.233,3.995,50.940,5241,11240,1.900,1.220,0.710,3,0,199.766,0,0,10,29,6,18,0
11-02 10:08:14,28.022,8.257,62.800,0,0,1325976,442172,179860,5932920,9942.964,1621.299,0,388.311,0,33.026,2940,5304,1.900,1.220,0.710,1,0,110.088,0,0,10,28,6,18,0
11-02 10:08:15,23.492,2.249,73.474,0,0,1373072,395076,179868,5932912,6687.592,1457.475,0,207.925,0,17.994,1782,3012,1.900,1.220,0.710,1,0,0,0,0,10,28,6,18,0
11-02 10:08:16,20.499,6.750,72.495,0.250,0,1359620,408504,179868,5932936,11056.303,1619.898,0,119.992,0,8.999,1470,1805,1.900,1.220,0.710,1,0,67.996,0,0,10,28,6,18,0
11-02 10:08:17,19.239,8.245,71.711,0,0,1307172,460768,179880,5933108,7295.002,1619.113,139.923,163.910,3.998,21.988,2526,4111,1.900,1.220,0.710,2,0,82.955,0,0,10,28,6,18,0
11-02 10:08:18,8.990,22.726,67.677,0,0,1310516,457244,179880,5933288,7608.805,1618.257,51.944,175.811,0.999,7.991,2425,3076,1.830,1.220,0.710,1,0,306.670,0,0,10,28,6,18,0
11-02 10:08:19,29.069,27.315,41.849,0,0,1390796,376960,179888,5933284,11696.780,1623.857,0,236.562,0,22.052,2830,4644,1.830,1.220,0.710,6,0,625.486,0,0,10,28,6,18,0
11-02 10:08:20,87.376,9.986,2.746,0,0,1613820,153716,180012,5933380,8627.792,1617.711,123.825,1250.231,2.996,66.905,3460,5594,1.830,1.220,0.710,5,0,23.966,0,0,10,31,6,17,0
11-02 10:08:21,79.831,11.261,8.509,0,0,1572780,194432,180036,5933680,6757.852,1459.480,0,636.646,0,69.070,5080,14599,1.830,1.220,0.710,6,0,61.062,0,0,10,29,6,17,0
11-02 10:08:22,81.781,15.506,2.501,0,0,1574780,192332,180036,5933780,8441.157,1694.634,0,296.111,0,24.009,3563,7187,1.830,1.220,0.710,6,0,250.094,0,0,10,29,6,17,0
11-02 10:08:23,82.141,10.985,5.742,0,0,1560596,206204,180036,5934088,6952.795,1691.760,0,195.741,0,9.987,6191,10956,2.250,1.310,0.740,5,0,59.921,0,0,10,29,6,17,0
11-02 10:08:24,52.275,16.008,31.015,0.250,0,1343772,422644,180052,5934456,9724.716,1694.822,0,468.227,0,35.017,5962,11602,2.250,1.310,0.740,2,0,238.115,0,0,10,28,6,19,0
11-02 10:08:25,45.731,4.748,48.230,0,0,1443296,323104,180052,5934472,11619.294,1619.344,0,151.938,0,9.996,2487,4381,2.250,1.310,0.740,3,0,0,0,0,10,30,6,19,0
11-02 10:08:26,50.700,18.981,29.971,0,0,1431288,334960,180052,5934624,5559.568,1692.347,0,311.695,0,25.975,3517,7020,2.250,1.310,0.740,3,0,377.631,0,0,10,28,6,19,0
11-02 10:08:27,61.361,6.261,32.309,0,0,1506276,259864,180068,5934708,11914.589,1665.017,0,368.668,0,33.060,4493,9975,2.250,1.310,0.740,3,0,0,0,0,10,29,6,22,0
11-02 10:08:28,80.778,15.755,3.751,0,0,1531996,234128,180076,5934716,8436.928,1512.525,0,1072.372,0,76.026,2591,4031,2.390,1.360,0.760,5,0,258.090,0,0,10,28,6,22,0
11-02 10:08:29,67.894,8.487,21.716,0,0,1445432,320436,180080,5934968,7856.696,1563.551,0,223.650,0,27.956,6205,14580,2.390,1.360,0.760,6,0,86.864,0,0,10,28,6,24,0
11-02 10:08:30,66.358,15.275,18.530,0,0,1489836,274796,180084,5936200,10024.350,1696.767,1322.156,188.307,13.021,14.023,1965,3341,2.390,1.360,0.760,3,0,237.387,0,0,10,29,6,24,0
11-02 10:08:31,53.405,15.972,29.947,0.749,0,1329484,434808,180104,5936520,7391.820,1690.985,0,2990.668,0,194.653,4952,12853,2.390,1.360,0.760,3,0,299.466,0,0,10,28,6,28,0
11-02 10:08:32,65.616,9.517,24.543,0,0,1507924,256140,180108,5936744,9853.362,1696.990,0,212.374,0,12.021,1779,2686,2.390,1.360,0.760,3,0,0,0,0,10,29,6,28,0
11-02 10:08:33,62.971,16.492,20.491,0,0,1431272,332744,180128,5936772,9263.776,1619.262,0,323.852,0,28.987,3738,9724,2.440,1.380,0.770,3,0,286.869,0,0,10,28,6,28,0
11-02 10:08:34,62.494,9.249,27.247,0,0,1452320,310904,180140,5937532,7076.321,1693.837,0,467.955,0,37.996,3927,8828,2.440,1.380,0.770,3,0,63.994,0,0,10,28,6,30,0
11-02 10:08:35,63.398,11.482,24.710,0,0,1498900,264172,180140,5937684,9476.809,1509.580,0,231.629,0,16.973,1862,2360,2.440,1.380,0.770,3,0,47.923,0,0,10,28,6,29,0
11-02 10:08:36,67.139,16.785,15.031,0,0,1406240,356740,180168,5937748,7655.871,1665.452,0,545.130,0,53.110,4457,10549,2.440,1.380,0.770,8,0,364.756,0,0,10,28,6,32,0
11-02 10:08:37,81.506,16.001,2.000,0.250,0,1537576,225176,180176,5937968,11025.761,1566.108,0,452.031,0,33.002,3423,5890,2.440,1.380,0.770,6,0,181.012,0,0,10,29,6,28,0
11-02 10:08:38,83.747,14.499,1.500,0,0,1515056,247652,180192,5937996,9857.655,1767.938,0,523.982,0,37.999,3930,7561,2.800,1.480,0.810,7,0,240.992,0,0,10,28,6,28,0
11-02 10:08:39,78.241,15.248,5.749,0,0,1641792,120708,180196,5938200,9565.871,1619.809,0,475.944,0,30.996,5132,10630,2.800,1.480,0.810,6,0,262.969,0,0,10,29,6,28,0
11-02 10:08:40,72.007,20.752,7.001,0,0,1489876,272400,180196,5938424,8644.804,1620.151,0,244.023,0,13.001,4987,11061,2.800,1.480,0.810,5,0,492.046,0,0,10,28,6,28,0
11-02 10:08:41,52.506,27.253,18.752,0,0,1316124,445976,180196,5938600,5457.660,1620.196,0,6312.764,0,153.019,5873,12777,2.800,1.480,0.810,4,0,759.092,0,0,10,28,6,26,0
11-02 10:08:42,9.744,20.487,68.208,0.250,0,1320280,441748,180196,5938692,4769.048,1553.039,0,211.869,0,12.992,2437,3312,2.800,1.480,0.810,1,0,304.811,0,0,10,28,6,26,0
11-02 10:08:43,47.277,33.019,18.511,0,0,1444580,317256,180196,5938884,9434.359,1620.921,8.005,228.130,1.001,20.011,3152,9583,2.980,1.540,0.830,5,0,780.443,0,0,10,28,6,27,0
11-02 10:08:44,78.251,19.000,2.250,0,0,1463720,298068,180204,5938924,9709.184,1566.030,16.000,992.019,4.000,71.001,3613,9463,2.980,1.540,0.830,7,0,408.008,0,0,10,29,6,27,0
11-02 10:08:45,79.752,18.751,1.250,0,0,1481796,279420,180216,5939484,10558.327,1620.050,632.020,488.015,11.000,42.001,4137,8279,2.980,1.540,0.830,6,0,312.010,0,0,10,29,6,26,0
11-02 10:08:46,80.989,13.748,3.500,0,0,1576240,184440,180224,5940012,10634.554,1693.770,163.978,651.911,7.999,20.997,4631,10777,2.980,1.540,0.830,6,0,122.983,0,0,10,30,6,26,0
11-02 10:08:47,83.961,13.494,2.999,0,0,1625812,172492,180020,5903244,16792.175,3710.271,155.927,3182.517,7.996,208.903,5160,11940,2.980,1.540,0.830,7,0,77.964,0,0,10,31,6,27,0
11-02 10:08:48,83.544,12.006,3.502,0,0,1597100,195284,180108,5908680,10358.428,2406.261,0,796.417,0,41.021,5324,13588,3.140,1.590,0.850,8,0,36.019,0,0,10,30,6,27,0
11-02 10:08:49,83.254,14.001,3.750,0,0,1564884,226476,180156,5909396,8853.398,1740.078,0,1084.049,0,37.002,5031,9636,3.140,1.590,0.850,7,0,116.005,0,0,10,30,6,27,0
11-02 10:08:50,83.004,14.751,2.750,0,0,1613976,193832,180028,5893216,6515.352,1620.087,128.007,484.026,18.001,14.001,5510,43690,3.140,1.590,0.850,8,0,52.003,0,0,10,30,6,27,0
11-02 10:08:51,82.413,12.449,4.731,0,0,1631396,175116,180100,5894372,145076.219,8850.835,358.535,2103.405,5.976,38.841,5972,15382,3.140,1.590,0.850,5,0,111.544,0,0,10,33,6,25,0
11-02 10:08:52,80.697,12.781,4.762,0,0,1606816,198616,180184,5895296,534145.451,12420.355,0,1724.214,0,66.162,4921,15257,3.140,1.590,0.850,8,0,118.289,0,0,10,31,6,25,0
11-02 10:08:53,81.384,12.521,5.008,0.250,0,1619540,185484,180204,5895644,78500.133,9892.273,0,1586.610,0,82.135,4839,11047,3.290,1.650,0.870,8,0,60.099,0,0,10,32,6,26,0
11-02 10:08:54,82.744,13.249,3.250,0,0,1561336,243452,180264,5895772,25910.238,6687.545,0,1123.924,0,58.996,5177,9464,3.290,1.650,0.870,9,0,97.993,0,0,10,31,6,26,0
11-02 10:08:55,83.481,13.497,2.499,0,0,1676420,162392,179648,5862872,62578.795,4627.949,3.999,7110.386,1.000,260.941,5620,12473,3.290,1.650,0.870,7,0,1.000,0,0,10,32,6,26,0
11-02 10:08:56,80.515,12.752,6.501,0,0,1589768,247296,179676,5864656,13254.532,3603.688,536.102,644.123,29.006,39.007,5985,13975,3.290,1.650,0.870,7,0,137.026,0,0,10,31,6,26,0
11-02 10:08:57,82.255,16.501,1.500,0,0,1527844,317320,180148,5856688,6194.365,2142.126,4.000,788.046,1.000,16.001,4366,7725,3.290,1.650,0.870,7,0,221.013,0,0,10,29,6,26,0
11-02 10:08:58,82.251,15.500,2.250,0.250,0,1519832,324900,180304,5857128,10040.080,1620.013,648.005,808.006,38.000,21.000,5355,11289,3.750,1.770,0.920,7,0,268.002,0,0,10,29,6,26,0
11-02 10:08:59,80.251,15.500,4.250,0,0,1520404,323884,180308,5857568,9540.086,1620.015,0,388.003,0,26.000,5408,10758,3.750,1.770,0.920,8,0,252.002,0,0,10,28,6,26,0
11-02 10:09:00,82.251,17.000,0.500,0.250,0,1560468,279380,180312,5862008,6228.056,1714.015,4108.037,412.004,75.001,31.000,3659,8833,3.750,1.770,0.920,7,0,229.002,0,0,10,29,6,26,0
11-02 10:09:01,77.750,16.250,5.000,0,0,1512120,327188,180316,5862560,12277.025,1566.003,548.001,632.001,17.000,43.000,6870,14961,3.750,1.770,0.920,7,0,260.001,0,0,10,28,6,26,0
11-02 10:09:02,85.213,11.995,3.748,0,0,1513144,325596,180316,5863128,7941.545,1585.310,0,359.843,0,26.988,4984,10817,3.750,1.770,0.920,5,0,111.951,0,0,10,28,6,26,0
11-02 10:09:03,79.281,14.256,5.252,0,0,1483924,354580,180316,5863364,9413.652,1620.629,0,248.096,0,17.007,3953,8679,3.770,1.810,0.940,5,0,173.067,0,0,10,28,5,26,0
11-02 10:09:04,79.199,10.243,10.743,0,0,1521304,316880,180316,5863684,7312.298,1618.959,127.918,399.743,0.999,29.981,4387,13741,3.770,1.810,0.940,5,0,40.974,0,0,10,28,5,29,0
11-02 10:09:05,69.754,15.001,14.251,0.250,0,1484768,353188,180316,5863912,5935.332,1620.091,0,296.017,0,19.001,2463,6070,3.770,1.810,0.940,4,0,243.014,0,0,10,29,5,29,0
11-02 10:09:06,63.537,10.006,25.015,0,0,1427852,409900,180316,5864116,10177.924,1620.943,0,908.529,0,16.009,3791,11611,3.770,1.810,0.940,5,0,70.041,0,0,10,29,5,36,0
11-02 10:09:07,63.956,9.993,25.233,0,0,1436916,400828,180320,5864120,10145.030,1618.888,0,427.706,0,41.971,3429,6954,3.770,1.810,0.940,6,0,97.933,0,0,10,31,5,36,0
11-02 10:09:08,64.281,10.005,27.013,0,0,1471156,366376,180324,5864328,5802.774,1620.775,0,332.159,0,32.015,4386,9403,3.770,1.810,0.940,5,0,60.029,0,0,10,34,5,34,0
11-02 10:09:09,63.960,9.244,26.733,0,0,1433792,403592,180324,5864476,9336.146,1457.086,0,183.885,0,10.993,5853,10773,3.710,1.830,0.950,4,0,93.941,0,0,10,32,5,35,0
11-02 10:09:10,65.303,8.507,26.021,0,0,1488284,348984,180324,5864592,8992.338,1621.323,0,216.176,0,16.013,4297,8161,3.710,1.830,0.950,4,0,43.035,0,0,10,33,5,35,0
11-02 10:09:11,61.496,12.999,25.498,0,0,1470332,366768,180324,5864760,9652.353,1619.891,0,279.981,0,21.999,3168,6364,3.710,1.830,0.950,5,0,179.988,0,0,10,33,5,35,0
11-02 10:09:12,62.993,10.999,24.997,0.250,0,1429252,407036,180324,5865572,7949.086,1693.805,0,379.956,0,37.996,3987,9936,3.710,1.830,0.950,4,0,123.986,0,0,10,33,5,36,0
11-02 10:09:13,64.510,9.251,25.504,0.250,0,1419880,416252,180332,5865720,6522.972,1694.252,0,356.053,0,35.005,3373,6641,3.710,1.830,0.950,4,0,82.012,0,0,10,32,5,37,0
11-02 10:09:14,65.643,8.237,25.958,0,0,1470196,365732,180332,5865924,10434.024,1617.369,0,227.630,0,14.976,4440,9515,3.810,1.880,0.970,5,0,85.860,0,0,10,33,5,36,0
11-02 10:09:15,56.327,16.022,26.536,0,0,1415716,419812,180336,5866320,7470.159,1534.086,320.436,304.414,46.063,31.042,5537,10978,3.810,1.880,0.970,3,0,293.399,0,0,10,33,5,37,0
11-02 10:09:16,40.420,9.980,48.155,0,0,1411272,423944,180344,5866624,10072.077,1616.802,0,2686.686,0,169.664,4191,7981,3.810,1.880,0.970,2,0,67.866,0,0,10,33,5,38,0
11-02 10:09:17,44.248,6.500,48.998,0.500,0,1431416,403620,180344,5866804,11191.452,1619.921,0,271.987,0,25.999,3408,5740,3.810,1.880,0.970,2,0,29.999,0,0,10,33,5,38,0
11-02 10:09:18,40.073,10.519,48.088,0,0,1427668,407220,180344,5866952,9704.692,1622.959,0,124.226,0,10.018,3441,6275,3.810,1.880,0.970,2,0,102.186,0,0,10,32,5,40,0
11-02 10:09:19,43.000,8.000,49.250,0,0,1435980,398728,180344,5867132,9961.950,1693.992,0,279.999,0,22.000,2642,4765,3.660,1.880,0.970,2,0,64.000,0,0,10,32,5,40,0
11-02 10:09:20,40.017,11.005,48.520,0.250,0,1397736,436952,180344,5867152,5802.449,1846.779,0,504.213,0,29.012,2681,4408,3.660,1.880,0.970,2,0,99.042,0,0,10,33,6,40,0
11-02 10:09:21,46.185,5.492,48.682,0,0,1412916,421680,180344,5867244,4920.127,1691.637,0,6730.597,0,249.651,3059,5540,3.660,1.880,0.970,2,0,5.992,0,0,10,33,6,41,0
11-02 10:09:22,44.290,6.005,49.295,0,0,1426412,407892,180344,5867536,8762.948,1459.324,0,260.236,0,22.020,2892,6341,3.660,1.880,0.970,2,0,30.027,0,0,10,33,6,41,0
11-02 10:09:23,43.752,6.750,49.752,0.250,0,1366188,468104,180344,5867548,7488.344,1694.078,0,276.013,0,19.001,2369,4992,3.660,1.880,0.970,2,0,27.001,0,0,10,32,6,41,0
11-02 10:09:24,42.757,9.252,47.758,0,0,1383672,450564,180348,5867600,10366.762,1620.275,0,288.049,0,21.004,3539,6205,3.530,1.890,0.980,3,0,137.023,0,0,10,32,6,40,0
11-02 10:09:25,37.675,14.222,47.656,0,0,1419612,414536,180348,5867688,9784.607,1616.796,0,375.256,0,31.937,2807,4497,3.530,1.890,0.980,2,0,279.446,0,0,10,32,6,40,0
11-02 10:09:26,41.091,8.519,48.858,0.251,0,1332360,501228,180348,5868248,9769.650,1623.598,0,2529.606,0,281.624,3863,6831,3.530,1.890,0.980,2,0,130.289,0,0,10,32,6,39,0
11-02 10:09:27,44.123,5.733,49.358,0,0,1457784,375656,180352,5868400,8023.891,1689.135,0,299.138,0,16.951,1751,2642,3.530,1.890,0.980,3,0,9.971,0,0,10,33,6,40,0
11-02 10:09:28,40.841,12.277,46.603,0,0,1354668,477712,180364,5869448,5379.922,1771.927,0,408.906,0,41.091,5904,10530,3.530,1.890,0.980,3,0,197.438,0,0,10,32,6,38,0
11-02 10:09:29,26.448,9.980,62.128,0,0,1395100,437068,180364,5869660,9378.637,1509.045,0,251.508,0,10.979,3245,5251,3.410,1.890,0.990,1,0,180.646,0,0,10,33,6,39,0
11-02 10:09:30,20.989,5.247,72.961,0,0,1374076,458088,180364,5869664,8926.171,1565.153,0,191.896,0,10.994,1444,1977,3.410,1.890,0.990,1,0,55.970,0,0,10,32,6,36,0
11-02 10:09:31,19.800,8.020,71.430,0.251,0,1327584,504560,180368,5869680,8466.293,1624.085,0,597.503,0,30.076,2093,3162,3.410,1.890,0.990,1,0,92.232,0,0,10,32,6,36,0
11-02 10:09:32,22.509,3.251,73.781,0,0,1390804,441336,180372,5869680,9216.843,1620.676,0,244.102,0,10.004,1132,1526,3.410,1.890,0.990,1,0,0,0,0,10,32,6,32,0
11-02 10:09:33,18.944,7.478,71.790,0.249,0,1351800,480320,180376,5869696,6958.604,1615.266,0,275.193,0,25.924,2078,3155,3.410,1.890,0.990,1,0,98.711,0,0,10,32,6,33,0
11-02 10:09:34,23.750,2.750,72.251,0,0,1391900,440196,180384,5869712,10102.091,1620.015,0,268.002,0,25.000,1821,2992,3.220,1.870,0.990,1,0,0,0,0,10,32,6,33,0
11-02 10:09:35,17.008,9.255,72.536,0.250,0,1368568,463488,180384,5869752,11094.481,1620.801,0,1196.591,0,74.037,1819,2355,3.220,1.870,0.990,1,0,94.046,0,0,10,32,6,33,0
11-02 10:09:36,24.297,2.755,72.391,0,0,1385916,446128,180384,5869764,5240.197,1663.237,0,597.162,0,27.053,2089,4168,3.220,1.870,0.990,1,0,0,0,0,10,32,6,29,0
11-02 10:09:37,21.451,4.240,73.331,0,0,1378908,453000,180384,5869904,9699.662,1616.278,0,183.577,0,10.975,1189,1524,3.220,1.870,0.990,4,0,29.931,0,0,10,33,6,29,0
11-02 10:09:38,21.052,6.015,72.427,0,0,1313292,518592,180384,5869928,9918.280,1569.843,0,4.010,0,1.002,2090,3983,3.220,1.870,0.990,2,0,58.142,0,0,10,32,6,29,0
11-02 10:09:39,12.997,23.245,63.485,0.250,0,1334544,497188,180388,5870076,7118.320,1619.618,15.996,251.941,2.000,16.996,2999,4429,3.040,1.860,0.990,2,1,427.899,0,0,10,32,6,31,0
11-02 10:09:40,45.253,5.500,48.754,0,0,1486564,342964,180392,5872276,11253.844,1620.122,1224.092,312.023,22.002,10.001,1368,1501,3.040,1.860,0.990,2,0,1.000,0,0,10,34,6,31,0
11-02 10:09:41,38.989,6.498,44.238,10.247,0,1402632,420488,180828,5878208,8557.664,1703.535,331.909,27808.408,18.995,2985.185,14569,24188,3.040,1.860,0.990,2,0,119.967,0,0,10,36,6,31,0
11-02 10:09:42,38.765,8.503,41.766,9.754,0,1476824,344412,181200,5879596,12521.884,1620.632,0,44721.441,0,3788.478,18528,28737,3.040,1.860,0.990,2,0,51.020,0,0,10,36,6,30,0
11-02 10:09:43,49.782,7.005,42.528,0.750,0,1412276,408960,181252,5879372,8426.494,1587.035,0,15742.264,0,911.594,4446,7874,3.040,1.860,0.990,2,0,42.027,0,0,10,32,6,31,0
11-02 10:09:44,39.505,7.251,45.256,7.501,0,1502864,317472,181612,5880084,6226.778,1620.203,0,12401.550,0,2132.267,14905,24752,2.950,1.860,0.990,2,0,3.000,0,0,10,34,6,30,0
11-02 10:09:45,29.925,8.728,59.352,1.247,0,1382552,437640,181744,5880096,10749.127,1657.855,0,7102.244,0,556.608,4103,6023,2.950,1.860,0.990,1,0,98.753,0,0,10,32,6,30,0
11-02 10:09:46,23.235,2.498,73.202,0,0.250,1442740,377412,181744,5880136,10914.774,1564.964,0,111.926,0,6.995,1119,1350,2.950,1.860,0.990,1,0,1.999,0,0,10,32,6,30,0
11-02 10:09:47,23.248,3.250,72.495,0.750,0,1409460,410672,181764,5880136,13660.044,1619.887,0,6799.524,0,365.974,1954,2622,2.950,1.860,0.990,1,0,1.000,0,0,10,32,6,30,0
11-02 10:09:48,24.006,2.000,73.018,0,0,1368876,451220,181764,5880172,10548.595,1620.399,0,620.153,0,44.011,1167,1391,2.950,1.860,0.990,1,0,3.001,0,0,10,32,6,30,0
11-02 10:09:49,22.753,2.500,74.258,0,0,1441704,378392,181764,5880172,10177.119,1512.166,0,4.000,0,1.000,981,1118,2.800,1.850,0.990,1,0,2.000,0,0,10,32,6,29,0
11-02 10:09:50,23.996,2.250,73.237,0,0,1373520,444780,181772,5881952,9939.281,1619.720,1719.702,567.902,23.996,14.997,1090,1322,2.800,1.850,0.990,1,0,1.000,0,0,10,32,6,29,0
11-02 10:09:51,23.249,2.500,73.496,0,0,1437528,380772,181772,5881952,6367.631,1619.906,0,0,0,0,983,1150,2.800,1.850,0.990,1,0,3.000,0,0,10,32,6,29,0
11-02 10:09:52,23.812,2.256,73.440,0,0,1383696,434504,181772,5882048,6311.327,1698.394,0,0,0,0,909,1087,2.800,1.850,0.990,1,0,1.003,0,0,10,32,6,29,0
11-02 10:09:53,21.706,2.994,73.849,0,0,1411648,406520,181772,5882080,12202.996,1690.536,0,0,0,0,1035,1163,2.800,1.850,0.990,1,0,2.994,0,0,10,32,6,29,0
11-02 10:09:54,24.294,2.254,73.133,0,0,1365588,452108,181776,5882548,8099.725,1642.987,440.801,184.335,4.007,9.016,1073,1394,2.650,1.830,0.990,1,0,1.002,0,0,10,32,6,29,0
11-02 10:09:55,23.459,2.496,73.621,0.499,0,1362464,455200,181776,5882580,12769.640,1617.168,0,455.203,0,27.951,1078,1239,2.650,1.830,0.990,1,0,0.998,0,0,10,32,6,28,0
11-02 10:09:56,22.986,2.748,73.955,0,0,1430756,386908,181776,5882580,11690.869,1585.033,0,0,0,0,953,1101,2.650,1.830,0.990,1,0,1.999,0,0,10,32,6,28,0
11-02 10:09:57,11.015,17.274,70.098,0.250,0,1338136,479356,181776,5882752,11567.148,1622.265,0,2355.288,0,227.317,2925,3957,2.650,1.830,0.990,1,0,368.514,0,0,10,32,6,28,0
11-02 10:09:58,9.745,18.491,69.967,0.250,0,1340480,477028,181776,5882736,7713.413,1619.247,107.950,627.708,5.997,9.995,3051,4711,2.650,1.830,0.990,1,0,442.794,0,0,10,32,6,28,0
11-02 10:09:59,9.504,20.009,70.032,0,0,1349192,468160,181776,5882888,6480.981,1620.746,0,88.040,0,1.000,2970,4392,2.600,1.830,1,2,0,424.195,0,0,10,32,6,28,0
11-02 10:10:00,18.985,7.744,72.693,0,0,1400264,416956,181776,5882984,6427.000,1786.610,0,0,0,0,1609,2195,2.600,1.830,1,1,0,133.896,0,0,10,32,6,28,0
11-02 10:10:01,24.753,2.500,72.759,0,0,1355148,462076,181776,5882984,11591.495,1694.219,0,168.022,0,5.001,1139,1258,2.600,1.830,1,1,0,10.001,0,0,10,32,6,28,0
11-02 10:10:02,22.248,3.500,73.743,0,0,1438072,379168,181776,5882968,9554.111,1639.847,0,0,0,0,968,1128,2.600,1.830,1,1,0,2.000,0,0,10,32,6,28,0
11-02 10:10:03,24.056,1.503,74.171,0,0,1391932,425288,181776,5882988,10068.278,1515.504,0,20.046,0,1.002,941,1063,2.600,1.830,1,1,0,1.002,0,0,10,32,6,27,0
11-02 10:10:04,23.747,2.500,73.242,0,0,1450660,366572,181780,5882972,7351.155,1693.805,0,107.988,0,11.999,1147,1489,2.470,1.820,1,1,0,2.000,0,0,10,32,6,27,0
11-02 10:10:05,22.695,2.743,73.573,0.249,0,1425964,391244,181784,5882992,9840.344,1616.115,0,399.041,0,25.938,993,1200,2.470,1.820,1,1,0,0.998,0,0,10,32,6,24,0
11-02 10:10:06,23.045,2.755,74.144,0,0,1380116,437088,181784,5882996,10487.314,1623.144,0,20.039,0,1.002,958,1052,2.470,1.820,1,1,0,3.006,0,0,10,32,6,24,0
11-02 10:10:07,22.961,2.496,74.124,0,0,1440356,376860,181784,5882984,6602.815,1617.260,0,71.878,0,4.992,923,1085,2.470,1.820,1,1,0,1.997,0,0,10,32,6,17,0
11-02 10:10:08,23.238,2.499,73.462,0,0,1399036,418164,181784,5883000,12948.345,1767.092,0,0,0,0,935,1017,2.470,1.820,1,1,0,0.999,0,0,10,32,6,17,0
11-02 10:10:09,23.251,2.250,74.004,0,0,1335728,481472,181784,5883000,9930.477,1458.070,0,24.001,0,1.000,917,1040,2.590,1.860,1.020,1,0,3.000,0,0,10,32,6,16,0
11-02 10:10:10,23.268,2.002,73.806,0,0,1414412,402876,181784,5882912,6218.714,1621.229,0,0,0,0,899,1082,2.590,1.860,1.020,1,0,2.002,0,0,10,32,6,16,0
11-02 10:10:11,23.040,2.254,73.878,0,0,1359832,457364,181788,5883000,9968.285,1622.814,0,136.236,0,3.005,950,1059,2.590,1.860,1.020,1,0,2.003,0,0,10,32,6,16,0
11-02 10:10:12,23.430,2.493,72.782,0,0,1386976,430220,181788,5883000,9028.015,1615.172,0,2648.085,0,133.601,1118,1070,2.590,1.860,1.020,1,0,0.997,0,0,10,32,6,16,0
11-02 10:10:13,24.010,2.001,74.030,0,0,1441912,375284,181788,5883000,9910.984,1620.652,0,28.011,0,3.001,910,990,2.590,1.860,1.020,1,0,2.001,0,0,10,32,6,13,0
11-02 10:10:14,23.250,2.500,73.751,0,0,1424040,393152,181792,5883000,9137.164,1620.029,0,248.004,0,10.000,1080,1426,2.470,1.840,1.020,1,0,1.000,0,0,10,32,6,13,0
11-02 10:10:15,22.517,3.252,73.305,0,0,1424464,392720,181800,5883000,5526.183,1459.105,0,464.352,0,30.023,971,1224,2.470,1.840,1.020,1,0,3.002,0,0,10,32,6,12,0
11-02 10:10:16,19.508,8.753,72.278,0,0,1356468,460700,181800,5883016,9315.642,1694.663,0,92.036,0,5.002,1688,2288,2.470,1.840,1.020,1,0,169.066,0,0,10,32,6,12,0
11-02 10:10:17,16.268,12.514,71.080,0,0,1381064,436064,181800,5883056,9455.675,1695.915,0,120.136,0,6.007,2226,3381,2.470,1.840,1.020,1,0,291.329,0,0,10,32,6,11,0
11-02 10:10:18,23.948,1.497,73.590,0,0,1430276,386672,181800,5883236,8275.991,1616.483,0,0,0,0,855,1024,2.470,1.840,1.020,1,0,0,0,0,10,32,6,11,0
11-02 10:10:19,23.014,4.503,73.295,0,0.250,1417584,399296,181800,5883304,10561.485,1620.995,0,4.002,0,1.001,993,1109,2.350,1.830,1.020,1,0,9.006,0,0,10,32,6,9,0
11-02 10:10:20,15.524,14.022,69.860,0,0,1344480,472396,181800,5883308,7975.538,1622.551,4.006,48.076,1.002,2.003,2282,3415,2.350,1.830,1.020,1,0,315.496,0,0,10,32,6,9,0
11-02 10:10:21,8.988,21.470,69.654,0.250,0,1349072,467696,181800,5883416,9557.810,1617.767,0,255.647,0,6.990,2994,4615,2.350,1.830,1.020,3,0,436.398,0,0,10,32,6,8,0
11-02 10:10:22,9.250,21.749,68.498,0,0,1350832,465900,181800,5883444,8671.792,1499.964,0,251.994,0,5.000,3369,5243,2.350,1.830,1.020,1,0,523.987,0,0,10,32,6,8,0
11-02 10:10:23,10.018,20.286,68.874,0,0,1352408,464288,181800,5883472,5125.210,1622.916,0,1274.290,0,32.058,3310,5037,2.350,1.830,1.020,1,0,521.938,0,0,10,32,6,8,0
11-02 10:10:24,8.243,22.232,69.194,0,0,1347720,468944,181804,5883500,9294.416,1692.619,0,1426.836,0,34.971,3396,5325,2.160,1.800,1.010,1,0,481.607,0,0,10,32,6,8,0
11-02 10:10:25,10.253,20.755,69.017,0.250,0,1351652,464976,181816,5883524,9938.514,1694.429,0,5561.407,0,241.061,3829,6033,2.160,1.800,1.010,1,0,490.124,0,0,10,32,6,8,0
11-02 10:10:26,8.988,19.974,70.160,0,0,1351164,465424,181816,5883564,9225.155,1617.923,0,167.785,0,6.991,2897,4327,2.160,1.800,1.010,1,0,403.482,0,0,10,32,6,8,0
11-02 10:10:27,8.264,21.286,69.618,0,0,1349440,466948,181816,5883764,9206.541,1622.739,176.298,300.507,5.008,9.015,2917,4322,2.160,1.800,1.010,2,0,403.681,0,0,10,32,6,7,0
11-02 10:10:28,9.004,21.008,69.277,0,0,1351068,465280,181816,5883800,5297.061,1620.630,0,388.151,0,81.032,3378,5220,2.160,1.800,1.010,1,0,525.204,0,0,10,32,6,7,0
11-02 10:10:29,17.747,21.997,58.742,0.500,0,1373112,442096,181828,5884928,11786.326,1457.793,1007.857,451.936,22.997,20.997,3984,6416,2.070,1.780,1.010,2,0,640.909,0,0,10,32,6,7,0
11-02 10:10:30,60.268,29.009,10.253,0,0,1532808,273988,182888,5889108,12030.681,1620.496,816.250,1308.400,24.007,61.019,9483,7571,2.070,1.780,1.010,4,0,791.242,0,0,10,32,6,11,0
11-02 10:10:31,76.990,12.748,7.249,3.250,0,1660908,138108,183044,5895920,5022.357,1619.793,11.998,16773.853,1.000,1176.849,7253,11913,2.070,1.780,1.010,4,0,88.989,0,0,10,38,6,12,0
11-02 10:10:32,56.473,13.244,17.492,11.494,0.250,1628080,160864,183548,5905352,10929.754,1693.187,127.939,71793.539,1.000,5583.320,22042,39635,2.070,1.780,1.010,5,2,190.908,0,0,10,36,6,12,0
11-02 10:10:33,56.525,13.756,18.758,11.255,0,1646800,131460,183884,5915616,9127.071,1620.723,0,84133.524,0,6169.752,24404,41730,2.070,1.780,1.010,3,0,115.051,0,0,10,37,6,12,0
11-02 10:10:34,45.752,12.251,31.752,9.501,0,1531160,238428,184144,5923944,8890.480,1620.087,0,70671.816,0,5358.289,21453,37849,2.140,1.800,1.020,3,0,172.009,0,0,10,34,5,11,0
11-02 10:10:35,33.214,11.238,40.207,12.736,0,1552356,208540,184548,5932084,11273.881,1618.260,0,57809.854,0,4132.558,20658,35754,2.140,1.800,1.020,1,1,139.850,0,0,10,35,5,12,0
11-02 10:10:36,36.526,7.505,41.279,13.510,0.250,1517400,239428,184916,5935708,8261.825,1513.067,0,57940.848,0,4585.233,20809,35610,2.140,1.800,1.020,1,1,81.057,0,0,10,34,5,11,0
11-02 10:10:37,38.473,8.744,41.720,12.491,0,1551452,200648,185120,5940192,13262.584,1564.889,0,56164.123,0,4640.705,20442,34515,2.140,1.800,1.020,1,1,59.957,0,0,10,34,5,11,0
11-02 10:10:38,36.010,9.753,40.261,12.253,0,1509884,242832,185236,5939448,31940.720,1620.442,0,43887.981,0,3737.020,17988,32137,2.140,1.800,1.020,1,1,92.025,0,0,10,34,5,11,0
11-02 10:10:39,34.768,7.504,41.521,14.507,0,1553400,198004,185372,5940616,4934.541,1620.835,0,46800.102,0,4201.164,17788,31643,2.210,1.820,1.030,6,0,39.020,0,0,10,35,5,12,0
11-02 10:10:40,37.258,7.752,42.009,11.503,0,1503372,246056,185440,5942516,9522.095,1620.356,0,45658.045,0,3958.871,19471,35718,2.210,1.820,1.030,5,0,63.014,0,0,10,34,5,10,0
11-02 10:10:41,38.493,8.748,43.492,7.499,0,1553084,194072,185644,5944580,10394.983,1661.678,0,38372.556,0,3605.301,16483,28190,2.210,1.820,1.030,3,0,47.991,0,0,10,36,5,11,0
11-02 10:10:42,35.756,8.001,43.757,11.502,0,1554076,189284,185812,5948188,5281.856,1694.274,0,55809.041,0,4594.744,19945,39667,2.210,1.820,1.030,1,1,58.009,0,0,10,36,5,13,0
11-02 10:10:43,32.751,11.000,41.002,13.251,0,1547860,192664,185924,5951044,9230.351,1736.066,0,56822.159,0,4808.183,20103,33659,2.210,1.820,1.030,4,0,121.005,0,0,10,36,5,13,0
11-02 10:10:44,39.707,9.240,39.457,10.738,0,1509208,228160,185976,5953968,7607.738,1510.360,0,58384.594,0,4871.709,20963,40796,2.430,1.880,1.050,2,1,157.829,0,0,10,36,5,15,0
11-02 10:10:45,35.289,10.762,47.302,6.257,0,1561340,173980,186020,5955936,10234.247,1641.804,0,36071.643,0,3568.922,15769,28608,2.430,1.880,1.050,2,0,36.040,0,0,10,37,5,15,0
11-02 10:10:46,33.993,10.248,43.241,12.247,0,1535128,205348,186068,5950708,10517.728,1619.650,0,47273.789,0,4334.064,19135,33423,2.430,1.880,1.050,6,0,74.984,0,0,10,36,5,16,0
11-02 10:10:47,41.248,8.000,44.748,5.750,0,1443924,295892,186096,5951336,6368.675,1619.917,0,30690.435,0,2457.875,12369,21179,2.430,1.880,1.050,2,0,65.997,0,0,10,32,5,17,0
11-02 10:10:48,22.753,11.001,65.759,0,0,1439684,300088,186100,5951376,10382.350,1620.211,0,1724.224,0,74.010,2053,2940,2.430,1.880,1.050,1,0,213.028,0,0,10,32,5,17,0
11-02 10:10:49,20.704,5.737,71.841,0.499,0,1373304,366324,186100,5951520,8305.645,1690.265,0,1069.636,0,62.861,2780,5386,2.320,1.860,1.050,1,0,56.874,0,0,10,32,5,17,0
11-02 10:10:50,8.508,22.022,67.817,0,0,1378312,361204,186100,5951632,5531.443,1621.596,0,908.894,0,51.050,2455,3199,2.320,1.860,1.050,1,0,292.288,0,0,10,32,5,17,0
11-02 10:10:51,8.763,22.533,66.848,0.501,0.250,1383852,355596,186112,5951688,11857.359,1514.217,0,3036.445,0,176.258,3012,4168,2.320,1.860,1.050,3,0,333.488,0,0,10,32,5,17,0
11-02 10:10:52,56.492,13.748,28.496,0.250,0,1555172,183724,186116,5952232,11206.364,1619.764,3.999,903.868,1.000,61.991,2463,3548,2.320,1.860,1.050,3,0,197.971,0,0,10,32,5,23,0
11-02 10:10:53,66.012,10.502,23.004,0,0,1746432,127356,185560,5820792,15302.678,1566.274,12.002,11490.011,2.000,304.053,2247,1967,2.320,1.860,1.050,4,0,4.001,0,0,10,32,5,23,0
11-02 10:10:54,43.294,9.704,34.834,10.948,0,1771512,121232,185432,5802096,9895.856,1612.319,3793.926,53747.945,196.066,3846.674,18017,28798,2.370,1.880,1.060,2,0,118.436,0,0,10,38,5,23,0
11-02 10:10:55,34.130,8.532,41.658,15.308,0,1770448,128368,185272,5796496,8419.009,1626.183,260.992,82863.045,17.065,6522.800,29848,51202,2.370,1.880,1.060,4,1,234.893,0,0,10,38,5,23,0
11-02 10:10:56,37.782,8.007,40.034,14.512,0,1771444,118608,185376,5805060,9892.280,1621.357,44.037,97982.011,5.004,7807.535,32262,57118,2.370,1.880,1.060,5,1,183.153,0,0,10,38,5,23,0
11-02 10:10:57,42.729,9.995,32.734,14.243,0,1683164,213604,185076,5798900,9135.551,1693.175,79.961,66831.453,3.998,5164.485,23958,37563,2.370,1.880,1.060,1,1,233.886,0,0,10,36,5,23,0
11-02 10:10:58,45.508,10.752,29.755,14.002,0,1744420,140816,185168,5809948,5007.871,1586.276,172.030,84638.727,7.001,5997.043,23730,40081,2.370,1.880,1.060,1,2,52.009,0,0,10,36,5,23,0
11-02 10:10:59,41.973,8.495,32.229,17.739,0.250,1773344,123752,184700,5798568,9273.084,1618.967,283.819,97537.771,15.990,7486.224,27411,46837,2.580,1.930,1.080,2,1,67.957,0,0,10,38,5,23,0
11-02 10:11:00,36.182,9.233,39.925,12.227,0,1658128,250432,184352,5787796,7151.634,1710.803,0,55663.964,0,4215.122,17924,29405,2.580,1.930,1.080,2,0,140.737,0,0,10,34,5,23,0
11-02 10:11:01,18.245,15.996,65.733,0.250,0,1409460,499288,184356,5787600,10028.393,1565.593,15.996,1299.662,2.999,75.980,2363,3223,2.580,1.930,1.080,1,0,254.934,0,0,10,32,5,23,0
11-02 10:11:02,24.260,2.501,72.029,0.500,0,1477864,430840,184364,5787636,8629.521,1620.661,8.003,4353.776,2.001,261.107,1787,2463,2.580,1.930,1.080,1,0,2.001,0,0,10,32,5,23,0
11-02 10:11:03,24.256,1.750,73.267,0,0,1515840,392788,184364,5787712,6544.551,1620.384,68.016,168.040,1.000,16.004,1308,1805,2.580,1.930,1.080,1,0,2.000,0,0,10,38,5,23,0
11-02 10:11:04,21.238,3.998,73.959,0,0,1443900,464720,184364,5787720,9157.954,1619.108,0,79.956,0,5.997,1173,1404,2.460,1.920,1.080,1,0,27.985,0,0,10,32,5,23,0
11-02 10:11:05,23.260,2.751,73.281,0,0,1509420,399200,184364,5787720,7552.225,1512.646,0,36.015,0,5.002,1004,1244,2.460,1.920,1.080,1,0,2.001,0,0,10,34,5,23,0
11-02 10:11:06,16.541,19.549,63.659,0.501,0,1402352,506268,184372,5787712,8443.091,1698.242,200.501,709.773,11.028,53.133,2911,4457,2.460,1.920,1.080,2,0,415.037,0,0,10,32,5,23,0
11-02 10:11:07,15.482,39.952,45.196,0.250,0,1409632,498740,184380,5787936,11471.338,1618.073,7.990,307.634,1.998,31.962,5552,9353,2.460,1.920,1.080,3,0,1211.557,0,0,10,32,5,23,0
11-02 10:11:08,8.483,22.703,68.359,0.249,0,1406300,501784,184380,5788224,9644.123,1616.668,151.687,147.696,14.969,14.969,3043,4673,2.460,1.920,1.080,0,0,488.992,0,0,10,32,5,23,0
11-02 10:11:09,4.004,5.755,89.582,0,0,1400760,506808,184416,5788704,12543.540,1567.442,744.685,0,16.015,0,1536,2003,2.260,1.890,1.080,1,0,71.065,0,0,11,12,5,23,20
11-02 10:11:10,9.258,17.766,70.812,0,0,1400180,507092,184420,5788992,7684.709,1621.415,40.035,8.007,2.002,2.002,2457,3450,2.260,1.890,1.080,2,0,271.237,0,0,11,12,5,23,20
11-02 10:11:11,13.520,20.029,66.097,0,0,1399980,506976,184464,5789584,8188.012,1664.442,508.746,28.041,47.069,7.010,3416,5465,2.260,1.890,1.080,1,0,265.389,0,0,11,12,5,23,20
11-02 10:11:12,24.203,18.215,55.892,0.250,0,1434700,471104,184480,5790188,10588.490,1509.077,71.861,0,2.994,0,4538,7289,2.260,1.890,1.080,1,0,262.492,0,0,13,12,5,23,20
11-02 10:11:13,9.509,20.771,68.818,0,0,1438660,466964,184480,5790368,9513.399,1695.675,0,324.320,0,7.007,2517,3554,2.260,1.890,1.080,2,0,258.255,0,0,13,12,5,23,20
11-02 10:11:14,16.519,16.769,65.324,0,0,1446404,459280,184484,5790396,7741.810,1621.846,4.005,12.014,1.001,3.003,5042,8483,2.400,1.920,1.090,3,0,179.204,0,0,13,12,5,23,20
11-02 10:11:15,17.733,21.729,60.192,0,0,1488564,416780,184484,5790624,9529.889,1618.453,3.996,11.989,0.999,1.998,3327,5181,2.400,1.920,1.090,2,0,324.690,0,0,15,12,5,23,20
11-02 10:11:16,10.996,19.993,67.727,0.250,0,1491336,413792,184484,5790808,13220.571,1565.476,0,603.798,0,37.987,2845,4188,2.400,1.920,1.090,2,0,254.915,0,0,15,12,5,23,20
11-02 10:11:17,22.976,17.482,58.690,0,0,1529636,375464,184484,5790816,16606.911,1618.335,0,667.313,0,8.991,5208,8465,2.400,1.920,1.090,3,0,162.832,0,0,15,12,5,23,20
11-02 10:11:18,81.185,15.535,3.508,0,0,1888408,125864,184264,5684448,9547.702,1515.445,0,0,0,0,1966,2655,2.400,1.920,1.090,16,0,44.100,0,0,17,12,5,23,20
11-02 10:11:19,43.724,14.491,39.976,0,0,1918512,185848,184272,5596424,7644.490,1661.020,0,4033.620,0,361.787,3082,4110,3.490,2.160,1.170,2,0,177.895,0,0,17,12,5,23,20
11-02 10:11:20,9.734,20.466,69.136,0,0,1922936,181408,184272,5596444,18024.242,1617.330,0,15.974,0,3.993,2722,3782,3.490,2.160,1.170,1,0,239.604,0,0,17,12,5,23,20
11-02 10:11:21,12.751,19.251,67.505,0,0,1927540,176732,184272,5596832,11335.805,1620.115,0,16.001,0,4.000,3303,6622,3.490,2.160,1.170,2,0,198.014,0,0,17,12,5,23,20
11-02 10:11:22,24.251,16.251,59.753,0.250,0,1967516,135548,184272,5597572,4901.230,1620.076,972.046,360.017,15.001,3.000,3428,6645,3.490,2.160,1.170,1,0,177.008,0,0,17,12,5,23,20
11-02 10:11:23,10.994,5.997,81.958,0,0,1984432,133624,184016,5583148,12007.780,1693.123,0,0,0,0,1642,2562,3.490,2.160,1.170,1,0,55.971,0,0,18,12,5,24,20
11-02 10:11:24,21.011,6.503,71.038,0,0,2043724,135656,184008,5522968,7785.118,1640.868,0,0,0,0,1531,2177,3.290,2.140,1.170,1,0,36.019,0,0,18,12,5,24,20
11-02 10:11:25,21.795,6.514,68.142,1.002,0,1989568,189468,184012,5523308,11086.081,1515.155,316.659,7259.113,5.010,425.887,4595,7690,3.290,2.140,1.170,1,0,58.121,0,0,18,18,5,29,0
11-02 10:11:26,8.745,22.736,67.708,0.250,0,1999300,179400,184012,5523640,9625.071,1692.957,0,1842.865,0,102.937,3220,4660,3.290,2.140,1.170,2,0,291.820,0,0,18,18,5,29,0
11-02 10:11:27,9.501,19.502,69.759,0.250,0,2007352,171324,184012,5523664,5487.702,1620.207,0,572.073,0,15.002,2753,4017,3.290,2.140,1.170,2,0,254.033,0,0,18,18,5,29,0
11-02 10:11:28,10.230,19.462,67.869,0,0,2003996,174656,184012,5523672,9744.145,1616.871,0,363.297,0,23.954,2793,4101,3.290,2.140,1.170,1,0,249.517,0,0,18,18,5,29,0
11-02 10:11:29,12.277,19.544,65.646,0,0,2009888,168628,184012,5524088,7953.729,1623.619,0,92.206,0,10.022,4006,6478,3.110,2.120,1.170,1,0,249.556,0,0,18,18,5,29,0
11-02 10:11:30,32.731,12.992,52.969,0,0,2056872,137052,183896,5509052,9052.641,1692.998,327.806,3.998,2.998,0.999,4518,7045,3.110,2.120,1.170,2,0,164.902,0,0,18,19,5,29,0
11-02 10:11:31,47.514,7.002,46.014,0.250,0,2179672,133988,183900,5392028,7333.171,1694.502,0,3801.125,0,301.089,1893,2035,3.110,2.120,1.170,2,0,0,0,0,18,21,5,23,0
11-02 10:11:32,46.478,5.747,46.978,0,0,2250476,132736,183712,5324004,17209.929,1531.282,91.957,1587.256,1.000,158.925,2912,4074,3.110,2.120,1.170,2,0,21.990,0,0,18,35,5,23,0
11-02 10:11:33,20.720,16.476,59.914,0.749,0,2268312,125680,183716,5313320,7558.109,1617.669,0,5248.437,0,293.577,6055,15963,3.110,2.120,1.170,1,0,209.698,0,0,18,34,5,23,0
11-02 10:11:34,17.239,17.489,63.709,0,0,2273500,134008,183716,5300108,4589.022,1692.901,0,103.933,0,7.995,4812,8305,2.940,2.100,1.170,2,0,203.868,0,0,18,34,5,23,0
11-02 10:11:35,2.999,2.999,92.225,0.250,0,2273776,133528,183716,5300116,6215.328,1619.564,279.925,115.969,11.997,8.998,1896,3026,2.940,2.100,1.170,0,0,25.993,0,0,18,34,5,23,0
11-02 10:11:36,2.501,1.751,93.779,0.250,0,2300212,135044,183448,5273004,10819.311,1620.496,0,416.127,0,31.009,1265,2110,2.940,2.100,1.170,0,0,3.001,0,0,18,34,5,23,0
11-02 10:11:37,1.750,0.500,96.268,0,0,2300464,134792,183448,5273004,9341.794,1620.311,0,40.008,0,5.001,1074,1751,2.940,2.100,1.170,0,0,3.001,0,0,18,34,5,22,0
11-02 10:11:38,1.749,0.500,96.956,0,0,2300464,134792,183448,5273004,10585.152,1605.265,0,3.998,0,1.000,990,1654,2.940,2.100,1.170,0,0,1.000,0,0,18,34,5,22,0
11-02 10:11:39,12.262,11.010,75.822,0,0,2258436,176820,183452,5273344,10972.424,1621.540,32.030,40.038,3.003,3.003,3217,5732,2.700,2.060,1.160,1,0,168.160,0,0,18,34,5,23,0
11-02 10:11:40,15.271,18.526,65.592,0,0,2310608,132676,183192,5265448,9380.104,1664.325,296.414,2944.113,19.027,323.452,4663,7743,2.700,2.060,1.160,2,0,257.360,0,0,18,34,5,23,0
11-02 10:11:41,12.726,20.211,64.127,0,0,2312760,131304,183072,5265088,12403.297,1854.456,171.672,1521.093,25.950,256.510,4647,7261,2.700,2.060,1.160,1,0,254.514,0,0,19,34,5,22,0
11-02 10:11:42,16.503,14.502,67.760,0.500,0,2310820,136612,182808,5261700,5119.783,1620.248,228.035,608.093,12.002,38.006,4803,8155,2.700,2.060,1.160,0,0,196.030,0,0,19,50,5,22,0
11-02 10:11:43,4.750,8.500,85.251,0,0,2312544,134740,182808,5261888,4768.029,1662.010,0,0,0,0,1717,2782,2.700,2.060,1.160,1,0,102.001,0,0,21,50,5,19,0
11-02 10:11:44,20.282,15.525,61.348,0,0,2315532,134708,182552,5259188,10011.959,1622.586,132.211,1422.267,6.010,264.421,5778,12562,2.560,2.040,1.160,1,0,202.323,0,0,21,50,5,20,0
11-02 10:11:45,9.985,20.719,68.149,0,0,2324572,125624,182552,5259216,10653.137,1455.832,0,0,0,0,2987,4376,2.560,2.040,1.160,1,0,296.558,0,0,21,52,5,17,0
11-02 10:11:46,10.249,20.249,67.996,0,0,2324816,125376,182552,5259220,10206.357,1777.888,0,19.999,0,5.000,2904,4530,2.560,2.040,1.160,1,0,275.983,0,0,21,52,5,17,0
11-02 10:11:47,17.783,18.034,64.119,0.250,0,2317116,136128,182296,5256412,8950.630,1697.153,0,1530.844,0,238.443,5192,10170,2.560,2.040,1.160,2,0,175.326,0,0,21,52,5,15,0
11-02 10:11:48,31.016,22.512,45.524,0,0,2377520,134032,182176,5199388,11836.202,1620.849,0,200.105,0,6.003,3480,5747,2.560,2.040,1.160,3,0,456.239,0,0,21,52,5,15,0
11-02 10:11:49,33.992,24.744,40.491,0,0,2461544,125992,181880,5125052,9925.747,1619.632,43.990,199.955,4.999,5.999,5718,10595,2.520,2.040,1.170,2,0,494.888,0,0,21,56,5,17,0
11-02 10:11:50,30.011,24.259,45.016,0,0,2519296,133780,181492,5061484,8227.904,1620.572,4.001,36.013,1.000,9.003,3621,6142,2.520,2.040,1.170,2,0,493.174,0,0,21,56,5,17,0
11-02 10:11:51,36.231,18.490,44.227,0,0,2564152,135916,181496,5015932,10980.170,1751.070,0,11.994,0,2.998,5653,10007,2.520,2.040,1.170,3,0,277.852,0,0,21,56,5,17,0
11-02 10:11:52,55.530,23.013,21.762,0.250,0,2703760,142256,181508,4873580,8706.736,1512.823,8.004,5871.194,2.001,347.189,4909,9340,2.520,2.040,1.170,4,0,541.294,0,0,21,56,5,17,0
11-02 10:11:53,70.000,19.750,9.250,0.250,0,2825784,131656,181600,4762156,5885.988,1565.997,0,3727.993,0,397.999,4748,15097,2.520,2.040,1.170,4,0,413.999,0,0,21,56,5,11,0
11-02 10:11:54,68.500,23.500,6.000,0.750,0,2988840,141332,182260,4588672,9987.070,1694.012,720.005,1824.013,64.000,36.000,4513,10277,2.640,2.080,1.180,5,1,283.002,0,0,21,60,5,11,0
11-02 10:11:55,65.007,24.002,7.001,4.500,0,3063532,126188,182280,4530332,8140.822,1620.164,4.000,33643.398,1.000,2585.261,15053,28763,2.640,2.080,1.180,5,1,483.049,0,0,21,62,5,11,0
11-02 10:11:56,72.242,21.748,3.250,1.000,0,3152868,124184,182388,4444448,11263.716,1619.815,0,9478.919,0,910.896,12605,27427,2.640,2.080,1.180,7,0,230.974,0,0,21,60,5,12,0
11-02 10:11:57,70.251,22.500,6.500,0,0.250,3267492,131536,181876,4324228,7311.146,1620.032,496.010,10948.219,11.000,727.015,6795,18511,2.640,2.080,1.180,5,0,455.009,0,0,21,75,5,19,0
11-02 10:11:58,56.526,25.150,17.680,0,0.249,3372476,127108,181880,4225532,5735.294,1613.612,0,7036.144,0,543.847,6072,20888,2.640,2.080,1.180,9,0,498.028,0,0,21,79,5,21,0
11-02 10:11:59,57.048,15.013,26.773,0,0,3503624,133896,181372,4090656,9773.258,1621.370,12.010,444.375,3.003,18.015,4099,16521,2.590,2.080,1.190,4,0,169.143,0,0,21,82,5,21,0
11-02 10:12:00,42.527,15.760,40.776,1.251,0,3611872,133180,180884,3985988,7741.870,1552.977,200.126,11419.183,16.010,762.480,5979,15261,2.590,2.080,1.190,2,0,123.077,0,0,21,87,5,24,0
11-02 10:12:01,10.501,18.752,69.508,0,0,3618364,131276,180884,3981560,5892.678,1710.197,0,0,0,0,2847,4259,2.590,2.080,1.190,2,0,279.032,0,0,21,87,5,24,0
11-02 10:12:02,8.982,18.463,69.861,0,0,3624976,126532,180884,3979796,9022.109,1690.647,0,183.636,0,13.972,2937,4388,2.590,2.080,1.190,1,0,253.497,0,0,21,87,5,24,0
11-02 10:12:03,8.771,19.045,70.167,0,0,3617508,142828,180884,3971020,7216.189,1623.868,0,40.096,0,4.010,2826,4207,2.590,2.080,1.190,2,0,272.649,0,0,21,87,5,24,0
11-02 10:12:04,11.258,18.263,69.801,0,0,3628028,132284,180884,3971044,8702.344,1621.182,4.003,80.058,1.001,7.005,2868,4353,2.540,2.070,1.190,1,0,269.196,0,0,21,87,4,24,0
11-02 10:12:05,9.489,20.726,67.921,0,0,3630888,129276,180884,3971192,9163.325,1618.115,7.991,331.614,1.998,9.988,3023,4738,2.540,2.070,1.190,1,0,285.667,0,0,21,87,4,24,0
11-02 10:12:06,22.301,15.285,61.390,0,0,3639180,130084,180792,3962188,6139.015,1623.707,16.037,124.284,4.009,5.011,5279,13066,2.540,2.070,1.190,3,0,187.428,0,0,21,89,4,24,0
11-02 10:12:07,28.741,23.742,45.985,0.250,0,3689264,133232,180776,3909336,11769.175,1457.526,431.860,35.988,14.995,8.997,4125,7284,2.540,2.070,1.190,2,0,578.812,0,0,21,89,4,24,0
11-02 10:12:08,40.003,19.002,39.253,0.500,0,3760288,128904,180788,3843416,10307.825,1620.130,724.058,6868.549,14.001,563.045,6126,13825,2.540,2.070,1.190,3,1,237.019,0,0,23,99,4,24,0
11-02 10:12:09,52.191,27.718,18.729,0.749,0,3892092,129516,180712,3713044,10022.574,1618.155,1010.848,1662.105,56.935,257.706,6419,12975,2.580,2.090,1.200,6,0,480.452,0,0,23,101,4,25,0
11-02 10:12:10,58.098,25.821,12.414,0.248,0,4028920,123516,180616,3583276,7536.823,1608.862,778.610,10852.866,49.656,1034.836,9410,15797,2.580,2.090,1.200,4,0,338.655,0,0,23,131,4,25,0
11-02 10:12:11,34.279,23.693,40.580,0.252,0,4083352,130700,180592,3522328,14186.464,1633.293,100.821,6734.815,3.025,537.374,6619,15717,2.580,2.090,1.200,6,0,306.495,0,0,23,133,4,25,0
11-02 10:12:12,32.164,23.188,43.384,0,0,4135588,128668,180576,3472360,7841.088,1779.255,103.723,933.510,13.963,108.710,3631,6071,2.580,2.090,1.200,3,0,426.862,0,0,24,133,4,25,0
11-02 10:12:13,10.747,20.744,66.231,0.750,0,4142248,127580,180576,3466932,9916.154,1693.514,0,1327.619,0,188.946,3457,4847,2.580,2.090,1.200,2,0,271.922,0,0,24,133,4,25,0
11-02 10:12:14,16.756,17.506,63.022,0,0,4153060,122872,180576,3461416,5755.037,1458.516,0,992.351,0,165.058,4546,8824,2.450,2.070,1.200,1,0,170.060,0,0,24,133,4,25,0
11-02 10:12:15,31.569,19.793,47.603,0,0,4216200,124580,180544,3397752,9284.175,1697.689,0,517.124,0,36.078,3598,6207,2.450,2.070,1.200,2,0,348.758,0,0,24,133,4,25,0
11-02 10:12:16,36.168,23.447,38.662,0,0,4294976,129944,180476,3315536,7087.896,1616.328,0,295.329,0,25.941,6259,12729,2.450,2.070,1.200,1,0,336.236,0,0,24,145,4,25,0
11-02 10:12:17,28.320,19.799,51.377,1.253,0,4337804,131016,180444,3271708,9828.384,1624.029,108.269,5666.057,5.012,545.353,4835,12012,2.450,2.070,1.200,5,0,300.746,0,0,24,145,4,25,0
11-02 10:12:18,31.956,23.717,43.440,0,0,4392028,127052,180420,3222116,8718.977,1617.769,43.939,347.521,1.997,23.967,3802,6564,2.450,2.070,1.200,3,0,488.327,0,0,24,152,4,25,0
11-02 10:12:19,21.272,23.774,52.304,0.751,0,4446752,155736,180308,3140016,10919.236,1695.745,100.103,5405.562,19.020,477.491,6450,11918,2.410,2.070,1.200,1,0,388.400,0,0,24,157,4,25,0
11-02 10:12:20,17.704,21.943,57.101,0,0,4469928,132312,180308,3140356,11284.480,1524.013,323.155,849.777,22.940,67.823,6425,11657,2.410,2.070,1.200,2,0,381.003,0,0,24,173,4,25,0
11-02 10:12:21,21.760,18.008,58.026,1.251,0,4477056,132476,180316,3133224,5587.542,1620.737,112.051,2749.251,9.004,379.173,5927,9197,2.410,2.070,1.200,2,0,178.081,0,0,24,179,4,25,0
11-02 10:12:22,40.983,13.994,43.732,0,0,4595976,131464,180216,3018756,5252.804,1619.323,231.903,899.624,9.996,124.948,2468,3310,2.410,2.070,1.200,2,0,66.972,0,0,24,179,4,25,0
11-02 10:12:23,44.013,9.503,45.263,0.250,0,4702848,131796,180156,2914472,10224.006,1620.476,1584.466,304.089,66.019,48.014,2508,3252,2.410,2.070,1.200,1,0,5.001,0,0,24,182,4,25,0
11-02 10:12:24,34.797,8.762,55.075,0,0,4630708,216232,180144,2902532,7646.346,1622.195,4.005,504.683,1.001,36.049,3344,5393,2.300,2.050,1.200,3,0,200.271,0,0,24,183,4,24,0
11-02 10:12:25,35.998,24.498,40.247,0.250,0,4688408,156032,180148,2905072,9589.338,1619.888,95.993,127.991,19.999,15.999,5838,13254,2.300,2.050,1.200,5,0,394.973,0,0,24,187,4,24,0
11-02 10:12:26,42.066,26.792,24.539,4.006,0,4654028,185432,180140,2911452,9836.453,1622.549,41356.972,7684.072,513.807,583.917,8973,14797,2.300,2.050,1.200,2,0,386.607,0,0,24,197,4,19,0
11-02 10:12:27,67.495,19.749,10.749,0.250,0,4801244,131632,180004,2821816,10079.284,1585.887,415.970,4279.696,79.994,238.983,4736,8056,2.300,2.050,1.200,4,0,191.986,0,0,24,198,4,19,0
11-02 10:12:28,69.211,17.740,6.746,5.497,0,4842872,202116,179924,2713332,12991.738,1639.084,53937.849,2646.521,633.646,185.896,5785,8957,2.300,2.050,1.200,3,1,43.975,0,0,24,204,4,20,0
11-02 10:12:29,63.764,18.254,8.252,8.002,0,4942404,145196,179972,2673920,7304.644,1620.365,58185.092,1616.364,956.215,117.026,7927,13805,2.440,2.080,1.220,3,0,141.032,0,0,24,207,4,25,0
11-02 10:12:30,41.266,28.761,24.009,3.001,0,4910016,136172,179976,2715380,9782.845,1620.637,38487.125,996.392,393.155,72.028,6379,11924,2.440,2.080,1.220,4,0,522.205,0,0,24,207,4,25,0
11-02 10:12:31,53.434,23.221,20.974,1.748,0,4929316,157596,179120,2678136,8931.996,1618.007,30214.775,631.222,302.627,38.952,9447,24103,2.440,2.080,1.220,9,0,261.678,0,0,24,212,4,25,0
11-02 10:12:32,52.068,30.540,16.521,0,0.250,4972460,139632,178652,2654388,6225.093,1664.163,128.167,3204.165,7.009,208.271,9384,24370,2.440,2.080,1.220,3,0,467.608,0,0,24,211,4,25,0
11-02 10:12:33,60.745,19.748,18.498,1.000,0,4981436,184472,178160,2602232,9443.226,1619.867,1187.903,23546.069,59.995,1054.913,9604,18801,2.440,2.080,1.220,3,0,188.985,0,0,24,215,4,27,0
11-02 10:12:34,51.984,27.491,20.244,0.250,0,5096560,128260,178152,2543988,10060.881,1511.531,175.945,787.756,9.997,55.983,3945,7089,2.480,2.100,1.230,3,0,520.839,0,0,24,219,4,26,0
11-02 10:12:35,55.212,22.235,21.485,0.250,0,5109628,152224,178084,2508872,10720.528,1618.872,519.638,731.490,24.983,54.962,8578,20900,2.480,2.100,1.230,4,0,255.822,0,0,24,223,4,28,0
11-02 10:12:36,67.043,12.508,20.513,0.250,0,5265056,138844,176880,2372856,7871.085,1641.060,324.209,10254.624,7.005,627.405,3932,4461,2.480,2.100,1.230,3,0,1.001,0,0,24,223,4,28,0
11-02 10:12:37,64.293,10.466,23.923,0.498,0,5305832,133984,176496,2338736,39105.238,13691.967,817.371,837.307,76.753,66.785,6236,11942,2.480,2.100,1.230,3,0,7.974,0,0,24,237,4,34,0
11-02 10:12:38,49.609,17.038,32.572,0.501,0,5238204,218204,176328,2322960,26129.590,6451.218,180.398,994.191,14.031,98.216,5897,12673,2.480,2.100,1.230,3,0,332.733,0,0,24,242,4,36,0
11-02 10:12:39,35.290,23.527,39.545,0.250,0,5310160,145980,176328,2323212,8555.796,1621.857,160.183,1441.651,10.011,155.178,4910,9607,2.520,2.110,1.240,3,0,388.445,0,0,24,244,4,37,0
11-02 10:12:40,47.504,20.502,31.503,0.250,0,5319424,136356,176332,2323928,9227.803,1662.145,108.009,668.058,12.001,44.004,6773,12088,2.520,2.110,1.240,3,0,255.022,0,0,25,246,4,37,0
11-02 10:12:41,65.963,9.745,22.987,1.999,0,5440228,150872,175172,2194100,9309.759,1619.088,1647.073,519.707,133.925,22.987,3237,5458,2.520,2.110,1.240,5,1,1.999,0,0,25,247,4,36,0
11-02 10:12:42,66.780,8.754,21.510,1.501,0,5486256,130764,174868,2169440,6527.925,1512.678,620.278,8287.713,42.019,716.321,4339,7420,2.520,2.110,1.240,2,0,31.014,0,0,25,247,4,38,0
11-02 10:12:43,28.495,10.748,58.739,0,0,5450624,180944,174576,2155472,18907.445,3732.298,3.999,627.882,1.000,50.990,4266,7754,2.520,2.110,1.240,2,0,196.963,0,0,25,249,4,38,0
11-02 10:12:44,35.371,6.975,57.042,0.498,0,5502776,129164,174416,2155372,6579690.810,67664.753,239.126,561.947,25.905,39.854,6122,8671,2.400,2.100,1.240,2,0,33.876,0,0,25,250,4,40,0
11-02 10:12:45,22.004,6.251,69.762,0,0,5460800,174576,174060,2152760,14689708.458,115664.704,0,628.112,0,49.009,7795,7231,2.400,2.100,1.240,0,0,38.007,0,0,25,250,4,40,0
11-02 10:12:46,8.252,16.504,72.518,0.500,0,5459636,172972,174060,2155528,743514.109,6745.707,2068.523,316.080,23.006,19.005,3147,4544,2.400,2.100,1.240,1,0,222.056,0,0,25,249,4,40,0
11-02 10:12:47,23.987,5.997,69.213,0.250,0,5499888,138960,173932,2149440,7639.928,1619.137,0,1647.122,0,100.946,2307,3465,2.400,2.100,1.240,1,0,36.980,0,0,25,253,4,40,0
11-02 10:12:48,26.752,3.000,68.256,0.250,0,5509116,150132,173664,2129864,10197.928,1704.155,76.007,520.047,7.001,52.005,3229,6836,2.400,2.100,1.240,1,0,3.000,0,0,25,265,4,41,0
11-02 10:12:49,28.848,8.027,62.964,0.753,0,5525936,176660,172836,2090448,11342.485,1517.148,453.539,786.669,26.089,80.272,4709,9431,2.290,2.080,1.240,1,0,6.020,0,0,25,269,4,42,0
11-02 10:12:50,31.257,4.751,62.014,0.250,0.250,5538624,143580,172836,2110840,10109.285,1620.366,80.018,536.121,12.003,44.010,5980,11829,2.290,2.080,1.240,1,0,0,0,0,25,272,4,48,0
11-02 10:12:51,14.718,15.716,66.105,2.245,0,5477780,220568,172480,2095756,9085.095,1562.576,91.799,28174.270,7.983,705.454,4514,6578,2.290,2.080,1.240,2,0,227.502,0,0,25,269,4,50,0
11-02 10:12:52,15.718,12.724,69.609,1.247,0,5486080,207956,172724,2099696,6396.086,1616.736,4139.642,427.138,144.708,16.966,3110,4787,2.290,2.080,1.240,1,0,163.670,0,0,25,269,4,50,0
11-02 10:12:53,16.249,9.250,72.747,1.000,0,5478040,209108,172848,2106296,7333.648,1693.919,3259.844,9463.546,86.996,85.996,5322,22958,2.290,2.080,1.240,0,0,15.999,0,0,25,269,4,50,0
11-02 10:12:54,3.752,1.251,94.048,0.250,0,5478212,208856,172848,2106376,12969.653,1694.869,0,300.154,0,32.016,1773,2939,2.110,2.040,1.230,0,0,0,0,0,25,269,4,50,0
11-02 10:12:55,2.998,0.750,94.198,0.250,0.250,5478428,208632,172848,2106384,9896.557,1619.109,0,187.897,0,27.985,1467,2509,2.110,2.040,1.230,3,0,0,0,0,25,269,4,50,0
11-02 10:12:56,2.500,1.250,94.759,0,0,5478428,208632,172852,2106380,12438.219,1586.155,4.000,21190.077,1.000,40.004,1351,2238,2.110,2.040,1.230,0,0,0,0,0,25,269,4,50,0
11-02 10:12:57,3.250,0.750,94.245,0,0,5478420,208632,172852,2106388,10588.449,1619.916,0,307.984,0,25.999,1628,2795,2.110,2.040,1.230,0,0,1.000,0,0,25,269,4,43,0
11-02 10:12:58,4.502,0.500,93.784,0.250,0,5478416,208632,172852,2106392,9878.596,1620.590,28.010,216.079,2.001,20.007,1714,2957,2.110,2.040,1.230,0,0,1.000,0,0,25,269,4,43,0
11-02 10:12:59,2.499,1.250,95.220,0,0,5478388,208632,172852,2106420,7923.496,1565.505,0,95.970,0,10.997,1375,2419,1.940,2.010,1.220,0,0,0,0,0,25,269,4,40,0
11-02 10:13:00,4.250,1.500,92.254,0.750,0,5483396,203088,172852,2106956,5943.273,1788.082,528.024,512.024,5.000,40.002,1678,2934,1.940,2.010,1.220,0,0,1.000,0,0,25,269,4,40,2
11-02 10:13:01,3.500,2.000,92.993,0,0,5484652,201828,172852,2106960,9768.306,1619.885,0,143.990,0,18.999,1612,2624,1.940,2.010,1.220,0,0,7.999,0,0,25,273,4,37,2
11-02 10:13:02,4.000,1.000,93.510,0,0,5485100,201324,172852,2107016,6812.756,1512.168,4.000,124.014,1.000,13.001,1553,2581,1.940,2.010,1.220,0,0,21.002,0,0,25,275,4,37,2
11-02 10:13:03,3.499,1.000,93.478,0.500,0,5469148,213956,173100,2110088,6245.539,118022.383,3439.195,3.999,51.988,1.000,1512,2397,1.940,2.010,1.220,0,0,0,0,0,25,275,4,37,2
11-02 10:13:04,4.500,1.250,93.759,0.250,0,5469112,213956,173104,2110120,10744.010,1620.152,0,400.038,0,32.003,1740,2843,1.780,1.970,1.210,0,0,1.000,0,0,25,277,4,37,2
11-02 10:13:05,3.000,1.500,93.497,0.500,0,5469264,213732,173104,2110192,8076.733,1619.947,31.999,411.986,3.000,36.999,1697,3027,1.780,1.970,1.210,0,0,0,0,0,25,277,4,38,2
11-02 10:13:06,3.250,0.250,95.513,0,0,5469236,213732,173104,2110220,10689.475,1566.216,0,312.043,0,2.000,1379,2327,1.780,1.970,1.210,0,0,0,0,0,25,277,4,38,2
11-02 10:13:07,2.750,0.750,94.253,0,0,5469172,213732,173104,2110284,9142.302,1620.053,64.002,76.003,1.000,6.000,1494,2521,1.780,1.970,1.210,0,0,0,0,0,25,277,4,38,2
11-02 10:13:08,3.001,0.750,94.791,0,0,5469044,213732,173104,2110412,7352.169,1586.684,0,52.022,0,6.003,1415,2382,1.780,1.970,1.210,0,0,0,0,0,25,277,4,38,2
11-02 10:13:09,2.997,0.999,94.169,0.250,0,5469044,213732,173104,2110412,9637.712,1618.608,23.979,283.756,2.997,29.974,1643,2805,1.640,1.940,1.210,0,0,0,0,0,25,277,4,38,2
11-02 10:13:10,3.001,1.000,94.044,0,0,5468944,213732,173104,2110512,10258.750,1620.750,0,316.146,0,22.010,1547,2785,1.640,1.940,1.210,0,0,1.000,0,0,25,279,4,38,2
11-02 10:13:11,2.750,1.750,93.234,0.750,0,5477764,204912,173104,2110512,6377.935,1619.730,0,4207.297,0,496.917,2226,2388,1.640,1.940,1.210,0,0,2.000,0,0,25,281,4,38,0
11-02 10:13:12,3.500,1.000,93.758,0.250,0,5477760,204912,173104,2110516,11528.026,1620.144,0,212.019,0,24.002,1633,2779,1.640,1.940,1.210,1,0,2.000,0,0,25,281,4,38,0
11-02 10:13:13,4.499,0.250,91.736,1.000,0,5477624,204912,173104,2110652,11822.179,1565.759,0,2095.677,0,146.977,2089,3462,1.640,1.940,1.210,0,0,1.000,0,0,25,281,4,38,0
11-02 10:13:14,4.502,1.251,93.541,0.250,0,5477876,204660,173104,2110652,11676.173,1620.718,0,316.140,0,31.014,1673,2803,1.510,1.910,1.200,0,0,1.000,0,0,25,283,4,38,0
11-02 10:13:15,2.999,1.250,94.471,0,0,5477876,204660,173104,2110652,7788.593,1511.533,0,171.947,0,10.997,1331,2529,1.510,1.910,1.200,0,0,0,0,0,25,283,4,38,0
11-02 10:13:16,3.000,1.000,94.758,0.500,0,5478100,204436,173104,2110652,5873.505,1620.139,0,3192.275,0,208.018,1695,2464,1.510,1.910,1.200,0,0,0,0,0,25,283,4,38,0
11-02 10:13:17,4.500,0.750,94.502,0,0,5478100,204436,173104,2110652,10076.181,1694.030,32.001,32.001,2.000,4.000,1410,2362,1.510,1.910,1.200,1,0,0,0,0,25,283,4,38,0
11-02 10:13:18,3.500,0.750,94.512,0,0,5478016,204436,173104,2110736,7897.979,1620.201,48.006,96.012,3.000,9.001,1545,2623,1.510,1.910,1.200,0,0,0,0,0,25,283,4,38,0
11-02 10:13:19,5.763,3.258,90.711,0.251,0,5499456,182304,173104,2111428,10931.437,1623.779,24.056,296.690,3.007,38.089,1920,3186,1.390,1.880,1.190,2,0,22.051,0,0,25,285,4,38,0
11-02 10:13:20,5.984,3.989,88.267,0,0,5497424,184224,173104,2111540,9660.535,1615.741,59.842,351.075,6.982,22.940,2108,3335,1.390,1.880,1.190,0,0,1.995,0,0,25,285,4,38,0
11-02 10:13:21,5.500,2.250,90.496,0.500,0,5498792,183020,173104,2111376,12164.465,1457.936,0,8087.644,0,527.977,2466,3328,1.390,1.880,1.190,0,0,1.000,0,0,25,287,4,38,0
11-02 10:13:22,5.752,1.500,91.776,0,0,5503512,179048,173104,2110860,6910.949,1620.457,16.005,112.032,2.001,7.002,1641,2750,1.390,1.880,1.190,0,0,1.000,0,0,25,287,4,38,0
11-02 10:13:23,4.500,1.000,93.252,0,0,5503512,179048,173104,2110860,5703.114,1620.032,0,72.001,0,6.000,1478,2532,1.390,1.880,1.190,0,0,0,0,0,25,287,4,38,0
11-02 10:13:24,6.749,2.999,88.484,0,0,5503552,178916,173104,2110952,5484.013,1693.695,0,267.952,0,23.996,3251,6188,1.270,1.850,1.190,0,0,1.000,0,0,25,287,4,38,0
11-02 10:13:25,6.498,1.000,90.978,0,0.250,5503388,179052,173104,2110980,9588.689,1619.610,0,0,0,0,1775,3078,1.270,1.850,1.190,1,0,0,0,0,25,287,4,38,0
11-02 10:13:26,5.252,1.751,90.782,2.001,0,5503720,177792,173104,2111908,8556.995,1620.567,488.171,352.123,10.004,22.008,1875,3096,1.270,1.850,1.190,0,0,0,0,0,25,287,4,38,0
11-02 10:13:27,2.499,0.500,94.210,0.250,0,5503940,177568,173108,2111908,9076.115,1619.307,0,375.839,0,23.990,1691,2916,1.270,1.850,1.190,0,0,1.000,0,0,25,287,4,38,0
11-02 10:13:28,4.000,2.250,93.249,0.250,0,5503932,177568,173108,2111916,9283.944,1457.991,0,259.998,0,31.000,1799,3055,1.270,1.850,1.190,1,0,1.000,0,0,25,287,4,38,0
11-02 10:13:29,2.252,1.001,94.601,0,0,5503932,177568,173108,2111916,9817.485,1663.777,32.034,112.120,1.001,14.015,1469,2514,1.170,1.820,1.180,0,0,0,0,0,25,287,4,38,0
11-02 10:13:30,3.498,0.749,94.686,0.250,0,5503884,177568,173108,2111964,7474.947,1618.906,0,603.592,0,36.975,1576,2807,1.170,1.820,1.180,0,0,0,0,0,25,287,4,32,0
11-02 10:13:31,2.500,0.500,94.992,0,0,5503884,177568,173108,2111964,7124.409,1619.866,0,31.997,0,4.000,1335,2374,1.170,1.820,1.180,0,0,0,0,0,25,287,4,32,0
11-02 10:13:32,3.249,1.749,93.716,0,0,5503884,177568,173108,2111964,4713.289,1619.412,0,3.999,0,1.000,1372,2368,1.170,1.820,1.180,0,0,1.000,0,0,25,287,4,32,0
11-02 10:13:33,2.501,0,94.529,0,0,5503884,177568,173108,2111964,8821.664,810.245,0,4.001,0,1.000,1348,2354,1.170,1.820,1.180,0,0,0,0,0,25,287,4,32,0
11-02 10:13:34,7.500,2.000,88.746,0.250,0,5504968,175940,173124,2112492,224834.007,2033.919,451.982,291.988,12.000,24.999,1819,2983,1.080,1.790,1.170,2,0,5.000,0,0,25,287,3,30,0
11-02 10:13:35,13.255,6.752,79.527,0,0,5504188,176444,173160,2112732,239923.574,10317.508,176.060,216.073,10.003,12.004,2334,3302,1.080,1.790,1.170,0,0,34.012,0,0,25,287,3,31,0
