"pcp-dstat 5.3.6 CSV Output"
"Author:","PCP team <pcp@groups.io> and Dag Wieers <dag@wieers.com>",,,,"URL:","https://pcp.io/ and http://dag.wieers.com/home-made/dstat/"
"Host:","ubuntu",,,,"User:","ubuntu"
"Cmdline:","dstat -tcmndrylpg --tcp --output /tmp/devstack_logs/dstat-csv.log",,,,"Date:","06 Dec 2024 21:05:56 UTC"
"system","total usage",,,,,"memory usage",,,,"net/total",,"dsk/total",,"io/total",,"system",,"load avg",,,"procs",,,"paging",,"tcp sockets",,,,
"time","total usage:usr","total usage:sys","total usage:idl","total usage:wai","total usage:stl","used","free","buf","cach","net/total:recv","net/total:send","dsk/total:read","dsk/total:writ","read","writ","int","csw","1m","5m","15m","run","blk","new","in","out","lis","act","syn","tim","clo"
06-12 21:05:56,,996840,1411820,168956,5212608,,,,,,,1.120,0.940,0.560,4,0,,,,9,5,6,11,1
06-12 21:05:57,29.938,21.206,47.152,0.499,0,1027176,1363112,169456,5228068,5050.500,1748.365,0,5811.917,0,330.313,3880,6336,1.120,0.940,0.560,3,0,431.104,0,0,9,4,6,11,2
06-12 21:05:58,27.997,23.247,45.995,1.000,0,1018376,1337672,170760,5257756,5084.405,1693.802,0,5187.393,0,182.979,3432,5123,1.120,0.940,0.560,6,0,367.957,0,0,9,4,6,11,2
06-12 21:05:59,31.945,18.967,47.418,0.499,0,1027008,1321604,171560,5262144,11023.874,4242.639,0,2823.102,0,69.879,2920,7932,1.120,0.940,0.560,4,0,232.596,0,0,9,2,6,10,0
06-12 21:06:00,38.549,14.268,46.059,0,0,1115136,1231952,171648,5388152,5229.647,1622.062,0,32.041,0,5.006,3839,8383,1.430,1.010,0.590,2,0,144.183,0,0,10,4,6,10,0
06-12 21:06:01,36.088,17.793,45.110,0,0,1126264,1220252,171652,5388680,6723.351,1623.949,80.195,2357.734,1.002,27.066,10879,21641,1.430,1.010,0.590,2,0,213.519,0,0,10,4,6,12,0
06-12 21:06:02,44.146,7.482,47.139,0,0,1153736,1191240,171748,5389732,8442.127,1763.848,0,810.093,0,18.955,8129,15392,1.430,1.010,0.590,2,0,14.965,0,0,10,4,6,12,0
06-12 21:06:03,40.254,5.001,47.755,6.501,0,1201344,1138724,172108,5394128,6948.730,1694.178,0,18821.976,0,1662.175,8948,14362,1.430,1.010,0.590,1,1,38.004,0,0,10,6,6,12,0
06-12 21:06:04,19.510,6.753,62.280,9.004,0,1072892,1262564,172384,5398444,10138.948,1608.785,0,41744.371,0,3314.618,13085,24064,1.430,1.010,0.590,1,0,100.049,0,0,10,4,6,12,0
06-12 21:06:05,19.244,6.998,73.226,0.500,0,1134744,1200720,172384,5398452,6425.899,1619.470,0,667.782,0,36.988,1349,1801,1.390,1.010,0.590,1,0,68.977,0,0,10,4,6,12,0
06-12 21:06:06,23.252,3.000,73.255,0,0,1078156,1257288,172384,5398460,8179.589,1512.109,0,11152.803,0,84.006,1088,1288,1.390,1.010,0.590,1,0,10.001,0,0,10,4,6,12,0
06-12 21:06:07,22.000,3.500,73.249,0.500,0,1157688,1177720,172412,5398464,6341.899,1619.974,0,7939.873,0,426.993,1867,2931,1.390,1.010,0.590,1,0,2.000,0,0,10,4,6,12,0
06-12 21:06:08,20.503,5.501,73.262,0,0,1079724,1255664,172412,5398480,6520.063,1620.264,0,428.070,0,25.004,1291,1769,1.390,1.010,0.590,1,0,76.012,0,0,10,4,6,12,0
06-12 21:06:09,8.756,19.014,70.552,0,0,1085104,1250100,172412,5398632,7655.604,1621.187,0,8.006,0,2.001,2388,3371,1.390,1.010,0.590,1,0,276.202,0,0,10,4,6,12,0
06-12 21:06:10,10.753,19.255,69.267,0,0,1085380,1249764,172412,5398660,4572.120,1694.415,0,44.011,0,11.003,2807,4423,1.360,1.010,0.590,2,0,368.090,0,0,10,4,6,12,0
06-12 21:06:11,32.775,15.512,51.539,0,0,1156932,1177968,172420,5399156,6712.121,1695.294,0,33373.464,0,78.060,5263,8431,1.360,1.010,0.590,2,0,195.149,0,0,10,5,6,12,0
06-12 21:06:12,46.160,4.242,49.154,0,0,1249004,1085260,172460,5399636,7943.478,1562.946,0,243.524,0,29.941,1183,1219,1.360,1.010,0.590,2,0,3.992,0,0,10,5,6,12,0
06-12 21:06:13,37.541,8.760,53.058,0,0,1281764,1049776,172592,5401920,4862.276,1513.642,0,3583.889,0,190.206,2938,6011,1.360,1.010,0.590,3,0,90.098,0,0,10,4,6,13,0
06-12 21:06:14,0.999,3.245,94.118,0.250,0,1281692,1049780,172592,5401924,12203.866,1617.729,0,2640.293,0,79.888,1174,1700,1.360,1.010,0.590,0,0,27.961,0,0,10,4,6,13,0
06-12 21:06:15,19.038,5.511,74.648,0,0,1341848,989576,172624,5401924,7019.942,1623.224,0,444.884,0,25.050,1411,1656,1.330,1.010,0.600,1,0,24.048,0,0,10,4,6,13,0
06-12 21:06:16,24.259,3.251,72.027,0.750,0,1381532,949824,172628,5402148,4982.849,1620.601,0,20515.611,0,554.206,2076,1765,1.330,1.010,0.600,3,0,1.000,0,0,10,10,6,13,0
06-12 21:06:17,19.463,4.991,71.614,1.497,0,1325220,1006044,172688,5402180,6326.966,1616.925,0,3377.576,0,304.421,3175,5293,1.330,1.010,0.600,1,0,43.916,0,0,10,4,6,15,0
06-12 21:06:18,22.746,4.249,72.987,0.250,0,1357992,972332,172692,5402948,5222.055,1693.693,231.958,1211.781,57.990,18.997,1740,2727,1.330,1.010,0.600,1,0,2.999,0,0,10,28,6,15,0
06-12 21:06:19,21.493,4.749,72.478,0,0,1357076,973232,172696,5402956,4678.554,1619.500,0,1159.642,0,11.996,1239,1662,1.330,1.010,0.600,1,0,50.984,0,0,10,28,6,15,0
06-12 21:06:20,27.008,11.253,61.518,0,0,1367680,962588,172700,5402984,11137.219,1458.421,0,20.006,0,5.001,2093,3049,1.300,1.010,0.600,2,0,160.046,0,0,10,28,6,15,0
06-12 21:06:21,45.081,7.263,47.084,0,0,1427736,902300,172712,5403172,4200.523,1622.907,0,31316.087,0,110.197,4008,8702,1.300,1.010,0.600,3,0,1.002,0,0,10,28,6,15,0
06-12 21:06:22,68.266,20.005,11.253,0,0,1514124,815852,172712,5403224,4365.048,1662.399,0,48.012,0,12.003,2543,4808,1.300,1.010,0.600,7,0,501.120,0,0,10,28,6,15,0
06-12 21:06:23,79.237,17.497,3.999,0.250,0,1525248,804364,172716,5403576,3993.345,1619.734,0,1151.811,0,18.997,6192,12425,1.300,1.010,0.600,6,0,116.981,0,0,10,29,6,15,1
06-12 21:06:24,43.028,12.436,43.028,0,0,1316512,1013036,172732,5403624,9678.998,1611.674,0,413.862,0,42.779,3542,7096,1.300,1.010,0.600,2,0,229.813,0,0,10,28,6,15,0
06-12 21:06:25,20.864,5.279,72.646,0.503,0,1376072,953432,172740,5403628,5346.169,1628.887,0,546.984,0,25.137,1425,1996,1.280,1.010,0.600,1,0,53.291,0,0,10,29,6,15,0
06-12 21:06:26,20.940,6.232,71.795,0,0,1332820,996660,172744,5403648,4545.015,1453.846,0,83.761,0,12.963,2106,3536,1.280,1.010,0.600,1,0,67.806,0,0,10,28,6,16,0
06-12 21:06:27,24.004,2.500,73.011,0,0,1375116,954352,172748,5403656,5057.754,1694.252,0,424.063,0,30.004,1953,3197,1.280,1.010,0.600,1,0,2.000,0,0,10,28,6,16,0
06-12 21:06:28,10.509,19.767,68.810,0.250,0,1318780,1010668,172748,5403676,5061.414,1695.478,0,444.388,0,15.013,2405,3224,1.280,1.010,0.600,1,0,275.240,0,0,10,28,6,16,0
06-12 21:06:29,11.517,22.283,64.847,0,0,1328276,1001156,172756,5403684,5081.612,1696.541,0,2507.757,0,27.041,2607,3503,1.280,1.010,0.600,2,0,375.563,0,0,10,28,6,16,0
06-12 21:06:30,71.284,21.760,7.504,0,0,1545640,783744,172760,5403728,5627.690,1620.775,0,980.469,0,65.031,3104,5504,1.580,1.070,0.620,5,0,396.189,0,0,10,30,6,15,0
06-12 21:06:31,80.477,10.747,7.748,0,0,1476864,852160,172772,5404072,5260.501,1693.517,0,335.904,0,42.988,6285,15886,1.580,1.070,0.620,5,0,70.980,0,0,10,29,6,15,0
06-12 21:06:32,80.264,16.253,2.750,0,0,1540104,788748,172796,5404296,6197.103,1620.288,0,65715.697,0,193.034,5047,9334,1.580,1.070,0.620,7,0,141.025,0,0,10,29,6,15,0
06-12 21:06:33,79.988,15.248,4.499,0,0,1474540,853916,172800,5404688,5115.248,1499.780,0,4019.409,0,160.976,6674,12378,1.580,1.070,0.620,4,0,253.963,0,0,10,29,6,15,0
06-12 21:06:34,49.242,12.498,38.494,0.250,0,1352668,975548,172816,5404896,8826.526,1619.730,0,431.928,0,34.994,3679,8748,1.580,1.070,0.620,2,0,156.974,0,0,10,28,6,16,0
06-12 21:06:35,44.483,6.747,48.981,0,0,1444376,883820,172820,5404908,5230.965,1693.341,0,235.908,0,10.996,1596,4310,1.610,1.090,0.630,3,0,3.998,0,0,10,29,6,16,0
06-12 21:06:36,50.675,17.474,31.453,0,0,1437228,890764,172828,5405088,5322.113,1691.493,0,271.597,0,26.960,3238,5612,1.610,1.090,0.630,3,0,383.432,0,0,10,28,6,15,0
06-12 21:06:37,60.122,11.022,29.309,0,0,1329944,997828,172840,5405280,6587.353,1697.441,0,1847.745,0,45.091,5963,12782,1.610,1.090,0.630,5,0,126.256,0,0,10,28,6,17,0
06-12 21:06:38,78.998,16.000,4.750,0,0,1558924,768784,172848,5405320,5268.900,1619.969,0,199.996,0,10.000,2730,4547,1.610,1.090,0.630,4,0,139.997,0,0,10,30,6,17,0
06-12 21:06:39,57.747,16.999,24.249,0,0,1387812,939660,172852,5405548,6409.692,1693.919,0,423.980,0,39.998,6104,14152,1.610,1.090,0.630,3,0,325.984,0,0,10,28,6,23,0
06-12 21:06:40,62.494,7.249,29.997,0.250,0,1503612,823796,172868,5405592,6052.449,1457.867,0,311.972,0,21.998,3779,7442,1.720,1.120,0.640,3,0,4.000,0,0,10,30,6,24,0
06-12 21:06:41,61.364,16.214,22.450,0,0,1468596,858680,172888,5405704,8826.467,1616.423,0,415.081,0,36.918,2989,5994,1.720,1.120,0.640,3,0,305.324,0,0,10,28,6,25,0
06-12 21:06:42,57.383,16.288,25.559,0,0,1373496,953428,172892,5406048,8832.438,1623.757,0,320.742,0,29.067,4964,11141,1.720,1.120,0.640,3,0,287.666,0,0,10,28,6,24,0
06-12 21:06:43,63.128,7.985,28.694,0,0,1502464,824432,172900,5406056,9231.101,1764.578,0,303.412,0,20.959,3393,6159,1.720,1.120,0.640,5,0,5.988,0,0,10,30,6,25,0
06-12 21:06:44,62.284,12.507,24.263,0.250,0,1486412,839904,172908,5406620,8729.705,1714.924,0,784.423,0,31.017,2937,5631,1.720,1.120,0.640,5,0,118.064,0,0,10,29,6,25,0
06-12 21:06:45,60.585,16.774,21.280,0,0,1398048,927904,172916,5406972,5426.630,1622.281,0,584.822,0,49.069,4990,11415,1.830,1.150,0.660,5,0,387.545,0,0,10,28,6,26,0
06-12 21:06:46,81.742,14.249,4.000,0,0,1528076,797768,172924,5407036,5137.507,1619.844,0,435.958,0,30.997,3140,5933,1.830,1.150,0.660,9,0,165.984,0,0,10,29,6,26,0
06-12 21:06:47,79.498,18.500,0.500,0,0,1532524,793164,172944,5407264,4776.881,1457.964,0,5543.861,0,342.991,3931,7452,1.830,1.150,0.660,7,0,288.993,0,0,10,28,6,28,0
06-12 21:06:48,80.749,15.000,4.000,0,0,1570372,755100,172956,5407468,5304.920,1619.976,0,419.994,0,33.999,4697,9371,1.830,1.150,0.660,8,0,220.997,0,0,10,29,6,28,0
06-12 21:06:49,69.248,19.749,9.500,0,0,1458292,866936,172956,5407700,5611.843,1619.955,0,243.993,0,15.000,6198,13931,1.830,1.150,0.660,6,0,449.987,0,0,10,30,6,28,0
06-12 21:06:50,26.993,23.744,48.988,0,0,1333888,991152,172956,5407884,12723.844,1619.598,0,211.947,0,10.997,4635,8692,2,1.200,0.680,2,0,537.867,0,0,10,28,6,28,0
06-12 21:06:51,9.246,21.241,67.722,0,0,1334012,991016,172956,5407896,7221.047,1693.307,0,199.918,0,8.996,2458,3193,2,1.200,0.680,3,0,308.874,0,0,10,28,6,28,0
06-12 21:06:52,10.258,23.518,66.551,0,0,1330840,994176,172956,5407908,6242.744,1695.288,0,416.316,0,14.011,2666,3586,2,1.200,0.680,4,0,368.280,0,0,10,28,6,25,0
06-12 21:06:53,61.753,26.751,10.751,0.250,0,1479892,845068,172964,5407956,6609.364,1458.080,0,692.038,0,47.003,3192,9093,2,1.200,0.680,7,0,755.042,0,0,10,28,6,26,0
06-12 21:06:54,75.308,21.944,2.992,0,0,1501560,823188,172968,5408164,11732.165,1615.891,0,363.077,0,36.906,5927,11842,2,1.200,0.680,10,0,426.914,0,0,10,29,6,25,0
06-12 21:06:55,82.959,13.785,1.504,0,0,1510544,814080,172980,5408248,5193.102,1624.098,0,653.649,0,49.124,4600,9087,2.320,1.280,0.700,7,0,254.642,0,0,10,29,6,25,0
06-12 21:06:56,81.987,13.998,4.749,0,0,1601284,723100,172988,5408468,5455.149,1619.747,0,2195.657,0,128.980,5659,12657,2.320,1.280,0.700,6,0,152.976,0,0,10,31,6,26,0
06-12 21:06:57,81.765,13.753,3.251,0,0,1582192,741760,173024,5408852,6694.259,1662.313,0,408.077,0,33.006,9270,24713,2.320,1.280,0.700,7,0,65.012,0,0,10,29,6,26,0
06-12 21:06:58,80.245,14.999,4.750,0,0,1569048,754592,173036,5409096,5204.703,1619.908,0,815.953,0,35.998,7275,26442,2.320,1.280,0.700,7,0,108.994,0,0,10,29,6,26,0
06-12 21:06:59,77.337,18.711,3.992,0,0,1627916,695516,173036,5409292,6127.115,1690.445,0,1025.843,0,21.954,4862,10564,2.320,1.280,0.700,7,0,33.929,0,0,10,31,6,26,0
06-12 21:07:00,84.502,12.250,2.250,0,0,1542584,780236,173080,5409856,120682.379,7137.200,0,924.026,0,29.001,4917,16387,2.540,1.340,0.730,8,0,123.003,0,0,10,32,6,26,0
06-12 21:07:01,77.661,15.282,7.265,0,0,1556728,765476,173192,5410256,42895.665,7523.551,0,1158.394,0,58.120,6454,15257,2.540,1.340,0.730,6,0,146.302,0,0,10,31,6,26,0
06-12 21:07:02,82.180,13.239,3.997,0.250,0,1626376,695064,173352,5410732,33546.284,3701.831,0,847.275,0,35.969,5597,12179,2.540,1.340,0.730,6,0,61.947,0,0,10,31,6,26,0
06-12 21:07:03,77.313,15.763,7.256,0,0,1529776,790268,173452,5411876,150407.183,6856.616,0,972.797,0,40.033,5997,14470,2.540,1.340,0.730,7,0,134.110,0,0,10,32,6,24,0
06-12 21:07:04,82.215,14.450,2.491,0.249,0,1601048,718556,173568,5412116,26585.959,7338.594,0,6880.181,0,189.344,3384,7043,2.540,1.340,0.730,6,0,112.610,0,0,10,31,6,24,0
06-12 21:07:05,79.942,10.525,10.024,0,0,1621920,697024,173704,5412592,20253.609,6779.270,0,2522.053,0,80.192,6535,16036,2.810,1.420,0.760,4,0,60.144,0,0,10,33,6,26,0
06-12 21:07:06,80.832,14.765,4.004,0,0,1584908,733264,173800,5413168,51094.708,3334.374,0,864.875,0,48.049,4451,12441,2.810,1.420,0.760,7,0,156.158,0,0,10,30,6,26,0
06-12 21:07:07,82.510,11.751,5.251,0,0,1577300,740500,173900,5413424,20616.412,7230.846,0,1060.124,0,50.006,3581,11017,2.810,1.420,0.760,6,0,46.005,0,0,10,31,6,26,0
06-12 21:07:08,75.747,14.249,9.250,0,0,1513424,803680,174016,5413916,20472.120,6689.712,0,1243.947,0,45.998,4995,12556,2.810,1.420,0.760,6,0,133.994,0,0,10,31,6,26,0
06-12 21:07:09,82.991,12.749,4.250,0,0,1600516,714472,174140,5415772,335504.752,8940.981,0,1287.853,0,51.994,4871,10993,2.810,1.420,0.760,9,0,92.989,0,0,10,31,5,26,0
06-12 21:07:10,77.760,15.252,6.251,0,0,1541452,773192,174252,5415872,19781.552,7470.964,0,1264.163,0,70.009,4642,10603,2.910,1.460,0.770,5,0,214.028,0,0,10,31,5,26,0
06-12 21:07:11,80.994,12.749,5.750,0,0,1560528,744232,174652,5424232,1410953.535,14275.872,0,2427.808,0,40.997,5490,11703,2.910,1.460,0.770,5,0,72.994,0,0,10,31,5,26,0
06-12 21:07:12,80.753,14.251,4.500,0,0,1570228,734220,174804,5424316,21689.868,6532.261,0,1332.053,0,61.002,4906,9868,2.910,1.460,0.770,6,0,144.006,0,0,10,31,5,26,0
06-12 21:07:13,78.495,13.249,7.749,0,0,1543476,760200,174864,5424900,11152.219,4028.718,0,795.944,0,39.997,5591,13905,2.910,1.460,0.770,5,0,112.992,0,0,10,30,5,27,0
06-12 21:07:14,66.698,13.989,18.485,0.250,0,1490424,812596,175044,5425268,65814.336,7297.272,0,1338.949,0,64.949,3932,7897,2.910,1.460,0.770,8,0,172.864,0,0,10,31,5,29,0
06-12 21:07:15,79.068,11.760,9.008,0,0,1511896,790428,175152,5425724,31418.208,3323.878,0,592.513,0,24.021,3774,6769,2.920,1.490,0.790,5,0,103.089,0,0,10,30,5,28,0
06-12 21:07:16,64.837,10.474,24.438,0.249,0,1485260,816624,175312,5425944,77756.055,8854.686,0,1591.988,0,95.759,4663,8520,2.920,1.490,0.790,4,0,120.696,0,0,10,30,5,28,0
06-12 21:07:17,70.677,12.030,17.544,0,0,1553620,746444,175392,5427592,997577.918,11952.012,0,717.802,0,34.086,4850,8254,2.920,1.490,0.790,4,0,65.164,0,0,10,31,5,26,0
06-12 21:07:18,64.228,12.496,21.493,0.250,0,1501388,769360,175412,5456256,14739706.760,83553.508,0,13535.384,0,210.928,8008,8388,2.920,1.490,0.790,4,0,136.953,0,0,10,32,5,26,0
06-12 21:07:19,62.015,12.753,23.506,0.750,0,1458708,802024,175652,5465488,4981747.711,32221.572,0,11886.793,0,153.036,5770,10860,2.920,1.490,0.790,6,0,130.031,0,0,10,35,5,26,0
06-12 21:07:20,64.763,13.503,20.754,0.500,0,1545536,698588,175860,5481168,7535249.909,35918.040,0,10818.120,0,119.023,5132,6194,2.920,1.510,0.800,4,0,164.032,0,0,10,34,5,26,0
06-12 21:07:21,73.712,14.992,9.995,0.250,0,1540960,701780,176004,5482348,90713.829,4037.900,0,935.514,0,49.974,6098,11539,2.920,1.510,0.800,6,0,202.894,0,0,10,34,5,27,0
06-12 21:07:22,77.024,14.255,6.752,1.000,0,1520968,710152,176052,5493816,4749.510,1608.512,10571.362,1448.461,114.036,59.019,5020,11361,2.920,1.510,0.800,5,0,138.044,0,0,10,34,5,28,0
06-12 21:07:23,83.833,11.228,4.990,0.250,0,1578252,650304,176180,5496108,8752.547,1616.776,1632.744,642.718,27.944,28.942,3342,6051,2.920,1.510,0.800,6,0,13.972,0,0,10,35,5,29,0
06-12 21:07:24,76.656,11.273,11.273,0,0,1455708,771124,176216,5497680,11829.013,1697.446,0,725.473,0,45.092,4741,12767,2.920,1.510,0.800,5,0,169.344,0,0,10,34,5,33,0
06-12 21:07:25,65.497,10.750,23.999,0,0,1512348,705032,176920,5504752,6761.696,1845.917,0,6983.686,0,223.990,3738,10431,2.930,1.540,0.810,3,0,71.997,0,0,10,36,6,34,0
06-12 21:07:26,65.357,9.479,24.696,0,0,1493668,723272,176980,5505132,4733.652,1690.305,0,634.613,0,36.919,2270,3071,2.930,1.540,0.810,4,0,74.836,0,0,10,35,6,34,0
06-12 21:07:27,56.857,18.535,24.546,0.501,0,1416536,788152,177008,5517164,6020.348,1623.059,0,1426.689,0,74.140,3838,7743,2.930,1.540,0.810,3,0,378.714,0,0,10,34,6,34,0
06-12 21:07:28,64.270,10.503,24.507,2.001,0,1510992,625332,178468,5578204,4791.457,1586.482,0,5961.812,0,207.063,2721,4672,2.930,1.540,0.810,3,0,4.001,0,0,10,36,6,34,0
06-12 21:07:29,61.270,14.004,24.008,0.250,0,1482896,596916,190296,5611116,4315.381,1620.519,0,2148.688,0,28.009,2545,4589,2.930,1.540,0.810,3,0,80.026,0,0,10,34,6,34,0
06-12 21:07:30,65.477,7.997,25.741,0,0,1478208,591944,191256,5617924,5128.169,1607.426,0,13407.214,0,70.975,3785,9385,3.020,1.580,0.830,3,0,56.980,0,0,10,34,6,36,0
06-12 21:07:31,46.250,22.000,31.000,0,0,1483128,586612,191260,5618312,4674.977,1619.992,0,367.998,0,14.000,10947,20918,3.020,1.580,0.830,2,0,362.998,0,0,10,35,6,36,0
06-12 21:07:32,35.991,14.746,48.738,0,0,1433996,635556,191264,5618496,4761.795,1767.553,0,643.837,0,33.991,2012,3323,3.020,1.580,0.830,2,0,100.974,0,0,10,34,6,36,0
06-12 21:07:33,36.991,14.246,47.988,0,0,1376184,740356,191264,5573676,5530.606,2083.475,0,1079.728,0,28.993,2695,4365,3.020,1.580,0.830,2,0,206.948,0,0,10,32,6,36,0
06-12 21:07:34,56.545,13.700,29.394,0,0,1457788,646188,191300,5586044,8104.653,1614.155,75.726,2650.403,0.996,96.650,5742,11741,3.020,1.580,0.830,2,0,185.329,0,0,10,32,6,36,0
06-12 21:07:35,29.639,22.103,48.225,0.251,0,1377560,725680,191300,5586780,5423.349,1627.607,0,980.583,0,25.117,3885,7252,2.930,1.590,0.830,2,0,493.306,0,0,10,32,6,35,0
06-12 21:07:36,24.677,4.736,68.796,0,0,1398912,704160,191300,5586944,5143.785,1507.541,0,1667.069,0,12.962,1942,4482,2.930,1.590,0.830,3,0,53.841,0,0,10,32,6,35,0
06-12 21:07:37,19.789,6.513,73.644,0,0,1388428,714640,191300,5586948,5267.335,1569.079,0,120.236,0,8.016,1288,1579,2.930,1.590,0.830,1,0,58.114,0,0,10,32,6,33,0
06-12 21:07:38,18.710,7.983,72.097,0,0,1356896,746032,191304,5587084,5082.205,1616.566,0,123.737,0,12.972,1825,2948,2.930,1.590,0.830,1,0,90.807,0,0,10,32,6,33,0
06-12 21:07:39,22.512,3.002,73.038,0.250,0,1395392,706748,191308,5587868,5611.952,1620.853,0,216.114,0,17.009,1705,2924,2.930,1.590,0.830,1,0,2.001,0,0,10,32,6,33,0
06-12 21:07:40,18.279,8.513,73.114,0,0,1377372,724760,191308,5587876,5783.022,1696.647,0,128.200,0,9.014,1588,2077,2.780,1.580,0.840,1,0,101.158,0,0,10,32,6,27,0
06-12 21:07:41,19.714,6.738,72.117,0,0,1338648,763460,191308,5587900,4671.400,1617.023,0,251.537,0,27.949,2124,3512,2.780,1.580,0.840,1,0,55.897,0,0,10,32,6,27,0
06-12 21:07:42,19.761,6.003,73.290,0.250,0,1397228,704748,191308,5588032,4834.649,1694.929,0,884.485,0,55.030,1258,1636,2.780,1.580,0.840,2,0,41.022,0,0,10,33,6,25,0
06-12 21:07:43,23.784,3.255,72.103,0,0,1351088,750728,191312,5588188,10173.487,1514.156,0,344.491,0,14.020,2518,4764,2.780,1.580,0.840,2,0,30.043,0,0,10,32,6,26,0
06-12 21:07:44,22.450,3.742,72.089,0.249,0,1396908,704892,191324,5588192,9046.798,1656.301,0,163.635,0,11.973,1739,2783,2.780,1.580,0.840,2,0,1.996,0,0,10,33,6,22,0
06-12 21:07:45,16.270,12.516,69.837,0.250,0,1337928,763712,191328,5588348,6654.305,1622.024,0,1533.914,0,91.114,2904,4955,2.560,1.550,0.830,2,0,173.216,0,0,10,32,6,22,0
06-12 21:07:46,24.232,17.237,57.457,0,0.250,1406420,694980,191328,5588588,4962.244,1618.775,0,247.812,0,16.987,2532,3881,2.560,1.550,0.830,3,0,314.762,0,0,10,32,6,23,0
06-12 21:07:47,44.049,6.257,47.803,2.002,0,1523116,575532,191456,5591156,9088.124,1621.807,0,6046.736,0,446.497,3328,5807,2.560,1.550,0.830,2,0,31.035,0,0,10,36,6,23,0
06-12 21:07:48,38.586,8.410,44.770,7.173,0,1457228,636004,192060,5595908,5521.823,1676.038,0,42927.941,0,3961.544,15544,28555,2.560,1.550,0.830,1,1,109.823,0,0,10,36,6,21,0
06-12 21:07:49,41.719,7.080,44.500,5.815,0,1456592,636084,192360,5596624,4945.593,1638.417,0,33779.718,0,1850.805,8515,15426,2.560,1.550,0.830,2,0,16.182,0,0,10,32,6,21,0
06-12 21:07:50,45.974,4.997,47.473,1.249,0,1455948,636640,192436,5596636,12357.043,1511.149,0,9954.396,0,618.652,3006,4017,2.510,1.560,0.840,2,0,5.997,0,0,10,34,6,21,0
06-12 21:07:51,37.959,8.241,44.451,8.241,0,1528480,563056,193008,5597116,7201.136,1618.233,0,19638.555,0,2655.101,17068,29959,2.510,1.560,0.840,2,0,2.997,0,0,10,34,6,21,0
06-12 21:07:52,28.540,7.761,62.588,0.501,0,1389200,702260,193028,5597172,5861.206,1568.195,0,4518.326,0,235.329,2231,3138,2.510,1.560,0.840,2,0,101.142,0,0,10,32,6,21,0
06-12 21:07:53,25.962,5.492,67.151,0,0,1454224,637232,193028,5597172,5857.384,1617.620,0,738.913,0,42.937,1668,3318,2.510,1.560,0.840,1,0,35.947,0,0,10,32,6,22,0
06-12 21:07:54,23.504,2.750,72.511,0.500,0,1398508,692924,193040,5597184,12659.950,1620.250,0,7009.079,0,350.054,1807,2641,2.510,1.560,0.840,1,0,3.000,0,0,10,32,6,21,0
06-12 21:07:55,23.735,2.249,72.454,0.250,0,1454952,636480,193040,5597184,5152.713,1618.967,0,555.645,0,36.976,1321,1707,2.390,1.550,0.840,1,0,1.999,0,0,10,32,6,21,0
06-12 21:07:56,22.763,3.502,73.793,0,0,1411552,679852,193040,5597208,4819.829,1694.995,0,8.005,0,2.001,984,1186,2.390,1.550,0.840,1,0,3.002,0,0,10,32,6,20,0
06-12 21:07:57,22.998,2.500,73.745,0,0,1347064,744344,193040,5597220,5271.647,1511.899,0,0,0,0,890,1087,2.390,1.550,0.840,1,0,3.000,0,0,10,32,6,20,0
06-12 21:07:58,22.497,2.250,73.740,0,0,1427408,664000,193040,5597220,4996.345,1693.778,0,0,0,0,971,1245,2.390,1.550,0.840,3,0,3.999,0,0,10,32,6,20,0
06-12 21:07:59,24.303,4.510,71.655,0.501,0,1372276,718984,193044,5597264,4941.684,1643.553,0,89994.568,0,219.475,1541,1629,2.390,1.550,0.840,1,0,1.002,0,0,10,32,6,20,0
06-12 21:08:00,22.995,2.999,73.983,0,0,1443332,647920,193044,5597268,6565.523,1619.636,0,0,0,0,937,1257,2.280,1.540,0.840,1,0,4.999,0,0,10,32,6,20,0
06-12 21:08:01,23.706,1.747,72.864,0,0,1370832,720288,193052,5597364,7887.314,1690.852,0,1485.234,0,12.976,1128,1632,2.280,1.540,0.840,2,0,1.996,0,0,10,32,6,20,0
06-12 21:08:02,23.556,2.757,73.675,0.251,0,1384572,706548,193052,5597396,6783.117,1623.858,0,364.867,0,24.057,1056,1334,2.280,1.540,0.840,2,0,5.012,0,0,10,32,6,20,0
06-12 21:08:03,22.452,3.243,74.090,0,0,1454124,636996,193052,5597396,5631.875,1616.520,0,0,0,0,908,1126,2.280,1.540,0.840,2,0,1.996,0,0,10,32,6,20,0
06-12 21:08:04,22.469,4.494,71.651,0,0,1402368,688572,193052,5597436,8571.189,1509.919,0,25201.273,0,51.928,1131,1386,2.280,1.540,0.840,2,0,3.994,0,0,10,32,6,20,0
06-12 21:08:05,22.525,3.003,74.334,0,0,1402508,688412,193052,5597456,5091.754,1695.916,0,0,0,0,896,1132,2.180,1.530,0.840,2,0,3.003,0,0,10,32,6,20,0
06-12 21:08:06,22.995,2.749,73.484,0,0,1453644,637256,193052,5597472,5665.759,1693.629,0,127.972,0,2.999,954,1134,2.180,1.530,0.840,2,0,2.000,0,0,10,32,6,18,0
06-12 21:08:07,11.507,17.011,70.544,0,0,1355024,735740,193052,5597600,6835.299,1641.032,0,1817.143,0,7.004,2214,3057,2.180,1.530,0.840,2,0,242.152,0,0,10,32,6,18,0
06-12 21:08:08,8.505,21.763,69.040,0,0,1357360,733376,193052,5597620,5574.233,1620.940,0,620.360,0,8.005,2511,3487,2.180,1.530,0.840,1,0,313.182,0,0,10,32,6,18,0
06-12 21:08:09,9.501,19.752,70.507,0,0,1358568,731992,193052,5597784,7040.655,1694.158,0,10468.974,0,48.004,2423,3324,2.180,1.530,0.840,1,0,255.024,0,0,10,32,6,18,0
06-12 21:08:10,8.491,21.226,69.173,0,0,1359364,731176,193052,5597800,4546.962,1510.327,0,175.805,0,1.998,2338,3250,2,1.510,0.830,1,0,273.697,0,0,10,32,6,18,0
06-12 21:08:11,9.252,19.005,69.269,0.250,0.250,1357556,732964,193052,5597820,5202.399,1662.447,0,288.077,0,9.002,2570,3675,2,1.510,0.830,1,0,275.074,0,0,10,32,6,18,0
06-12 21:08:12,22.493,3.999,73.728,0.250,0,1429344,661172,193064,5597808,5956.255,1619.525,0,319.906,0,22.993,1055,1459,2,1.510,0.830,1,0,18.994,0,0,10,32,6,18,0
06-12 21:08:13,23.505,2.000,74.266,0,0,1360764,729736,193064,5597824,5492.186,1768.382,0,16.003,0,1.000,897,1129,2,1.510,0.830,1,0,3.001,0,0,10,32,6,18,0
06-12 21:08:14,23.254,2.750,73.513,0,0,1437640,652876,193064,5597804,8038.391,1566.271,0,4.001,0,1.000,994,1216,2,1.510,0.830,2,0,4.001,0,0,10,32,6,15,0
06-12 21:08:15,24.008,2.001,74.025,0,0,1371068,719428,193064,5597824,6759.285,1662.562,0,20.007,0,1.000,833,1041,1.920,1.500,0.840,2,0,1.000,0,0,10,32,6,15,0
06-12 21:08:16,22.491,3.249,73.721,0,0,1448696,641816,193064,5597808,4730.146,1619.365,0,0,0,0,891,1207,1.920,1.500,0.840,1,0,3.998,0,0,10,32,6,15,0
06-12 21:08:17,23.001,3.000,73.754,0,0,1386956,703552,193064,5597812,4601.281,1512.092,0,16.001,0,1.000,917,1135,1.920,1.500,0.840,1,0,3.000,0,0,10,32,6,15,0
06-12 21:08:18,22.251,3.000,73.502,0,0.250,1455496,635008,193068,5597812,5250.152,1620.047,0,40.001,0,2.000,937,1137,1.920,1.500,0.840,1,0,2.000,0,0,10,32,6,15,0
06-12 21:08:19,23.272,4.254,72.569,0,0,1411084,679416,193068,5597804,4555.337,1621.544,0,5525.260,0,121.115,1189,1224,1.920,1.500,0.840,1,0,9.009,0,0,10,32,6,15,0
06-12 21:08:20,23.470,1.997,73.907,0,0,1457432,633048,193068,5597824,10762.429,1617.960,0,23.970,0,1.997,870,1044,1.850,1.490,0.840,1,0,1.997,0,0,10,32,6,15,0
06-12 21:08:21,21.753,4.501,73.010,0.250,0,1425428,665052,193072,5597820,4723.671,1620.230,0,952.135,0,138.020,1383,1604,1.850,1.490,0.840,1,0,4.001,0,0,10,32,6,15,0
06-12 21:08:22,22.999,2.750,73.495,0,0,1362664,727796,193076,5597836,4461.710,1639.893,0,387.975,0,28.998,975,1183,1.850,1.490,0.840,1,0,3.000,0,0,10,32,6,15,0
06-12 21:08:23,23.497,2.500,73.741,0,0,1442808,647692,193076,5597812,3993.505,1693.790,0,0,0,0,939,1157,1.850,1.490,0.840,1,0,4.000,0,0,10,32,6,13,0
06-12 21:08:24,23.729,2.248,73.935,0,0,1383904,706656,193076,5597752,7958.029,1510.677,0,23.979,0,0.999,841,1003,1.850,1.490,0.840,1,0,0.999,0,0,10,32,6,13,0
06-12 21:08:25,23.019,2.752,73.811,0,0,1457228,633328,193076,5597752,5183.255,1621.331,0,0,0,0,894,1120,1.780,1.480,0.840,1,0,4.003,0,0,10,32,6,8,0
06-12 21:08:26,23.003,2.750,73.509,0,0,1388308,702172,193076,5597828,6823.867,1620.206,0,96.012,0,3.000,899,1067,1.780,1.480,0.840,1,0,1.000,0,0,10,32,6,8,0
06-12 21:08:27,22.748,2.500,73.744,0,0,1401300,689188,193076,5597820,5159.608,1619.877,0,79.994,0,3.000,990,1219,1.780,1.480,0.840,1,0,5.000,0,0,10,32,6,7,0
06-12 21:08:28,23.256,3.001,73.768,0,0,1461024,629464,193076,5597820,4969.183,1620.386,0,20.005,0,1.000,896,1107,1.780,1.480,0.840,2,0,2.000,0,0,10,32,6,7,0
06-12 21:08:29,23.496,1.750,73.737,0,0,1415888,674600,193076,5597820,4361.259,1713.709,0,39.993,0,2.999,947,1157,1.780,1.480,0.840,1,0,2.999,0,0,10,32,6,6,0
06-12 21:08:30,23.500,2.250,73.751,0,0,1426588,663880,193076,5597840,4440.058,1512.020,0,0,0,0,968,1151,1.720,1.470,0.840,1,0,3.000,0,0,10,32,6,6,0
06-12 21:08:31,21.514,5.003,72.797,0.250,0,1353088,737360,193076,5597860,5173.321,1621.041,0,152.098,0,15.010,1474,2064,1.720,1.470,0.840,2,0,71.046,0,0,10,32,6,4,0
06-12 21:08:32,15.241,13.242,70.710,0.250,0,1391476,698932,193080,5597896,4571.408,1619.082,0,475.730,0,31.982,2477,3731,1.720,1.470,0.840,1,0,323.816,0,0,10,32,6,4,0
06-12 21:08:33,23.249,2.750,73.497,0,0,1448500,641632,193080,5598164,5648.791,1661.939,0,0,0,0,934,1152,1.720,1.470,0.840,1,0,2.000,0,0,10,32,6,4,0
06-12 21:08:34,21.052,4.762,73.683,0,0,1432024,658104,193080,5598168,8236.443,1624.031,0,0,0,0,990,1214,1.720,1.470,0.840,2,0,11.027,0,0,10,32,6,4,0
06-12 21:08:35,16.239,12.242,70.701,0,0,1358356,731684,193080,5598256,5287.336,1618.878,0,91.936,0,3.997,2423,3776,1.740,1.480,0.850,1,0,354.754,0,0,10,32,6,4,0
06-12 21:08:36,9.006,21.265,68.797,0,0,1360240,729752,193080,5598296,6563.503,1621.112,0,300.206,0,8.005,3911,6529,1.740,1.480,0.850,1,0,685.470,0,0,10,32,6,4,0
06-12 21:08:37,9.988,19.477,68.669,0,0,1357592,732340,193084,5598340,6621.147,1456.273,0,1502.218,0,20.975,3774,6126,1.740,1.480,0.850,1,0,657.221,0,0,10,32,6,4,0
06-12 21:08:38,10.761,19.520,69.570,0,0,1362084,727816,193084,5598368,6254.286,1695.704,0,1625.634,0,20.020,3829,6266,1.740,1.480,0.850,3,0,678.682,0,0,10,32,6,4,0
06-12 21:08:39,7.740,20.724,70.163,0,0.250,1359788,730072,193084,5598408,5496.152,1617.984,0,383.522,0,7.990,3233,5192,1.740,1.480,0.850,1,0,498.379,0,0,10,32,5,4,0
06-12 21:08:40,8.755,20.762,70.041,0,0,1359036,730796,193084,5598436,4782.822,1620.956,0,332.196,0,10.006,2915,4356,1.600,1.460,0.840,1,0,409.241,0,0,10,32,5,4,0
06-12 21:08:41,28.523,28.023,42.034,0,0,1433068,656712,193092,5598480,5069.126,1621.320,0,384.313,0,25.020,3783,6599,1.600,1.460,0.840,4,0,689.561,0,0,10,32,5,6,0
06-12 21:08:42,70.745,25.998,2.250,0.250,0,1579796,497304,194224,5606152,5144.645,1619.888,3771.740,1427.901,18.999,59.996,8522,5703,1.600,1.460,0.840,4,0,520.964,0,0,10,32,5,10,0
06-12 21:08:43,62.782,14.507,19.760,3.502,0,1682384,381672,194964,5617304,5021.536,1458.737,400.202,31059.685,4.002,2501.263,13714,22407,1.600,1.460,0.840,2,1,114.058,0,0,10,38,5,11,0
06-12 21:08:44,54.470,13.992,20.739,9.245,0,1641024,411232,195476,5628224,8168.507,1713.058,0,98102.044,0,7227.025,26035,46069,1.600,1.460,0.840,5,1,182.899,0,0,10,36,5,11,0
06-12 21:08:45,63.506,12.251,15.501,9.001,0,1656232,385556,195904,5637868,4821.458,1620.154,0,76283.247,0,5825.553,20506,41185,1.870,1.510,0.860,8,0,99.009,0,0,10,36,5,12,0
06-12 21:08:46,44.995,14.249,26.997,11.499,0,1556928,475984,196284,5646088,6715.295,1619.830,0,53750.356,0,4578.519,17871,33694,1.870,1.510,0.860,3,1,170.982,0,0,10,34,5,12,0
06-12 21:08:47,37.502,11.501,40.252,10.001,0,1563280,461956,196792,5652948,4865.287,1694.100,0,57083.368,0,4499.265,20931,38106,1.870,1.510,0.860,3,0,149.009,0,0,10,35,5,13,0
06-12 21:08:48,36.757,10.002,44.508,7.251,0,1539508,480980,197224,5657076,5438.028,1694.320,0,51157.669,0,4525.855,20205,35464,1.870,1.510,0.860,4,0,50.009,0,0,10,34,5,15,0
06-12 21:08:49,38.716,7.244,47.208,6.244,0,1563680,456284,197392,5657400,9161.883,1618.566,0,46490.809,0,4044.417,17636,33161,1.870,1.510,0.860,4,0,26.976,0,0,10,35,5,17,0
06-12 21:08:50,36.261,11.254,42.763,8.753,0,1524364,493948,197544,5658824,12872.055,1694.534,0,47490.960,0,4364.375,17483,36443,1.880,1.520,0.870,9,0,95.030,0,0,10,34,5,18,0
06-12 21:08:51,43.766,8.003,41.265,6.752,0,1563996,452116,197688,5660832,8498.136,1458.538,0,37889.981,0,3591.325,16147,28267,1.880,1.520,0.870,6,0,42.016,0,0,10,34,5,19,0
06-12 21:08:52,36.159,7.980,43.889,8.728,0,1563192,449596,197824,5663932,6410.781,1615.912,0,52567.005,0,4600.361,22476,40407,1.880,1.520,0.870,3,0,38.902,0,0,10,34,5,24,0
06-12 21:08:53,37.586,12.779,39.340,10.524,0,1585248,422820,198076,5670288,5942.591,1623.713,0,52199.380,0,4644.622,17343,37254,1.880,1.520,0.870,3,1,112.257,0,0,10,36,5,24,0
06-12 21:08:54,39.250,10.000,39.500,10.000,0,1566004,437452,198360,5672460,13031.130,1694.017,0,51304.513,0,4405.044,22574,42127,1.880,1.520,0.870,7,0,101.001,0,0,10,36,5,28,0
06-12 21:08:55,36.492,10.748,43.240,8.998,0,1559524,446392,198464,5669832,5983.678,1845.592,0,44654.131,0,4147.083,17812,32175,1.890,1.530,0.880,1,1,71.984,0,0,10,36,6,27,0
06-12 21:08:56,40.915,8.233,43.409,6.985,0,1530060,476548,198480,5669132,5558.405,1690.474,0,47109.729,0,3746.185,15634,27812,1.890,1.530,0.880,2,0,51.892,0,0,10,34,6,32,0
06-12 21:08:57,28.504,12.752,57.007,1.000,0,1446632,559928,198484,5669172,5061.643,1620.206,0,9997.270,0,558.071,4139,6206,1.890,1.530,0.880,2,0,214.027,0,0,10,32,6,32,0
06-12 21:08:58,20.299,6.015,72.926,0.251,0,1435420,571132,198488,5669176,6699.205,1535.715,0,1876.539,0,103.250,1577,2073,1.890,1.530,0.880,2,0,62.150,0,0,10,32,6,32,0
06-12 21:08:59,23.191,3.740,71.318,0.249,0,1391876,614648,198488,5669204,5353.333,1615.875,0,809.932,0,46.880,2708,4644,1.890,1.530,0.880,2,0,42.891,0,0,10,32,6,34,0
06-12 21:09:00,23.502,3.250,73.758,0,0,1444288,562232,198488,5669208,5519.569,1704.176,0,416.043,0,21.002,1472,2156,1.820,1.520,0.880,2,0,2.000,0,0,10,33,6,34,0
06-12 21:09:01,13.022,15.776,69.867,0.501,0,1387188,619276,198492,5669260,7092.909,1664.795,0,536.901,0,35.059,2790,4317,1.820,1.520,0.880,1,0,192.323,0,0,10,32,6,34,0
06-12 21:09:02,8.235,21.212,68.379,0,0,1390164,616208,198496,5669348,7595.563,1764.878,0,455.195,0,24.956,2381,2997,1.820,1.520,0.880,1,0,271.520,0,0,10,32,6,34,0
06-12 21:09:03,17.291,24.809,56.134,0.251,0,1408772,597520,198520,5669404,5315.705,1623.881,0,2846.804,0,163.391,3518,5317,1.820,1.520,0.880,3,0,413.989,0,0,10,32,6,40,0
06-12 21:09:04,65.737,9.748,23.995,0,0,1618392,387016,198520,5670224,9426.115,1585.683,0,319.936,0,14.997,1586,1513,1.820,1.520,0.880,3,0,8.998,0,0,10,32,6,40,0
06-12 21:09:05,65.999,8.750,24.250,0.750,0,1782464,219304,198640,5673312,5779.890,1565.970,0,5779.890,0,239.995,2351,2668,1.920,1.550,0.890,3,0,0,0,0,10,32,6,40,0
06-12 21:09:06,44.757,8.751,35.756,10.252,0,1784520,202980,198832,5686896,5371.865,1620.261,0,69363.167,0,5560.895,25137,41006,1.920,1.550,0.890,2,1,240.039,0,0,10,38,6,40,0
06-12 21:09:07,37.467,9.741,37.467,12.989,0,1788020,187368,199092,5698288,5566.124,1618.582,0,106015.131,0,8344.690,34256,58389,1.920,1.550,0.890,5,0,197.827,0,0,10,38,6,40,0
06-12 21:09:08,43.766,14.255,33.762,9.753,0,1680376,284056,199208,5708804,5874.097,1620.579,0,82089.306,0,6692.389,27902,44416,1.920,1.550,0.890,2,1,264.094,0,0,10,36,6,40,0
06-12 21:09:09,48.018,10.754,32.262,10.254,0,1748944,202952,199288,5720860,5197.001,1620.624,0,75993.257,0,5749.213,23130,38670,1.920,1.550,0.890,2,0,75.029,0,0,10,36,6,40,0
06-12 21:09:10,48.756,9.501,27.753,13.502,0,1783192,155576,199352,5733360,7569.954,1694.213,0,105333.272,0,7368.928,26075,48244,2.080,1.590,0.910,4,0,21.003,0,0,10,38,6,40,0
06-12 21:09:11,37.473,11.991,46.967,4.497,0,1391976,544208,199396,5735812,5159.342,1618.852,0,35962.503,0,2749.051,12193,20273,2.080,1.590,0.910,1,0,222.842,0,0,10,32,6,40,0
06-12 21:09:12,17.760,10.256,72.039,0.250,0,1437208,498928,199396,5735836,6247.411,1586.866,0,760.415,0,50.027,1801,2489,2.080,1.590,0.910,1,0,138.075,0,0,10,32,6,40,0
06-12 21:09:13,22.001,3.000,73.253,0.250,0,1509280,426856,199396,5735836,4255.196,1566.072,0,4828.222,0,290.013,1667,2294,2.080,1.590,0.910,1,0,0,0,0,10,32,6,40,0
06-12 21:09:14,23.499,2.500,73.246,0.250,0,1397436,538692,199396,5735844,7525.579,1661.907,0,2263.873,0,22.999,1438,2041,2.080,1.590,0.910,1,0,26.998,0,0,10,32,6,40,0
06-12 21:09:15,23.460,1.997,73.874,0,0,1471020,465108,199396,5735844,4949.541,1617.236,0,0,0,0,927,1171,2,1.580,0.910,1,0,2.995,0,0,10,32,6,40,0
06-12 21:09:16,22.748,3.000,73.743,0.250,0,1515672,420420,199400,5735844,6986.301,1619.838,0,4227.577,0,54.995,1302,1774,2,1.580,0.910,1,0,0,0,0,10,34,6,40,0
06-12 21:09:17,13.781,28.313,56.126,0,0,1404028,532028,199404,5735876,4616.345,1623.639,0,216.485,0,18.040,3824,6154,2,1.580,0.910,4,0,742.664,0,0,10,32,6,40,0
06-12 21:09:18,14.499,40.247,44.747,0,0,1404620,531356,199404,5735952,5546.567,1619.874,0,611.952,0,34.997,5247,9130,2,1.580,0.910,2,0,1170.909,0,0,10,32,6,40,0
06-12 21:09:19,6.484,8.977,83.041,0,0,1403908,532016,199404,5735976,4891.702,1582.023,0,123.689,0,7.980,1663,2628,2,1.580,0.910,1,0,194.511,0,0,10,32,6,40,0
06-12 21:09:20,5.754,8.757,85.064,0,0,1393948,541396,199436,5736508,9690.336,1567.186,516.391,4.003,7.005,1.001,1735,2348,2,1.590,0.910,1,0,116.088,0,0,11,12,6,40,20
06-12 21:09:21,8.502,21.504,69.264,0,0,1392220,542952,199436,5736668,4764.929,1620.316,0,16.003,0,4.001,2392,3459,2,1.590,0.910,1,0,267.052,0,0,11,12,6,40,20
06-12 21:09:22,12.988,17.983,66.686,0,0,1395720,539364,199436,5736696,4388.782,1618.445,0,19.981,0,4.995,3026,5523,2,1.590,0.910,1,0,220.788,0,0,11,12,6,40,20
06-12 21:09:23,24.025,19.520,55.807,0,0,1438744,495640,199452,5737276,6482.632,1621.659,0,0,0,0,4295,7852,2,1.590,0.910,1,0,290.297,0,0,13,12,6,40,20
06-12 21:09:24,10.502,19.754,68.513,0,0,1442140,492200,199452,5737300,9815.894,1620.313,0,324.063,0,12.002,2593,3868,2,1.590,0.910,1,0,297.057,0,0,13,12,6,40,20
06-12 21:09:25,18.748,18.248,61.244,0,0,1457684,476480,199452,5737444,4908.548,1619.851,0,443.959,0,16.998,4906,10700,2.160,1.630,0.930,2,0,174.984,0,0,13,12,6,40,20
06-12 21:09:26,15.983,21.977,61.187,0.250,0,1490612,443260,199456,5737712,6524.247,1510.437,0,1330.623,0,118.877,3141,4812,2.160,1.630,0.930,1,0,316.672,0,0,15,12,6,40,20
06-12 21:09:27,12.275,20.291,65.634,0,0,1497904,435956,199456,5738076,4271.731,1643.359,0,136.279,0,11.023,3263,5125,2.160,1.630,0.930,1,0,239.490,0,0,15,12,6,40,20
06-12 21:09:28,30.762,16.257,53.271,0,0,1575336,358360,199464,5737784,6464.586,1736.695,0,636.255,0,7.003,3244,5783,2.160,1.630,0.930,8,0,128.051,0,0,17,12,6,40,20
06-12 21:09:29,85.991,13.998,0,0,0,1881304,124352,197692,5668060,5329.414,1693.814,67.993,5295.418,1.000,289.968,2472,3052,2.160,1.630,0.930,14,0,41.995,0,0,17,12,6,40,20
06-12 21:09:30,40.968,16.487,41.968,0.250,0,1916064,171028,197116,5587992,6265.176,1618.754,2214.295,15.988,35.972,3.997,2554,3981,2.140,1.630,0.930,1,0,163.874,0,0,17,12,6,40,20
06-12 21:09:31,9.733,18.468,68.881,0.749,0,1922236,163668,197116,5589164,4585.082,1691.080,1018.241,11.979,60.895,2.995,2589,3789,2.140,1.630,0.930,1,0,236.591,0,0,17,12,6,40,20
06-12 21:09:32,13.746,18.244,66.729,0,0,1922412,162212,197116,5590452,4711.497,1619.483,1267.596,19.994,27.991,4.998,3402,5395,2.140,1.630,0.930,4,0,202.935,0,0,17,12,6,40,20
06-12 21:09:33,26.064,12.531,60.147,0.501,0,1955180,126812,197120,5593092,4990.191,1515.703,2570.279,489.195,71.174,2.005,4280,6686,2.140,1.630,0.930,1,0,178.436,0,0,17,12,6,40,20
06-12 21:09:34,10.975,7.234,80.319,0.748,0,1964940,123288,197108,5586864,8332.211,1690.189,99.775,3021.187,5.987,279.370,1863,2414,2.140,1.630,0.930,1,0,66.849,0,0,18,12,6,41,20
06-12 21:09:35,21.503,6.251,71.260,0,0,2018004,132876,197108,5525080,5540.748,1714.231,404.055,0,9.001,0,1498,2170,2.050,1.620,0.940,1,0,27.004,0,0,18,12,6,41,20
06-12 21:09:36,23.015,5.253,70.045,0,0,1977120,173192,197108,5525624,7221.629,1621.039,364.233,684.439,7.004,58.037,3042,5981,2.050,1.620,0.940,1,0,27.017,0,0,18,18,6,46,0
06-12 21:09:37,10.501,20.252,68.008,0.500,0,1986588,163468,197108,5525880,4724.567,1694.203,328.039,268.032,7.001,14.002,2875,4172,2.050,1.620,0.940,2,0,303.036,0,0,18,18,6,46,0
06-12 21:09:38,8.993,18.236,70.696,0,0,1998092,151812,197108,5526032,4745.356,1618.757,0,0,0,0,2726,4016,2.050,1.620,0.940,3,0,248.809,0,0,18,18,6,46,0
06-12 21:09:39,10.266,21.032,66.852,0.250,0,1995124,154108,197112,5526664,4484.853,1514.314,472.722,232.355,20.031,17.026,2792,4158,2.050,1.620,0.940,2,0,259.396,0,0,18,18,6,47,0
06-12 21:09:40,11.011,19.519,67.567,0,0,1990652,157148,197112,5528440,4901.828,1621.597,1493.471,128.126,19.019,12.012,3822,6771,1.970,1.610,0.940,10,0,250.246,0,0,18,18,6,47,0
06-12 21:09:41,33.245,16.248,49.743,0.250,0,2032908,121524,197024,5521996,5087.273,1693.758,2119.697,11.998,44.994,2.000,4173,6608,1.970,1.610,0.940,2,0,176.975,0,0,18,19,6,47,0
06-12 21:09:42,46.752,5.750,46.252,0.500,0,2139848,124108,195904,5415792,6608.218,1566.052,596.020,9676.319,107.004,661.022,3105,3605,1.970,1.610,0.940,2,0,4.000,0,0,18,19,6,41,0
06-12 21:09:43,48.757,6.751,44.007,0.500,0,2203272,123720,194852,5355212,6970.052,1694.256,2296.347,5660.855,39.006,251.038,3594,10490,1.970,1.610,0.940,3,0,8.001,0,0,18,35,6,41,0
06-12 21:09:44,27.975,13.738,57.198,0.500,0,2245800,134064,194724,5303220,8398.433,1712.457,587.471,483.564,6.994,30.972,2294,3180,1.970,1.610,0.940,1,0,123.888,0,0,18,34,6,39,0
06-12 21:09:45,16.229,11.235,70.159,0.250,0,2263312,130548,194492,5289708,6982.957,1617.905,1294.324,2081.305,45.941,137.822,2467,3408,1.890,1.600,0.940,2,0,132.828,0,0,18,34,6,39,0
06-12 21:09:46,4.003,2.001,92.813,0.250,0,2296700,134112,194172,5253892,20145.760,2381.627,4.003,584.399,1.001,92.063,1401,2290,1.890,1.600,0.940,0,0,1.001,0,0,18,35,6,39,0
06-12 21:09:47,2.248,1.498,96.400,0,0,2296612,134112,194172,5253980,105202.221,4447.401,0,431.554,0,19.979,1120,1837,1.890,1.600,0.940,0,0,0,0,0,18,35,6,38,0
06-12 21:09:48,2.750,0.500,96.756,0,0,2296560,134112,194172,5254032,49313.008,2478.151,0,56.003,0,4.000,1026,1767,1.890,1.600,0.940,0,0,0,0,0,18,35,6,38,0
06-12 21:09:49,13.256,10.005,73.285,2.501,0,2316968,131996,193664,5236696,23654.259,2149.023,5106.431,4766.269,186.089,358.170,3198,4454,1.890,1.600,0.940,1,0,59.028,0,0,18,34,6,34,0
06-12 21:09:50,14.279,11.273,69.892,2.756,0,2350204,162212,193132,5176488,10358.998,1643.331,2661.395,4809.749,486.987,147.299,3249,3775,1.820,1.590,0.940,1,0,32.065,0,0,18,34,6,34,0
06-12 21:09:51,17.739,9.744,71.455,0,0,2355592,155768,193132,5176552,6969.602,1702.925,63.960,0,3.997,0,2015,2704,1.820,1.590,0.940,1,0,45.971,0,0,18,34,6,31,0
06-12 21:09:52,13.755,12.755,72.279,0,0,2361320,149460,193132,5177116,8444.352,1620.643,484.192,0,11.004,0,1969,2607,1.820,1.590,0.940,1,0,67.027,0,0,18,34,6,31,0
06-12 21:09:53,22.975,2.997,72.671,0.250,0,2366400,144300,193148,5177068,5900.621,1584.287,35.961,0,6.992,0,1361,1930,1.820,1.590,0.940,1,0,9.989,0,0,18,34,6,25,0
06-12 21:09:54,25.763,8.004,66.032,0,0,2363956,146536,193148,5177068,12751.235,1620.793,0,0,0,0,2221,7914,1.820,1.590,0.940,1,0,59.029,0,0,18,34,6,26,0
06-12 21:09:55,17.010,8.505,72.291,0.500,0,2313804,247736,193452,5126916,5390.072,1620.924,724.413,112.064,66.038,4.002,1965,2945,1.750,1.580,0.940,1,0,91.052,0,0,18,34,6,22,0
06-12 21:09:56,17.219,14.973,66.132,0.499,0,2307832,249976,193504,5130888,7087.342,1617.112,3437.860,15.971,107.807,1.996,5400,9300,1.750,1.580,0.940,1,0,273.512,0,0,18,34,6,22,0
06-12 21:09:57,5.498,2.499,90.712,0,0,2305068,251256,193508,5132000,5418.713,1619.317,1479.376,3.998,38.984,1.000,2182,4809,1.750,1.580,0.940,1,0,26.989,0,0,18,34,6,17,0
06-12 21:09:58,3.001,0.500,96.519,0,0,2305032,251256,193508,5132036,5523.071,1566.304,32.006,0,1.000,0,982,1745,1.750,1.580,0.940,0,0,3.001,0,0,18,34,6,17,0
06-12 21:09:59,3.251,0.250,96.525,0,0,2305032,251256,193508,5132036,5332.370,1694.435,0,0,0,0,1055,1807,1.750,1.580,0.940,0,0,3.001,0,0,18,34,6,17,0
06-12 21:10:00,5.747,2.999,89.958,0,0,2310064,246220,193508,5132040,5192.559,1585.255,0,243.885,0,6.997,1184,1974,1.610,1.550,0.930,0,0,3.998,0,0,18,34,6,17,0
06-12 21:10:01,10.503,8.752,80.273,0,0,2254884,301480,193508,5132208,5600.579,1620.457,4.001,8.002,1.000,2.001,2617,6155,1.610,1.550,0.930,3,0,168.047,0,0,18,34,6,15,0
06-12 21:10:02,13.527,16.784,68.138,0,0,2301484,254572,193508,5132316,5624.356,1623.277,56.113,4.008,5.010,1.002,4952,10842,1.610,1.550,0.930,2,0,300.607,0,0,19,34,6,15,0
06-12 21:10:03,17.955,15.212,64.339,0.249,0,2307852,246600,193516,5133896,5849.382,1853.368,1396.510,0,43.890,0,4810,9493,1.610,1.550,0.930,3,0,246.384,0,0,19,34,6,15,0
06-12 21:10:04,4.750,7.250,85.754,0,0,2305180,249188,193516,5134008,8300.423,1620.083,0,232.012,0,12.001,2728,5319,1.610,1.550,0.930,1,0,149.008,0,0,19,34,6,15,0
06-12 21:10:05,16.256,14.005,68.525,0,0,2313316,241008,193516,5134416,5693.044,1566.562,0,0,0,0,4287,9115,2.040,1.640,0.960,1,0,212.076,0,0,21,36,6,9,0
06-12 21:10:06,10.272,17.037,71.404,0,0.251,2310872,243428,193516,5134060,6147.284,1589.435,0,36.078,0,8.017,3378,5579,2.040,1.640,0.960,2,0,347.751,0,0,21,36,6,10,0
06-12 21:10:07,13.968,18.208,67.595,0,0,2307084,247184,193516,5134480,5273.944,1616.305,0,51.881,0,12.970,3953,6301,2.040,1.640,0.960,2,0,322.263,0,0,21,36,6,10,0
06-12 21:10:08,29.497,18.748,51.495,0,0,2354024,199400,193532,5135288,6337.392,1619.844,779.925,63.994,15.998,5.999,6578,10541,2.040,1.640,0.960,2,0,416.960,0,0,21,36,6,10,0
06-12 21:10:09,32.770,8.755,57.285,0.750,0,2416244,136284,193580,5135740,6463.956,1620.992,292.179,236.145,5.003,7.004,3306,4981,2.040,1.640,0.960,1,0,61.037,0,0,21,36,5,11,0
06-12 21:10:10,24.792,8.765,65.862,0.501,0,2489260,137480,192960,5064520,8560.553,1622.759,284.484,6386.858,17.029,509.867,2624,3897,1.960,1.630,0.970,1,0,11.019,0,0,21,44,5,15,0
06-12 21:10:11,23.743,3.999,71.480,0,0,2505936,126648,192964,5058672,5731.412,1619.551,0,0,0,0,1532,2211,1.960,1.630,0.970,1,0,8.998,0,0,21,44,5,15,0
06-12 21:10:12,4.491,1.746,93.060,0,0,2511032,134996,192964,5045684,7594.530,1616.707,3.992,0,0.998,0,2056,4011,1.960,1.630,0.970,0,0,1.996,0,0,21,44,5,15,0
06-12 21:10:13,4.749,3.999,89.479,0.250,0,2464060,181536,192964,5046108,5772.667,1547.642,307.929,0,19.995,0,1711,2734,1.960,1.630,0.970,1,0,55.987,0,0,20,42,5,15,0
06-12 21:10:14,18.246,16.996,61.987,0.500,0,2475020,177960,192580,5039328,8853.132,1661.649,1187.749,16520.514,51.989,416.912,5458,9777,1.960,1.630,0.970,0,0,245.948,0,0,20,42,5,15,0
06-12 21:10:15,16.786,16.786,65.142,0,0,2531688,121280,192580,5039352,5652.288,1623.530,4.009,212.462,1.002,10.022,5290,8524,1.960,1.640,0.970,2,0,204.444,0,0,21,42,5,15,0
06-12 21:10:16,19.219,17.222,60.653,0,0,2527296,126512,192584,5038460,7129.593,1617.412,19.968,38346.645,2.995,236.621,6000,12133,1.960,1.640,0.970,2,0,327.476,0,0,21,36,5,15,0
06-12 21:10:17,17.495,14.496,66.983,0,0,2528912,128272,192328,5035468,4547.818,1693.560,0,923.760,0,160.958,4189,7015,1.960,1.640,0.970,0,0,144.962,0,0,21,44,5,15,0
06-12 21:10:18,32.821,19.542,47.353,0,0,2380972,276092,192328,5035592,5217.295,1697.675,80.174,264.573,3.007,3.007,3650,6589,1.960,1.640,0.970,2,0,542.174,0,0,21,36,5,19,0
06-12 21:10:19,39.004,21.002,39.504,0,0,2448696,207600,192332,5036700,4487.413,1458.134,264.024,36.003,10.001,9.001,5552,12981,1.960,1.640,0.970,5,0,408.038,0,0,21,44,5,23,0
06-12 21:10:20,45.164,16.469,37.429,0.250,0,2545956,124924,191824,5022640,9887.254,1690.794,31.939,3066.187,3.992,278.472,3512,6175,2.050,1.660,0.980,3,0,180.657,0,0,21,44,5,23,0
06-12 21:10:21,37.242,6.998,55.488,0,0,2640284,128508,191840,4926512,4492.025,1619.649,0,291.937,0,2.000,2396,4825,2.050,1.660,0.980,2,0,6.998,0,0,21,44,5,23,0
06-12 21:10:22,25.258,3.001,71.022,0.250,0,2660592,138168,192156,4896628,3816.198,1620.509,148.046,0,37.012,0,1533,2473,2.050,1.660,0.980,2,0,5.002,0,0,21,46,5,23,0
06-12 21:10:23,23.997,8.999,54.743,11.248,0,2663940,120280,192192,4911132,4882.341,1709.769,0,32775.575,0,2728.632,15973,26060,2.050,1.660,0.980,2,0,3.999,0,0,21,46,5,23,0
06-12 21:10:24,38.080,16.034,41.838,5.011,0,2781188,127744,190716,4790536,7854.557,1697.578,48.101,21773.899,5.011,1800.796,11403,28164,2.050,1.660,0.980,3,0,14.030,0,0,22,70,5,33,0
06-12 21:10:25,14.736,16.983,66.435,0,0,2806940,120808,190692,4772084,6079.085,1844.206,43.957,1011.016,4.995,47.953,4069,6896,1.960,1.650,0.980,1,0,267.739,0,0,22,71,6,34,0
06-12 21:10:26,11.485,19.225,67.411,0,0.250,2800508,139800,190696,4759748,5009.408,1529.987,31.958,675.112,7.989,37.950,3156,4800,1.960,1.650,0.980,1,0,293.614,0,0,22,71,6,34,0
06-12 21:10:27,13.251,19.501,66.005,0.750,0,2819048,121084,190700,4760264,4716.354,1620.122,4.000,3904.293,1.000,212.016,3988,6702,1.960,1.650,0.980,1,0,259.019,0,0,22,71,6,34,0
06-12 21:10:28,33.000,16.500,49.000,0.500,0,2869720,130044,190700,4701784,5390.962,1735.988,455.997,119.999,10.000,5.000,4129,6449,1.960,1.650,0.980,2,0,160.999,0,0,22,72,6,34,0
06-12 21:10:29,39.580,8.517,50.602,0.251,0,2972996,135764,190724,4595292,5005.075,1623.268,180.363,957.928,11.022,65.131,2440,4688,1.960,1.650,0.980,1,0,64.129,0,0,22,75,6,35,0
06-12 21:10:30,10.499,20.997,66.991,0.250,0,2977024,143656,190724,4583676,5378.285,1661.779,0,755.899,0,47.994,2960,4838,1.970,1.660,0.990,1,0,288.962,0,0,22,75,6,35,0
06-12 21:10:31,9.730,17.465,70.358,0,0,2985044,135612,190724,4583700,5222.482,1658.659,0,123.751,0,12.974,2798,4144,1.970,1.660,0.990,1,0,237.522,0,0,22,75,6,35,0
06-12 21:10:32,11.273,18.287,70.392,0,0,2994464,126176,190724,4583716,5475.010,1697.413,0,40.081,0,4.008,2700,4005,1.970,1.660,0.990,1,0,240.484,0,0,22,75,6,35,0
06-12 21:10:33,10.241,19.233,68.438,0,0,2990808,129756,190724,4583792,5001.479,1674.486,0,7.993,0,1.998,3169,4896,1.970,1.660,0.990,1,0,255.769,0,0,22,75,6,35,0
06-12 21:10:34,12.497,20.994,64.733,0.250,0,2992564,127968,190724,4583824,9737.410,1639.564,7.998,1067.716,1.000,55.985,3360,5531,1.970,1.660,0.990,3,0,264.930,0,0,22,91,6,35,0
06-12 21:10:35,16.731,20.726,61.180,0,0,3001960,121864,190724,4581012,5105.134,1618.141,0,219.748,0,16.980,5290,9284,1.890,1.650,0.990,1,0,237.727,0,0,22,91,6,35,0
06-12 21:10:36,27.768,22.765,49.282,0,0,3036364,131608,190724,4537544,7747.997,1621.046,0,76.049,0,7.005,3526,5607,1.890,1.650,0.990,4,0,343.221,0,0,22,91,6,34,0
06-12 21:10:37,33.043,21.778,43.556,0.250,0,3098220,120292,190740,4488168,4973.436,1622.099,40.052,424.549,4.005,30.039,3731,7030,1.890,1.650,0.990,8,0,400.518,0,0,22,97,6,34,0
06-12 21:10:38,32.028,21.519,44.538,0.250,0,3191772,134568,190756,4381720,5237.525,1621.401,20.017,11549.979,3.003,967.836,8422,16518,1.890,1.650,0.990,4,0,189.163,0,0,24,103,6,29,0
06-12 21:10:39,51.278,26.515,21.012,0,0,3310376,136384,190752,4262800,4991.770,1620.900,16.009,372.207,4.002,22.012,3655,6382,1.890,1.650,0.990,4,0,565.314,0,0,24,105,6,30,0
06-12 21:10:40,57.709,21.984,19.236,0,0,3390492,119296,190752,4201060,6949.031,1692.790,0,699.500,0,50.964,7334,21824,2.220,1.720,1.020,4,0,271.806,0,0,24,123,6,29,0
06-12 21:10:41,38.997,19.498,40.746,0,0,3461708,128116,190756,4122916,5051.555,1531.865,19.998,487.957,2.000,18.998,3487,5962,2.220,1.720,1.020,3,0,417.963,0,0,24,123,6,29,0
06-12 21:10:42,18.707,20.453,59.113,0.249,0,3486424,130504,190756,4096476,5222.925,1616.263,0,6632.665,0,479.890,3875,5643,2.220,1.720,1.020,1,0,348.195,0,0,25,123,6,29,0
06-12 21:10:43,12.004,20.506,66.770,0,0,3493084,123704,190756,4096960,6301.903,1620.489,0,400.121,0,29.009,3190,5031,2.220,1.720,1.020,2,0,244.074,0,0,25,123,6,29,0
06-12 21:10:44,25.045,19.284,54.096,0,0,3519556,130740,190756,4063556,8927.892,1759.131,68.121,84.150,1.002,4.007,5535,9264,2.220,1.720,1.020,5,0,224.399,0,0,25,123,6,29,0
06-12 21:10:45,31.287,23.027,44.803,0.250,0,3581556,133244,190756,4000188,5188.153,1621.924,0,1706.023,0,282.335,3636,5732,2.200,1.720,1.020,6,0,380.451,0,0,25,125,6,29,0
06-12 21:10:46,37.876,20.184,40.119,0.498,0,3662536,123644,190776,3930696,5159.145,1614.725,7.974,661.838,1.993,37.876,7257,17191,2.200,1.720,1.020,4,0,210.313,0,0,25,137,6,29,0
06-12 21:10:47,32.554,22.788,43.823,0,0,3728224,129124,190780,3860120,5249.693,1622.687,1338.216,224.372,30.050,15.025,3653,6099,2.200,1.720,1.020,6,0,448.743,0,0,25,143,6,29,0
06-12 21:10:48,30.732,25.235,41.975,0,0,3811372,126920,190780,3780016,5515.757,1511.111,183.892,5740.625,7.995,460.729,7043,12771,2.200,1.720,1.020,2,0,494.709,0,0,25,149,6,29,0
06-12 21:10:49,9.732,19.963,68.622,0,0,3813600,128736,190780,3775984,8175.720,1636.941,0,7.985,0,1.996,3064,4693,2.200,1.720,1.020,1,0,261.511,0,0,25,149,6,29,0
06-12 21:10:50,11.253,19.256,67.020,0.250,0,3820240,121940,190780,3776140,13749.083,1620.481,0,268.080,0,19.006,3269,5066,2.180,1.730,1.030,1,0,256.076,0,0,25,149,6,28,0
06-12 21:10:51,22.310,17.296,58.907,0.251,0,3818108,132684,190780,3767564,5534.767,1624.334,1010.697,4784.766,13.035,379.011,6243,12251,2.180,1.730,1.030,3,0,174.465,0,0,25,149,6,28,0
06-12 21:10:52,44.108,9.470,44.357,0.498,0,3949444,128608,190780,3641192,8541.513,1614.804,1052.613,781.485,55.820,144.535,2484,3186,2.180,1.730,1.030,2,0,60.804,0,0,25,149,6,28,0
06-12 21:10:53,46.396,7.774,45.393,0.502,0,4057180,129924,190784,3532332,5428.082,1625.114,393.238,481.515,28.088,75.237,2493,3376,2.180,1.730,1.030,2,0,7.022,0,0,25,157,6,28,0
06-12 21:10:54,34.026,15.762,48.787,0.250,0,3986904,221016,190796,3511728,11713.856,1621.226,316.239,664.502,33.025,45.034,3694,7818,2.180,1.730,1.030,2,0,270.204,0,0,25,157,6,28,0
06-12 21:10:55,38.456,22.974,37.957,0.250,0,4037052,169424,190796,3513160,5144.125,1510.275,11.986,763.129,0.999,41.952,6783,13874,2.170,1.730,1.030,4,0,452.483,0,0,25,171,6,28,0
06-12 21:10:56,48.139,22.698,27.686,0.249,0,4003844,197536,190808,3518596,5775.681,1616.273,2550.119,450.960,46.892,27.936,6350,13210,2.170,1.730,1.030,2,0,320.261,0,0,25,175,6,29,0
06-12 21:10:57,72.015,21.328,6.524,0,0,4160172,130284,190804,3431008,5441.007,1646.053,84.310,10141.290,2.007,470.731,4020,8506,2.170,1.730,1.030,5,0,181.668,0,0,25,178,6,29,0
06-12 21:10:58,76.191,15.738,5.246,2.998,0,4215680,123144,190776,3383692,5529.742,1692.697,5387.851,3609.221,353.728,181.860,5117,9369,2.170,1.730,1.030,4,0,63.951,0,0,25,192,6,29,0
06-12 21:10:59,62.000,21.250,12.750,1.000,0,4283348,124528,190804,3315908,5015.965,1693.988,1647.988,14147.901,169.999,729.995,7989,16281,2.170,1.730,1.030,3,0,216.998,0,0,25,193,6,34,0
06-12 21:11:00,49.224,29.484,20.239,0.250,0,4266700,139772,190808,3317272,6958.263,1619.131,351.811,891.521,8.995,61.967,11972,23768,2.320,1.770,1.050,6,0,456.755,0,0,25,191,6,34,0
06-12 21:11:01,47.292,19.267,31.528,0,0,4254832,164532,190792,3304404,7184.344,1695.497,152.134,14364.684,11.010,617.545,9114,17518,2.320,1.770,1.050,5,0,250.221,0,0,25,195,6,34,0
06-12 21:11:02,50.488,26.244,21.745,0,0,4349676,124396,190748,3250096,6905.377,1619.619,43.990,259.939,3.999,18.996,4066,7294,2.320,1.770,1.050,4,0,428.899,0,0,25,195,6,34,0
06-12 21:11:03,57.651,22.961,18.718,0.998,0,4378948,129056,190720,3216444,6437.972,1509.414,1042.215,1026.242,61.894,83.856,9325,17489,2.320,1.770,1.050,6,0,245.579,0,0,25,199,6,36,0
06-12 21:11:04,51.468,26.484,21.487,0.250,0,4462500,121224,190656,3141696,9885.861,1692.949,115.928,5324.693,9.994,482.700,6557,10920,2.320,1.770,1.050,4,0,437.728,0,0,25,199,6,36,0
06-12 21:11:05,53.410,21.564,25.075,0.251,0,4487308,133108,190624,3105924,7288.786,1719.139,160.480,7020.986,14.042,555.661,9023,19567,2.290,1.780,1.050,5,0,289.866,0,0,25,207,6,38,0
06-12 21:11:06,72.678,10.490,15.734,0,0,4583520,123692,190512,3021504,6295.767,1618.398,107.893,475.529,2.997,27.972,4002,8173,2.290,1.780,1.050,8,0,16.983,0,0,25,211,6,38,0
06-12 21:11:07,63.248,12.250,23.249,1.000,0,4681520,129156,190432,2920552,21435.486,7038.831,1415.966,2559.939,90.998,357.991,7760,15040,2.290,1.780,1.050,3,0,3.000,0,0,25,224,6,45,0
06-12 21:11:08,41.001,16.751,41.251,0,0,4646060,177508,190424,2908096,40217.408,12033.421,48.002,788.028,3.000,74.003,4844,9936,2.290,1.780,1.050,2,0,316.011,0,0,25,227,6,45,0
06-12 21:11:09,33.384,20.180,44.097,0.249,0,4627144,196064,190428,2908420,5355.395,1614.392,119.585,701.563,15.945,55.806,4726,9488,2.290,1.780,1.050,2,0,465.383,0,0,25,227,6,46,0
06-12 21:11:10,49.451,18.073,30.624,0,0,4704220,125212,190424,2902724,5044.496,1518.168,124.506,437.779,9.037,23.094,6265,12364,2.270,1.780,1.060,5,0,231.942,0,0,26,232,6,41,0
06-12 21:11:11,67.106,9.230,21.953,1.247,0,4789620,128024,190320,2817076,9021.613,1616.526,1640.475,594.722,131.717,35.923,3520,5239,2.270,1.780,1.060,3,0,11.974,0,0,26,230,6,41,0
06-12 21:11:12,61.102,11.269,26.544,0.250,0,4836156,151892,190260,2748548,6673.137,1696.832,833.391,1185.979,75.125,86.144,6612,11553,2.270,1.780,1.060,2,0,93.155,0,0,26,233,6,42,0
06-12 21:11:13,29.734,8.745,60.217,0.500,0,4885900,126528,190220,2724888,19908.011,4273.641,35.980,9222.909,1.999,774.572,4931,6283,2.270,1.780,1.060,1,0,129.928,0,0,26,237,6,42,0
06-12 21:11:14,12.208,2.741,82.469,0.249,0,4833640,178776,190220,2724900,10091.658,2434.715,0,486.345,0,38.868,2395,4513,2.270,1.780,1.060,0,0,36.875,0,0,26,235,6,42,0
06-12 21:11:15,10.251,2.500,86.256,0.250,0,4837440,154444,190220,2745384,21223761.111,94554.808,0,336.024,0,25.002,6227,3330,2.090,1.750,1.050,1,0,0,0,0,26,234,6,42,0
06-12 21:11:16,9.502,16.253,73.014,0.250,0,4833888,155212,190220,2748168,733936.916,4434.851,2060.396,1596.306,23.004,93.018,3372,4975,2.090,1.750,1.050,1,0,231.044,0,0,26,233,6,42,0
06-12 21:11:17,24.510,5.502,68.527,1.250,0,4882756,125040,190208,2729568,6384.547,1512.604,44.018,22460.962,3.001,255.102,2876,4391,2.090,1.750,1.050,1,0,31.012,0,0,26,240,6,42,0
06-12 21:11:18,25.997,3.500,68.992,0.250,0.250,4884372,123332,190212,2729660,4870.411,1703.794,0,707.914,0,68.992,4167,8660,2.090,1.750,1.050,3,0,4.000,0,0,26,253,6,43,0
06-12 21:11:19,26.239,3.998,67.470,0.250,0,4897692,120900,190196,2718824,4642.966,1619.291,519.772,527.769,34.985,49.978,3956,8965,2.090,1.750,1.050,2,0,7.996,0,0,26,257,6,41,0
06-12 21:11:20,31.360,5.018,62.970,0.251,0,4897028,125888,190164,2714616,9828.399,1699.950,84.295,425.489,6.021,35.123,4318,9684,2,1.740,1.050,2,0,0,0,0,26,260,6,48,0
06-12 21:11:21,15.692,15.443,66.505,0.747,0,4860360,182636,190132,2694628,6079.621,1560.257,47.824,21532.738,5.978,59.780,3390,6225,2,1.740,1.050,1,0,209.230,0,0,26,257,6,47,0
06-12 21:11:22,22.754,6.001,69.013,0.750,0,4902820,120556,190772,2712252,4311.785,1620.295,44.008,4460.812,7.001,409.074,2137,2855,2,1.740,1.050,2,0,3.001,0,0,26,259,6,47,0
06-12 21:11:23,24.550,5.261,69.391,0.501,0,4883924,140396,191520,2709092,4559.283,1589.236,0,2733.566,0,82.167,2289,3418,2,1.740,1.050,1,0,12.024,0,0,26,261,6,47,0
06-12 21:11:24,23.473,7.741,67.173,0,0,4925488,119092,191492,2688948,11127.215,1618.141,11.986,615.293,1.998,20.976,15052,29286,2,1.740,1.050,2,0,3.995,0,0,26,261,6,48,0
06-12 21:11:25,26.229,3.747,69.944,0,0,4943084,124412,191436,2666360,6360.873,1618.695,0,123.900,0,7.994,1730,2902,1.920,1.720,1.050,1,0,0,0,0,26,261,6,37,0
06-12 21:11:26,23.776,5.506,69.825,0,0,4949040,129804,191408,2655432,4710.092,1621.753,0,140.152,0,9.010,3302,5963,1.920,1.720,1.050,1,0,3.003,0,0,26,263,6,37,0
06-12 21:11:27,24.979,3.747,70.191,0,0,4950188,128600,191408,2655488,6479.596,1618.650,7.993,271.773,1.998,27.977,2988,5180,1.920,1.720,1.050,6,0,19.983,0,0,26,263,6,38,0
06-12 21:11:28,22.493,7.248,70.229,0,0,4951664,127228,191408,2655488,5259.422,1499.550,0,12692.192,0,35.989,1928,3272,1.920,1.720,1.050,2,0,0,0,0,26,263,6,38,0
06-12 21:11:29,26.503,3.500,69.258,0.250,0,4952672,126220,191408,2655488,4084.490,1694.203,0,144.017,0,20.002,1950,3138,1.920,1.720,1.050,2,0,1.000,0,0,26,265,6,38,0
06-12 21:11:30,29.515,2.001,67.533,0,0,4964736,137568,191100,2633232,7146.538,1694.839,8.004,352.174,2.001,45.022,2015,3083,1.840,1.710,1.050,4,0,20.010,0,0,26,267,6,38,0
06-12 21:11:31,29.340,1.505,69.714,0.502,0,4971124,130740,191100,2633672,4760.591,1624.981,0,200.615,0,17.052,1779,2546,1.840,1.710,1.050,2,0,2.006,0,0,26,269,6,37,0
06-12 21:11:32,18.248,19.247,60.242,0,0,4873624,227748,191132,2634148,4711.388,1619.789,463.940,279.964,48.994,9.999,3668,6126,1.840,1.710,1.050,3,0,446.942,0,0,26,269,6,37,0
06-12 21:11:33,26.465,3.745,69.407,0,0,4868796,232400,191132,2634324,6518.298,1617.840,3.995,147.803,0.999,19.973,2125,3282,1.840,1.710,1.050,1,0,9.987,0,0,26,269,6,37,0
06-12 21:11:34,10.002,18.253,69.262,0.250,0,4874296,226868,191132,2634356,9880.680,1620.275,0,208.035,0,18.003,3175,4826,1.840,1.710,1.050,3,0,248.042,0,0,26,269,6,37,0
06-12 21:11:35,10.474,20.698,67.830,0,0.249,4875724,225400,191132,2634396,4948.569,1454.347,0,139.649,0,11.970,3312,5233,1.940,1.730,1.060,2,0,276.306,0,0,26,269,6,37,0
06-12 21:11:36,4.749,8.749,84.738,0,0,4875592,225500,191132,2634428,4799.328,1693.763,23.997,59.992,2.000,3.999,2208,3627,1.940,1.730,1.060,0,0,127.982,0,0,26,269,6,37,0
06-12 21:11:37,15.054,3.513,80.537,0,0,4911344,189748,191132,2634428,4468.914,1625.789,0,0,0,0,1764,2797,1.940,1.730,1.060,2,0,11.039,0,0,26,269,6,37,0
06-12 21:11:38,26.237,3.498,70.215,0,0,4875216,225788,191132,2634516,4762.642,1619.198,63.968,155.923,3.998,12.994,2761,5527,1.940,1.730,1.060,2,0,24.988,0,0,26,273,6,38,0
06-12 21:11:39,11.986,16.981,68.173,0.250,0,4875092,225744,191136,2634680,7787.154,1618.162,27.968,523.405,3.995,46.947,3620,5641,1.940,1.730,1.060,1,0,209.762,0,0,26,275,5,39,0
06-12 21:11:40,13.021,15.775,69.863,0,0,4881004,219572,191136,2634940,7387.909,1622.616,28.045,212.342,1.002,12.019,3559,5924,1.860,1.720,1.060,1,0,258.417,0,0,26,275,5,39,0
06-12 21:11:41,20.184,8.472,70.769,0,0,4920416,180104,191136,2634996,10929.305,1614.726,3.987,115.622,0.997,7.974,2595,4067,1.860,1.720,1.060,4,0,126.587,0,0,26,275,5,38,0
06-12 21:11:42,24.246,3.000,72.238,0.250,0,4974656,126208,191132,2634656,6156.984,1457.759,3.999,215.964,1.000,13.998,1671,2662,1.860,1.720,1.060,3,0,0,0,0,26,275,5,38,0
06-12 21:11:43,26.610,2.761,69.788,0.251,0,4871864,240212,190936,2623804,6192.550,1626.712,257.061,690.850,10.041,68.282,2516,4185,1.860,1.720,1.060,2,0,7.029,0,0,26,275,5,38,0
06-12 21:11:44,24.708,3.244,70.879,0.499,0,4938096,173936,190936,2623852,8238.928,1711.077,35.939,1681.129,4.991,98.831,1969,2987,1.860,1.720,1.060,5,0,1.997,0,0,26,275,5,38,0
06-12 21:11:45,24.022,4.004,70.815,0,0,4973932,137960,190936,2623992,5169.715,1695.546,128.117,284.259,5.005,14.013,2539,5218,1.790,1.710,1.060,3,0,1.001,0,0,26,278,5,40,0
06-12 21:11:46,23.919,4.734,69.763,0,0,4911020,200744,191056,2624000,6356.433,1688.272,119.594,247.161,2.990,12.956,1902,2912,1.790,1.710,1.060,1,0,17.939,0,0,26,275,5,41,0
06-12 21:11:47,24.574,4.263,70.965,0,0,4876812,234824,191056,2624128,4578.860,1624.919,0,324.984,0,21.064,1906,2975,1.790,1.710,1.060,1,0,42.128,0,0,26,275,5,41,0
06-12 21:11:48,8.252,19.504,70.263,0.250,0,4881576,228828,191064,2625352,5434.016,1694.317,1368.256,1040.195,19.004,44.008,3734,6333,1.790,1.710,1.060,2,0,399.075,0,0,26,275,5,41,0
06-12 21:11:49,21.683,7.477,69.536,0.498,0,4899056,210680,191064,2626020,6704.344,1507.356,622.083,466.563,80.751,42.868,2643,4443,1.790,1.710,1.060,4,0,109.662,0,0,26,275,5,42,0
06-12 21:11:50,23.840,6.023,69.263,0,0,4922872,186488,191152,2626308,11726.443,1571.958,224.852,413.567,10.038,22.084,8016,15616,1.730,1.700,1.060,2,0,8.030,0,0,26,275,5,42,0
06-12 21:11:51,15.436,4.232,78.923,0.249,0,4905888,203332,191160,2626440,11426.602,3625.960,15.934,163.323,3.983,4.979,4102,7525,1.730,1.700,1.060,1,0,8.963,0,0,26,276,5,42,0
06-12 21:11:52,20.077,2.008,77.044,0.251,0,4926744,180668,191320,2628040,9143.875,3444.136,0,774.956,0,28.107,1853,3103,1.730,1.700,1.060,1,0,1.004,0,0,26,276,5,42,0
06-12 21:11:53,25.236,7.496,65.965,0.500,0,4943000,164484,191328,2628056,10911.141,1619.131,3.998,36600.346,0.999,646.653,10967,19841,1.730,1.700,1.060,2,0,11.994,0,0,26,276,5,42,0
06-12 21:11:54,21.718,12.981,63.907,0.250,0,4889156,218568,191328,2627816,12121.400,1791.399,0,603.124,0,36.946,3751,7302,1.730,1.700,1.060,3,0,297.568,0,0,26,275,5,43,0
06-12 21:11:55,28.019,4.753,66.544,0,0,4931148,176260,191328,2628132,7228.822,1847.232,4.003,340.227,1.001,13.009,2869,5161,1.670,1.690,1.060,1,0,2.001,0,0,26,278,6,44,1
06-12 21:11:56,22.954,7.734,68.112,0,0,4902464,204856,191328,2628220,5292.299,1732.497,47.903,299.395,4.990,22.954,3386,6385,1.670,1.690,1.060,1,0,113.770,0,0,26,275,6,44,0
06-12 21:11:57,26.512,2.751,69.530,0,0,4934428,172880,191328,2628232,4616.022,1458.639,0,152.067,0,9.004,2162,4023,1.670,1.690,1.060,1,0,0,0,0,26,275,6,44,0
06-12 21:11:58,22.230,6.494,69.438,0,0,4930536,176772,191328,2628232,5853.755,1692.484,0,3049.268,0,9.991,2140,3472,1.670,1.690,1.060,1,0,71.936,0,0,26,275,6,43,0
06-12 21:11:59,24.017,6.004,69.298,0.250,0,4893276,213964,191328,2628300,4794.322,1621.123,32.022,376.261,2.001,25.017,3011,5810,1.670,1.690,1.060,1,0,56.039,0,0,26,275,6,43,0
06-12 21:12:00,26.188,3.741,69.336,0,0,4935980,171124,191328,2628436,7550.099,1616.168,0,159.622,0,11.972,2237,3567,1.620,1.670,1.060,1,0,1.995,0,0,26,279,6,39,0
06-12 21:12:01,28.321,6.516,64.912,0,0,4923768,181584,191328,2630188,5293.233,1698.246,1551.880,236.591,15.038,13.033,2682,4469,1.620,1.670,1.060,3,0,39.098,0,0,26,275,6,40,0
06-12 21:12:02,26.086,4.264,68.726,0.251,0,4887996,217236,191328,2630308,7552.796,1699.580,0,296.975,0,35.115,3033,5799,1.620,1.670,1.060,3,0,8.026,0,0,26,275,6,41,0
06-12 21:12:03,26.887,5.726,67.217,0,0,4938420,167088,191328,2630032,7609.992,1613.215,0,1179.041,0,74.686,2567,3824,1.620,1.670,1.060,1,0,40.828,0,0,26,276,6,41,0
06-12 21:12:04,22.514,5.503,69.293,0,0,4904496,201000,191328,2630044,9470.929,1586.993,0,248.155,0,18.011,2697,5019,1.620,1.670,1.060,1,0,34.021,0,0,26,275,6,42,0
06-12 21:12:05,25.746,3.499,68.988,0,0,4941716,163760,191328,2630064,7148.763,1565.729,0,163.972,0,11.998,2408,4229,1.570,1.660,1.060,1,0,0,0,0,26,277,6,42,0
06-12 21:12:06,17.298,13.788,66.685,0.501,0,4884836,220572,191332,2630128,6447.899,1624.510,0,669.860,0,59.164,3913,6597,1.570,1.660,1.060,1,0,357.994,0,0,26,275,6,40,0
06-12 21:12:07,10.504,20.759,67.528,0,0,4886476,218868,191332,2630160,6513.710,1620.674,0,216.090,0,24.010,4642,8152,1.570,1.660,1.060,1,0,688.286,0,0,26,275,6,40,0
06-12 21:12:08,10.234,20.718,67.647,0,0,4884888,220428,191332,2630188,6502.052,1617.525,0,419.358,0,32.950,4450,7656,1.570,1.660,1.060,1,0,595.090,0,0,26,275,6,32,0
06-12 21:12:09,10.272,22.297,66.890,0.251,0,4889988,215280,191332,2630220,7177.043,1623.403,0,248.521,0,30.063,4644,8085,1.570,1.660,1.060,1,0,657.378,0,0,26,275,6,33,0
06-12 21:12:10,10.486,20.722,67.909,0,0,4889088,216140,191332,2630260,5737.335,1691.740,0,147.803,0,17.976,4599,7943,1.600,1.670,1.070,2,0,652.129,0,0,26,275,6,32,0
06-12 21:12:11,9.252,21.506,68.268,0,0,4887296,217892,191332,2630300,8014.156,1694.456,0,60.016,0,14.004,4604,8064,1.600,1.670,1.070,2,0,679.183,0,0,26,275,6,32,0
06-12 21:12:12,18.511,8.755,71.542,0.250,0,4920104,274048,191376,2550084,4712.748,1512.882,408.238,16.009,59.034,1.001,2443,3987,1.600,1.670,1.070,1,0,130.076,0,0,26,275,6,32,0
06-12 21:12:13,23.676,7.227,67.787,0.249,0,4925904,250200,192424,2565920,5621.327,1561.092,59.812,3221.870,14.953,28.909,12625,25056,1.600,1.670,1.070,1,0,9.969,0,0,26,275,6,32,0
06-12 21:12:14,12.745,1.749,83.968,0,0,4927668,247960,192472,2566312,16967.518,6080.677,83.968,607.768,10.996,23.991,1817,2769,1.600,1.670,1.070,0,0,0,0,0,26,276,6,31,0
06-12 21:12:15,12.744,1.749,83.712,0.500,0,4938592,236396,192496,2566832,12779.224,6455.082,479.783,639.711,24.989,24.989,1709,2859,1.470,1.640,1.060,0,0,0,0,0,26,276,6,31,0
06-12 21:12:16,7.505,0.750,90.807,0.250,0,4938432,236396,192516,2566972,10800.729,4915.062,120.075,484.302,12.007,22.014,1588,2635,1.470,1.640,1.060,0,0,0,0,0,26,276,6,31,0
06-12 21:12:17,7.997,1.250,89.969,0.500,0,4938216,236144,192544,2567408,11993.910,6527.774,295.899,531.819,21.993,18.994,1594,2770,1.470,1.640,1.060,0,0,0,0,0,26,276,6,31,0
06-12 21:12:18,7.245,2.248,89.937,0.500,0,4937968,236144,192568,2567600,13421.524,6242.593,179.873,583.588,19.986,22.984,1664,2835,1.470,1.640,1.060,0,0,0,0,0,26,276,6,30,0
06-12 21:12:19,16.772,2.253,78.605,0.250,0.250,4958780,214228,192600,2568672,14544.446,7344.820,829.109,901.205,35.047,27.036,1908,2944,1.470,1.640,1.060,1,0,6.008,0,0,26,276,6,31,0
06-12 21:12:20,15.275,2.755,80.882,0.501,0,4961068,211456,192644,2569076,20509.554,9758.966,300.492,781.278,27.044,27.044,1849,2912,1.440,1.630,1.060,1,0,0,0,0,26,276,6,26,0
06-12 21:12:21,18.032,2.004,78.888,0.501,0,4970200,201628,192692,2569692,17988.480,9874.280,609.066,945.655,34.060,33.058,1925,2968,1.440,1.630,1.060,1,0,1.002,0,0,26,274,6,26,2
06-12 21:12:22,22.498,3.000,71.493,1.750,0,4976164,154488,193476,2608564,5974.397,2567.741,13174.669,2075.790,142.986,81.992,2195,3412,1.440,1.630,1.060,2,0,0,0,0,26,274,6,19,2
06-12 21:12:23,23.174,3.987,70.021,1.495,0,4978556,129592,194392,2628532,4671.696,1614.710,0,6335.246,0,518.302,3110,4225,1.440,1.630,1.060,1,0,0,0,0,26,274,6,19,2
06-12 21:12:24,24.000,5.000,69.249,1.000,0,4979736,131900,195292,2622384,8476.873,1793.973,47.999,3147.953,3.000,128.998,2509,3812,1.440,1.630,1.060,1,0,0,0,0,26,273,6,19,2
06-12 21:12:25,25.997,3.250,69.742,0,0,4924676,185988,195300,2623344,8855.955,1619.809,423.950,943.889,6.999,17.998,2000,2849,1.400,1.620,1.060,1,0,5.999,0,0,26,273,6,19,2
06-12 21:12:26,24.585,5.770,68.987,0,0,4917920,192028,195308,2624052,8604.617,1517.222,0,84.290,0,1.003,9468,18768,1.400,1.620,1.060,1,0,13.045,0,0,26,273,6,18,2
06-12 21:12:27,23.671,6.229,67.775,0.249,0,4889800,220180,195308,2624020,4687.414,1688.386,0,1590.711,0,17.940,9876,19534,1.400,1.620,1.060,1,0,12.957,0,0,26,273,6,18,2
06-12 21:12:28,23.757,6.752,66.771,0,0,4909312,200724,195312,2624036,4756.465,1682.518,0,52668.222,0,371.114,10986,20908,1.400,1.620,1.060,1,0,55.017,0,0,26,273,6,17,2
06-12 21:12:29,24.995,5.999,68.487,0,0,4935248,174776,195316,2624044,4613.156,1693.690,0,3.999,0,1.000,9757,19193,1.400,1.620,1.060,2,0,14.997,0,0,26,273,6,17,2
06-12 21:12:30,22.746,6.999,68.987,0,0,4936872,173008,195316,2624188,4970.090,1619.704,27.995,115.979,6.999,8.998,10000,19788,1.370,1.610,1.060,1,0,15.997,0,0,26,273,6,17,2
06-12 21:12:31,26.334,4.514,67.968,0,0,4904628,205356,195320,2624080,4749.236,1699.452,0,100.322,0,5.016,1801,2634,1.370,1.610,1.060,1,0,10.032,0,0,26,273,6,17,2
06-12 21:12:32,25.507,4.001,71.771,0,0,4877436,232528,195336,2624084,6944.028,1620.473,0,4.001,0,1.000,2178,3572,1.370,1.610,1.060,1,0,86.025,0,0,26,273,6,17,2
06-12 21:12:33,22.498,8.249,67.744,0,0,4901568,191216,196128,2638780,6720.382,1511.861,7.999,2455.774,2.000,22.998,12801,25509,1.370,1.610,1.060,1,0,14.999,0,0,26,273,6,17,2
06-12 21:12:34,20.181,2.491,75.989,0.249,0,4915120,175912,196268,2640100,18288.107,6904.256,0,1223.791,0,33.883,1905,2940,1.370,1.610,1.060,1,0,2.990,0,0,26,274,6,17,2
06-12 21:12:35,18.999,1.750,77.498,0.500,0,4921712,168856,196356,2640380,26266.238,16693.516,0,1647.952,0,58.998,2066,3306,1.340,1.600,1.060,0,0,0,0,0,26,274,6,17,2
06-12 21:12:36,6.498,1.250,89.479,0.250,0,4924392,165888,196444,2640548,137962.717,9503.776,0,979.771,0,42.990,1781,2773,1.340,1.600,1.060,0,0,0,0,0,26,275,6,17,2
06-12 21:12:37,18.820,2.007,79.044,0.502,0,4936004,154044,196520,2640656,27761.188,9941.954,0,1027.820,0,39.146,1969,2946,1.340,1.600,1.060,1,0,0,0,0,26,275,6,17,2
06-12 21:12:38,20.433,2.243,76.000,0.498,0,4946852,142956,196596,2640784,23972.156,14306.944,0,1463.188,0,48.839,1980,3060,1.340,1.600,1.060,3,0,0,0,0,26,275,6,17,2
06-12 21:12:39,12.498,1.750,82.984,1.000,0,4952132,136936,196860,2641192,298878.110,21643.953,23.996,2431.545,3.999,106.980,2447,3500,1.340,1.600,1.060,2,0,0,0,0,26,275,6,17,2
06-12 21:12:40,10.753,1.500,85.022,0.750,0,4955104,133436,197012,2641468,72398.824,13873.607,96.025,1572.409,6.002,72.019,2039,3296,1.230,1.570,1.050,1,0,0,0,0,26,275,6,17,2
06-12 21:12:41,11.530,2.507,84.972,0.251,0,4956380,123760,197056,2649880,2696376.238,24227.257,0,3970.367,0,222.581,2690,2967,1.230,1.570,1.050,0,0,3.008,0,0,26,275,6,16,2
06-12 21:12:42,6.729,3.988,84.489,0.997,0.249,4960836,121852,197124,2647808,5140227.277,24938.864,135.581,7688.220,1.994,64.800,3137,3604,1.230,1.570,1.050,2,0,2.991,0,0,26,275,6,16,2
06-12 21:12:43,22.248,2.750,74.243,0.750,0,4963496,131296,197480,2636104,312572.556,5818.471,27.997,2167.803,2.000,109.990,2506,3913,1.230,1.570,1.050,1,0,0,0,0,26,275,6,16,2
06-12 21:12:44,23.252,5.250,70.005,1.000,0,4963656,130412,200336,2632256,7759.543,1734.121,0,4488.314,0,93.007,2120,3172,1.230,1.570,1.050,2,0,0,0,0,26,275,6,16,2
06-12 21:12:45,22.338,5.773,69.523,1.004,0,4980240,128644,200752,2616800,4719.553,1626.393,0,2493.803,0,96.379,2142,3413,1.210,1.560,1.050,1,0,0,0,0,26,275,6,16,2
06-12 21:12:46,21.978,6.244,69.931,0.999,0,4980964,131272,201140,2611356,4770.282,1510.506,0,20060.161,0,152.849,2249,3386,1.210,1.560,1.050,3,0,0,0,0,26,275,6,16,2
06-12 21:12:47,23.189,4.987,69.816,0.748,0,4984200,126900,202572,2609556,4500.160,1615.749,0,64402.557,0,465.775,2493,3465,1.210,1.560,1.050,1,0,0,0,0,26,275,6,13,2
06-12 21:12:48,20.994,3.999,74.228,0.500,0,4983884,162596,203148,2572712,10965.743,4224.745,19.994,2219.341,2.999,66.980,2038,3170,1.210,1.560,1.050,1,0,0,0,0,26,273,6,13,2
06-12 21:12:49,24.845,4.015,71.020,0.251,0,4927292,218252,203148,2573680,5001.044,1626.193,4.015,325.239,1.004,11.042,1931,2830,1.210,1.560,1.050,4,0,6.023,0,0,26,273,6,14,2
06-12 21:12:50,24.994,5.499,68.233,0,0,4935116,209936,203148,2574172,9895.576,1693.585,0,83.979,0,1.000,9922,20174,1.200,1.550,1.050,1,0,11.997,0,0,26,273,6,14,2
06-12 21:12:51,25.182,5.236,67.567,0.249,0,4936536,208412,203148,2574276,6169.281,1635.568,0,2465.319,0,32.911,10057,19940,1.200,1.550,1.050,1,0,13.962,0,0,26,273,6,13,2
06-12 21:12:52,22.312,7.772,68.440,0.251,0,4902268,242540,203156,2574444,7322.363,1624.518,168.469,94550.946,4.011,384.068,2903,4204,1.200,1.550,1.050,1,0,6.017,0,0,26,273,6,13,2
06-12 21:12:53,25.910,3.986,68.512,0.249,0,4924880,216576,203296,2577252,10499.587,1548.629,518.203,3579.586,12.955,52.817,3511,6714,1.200,1.550,1.050,1,0,1.993,0,0,26,274,6,14,2
06-12 21:12:54,29.102,5.268,64.224,0.502,0,4929504,211592,203300,2577608,13409.854,1625.680,280.982,838.931,19.067,102.358,4882,13012,1.200,1.550,1.050,4,0,34.119,0,0,26,277,6,21,2
06-12 21:12:55,29.000,4.750,64.999,2.000,0,4948756,190200,203316,2579700,5411.940,1619.982,1527.983,6235.931,106.999,508.994,6029,12291,1.820,1.680,1.090,1,0,1.000,0,0,26,281,6,22,2
06-12 21:12:56,14.483,14.733,68.670,0.250,0,4895824,242928,203316,2579904,5427.655,1618.108,143.832,771.099,1.998,68.919,4420,7953,1.820,1.680,1.090,3,0,333.610,0,0,26,280,6,22,2
06-12 21:12:57,16.498,8.999,69.242,5.749,0,4890184,219652,203352,2608740,4896.432,1619.812,28856.653,2887.665,1614.813,335.961,5844,7384,1.820,1.680,1.090,0,1,113.987,0,0,26,280,6,22,2
06-12 21:12:58,10.467,4.735,81.247,3.240,0,4894216,203024,203360,2621316,9216.282,3236.914,12421.295,1459.452,1697.710,16.947,4993,8123,1.820,1.680,1.090,1,0,5.981,0,0,26,281,6,22,2
06-12 21:12:59,7.761,0.501,90.126,0,0,4894680,202548,203360,2621328,40312.478,4369.121,0,308.432,0,27.038,2002,3410,1.820,1.680,1.090,0,0,0,0,0,26,281,6,24,2
06-12 21:13:00,7.744,2.498,89.175,0,0,4893040,202888,203628,2622296,148079.909,120349.147,759.364,1202.992,28.976,21.982,1904,3052,1.750,1.660,1.090,0,0,11.990,0,0,26,280,6,24,2
06-12 21:13:01,7.751,4.251,88.016,0.500,0,4891760,200612,203628,2625852,5370.951,1620.287,2848.504,1424.252,25.004,86.015,2115,3293,1.750,1.660,1.090,0,0,5.001,0,0,26,280,6,22,2
06-12 21:13:02,5.501,1.750,90.513,0,0,4892444,199856,203632,2625920,19231.789,5091.738,0,208.030,0,13.002,2058,3233,1.750,1.660,1.090,0,0,0,0,0,26,280,6,22,2
06-12 21:13:03,7.751,2.500,88.757,0.250,0,4886188,206872,203632,2625160,4923.384,1620.126,0,200.016,0,18.001,1946,3313,1.750,1.660,1.090,1,0,0,0,0,26,280,6,21,2
06-12 21:13:04,4.000,1.000,94.745,0,0,4886188,206872,203632,2625160,8021.575,1619.914,0,195.990,0,12.999,1470,2539,1.750,1.660,1.090,0,0,0,0,0,26,280,6,21,2
06-12 21:13:05,5.753,2.001,90.803,0.250,0,4886400,206648,203632,2625168,6528.819,1620.948,0,436.255,0,65.038,2048,3687,1.610,1.640,1.090,0,0,0,0,0,26,280,6,18,2
06-12 21:13:06,3.998,1.499,93.956,0.500,0,4886612,206424,203632,2625180,5891.266,1531.289,0,271.874,0,35.983,1649,2991,1.610,1.640,1.090,0,0,0,0,0,26,280,6,18,2
06-12 21:13:07,4.250,0.750,94.490,0,0,4886612,206424,203632,2625180,6197.331,1619.825,0,107.988,0,7.999,1455,2451,1.610,1.640,1.090,0,0,0,0,0,26,280,6,18,2
06-12 21:13:08,4.749,1.250,92.979,0.250,0,4886612,206424,203632,2625180,5732.727,1619.640,0,583.870,0,52.988,1925,3535,1.610,1.640,1.090,0,0,0,0,0,26,280,6,18,2
06-12 21:13:09,3.751,1.000,94.025,0,0,4886608,206424,203632,2625184,5202.389,1620.433,0,92.025,0,10.003,1542,2695,1.610,1.640,1.090,0,0,0,0,0,26,280,5,19,2
06-12 21:13:10,4.500,1.000,94.502,0,0,4886608,206424,203632,2625184,5601.146,1620.042,0,0,0,0,1382,2556,1.480,1.610,1.080,1,0,0,0,0,26,280,5,19,2
06-12 21:13:11,2.500,1.750,94.996,0.250,0,4886608,206424,203632,2625184,5039.783,1619.930,0,215.991,0,11.999,1403,2573,1.480,1.610,1.080,0,0,1.000,0,0,26,280,5,18,2
06-12 21:13:12,3.250,1.250,95.002,0,0,4886604,206424,203632,2625188,7651.138,1458.026,0,32.001,0,4.000,1382,2393,1.480,1.610,1.080,0,0,0,0,0,26,280,5,18,2
06-12 21:13:13,5.748,1.999,91.971,0,0,4886600,206424,203632,2625192,5637.236,1619.493,0,347.891,0,39.987,1973,3600,1.480,1.610,1.080,0,0,0,0,0,26,280,5,18,2
06-12 21:13:14,3.750,0.750,94.512,0,0,4886600,206424,203632,2625192,7611.959,1620.204,0,0,0,0,1410,2415,1.480,1.610,1.080,0,0,0,0,0,26,280,5,18,2
06-12 21:13:15,3.250,1.000,94.252,0.250,0,4886600,206424,203632,2625192,4205.105,1694.042,0,48.001,0,6.000,1485,2671,1.370,1.580,1.070,0,0,0,0,0,26,280,5,18,2
06-12 21:13:16,3.250,0.750,94.258,0,0,4886588,206424,203632,2625204,4945.445,1694.152,4.000,476.043,1.000,36.003,1644,3039,1.370,1.580,1.070,0,0,0,0,0,26,280,5,18,2
06-12 21:13:17,4.004,1.001,93.836,0,0,4887004,206072,203632,2625204,4641.256,1621.487,0,17920.433,0,55.050,1516,2649,1.370,1.580,1.070,0,0,0,0,0,26,280,5,18,2
06-12 21:13:18,5.244,0.999,94.147,0,0,4886996,206072,203636,2625208,5176.337,1530.326,0,419.541,0,11.987,1474,2650,1.370,1.580,1.070,0,0,0,0,0,26,280,5,18,2
06-12 21:13:19,4.251,1.750,93.017,0,0,4886996,206072,203636,2625208,4945.915,1620.300,0,32.006,0,2.000,1480,2562,1.370,1.580,1.070,2,0,6.001,0,0,26,280,5,18,2
06-12 21:13:20,3.999,1.000,93.981,0.250,0,4886992,206072,203636,2625212,8874.234,1619.678,0,79.984,0,3.999,1529,2727,1.340,1.570,1.070,1,0,0,0,0,26,280,5,18,2
06-12 21:13:21,3.001,1.501,94.539,0,0,4886992,206072,203636,2625212,6755.797,1620.671,0,0,0,0,1380,2408,1.340,1.570,1.070,0,0,1.000,0,0,26,280,5,18,2
06-12 21:13:22,2.250,1.750,93.488,0,0,4888712,204280,203636,2625212,4461.416,1619.788,0,27260.429,0,57.992,1551,2668,1.340,1.570,1.070,1,0,0,0,0,26,280,5,18,1
06-12 21:13:23,3.999,1.000,93.731,0.250,0,4888712,204280,203636,2625212,4933.979,1693.649,0,643.867,0,25.995,1650,2961,1.340,1.570,1.070,0,0,0,0,0,26,280,5,18,1
06-12 21:13:24,4.253,0.500,93.824,0,0,4888712,204280,203636,2625212,8287.547,1621.281,0,248.196,0,25.020,1700,2998,1.340,1.570,1.070,0,0,0,0,0,26,280,5,18,1
06-12 21:13:25,2.998,1.499,94.429,0,0,4888712,204280,203636,2625212,4864.357,1456.909,0,7.994,0,0.999,1520,2690,1.390,1.580,1.080,2,0,0,0,0,26,280,5,18,1
06-12 21:13:26,3.500,0.750,94.499,0,0,4888712,204280,203636,2625212,5591.966,1619.990,0,179.999,0,16.000,1543,2805,1.390,1.580,1.080,0,0,0,0,0,26,280,5,18,1
06-12 21:13:27,3.510,1.003,94.008,0.752,0,4889252,203608,203636,2625344,6208.022,1624.454,0,8306.777,0,484.328,1961,2470,1.390,1.580,1.080,0,0,0,0,0,26,280,5,18,1
06-12 21:13:28,3.740,0.748,94.240,0.249,0,4889232,203608,203636,2625344,4864.588,1615.546,0,510.592,0,19.945,1531,2743,1.390,1.580,1.080,0,0,0,0,0,26,280,5,18,1
06-12 21:13:29,4.249,1.750,94.986,0,0,4889232,203608,203636,2625344,4779.274,1619.754,0,35.995,0,4.999,1370,2446,1.390,1.580,1.080,1,0,0,0,0,26,280,5,18,1
06-12 21:13:30,3.751,0.750,94.013,0,0,4889232,203608,203636,2625344,4672.635,1458.198,0,100.014,0,8.001,1448,2580,1.440,1.590,1.080,0,0,0,0,0,26,280,5,18,1
06-12 21:13:31,7.502,3.251,88.779,0.250,0,4896752,195828,203648,2625592,107937.756,1238.399,260.084,12.004,8.003,2.001,1495,2562,1.440,1.590,1.080,1,0,4.001,0,0,26,280,5,18,1
06-12 21:13:32,10.250,5.250,83.746,0,0,4894168,198008,203744,2625820,347144.031,10021.539,271.987,0,15.999,0,2096,2984,1.440,1.590,1.080,2,0,34.998,0,0,26,280,5,18,1
