"pcp-dstat 5.3.6 CSV Output"
"Author:","PCP team <pcp@groups.io> and Dag Wieers <dag@wieers.com>",,,,"URL:","https://pcp.io/ and http://dag.wieers.com/home-made/dstat/"
"Host:","ubuntu",,,,"User:","ubuntu"
"Cmdline:","dstat -tcmndrylpg --tcp --output /tmp/devstack_logs/dstat-csv.log",,,,"Date:","11 Oct 2025 00:09:07 UTC"
"system","total usage",,,,,"memory usage",,,,"net/total",,"dsk/total",,"io/total",,"system",,"load avg",,,"procs",,,"paging",,"tcp sockets",,,,
"time","total usage:usr","total usage:sys","total usage:idl","total usage:wai","total usage:stl","used","free","buf","cach","net/total:recv","net/total:send","dsk/total:read","dsk/total:writ","read","writ","int","csw","1m","5m","15m","run","blk","new","in","out","lis","act","syn","tim","clo"
11-10 00:09:07,,1013760,491380,175860,6082108,,,,,,,1.270,0.910,0.540,2,0,,,,9,5,6,10,1
11-10 00:09:08,21.243,22.493,55.982,0.500,0,1021256,467600,175884,6097864,444504.092,19763.557,0,3862.741,0,187.939,3774,5314,1.270,0.910,0.540,2,0,362.882,0,0,9,4,6,10,2
11-10 00:09:09,30.502,23.001,45.752,0.750,0,1029092,437136,176416,6116812,5935.315,1458.077,0,3272.173,0,108.006,2966,4954,1.250,0.920,0.540,2,0,392.021,0,0,9,4,6,10,2
11-10 00:09:10,33.752,20.501,44.253,0.750,0,1047492,392508,177148,6140100,6130.429,1620.113,0,2780.195,0,101.007,2805,9128,1.250,0.920,0.540,11,0,248.017,0,0,9,4,6,10,2
11-10 00:09:11,31.422,12.220,54.614,0.748,0,1166900,239996,178380,6292976,12953.810,1615.984,0,3303.790,0,119.703,3654,10196,1.250,0.920,0.540,2,0,50.874,0,0,10,4,6,10,2
11-10 00:09:12,33.834,9.273,56.390,0.501,0,1075280,340612,178872,6282504,15344.963,4206.407,0,1892.682,0,65.161,2109,2645,1.250,0.920,0.540,2,0,119.295,0,0,10,4,6,10,0
11-10 00:09:13,35.418,11.474,51.880,0,0,1178692,236928,178872,6282776,14333.903,2865.384,79.816,818.111,0.998,18.956,2179,3130,1.250,0.920,0.540,1,0,174.597,0,0,10,5,6,13,0
11-10 00:09:14,43.106,5.764,50.123,1.002,0,1198196,208380,179428,6290048,12457.571,2639.477,0,8609.127,0,137.337,1763,2191,1.230,0.920,0.550,3,0,4.010,0,0,10,6,6,13,0
11-10 00:09:15,30.993,10.248,47.990,11.747,0,1245404,143564,180596,6305232,16195.534,4388.061,0,55624.096,0,4359.067,17609,33187,1.230,0.920,0.550,3,1,69.985,0,0,10,7,6,13,0
11-10 00:09:16,42.176,10.731,43.174,2.246,0,1161636,225792,181008,6305772,9170.859,1938.588,0,15532.663,0,1089.083,10788,21622,1.230,0.920,0.550,2,0,93.835,0,0,10,4,6,13,0
11-10 00:09:17,46.223,7.246,45.973,0,0,1229872,157304,181100,6305896,5755.627,1619.051,0,3885.723,0,211.876,9834,18574,1.230,0.920,0.550,2,0,20.988,0,0,10,4,6,13,0
11-10 00:09:18,42.581,8.266,48.843,0.501,0,1156092,245424,181164,6293220,7044.476,1534.936,0,7305.976,0,430.824,2282,3018,1.230,0.920,0.550,2,0,20.038,0,0,10,4,6,13,0
11-10 00:09:19,43.212,9.242,46.709,0,0,1083336,318152,181164,6293384,8491.587,1618.587,0,651.431,0,13.988,2034,9917,1.210,0.920,0.550,1,0,117.897,0,0,10,4,6,13,0
11-10 00:09:20,8.243,19.983,71.438,0,0.250,1086620,314856,181164,6293256,8397.753,1456.743,0,3.997,0,0.999,2402,3272,1.210,0.920,0.550,2,0,262.773,0,0,10,4,6,13,0
11-10 00:09:21,8.997,21.492,67.226,0,0,1087064,314020,181164,6293408,8510.953,1619.420,0,40037.667,0,494.823,3290,3672,1.210,0.920,0.550,1,0,248.911,0,0,10,4,6,13,0
11-10 00:09:22,12.504,19.257,68.275,0,0,1090028,311132,181164,6293776,8767.147,1620.582,0,20.007,0,5.002,2783,5321,1.210,0.920,0.550,1,0,210.075,0,0,10,4,6,13,0
11-10 00:09:23,36.762,12.504,49.766,0,0,1183628,217476,181164,6293896,9801.195,1694.552,0,4.001,0,1.000,3093,5781,1.210,0.920,0.550,2,0,165.054,0,0,10,5,6,13,0
11-10 00:09:24,46.886,3.225,48.623,0,0,1246268,154476,181168,6294260,8220.187,1680.951,0,1567.829,0,30.761,1192,1142,1.270,0.940,0.560,2,0,0,0,0,10,5,6,13,0
11-10 00:09:25,29.709,10.322,59.669,0,0,1276596,121536,181172,6296864,5500.620,1542.832,0,704.949,0,85.601,3131,6869,1.270,0.940,0.560,0,0,118.834,0,0,10,4,6,13,0
11-10 00:09:26,0.750,1.250,97.275,0.250,0,1277700,120416,181184,6296868,8637.254,1620.423,0,12291.208,0,62.016,886,1421,1.270,0.940,0.560,0,0,0,0,0,10,4,6,13,0
11-10 00:09:27,20.006,6.002,73.271,0.250,0,1310460,130088,180112,6256276,7002.024,1736.502,4.001,10727.100,1.000,235.068,1764,1763,1.270,0.940,0.560,2,0,27.008,0,0,10,4,6,13,0
11-10 00:09:28,24.499,3.250,71.996,0,0,1334184,130380,179136,6233268,5754.660,1619.904,331.980,6831.597,6.000,46.997,1114,1530,1.270,0.940,0.560,1,0,1.000,0,0,10,6,6,13,0
11-10 00:09:29,20.744,5.998,70.979,1.250,0,1268096,201676,178948,6228212,8248.558,1619.521,1027.696,8969.345,26.992,222.934,2877,5027,1.330,0.950,0.560,1,0,41.988,0,0,10,4,6,15,0
11-10 00:09:30,21.538,4.007,73.880,0.250,0,1318140,150904,179208,6228676,6627.658,1460.569,436.768,857.508,26.046,13.023,1262,1977,1.330,0.950,0.560,1,0,1.002,0,0,10,13,6,15,0
11-10 00:09:31,21.957,4.242,72.608,0.749,0,1293700,174676,179452,6229084,9203.979,1806.463,491.039,139.726,68.865,2.994,1745,2516,1.330,0.950,0.560,1,0,44.912,0,0,10,28,6,15,0
11-10 00:09:32,23.755,3.001,73.766,0,0,1335252,133124,179452,6229084,7728.685,1620.353,0,0,0,0,1205,1745,1.330,0.950,0.560,1,0,0,0,0,10,28,6,17,0
11-10 00:09:33,30.069,16.287,51.117,1.002,0,1365508,120448,179184,6211808,7297.661,1461.336,28.064,93441.327,6.014,305.698,2811,3485,1.330,0.950,0.560,3,0,156.357,0,0,10,28,6,17,0
11-10 00:09:34,45.451,6.743,48.448,0.499,0,1415856,126820,178780,6156208,9342.947,1618.259,823.114,15986.798,17.981,256.724,3885,7582,1.330,0.950,0.560,2,0,0,0,0,10,28,6,17,0
11-10 00:09:35,62.569,22.024,15.017,0.250,0,1474596,126412,178372,6098972,10121.204,1621.795,616.683,6347.026,32.035,501.555,3584,5077,1.550,1.010,0.580,6,0,455.504,0,0,10,28,6,17,0
11-10 00:09:36,82.748,14.750,2.000,0,0,1636988,124732,177868,5942124,4745.900,1457.969,3407.928,1843.961,64.999,309.993,5318,8953,1.550,1.010,0.580,6,0,122.997,0,0,10,31,6,17,0
11-10 00:09:37,75.003,11.250,13.000,0.250,0,1443960,350616,177888,5910204,9174.339,1620.060,0,7216.267,0,456.017,5053,9628,1.550,1.010,0.580,3,0,201.007,0,0,10,29,6,18,0
11-10 00:09:38,23.696,7.483,67.846,0,0.249,1356836,437700,177908,5910224,7710.520,1616.336,0,311.294,0,23.946,1924,3060,1.550,1.010,0.580,2,0,109.751,0,0,10,28,6,18,0
11-10 00:09:39,20.747,5.249,73.238,0,0,1308600,485932,177912,5910224,8254.630,1531.746,0,115.981,0,10.998,1689,3039,1.550,1.010,0.580,2,0,41.993,0,0,10,28,6,18,0
11-10 00:09:40,21.779,4.256,73.098,0,0,1373596,420916,177916,5910240,8963.019,1696.275,0,232.312,0,12.016,1192,1502,1.500,1,0.580,2,0,26.035,0,0,10,29,6,18,0
11-10 00:09:41,17.003,11.502,70.262,0.250,0,1308700,485784,177928,5910256,5400.897,1620.269,200.033,144.024,6.001,19.003,2308,3927,1.500,1,0.580,2,0,162.027,0,0,10,28,6,18,0
11-10 00:09:42,11.000,19.749,68.247,0,0,1311792,482476,177932,5910468,10109.565,1457.937,207.991,267.988,2.000,16.999,2687,3548,1.500,1,0.580,2,0,341.985,0,0,10,28,6,17,0
11-10 00:09:43,64.816,22.273,13.514,0,0,1514428,279596,177936,5910708,8760.892,1621.646,0,228.232,0,22.022,2633,4204,1.500,1,0.580,5,0,534.543,0,0,10,28,6,17,0
11-10 00:09:44,79.242,10.249,10.499,0.250,0,1642916,150880,177952,5910920,8325.109,1619.827,7.999,723.923,1.000,49.995,4335,10424,1.500,1,0.580,4,0,0,0,0,10,32,6,21,0
11-10 00:09:45,80.754,14.251,4.000,0,0,1443448,350120,177972,5911128,10078.524,1620.084,60.003,1052.055,1.000,90.005,3334,9486,1.620,1.040,0.600,6,0,262.014,0,0,10,28,6,22,0
11-10 00:09:46,84.772,12.003,2.001,0,0,1661340,131892,177972,5911464,9797.567,1620.425,0,148.039,0,8.002,3360,6355,1.620,1.040,0.600,7,0,48.013,0,0,10,30,6,22,0
11-10 00:09:47,79.687,13.489,7.244,0.250,0,1513900,322048,177952,5869628,7931.686,1692.653,43.965,3433.267,4.996,372.703,5084,12085,1.620,1.040,0.600,4,0,150.880,0,0,10,30,6,23,0
11-10 00:09:48,44.774,10.255,44.023,0.250,0.250,1400000,435864,177952,5869712,6185.247,1694.890,0,404.212,0,34.018,2405,4159,1.620,1.040,0.600,3,0,148.078,0,0,10,28,6,26,0
11-10 00:09:49,44.476,6.996,48.224,0,0,1303036,532644,177960,5869888,7531.873,1457.201,0,255.860,0,22.987,2959,6436,1.620,1.040,0.600,3,0,75.958,0,0,10,28,6,26,0
11-10 00:09:50,53.402,16.220,29.196,0.250,0,1474928,360692,177980,5869928,8932.609,1617.033,11.978,934.286,1.996,54.899,2417,3318,1.730,1.070,0.610,3,0,307.436,0,0,10,28,6,25,0
11-10 00:09:51,59.141,13.783,27.816,0,0,1322696,512852,177996,5869984,6442.346,1623.868,4.010,328.783,1.002,41.098,4321,11241,1.730,1.070,0.610,5,0,230.549,0,0,10,28,6,29,0
11-10 00:09:52,85.992,9.999,3.250,0,0,1576124,259244,178000,5870160,7935.286,1661.850,0,199.982,0,11.999,2389,3306,1.730,1.070,0.610,7,0,27.997,0,0,10,30,6,29,1
11-10 00:09:53,62.500,16.500,21.000,0,0,1351312,484024,178008,5870184,6543.013,1620.003,0,384.001,0,40.000,5464,15236,1.730,1.070,0.610,3,0,324.001,0,0,10,28,6,34,0
11-10 00:09:54,66.003,7.250,26.001,0,0,1516228,318740,178016,5870544,8337.367,1620.071,0,188.008,0,8.000,2425,3804,1.730,1.070,0.610,3,0,0,0,0,10,30,6,34,0
11-10 00:09:55,54.998,16.499,28.749,0.250,0,1401764,433148,178028,5870588,9099.654,1693.936,0,407.984,0,38.999,4675,10099,1.910,1.120,0.630,3,0,298.989,0,0,10,28,6,35,0
11-10 00:09:56,65.483,5.998,27.493,0,0,1512376,321764,178044,5871344,8226.836,1551.592,567.851,331.913,4.999,21.994,3305,7322,1.910,1.120,0.630,5,0,0,0,0,10,30,5,40,0
11-10 00:09:57,62.768,15.504,21.006,0,0,1474552,359440,178048,5871488,6364.820,1620.463,0,224.064,0,18.005,2527,4466,1.910,1.120,0.630,4,0,288.082,0,0,10,28,5,40,0
11-10 00:09:58,58.407,11.232,29.703,0,0,1338692,494580,178064,5872192,9125.463,1617.423,0,407.351,0,33.946,4467,10325,1.910,1.120,0.630,3,0,111.822,0,0,10,28,5,41,0
11-10 00:09:59,67.858,7.762,24.289,0.250,0,1511992,321232,178100,5872204,8191.024,1622.580,0,1141.815,0,79.126,1943,3351,1.910,1.120,0.630,4,0,0,0,0,10,29,5,41,0
11-10 00:10:00,68.997,19.249,12.000,0.250,0,1458976,374188,178108,5872256,8520.676,1457.945,0,435.983,0,46.998,4003,9442,2,1.150,0.640,6,0,395.985,0,0,10,28,5,41,0
11-10 00:10:01,83.190,13.240,2.748,0,0,1555268,277840,178128,5872292,8104.149,1618.831,0,543.608,0,38.972,3846,8617,2,1.150,0.640,9,0,196.858,0,0,10,30,5,41,0
11-10 00:10:02,83.560,16.011,0.500,0,0,1547500,285196,178132,5872700,10463.471,1621.158,0,260.186,0,23.016,2806,4386,2,1.150,0.640,8,0,265.189,0,0,10,29,5,38,0
11-10 00:10:03,81.741,15.748,2.250,0,0,1565828,266824,178156,5872732,7381.225,1457.847,0,391.959,0,31.997,5762,10466,2,1.150,0.640,8,0,198.979,0,0,10,30,5,38,0
11-10 00:10:04,72.763,17.003,9.502,0,0,1510968,321448,178160,5872964,6093.097,1620.292,0,164.030,0,9.002,5022,10447,2,1.150,0.640,4,0,369.066,0,0,10,29,5,39,0
11-10 00:10:05,36.659,27.930,35.162,0,0,1322624,509544,178172,5873200,9030.505,1689.791,0,175.563,0,11.970,6131,11893,2.240,1.210,0.670,2,0,680.305,0,0,10,28,5,40,0
11-10 00:10:06,8.755,21.762,68.538,0,0,1325960,506192,178176,5873212,8410.643,1532.846,0,168.093,0,8.004,2389,2979,2.240,1.210,0.670,1,0,296.163,0,0,10,28,5,40,0
11-10 00:10:07,12.773,27.801,58.607,0,0,1345060,487088,178176,5873216,5876.743,1622.967,0,24.044,0,6.011,2971,4516,2.240,1.210,0.670,3,0,502.919,0,0,10,28,5,40,0
11-10 00:10:08,73.748,23.499,3.000,0,0,1537116,294976,178180,5873268,10384.678,1693.947,4.000,491.985,1.000,29.999,2775,6023,2.240,1.210,0.670,7,0,638.980,0,0,10,29,5,40,0
11-10 00:10:09,78.508,17.252,3.000,0,0,1446276,385608,178216,5873440,8942.859,1458.140,8.001,540.052,2.000,45.004,5425,12434,2.240,1.210,0.670,6,0,368.035,0,0,10,29,5,40,0
11-10 00:10:10,81.249,16.250,1.750,0,0,1553280,278496,178224,5873540,9772.932,1619.989,12.000,387.997,2.000,28.000,4203,7939,2.700,1.330,0.710,6,0,254.998,0,0,10,28,5,40,0
11-10 00:10:11,83.609,13.727,1.747,0,0,1653556,173716,178276,5877984,8815.173,1659.209,4200.934,187.684,74.874,10.982,4259,9154,2.700,1.330,0.710,9,0,254.572,0,0,10,31,5,40,0
11-10 00:10:12,79.877,15.525,3.756,0,0,1661452,201316,178372,5843180,13285.057,4616.317,288.457,7832.414,18.029,360.572,9976,37699,2.700,1.330,0.710,4,0,179.284,0,0,10,33,5,41,0
11-10 00:10:13,85.506,11.751,2.750,0,0,1625608,230240,178768,5848900,8584.618,1632.118,36.003,1876.135,4.000,68.005,5556,15999,2.700,1.330,0.710,6,0,90.006,0,0,10,29,5,41,0
11-10 00:10:14,82.508,15.001,1.750,0,0,1582960,272092,178792,5849508,9120.876,1846.177,0,1180.113,0,36.003,10309,21153,2.700,1.330,0.710,6,0,110.011,0,0,10,29,6,41,0
11-10 00:10:15,82.739,12.498,3.999,0,0,1640196,214196,178880,5850004,135931.193,9203.794,0,1831.760,0,35.995,4047,8989,3.050,1.420,0.740,7,0,70.991,0,0,10,32,6,38,0
11-10 00:10:16,76.492,8.749,14.498,0.250,0,1703984,149236,179028,5850956,536625.044,15952.277,0,1983.786,0,74.992,6390,19017,3.050,1.420,0.740,8,0,0,0,0,10,32,6,41,0
11-10 00:10:17,79.421,14.191,4.979,0,0,1555964,296716,179128,5851320,46817.846,7795.671,0,1398.202,0,58.756,4430,13040,3.050,1.420,0.740,6,0,219.091,0,0,10,31,6,41,0
11-10 00:10:18,85.117,10.546,4.520,0,0,1666524,185740,179248,5851572,29266.313,7356.752,0,1313.670,0,67.290,3841,8345,3.050,1.420,0.740,4,0,30.130,0,0,10,33,6,41,0
11-10 00:10:19,83.551,12.969,3.242,0,0,1579672,271604,179340,5854792,58241.327,4609.026,0,602.565,0,26.936,3812,12641,3.050,1.420,0.740,10,0,114.727,0,0,10,32,6,41,0
11-10 00:10:20,84.817,11.226,3.492,0,0,1635764,215176,179416,5852556,20131.536,5723.643,0,1113.596,0,49.892,4391,11593,3.440,1.530,0.780,6,0,88.808,0,0,10,31,6,43,0
11-10 00:10:21,83.378,14.817,1.758,0,0,1601636,249024,179500,5852720,26700.058,7700.916,0,1289.848,0,81.369,4581,7963,3.440,1.530,0.780,7,0,179.815,0,0,10,31,6,42,0
11-10 00:10:22,79.728,11.747,7.998,0,0,1641364,208808,179596,5853036,25321.910,6673.132,0,1099.692,0,58.983,4925,11542,3.440,1.530,0.780,6,0,29.992,0,0,10,31,6,44,0
11-10 00:10:23,79.274,15.255,5.002,0.250,0,1511884,337920,179676,5853280,24308.487,6757.081,0,920.283,0,44.014,5187,10002,3.440,1.530,0.780,6,0,214.066,0,0,10,31,6,45,0
11-10 00:10:24,84.498,11.000,3.500,0.250,0,1692692,156760,179824,5853440,29281.268,5838.854,0,1043.974,0,58.999,4666,8378,3.440,1.530,0.780,7,0,1.000,0,0,10,31,6,45,0
11-10 00:10:25,82.237,12.748,4.499,0,0,1649936,198864,179880,5853956,15424.655,4016.390,0,887.865,0,56.991,5879,12701,3.730,1.620,0.810,6,0,110.983,0,0,10,30,6,45,0
11-10 00:10:26,78.009,16.002,5.751,0,0,1603372,245068,179988,5854172,27020.242,6709.805,4.000,1024.123,1.000,53.006,4147,8124,3.730,1.620,0.810,5,0,205.025,0,0,10,31,6,45,0
11-10 00:10:27,84.491,10.999,5.499,0,0,1605416,241980,180144,5854896,81526.195,4712.491,0,927.900,0,40.996,5602,11520,3.730,1.620,0.810,6,0,79.991,0,0,10,31,6,45,0
11-10 00:10:28,82.506,12.751,4.500,0,0.250,1578184,268152,180260,5855804,68703.672,7726.525,484.033,1612.110,43.003,90.006,4554,9933,3.730,1.620,0.810,6,0,126.009,0,0,10,30,6,46,0
11-10 00:10:29,82.752,14.000,2.750,0,0,1616316,229560,180352,5856100,91305.735,6180.117,0,3180.060,0,178.003,3805,6839,3.730,1.620,0.810,6,0,127.002,0,0,10,31,6,44,0
11-10 00:10:30,70.004,12.501,16.251,0.250,0,1522496,272968,180488,5906208,28246179.756,117056.492,0,19573.253,0,96.006,11455,14822,3.910,1.690,0.840,4,0,161.010,0,0,10,32,6,46,0
11-10 00:10:31,69.870,12.477,16.719,0.749,0,1565116,203568,180796,5932424,12613182.707,56564.902,0,22318.532,0,174.675,4683,3158,3.910,1.690,0.840,4,0,80.850,0,0,10,32,6,46,0
11-10 00:10:32,73.126,11.520,14.275,0.250,0,1504480,247804,180928,5948160,6497102.010,28022.254,0,9492.346,0,78.135,11489,23007,3.910,1.690,0.840,3,1,106.183,0,0,10,35,6,47,0
11-10 00:10:33,84.756,14.501,1.500,0,0,1588172,163600,180972,5948556,9098.646,1620.115,0,8132.577,0,251.018,4094,6508,3.910,1.690,0.840,4,0,66.005,0,0,10,34,6,45,0
11-10 00:10:34,79.498,12.000,8.000,0,0,1527952,223272,181020,5949020,8625.767,1457.961,0,247.993,0,13.000,4011,9712,3.910,1.690,0.840,6,0,87.998,0,0,10,35,6,45,0
11-10 00:10:35,80.250,13.500,6.250,0,0,1573284,177496,181100,5949312,7028.986,1619.997,0,623.999,0,34.000,4499,8236,3.920,1.730,0.860,4,0,52.000,0,0,10,34,6,45,0
11-10 00:10:36,76.747,15.999,6.250,0,0,1469160,281248,181152,5949564,6568.718,1693.927,0,371.984,0,25.999,4895,9127,3.920,1.730,0.860,4,0,243.990,0,0,10,34,6,45,0
11-10 00:10:37,79.479,13.246,5.249,1.750,0,1582796,128416,182560,5983360,8011.877,1457.614,503.866,24281.565,4.999,749.801,5428,8476,3.920,1.730,0.860,4,0,1.999,0,0,10,36,6,45,0
11-10 00:10:38,74.265,17.754,7.001,0.250,0,1460644,201944,185284,6023756,6718.377,1620.332,356.073,11238.304,6.001,164.034,4211,7709,3.920,1.730,0.860,4,0,185.038,0,0,10,34,6,45,0
11-10 00:10:39,78.247,15.749,5.750,0.250,0,1586576,129000,195068,5954488,9031.657,1619.938,8.000,137254.784,1.000,571.978,4638,6210,3.920,1.730,0.860,4,0,0,0,0,10,36,6,45,0
11-10 00:10:40,75.761,18.503,5.001,0.250,0,1397064,367108,195796,5904816,9287.384,1806.269,8.001,2376.354,2.000,54.008,4813,10725,4.090,1.800,0.890,4,0,311.046,0,0,10,32,6,45,0
11-10 00:10:41,66.494,12.999,19.748,0,0,1515980,244836,195944,5907908,8990.128,1619.843,1727.832,2075.799,29.997,29.997,3968,9011,4.090,1.800,0.890,5,0,183.982,0,0,10,33,6,45,0
11-10 00:10:42,64.758,17.752,16.502,0,0,1411664,337900,195944,5919172,10056.267,1620.204,168.021,692.087,5.001,31.004,5137,10469,4.090,1.800,0.890,3,0,371.047,0,0,10,32,6,45,0
11-10 00:10:43,49.730,19.492,29.738,1.000,0,1437768,307092,195948,5923872,5456.839,1457.423,3926.445,827.672,81.968,23.990,5442,10007,4.090,1.800,0.890,2,0,383.848,0,0,10,32,6,45,0
11-10 00:10:44,39.763,12.754,46.516,0.500,0,1438760,306068,195976,5923904,9246.097,1620.543,0,49392.547,0,561.188,3218,3466,4.090,1.800,0.890,4,0,166.056,0,0,10,32,6,45,0
11-10 00:10:45,42.160,9.230,48.147,0,0,1333520,411256,195992,5923908,8484.919,1528.742,0,38941.017,0,124.734,3895,7248,4,1.820,0.900,2,0,98.789,0,0,10,32,6,41,0
11-10 00:10:46,43.030,6.504,48.784,0.250,0,1455592,289188,195996,5923964,5890.058,1769.219,0,644.444,0,37.026,1614,2066,4,1.820,0.900,2,0,0,0,0,10,33,6,42,0
11-10 00:10:47,45.455,6.743,47.703,0,0,1378832,365708,196004,5924196,8485.616,1618.401,0,187.814,0,26.973,3185,7001,4,1.820,0.900,2,0,35.964,0,0,10,32,6,43,0
11-10 00:10:48,44.094,6.263,49.105,0,0,1450616,293916,196008,5924200,8663.497,1623.466,0,116.248,0,8.017,2063,6409,4,1.820,0.900,2,0,0,0,0,10,33,6,41,0
11-10 00:10:49,43.403,6.984,48.891,0,0,1427608,316736,196020,5924376,8061.016,1690.229,0,199.555,0,19.955,1646,2035,4,1.820,0.900,2,0,60.864,0,0,10,32,6,41,0
11-10 00:10:50,38.346,14.286,46.868,0,0,1326516,417808,196032,5924384,9088.831,1624.080,0,364.917,0,41.103,2907,7427,3.840,1.830,0.900,3,0,265.667,0,0,10,32,6,39,0
11-10 00:10:51,42.415,8.483,47.904,0.249,0,1444792,299276,196044,5924628,6128.712,1455.083,0,1037.919,0,67.864,1860,2761,3.840,1.830,0.900,2,0,123.752,0,0,10,33,6,39,0
11-10 00:10:52,41.499,9.500,47.999,0,0,1361640,382128,196048,5924924,9278.852,1619.974,0,139.998,0,20.000,3074,6618,3.840,1.830,0.900,2,0,139.998,0,0,10,32,6,35,0
11-10 00:10:53,46.340,4.509,48.845,0,0,1443792,298996,196048,5925904,9024.553,1697.301,0,188.366,0,10.019,2549,4951,3.840,1.830,0.900,2,0,0,0,0,10,34,6,35,0
11-10 00:10:54,42.008,11.502,46.759,0.250,0,1358484,383812,196052,5926392,9241.774,1694.325,0,308.059,0,31.006,3412,7888,3.840,1.830,0.900,3,0,222.043,0,0,10,32,6,32,0
11-10 00:10:55,26.175,5.484,67.058,0,0,1380312,361892,196052,5926484,6794.507,1689.154,0,191.451,0,9.971,2164,4893,3.690,1.830,0.910,1,0,155.554,0,0,10,32,6,33,0
11-10 00:10:56,20.048,6.265,73.929,0,0,1373392,368796,196056,5926496,9729.497,1718.149,0,196.474,0,6.015,1237,1490,3.690,1.830,0.910,1,0,56.136,0,0,10,32,6,32,0
11-10 00:10:57,20.455,6.486,72.340,0.249,0,1335504,406672,196060,5926504,6731.144,1690.270,0,223.507,0,20.954,2005,3351,3.690,1.830,0.910,1,0,91.797,0,0,10,32,6,32,0
11-10 00:10:58,22.805,3.007,73.679,0,0,1388384,353780,196064,5926512,6261.221,1461.553,0,573.394,0,41.100,1381,2393,3.690,1.830,0.910,2,0,0,0,0,10,33,6,26,0
11-10 00:10:59,18.708,7.733,72.588,0,0,1355032,387120,196064,5926524,6348.861,1616.400,0,99.778,0,12.971,1938,3067,3.690,1.830,0.910,1,0,98.780,0,0,10,32,6,26,0
11-10 00:11:00,23.252,3.500,72.755,0.250,0,1389268,352876,196072,5926524,8466.576,1620.110,0,3912.266,0,218.015,2410,3397,3.480,1.820,0.910,1,0,0,0,0,10,32,6,22,0
11-10 00:11:01,20.502,5.501,73.007,0,0,1371096,371020,196072,5926552,9326.914,1768.173,0,900.088,0,51.005,1561,2021,3.480,1.820,0.910,1,0,94.009,0,0,10,32,6,22,0
11-10 00:11:02,23.969,2.247,72.406,0,0,1318712,423272,196076,5926680,13597.323,1617.897,0,79.896,0,10.986,2700,4752,3.480,1.820,0.910,1,0,0,0,0,10,32,6,22,0
11-10 00:11:03,22.774,3.754,73.827,0,0,1373472,368488,196076,5926704,10841.264,1621.685,0,188.196,0,11.011,1109,1369,3.480,1.820,0.910,1,0,30.031,0,0,10,32,6,22,0
11-10 00:11:04,21.515,6.755,71.048,0,0,1312016,429912,196076,5926736,8906.065,1621.104,0,4.003,0,1.001,2693,4701,3.480,1.820,0.910,2,0,78.053,0,0,10,32,6,22,0
11-10 00:11:05,17.783,20.789,61.113,0.250,0,1359664,381932,196088,5927056,8918.544,1460.710,12.022,376.699,1.002,25.046,3129,4654,3.280,1.800,0.910,3,0,408.758,0,0,10,32,6,24,0
11-10 00:11:06,43.228,5.997,48.725,0.999,0,1489268,249660,196144,5929668,6263.812,1661.154,1359.308,2078.942,34.982,67.965,1617,2179,3.280,1.800,0.910,1,1,4.997,0,0,10,36,6,23,0
11-10 00:11:07,38.510,6.752,42.261,11.503,0,1417224,314336,196964,5936140,8150.143,1620.426,372.098,45740.030,16.004,4446.169,19166,32819,3.280,1.800,0.910,1,1,140.037,0,0,10,36,6,23,0
11-10 00:11:08,39.487,7.498,45.735,5.748,0,1433900,297000,197168,5936552,9738.854,1619.477,0,23564.389,0,2396.226,10682,19169,3.280,1.800,0.910,2,0,33.989,0,0,10,32,6,23,0
11-10 00:11:09,47.022,4.752,44.521,3.252,0,1425864,304912,197252,5936592,8221.864,1694.797,0,17200.084,0,1171.551,5230,8526,3.280,1.800,0.910,3,0,2.001,0,0,10,34,6,23,0
11-10 00:11:10,36.495,7.749,44.244,8.749,0,1423308,306748,197528,5936960,11578.356,1531.782,0,22108.861,0,2388.661,14798,26604,3.090,1.790,0.910,2,0,5.999,0,0,10,32,6,23,0
11-10 00:11:11,25.747,4.999,69.241,0.500,0,1385592,344368,197528,5937056,7876.000,1619.794,0,3927.501,0,218.972,1888,2740,3.090,1.790,0.910,1,0,94.988,0,0,10,32,6,23,0
11-10 00:11:12,23.200,2.495,72.842,0.249,0,1426644,303304,197532,5937064,8688.138,1616.491,0,702.475,0,46.898,1171,1518,3.090,1.790,0.910,1,0,1.996,0,0,10,32,6,22,0
11-10 00:11:13,23.505,3.001,73.267,0.500,0,1402892,326996,197536,5937116,7986.861,1458.340,0,6729.568,0,356.083,1852,2512,3.090,1.790,0.910,1,0,1.000,0,0,10,32,6,22,0
11-10 00:11:14,24.298,2.254,73.395,0,0.250,1334248,395624,197536,5937132,6097.072,1623.214,0,356.706,0,29.058,1065,1314,3.090,1.790,0.910,1,0,3.006,0,0,10,32,6,22,0
11-10 00:11:15,23.247,2.750,72.992,0.250,0,1413820,316048,197536,5937136,8901.003,1619.819,0,16738.125,0,234.974,1470,1358,2.930,1.780,0.910,1,0,2.000,0,0,10,32,6,22,0
11-10 00:11:16,23.702,2.245,73.600,0,0,1353208,376592,197536,5937204,8257.205,1455.040,0,0,0,0,914,1058,2.930,1.780,0.910,1,0,0.998,0,0,10,32,6,19,0
11-10 00:11:17,22.999,3.250,73.747,0,0,1430064,299736,197536,5937204,6699.739,1693.934,0,35.999,0,2.000,947,1187,2.930,1.780,0.910,3,0,3.000,0,0,10,32,6,19,0
11-10 00:11:18,25.054,2.004,73.910,0,0.251,1363336,366372,197536,5937296,10527.740,1697.667,0,0,0,0,961,1059,2.930,1.780,0.910,1,0,1.002,0,0,10,32,6,19,0
11-10 00:11:19,22.951,2.495,73.592,0,0,1366984,362832,197536,5937328,7627.654,1454.882,0,331.290,0,2.994,920,1113,2.930,1.780,0.910,1,0,0.998,0,0,10,32,6,19,0
11-10 00:11:20,26.273,5.255,67.809,0,0,1428128,301856,197536,5937328,12131.591,1621.415,0,104.091,0,11.010,1818,3880,2.770,1.760,0.910,1,0,36.031,0,0,10,32,6,18,0
11-10 00:11:21,23.527,2.503,73.836,0.501,0,1382516,347444,197544,5937344,9573.143,1621.888,0,400.466,0,30.035,1040,1216,2.770,1.760,0.910,1,0,1.001,0,0,10,32,6,18,0
11-10 00:11:22,23.464,2.496,73.636,0,0,1375408,354516,197544,5937380,5326.754,1455.747,0,0,0,0,884,1101,2.770,1.760,0.910,1,0,0.998,0,0,10,32,6,16,0
11-10 00:11:23,23.238,2.749,74.213,0,0,1436304,293616,197544,5937380,8323.813,1619.186,0,0,0,0,805,1102,2.770,1.760,0.910,1,0,1.999,0,0,10,32,6,16,0
11-10 00:11:24,14.012,14.762,70.560,0,0,1338280,391528,197548,5937488,9760.257,1621.372,0,460.389,0,5.004,2590,3968,2.770,1.760,0.910,1,0,362.307,0,0,10,32,6,15,0
11-10 00:11:25,10.258,19.515,70.304,0,0,1337084,392496,197548,5937716,8311.358,1695.297,108.083,564.432,6.005,9.007,2856,4306,2.550,1.730,0.910,1,0,388.297,0,0,10,32,6,15,0
11-10 00:11:26,8.755,20.762,69.790,0,0,1338676,390568,197548,5938020,8901.118,1662.956,0,428.246,0,5.003,3289,5106,2.550,1.730,0.910,1,0,498.287,0,0,10,32,5,15,0
11-10 00:11:27,21.000,4.500,73.250,0,0,1401308,327900,197548,5938052,7770.016,1620.003,0,4.000,0,1.000,1310,1731,2.550,1.730,0.910,1,0,69.000,0,0,10,32,5,15,0
11-10 00:11:28,22.713,2.995,73.880,0,0,1324112,405096,197548,5938052,9155.096,1509.542,0,15.974,0,0.998,962,1133,2.550,1.730,0.910,1,0,3.993,0,0,10,32,5,14,0
11-10 00:11:29,23.491,2.249,74.221,0,0,1401496,327732,197548,5938032,8026.853,1607.370,0,0,0,0,925,1130,2.550,1.730,0.910,1,0,0,0,0,10,32,5,14,0
11-10 00:11:30,23.249,2.250,73.246,0,0,1355124,374076,197552,5938052,7720.560,1619.908,0,243.986,0,37.998,1281,1740,2.430,1.720,0.910,1,0,3.000,0,0,10,32,5,14,0
11-10 00:11:31,23.503,3.250,73.511,0.250,0,1430712,298476,197560,5938056,8869.268,1458.209,0,6520.932,0,456.065,1979,2257,2.430,1.720,0.910,1,0,2.000,0,0,10,32,5,12,0
11-10 00:11:32,23.989,1.749,73.218,0,0,1357812,371360,197560,5938068,8289.328,1619.283,0,11.995,0,1.000,936,1072,2.430,1.720,0.910,1,0,1.000,0,0,10,32,5,12,0
11-10 00:11:33,23.008,3.001,73.776,0,0,1429652,299540,197560,5938048,9506.365,1620.574,0,8.003,0,2.001,996,1130,2.430,1.720,0.910,1,0,2.001,0,0,10,32,5,11,0
11-10 00:11:34,24.261,1.751,73.533,0,0,1388580,340592,197560,5938068,10355.629,1458.652,0,20.009,0,1.000,930,1078,2.430,1.720,0.910,2,0,1.000,0,0,10,32,5,11,0
11-10 00:11:35,23.024,2.252,73.827,0,0,1428912,300272,197560,5938056,10111.546,1695.769,0,12.013,0,1.001,1012,1137,2.310,1.710,0.910,1,0,2.002,0,0,10,32,5,11,0
11-10 00:11:36,22.732,2.998,74.192,0,0,1403724,325448,197560,5938068,8053.718,1584.764,0,139.891,0,3.997,961,1127,2.310,1.710,0.910,1,0,0.999,0,0,10,32,5,11,0
11-10 00:11:37,23.748,1.750,73.493,0,0,1334936,394260,197560,5938044,4788.536,1565.848,0,23.998,0,1.000,904,1053,2.310,1.710,0.910,1,0,3.000,0,0,10,32,5,11,0
11-10 00:11:38,22.987,2.748,73.708,0,0,1410536,318728,197560,5937976,7419.748,1693.030,0,0,0,0,901,1118,2.310,1.710,0.910,1,0,0.999,0,0,10,32,5,11,0
11-10 00:11:39,24.259,2.001,73.526,0,0,1339808,389364,197560,5938068,8587.083,1458.524,0,96.034,0,2.001,938,1048,2.310,1.710,0.910,1,0,3.001,0,0,10,32,5,11,0
11-10 00:11:40,22.994,3.249,73.732,0,0,1345312,383856,197564,5938068,8362.943,1661.591,0,135.967,0,12.997,1174,1618,2.210,1.700,0.910,1,0,1.000,0,0,10,32,5,11,0
11-10 00:11:41,23.000,2.750,73.250,0.250,0,1423892,305288,197564,5938056,9358.991,1619.998,0,2023.998,0,32.000,1135,1341,2.210,1.700,0.910,1,0,2.000,0,0,10,32,5,10,0
11-10 00:11:42,23.501,2.750,73.752,0,0,1352464,376696,197564,5938076,9001.261,1694.049,0,20.001,0,1.000,911,1091,2.210,1.700,0.910,1,0,1.000,0,0,10,32,5,10,0
11-10 00:11:43,23.501,1.750,73.752,0,0,1350380,378780,197564,5938076,9198.202,1620.036,0,20.000,0,1.000,865,1081,2.210,1.700,0.910,1,0,1.000,0,0,10,32,5,10,0
11-10 00:11:44,22.799,2.756,73.660,0,0.251,1428508,300664,197564,5938064,7305.824,1687.655,0,292.634,0,10.022,1173,1556,2.210,1.700,0.910,1,0,2.004,0,0,10,32,6,10,0
11-10 00:11:45,17.249,11.750,71.497,0,0,1334008,395152,197564,5938076,5160.794,1693.932,0,115.995,0,7.000,1917,2677,2.110,1.680,0.910,1,0,217.991,0,0,10,32,6,9,0
11-10 00:11:46,13.471,14.968,70.850,0,0,1354368,374744,197564,5938124,6190.863,1616.570,0,115.754,0,4.989,2134,3104,2.110,1.680,0.910,3,0,243.483,0,0,10,32,6,9,0
11-10 00:11:47,23.748,2.500,73.993,0,0,1417664,311268,197564,5938304,8704.164,1693.837,0,0,0,0,863,1142,2.110,1.680,0.910,1,0,0,0,0,10,32,6,7,0
11-10 00:11:48,22.748,3.250,73.995,0,0,1397028,331840,197564,5938368,6107.560,1619.883,0,0,0,0,910,1255,2.110,1.680,0.910,1,0,9.999,0,0,10,32,6,7,0
11-10 00:11:49,18.032,11.019,70.625,0,0,1342044,386820,197564,5938372,9013.901,1707.011,4.007,24.042,1.002,1.002,1920,2929,2.110,1.680,0.910,1,0,227.401,0,0,10,32,6,7,0
11-10 00:11:50,9.501,20.751,69.254,0,0,1340052,388712,197568,5938468,6641.385,1586.092,0,364.021,0,17.001,2743,3920,2.020,1.670,0.910,1,0,314.018,0,0,10,32,6,7,0
11-10 00:11:51,9.486,20.970,68.401,0.250,0,1340260,388464,197568,5938500,8631.553,1691.561,0,1150.341,0,103.850,2884,3924,2.020,1.670,0.910,1,0,345.502,0,0,10,32,6,7,0
11-10 00:11:52,10.256,19.762,69.044,0,0.250,1342196,386496,197568,5938528,6576.156,1641.037,0,4.003,0,1.001,2531,3579,2.020,1.670,0.910,1,0,307.194,0,0,10,32,6,7,0
11-10 00:11:53,8.499,20.998,68.495,0,0,1342920,385756,197568,5938544,4826.633,1619.877,0,735.944,0,7.999,2414,3398,2.020,1.670,0.910,1,0,295.978,0,0,10,32,6,7,0
11-10 00:11:54,8.742,21.481,69.189,0,0,1340124,388536,197568,5938560,8966.056,1618.566,0,735.348,0,7.993,2463,3364,2.020,1.670,0.910,1,0,292.741,0,0,10,32,6,7,0
11-10 00:11:55,8.507,22.019,68.307,0,0,1340684,387960,197568,5938576,7552.352,1621.364,0,828.697,0,9.008,2549,3537,1.860,1.650,0.910,1,0,325.274,0,0,10,32,6,5,0
11-10 00:11:56,9.246,21.240,68.469,0,0,1344572,384052,197568,5938596,7547.619,1605.281,0,1103.506,0,13.994,2510,3465,1.860,1.650,0.910,3,0,294.868,0,0,10,32,6,5,0
11-10 00:11:57,8.755,19.762,71.293,0,0,1344124,384492,197568,5938616,10719.432,1620.973,0,400.240,0,7.004,2485,3407,1.860,1.650,0.910,1,0,280.168,0,0,10,32,6,4,0
11-10 00:11:58,10.495,17.991,70.216,0,0,1343116,385492,197568,5938624,7863.139,1565.231,0,127.937,0,4.998,2445,3396,1.860,1.650,0.910,2,0,282.861,0,0,10,32,6,4,0
11-10 00:11:59,9.758,19.517,69.810,0,0,1342604,385976,197568,5938652,8532.321,1587.362,0,140.120,0,5.004,2523,3475,1.860,1.650,0.910,1,0,296.254,0,0,10,32,6,4,0
11-10 00:12:00,10.238,19.227,68.916,0,0,1345384,382992,197568,5938856,8964.064,1691.936,175.786,203.751,4.994,6.991,2579,3640,1.710,1.620,0.900,1,0,311.620,0,0,10,32,6,4,0
11-10 00:12:01,10.999,19.249,68.747,0,0,1347084,381276,197568,5938872,4894.765,1565.925,0,143.993,0,10.000,2489,3466,1.710,1.620,0.900,2,0,298.986,0,0,10,32,6,4,0
11-10 00:12:02,9.496,17.492,71.469,0.250,0,1345704,382020,197568,5939492,9320.936,1511.341,595.740,455.801,9.996,87.962,2609,3455,1.710,1.620,0.900,0,0,239.895,0,0,10,32,6,4,0
11-10 00:12:03,29.582,26.323,43.370,0,0,1408296,319336,197584,5939588,8628.781,1624.477,28.077,481.327,3.008,25.069,3756,6362,1.710,1.620,0.900,3,0,697.923,0,0,10,32,6,6,0
11-10 00:12:04,72.730,25.493,1.999,0,0,1596784,121760,198692,5944336,6116.342,1565.576,1011.726,1359.632,32.991,58.984,8549,6009,1.710,1.620,0.900,4,0,606.836,0,0,10,32,6,10,0
11-10 00:12:05,71.003,14.501,10.750,5.000,0,1652108,127744,199000,5883028,9051.398,1512.067,20.001,31533.387,3.000,2394.105,12106,19062,1.890,1.660,0.920,3,1,107.005,0,0,10,38,6,8,0
11-10 00:12:06,52.734,13.996,23.743,6.248,0,1600860,167996,199800,5893196,6194.123,1693.487,3.999,89208.970,1.000,6714.965,24866,45181,1.890,1.660,0.920,6,0,177.946,0,0,10,36,6,8,0
11-10 00:12:07,59.691,13.736,17.233,7.742,0,1655068,126056,200356,5880712,8093.947,1564.443,67.932,63696.622,0.999,5107.918,20277,36828,1.890,1.660,0.920,4,1,85.915,0,0,10,37,6,9,0
11-10 00:12:08,44.814,18.026,29.042,7.761,0,1524392,249464,200616,5887656,8378.006,1514.170,0,71274.136,0,5505.890,22451,36950,1.890,1.660,0.920,3,0,242.347,0,0,10,34,6,9,0
11-10 00:12:09,34.522,10.757,46.780,7.004,0,1565980,198688,200884,5896448,5698.602,1621.024,0,54030.147,0,4196.652,17063,32935,1.890,1.660,0.920,2,1,120.076,0,0,10,35,6,9,0
11-10 00:12:10,35.977,8.494,43.722,10.743,0,1497960,264236,201056,5898692,9472.843,1618.948,0,49299.955,0,3929.446,17846,35091,2.140,1.710,0.940,1,1,52.966,0,0,10,34,6,9,0
11-10 00:12:11,36.743,9.248,40.992,12.997,0,1554380,206944,201344,5899204,9582.074,1565.685,0,54721.001,0,4517.092,16204,32057,2.140,1.710,0.940,2,0,63.987,0,0,10,34,6,9,0
11-10 00:12:12,39.189,6.490,40.686,10.983,0,1560728,198432,201540,5901140,8787.248,1617.469,0,45628.591,0,3925.856,17896,36252,2.140,1.710,0.940,3,0,38.939,0,0,10,35,6,11,0
11-10 00:12:13,36.493,9.248,41.242,12.497,0,1538068,220176,201752,5901796,10672.823,1619.670,0,56140.547,0,4973.985,17850,34979,2.140,1.710,0.940,3,0,103.979,0,0,10,34,6,11,0
11-10 00:12:14,41.809,7.010,40.808,9.013,0,1559288,197020,201828,5903620,9551.563,1514.150,0,40165.034,0,3621.142,16578,31362,2.140,1.710,0.940,5,0,39.055,0,0,10,35,6,15,0
11-10 00:12:15,38.010,8.252,41.011,11.003,0,1515072,238180,201920,5906508,9495.611,1620.446,0,51418.140,0,4331.191,19576,33920,2.450,1.780,0.970,2,0,81.022,0,0,10,36,6,17,0
11-10 00:12:16,37.249,8.250,42.499,11.500,0,1561584,187808,202112,5910072,6399.802,1767.945,0,54742.303,0,4721.854,20707,34127,2.450,1.780,0.970,2,0,65.998,0,0,10,37,6,17,0
11-10 00:12:17,35.745,9.249,42.494,11.498,0,1495104,251032,202248,5913088,9203.776,1693.775,0,54848.705,0,4788.363,23062,40542,2.450,1.780,0.970,3,0,100.987,0,0,10,36,6,24,0
11-10 00:12:18,36.191,10.732,39.435,12.979,0,1556884,186684,202388,5915440,10206.252,1563.434,0,57014.439,0,4813.102,19028,34981,2.450,1.780,0.970,4,1,104.828,0,0,10,36,6,24,0
11-10 00:12:19,36.059,8.764,43.572,10.768,0,1519896,228644,202464,5910360,7536.428,1588.620,0,48652.228,0,4330.140,18208,35518,2.450,1.780,0.970,2,0,46.076,0,0,10,36,6,24,0
11-10 00:12:20,47.915,7.487,38.681,6.488,0,1565496,182584,202480,5910796,9496.125,1617.126,0,44744.489,0,3290.153,13507,26823,2.410,1.790,0.970,2,0,66.881,0,0,10,34,6,27,0
11-10 00:12:21,24.746,14.998,57.991,0.500,0,1423600,324424,202484,5910848,10622.332,1607.748,0,1867.707,0,115.982,2661,4133,2.410,1.790,0.970,1,0,271.957,0,0,10,32,6,27,0
11-10 00:12:22,23.975,3.247,72.423,0.250,0.250,1374536,373476,202484,5910860,8349.150,1510.399,0,891.055,0,56.940,1985,3677,2.410,1.790,0.970,1,0,1.998,0,0,10,32,6,26,0
11-10 00:12:23,22.071,4.013,73.736,0,0,1436104,311892,202484,5910876,8549.349,1699.436,0,461.476,0,27.087,1177,1438,2.410,1.790,0.970,1,0,41.132,0,0,10,32,6,26,0
11-10 00:12:24,20.485,7.245,71.946,0,0,1376516,371468,202484,5910888,7123.679,1692.736,0,519.612,0,37.972,2111,4025,2.410,1.790,0.970,1,0,58.956,0,0,10,32,6,27,0
11-10 00:12:25,9.003,21.756,68.519,0,0.250,1378644,369236,202484,5910992,5624.597,1532.435,0,448.127,0,25.007,2396,3064,2.300,1.780,0.970,1,0,278.079,0,0,10,32,6,27,0
11-10 00:12:26,10.488,19.978,68.423,0.250,0,1385876,361936,202484,5911060,9282.566,1618.181,0,447.497,0,26.970,2518,3337,2.300,1.780,0.970,1,0,281.683,0,0,10,32,6,27,0
11-10 00:12:27,49.840,18.032,32.058,0.250,0,1505516,241912,202484,5911444,8508.323,1739.132,404.729,2732.922,5.009,177.319,3187,4586,2.300,1.780,0.970,3,0,258.465,0,0,10,32,6,34,0
11-10 00:12:28,65.140,10.732,23.461,0,0,1678556,131044,202604,5850484,11103.313,1455.550,0,6049.818,0,246.585,1818,1543,2.300,1.780,0.970,3,0,2.995,0,0,10,32,6,34,0
11-10 00:12:29,51.335,9.516,31.302,7.012,0,1763820,129416,202676,5768696,8281.723,1622.689,2644.382,22465.225,106.176,1800.984,10017,17196,2.300,1.780,0.970,1,1,111.184,0,0,10,38,6,34,0
11-10 00:12:30,28.769,9.757,44.029,16.511,0,1762780,134512,202904,5764400,9068.048,1621.081,0,99174.149,0,7562.044,27409,51638,2.680,1.860,1.010,2,1,234.156,0,0,10,38,6,34,0
11-10 00:12:31,26.478,11.740,44.463,17.485,0,1764332,124260,203060,5772704,9169.298,1646.617,0,98860.957,0,7552.656,25997,50561,2.680,1.860,1.010,5,0,176.851,0,0,10,38,6,34,0
11-10 00:12:32,46.766,12.504,29.260,13.004,0,1669392,225024,203136,5766868,6069.082,1620.556,0,60620.793,0,5185.779,21778,40066,2.680,1.860,1.010,5,0,246.084,0,0,10,36,6,34,0
11-10 00:12:33,44.232,10.746,32.987,11.246,0,1735912,147964,203172,5777140,9830.068,1619.352,0,75157.937,0,5632.747,21213,37409,2.680,1.860,1.010,2,1,57.977,0,0,10,36,6,34,0
11-10 00:12:34,44.749,9.750,31.249,12.250,0,1765040,123328,203256,5772328,8618.724,1619.948,0,92049.054,0,6695.786,24895,48286,2.680,1.860,1.010,4,0,46.998,0,0,10,38,6,34,0
11-10 00:12:35,32.938,12.726,43.419,11.479,0,1649228,235640,203300,5775708,7138.629,1616.971,0,64135.874,0,5302.069,19562,36416,2.700,1.880,1.020,2,0,161.697,0,0,10,36,6,34,0
11-10 00:12:36,22.022,14.765,61.061,0.501,0.250,1403124,481752,203300,5775696,10159.169,1621.623,0,2278.281,0,142.142,2386,3167,2.700,1.880,1.020,1,0,207.207,0,0,10,32,6,34,0
11-10 00:12:37,20.269,6.256,73.570,0,0,1461016,423848,203300,5775708,6791.459,1621.542,0,640.609,0,34.032,1217,1709,2.700,1.880,1.020,1,0,43.041,0,0,10,32,6,34,0
11-10 00:12:38,22.452,3.243,72.096,0.499,0,1521348,363516,203300,5775708,8994.778,1508.776,0,5731.751,0,354.243,1745,2680,2.700,1.880,1.020,1,0,2.994,0,0,10,34,6,34,0
11-10 00:12:39,22.500,3.250,73.249,0.250,0,1410268,474592,203300,5775712,8414.865,1639.974,0,375.994,0,58.999,1441,1867,2.700,1.880,1.020,2,0,26.000,0,0,10,32,6,34,0
11-10 00:12:40,24.250,2.250,74.001,0,0,1476792,408064,203300,5775716,6237.100,1694.027,0,4.000,0,1.000,853,1187,2.570,1.870,1.020,1,0,2.000,0,0,10,32,6,34,0
11-10 00:12:41,23.806,1.504,73.424,0,0,1521368,363488,203300,5775716,9249.950,1623.853,0,128.304,0,18.043,1154,1623,2.570,1.870,1.020,2,0,2.005,0,0,10,34,6,34,0
11-10 00:12:42,15.001,23.001,61.503,0,0,1407232,477620,203304,5775716,9801.549,1620.091,84.005,624.035,5.000,41.002,2831,4365,2.570,1.870,1.020,2,0,449.025,0,0,10,32,6,34,0
11-10 00:12:43,17.250,36.249,46.249,0,0,1415856,468864,203304,5775848,8807.833,1619.969,0,275.995,0,26.999,4629,7934,2.570,1.870,1.020,2,0,980.981,0,0,10,32,6,34,0
11-10 00:12:44,11.740,29.226,57.952,0,0,1415152,469468,203304,5775928,6834.293,1618.648,0,151.873,0,18.984,3495,5644,2.570,1.870,1.020,1,0,651.456,0,0,10,32,6,34,0
11-10 00:12:45,9.484,13.477,76.622,0.749,0,1413904,470192,203336,5776424,8875.125,1509.470,614.969,423.291,14.975,84.858,2408,2972,2.360,1.840,1.010,1,0,175.706,0,0,11,12,6,34,20
11-10 00:12:46,9.500,18.501,70.003,0,0.250,1415600,468312,203336,5776592,8563.368,1620.070,0,20.001,0,5.000,2375,3267,2.360,1.840,1.010,2,0,251.011,0,0,11,12,6,34,20
11-10 00:12:47,13.276,18.787,66.631,0,0,1411888,471280,203380,5777232,6400.622,1643.240,565.114,20.040,50.099,5.010,3220,5769,2.360,1.840,1.010,3,0,213.421,0,0,11,12,6,34,20
11-10 00:12:48,23.203,18.712,56.137,0,0,1441408,441096,203384,5777784,6665.582,1690.597,43.912,0,1.996,0,3451,6679,2.360,1.840,1.010,1,0,269.458,0,0,13,12,6,34,20
11-10 00:12:49,9.265,21.285,68.613,0,0,1449092,433260,203384,5777936,9480.662,1514.502,0,368.609,0,13.022,2535,3611,2.360,1.840,1.010,1,0,256.424,0,0,13,12,6,34,20
11-10 00:12:50,16.506,18.757,64.524,0,0,1458400,423884,203384,5778332,8728.273,1566.587,0,20.008,0,4.002,4202,7033,2.330,1.840,1.020,2,0,177.066,0,0,13,12,6,34,20
11-10 00:12:51,19.736,20.735,58.459,0,0,1498932,383088,203388,5778220,8523.991,1618.859,3.997,211.851,0.999,9.993,3320,4861,2.330,1.840,1.020,3,0,296.791,0,0,15,12,6,34,20
11-10 00:12:52,9.492,21.233,68.196,0,0,1499224,382764,203388,5778232,8270.425,1510.799,0,343.727,0,25.979,2674,3777,2.330,1.840,1.020,1,0,241.808,0,0,15,12,6,34,20
11-10 00:12:53,19.745,16.746,63.234,0,0,1508192,373792,203388,5778256,9336.703,1565.615,0,647.841,0,8.998,5287,8582,2.330,1.840,1.020,2,0,157.961,0,0,15,12,6,34,20
11-10 00:12:54,65.999,15.500,18.750,0,0,1769564,128192,203400,5762648,5582.939,1619.982,0,0,0,0,2026,2516,2.330,1.840,1.020,15,0,62.999,0,0,17,12,6,34,20
11-10 00:12:55,72.127,14.526,13.273,0,0,1935984,162816,203416,5565684,5196.182,1588.807,0,5738.139,0,414.733,2852,4241,3.430,2.070,1.100,1,0,99.175,0,0,17,12,6,34,20
11-10 00:12:56,10.743,18.738,69.706,0,0,1936492,162604,203416,5565552,5284.681,1658.958,0,7.995,0,1.999,2761,4205,3.430,2.070,1.100,1,0,286.820,0,0,17,12,6,34,20
11-10 00:12:57,11.763,20.773,65.823,0,0,1942928,156108,203416,5565932,11263.502,1513.680,0,24.027,0,6.007,3937,6058,3.430,2.070,1.100,12,0,255.283,0,0,17,12,5,34,20
11-10 00:12:58,24.939,14.714,59.355,0.249,0,1967676,130172,203416,5566628,9909.751,1616.046,1021.500,438.926,15.961,2.993,3945,6105,3.430,2.070,1.100,2,0,178.563,0,0,17,12,5,34,20
11-10 00:12:59,13.256,4.502,82.039,0,0,1988044,125552,203420,5551052,8380.947,1566.738,0,0,0,0,1372,2270,3.430,2.070,1.100,2,0,38.018,0,0,18,12,5,35,20
11-10 00:13:00,19.498,7.749,71.492,0,0,2042508,131800,203420,5491372,6368.287,1511.831,0,0,0,0,1672,2470,3.150,2.040,1.090,3,0,53.994,0,0,18,12,5,35,20
11-10 00:13:01,25.241,3.499,69.974,0.500,0,1993976,200996,203420,5471304,10887.993,1619.404,383.859,683.748,7.997,60.978,2700,5143,3.150,2.040,1.090,2,0,3.999,0,0,18,18,5,40,0
11-10 00:13:02,10.764,20.777,66.836,0.250,0,1998512,196352,203420,5471412,8821.353,1622.088,0,312.402,0,17.022,2953,4170,3.150,2.040,1.090,2,0,304.392,0,0,18,18,5,40,0
11-10 00:13:03,11.249,18.499,70.246,0,0,2007744,187008,203420,5471524,7410.622,1619.917,0,479.976,0,11.999,2769,4149,3.150,2.040,1.090,1,0,258.987,0,0,18,18,5,40,0
11-10 00:13:04,10.759,19.767,68.558,0.250,0,2012728,181988,203424,5471556,10684.986,1621.364,0,104.088,0,10.008,2927,4406,3.150,2.040,1.090,1,0,288.242,0,0,18,18,5,40,0
11-10 00:13:05,11.989,18.733,68.188,0,0,2011628,183064,203424,5471924,7431.297,1638.522,0,23.978,0,5.995,3634,6643,2.980,2.020,1.090,5,0,219.802,0,0,18,18,5,34,0
11-10 00:13:06,33.708,13.983,51.436,0,0,2070036,124220,203432,5472280,5383.330,1584.037,327.594,3.995,2.996,0.999,3822,7324,2.980,2.020,1.090,2,0,192.761,0,0,18,19,5,34,0
11-10 00:13:07,45.501,6.000,47.501,0.250,0,2175408,123268,203432,5370144,8490.144,1620.028,0,676.011,0,17.000,1564,1977,2.980,2.020,1.090,2,0,0,0,0,18,19,5,33,0
11-10 00:13:08,48.021,8.254,44.019,0,0,2231132,135748,203476,5303096,6475.804,1694.734,176.076,728.315,2.001,76.033,3924,14217,2.980,2.020,1.090,2,0,10.004,0,0,18,35,5,33,0
11-10 00:13:09,28.230,10.992,59.958,0,0,2261344,125112,203496,5283556,8992.651,1456.971,3.997,351.752,0.999,51.963,2344,3361,2.980,2.020,1.090,1,0,143.898,0,0,18,34,5,33,0
11-10 00:13:10,13.781,18.793,66.400,0.251,0.251,2259060,129332,203500,5281764,9487.499,1665.775,0,328.745,0,13.030,4295,6913,2.900,2.020,1.100,4,0,233.529,0,0,18,34,5,33,0
11-10 00:13:11,12.462,8.474,78.015,0.249,0,2287972,120480,203500,5261776,6876.261,1615.129,227.314,8071.656,10.967,509.463,4320,8034,2.900,2.020,1.100,0,0,60.817,0,0,18,34,5,33,0
11-10 00:13:12,2.752,1.251,95.066,0.250,0.250,2289816,133144,203500,5247876,8402.832,1533.064,0,380.264,0,26.018,1252,2076,2.900,2.020,1.100,0,0,3.002,0,0,18,34,5,33,0
11-10 00:13:13,3.249,1.000,95.464,0,0,2289784,133144,203504,5247904,8552.801,1619.394,0,39.985,0,4.998,1108,1785,2.900,2.020,1.100,1,0,2.999,0,0,18,34,5,31,0
11-10 00:13:14,2.500,0.250,95.015,0,0,2289776,133144,203504,5247912,6488.032,1846.294,0,296.047,0,10.002,1170,2034,2.900,2.020,1.100,2,0,1.000,0,0,18,34,6,31,0
11-10 00:13:15,5.252,5.252,88.534,0,0,2244404,178404,203504,5248036,11053.256,1532.590,24.009,0,1.000,0,1842,2869,2.670,1.990,1.090,3,0,85.033,0,0,18,34,6,25,0
11-10 00:13:16,18.514,16.762,62.546,1.001,0,2255752,175244,203504,5239960,8664.351,1621.188,260.191,7977.848,14.010,568.417,5947,9705,2.670,1.990,1.090,1,0,251.184,0,0,18,34,6,25,0
11-10 00:13:17,11.755,19.758,66.278,0.500,0.250,2303168,134492,203500,5233400,12121.188,1932.827,964.413,2016.863,34.015,219.094,3572,5108,2.670,1.990,1.090,1,0,258.110,0,0,19,34,6,20,0
11-10 00:13:18,22.230,16.985,58.946,0.500,0,2324488,134092,203584,5212608,8873.916,1456.673,987.101,2042.140,62.943,375.658,6149,9357,2.670,1.990,1.090,1,0,227.792,0,0,19,34,6,21,0
11-10 00:13:19,7.250,5.500,85.002,0.250,0,2315968,143492,203592,5211892,6685.120,1928.035,68.001,752.014,10.000,96.002,1815,2804,2.670,1.990,1.090,2,0,114.002,0,0,19,34,7,19,0
11-10 00:13:20,19.791,19.290,59.873,0,0,2327280,139416,203592,5205232,8923.391,1771.651,8.017,889.834,1.002,175.361,4863,12784,2.540,1.970,1.090,2,0,206.425,0,0,21,34,7,20,0
11-10 00:13:21,10.227,18.709,70.345,0.249,0,2329800,136660,203592,5205064,8934.291,1764.108,167.630,0,6.985,0,3025,5147,2.540,1.970,1.090,2,0,250.448,0,0,21,36,7,17,0
11-10 00:13:22,11.751,19.001,69.005,0,0,2336260,130052,203592,5205208,10870.848,1694.132,4.000,16.001,1.000,4.000,2845,4268,2.540,1.970,1.090,1,0,275.021,0,0,21,36,7,17,0
11-10 00:13:23,14.749,17.249,66.747,0,0,2335948,130324,203592,5205580,8159.649,1457.937,0,15.999,0,4.000,4158,6850,2.540,1.970,1.090,3,0,183.992,0,0,21,36,7,17,0
11-10 00:13:24,27.561,23.302,48.859,0,0,2373064,123984,203596,5174964,8707.365,1623.611,0,1751.896,0,257.573,4808,6964,2.540,1.970,1.090,4,0,388.865,0,0,21,36,7,17,0
11-10 00:13:25,32.252,24.752,42.253,0,0,2434988,139748,203632,5099284,11115.700,1620.102,8.001,284.018,2.000,5.000,3779,8983,2.410,1.950,1.090,2,0,506.032,0,0,21,38,7,16,0
11-10 00:13:26,29.754,26.003,44.756,0,0,2484484,144008,203656,5046548,7449.924,1736.215,36.004,36.004,3.000,9.001,3595,6023,2.410,1.950,1.090,2,0,445.055,0,0,21,40,7,18,0
11-10 00:13:27,36.002,18.501,44.002,0,0,2547392,122856,203668,5005624,4636.260,1458.082,4.000,20.001,1.000,5.000,4836,10237,2.410,1.950,1.090,3,0,193.011,0,0,21,40,7,11,0
11-10 00:13:28,51.491,25.746,21.996,0,0,2682812,120288,203668,4872924,10231.240,1709.706,0,11.998,0,2.999,3235,5305,2.410,1.950,1.090,3,0,482.917,0,0,21,40,7,11,0
11-10 00:13:29,54.008,24.254,21.003,0,0,2754716,141048,203708,4780528,8547.342,1694.266,4.001,1260.198,1.000,11.002,4948,11539,2.410,1.950,1.090,3,0,316.050,0,0,21,40,7,11,0
11-10 00:13:30,72.751,20.250,5.750,0.500,0,2923092,123216,204668,4631176,149636.646,1532.017,856.009,428.005,85.001,31.000,4038,9344,2.540,1.990,1.100,5,0,513.006,0,0,21,44,7,11,0
11-10 00:13:31,60.243,23.247,11.749,4.499,0,2977980,133252,204700,4566960,7197.144,1619.807,4.000,34155.935,1.000,2722.676,13873,29111,2.540,1.990,1.100,7,0,238.972,0,0,21,44,7,11,0
11-10 00:13:32,65.505,27.502,5.250,0.750,0.250,3101928,129840,204808,4447548,9051.643,1620.115,0,16365.162,0,1551.110,10811,23748,2.540,1.990,1.100,5,0,505.036,0,0,21,46,7,11,0
11-10 00:13:33,73.504,22.251,4.500,0,0,3178024,123188,204808,4379116,11637.640,1458.080,0,1288.071,0,46.003,7881,21701,2.540,1.990,1.100,6,0,245.013,0,0,21,50,7,15,0
11-10 00:13:34,57.741,24.246,15.747,0.500,0,3336548,121776,204812,4225356,5425.132,1693.729,3.999,11442.169,1.000,820.869,5954,12246,2.540,1.990,1.100,6,0,452.928,0,0,21,63,7,20,0
11-10 00:13:35,46.391,25.689,26.937,0,0,3399340,131728,204812,4154668,5684.601,1616.191,0,790.138,0,41.901,6631,23169,2.580,2.010,1.110,3,0,378.109,0,0,21,65,7,20,0
11-10 00:13:36,55.388,17.794,25.814,0,0,3523456,135028,204816,4028980,8276.617,1535.826,132.330,11588.868,11.027,704.756,9298,16252,2.580,2.010,1.110,4,0,167.417,0,0,21,64,7,22,0
11-10 00:13:37,39.474,9.994,49.218,1.249,0,3623244,119028,204840,3946148,7790.951,1618.951,719.534,835.459,46.970,56.963,2968,4997,2.580,2.010,1.110,1,0,58.962,0,0,21,71,7,24,0
11-10 00:13:38,10.001,18.752,69.758,0,0,3624140,136720,204840,3927644,8733.978,1710.192,0,708.079,0,43.005,2894,4263,2.580,2.010,1.110,3,0,246.028,0,0,21,71,7,24,0
11-10 00:13:39,7.239,20.969,70.146,0.250,0.250,3638236,122656,204840,3927668,9110.480,1617.599,0,123.816,0,12.981,2968,4487,2.580,2.010,1.110,2,0,267.603,0,0,21,71,7,24,0
11-10 00:13:40,10.506,19.011,70.539,0,0,3633428,129680,204840,3925452,9480.243,1458.807,0,40.022,0,4.002,2813,4090,2.530,2,1.120,1,0,258.143,0,0,21,71,7,24,0
11-10 00:13:41,9.994,18.489,70.209,0,0,3641196,122692,204840,3924692,10195.046,1619.054,0,115.932,0,0.999,2855,4308,2.530,2,1.120,1,0,275.839,0,0,21,71,7,24,0
11-10 00:13:42,10.763,19.774,68.585,0,0,3639720,128196,204840,3920688,5566.864,1622.000,0,64.079,0,8.010,3012,4745,2.530,2,1.120,1,0,309.381,0,0,21,71,7,24,0
11-10 00:13:43,17.498,17.998,63.492,0,0,3646608,121460,204840,3920584,5279.330,1661.789,0,99.987,0,6.999,5053,8996,2.530,2,1.120,2,0,178.977,0,0,21,73,7,24,0
11-10 00:13:44,31.022,23.016,45.031,0.250,0,3692756,124796,204840,3871248,9134.339,1621.125,1493.036,604.419,38.026,27.019,3486,5468,2.530,2,1.120,2,0,406.282,0,0,21,75,7,24,0
11-10 00:13:45,33.491,24.744,39.490,0.250,0,3780564,121800,204828,3787040,7204.163,1619.587,195.950,7390.116,6.998,574.853,5407,9499,2.490,2,1.120,6,1,369.906,0,0,21,87,7,24,0
11-10 00:13:46,39.514,23.008,36.763,0.500,0,3866972,120568,204796,3702772,8659.161,1768.646,104.038,540.197,15.005,46.017,6635,14093,2.490,2,1.120,3,0,383.140,0,0,23,95,7,24,0
11-10 00:13:47,57.405,23.960,17.221,0.250,0,4003404,126124,204636,3563572,7978.763,1529.463,830.622,491.185,45.924,39.934,3637,7182,2.490,2,1.120,2,0,478.207,0,0,23,101,7,24,0
11-10 00:13:48,53.524,24.261,21.259,0,0,4084804,121472,204596,3487560,10316.570,1710.758,8.004,9564.237,2.001,750.332,9915,24872,2.490,2,1.120,2,0,275.122,0,0,23,117,7,25,0
11-10 00:13:49,35.817,22.292,40.826,0,0,4138412,123960,204572,3431936,8656.213,1697.179,4.008,472.886,1.002,24.045,3714,6170,2.490,2,1.120,2,0,440.826,0,0,23,117,7,25,0
11-10 00:13:50,13.212,20.691,64.316,0.499,0,4146408,127416,204568,3420664,5745.533,1689.159,0,817.657,0,124.643,3271,4919,2.290,1.970,1.120,1,0,298.146,0,0,24,117,7,25,0
11-10 00:13:51,19.486,17.737,61.706,0.250,0,4157468,119824,204568,3417628,9669.135,1618.851,0,707.498,0,50.964,4710,7850,2.290,1.970,1.120,2,0,201.857,0,0,24,117,7,25,0
11-10 00:13:52,30.017,21.512,48.277,0.250,0,4199116,125952,204548,3369852,6569.659,1620.903,4.002,1776.990,1.001,278.155,4138,5605,2.290,1.970,1.120,4,0,349.195,0,0,24,117,7,25,0
11-10 00:13:53,36.475,20.986,42.221,0,0,4255612,118884,204536,3321340,5896.990,1692.849,3.997,819.443,0.999,146.900,4870,8057,2.290,1.970,1.120,6,0,333.773,0,0,24,123,7,25,0
11-10 00:13:54,34.324,22.799,42.091,0,0,4330700,121172,204492,3245556,8423.186,1535.315,20.043,3122.742,4.009,351.759,8222,15360,2.290,1.970,1.120,4,0,303.656,0,0,24,129,7,25,0
11-10 00:13:55,31.024,25.019,42.783,0.250,0,4420260,126320,204420,3152944,8519.603,1765.368,60.047,3883.009,6.005,383.297,4573,6857,2.350,1.990,1.130,5,0,496.385,0,0,24,136,7,25,0
11-10 00:13:56,23.957,23.458,51.658,0.250,0,4444320,124892,204408,3131092,7939.915,1710.965,630.881,1062.116,16.970,66.881,5525,11610,2.350,1.990,1.130,1,0,379.327,0,0,24,141,7,25,0
11-10 00:13:57,16.508,21.511,59.530,0.250,0,4459980,118756,204408,3121660,7866.981,1532.776,224.113,5614.841,16.008,491.249,6594,10673,2.350,1.990,1.130,2,0,367.186,0,0,24,149,7,26,0
11-10 00:13:58,18.219,16.722,62.893,0,0.250,4467580,121016,204404,3112100,6739.543,1659.179,227.613,163.722,2.995,9.983,5616,9194,2.350,1.990,1.130,1,0,143.756,0,0,24,149,7,26,0
11-10 00:13:59,42.767,12.005,45.268,0.500,0.250,4579116,126276,204296,2998736,10429.109,1620.639,216.085,376.148,6.002,27.011,2698,4040,2.350,1.990,1.130,2,0,112.044,0,0,24,149,7,26,0
11-10 00:14:00,46.322,7.762,45.070,0.501,0,4697616,125088,204160,2885680,6754.530,1460.277,1538.398,132.206,60.094,13.020,2173,2816,2.320,1.990,1.130,3,0,5.008,0,0,24,149,7,25,0
11-10 00:14:01,31.237,13.994,52.479,0.250,0,4627672,200088,204164,2880748,6013.577,1767.288,319.871,659.734,3.998,50.979,3929,6754,2.320,1.990,1.130,3,0,256.896,0,0,24,157,7,25,0
11-10 00:14:02,36.802,22.782,39.807,0,0,4689540,136588,204168,2882376,10702.219,1622.307,216.308,228.325,31.044,21.030,6508,12143,2.320,1.990,1.130,3,0,396.564,0,0,24,169,7,20,0
11-10 00:14:03,42.967,24.981,25.480,4.746,0,4663320,150084,204148,2897020,6944.660,1456.880,51396.476,6423.061,585.550,521.599,8930,14211,2.320,1.990,1.130,4,0,352.729,0,0,24,175,7,21,0
11-10 00:14:04,69.222,18.992,8.247,2.749,0,4783664,144828,204048,2785388,10438.783,1619.346,36377.304,4718.094,446.819,340.862,5392,8393,2.320,1.990,1.130,4,0,162.934,0,0,24,176,7,21,0
11-10 00:14:05,71.581,16.268,7.509,5.256,0,4824388,174696,204032,2718040,8534.670,1459.654,55170.508,804.912,656.744,51.058,4400,8633,2.450,2.020,1.150,4,1,48.054,0,0,24,190,7,21,0
11-10 00:14:06,63.992,21.247,7.749,5.499,0,4916444,136480,202496,2667976,5724.279,1619.796,45914.215,11650.532,827.896,478.940,7700,12963,2.450,2.020,1.150,3,1,124.984,0,0,24,191,7,25,0
11-10 00:14:07,40.971,28.230,26.232,3.498,0,4905696,138032,201752,2678996,9204.566,1618.868,49385.480,971.321,500.650,71.950,6915,13029,2.450,2.020,1.150,3,0,522.635,0,0,24,193,7,25,0
11-10 00:14:08,48.273,25.012,22.511,2.501,0,4948800,127600,201616,2647360,7323.457,1620.765,33275.706,484.229,352.166,27.013,6266,14891,2.450,2.020,1.150,4,0,231.109,0,0,24,195,7,25,0
11-10 00:14:09,61.754,27.142,7.470,1.494,0,4967852,123684,201260,2634520,8860.637,1687.266,28115.790,1537.862,278.887,102.591,9347,29636,2.450,2.020,1.150,6,0,452.195,0,0,24,197,7,25,0
11-10 00:14:10,59.749,20.750,18.750,0.500,0,5029256,124204,201228,2574684,9792.843,1693.973,1399.978,18899.698,91.999,639.990,8910,20322,2.580,2.060,1.160,5,0,208.997,0,0,24,200,7,27,0
11-10 00:14:11,51.221,27.368,20.087,0,0,5079332,125260,200900,2524204,9346.414,1627.035,8.035,5672.528,1.004,519.245,5107,8540,2.580,2.060,1.160,4,0,516.232,0,0,24,201,7,27,0
11-10 00:14:12,55.759,20.503,21.254,1.250,0,5077968,175260,200124,2477352,8541.426,1512.253,580.097,3408.569,37.006,225.038,8453,19036,2.580,2.060,1.160,4,0,225.038,0,0,24,207,7,33,0
11-10 00:14:13,66.414,12.983,19.974,0,0,5258188,120576,198096,2356684,5883.352,1563.967,227.704,6547.488,17.977,608.209,4528,6390,2.580,2.060,1.160,3,0,83.891,0,0,24,208,7,34,0
11-10 00:14:14,67.818,8.258,22.523,0.501,0,5300076,121864,197340,2315100,22114.114,7391.391,1109.109,696.697,82.082,46.046,5897,14052,2.580,2.060,1.160,3,0,7.007,0,0,24,216,7,41,0
11-10 00:14:15,55.000,13.750,31.250,0.250,0,5296016,250140,196544,2195168,43991.780,12788.936,127.999,5535.972,8.000,513.997,5995,10751,2.610,2.070,1.170,7,0,166.999,0,0,24,228,7,42,0
11-10 00:14:16,38.513,20.257,40.013,0.500,0,5282192,263748,196556,2195372,10081.397,1620.546,304.102,1460.492,19.006,172.058,5671,10254,2.610,2.070,1.170,2,0,396.133,0,0,24,226,7,42,0
11-10 00:14:17,36.146,21.438,40.135,0,0,5240536,304948,196572,2196188,11022.289,1689.140,15.954,682.038,1.994,52.848,7364,12750,2.610,2.070,1.170,3,0,255.266,0,0,24,227,7,42,0
11-10 00:14:18,63.378,13.277,22.796,0.251,0,5391292,154144,196584,2196300,8027.151,1697.415,188.379,513.032,18.036,33.067,3461,5144,2.610,2.070,1.170,3,0,159.321,0,0,25,231,7,42,0
11-10 00:14:19,65.592,8.230,23.194,1.247,0,5449040,126504,195976,2167768,9187.848,1689.926,2035.093,981.633,147.644,62.848,4066,6569,2.610,2.070,1.170,3,0,9.976,0,0,25,230,7,42,0
11-10 00:14:20,52.049,16.265,31.030,0.751,0,5507300,148504,194688,2092232,9172.723,2526.403,464.442,4960.718,44.042,546.520,6912,14847,2.640,2.090,1.180,4,0,247.235,0,0,25,234,7,45,0
11-10 00:14:21,27.540,6.259,62.842,0.250,0,5502916,143160,194736,2101912,10030350.311,60557.414,0,644.942,0,59.086,5178,5165,2.640,2.090,1.180,3,0,5.007,0,0,25,232,7,44,0
11-10 00:14:22,36.897,14.709,45.623,0.499,0,5536784,137964,193924,2076552,11926669.592,52278.144,2142.024,666.141,28.919,57.839,6988,8302,2.640,2.090,1.180,2,0,257.282,0,0,25,233,7,44,0
11-10 00:14:23,28.795,6.009,64.601,0,0.250,5540752,133856,193936,2076684,10572.493,1460.278,16.025,376.587,1.002,28.044,3285,3968,2.640,2.090,1.180,2,0,38.059,0,0,25,239,7,45,2
11-10 00:14:24,25.033,4.506,68.340,0.501,0,5551844,122268,193952,2077164,9196.084,1622.131,456.600,512.674,27.036,48.063,4425,8790,2.640,2.090,1.180,1,0,2.003,0,0,25,244,7,46,2
11-10 00:14:25,27.688,4.739,66.602,0.249,0,5553440,127704,193812,2070464,8874.281,1732.151,0,786.253,0,82.816,4990,9864,2.510,2.070,1.180,1,0,7.982,0,0,25,255,7,46,2
11-10 00:14:26,31.292,11.515,55.825,1.001,0,5483080,227060,192720,2045572,8290.150,1618.176,96.129,28237.980,9.012,696.937,6975,11732,2.510,2.070,1.180,2,0,59.079,0,0,25,255,7,56,2
11-10 00:14:27,17.954,12.717,68.075,0,0,5516908,193136,192720,2045652,8442.244,1615.836,79.794,355.085,12.967,15.959,2691,4103,2.510,2.070,1.180,1,0,152.607,0,0,25,255,6,54,2
11-10 00:14:28,18.732,6.744,69.434,3.996,0,5540928,124148,193896,2089444,8302.063,1618.453,3033.100,1754.323,529.494,23.977,2386,3921,2.510,2.070,1.180,1,0,0.999,0,0,25,255,6,54,2
11-10 00:14:29,22.596,6.779,68.291,2.260,0,5537436,132196,194120,2084788,5366.895,1464.246,2402.248,2655.328,424.812,95.407,2968,3965,2.510,2.070,1.180,1,0,11.047,0,0,25,257,6,54,0
11-10 00:14:30,22.417,6.227,67.251,1.245,0,5566648,123196,193576,2065708,8390.928,1614.023,685.462,426.421,144.465,14.945,14139,27388,2.390,2.050,1.180,1,0,3.985,0,0,25,257,6,55,0
11-10 00:14:31,22.564,8.023,68.193,0.752,0,5579592,126116,193024,2050792,9504.966,1516.302,4.011,70600.293,1.003,297.845,2559,3833,2.390,2.050,1.180,5,0,0,0,0,25,257,6,55,0
11-10 00:14:32,22.775,6.507,70.828,0,0,5581236,131980,193024,2044484,7069.798,1567.729,0,56.062,0,5.006,4247,7861,2.390,2.050,1.180,1,0,3.003,0,0,25,257,6,56,0
11-10 00:14:33,23.417,6.726,67.759,0.498,0,5488132,239772,192376,2032012,11507.986,1614.247,749.329,426.480,93.666,39.858,2836,4210,2.390,2.050,1.180,0,0,49.822,0,0,25,261,6,55,0
11-10 00:14:34,25.249,16.249,57.748,0.250,0,5514096,213804,192396,2032112,8617.733,1693.947,115.996,291.991,11.000,18.999,3620,6021,2.390,2.050,1.180,1,0,422.987,0,0,25,261,6,55,0
11-10 00:14:35,23.535,5.759,70.105,0,0,5510304,217584,192400,2032120,8418.653,1696.550,24.036,200.301,3.005,18.027,2358,3729,2.280,2.030,1.180,1,0,54.081,0,0,25,261,6,47,0
11-10 00:14:36,9.731,18.465,68.370,0.499,0.250,5511052,216776,192408,2032172,7599.515,1529.086,3.992,359.315,0.998,31.939,3484,5478,2.280,2.030,1.180,1,0,272.481,0,0,25,265,6,47,0
11-10 00:14:37,11.025,18.542,68.905,0,0,5515052,212704,192408,2032244,4931.075,1623.647,32.072,196.441,2.005,11.025,3137,4882,2.280,2.030,1.180,2,0,254.572,0,0,25,265,6,44,0
11-10 00:14:38,5.240,4.741,87.077,0,0,5515100,212636,192408,2032264,8619.864,1690.639,3.992,43.913,0.998,4.990,1975,3370,2.280,2.030,1.180,0,0,92.815,0,0,25,265,6,44,0
11-10 00:14:39,19.571,3.262,77.280,0,0,5570096,157532,192408,2032372,8760.705,1625.884,4.015,248.901,1.004,17.062,1805,2773,2.280,2.030,1.180,1,0,10.036,0,0,25,267,6,43,0
11-10 00:14:40,26.155,2.989,69.747,0.249,0,5582100,145520,192408,2032380,6188.579,1614.152,63.769,95.653,3.986,11.957,2914,5227,2.180,2.020,1.180,1,0,0.996,0,0,25,271,6,43,0
11-10 00:14:41,14.262,16.514,66.805,0,0,5511980,215316,192416,2032696,9265.663,1621.341,196.162,272.225,12.010,20.017,3438,5405,2.180,2.020,1.180,1,0,202.167,0,0,25,271,6,43,0
11-10 00:14:42,13.787,17.046,68.433,0,0,5515528,211576,192420,2032884,8825.582,1698.538,0,132.354,0,8.021,3081,4835,2.180,2.020,1.180,1,0,165.442,0,0,25,271,6,43,0
11-10 00:14:43,13.971,15.468,69.105,0,0,5515480,211328,192424,2033176,10213.592,1496.863,111.766,199.582,0.998,13.971,3183,4842,2.180,2.020,1.180,1,0,175.632,0,0,25,271,6,43,0
11-10 00:14:44,19.972,9.986,68.903,0.250,0,5543552,183164,192428,2033264,7403.620,1617.732,7.989,291.591,1.997,29.958,2738,4485,2.180,2.020,1.180,1,0,129.818,0,0,25,271,6,44,0
11-10 00:14:45,25.341,4.223,68.817,0.497,0,5600916,136556,191880,2023572,6094.671,1729.126,79.500,655.875,4.969,67.575,2160,3416,2.080,2,1.180,5,4,0.994,0,0,25,271,6,44,0
11-10 00:14:46,24.998,3.788,70.448,0.253,0,5497456,256792,191500,2007412,10647.506,1757.414,197.962,5736.846,9.090,558.535,3141,3597,2.080,2,1.180,3,0,9.090,0,0,25,271,6,44,0
11-10 00:14:47,24.172,3.240,71.520,0,0,5565912,188328,191500,2007420,8775.838,1614.818,35.885,0,4.984,0,1687,2604,2.080,2,1.180,2,0,0,0,0,25,271,6,44,0
11-10 00:14:48,26.763,3.502,68.783,0.250,0,5605536,148424,191524,2007692,8281.942,1740.829,8.004,752.358,2.001,58.028,2631,4430,2.080,2,1.180,2,0,5.002,0,0,25,274,6,46,0
11-10 00:14:49,27.486,4.248,66.217,0.250,0,5520520,233300,191668,2007688,11050.442,1511.240,119.940,1887.051,4.997,130.934,2895,5235,2.080,2,1.180,1,0,18.990,0,0,25,273,6,45,0
11-10 00:14:50,26.252,4.500,69.755,0.250,0,5571856,181936,191672,2007712,10086.746,1756.130,0,264.020,0,13.001,1837,2776,2.070,2,1.180,1,0,6.000,0,0,25,273,6,45,0
11-10 00:14:51,16.245,11.997,69.730,0.500,0.250,5518044,234376,191812,2008944,8263.637,1693.516,1483.576,1619.537,24.993,93.973,3105,4846,2.070,2,1.180,1,0,156.955,0,0,25,275,6,45,0
11-10 00:14:52,11.249,18.498,67.741,0,0,5516148,236100,191820,2009108,4828.358,1511.799,59.992,195.974,4.999,13.998,3376,5342,2.070,2,1.180,2,0,304.959,0,0,25,275,6,45,0
11-10 00:14:53,21.503,7.251,70.509,0.250,0.250,5546988,204604,191820,2009764,4006.521,1566.204,644.084,64.008,82.011,4.001,2188,3464,2.070,2,1.180,3,0,89.012,0,0,25,275,6,45,0
11-10 00:14:54,24.328,5.016,69.222,0.502,0,5573832,173960,192384,2012984,9166.433,1625.219,3860.396,4.013,91.293,1.003,7668,15093,2.070,2,1.180,2,0,8.026,0,0,25,275,6,45,0
11-10 00:14:55,19.937,4.486,72.770,1.246,0.249,5573608,173764,192412,2013376,15104.301,4359.234,231.270,1076.600,13.956,67.786,4293,7761,1.990,1.980,1.180,2,0,27.912,0,0,25,278,6,45,0
11-10 00:14:56,27.334,5.517,65.952,0.251,0,5601984,143440,192544,2015192,8666.528,1719.263,256.786,417.277,25.077,13.040,9078,18164,1.990,1.980,1.180,3,0,6.018,0,0,25,278,6,45,0
11-10 00:14:57,23.003,5.501,70.510,0,0,5639364,126848,192104,1995880,8293.186,1620.232,0,68.010,0,4.001,3475,6055,1.990,1.980,1.180,1,0,6.001,0,0,25,278,6,44,0
11-10 00:14:58,21.251,3.750,74.252,0,0,5658064,120076,191804,1984564,15475.433,3545.099,200.006,184.005,41.001,12.000,1902,2860,1.990,1.980,1.180,1,0,4.000,0,0,25,279,6,44,0
11-10 00:14:59,25.174,4.237,69.042,0.498,0,5646052,144888,192028,1972528,8404.693,1862.392,0,1160.506,0,20.937,2102,3082,1.990,1.980,1.180,2,0,2.991,0,0,25,280,6,44,0
11-10 00:15:00,21.062,3.009,75.974,0,0,5671512,134104,191688,1959680,12760.682,4440.112,24.071,304.900,5.015,6.018,1826,2745,1.910,1.970,1.180,1,0,3.009,0,0,25,281,6,44,0
11-10 00:15:01,28.749,7.500,62.998,0.250,0,5644340,156008,192280,1964352,5322.872,1739.958,0,1471.965,0,47.999,11285,22843,1.910,1.970,1.180,3,0,7.000,0,0,25,282,6,44,0
11-10 00:15:02,27.705,5.241,65.892,0,0,5645096,154532,192356,1964984,8510.035,1617.346,31.948,83.862,1.997,0.998,10897,21203,1.910,1.970,1.180,1,0,20.966,0,0,25,282,6,44,0
11-10 00:15:03,23.703,5.739,68.865,0.250,0,5580912,231484,192416,1952272,8721.879,1790.485,0,1021.994,0,44.912,2393,3710,1.910,1.970,1.180,1,0,7.984,0,0,25,281,6,44,0
11-10 00:15:04,19.502,9.501,69.256,0,0,5583272,229208,192436,1952184,10149.913,1620.146,0,712.064,0,26.002,3186,5370,1.910,1.970,1.180,1,0,265.024,0,0,25,281,6,43,0
11-10 00:15:05,26.526,5.005,68.817,0.250,0,5605248,207032,192436,1952384,8855.581,1513.467,32.031,288.279,2.002,27.026,2845,5304,1.840,1.950,1.180,2,0,0,0,0,25,281,6,46,0
11-10 00:15:06,23.477,6.494,70.181,0,0,5591620,220456,192444,1952580,8920.214,1638.386,11.988,131.870,1.998,6.993,2335,3739,1.840,1.950,1.180,1,0,111.890,0,0,25,281,6,46,0
11-10 00:15:07,23.284,6.009,69.852,0,0.250,5541320,270736,192444,1952600,7203.481,1622.361,8.012,116.169,2.003,9.013,2960,4909,1.840,1.950,1.180,1,0,70.102,0,0,25,281,6,46,0
11-10 00:15:08,26.236,4.747,68.962,0,0,5599156,212720,192444,1952780,4816.361,1619.113,0,115.936,0,7.996,3268,3502,1.840,1.950,1.180,1,0,0.999,0,0,25,281,6,42,0
11-10 00:15:09,25.322,4.262,69.699,0,0,5562868,248940,192456,1952836,8701.800,1624.630,0,188.537,0,17.049,2591,4740,1.840,1.950,1.180,1,0,56.160,0,0,25,281,6,43,0
11-10 00:15:10,25.252,3.250,70.507,0,0,5602024,209768,192456,1952852,10806.037,1620.156,4.000,196.019,1.000,14.001,2402,4442,1.770,1.930,1.180,2,0,0,0,0,25,285,6,44,0
11-10 00:15:11,22.920,5.730,70.004,0.249,0,5583532,228236,192468,1952864,7074.163,1506.710,0,199.300,0,19.930,2244,3736,1.770,1.930,1.180,1,0,31.888,0,0,25,281,6,46,0
11-10 00:15:12,25.756,5.001,69.017,0.250,0,5532268,279252,192500,1953080,9177.285,1620.403,0,416.104,0,51.013,2827,5662,1.770,1.930,1.180,1,0,19.005,0,0,25,281,6,43,0
11-10 00:15:13,24.494,4.249,71.232,0,0,5598576,212724,192508,1953244,6795.308,1619.597,0,191.952,0,15.996,1935,3104,1.770,1.930,1.180,2,0,27.993,0,0,25,282,6,43,0
11-10 00:15:14,25.441,3.991,69.339,0,0,5557164,254120,192512,1953256,10030.689,1562.369,0,227.471,0,14.965,2187,4843,1.770,1.930,1.180,2,0,31.926,0,0,25,281,6,39,0
11-10 00:15:15,26.571,2.757,70.189,0,0,5597148,214080,192520,1953288,8828.732,1624.366,16.043,224.604,1.003,19.051,2446,5174,1.790,1.930,1.180,3,0,0,0,0,25,283,6,39,0
11-10 00:15:16,15.546,16.047,66.948,0.251,0,5539136,271352,192536,1954012,9355.665,1699.024,373.103,481.424,6.018,52.154,4498,7730,1.790,1.930,1.180,3,0,509.507,0,0,25,281,6,31,0
11-10 00:15:17,10.752,21.004,66.762,0.500,0,5546432,263976,192540,1954088,12410.184,1586.279,0,4380.771,0,526.093,5659,8024,1.790,1.930,1.180,1,0,666.117,0,0,25,281,6,31,0
11-10 00:15:18,11.253,21.006,66.769,0.250,0,5549032,261340,192544,1954120,15703.491,1620.463,0,944.270,0,71.020,4954,8474,1.790,1.930,1.180,1,0,663.190,0,0,25,281,6,31,0
11-10 00:15:19,10.247,20.495,67.232,0.500,0,5542856,267464,192560,1954156,14242.212,1713.544,0,347.907,0,34.991,4867,8416,1.790,1.930,1.180,1,0,669.822,0,0,25,281,6,31,0
11-10 00:15:20,14.503,21.005,62.763,0,0,5537264,273012,192560,1954132,11406.452,1694.364,0,200.043,0,21.005,5117,11999,1.800,1.940,1.190,1,0,667.143,0,0,25,281,6,32,0
11-10 00:15:21,12.949,17.929,67.733,0.249,0,5541500,267884,192560,1955092,8818.282,1547.906,928.345,517.961,14.941,43.827,4609,7792,1.800,1.940,1.190,2,0,554.816,0,0,25,281,6,32,0
11-10 00:15:22,18.005,8.502,69.268,2.751,0,5561608,253092,192572,1959004,9894.592,1640.430,4685.228,2276.596,442.116,50.013,4983,8275,1.800,1.940,1.190,1,0,68.018,0,0,25,281,6,29,0
11-10 00:15:23,22.759,4.502,67.777,3.251,0,5583688,211040,192572,1978964,7835.126,1694.676,8043.209,1052.420,593.237,8.003,5507,9686,1.800,1.940,1.190,1,0,4.002,0,0,25,281,6,29,0
11-10 00:15:24,18.987,2.748,76.947,0.500,0,5594132,199700,192572,1979852,17269.205,8425.246,527.640,1235.156,27.981,22.984,1870,2807,1.800,1.940,1.190,0,0,0,0,0,25,282,6,28,0
11-10 00:15:25,11.499,1.750,85.494,0.750,0,5594872,198440,192584,1980360,21694.481,9837.311,411.971,959.933,42.997,34.998,1976,2917,1.660,1.900,1.180,0,0,0,0,0,25,282,6,28,0
11-10 00:15:26,21.839,4.770,72.296,1.255,0,5618272,170492,192596,1984896,22561.253,11240.964,4189.129,1269.190,88.361,45.185,2685,3516,1.660,1.900,1.180,6,0,6.025,0,0,25,280,6,21,2
11-10 00:15:27,21.926,2.741,73.251,1.246,0,5626628,161108,192636,1985860,24332.367,12083.963,749.455,2523.430,59.797,43.851,2498,3633,1.660,1.900,1.180,1,0,0,0,0,25,280,6,21,2
11-10 00:15:28,22.814,3.008,72.454,0.752,0.251,5631420,155380,192684,1986744,27101.263,12830.104,930.619,1363.838,68.192,51.144,2459,3552,1.660,1.900,1.180,2,0,1.003,0,0,25,280,6,17,2
11-10 00:15:29,21.442,4.488,71.556,2.493,0,5635992,120580,192816,2016836,10228.261,3925.354,15003.311,1715.348,180.510,62.830,2414,3644,1.660,1.900,1.180,1,0,0.997,0,0,25,280,6,17,2
11-10 00:15:30,23.817,5.516,68.694,0.251,0,5660864,132376,192328,1982200,9631.218,1570.438,0,1452.104,0,55.156,4740,3242,1.610,1.890,1.180,1,0,0,0,0,25,280,6,17,2
11-10 00:15:31,23.669,4.236,69.014,1.993,0,5651088,135704,192944,1988200,9608.198,1761.985,0,4090.037,0,179.388,2675,4227,1.610,1.890,1.180,1,0,0,0,0,25,280,6,17,2
11-10 00:15:32,23.751,5.500,70.004,1.000,0,5651456,126728,193548,1996228,6586.349,1620.086,0,2504.133,0,95.005,3438,3579,1.610,1.890,1.180,2,0,0,0,0,25,280,6,15,2
11-10 00:15:33,25.091,3.764,70.005,0,0,5575136,217548,193592,1981524,10187.112,1800.559,501.828,1027.744,12.044,33.121,2173,3208,1.610,1.890,1.180,1,0,7.026,0,0,25,279,6,15,2
11-10 00:15:34,21.919,2.989,73.477,0,0,5608568,178216,193704,1986928,14671.554,3729.161,0,1350.986,0,31.882,2016,3123,1.610,1.890,1.180,1,0,3.985,0,0,25,279,6,15,3
11-10 00:15:35,25.247,3.250,71.241,0.250,0,5614180,171240,193780,1987896,14776.227,2979.642,31.996,427.949,2.000,9.999,2025,3073,1.560,1.870,1.180,0,0,7.999,0,0,25,282,6,15,2
11-10 00:15:36,24.595,4.517,70.522,0.251,0,5611156,167188,194012,1993988,9388.191,3478.409,0,1200.628,0,30.116,9809,19748,1.560,1.870,1.180,1,0,6.023,0,0,25,281,6,15,2
11-10 00:15:37,23.985,6.246,68.958,0,0.250,5612004,166012,194012,1994216,7612.364,1619.014,0,1702.963,0,9.994,10252,20439,1.560,1.870,1.180,1,0,17.989,0,0,25,281,6,15,2
11-10 00:15:38,21.006,6.252,71.519,0,0,5576668,214924,194016,1981756,9402.529,1566.421,0,508.137,0,13.003,1965,3093,1.560,1.870,1.180,1,0,12.003,0,0,25,281,6,15,2
11-10 00:15:39,24.755,4.251,70.265,0,0,5572512,218256,194016,1982724,8575.844,1694.364,0,4.001,0,1.000,4564,8319,1.560,1.870,1.180,3,0,54.012,0,0,25,281,6,15,2
11-10 00:15:40,24.426,4.237,69.540,0.249,0,5605752,184992,194020,1982744,6428.547,1688.889,3.988,965.080,0.997,7.976,6673,13167,1.510,1.860,1.180,1,0,6.979,0,0,25,281,6,15,2
11-10 00:15:41,21.738,3.748,74.709,0.250,0,5590644,193700,194112,1988668,18234.008,3774.931,0,1099.398,0,34.981,2112,3351,1.510,1.860,1.180,1,0,3.998,0,0,25,281,6,15,2
11-10 00:15:42,19.509,3.752,74.786,0.250,0,5613752,170100,194120,1989084,15893.549,4521.148,0,488.232,0,10.005,1921,2953,1.510,1.860,1.180,1,0,5.002,0,0,25,282,6,15,2
11-10 00:15:43,24.003,6.251,68.759,0,0,5608372,168512,194144,1995164,10562.320,1794.224,0,948.119,0,19.002,9783,19351,1.510,1.860,1.180,1,0,14.002,0,0,25,281,6,15,2
11-10 00:15:44,22.494,7.748,66.982,0,0,5603424,172852,194164,1995688,8989.573,1619.563,0,591.840,0,9.997,9659,19295,1.510,1.860,1.180,1,0,18.995,0,0,25,281,6,15,2
11-10 00:15:45,23.751,5.000,70.253,0.250,0,5570548,219616,194180,1982876,11192.459,1566.064,0,876.036,0,15.001,1959,2896,1.470,1.840,1.180,1,0,8.000,0,0,25,283,6,15,2
11-10 00:15:46,23.991,4.248,70.223,0,0,5554252,235972,194180,1982896,8630.694,1553.405,0,7.997,0,1.999,2156,3186,1.470,1.840,1.180,1,0,56.978,0,0,25,283,6,15,2
11-10 00:15:47,23.828,7.274,68.474,0.251,0,5557596,218768,194180,1996028,4665.232,1699.549,0,1472.809,0,236.773,13295,25149,1.470,1.840,1.180,1,0,45.147,0,0,25,283,6,15,2
11-10 00:15:48,23.179,2.742,73.027,0,0,5579152,194100,194196,1998672,14062.153,3626.949,3.988,1770.605,0.997,25.921,2082,3358,1.470,1.840,1.180,0,0,4.985,0,0,25,284,6,16,2
11-10 00:15:49,18.791,2.004,77.671,0.752,0,5593260,179860,194224,1998744,25253.533,13386.437,0,1531.367,0,65.143,2206,3573,1.470,1.840,1.180,0,0,1.002,0,0,25,284,6,14,2
11-10 00:15:50,11.219,1.745,85.517,0.499,0.249,5592936,179860,194260,1998996,61167.014,14538.310,0,977.332,0,35.902,1882,3014,1.350,1.810,1.170,0,0,5.984,0,0,25,285,6,14,2
11-10 00:15:51,11.540,2.258,83.787,1.003,0.251,5603736,168772,194356,1999152,126382.238,11730.211,0,2099.196,0,120.413,2475,4108,1.350,1.810,1.170,1,0,0,0,0,25,285,6,14,2
11-10 00:15:52,20.744,2.749,74.978,0.750,0,5611336,160960,194432,1999224,23304.032,10376.897,0,8281.524,0,259.922,2137,2987,1.350,1.810,1.170,1,0,0,0,0,25,285,6,14,2
11-10 00:15:53,15.958,4.239,74.552,3.241,0,5622308,147884,194504,2001312,244238.836,12547.598,985.377,1005.324,16.955,29.920,2160,3209,1.350,1.810,1.170,1,0,0,0,0,25,285,6,14,2
11-10 00:15:54,13.739,2.498,80.688,1.499,0,5623884,145420,194920,2001652,134016.343,24190.470,71.945,3017.688,9.992,143.890,2386,3772,1.350,1.810,1.170,1,0,0,0,0,25,285,6,14,2
11-10 00:15:55,18.259,2.001,77.538,0.500,0,5625688,132092,195004,2013028,1542548.679,29627.399,104.051,2597.262,6.003,46.022,2623,3514,1.410,1.820,1.180,1,0,1.000,0,0,25,285,6,14,2
11-10 00:15:56,16.307,5.519,75.765,1.505,0,5637316,143192,194560,1991600,5999425.993,44211.608,10147.486,7815.330,63.221,96.337,3867,3998,1.410,1.820,1.180,1,0,3.011,0,0,25,285,6,14,2
11-10 00:15:57,21.254,6.751,71.264,1.500,0,5644440,130580,197548,1992668,7259.379,1566.298,0,5417.029,0,136.026,3286,3847,1.410,1.820,1.180,1,0,1.000,0,0,25,285,5,14,2
11-10 00:15:58,24.502,4.500,71.005,0.500,0,5651584,137108,197300,1979656,4817.366,1512.115,0,17149.303,0,111.008,2190,3472,1.410,1.820,1.180,1,0,1.000,0,0,25,285,5,14,2
11-10 00:15:59,22.490,8.746,67.721,1.000,0.250,5638100,157580,189468,1981836,10203.674,1619.313,0,50022.790,0,263.888,2904,4242,1.410,1.820,1.180,4,0,0,0,0,25,285,5,14,2
11-10 00:16:00,23.486,6.496,67.710,0.999,0,5645796,135616,178200,2007620,14425.460,1619.042,0,140240.977,0,655.612,3851,5010,1.370,1.800,1.170,4,0,0,0,0,25,285,5,14,2
11-10 00:16:01,24.509,3.501,70.025,0.500,0,5648712,124276,171008,2023208,9927.544,1620.579,0,3245.159,0,84.030,2214,3598,1.370,1.800,1.170,2,0,0,0,0,25,285,5,14,2
11-10 00:16:02,19.195,4.238,75.036,0.997,0,5652012,157040,171624,1987092,16051.270,4213.994,187.466,2484.920,9.972,82.764,2076,3271,1.370,1.800,1.170,1,0,0,0,0,25,283,5,14,2
11-10 00:16:03,26.344,3.763,69.999,0.502,0,5581172,227640,171648,1987408,6009.339,1571.581,144.513,1762.258,6.021,220.784,2348,3443,1.370,1.800,1.170,1,0,7.025,0,0,25,283,5,14,2
11-10 00:16:04,22.265,5.254,71.049,0,0,5620100,184100,171688,1991980,15321.557,3605.484,28.019,408.281,1.001,18.012,2944,5868,1.370,1.800,1.170,1,0,5.003,0,0,25,284,5,14,2
11-10 00:16:05,25.482,5.246,68.702,0.250,0,5607780,193760,171892,1993872,10944.372,2921.963,0,15081.488,0,176.877,2380,3215,1.340,1.790,1.170,2,0,5.996,0,0,25,284,5,16,2
11-10 00:16:06,20.694,3.989,72.056,0.249,0,5598932,194988,172472,2000048,16722.034,3659.161,0,1623.634,0,39.893,5778,10692,1.340,1.790,1.170,1,0,5.984,0,0,25,283,5,16,2
11-10 00:16:07,23.472,5.493,68.667,0.499,0,5575504,217956,172576,2000404,9786.120,1564.101,0,3375.902,0,82.899,5663,10688,1.340,1.790,1.170,2,0,8.989,0,0,25,283,5,13,2
11-10 00:16:08,22.012,8.004,68.286,0,0,5600228,193088,172592,2000500,7713.065,1586.836,0,408.215,0,9.005,9136,17963,1.340,1.790,1.170,1,0,13.007,0,0,25,283,5,13,2
11-10 00:16:09,23.998,5.250,69.496,0.250,0,5551720,255028,172640,1988108,6536.588,1619.898,0,567.964,0,24.998,2001,2990,1.340,1.790,1.170,1,0,7.999,0,0,25,283,5,12,2
11-10 00:16:10,21.521,4.254,70.569,2.502,0,5584400,218264,173012,1991916,5077.931,1459.417,2082.022,12.012,308.299,3.003,2370,3456,1.310,1.780,1.170,2,0,5.005,0,0,25,283,5,12,2
11-10 00:16:11,26.237,3.748,68.965,0.500,0,5591516,209700,173204,1993076,6313.837,1619.189,891.553,3254.370,38.980,122.938,5026,10083,1.310,1.780,1.170,1,0,1.999,0,0,25,283,5,11,2
11-10 00:16:12,27.238,2.749,68.220,0.500,0,5593396,206956,173244,1993904,10322.417,1693.248,387.828,703.688,22.990,76.966,5285,9712,1.310,1.780,1.170,2,0,0,0,0,25,291,5,15,2
11-10 00:16:13,26.744,3.249,67.736,1.250,0,5595932,202980,173352,1995236,6371.656,1457.692,1187.749,3599.241,89.981,530.888,4690,7664,1.310,1.780,1.170,3,0,2.999,0,0,25,293,5,15,2
11-10 00:16:14,18.533,12.021,66.868,1.252,0,5550472,247188,173424,1996416,8875.683,1622.868,817.444,2107.724,44.078,199.352,5395,9616,1.310,1.780,1.170,2,0,312.552,0,0,25,293,5,17,2
11-10 00:16:15,14.762,12.260,69.307,4.253,0,5536636,247416,173960,2009488,9324.618,2174.777,13571.088,1192.975,962.787,52.043,4046,6500,1.210,1.750,1.170,1,0,144.118,0,0,25,294,5,16,2
11-10 00:16:16,4.735,1.994,90.717,0.498,0,5536140,247416,173964,2009980,13836.815,3451.229,362.867,817.449,33.894,39.876,1915,3345,1.210,1.750,1.170,1,0,0,0,0,25,294,5,16,2
11-10 00:16:17,3.001,1.500,94.031,0,0,5536132,247416,173972,2009980,45031.906,5299.754,0,364.121,0,18.006,1633,2633,1.210,1.750,1.170,0,0,0,0,0,25,294,5,16,2
11-10 00:16:18,8.249,3.000,86.494,1.250,0,5519868,259896,174260,2013476,76544.259,119543.034,3887.708,3143.764,62.995,150.989,2521,3856,1.210,1.750,1.170,0,0,28.998,0,0,25,293,5,17,2
11-10 00:16:19,4.001,1.000,93.517,0,0,5519800,259796,174264,2013644,5733.072,1586.297,0,124.023,0,12.002,1701,2986,1.210,1.750,1.170,0,0,1.000,0,0,25,293,5,16,2
11-10 00:16:20,4.001,1.750,93.018,0,0.250,5520048,259548,174264,2013644,10054.981,1756.346,0,0,0,0,1651,2821,1.110,1.720,1.160,1,0,9.002,0,0,25,293,5,16,2
11-10 00:16:21,7.747,2.249,87.466,0.250,0,5515956,263636,174264,2013648,8402.765,1735.332,0,243.906,0,30.988,2412,5593,1.110,1.720,1.160,0,0,24.990,0,0,25,293,5,16,2
11-10 00:16:22,6.001,0.750,92.770,0,0,5515952,263636,174264,2013652,13632.986,1694.371,0,260.057,0,28.006,1912,3086,1.110,1.720,1.160,0,0,0,0,0,25,293,5,16,2
11-10 00:16:23,4.004,1.251,94.089,0,0,5515952,263636,174264,2013652,7333.931,1621.532,0,92.087,0,12.011,1516,2654,1.110,1.720,1.160,0,0,0,0,0,25,293,5,16,2
11-10 00:16:24,4.995,1.249,92.149,0.499,0.250,5515932,263636,174268,2013668,10503.457,1618.222,0,663.271,0,57.936,1889,3280,1.110,1.720,1.160,0,0,0,0,0,25,293,5,16,2
11-10 00:16:25,2.751,1.500,93.775,0.250,0,5515924,263636,174268,2013676,10468.753,1458.384,0,112.029,0,14.004,1674,2885,1.020,1.690,1.150,1,0,0,0,0,25,293,5,16,2
11-10 00:16:26,7.002,2.751,88.776,0,0.500,5521176,257864,174268,2014196,5991.750,1694.495,0,168.049,0,16.005,1853,3089,1.020,1.690,1.150,1,0,6.002,0,0,25,293,5,16,2
11-10 00:16:27,5.993,2.247,90.393,0.250,0,5518292,257136,174268,2017804,8946.407,1618.084,3539.809,63.924,31.962,3.995,2060,3249,1.020,1.690,1.150,1,0,0,0,0,25,293,5,16,1
11-10 00:16:28,7.251,2.500,89.011,0,0,5537984,237984,174268,2017264,10292.235,1458.175,0,76.009,0,11.001,1962,3142,1.020,1.690,1.150,2,0,1.000,0,0,25,293,5,16,1
11-10 00:16:29,3.505,1.502,93.125,0.250,0,5522344,253656,174276,2017224,5560.484,1622.183,0,96.129,0,9.012,1647,3009,1.020,1.690,1.150,0,0,0,0,0,25,293,5,16,1
11-10 00:16:30,3.248,4.498,90.700,0,0,5524020,251960,174280,2017352,11425.727,1693.071,0,23954.849,0,95.947,1839,2772,0.940,1.660,1.150,0,0,0,0,0,25,293,5,16,1
11-10 00:16:31,3.499,1.000,93.234,0.250,0,5524236,251784,174280,2017356,9944.339,1457.757,0,591.901,0,22.996,1810,3075,0.940,1.660,1.150,0,0,0,0,0,25,293,5,16,1
11-10 00:16:32,3.750,1.500,94.506,0,0,5524236,251784,174280,2017356,9591.585,1620.099,0,32.002,0,4.000,1535,2636,0.940,1.660,1.150,1,0,0,0,0,25,293,5,16,1
11-10 00:16:33,4.000,1.000,93.245,0,0,5524488,251532,174292,2017344,9880.516,1619.921,0,339.983,0,27.999,1756,3028,0.940,1.660,1.150,1,0,1.000,0,0,25,293,5,16,1
11-10 00:16:34,3.999,1.749,91.969,1.000,0,5524436,251532,174312,2017376,5270.250,1531.492,15.995,2231.259,1.000,347.885,2237,3576,0.940,1.660,1.150,0,0,1.000,0,0,25,293,5,16,1
11-10 00:16:35,3.752,2.502,91.055,0.250,0,5523356,252532,174312,2017396,8986.437,1620.981,0,55549.608,0,327.198,2120,3144,0.860,1.630,1.140,0,0,0,0,0,25,293,5,16,1
11-10 00:16:36,2.749,0.750,94.468,0.250,0,5523460,252672,174316,2017396,8126.278,1693.433,0,1071.641,0,18.994,1547,2636,0.860,1.630,1.140,0,0,0,0,0,25,293,5,16,1
11-10 00:16:37,3.000,0.500,94.246,0,0,5523460,252672,174316,2017396,4498.802,1457.936,0,31.999,0,4.000,1392,2397,0.860,1.630,1.140,0,0,0,0,0,25,293,5,16,1
11-10 00:16:38,3.001,1.000,94.771,0,0,5523708,252424,174316,2017396,7981.756,1620.356,0,0,0,0,1449,2565,0.860,1.630,1.140,0,0,1.000,0,0,25,293,5,16,1
11-10 00:16:39,3.000,1.000,94.253,0,0,5523708,252424,174316,2017396,8346.292,1620.057,0,0,0,0,1528,2551,0.860,1.630,1.140,0,0,0,0,0,25,293,5,16,1
11-10 00:16:40,3.999,1.000,94.221,0,0,5523708,252424,174316,2017396,9289.120,1619.498,0,3.999,0,1.000,1478,2497,0.800,1.610,1.130,0,0,0,0,0,25,293,5,16,1
11-10 00:16:41,3.750,2.000,90.995,1.000,0,5524092,251976,174368,2017396,7317.627,1619.917,0,5611.714,0,227.988,2382,4124,0.800,1.610,1.130,0,0,0,0,0,25,293,5,16,1
11-10 00:16:42,3.252,0.750,93.557,0,0,5524092,251976,174368,2017396,5504.380,1620.995,4.002,256.157,1.001,17.010,1544,2812,0.800,1.610,1.130,0,0,0,0,0,25,293,5,16,1
11-10 00:16:43,3.998,1.249,93.953,0.500,0,5524088,251976,174368,2017400,9040.525,1607.204,0,1379.317,0,72.964,1667,2902,0.800,1.610,1.130,0,0,0,0,0,25,293,5,16,1
11-10 00:16:44,3.750,0.750,92.749,0,0,5524080,251976,174368,2017408,7293.934,1511.986,0,575.995,0,35.000,1798,3116,0.800,1.610,1.130,0,0,0,0,0,25,293,5,16,1
11-10 00:16:45,2.755,1.252,94.673,0,0,5524080,251976,174368,2017408,10247.712,1622.964,0,36.066,0,4.007,1526,2634,0.730,1.580,1.130,0,0,0,0,0,25,293,5,16,1
11-10 00:16:46,3.743,0.499,94.828,0,0,5524080,251976,174368,2017408,6477.263,1690.936,0,195.645,0,5.989,1494,2624,0.730,1.580,1.130,1,0,0,0,0,25,293,5,16,1
11-10 00:16:47,3.750,0.750,94.241,0,0,5524080,251976,174368,2017408,9521.124,1693.844,0,31.997,0,1.000,1469,2560,0.730,1.580,1.130,0,0,0,0,0,25,293,5,16,1
11-10 00:16:48,3.750,1.250,93.500,0.250,0,5524080,251976,174368,2017408,8089.016,1296.003,0,316.001,0,24.000,1704,3041,0.730,1.580,1.130,0,0,2.000,0,0,25,293,5,16,1
11-10 00:16:49,6.500,1.500,90.252,0,0,5529880,245932,174376,2017644,107788.264,1860.039,356.007,92.002,8.000,12.000,1813,3301,0.730,1.580,1.130,0,0,5.000,0,0,25,293,5,16,1
11-10 00:16:50,14.255,5.502,79.027,0.250,0.250,5544196,231056,174380,2018200,358413.144,13193.459,316.107,112.038,14.005,3.001,2323,3294,0.670,1.550,1.120,1,0,40.014,0,0,25,293,5,16,1
